<?xml version="1.0" encoding="UTF-8"?>
<testsuites name="Empaques" time="231.749" tests="6" failures="1" errors="0">
   <testsuite name="Empaques" tests="6" failures="1" errors="0" time="231.749" skipped="0" timestamp="27-11-2024T23:39:01" hostname="OLVATI - DESKTOP-RGFFP9A" id="Test Suites/Empaques">
      <properties>
         <property name="deviceName" value=""/>
         <property name="devicePlatform"/>
         <property name="logFolder" value="C:\\Users\\OLVATI\\Katalon Studio\\RegistroEnvio_Totem\\Reports\\20241127_233849\\Empaques\\20241127_233849"/>
         <property name="logFiles" value="C:\\Users\\OLVATI\\Katalon Studio\\RegistroEnvio_Totem\\Reports\\20241127_233849\\Empaques\\20241127_233849\\execution0.log"/>
         <property name="attachments" value=""/>
         <property name="hostName" value="OLVATI - DESKTOP-RGFFP9A"/>
         <property name="os" value="Windows 11 64bit"/>
         <property name="katalonVersion" value="9.7.2.223"/>
         <property name="browser" value="Firefox 133.0"/>
         <property name="hostAddress" value="10.136.10.6"/>
         <property name="sessionId" value="026f95bb-8b2c-4ba3-bbe0-f2efb3e303a2"/>
         <property name="seleniumVersion" value="3.141.59"/>
         <property name="proxyInformation" value="ProxyInformation { proxyOption=NO_PROXY, proxyServerType=HTTP, username=, password=********, proxyServerAddress=, proxyServerPort=0, executionList=&quot;&quot;, isApplyToDesiredCapabilities=true }"/>
         <property name="platform" value="Windows 11"/>
      </properties>
      <testcase name="Test Cases/5.Empaques/4.Positivas/Comprar Empaques - Agregar" time="50.652" classname="Test Cases/5.Empaques/4.Positivas/Comprar Empaques - Agregar" status="PASSED">
         <system-out><![CDATA[27-11-2024T23:39:02 - [TEST_CASE][PASSED] - Test Cases/5.Empaques/4.Positivas/Comprar Empaques - Agregar: Test Cases/5.Empaques/4.Positivas/Comprar Empaques - Agregar

27-11-2024T23:39:02 - [TEST_STEP][PASSED] - callTestCase(findTestCase("5.Empaques/1.Inicio-Empaques/Inicio-cajas"), [:], STOP_ON_FAILURE): Call Test Case 'Test Cases/5.Empaques/1.Inicio-Empaques/Inicio-cajas' successfully

27-11-2024T23:39:02 - [TEST_CASE][PASSED] - Test Cases/5.Empaques/1.Inicio-Empaques/Inicio-cajas: Test Cases/5.Empaques/1.Inicio-Empaques/Inicio-cajas

27-11-2024T23:39:03 - [TEST_STEP][PASSED] - openBrowser(""): Browser is opened with url: ''

27-11-2024T23:39:03 - [MESSAGE][INFO] - Starting 'Firefox' driver

27-11-2024T23:39:03 - [MESSAGE][INFO] - Action delay is set to 0 milliseconds

27-11-2024T23:39:14 - [MESSAGE][PASSED] - Browser is opened with url: ''

27-11-2024T23:39:14 - [TEST_STEP][PASSED] - navigateToUrl("https://dev01-registrodeenvios.olvacourier.com/principal"): Navigate to 'https://dev01-registrodeenvios.olvacourier.com/principal' successfully

27-11-2024T23:39:16 - [MESSAGE][PASSED] - Navigate to 'https://dev01-registrodeenvios.olvacourier.com/principal' successfully

27-11-2024T23:39:16 - [TEST_STEP][PASSED] - maximizeWindow(STOP_ON_FAILURE): Current window maximized

27-11-2024T23:39:16 - [MESSAGE][PASSED] - Current window maximized

27-11-2024T23:39:16 - [MESSAGE][PASSED] - Call Test Case 'Test Cases/5.Empaques/1.Inicio-Empaques/Inicio-cajas' successfully

27-11-2024T23:39:16 - [TEST_STEP][PASSED] - click(findTestObject("Object Repository/Comprar Empaques/Page_Olva Courier  Confirma tus datos/img_Envo de documentoscon un peso mximo de__8aba39")): Object: 'Object Repository/Comprar Empaques/Page_Olva Courier  Confirma tus datos/img_Envo de documentoscon un peso mximo de__8aba39' is clicked on

27-11-2024T23:39:17 - [MESSAGE][PASSED] - Object: 'Object Repository/Comprar Empaques/Page_Olva Courier  Confirma tus datos/img_Envo de documentoscon un peso mximo de__8aba39' is clicked on

27-11-2024T23:39:17 - [TEST_STEP][PASSED] - click(findTestObject("Object Repository/Comprar Empaques/Page_Olva Courier  Confirma tus datos/span_He ledo y acepto los_checkmark")): Object: 'Object Repository/Comprar Empaques/Page_Olva Courier  Confirma tus datos/span_He ledo y acepto los_checkmark' is clicked on

27-11-2024T23:39:17 - [MESSAGE][PASSED] - Object: 'Object Repository/Comprar Empaques/Page_Olva Courier  Confirma tus datos/span_He ledo y acepto los_checkmark' is clicked on

27-11-2024T23:39:17 - [TEST_STEP][PASSED] - scrollToElement(findTestObject("Object Repository/Comprar Empaques/Page_Olva Courier  Confirma tus datos/button_CONTINUAR"), 0): Scroll to object 'Object Repository/Comprar Empaques/Page_Olva Courier  Confirma tus datos/button_CONTINUAR' successfully

27-11-2024T23:39:17 - [MESSAGE][WARNING] - Timeout '0' is invalid. Using default page load timeout: '30'

27-11-2024T23:39:18 - [MESSAGE][PASSED] - Scroll to object 'Object Repository/Comprar Empaques/Page_Olva Courier  Confirma tus datos/button_CONTINUAR' successfully

27-11-2024T23:39:18 - [TEST_STEP][PASSED] - click(findTestObject("Object Repository/Comprar Empaques/Page_Olva Courier  Confirma tus datos/button_CONTINUAR")): Object: 'Object Repository/Comprar Empaques/Page_Olva Courier  Confirma tus datos/button_CONTINUAR' is clicked on

27-11-2024T23:39:19 - [MESSAGE][PASSED] - Object: 'Object Repository/Comprar Empaques/Page_Olva Courier  Confirma tus datos/button_CONTINUAR' is clicked on

27-11-2024T23:39:19 - [TEST_STEP][PASSED] - click(findTestObject("Object Repository/Comprar Empaques/Page_Olva Courier  Datos Personales/span_Tipo De Documento")): Object: 'Object Repository/Comprar Empaques/Page_Olva Courier  Datos Personales/span_Tipo De Documento' is clicked on

27-11-2024T23:39:20 - [MESSAGE][PASSED] - Object: 'Object Repository/Comprar Empaques/Page_Olva Courier  Datos Personales/span_Tipo De Documento' is clicked on

27-11-2024T23:39:20 - [TEST_STEP][PASSED] - click(findTestObject("Object Repository/Comprar Empaques/Page_Olva Courier  Datos Personales/a_RUC")): Object: 'Object Repository/Comprar Empaques/Page_Olva Courier  Datos Personales/a_RUC' is clicked on

27-11-2024T23:39:20 - [MESSAGE][PASSED] - Object: 'Object Repository/Comprar Empaques/Page_Olva Courier  Datos Personales/a_RUC' is clicked on

27-11-2024T23:39:20 - [TEST_STEP][PASSED] - setText(findTestObject("Object Repository/Comprar Empaques/Page_Olva Courier  Datos Personales/input_CARN EXT_txt_documento_cliente"), "10066810581"): Text '10066810581' is set on object 'Object Repository/Comprar Empaques/Page_Olva Courier  Datos Personales/input_CARN EXT_txt_documento_cliente'

27-11-2024T23:39:21 - [MESSAGE][PASSED] - Text '10066810581' is set on object 'Object Repository/Comprar Empaques/Page_Olva Courier  Datos Personales/input_CARN EXT_txt_documento_cliente'

27-11-2024T23:39:21 - [TEST_STEP][PASSED] - setText(findTestObject("Object Repository/Comprar Empaques/Page_Olva Courier  Datos Personales/input_CARN EXT_txt_telefono_cliente"), "900000001"): Text '900000001' is set on object 'Object Repository/Comprar Empaques/Page_Olva Courier  Datos Personales/input_CARN EXT_txt_telefono_cliente'

27-11-2024T23:39:23 - [MESSAGE][PASSED] - Text '900000001' is set on object 'Object Repository/Comprar Empaques/Page_Olva Courier  Datos Personales/input_CARN EXT_txt_telefono_cliente'

27-11-2024T23:39:23 - [TEST_STEP][PASSED] - click(findTestObject("Object Repository/Comprar Empaques/Page_Olva Courier  Datos Personales/div_Hola,")): Object: 'Object Repository/Comprar Empaques/Page_Olva Courier  Datos Personales/div_Hola,' is clicked on

27-11-2024T23:39:23 - [MESSAGE][PASSED] - Object: 'Object Repository/Comprar Empaques/Page_Olva Courier  Datos Personales/div_Hola,' is clicked on

27-11-2024T23:39:23 - [TEST_STEP][PASSED] - scrollToElement(findTestObject("Object Repository/Comprar Empaques/Page_Olva Courier  Datos Personales/button_CONTINUAR"), 0): Scroll to object 'Object Repository/Comprar Empaques/Page_Olva Courier  Datos Personales/button_CONTINUAR' successfully

27-11-2024T23:39:23 - [MESSAGE][WARNING] - Timeout '0' is invalid. Using default page load timeout: '30'

27-11-2024T23:39:23 - [MESSAGE][PASSED] - Scroll to object 'Object Repository/Comprar Empaques/Page_Olva Courier  Datos Personales/button_CONTINUAR' successfully

27-11-2024T23:39:23 - [TEST_STEP][PASSED] - click(findTestObject("Object Repository/Comprar Empaques/Page_Olva Courier  Datos Personales/button_CONTINUAR")): Object: 'Object Repository/Comprar Empaques/Page_Olva Courier  Datos Personales/button_CONTINUAR' is clicked on

27-11-2024T23:39:25 - [MESSAGE][PASSED] - Object: 'Object Repository/Comprar Empaques/Page_Olva Courier  Datos Personales/button_CONTINUAR' is clicked on

27-11-2024T23:39:25 - [TEST_STEP][PASSED] - scrollToPosition(0, 400): Browser is scrolled to position x = 0, y = 400

27-11-2024T23:39:25 - [MESSAGE][PASSED] - Browser is scrolled to position x = 0, y = 400

27-11-2024T23:39:25 - [TEST_STEP][PASSED] - click(findTestObject("Object Repository/EMPAQUE 1")): Object: 'Object Repository/EMPAQUE 1' is clicked on

27-11-2024T23:39:25 - [MESSAGE][PASSED] - Object: 'Object Repository/EMPAQUE 1' is clicked on

27-11-2024T23:39:25 - [TEST_STEP][PASSED] - click(findTestObject("Object Repository/EMPAQUE 2")): Object: 'Object Repository/EMPAQUE 2' is clicked on

27-11-2024T23:39:26 - [MESSAGE][PASSED] - Object: 'Object Repository/EMPAQUE 2' is clicked on

27-11-2024T23:39:26 - [TEST_STEP][PASSED] - click(findTestObject("Object Repository/EMPAQUE 3")): Object: 'Object Repository/EMPAQUE 3' is clicked on

27-11-2024T23:39:26 - [MESSAGE][PASSED] - Object: 'Object Repository/EMPAQUE 3' is clicked on

27-11-2024T23:39:26 - [TEST_STEP][PASSED] - scrollToElement(findTestObject("Object Repository/EMPAQUE 4"), 0): Scroll to object 'Object Repository/EMPAQUE 4' successfully

27-11-2024T23:39:26 - [MESSAGE][WARNING] - Timeout '0' is invalid. Using default page load timeout: '30'

27-11-2024T23:39:27 - [MESSAGE][PASSED] - Scroll to object 'Object Repository/EMPAQUE 4' successfully

27-11-2024T23:39:27 - [TEST_STEP][PASSED] - click(findTestObject("Object Repository/EMPAQUE 4")): Object: 'Object Repository/EMPAQUE 4' is clicked on

27-11-2024T23:39:27 - [MESSAGE][PASSED] - Object: 'Object Repository/EMPAQUE 4' is clicked on

27-11-2024T23:39:27 - [TEST_STEP][PASSED] - click(findTestObject("Object Repository/EMPAQUE 5")): Object: 'Object Repository/EMPAQUE 5' is clicked on

27-11-2024T23:39:27 - [MESSAGE][PASSED] - Object: 'Object Repository/EMPAQUE 5' is clicked on

27-11-2024T23:39:27 - [TEST_STEP][PASSED] - scrollToElement(findTestObject("Comprar Empaques/Page_Olva Courier  Datos Personales/button_CONTINUAR_empaque"), 0): Scroll to object 'Object Repository/Comprar Empaques/Page_Olva Courier  Datos Personales/button_CONTINUAR_empaque' successfully

27-11-2024T23:39:28 - [MESSAGE][WARNING] - Timeout '0' is invalid. Using default page load timeout: '30'

27-11-2024T23:39:28 - [MESSAGE][PASSED] - Scroll to object 'Object Repository/Comprar Empaques/Page_Olva Courier  Datos Personales/button_CONTINUAR_empaque' successfully

27-11-2024T23:39:28 - [TEST_STEP][PASSED] - click(findTestObject("Comprar Empaques/Page_Olva Courier  Datos Personales/button_CONTINUAR_empaque")): Object: 'Object Repository/Comprar Empaques/Page_Olva Courier  Datos Personales/button_CONTINUAR_empaque' is clicked on

27-11-2024T23:39:29 - [MESSAGE][PASSED] - Object: 'Object Repository/Comprar Empaques/Page_Olva Courier  Datos Personales/button_CONTINUAR_empaque' is clicked on

27-11-2024T23:39:29 - [TEST_STEP][PASSED] - click(findTestObject("Comprar Empaques/Page_Olva Courier  Datos Personales/a_AGREGAR EMPAQUES")): Object: 'Object Repository/Comprar Empaques/Page_Olva Courier  Datos Personales/a_AGREGAR EMPAQUES' is clicked on

27-11-2024T23:39:29 - [MESSAGE][PASSED] - Object: 'Object Repository/Comprar Empaques/Page_Olva Courier  Datos Personales/a_AGREGAR EMPAQUES' is clicked on

27-11-2024T23:39:29 - [TEST_STEP][PASSED] - scrollToElement(findTestObject("Object Repository/EMPAQUE 4"), 0): Scroll to object 'Object Repository/EMPAQUE 4' successfully

27-11-2024T23:39:29 - [MESSAGE][WARNING] - Timeout '0' is invalid. Using default page load timeout: '30'

27-11-2024T23:39:30 - [MESSAGE][PASSED] - Scroll to object 'Object Repository/EMPAQUE 4' successfully

27-11-2024T23:39:30 - [TEST_STEP][PASSED] - click(findTestObject("Object Repository/EMPAQUE 4")): Object: 'Object Repository/EMPAQUE 4' is clicked on

27-11-2024T23:39:30 - [MESSAGE][PASSED] - Object: 'Object Repository/EMPAQUE 4' is clicked on

27-11-2024T23:39:30 - [TEST_STEP][PASSED] - click(findTestObject("Object Repository/EMPAQUE 5")): Object: 'Object Repository/EMPAQUE 5' is clicked on

27-11-2024T23:39:31 - [MESSAGE][PASSED] - Object: 'Object Repository/EMPAQUE 5' is clicked on

27-11-2024T23:39:31 - [TEST_STEP][PASSED] - click(findTestObject("Object Repository/EMPAQUE 6")): Object: 'Object Repository/EMPAQUE 6' is clicked on

27-11-2024T23:39:31 - [MESSAGE][PASSED] - Object: 'Object Repository/EMPAQUE 6' is clicked on

27-11-2024T23:39:31 - [TEST_STEP][PASSED] - click(findTestObject("Object Repository/EMPAQUE 6")): Object: 'Object Repository/EMPAQUE 6' is clicked on

27-11-2024T23:39:32 - [MESSAGE][PASSED] - Object: 'Object Repository/EMPAQUE 6' is clicked on

27-11-2024T23:39:32 - [TEST_STEP][PASSED] - scrollToElement(findTestObject("Object Repository/Comprar Empaques/Page_Olva Courier  Datos Personales/button_CONTINUAR_empaque"), 0): Scroll to object 'Object Repository/Comprar Empaques/Page_Olva Courier  Datos Personales/button_CONTINUAR_empaque' successfully

27-11-2024T23:39:32 - [MESSAGE][WARNING] - Timeout '0' is invalid. Using default page load timeout: '30'

27-11-2024T23:39:32 - [MESSAGE][PASSED] - Scroll to object 'Object Repository/Comprar Empaques/Page_Olva Courier  Datos Personales/button_CONTINUAR_empaque' successfully

27-11-2024T23:39:32 - [TEST_STEP][PASSED] - click(findTestObject("Object Repository/Comprar Empaques/Page_Olva Courier  Datos Personales/button_CONTINUAR_empaque")): Object: 'Object Repository/Comprar Empaques/Page_Olva Courier  Datos Personales/button_CONTINUAR_empaque' is clicked on

27-11-2024T23:39:33 - [MESSAGE][PASSED] - Object: 'Object Repository/Comprar Empaques/Page_Olva Courier  Datos Personales/button_CONTINUAR_empaque' is clicked on

27-11-2024T23:39:33 - [TEST_STEP][PASSED] - click(findTestObject("Comprar Empaques/Page_Olva Courier  Datos Personales/a_AGREGAR EMPAQUES")): Object: 'Object Repository/Comprar Empaques/Page_Olva Courier  Datos Personales/a_AGREGAR EMPAQUES' is clicked on

27-11-2024T23:39:34 - [MESSAGE][PASSED] - Object: 'Object Repository/Comprar Empaques/Page_Olva Courier  Datos Personales/a_AGREGAR EMPAQUES' is clicked on

27-11-2024T23:39:34 - [TEST_STEP][PASSED] - scrollToElement(findTestObject("Object Repository/EMPAQUE 1"), 0): Scroll to object 'Object Repository/EMPAQUE 1' successfully

27-11-2024T23:39:34 - [MESSAGE][WARNING] - Timeout '0' is invalid. Using default page load timeout: '30'

27-11-2024T23:39:34 - [MESSAGE][PASSED] - Scroll to object 'Object Repository/EMPAQUE 1' successfully

27-11-2024T23:39:34 - [TEST_STEP][PASSED] - click(findTestObject("Object Repository/EMPAQUE 1")): Object: 'Object Repository/EMPAQUE 1' is clicked on

27-11-2024T23:39:35 - [MESSAGE][PASSED] - Object: 'Object Repository/EMPAQUE 1' is clicked on

27-11-2024T23:39:35 - [TEST_STEP][PASSED] - scrollToElement(findTestObject("Object Repository/Comprar Empaques/Page_Olva Courier  Datos Personales/button_CONTINUAR_empaque"), 0): Scroll to object 'Object Repository/Comprar Empaques/Page_Olva Courier  Datos Personales/button_CONTINUAR_empaque' successfully

27-11-2024T23:39:35 - [MESSAGE][WARNING] - Timeout '0' is invalid. Using default page load timeout: '30'

27-11-2024T23:39:35 - [MESSAGE][PASSED] - Scroll to object 'Object Repository/Comprar Empaques/Page_Olva Courier  Datos Personales/button_CONTINUAR_empaque' successfully

27-11-2024T23:39:35 - [TEST_STEP][PASSED] - click(findTestObject("Object Repository/Comprar Empaques/Page_Olva Courier  Datos Personales/button_CONTINUAR_empaque")): Object: 'Object Repository/Comprar Empaques/Page_Olva Courier  Datos Personales/button_CONTINUAR_empaque' is clicked on

27-11-2024T23:39:36 - [MESSAGE][PASSED] - Object: 'Object Repository/Comprar Empaques/Page_Olva Courier  Datos Personales/button_CONTINUAR_empaque' is clicked on

27-11-2024T23:39:36 - [TEST_STEP][PASSED] - scrollToElement(findTestObject("Object Repository/Comprar Empaques/Page_Olva Courier  Datos Personales/button_CONTINUAR_1_2"), 0): Scroll to object 'Object Repository/Comprar Empaques/Page_Olva Courier  Datos Personales/button_CONTINUAR_1_2' successfully

27-11-2024T23:39:36 - [MESSAGE][WARNING] - Timeout '0' is invalid. Using default page load timeout: '30'

27-11-2024T23:39:36 - [MESSAGE][PASSED] - Scroll to object 'Object Repository/Comprar Empaques/Page_Olva Courier  Datos Personales/button_CONTINUAR_1_2' successfully

27-11-2024T23:39:36 - [TEST_STEP][PASSED] - click(findTestObject("Object Repository/Comprar Empaques/Page_Olva Courier  Datos Personales/button_CONTINUAR_1_2")): Object: 'Object Repository/Comprar Empaques/Page_Olva Courier  Datos Personales/button_CONTINUAR_1_2' is clicked on

27-11-2024T23:39:38 - [MESSAGE][PASSED] - Object: 'Object Repository/Comprar Empaques/Page_Olva Courier  Datos Personales/button_CONTINUAR_1_2' is clicked on

27-11-2024T23:39:38 - [TEST_STEP][PASSED] - delay(3): Delayed 3 second(s)

27-11-2024T23:39:41 - [MESSAGE][PASSED] - Delayed 3 second(s)

27-11-2024T23:39:41 - [TEST_STEP][PASSED] - rightClick(findTestObject("Object Repository/Comprar Empaques/Page_Olva Courier  Datos Personales/button_LIMA - LIMA - MIRAFLORES")): Object: 'Object Repository/Comprar Empaques/Page_Olva Courier  Datos Personales/button_LIMA - LIMA - MIRAFLORES' is right clicked on

27-11-2024T23:39:42 - [MESSAGE][PASSED] - Object: 'Object Repository/Comprar Empaques/Page_Olva Courier  Datos Personales/button_LIMA - LIMA - MIRAFLORES' is right clicked on

27-11-2024T23:39:42 - [TEST_STEP][PASSED] - click(findTestObject("Object Repository/Comprar Empaques/Page_Olva Courier  Datos Personales/button_LIMA - LIMA - MIRAFLORES")): Object: 'Object Repository/Comprar Empaques/Page_Olva Courier  Datos Personales/button_LIMA - LIMA - MIRAFLORES' is clicked on

27-11-2024T23:39:42 - [MESSAGE][PASSED] - Object: 'Object Repository/Comprar Empaques/Page_Olva Courier  Datos Personales/button_LIMA - LIMA - MIRAFLORES' is clicked on

27-11-2024T23:39:42 - [TEST_STEP][PASSED] - click(findTestObject("Object Repository/Comprar Empaques/Page_Olva Courier  Datos Personales/a_CALLAO - CALLAO - CALLAO")): Object: 'Object Repository/Comprar Empaques/Page_Olva Courier  Datos Personales/a_CALLAO - CALLAO - CALLAO' is clicked on

27-11-2024T23:39:43 - [MESSAGE][PASSED] - Object: 'Object Repository/Comprar Empaques/Page_Olva Courier  Datos Personales/a_CALLAO - CALLAO - CALLAO' is clicked on

27-11-2024T23:39:43 - [TEST_STEP][PASSED] - click(findTestObject("Object Repository/Comprar Empaques/Page_Olva Courier  Datos Personales/button_Tienda")): Object: 'Object Repository/Comprar Empaques/Page_Olva Courier  Datos Personales/button_Tienda' is clicked on

27-11-2024T23:39:44 - [MESSAGE][PASSED] - Object: 'Object Repository/Comprar Empaques/Page_Olva Courier  Datos Personales/button_Tienda' is clicked on

27-11-2024T23:39:44 - [TEST_STEP][PASSED] - click(findTestObject("Object Repository/Comprar Empaques/Page_Olva Courier  Datos Personales/a_OLVA ALMACEN - AV. ARGENTINA 4458 - CALLA_89a3f6")): Object: 'Object Repository/Comprar Empaques/Page_Olva Courier  Datos Personales/a_OLVA ALMACEN - AV. ARGENTINA 4458 - CALLA_89a3f6' is clicked on

27-11-2024T23:39:44 - [MESSAGE][PASSED] - Object: 'Object Repository/Comprar Empaques/Page_Olva Courier  Datos Personales/a_OLVA ALMACEN - AV. ARGENTINA 4458 - CALLA_89a3f6' is clicked on

27-11-2024T23:39:44 - [TEST_STEP][PASSED] - click(findTestObject("Object Repository/Comprar Empaques/Page_Olva Courier  Datos Personales/button_CONTINUAR (2)")): Object: 'Object Repository/Comprar Empaques/Page_Olva Courier  Datos Personales/button_CONTINUAR (2)' is clicked on

27-11-2024T23:39:45 - [MESSAGE][PASSED] - Object: 'Object Repository/Comprar Empaques/Page_Olva Courier  Datos Personales/button_CONTINUAR (2)' is clicked on

27-11-2024T23:39:45 - [TEST_STEP][PASSED] - setText(findTestObject("Object Repository/Comprar Empaques/Page_Olva Courier  Datos Personales/input_Para el recojo de tu compra se necesi_22ff2d"), "1"): Text '1' is set on object 'Object Repository/Comprar Empaques/Page_Olva Courier  Datos Personales/input_Para el recojo de tu compra se necesi_22ff2d'

27-11-2024T23:39:45 - [MESSAGE][PASSED] - Text '1' is set on object 'Object Repository/Comprar Empaques/Page_Olva Courier  Datos Personales/input_Para el recojo de tu compra se necesi_22ff2d'

27-11-2024T23:39:45 - [TEST_STEP][PASSED] - setText(findTestObject("Object Repository/Comprar Empaques/Page_Olva Courier  Datos Personales/input_Para el recojo de tu compra se necesi_39579b"), "1"): Text '1' is set on object 'Object Repository/Comprar Empaques/Page_Olva Courier  Datos Personales/input_Para el recojo de tu compra se necesi_39579b'

27-11-2024T23:39:46 - [MESSAGE][PASSED] - Text '1' is set on object 'Object Repository/Comprar Empaques/Page_Olva Courier  Datos Personales/input_Para el recojo de tu compra se necesi_39579b'

27-11-2024T23:39:46 - [TEST_STEP][PASSED] - setText(findTestObject("Object Repository/Comprar Empaques/Page_Olva Courier  Datos Personales/input_Para el recojo de tu compra se necesi_9b4583"), "1"): Text '1' is set on object 'Object Repository/Comprar Empaques/Page_Olva Courier  Datos Personales/input_Para el recojo de tu compra se necesi_9b4583'

27-11-2024T23:39:47 - [MESSAGE][PASSED] - Text '1' is set on object 'Object Repository/Comprar Empaques/Page_Olva Courier  Datos Personales/input_Para el recojo de tu compra se necesi_9b4583'

27-11-2024T23:39:47 - [TEST_STEP][PASSED] - setText(findTestObject("Object Repository/Comprar Empaques/Page_Olva Courier  Datos Personales/input_Para el recojo de tu compra se necesi_cbc9dd"), "1"): Text '1' is set on object 'Object Repository/Comprar Empaques/Page_Olva Courier  Datos Personales/input_Para el recojo de tu compra se necesi_cbc9dd'

27-11-2024T23:39:48 - [MESSAGE][PASSED] - Text '1' is set on object 'Object Repository/Comprar Empaques/Page_Olva Courier  Datos Personales/input_Para el recojo de tu compra se necesi_cbc9dd'

27-11-2024T23:39:48 - [TEST_STEP][PASSED] - click(findTestObject("Object Repository/Comprar Empaques/Page_Olva Courier  Datos Personales/div_Aceptar")): Object: 'Object Repository/Comprar Empaques/Page_Olva Courier  Datos Personales/div_Aceptar' is clicked on

27-11-2024T23:39:49 - [MESSAGE][PASSED] - Object: 'Object Repository/Comprar Empaques/Page_Olva Courier  Datos Personales/div_Aceptar' is clicked on

27-11-2024T23:39:49 - [TEST_STEP][PASSED] - scrollToElement(findTestObject("Object Repository/Comprar Empaques/Page_Olva Courier  Datos Personales/button_PAGAR"), 0): Scroll to object 'Object Repository/Comprar Empaques/Page_Olva Courier  Datos Personales/button_PAGAR' successfully

27-11-2024T23:39:49 - [MESSAGE][WARNING] - Timeout '0' is invalid. Using default page load timeout: '30'

27-11-2024T23:39:51 - [MESSAGE][PASSED] - Scroll to object 'Object Repository/Comprar Empaques/Page_Olva Courier  Datos Personales/button_PAGAR' successfully

27-11-2024T23:39:51 - [TEST_STEP][PASSED] - verifyElementPresent(findTestObject("Object Repository/Comprar Empaques/Page_Olva Courier  Datos Personales/button_PAGAR"), 0): Object 'Object Repository/Comprar Empaques/Page_Olva Courier  Datos Personales/button_PAGAR' is present

27-11-2024T23:39:51 - [MESSAGE][WARNING] - Timeout '0' is invalid. Using default page load timeout: '30'

27-11-2024T23:39:51 - [MESSAGE][PASSED] - Object 'Object Repository/Comprar Empaques/Page_Olva Courier  Datos Personales/button_PAGAR' is present

27-11-2024T23:39:51 - [TEST_STEP][PASSED] - callTestCase(findTestCase("5.Empaques/3.Pago-Empaques/Pago-exitoso"), [:], STOP_ON_FAILURE): Call Test Case 'Test Cases/5.Empaques/3.Pago-Empaques/Pago-exitoso' successfully

27-11-2024T23:39:51 - [TEST_CASE][PASSED] - Test Cases/5.Empaques/3.Pago-Empaques/Pago-exitoso: Test Cases/5.Empaques/3.Pago-Empaques/Pago-exitoso

27-11-2024T23:39:51 - [TEST_STEP][PASSED] - verifyElementPresent(findTestObject("Object Repository/pago/Page_Olva Courier  Medios de pago/div_Pago con tarjeta de crdito, dbito y Yape"), 0): Object 'Object Repository/pago/Page_Olva Courier  Medios de pago/div_Pago con tarjeta de crdito, dbito y Yape' is present

27-11-2024T23:39:51 - [MESSAGE][WARNING] - Timeout '0' is invalid. Using default page load timeout: '30'

27-11-2024T23:39:52 - [MESSAGE][PASSED] - Object 'Object Repository/pago/Page_Olva Courier  Medios de pago/div_Pago con tarjeta de crdito, dbito y Yape' is present

27-11-2024T23:39:52 - [TEST_STEP][PASSED] - verifyElementPresent(findTestObject("Object Repository/pago/Page_Olva Courier  Medios de pago/td_S"), 0): Object 'Object Repository/pago/Page_Olva Courier  Medios de pago/td_S' is present

27-11-2024T23:39:52 - [MESSAGE][WARNING] - Timeout '0' is invalid. Using default page load timeout: '30'

27-11-2024T23:39:52 - [MESSAGE][PASSED] - Object 'Object Repository/pago/Page_Olva Courier  Medios de pago/td_S' is present

27-11-2024T23:39:52 - [TEST_STEP][PASSED] - click(findTestObject("Object Repository/pago/Page_Olva Courier  Medios de pago/button_PAGAR")): Object: 'Object Repository/pago/Page_Olva Courier  Medios de pago/button_PAGAR' is clicked on

27-11-2024T23:39:52 - [MESSAGE][PASSED] - Object: 'Object Repository/pago/Page_Olva Courier  Medios de pago/button_PAGAR' is clicked on

27-11-2024T23:39:52 - [MESSAGE][PASSED] - Call Test Case 'Test Cases/5.Empaques/3.Pago-Empaques/Pago-exitoso' successfully]]></system-out>
         <system-err><![CDATA[]]></system-err>
      </testcase>
      <testcase name="Test Cases/5.Empaques/4.Positivas/Comprar Empaques - CE - Tienda" time="42.917" classname="Test Cases/5.Empaques/4.Positivas/Comprar Empaques - CE - Tienda" status="PASSED">
         <system-out><![CDATA[27-11-2024T23:39:52 - [TEST_CASE][PASSED] - Test Cases/5.Empaques/4.Positivas/Comprar Empaques - CE - Tienda: Test Cases/5.Empaques/4.Positivas/Comprar Empaques - CE - Tienda

27-11-2024T23:39:53 - [TEST_STEP][PASSED] - callTestCase(findTestCase("5.Empaques/1.Inicio-Empaques/Inicio-cajas"), [:], STOP_ON_FAILURE): Call Test Case 'Test Cases/5.Empaques/1.Inicio-Empaques/Inicio-cajas' successfully

27-11-2024T23:39:53 - [TEST_CASE][PASSED] - Test Cases/5.Empaques/1.Inicio-Empaques/Inicio-cajas: Test Cases/5.Empaques/1.Inicio-Empaques/Inicio-cajas

27-11-2024T23:39:53 - [TEST_STEP][PASSED] - openBrowser(""): Browser is opened with url: ''

27-11-2024T23:39:53 - [MESSAGE][WARNING] - A browser is already opened. Closing browser and opening a new one

27-11-2024T23:39:54 - [MESSAGE][INFO] - Starting 'Firefox' driver

27-11-2024T23:39:54 - [MESSAGE][INFO] - Action delay is set to 0 milliseconds

27-11-2024T23:40:05 - [MESSAGE][PASSED] - Browser is opened with url: ''

27-11-2024T23:40:05 - [TEST_STEP][PASSED] - navigateToUrl("https://dev01-registrodeenvios.olvacourier.com/principal"): Navigate to 'https://dev01-registrodeenvios.olvacourier.com/principal' successfully

27-11-2024T23:40:07 - [MESSAGE][PASSED] - Navigate to 'https://dev01-registrodeenvios.olvacourier.com/principal' successfully

27-11-2024T23:40:07 - [TEST_STEP][PASSED] - maximizeWindow(STOP_ON_FAILURE): Current window maximized

27-11-2024T23:40:07 - [MESSAGE][PASSED] - Current window maximized

27-11-2024T23:40:07 - [MESSAGE][PASSED] - Call Test Case 'Test Cases/5.Empaques/1.Inicio-Empaques/Inicio-cajas' successfully

27-11-2024T23:40:07 - [TEST_STEP][PASSED] - click(findTestObject("Object Repository/Comprar Empaques/Page_Olva Courier  Confirma tus datos/img_Envo de documentoscon un peso mximo de__8aba39")): Object: 'Object Repository/Comprar Empaques/Page_Olva Courier  Confirma tus datos/img_Envo de documentoscon un peso mximo de__8aba39' is clicked on

27-11-2024T23:40:08 - [MESSAGE][PASSED] - Object: 'Object Repository/Comprar Empaques/Page_Olva Courier  Confirma tus datos/img_Envo de documentoscon un peso mximo de__8aba39' is clicked on

27-11-2024T23:40:08 - [TEST_STEP][PASSED] - click(findTestObject("Object Repository/Comprar Empaques/Page_Olva Courier  Confirma tus datos/span_He ledo y acepto los_checkmark")): Object: 'Object Repository/Comprar Empaques/Page_Olva Courier  Confirma tus datos/span_He ledo y acepto los_checkmark' is clicked on

27-11-2024T23:40:08 - [MESSAGE][PASSED] - Object: 'Object Repository/Comprar Empaques/Page_Olva Courier  Confirma tus datos/span_He ledo y acepto los_checkmark' is clicked on

27-11-2024T23:40:08 - [TEST_STEP][PASSED] - scrollToElement(findTestObject("Object Repository/Comprar Empaques/Page_Olva Courier  Confirma tus datos/button_CONTINUAR"), 0): Scroll to object 'Object Repository/Comprar Empaques/Page_Olva Courier  Confirma tus datos/button_CONTINUAR' successfully

27-11-2024T23:40:08 - [MESSAGE][WARNING] - Timeout '0' is invalid. Using default page load timeout: '30'

27-11-2024T23:40:08 - [MESSAGE][PASSED] - Scroll to object 'Object Repository/Comprar Empaques/Page_Olva Courier  Confirma tus datos/button_CONTINUAR' successfully

27-11-2024T23:40:08 - [TEST_STEP][PASSED] - click(findTestObject("Object Repository/Comprar Empaques/Page_Olva Courier  Confirma tus datos/button_CONTINUAR")): Object: 'Object Repository/Comprar Empaques/Page_Olva Courier  Confirma tus datos/button_CONTINUAR' is clicked on

27-11-2024T23:40:09 - [MESSAGE][PASSED] - Object: 'Object Repository/Comprar Empaques/Page_Olva Courier  Confirma tus datos/button_CONTINUAR' is clicked on

27-11-2024T23:40:09 - [TEST_STEP][PASSED] - click(findTestObject("Object Repository/Comprar Empaques/Page_Olva Courier  Datos Personales/span_Tipo De Documento")): Object: 'Object Repository/Comprar Empaques/Page_Olva Courier  Datos Personales/span_Tipo De Documento' is clicked on

27-11-2024T23:40:10 - [MESSAGE][PASSED] - Object: 'Object Repository/Comprar Empaques/Page_Olva Courier  Datos Personales/span_Tipo De Documento' is clicked on

27-11-2024T23:40:10 - [TEST_STEP][PASSED] - click(findTestObject("Object Repository/Comprar Empaques/Page_Olva Courier  Datos Personales/span_CARN EXT")): Object: 'Object Repository/Comprar Empaques/Page_Olva Courier  Datos Personales/span_CARN EXT' is clicked on

27-11-2024T23:40:11 - [MESSAGE][PASSED] - Object: 'Object Repository/Comprar Empaques/Page_Olva Courier  Datos Personales/span_CARN EXT' is clicked on

27-11-2024T23:40:11 - [TEST_STEP][PASSED] - setText(findTestObject("Object Repository/Comprar Empaques/Page_Olva Courier  Datos Personales/input_CARN EXT_txt_documento_cliente"), "002699003"): Text '002699003' is set on object 'Object Repository/Comprar Empaques/Page_Olva Courier  Datos Personales/input_CARN EXT_txt_documento_cliente'

27-11-2024T23:40:11 - [MESSAGE][PASSED] - Text '002699003' is set on object 'Object Repository/Comprar Empaques/Page_Olva Courier  Datos Personales/input_CARN EXT_txt_documento_cliente'

27-11-2024T23:40:11 - [TEST_STEP][PASSED] - setText(findTestObject("Object Repository/Comprar Empaques/Page_Olva Courier  Datos Personales/input_CARN EXT_txt_telefono_cliente"), "900000001"): Text '900000001' is set on object 'Object Repository/Comprar Empaques/Page_Olva Courier  Datos Personales/input_CARN EXT_txt_telefono_cliente'

27-11-2024T23:40:13 - [MESSAGE][PASSED] - Text '900000001' is set on object 'Object Repository/Comprar Empaques/Page_Olva Courier  Datos Personales/input_CARN EXT_txt_telefono_cliente'

27-11-2024T23:40:13 - [TEST_STEP][PASSED] - click(findTestObject("Object Repository/Comprar Empaques/Page_Olva Courier  Datos Personales/div_Hola,")): Object: 'Object Repository/Comprar Empaques/Page_Olva Courier  Datos Personales/div_Hola,' is clicked on

27-11-2024T23:40:13 - [MESSAGE][PASSED] - Object: 'Object Repository/Comprar Empaques/Page_Olva Courier  Datos Personales/div_Hola,' is clicked on

27-11-2024T23:40:13 - [TEST_STEP][PASSED] - scrollToElement(findTestObject("Object Repository/Comprar Empaques/Page_Olva Courier  Datos Personales/button_CONTINUAR"), 0): Scroll to object 'Object Repository/Comprar Empaques/Page_Olva Courier  Datos Personales/button_CONTINUAR' successfully

27-11-2024T23:40:13 - [MESSAGE][WARNING] - Timeout '0' is invalid. Using default page load timeout: '30'

27-11-2024T23:40:14 - [MESSAGE][PASSED] - Scroll to object 'Object Repository/Comprar Empaques/Page_Olva Courier  Datos Personales/button_CONTINUAR' successfully

27-11-2024T23:40:14 - [TEST_STEP][PASSED] - click(findTestObject("Object Repository/Comprar Empaques/Page_Olva Courier  Datos Personales/button_CONTINUAR")): Object: 'Object Repository/Comprar Empaques/Page_Olva Courier  Datos Personales/button_CONTINUAR' is clicked on

27-11-2024T23:40:15 - [MESSAGE][PASSED] - Object: 'Object Repository/Comprar Empaques/Page_Olva Courier  Datos Personales/button_CONTINUAR' is clicked on

27-11-2024T23:40:15 - [TEST_STEP][PASSED] - scrollToPosition(0, 400): Browser is scrolled to position x = 0, y = 400

27-11-2024T23:40:15 - [MESSAGE][PASSED] - Browser is scrolled to position x = 0, y = 400

27-11-2024T23:40:15 - [TEST_STEP][PASSED] - click(findTestObject("EMPAQUE 1")): Object: 'Object Repository/EMPAQUE 1' is clicked on

27-11-2024T23:40:15 - [MESSAGE][PASSED] - Object: 'Object Repository/EMPAQUE 1' is clicked on

27-11-2024T23:40:15 - [TEST_STEP][PASSED] - click(findTestObject("EMPAQUE 2")): Object: 'Object Repository/EMPAQUE 2' is clicked on

27-11-2024T23:40:16 - [MESSAGE][PASSED] - Object: 'Object Repository/EMPAQUE 2' is clicked on

27-11-2024T23:40:16 - [TEST_STEP][PASSED] - click(findTestObject("EMPAQUE 3")): Object: 'Object Repository/EMPAQUE 3' is clicked on

27-11-2024T23:40:16 - [MESSAGE][PASSED] - Object: 'Object Repository/EMPAQUE 3' is clicked on

27-11-2024T23:40:16 - [TEST_STEP][PASSED] - scrollToElement(findTestObject("EMPAQUE 4"), 0): Scroll to object 'Object Repository/EMPAQUE 4' successfully

27-11-2024T23:40:16 - [MESSAGE][WARNING] - Timeout '0' is invalid. Using default page load timeout: '30'

27-11-2024T23:40:16 - [MESSAGE][PASSED] - Scroll to object 'Object Repository/EMPAQUE 4' successfully

27-11-2024T23:40:16 - [TEST_STEP][PASSED] - click(findTestObject("EMPAQUE 4")): Object: 'Object Repository/EMPAQUE 4' is clicked on

27-11-2024T23:40:17 - [MESSAGE][PASSED] - Object: 'Object Repository/EMPAQUE 4' is clicked on

27-11-2024T23:40:17 - [TEST_STEP][PASSED] - click(findTestObject("EMPAQUE 5")): Object: 'Object Repository/EMPAQUE 5' is clicked on

27-11-2024T23:40:17 - [MESSAGE][PASSED] - Object: 'Object Repository/EMPAQUE 5' is clicked on

27-11-2024T23:40:17 - [TEST_STEP][PASSED] - click(findTestObject("EMPAQUE 6")): Object: 'Object Repository/EMPAQUE 6' is clicked on

27-11-2024T23:40:18 - [MESSAGE][PASSED] - Object: 'Object Repository/EMPAQUE 6' is clicked on

27-11-2024T23:40:18 - [TEST_STEP][PASSED] - scrollToElement(findTestObject("Comprar Empaques/Page_Olva Courier  Datos Personales/button_CONTINUAR_empaque"), 0): Scroll to object 'Object Repository/Comprar Empaques/Page_Olva Courier  Datos Personales/button_CONTINUAR_empaque' successfully

27-11-2024T23:40:18 - [MESSAGE][WARNING] - Timeout '0' is invalid. Using default page load timeout: '30'

27-11-2024T23:40:18 - [MESSAGE][PASSED] - Scroll to object 'Object Repository/Comprar Empaques/Page_Olva Courier  Datos Personales/button_CONTINUAR_empaque' successfully

27-11-2024T23:40:18 - [TEST_STEP][PASSED] - click(findTestObject("Comprar Empaques/Page_Olva Courier  Datos Personales/button_CONTINUAR_empaque")): Object: 'Object Repository/Comprar Empaques/Page_Olva Courier  Datos Personales/button_CONTINUAR_empaque' is clicked on

27-11-2024T23:40:19 - [MESSAGE][PASSED] - Object: 'Object Repository/Comprar Empaques/Page_Olva Courier  Datos Personales/button_CONTINUAR_empaque' is clicked on

27-11-2024T23:40:19 - [TEST_STEP][PASSED] - scrollToElement(findTestObject("Object Repository/Comprar Empaques/Page_Olva Courier  Datos Personales/button_CONTINUAR_1_2"), 0): Scroll to object 'Object Repository/Comprar Empaques/Page_Olva Courier  Datos Personales/button_CONTINUAR_1_2' successfully

27-11-2024T23:40:19 - [MESSAGE][WARNING] - Timeout '0' is invalid. Using default page load timeout: '30'

27-11-2024T23:40:19 - [MESSAGE][PASSED] - Scroll to object 'Object Repository/Comprar Empaques/Page_Olva Courier  Datos Personales/button_CONTINUAR_1_2' successfully

27-11-2024T23:40:19 - [TEST_STEP][PASSED] - click(findTestObject("Object Repository/Comprar Empaques/Page_Olva Courier  Datos Personales/button_CONTINUAR_1_2")): Object: 'Object Repository/Comprar Empaques/Page_Olva Courier  Datos Personales/button_CONTINUAR_1_2' is clicked on

27-11-2024T23:40:21 - [MESSAGE][PASSED] - Object: 'Object Repository/Comprar Empaques/Page_Olva Courier  Datos Personales/button_CONTINUAR_1_2' is clicked on

27-11-2024T23:40:21 - [TEST_STEP][PASSED] - delay(3): Delayed 3 second(s)

27-11-2024T23:40:24 - [MESSAGE][PASSED] - Delayed 3 second(s)

27-11-2024T23:40:24 - [TEST_STEP][PASSED] - rightClick(findTestObject("Object Repository/Comprar Empaques/Page_Olva Courier  Datos Personales/button_LIMA - LIMA - MIRAFLORES")): Object: 'Object Repository/Comprar Empaques/Page_Olva Courier  Datos Personales/button_LIMA - LIMA - MIRAFLORES' is right clicked on

27-11-2024T23:40:25 - [MESSAGE][PASSED] - Object: 'Object Repository/Comprar Empaques/Page_Olva Courier  Datos Personales/button_LIMA - LIMA - MIRAFLORES' is right clicked on

27-11-2024T23:40:25 - [TEST_STEP][PASSED] - click(findTestObject("Object Repository/Comprar Empaques/Page_Olva Courier  Datos Personales/button_LIMA - LIMA - MIRAFLORES")): Object: 'Object Repository/Comprar Empaques/Page_Olva Courier  Datos Personales/button_LIMA - LIMA - MIRAFLORES' is clicked on

27-11-2024T23:40:25 - [MESSAGE][PASSED] - Object: 'Object Repository/Comprar Empaques/Page_Olva Courier  Datos Personales/button_LIMA - LIMA - MIRAFLORES' is clicked on

27-11-2024T23:40:25 - [TEST_STEP][PASSED] - click(findTestObject("Object Repository/Comprar Empaques/Page_Olva Courier  Datos Personales/a_CALLAO - CALLAO - CALLAO")): Object: 'Object Repository/Comprar Empaques/Page_Olva Courier  Datos Personales/a_CALLAO - CALLAO - CALLAO' is clicked on

27-11-2024T23:40:25 - [MESSAGE][PASSED] - Object: 'Object Repository/Comprar Empaques/Page_Olva Courier  Datos Personales/a_CALLAO - CALLAO - CALLAO' is clicked on

27-11-2024T23:40:25 - [TEST_STEP][PASSED] - click(findTestObject("Object Repository/Comprar Empaques/Page_Olva Courier  Datos Personales/button_Tienda")): Object: 'Object Repository/Comprar Empaques/Page_Olva Courier  Datos Personales/button_Tienda' is clicked on

27-11-2024T23:40:26 - [MESSAGE][PASSED] - Object: 'Object Repository/Comprar Empaques/Page_Olva Courier  Datos Personales/button_Tienda' is clicked on

27-11-2024T23:40:26 - [TEST_STEP][PASSED] - click(findTestObject("Object Repository/Comprar Empaques/Page_Olva Courier  Datos Personales/a_OLVA ALMACEN - AV. ARGENTINA 4458 - CALLA_89a3f6")): Object: 'Object Repository/Comprar Empaques/Page_Olva Courier  Datos Personales/a_OLVA ALMACEN - AV. ARGENTINA 4458 - CALLA_89a3f6' is clicked on

27-11-2024T23:40:27 - [MESSAGE][PASSED] - Object: 'Object Repository/Comprar Empaques/Page_Olva Courier  Datos Personales/a_OLVA ALMACEN - AV. ARGENTINA 4458 - CALLA_89a3f6' is clicked on

27-11-2024T23:40:27 - [TEST_STEP][PASSED] - click(findTestObject("Object Repository/Comprar Empaques/Page_Olva Courier  Datos Personales/button_CONTINUAR (2)")): Object: 'Object Repository/Comprar Empaques/Page_Olva Courier  Datos Personales/button_CONTINUAR (2)' is clicked on

27-11-2024T23:40:27 - [MESSAGE][PASSED] - Object: 'Object Repository/Comprar Empaques/Page_Olva Courier  Datos Personales/button_CONTINUAR (2)' is clicked on

27-11-2024T23:40:27 - [TEST_STEP][PASSED] - setText(findTestObject("Object Repository/Comprar Empaques/Page_Olva Courier  Datos Personales/input_Para el recojo de tu compra se necesi_22ff2d"), "1"): Text '1' is set on object 'Object Repository/Comprar Empaques/Page_Olva Courier  Datos Personales/input_Para el recojo de tu compra se necesi_22ff2d'

27-11-2024T23:40:28 - [MESSAGE][PASSED] - Text '1' is set on object 'Object Repository/Comprar Empaques/Page_Olva Courier  Datos Personales/input_Para el recojo de tu compra se necesi_22ff2d'

27-11-2024T23:40:28 - [TEST_STEP][PASSED] - setText(findTestObject("Object Repository/Comprar Empaques/Page_Olva Courier  Datos Personales/input_Para el recojo de tu compra se necesi_39579b"), "1"): Text '1' is set on object 'Object Repository/Comprar Empaques/Page_Olva Courier  Datos Personales/input_Para el recojo de tu compra se necesi_39579b'

27-11-2024T23:40:29 - [MESSAGE][PASSED] - Text '1' is set on object 'Object Repository/Comprar Empaques/Page_Olva Courier  Datos Personales/input_Para el recojo de tu compra se necesi_39579b'

27-11-2024T23:40:29 - [TEST_STEP][PASSED] - setText(findTestObject("Object Repository/Comprar Empaques/Page_Olva Courier  Datos Personales/input_Para el recojo de tu compra se necesi_9b4583"), "1"): Text '1' is set on object 'Object Repository/Comprar Empaques/Page_Olva Courier  Datos Personales/input_Para el recojo de tu compra se necesi_9b4583'

27-11-2024T23:40:30 - [MESSAGE][PASSED] - Text '1' is set on object 'Object Repository/Comprar Empaques/Page_Olva Courier  Datos Personales/input_Para el recojo de tu compra se necesi_9b4583'

27-11-2024T23:40:30 - [TEST_STEP][PASSED] - setText(findTestObject("Object Repository/Comprar Empaques/Page_Olva Courier  Datos Personales/input_Para el recojo de tu compra se necesi_cbc9dd"), "1"): Text '1' is set on object 'Object Repository/Comprar Empaques/Page_Olva Courier  Datos Personales/input_Para el recojo de tu compra se necesi_cbc9dd'

27-11-2024T23:40:31 - [MESSAGE][PASSED] - Text '1' is set on object 'Object Repository/Comprar Empaques/Page_Olva Courier  Datos Personales/input_Para el recojo de tu compra se necesi_cbc9dd'

27-11-2024T23:40:31 - [TEST_STEP][PASSED] - click(findTestObject("Object Repository/Comprar Empaques/Page_Olva Courier  Datos Personales/div_Aceptar")): Object: 'Object Repository/Comprar Empaques/Page_Olva Courier  Datos Personales/div_Aceptar' is clicked on

27-11-2024T23:40:31 - [MESSAGE][PASSED] - Object: 'Object Repository/Comprar Empaques/Page_Olva Courier  Datos Personales/div_Aceptar' is clicked on

27-11-2024T23:40:31 - [TEST_STEP][PASSED] - scrollToElement(findTestObject("Object Repository/Comprar Empaques/Page_Olva Courier  Datos Personales/button_PAGAR"), 0): Scroll to object 'Object Repository/Comprar Empaques/Page_Olva Courier  Datos Personales/button_PAGAR' successfully

27-11-2024T23:40:31 - [MESSAGE][WARNING] - Timeout '0' is invalid. Using default page load timeout: '30'

27-11-2024T23:40:33 - [MESSAGE][PASSED] - Scroll to object 'Object Repository/Comprar Empaques/Page_Olva Courier  Datos Personales/button_PAGAR' successfully

27-11-2024T23:40:33 - [TEST_STEP][PASSED] - verifyElementPresent(findTestObject("Object Repository/Comprar Empaques/Page_Olva Courier  Datos Personales/button_PAGAR"), 0): Object 'Object Repository/Comprar Empaques/Page_Olva Courier  Datos Personales/button_PAGAR' is present

27-11-2024T23:40:33 - [MESSAGE][WARNING] - Timeout '0' is invalid. Using default page load timeout: '30'

27-11-2024T23:40:34 - [MESSAGE][PASSED] - Object 'Object Repository/Comprar Empaques/Page_Olva Courier  Datos Personales/button_PAGAR' is present

27-11-2024T23:40:34 - [TEST_STEP][PASSED] - callTestCase(findTestCase("5.Empaques/3.Pago-Empaques/Pago-exitoso"), [:], STOP_ON_FAILURE): Call Test Case 'Test Cases/5.Empaques/3.Pago-Empaques/Pago-exitoso' successfully

27-11-2024T23:40:34 - [TEST_CASE][PASSED] - Test Cases/5.Empaques/3.Pago-Empaques/Pago-exitoso: Test Cases/5.Empaques/3.Pago-Empaques/Pago-exitoso

27-11-2024T23:40:34 - [TEST_STEP][PASSED] - verifyElementPresent(findTestObject("Object Repository/pago/Page_Olva Courier  Medios de pago/div_Pago con tarjeta de crdito, dbito y Yape"), 0): Object 'Object Repository/pago/Page_Olva Courier  Medios de pago/div_Pago con tarjeta de crdito, dbito y Yape' is present

27-11-2024T23:40:34 - [MESSAGE][WARNING] - Timeout '0' is invalid. Using default page load timeout: '30'

27-11-2024T23:40:34 - [MESSAGE][PASSED] - Object 'Object Repository/pago/Page_Olva Courier  Medios de pago/div_Pago con tarjeta de crdito, dbito y Yape' is present

27-11-2024T23:40:34 - [TEST_STEP][PASSED] - verifyElementPresent(findTestObject("Object Repository/pago/Page_Olva Courier  Medios de pago/td_S"), 0): Object 'Object Repository/pago/Page_Olva Courier  Medios de pago/td_S' is present

27-11-2024T23:40:34 - [MESSAGE][WARNING] - Timeout '0' is invalid. Using default page load timeout: '30'

27-11-2024T23:40:35 - [MESSAGE][PASSED] - Object 'Object Repository/pago/Page_Olva Courier  Medios de pago/td_S' is present

27-11-2024T23:40:35 - [TEST_STEP][PASSED] - click(findTestObject("Object Repository/pago/Page_Olva Courier  Medios de pago/button_PAGAR")): Object: 'Object Repository/pago/Page_Olva Courier  Medios de pago/button_PAGAR' is clicked on

27-11-2024T23:40:35 - [MESSAGE][PASSED] - Object: 'Object Repository/pago/Page_Olva Courier  Medios de pago/button_PAGAR' is clicked on

27-11-2024T23:40:35 - [MESSAGE][PASSED] - Call Test Case 'Test Cases/5.Empaques/3.Pago-Empaques/Pago-exitoso' successfully]]></system-out>
         <system-err><![CDATA[]]></system-err>
      </testcase>
      <testcase name="Test Cases/5.Empaques/4.Positivas/Comprar Empaques - DNI - Tienda" time="21.635" classname="Test Cases/5.Empaques/4.Positivas/Comprar Empaques - DNI - Tienda" status="FAILED">
         <failure type="FAILED" message="Test Cases/5.Empaques/4.Positivas/Comprar Empaques - DNI - Tienda FAILED.&#xa;Reason:&#xa;com.kms.katalon.core.exception.StepFailedException: Unable to set text 'Benites' of object 'Object Repository/Comprar Empaques/Page_Olva Courier  Datos Personales/input_El apellido ingresado debe ser igual _544e76'&#xa;	at com.kms.katalon.core.webui.keyword.internal.WebUIKeywordMain.stepFailed(WebUIKeywordMain.groovy:117)&#xa;	at com.kms.katalon.core.webui.keyword.internal.WebUIKeywordMain.runKeyword(WebUIKeywordMain.groovy:43)&#xa;	at com.kms.katalon.core.webui.keyword.builtin.SetTextKeyword.setText(SetTextKeyword.groovy:85)&#xa;	at com.kms.katalon.core.webui.keyword.builtin.SetTextKeyword.execute(SetTextKeyword.groovy:39)&#xa;	at com.kms.katalon.core.keyword.internal.KeywordExecutor.executeKeywordForPlatform(KeywordExecutor.groovy:74)&#xa;	at com.kms.katalon.core.webui.keyword.WebUiBuiltInKeywords.setText(WebUiBuiltInKeywords.groovy:1019)&#xa;	at Comprar Empaques - DNI - Tienda.run(Comprar Empaques - DNI - Tienda:40)&#xa;	at com.kms.katalon.core.main.ScriptEngine.run(ScriptEngine.java:194)&#xa;	at com.kms.katalon.core.main.ScriptEngine.runScriptAsRawText(ScriptEngine.java:119)&#xa;	at com.kms.katalon.core.main.TestCaseExecutor.runScript(TestCaseExecutor.java:448)&#xa;	at com.kms.katalon.core.main.TestCaseExecutor.doExecute(TestCaseExecutor.java:439)&#xa;	at com.kms.katalon.core.main.TestCaseExecutor.processExecutionPhase(TestCaseExecutor.java:418)&#xa;	at com.kms.katalon.core.main.TestCaseExecutor.accessMainPhase(TestCaseExecutor.java:410)&#xa;	at com.kms.katalon.core.main.TestCaseExecutor.execute(TestCaseExecutor.java:285)&#xa;	at com.kms.katalon.core.common.CommonExecutor.accessTestCaseMainPhase(CommonExecutor.java:65)&#xa;	at com.kms.katalon.core.main.TestSuiteExecutor.accessTestSuiteMainPhase(TestSuiteExecutor.java:150)&#xa;	at com.kms.katalon.core.main.TestSuiteExecutor.execute(TestSuiteExecutor.java:106)&#xa;	at com.kms.katalon.core.main.TestCaseMain.startTestSuite(TestCaseMain.java:180)&#xa;	at TempTestSuite1732768729443.run(TempTestSuite1732768729443.groovy:35)&#xa;	at java.base/jdk.internal.reflect.NativeMethodAccessorImpl.invoke0(Native Method)&#xa;	at java.base/jdk.internal.reflect.NativeMethodAccessorImpl.invoke(NativeMethodAccessorImpl.java:77)&#xa;	at java.base/jdk.internal.reflect.DelegatingMethodAccessorImpl.invoke(DelegatingMethodAccessorImpl.java:43)&#xa;Caused by: org.openqa.selenium.ElementNotInteractableException: Element &lt;input id=&quot;txt_digito_verificador&quot; class=&quot;form-control&quot; name=&quot;txt_digito_verificador&quot; type=&quot; text&quot;> could not be scrolled into view&#xa;Build info: version: '3.141.59', revision: 'unknown', time: 'unknown'&#xa;System info: host: 'DESKTOP-RGFFP9A', ip: '10.136.10.6', os.name: 'Windows 11', os.arch: 'amd64', os.version: '10.0', java.version: '17.0.7'&#xa;Driver info: com.kms.katalon.core.webui.driver.firefox.CGeckoDriver&#xa;Capabilities {acceptInsecureCerts: true, browserName: firefox, browserVersion: 133.0, javascriptEnabled: true, moz:accessibilityChecks: false, moz:buildID: 20241121140525, moz:geckodriverVersion: 0.35.0, moz:headless: false, moz:platformVersion: 10.0, moz:processID: 34312, moz:profile: C:\Users\OLVATI\AppData\Loc..., moz:shutdownTimeout: 60000, moz:webdriverClick: true, moz:windowless: false, pageLoadStrategy: normal, platform: WINDOWS, platformName: WINDOWS, proxy: Proxy(direct), setWindowRect: true, strictFileInteractability: false, timeouts: {implicit: 0, pageLoad: 300000, script: 30000}, unhandledPromptBehavior: dismiss and notify, userAgent: Mozilla/5.0 (Windows NT 10....}&#xa;Session ID: e4ba690c-442b-4868-9462-101ad2ae15de&#xa;	at java.base/jdk.internal.reflect.NativeConstructorAccessorImpl.newInstance0(Native Method)&#xa;	at java.base/jdk.internal.reflect.NativeConstructorAccessorImpl.newInstance(NativeConstructorAccessorImpl.java:77)&#xa;	at java.base/jdk.internal.reflect.DelegatingConstructorAccessorImpl.newInstance(DelegatingConstructorAccessorImpl.java:45)&#xa;	at org.openqa.selenium.remote.http.W3CHttpResponseCodec.createException(W3CHttpResponseCodec.java:187)&#xa;	at org.openqa.selenium.remote.http.W3CHttpResponseCodec.decode(W3CHttpResponseCodec.java:122)&#xa;	at org.openqa.selenium.remote.http.W3CHttpResponseCodec.decode(W3CHttpResponseCodec.java:49)&#xa;	at org.openqa.selenium.remote.HttpCommandExecutor.execute(HttpCommandExecutor.java:158)&#xa;	at org.openqa.selenium.remote.service.DriverCommandExecutor.execute(DriverCommandExecutor.java:83)&#xa;	at org.openqa.selenium.remote.RemoteWebDriver.execute(RemoteWebDriver.java:552)&#xa;	at com.kms.katalon.selenium.driver.CFirefoxDriver.execute(CFirefoxDriver.java:28)&#xa;	at org.openqa.selenium.remote.RemoteWebElement.execute(RemoteWebElement.java:285)&#xa;	at org.openqa.selenium.remote.RemoteWebElement.clear(RemoteWebElement.java:124)&#xa;	at java.base/jdk.internal.reflect.NativeMethodAccessorImpl.invoke0(Native Method)&#xa;	at java.base/jdk.internal.reflect.NativeMethodAccessorImpl.invoke(NativeMethodAccessorImpl.java:77)&#xa;	at java.base/jdk.internal.reflect.DelegatingMethodAccessorImpl.invoke(DelegatingMethodAccessorImpl.java:43)&#xa;	at org.openqa.selenium.support.events.EventFiringWebDriver$EventFiringWebElement.lambda$new$0(EventFiringWebDriver.java:404)&#xa;	at jdk.proxy2/jdk.proxy2.$Proxy21.clear(Unknown Source)&#xa;	at org.openqa.selenium.support.events.EventFiringWebDriver$EventFiringWebElement.clear(EventFiringWebDriver.java:436)&#xa;	at com.kms.katalon.core.webui.keyword.builtin.SetTextKeyword$_setText_closure1.doCall(SetTextKeyword.groovy:55)&#xa;	at com.kms.katalon.core.webui.keyword.builtin.SetTextKeyword$_setText_closure1.call(SetTextKeyword.groovy)&#xa;	at com.kms.katalon.core.webui.keyword.internal.WebUIKeywordMain.runKeyword(WebUIKeywordMain.groovy:35)&#xa;	... 20 more&#xa;"/>
         <system-out><![CDATA[27-11-2024T23:40:35 - [TEST_CASE][FAILED] - Test Cases/5.Empaques/4.Positivas/Comprar Empaques - DNI - Tienda: Test Cases/5.Empaques/4.Positivas/Comprar Empaques - DNI - Tienda FAILED.
Reason:
com.kms.katalon.core.exception.StepFailedException: Unable to set text 'Benites' of object 'Object Repository/Comprar Empaques/Page_Olva Courier  Datos Personales/input_El apellido ingresado debe ser igual _544e76'
	at com.kms.katalon.core.webui.keyword.internal.WebUIKeywordMain.stepFailed(WebUIKeywordMain.groovy:117)
	at com.kms.katalon.core.webui.keyword.internal.WebUIKeywordMain.runKeyword(WebUIKeywordMain.groovy:43)
	at com.kms.katalon.core.webui.keyword.builtin.SetTextKeyword.setText(SetTextKeyword.groovy:85)
	at com.kms.katalon.core.webui.keyword.builtin.SetTextKeyword.execute(SetTextKeyword.groovy:39)
	at com.kms.katalon.core.keyword.internal.KeywordExecutor.executeKeywordForPlatform(KeywordExecutor.groovy:74)
	at com.kms.katalon.core.webui.keyword.WebUiBuiltInKeywords.setText(WebUiBuiltInKeywords.groovy:1019)
	at Comprar Empaques - DNI - Tienda.run(Comprar Empaques - DNI - Tienda:40)
	at com.kms.katalon.core.main.ScriptEngine.run(ScriptEngine.java:194)
	at com.kms.katalon.core.main.ScriptEngine.runScriptAsRawText(ScriptEngine.java:119)
	at com.kms.katalon.core.main.TestCaseExecutor.runScript(TestCaseExecutor.java:448)
	at com.kms.katalon.core.main.TestCaseExecutor.doExecute(TestCaseExecutor.java:439)
	at com.kms.katalon.core.main.TestCaseExecutor.processExecutionPhase(TestCaseExecutor.java:418)
	at com.kms.katalon.core.main.TestCaseExecutor.accessMainPhase(TestCaseExecutor.java:410)
	at com.kms.katalon.core.main.TestCaseExecutor.execute(TestCaseExecutor.java:285)
	at com.kms.katalon.core.common.CommonExecutor.accessTestCaseMainPhase(CommonExecutor.java:65)
	at com.kms.katalon.core.main.TestSuiteExecutor.accessTestSuiteMainPhase(TestSuiteExecutor.java:150)
	at com.kms.katalon.core.main.TestSuiteExecutor.execute(TestSuiteExecutor.java:106)
	at com.kms.katalon.core.main.TestCaseMain.startTestSuite(TestCaseMain.java:180)
	at TempTestSuite1732768729443.run(TempTestSuite1732768729443.groovy:35)
	at java.base/jdk.internal.reflect.NativeMethodAccessorImpl.invoke0(Native Method)
	at java.base/jdk.internal.reflect.NativeMethodAccessorImpl.invoke(NativeMethodAccessorImpl.java:77)
	at java.base/jdk.internal.reflect.DelegatingMethodAccessorImpl.invoke(DelegatingMethodAccessorImpl.java:43)
Caused by: org.openqa.selenium.ElementNotInteractableException: Element <input id="txt_digito_verificador" class="form-control" name="txt_digito_verificador" type=" text"> could not be scrolled into view
Build info: version: '3.141.59', revision: 'unknown', time: 'unknown'
System info: host: 'DESKTOP-RGFFP9A', ip: '10.136.10.6', os.name: 'Windows 11', os.arch: 'amd64', os.version: '10.0', java.version: '17.0.7'
Driver info: com.kms.katalon.core.webui.driver.firefox.CGeckoDriver
Capabilities {acceptInsecureCerts: true, browserName: firefox, browserVersion: 133.0, javascriptEnabled: true, moz:accessibilityChecks: false, moz:buildID: 20241121140525, moz:geckodriverVersion: 0.35.0, moz:headless: false, moz:platformVersion: 10.0, moz:processID: 34312, moz:profile: C:\Users\OLVATI\AppData\Loc..., moz:shutdownTimeout: 60000, moz:webdriverClick: true, moz:windowless: false, pageLoadStrategy: normal, platform: WINDOWS, platformName: WINDOWS, proxy: Proxy(direct), setWindowRect: true, strictFileInteractability: false, timeouts: {implicit: 0, pageLoad: 300000, script: 30000}, unhandledPromptBehavior: dismiss and notify, userAgent: Mozilla/5.0 (Windows NT 10....}
Session ID: e4ba690c-442b-4868-9462-101ad2ae15de
	at java.base/jdk.internal.reflect.NativeConstructorAccessorImpl.newInstance0(Native Method)
	at java.base/jdk.internal.reflect.NativeConstructorAccessorImpl.newInstance(NativeConstructorAccessorImpl.java:77)
	at java.base/jdk.internal.reflect.DelegatingConstructorAccessorImpl.newInstance(DelegatingConstructorAccessorImpl.java:45)
	at org.openqa.selenium.remote.http.W3CHttpResponseCodec.createException(W3CHttpResponseCodec.java:187)
	at org.openqa.selenium.remote.http.W3CHttpResponseCodec.decode(W3CHttpResponseCodec.java:122)
	at org.openqa.selenium.remote.http.W3CHttpResponseCodec.decode(W3CHttpResponseCodec.java:49)
	at org.openqa.selenium.remote.HttpCommandExecutor.execute(HttpCommandExecutor.java:158)
	at org.openqa.selenium.remote.service.DriverCommandExecutor.execute(DriverCommandExecutor.java:83)
	at org.openqa.selenium.remote.RemoteWebDriver.execute(RemoteWebDriver.java:552)
	at com.kms.katalon.selenium.driver.CFirefoxDriver.execute(CFirefoxDriver.java:28)
	at org.openqa.selenium.remote.RemoteWebElement.execute(RemoteWebElement.java:285)
	at org.openqa.selenium.remote.RemoteWebElement.clear(RemoteWebElement.java:124)
	at java.base/jdk.internal.reflect.NativeMethodAccessorImpl.invoke0(Native Method)
	at java.base/jdk.internal.reflect.NativeMethodAccessorImpl.invoke(NativeMethodAccessorImpl.java:77)
	at java.base/jdk.internal.reflect.DelegatingMethodAccessorImpl.invoke(DelegatingMethodAccessorImpl.java:43)
	at org.openqa.selenium.support.events.EventFiringWebDriver$EventFiringWebElement.lambda$new$0(EventFiringWebDriver.java:404)
	at jdk.proxy2/jdk.proxy2.$Proxy21.clear(Unknown Source)
	at org.openqa.selenium.support.events.EventFiringWebDriver$EventFiringWebElement.clear(EventFiringWebDriver.java:436)
	at com.kms.katalon.core.webui.keyword.builtin.SetTextKeyword$_setText_closure1.doCall(SetTextKeyword.groovy:55)
	at com.kms.katalon.core.webui.keyword.builtin.SetTextKeyword$_setText_closure1.call(SetTextKeyword.groovy)
	at com.kms.katalon.core.webui.keyword.internal.WebUIKeywordMain.runKeyword(WebUIKeywordMain.groovy:35)
	... 20 more


27-11-2024T23:40:35 - [TEST_STEP][PASSED] - callTestCase(findTestCase("5.Empaques/1.Inicio-Empaques/Inicio-cajas"), [:], STOP_ON_FAILURE): Call Test Case 'Test Cases/5.Empaques/1.Inicio-Empaques/Inicio-cajas' successfully

27-11-2024T23:40:36 - [TEST_CASE][PASSED] - Test Cases/5.Empaques/1.Inicio-Empaques/Inicio-cajas: Test Cases/5.Empaques/1.Inicio-Empaques/Inicio-cajas

27-11-2024T23:40:36 - [TEST_STEP][PASSED] - openBrowser(""): Browser is opened with url: ''

27-11-2024T23:40:36 - [MESSAGE][WARNING] - A browser is already opened. Closing browser and opening a new one

27-11-2024T23:40:37 - [MESSAGE][INFO] - Starting 'Firefox' driver

27-11-2024T23:40:37 - [MESSAGE][INFO] - Action delay is set to 0 milliseconds

27-11-2024T23:40:47 - [MESSAGE][PASSED] - Browser is opened with url: ''

27-11-2024T23:40:47 - [TEST_STEP][PASSED] - navigateToUrl("https://dev01-registrodeenvios.olvacourier.com/principal"): Navigate to 'https://dev01-registrodeenvios.olvacourier.com/principal' successfully

27-11-2024T23:40:49 - [MESSAGE][PASSED] - Navigate to 'https://dev01-registrodeenvios.olvacourier.com/principal' successfully

27-11-2024T23:40:49 - [TEST_STEP][PASSED] - maximizeWindow(STOP_ON_FAILURE): Current window maximized

27-11-2024T23:40:49 - [MESSAGE][PASSED] - Current window maximized

27-11-2024T23:40:49 - [MESSAGE][PASSED] - Call Test Case 'Test Cases/5.Empaques/1.Inicio-Empaques/Inicio-cajas' successfully

27-11-2024T23:40:49 - [TEST_STEP][PASSED] - click(findTestObject("Object Repository/Comprar Empaques/Page_Olva Courier  Confirma tus datos/img_Envo de documentoscon un peso mximo de__8aba39")): Object: 'Object Repository/Comprar Empaques/Page_Olva Courier  Confirma tus datos/img_Envo de documentoscon un peso mximo de__8aba39' is clicked on

27-11-2024T23:40:50 - [MESSAGE][PASSED] - Object: 'Object Repository/Comprar Empaques/Page_Olva Courier  Confirma tus datos/img_Envo de documentoscon un peso mximo de__8aba39' is clicked on

27-11-2024T23:40:50 - [TEST_STEP][PASSED] - click(findTestObject("Object Repository/Comprar Empaques/Page_Olva Courier  Confirma tus datos/span_He ledo y acepto los_checkmark")): Object: 'Object Repository/Comprar Empaques/Page_Olva Courier  Confirma tus datos/span_He ledo y acepto los_checkmark' is clicked on

27-11-2024T23:40:51 - [MESSAGE][PASSED] - Object: 'Object Repository/Comprar Empaques/Page_Olva Courier  Confirma tus datos/span_He ledo y acepto los_checkmark' is clicked on

27-11-2024T23:40:51 - [TEST_STEP][PASSED] - scrollToElement(findTestObject("Object Repository/Comprar Empaques/Page_Olva Courier  Confirma tus datos/button_CONTINUAR"), 0): Scroll to object 'Object Repository/Comprar Empaques/Page_Olva Courier  Confirma tus datos/button_CONTINUAR' successfully

27-11-2024T23:40:51 - [MESSAGE][WARNING] - Timeout '0' is invalid. Using default page load timeout: '30'

27-11-2024T23:40:51 - [MESSAGE][PASSED] - Scroll to object 'Object Repository/Comprar Empaques/Page_Olva Courier  Confirma tus datos/button_CONTINUAR' successfully

27-11-2024T23:40:51 - [TEST_STEP][PASSED] - click(findTestObject("Object Repository/Comprar Empaques/Page_Olva Courier  Confirma tus datos/button_CONTINUAR")): Object: 'Object Repository/Comprar Empaques/Page_Olva Courier  Confirma tus datos/button_CONTINUAR' is clicked on

27-11-2024T23:40:52 - [MESSAGE][PASSED] - Object: 'Object Repository/Comprar Empaques/Page_Olva Courier  Confirma tus datos/button_CONTINUAR' is clicked on

27-11-2024T23:40:52 - [TEST_STEP][PASSED] - click(findTestObject("Object Repository/Comprar Empaques/Page_Olva Courier  Datos Personales/span_Tipo De Documento")): Object: 'Object Repository/Comprar Empaques/Page_Olva Courier  Datos Personales/span_Tipo De Documento' is clicked on

27-11-2024T23:40:53 - [MESSAGE][PASSED] - Object: 'Object Repository/Comprar Empaques/Page_Olva Courier  Datos Personales/span_Tipo De Documento' is clicked on

27-11-2024T23:40:53 - [TEST_STEP][PASSED] - click(findTestObject("Object Repository/Comprar Empaques/Page_Olva Courier  Datos Personales/span_DNI")): Object: 'Object Repository/Comprar Empaques/Page_Olva Courier  Datos Personales/span_DNI' is clicked on

27-11-2024T23:40:53 - [MESSAGE][PASSED] - Object: 'Object Repository/Comprar Empaques/Page_Olva Courier  Datos Personales/span_DNI' is clicked on

27-11-2024T23:40:53 - [TEST_STEP][PASSED] - setText(findTestObject("Object Repository/Comprar Empaques/Page_Olva Courier  Datos Personales/input_CARN EXT_txt_documento_cliente"), "72228024"): Text '72228024' is set on object 'Object Repository/Comprar Empaques/Page_Olva Courier  Datos Personales/input_CARN EXT_txt_documento_cliente'

27-11-2024T23:40:54 - [MESSAGE][PASSED] - Text '72228024' is set on object 'Object Repository/Comprar Empaques/Page_Olva Courier  Datos Personales/input_CARN EXT_txt_documento_cliente'

27-11-2024T23:40:54 - [TEST_STEP][FAILED] - setText(findTestObject("Object Repository/Comprar Empaques/Page_Olva Courier  Datos Personales/input_El apellido ingresado debe ser igual _544e76"), "Benites"): Unable to set text 'Benites' of object 'Object Repository/Comprar Empaques/Page_Olva Courier  Datos Personales/input_El apellido ingresado debe ser igual _544e76' (Root cause: com.kms.katalon.core.exception.StepFailedException: Unable to set text 'Benites' of object 'Object Repository/Comprar Empaques/Page_Olva Courier  Datos Personales/input_El apellido ingresado debe ser igual _544e76'
	at com.kms.katalon.core.webui.keyword.internal.WebUIKeywordMain.stepFailed(WebUIKeywordMain.groovy:117)
	at com.kms.katalon.core.webui.keyword.internal.WebUIKeywordMain.runKeyword(WebUIKeywordMain.groovy:43)
	at com.kms.katalon.core.webui.keyword.builtin.SetTextKeyword.setText(SetTextKeyword.groovy:85)
	at com.kms.katalon.core.webui.keyword.builtin.SetTextKeyword.execute(SetTextKeyword.groovy:39)
	at com.kms.katalon.core.keyword.internal.KeywordExecutor.executeKeywordForPlatform(KeywordExecutor.groovy:74)
	at com.kms.katalon.core.webui.keyword.WebUiBuiltInKeywords.setText(WebUiBuiltInKeywords.groovy:1019)
	at Comprar Empaques - DNI - Tienda.run(Comprar Empaques - DNI - Tienda:40)
	at com.kms.katalon.core.main.ScriptEngine.run(ScriptEngine.java:194)
	at com.kms.katalon.core.main.ScriptEngine.runScriptAsRawText(ScriptEngine.java:119)
	at com.kms.katalon.core.main.TestCaseExecutor.runScript(TestCaseExecutor.java:448)
	at com.kms.katalon.core.main.TestCaseExecutor.doExecute(TestCaseExecutor.java:439)
	at com.kms.katalon.core.main.TestCaseExecutor.processExecutionPhase(TestCaseExecutor.java:418)
	at com.kms.katalon.core.main.TestCaseExecutor.accessMainPhase(TestCaseExecutor.java:410)
	at com.kms.katalon.core.main.TestCaseExecutor.execute(TestCaseExecutor.java:285)
	at com.kms.katalon.core.common.CommonExecutor.accessTestCaseMainPhase(CommonExecutor.java:65)
	at com.kms.katalon.core.main.TestSuiteExecutor.accessTestSuiteMainPhase(TestSuiteExecutor.java:150)
	at com.kms.katalon.core.main.TestSuiteExecutor.execute(TestSuiteExecutor.java:106)
	at com.kms.katalon.core.main.TestCaseMain.startTestSuite(TestCaseMain.java:180)
	at TempTestSuite1732768729443.run(TempTestSuite1732768729443.groovy:35)
	at java.base/jdk.internal.reflect.NativeMethodAccessorImpl.invoke0(Native Method)
	at java.base/jdk.internal.reflect.NativeMethodAccessorImpl.invoke(NativeMethodAccessorImpl.java:77)
	at java.base/jdk.internal.reflect.DelegatingMethodAccessorImpl.invoke(DelegatingMethodAccessorImpl.java:43)
Caused by: org.openqa.selenium.ElementNotInteractableException: Element <input id="txt_digito_verificador" class="form-control" name="txt_digito_verificador" type=" text"> could not be scrolled into view
Build info: version: '3.141.59', revision: 'unknown', time: 'unknown'
System info: host: 'DESKTOP-RGFFP9A', ip: '10.136.10.6', os.name: 'Windows 11', os.arch: 'amd64', os.version: '10.0', java.version: '17.0.7'
Driver info: com.kms.katalon.core.webui.driver.firefox.CGeckoDriver
Capabilities {acceptInsecureCerts: true, browserName: firefox, browserVersion: 133.0, javascriptEnabled: true, moz:accessibilityChecks: false, moz:buildID: 20241121140525, moz:geckodriverVersion: 0.35.0, moz:headless: false, moz:platformVersion: 10.0, moz:processID: 34312, moz:profile: C:\Users\OLVATI\AppData\Loc..., moz:shutdownTimeout: 60000, moz:webdriverClick: true, moz:windowless: false, pageLoadStrategy: normal, platform: WINDOWS, platformName: WINDOWS, proxy: Proxy(direct), setWindowRect: true, strictFileInteractability: false, timeouts: {implicit: 0, pageLoad: 300000, script: 30000}, unhandledPromptBehavior: dismiss and notify, userAgent: Mozilla/5.0 (Windows NT 10....}
Session ID: e4ba690c-442b-4868-9462-101ad2ae15de
	at java.base/jdk.internal.reflect.NativeConstructorAccessorImpl.newInstance0(Native Method)
	at java.base/jdk.internal.reflect.NativeConstructorAccessorImpl.newInstance(NativeConstructorAccessorImpl.java:77)
	at java.base/jdk.internal.reflect.DelegatingConstructorAccessorImpl.newInstance(DelegatingConstructorAccessorImpl.java:45)
	at org.openqa.selenium.remote.http.W3CHttpResponseCodec.createException(W3CHttpResponseCodec.java:187)
	at org.openqa.selenium.remote.http.W3CHttpResponseCodec.decode(W3CHttpResponseCodec.java:122)
	at org.openqa.selenium.remote.http.W3CHttpResponseCodec.decode(W3CHttpResponseCodec.java:49)
	at org.openqa.selenium.remote.HttpCommandExecutor.execute(HttpCommandExecutor.java:158)
	at org.openqa.selenium.remote.service.DriverCommandExecutor.execute(DriverCommandExecutor.java:83)
	at org.openqa.selenium.remote.RemoteWebDriver.execute(RemoteWebDriver.java:552)
	at com.kms.katalon.selenium.driver.CFirefoxDriver.execute(CFirefoxDriver.java:28)
	at org.openqa.selenium.remote.RemoteWebElement.execute(RemoteWebElement.java:285)
	at org.openqa.selenium.remote.RemoteWebElement.clear(RemoteWebElement.java:124)
	at java.base/jdk.internal.reflect.NativeMethodAccessorImpl.invoke0(Native Method)
	at java.base/jdk.internal.reflect.NativeMethodAccessorImpl.invoke(NativeMethodAccessorImpl.java:77)
	at java.base/jdk.internal.reflect.DelegatingMethodAccessorImpl.invoke(DelegatingMethodAccessorImpl.java:43)
	at org.openqa.selenium.support.events.EventFiringWebDriver$EventFiringWebElement.lambda$new$0(EventFiringWebDriver.java:404)
	at jdk.proxy2/jdk.proxy2.$Proxy21.clear(Unknown Source)
	at org.openqa.selenium.support.events.EventFiringWebDriver$EventFiringWebElement.clear(EventFiringWebDriver.java:436)
	at com.kms.katalon.core.webui.keyword.builtin.SetTextKeyword$_setText_closure1.doCall(SetTextKeyword.groovy:55)
	at com.kms.katalon.core.webui.keyword.builtin.SetTextKeyword$_setText_closure1.call(SetTextKeyword.groovy)
	at com.kms.katalon.core.webui.keyword.internal.WebUIKeywordMain.runKeyword(WebUIKeywordMain.groovy:35)
	at com.kms.katalon.core.webui.keyword.builtin.SetTextKeyword.setText(SetTextKeyword.groovy:85)
	at com.kms.katalon.core.webui.keyword.builtin.SetTextKeyword.execute(SetTextKeyword.groovy:39)
	at com.kms.katalon.core.keyword.internal.KeywordExecutor.executeKeywordForPlatform(KeywordExecutor.groovy:74)
	at com.kms.katalon.core.webui.keyword.WebUiBuiltInKeywords.setText(WebUiBuiltInKeywords.groovy:1019)
	at Script1732688354314.run(Script1732688354314.groovy:40)
	... 15 more
)

27-11-2024T23:40:57 - [MESSAGE][FAILED] - Unable to set text 'Benites' of object 'Object Repository/Comprar Empaques/Page_Olva Courier  Datos Personales/input_El apellido ingresado debe ser igual _544e76' (Root cause: com.kms.katalon.core.exception.StepFailedException: Unable to set text 'Benites' of object 'Object Repository/Comprar Empaques/Page_Olva Courier  Datos Personales/input_El apellido ingresado debe ser igual _544e76'
	at com.kms.katalon.core.webui.keyword.internal.WebUIKeywordMain.stepFailed(WebUIKeywordMain.groovy:117)
	at com.kms.katalon.core.webui.keyword.internal.WebUIKeywordMain.runKeyword(WebUIKeywordMain.groovy:43)
	at com.kms.katalon.core.webui.keyword.builtin.SetTextKeyword.setText(SetTextKeyword.groovy:85)
	at com.kms.katalon.core.webui.keyword.builtin.SetTextKeyword.execute(SetTextKeyword.groovy:39)
	at com.kms.katalon.core.keyword.internal.KeywordExecutor.executeKeywordForPlatform(KeywordExecutor.groovy:74)
	at com.kms.katalon.core.webui.keyword.WebUiBuiltInKeywords.setText(WebUiBuiltInKeywords.groovy:1019)
	at Comprar Empaques - DNI - Tienda.run(Comprar Empaques - DNI - Tienda:40)
	at com.kms.katalon.core.main.ScriptEngine.run(ScriptEngine.java:194)
	at com.kms.katalon.core.main.ScriptEngine.runScriptAsRawText(ScriptEngine.java:119)
	at com.kms.katalon.core.main.TestCaseExecutor.runScript(TestCaseExecutor.java:448)
	at com.kms.katalon.core.main.TestCaseExecutor.doExecute(TestCaseExecutor.java:439)
	at com.kms.katalon.core.main.TestCaseExecutor.processExecutionPhase(TestCaseExecutor.java:418)
	at com.kms.katalon.core.main.TestCaseExecutor.accessMainPhase(TestCaseExecutor.java:410)
	at com.kms.katalon.core.main.TestCaseExecutor.execute(TestCaseExecutor.java:285)
	at com.kms.katalon.core.common.CommonExecutor.accessTestCaseMainPhase(CommonExecutor.java:65)
	at com.kms.katalon.core.main.TestSuiteExecutor.accessTestSuiteMainPhase(TestSuiteExecutor.java:150)
	at com.kms.katalon.core.main.TestSuiteExecutor.execute(TestSuiteExecutor.java:106)
	at com.kms.katalon.core.main.TestCaseMain.startTestSuite(TestCaseMain.java:180)
	at TempTestSuite1732768729443.run(TempTestSuite1732768729443.groovy:35)
	at java.base/jdk.internal.reflect.NativeMethodAccessorImpl.invoke0(Native Method)
	at java.base/jdk.internal.reflect.NativeMethodAccessorImpl.invoke(NativeMethodAccessorImpl.java:77)
	at java.base/jdk.internal.reflect.DelegatingMethodAccessorImpl.invoke(DelegatingMethodAccessorImpl.java:43)
Caused by: org.openqa.selenium.ElementNotInteractableException: Element <input id="txt_digito_verificador" class="form-control" name="txt_digito_verificador" type=" text"> could not be scrolled into view
Build info: version: '3.141.59', revision: 'unknown', time: 'unknown'
System info: host: 'DESKTOP-RGFFP9A', ip: '10.136.10.6', os.name: 'Windows 11', os.arch: 'amd64', os.version: '10.0', java.version: '17.0.7'
Driver info: com.kms.katalon.core.webui.driver.firefox.CGeckoDriver
Capabilities {acceptInsecureCerts: true, browserName: firefox, browserVersion: 133.0, javascriptEnabled: true, moz:accessibilityChecks: false, moz:buildID: 20241121140525, moz:geckodriverVersion: 0.35.0, moz:headless: false, moz:platformVersion: 10.0, moz:processID: 34312, moz:profile: C:\Users\OLVATI\AppData\Loc..., moz:shutdownTimeout: 60000, moz:webdriverClick: true, moz:windowless: false, pageLoadStrategy: normal, platform: WINDOWS, platformName: WINDOWS, proxy: Proxy(direct), setWindowRect: true, strictFileInteractability: false, timeouts: {implicit: 0, pageLoad: 300000, script: 30000}, unhandledPromptBehavior: dismiss and notify, userAgent: Mozilla/5.0 (Windows NT 10....}
Session ID: e4ba690c-442b-4868-9462-101ad2ae15de
	at java.base/jdk.internal.reflect.NativeConstructorAccessorImpl.newInstance0(Native Method)
	at java.base/jdk.internal.reflect.NativeConstructorAccessorImpl.newInstance(NativeConstructorAccessorImpl.java:77)
	at java.base/jdk.internal.reflect.DelegatingConstructorAccessorImpl.newInstance(DelegatingConstructorAccessorImpl.java:45)
	at org.openqa.selenium.remote.http.W3CHttpResponseCodec.createException(W3CHttpResponseCodec.java:187)
	at org.openqa.selenium.remote.http.W3CHttpResponseCodec.decode(W3CHttpResponseCodec.java:122)
	at org.openqa.selenium.remote.http.W3CHttpResponseCodec.decode(W3CHttpResponseCodec.java:49)
	at org.openqa.selenium.remote.HttpCommandExecutor.execute(HttpCommandExecutor.java:158)
	at org.openqa.selenium.remote.service.DriverCommandExecutor.execute(DriverCommandExecutor.java:83)
	at org.openqa.selenium.remote.RemoteWebDriver.execute(RemoteWebDriver.java:552)
	at com.kms.katalon.selenium.driver.CFirefoxDriver.execute(CFirefoxDriver.java:28)
	at org.openqa.selenium.remote.RemoteWebElement.execute(RemoteWebElement.java:285)
	at org.openqa.selenium.remote.RemoteWebElement.clear(RemoteWebElement.java:124)
	at java.base/jdk.internal.reflect.NativeMethodAccessorImpl.invoke0(Native Method)
	at java.base/jdk.internal.reflect.NativeMethodAccessorImpl.invoke(NativeMethodAccessorImpl.java:77)
	at java.base/jdk.internal.reflect.DelegatingMethodAccessorImpl.invoke(DelegatingMethodAccessorImpl.java:43)
	at org.openqa.selenium.support.events.EventFiringWebDriver$EventFiringWebElement.lambda$new$0(EventFiringWebDriver.java:404)
	at jdk.proxy2/jdk.proxy2.$Proxy21.clear(Unknown Source)
	at org.openqa.selenium.support.events.EventFiringWebDriver$EventFiringWebElement.clear(EventFiringWebDriver.java:436)
	at com.kms.katalon.core.webui.keyword.builtin.SetTextKeyword$_setText_closure1.doCall(SetTextKeyword.groovy:55)
	at com.kms.katalon.core.webui.keyword.builtin.SetTextKeyword$_setText_closure1.call(SetTextKeyword.groovy)
	at com.kms.katalon.core.webui.keyword.internal.WebUIKeywordMain.runKeyword(WebUIKeywordMain.groovy:35)
	at com.kms.katalon.core.webui.keyword.builtin.SetTextKeyword.setText(SetTextKeyword.groovy:85)
	at com.kms.katalon.core.webui.keyword.builtin.SetTextKeyword.execute(SetTextKeyword.groovy:39)
	at com.kms.katalon.core.keyword.internal.KeywordExecutor.executeKeywordForPlatform(KeywordExecutor.groovy:74)
	at com.kms.katalon.core.webui.keyword.WebUiBuiltInKeywords.setText(WebUiBuiltInKeywords.groovy:1019)
	at Script1732688354314.run(Script1732688354314.groovy:40)
	... 15 more
)]]></system-out>
         <system-err><![CDATA[27-11-2024T23:40:35 - [TEST_CASE][FAILED] - Test Cases/5.Empaques/4.Positivas/Comprar Empaques - DNI - Tienda: Test Cases/5.Empaques/4.Positivas/Comprar Empaques - DNI - Tienda FAILED.
Reason:
com.kms.katalon.core.exception.StepFailedException: Unable to set text 'Benites' of object 'Object Repository/Comprar Empaques/Page_Olva Courier  Datos Personales/input_El apellido ingresado debe ser igual _544e76'
	at com.kms.katalon.core.webui.keyword.internal.WebUIKeywordMain.stepFailed(WebUIKeywordMain.groovy:117)
	at com.kms.katalon.core.webui.keyword.internal.WebUIKeywordMain.runKeyword(WebUIKeywordMain.groovy:43)
	at com.kms.katalon.core.webui.keyword.builtin.SetTextKeyword.setText(SetTextKeyword.groovy:85)
	at com.kms.katalon.core.webui.keyword.builtin.SetTextKeyword.execute(SetTextKeyword.groovy:39)
	at com.kms.katalon.core.keyword.internal.KeywordExecutor.executeKeywordForPlatform(KeywordExecutor.groovy:74)
	at com.kms.katalon.core.webui.keyword.WebUiBuiltInKeywords.setText(WebUiBuiltInKeywords.groovy:1019)
	at Comprar Empaques - DNI - Tienda.run(Comprar Empaques - DNI - Tienda:40)
	at com.kms.katalon.core.main.ScriptEngine.run(ScriptEngine.java:194)
	at com.kms.katalon.core.main.ScriptEngine.runScriptAsRawText(ScriptEngine.java:119)
	at com.kms.katalon.core.main.TestCaseExecutor.runScript(TestCaseExecutor.java:448)
	at com.kms.katalon.core.main.TestCaseExecutor.doExecute(TestCaseExecutor.java:439)
	at com.kms.katalon.core.main.TestCaseExecutor.processExecutionPhase(TestCaseExecutor.java:418)
	at com.kms.katalon.core.main.TestCaseExecutor.accessMainPhase(TestCaseExecutor.java:410)
	at com.kms.katalon.core.main.TestCaseExecutor.execute(TestCaseExecutor.java:285)
	at com.kms.katalon.core.common.CommonExecutor.accessTestCaseMainPhase(CommonExecutor.java:65)
	at com.kms.katalon.core.main.TestSuiteExecutor.accessTestSuiteMainPhase(TestSuiteExecutor.java:150)
	at com.kms.katalon.core.main.TestSuiteExecutor.execute(TestSuiteExecutor.java:106)
	at com.kms.katalon.core.main.TestCaseMain.startTestSuite(TestCaseMain.java:180)
	at TempTestSuite1732768729443.run(TempTestSuite1732768729443.groovy:35)
	at java.base/jdk.internal.reflect.NativeMethodAccessorImpl.invoke0(Native Method)
	at java.base/jdk.internal.reflect.NativeMethodAccessorImpl.invoke(NativeMethodAccessorImpl.java:77)
	at java.base/jdk.internal.reflect.DelegatingMethodAccessorImpl.invoke(DelegatingMethodAccessorImpl.java:43)
Caused by: org.openqa.selenium.ElementNotInteractableException: Element <input id="txt_digito_verificador" class="form-control" name="txt_digito_verificador" type=" text"> could not be scrolled into view
Build info: version: '3.141.59', revision: 'unknown', time: 'unknown'
System info: host: 'DESKTOP-RGFFP9A', ip: '10.136.10.6', os.name: 'Windows 11', os.arch: 'amd64', os.version: '10.0', java.version: '17.0.7'
Driver info: com.kms.katalon.core.webui.driver.firefox.CGeckoDriver
Capabilities {acceptInsecureCerts: true, browserName: firefox, browserVersion: 133.0, javascriptEnabled: true, moz:accessibilityChecks: false, moz:buildID: 20241121140525, moz:geckodriverVersion: 0.35.0, moz:headless: false, moz:platformVersion: 10.0, moz:processID: 34312, moz:profile: C:\Users\OLVATI\AppData\Loc..., moz:shutdownTimeout: 60000, moz:webdriverClick: true, moz:windowless: false, pageLoadStrategy: normal, platform: WINDOWS, platformName: WINDOWS, proxy: Proxy(direct), setWindowRect: true, strictFileInteractability: false, timeouts: {implicit: 0, pageLoad: 300000, script: 30000}, unhandledPromptBehavior: dismiss and notify, userAgent: Mozilla/5.0 (Windows NT 10....}
Session ID: e4ba690c-442b-4868-9462-101ad2ae15de
	at java.base/jdk.internal.reflect.NativeConstructorAccessorImpl.newInstance0(Native Method)
	at java.base/jdk.internal.reflect.NativeConstructorAccessorImpl.newInstance(NativeConstructorAccessorImpl.java:77)
	at java.base/jdk.internal.reflect.DelegatingConstructorAccessorImpl.newInstance(DelegatingConstructorAccessorImpl.java:45)
	at org.openqa.selenium.remote.http.W3CHttpResponseCodec.createException(W3CHttpResponseCodec.java:187)
	at org.openqa.selenium.remote.http.W3CHttpResponseCodec.decode(W3CHttpResponseCodec.java:122)
	at org.openqa.selenium.remote.http.W3CHttpResponseCodec.decode(W3CHttpResponseCodec.java:49)
	at org.openqa.selenium.remote.HttpCommandExecutor.execute(HttpCommandExecutor.java:158)
	at org.openqa.selenium.remote.service.DriverCommandExecutor.execute(DriverCommandExecutor.java:83)
	at org.openqa.selenium.remote.RemoteWebDriver.execute(RemoteWebDriver.java:552)
	at com.kms.katalon.selenium.driver.CFirefoxDriver.execute(CFirefoxDriver.java:28)
	at org.openqa.selenium.remote.RemoteWebElement.execute(RemoteWebElement.java:285)
	at org.openqa.selenium.remote.RemoteWebElement.clear(RemoteWebElement.java:124)
	at java.base/jdk.internal.reflect.NativeMethodAccessorImpl.invoke0(Native Method)
	at java.base/jdk.internal.reflect.NativeMethodAccessorImpl.invoke(NativeMethodAccessorImpl.java:77)
	at java.base/jdk.internal.reflect.DelegatingMethodAccessorImpl.invoke(DelegatingMethodAccessorImpl.java:43)
	at org.openqa.selenium.support.events.EventFiringWebDriver$EventFiringWebElement.lambda$new$0(EventFiringWebDriver.java:404)
	at jdk.proxy2/jdk.proxy2.$Proxy21.clear(Unknown Source)
	at org.openqa.selenium.support.events.EventFiringWebDriver$EventFiringWebElement.clear(EventFiringWebDriver.java:436)
	at com.kms.katalon.core.webui.keyword.builtin.SetTextKeyword$_setText_closure1.doCall(SetTextKeyword.groovy:55)
	at com.kms.katalon.core.webui.keyword.builtin.SetTextKeyword$_setText_closure1.call(SetTextKeyword.groovy)
	at com.kms.katalon.core.webui.keyword.internal.WebUIKeywordMain.runKeyword(WebUIKeywordMain.groovy:35)
	... 20 more]]></system-err>
      </testcase>
      <testcase name="Test Cases/5.Empaques/4.Positivas/Comprar Empaques - Olvacorp" time="40.738" classname="Test Cases/5.Empaques/4.Positivas/Comprar Empaques - Olvacorp" status="PASSED">
         <system-out><![CDATA[27-11-2024T23:40:57 - [TEST_CASE][PASSED] - Test Cases/5.Empaques/4.Positivas/Comprar Empaques - Olvacorp: Test Cases/5.Empaques/4.Positivas/Comprar Empaques - Olvacorp

27-11-2024T23:40:57 - [TEST_STEP][PASSED] - callTestCase(findTestCase("5.Empaques/1.Inicio-Empaques/Inicio-cajas"), [:], STOP_ON_FAILURE): Call Test Case 'Test Cases/5.Empaques/1.Inicio-Empaques/Inicio-cajas' successfully

27-11-2024T23:40:57 - [TEST_CASE][PASSED] - Test Cases/5.Empaques/1.Inicio-Empaques/Inicio-cajas: Test Cases/5.Empaques/1.Inicio-Empaques/Inicio-cajas

27-11-2024T23:40:57 - [TEST_STEP][PASSED] - openBrowser(""): Browser is opened with url: ''

27-11-2024T23:40:57 - [MESSAGE][WARNING] - A browser is already opened. Closing browser and opening a new one

27-11-2024T23:40:58 - [MESSAGE][INFO] - Starting 'Firefox' driver

27-11-2024T23:40:58 - [MESSAGE][INFO] - Action delay is set to 0 milliseconds

27-11-2024T23:41:09 - [MESSAGE][PASSED] - Browser is opened with url: ''

27-11-2024T23:41:09 - [TEST_STEP][PASSED] - navigateToUrl("https://dev01-registrodeenvios.olvacourier.com/principal"): Navigate to 'https://dev01-registrodeenvios.olvacourier.com/principal' successfully

27-11-2024T23:41:11 - [MESSAGE][PASSED] - Navigate to 'https://dev01-registrodeenvios.olvacourier.com/principal' successfully

27-11-2024T23:41:11 - [TEST_STEP][PASSED] - maximizeWindow(STOP_ON_FAILURE): Current window maximized

27-11-2024T23:41:11 - [MESSAGE][PASSED] - Current window maximized

27-11-2024T23:41:11 - [MESSAGE][PASSED] - Call Test Case 'Test Cases/5.Empaques/1.Inicio-Empaques/Inicio-cajas' successfully

27-11-2024T23:41:11 - [TEST_STEP][PASSED] - click(findTestObject("Object Repository/Comprar Empaques/Page_Olva Courier  Confirma tus datos/img_Envo de documentoscon un peso mximo de__8aba39")): Object: 'Object Repository/Comprar Empaques/Page_Olva Courier  Confirma tus datos/img_Envo de documentoscon un peso mximo de__8aba39' is clicked on

27-11-2024T23:41:12 - [MESSAGE][PASSED] - Object: 'Object Repository/Comprar Empaques/Page_Olva Courier  Confirma tus datos/img_Envo de documentoscon un peso mximo de__8aba39' is clicked on

27-11-2024T23:41:12 - [TEST_STEP][PASSED] - click(findTestObject("Object Repository/Comprar Empaques/Page_Olva Courier  Confirma tus datos/span_He ledo y acepto los_checkmark")): Object: 'Object Repository/Comprar Empaques/Page_Olva Courier  Confirma tus datos/span_He ledo y acepto los_checkmark' is clicked on

27-11-2024T23:41:12 - [MESSAGE][PASSED] - Object: 'Object Repository/Comprar Empaques/Page_Olva Courier  Confirma tus datos/span_He ledo y acepto los_checkmark' is clicked on

27-11-2024T23:41:12 - [TEST_STEP][PASSED] - scrollToElement(findTestObject("Object Repository/Comprar Empaques/Page_Olva Courier  Confirma tus datos/button_CONTINUAR"), 0): Scroll to object 'Object Repository/Comprar Empaques/Page_Olva Courier  Confirma tus datos/button_CONTINUAR' successfully

27-11-2024T23:41:12 - [MESSAGE][WARNING] - Timeout '0' is invalid. Using default page load timeout: '30'

27-11-2024T23:41:12 - [MESSAGE][PASSED] - Scroll to object 'Object Repository/Comprar Empaques/Page_Olva Courier  Confirma tus datos/button_CONTINUAR' successfully

27-11-2024T23:41:12 - [TEST_STEP][PASSED] - click(findTestObject("Object Repository/Comprar Empaques/Page_Olva Courier  Confirma tus datos/button_CONTINUAR")): Object: 'Object Repository/Comprar Empaques/Page_Olva Courier  Confirma tus datos/button_CONTINUAR' is clicked on

27-11-2024T23:41:13 - [MESSAGE][PASSED] - Object: 'Object Repository/Comprar Empaques/Page_Olva Courier  Confirma tus datos/button_CONTINUAR' is clicked on

27-11-2024T23:41:13 - [TEST_STEP][PASSED] - click(findTestObject("Object Repository/Comprar Empaques/Page_Olva Courier  Datos Personales/span_Tipo De Documento")): Object: 'Object Repository/Comprar Empaques/Page_Olva Courier  Datos Personales/span_Tipo De Documento' is clicked on

27-11-2024T23:41:14 - [MESSAGE][PASSED] - Object: 'Object Repository/Comprar Empaques/Page_Olva Courier  Datos Personales/span_Tipo De Documento' is clicked on

27-11-2024T23:41:14 - [TEST_STEP][PASSED] - click(findTestObject("Object Repository/Comprar Empaques/Page_Olva Courier  Datos Personales/a_RUC")): Object: 'Object Repository/Comprar Empaques/Page_Olva Courier  Datos Personales/a_RUC' is clicked on

27-11-2024T23:41:15 - [MESSAGE][PASSED] - Object: 'Object Repository/Comprar Empaques/Page_Olva Courier  Datos Personales/a_RUC' is clicked on

27-11-2024T23:41:15 - [TEST_STEP][PASSED] - setText(findTestObject("Object Repository/Comprar Empaques/Page_Olva Courier  Datos Personales/input_CARN EXT_txt_documento_cliente"), "10066810581"): Text '10066810581' is set on object 'Object Repository/Comprar Empaques/Page_Olva Courier  Datos Personales/input_CARN EXT_txt_documento_cliente'

27-11-2024T23:41:15 - [MESSAGE][PASSED] - Text '10066810581' is set on object 'Object Repository/Comprar Empaques/Page_Olva Courier  Datos Personales/input_CARN EXT_txt_documento_cliente'

27-11-2024T23:41:15 - [TEST_STEP][PASSED] - setText(findTestObject("Object Repository/Comprar Empaques/Page_Olva Courier  Datos Personales/input_CARN EXT_txt_telefono_cliente"), "900000001"): Text '900000001' is set on object 'Object Repository/Comprar Empaques/Page_Olva Courier  Datos Personales/input_CARN EXT_txt_telefono_cliente'

27-11-2024T23:41:17 - [MESSAGE][PASSED] - Text '900000001' is set on object 'Object Repository/Comprar Empaques/Page_Olva Courier  Datos Personales/input_CARN EXT_txt_telefono_cliente'

27-11-2024T23:41:17 - [TEST_STEP][PASSED] - click(findTestObject("Object Repository/Comprar Empaques/Page_Olva Courier  Datos Personales/div_Hola,")): Object: 'Object Repository/Comprar Empaques/Page_Olva Courier  Datos Personales/div_Hola,' is clicked on

27-11-2024T23:41:17 - [MESSAGE][PASSED] - Object: 'Object Repository/Comprar Empaques/Page_Olva Courier  Datos Personales/div_Hola,' is clicked on

27-11-2024T23:41:17 - [TEST_STEP][PASSED] - scrollToElement(findTestObject("Object Repository/Comprar Empaques/Page_Olva Courier  Datos Personales/button_CONTINUAR"), 0): Scroll to object 'Object Repository/Comprar Empaques/Page_Olva Courier  Datos Personales/button_CONTINUAR' successfully

27-11-2024T23:41:17 - [MESSAGE][WARNING] - Timeout '0' is invalid. Using default page load timeout: '30'

27-11-2024T23:41:18 - [MESSAGE][PASSED] - Scroll to object 'Object Repository/Comprar Empaques/Page_Olva Courier  Datos Personales/button_CONTINUAR' successfully

27-11-2024T23:41:18 - [TEST_STEP][PASSED] - click(findTestObject("Object Repository/Comprar Empaques/Page_Olva Courier  Datos Personales/button_CONTINUAR")): Object: 'Object Repository/Comprar Empaques/Page_Olva Courier  Datos Personales/button_CONTINUAR' is clicked on

27-11-2024T23:41:19 - [MESSAGE][PASSED] - Object: 'Object Repository/Comprar Empaques/Page_Olva Courier  Datos Personales/button_CONTINUAR' is clicked on

27-11-2024T23:41:19 - [TEST_STEP][PASSED] - scrollToPosition(0, 400): Browser is scrolled to position x = 0, y = 400

27-11-2024T23:41:19 - [MESSAGE][PASSED] - Browser is scrolled to position x = 0, y = 400

27-11-2024T23:41:19 - [TEST_STEP][PASSED] - click(findTestObject("EMPAQUE 1")): Object: 'Object Repository/EMPAQUE 1' is clicked on

27-11-2024T23:41:19 - [MESSAGE][PASSED] - Object: 'Object Repository/EMPAQUE 1' is clicked on

27-11-2024T23:41:19 - [TEST_STEP][PASSED] - click(findTestObject("EMPAQUE 2")): Object: 'Object Repository/EMPAQUE 2' is clicked on

27-11-2024T23:41:20 - [MESSAGE][PASSED] - Object: 'Object Repository/EMPAQUE 2' is clicked on

27-11-2024T23:41:20 - [TEST_STEP][PASSED] - click(findTestObject("EMPAQUE 3")): Object: 'Object Repository/EMPAQUE 3' is clicked on

27-11-2024T23:41:20 - [MESSAGE][PASSED] - Object: 'Object Repository/EMPAQUE 3' is clicked on

27-11-2024T23:41:20 - [TEST_STEP][PASSED] - scrollToElement(findTestObject("Comprar Empaques/Page_Olva Courier  Datos Personales/button_CONTINUAR_empaque"), 0): Scroll to object 'Object Repository/Comprar Empaques/Page_Olva Courier  Datos Personales/button_CONTINUAR_empaque' successfully

27-11-2024T23:41:20 - [MESSAGE][WARNING] - Timeout '0' is invalid. Using default page load timeout: '30'

27-11-2024T23:41:20 - [MESSAGE][PASSED] - Scroll to object 'Object Repository/Comprar Empaques/Page_Olva Courier  Datos Personales/button_CONTINUAR_empaque' successfully

27-11-2024T23:41:20 - [TEST_STEP][PASSED] - click(findTestObject("Comprar Empaques/Page_Olva Courier  Datos Personales/button_CONTINUAR_empaque")): Object: 'Object Repository/Comprar Empaques/Page_Olva Courier  Datos Personales/button_CONTINUAR_empaque' is clicked on

27-11-2024T23:41:21 - [MESSAGE][PASSED] - Object: 'Object Repository/Comprar Empaques/Page_Olva Courier  Datos Personales/button_CONTINUAR_empaque' is clicked on

27-11-2024T23:41:21 - [TEST_STEP][PASSED] - scrollToElement(findTestObject("Object Repository/Comprar Empaques/Page_Olva Courier  Datos Personales/button_CONTINUAR_1_2"), 0): Scroll to object 'Object Repository/Comprar Empaques/Page_Olva Courier  Datos Personales/button_CONTINUAR_1_2' successfully

27-11-2024T23:41:21 - [MESSAGE][WARNING] - Timeout '0' is invalid. Using default page load timeout: '30'

27-11-2024T23:41:21 - [MESSAGE][PASSED] - Scroll to object 'Object Repository/Comprar Empaques/Page_Olva Courier  Datos Personales/button_CONTINUAR_1_2' successfully

27-11-2024T23:41:21 - [TEST_STEP][PASSED] - click(findTestObject("Object Repository/Comprar Empaques/Page_Olva Courier  Datos Personales/button_CONTINUAR_1_2")): Object: 'Object Repository/Comprar Empaques/Page_Olva Courier  Datos Personales/button_CONTINUAR_1_2' is clicked on

27-11-2024T23:41:24 - [MESSAGE][PASSED] - Object: 'Object Repository/Comprar Empaques/Page_Olva Courier  Datos Personales/button_CONTINUAR_1_2' is clicked on

27-11-2024T23:41:24 - [TEST_STEP][PASSED] - delay(3): Delayed 3 second(s)

27-11-2024T23:41:27 - [MESSAGE][PASSED] - Delayed 3 second(s)

27-11-2024T23:41:27 - [TEST_STEP][PASSED] - rightClick(findTestObject("Object Repository/Comprar Empaques/Page_Olva Courier  Datos Personales/button_LIMA - LIMA - MIRAFLORES")): Object: 'Object Repository/Comprar Empaques/Page_Olva Courier  Datos Personales/button_LIMA - LIMA - MIRAFLORES' is right clicked on

27-11-2024T23:41:27 - [MESSAGE][PASSED] - Object: 'Object Repository/Comprar Empaques/Page_Olva Courier  Datos Personales/button_LIMA - LIMA - MIRAFLORES' is right clicked on

27-11-2024T23:41:27 - [TEST_STEP][PASSED] - click(findTestObject("Object Repository/Comprar Empaques/Page_Olva Courier  Datos Personales/button_LIMA - LIMA - MIRAFLORES")): Object: 'Object Repository/Comprar Empaques/Page_Olva Courier  Datos Personales/button_LIMA - LIMA - MIRAFLORES' is clicked on

27-11-2024T23:41:28 - [MESSAGE][PASSED] - Object: 'Object Repository/Comprar Empaques/Page_Olva Courier  Datos Personales/button_LIMA - LIMA - MIRAFLORES' is clicked on

27-11-2024T23:41:28 - [TEST_STEP][PASSED] - click(findTestObject("Object Repository/Comprar Empaques/Page_Olva Courier  Datos Personales/a_CALLAO - CALLAO - CALLAO")): Object: 'Object Repository/Comprar Empaques/Page_Olva Courier  Datos Personales/a_CALLAO - CALLAO - CALLAO' is clicked on

27-11-2024T23:41:28 - [MESSAGE][PASSED] - Object: 'Object Repository/Comprar Empaques/Page_Olva Courier  Datos Personales/a_CALLAO - CALLAO - CALLAO' is clicked on

27-11-2024T23:41:28 - [TEST_STEP][PASSED] - click(findTestObject("Object Repository/Comprar Empaques/Page_Olva Courier  Datos Personales/button_Tienda")): Object: 'Object Repository/Comprar Empaques/Page_Olva Courier  Datos Personales/button_Tienda' is clicked on

27-11-2024T23:41:29 - [MESSAGE][PASSED] - Object: 'Object Repository/Comprar Empaques/Page_Olva Courier  Datos Personales/button_Tienda' is clicked on

27-11-2024T23:41:29 - [TEST_STEP][PASSED] - click(findTestObject("Object Repository/Comprar Empaques/Page_Olva Courier  Datos Personales/a_OLVA ALMACEN - AV. ARGENTINA 4458 - CALLA_89a3f6")): Object: 'Object Repository/Comprar Empaques/Page_Olva Courier  Datos Personales/a_OLVA ALMACEN - AV. ARGENTINA 4458 - CALLA_89a3f6' is clicked on

27-11-2024T23:41:29 - [MESSAGE][PASSED] - Object: 'Object Repository/Comprar Empaques/Page_Olva Courier  Datos Personales/a_OLVA ALMACEN - AV. ARGENTINA 4458 - CALLA_89a3f6' is clicked on

27-11-2024T23:41:29 - [TEST_STEP][PASSED] - click(findTestObject("Object Repository/Comprar Empaques/Page_Olva Courier  Datos Personales/button_CONTINUAR (2)")): Object: 'Object Repository/Comprar Empaques/Page_Olva Courier  Datos Personales/button_CONTINUAR (2)' is clicked on

27-11-2024T23:41:30 - [MESSAGE][PASSED] - Object: 'Object Repository/Comprar Empaques/Page_Olva Courier  Datos Personales/button_CONTINUAR (2)' is clicked on

27-11-2024T23:41:30 - [TEST_STEP][PASSED] - setText(findTestObject("Object Repository/Comprar Empaques/Page_Olva Courier  Datos Personales/input_Para el recojo de tu compra se necesi_22ff2d"), "1"): Text '1' is set on object 'Object Repository/Comprar Empaques/Page_Olva Courier  Datos Personales/input_Para el recojo de tu compra se necesi_22ff2d'

27-11-2024T23:41:31 - [MESSAGE][PASSED] - Text '1' is set on object 'Object Repository/Comprar Empaques/Page_Olva Courier  Datos Personales/input_Para el recojo de tu compra se necesi_22ff2d'

27-11-2024T23:41:31 - [TEST_STEP][PASSED] - setText(findTestObject("Object Repository/Comprar Empaques/Page_Olva Courier  Datos Personales/input_Para el recojo de tu compra se necesi_39579b"), "1"): Text '1' is set on object 'Object Repository/Comprar Empaques/Page_Olva Courier  Datos Personales/input_Para el recojo de tu compra se necesi_39579b'

27-11-2024T23:41:32 - [MESSAGE][PASSED] - Text '1' is set on object 'Object Repository/Comprar Empaques/Page_Olva Courier  Datos Personales/input_Para el recojo de tu compra se necesi_39579b'

27-11-2024T23:41:32 - [TEST_STEP][PASSED] - setText(findTestObject("Object Repository/Comprar Empaques/Page_Olva Courier  Datos Personales/input_Para el recojo de tu compra se necesi_9b4583"), "1"): Text '1' is set on object 'Object Repository/Comprar Empaques/Page_Olva Courier  Datos Personales/input_Para el recojo de tu compra se necesi_9b4583'

27-11-2024T23:41:32 - [MESSAGE][PASSED] - Text '1' is set on object 'Object Repository/Comprar Empaques/Page_Olva Courier  Datos Personales/input_Para el recojo de tu compra se necesi_9b4583'

27-11-2024T23:41:32 - [TEST_STEP][PASSED] - setText(findTestObject("Object Repository/Comprar Empaques/Page_Olva Courier  Datos Personales/input_Para el recojo de tu compra se necesi_cbc9dd"), "1"): Text '1' is set on object 'Object Repository/Comprar Empaques/Page_Olva Courier  Datos Personales/input_Para el recojo de tu compra se necesi_cbc9dd'

27-11-2024T23:41:33 - [MESSAGE][PASSED] - Text '1' is set on object 'Object Repository/Comprar Empaques/Page_Olva Courier  Datos Personales/input_Para el recojo de tu compra se necesi_cbc9dd'

27-11-2024T23:41:33 - [TEST_STEP][PASSED] - click(findTestObject("Object Repository/Comprar Empaques/Page_Olva Courier  Datos Personales/div_Aceptar")): Object: 'Object Repository/Comprar Empaques/Page_Olva Courier  Datos Personales/div_Aceptar' is clicked on

27-11-2024T23:41:34 - [MESSAGE][PASSED] - Object: 'Object Repository/Comprar Empaques/Page_Olva Courier  Datos Personales/div_Aceptar' is clicked on

27-11-2024T23:41:34 - [TEST_STEP][PASSED] - scrollToElement(findTestObject("Object Repository/Comprar Empaques/Page_Olva Courier  Datos Personales/button_PAGAR"), 0): Scroll to object 'Object Repository/Comprar Empaques/Page_Olva Courier  Datos Personales/button_PAGAR' successfully

27-11-2024T23:41:34 - [MESSAGE][WARNING] - Timeout '0' is invalid. Using default page load timeout: '30'

27-11-2024T23:41:36 - [MESSAGE][PASSED] - Scroll to object 'Object Repository/Comprar Empaques/Page_Olva Courier  Datos Personales/button_PAGAR' successfully

27-11-2024T23:41:36 - [TEST_STEP][PASSED] - verifyElementPresent(findTestObject("Object Repository/Comprar Empaques/Page_Olva Courier  Datos Personales/button_PAGAR"), 0): Object 'Object Repository/Comprar Empaques/Page_Olva Courier  Datos Personales/button_PAGAR' is present

27-11-2024T23:41:36 - [MESSAGE][WARNING] - Timeout '0' is invalid. Using default page load timeout: '30'

27-11-2024T23:41:36 - [MESSAGE][PASSED] - Object 'Object Repository/Comprar Empaques/Page_Olva Courier  Datos Personales/button_PAGAR' is present

27-11-2024T23:41:36 - [TEST_STEP][PASSED] - callTestCase(findTestCase("5.Empaques/3.Pago-Empaques/Pago-exitoso"), [:], STOP_ON_FAILURE): Call Test Case 'Test Cases/5.Empaques/3.Pago-Empaques/Pago-exitoso' successfully

27-11-2024T23:41:36 - [TEST_CASE][PASSED] - Test Cases/5.Empaques/3.Pago-Empaques/Pago-exitoso: Test Cases/5.Empaques/3.Pago-Empaques/Pago-exitoso

27-11-2024T23:41:36 - [TEST_STEP][PASSED] - verifyElementPresent(findTestObject("Object Repository/pago/Page_Olva Courier  Medios de pago/div_Pago con tarjeta de crdito, dbito y Yape"), 0): Object 'Object Repository/pago/Page_Olva Courier  Medios de pago/div_Pago con tarjeta de crdito, dbito y Yape' is present

27-11-2024T23:41:36 - [MESSAGE][WARNING] - Timeout '0' is invalid. Using default page load timeout: '30'

27-11-2024T23:41:37 - [MESSAGE][PASSED] - Object 'Object Repository/pago/Page_Olva Courier  Medios de pago/div_Pago con tarjeta de crdito, dbito y Yape' is present

27-11-2024T23:41:37 - [TEST_STEP][PASSED] - verifyElementPresent(findTestObject("Object Repository/pago/Page_Olva Courier  Medios de pago/td_S"), 0): Object 'Object Repository/pago/Page_Olva Courier  Medios de pago/td_S' is present

27-11-2024T23:41:37 - [MESSAGE][WARNING] - Timeout '0' is invalid. Using default page load timeout: '30'

27-11-2024T23:41:37 - [MESSAGE][PASSED] - Object 'Object Repository/pago/Page_Olva Courier  Medios de pago/td_S' is present

27-11-2024T23:41:37 - [TEST_STEP][PASSED] - click(findTestObject("Object Repository/pago/Page_Olva Courier  Medios de pago/button_PAGAR")): Object: 'Object Repository/pago/Page_Olva Courier  Medios de pago/button_PAGAR' is clicked on

27-11-2024T23:41:38 - [MESSAGE][PASSED] - Object: 'Object Repository/pago/Page_Olva Courier  Medios de pago/button_PAGAR' is clicked on

27-11-2024T23:41:38 - [MESSAGE][PASSED] - Call Test Case 'Test Cases/5.Empaques/3.Pago-Empaques/Pago-exitoso' successfully]]></system-out>
         <system-err><![CDATA[]]></system-err>
      </testcase>
      <testcase name="Test Cases/5.Empaques/4.Positivas/Comprar Empaques - RUC - Tienda" time="43.141" classname="Test Cases/5.Empaques/4.Positivas/Comprar Empaques - RUC - Tienda" status="PASSED">
         <system-out><![CDATA[27-11-2024T23:41:38 - [TEST_CASE][PASSED] - Test Cases/5.Empaques/4.Positivas/Comprar Empaques - RUC - Tienda: Test Cases/5.Empaques/4.Positivas/Comprar Empaques - RUC - Tienda

27-11-2024T23:41:38 - [TEST_STEP][PASSED] - callTestCase(findTestCase("5.Empaques/1.Inicio-Empaques/Inicio-cajas"), [:], STOP_ON_FAILURE): Call Test Case 'Test Cases/5.Empaques/1.Inicio-Empaques/Inicio-cajas' successfully

27-11-2024T23:41:38 - [TEST_CASE][PASSED] - Test Cases/5.Empaques/1.Inicio-Empaques/Inicio-cajas: Test Cases/5.Empaques/1.Inicio-Empaques/Inicio-cajas

27-11-2024T23:41:38 - [TEST_STEP][PASSED] - openBrowser(""): Browser is opened with url: ''

27-11-2024T23:41:38 - [MESSAGE][WARNING] - A browser is already opened. Closing browser and opening a new one

27-11-2024T23:41:40 - [MESSAGE][INFO] - Starting 'Firefox' driver

27-11-2024T23:41:40 - [MESSAGE][INFO] - Action delay is set to 0 milliseconds

27-11-2024T23:41:51 - [MESSAGE][PASSED] - Browser is opened with url: ''

27-11-2024T23:41:51 - [TEST_STEP][PASSED] - navigateToUrl("https://dev01-registrodeenvios.olvacourier.com/principal"): Navigate to 'https://dev01-registrodeenvios.olvacourier.com/principal' successfully

27-11-2024T23:41:53 - [MESSAGE][PASSED] - Navigate to 'https://dev01-registrodeenvios.olvacourier.com/principal' successfully

27-11-2024T23:41:53 - [TEST_STEP][PASSED] - maximizeWindow(STOP_ON_FAILURE): Current window maximized

27-11-2024T23:41:53 - [MESSAGE][PASSED] - Current window maximized

27-11-2024T23:41:53 - [MESSAGE][PASSED] - Call Test Case 'Test Cases/5.Empaques/1.Inicio-Empaques/Inicio-cajas' successfully

27-11-2024T23:41:53 - [TEST_STEP][PASSED] - click(findTestObject("Object Repository/Comprar Empaques/Page_Olva Courier  Confirma tus datos/img_Envo de documentoscon un peso mximo de__8aba39")): Object: 'Object Repository/Comprar Empaques/Page_Olva Courier  Confirma tus datos/img_Envo de documentoscon un peso mximo de__8aba39' is clicked on

27-11-2024T23:41:53 - [MESSAGE][PASSED] - Object: 'Object Repository/Comprar Empaques/Page_Olva Courier  Confirma tus datos/img_Envo de documentoscon un peso mximo de__8aba39' is clicked on

27-11-2024T23:41:53 - [TEST_STEP][PASSED] - click(findTestObject("Object Repository/Comprar Empaques/Page_Olva Courier  Confirma tus datos/span_He ledo y acepto los_checkmark")): Object: 'Object Repository/Comprar Empaques/Page_Olva Courier  Confirma tus datos/span_He ledo y acepto los_checkmark' is clicked on

27-11-2024T23:41:54 - [MESSAGE][PASSED] - Object: 'Object Repository/Comprar Empaques/Page_Olva Courier  Confirma tus datos/span_He ledo y acepto los_checkmark' is clicked on

27-11-2024T23:41:54 - [TEST_STEP][PASSED] - scrollToElement(findTestObject("Object Repository/Comprar Empaques/Page_Olva Courier  Confirma tus datos/button_CONTINUAR"), 0): Scroll to object 'Object Repository/Comprar Empaques/Page_Olva Courier  Confirma tus datos/button_CONTINUAR' successfully

27-11-2024T23:41:54 - [MESSAGE][WARNING] - Timeout '0' is invalid. Using default page load timeout: '30'

27-11-2024T23:41:54 - [MESSAGE][PASSED] - Scroll to object 'Object Repository/Comprar Empaques/Page_Olva Courier  Confirma tus datos/button_CONTINUAR' successfully

27-11-2024T23:41:54 - [TEST_STEP][PASSED] - click(findTestObject("Object Repository/Comprar Empaques/Page_Olva Courier  Confirma tus datos/button_CONTINUAR")): Object: 'Object Repository/Comprar Empaques/Page_Olva Courier  Confirma tus datos/button_CONTINUAR' is clicked on

27-11-2024T23:41:55 - [MESSAGE][PASSED] - Object: 'Object Repository/Comprar Empaques/Page_Olva Courier  Confirma tus datos/button_CONTINUAR' is clicked on

27-11-2024T23:41:55 - [TEST_STEP][PASSED] - click(findTestObject("Object Repository/Comprar Empaques/Page_Olva Courier  Datos Personales/span_Tipo De Documento")): Object: 'Object Repository/Comprar Empaques/Page_Olva Courier  Datos Personales/span_Tipo De Documento' is clicked on

27-11-2024T23:41:56 - [MESSAGE][PASSED] - Object: 'Object Repository/Comprar Empaques/Page_Olva Courier  Datos Personales/span_Tipo De Documento' is clicked on

27-11-2024T23:41:56 - [TEST_STEP][PASSED] - click(findTestObject("Object Repository/Comprar Empaques/Page_Olva Courier  Datos Personales/a_RUC")): Object: 'Object Repository/Comprar Empaques/Page_Olva Courier  Datos Personales/a_RUC' is clicked on

27-11-2024T23:41:56 - [MESSAGE][PASSED] - Object: 'Object Repository/Comprar Empaques/Page_Olva Courier  Datos Personales/a_RUC' is clicked on

27-11-2024T23:41:56 - [TEST_STEP][PASSED] - setText(findTestObject("Object Repository/Comprar Empaques/Page_Olva Courier  Datos Personales/input_CARN EXT_txt_documento_cliente"), "10066810581"): Text '10066810581' is set on object 'Object Repository/Comprar Empaques/Page_Olva Courier  Datos Personales/input_CARN EXT_txt_documento_cliente'

27-11-2024T23:41:57 - [MESSAGE][PASSED] - Text '10066810581' is set on object 'Object Repository/Comprar Empaques/Page_Olva Courier  Datos Personales/input_CARN EXT_txt_documento_cliente'

27-11-2024T23:41:57 - [TEST_STEP][PASSED] - setText(findTestObject("Object Repository/Comprar Empaques/Page_Olva Courier  Datos Personales/input_CARN EXT_txt_telefono_cliente"), "900000001"): Text '900000001' is set on object 'Object Repository/Comprar Empaques/Page_Olva Courier  Datos Personales/input_CARN EXT_txt_telefono_cliente'

27-11-2024T23:41:59 - [MESSAGE][PASSED] - Text '900000001' is set on object 'Object Repository/Comprar Empaques/Page_Olva Courier  Datos Personales/input_CARN EXT_txt_telefono_cliente'

27-11-2024T23:41:59 - [TEST_STEP][PASSED] - click(findTestObject("Object Repository/Comprar Empaques/Page_Olva Courier  Datos Personales/div_Hola,")): Object: 'Object Repository/Comprar Empaques/Page_Olva Courier  Datos Personales/div_Hola,' is clicked on

27-11-2024T23:41:59 - [MESSAGE][PASSED] - Object: 'Object Repository/Comprar Empaques/Page_Olva Courier  Datos Personales/div_Hola,' is clicked on

27-11-2024T23:41:59 - [TEST_STEP][PASSED] - scrollToElement(findTestObject("Object Repository/Comprar Empaques/Page_Olva Courier  Datos Personales/button_CONTINUAR"), 0): Scroll to object 'Object Repository/Comprar Empaques/Page_Olva Courier  Datos Personales/button_CONTINUAR' successfully

27-11-2024T23:41:59 - [MESSAGE][WARNING] - Timeout '0' is invalid. Using default page load timeout: '30'

27-11-2024T23:42:00 - [MESSAGE][PASSED] - Scroll to object 'Object Repository/Comprar Empaques/Page_Olva Courier  Datos Personales/button_CONTINUAR' successfully

27-11-2024T23:42:00 - [TEST_STEP][PASSED] - click(findTestObject("Object Repository/Comprar Empaques/Page_Olva Courier  Datos Personales/button_CONTINUAR")): Object: 'Object Repository/Comprar Empaques/Page_Olva Courier  Datos Personales/button_CONTINUAR' is clicked on

27-11-2024T23:42:01 - [MESSAGE][PASSED] - Object: 'Object Repository/Comprar Empaques/Page_Olva Courier  Datos Personales/button_CONTINUAR' is clicked on

27-11-2024T23:42:01 - [TEST_STEP][PASSED] - scrollToPosition(0, 400): Browser is scrolled to position x = 0, y = 400

27-11-2024T23:42:01 - [MESSAGE][PASSED] - Browser is scrolled to position x = 0, y = 400

27-11-2024T23:42:01 - [TEST_STEP][PASSED] - click(findTestObject("EMPAQUE 1")): Object: 'Object Repository/EMPAQUE 1' is clicked on

27-11-2024T23:42:01 - [MESSAGE][PASSED] - Object: 'Object Repository/EMPAQUE 1' is clicked on

27-11-2024T23:42:01 - [TEST_STEP][PASSED] - click(findTestObject("EMPAQUE 2")): Object: 'Object Repository/EMPAQUE 2' is clicked on

27-11-2024T23:42:02 - [MESSAGE][PASSED] - Object: 'Object Repository/EMPAQUE 2' is clicked on

27-11-2024T23:42:02 - [TEST_STEP][PASSED] - click(findTestObject("EMPAQUE 3")): Object: 'Object Repository/EMPAQUE 3' is clicked on

27-11-2024T23:42:02 - [MESSAGE][PASSED] - Object: 'Object Repository/EMPAQUE 3' is clicked on

27-11-2024T23:42:02 - [TEST_STEP][PASSED] - scrollToElement(findTestObject("EMPAQUE 4"), 0): Scroll to object 'Object Repository/EMPAQUE 4' successfully

27-11-2024T23:42:02 - [MESSAGE][WARNING] - Timeout '0' is invalid. Using default page load timeout: '30'

27-11-2024T23:42:02 - [MESSAGE][PASSED] - Scroll to object 'Object Repository/EMPAQUE 4' successfully

27-11-2024T23:42:02 - [TEST_STEP][PASSED] - click(findTestObject("EMPAQUE 4")): Object: 'Object Repository/EMPAQUE 4' is clicked on

27-11-2024T23:42:03 - [MESSAGE][PASSED] - Object: 'Object Repository/EMPAQUE 4' is clicked on

27-11-2024T23:42:03 - [TEST_STEP][PASSED] - click(findTestObject("EMPAQUE 5")): Object: 'Object Repository/EMPAQUE 5' is clicked on

27-11-2024T23:42:03 - [MESSAGE][PASSED] - Object: 'Object Repository/EMPAQUE 5' is clicked on

27-11-2024T23:42:03 - [TEST_STEP][PASSED] - click(findTestObject("EMPAQUE 6")): Object: 'Object Repository/EMPAQUE 6' is clicked on

27-11-2024T23:42:04 - [MESSAGE][PASSED] - Object: 'Object Repository/EMPAQUE 6' is clicked on

27-11-2024T23:42:04 - [TEST_STEP][PASSED] - scrollToElement(findTestObject("Comprar Empaques/Page_Olva Courier  Datos Personales/button_CONTINUAR_empaque"), 0): Scroll to object 'Object Repository/Comprar Empaques/Page_Olva Courier  Datos Personales/button_CONTINUAR_empaque' successfully

27-11-2024T23:42:04 - [MESSAGE][WARNING] - Timeout '0' is invalid. Using default page load timeout: '30'

27-11-2024T23:42:04 - [MESSAGE][PASSED] - Scroll to object 'Object Repository/Comprar Empaques/Page_Olva Courier  Datos Personales/button_CONTINUAR_empaque' successfully

27-11-2024T23:42:04 - [TEST_STEP][PASSED] - click(findTestObject("Comprar Empaques/Page_Olva Courier  Datos Personales/button_CONTINUAR_empaque")): Object: 'Object Repository/Comprar Empaques/Page_Olva Courier  Datos Personales/button_CONTINUAR_empaque' is clicked on

27-11-2024T23:42:04 - [MESSAGE][PASSED] - Object: 'Object Repository/Comprar Empaques/Page_Olva Courier  Datos Personales/button_CONTINUAR_empaque' is clicked on

27-11-2024T23:42:04 - [TEST_STEP][PASSED] - scrollToElement(findTestObject("Object Repository/Comprar Empaques/Page_Olva Courier  Datos Personales/button_CONTINUAR_1_2"), 0): Scroll to object 'Object Repository/Comprar Empaques/Page_Olva Courier  Datos Personales/button_CONTINUAR_1_2' successfully

27-11-2024T23:42:05 - [MESSAGE][WARNING] - Timeout '0' is invalid. Using default page load timeout: '30'

27-11-2024T23:42:05 - [MESSAGE][PASSED] - Scroll to object 'Object Repository/Comprar Empaques/Page_Olva Courier  Datos Personales/button_CONTINUAR_1_2' successfully

27-11-2024T23:42:05 - [TEST_STEP][PASSED] - click(findTestObject("Object Repository/Comprar Empaques/Page_Olva Courier  Datos Personales/button_CONTINUAR_1_2")): Object: 'Object Repository/Comprar Empaques/Page_Olva Courier  Datos Personales/button_CONTINUAR_1_2' is clicked on

27-11-2024T23:42:07 - [MESSAGE][PASSED] - Object: 'Object Repository/Comprar Empaques/Page_Olva Courier  Datos Personales/button_CONTINUAR_1_2' is clicked on

27-11-2024T23:42:07 - [TEST_STEP][PASSED] - delay(3): Delayed 3 second(s)

27-11-2024T23:42:10 - [MESSAGE][PASSED] - Delayed 3 second(s)

27-11-2024T23:42:10 - [TEST_STEP][PASSED] - rightClick(findTestObject("Object Repository/Comprar Empaques/Page_Olva Courier  Datos Personales/button_LIMA - LIMA - MIRAFLORES")): Object: 'Object Repository/Comprar Empaques/Page_Olva Courier  Datos Personales/button_LIMA - LIMA - MIRAFLORES' is right clicked on

27-11-2024T23:42:10 - [MESSAGE][PASSED] - Object: 'Object Repository/Comprar Empaques/Page_Olva Courier  Datos Personales/button_LIMA - LIMA - MIRAFLORES' is right clicked on

27-11-2024T23:42:10 - [TEST_STEP][PASSED] - click(findTestObject("Object Repository/Comprar Empaques/Page_Olva Courier  Datos Personales/button_LIMA - LIMA - MIRAFLORES")): Object: 'Object Repository/Comprar Empaques/Page_Olva Courier  Datos Personales/button_LIMA - LIMA - MIRAFLORES' is clicked on

27-11-2024T23:42:11 - [MESSAGE][PASSED] - Object: 'Object Repository/Comprar Empaques/Page_Olva Courier  Datos Personales/button_LIMA - LIMA - MIRAFLORES' is clicked on

27-11-2024T23:42:11 - [TEST_STEP][PASSED] - click(findTestObject("Object Repository/Comprar Empaques/Page_Olva Courier  Datos Personales/a_CALLAO - CALLAO - CALLAO")): Object: 'Object Repository/Comprar Empaques/Page_Olva Courier  Datos Personales/a_CALLAO - CALLAO - CALLAO' is clicked on

27-11-2024T23:42:11 - [MESSAGE][PASSED] - Object: 'Object Repository/Comprar Empaques/Page_Olva Courier  Datos Personales/a_CALLAO - CALLAO - CALLAO' is clicked on

27-11-2024T23:42:11 - [TEST_STEP][PASSED] - click(findTestObject("Object Repository/Comprar Empaques/Page_Olva Courier  Datos Personales/button_Tienda")): Object: 'Object Repository/Comprar Empaques/Page_Olva Courier  Datos Personales/button_Tienda' is clicked on

27-11-2024T23:42:12 - [MESSAGE][PASSED] - Object: 'Object Repository/Comprar Empaques/Page_Olva Courier  Datos Personales/button_Tienda' is clicked on

27-11-2024T23:42:12 - [TEST_STEP][PASSED] - click(findTestObject("Object Repository/Comprar Empaques/Page_Olva Courier  Datos Personales/a_OLVA ALMACEN - AV. ARGENTINA 4458 - CALLA_89a3f6")): Object: 'Object Repository/Comprar Empaques/Page_Olva Courier  Datos Personales/a_OLVA ALMACEN - AV. ARGENTINA 4458 - CALLA_89a3f6' is clicked on

27-11-2024T23:42:13 - [MESSAGE][PASSED] - Object: 'Object Repository/Comprar Empaques/Page_Olva Courier  Datos Personales/a_OLVA ALMACEN - AV. ARGENTINA 4458 - CALLA_89a3f6' is clicked on

27-11-2024T23:42:13 - [TEST_STEP][PASSED] - click(findTestObject("Object Repository/Comprar Empaques/Page_Olva Courier  Datos Personales/button_CONTINUAR (2)")): Object: 'Object Repository/Comprar Empaques/Page_Olva Courier  Datos Personales/button_CONTINUAR (2)' is clicked on

27-11-2024T23:42:13 - [MESSAGE][PASSED] - Object: 'Object Repository/Comprar Empaques/Page_Olva Courier  Datos Personales/button_CONTINUAR (2)' is clicked on

27-11-2024T23:42:13 - [TEST_STEP][PASSED] - setText(findTestObject("Object Repository/Comprar Empaques/Page_Olva Courier  Datos Personales/input_Para el recojo de tu compra se necesi_22ff2d"), "1"): Text '1' is set on object 'Object Repository/Comprar Empaques/Page_Olva Courier  Datos Personales/input_Para el recojo de tu compra se necesi_22ff2d'

27-11-2024T23:42:14 - [MESSAGE][PASSED] - Text '1' is set on object 'Object Repository/Comprar Empaques/Page_Olva Courier  Datos Personales/input_Para el recojo de tu compra se necesi_22ff2d'

27-11-2024T23:42:14 - [TEST_STEP][PASSED] - setText(findTestObject("Object Repository/Comprar Empaques/Page_Olva Courier  Datos Personales/input_Para el recojo de tu compra se necesi_39579b"), "1"): Text '1' is set on object 'Object Repository/Comprar Empaques/Page_Olva Courier  Datos Personales/input_Para el recojo de tu compra se necesi_39579b'

27-11-2024T23:42:15 - [MESSAGE][PASSED] - Text '1' is set on object 'Object Repository/Comprar Empaques/Page_Olva Courier  Datos Personales/input_Para el recojo de tu compra se necesi_39579b'

27-11-2024T23:42:15 - [TEST_STEP][PASSED] - setText(findTestObject("Object Repository/Comprar Empaques/Page_Olva Courier  Datos Personales/input_Para el recojo de tu compra se necesi_9b4583"), "1"): Text '1' is set on object 'Object Repository/Comprar Empaques/Page_Olva Courier  Datos Personales/input_Para el recojo de tu compra se necesi_9b4583'

27-11-2024T23:42:16 - [MESSAGE][PASSED] - Text '1' is set on object 'Object Repository/Comprar Empaques/Page_Olva Courier  Datos Personales/input_Para el recojo de tu compra se necesi_9b4583'

27-11-2024T23:42:16 - [TEST_STEP][PASSED] - setText(findTestObject("Object Repository/Comprar Empaques/Page_Olva Courier  Datos Personales/input_Para el recojo de tu compra se necesi_cbc9dd"), "1"): Text '1' is set on object 'Object Repository/Comprar Empaques/Page_Olva Courier  Datos Personales/input_Para el recojo de tu compra se necesi_cbc9dd'

27-11-2024T23:42:17 - [MESSAGE][PASSED] - Text '1' is set on object 'Object Repository/Comprar Empaques/Page_Olva Courier  Datos Personales/input_Para el recojo de tu compra se necesi_cbc9dd'

27-11-2024T23:42:17 - [TEST_STEP][PASSED] - click(findTestObject("Object Repository/Comprar Empaques/Page_Olva Courier  Datos Personales/div_Aceptar")): Object: 'Object Repository/Comprar Empaques/Page_Olva Courier  Datos Personales/div_Aceptar' is clicked on

27-11-2024T23:42:17 - [MESSAGE][PASSED] - Object: 'Object Repository/Comprar Empaques/Page_Olva Courier  Datos Personales/div_Aceptar' is clicked on

27-11-2024T23:42:17 - [TEST_STEP][PASSED] - scrollToElement(findTestObject("Object Repository/Comprar Empaques/Page_Olva Courier  Datos Personales/button_PAGAR"), 0): Scroll to object 'Object Repository/Comprar Empaques/Page_Olva Courier  Datos Personales/button_PAGAR' successfully

27-11-2024T23:42:17 - [MESSAGE][WARNING] - Timeout '0' is invalid. Using default page load timeout: '30'

27-11-2024T23:42:19 - [MESSAGE][PASSED] - Scroll to object 'Object Repository/Comprar Empaques/Page_Olva Courier  Datos Personales/button_PAGAR' successfully

27-11-2024T23:42:19 - [TEST_STEP][PASSED] - verifyElementPresent(findTestObject("Object Repository/Comprar Empaques/Page_Olva Courier  Datos Personales/button_PAGAR"), 0): Object 'Object Repository/Comprar Empaques/Page_Olva Courier  Datos Personales/button_PAGAR' is present

27-11-2024T23:42:19 - [MESSAGE][WARNING] - Timeout '0' is invalid. Using default page load timeout: '30'

27-11-2024T23:42:20 - [MESSAGE][PASSED] - Object 'Object Repository/Comprar Empaques/Page_Olva Courier  Datos Personales/button_PAGAR' is present

27-11-2024T23:42:20 - [TEST_STEP][PASSED] - callTestCase(findTestCase("5.Empaques/3.Pago-Empaques/Pago-exitoso"), [:], STOP_ON_FAILURE): Call Test Case 'Test Cases/5.Empaques/3.Pago-Empaques/Pago-exitoso' successfully

27-11-2024T23:42:20 - [TEST_CASE][PASSED] - Test Cases/5.Empaques/3.Pago-Empaques/Pago-exitoso: Test Cases/5.Empaques/3.Pago-Empaques/Pago-exitoso

27-11-2024T23:42:20 - [TEST_STEP][PASSED] - verifyElementPresent(findTestObject("Object Repository/pago/Page_Olva Courier  Medios de pago/div_Pago con tarjeta de crdito, dbito y Yape"), 0): Object 'Object Repository/pago/Page_Olva Courier  Medios de pago/div_Pago con tarjeta de crdito, dbito y Yape' is present

27-11-2024T23:42:20 - [MESSAGE][WARNING] - Timeout '0' is invalid. Using default page load timeout: '30'

27-11-2024T23:42:20 - [MESSAGE][PASSED] - Object 'Object Repository/pago/Page_Olva Courier  Medios de pago/div_Pago con tarjeta de crdito, dbito y Yape' is present

27-11-2024T23:42:20 - [TEST_STEP][PASSED] - verifyElementPresent(findTestObject("Object Repository/pago/Page_Olva Courier  Medios de pago/td_S"), 0): Object 'Object Repository/pago/Page_Olva Courier  Medios de pago/td_S' is present

27-11-2024T23:42:20 - [MESSAGE][WARNING] - Timeout '0' is invalid. Using default page load timeout: '30'

27-11-2024T23:42:20 - [MESSAGE][PASSED] - Object 'Object Repository/pago/Page_Olva Courier  Medios de pago/td_S' is present

27-11-2024T23:42:20 - [TEST_STEP][PASSED] - click(findTestObject("Object Repository/pago/Page_Olva Courier  Medios de pago/button_PAGAR")): Object: 'Object Repository/pago/Page_Olva Courier  Medios de pago/button_PAGAR' is clicked on

27-11-2024T23:42:21 - [MESSAGE][PASSED] - Object: 'Object Repository/pago/Page_Olva Courier  Medios de pago/button_PAGAR' is clicked on

27-11-2024T23:42:21 - [MESSAGE][PASSED] - Call Test Case 'Test Cases/5.Empaques/3.Pago-Empaques/Pago-exitoso' successfully]]></system-out>
         <system-err><![CDATA[]]></system-err>
      </testcase>
      <testcase name="Test Cases/5.Empaques/4.Positivas/Empaques AIMO" time="32.387" classname="Test Cases/5.Empaques/4.Positivas/Empaques AIMO" status="PASSED">
         <system-out><![CDATA[27-11-2024T23:42:21 - [TEST_CASE][PASSED] - Test Cases/5.Empaques/4.Positivas/Empaques AIMO: Test Cases/5.Empaques/4.Positivas/Empaques AIMO

27-11-2024T23:42:21 - [TEST_STEP][PASSED] - openBrowser(""): Browser is opened with url: ''

27-11-2024T23:42:21 - [MESSAGE][WARNING] - A browser is already opened. Closing browser and opening a new one

27-11-2024T23:42:23 - [MESSAGE][INFO] - Starting 'Firefox' driver

27-11-2024T23:42:23 - [MESSAGE][INFO] - Action delay is set to 0 milliseconds

27-11-2024T23:42:33 - [MESSAGE][PASSED] - Browser is opened with url: ''

27-11-2024T23:42:33 - [TEST_STEP][PASSED] - navigateToUrl("https://app.aimo.co"): Navigate to 'https://app.aimo.co' successfully

27-11-2024T23:42:39 - [MESSAGE][PASSED] - Navigate to 'https://app.aimo.co' successfully

27-11-2024T23:42:39 - [TEST_STEP][PASSED] - maximizeWindow(STOP_ON_FAILURE): Current window maximized

27-11-2024T23:42:39 - [MESSAGE][PASSED] - Current window maximized

27-11-2024T23:42:39 - [TEST_STEP][PASSED] - setText(findTestObject("Object Repository/Comprar Empaques/Page_Aimo Dashboard/input_Ingresar_MuiInputBase-input MuiInput-input"), "fulfillment@olva.com.pe"): Text 'fulfillment@olva.com.pe' is set on object 'Object Repository/Comprar Empaques/Page_Aimo Dashboard/input_Ingresar_MuiInputBase-input MuiInput-input'

27-11-2024T23:42:41 - [MESSAGE][PASSED] - Text 'fulfillment@olva.com.pe' is set on object 'Object Repository/Comprar Empaques/Page_Aimo Dashboard/input_Ingresar_MuiInputBase-input MuiInput-input'

27-11-2024T23:42:41 - [TEST_STEP][PASSED] - click(findTestObject("Object Repository/Comprar Empaques/Page_Aimo Dashboard/input_Ingresar_MuiInputBase-input MuiInput-_643b93"), STOP_ON_FAILURE): Object: 'Object Repository/Comprar Empaques/Page_Aimo Dashboard/input_Ingresar_MuiInputBase-input MuiInput-_643b93' is clicked on

27-11-2024T23:42:42 - [MESSAGE][PASSED] - Object: 'Object Repository/Comprar Empaques/Page_Aimo Dashboard/input_Ingresar_MuiInputBase-input MuiInput-_643b93' is clicked on

27-11-2024T23:42:42 - [TEST_STEP][PASSED] - setEncryptedText(findTestObject("Object Repository/Comprar Empaques/Page_Aimo Dashboard/input_Ingresar_MuiInputBase-input MuiInput-_643b93"), "NEzHLWrOQcYvsbSxoLQLQw=="): Text ****** has been set on object 'Object Repository/Comprar Empaques/Page_Aimo Dashboard/input_Ingresar_MuiInputBase-input MuiInput-_643b93'

27-11-2024T23:42:43 - [MESSAGE][PASSED] - Text ****** has been set on object 'Object Repository/Comprar Empaques/Page_Aimo Dashboard/input_Ingresar_MuiInputBase-input MuiInput-_643b93'

27-11-2024T23:42:43 - [TEST_STEP][PASSED] - click(findTestObject("Object Repository/Comprar Empaques/Page_Aimo Dashboard/button_Iniciar sesin")): Object: 'Object Repository/Comprar Empaques/Page_Aimo Dashboard/button_Iniciar sesin' is clicked on

27-11-2024T23:42:44 - [MESSAGE][PASSED] - Object: 'Object Repository/Comprar Empaques/Page_Aimo Dashboard/button_Iniciar sesin' is clicked on

27-11-2024T23:42:44 - [TEST_STEP][PASSED] - click(findTestObject("Object Repository/Comprar Empaques/Page_Aimo Dashboard/svg_Ver tienda_sc-AykKH LFzel")): Object: 'Object Repository/Comprar Empaques/Page_Aimo Dashboard/svg_Ver tienda_sc-AykKH LFzel' is clicked on

27-11-2024T23:42:47 - [MESSAGE][PASSED] - Object: 'Object Repository/Comprar Empaques/Page_Aimo Dashboard/svg_Ver tienda_sc-AykKH LFzel' is clicked on

27-11-2024T23:42:47 - [TEST_STEP][PASSED] - click(findTestObject("Object Repository/Comprar Empaques/Page_Aimo Dashboard/a_Ver tienda_sc-LzLqK fSTtFv")): Object: 'Object Repository/Comprar Empaques/Page_Aimo Dashboard/a_Ver tienda_sc-LzLqK fSTtFv' is clicked on

27-11-2024T23:42:48 - [MESSAGE][PASSED] - Object: 'Object Repository/Comprar Empaques/Page_Aimo Dashboard/a_Ver tienda_sc-LzLqK fSTtFv' is clicked on

27-11-2024T23:42:48 - [TEST_STEP][PASSED] - click(findTestObject("Object Repository/Comprar Empaques/Page_Aimo Dashboard/checkbox_AIMO"), STOP_ON_FAILURE): Object: 'Object Repository/Comprar Empaques/Page_Aimo Dashboard/checkbox_AIMO' is clicked on

27-11-2024T23:42:49 - [MESSAGE][PASSED] - Object: 'Object Repository/Comprar Empaques/Page_Aimo Dashboard/checkbox_AIMO' is clicked on

27-11-2024T23:42:49 - [TEST_STEP][PASSED] - verifyTextPresent("S/. 0", false): Text 'S/. 0' is present on page 

27-11-2024T23:42:52 - [MESSAGE][PASSED] - Text 'S/. 0' is present on page 

27-11-2024T23:42:52 - [TEST_STEP][PASSED] - verifyTextPresent("S/. 0.00", false): Text 'S/. 0.00' is present on page 

27-11-2024T23:42:53 - [MESSAGE][PASSED] - Text 'S/. 0.00' is present on page]]></system-out>
         <system-err><![CDATA[]]></system-err>
      </testcase>
      <system-out><![CDATA[27-11-2024T23:39:01 - [TEST_SUITE][FAILED] - Empaques: Test Cases/5.Empaques/4.Positivas/Comprar Empaques - DNI - Tienda FAILED.
Reason:
com.kms.katalon.core.exception.StepFailedException: Unable to set text 'Benites' of object 'Object Repository/Comprar Empaques/Page_Olva Courier  Datos Personales/input_El apellido ingresado debe ser igual _544e76'
	at com.kms.katalon.core.webui.keyword.internal.WebUIKeywordMain.stepFailed(WebUIKeywordMain.groovy:117)
	at com.kms.katalon.core.webui.keyword.internal.WebUIKeywordMain.runKeyword(WebUIKeywordMain.groovy:43)
	at com.kms.katalon.core.webui.keyword.builtin.SetTextKeyword.setText(SetTextKeyword.groovy:85)
	at com.kms.katalon.core.webui.keyword.builtin.SetTextKeyword.execute(SetTextKeyword.groovy:39)
	at com.kms.katalon.core.keyword.internal.KeywordExecutor.executeKeywordForPlatform(KeywordExecutor.groovy:74)
	at com.kms.katalon.core.webui.keyword.WebUiBuiltInKeywords.setText(WebUiBuiltInKeywords.groovy:1019)
	at Comprar Empaques - DNI - Tienda.run(Comprar Empaques - DNI - Tienda:40)
	at com.kms.katalon.core.main.ScriptEngine.run(ScriptEngine.java:194)
	at com.kms.katalon.core.main.ScriptEngine.runScriptAsRawText(ScriptEngine.java:119)
	at com.kms.katalon.core.main.TestCaseExecutor.runScript(TestCaseExecutor.java:448)
	at com.kms.katalon.core.main.TestCaseExecutor.doExecute(TestCaseExecutor.java:439)
	at com.kms.katalon.core.main.TestCaseExecutor.processExecutionPhase(TestCaseExecutor.java:418)
	at com.kms.katalon.core.main.TestCaseExecutor.accessMainPhase(TestCaseExecutor.java:410)
	at com.kms.katalon.core.main.TestCaseExecutor.execute(TestCaseExecutor.java:285)
	at com.kms.katalon.core.common.CommonExecutor.accessTestCaseMainPhase(CommonExecutor.java:65)
	at com.kms.katalon.core.main.TestSuiteExecutor.accessTestSuiteMainPhase(TestSuiteExecutor.java:150)
	at com.kms.katalon.core.main.TestSuiteExecutor.execute(TestSuiteExecutor.java:106)
	at com.kms.katalon.core.main.TestCaseMain.startTestSuite(TestCaseMain.java:180)
	at TempTestSuite1732768729443.run(TempTestSuite1732768729443.groovy:35)
	at java.base/jdk.internal.reflect.NativeMethodAccessorImpl.invoke0(Native Method)
	at java.base/jdk.internal.reflect.NativeMethodAccessorImpl.invoke(NativeMethodAccessorImpl.java:77)
	at java.base/jdk.internal.reflect.DelegatingMethodAccessorImpl.invoke(DelegatingMethodAccessorImpl.java:43)
Caused by: org.openqa.selenium.ElementNotInteractableException: Element <input id="txt_digito_verificador" class="form-control" name="txt_digito_verificador" type=" text"> could not be scrolled into view
Build info: version: '3.141.59', revision: 'unknown', time: 'unknown'
System info: host: 'DESKTOP-RGFFP9A', ip: '10.136.10.6', os.name: 'Windows 11', os.arch: 'amd64', os.version: '10.0', java.version: '17.0.7'
Driver info: com.kms.katalon.core.webui.driver.firefox.CGeckoDriver
Capabilities {acceptInsecureCerts: true, browserName: firefox, browserVersion: 133.0, javascriptEnabled: true, moz:accessibilityChecks: false, moz:buildID: 20241121140525, moz:geckodriverVersion: 0.35.0, moz:headless: false, moz:platformVersion: 10.0, moz:processID: 34312, moz:profile: C:\Users\OLVATI\AppData\Loc..., moz:shutdownTimeout: 60000, moz:webdriverClick: true, moz:windowless: false, pageLoadStrategy: normal, platform: WINDOWS, platformName: WINDOWS, proxy: Proxy(direct), setWindowRect: true, strictFileInteractability: false, timeouts: {implicit: 0, pageLoad: 300000, script: 30000}, unhandledPromptBehavior: dismiss and notify, userAgent: Mozilla/5.0 (Windows NT 10....}
Session ID: e4ba690c-442b-4868-9462-101ad2ae15de
	at java.base/jdk.internal.reflect.NativeConstructorAccessorImpl.newInstance0(Native Method)
	at java.base/jdk.internal.reflect.NativeConstructorAccessorImpl.newInstance(NativeConstructorAccessorImpl.java:77)
	at java.base/jdk.internal.reflect.DelegatingConstructorAccessorImpl.newInstance(DelegatingConstructorAccessorImpl.java:45)
	at org.openqa.selenium.remote.http.W3CHttpResponseCodec.createException(W3CHttpResponseCodec.java:187)
	at org.openqa.selenium.remote.http.W3CHttpResponseCodec.decode(W3CHttpResponseCodec.java:122)
	at org.openqa.selenium.remote.http.W3CHttpResponseCodec.decode(W3CHttpResponseCodec.java:49)
	at org.openqa.selenium.remote.HttpCommandExecutor.execute(HttpCommandExecutor.java:158)
	at org.openqa.selenium.remote.service.DriverCommandExecutor.execute(DriverCommandExecutor.java:83)
	at org.openqa.selenium.remote.RemoteWebDriver.execute(RemoteWebDriver.java:552)
	at com.kms.katalon.selenium.driver.CFirefoxDriver.execute(CFirefoxDriver.java:28)
	at org.openqa.selenium.remote.RemoteWebElement.execute(RemoteWebElement.java:285)
	at org.openqa.selenium.remote.RemoteWebElement.clear(RemoteWebElement.java:124)
	at java.base/jdk.internal.reflect.NativeMethodAccessorImpl.invoke0(Native Method)
	at java.base/jdk.internal.reflect.NativeMethodAccessorImpl.invoke(NativeMethodAccessorImpl.java:77)
	at java.base/jdk.internal.reflect.DelegatingMethodAccessorImpl.invoke(DelegatingMethodAccessorImpl.java:43)
	at org.openqa.selenium.support.events.EventFiringWebDriver$EventFiringWebElement.lambda$new$0(EventFiringWebDriver.java:404)
	at jdk.proxy2/jdk.proxy2.$Proxy21.clear(Unknown Source)
	at org.openqa.selenium.support.events.EventFiringWebDriver$EventFiringWebElement.clear(EventFiringWebDriver.java:436)
	at com.kms.katalon.core.webui.keyword.builtin.SetTextKeyword$_setText_closure1.doCall(SetTextKeyword.groovy:55)
	at com.kms.katalon.core.webui.keyword.builtin.SetTextKeyword$_setText_closure1.call(SetTextKeyword.groovy)
	at com.kms.katalon.core.webui.keyword.internal.WebUIKeywordMain.runKeyword(WebUIKeywordMain.groovy:35)
	... 20 more]]></system-out>
      <system-err><![CDATA[27-11-2024T23:39:01 - [TEST_SUITE][FAILED] - Empaques: Test Cases/5.Empaques/4.Positivas/Comprar Empaques - DNI - Tienda FAILED.
Reason:
com.kms.katalon.core.exception.StepFailedException: Unable to set text 'Benites' of object 'Object Repository/Comprar Empaques/Page_Olva Courier  Datos Personales/input_El apellido ingresado debe ser igual _544e76'
	at com.kms.katalon.core.webui.keyword.internal.WebUIKeywordMain.stepFailed(WebUIKeywordMain.groovy:117)
	at com.kms.katalon.core.webui.keyword.internal.WebUIKeywordMain.runKeyword(WebUIKeywordMain.groovy:43)
	at com.kms.katalon.core.webui.keyword.builtin.SetTextKeyword.setText(SetTextKeyword.groovy:85)
	at com.kms.katalon.core.webui.keyword.builtin.SetTextKeyword.execute(SetTextKeyword.groovy:39)
	at com.kms.katalon.core.keyword.internal.KeywordExecutor.executeKeywordForPlatform(KeywordExecutor.groovy:74)
	at com.kms.katalon.core.webui.keyword.WebUiBuiltInKeywords.setText(WebUiBuiltInKeywords.groovy:1019)
	at Comprar Empaques - DNI - Tienda.run(Comprar Empaques - DNI - Tienda:40)
	at com.kms.katalon.core.main.ScriptEngine.run(ScriptEngine.java:194)
	at com.kms.katalon.core.main.ScriptEngine.runScriptAsRawText(ScriptEngine.java:119)
	at com.kms.katalon.core.main.TestCaseExecutor.runScript(TestCaseExecutor.java:448)
	at com.kms.katalon.core.main.TestCaseExecutor.doExecute(TestCaseExecutor.java:439)
	at com.kms.katalon.core.main.TestCaseExecutor.processExecutionPhase(TestCaseExecutor.java:418)
	at com.kms.katalon.core.main.TestCaseExecutor.accessMainPhase(TestCaseExecutor.java:410)
	at com.kms.katalon.core.main.TestCaseExecutor.execute(TestCaseExecutor.java:285)
	at com.kms.katalon.core.common.CommonExecutor.accessTestCaseMainPhase(CommonExecutor.java:65)
	at com.kms.katalon.core.main.TestSuiteExecutor.accessTestSuiteMainPhase(TestSuiteExecutor.java:150)
	at com.kms.katalon.core.main.TestSuiteExecutor.execute(TestSuiteExecutor.java:106)
	at com.kms.katalon.core.main.TestCaseMain.startTestSuite(TestCaseMain.java:180)
	at TempTestSuite1732768729443.run(TempTestSuite1732768729443.groovy:35)
	at java.base/jdk.internal.reflect.NativeMethodAccessorImpl.invoke0(Native Method)
	at java.base/jdk.internal.reflect.NativeMethodAccessorImpl.invoke(NativeMethodAccessorImpl.java:77)
	at java.base/jdk.internal.reflect.DelegatingMethodAccessorImpl.invoke(DelegatingMethodAccessorImpl.java:43)
Caused by: org.openqa.selenium.ElementNotInteractableException: Element <input id="txt_digito_verificador" class="form-control" name="txt_digito_verificador" type=" text"> could not be scrolled into view
Build info: version: '3.141.59', revision: 'unknown', time: 'unknown'
System info: host: 'DESKTOP-RGFFP9A', ip: '10.136.10.6', os.name: 'Windows 11', os.arch: 'amd64', os.version: '10.0', java.version: '17.0.7'
Driver info: com.kms.katalon.core.webui.driver.firefox.CGeckoDriver
Capabilities {acceptInsecureCerts: true, browserName: firefox, browserVersion: 133.0, javascriptEnabled: true, moz:accessibilityChecks: false, moz:buildID: 20241121140525, moz:geckodriverVersion: 0.35.0, moz:headless: false, moz:platformVersion: 10.0, moz:processID: 34312, moz:profile: C:\Users\OLVATI\AppData\Loc..., moz:shutdownTimeout: 60000, moz:webdriverClick: true, moz:windowless: false, pageLoadStrategy: normal, platform: WINDOWS, platformName: WINDOWS, proxy: Proxy(direct), setWindowRect: true, strictFileInteractability: false, timeouts: {implicit: 0, pageLoad: 300000, script: 30000}, unhandledPromptBehavior: dismiss and notify, userAgent: Mozilla/5.0 (Windows NT 10....}
Session ID: e4ba690c-442b-4868-9462-101ad2ae15de
	at java.base/jdk.internal.reflect.NativeConstructorAccessorImpl.newInstance0(Native Method)
	at java.base/jdk.internal.reflect.NativeConstructorAccessorImpl.newInstance(NativeConstructorAccessorImpl.java:77)
	at java.base/jdk.internal.reflect.DelegatingConstructorAccessorImpl.newInstance(DelegatingConstructorAccessorImpl.java:45)
	at org.openqa.selenium.remote.http.W3CHttpResponseCodec.createException(W3CHttpResponseCodec.java:187)
	at org.openqa.selenium.remote.http.W3CHttpResponseCodec.decode(W3CHttpResponseCodec.java:122)
	at org.openqa.selenium.remote.http.W3CHttpResponseCodec.decode(W3CHttpResponseCodec.java:49)
	at org.openqa.selenium.remote.HttpCommandExecutor.execute(HttpCommandExecutor.java:158)
	at org.openqa.selenium.remote.service.DriverCommandExecutor.execute(DriverCommandExecutor.java:83)
	at org.openqa.selenium.remote.RemoteWebDriver.execute(RemoteWebDriver.java:552)
	at com.kms.katalon.selenium.driver.CFirefoxDriver.execute(CFirefoxDriver.java:28)
	at org.openqa.selenium.remote.RemoteWebElement.execute(RemoteWebElement.java:285)
	at org.openqa.selenium.remote.RemoteWebElement.clear(RemoteWebElement.java:124)
	at java.base/jdk.internal.reflect.NativeMethodAccessorImpl.invoke0(Native Method)
	at java.base/jdk.internal.reflect.NativeMethodAccessorImpl.invoke(NativeMethodAccessorImpl.java:77)
	at java.base/jdk.internal.reflect.DelegatingMethodAccessorImpl.invoke(DelegatingMethodAccessorImpl.java:43)
	at org.openqa.selenium.support.events.EventFiringWebDriver$EventFiringWebElement.lambda$new$0(EventFiringWebDriver.java:404)
	at jdk.proxy2/jdk.proxy2.$Proxy21.clear(Unknown Source)
	at org.openqa.selenium.support.events.EventFiringWebDriver$EventFiringWebElement.clear(EventFiringWebDriver.java:436)
	at com.kms.katalon.core.webui.keyword.builtin.SetTextKeyword$_setText_closure1.doCall(SetTextKeyword.groovy:55)
	at com.kms.katalon.core.webui.keyword.builtin.SetTextKeyword$_setText_closure1.call(SetTextKeyword.groovy)
	at com.kms.katalon.core.webui.keyword.internal.WebUIKeywordMain.runKeyword(WebUIKeywordMain.groovy:35)
	... 20 more]]></system-err>
   </testsuite>
</testsuites>
