<?xml version="1.0" encoding="UTF-8"?>
<testsuites name="Positivos" time="3433.455" tests="67" failures="34" errors="0">
   <testsuite name="Positivos" tests="67" failures="34" errors="0" time="3433.455" skipped="0" timestamp="27-11-2024T17:09:23" hostname="OLVATI - DESKTOP-RGFFP9A" id="Test Suites/Positivos">
      <properties>
         <property name="deviceName" value=""/>
         <property name="devicePlatform"/>
         <property name="logFolder" value="C:\\Users\\OLVATI\\Katalon Studio\\RegistroEnvio_Totem\\Reports\\20241127_170909\\Positivos\\20241127_170909"/>
         <property name="logFiles" value="C:\\Users\\OLVATI\\Katalon Studio\\RegistroEnvio_Totem\\Reports\\20241127_170909\\Positivos\\20241127_170909\\execution0.log"/>
         <property name="attachments" value=""/>
         <property name="hostName" value="OLVATI - DESKTOP-RGFFP9A"/>
         <property name="os" value="Windows 11 64bit"/>
         <property name="katalonVersion" value="9.7.2.223"/>
         <property name="browser" value="Firefox 133.0"/>
         <property name="hostAddress" value="10.136.10.6"/>
         <property name="sessionId" value="023774f6-45aa-4bff-a9a5-c6d205abfb06"/>
         <property name="seleniumVersion" value="3.141.59"/>
         <property name="proxyInformation" value="ProxyInformation { proxyOption=NO_PROXY, proxyServerType=HTTP, username=, password=********, proxyServerAddress=, proxyServerPort=0, executionList=&quot;&quot;, isApplyToDesiredCapabilities=true }"/>
         <property name="platform" value="Windows 11"/>
      </properties>
      <testcase name="Test Cases/2.Positivos/2.1Paquete/Origen-Provincia/Validar resumen ---" time="126.131" classname="Test Cases/2.Positivos/2.1Paquete/Origen-Provincia/Validar resumen ---" status="PASSED">
         <system-out><![CDATA[27-11-2024T17:09:23 - [TEST_CASE][PASSED] - Test Cases/2.Positivos/2.1Paquete/Origen-Provincia/Validar resumen ---: Test Cases/2.Positivos/2.1Paquete/Origen-Provincia/Validar resumen ---

27-11-2024T17:09:24 - [TEST_STEP][PASSED] - callTestCase(findTestCase("1.Inicio/1.1Principal/Principal-home"), [:], STOP_ON_FAILURE): Call Test Case 'Test Cases/1.Inicio/1.1Principal/Principal-home' successfully

27-11-2024T17:09:24 - [TEST_CASE][PASSED] - Test Cases/1.Inicio/1.1Principal/Principal-home: Test Cases/1.Inicio/1.1Principal/Principal-home

27-11-2024T17:09:24 - [TEST_STEP][PASSED] - openBrowser(""): Browser is opened with url: ''

27-11-2024T17:09:25 - [MESSAGE][INFO] - Starting 'Firefox' driver

27-11-2024T17:09:25 - [MESSAGE][INFO] - Action delay is set to 0 milliseconds

27-11-2024T17:09:35 - [MESSAGE][PASSED] - Browser is opened with url: ''

27-11-2024T17:09:35 - [TEST_STEP][PASSED] - navigateToUrl("https://dev01-registrodeenvios.olvacourier.com/principal"): Navigate to 'https://dev01-registrodeenvios.olvacourier.com/principal' successfully

27-11-2024T17:09:38 - [MESSAGE][PASSED] - Navigate to 'https://dev01-registrodeenvios.olvacourier.com/principal' successfully

27-11-2024T17:09:39 - [TEST_STEP][PASSED] - maximizeWindow(): Current window maximized

27-11-2024T17:09:39 - [MESSAGE][PASSED] - Current window maximized

27-11-2024T17:09:39 - [MESSAGE][PASSED] - Call Test Case 'Test Cases/1.Inicio/1.1Principal/Principal-home' successfully

27-11-2024T17:09:39 - [TEST_STEP][PASSED] - callTestCase(findTestCase("1.Inicio/1.1Principal/Selec_paquete"), [:], STOP_ON_FAILURE): Call Test Case 'Test Cases/1.Inicio/1.1Principal/Selec_paquete' successfully

27-11-2024T17:09:39 - [TEST_CASE][PASSED] - Test Cases/1.Inicio/1.1Principal/Selec_paquete: Test Cases/1.Inicio/1.1Principal/Selec_paquete

27-11-2024T17:09:39 - [TEST_STEP][PASSED] - click(findTestObject("Object Repository/Principal/Page_Olva Courier  Home/img_Qu deseas realizar hoy_img_paquete")): Object: 'Object Repository/Principal/Page_Olva Courier  Home/img_Qu deseas realizar hoy_img_paquete' is clicked on

27-11-2024T17:09:40 - [MESSAGE][PASSED] - Object: 'Object Repository/Principal/Page_Olva Courier  Home/img_Qu deseas realizar hoy_img_paquete' is clicked on

27-11-2024T17:09:40 - [TEST_STEP][PASSED] - click(findTestObject("Object Repository/Principal/Page_Olva Courier  Home/span_He ledo y acepto los_checkmark (1)")): Object: 'Object Repository/Principal/Page_Olva Courier  Home/span_He ledo y acepto los_checkmark (1)' is clicked on

27-11-2024T17:09:41 - [MESSAGE][PASSED] - Object: 'Object Repository/Principal/Page_Olva Courier  Home/span_He ledo y acepto los_checkmark (1)' is clicked on

27-11-2024T17:09:41 - [TEST_STEP][PASSED] - click(findTestObject("Object Repository/Principal/Page_Olva Courier  Home/button_CONTINUAR (1)")): Object: 'Object Repository/Principal/Page_Olva Courier  Home/button_CONTINUAR (1)' is clicked on

27-11-2024T17:09:42 - [MESSAGE][PASSED] - Object: 'Object Repository/Principal/Page_Olva Courier  Home/button_CONTINUAR (1)' is clicked on

27-11-2024T17:09:42 - [TEST_STEP][PASSED] - verifyElementPresent(findTestObject("Object Repository/Principal/Page_Olva Courier  Datos Personales/strong_REGISTRO DE ENVOS"), 0): Object 'Object Repository/Principal/Page_Olva Courier  Datos Personales/strong_REGISTRO DE ENVOS' is present

27-11-2024T17:09:42 - [MESSAGE][WARNING] - Timeout '0' is invalid. Using default page load timeout: '30'

27-11-2024T17:09:43 - [MESSAGE][PASSED] - Object 'Object Repository/Principal/Page_Olva Courier  Datos Personales/strong_REGISTRO DE ENVOS' is present

27-11-2024T17:09:43 - [TEST_STEP][PASSED] - verifyElementPresent(findTestObject("Object Repository/Principal/Page_Olva Courier  Datos Personales/span_Regresar (1)"), 0): Object 'Object Repository/Principal/Page_Olva Courier  Datos Personales/span_Regresar (1)' is present

27-11-2024T17:09:43 - [MESSAGE][WARNING] - Timeout '0' is invalid. Using default page load timeout: '30'

27-11-2024T17:09:43 - [MESSAGE][PASSED] - Object 'Object Repository/Principal/Page_Olva Courier  Datos Personales/span_Regresar (1)' is present

27-11-2024T17:09:43 - [TEST_STEP][PASSED] - verifyElementPresent(findTestObject("Object Repository/Principal/Page_Olva Courier  Datos Personales/span_Inicio (1)"), 0): Object 'Object Repository/Principal/Page_Olva Courier  Datos Personales/span_Inicio (1)' is present

27-11-2024T17:09:43 - [MESSAGE][WARNING] - Timeout '0' is invalid. Using default page load timeout: '30'

27-11-2024T17:09:43 - [MESSAGE][PASSED] - Object 'Object Repository/Principal/Page_Olva Courier  Datos Personales/span_Inicio (1)' is present

27-11-2024T17:09:43 - [MESSAGE][PASSED] - Call Test Case 'Test Cases/1.Inicio/1.1Principal/Selec_paquete' successfully

27-11-2024T17:09:43 - [TEST_STEP][PASSED] - callTestCase(findTestCase("1.Inicio/1.2Tipo_Doc/5.RUC20"), [:], STOP_ON_FAILURE): Call Test Case 'Test Cases/1.Inicio/1.2Tipo_Doc/5.RUC20' successfully

27-11-2024T17:09:43 - [TEST_CASE][PASSED] - Test Cases/1.Inicio/1.2Tipo_Doc/5.RUC20: Test Cases/1.Inicio/1.2Tipo_Doc/5.RUC20

27-11-2024T17:09:44 - [TEST_STEP][PASSED] - click(findTestObject("Object Repository/Login/Page_Olva Courier  Datos Personales/button_Tipo De Documento")): Object: 'Object Repository/Login/Page_Olva Courier  Datos Personales/button_Tipo De Documento' is clicked on

27-11-2024T17:09:44 - [MESSAGE][PASSED] - Object: 'Object Repository/Login/Page_Olva Courier  Datos Personales/button_Tipo De Documento' is clicked on

27-11-2024T17:09:44 - [TEST_STEP][PASSED] - click(findTestObject("Object Repository/Login/Page_Olva Courier  Datos Personales/span_RUC (Factura)")): Object: 'Object Repository/Login/Page_Olva Courier  Datos Personales/span_RUC (Factura)' is clicked on

27-11-2024T17:09:45 - [MESSAGE][PASSED] - Object: 'Object Repository/Login/Page_Olva Courier  Datos Personales/span_RUC (Factura)' is clicked on

27-11-2024T17:09:45 - [TEST_STEP][PASSED] - setText(findTestObject("Object Repository/Login/Page_Olva Courier  Datos Personales/input_CARN EXT. (Boleta)_txt_documento_cliente"), "20100686814"): Text '20100686814' is set on object 'Object Repository/Login/Page_Olva Courier  Datos Personales/input_CARN EXT. (Boleta)_txt_documento_cliente'

27-11-2024T17:09:50 - [MESSAGE][PASSED] - Text '20100686814' is set on object 'Object Repository/Login/Page_Olva Courier  Datos Personales/input_CARN EXT. (Boleta)_txt_documento_cliente'

27-11-2024T17:09:50 - [MESSAGE][PASSED] - Call Test Case 'Test Cases/1.Inicio/1.2Tipo_Doc/5.RUC20' successfully

27-11-2024T17:09:50 - [TEST_STEP][PASSED] - click(findTestObject("Object Repository/Principal/Page_Olva Courier  Datos Personales/button_Seleccionar artculo")): Object: 'Object Repository/Principal/Page_Olva Courier  Datos Personales/button_Seleccionar artculo' is clicked on

27-11-2024T17:10:00 - [MESSAGE][PASSED] - Object: 'Object Repository/Principal/Page_Olva Courier  Datos Personales/button_Seleccionar artculo' is clicked on

27-11-2024T17:10:00 - [TEST_STEP][PASSED] - click(findTestObject("Object Repository/Principal/Page_Olva Courier  Datos Personales/a_CAJA")): Object: 'Object Repository/Principal/Page_Olva Courier  Datos Personales/a_CAJA' is clicked on

27-11-2024T17:10:04 - [MESSAGE][PASSED] - Object: 'Object Repository/Principal/Page_Olva Courier  Datos Personales/a_CAJA' is clicked on

27-11-2024T17:10:04 - [TEST_STEP][PASSED] - setText(findTestObject("Object Repository/Principal/Page_Olva Courier  Datos Personales/input_UTILES DE OFICINA_txt_paquete_articulo"), "FGDg"): Text 'FGDg' is set on object 'Object Repository/Principal/Page_Olva Courier  Datos Personales/input_UTILES DE OFICINA_txt_paquete_articulo'

27-11-2024T17:10:08 - [MESSAGE][PASSED] - Text 'FGDg' is set on object 'Object Repository/Principal/Page_Olva Courier  Datos Personales/input_UTILES DE OFICINA_txt_paquete_articulo'

27-11-2024T17:10:08 - [TEST_STEP][PASSED] - setText(findTestObject("Object Repository/Principal/Page_Olva Courier  Datos Personales/input_UTILES DE OFICINA_txt_paquete_valor"), "50"): Text '50' is set on object 'Object Repository/Principal/Page_Olva Courier  Datos Personales/input_UTILES DE OFICINA_txt_paquete_valor'

27-11-2024T17:10:12 - [MESSAGE][PASSED] - Text '50' is set on object 'Object Repository/Principal/Page_Olva Courier  Datos Personales/input_UTILES DE OFICINA_txt_paquete_valor'

27-11-2024T17:10:12 - [TEST_STEP][PASSED] - click(findTestObject("Object Repository/Principal/Page_Olva Courier  Datos Personales/div_Hasta 2Kg")): Object: 'Object Repository/Principal/Page_Olva Courier  Datos Personales/div_Hasta 2Kg' is clicked on

27-11-2024T17:10:14 - [MESSAGE][PASSED] - Object: 'Object Repository/Principal/Page_Olva Courier  Datos Personales/div_Hasta 2Kg' is clicked on

27-11-2024T17:10:14 - [TEST_STEP][PASSED] - scrollToElement(findTestObject("Object Repository/Destinos/Page_Olva Courier  Datos Personales/button_LIMA (1)"), 0): Scroll to object 'Object Repository/Destinos/Page_Olva Courier  Datos Personales/button_LIMA (1)' successfully

27-11-2024T17:10:14 - [MESSAGE][WARNING] - Timeout '0' is invalid. Using default page load timeout: '30'

27-11-2024T17:10:17 - [MESSAGE][PASSED] - Scroll to object 'Object Repository/Destinos/Page_Olva Courier  Datos Personales/button_LIMA (1)' successfully

27-11-2024T17:10:17 - [TEST_STEP][PASSED] - click(findTestObject("Object Repository/Destinos/Page_Olva Courier  Datos Personales/button_LIMA (1)")): Object: 'Object Repository/Destinos/Page_Olva Courier  Datos Personales/button_LIMA (1)' is clicked on

27-11-2024T17:10:19 - [MESSAGE][PASSED] - Object: 'Object Repository/Destinos/Page_Olva Courier  Datos Personales/button_LIMA (1)' is clicked on

27-11-2024T17:10:19 - [TEST_STEP][PASSED] - click(findTestObject("Object Repository/Destinos/Page_Olva Courier  Datos Personales/a_ICA")): Object: 'Object Repository/Destinos/Page_Olva Courier  Datos Personales/a_ICA' is clicked on

27-11-2024T17:10:22 - [MESSAGE][PASSED] - Object: 'Object Repository/Destinos/Page_Olva Courier  Datos Personales/a_ICA' is clicked on

27-11-2024T17:10:22 - [TEST_STEP][PASSED] - click(findTestObject("Object Repository/Destinos/Page_Olva Courier  Datos Personales/button_ICA")): Object: 'Object Repository/Destinos/Page_Olva Courier  Datos Personales/button_ICA' is clicked on

27-11-2024T17:10:24 - [MESSAGE][PASSED] - Object: 'Object Repository/Destinos/Page_Olva Courier  Datos Personales/button_ICA' is clicked on

27-11-2024T17:10:24 - [TEST_STEP][PASSED] - click(findTestObject("Object Repository/Principal/Page_Olva Courier  Datos Personales/button_Ingrese el punto de llegada")): Object: 'Object Repository/Principal/Page_Olva Courier  Datos Personales/button_Ingrese el punto de llegada' is clicked on

27-11-2024T17:10:28 - [MESSAGE][PASSED] - Object: 'Object Repository/Principal/Page_Olva Courier  Datos Personales/button_Ingrese el punto de llegada' is clicked on

27-11-2024T17:10:28 - [TEST_STEP][PASSED] - click(findTestObject("Object Repository/Principal/Page_Olva Courier  Datos Personales/a_AMAZONAS - BAGUA - COPALLIN")): Object: 'Object Repository/Principal/Page_Olva Courier  Datos Personales/a_AMAZONAS - BAGUA - COPALLIN' is clicked on

27-11-2024T17:10:48 - [MESSAGE][PASSED] - Object: 'Object Repository/Principal/Page_Olva Courier  Datos Personales/a_AMAZONAS - BAGUA - COPALLIN' is clicked on

27-11-2024T17:10:48 - [TEST_STEP][PASSED] - scrollToElement(findTestObject("Object Repository/Principal/Page_Olva Courier  Datos Personales/button_Tipo De Documento_1"), 0): Scroll to object 'Object Repository/Principal/Page_Olva Courier  Datos Personales/button_Tipo De Documento_1' successfully

27-11-2024T17:10:48 - [MESSAGE][WARNING] - Timeout '0' is invalid. Using default page load timeout: '30'

27-11-2024T17:10:51 - [MESSAGE][PASSED] - Scroll to object 'Object Repository/Principal/Page_Olva Courier  Datos Personales/button_Tipo De Documento_1' successfully

27-11-2024T17:10:51 - [TEST_STEP][PASSED] - click(findTestObject("Object Repository/Principal/Page_Olva Courier  Datos Personales/button_Tipo De Documento_1")): Object: 'Object Repository/Principal/Page_Olva Courier  Datos Personales/button_Tipo De Documento_1' is clicked on

27-11-2024T17:10:53 - [MESSAGE][PASSED] - Object: 'Object Repository/Principal/Page_Olva Courier  Datos Personales/button_Tipo De Documento_1' is clicked on

27-11-2024T17:10:53 - [TEST_STEP][PASSED] - click(findTestObject("Object Repository/Principal/Page_Olva Courier  Datos Personales/a_RUC")): Object: 'Object Repository/Principal/Page_Olva Courier  Datos Personales/a_RUC' is clicked on

27-11-2024T17:10:56 - [MESSAGE][PASSED] - Object: 'Object Repository/Principal/Page_Olva Courier  Datos Personales/a_RUC' is clicked on

27-11-2024T17:10:56 - [TEST_STEP][PASSED] - setText(findTestObject("Object Repository/Principal/Page_Olva Courier  Datos Personales/input_CARN EXT_txt_consignado_dni"), "20100686814"): Text '20100686814' is set on object 'Object Repository/Principal/Page_Olva Courier  Datos Personales/input_CARN EXT_txt_consignado_dni'

27-11-2024T17:11:00 - [MESSAGE][PASSED] - Text '20100686814' is set on object 'Object Repository/Principal/Page_Olva Courier  Datos Personales/input_CARN EXT_txt_consignado_dni'

27-11-2024T17:11:00 - [TEST_STEP][PASSED] - click(findTestObject("Object Repository/Principal/Page_Olva Courier  Datos Personales/button_CONTINUAR")): Object: 'Object Repository/Principal/Page_Olva Courier  Datos Personales/button_CONTINUAR' is clicked on

27-11-2024T17:11:03 - [MESSAGE][PASSED] - Object: 'Object Repository/Principal/Page_Olva Courier  Datos Personales/button_CONTINUAR' is clicked on

27-11-2024T17:11:03 - [TEST_STEP][PASSED] - verifyElementText(findTestObject("Object Repository/Principal/Page_Olva Courier  Confirma tus datos/th_---"), "---"): Actual text and expected text of test object 'Object Repository/Principal/Page_Olva Courier  Confirma tus datos/th_---' are matched.

27-11-2024T17:11:07 - [MESSAGE][PASSED] - Actual text and expected text of test object 'Object Repository/Principal/Page_Olva Courier  Confirma tus datos/th_---' are matched.

27-11-2024T17:11:07 - [TEST_STEP][PASSED] - click(findTestObject("Object Repository/Principal/Page_Olva Courier  Confirma tus datos/button_IR A PAGAR S 18.60")): Object: 'Object Repository/Principal/Page_Olva Courier  Confirma tus datos/button_IR A PAGAR S 18.60' is clicked on

27-11-2024T17:11:10 - [MESSAGE][PASSED] - Object: 'Object Repository/Principal/Page_Olva Courier  Confirma tus datos/button_IR A PAGAR S 18.60' is clicked on

27-11-2024T17:11:10 - [TEST_STEP][PASSED] - verifyElementPresent(findTestObject("Object Repository/Principal/Page_Olva Courier  Medios de pago/button_PAGAR"), 0): Object 'Object Repository/Principal/Page_Olva Courier  Medios de pago/button_PAGAR' is present

27-11-2024T17:11:10 - [MESSAGE][WARNING] - Timeout '0' is invalid. Using default page load timeout: '30'

27-11-2024T17:11:14 - [MESSAGE][PASSED] - Object 'Object Repository/Principal/Page_Olva Courier  Medios de pago/button_PAGAR' is present

27-11-2024T17:11:14 - [TEST_STEP][PASSED] - callTestCase(findTestCase("1.Inicio/1.3Pago_POS/Pago-exitoso"), [:], STOP_ON_FAILURE): Call Test Case 'Test Cases/1.Inicio/1.3Pago_POS/Pago-exitoso' successfully

27-11-2024T17:11:14 - [TEST_CASE][PASSED] - Test Cases/1.Inicio/1.3Pago_POS/Pago-exitoso: Test Cases/1.Inicio/1.3Pago_POS/Pago-exitoso

27-11-2024T17:11:14 - [TEST_STEP][PASSED] - verifyElementPresent(findTestObject("Object Repository/pago/Page_Olva Courier  Medios de pago/div_Pago con tarjeta de crdito, dbito y Yape"), 0): Object 'Object Repository/pago/Page_Olva Courier  Medios de pago/div_Pago con tarjeta de crdito, dbito y Yape' is present

27-11-2024T17:11:14 - [MESSAGE][WARNING] - Timeout '0' is invalid. Using default page load timeout: '30'

27-11-2024T17:11:16 - [MESSAGE][PASSED] - Object 'Object Repository/pago/Page_Olva Courier  Medios de pago/div_Pago con tarjeta de crdito, dbito y Yape' is present

27-11-2024T17:11:16 - [TEST_STEP][PASSED] - verifyElementPresent(findTestObject("Object Repository/pago/Page_Olva Courier  Medios de pago/td_S"), 0): Object 'Object Repository/pago/Page_Olva Courier  Medios de pago/td_S' is present

27-11-2024T17:11:16 - [MESSAGE][WARNING] - Timeout '0' is invalid. Using default page load timeout: '30'

27-11-2024T17:11:18 - [MESSAGE][PASSED] - Object 'Object Repository/pago/Page_Olva Courier  Medios de pago/td_S' is present

27-11-2024T17:11:18 - [TEST_STEP][PASSED] - delay(1): Delayed 1 second(s)

27-11-2024T17:11:19 - [MESSAGE][PASSED] - Delayed 1 second(s)

27-11-2024T17:11:19 - [TEST_STEP][PASSED] - scrollToElement(findTestObject("Object Repository/pago/Page_Olva Courier  Medios de pago/button_PAGAR"), 0): Scroll to object 'Object Repository/pago/Page_Olva Courier  Medios de pago/button_PAGAR' successfully

27-11-2024T17:11:19 - [MESSAGE][WARNING] - Timeout '0' is invalid. Using default page load timeout: '30'

27-11-2024T17:11:21 - [MESSAGE][PASSED] - Scroll to object 'Object Repository/pago/Page_Olva Courier  Medios de pago/button_PAGAR' successfully

27-11-2024T17:11:21 - [TEST_STEP][PASSED] - click(findTestObject("Object Repository/pago/Page_Olva Courier  Medios de pago/button_PAGAR")): Object: 'Object Repository/pago/Page_Olva Courier  Medios de pago/button_PAGAR' is clicked on

27-11-2024T17:11:23 - [MESSAGE][PASSED] - Object: 'Object Repository/pago/Page_Olva Courier  Medios de pago/button_PAGAR' is clicked on

27-11-2024T17:11:23 - [TEST_STEP][PASSED] - delay(2): Delayed 2 second(s)

27-11-2024T17:11:25 - [MESSAGE][PASSED] - Delayed 2 second(s)

27-11-2024T17:11:25 - [TEST_STEP][PASSED] - verifyElementText(findTestObject("Object Repository/pago/Page_Olva Courier  Pago Exitoso/div_Aprobado y completado con exito"), "Aprobado y completado con exito"): Actual text and expected text of test object 'Object Repository/pago/Page_Olva Courier  Pago Exitoso/div_Aprobado y completado con exito' are matched.

27-11-2024T17:11:27 - [MESSAGE][PASSED] - Actual text and expected text of test object 'Object Repository/pago/Page_Olva Courier  Pago Exitoso/div_Aprobado y completado con exito' are matched.

27-11-2024T17:11:27 - [TEST_STEP][PASSED] - verifyElementPresent(findTestObject("Object Repository/pago/Page_Olva Courier  Pago Exitoso/b_nroPreventa"), 0): Object 'Object Repository/pago/Page_Olva Courier  Pago Exitoso/b_nroPreventa' is present

27-11-2024T17:11:27 - [MESSAGE][WARNING] - Timeout '0' is invalid. Using default page load timeout: '30'

27-11-2024T17:11:29 - [MESSAGE][PASSED] - Object 'Object Repository/pago/Page_Olva Courier  Pago Exitoso/b_nroPreventa' is present

27-11-2024T17:11:29 - [MESSAGE][PASSED] - Call Test Case 'Test Cases/1.Inicio/1.3Pago_POS/Pago-exitoso' successfully]]></system-out>
         <system-err><![CDATA[]]></system-err>
      </testcase>
      <testcase name="Test Cases/2.Positivos/2.1Paquete/Origen-Provincia/Editar_Eliminar-Envios" time="80.113" classname="Test Cases/2.Positivos/2.1Paquete/Origen-Provincia/Editar_Eliminar-Envios" status="PASSED">
         <system-out><![CDATA[27-11-2024T17:11:30 - [TEST_CASE][PASSED] - Test Cases/2.Positivos/2.1Paquete/Origen-Provincia/Editar_Eliminar-Envios: Test Cases/2.Positivos/2.1Paquete/Origen-Provincia/Editar_Eliminar-Envios

27-11-2024T17:11:30 - [TEST_STEP][PASSED] - callTestCase(findTestCase("1.Inicio/1.1Principal/Principal-home"), [:], STOP_ON_FAILURE): Call Test Case 'Test Cases/1.Inicio/1.1Principal/Principal-home' successfully

27-11-2024T17:11:30 - [TEST_CASE][PASSED] - Test Cases/1.Inicio/1.1Principal/Principal-home: Test Cases/1.Inicio/1.1Principal/Principal-home

27-11-2024T17:11:30 - [TEST_STEP][PASSED] - openBrowser(""): Browser is opened with url: ''

27-11-2024T17:11:30 - [MESSAGE][WARNING] - A browser is already opened. Closing browser and opening a new one

27-11-2024T17:11:31 - [MESSAGE][INFO] - Starting 'Firefox' driver

27-11-2024T17:11:31 - [MESSAGE][INFO] - Action delay is set to 0 milliseconds

27-11-2024T17:11:38 - [MESSAGE][PASSED] - Browser is opened with url: ''

27-11-2024T17:11:38 - [TEST_STEP][PASSED] - navigateToUrl("https://dev01-registrodeenvios.olvacourier.com/principal"): Navigate to 'https://dev01-registrodeenvios.olvacourier.com/principal' successfully

27-11-2024T17:11:40 - [MESSAGE][PASSED] - Navigate to 'https://dev01-registrodeenvios.olvacourier.com/principal' successfully

27-11-2024T17:11:40 - [TEST_STEP][PASSED] - maximizeWindow(): Current window maximized

27-11-2024T17:11:40 - [MESSAGE][PASSED] - Current window maximized

27-11-2024T17:11:40 - [MESSAGE][PASSED] - Call Test Case 'Test Cases/1.Inicio/1.1Principal/Principal-home' successfully

27-11-2024T17:11:40 - [TEST_STEP][PASSED] - callTestCase(findTestCase("1.Inicio/1.1Principal/Selec_paquete"), [:], STOP_ON_FAILURE): Call Test Case 'Test Cases/1.Inicio/1.1Principal/Selec_paquete' successfully

27-11-2024T17:11:40 - [TEST_CASE][PASSED] - Test Cases/1.Inicio/1.1Principal/Selec_paquete: Test Cases/1.Inicio/1.1Principal/Selec_paquete

27-11-2024T17:11:40 - [TEST_STEP][PASSED] - click(findTestObject("Object Repository/Principal/Page_Olva Courier  Home/img_Qu deseas realizar hoy_img_paquete")): Object: 'Object Repository/Principal/Page_Olva Courier  Home/img_Qu deseas realizar hoy_img_paquete' is clicked on

27-11-2024T17:11:41 - [MESSAGE][PASSED] - Object: 'Object Repository/Principal/Page_Olva Courier  Home/img_Qu deseas realizar hoy_img_paquete' is clicked on

27-11-2024T17:11:41 - [TEST_STEP][PASSED] - click(findTestObject("Object Repository/Principal/Page_Olva Courier  Home/span_He ledo y acepto los_checkmark (1)")): Object: 'Object Repository/Principal/Page_Olva Courier  Home/span_He ledo y acepto los_checkmark (1)' is clicked on

27-11-2024T17:11:41 - [MESSAGE][PASSED] - Object: 'Object Repository/Principal/Page_Olva Courier  Home/span_He ledo y acepto los_checkmark (1)' is clicked on

27-11-2024T17:11:41 - [TEST_STEP][PASSED] - click(findTestObject("Object Repository/Principal/Page_Olva Courier  Home/button_CONTINUAR (1)")): Object: 'Object Repository/Principal/Page_Olva Courier  Home/button_CONTINUAR (1)' is clicked on

27-11-2024T17:11:43 - [MESSAGE][PASSED] - Object: 'Object Repository/Principal/Page_Olva Courier  Home/button_CONTINUAR (1)' is clicked on

27-11-2024T17:11:43 - [TEST_STEP][PASSED] - verifyElementPresent(findTestObject("Object Repository/Principal/Page_Olva Courier  Datos Personales/strong_REGISTRO DE ENVOS"), 0): Object 'Object Repository/Principal/Page_Olva Courier  Datos Personales/strong_REGISTRO DE ENVOS' is present

27-11-2024T17:11:43 - [MESSAGE][WARNING] - Timeout '0' is invalid. Using default page load timeout: '30'

27-11-2024T17:11:43 - [MESSAGE][PASSED] - Object 'Object Repository/Principal/Page_Olva Courier  Datos Personales/strong_REGISTRO DE ENVOS' is present

27-11-2024T17:11:43 - [TEST_STEP][PASSED] - verifyElementPresent(findTestObject("Object Repository/Principal/Page_Olva Courier  Datos Personales/span_Regresar (1)"), 0): Object 'Object Repository/Principal/Page_Olva Courier  Datos Personales/span_Regresar (1)' is present

27-11-2024T17:11:43 - [MESSAGE][WARNING] - Timeout '0' is invalid. Using default page load timeout: '30'

27-11-2024T17:11:44 - [MESSAGE][PASSED] - Object 'Object Repository/Principal/Page_Olva Courier  Datos Personales/span_Regresar (1)' is present

27-11-2024T17:11:44 - [TEST_STEP][PASSED] - verifyElementPresent(findTestObject("Object Repository/Principal/Page_Olva Courier  Datos Personales/span_Inicio (1)"), 0): Object 'Object Repository/Principal/Page_Olva Courier  Datos Personales/span_Inicio (1)' is present

27-11-2024T17:11:44 - [MESSAGE][WARNING] - Timeout '0' is invalid. Using default page load timeout: '30'

27-11-2024T17:11:44 - [MESSAGE][PASSED] - Object 'Object Repository/Principal/Page_Olva Courier  Datos Personales/span_Inicio (1)' is present

27-11-2024T17:11:44 - [MESSAGE][PASSED] - Call Test Case 'Test Cases/1.Inicio/1.1Principal/Selec_paquete' successfully

27-11-2024T17:11:44 - [TEST_STEP][PASSED] - callTestCase(findTestCase("1.Inicio/1.2Tipo_Doc/3.CE"), [:], STOP_ON_FAILURE): Call Test Case 'Test Cases/1.Inicio/1.2Tipo_Doc/3.CE' successfully

27-11-2024T17:11:44 - [TEST_CASE][PASSED] - Test Cases/1.Inicio/1.2Tipo_Doc/3.CE: Test Cases/1.Inicio/1.2Tipo_Doc/3.CE

27-11-2024T17:11:44 - [TEST_STEP][PASSED] - click(findTestObject("Object Repository/Login/Page_Olva Courier  Datos Personales/button_Tipo De Documento")): Object: 'Object Repository/Login/Page_Olva Courier  Datos Personales/button_Tipo De Documento' is clicked on

27-11-2024T17:11:45 - [MESSAGE][PASSED] - Object: 'Object Repository/Login/Page_Olva Courier  Datos Personales/button_Tipo De Documento' is clicked on

27-11-2024T17:11:45 - [TEST_STEP][PASSED] - click(findTestObject("Object Repository/Login/Page_Olva Courier  Datos Personales/span_CARN EXT. (Boleta)")): Object: 'Object Repository/Login/Page_Olva Courier  Datos Personales/span_CARN EXT. (Boleta)' is clicked on

27-11-2024T17:11:45 - [MESSAGE][PASSED] - Object: 'Object Repository/Login/Page_Olva Courier  Datos Personales/span_CARN EXT. (Boleta)' is clicked on

27-11-2024T17:11:45 - [TEST_STEP][PASSED] - setText(findTestObject("Object Repository/Login/Page_Olva Courier  Datos Personales/input_CARN EXT. (Boleta)_txt_documento_cliente"), "002691903"): Text '002691903' is set on object 'Object Repository/Login/Page_Olva Courier  Datos Personales/input_CARN EXT. (Boleta)_txt_documento_cliente'

27-11-2024T17:11:46 - [MESSAGE][PASSED] - Text '002691903' is set on object 'Object Repository/Login/Page_Olva Courier  Datos Personales/input_CARN EXT. (Boleta)_txt_documento_cliente'

27-11-2024T17:11:46 - [MESSAGE][PASSED] - Call Test Case 'Test Cases/1.Inicio/1.2Tipo_Doc/3.CE' successfully

27-11-2024T17:11:46 - [TEST_STEP][PASSED] - click(findTestObject("Object Repository/Positivos/Page_Olva Courier  Datos Personales/span_Seleccionar artculo")): Object: 'Object Repository/Positivos/Page_Olva Courier  Datos Personales/span_Seleccionar artculo' is clicked on

27-11-2024T17:11:51 - [MESSAGE][PASSED] - Object: 'Object Repository/Positivos/Page_Olva Courier  Datos Personales/span_Seleccionar artculo' is clicked on

27-11-2024T17:11:51 - [TEST_STEP][PASSED] - click(findTestObject("Object Repository/Positivos/Page_Olva Courier  Datos Personales/span_ACCESORIOS Y EQUIPOS ELECTRONICOS")): Object: 'Object Repository/Positivos/Page_Olva Courier  Datos Personales/span_ACCESORIOS Y EQUIPOS ELECTRONICOS' is clicked on

27-11-2024T17:11:52 - [MESSAGE][PASSED] - Object: 'Object Repository/Positivos/Page_Olva Courier  Datos Personales/span_ACCESORIOS Y EQUIPOS ELECTRONICOS' is clicked on

27-11-2024T17:11:52 - [TEST_STEP][PASSED] - setText(findTestObject("Object Repository/Positivos/Page_Olva Courier  Datos Personales/input_UTILES DE OFICINA_txt_paquete_articulo"), "PRUEBAs"): Text 'PRUEBAs' is set on object 'Object Repository/Positivos/Page_Olva Courier  Datos Personales/input_UTILES DE OFICINA_txt_paquete_articulo'

27-11-2024T17:11:52 - [MESSAGE][PASSED] - Text 'PRUEBAs' is set on object 'Object Repository/Positivos/Page_Olva Courier  Datos Personales/input_UTILES DE OFICINA_txt_paquete_articulo'

27-11-2024T17:11:52 - [TEST_STEP][PASSED] - setText(findTestObject("Object Repository/Positivos/Page_Olva Courier  Datos Personales/input_UTILES DE OFICINA_txt_paquete_valor"), "20"): Text '20' is set on object 'Object Repository/Positivos/Page_Olva Courier  Datos Personales/input_UTILES DE OFICINA_txt_paquete_valor'

27-11-2024T17:11:53 - [MESSAGE][PASSED] - Text '20' is set on object 'Object Repository/Positivos/Page_Olva Courier  Datos Personales/input_UTILES DE OFICINA_txt_paquete_valor'

27-11-2024T17:11:53 - [TEST_STEP][PASSED] - click(findTestObject("Object Repository/Positivos/Page_Olva Courier  Datos Personales/b_1Kg")): Object: 'Object Repository/Positivos/Page_Olva Courier  Datos Personales/b_1Kg' is clicked on

27-11-2024T17:11:53 - [MESSAGE][PASSED] - Object: 'Object Repository/Positivos/Page_Olva Courier  Datos Personales/b_1Kg' is clicked on

27-11-2024T17:11:53 - [TEST_STEP][PASSED] - scrollToElement(findTestObject("Object Repository/Destinos/Page_Olva Courier  Datos Personales/button_LIMA (1)"), 0): Scroll to object 'Object Repository/Destinos/Page_Olva Courier  Datos Personales/button_LIMA (1)' successfully

27-11-2024T17:11:53 - [MESSAGE][WARNING] - Timeout '0' is invalid. Using default page load timeout: '30'

27-11-2024T17:11:54 - [MESSAGE][PASSED] - Scroll to object 'Object Repository/Destinos/Page_Olva Courier  Datos Personales/button_LIMA (1)' successfully

27-11-2024T17:11:54 - [TEST_STEP][PASSED] - click(findTestObject("Object Repository/Destinos/Page_Olva Courier  Datos Personales/button_LIMA (1)")): Object: 'Object Repository/Destinos/Page_Olva Courier  Datos Personales/button_LIMA (1)' is clicked on

27-11-2024T17:11:55 - [MESSAGE][PASSED] - Object: 'Object Repository/Destinos/Page_Olva Courier  Datos Personales/button_LIMA (1)' is clicked on

27-11-2024T17:11:55 - [TEST_STEP][PASSED] - click(findTestObject("Object Repository/Destinos/Page_Olva Courier  Datos Personales/a_ICA")): Object: 'Object Repository/Destinos/Page_Olva Courier  Datos Personales/a_ICA' is clicked on

27-11-2024T17:11:55 - [MESSAGE][PASSED] - Object: 'Object Repository/Destinos/Page_Olva Courier  Datos Personales/a_ICA' is clicked on

27-11-2024T17:11:55 - [TEST_STEP][PASSED] - click(findTestObject("Object Repository/Destinos/Page_Olva Courier  Datos Personales/button_ICA")): Object: 'Object Repository/Destinos/Page_Olva Courier  Datos Personales/button_ICA' is clicked on

27-11-2024T17:11:56 - [MESSAGE][PASSED] - Object: 'Object Repository/Destinos/Page_Olva Courier  Datos Personales/button_ICA' is clicked on

27-11-2024T17:11:56 - [TEST_STEP][PASSED] - scrollToElement(findTestObject("Object Repository/Positivos/Page_Olva Courier  Datos Personales/span_Ingrese el punto de llegada"), 0): Scroll to object 'Object Repository/Positivos/Page_Olva Courier  Datos Personales/span_Ingrese el punto de llegada' successfully

27-11-2024T17:11:56 - [MESSAGE][WARNING] - Timeout '0' is invalid. Using default page load timeout: '30'

27-11-2024T17:11:56 - [MESSAGE][PASSED] - Scroll to object 'Object Repository/Positivos/Page_Olva Courier  Datos Personales/span_Ingrese el punto de llegada' successfully

27-11-2024T17:11:56 - [TEST_STEP][PASSED] - click(findTestObject("Object Repository/Positivos/Page_Olva Courier  Datos Personales/span_Ingrese el punto de llegada")): Object: 'Object Repository/Positivos/Page_Olva Courier  Datos Personales/span_Ingrese el punto de llegada' is clicked on

27-11-2024T17:11:56 - [MESSAGE][PASSED] - Object: 'Object Repository/Positivos/Page_Olva Courier  Datos Personales/span_Ingrese el punto de llegada' is clicked on

27-11-2024T17:11:56 - [TEST_STEP][PASSED] - click(findTestObject("Object Repository/Positivos/Page_Olva Courier  Datos Personales/span_AMAZONAS - BAGUA - BAGUA")): Object: 'Object Repository/Positivos/Page_Olva Courier  Datos Personales/span_AMAZONAS - BAGUA - BAGUA' is clicked on

27-11-2024T17:11:57 - [MESSAGE][PASSED] - Object: 'Object Repository/Positivos/Page_Olva Courier  Datos Personales/span_AMAZONAS - BAGUA - BAGUA' is clicked on

27-11-2024T17:11:57 - [TEST_STEP][PASSED] - click(findTestObject("Object Repository/Positivos/Page_Olva Courier  Datos Personales/span_Tipo de entrega")): Object: 'Object Repository/Positivos/Page_Olva Courier  Datos Personales/span_Tipo de entrega' is clicked on

27-11-2024T17:11:57 - [MESSAGE][PASSED] - Object: 'Object Repository/Positivos/Page_Olva Courier  Datos Personales/span_Tipo de entrega' is clicked on

27-11-2024T17:11:57 - [TEST_STEP][PASSED] - click(findTestObject("Object Repository/Positivos/Page_Olva Courier  Datos Personales/a_Recojo en tienda")): Object: 'Object Repository/Positivos/Page_Olva Courier  Datos Personales/a_Recojo en tienda' is clicked on

27-11-2024T17:11:58 - [MESSAGE][PASSED] - Object: 'Object Repository/Positivos/Page_Olva Courier  Datos Personales/a_Recojo en tienda' is clicked on

27-11-2024T17:11:58 - [TEST_STEP][PASSED] - click(findTestObject("Object Repository/Positivos/Page_Olva Courier  Datos Personales/span_Tienda")): Object: 'Object Repository/Positivos/Page_Olva Courier  Datos Personales/span_Tienda' is clicked on

27-11-2024T17:11:59 - [MESSAGE][PASSED] - Object: 'Object Repository/Positivos/Page_Olva Courier  Datos Personales/span_Tienda' is clicked on

27-11-2024T17:11:59 - [TEST_STEP][PASSED] - click(findTestObject("Object Repository/Positivos/Page_Olva Courier  Datos Personales/span_BAGUA CHICA - BAGUA - PJ ALFONSO UGART_d3a165")): Object: 'Object Repository/Positivos/Page_Olva Courier  Datos Personales/span_BAGUA CHICA - BAGUA - PJ ALFONSO UGART_d3a165' is clicked on

27-11-2024T17:11:59 - [MESSAGE][PASSED] - Object: 'Object Repository/Positivos/Page_Olva Courier  Datos Personales/span_BAGUA CHICA - BAGUA - PJ ALFONSO UGART_d3a165' is clicked on

27-11-2024T17:11:59 - [TEST_STEP][PASSED] - click(findTestObject("Object Repository/Positivos/Page_Olva Courier  Datos Personales/span_Tipo De Documento_1")): Object: 'Object Repository/Positivos/Page_Olva Courier  Datos Personales/span_Tipo De Documento_1' is clicked on

27-11-2024T17:12:00 - [MESSAGE][PASSED] - Object: 'Object Repository/Positivos/Page_Olva Courier  Datos Personales/span_Tipo De Documento_1' is clicked on

27-11-2024T17:12:00 - [TEST_STEP][PASSED] - click(findTestObject("Object Repository/Positivos/Page_Olva Courier  Datos Personales/a_DNI")): Object: 'Object Repository/Positivos/Page_Olva Courier  Datos Personales/a_DNI' is clicked on

27-11-2024T17:12:00 - [MESSAGE][PASSED] - Object: 'Object Repository/Positivos/Page_Olva Courier  Datos Personales/a_DNI' is clicked on

27-11-2024T17:12:00 - [TEST_STEP][PASSED] - setText(findTestObject("Object Repository/Positivos/Page_Olva Courier  Datos Personales/input_CARN EXT_txt_consignado_dni"), "71735785"): Text '71735785' is set on object 'Object Repository/Positivos/Page_Olva Courier  Datos Personales/input_CARN EXT_txt_consignado_dni'

27-11-2024T17:12:01 - [MESSAGE][PASSED] - Text '71735785' is set on object 'Object Repository/Positivos/Page_Olva Courier  Datos Personales/input_CARN EXT_txt_consignado_dni'

27-11-2024T17:12:01 - [TEST_STEP][PASSED] - verifyElementPresent(findTestObject("Object Repository/Positivos/Page_Olva Courier  Datos Personales/span_RIOS"), 0): Object 'Object Repository/Positivos/Page_Olva Courier  Datos Personales/span_RIOS' is present

27-11-2024T17:12:01 - [MESSAGE][WARNING] - Timeout '0' is invalid. Using default page load timeout: '30'

27-11-2024T17:12:02 - [MESSAGE][PASSED] - Object 'Object Repository/Positivos/Page_Olva Courier  Datos Personales/span_RIOS' is present

27-11-2024T17:12:02 - [TEST_STEP][PASSED] - verifyElementPresent(findTestObject("Object Repository/Positivos/Page_Olva Courier  Datos Personales/div_RIOS"), 0): Object 'Object Repository/Positivos/Page_Olva Courier  Datos Personales/div_RIOS' is present

27-11-2024T17:12:02 - [MESSAGE][WARNING] - Timeout '0' is invalid. Using default page load timeout: '30'

27-11-2024T17:12:02 - [MESSAGE][PASSED] - Object 'Object Repository/Positivos/Page_Olva Courier  Datos Personales/div_RIOS' is present

27-11-2024T17:12:02 - [TEST_STEP][PASSED] - scrollToElement(findTestObject("Object Repository/Positivos/Page_Olva Courier  Datos Personales/button_CONTINUAR"), 0): Scroll to object 'Object Repository/Positivos/Page_Olva Courier  Datos Personales/button_CONTINUAR' successfully

27-11-2024T17:12:02 - [MESSAGE][WARNING] - Timeout '0' is invalid. Using default page load timeout: '30'

27-11-2024T17:12:02 - [MESSAGE][PASSED] - Scroll to object 'Object Repository/Positivos/Page_Olva Courier  Datos Personales/button_CONTINUAR' successfully

27-11-2024T17:12:02 - [TEST_STEP][PASSED] - click(findTestObject("Object Repository/Positivos/Page_Olva Courier  Datos Personales/button_CONTINUAR")): Object: 'Object Repository/Positivos/Page_Olva Courier  Datos Personales/button_CONTINUAR' is clicked on

27-11-2024T17:12:03 - [MESSAGE][PASSED] - Object: 'Object Repository/Positivos/Page_Olva Courier  Datos Personales/button_CONTINUAR' is clicked on

27-11-2024T17:12:03 - [TEST_STEP][PASSED] - click(findTestObject("Object Repository/Positivos/Page_Olva Courier  Confirma tus datos/a_AGREGAR ENVOS")): Object: 'Object Repository/Positivos/Page_Olva Courier  Confirma tus datos/a_AGREGAR ENVOS' is clicked on

27-11-2024T17:12:03 - [MESSAGE][PASSED] - Object: 'Object Repository/Positivos/Page_Olva Courier  Confirma tus datos/a_AGREGAR ENVOS' is clicked on

27-11-2024T17:12:03 - [TEST_STEP][PASSED] - click(findTestObject("Object Repository/Positivos/Page_Olva Courier  Home/img_Envo de cajas o paquetescon un peso mxi_37770f")): Object: 'Object Repository/Positivos/Page_Olva Courier  Home/img_Envo de cajas o paquetescon un peso mxi_37770f' is clicked on

27-11-2024T17:12:04 - [MESSAGE][PASSED] - Object: 'Object Repository/Positivos/Page_Olva Courier  Home/img_Envo de cajas o paquetescon un peso mxi_37770f' is clicked on

27-11-2024T17:12:04 - [TEST_STEP][PASSED] - click(findTestObject("Object Repository/Positivos/Page_Olva Courier  Home/button_CONTINUAR")): Object: 'Object Repository/Positivos/Page_Olva Courier  Home/button_CONTINUAR' is clicked on

27-11-2024T17:12:05 - [MESSAGE][PASSED] - Object: 'Object Repository/Positivos/Page_Olva Courier  Home/button_CONTINUAR' is clicked on

27-11-2024T17:12:05 - [TEST_STEP][PASSED] - setText(findTestObject("Object Repository/Positivos/Page_Olva Courier  Datos Personales/input_Qu Envas_input_descripcion"), "FDFd"): Text 'FDFd' is set on object 'Object Repository/Positivos/Page_Olva Courier  Datos Personales/input_Qu Envas_input_descripcion'

27-11-2024T17:12:11 - [MESSAGE][PASSED] - Text 'FDFd' is set on object 'Object Repository/Positivos/Page_Olva Courier  Datos Personales/input_Qu Envas_input_descripcion'

27-11-2024T17:12:11 - [TEST_STEP][PASSED] - setText(findTestObject("Object Repository/Positivos/Page_Olva Courier  Datos Personales/input_Qu Envas_input_valor"), "20"): Text '20' is set on object 'Object Repository/Positivos/Page_Olva Courier  Datos Personales/input_Qu Envas_input_valor'

27-11-2024T17:12:11 - [MESSAGE][PASSED] - Text '20' is set on object 'Object Repository/Positivos/Page_Olva Courier  Datos Personales/input_Qu Envas_input_valor'

27-11-2024T17:12:11 - [TEST_STEP][PASSED] - scrollToElement(findTestObject("Object Repository/Positivos/Page_Olva Courier  Datos Personales/button_Ingrese el punto de llegada"), 0): Scroll to object 'Object Repository/Positivos/Page_Olva Courier  Datos Personales/button_Ingrese el punto de llegada' successfully

27-11-2024T17:12:11 - [MESSAGE][WARNING] - Timeout '0' is invalid. Using default page load timeout: '30'

27-11-2024T17:12:12 - [MESSAGE][PASSED] - Scroll to object 'Object Repository/Positivos/Page_Olva Courier  Datos Personales/button_Ingrese el punto de llegada' successfully

27-11-2024T17:12:12 - [TEST_STEP][PASSED] - click(findTestObject("Object Repository/Positivos/Page_Olva Courier  Datos Personales/button_Ingrese el punto de llegada")): Object: 'Object Repository/Positivos/Page_Olva Courier  Datos Personales/button_Ingrese el punto de llegada' is clicked on

27-11-2024T17:12:13 - [MESSAGE][PASSED] - Object: 'Object Repository/Positivos/Page_Olva Courier  Datos Personales/button_Ingrese el punto de llegada' is clicked on

27-11-2024T17:12:13 - [TEST_STEP][PASSED] - click(findTestObject("Object Repository/Positivos/Page_Olva Courier  Datos Personales/span_AMAZONAS - BAGUA - EL PARCO")): Object: 'Object Repository/Positivos/Page_Olva Courier  Datos Personales/span_AMAZONAS - BAGUA - EL PARCO' is clicked on

27-11-2024T17:12:17 - [MESSAGE][PASSED] - Object: 'Object Repository/Positivos/Page_Olva Courier  Datos Personales/span_AMAZONAS - BAGUA - EL PARCO' is clicked on

27-11-2024T17:12:17 - [TEST_STEP][PASSED] - click(findTestObject("Object Repository/Positivos/Page_Olva Courier  Datos Personales/span_Tipo De Documento_1")): Object: 'Object Repository/Positivos/Page_Olva Courier  Datos Personales/span_Tipo De Documento_1' is clicked on

27-11-2024T17:12:17 - [MESSAGE][PASSED] - Object: 'Object Repository/Positivos/Page_Olva Courier  Datos Personales/span_Tipo De Documento_1' is clicked on

27-11-2024T17:12:17 - [TEST_STEP][PASSED] - click(findTestObject("Object Repository/Positivos/Page_Olva Courier  Datos Personales/a_DNI")): Object: 'Object Repository/Positivos/Page_Olva Courier  Datos Personales/a_DNI' is clicked on

27-11-2024T17:12:18 - [MESSAGE][PASSED] - Object: 'Object Repository/Positivos/Page_Olva Courier  Datos Personales/a_DNI' is clicked on

27-11-2024T17:12:18 - [TEST_STEP][PASSED] - setText(findTestObject("Object Repository/Positivos/Page_Olva Courier  Datos Personales/input_CARN EXT_txt_consignado_dni"), "71735785"): Text '71735785' is set on object 'Object Repository/Positivos/Page_Olva Courier  Datos Personales/input_CARN EXT_txt_consignado_dni'

27-11-2024T17:12:18 - [MESSAGE][PASSED] - Text '71735785' is set on object 'Object Repository/Positivos/Page_Olva Courier  Datos Personales/input_CARN EXT_txt_consignado_dni'

27-11-2024T17:12:18 - [TEST_STEP][PASSED] - scrollToElement(findTestObject("Object Repository/Positivos/Page_Olva Courier  Datos Personales/button_CONTINUAR"), 0): Scroll to object 'Object Repository/Positivos/Page_Olva Courier  Datos Personales/button_CONTINUAR' successfully

27-11-2024T17:12:18 - [MESSAGE][WARNING] - Timeout '0' is invalid. Using default page load timeout: '30'

27-11-2024T17:12:19 - [MESSAGE][PASSED] - Scroll to object 'Object Repository/Positivos/Page_Olva Courier  Datos Personales/button_CONTINUAR' successfully

27-11-2024T17:12:19 - [TEST_STEP][PASSED] - click(findTestObject("Object Repository/Positivos/Page_Olva Courier  Datos Personales/button_CONTINUAR")): Object: 'Object Repository/Positivos/Page_Olva Courier  Datos Personales/button_CONTINUAR' is clicked on

27-11-2024T17:12:20 - [MESSAGE][PASSED] - Object: 'Object Repository/Positivos/Page_Olva Courier  Datos Personales/button_CONTINUAR' is clicked on

27-11-2024T17:12:20 - [TEST_STEP][PASSED] - click(findTestObject("Object Repository/Positivos/Page_Olva Courier  Confirma tus datos/button_Editar")): Object: 'Object Repository/Positivos/Page_Olva Courier  Confirma tus datos/button_Editar' is clicked on

27-11-2024T17:12:29 - [MESSAGE][PASSED] - Object: 'Object Repository/Positivos/Page_Olva Courier  Confirma tus datos/button_Editar' is clicked on

27-11-2024T17:12:29 - [TEST_STEP][PASSED] - setText(findTestObject("Object Repository/Positivos/Page_Olva Courier  Datos Personales/input_UTILES DE OFICINA_txt_paquete_articulo"), "PRUE"): Text 'PRUE' is set on object 'Object Repository/Positivos/Page_Olva Courier  Datos Personales/input_UTILES DE OFICINA_txt_paquete_articulo'

27-11-2024T17:12:30 - [MESSAGE][PASSED] - Text 'PRUE' is set on object 'Object Repository/Positivos/Page_Olva Courier  Datos Personales/input_UTILES DE OFICINA_txt_paquete_articulo'

27-11-2024T17:12:30 - [TEST_STEP][PASSED] - click(findTestObject("Object Repository/Positivos/Page_Olva Courier  Datos Personales/input_UTILES DE OFICINA_txt_paquete_articulo")): Object: 'Object Repository/Positivos/Page_Olva Courier  Datos Personales/input_UTILES DE OFICINA_txt_paquete_articulo' is clicked on

27-11-2024T17:12:30 - [MESSAGE][PASSED] - Object: 'Object Repository/Positivos/Page_Olva Courier  Datos Personales/input_UTILES DE OFICINA_txt_paquete_articulo' is clicked on

27-11-2024T17:12:30 - [TEST_STEP][PASSED] - setText(findTestObject("Object Repository/Positivos/Page_Olva Courier  Datos Personales/input_UTILES DE OFICINA_txt_paquete_valor"), "100"): Text '100' is set on object 'Object Repository/Positivos/Page_Olva Courier  Datos Personales/input_UTILES DE OFICINA_txt_paquete_valor'

27-11-2024T17:12:31 - [MESSAGE][PASSED] - Text '100' is set on object 'Object Repository/Positivos/Page_Olva Courier  Datos Personales/input_UTILES DE OFICINA_txt_paquete_valor'

27-11-2024T17:12:31 - [TEST_STEP][PASSED] - click(findTestObject("Object Repository/Positivos/Page_Olva Courier  Datos Personales/div_Hasta 2Kg")): Object: 'Object Repository/Positivos/Page_Olva Courier  Datos Personales/div_Hasta 2Kg' is clicked on

27-11-2024T17:12:32 - [MESSAGE][PASSED] - Object: 'Object Repository/Positivos/Page_Olva Courier  Datos Personales/div_Hasta 2Kg' is clicked on

27-11-2024T17:12:32 - [TEST_STEP][PASSED] - scrollToElement(findTestObject("Object Repository/Positivos/Page_Olva Courier  Datos Personales/span_Recojo en tienda"), 0): Scroll to object 'Object Repository/Positivos/Page_Olva Courier  Datos Personales/span_Recojo en tienda' successfully

27-11-2024T17:12:32 - [MESSAGE][WARNING] - Timeout '0' is invalid. Using default page load timeout: '30'

27-11-2024T17:12:33 - [MESSAGE][PASSED] - Scroll to object 'Object Repository/Positivos/Page_Olva Courier  Datos Personales/span_Recojo en tienda' successfully

27-11-2024T17:12:33 - [TEST_STEP][PASSED] - click(findTestObject("Object Repository/Positivos/Page_Olva Courier  Datos Personales/span_Recojo en tienda")): Object: 'Object Repository/Positivos/Page_Olva Courier  Datos Personales/span_Recojo en tienda' is clicked on

27-11-2024T17:12:33 - [MESSAGE][PASSED] - Object: 'Object Repository/Positivos/Page_Olva Courier  Datos Personales/span_Recojo en tienda' is clicked on

27-11-2024T17:12:33 - [TEST_STEP][PASSED] - click(findTestObject("Object Repository/Positivos/Page_Olva Courier  Datos Personales/a_Entrega a domicilio")): Object: 'Object Repository/Positivos/Page_Olva Courier  Datos Personales/a_Entrega a domicilio' is clicked on

27-11-2024T17:12:34 - [MESSAGE][PASSED] - Object: 'Object Repository/Positivos/Page_Olva Courier  Datos Personales/a_Entrega a domicilio' is clicked on

27-11-2024T17:12:34 - [TEST_STEP][PASSED] - setText(findTestObject("Object Repository/Positivos/Page_Olva Courier  Datos Personales/input_CARN EXT_txt_consignado_dni"), "71735786"): Text '71735786' is set on object 'Object Repository/Positivos/Page_Olva Courier  Datos Personales/input_CARN EXT_txt_consignado_dni'

27-11-2024T17:12:34 - [MESSAGE][PASSED] - Text '71735786' is set on object 'Object Repository/Positivos/Page_Olva Courier  Datos Personales/input_CARN EXT_txt_consignado_dni'

27-11-2024T17:12:34 - [TEST_STEP][PASSED] - click(findTestObject("Object Repository/Positivos/Page_Olva Courier  Datos Personales/button_CONTINUAR")): Object: 'Object Repository/Positivos/Page_Olva Courier  Datos Personales/button_CONTINUAR' is clicked on

27-11-2024T17:12:36 - [MESSAGE][PASSED] - Object: 'Object Repository/Positivos/Page_Olva Courier  Datos Personales/button_CONTINUAR' is clicked on

27-11-2024T17:12:36 - [TEST_STEP][PASSED] - click(findTestObject("Object Repository/Positivos/Page_Olva Courier  Confirma tus datos/a_Eliminar")): Object: 'Object Repository/Positivos/Page_Olva Courier  Confirma tus datos/a_Eliminar' is clicked on

27-11-2024T17:12:39 - [MESSAGE][PASSED] - Object: 'Object Repository/Positivos/Page_Olva Courier  Confirma tus datos/a_Eliminar' is clicked on

27-11-2024T17:12:39 - [TEST_STEP][PASSED] - click(findTestObject("Object Repository/Positivos/Page_Olva Courier  Confirma tus datos/button_IR A PAGAR S 18.60")): Object: 'Object Repository/Positivos/Page_Olva Courier  Confirma tus datos/button_IR A PAGAR S 18.60' is clicked on

27-11-2024T17:12:39 - [MESSAGE][PASSED] - Object: 'Object Repository/Positivos/Page_Olva Courier  Confirma tus datos/button_IR A PAGAR S 18.60' is clicked on

27-11-2024T17:12:39 - [TEST_STEP][PASSED] - delay(5): Delayed 5 second(s)

27-11-2024T17:12:44 - [MESSAGE][PASSED] - Delayed 5 second(s)

27-11-2024T17:12:44 - [TEST_STEP][PASSED] - scrollToElement(findTestObject("Object Repository/Positivos/Page_Olva Courier  Medios de pago/button_PAGAR"), 0): Scroll to object 'Object Repository/Positivos/Page_Olva Courier  Medios de pago/button_PAGAR' successfully

27-11-2024T17:12:44 - [MESSAGE][WARNING] - Timeout '0' is invalid. Using default page load timeout: '30'

27-11-2024T17:12:45 - [MESSAGE][PASSED] - Scroll to object 'Object Repository/Positivos/Page_Olva Courier  Medios de pago/button_PAGAR' successfully

27-11-2024T17:12:45 - [TEST_STEP][PASSED] - verifyElementText(findTestObject("Object Repository/Positivos/Page_Olva Courier  Medios de pago/button_PAGAR"), "PAGAR"): Actual text and expected text of test object 'Object Repository/Positivos/Page_Olva Courier  Medios de pago/button_PAGAR' are matched.

27-11-2024T17:12:45 - [MESSAGE][PASSED] - Actual text and expected text of test object 'Object Repository/Positivos/Page_Olva Courier  Medios de pago/button_PAGAR' are matched.

27-11-2024T17:12:45 - [TEST_STEP][PASSED] - callTestCase(findTestCase("1.Inicio/1.3Pago_POS/Pago-exitoso"), [:], STOP_ON_FAILURE): Call Test Case 'Test Cases/1.Inicio/1.3Pago_POS/Pago-exitoso' successfully

27-11-2024T17:12:45 - [TEST_CASE][PASSED] - Test Cases/1.Inicio/1.3Pago_POS/Pago-exitoso: Test Cases/1.Inicio/1.3Pago_POS/Pago-exitoso

27-11-2024T17:12:45 - [TEST_STEP][PASSED] - verifyElementPresent(findTestObject("Object Repository/pago/Page_Olva Courier  Medios de pago/div_Pago con tarjeta de crdito, dbito y Yape"), 0): Object 'Object Repository/pago/Page_Olva Courier  Medios de pago/div_Pago con tarjeta de crdito, dbito y Yape' is present

27-11-2024T17:12:45 - [MESSAGE][WARNING] - Timeout '0' is invalid. Using default page load timeout: '30'

27-11-2024T17:12:45 - [MESSAGE][PASSED] - Object 'Object Repository/pago/Page_Olva Courier  Medios de pago/div_Pago con tarjeta de crdito, dbito y Yape' is present

27-11-2024T17:12:45 - [TEST_STEP][PASSED] - verifyElementPresent(findTestObject("Object Repository/pago/Page_Olva Courier  Medios de pago/td_S"), 0): Object 'Object Repository/pago/Page_Olva Courier  Medios de pago/td_S' is present

27-11-2024T17:12:45 - [MESSAGE][WARNING] - Timeout '0' is invalid. Using default page load timeout: '30'

27-11-2024T17:12:45 - [MESSAGE][PASSED] - Object 'Object Repository/pago/Page_Olva Courier  Medios de pago/td_S' is present

27-11-2024T17:12:45 - [TEST_STEP][PASSED] - delay(1): Delayed 1 second(s)

27-11-2024T17:12:46 - [MESSAGE][PASSED] - Delayed 1 second(s)

27-11-2024T17:12:46 - [TEST_STEP][PASSED] - scrollToElement(findTestObject("Object Repository/pago/Page_Olva Courier  Medios de pago/button_PAGAR"), 0): Scroll to object 'Object Repository/pago/Page_Olva Courier  Medios de pago/button_PAGAR' successfully

27-11-2024T17:12:46 - [MESSAGE][WARNING] - Timeout '0' is invalid. Using default page load timeout: '30'

27-11-2024T17:12:47 - [MESSAGE][PASSED] - Scroll to object 'Object Repository/pago/Page_Olva Courier  Medios de pago/button_PAGAR' successfully

27-11-2024T17:12:47 - [TEST_STEP][PASSED] - click(findTestObject("Object Repository/pago/Page_Olva Courier  Medios de pago/button_PAGAR")): Object: 'Object Repository/pago/Page_Olva Courier  Medios de pago/button_PAGAR' is clicked on

27-11-2024T17:12:47 - [MESSAGE][PASSED] - Object: 'Object Repository/pago/Page_Olva Courier  Medios de pago/button_PAGAR' is clicked on

27-11-2024T17:12:47 - [TEST_STEP][PASSED] - delay(2): Delayed 2 second(s)

27-11-2024T17:12:49 - [MESSAGE][PASSED] - Delayed 2 second(s)

27-11-2024T17:12:49 - [TEST_STEP][PASSED] - verifyElementText(findTestObject("Object Repository/pago/Page_Olva Courier  Pago Exitoso/div_Aprobado y completado con exito"), "Aprobado y completado con exito"): Actual text and expected text of test object 'Object Repository/pago/Page_Olva Courier  Pago Exitoso/div_Aprobado y completado con exito' are matched.

27-11-2024T17:12:49 - [MESSAGE][PASSED] - Actual text and expected text of test object 'Object Repository/pago/Page_Olva Courier  Pago Exitoso/div_Aprobado y completado con exito' are matched.

27-11-2024T17:12:49 - [TEST_STEP][PASSED] - verifyElementPresent(findTestObject("Object Repository/pago/Page_Olva Courier  Pago Exitoso/b_nroPreventa"), 0): Object 'Object Repository/pago/Page_Olva Courier  Pago Exitoso/b_nroPreventa' is present

27-11-2024T17:12:49 - [MESSAGE][WARNING] - Timeout '0' is invalid. Using default page load timeout: '30'

27-11-2024T17:12:50 - [MESSAGE][PASSED] - Object 'Object Repository/pago/Page_Olva Courier  Pago Exitoso/b_nroPreventa' is present

27-11-2024T17:12:50 - [MESSAGE][PASSED] - Call Test Case 'Test Cases/1.Inicio/1.3Pago_POS/Pago-exitoso' successfully]]></system-out>
         <system-err><![CDATA[]]></system-err>
      </testcase>
      <testcase name="Test Cases/2.Positivos/2.1Paquete/Origen-Provincia/Difuninado-Consignado" time="49.905" classname="Test Cases/2.Positivos/2.1Paquete/Origen-Provincia/Difuninado-Consignado" status="PASSED">
         <system-out><![CDATA[27-11-2024T17:12:50 - [TEST_CASE][PASSED] - Test Cases/2.Positivos/2.1Paquete/Origen-Provincia/Difuninado-Consignado: Test Cases/2.Positivos/2.1Paquete/Origen-Provincia/Difuninado-Consignado

27-11-2024T17:12:50 - [TEST_STEP][PASSED] - callTestCase(findTestCase("1.Inicio/1.1Principal/Principal-home"), [:], STOP_ON_FAILURE): Call Test Case 'Test Cases/1.Inicio/1.1Principal/Principal-home' successfully

27-11-2024T17:12:50 - [TEST_CASE][PASSED] - Test Cases/1.Inicio/1.1Principal/Principal-home: Test Cases/1.Inicio/1.1Principal/Principal-home

27-11-2024T17:12:50 - [TEST_STEP][PASSED] - openBrowser(""): Browser is opened with url: ''

27-11-2024T17:12:50 - [MESSAGE][WARNING] - A browser is already opened. Closing browser and opening a new one

27-11-2024T17:12:51 - [MESSAGE][INFO] - Starting 'Firefox' driver

27-11-2024T17:12:51 - [MESSAGE][INFO] - Action delay is set to 0 milliseconds

27-11-2024T17:13:00 - [MESSAGE][PASSED] - Browser is opened with url: ''

27-11-2024T17:13:00 - [TEST_STEP][PASSED] - navigateToUrl("https://dev01-registrodeenvios.olvacourier.com/principal"): Navigate to 'https://dev01-registrodeenvios.olvacourier.com/principal' successfully

27-11-2024T17:13:01 - [MESSAGE][PASSED] - Navigate to 'https://dev01-registrodeenvios.olvacourier.com/principal' successfully

27-11-2024T17:13:01 - [TEST_STEP][PASSED] - maximizeWindow(): Current window maximized

27-11-2024T17:13:01 - [MESSAGE][PASSED] - Current window maximized

27-11-2024T17:13:01 - [MESSAGE][PASSED] - Call Test Case 'Test Cases/1.Inicio/1.1Principal/Principal-home' successfully

27-11-2024T17:13:01 - [TEST_STEP][PASSED] - callTestCase(findTestCase("1.Inicio/1.1Principal/Selec_paquete"), [:], STOP_ON_FAILURE): Call Test Case 'Test Cases/1.Inicio/1.1Principal/Selec_paquete' successfully

27-11-2024T17:13:02 - [TEST_CASE][PASSED] - Test Cases/1.Inicio/1.1Principal/Selec_paquete: Test Cases/1.Inicio/1.1Principal/Selec_paquete

27-11-2024T17:13:02 - [TEST_STEP][PASSED] - click(findTestObject("Object Repository/Principal/Page_Olva Courier  Home/img_Qu deseas realizar hoy_img_paquete")): Object: 'Object Repository/Principal/Page_Olva Courier  Home/img_Qu deseas realizar hoy_img_paquete' is clicked on

27-11-2024T17:13:02 - [MESSAGE][PASSED] - Object: 'Object Repository/Principal/Page_Olva Courier  Home/img_Qu deseas realizar hoy_img_paquete' is clicked on

27-11-2024T17:13:02 - [TEST_STEP][PASSED] - click(findTestObject("Object Repository/Principal/Page_Olva Courier  Home/span_He ledo y acepto los_checkmark (1)")): Object: 'Object Repository/Principal/Page_Olva Courier  Home/span_He ledo y acepto los_checkmark (1)' is clicked on

27-11-2024T17:13:03 - [MESSAGE][PASSED] - Object: 'Object Repository/Principal/Page_Olva Courier  Home/span_He ledo y acepto los_checkmark (1)' is clicked on

27-11-2024T17:13:03 - [TEST_STEP][PASSED] - click(findTestObject("Object Repository/Principal/Page_Olva Courier  Home/button_CONTINUAR (1)")): Object: 'Object Repository/Principal/Page_Olva Courier  Home/button_CONTINUAR (1)' is clicked on

27-11-2024T17:13:04 - [MESSAGE][PASSED] - Object: 'Object Repository/Principal/Page_Olva Courier  Home/button_CONTINUAR (1)' is clicked on

27-11-2024T17:13:04 - [TEST_STEP][PASSED] - verifyElementPresent(findTestObject("Object Repository/Principal/Page_Olva Courier  Datos Personales/strong_REGISTRO DE ENVOS"), 0): Object 'Object Repository/Principal/Page_Olva Courier  Datos Personales/strong_REGISTRO DE ENVOS' is present

27-11-2024T17:13:04 - [MESSAGE][WARNING] - Timeout '0' is invalid. Using default page load timeout: '30'

27-11-2024T17:13:04 - [MESSAGE][PASSED] - Object 'Object Repository/Principal/Page_Olva Courier  Datos Personales/strong_REGISTRO DE ENVOS' is present

27-11-2024T17:13:04 - [TEST_STEP][PASSED] - verifyElementPresent(findTestObject("Object Repository/Principal/Page_Olva Courier  Datos Personales/span_Regresar (1)"), 0): Object 'Object Repository/Principal/Page_Olva Courier  Datos Personales/span_Regresar (1)' is present

27-11-2024T17:13:04 - [MESSAGE][WARNING] - Timeout '0' is invalid. Using default page load timeout: '30'

27-11-2024T17:13:05 - [MESSAGE][PASSED] - Object 'Object Repository/Principal/Page_Olva Courier  Datos Personales/span_Regresar (1)' is present

27-11-2024T17:13:05 - [TEST_STEP][PASSED] - verifyElementPresent(findTestObject("Object Repository/Principal/Page_Olva Courier  Datos Personales/span_Inicio (1)"), 0): Object 'Object Repository/Principal/Page_Olva Courier  Datos Personales/span_Inicio (1)' is present

27-11-2024T17:13:05 - [MESSAGE][WARNING] - Timeout '0' is invalid. Using default page load timeout: '30'

27-11-2024T17:13:05 - [MESSAGE][PASSED] - Object 'Object Repository/Principal/Page_Olva Courier  Datos Personales/span_Inicio (1)' is present

27-11-2024T17:13:05 - [MESSAGE][PASSED] - Call Test Case 'Test Cases/1.Inicio/1.1Principal/Selec_paquete' successfully

27-11-2024T17:13:05 - [TEST_STEP][PASSED] - callTestCase(findTestCase("1.Inicio/1.2Tipo_Doc/1.DNI"), [:], STOP_ON_FAILURE): Call Test Case 'Test Cases/1.Inicio/1.2Tipo_Doc/1.DNI' successfully

27-11-2024T17:13:05 - [TEST_CASE][PASSED] - Test Cases/1.Inicio/1.2Tipo_Doc/1.DNI: Test Cases/1.Inicio/1.2Tipo_Doc/1.DNI

27-11-2024T17:13:05 - [TEST_STEP][PASSED] - click(findTestObject("Object Repository/Login/Page_Olva Courier  Datos Personales/button_Tipo De Documento")): Object: 'Object Repository/Login/Page_Olva Courier  Datos Personales/button_Tipo De Documento' is clicked on

27-11-2024T17:13:06 - [MESSAGE][PASSED] - Object: 'Object Repository/Login/Page_Olva Courier  Datos Personales/button_Tipo De Documento' is clicked on

27-11-2024T17:13:06 - [TEST_STEP][PASSED] - click(findTestObject("Object Repository/Login/Page_Olva Courier  Datos Personales/a_DNI (Boleta)")): Object: 'Object Repository/Login/Page_Olva Courier  Datos Personales/a_DNI (Boleta)' is clicked on

27-11-2024T17:13:07 - [MESSAGE][PASSED] - Object: 'Object Repository/Login/Page_Olva Courier  Datos Personales/a_DNI (Boleta)' is clicked on

27-11-2024T17:13:07 - [TEST_STEP][PASSED] - setText(findTestObject("Object Repository/Login/Page_Olva Courier  Datos Personales/input_CARN EXT. (Boleta)_txt_documento_cliente"), "47190321"): Text '47190321' is set on object 'Object Repository/Login/Page_Olva Courier  Datos Personales/input_CARN EXT. (Boleta)_txt_documento_cliente'

27-11-2024T17:13:07 - [MESSAGE][PASSED] - Text '47190321' is set on object 'Object Repository/Login/Page_Olva Courier  Datos Personales/input_CARN EXT. (Boleta)_txt_documento_cliente'

27-11-2024T17:13:07 - [TEST_STEP][PASSED] - setText(findTestObject("Object Repository/Login/Page_Olva Courier  Datos Personales/input_CARN EXT. (Boleta)_txt_telefono_cliente"), "957378086"): Text '957378086' is set on object 'Object Repository/Login/Page_Olva Courier  Datos Personales/input_CARN EXT. (Boleta)_txt_telefono_cliente'

27-11-2024T17:13:13 - [MESSAGE][PASSED] - Text '957378086' is set on object 'Object Repository/Login/Page_Olva Courier  Datos Personales/input_CARN EXT. (Boleta)_txt_telefono_cliente'

27-11-2024T17:13:13 - [TEST_STEP][PASSED] - setText(findTestObject("Object Repository/Login/Page_Olva Courier  Datos Personales/input_Hola,_txt_email_cliente"), "riosalejosjs@gmail.com"): Text 'riosalejosjs@gmail.com' is set on object 'Object Repository/Login/Page_Olva Courier  Datos Personales/input_Hola,_txt_email_cliente'

27-11-2024T17:13:13 - [MESSAGE][PASSED] - Text 'riosalejosjs@gmail.com' is set on object 'Object Repository/Login/Page_Olva Courier  Datos Personales/input_Hola,_txt_email_cliente'

27-11-2024T17:13:13 - [MESSAGE][PASSED] - Call Test Case 'Test Cases/1.Inicio/1.2Tipo_Doc/1.DNI' successfully

27-11-2024T17:13:13 - [TEST_STEP][PASSED] - click(findTestObject("Object Repository/Positivos/Page_Olva Courier  Datos Personales/span_Seleccionar artculo")): Object: 'Object Repository/Positivos/Page_Olva Courier  Datos Personales/span_Seleccionar artculo' is clicked on

27-11-2024T17:13:14 - [MESSAGE][PASSED] - Object: 'Object Repository/Positivos/Page_Olva Courier  Datos Personales/span_Seleccionar artculo' is clicked on

27-11-2024T17:13:14 - [TEST_STEP][PASSED] - click(findTestObject("Object Repository/Positivos/Page_Olva Courier  Datos Personales/span_ACCESORIOS Y EQUIPOS ELECTRONICOS")): Object: 'Object Repository/Positivos/Page_Olva Courier  Datos Personales/span_ACCESORIOS Y EQUIPOS ELECTRONICOS' is clicked on

27-11-2024T17:13:14 - [MESSAGE][PASSED] - Object: 'Object Repository/Positivos/Page_Olva Courier  Datos Personales/span_ACCESORIOS Y EQUIPOS ELECTRONICOS' is clicked on

27-11-2024T17:13:14 - [TEST_STEP][PASSED] - setText(findTestObject("Object Repository/Positivos/Page_Olva Courier  Datos Personales/input_UTILES DE OFICINA_txt_paquete_articulo"), "PRUEBAs"): Text 'PRUEBAs' is set on object 'Object Repository/Positivos/Page_Olva Courier  Datos Personales/input_UTILES DE OFICINA_txt_paquete_articulo'

27-11-2024T17:13:15 - [MESSAGE][PASSED] - Text 'PRUEBAs' is set on object 'Object Repository/Positivos/Page_Olva Courier  Datos Personales/input_UTILES DE OFICINA_txt_paquete_articulo'

27-11-2024T17:13:15 - [TEST_STEP][PASSED] - setText(findTestObject("Object Repository/Positivos/Page_Olva Courier  Datos Personales/input_UTILES DE OFICINA_txt_paquete_valor"), "20"): Text '20' is set on object 'Object Repository/Positivos/Page_Olva Courier  Datos Personales/input_UTILES DE OFICINA_txt_paquete_valor'

27-11-2024T17:13:15 - [MESSAGE][PASSED] - Text '20' is set on object 'Object Repository/Positivos/Page_Olva Courier  Datos Personales/input_UTILES DE OFICINA_txt_paquete_valor'

27-11-2024T17:13:15 - [TEST_STEP][PASSED] - click(findTestObject("Object Repository/Positivos/Page_Olva Courier  Datos Personales/b_1Kg")): Object: 'Object Repository/Positivos/Page_Olva Courier  Datos Personales/b_1Kg' is clicked on

27-11-2024T17:13:16 - [MESSAGE][PASSED] - Object: 'Object Repository/Positivos/Page_Olva Courier  Datos Personales/b_1Kg' is clicked on

27-11-2024T17:13:16 - [TEST_STEP][PASSED] - scrollToElement(findTestObject("Object Repository/Destinos/Page_Olva Courier  Datos Personales/button_LIMA (1)"), 0): Scroll to object 'Object Repository/Destinos/Page_Olva Courier  Datos Personales/button_LIMA (1)' successfully

27-11-2024T17:13:16 - [MESSAGE][WARNING] - Timeout '0' is invalid. Using default page load timeout: '30'

27-11-2024T17:13:17 - [MESSAGE][PASSED] - Scroll to object 'Object Repository/Destinos/Page_Olva Courier  Datos Personales/button_LIMA (1)' successfully

27-11-2024T17:13:17 - [TEST_STEP][PASSED] - click(findTestObject("Object Repository/Destinos/Page_Olva Courier  Datos Personales/button_LIMA (1)")): Object: 'Object Repository/Destinos/Page_Olva Courier  Datos Personales/button_LIMA (1)' is clicked on

27-11-2024T17:13:17 - [MESSAGE][PASSED] - Object: 'Object Repository/Destinos/Page_Olva Courier  Datos Personales/button_LIMA (1)' is clicked on

27-11-2024T17:13:17 - [TEST_STEP][PASSED] - click(findTestObject("Object Repository/Destinos/Page_Olva Courier  Datos Personales/a_ICA")): Object: 'Object Repository/Destinos/Page_Olva Courier  Datos Personales/a_ICA' is clicked on

27-11-2024T17:13:18 - [MESSAGE][PASSED] - Object: 'Object Repository/Destinos/Page_Olva Courier  Datos Personales/a_ICA' is clicked on

27-11-2024T17:13:18 - [TEST_STEP][PASSED] - click(findTestObject("Object Repository/Destinos/Page_Olva Courier  Datos Personales/button_ICA")): Object: 'Object Repository/Destinos/Page_Olva Courier  Datos Personales/button_ICA' is clicked on

27-11-2024T17:13:18 - [MESSAGE][PASSED] - Object: 'Object Repository/Destinos/Page_Olva Courier  Datos Personales/button_ICA' is clicked on

27-11-2024T17:13:18 - [TEST_STEP][PASSED] - click(findTestObject("Object Repository/Positivos/Page_Olva Courier  Datos Personales/span_Ingrese el punto de llegada")): Object: 'Object Repository/Positivos/Page_Olva Courier  Datos Personales/span_Ingrese el punto de llegada' is clicked on

27-11-2024T17:13:19 - [MESSAGE][PASSED] - Object: 'Object Repository/Positivos/Page_Olva Courier  Datos Personales/span_Ingrese el punto de llegada' is clicked on

27-11-2024T17:13:19 - [TEST_STEP][PASSED] - click(findTestObject("Object Repository/Positivos/Page_Olva Courier  Datos Personales/span_AMAZONAS - BAGUA - BAGUA")): Object: 'Object Repository/Positivos/Page_Olva Courier  Datos Personales/span_AMAZONAS - BAGUA - BAGUA' is clicked on

27-11-2024T17:13:19 - [MESSAGE][PASSED] - Object: 'Object Repository/Positivos/Page_Olva Courier  Datos Personales/span_AMAZONAS - BAGUA - BAGUA' is clicked on

27-11-2024T17:13:19 - [TEST_STEP][PASSED] - click(findTestObject("Object Repository/Positivos/Page_Olva Courier  Datos Personales/span_Tipo de entrega")): Object: 'Object Repository/Positivos/Page_Olva Courier  Datos Personales/span_Tipo de entrega' is clicked on

27-11-2024T17:13:20 - [MESSAGE][PASSED] - Object: 'Object Repository/Positivos/Page_Olva Courier  Datos Personales/span_Tipo de entrega' is clicked on

27-11-2024T17:13:20 - [TEST_STEP][PASSED] - click(findTestObject("Object Repository/Positivos/Page_Olva Courier  Datos Personales/a_Recojo en tienda")): Object: 'Object Repository/Positivos/Page_Olva Courier  Datos Personales/a_Recojo en tienda' is clicked on

27-11-2024T17:13:20 - [MESSAGE][PASSED] - Object: 'Object Repository/Positivos/Page_Olva Courier  Datos Personales/a_Recojo en tienda' is clicked on

27-11-2024T17:13:20 - [TEST_STEP][PASSED] - click(findTestObject("Object Repository/Positivos/Page_Olva Courier  Datos Personales/span_Tienda")): Object: 'Object Repository/Positivos/Page_Olva Courier  Datos Personales/span_Tienda' is clicked on

27-11-2024T17:13:21 - [MESSAGE][PASSED] - Object: 'Object Repository/Positivos/Page_Olva Courier  Datos Personales/span_Tienda' is clicked on

27-11-2024T17:13:21 - [TEST_STEP][PASSED] - click(findTestObject("Object Repository/Positivos/Page_Olva Courier  Datos Personales/span_BAGUA CHICA - BAGUA - PJ ALFONSO UGART_d3a165")): Object: 'Object Repository/Positivos/Page_Olva Courier  Datos Personales/span_BAGUA CHICA - BAGUA - PJ ALFONSO UGART_d3a165' is clicked on

27-11-2024T17:13:22 - [MESSAGE][PASSED] - Object: 'Object Repository/Positivos/Page_Olva Courier  Datos Personales/span_BAGUA CHICA - BAGUA - PJ ALFONSO UGART_d3a165' is clicked on

27-11-2024T17:13:22 - [TEST_STEP][PASSED] - click(findTestObject("Object Repository/Positivos/Page_Olva Courier  Datos Personales/span_Tipo De Documento_1")): Object: 'Object Repository/Positivos/Page_Olva Courier  Datos Personales/span_Tipo De Documento_1' is clicked on

27-11-2024T17:13:22 - [MESSAGE][PASSED] - Object: 'Object Repository/Positivos/Page_Olva Courier  Datos Personales/span_Tipo De Documento_1' is clicked on

27-11-2024T17:13:22 - [TEST_STEP][PASSED] - click(findTestObject("Object Repository/Positivos/Page_Olva Courier  Datos Personales/a_DNI")): Object: 'Object Repository/Positivos/Page_Olva Courier  Datos Personales/a_DNI' is clicked on

27-11-2024T17:13:22 - [MESSAGE][PASSED] - Object: 'Object Repository/Positivos/Page_Olva Courier  Datos Personales/a_DNI' is clicked on

27-11-2024T17:13:22 - [TEST_STEP][PASSED] - setText(findTestObject("Object Repository/Positivos/Page_Olva Courier  Datos Personales/input_CARN EXT_txt_consignado_dni"), "71735785"): Text '71735785' is set on object 'Object Repository/Positivos/Page_Olva Courier  Datos Personales/input_CARN EXT_txt_consignado_dni'

27-11-2024T17:13:23 - [MESSAGE][PASSED] - Text '71735785' is set on object 'Object Repository/Positivos/Page_Olva Courier  Datos Personales/input_CARN EXT_txt_consignado_dni'

27-11-2024T17:13:23 - [TEST_STEP][PASSED] - verifyElementPresent(findTestObject("Object Repository/Positivos/Page_Olva Courier  Datos Personales/span_RIOS"), 0): Object 'Object Repository/Positivos/Page_Olva Courier  Datos Personales/span_RIOS' is present

27-11-2024T17:13:23 - [MESSAGE][WARNING] - Timeout '0' is invalid. Using default page load timeout: '30'

27-11-2024T17:13:24 - [MESSAGE][PASSED] - Object 'Object Repository/Positivos/Page_Olva Courier  Datos Personales/span_RIOS' is present

27-11-2024T17:13:24 - [TEST_STEP][PASSED] - verifyElementPresent(findTestObject("Object Repository/Positivos/Page_Olva Courier  Datos Personales/div_RIOS"), 0): Object 'Object Repository/Positivos/Page_Olva Courier  Datos Personales/div_RIOS' is present

27-11-2024T17:13:24 - [MESSAGE][WARNING] - Timeout '0' is invalid. Using default page load timeout: '30'

27-11-2024T17:13:24 - [MESSAGE][PASSED] - Object 'Object Repository/Positivos/Page_Olva Courier  Datos Personales/div_RIOS' is present

27-11-2024T17:13:24 - [TEST_STEP][PASSED] - scrollToElement(findTestObject("Object Repository/Positivos/Page_Olva Courier  Datos Personales/button_CONTINUAR"), 0): Scroll to object 'Object Repository/Positivos/Page_Olva Courier  Datos Personales/button_CONTINUAR' successfully

27-11-2024T17:13:24 - [MESSAGE][WARNING] - Timeout '0' is invalid. Using default page load timeout: '30'

27-11-2024T17:13:24 - [MESSAGE][PASSED] - Scroll to object 'Object Repository/Positivos/Page_Olva Courier  Datos Personales/button_CONTINUAR' successfully

27-11-2024T17:13:24 - [TEST_STEP][PASSED] - click(findTestObject("Object Repository/Positivos/Page_Olva Courier  Datos Personales/button_CONTINUAR")): Object: 'Object Repository/Positivos/Page_Olva Courier  Datos Personales/button_CONTINUAR' is clicked on

27-11-2024T17:13:25 - [MESSAGE][PASSED] - Object: 'Object Repository/Positivos/Page_Olva Courier  Datos Personales/button_CONTINUAR' is clicked on

27-11-2024T17:13:25 - [TEST_STEP][PASSED] - click(findTestObject("Object Repository/Positivos/Page_Olva Courier  Confirma tus datos/button_IR A PAGAR S 14.50")): Object: 'Object Repository/Positivos/Page_Olva Courier  Confirma tus datos/button_IR A PAGAR S 14.50' is clicked on

27-11-2024T17:13:27 - [MESSAGE][PASSED] - Object: 'Object Repository/Positivos/Page_Olva Courier  Confirma tus datos/button_IR A PAGAR S 14.50' is clicked on

27-11-2024T17:13:27 - [TEST_STEP][PASSED] - delay(3): Delayed 3 second(s)

27-11-2024T17:13:30 - [MESSAGE][PASSED] - Delayed 3 second(s)

27-11-2024T17:13:30 - [TEST_STEP][PASSED] - setText(findTestObject("Object Repository/Positivos/Page_Olva Courier  Confirma tus datos/input_Tienes envos con recojo en tienda, se_b85f5d"), "1"): Text '1' is set on object 'Object Repository/Positivos/Page_Olva Courier  Confirma tus datos/input_Tienes envos con recojo en tienda, se_b85f5d'

27-11-2024T17:13:30 - [MESSAGE][PASSED] - Text '1' is set on object 'Object Repository/Positivos/Page_Olva Courier  Confirma tus datos/input_Tienes envos con recojo en tienda, se_b85f5d'

27-11-2024T17:13:30 - [TEST_STEP][PASSED] - setText(findTestObject("Object Repository/Positivos/Page_Olva Courier  Confirma tus datos/input_Tienes envos con recojo en tienda, se_af5936"), "1"): Text '1' is set on object 'Object Repository/Positivos/Page_Olva Courier  Confirma tus datos/input_Tienes envos con recojo en tienda, se_af5936'

27-11-2024T17:13:31 - [MESSAGE][PASSED] - Text '1' is set on object 'Object Repository/Positivos/Page_Olva Courier  Confirma tus datos/input_Tienes envos con recojo en tienda, se_af5936'

27-11-2024T17:13:31 - [TEST_STEP][PASSED] - setText(findTestObject("Object Repository/Positivos/Page_Olva Courier  Confirma tus datos/input_Tienes envos con recojo en tienda, se_653975"), "1"): Text '1' is set on object 'Object Repository/Positivos/Page_Olva Courier  Confirma tus datos/input_Tienes envos con recojo en tienda, se_653975'

27-11-2024T17:13:32 - [MESSAGE][PASSED] - Text '1' is set on object 'Object Repository/Positivos/Page_Olva Courier  Confirma tus datos/input_Tienes envos con recojo en tienda, se_653975'

27-11-2024T17:13:32 - [TEST_STEP][PASSED] - setText(findTestObject("Object Repository/Positivos/Page_Olva Courier  Confirma tus datos/input_Tienes envos con recojo en tienda, se_8615a0"), "1"): Text '1' is set on object 'Object Repository/Positivos/Page_Olva Courier  Confirma tus datos/input_Tienes envos con recojo en tienda, se_8615a0'

27-11-2024T17:13:33 - [MESSAGE][PASSED] - Text '1' is set on object 'Object Repository/Positivos/Page_Olva Courier  Confirma tus datos/input_Tienes envos con recojo en tienda, se_8615a0'

27-11-2024T17:13:33 - [TEST_STEP][PASSED] - click(findTestObject("Object Repository/Positivos/Page_Olva Courier  Confirma tus datos/center_Aceptar")): Object: 'Object Repository/Positivos/Page_Olva Courier  Confirma tus datos/center_Aceptar' is clicked on

27-11-2024T17:13:33 - [MESSAGE][PASSED] - Object: 'Object Repository/Positivos/Page_Olva Courier  Confirma tus datos/center_Aceptar' is clicked on

27-11-2024T17:13:33 - [TEST_STEP][PASSED] - scrollToElement(findTestObject("Object Repository/Positivos/Page_Olva Courier  Medios de pago/button_PAGAR"), 0): Scroll to object 'Object Repository/Positivos/Page_Olva Courier  Medios de pago/button_PAGAR' successfully

27-11-2024T17:13:33 - [MESSAGE][WARNING] - Timeout '0' is invalid. Using default page load timeout: '30'

27-11-2024T17:13:35 - [MESSAGE][PASSED] - Scroll to object 'Object Repository/Positivos/Page_Olva Courier  Medios de pago/button_PAGAR' successfully

27-11-2024T17:13:35 - [TEST_STEP][PASSED] - verifyElementPresent(findTestObject("Object Repository/Positivos/Page_Olva Courier  Medios de pago/button_PAGAR"), 0): Object 'Object Repository/Positivos/Page_Olva Courier  Medios de pago/button_PAGAR' is present

27-11-2024T17:13:35 - [MESSAGE][WARNING] - Timeout '0' is invalid. Using default page load timeout: '30'

27-11-2024T17:13:35 - [MESSAGE][PASSED] - Object 'Object Repository/Positivos/Page_Olva Courier  Medios de pago/button_PAGAR' is present

27-11-2024T17:13:35 - [TEST_STEP][PASSED] - callTestCase(findTestCase("1.Inicio/1.3Pago_POS/Pago-exitoso"), [:], STOP_ON_FAILURE): Call Test Case 'Test Cases/1.Inicio/1.3Pago_POS/Pago-exitoso' successfully

27-11-2024T17:13:35 - [TEST_CASE][PASSED] - Test Cases/1.Inicio/1.3Pago_POS/Pago-exitoso: Test Cases/1.Inicio/1.3Pago_POS/Pago-exitoso

27-11-2024T17:13:35 - [TEST_STEP][PASSED] - verifyElementPresent(findTestObject("Object Repository/pago/Page_Olva Courier  Medios de pago/div_Pago con tarjeta de crdito, dbito y Yape"), 0): Object 'Object Repository/pago/Page_Olva Courier  Medios de pago/div_Pago con tarjeta de crdito, dbito y Yape' is present

27-11-2024T17:13:35 - [MESSAGE][WARNING] - Timeout '0' is invalid. Using default page load timeout: '30'

27-11-2024T17:13:35 - [MESSAGE][PASSED] - Object 'Object Repository/pago/Page_Olva Courier  Medios de pago/div_Pago con tarjeta de crdito, dbito y Yape' is present

27-11-2024T17:13:35 - [TEST_STEP][PASSED] - verifyElementPresent(findTestObject("Object Repository/pago/Page_Olva Courier  Medios de pago/td_S"), 0): Object 'Object Repository/pago/Page_Olva Courier  Medios de pago/td_S' is present

27-11-2024T17:13:35 - [MESSAGE][WARNING] - Timeout '0' is invalid. Using default page load timeout: '30'

27-11-2024T17:13:35 - [MESSAGE][PASSED] - Object 'Object Repository/pago/Page_Olva Courier  Medios de pago/td_S' is present

27-11-2024T17:13:35 - [TEST_STEP][PASSED] - delay(1): Delayed 1 second(s)

27-11-2024T17:13:36 - [MESSAGE][PASSED] - Delayed 1 second(s)

27-11-2024T17:13:36 - [TEST_STEP][PASSED] - scrollToElement(findTestObject("Object Repository/pago/Page_Olva Courier  Medios de pago/button_PAGAR"), 0): Scroll to object 'Object Repository/pago/Page_Olva Courier  Medios de pago/button_PAGAR' successfully

27-11-2024T17:13:36 - [MESSAGE][WARNING] - Timeout '0' is invalid. Using default page load timeout: '30'

27-11-2024T17:13:36 - [MESSAGE][PASSED] - Scroll to object 'Object Repository/pago/Page_Olva Courier  Medios de pago/button_PAGAR' successfully

27-11-2024T17:13:36 - [TEST_STEP][PASSED] - click(findTestObject("Object Repository/pago/Page_Olva Courier  Medios de pago/button_PAGAR")): Object: 'Object Repository/pago/Page_Olva Courier  Medios de pago/button_PAGAR' is clicked on

27-11-2024T17:13:37 - [MESSAGE][PASSED] - Object: 'Object Repository/pago/Page_Olva Courier  Medios de pago/button_PAGAR' is clicked on

27-11-2024T17:13:37 - [TEST_STEP][PASSED] - delay(2): Delayed 2 second(s)

27-11-2024T17:13:39 - [MESSAGE][PASSED] - Delayed 2 second(s)

27-11-2024T17:13:39 - [TEST_STEP][PASSED] - verifyElementText(findTestObject("Object Repository/pago/Page_Olva Courier  Pago Exitoso/div_Aprobado y completado con exito"), "Aprobado y completado con exito"): Actual text and expected text of test object 'Object Repository/pago/Page_Olva Courier  Pago Exitoso/div_Aprobado y completado con exito' are matched.

27-11-2024T17:13:39 - [MESSAGE][PASSED] - Actual text and expected text of test object 'Object Repository/pago/Page_Olva Courier  Pago Exitoso/div_Aprobado y completado con exito' are matched.

27-11-2024T17:13:39 - [TEST_STEP][PASSED] - verifyElementPresent(findTestObject("Object Repository/pago/Page_Olva Courier  Pago Exitoso/b_nroPreventa"), 0): Object 'Object Repository/pago/Page_Olva Courier  Pago Exitoso/b_nroPreventa' is present

27-11-2024T17:13:39 - [MESSAGE][WARNING] - Timeout '0' is invalid. Using default page load timeout: '30'

27-11-2024T17:13:40 - [MESSAGE][PASSED] - Object 'Object Repository/pago/Page_Olva Courier  Pago Exitoso/b_nroPreventa' is present

27-11-2024T17:13:40 - [MESSAGE][PASSED] - Call Test Case 'Test Cases/1.Inicio/1.3Pago_POS/Pago-exitoso' successfully]]></system-out>
         <system-err><![CDATA[]]></system-err>
      </testcase>
      <testcase name="Test Cases/2.Positivos/2.1Paquete/Origen-Provincia/Agregar-Envios" time="72.988" classname="Test Cases/2.Positivos/2.1Paquete/Origen-Provincia/Agregar-Envios" status="PASSED">
         <system-out><![CDATA[27-11-2024T17:13:40 - [TEST_CASE][PASSED] - Test Cases/2.Positivos/2.1Paquete/Origen-Provincia/Agregar-Envios: Test Cases/2.Positivos/2.1Paquete/Origen-Provincia/Agregar-Envios

27-11-2024T17:13:40 - [TEST_STEP][PASSED] - callTestCase(findTestCase("1.Inicio/1.1Principal/Principal-home"), [:], STOP_ON_FAILURE): Call Test Case 'Test Cases/1.Inicio/1.1Principal/Principal-home' successfully

27-11-2024T17:13:40 - [TEST_CASE][PASSED] - Test Cases/1.Inicio/1.1Principal/Principal-home: Test Cases/1.Inicio/1.1Principal/Principal-home

27-11-2024T17:13:40 - [TEST_STEP][PASSED] - openBrowser(""): Browser is opened with url: ''

27-11-2024T17:13:40 - [MESSAGE][WARNING] - A browser is already opened. Closing browser and opening a new one

27-11-2024T17:13:41 - [MESSAGE][INFO] - Starting 'Firefox' driver

27-11-2024T17:13:41 - [MESSAGE][INFO] - Action delay is set to 0 milliseconds

27-11-2024T17:13:48 - [MESSAGE][PASSED] - Browser is opened with url: ''

27-11-2024T17:13:48 - [TEST_STEP][PASSED] - navigateToUrl("https://dev01-registrodeenvios.olvacourier.com/principal"): Navigate to 'https://dev01-registrodeenvios.olvacourier.com/principal' successfully

27-11-2024T17:13:50 - [MESSAGE][PASSED] - Navigate to 'https://dev01-registrodeenvios.olvacourier.com/principal' successfully

27-11-2024T17:13:50 - [TEST_STEP][PASSED] - maximizeWindow(): Current window maximized

27-11-2024T17:13:50 - [MESSAGE][PASSED] - Current window maximized

27-11-2024T17:13:50 - [MESSAGE][PASSED] - Call Test Case 'Test Cases/1.Inicio/1.1Principal/Principal-home' successfully

27-11-2024T17:13:50 - [TEST_STEP][PASSED] - callTestCase(findTestCase("1.Inicio/1.1Principal/Selec_paquete"), [:], STOP_ON_FAILURE): Call Test Case 'Test Cases/1.Inicio/1.1Principal/Selec_paquete' successfully

27-11-2024T17:13:50 - [TEST_CASE][PASSED] - Test Cases/1.Inicio/1.1Principal/Selec_paquete: Test Cases/1.Inicio/1.1Principal/Selec_paquete

27-11-2024T17:13:50 - [TEST_STEP][PASSED] - click(findTestObject("Object Repository/Principal/Page_Olva Courier  Home/img_Qu deseas realizar hoy_img_paquete")): Object: 'Object Repository/Principal/Page_Olva Courier  Home/img_Qu deseas realizar hoy_img_paquete' is clicked on

27-11-2024T17:13:51 - [MESSAGE][PASSED] - Object: 'Object Repository/Principal/Page_Olva Courier  Home/img_Qu deseas realizar hoy_img_paquete' is clicked on

27-11-2024T17:13:51 - [TEST_STEP][PASSED] - click(findTestObject("Object Repository/Principal/Page_Olva Courier  Home/span_He ledo y acepto los_checkmark (1)")): Object: 'Object Repository/Principal/Page_Olva Courier  Home/span_He ledo y acepto los_checkmark (1)' is clicked on

27-11-2024T17:13:51 - [MESSAGE][PASSED] - Object: 'Object Repository/Principal/Page_Olva Courier  Home/span_He ledo y acepto los_checkmark (1)' is clicked on

27-11-2024T17:13:51 - [TEST_STEP][PASSED] - click(findTestObject("Object Repository/Principal/Page_Olva Courier  Home/button_CONTINUAR (1)")): Object: 'Object Repository/Principal/Page_Olva Courier  Home/button_CONTINUAR (1)' is clicked on

27-11-2024T17:13:53 - [MESSAGE][PASSED] - Object: 'Object Repository/Principal/Page_Olva Courier  Home/button_CONTINUAR (1)' is clicked on

27-11-2024T17:13:53 - [TEST_STEP][PASSED] - verifyElementPresent(findTestObject("Object Repository/Principal/Page_Olva Courier  Datos Personales/strong_REGISTRO DE ENVOS"), 0): Object 'Object Repository/Principal/Page_Olva Courier  Datos Personales/strong_REGISTRO DE ENVOS' is present

27-11-2024T17:13:53 - [MESSAGE][WARNING] - Timeout '0' is invalid. Using default page load timeout: '30'

27-11-2024T17:13:53 - [MESSAGE][PASSED] - Object 'Object Repository/Principal/Page_Olva Courier  Datos Personales/strong_REGISTRO DE ENVOS' is present

27-11-2024T17:13:53 - [TEST_STEP][PASSED] - verifyElementPresent(findTestObject("Object Repository/Principal/Page_Olva Courier  Datos Personales/span_Regresar (1)"), 0): Object 'Object Repository/Principal/Page_Olva Courier  Datos Personales/span_Regresar (1)' is present

27-11-2024T17:13:53 - [MESSAGE][WARNING] - Timeout '0' is invalid. Using default page load timeout: '30'

27-11-2024T17:13:53 - [MESSAGE][PASSED] - Object 'Object Repository/Principal/Page_Olva Courier  Datos Personales/span_Regresar (1)' is present

27-11-2024T17:13:53 - [TEST_STEP][PASSED] - verifyElementPresent(findTestObject("Object Repository/Principal/Page_Olva Courier  Datos Personales/span_Inicio (1)"), 0): Object 'Object Repository/Principal/Page_Olva Courier  Datos Personales/span_Inicio (1)' is present

27-11-2024T17:13:53 - [MESSAGE][WARNING] - Timeout '0' is invalid. Using default page load timeout: '30'

27-11-2024T17:13:54 - [MESSAGE][PASSED] - Object 'Object Repository/Principal/Page_Olva Courier  Datos Personales/span_Inicio (1)' is present

27-11-2024T17:13:54 - [MESSAGE][PASSED] - Call Test Case 'Test Cases/1.Inicio/1.1Principal/Selec_paquete' successfully

27-11-2024T17:13:54 - [TEST_STEP][PASSED] - callTestCase(findTestCase("1.Inicio/1.2Tipo_Doc/2.DNI_Colab"), [:], STOP_ON_FAILURE): Call Test Case 'Test Cases/1.Inicio/1.2Tipo_Doc/2.DNI_Colab' successfully

27-11-2024T17:13:54 - [TEST_CASE][PASSED] - Test Cases/1.Inicio/1.2Tipo_Doc/2.DNI_Colab: Test Cases/1.Inicio/1.2Tipo_Doc/2.DNI_Colab

27-11-2024T17:13:54 - [TEST_STEP][PASSED] - click(findTestObject("Object Repository/Login/Page_Olva Courier  Datos Personales/button_Tipo De Documento")): Object: 'Object Repository/Login/Page_Olva Courier  Datos Personales/button_Tipo De Documento' is clicked on

27-11-2024T17:13:55 - [MESSAGE][PASSED] - Object: 'Object Repository/Login/Page_Olva Courier  Datos Personales/button_Tipo De Documento' is clicked on

27-11-2024T17:13:55 - [TEST_STEP][PASSED] - click(findTestObject("Object Repository/Login/Page_Olva Courier  Datos Personales/span_DNI (Boleta)")): Object: 'Object Repository/Login/Page_Olva Courier  Datos Personales/span_DNI (Boleta)' is clicked on

27-11-2024T17:13:55 - [MESSAGE][PASSED] - Object: 'Object Repository/Login/Page_Olva Courier  Datos Personales/span_DNI (Boleta)' is clicked on

27-11-2024T17:13:55 - [TEST_STEP][PASSED] - setText(findTestObject("Object Repository/Login/Page_Olva Courier  Datos Personales/input_CARN EXT. (Boleta)_txt_documento_cliente"), "71735764"): Text '71735764' is set on object 'Object Repository/Login/Page_Olva Courier  Datos Personales/input_CARN EXT. (Boleta)_txt_documento_cliente'

27-11-2024T17:13:56 - [MESSAGE][PASSED] - Text '71735764' is set on object 'Object Repository/Login/Page_Olva Courier  Datos Personales/input_CARN EXT. (Boleta)_txt_documento_cliente'

27-11-2024T17:13:56 - [TEST_STEP][PASSED] - delay(3): Delayed 3 second(s)

27-11-2024T17:13:59 - [MESSAGE][PASSED] - Delayed 3 second(s)

27-11-2024T17:13:59 - [TEST_STEP][PASSED] - verifyElementText(findTestObject("Object Repository/Login/Page_Olva Courier  Datos Personales/p_PROMO COLABORADOR"), "¡PROMO COLABORADOR!"): Actual text and expected text of test object 'Object Repository/Login/Page_Olva Courier  Datos Personales/p_PROMO COLABORADOR' are matched.

27-11-2024T17:14:01 - [MESSAGE][PASSED] - Actual text and expected text of test object 'Object Repository/Login/Page_Olva Courier  Datos Personales/p_PROMO COLABORADOR' are matched.

27-11-2024T17:14:01 - [TEST_STEP][PASSED] - delay(3): Delayed 3 second(s)

27-11-2024T17:14:04 - [MESSAGE][PASSED] - Delayed 3 second(s)

27-11-2024T17:14:04 - [TEST_STEP][PASSED] - click(findTestObject("Object Repository/Login/Page_Olva Courier  Datos Personales/span_")): Object: 'Object Repository/Login/Page_Olva Courier  Datos Personales/span_' is clicked on

27-11-2024T17:14:05 - [MESSAGE][PASSED] - Object: 'Object Repository/Login/Page_Olva Courier  Datos Personales/span_' is clicked on

27-11-2024T17:14:05 - [MESSAGE][PASSED] - Call Test Case 'Test Cases/1.Inicio/1.2Tipo_Doc/2.DNI_Colab' successfully

27-11-2024T17:14:05 - [TEST_STEP][PASSED] - click(findTestObject("Object Repository/Positivos/Page_Olva Courier  Datos Personales/span_Seleccionar artculo")): Object: 'Object Repository/Positivos/Page_Olva Courier  Datos Personales/span_Seleccionar artculo' is clicked on

27-11-2024T17:14:06 - [MESSAGE][PASSED] - Object: 'Object Repository/Positivos/Page_Olva Courier  Datos Personales/span_Seleccionar artculo' is clicked on

27-11-2024T17:14:06 - [TEST_STEP][PASSED] - click(findTestObject("Object Repository/Positivos/Page_Olva Courier  Datos Personales/span_ACCESORIOS Y EQUIPOS ELECTRONICOS")): Object: 'Object Repository/Positivos/Page_Olva Courier  Datos Personales/span_ACCESORIOS Y EQUIPOS ELECTRONICOS' is clicked on

27-11-2024T17:14:06 - [MESSAGE][PASSED] - Object: 'Object Repository/Positivos/Page_Olva Courier  Datos Personales/span_ACCESORIOS Y EQUIPOS ELECTRONICOS' is clicked on

27-11-2024T17:14:06 - [TEST_STEP][PASSED] - setText(findTestObject("Object Repository/Positivos/Page_Olva Courier  Datos Personales/input_UTILES DE OFICINA_txt_paquete_articulo"), "PRUEBAs"): Text 'PRUEBAs' is set on object 'Object Repository/Positivos/Page_Olva Courier  Datos Personales/input_UTILES DE OFICINA_txt_paquete_articulo'

27-11-2024T17:14:06 - [MESSAGE][PASSED] - Text 'PRUEBAs' is set on object 'Object Repository/Positivos/Page_Olva Courier  Datos Personales/input_UTILES DE OFICINA_txt_paquete_articulo'

27-11-2024T17:14:06 - [TEST_STEP][PASSED] - setText(findTestObject("Object Repository/Positivos/Page_Olva Courier  Datos Personales/input_UTILES DE OFICINA_txt_paquete_valor"), "20"): Text '20' is set on object 'Object Repository/Positivos/Page_Olva Courier  Datos Personales/input_UTILES DE OFICINA_txt_paquete_valor'

27-11-2024T17:14:07 - [MESSAGE][PASSED] - Text '20' is set on object 'Object Repository/Positivos/Page_Olva Courier  Datos Personales/input_UTILES DE OFICINA_txt_paquete_valor'

27-11-2024T17:14:07 - [TEST_STEP][PASSED] - click(findTestObject("Object Repository/Positivos/Page_Olva Courier  Datos Personales/b_1Kg")): Object: 'Object Repository/Positivos/Page_Olva Courier  Datos Personales/b_1Kg' is clicked on

27-11-2024T17:14:08 - [MESSAGE][PASSED] - Object: 'Object Repository/Positivos/Page_Olva Courier  Datos Personales/b_1Kg' is clicked on

27-11-2024T17:14:08 - [TEST_STEP][PASSED] - scrollToElement(findTestObject("Object Repository/Destinos/Page_Olva Courier  Datos Personales/button_LIMA (1)"), 0): Scroll to object 'Object Repository/Destinos/Page_Olva Courier  Datos Personales/button_LIMA (1)' successfully

27-11-2024T17:14:08 - [MESSAGE][WARNING] - Timeout '0' is invalid. Using default page load timeout: '30'

27-11-2024T17:14:08 - [MESSAGE][PASSED] - Scroll to object 'Object Repository/Destinos/Page_Olva Courier  Datos Personales/button_LIMA (1)' successfully

27-11-2024T17:14:08 - [TEST_STEP][PASSED] - click(findTestObject("Object Repository/Destinos/Page_Olva Courier  Datos Personales/button_LIMA (1)")): Object: 'Object Repository/Destinos/Page_Olva Courier  Datos Personales/button_LIMA (1)' is clicked on

27-11-2024T17:14:09 - [MESSAGE][PASSED] - Object: 'Object Repository/Destinos/Page_Olva Courier  Datos Personales/button_LIMA (1)' is clicked on

27-11-2024T17:14:09 - [TEST_STEP][PASSED] - click(findTestObject("Object Repository/Destinos/Page_Olva Courier  Datos Personales/a_TRUJILLO")): Object: 'Object Repository/Destinos/Page_Olva Courier  Datos Personales/a_TRUJILLO' is clicked on

27-11-2024T17:14:09 - [MESSAGE][PASSED] - Object: 'Object Repository/Destinos/Page_Olva Courier  Datos Personales/a_TRUJILLO' is clicked on

27-11-2024T17:14:09 - [TEST_STEP][PASSED] - click(findTestObject("Object Repository/Destinos/Page_Olva Courier  Datos Personales/button_TRUJILLO")): Object: 'Object Repository/Destinos/Page_Olva Courier  Datos Personales/button_TRUJILLO' is clicked on

27-11-2024T17:14:14 - [MESSAGE][PASSED] - Object: 'Object Repository/Destinos/Page_Olva Courier  Datos Personales/button_TRUJILLO' is clicked on

27-11-2024T17:14:14 - [TEST_STEP][PASSED] - click(findTestObject("Object Repository/Positivos/Page_Olva Courier  Datos Personales/span_Ingrese el punto de llegada")): Object: 'Object Repository/Positivos/Page_Olva Courier  Datos Personales/span_Ingrese el punto de llegada' is clicked on

27-11-2024T17:14:15 - [MESSAGE][PASSED] - Object: 'Object Repository/Positivos/Page_Olva Courier  Datos Personales/span_Ingrese el punto de llegada' is clicked on

27-11-2024T17:14:15 - [TEST_STEP][PASSED] - click(findTestObject("Object Repository/Positivos/Page_Olva Courier  Datos Personales/span_AMAZONAS - BAGUA - BAGUA")): Object: 'Object Repository/Positivos/Page_Olva Courier  Datos Personales/span_AMAZONAS - BAGUA - BAGUA' is clicked on

27-11-2024T17:14:15 - [MESSAGE][PASSED] - Object: 'Object Repository/Positivos/Page_Olva Courier  Datos Personales/span_AMAZONAS - BAGUA - BAGUA' is clicked on

27-11-2024T17:14:15 - [TEST_STEP][PASSED] - click(findTestObject("Object Repository/Positivos/Page_Olva Courier  Datos Personales/span_Tipo de entrega")): Object: 'Object Repository/Positivos/Page_Olva Courier  Datos Personales/span_Tipo de entrega' is clicked on

27-11-2024T17:14:16 - [MESSAGE][PASSED] - Object: 'Object Repository/Positivos/Page_Olva Courier  Datos Personales/span_Tipo de entrega' is clicked on

27-11-2024T17:14:16 - [TEST_STEP][PASSED] - click(findTestObject("Object Repository/Positivos/Page_Olva Courier  Datos Personales/a_Recojo en tienda")): Object: 'Object Repository/Positivos/Page_Olva Courier  Datos Personales/a_Recojo en tienda' is clicked on

27-11-2024T17:14:16 - [MESSAGE][PASSED] - Object: 'Object Repository/Positivos/Page_Olva Courier  Datos Personales/a_Recojo en tienda' is clicked on

27-11-2024T17:14:16 - [TEST_STEP][PASSED] - click(findTestObject("Object Repository/Positivos/Page_Olva Courier  Datos Personales/span_Tienda")): Object: 'Object Repository/Positivos/Page_Olva Courier  Datos Personales/span_Tienda' is clicked on

27-11-2024T17:14:17 - [MESSAGE][PASSED] - Object: 'Object Repository/Positivos/Page_Olva Courier  Datos Personales/span_Tienda' is clicked on

27-11-2024T17:14:17 - [TEST_STEP][PASSED] - click(findTestObject("Object Repository/Positivos/Page_Olva Courier  Datos Personales/span_BAGUA CHICA - BAGUA - PJ ALFONSO UGART_d3a165")): Object: 'Object Repository/Positivos/Page_Olva Courier  Datos Personales/span_BAGUA CHICA - BAGUA - PJ ALFONSO UGART_d3a165' is clicked on

27-11-2024T17:14:18 - [MESSAGE][PASSED] - Object: 'Object Repository/Positivos/Page_Olva Courier  Datos Personales/span_BAGUA CHICA - BAGUA - PJ ALFONSO UGART_d3a165' is clicked on

27-11-2024T17:14:18 - [TEST_STEP][PASSED] - click(findTestObject("Object Repository/Positivos/Page_Olva Courier  Datos Personales/span_Tipo De Documento_1")): Object: 'Object Repository/Positivos/Page_Olva Courier  Datos Personales/span_Tipo De Documento_1' is clicked on

27-11-2024T17:14:18 - [MESSAGE][PASSED] - Object: 'Object Repository/Positivos/Page_Olva Courier  Datos Personales/span_Tipo De Documento_1' is clicked on

27-11-2024T17:14:18 - [TEST_STEP][PASSED] - click(findTestObject("Object Repository/Positivos/Page_Olva Courier  Datos Personales/a_DNI")): Object: 'Object Repository/Positivos/Page_Olva Courier  Datos Personales/a_DNI' is clicked on

27-11-2024T17:14:18 - [MESSAGE][PASSED] - Object: 'Object Repository/Positivos/Page_Olva Courier  Datos Personales/a_DNI' is clicked on

27-11-2024T17:14:18 - [TEST_STEP][PASSED] - setText(findTestObject("Object Repository/Positivos/Page_Olva Courier  Datos Personales/input_CARN EXT_txt_consignado_dni"), "71735785"): Text '71735785' is set on object 'Object Repository/Positivos/Page_Olva Courier  Datos Personales/input_CARN EXT_txt_consignado_dni'

27-11-2024T17:14:19 - [MESSAGE][PASSED] - Text '71735785' is set on object 'Object Repository/Positivos/Page_Olva Courier  Datos Personales/input_CARN EXT_txt_consignado_dni'

27-11-2024T17:14:19 - [TEST_STEP][PASSED] - scrollToElement(findTestObject("Object Repository/Positivos/Page_Olva Courier  Datos Personales/button_CONTINUAR"), 0): Scroll to object 'Object Repository/Positivos/Page_Olva Courier  Datos Personales/button_CONTINUAR' successfully

27-11-2024T17:14:19 - [MESSAGE][WARNING] - Timeout '0' is invalid. Using default page load timeout: '30'

27-11-2024T17:14:20 - [MESSAGE][PASSED] - Scroll to object 'Object Repository/Positivos/Page_Olva Courier  Datos Personales/button_CONTINUAR' successfully

27-11-2024T17:14:20 - [TEST_STEP][PASSED] - click(findTestObject("Object Repository/Positivos/Page_Olva Courier  Datos Personales/button_CONTINUAR")): Object: 'Object Repository/Positivos/Page_Olva Courier  Datos Personales/button_CONTINUAR' is clicked on

27-11-2024T17:14:20 - [MESSAGE][PASSED] - Object: 'Object Repository/Positivos/Page_Olva Courier  Datos Personales/button_CONTINUAR' is clicked on

27-11-2024T17:14:20 - [TEST_STEP][PASSED] - click(findTestObject("Object Repository/Positivos/Page_Olva Courier  Confirma tus datos/a_AGREGAR ENVOS")): Object: 'Object Repository/Positivos/Page_Olva Courier  Confirma tus datos/a_AGREGAR ENVOS' is clicked on

27-11-2024T17:14:22 - [MESSAGE][PASSED] - Object: 'Object Repository/Positivos/Page_Olva Courier  Confirma tus datos/a_AGREGAR ENVOS' is clicked on

27-11-2024T17:14:22 - [TEST_STEP][PASSED] - click(findTestObject("Object Repository/Positivos/Page_Olva Courier  Home/img_Envo de cajas o paquetescon un peso mxi_37770f")): Object: 'Object Repository/Positivos/Page_Olva Courier  Home/img_Envo de cajas o paquetescon un peso mxi_37770f' is clicked on

27-11-2024T17:14:23 - [MESSAGE][PASSED] - Object: 'Object Repository/Positivos/Page_Olva Courier  Home/img_Envo de cajas o paquetescon un peso mxi_37770f' is clicked on

27-11-2024T17:14:23 - [TEST_STEP][PASSED] - click(findTestObject("Object Repository/Positivos/Page_Olva Courier  Home/button_CONTINUAR")): Object: 'Object Repository/Positivos/Page_Olva Courier  Home/button_CONTINUAR' is clicked on

27-11-2024T17:14:24 - [MESSAGE][PASSED] - Object: 'Object Repository/Positivos/Page_Olva Courier  Home/button_CONTINUAR' is clicked on

27-11-2024T17:14:24 - [TEST_STEP][PASSED] - setText(findTestObject("Object Repository/Positivos/Page_Olva Courier  Datos Personales/input_Qu Envas_input_descripcion"), "FDFd"): Text 'FDFd' is set on object 'Object Repository/Positivos/Page_Olva Courier  Datos Personales/input_Qu Envas_input_descripcion'

27-11-2024T17:14:28 - [MESSAGE][PASSED] - Text 'FDFd' is set on object 'Object Repository/Positivos/Page_Olva Courier  Datos Personales/input_Qu Envas_input_descripcion'

27-11-2024T17:14:28 - [TEST_STEP][PASSED] - setText(findTestObject("Object Repository/Positivos/Page_Olva Courier  Datos Personales/input_Qu Envas_input_valor"), "20"): Text '20' is set on object 'Object Repository/Positivos/Page_Olva Courier  Datos Personales/input_Qu Envas_input_valor'

27-11-2024T17:14:28 - [MESSAGE][PASSED] - Text '20' is set on object 'Object Repository/Positivos/Page_Olva Courier  Datos Personales/input_Qu Envas_input_valor'

27-11-2024T17:14:28 - [TEST_STEP][PASSED] - click(findTestObject("Object Repository/Positivos/Page_Olva Courier  Datos Personales/button_Ingrese el punto de llegada")): Object: 'Object Repository/Positivos/Page_Olva Courier  Datos Personales/button_Ingrese el punto de llegada' is clicked on

27-11-2024T17:14:30 - [MESSAGE][PASSED] - Object: 'Object Repository/Positivos/Page_Olva Courier  Datos Personales/button_Ingrese el punto de llegada' is clicked on

27-11-2024T17:14:30 - [TEST_STEP][PASSED] - click(findTestObject("Object Repository/Positivos/Page_Olva Courier  Datos Personales/span_AMAZONAS - BAGUA - EL PARCO")): Object: 'Object Repository/Positivos/Page_Olva Courier  Datos Personales/span_AMAZONAS - BAGUA - EL PARCO' is clicked on

27-11-2024T17:14:33 - [MESSAGE][PASSED] - Object: 'Object Repository/Positivos/Page_Olva Courier  Datos Personales/span_AMAZONAS - BAGUA - EL PARCO' is clicked on

27-11-2024T17:14:33 - [TEST_STEP][PASSED] - scrollToElement(findTestObject("Object Repository/Positivos/Page_Olva Courier  Datos Personales/span_Tipo De Documento_1"), 0): Scroll to object 'Object Repository/Positivos/Page_Olva Courier  Datos Personales/span_Tipo De Documento_1' successfully

27-11-2024T17:14:33 - [MESSAGE][WARNING] - Timeout '0' is invalid. Using default page load timeout: '30'

27-11-2024T17:14:33 - [MESSAGE][PASSED] - Scroll to object 'Object Repository/Positivos/Page_Olva Courier  Datos Personales/span_Tipo De Documento_1' successfully

27-11-2024T17:14:33 - [TEST_STEP][PASSED] - click(findTestObject("Object Repository/Positivos/Page_Olva Courier  Datos Personales/span_Tipo De Documento_1")): Object: 'Object Repository/Positivos/Page_Olva Courier  Datos Personales/span_Tipo De Documento_1' is clicked on

27-11-2024T17:14:34 - [MESSAGE][PASSED] - Object: 'Object Repository/Positivos/Page_Olva Courier  Datos Personales/span_Tipo De Documento_1' is clicked on

27-11-2024T17:14:34 - [TEST_STEP][PASSED] - click(findTestObject("Object Repository/Positivos/Page_Olva Courier  Datos Personales/a_DNI")): Object: 'Object Repository/Positivos/Page_Olva Courier  Datos Personales/a_DNI' is clicked on

27-11-2024T17:14:34 - [MESSAGE][PASSED] - Object: 'Object Repository/Positivos/Page_Olva Courier  Datos Personales/a_DNI' is clicked on

27-11-2024T17:14:34 - [TEST_STEP][PASSED] - setText(findTestObject("Object Repository/Positivos/Page_Olva Courier  Datos Personales/input_CARN EXT_txt_consignado_dni"), "71735785"): Text '71735785' is set on object 'Object Repository/Positivos/Page_Olva Courier  Datos Personales/input_CARN EXT_txt_consignado_dni'

27-11-2024T17:14:35 - [MESSAGE][PASSED] - Text '71735785' is set on object 'Object Repository/Positivos/Page_Olva Courier  Datos Personales/input_CARN EXT_txt_consignado_dni'

27-11-2024T17:14:35 - [TEST_STEP][PASSED] - scrollToElement(findTestObject("Object Repository/Positivos/Page_Olva Courier  Datos Personales/button_CONTINUAR"), 0): Scroll to object 'Object Repository/Positivos/Page_Olva Courier  Datos Personales/button_CONTINUAR' successfully

27-11-2024T17:14:35 - [MESSAGE][WARNING] - Timeout '0' is invalid. Using default page load timeout: '30'

27-11-2024T17:14:35 - [MESSAGE][PASSED] - Scroll to object 'Object Repository/Positivos/Page_Olva Courier  Datos Personales/button_CONTINUAR' successfully

27-11-2024T17:14:35 - [TEST_STEP][PASSED] - click(findTestObject("Object Repository/Positivos/Page_Olva Courier  Datos Personales/button_CONTINUAR")): Object: 'Object Repository/Positivos/Page_Olva Courier  Datos Personales/button_CONTINUAR' is clicked on

27-11-2024T17:14:36 - [MESSAGE][PASSED] - Object: 'Object Repository/Positivos/Page_Olva Courier  Datos Personales/button_CONTINUAR' is clicked on

27-11-2024T17:14:36 - [TEST_STEP][PASSED] - scrollToElement(findTestObject("Object Repository/Positivos/Page_Olva Courier  Confirma tus datos/button_IR A PAGAR S 29.00"), 0): Scroll to object 'Object Repository/Positivos/Page_Olva Courier  Confirma tus datos/button_IR A PAGAR S 29.00' successfully

27-11-2024T17:14:36 - [MESSAGE][WARNING] - Timeout '0' is invalid. Using default page load timeout: '30'

27-11-2024T17:14:38 - [MESSAGE][PASSED] - Scroll to object 'Object Repository/Positivos/Page_Olva Courier  Confirma tus datos/button_IR A PAGAR S 29.00' successfully

27-11-2024T17:14:38 - [TEST_STEP][PASSED] - click(findTestObject("Object Repository/Positivos/Page_Olva Courier  Confirma tus datos/button_IR A PAGAR S 29.00")): Object: 'Object Repository/Positivos/Page_Olva Courier  Confirma tus datos/button_IR A PAGAR S 29.00' is clicked on

27-11-2024T17:14:39 - [MESSAGE][PASSED] - Object: 'Object Repository/Positivos/Page_Olva Courier  Confirma tus datos/button_IR A PAGAR S 29.00' is clicked on

27-11-2024T17:14:39 - [TEST_STEP][PASSED] - delay(3): Delayed 3 second(s)

27-11-2024T17:14:42 - [MESSAGE][PASSED] - Delayed 3 second(s)

27-11-2024T17:14:42 - [TEST_STEP][PASSED] - setText(findTestObject("Object Repository/Destinos/Page_Olva Courier  Confirma tus datos/input_Tienes envos con recojo en tienda, se_b85f5d"), "1"): Text '1' is set on object 'Object Repository/Destinos/Page_Olva Courier  Confirma tus datos/input_Tienes envos con recojo en tienda, se_b85f5d'

27-11-2024T17:14:42 - [MESSAGE][PASSED] - Text '1' is set on object 'Object Repository/Destinos/Page_Olva Courier  Confirma tus datos/input_Tienes envos con recojo en tienda, se_b85f5d'

27-11-2024T17:14:42 - [TEST_STEP][PASSED] - setText(findTestObject("Object Repository/Destinos/Page_Olva Courier  Confirma tus datos/input_Tienes envos con recojo en tienda, se_af5936"), "1"): Text '1' is set on object 'Object Repository/Destinos/Page_Olva Courier  Confirma tus datos/input_Tienes envos con recojo en tienda, se_af5936'

27-11-2024T17:14:43 - [MESSAGE][PASSED] - Text '1' is set on object 'Object Repository/Destinos/Page_Olva Courier  Confirma tus datos/input_Tienes envos con recojo en tienda, se_af5936'

27-11-2024T17:14:43 - [TEST_STEP][PASSED] - setText(findTestObject("Object Repository/Destinos/Page_Olva Courier  Confirma tus datos/input_Tienes envos con recojo en tienda, se_653975"), "1"): Text '1' is set on object 'Object Repository/Destinos/Page_Olva Courier  Confirma tus datos/input_Tienes envos con recojo en tienda, se_653975'

27-11-2024T17:14:44 - [MESSAGE][PASSED] - Text '1' is set on object 'Object Repository/Destinos/Page_Olva Courier  Confirma tus datos/input_Tienes envos con recojo en tienda, se_653975'

27-11-2024T17:14:44 - [TEST_STEP][PASSED] - setText(findTestObject("Object Repository/Destinos/Page_Olva Courier  Confirma tus datos/input_Tienes envos con recojo en tienda, se_8615a0"), "1"): Text '1' is set on object 'Object Repository/Destinos/Page_Olva Courier  Confirma tus datos/input_Tienes envos con recojo en tienda, se_8615a0'

27-11-2024T17:14:46 - [MESSAGE][PASSED] - Text '1' is set on object 'Object Repository/Destinos/Page_Olva Courier  Confirma tus datos/input_Tienes envos con recojo en tienda, se_8615a0'

27-11-2024T17:14:46 - [TEST_STEP][PASSED] - click(findTestObject("Object Repository/Destinos/Page_Olva Courier  Confirma tus datos/div_Aceptar")): Object: 'Object Repository/Destinos/Page_Olva Courier  Confirma tus datos/div_Aceptar' is clicked on

27-11-2024T17:14:46 - [MESSAGE][PASSED] - Object: 'Object Repository/Destinos/Page_Olva Courier  Confirma tus datos/div_Aceptar' is clicked on

27-11-2024T17:14:46 - [TEST_STEP][PASSED] - verifyElementPresent(findTestObject("Object Repository/Positivos/Page_Olva Courier  Medios de pago/button_PAGAR"), 0): Object 'Object Repository/Positivos/Page_Olva Courier  Medios de pago/button_PAGAR' is present

27-11-2024T17:14:46 - [MESSAGE][WARNING] - Timeout '0' is invalid. Using default page load timeout: '30'

27-11-2024T17:14:48 - [MESSAGE][PASSED] - Object 'Object Repository/Positivos/Page_Olva Courier  Medios de pago/button_PAGAR' is present

27-11-2024T17:14:48 - [TEST_STEP][PASSED] - callTestCase(findTestCase("1.Inicio/1.3Pago_POS/Pago-exitoso"), [:], STOP_ON_FAILURE): Call Test Case 'Test Cases/1.Inicio/1.3Pago_POS/Pago-exitoso' successfully

27-11-2024T17:14:48 - [TEST_CASE][PASSED] - Test Cases/1.Inicio/1.3Pago_POS/Pago-exitoso: Test Cases/1.Inicio/1.3Pago_POS/Pago-exitoso

27-11-2024T17:14:48 - [TEST_STEP][PASSED] - verifyElementPresent(findTestObject("Object Repository/pago/Page_Olva Courier  Medios de pago/div_Pago con tarjeta de crdito, dbito y Yape"), 0): Object 'Object Repository/pago/Page_Olva Courier  Medios de pago/div_Pago con tarjeta de crdito, dbito y Yape' is present

27-11-2024T17:14:48 - [MESSAGE][WARNING] - Timeout '0' is invalid. Using default page load timeout: '30'

27-11-2024T17:14:48 - [MESSAGE][PASSED] - Object 'Object Repository/pago/Page_Olva Courier  Medios de pago/div_Pago con tarjeta de crdito, dbito y Yape' is present

27-11-2024T17:14:48 - [TEST_STEP][PASSED] - verifyElementPresent(findTestObject("Object Repository/pago/Page_Olva Courier  Medios de pago/td_S"), 0): Object 'Object Repository/pago/Page_Olva Courier  Medios de pago/td_S' is present

27-11-2024T17:14:48 - [MESSAGE][WARNING] - Timeout '0' is invalid. Using default page load timeout: '30'

27-11-2024T17:14:48 - [MESSAGE][PASSED] - Object 'Object Repository/pago/Page_Olva Courier  Medios de pago/td_S' is present

27-11-2024T17:14:48 - [TEST_STEP][PASSED] - delay(1): Delayed 1 second(s)

27-11-2024T17:14:49 - [MESSAGE][PASSED] - Delayed 1 second(s)

27-11-2024T17:14:49 - [TEST_STEP][PASSED] - scrollToElement(findTestObject("Object Repository/pago/Page_Olva Courier  Medios de pago/button_PAGAR"), 0): Scroll to object 'Object Repository/pago/Page_Olva Courier  Medios de pago/button_PAGAR' successfully

27-11-2024T17:14:49 - [MESSAGE][WARNING] - Timeout '0' is invalid. Using default page load timeout: '30'

27-11-2024T17:14:49 - [MESSAGE][PASSED] - Scroll to object 'Object Repository/pago/Page_Olva Courier  Medios de pago/button_PAGAR' successfully

27-11-2024T17:14:49 - [TEST_STEP][PASSED] - click(findTestObject("Object Repository/pago/Page_Olva Courier  Medios de pago/button_PAGAR")): Object: 'Object Repository/pago/Page_Olva Courier  Medios de pago/button_PAGAR' is clicked on

27-11-2024T17:14:50 - [MESSAGE][PASSED] - Object: 'Object Repository/pago/Page_Olva Courier  Medios de pago/button_PAGAR' is clicked on

27-11-2024T17:14:50 - [TEST_STEP][PASSED] - delay(2): Delayed 2 second(s)

27-11-2024T17:14:52 - [MESSAGE][PASSED] - Delayed 2 second(s)

27-11-2024T17:14:52 - [TEST_STEP][PASSED] - verifyElementText(findTestObject("Object Repository/pago/Page_Olva Courier  Pago Exitoso/div_Aprobado y completado con exito"), "Aprobado y completado con exito"): Actual text and expected text of test object 'Object Repository/pago/Page_Olva Courier  Pago Exitoso/div_Aprobado y completado con exito' are matched.

27-11-2024T17:14:52 - [MESSAGE][PASSED] - Actual text and expected text of test object 'Object Repository/pago/Page_Olva Courier  Pago Exitoso/div_Aprobado y completado con exito' are matched.

27-11-2024T17:14:52 - [TEST_STEP][PASSED] - verifyElementPresent(findTestObject("Object Repository/pago/Page_Olva Courier  Pago Exitoso/b_nroPreventa"), 0): Object 'Object Repository/pago/Page_Olva Courier  Pago Exitoso/b_nroPreventa' is present

27-11-2024T17:14:52 - [MESSAGE][WARNING] - Timeout '0' is invalid. Using default page load timeout: '30'

27-11-2024T17:14:53 - [MESSAGE][PASSED] - Object 'Object Repository/pago/Page_Olva Courier  Pago Exitoso/b_nroPreventa' is present

27-11-2024T17:14:53 - [MESSAGE][PASSED] - Call Test Case 'Test Cases/1.Inicio/1.3Pago_POS/Pago-exitoso' successfully]]></system-out>
         <system-err><![CDATA[]]></system-err>
      </testcase>
      <testcase name="Test Cases/2.Positivos/2.1Paquete/Origen-Provincia/4.Peso/Peso-max" time="56.475" classname="Test Cases/2.Positivos/2.1Paquete/Origen-Provincia/4.Peso/Peso-max" status="PASSED">
         <system-out><![CDATA[27-11-2024T17:14:53 - [TEST_CASE][PASSED] - Test Cases/2.Positivos/2.1Paquete/Origen-Provincia/4.Peso/Peso-max: Test Cases/2.Positivos/2.1Paquete/Origen-Provincia/4.Peso/Peso-max

27-11-2024T17:14:53 - [TEST_STEP][PASSED] - callTestCase(findTestCase("1.Inicio/1.1Principal/Principal-home"), [:], STOP_ON_FAILURE): Call Test Case 'Test Cases/1.Inicio/1.1Principal/Principal-home' successfully

27-11-2024T17:14:53 - [TEST_CASE][PASSED] - Test Cases/1.Inicio/1.1Principal/Principal-home: Test Cases/1.Inicio/1.1Principal/Principal-home

27-11-2024T17:14:53 - [TEST_STEP][PASSED] - openBrowser(""): Browser is opened with url: ''

27-11-2024T17:14:53 - [MESSAGE][WARNING] - A browser is already opened. Closing browser and opening a new one

27-11-2024T17:14:54 - [MESSAGE][INFO] - Starting 'Firefox' driver

27-11-2024T17:14:54 - [MESSAGE][INFO] - Action delay is set to 0 milliseconds

27-11-2024T17:15:03 - [MESSAGE][PASSED] - Browser is opened with url: ''

27-11-2024T17:15:03 - [TEST_STEP][PASSED] - navigateToUrl("https://dev01-registrodeenvios.olvacourier.com/principal"): Navigate to 'https://dev01-registrodeenvios.olvacourier.com/principal' successfully

27-11-2024T17:15:04 - [MESSAGE][PASSED] - Navigate to 'https://dev01-registrodeenvios.olvacourier.com/principal' successfully

27-11-2024T17:15:04 - [TEST_STEP][PASSED] - maximizeWindow(): Current window maximized

27-11-2024T17:15:04 - [MESSAGE][PASSED] - Current window maximized

27-11-2024T17:15:04 - [MESSAGE][PASSED] - Call Test Case 'Test Cases/1.Inicio/1.1Principal/Principal-home' successfully

27-11-2024T17:15:04 - [TEST_STEP][PASSED] - callTestCase(findTestCase("1.Inicio/1.1Principal/Selec_paquete"), [:], STOP_ON_FAILURE): Call Test Case 'Test Cases/1.Inicio/1.1Principal/Selec_paquete' successfully

27-11-2024T17:15:04 - [TEST_CASE][PASSED] - Test Cases/1.Inicio/1.1Principal/Selec_paquete: Test Cases/1.Inicio/1.1Principal/Selec_paquete

27-11-2024T17:15:05 - [TEST_STEP][PASSED] - click(findTestObject("Object Repository/Principal/Page_Olva Courier  Home/img_Qu deseas realizar hoy_img_paquete")): Object: 'Object Repository/Principal/Page_Olva Courier  Home/img_Qu deseas realizar hoy_img_paquete' is clicked on

27-11-2024T17:15:05 - [MESSAGE][PASSED] - Object: 'Object Repository/Principal/Page_Olva Courier  Home/img_Qu deseas realizar hoy_img_paquete' is clicked on

27-11-2024T17:15:05 - [TEST_STEP][PASSED] - click(findTestObject("Object Repository/Principal/Page_Olva Courier  Home/span_He ledo y acepto los_checkmark (1)")): Object: 'Object Repository/Principal/Page_Olva Courier  Home/span_He ledo y acepto los_checkmark (1)' is clicked on

27-11-2024T17:15:06 - [MESSAGE][PASSED] - Object: 'Object Repository/Principal/Page_Olva Courier  Home/span_He ledo y acepto los_checkmark (1)' is clicked on

27-11-2024T17:15:06 - [TEST_STEP][PASSED] - click(findTestObject("Object Repository/Principal/Page_Olva Courier  Home/button_CONTINUAR (1)")): Object: 'Object Repository/Principal/Page_Olva Courier  Home/button_CONTINUAR (1)' is clicked on

27-11-2024T17:15:07 - [MESSAGE][PASSED] - Object: 'Object Repository/Principal/Page_Olva Courier  Home/button_CONTINUAR (1)' is clicked on

27-11-2024T17:15:07 - [TEST_STEP][PASSED] - verifyElementPresent(findTestObject("Object Repository/Principal/Page_Olva Courier  Datos Personales/strong_REGISTRO DE ENVOS"), 0): Object 'Object Repository/Principal/Page_Olva Courier  Datos Personales/strong_REGISTRO DE ENVOS' is present

27-11-2024T17:15:07 - [MESSAGE][WARNING] - Timeout '0' is invalid. Using default page load timeout: '30'

27-11-2024T17:15:07 - [MESSAGE][PASSED] - Object 'Object Repository/Principal/Page_Olva Courier  Datos Personales/strong_REGISTRO DE ENVOS' is present

27-11-2024T17:15:07 - [TEST_STEP][PASSED] - verifyElementPresent(findTestObject("Object Repository/Principal/Page_Olva Courier  Datos Personales/span_Regresar (1)"), 0): Object 'Object Repository/Principal/Page_Olva Courier  Datos Personales/span_Regresar (1)' is present

27-11-2024T17:15:07 - [MESSAGE][WARNING] - Timeout '0' is invalid. Using default page load timeout: '30'

27-11-2024T17:15:08 - [MESSAGE][PASSED] - Object 'Object Repository/Principal/Page_Olva Courier  Datos Personales/span_Regresar (1)' is present

27-11-2024T17:15:08 - [TEST_STEP][PASSED] - verifyElementPresent(findTestObject("Object Repository/Principal/Page_Olva Courier  Datos Personales/span_Inicio (1)"), 0): Object 'Object Repository/Principal/Page_Olva Courier  Datos Personales/span_Inicio (1)' is present

27-11-2024T17:15:08 - [MESSAGE][WARNING] - Timeout '0' is invalid. Using default page load timeout: '30'

27-11-2024T17:15:08 - [MESSAGE][PASSED] - Object 'Object Repository/Principal/Page_Olva Courier  Datos Personales/span_Inicio (1)' is present

27-11-2024T17:15:08 - [MESSAGE][PASSED] - Call Test Case 'Test Cases/1.Inicio/1.1Principal/Selec_paquete' successfully

27-11-2024T17:15:08 - [TEST_STEP][PASSED] - callTestCase(findTestCase("1.Inicio/1.2Tipo_Doc/1.DNI"), [:], STOP_ON_FAILURE): Call Test Case 'Test Cases/1.Inicio/1.2Tipo_Doc/1.DNI' successfully

27-11-2024T17:15:08 - [TEST_CASE][PASSED] - Test Cases/1.Inicio/1.2Tipo_Doc/1.DNI: Test Cases/1.Inicio/1.2Tipo_Doc/1.DNI

27-11-2024T17:15:08 - [TEST_STEP][PASSED] - click(findTestObject("Object Repository/Login/Page_Olva Courier  Datos Personales/button_Tipo De Documento")): Object: 'Object Repository/Login/Page_Olva Courier  Datos Personales/button_Tipo De Documento' is clicked on

27-11-2024T17:15:09 - [MESSAGE][PASSED] - Object: 'Object Repository/Login/Page_Olva Courier  Datos Personales/button_Tipo De Documento' is clicked on

27-11-2024T17:15:09 - [TEST_STEP][PASSED] - click(findTestObject("Object Repository/Login/Page_Olva Courier  Datos Personales/a_DNI (Boleta)")): Object: 'Object Repository/Login/Page_Olva Courier  Datos Personales/a_DNI (Boleta)' is clicked on

27-11-2024T17:15:09 - [MESSAGE][PASSED] - Object: 'Object Repository/Login/Page_Olva Courier  Datos Personales/a_DNI (Boleta)' is clicked on

27-11-2024T17:15:09 - [TEST_STEP][PASSED] - setText(findTestObject("Object Repository/Login/Page_Olva Courier  Datos Personales/input_CARN EXT. (Boleta)_txt_documento_cliente"), "47190321"): Text '47190321' is set on object 'Object Repository/Login/Page_Olva Courier  Datos Personales/input_CARN EXT. (Boleta)_txt_documento_cliente'

27-11-2024T17:15:10 - [MESSAGE][PASSED] - Text '47190321' is set on object 'Object Repository/Login/Page_Olva Courier  Datos Personales/input_CARN EXT. (Boleta)_txt_documento_cliente'

27-11-2024T17:15:10 - [TEST_STEP][PASSED] - setText(findTestObject("Object Repository/Login/Page_Olva Courier  Datos Personales/input_CARN EXT. (Boleta)_txt_telefono_cliente"), "957378086"): Text '957378086' is set on object 'Object Repository/Login/Page_Olva Courier  Datos Personales/input_CARN EXT. (Boleta)_txt_telefono_cliente'

27-11-2024T17:15:16 - [MESSAGE][PASSED] - Text '957378086' is set on object 'Object Repository/Login/Page_Olva Courier  Datos Personales/input_CARN EXT. (Boleta)_txt_telefono_cliente'

27-11-2024T17:15:16 - [TEST_STEP][PASSED] - setText(findTestObject("Object Repository/Login/Page_Olva Courier  Datos Personales/input_Hola,_txt_email_cliente"), "riosalejosjs@gmail.com"): Text 'riosalejosjs@gmail.com' is set on object 'Object Repository/Login/Page_Olva Courier  Datos Personales/input_Hola,_txt_email_cliente'

27-11-2024T17:15:16 - [MESSAGE][PASSED] - Text 'riosalejosjs@gmail.com' is set on object 'Object Repository/Login/Page_Olva Courier  Datos Personales/input_Hola,_txt_email_cliente'

27-11-2024T17:15:16 - [MESSAGE][PASSED] - Call Test Case 'Test Cases/1.Inicio/1.2Tipo_Doc/1.DNI' successfully

27-11-2024T17:15:16 - [TEST_STEP][PASSED] - click(findTestObject("Object Repository/pago/Page_Olva Courier  Datos Personales/button_Seleccionar artculo")): Object: 'Object Repository/pago/Page_Olva Courier  Datos Personales/button_Seleccionar artculo' is clicked on

27-11-2024T17:15:16 - [MESSAGE][PASSED] - Object: 'Object Repository/pago/Page_Olva Courier  Datos Personales/button_Seleccionar artculo' is clicked on

27-11-2024T17:15:16 - [TEST_STEP][PASSED] - click(findTestObject("Object Repository/pago/Page_Olva Courier  Datos Personales/span_ACCESORIOS Y EQUIPOS ELECTRONICOS")): Object: 'Object Repository/pago/Page_Olva Courier  Datos Personales/span_ACCESORIOS Y EQUIPOS ELECTRONICOS' is clicked on

27-11-2024T17:15:17 - [MESSAGE][PASSED] - Object: 'Object Repository/pago/Page_Olva Courier  Datos Personales/span_ACCESORIOS Y EQUIPOS ELECTRONICOS' is clicked on

27-11-2024T17:15:17 - [TEST_STEP][PASSED] - setText(findTestObject("Object Repository/pago/Page_Olva Courier  Datos Personales/input_UTILES DE OFICINA_txt_paquete_articulo"), "VVVv"): Text 'VVVv' is set on object 'Object Repository/pago/Page_Olva Courier  Datos Personales/input_UTILES DE OFICINA_txt_paquete_articulo'

27-11-2024T17:15:17 - [MESSAGE][PASSED] - Text 'VVVv' is set on object 'Object Repository/pago/Page_Olva Courier  Datos Personales/input_UTILES DE OFICINA_txt_paquete_articulo'

27-11-2024T17:15:17 - [TEST_STEP][PASSED] - setText(findTestObject("Object Repository/pago/Page_Olva Courier  Datos Personales/input_UTILES DE OFICINA_txt_paquete_valor"), "20"): Text '20' is set on object 'Object Repository/pago/Page_Olva Courier  Datos Personales/input_UTILES DE OFICINA_txt_paquete_valor'

27-11-2024T17:15:18 - [MESSAGE][PASSED] - Text '20' is set on object 'Object Repository/pago/Page_Olva Courier  Datos Personales/input_UTILES DE OFICINA_txt_paquete_valor'

27-11-2024T17:15:18 - [TEST_STEP][PASSED] - scrollToElement(findTestObject("Object Repository/pago/Page_Olva Courier  Datos Personales/div_No encuentro el peso de mi envo"), 0): Scroll to object 'Object Repository/pago/Page_Olva Courier  Datos Personales/div_No encuentro el peso de mi envo' successfully

27-11-2024T17:15:18 - [MESSAGE][WARNING] - Timeout '0' is invalid. Using default page load timeout: '30'

27-11-2024T17:15:18 - [MESSAGE][PASSED] - Scroll to object 'Object Repository/pago/Page_Olva Courier  Datos Personales/div_No encuentro el peso de mi envo' successfully

27-11-2024T17:15:18 - [TEST_STEP][PASSED] - click(findTestObject("Object Repository/pago/Page_Olva Courier  Datos Personales/div_No encuentro el peso de mi envo")): Object: 'Object Repository/pago/Page_Olva Courier  Datos Personales/div_No encuentro el peso de mi envo' is clicked on

27-11-2024T17:15:19 - [MESSAGE][PASSED] - Object: 'Object Repository/pago/Page_Olva Courier  Datos Personales/div_No encuentro el peso de mi envo' is clicked on

27-11-2024T17:15:19 - [TEST_STEP][PASSED] - setText(findTestObject("Object Repository/pago/Page_Olva Courier  Datos Personales/input_Ancho (cm)_modal-input-ancho"), "14"): Text '14' is set on object 'Object Repository/pago/Page_Olva Courier  Datos Personales/input_Ancho (cm)_modal-input-ancho'

27-11-2024T17:15:20 - [MESSAGE][PASSED] - Text '14' is set on object 'Object Repository/pago/Page_Olva Courier  Datos Personales/input_Ancho (cm)_modal-input-ancho'

27-11-2024T17:15:20 - [TEST_STEP][PASSED] - setText(findTestObject("Object Repository/pago/Page_Olva Courier  Datos Personales/input_Largo (cm)_modal-input-largo"), "14"): Text '14' is set on object 'Object Repository/pago/Page_Olva Courier  Datos Personales/input_Largo (cm)_modal-input-largo'

27-11-2024T17:15:21 - [MESSAGE][PASSED] - Text '14' is set on object 'Object Repository/pago/Page_Olva Courier  Datos Personales/input_Largo (cm)_modal-input-largo'

27-11-2024T17:15:21 - [TEST_STEP][PASSED] - setText(findTestObject("Object Repository/pago/Page_Olva Courier  Datos Personales/input_Alto (cm)_modal-input-alto"), "14"): Text '14' is set on object 'Object Repository/pago/Page_Olva Courier  Datos Personales/input_Alto (cm)_modal-input-alto'

27-11-2024T17:15:22 - [MESSAGE][PASSED] - Text '14' is set on object 'Object Repository/pago/Page_Olva Courier  Datos Personales/input_Alto (cm)_modal-input-alto'

27-11-2024T17:15:22 - [TEST_STEP][PASSED] - setText(findTestObject("Object Repository/pago/Page_Olva Courier  Datos Personales/input_Peso (Kg)_modal-input-peso"), "25"): Text '25' is set on object 'Object Repository/pago/Page_Olva Courier  Datos Personales/input_Peso (Kg)_modal-input-peso'

27-11-2024T17:15:22 - [MESSAGE][PASSED] - Text '25' is set on object 'Object Repository/pago/Page_Olva Courier  Datos Personales/input_Peso (Kg)_modal-input-peso'

27-11-2024T17:15:22 - [TEST_STEP][PASSED] - click(findTestObject("Object Repository/pago/Page_Olva Courier  Datos Personales/div_CALCULAR")): Object: 'Object Repository/pago/Page_Olva Courier  Datos Personales/div_CALCULAR' is clicked on

27-11-2024T17:15:23 - [MESSAGE][PASSED] - Object: 'Object Repository/pago/Page_Olva Courier  Datos Personales/div_CALCULAR' is clicked on

27-11-2024T17:15:23 - [TEST_STEP][PASSED] - scrollToElement(findTestObject("Object Repository/Destinos/Page_Olva Courier  Datos Personales/button_LIMA (1)"), 0): Scroll to object 'Object Repository/Destinos/Page_Olva Courier  Datos Personales/button_LIMA (1)' successfully

27-11-2024T17:15:23 - [MESSAGE][WARNING] - Timeout '0' is invalid. Using default page load timeout: '30'

27-11-2024T17:15:24 - [MESSAGE][PASSED] - Scroll to object 'Object Repository/Destinos/Page_Olva Courier  Datos Personales/button_LIMA (1)' successfully

27-11-2024T17:15:24 - [TEST_STEP][PASSED] - click(findTestObject("Object Repository/Destinos/Page_Olva Courier  Datos Personales/button_LIMA (1)")): Object: 'Object Repository/Destinos/Page_Olva Courier  Datos Personales/button_LIMA (1)' is clicked on

27-11-2024T17:15:24 - [MESSAGE][PASSED] - Object: 'Object Repository/Destinos/Page_Olva Courier  Datos Personales/button_LIMA (1)' is clicked on

27-11-2024T17:15:24 - [TEST_STEP][PASSED] - click(findTestObject("Object Repository/Destinos/Page_Olva Courier  Datos Personales/a_TRUJILLO")): Object: 'Object Repository/Destinos/Page_Olva Courier  Datos Personales/a_TRUJILLO' is clicked on

27-11-2024T17:15:25 - [MESSAGE][PASSED] - Object: 'Object Repository/Destinos/Page_Olva Courier  Datos Personales/a_TRUJILLO' is clicked on

27-11-2024T17:15:25 - [TEST_STEP][PASSED] - click(findTestObject("Object Repository/Destinos/Page_Olva Courier  Datos Personales/button_TRUJILLO")): Object: 'Object Repository/Destinos/Page_Olva Courier  Datos Personales/button_TRUJILLO' is clicked on

27-11-2024T17:15:29 - [MESSAGE][PASSED] - Object: 'Object Repository/Destinos/Page_Olva Courier  Datos Personales/button_TRUJILLO' is clicked on

27-11-2024T17:15:29 - [TEST_STEP][PASSED] - scrollToElement(findTestObject("Object Repository/pago/Page_Olva Courier  Datos Personales/span_Ingrese el punto de llegada"), 0): Scroll to object 'Object Repository/pago/Page_Olva Courier  Datos Personales/span_Ingrese el punto de llegada' successfully

27-11-2024T17:15:29 - [MESSAGE][WARNING] - Timeout '0' is invalid. Using default page load timeout: '30'

27-11-2024T17:15:29 - [MESSAGE][PASSED] - Scroll to object 'Object Repository/pago/Page_Olva Courier  Datos Personales/span_Ingrese el punto de llegada' successfully

27-11-2024T17:15:29 - [TEST_STEP][PASSED] - click(findTestObject("Object Repository/pago/Page_Olva Courier  Datos Personales/span_Ingrese el punto de llegada")): Object: 'Object Repository/pago/Page_Olva Courier  Datos Personales/span_Ingrese el punto de llegada' is clicked on

27-11-2024T17:15:30 - [MESSAGE][PASSED] - Object: 'Object Repository/pago/Page_Olva Courier  Datos Personales/span_Ingrese el punto de llegada' is clicked on

27-11-2024T17:15:30 - [TEST_STEP][PASSED] - click(findTestObject("Object Repository/pago/Page_Olva Courier  Datos Personales/a_APURIMAC - GRAU - CHUQUIBAMBILLA")): Object: 'Object Repository/pago/Page_Olva Courier  Datos Personales/a_APURIMAC - GRAU - CHUQUIBAMBILLA' is clicked on

27-11-2024T17:15:30 - [MESSAGE][PASSED] - Object: 'Object Repository/pago/Page_Olva Courier  Datos Personales/a_APURIMAC - GRAU - CHUQUIBAMBILLA' is clicked on

27-11-2024T17:15:30 - [TEST_STEP][PASSED] - click(findTestObject("Object Repository/pago/Page_Olva Courier  Datos Personales/button_Tipo de entrega")): Object: 'Object Repository/pago/Page_Olva Courier  Datos Personales/button_Tipo de entrega' is clicked on

27-11-2024T17:15:31 - [MESSAGE][PASSED] - Object: 'Object Repository/pago/Page_Olva Courier  Datos Personales/button_Tipo de entrega' is clicked on

27-11-2024T17:15:31 - [TEST_STEP][PASSED] - click(findTestObject("Object Repository/pago/Page_Olva Courier  Datos Personales/a_Entrega a domicilio")): Object: 'Object Repository/pago/Page_Olva Courier  Datos Personales/a_Entrega a domicilio' is clicked on

27-11-2024T17:15:35 - [MESSAGE][PASSED] - Object: 'Object Repository/pago/Page_Olva Courier  Datos Personales/a_Entrega a domicilio' is clicked on

27-11-2024T17:15:35 - [TEST_STEP][PASSED] - scrollToElement(findTestObject("Object Repository/pago/Page_Olva Courier  Datos Personales/span_Tipo De Documento"), 0): Scroll to object 'Object Repository/pago/Page_Olva Courier  Datos Personales/span_Tipo De Documento' successfully

27-11-2024T17:15:35 - [MESSAGE][WARNING] - Timeout '0' is invalid. Using default page load timeout: '30'

27-11-2024T17:15:35 - [MESSAGE][PASSED] - Scroll to object 'Object Repository/pago/Page_Olva Courier  Datos Personales/span_Tipo De Documento' successfully

27-11-2024T17:15:35 - [TEST_STEP][PASSED] - click(findTestObject("Object Repository/pago/Page_Olva Courier  Datos Personales/span_Tipo De Documento")): Object: 'Object Repository/pago/Page_Olva Courier  Datos Personales/span_Tipo De Documento' is clicked on

27-11-2024T17:15:35 - [MESSAGE][PASSED] - Object: 'Object Repository/pago/Page_Olva Courier  Datos Personales/span_Tipo De Documento' is clicked on

27-11-2024T17:15:35 - [TEST_STEP][PASSED] - click(findTestObject("Object Repository/pago/Page_Olva Courier  Datos Personales/a_DNI")): Object: 'Object Repository/pago/Page_Olva Courier  Datos Personales/a_DNI' is clicked on

27-11-2024T17:15:36 - [MESSAGE][PASSED] - Object: 'Object Repository/pago/Page_Olva Courier  Datos Personales/a_DNI' is clicked on

27-11-2024T17:15:36 - [TEST_STEP][PASSED] - setText(findTestObject("Object Repository/pago/Page_Olva Courier  Datos Personales/input_CARN EXT_txt_consignado_dni"), "71735785"): Text '71735785' is set on object 'Object Repository/pago/Page_Olva Courier  Datos Personales/input_CARN EXT_txt_consignado_dni'

27-11-2024T17:15:36 - [MESSAGE][PASSED] - Text '71735785' is set on object 'Object Repository/pago/Page_Olva Courier  Datos Personales/input_CARN EXT_txt_consignado_dni'

27-11-2024T17:15:36 - [TEST_STEP][PASSED] - scrollToElement(findTestObject("Object Repository/pago/Page_Olva Courier  Datos Personales/button_CONTINUAR"), 0): Scroll to object 'Object Repository/pago/Page_Olva Courier  Datos Personales/button_CONTINUAR' successfully

27-11-2024T17:15:36 - [MESSAGE][WARNING] - Timeout '0' is invalid. Using default page load timeout: '30'

27-11-2024T17:15:37 - [MESSAGE][PASSED] - Scroll to object 'Object Repository/pago/Page_Olva Courier  Datos Personales/button_CONTINUAR' successfully

27-11-2024T17:15:37 - [TEST_STEP][PASSED] - click(findTestObject("Object Repository/pago/Page_Olva Courier  Datos Personales/button_CONTINUAR")): Object: 'Object Repository/pago/Page_Olva Courier  Datos Personales/button_CONTINUAR' is clicked on

27-11-2024T17:15:38 - [MESSAGE][PASSED] - Object: 'Object Repository/pago/Page_Olva Courier  Datos Personales/button_CONTINUAR' is clicked on

27-11-2024T17:15:38 - [TEST_STEP][PASSED] - click(findTestObject("Object Repository/pago/Page_Olva Courier  Confirma tus datos/button_IR A PAGAR S 76.41")): Object: 'Object Repository/pago/Page_Olva Courier  Confirma tus datos/button_IR A PAGAR S 76.41' is clicked on

27-11-2024T17:15:41 - [MESSAGE][PASSED] - Object: 'Object Repository/pago/Page_Olva Courier  Confirma tus datos/button_IR A PAGAR S 76.41' is clicked on

27-11-2024T17:15:41 - [TEST_STEP][PASSED] - delay(0): Delayed 0 second(s)

27-11-2024T17:15:41 - [MESSAGE][PASSED] - Delayed 0 second(s)

27-11-2024T17:15:41 - [TEST_STEP][PASSED] - verifyElementPresent(findTestObject("Object Repository/pago/Page_Olva Courier  Medios de pago/button_PAGAR (1)"), 0): Object 'Object Repository/pago/Page_Olva Courier  Medios de pago/button_PAGAR (1)' is present

27-11-2024T17:15:41 - [MESSAGE][WARNING] - Timeout '0' is invalid. Using default page load timeout: '30'

27-11-2024T17:15:45 - [MESSAGE][PASSED] - Object 'Object Repository/pago/Page_Olva Courier  Medios de pago/button_PAGAR (1)' is present

27-11-2024T17:15:45 - [TEST_STEP][PASSED] - callTestCase(findTestCase("1.Inicio/1.3Pago_POS/Pago-exitoso"), [:], STOP_ON_FAILURE): Call Test Case 'Test Cases/1.Inicio/1.3Pago_POS/Pago-exitoso' successfully

27-11-2024T17:15:45 - [TEST_CASE][PASSED] - Test Cases/1.Inicio/1.3Pago_POS/Pago-exitoso: Test Cases/1.Inicio/1.3Pago_POS/Pago-exitoso

27-11-2024T17:15:45 - [TEST_STEP][PASSED] - verifyElementPresent(findTestObject("Object Repository/pago/Page_Olva Courier  Medios de pago/div_Pago con tarjeta de crdito, dbito y Yape"), 0): Object 'Object Repository/pago/Page_Olva Courier  Medios de pago/div_Pago con tarjeta de crdito, dbito y Yape' is present

27-11-2024T17:15:45 - [MESSAGE][WARNING] - Timeout '0' is invalid. Using default page load timeout: '30'

27-11-2024T17:15:45 - [MESSAGE][PASSED] - Object 'Object Repository/pago/Page_Olva Courier  Medios de pago/div_Pago con tarjeta de crdito, dbito y Yape' is present

27-11-2024T17:15:45 - [TEST_STEP][PASSED] - verifyElementPresent(findTestObject("Object Repository/pago/Page_Olva Courier  Medios de pago/td_S"), 0): Object 'Object Repository/pago/Page_Olva Courier  Medios de pago/td_S' is present

27-11-2024T17:15:45 - [MESSAGE][WARNING] - Timeout '0' is invalid. Using default page load timeout: '30'

27-11-2024T17:15:45 - [MESSAGE][PASSED] - Object 'Object Repository/pago/Page_Olva Courier  Medios de pago/td_S' is present

27-11-2024T17:15:45 - [TEST_STEP][PASSED] - delay(1): Delayed 1 second(s)

27-11-2024T17:15:46 - [MESSAGE][PASSED] - Delayed 1 second(s)

27-11-2024T17:15:46 - [TEST_STEP][PASSED] - scrollToElement(findTestObject("Object Repository/pago/Page_Olva Courier  Medios de pago/button_PAGAR"), 0): Scroll to object 'Object Repository/pago/Page_Olva Courier  Medios de pago/button_PAGAR' successfully

27-11-2024T17:15:46 - [MESSAGE][WARNING] - Timeout '0' is invalid. Using default page load timeout: '30'

27-11-2024T17:15:46 - [MESSAGE][PASSED] - Scroll to object 'Object Repository/pago/Page_Olva Courier  Medios de pago/button_PAGAR' successfully

27-11-2024T17:15:46 - [TEST_STEP][PASSED] - click(findTestObject("Object Repository/pago/Page_Olva Courier  Medios de pago/button_PAGAR")): Object: 'Object Repository/pago/Page_Olva Courier  Medios de pago/button_PAGAR' is clicked on

27-11-2024T17:15:47 - [MESSAGE][PASSED] - Object: 'Object Repository/pago/Page_Olva Courier  Medios de pago/button_PAGAR' is clicked on

27-11-2024T17:15:47 - [TEST_STEP][PASSED] - delay(2): Delayed 2 second(s)

27-11-2024T17:15:49 - [MESSAGE][PASSED] - Delayed 2 second(s)

27-11-2024T17:15:49 - [TEST_STEP][PASSED] - verifyElementText(findTestObject("Object Repository/pago/Page_Olva Courier  Pago Exitoso/div_Aprobado y completado con exito"), "Aprobado y completado con exito"): Actual text and expected text of test object 'Object Repository/pago/Page_Olva Courier  Pago Exitoso/div_Aprobado y completado con exito' are matched.

27-11-2024T17:15:49 - [MESSAGE][PASSED] - Actual text and expected text of test object 'Object Repository/pago/Page_Olva Courier  Pago Exitoso/div_Aprobado y completado con exito' are matched.

27-11-2024T17:15:49 - [TEST_STEP][PASSED] - verifyElementPresent(findTestObject("Object Repository/pago/Page_Olva Courier  Pago Exitoso/b_nroPreventa"), 0): Object 'Object Repository/pago/Page_Olva Courier  Pago Exitoso/b_nroPreventa' is present

27-11-2024T17:15:49 - [MESSAGE][WARNING] - Timeout '0' is invalid. Using default page load timeout: '30'

27-11-2024T17:15:49 - [MESSAGE][PASSED] - Object 'Object Repository/pago/Page_Olva Courier  Pago Exitoso/b_nroPreventa' is present

27-11-2024T17:15:49 - [MESSAGE][PASSED] - Call Test Case 'Test Cases/1.Inicio/1.3Pago_POS/Pago-exitoso' successfully]]></system-out>
         <system-err><![CDATA[]]></system-err>
      </testcase>
      <testcase name="Test Cases/2.Positivos/2.1Paquete/Origen-Provincia/4.Peso/Peso 1,2,3,4,5kg" time="64.218" classname="Test Cases/2.Positivos/2.1Paquete/Origen-Provincia/4.Peso/Peso 1,2,3,4,5kg" status="FAILED">
         <failure type="FAILED" message="Test Cases/2.Positivos/2.1Paquete/Origen-Provincia/4.Peso/Peso 1,2,3,4,5kg FAILED.&#xa;Reason:&#xa;com.kms.katalon.core.exception.StepFailedException: Verify element text of test object 'Object Repository/peso/Page_Olva Courier  Confirma tus datos/th_S 14.50' FAILED.&#xa;	at com.kms.katalon.core.webui.keyword.internal.WebUIKeywordMain.stepFailed(WebUIKeywordMain.groovy:117)&#xa;	at com.kms.katalon.core.webui.keyword.internal.WebUIKeywordMain.runKeyword(WebUIKeywordMain.groovy:43)&#xa;	at com.kms.katalon.core.webui.keyword.builtin.VerifyElementTextKeyword.verifyElementText(VerifyElementTextKeyword.groovy:72)&#xa;	at com.kms.katalon.core.webui.keyword.builtin.VerifyElementTextKeyword.execute(VerifyElementTextKeyword.groovy:40)&#xa;	at com.kms.katalon.core.keyword.internal.KeywordExecutor.executeKeywordForPlatform(KeywordExecutor.groovy:74)&#xa;	at com.kms.katalon.core.webui.keyword.WebUiBuiltInKeywords.verifyElementText(WebUiBuiltInKeywords.groovy:4835)&#xa;	at Peso 1,2,3,4,5kg.run(Peso 1,2,3,4,5kg:88)&#xa;	at com.kms.katalon.core.main.ScriptEngine.run(ScriptEngine.java:194)&#xa;	at com.kms.katalon.core.main.ScriptEngine.runScriptAsRawText(ScriptEngine.java:119)&#xa;	at com.kms.katalon.core.main.TestCaseExecutor.runScript(TestCaseExecutor.java:448)&#xa;	at com.kms.katalon.core.main.TestCaseExecutor.doExecute(TestCaseExecutor.java:439)&#xa;	at com.kms.katalon.core.main.TestCaseExecutor.processExecutionPhase(TestCaseExecutor.java:418)&#xa;	at com.kms.katalon.core.main.TestCaseExecutor.accessMainPhase(TestCaseExecutor.java:410)&#xa;	at com.kms.katalon.core.main.TestCaseExecutor.execute(TestCaseExecutor.java:285)&#xa;	at com.kms.katalon.core.common.CommonExecutor.accessTestCaseMainPhase(CommonExecutor.java:65)&#xa;	at com.kms.katalon.core.main.TestSuiteExecutor.accessTestSuiteMainPhase(TestSuiteExecutor.java:150)&#xa;	at com.kms.katalon.core.main.TestSuiteExecutor.execute(TestSuiteExecutor.java:106)&#xa;	at com.kms.katalon.core.main.TestCaseMain.startTestSuite(TestCaseMain.java:180)&#xa;	at TempTestSuite1732745349578.run(TempTestSuite1732745349578.groovy:35)&#xa;	at java.base/jdk.internal.reflect.NativeMethodAccessorImpl.invoke0(Native Method)&#xa;	at java.base/jdk.internal.reflect.NativeMethodAccessorImpl.invoke(NativeMethodAccessorImpl.java:77)&#xa;	at java.base/jdk.internal.reflect.DelegatingMethodAccessorImpl.invoke(DelegatingMethodAccessorImpl.java:43)&#xa;Caused by: com.kms.katalon.core.exception.StepFailedException: Actual text 'S/ 7.00' and expected text 'S/ 14.50' of test object 'Object Repository/peso/Page_Olva Courier  Confirma tus datos/th_S 14.50' are NOT matched.&#xa;	at com.kms.katalon.core.webui.keyword.internal.WebUIKeywordMain.stepFailed(WebUIKeywordMain.groovy:117)&#xa;	at com.kms.katalon.core.webui.keyword.builtin.VerifyElementTextKeyword$_verifyElementText_closure1.doCall(VerifyElementTextKeyword.groovy:57)&#xa;	at com.kms.katalon.core.webui.keyword.builtin.VerifyElementTextKeyword$_verifyElementText_closure1.call(VerifyElementTextKeyword.groovy)&#xa;	at com.kms.katalon.core.webui.keyword.internal.WebUIKeywordMain.runKeyword(WebUIKeywordMain.groovy:35)&#xa;	... 20 more&#xa;"/>
         <system-out><![CDATA[27-11-2024T17:15:49 - [TEST_CASE][FAILED] - Test Cases/2.Positivos/2.1Paquete/Origen-Provincia/4.Peso/Peso 1,2,3,4,5kg: Test Cases/2.Positivos/2.1Paquete/Origen-Provincia/4.Peso/Peso 1,2,3,4,5kg FAILED.
Reason:
com.kms.katalon.core.exception.StepFailedException: Verify element text of test object 'Object Repository/peso/Page_Olva Courier  Confirma tus datos/th_S 14.50' FAILED.
	at com.kms.katalon.core.webui.keyword.internal.WebUIKeywordMain.stepFailed(WebUIKeywordMain.groovy:117)
	at com.kms.katalon.core.webui.keyword.internal.WebUIKeywordMain.runKeyword(WebUIKeywordMain.groovy:43)
	at com.kms.katalon.core.webui.keyword.builtin.VerifyElementTextKeyword.verifyElementText(VerifyElementTextKeyword.groovy:72)
	at com.kms.katalon.core.webui.keyword.builtin.VerifyElementTextKeyword.execute(VerifyElementTextKeyword.groovy:40)
	at com.kms.katalon.core.keyword.internal.KeywordExecutor.executeKeywordForPlatform(KeywordExecutor.groovy:74)
	at com.kms.katalon.core.webui.keyword.WebUiBuiltInKeywords.verifyElementText(WebUiBuiltInKeywords.groovy:4835)
	at Peso 1,2,3,4,5kg.run(Peso 1,2,3,4,5kg:88)
	at com.kms.katalon.core.main.ScriptEngine.run(ScriptEngine.java:194)
	at com.kms.katalon.core.main.ScriptEngine.runScriptAsRawText(ScriptEngine.java:119)
	at com.kms.katalon.core.main.TestCaseExecutor.runScript(TestCaseExecutor.java:448)
	at com.kms.katalon.core.main.TestCaseExecutor.doExecute(TestCaseExecutor.java:439)
	at com.kms.katalon.core.main.TestCaseExecutor.processExecutionPhase(TestCaseExecutor.java:418)
	at com.kms.katalon.core.main.TestCaseExecutor.accessMainPhase(TestCaseExecutor.java:410)
	at com.kms.katalon.core.main.TestCaseExecutor.execute(TestCaseExecutor.java:285)
	at com.kms.katalon.core.common.CommonExecutor.accessTestCaseMainPhase(CommonExecutor.java:65)
	at com.kms.katalon.core.main.TestSuiteExecutor.accessTestSuiteMainPhase(TestSuiteExecutor.java:150)
	at com.kms.katalon.core.main.TestSuiteExecutor.execute(TestSuiteExecutor.java:106)
	at com.kms.katalon.core.main.TestCaseMain.startTestSuite(TestCaseMain.java:180)
	at TempTestSuite1732745349578.run(TempTestSuite1732745349578.groovy:35)
	at java.base/jdk.internal.reflect.NativeMethodAccessorImpl.invoke0(Native Method)
	at java.base/jdk.internal.reflect.NativeMethodAccessorImpl.invoke(NativeMethodAccessorImpl.java:77)
	at java.base/jdk.internal.reflect.DelegatingMethodAccessorImpl.invoke(DelegatingMethodAccessorImpl.java:43)
Caused by: com.kms.katalon.core.exception.StepFailedException: Actual text 'S/ 7.00' and expected text 'S/ 14.50' of test object 'Object Repository/peso/Page_Olva Courier  Confirma tus datos/th_S 14.50' are NOT matched.
	at com.kms.katalon.core.webui.keyword.internal.WebUIKeywordMain.stepFailed(WebUIKeywordMain.groovy:117)
	at com.kms.katalon.core.webui.keyword.builtin.VerifyElementTextKeyword$_verifyElementText_closure1.doCall(VerifyElementTextKeyword.groovy:57)
	at com.kms.katalon.core.webui.keyword.builtin.VerifyElementTextKeyword$_verifyElementText_closure1.call(VerifyElementTextKeyword.groovy)
	at com.kms.katalon.core.webui.keyword.internal.WebUIKeywordMain.runKeyword(WebUIKeywordMain.groovy:35)
	... 20 more


27-11-2024T17:15:49 - [TEST_STEP][PASSED] - callTestCase(findTestCase("1.Inicio/1.1Principal/Principal-home"), [:], STOP_ON_FAILURE): Call Test Case 'Test Cases/1.Inicio/1.1Principal/Principal-home' successfully

27-11-2024T17:15:49 - [TEST_CASE][PASSED] - Test Cases/1.Inicio/1.1Principal/Principal-home: Test Cases/1.Inicio/1.1Principal/Principal-home

27-11-2024T17:15:49 - [TEST_STEP][PASSED] - openBrowser(""): Browser is opened with url: ''

27-11-2024T17:15:49 - [MESSAGE][WARNING] - A browser is already opened. Closing browser and opening a new one

27-11-2024T17:15:50 - [MESSAGE][INFO] - Starting 'Firefox' driver

27-11-2024T17:15:50 - [MESSAGE][INFO] - Action delay is set to 0 milliseconds

27-11-2024T17:15:59 - [MESSAGE][PASSED] - Browser is opened with url: ''

27-11-2024T17:15:59 - [TEST_STEP][PASSED] - navigateToUrl("https://dev01-registrodeenvios.olvacourier.com/principal"): Navigate to 'https://dev01-registrodeenvios.olvacourier.com/principal' successfully

27-11-2024T17:16:00 - [MESSAGE][PASSED] - Navigate to 'https://dev01-registrodeenvios.olvacourier.com/principal' successfully

27-11-2024T17:16:00 - [TEST_STEP][PASSED] - maximizeWindow(): Current window maximized

27-11-2024T17:16:00 - [MESSAGE][PASSED] - Current window maximized

27-11-2024T17:16:00 - [MESSAGE][PASSED] - Call Test Case 'Test Cases/1.Inicio/1.1Principal/Principal-home' successfully

27-11-2024T17:16:00 - [TEST_STEP][PASSED] - callTestCase(findTestCase("1.Inicio/1.1Principal/Selec_paquete"), [:], STOP_ON_FAILURE): Call Test Case 'Test Cases/1.Inicio/1.1Principal/Selec_paquete' successfully

27-11-2024T17:16:00 - [TEST_CASE][PASSED] - Test Cases/1.Inicio/1.1Principal/Selec_paquete: Test Cases/1.Inicio/1.1Principal/Selec_paquete

27-11-2024T17:16:00 - [TEST_STEP][PASSED] - click(findTestObject("Object Repository/Principal/Page_Olva Courier  Home/img_Qu deseas realizar hoy_img_paquete")): Object: 'Object Repository/Principal/Page_Olva Courier  Home/img_Qu deseas realizar hoy_img_paquete' is clicked on

27-11-2024T17:16:01 - [MESSAGE][PASSED] - Object: 'Object Repository/Principal/Page_Olva Courier  Home/img_Qu deseas realizar hoy_img_paquete' is clicked on

27-11-2024T17:16:01 - [TEST_STEP][PASSED] - click(findTestObject("Object Repository/Principal/Page_Olva Courier  Home/span_He ledo y acepto los_checkmark (1)")): Object: 'Object Repository/Principal/Page_Olva Courier  Home/span_He ledo y acepto los_checkmark (1)' is clicked on

27-11-2024T17:16:02 - [MESSAGE][PASSED] - Object: 'Object Repository/Principal/Page_Olva Courier  Home/span_He ledo y acepto los_checkmark (1)' is clicked on

27-11-2024T17:16:02 - [TEST_STEP][PASSED] - click(findTestObject("Object Repository/Principal/Page_Olva Courier  Home/button_CONTINUAR (1)")): Object: 'Object Repository/Principal/Page_Olva Courier  Home/button_CONTINUAR (1)' is clicked on

27-11-2024T17:16:04 - [MESSAGE][PASSED] - Object: 'Object Repository/Principal/Page_Olva Courier  Home/button_CONTINUAR (1)' is clicked on

27-11-2024T17:16:04 - [TEST_STEP][PASSED] - verifyElementPresent(findTestObject("Object Repository/Principal/Page_Olva Courier  Datos Personales/strong_REGISTRO DE ENVOS"), 0): Object 'Object Repository/Principal/Page_Olva Courier  Datos Personales/strong_REGISTRO DE ENVOS' is present

27-11-2024T17:16:04 - [MESSAGE][WARNING] - Timeout '0' is invalid. Using default page load timeout: '30'

27-11-2024T17:16:04 - [MESSAGE][PASSED] - Object 'Object Repository/Principal/Page_Olva Courier  Datos Personales/strong_REGISTRO DE ENVOS' is present

27-11-2024T17:16:04 - [TEST_STEP][PASSED] - verifyElementPresent(findTestObject("Object Repository/Principal/Page_Olva Courier  Datos Personales/span_Regresar (1)"), 0): Object 'Object Repository/Principal/Page_Olva Courier  Datos Personales/span_Regresar (1)' is present

27-11-2024T17:16:04 - [MESSAGE][WARNING] - Timeout '0' is invalid. Using default page load timeout: '30'

27-11-2024T17:16:05 - [MESSAGE][PASSED] - Object 'Object Repository/Principal/Page_Olva Courier  Datos Personales/span_Regresar (1)' is present

27-11-2024T17:16:05 - [TEST_STEP][PASSED] - verifyElementPresent(findTestObject("Object Repository/Principal/Page_Olva Courier  Datos Personales/span_Inicio (1)"), 0): Object 'Object Repository/Principal/Page_Olva Courier  Datos Personales/span_Inicio (1)' is present

27-11-2024T17:16:05 - [MESSAGE][WARNING] - Timeout '0' is invalid. Using default page load timeout: '30'

27-11-2024T17:16:05 - [MESSAGE][PASSED] - Object 'Object Repository/Principal/Page_Olva Courier  Datos Personales/span_Inicio (1)' is present

27-11-2024T17:16:05 - [MESSAGE][PASSED] - Call Test Case 'Test Cases/1.Inicio/1.1Principal/Selec_paquete' successfully

27-11-2024T17:16:05 - [TEST_STEP][PASSED] - callTestCase(findTestCase("1.Inicio/1.2Tipo_Doc/4.CE_Colab"), [:], STOP_ON_FAILURE): Call Test Case 'Test Cases/1.Inicio/1.2Tipo_Doc/4.CE_Colab' successfully

27-11-2024T17:16:05 - [TEST_CASE][PASSED] - Test Cases/1.Inicio/1.2Tipo_Doc/4.CE_Colab: Test Cases/1.Inicio/1.2Tipo_Doc/4.CE_Colab

27-11-2024T17:16:05 - [TEST_STEP][PASSED] - click(findTestObject("Object Repository/Login/Page_Olva Courier  Datos Personales/button_Tipo De Documento")): Object: 'Object Repository/Login/Page_Olva Courier  Datos Personales/button_Tipo De Documento' is clicked on

27-11-2024T17:16:06 - [MESSAGE][PASSED] - Object: 'Object Repository/Login/Page_Olva Courier  Datos Personales/button_Tipo De Documento' is clicked on

27-11-2024T17:16:06 - [TEST_STEP][PASSED] - click(findTestObject("Object Repository/Login/Page_Olva Courier  Datos Personales/span_CARN EXT. (Boleta)")): Object: 'Object Repository/Login/Page_Olva Courier  Datos Personales/span_CARN EXT. (Boleta)' is clicked on

27-11-2024T17:16:07 - [MESSAGE][PASSED] - Object: 'Object Repository/Login/Page_Olva Courier  Datos Personales/span_CARN EXT. (Boleta)' is clicked on

27-11-2024T17:16:07 - [TEST_STEP][PASSED] - setText(findTestObject("Object Repository/Login/Page_Olva Courier  Datos Personales/input_CARN EXT. (Boleta)_txt_documento_cliente"), "003680378"): Text '003680378' is set on object 'Object Repository/Login/Page_Olva Courier  Datos Personales/input_CARN EXT. (Boleta)_txt_documento_cliente'

27-11-2024T17:16:07 - [MESSAGE][PASSED] - Text '003680378' is set on object 'Object Repository/Login/Page_Olva Courier  Datos Personales/input_CARN EXT. (Boleta)_txt_documento_cliente'

27-11-2024T17:16:07 - [TEST_STEP][PASSED] - verifyElementPresent(findTestObject("Object Repository/Login/Page_Olva Courier  Datos Personales/p_PROMO COLABORADOR"), 0): Object 'Object Repository/Login/Page_Olva Courier  Datos Personales/p_PROMO COLABORADOR' is present

27-11-2024T17:16:07 - [MESSAGE][WARNING] - Timeout '0' is invalid. Using default page load timeout: '30'

27-11-2024T17:16:14 - [MESSAGE][PASSED] - Object 'Object Repository/Login/Page_Olva Courier  Datos Personales/p_PROMO COLABORADOR' is present

27-11-2024T17:16:14 - [TEST_STEP][PASSED] - click(findTestObject("Object Repository/Login/Page_Olva Courier  Datos Personales/span_")): Object: 'Object Repository/Login/Page_Olva Courier  Datos Personales/span_' is clicked on

27-11-2024T17:16:15 - [MESSAGE][PASSED] - Object: 'Object Repository/Login/Page_Olva Courier  Datos Personales/span_' is clicked on

27-11-2024T17:16:15 - [MESSAGE][PASSED] - Call Test Case 'Test Cases/1.Inicio/1.2Tipo_Doc/4.CE_Colab' successfully

27-11-2024T17:16:15 - [TEST_STEP][PASSED] - click(findTestObject("Object Repository/peso/Page_Olva Courier  Datos Personales/span_Seleccionar artculo")): Object: 'Object Repository/peso/Page_Olva Courier  Datos Personales/span_Seleccionar artculo' is clicked on

27-11-2024T17:16:16 - [MESSAGE][PASSED] - Object: 'Object Repository/peso/Page_Olva Courier  Datos Personales/span_Seleccionar artculo' is clicked on

27-11-2024T17:16:16 - [TEST_STEP][PASSED] - click(findTestObject("Object Repository/peso/Page_Olva Courier  Datos Personales/span_TARJETAS PERSONALES")): Object: 'Object Repository/peso/Page_Olva Courier  Datos Personales/span_TARJETAS PERSONALES' is clicked on

27-11-2024T17:16:16 - [MESSAGE][PASSED] - Object: 'Object Repository/peso/Page_Olva Courier  Datos Personales/span_TARJETAS PERSONALES' is clicked on

27-11-2024T17:16:16 - [TEST_STEP][PASSED] - setText(findTestObject("Object Repository/peso/Page_Olva Courier  Datos Personales/input_UTILES DE OFICINA_txt_paquete_articulo"), "FFf"): Text 'FFf' is set on object 'Object Repository/peso/Page_Olva Courier  Datos Personales/input_UTILES DE OFICINA_txt_paquete_articulo'

27-11-2024T17:16:17 - [MESSAGE][PASSED] - Text 'FFf' is set on object 'Object Repository/peso/Page_Olva Courier  Datos Personales/input_UTILES DE OFICINA_txt_paquete_articulo'

27-11-2024T17:16:17 - [TEST_STEP][PASSED] - setText(findTestObject("Object Repository/peso/Page_Olva Courier  Datos Personales/input_UTILES DE OFICINA_txt_paquete_valor"), "50"): Text '50' is set on object 'Object Repository/peso/Page_Olva Courier  Datos Personales/input_UTILES DE OFICINA_txt_paquete_valor'

27-11-2024T17:16:17 - [MESSAGE][PASSED] - Text '50' is set on object 'Object Repository/peso/Page_Olva Courier  Datos Personales/input_UTILES DE OFICINA_txt_paquete_valor'

27-11-2024T17:16:17 - [TEST_STEP][PASSED] - scrollToElement(findTestObject("Object Repository/peso/Page_Olva Courier  Datos Personales/div_Hasta 5Kg"), 0): Scroll to object 'Object Repository/peso/Page_Olva Courier  Datos Personales/div_Hasta 5Kg' successfully

27-11-2024T17:16:17 - [MESSAGE][WARNING] - Timeout '0' is invalid. Using default page load timeout: '30'

27-11-2024T17:16:18 - [MESSAGE][PASSED] - Scroll to object 'Object Repository/peso/Page_Olva Courier  Datos Personales/div_Hasta 5Kg' successfully

27-11-2024T17:16:18 - [TEST_STEP][PASSED] - click(findTestObject("Object Repository/peso/Page_Olva Courier  Datos Personales/div_Hasta 5Kg")): Object: 'Object Repository/peso/Page_Olva Courier  Datos Personales/div_Hasta 5Kg' is clicked on

27-11-2024T17:16:19 - [MESSAGE][PASSED] - Object: 'Object Repository/peso/Page_Olva Courier  Datos Personales/div_Hasta 5Kg' is clicked on

27-11-2024T17:16:19 - [TEST_STEP][PASSED] - scrollToElement(findTestObject("Object Repository/Destinos/Page_Olva Courier  Datos Personales/button_LIMA (1)"), 0): Scroll to object 'Object Repository/Destinos/Page_Olva Courier  Datos Personales/button_LIMA (1)' successfully

27-11-2024T17:16:19 - [MESSAGE][WARNING] - Timeout '0' is invalid. Using default page load timeout: '30'

27-11-2024T17:16:19 - [MESSAGE][PASSED] - Scroll to object 'Object Repository/Destinos/Page_Olva Courier  Datos Personales/button_LIMA (1)' successfully

27-11-2024T17:16:19 - [TEST_STEP][PASSED] - click(findTestObject("Object Repository/Destinos/Page_Olva Courier  Datos Personales/button_LIMA (1)")): Object: 'Object Repository/Destinos/Page_Olva Courier  Datos Personales/button_LIMA (1)' is clicked on

27-11-2024T17:16:20 - [MESSAGE][PASSED] - Object: 'Object Repository/Destinos/Page_Olva Courier  Datos Personales/button_LIMA (1)' is clicked on

27-11-2024T17:16:20 - [TEST_STEP][PASSED] - click(findTestObject("Object Repository/Destinos/Page_Olva Courier  Datos Personales/a_ICA")): Object: 'Object Repository/Destinos/Page_Olva Courier  Datos Personales/a_ICA' is clicked on

27-11-2024T17:16:20 - [MESSAGE][PASSED] - Object: 'Object Repository/Destinos/Page_Olva Courier  Datos Personales/a_ICA' is clicked on

27-11-2024T17:16:20 - [TEST_STEP][PASSED] - click(findTestObject("Object Repository/Destinos/Page_Olva Courier  Datos Personales/button_ICA")): Object: 'Object Repository/Destinos/Page_Olva Courier  Datos Personales/button_ICA' is clicked on

27-11-2024T17:16:21 - [MESSAGE][PASSED] - Object: 'Object Repository/Destinos/Page_Olva Courier  Datos Personales/button_ICA' is clicked on

27-11-2024T17:16:21 - [TEST_STEP][PASSED] - click(findTestObject("Object Repository/peso/Page_Olva Courier  Datos Personales/span_Ingrese el punto de llegada")): Object: 'Object Repository/peso/Page_Olva Courier  Datos Personales/span_Ingrese el punto de llegada' is clicked on

27-11-2024T17:16:22 - [MESSAGE][PASSED] - Object: 'Object Repository/peso/Page_Olva Courier  Datos Personales/span_Ingrese el punto de llegada' is clicked on

27-11-2024T17:16:22 - [TEST_STEP][PASSED] - click(findTestObject("Object Repository/peso/Page_Olva Courier  Datos Personales/a_ANCASH - HUARAZ - HUARAZ")): Object: 'Object Repository/peso/Page_Olva Courier  Datos Personales/a_ANCASH - HUARAZ - HUARAZ' is clicked on

27-11-2024T17:16:22 - [MESSAGE][PASSED] - Object: 'Object Repository/peso/Page_Olva Courier  Datos Personales/a_ANCASH - HUARAZ - HUARAZ' is clicked on

27-11-2024T17:16:22 - [TEST_STEP][PASSED] - click(findTestObject("Object Repository/peso/Page_Olva Courier  Datos Personales/span_Tipo de entrega")): Object: 'Object Repository/peso/Page_Olva Courier  Datos Personales/span_Tipo de entrega' is clicked on

27-11-2024T17:16:23 - [MESSAGE][PASSED] - Object: 'Object Repository/peso/Page_Olva Courier  Datos Personales/span_Tipo de entrega' is clicked on

27-11-2024T17:16:23 - [TEST_STEP][PASSED] - click(findTestObject("Object Repository/peso/Page_Olva Courier  Datos Personales/a_Entrega a domicilio")): Object: 'Object Repository/peso/Page_Olva Courier  Datos Personales/a_Entrega a domicilio' is clicked on

27-11-2024T17:16:29 - [MESSAGE][PASSED] - Object: 'Object Repository/peso/Page_Olva Courier  Datos Personales/a_Entrega a domicilio' is clicked on

27-11-2024T17:16:29 - [TEST_STEP][PASSED] - click(findTestObject("Object Repository/peso/Page_Olva Courier  Datos Personales/button_Tipo De Documento_1")): Object: 'Object Repository/peso/Page_Olva Courier  Datos Personales/button_Tipo De Documento_1' is clicked on

27-11-2024T17:16:29 - [MESSAGE][PASSED] - Object: 'Object Repository/peso/Page_Olva Courier  Datos Personales/button_Tipo De Documento_1' is clicked on

27-11-2024T17:16:29 - [TEST_STEP][PASSED] - click(findTestObject("Object Repository/peso/Page_Olva Courier  Datos Personales/a_DNI")): Object: 'Object Repository/peso/Page_Olva Courier  Datos Personales/a_DNI' is clicked on

27-11-2024T17:16:30 - [MESSAGE][PASSED] - Object: 'Object Repository/peso/Page_Olva Courier  Datos Personales/a_DNI' is clicked on

27-11-2024T17:16:30 - [TEST_STEP][PASSED] - setText(findTestObject("Object Repository/peso/Page_Olva Courier  Datos Personales/input_CARN EXT_txt_consignado_dni"), "71735785"): Text '71735785' is set on object 'Object Repository/peso/Page_Olva Courier  Datos Personales/input_CARN EXT_txt_consignado_dni'

27-11-2024T17:16:30 - [MESSAGE][PASSED] - Text '71735785' is set on object 'Object Repository/peso/Page_Olva Courier  Datos Personales/input_CARN EXT_txt_consignado_dni'

27-11-2024T17:16:30 - [TEST_STEP][PASSED] - scrollToElement(findTestObject("Object Repository/peso/Page_Olva Courier  Datos Personales/button_CONTINUAR"), 0): Scroll to object 'Object Repository/peso/Page_Olva Courier  Datos Personales/button_CONTINUAR' successfully

27-11-2024T17:16:30 - [MESSAGE][WARNING] - Timeout '0' is invalid. Using default page load timeout: '30'

27-11-2024T17:16:31 - [MESSAGE][PASSED] - Scroll to object 'Object Repository/peso/Page_Olva Courier  Datos Personales/button_CONTINUAR' successfully

27-11-2024T17:16:31 - [TEST_STEP][PASSED] - click(findTestObject("Object Repository/peso/Page_Olva Courier  Datos Personales/button_CONTINUAR")): Object: 'Object Repository/peso/Page_Olva Courier  Datos Personales/button_CONTINUAR' is clicked on

27-11-2024T17:16:32 - [MESSAGE][PASSED] - Object: 'Object Repository/peso/Page_Olva Courier  Datos Personales/button_CONTINUAR' is clicked on

27-11-2024T17:16:32 - [TEST_STEP][PASSED] - verifyElementText(findTestObject("Object Repository/peso/Page_Olva Courier  Confirma tus datos/th_S 19.69"), "S/ 19.69"): Actual text and expected text of test object 'Object Repository/peso/Page_Olva Courier  Confirma tus datos/th_S 19.69' are matched.

27-11-2024T17:16:35 - [MESSAGE][PASSED] - Actual text and expected text of test object 'Object Repository/peso/Page_Olva Courier  Confirma tus datos/th_S 19.69' are matched.

27-11-2024T17:16:35 - [TEST_STEP][PASSED] - click(findTestObject("Object Repository/peso/Page_Olva Courier  Confirma tus datos/button_Editar")): Object: 'Object Repository/peso/Page_Olva Courier  Confirma tus datos/button_Editar' is clicked on

27-11-2024T17:16:42 - [MESSAGE][PASSED] - Object: 'Object Repository/peso/Page_Olva Courier  Confirma tus datos/button_Editar' is clicked on

27-11-2024T17:16:42 - [TEST_STEP][PASSED] - click(findTestObject("Object Repository/peso/Page_Olva Courier  Datos Personales/div_Hasta 4Kg")): Object: 'Object Repository/peso/Page_Olva Courier  Datos Personales/div_Hasta 4Kg' is clicked on

27-11-2024T17:16:43 - [MESSAGE][PASSED] - Object: 'Object Repository/peso/Page_Olva Courier  Datos Personales/div_Hasta 4Kg' is clicked on

27-11-2024T17:16:43 - [TEST_STEP][PASSED] - scrollToElement(findTestObject("Object Repository/peso/Page_Olva Courier  Datos Personales/button_CONTINUAR"), 0): Scroll to object 'Object Repository/peso/Page_Olva Courier  Datos Personales/button_CONTINUAR' successfully

27-11-2024T17:16:43 - [MESSAGE][WARNING] - Timeout '0' is invalid. Using default page load timeout: '30'

27-11-2024T17:16:43 - [MESSAGE][PASSED] - Scroll to object 'Object Repository/peso/Page_Olva Courier  Datos Personales/button_CONTINUAR' successfully

27-11-2024T17:16:43 - [TEST_STEP][PASSED] - click(findTestObject("Object Repository/peso/Page_Olva Courier  Datos Personales/button_CONTINUAR")): Object: 'Object Repository/peso/Page_Olva Courier  Datos Personales/button_CONTINUAR' is clicked on

27-11-2024T17:16:44 - [MESSAGE][PASSED] - Object: 'Object Repository/peso/Page_Olva Courier  Datos Personales/button_CONTINUAR' is clicked on

27-11-2024T17:16:44 - [TEST_STEP][PASSED] - verifyElementText(findTestObject("Object Repository/peso/Page_Olva Courier  Confirma tus datos/th_S 17.10"), "S/ 17.10"): Actual text and expected text of test object 'Object Repository/peso/Page_Olva Courier  Confirma tus datos/th_S 17.10' are matched.

27-11-2024T17:16:45 - [MESSAGE][PASSED] - Actual text and expected text of test object 'Object Repository/peso/Page_Olva Courier  Confirma tus datos/th_S 17.10' are matched.

27-11-2024T17:16:45 - [TEST_STEP][PASSED] - click(findTestObject("Object Repository/peso/Page_Olva Courier  Confirma tus datos/button_Editar")): Object: 'Object Repository/peso/Page_Olva Courier  Confirma tus datos/button_Editar' is clicked on

27-11-2024T17:16:50 - [MESSAGE][PASSED] - Object: 'Object Repository/peso/Page_Olva Courier  Confirma tus datos/button_Editar' is clicked on

27-11-2024T17:16:50 - [TEST_STEP][PASSED] - click(findTestObject("Object Repository/peso/Page_Olva Courier  Datos Personales/div_Hasta 3Kg")): Object: 'Object Repository/peso/Page_Olva Courier  Datos Personales/div_Hasta 3Kg' is clicked on

27-11-2024T17:16:50 - [MESSAGE][PASSED] - Object: 'Object Repository/peso/Page_Olva Courier  Datos Personales/div_Hasta 3Kg' is clicked on

27-11-2024T17:16:50 - [TEST_STEP][PASSED] - scrollToElement(findTestObject("Object Repository/peso/Page_Olva Courier  Datos Personales/button_CONTINUAR"), 0): Scroll to object 'Object Repository/peso/Page_Olva Courier  Datos Personales/button_CONTINUAR' successfully

27-11-2024T17:16:50 - [MESSAGE][WARNING] - Timeout '0' is invalid. Using default page load timeout: '30'

27-11-2024T17:16:51 - [MESSAGE][PASSED] - Scroll to object 'Object Repository/peso/Page_Olva Courier  Datos Personales/button_CONTINUAR' successfully

27-11-2024T17:16:51 - [TEST_STEP][PASSED] - click(findTestObject("Object Repository/peso/Page_Olva Courier  Datos Personales/button_CONTINUAR")): Object: 'Object Repository/peso/Page_Olva Courier  Datos Personales/button_CONTINUAR' is clicked on

27-11-2024T17:16:51 - [MESSAGE][PASSED] - Object: 'Object Repository/peso/Page_Olva Courier  Datos Personales/button_CONTINUAR' is clicked on

27-11-2024T17:16:51 - [TEST_STEP][FAILED] - verifyElementText(findTestObject("Object Repository/peso/Page_Olva Courier  Confirma tus datos/th_S 14.50"), "S/ 14.50"): Verify element text of test object 'Object Repository/peso/Page_Olva Courier  Confirma tus datos/th_S 14.50' FAILED. (Root cause: com.kms.katalon.core.exception.StepFailedException: Verify element text of test object 'Object Repository/peso/Page_Olva Courier  Confirma tus datos/th_S 14.50' FAILED.
	at com.kms.katalon.core.webui.keyword.internal.WebUIKeywordMain.stepFailed(WebUIKeywordMain.groovy:117)
	at com.kms.katalon.core.webui.keyword.internal.WebUIKeywordMain.runKeyword(WebUIKeywordMain.groovy:43)
	at com.kms.katalon.core.webui.keyword.builtin.VerifyElementTextKeyword.verifyElementText(VerifyElementTextKeyword.groovy:72)
	at com.kms.katalon.core.webui.keyword.builtin.VerifyElementTextKeyword.execute(VerifyElementTextKeyword.groovy:40)
	at com.kms.katalon.core.keyword.internal.KeywordExecutor.executeKeywordForPlatform(KeywordExecutor.groovy:74)
	at com.kms.katalon.core.webui.keyword.WebUiBuiltInKeywords.verifyElementText(WebUiBuiltInKeywords.groovy:4835)
	at Peso 1,2,3,4,5kg.run(Peso 1,2,3,4,5kg:88)
	at com.kms.katalon.core.main.ScriptEngine.run(ScriptEngine.java:194)
	at com.kms.katalon.core.main.ScriptEngine.runScriptAsRawText(ScriptEngine.java:119)
	at com.kms.katalon.core.main.TestCaseExecutor.runScript(TestCaseExecutor.java:448)
	at com.kms.katalon.core.main.TestCaseExecutor.doExecute(TestCaseExecutor.java:439)
	at com.kms.katalon.core.main.TestCaseExecutor.processExecutionPhase(TestCaseExecutor.java:418)
	at com.kms.katalon.core.main.TestCaseExecutor.accessMainPhase(TestCaseExecutor.java:410)
	at com.kms.katalon.core.main.TestCaseExecutor.execute(TestCaseExecutor.java:285)
	at com.kms.katalon.core.common.CommonExecutor.accessTestCaseMainPhase(CommonExecutor.java:65)
	at com.kms.katalon.core.main.TestSuiteExecutor.accessTestSuiteMainPhase(TestSuiteExecutor.java:150)
	at com.kms.katalon.core.main.TestSuiteExecutor.execute(TestSuiteExecutor.java:106)
	at com.kms.katalon.core.main.TestCaseMain.startTestSuite(TestCaseMain.java:180)
	at TempTestSuite1732745349578.run(TempTestSuite1732745349578.groovy:35)
	at java.base/jdk.internal.reflect.NativeMethodAccessorImpl.invoke0(Native Method)
	at java.base/jdk.internal.reflect.NativeMethodAccessorImpl.invoke(NativeMethodAccessorImpl.java:77)
	at java.base/jdk.internal.reflect.DelegatingMethodAccessorImpl.invoke(DelegatingMethodAccessorImpl.java:43)
Caused by: com.kms.katalon.core.exception.StepFailedException: Actual text 'S/ 7.00' and expected text 'S/ 14.50' of test object 'Object Repository/peso/Page_Olva Courier  Confirma tus datos/th_S 14.50' are NOT matched.
	at com.kms.katalon.core.webui.keyword.internal.WebUIKeywordMain.stepFailed(WebUIKeywordMain.groovy:117)
	at com.kms.katalon.core.webui.keyword.builtin.VerifyElementTextKeyword$_verifyElementText_closure1.doCall(VerifyElementTextKeyword.groovy:57)
	at com.kms.katalon.core.webui.keyword.builtin.VerifyElementTextKeyword$_verifyElementText_closure1.call(VerifyElementTextKeyword.groovy)
	at com.kms.katalon.core.webui.keyword.internal.WebUIKeywordMain.runKeyword(WebUIKeywordMain.groovy:35)
	... 20 more
)

27-11-2024T17:16:53 - [MESSAGE][FAILED] - Actual text 'S/ 7.00' and expected text 'S/ 14.50' of test object 'Object Repository/peso/Page_Olva Courier  Confirma tus datos/th_S 14.50' are NOT matched. (Root cause: com.kms.katalon.core.exception.StepFailedException: Actual text 'S/ 7.00' and expected text 'S/ 14.50' of test object 'Object Repository/peso/Page_Olva Courier  Confirma tus datos/th_S 14.50' are NOT matched.
	at com.kms.katalon.core.webui.keyword.internal.WebUIKeywordMain.stepFailed(WebUIKeywordMain.groovy:117)
	at com.kms.katalon.core.webui.keyword.builtin.VerifyElementTextKeyword$_verifyElementText_closure1.doCall(VerifyElementTextKeyword.groovy:57)
	at com.kms.katalon.core.webui.keyword.builtin.VerifyElementTextKeyword$_verifyElementText_closure1.call(VerifyElementTextKeyword.groovy)
	at com.kms.katalon.core.webui.keyword.internal.WebUIKeywordMain.runKeyword(WebUIKeywordMain.groovy:35)
	at com.kms.katalon.core.webui.keyword.builtin.VerifyElementTextKeyword.verifyElementText(VerifyElementTextKeyword.groovy:72)
	at com.kms.katalon.core.webui.keyword.builtin.VerifyElementTextKeyword.execute(VerifyElementTextKeyword.groovy:40)
	at com.kms.katalon.core.keyword.internal.KeywordExecutor.executeKeywordForPlatform(KeywordExecutor.groovy:74)
	at com.kms.katalon.core.webui.keyword.WebUiBuiltInKeywords.verifyElementText(WebUiBuiltInKeywords.groovy:4835)
	at Peso 1,2,3,4,5kg.run(Peso 1,2,3,4,5kg:88)
	at com.kms.katalon.core.main.ScriptEngine.run(ScriptEngine.java:194)
	at com.kms.katalon.core.main.ScriptEngine.runScriptAsRawText(ScriptEngine.java:119)
	at com.kms.katalon.core.main.TestCaseExecutor.runScript(TestCaseExecutor.java:448)
	at com.kms.katalon.core.main.TestCaseExecutor.doExecute(TestCaseExecutor.java:439)
	at com.kms.katalon.core.main.TestCaseExecutor.processExecutionPhase(TestCaseExecutor.java:418)
	at com.kms.katalon.core.main.TestCaseExecutor.accessMainPhase(TestCaseExecutor.java:410)
	at com.kms.katalon.core.main.TestCaseExecutor.execute(TestCaseExecutor.java:285)
	at com.kms.katalon.core.common.CommonExecutor.accessTestCaseMainPhase(CommonExecutor.java:65)
	at com.kms.katalon.core.main.TestSuiteExecutor.accessTestSuiteMainPhase(TestSuiteExecutor.java:150)
	at com.kms.katalon.core.main.TestSuiteExecutor.execute(TestSuiteExecutor.java:106)
	at com.kms.katalon.core.main.TestCaseMain.startTestSuite(TestCaseMain.java:180)
	at TempTestSuite1732745349578.run(TempTestSuite1732745349578.groovy:35)
	at java.base/jdk.internal.reflect.NativeMethodAccessorImpl.invoke0(Native Method)
	at java.base/jdk.internal.reflect.NativeMethodAccessorImpl.invoke(NativeMethodAccessorImpl.java:77)
	at java.base/jdk.internal.reflect.DelegatingMethodAccessorImpl.invoke(DelegatingMethodAccessorImpl.java:43)
)

27-11-2024T17:16:53 - [MESSAGE][FAILED] - Verify element text of test object 'Object Repository/peso/Page_Olva Courier  Confirma tus datos/th_S 14.50' FAILED. (Root cause: com.kms.katalon.core.exception.StepFailedException: Verify element text of test object 'Object Repository/peso/Page_Olva Courier  Confirma tus datos/th_S 14.50' FAILED.
	at com.kms.katalon.core.webui.keyword.internal.WebUIKeywordMain.stepFailed(WebUIKeywordMain.groovy:117)
	at com.kms.katalon.core.webui.keyword.internal.WebUIKeywordMain.runKeyword(WebUIKeywordMain.groovy:43)
	at com.kms.katalon.core.webui.keyword.builtin.VerifyElementTextKeyword.verifyElementText(VerifyElementTextKeyword.groovy:72)
	at com.kms.katalon.core.webui.keyword.builtin.VerifyElementTextKeyword.execute(VerifyElementTextKeyword.groovy:40)
	at com.kms.katalon.core.keyword.internal.KeywordExecutor.executeKeywordForPlatform(KeywordExecutor.groovy:74)
	at com.kms.katalon.core.webui.keyword.WebUiBuiltInKeywords.verifyElementText(WebUiBuiltInKeywords.groovy:4835)
	at Peso 1,2,3,4,5kg.run(Peso 1,2,3,4,5kg:88)
	at com.kms.katalon.core.main.ScriptEngine.run(ScriptEngine.java:194)
	at com.kms.katalon.core.main.ScriptEngine.runScriptAsRawText(ScriptEngine.java:119)
	at com.kms.katalon.core.main.TestCaseExecutor.runScript(TestCaseExecutor.java:448)
	at com.kms.katalon.core.main.TestCaseExecutor.doExecute(TestCaseExecutor.java:439)
	at com.kms.katalon.core.main.TestCaseExecutor.processExecutionPhase(TestCaseExecutor.java:418)
	at com.kms.katalon.core.main.TestCaseExecutor.accessMainPhase(TestCaseExecutor.java:410)
	at com.kms.katalon.core.main.TestCaseExecutor.execute(TestCaseExecutor.java:285)
	at com.kms.katalon.core.common.CommonExecutor.accessTestCaseMainPhase(CommonExecutor.java:65)
	at com.kms.katalon.core.main.TestSuiteExecutor.accessTestSuiteMainPhase(TestSuiteExecutor.java:150)
	at com.kms.katalon.core.main.TestSuiteExecutor.execute(TestSuiteExecutor.java:106)
	at com.kms.katalon.core.main.TestCaseMain.startTestSuite(TestCaseMain.java:180)
	at TempTestSuite1732745349578.run(TempTestSuite1732745349578.groovy:35)
	at java.base/jdk.internal.reflect.NativeMethodAccessorImpl.invoke0(Native Method)
	at java.base/jdk.internal.reflect.NativeMethodAccessorImpl.invoke(NativeMethodAccessorImpl.java:77)
	at java.base/jdk.internal.reflect.DelegatingMethodAccessorImpl.invoke(DelegatingMethodAccessorImpl.java:43)
Caused by: com.kms.katalon.core.exception.StepFailedException: Actual text 'S/ 7.00' and expected text 'S/ 14.50' of test object 'Object Repository/peso/Page_Olva Courier  Confirma tus datos/th_S 14.50' are NOT matched.
	at com.kms.katalon.core.webui.keyword.internal.WebUIKeywordMain.stepFailed(WebUIKeywordMain.groovy:117)
	at com.kms.katalon.core.webui.keyword.builtin.VerifyElementTextKeyword$_verifyElementText_closure1.doCall(VerifyElementTextKeyword.groovy:57)
	at com.kms.katalon.core.webui.keyword.builtin.VerifyElementTextKeyword$_verifyElementText_closure1.call(VerifyElementTextKeyword.groovy)
	at com.kms.katalon.core.webui.keyword.internal.WebUIKeywordMain.runKeyword(WebUIKeywordMain.groovy:35)
	... 20 more
)]]></system-out>
         <system-err><![CDATA[27-11-2024T17:15:49 - [TEST_CASE][FAILED] - Test Cases/2.Positivos/2.1Paquete/Origen-Provincia/4.Peso/Peso 1,2,3,4,5kg: Test Cases/2.Positivos/2.1Paquete/Origen-Provincia/4.Peso/Peso 1,2,3,4,5kg FAILED.
Reason:
com.kms.katalon.core.exception.StepFailedException: Verify element text of test object 'Object Repository/peso/Page_Olva Courier  Confirma tus datos/th_S 14.50' FAILED.
	at com.kms.katalon.core.webui.keyword.internal.WebUIKeywordMain.stepFailed(WebUIKeywordMain.groovy:117)
	at com.kms.katalon.core.webui.keyword.internal.WebUIKeywordMain.runKeyword(WebUIKeywordMain.groovy:43)
	at com.kms.katalon.core.webui.keyword.builtin.VerifyElementTextKeyword.verifyElementText(VerifyElementTextKeyword.groovy:72)
	at com.kms.katalon.core.webui.keyword.builtin.VerifyElementTextKeyword.execute(VerifyElementTextKeyword.groovy:40)
	at com.kms.katalon.core.keyword.internal.KeywordExecutor.executeKeywordForPlatform(KeywordExecutor.groovy:74)
	at com.kms.katalon.core.webui.keyword.WebUiBuiltInKeywords.verifyElementText(WebUiBuiltInKeywords.groovy:4835)
	at Peso 1,2,3,4,5kg.run(Peso 1,2,3,4,5kg:88)
	at com.kms.katalon.core.main.ScriptEngine.run(ScriptEngine.java:194)
	at com.kms.katalon.core.main.ScriptEngine.runScriptAsRawText(ScriptEngine.java:119)
	at com.kms.katalon.core.main.TestCaseExecutor.runScript(TestCaseExecutor.java:448)
	at com.kms.katalon.core.main.TestCaseExecutor.doExecute(TestCaseExecutor.java:439)
	at com.kms.katalon.core.main.TestCaseExecutor.processExecutionPhase(TestCaseExecutor.java:418)
	at com.kms.katalon.core.main.TestCaseExecutor.accessMainPhase(TestCaseExecutor.java:410)
	at com.kms.katalon.core.main.TestCaseExecutor.execute(TestCaseExecutor.java:285)
	at com.kms.katalon.core.common.CommonExecutor.accessTestCaseMainPhase(CommonExecutor.java:65)
	at com.kms.katalon.core.main.TestSuiteExecutor.accessTestSuiteMainPhase(TestSuiteExecutor.java:150)
	at com.kms.katalon.core.main.TestSuiteExecutor.execute(TestSuiteExecutor.java:106)
	at com.kms.katalon.core.main.TestCaseMain.startTestSuite(TestCaseMain.java:180)
	at TempTestSuite1732745349578.run(TempTestSuite1732745349578.groovy:35)
	at java.base/jdk.internal.reflect.NativeMethodAccessorImpl.invoke0(Native Method)
	at java.base/jdk.internal.reflect.NativeMethodAccessorImpl.invoke(NativeMethodAccessorImpl.java:77)
	at java.base/jdk.internal.reflect.DelegatingMethodAccessorImpl.invoke(DelegatingMethodAccessorImpl.java:43)
Caused by: com.kms.katalon.core.exception.StepFailedException: Actual text 'S/ 7.00' and expected text 'S/ 14.50' of test object 'Object Repository/peso/Page_Olva Courier  Confirma tus datos/th_S 14.50' are NOT matched.
	at com.kms.katalon.core.webui.keyword.internal.WebUIKeywordMain.stepFailed(WebUIKeywordMain.groovy:117)
	at com.kms.katalon.core.webui.keyword.builtin.VerifyElementTextKeyword$_verifyElementText_closure1.doCall(VerifyElementTextKeyword.groovy:57)
	at com.kms.katalon.core.webui.keyword.builtin.VerifyElementTextKeyword$_verifyElementText_closure1.call(VerifyElementTextKeyword.groovy)
	at com.kms.katalon.core.webui.keyword.internal.WebUIKeywordMain.runKeyword(WebUIKeywordMain.groovy:35)
	... 20 more]]></system-err>
      </testcase>
      <testcase name="Test Cases/2.Positivos/2.1Paquete/Origen-Provincia/4.Peso/No-encuentro-peso" time="70.225" classname="Test Cases/2.Positivos/2.1Paquete/Origen-Provincia/4.Peso/No-encuentro-peso" status="PASSED">
         <system-out><![CDATA[27-11-2024T17:16:53 - [TEST_CASE][PASSED] - Test Cases/2.Positivos/2.1Paquete/Origen-Provincia/4.Peso/No-encuentro-peso: Test Cases/2.Positivos/2.1Paquete/Origen-Provincia/4.Peso/No-encuentro-peso

27-11-2024T17:16:53 - [TEST_STEP][PASSED] - callTestCase(findTestCase("1.Inicio/1.1Principal/Principal-home"), [:], STOP_ON_FAILURE): Call Test Case 'Test Cases/1.Inicio/1.1Principal/Principal-home' successfully

27-11-2024T17:16:53 - [TEST_CASE][PASSED] - Test Cases/1.Inicio/1.1Principal/Principal-home: Test Cases/1.Inicio/1.1Principal/Principal-home

27-11-2024T17:16:53 - [TEST_STEP][PASSED] - openBrowser(""): Browser is opened with url: ''

27-11-2024T17:16:53 - [MESSAGE][WARNING] - A browser is already opened. Closing browser and opening a new one

27-11-2024T17:16:55 - [MESSAGE][INFO] - Starting 'Firefox' driver

27-11-2024T17:16:55 - [MESSAGE][INFO] - Action delay is set to 0 milliseconds

27-11-2024T17:17:04 - [MESSAGE][PASSED] - Browser is opened with url: ''

27-11-2024T17:17:04 - [TEST_STEP][PASSED] - navigateToUrl("https://dev01-registrodeenvios.olvacourier.com/principal"): Navigate to 'https://dev01-registrodeenvios.olvacourier.com/principal' successfully

27-11-2024T17:17:06 - [MESSAGE][PASSED] - Navigate to 'https://dev01-registrodeenvios.olvacourier.com/principal' successfully

27-11-2024T17:17:06 - [TEST_STEP][PASSED] - maximizeWindow(): Current window maximized

27-11-2024T17:17:06 - [MESSAGE][PASSED] - Current window maximized

27-11-2024T17:17:06 - [MESSAGE][PASSED] - Call Test Case 'Test Cases/1.Inicio/1.1Principal/Principal-home' successfully

27-11-2024T17:17:06 - [TEST_STEP][PASSED] - callTestCase(findTestCase("1.Inicio/1.1Principal/Selec_paquete"), [:], STOP_ON_FAILURE): Call Test Case 'Test Cases/1.Inicio/1.1Principal/Selec_paquete' successfully

27-11-2024T17:17:06 - [TEST_CASE][PASSED] - Test Cases/1.Inicio/1.1Principal/Selec_paquete: Test Cases/1.Inicio/1.1Principal/Selec_paquete

27-11-2024T17:17:06 - [TEST_STEP][PASSED] - click(findTestObject("Object Repository/Principal/Page_Olva Courier  Home/img_Qu deseas realizar hoy_img_paquete")): Object: 'Object Repository/Principal/Page_Olva Courier  Home/img_Qu deseas realizar hoy_img_paquete' is clicked on

27-11-2024T17:17:07 - [MESSAGE][PASSED] - Object: 'Object Repository/Principal/Page_Olva Courier  Home/img_Qu deseas realizar hoy_img_paquete' is clicked on

27-11-2024T17:17:07 - [TEST_STEP][PASSED] - click(findTestObject("Object Repository/Principal/Page_Olva Courier  Home/span_He ledo y acepto los_checkmark (1)")): Object: 'Object Repository/Principal/Page_Olva Courier  Home/span_He ledo y acepto los_checkmark (1)' is clicked on

27-11-2024T17:17:07 - [MESSAGE][PASSED] - Object: 'Object Repository/Principal/Page_Olva Courier  Home/span_He ledo y acepto los_checkmark (1)' is clicked on

27-11-2024T17:17:07 - [TEST_STEP][PASSED] - click(findTestObject("Object Repository/Principal/Page_Olva Courier  Home/button_CONTINUAR (1)")): Object: 'Object Repository/Principal/Page_Olva Courier  Home/button_CONTINUAR (1)' is clicked on

27-11-2024T17:17:10 - [MESSAGE][PASSED] - Object: 'Object Repository/Principal/Page_Olva Courier  Home/button_CONTINUAR (1)' is clicked on

27-11-2024T17:17:10 - [TEST_STEP][PASSED] - verifyElementPresent(findTestObject("Object Repository/Principal/Page_Olva Courier  Datos Personales/strong_REGISTRO DE ENVOS"), 0): Object 'Object Repository/Principal/Page_Olva Courier  Datos Personales/strong_REGISTRO DE ENVOS' is present

27-11-2024T17:17:10 - [MESSAGE][WARNING] - Timeout '0' is invalid. Using default page load timeout: '30'

27-11-2024T17:17:11 - [MESSAGE][PASSED] - Object 'Object Repository/Principal/Page_Olva Courier  Datos Personales/strong_REGISTRO DE ENVOS' is present

27-11-2024T17:17:11 - [TEST_STEP][PASSED] - verifyElementPresent(findTestObject("Object Repository/Principal/Page_Olva Courier  Datos Personales/span_Regresar (1)"), 0): Object 'Object Repository/Principal/Page_Olva Courier  Datos Personales/span_Regresar (1)' is present

27-11-2024T17:17:11 - [MESSAGE][WARNING] - Timeout '0' is invalid. Using default page load timeout: '30'

27-11-2024T17:17:11 - [MESSAGE][PASSED] - Object 'Object Repository/Principal/Page_Olva Courier  Datos Personales/span_Regresar (1)' is present

27-11-2024T17:17:11 - [TEST_STEP][PASSED] - verifyElementPresent(findTestObject("Object Repository/Principal/Page_Olva Courier  Datos Personales/span_Inicio (1)"), 0): Object 'Object Repository/Principal/Page_Olva Courier  Datos Personales/span_Inicio (1)' is present

27-11-2024T17:17:11 - [MESSAGE][WARNING] - Timeout '0' is invalid. Using default page load timeout: '30'

27-11-2024T17:17:11 - [MESSAGE][PASSED] - Object 'Object Repository/Principal/Page_Olva Courier  Datos Personales/span_Inicio (1)' is present

27-11-2024T17:17:11 - [MESSAGE][PASSED] - Call Test Case 'Test Cases/1.Inicio/1.1Principal/Selec_paquete' successfully

27-11-2024T17:17:11 - [TEST_STEP][PASSED] - callTestCase(findTestCase("1.Inicio/1.2Tipo_Doc/1.DNI"), [:], STOP_ON_FAILURE): Call Test Case 'Test Cases/1.Inicio/1.2Tipo_Doc/1.DNI' successfully

27-11-2024T17:17:11 - [TEST_CASE][PASSED] - Test Cases/1.Inicio/1.2Tipo_Doc/1.DNI: Test Cases/1.Inicio/1.2Tipo_Doc/1.DNI

27-11-2024T17:17:11 - [TEST_STEP][PASSED] - click(findTestObject("Object Repository/Login/Page_Olva Courier  Datos Personales/button_Tipo De Documento")): Object: 'Object Repository/Login/Page_Olva Courier  Datos Personales/button_Tipo De Documento' is clicked on

27-11-2024T17:17:12 - [MESSAGE][PASSED] - Object: 'Object Repository/Login/Page_Olva Courier  Datos Personales/button_Tipo De Documento' is clicked on

27-11-2024T17:17:12 - [TEST_STEP][PASSED] - click(findTestObject("Object Repository/Login/Page_Olva Courier  Datos Personales/a_DNI (Boleta)")): Object: 'Object Repository/Login/Page_Olva Courier  Datos Personales/a_DNI (Boleta)' is clicked on

27-11-2024T17:17:13 - [MESSAGE][PASSED] - Object: 'Object Repository/Login/Page_Olva Courier  Datos Personales/a_DNI (Boleta)' is clicked on

27-11-2024T17:17:13 - [TEST_STEP][PASSED] - setText(findTestObject("Object Repository/Login/Page_Olva Courier  Datos Personales/input_CARN EXT. (Boleta)_txt_documento_cliente"), "47190321"): Text '47190321' is set on object 'Object Repository/Login/Page_Olva Courier  Datos Personales/input_CARN EXT. (Boleta)_txt_documento_cliente'

27-11-2024T17:17:13 - [MESSAGE][PASSED] - Text '47190321' is set on object 'Object Repository/Login/Page_Olva Courier  Datos Personales/input_CARN EXT. (Boleta)_txt_documento_cliente'

27-11-2024T17:17:13 - [TEST_STEP][PASSED] - setText(findTestObject("Object Repository/Login/Page_Olva Courier  Datos Personales/input_CARN EXT. (Boleta)_txt_telefono_cliente"), "957378086"): Text '957378086' is set on object 'Object Repository/Login/Page_Olva Courier  Datos Personales/input_CARN EXT. (Boleta)_txt_telefono_cliente'

27-11-2024T17:17:21 - [MESSAGE][PASSED] - Text '957378086' is set on object 'Object Repository/Login/Page_Olva Courier  Datos Personales/input_CARN EXT. (Boleta)_txt_telefono_cliente'

27-11-2024T17:17:21 - [TEST_STEP][PASSED] - setText(findTestObject("Object Repository/Login/Page_Olva Courier  Datos Personales/input_Hola,_txt_email_cliente"), "riosalejosjs@gmail.com"): Text 'riosalejosjs@gmail.com' is set on object 'Object Repository/Login/Page_Olva Courier  Datos Personales/input_Hola,_txt_email_cliente'

27-11-2024T17:17:22 - [MESSAGE][PASSED] - Text 'riosalejosjs@gmail.com' is set on object 'Object Repository/Login/Page_Olva Courier  Datos Personales/input_Hola,_txt_email_cliente'

27-11-2024T17:17:22 - [MESSAGE][PASSED] - Call Test Case 'Test Cases/1.Inicio/1.2Tipo_Doc/1.DNI' successfully

27-11-2024T17:17:22 - [TEST_STEP][PASSED] - click(findTestObject("Object Repository/pago/Page_Olva Courier  Datos Personales/button_Seleccionar artculo")): Object: 'Object Repository/pago/Page_Olva Courier  Datos Personales/button_Seleccionar artculo' is clicked on

27-11-2024T17:17:23 - [MESSAGE][PASSED] - Object: 'Object Repository/pago/Page_Olva Courier  Datos Personales/button_Seleccionar artculo' is clicked on

27-11-2024T17:17:23 - [TEST_STEP][PASSED] - click(findTestObject("Object Repository/pago/Page_Olva Courier  Datos Personales/span_ACCESORIOS Y EQUIPOS ELECTRONICOS")): Object: 'Object Repository/pago/Page_Olva Courier  Datos Personales/span_ACCESORIOS Y EQUIPOS ELECTRONICOS' is clicked on

27-11-2024T17:17:23 - [MESSAGE][PASSED] - Object: 'Object Repository/pago/Page_Olva Courier  Datos Personales/span_ACCESORIOS Y EQUIPOS ELECTRONICOS' is clicked on

27-11-2024T17:17:23 - [TEST_STEP][PASSED] - setText(findTestObject("Object Repository/pago/Page_Olva Courier  Datos Personales/input_UTILES DE OFICINA_txt_paquete_articulo"), "VVVv"): Text 'VVVv' is set on object 'Object Repository/pago/Page_Olva Courier  Datos Personales/input_UTILES DE OFICINA_txt_paquete_articulo'

27-11-2024T17:17:24 - [MESSAGE][PASSED] - Text 'VVVv' is set on object 'Object Repository/pago/Page_Olva Courier  Datos Personales/input_UTILES DE OFICINA_txt_paquete_articulo'

27-11-2024T17:17:24 - [TEST_STEP][PASSED] - setText(findTestObject("Object Repository/pago/Page_Olva Courier  Datos Personales/input_UTILES DE OFICINA_txt_paquete_valor"), "20"): Text '20' is set on object 'Object Repository/pago/Page_Olva Courier  Datos Personales/input_UTILES DE OFICINA_txt_paquete_valor'

27-11-2024T17:17:25 - [MESSAGE][PASSED] - Text '20' is set on object 'Object Repository/pago/Page_Olva Courier  Datos Personales/input_UTILES DE OFICINA_txt_paquete_valor'

27-11-2024T17:17:25 - [TEST_STEP][PASSED] - scrollToElement(findTestObject("Object Repository/pago/Page_Olva Courier  Datos Personales/div_No encuentro el peso de mi envo"), 0): Scroll to object 'Object Repository/pago/Page_Olva Courier  Datos Personales/div_No encuentro el peso de mi envo' successfully

27-11-2024T17:17:25 - [MESSAGE][WARNING] - Timeout '0' is invalid. Using default page load timeout: '30'

27-11-2024T17:17:25 - [MESSAGE][PASSED] - Scroll to object 'Object Repository/pago/Page_Olva Courier  Datos Personales/div_No encuentro el peso de mi envo' successfully

27-11-2024T17:17:25 - [TEST_STEP][PASSED] - click(findTestObject("Object Repository/pago/Page_Olva Courier  Datos Personales/div_No encuentro el peso de mi envo")): Object: 'Object Repository/pago/Page_Olva Courier  Datos Personales/div_No encuentro el peso de mi envo' is clicked on

27-11-2024T17:17:26 - [MESSAGE][PASSED] - Object: 'Object Repository/pago/Page_Olva Courier  Datos Personales/div_No encuentro el peso de mi envo' is clicked on

27-11-2024T17:17:26 - [TEST_STEP][PASSED] - setText(findTestObject("Object Repository/pago/Page_Olva Courier  Datos Personales/input_Ancho (cm)_modal-input-ancho"), "14"): Text '14' is set on object 'Object Repository/pago/Page_Olva Courier  Datos Personales/input_Ancho (cm)_modal-input-ancho'

27-11-2024T17:17:27 - [MESSAGE][PASSED] - Text '14' is set on object 'Object Repository/pago/Page_Olva Courier  Datos Personales/input_Ancho (cm)_modal-input-ancho'

27-11-2024T17:17:27 - [TEST_STEP][PASSED] - setText(findTestObject("Object Repository/pago/Page_Olva Courier  Datos Personales/input_Largo (cm)_modal-input-largo"), "14"): Text '14' is set on object 'Object Repository/pago/Page_Olva Courier  Datos Personales/input_Largo (cm)_modal-input-largo'

27-11-2024T17:17:28 - [MESSAGE][PASSED] - Text '14' is set on object 'Object Repository/pago/Page_Olva Courier  Datos Personales/input_Largo (cm)_modal-input-largo'

27-11-2024T17:17:28 - [TEST_STEP][PASSED] - setText(findTestObject("Object Repository/pago/Page_Olva Courier  Datos Personales/input_Alto (cm)_modal-input-alto"), "14"): Text '14' is set on object 'Object Repository/pago/Page_Olva Courier  Datos Personales/input_Alto (cm)_modal-input-alto'

27-11-2024T17:17:29 - [MESSAGE][PASSED] - Text '14' is set on object 'Object Repository/pago/Page_Olva Courier  Datos Personales/input_Alto (cm)_modal-input-alto'

27-11-2024T17:17:29 - [TEST_STEP][PASSED] - setText(findTestObject("Object Repository/pago/Page_Olva Courier  Datos Personales/input_Peso (Kg)_modal-input-peso"), "7"): Text '7' is set on object 'Object Repository/pago/Page_Olva Courier  Datos Personales/input_Peso (Kg)_modal-input-peso'

27-11-2024T17:17:30 - [MESSAGE][PASSED] - Text '7' is set on object 'Object Repository/pago/Page_Olva Courier  Datos Personales/input_Peso (Kg)_modal-input-peso'

27-11-2024T17:17:30 - [TEST_STEP][PASSED] - click(findTestObject("Object Repository/pago/Page_Olva Courier  Datos Personales/div_CALCULAR")): Object: 'Object Repository/pago/Page_Olva Courier  Datos Personales/div_CALCULAR' is clicked on

27-11-2024T17:17:31 - [MESSAGE][PASSED] - Object: 'Object Repository/pago/Page_Olva Courier  Datos Personales/div_CALCULAR' is clicked on

27-11-2024T17:17:31 - [TEST_STEP][PASSED] - scrollToElement(findTestObject("Object Repository/Destinos/Page_Olva Courier  Datos Personales/button_LIMA (1)"), 0): Scroll to object 'Object Repository/Destinos/Page_Olva Courier  Datos Personales/button_LIMA (1)' successfully

27-11-2024T17:17:31 - [MESSAGE][WARNING] - Timeout '0' is invalid. Using default page load timeout: '30'

27-11-2024T17:17:31 - [MESSAGE][PASSED] - Scroll to object 'Object Repository/Destinos/Page_Olva Courier  Datos Personales/button_LIMA (1)' successfully

27-11-2024T17:17:31 - [TEST_STEP][PASSED] - click(findTestObject("Object Repository/Destinos/Page_Olva Courier  Datos Personales/button_LIMA (1)")): Object: 'Object Repository/Destinos/Page_Olva Courier  Datos Personales/button_LIMA (1)' is clicked on

27-11-2024T17:17:32 - [MESSAGE][PASSED] - Object: 'Object Repository/Destinos/Page_Olva Courier  Datos Personales/button_LIMA (1)' is clicked on

27-11-2024T17:17:32 - [TEST_STEP][PASSED] - click(findTestObject("Object Repository/Destinos/Page_Olva Courier  Datos Personales/a_ICA")): Object: 'Object Repository/Destinos/Page_Olva Courier  Datos Personales/a_ICA' is clicked on

27-11-2024T17:17:32 - [MESSAGE][PASSED] - Object: 'Object Repository/Destinos/Page_Olva Courier  Datos Personales/a_ICA' is clicked on

27-11-2024T17:17:32 - [TEST_STEP][PASSED] - click(findTestObject("Object Repository/Destinos/Page_Olva Courier  Datos Personales/button_ICA")): Object: 'Object Repository/Destinos/Page_Olva Courier  Datos Personales/button_ICA' is clicked on

27-11-2024T17:17:33 - [MESSAGE][PASSED] - Object: 'Object Repository/Destinos/Page_Olva Courier  Datos Personales/button_ICA' is clicked on

27-11-2024T17:17:33 - [TEST_STEP][PASSED] - click(findTestObject("Object Repository/pago/Page_Olva Courier  Datos Personales/span_Ingrese el punto de llegada")): Object: 'Object Repository/pago/Page_Olva Courier  Datos Personales/span_Ingrese el punto de llegada' is clicked on

27-11-2024T17:17:34 - [MESSAGE][PASSED] - Object: 'Object Repository/pago/Page_Olva Courier  Datos Personales/span_Ingrese el punto de llegada' is clicked on

27-11-2024T17:17:34 - [TEST_STEP][PASSED] - click(findTestObject("Object Repository/pago/Page_Olva Courier  Datos Personales/a_APURIMAC - GRAU - CHUQUIBAMBILLA")): Object: 'Object Repository/pago/Page_Olva Courier  Datos Personales/a_APURIMAC - GRAU - CHUQUIBAMBILLA' is clicked on

27-11-2024T17:17:34 - [MESSAGE][PASSED] - Object: 'Object Repository/pago/Page_Olva Courier  Datos Personales/a_APURIMAC - GRAU - CHUQUIBAMBILLA' is clicked on

27-11-2024T17:17:34 - [TEST_STEP][PASSED] - click(findTestObject("Object Repository/pago/Page_Olva Courier  Datos Personales/button_Tipo de entrega")): Object: 'Object Repository/pago/Page_Olva Courier  Datos Personales/button_Tipo de entrega' is clicked on

27-11-2024T17:17:35 - [MESSAGE][PASSED] - Object: 'Object Repository/pago/Page_Olva Courier  Datos Personales/button_Tipo de entrega' is clicked on

27-11-2024T17:17:35 - [TEST_STEP][PASSED] - click(findTestObject("Object Repository/pago/Page_Olva Courier  Datos Personales/a_Entrega a domicilio")): Object: 'Object Repository/pago/Page_Olva Courier  Datos Personales/a_Entrega a domicilio' is clicked on

27-11-2024T17:17:41 - [MESSAGE][PASSED] - Object: 'Object Repository/pago/Page_Olva Courier  Datos Personales/a_Entrega a domicilio' is clicked on

27-11-2024T17:17:41 - [TEST_STEP][PASSED] - click(findTestObject("Object Repository/pago/Page_Olva Courier  Datos Personales/span_Tipo De Documento")): Object: 'Object Repository/pago/Page_Olva Courier  Datos Personales/span_Tipo De Documento' is clicked on

27-11-2024T17:17:42 - [MESSAGE][PASSED] - Object: 'Object Repository/pago/Page_Olva Courier  Datos Personales/span_Tipo De Documento' is clicked on

27-11-2024T17:17:42 - [TEST_STEP][PASSED] - click(findTestObject("Object Repository/pago/Page_Olva Courier  Datos Personales/a_DNI")): Object: 'Object Repository/pago/Page_Olva Courier  Datos Personales/a_DNI' is clicked on

27-11-2024T17:17:42 - [MESSAGE][PASSED] - Object: 'Object Repository/pago/Page_Olva Courier  Datos Personales/a_DNI' is clicked on

27-11-2024T17:17:42 - [TEST_STEP][PASSED] - setText(findTestObject("Object Repository/pago/Page_Olva Courier  Datos Personales/input_CARN EXT_txt_consignado_dni"), "71735785"): Text '71735785' is set on object 'Object Repository/pago/Page_Olva Courier  Datos Personales/input_CARN EXT_txt_consignado_dni'

27-11-2024T17:17:43 - [MESSAGE][PASSED] - Text '71735785' is set on object 'Object Repository/pago/Page_Olva Courier  Datos Personales/input_CARN EXT_txt_consignado_dni'

27-11-2024T17:17:43 - [TEST_STEP][PASSED] - scrollToElement(findTestObject("Object Repository/pago/Page_Olva Courier  Datos Personales/button_CONTINUAR"), 0): Scroll to object 'Object Repository/pago/Page_Olva Courier  Datos Personales/button_CONTINUAR' successfully

27-11-2024T17:17:43 - [MESSAGE][WARNING] - Timeout '0' is invalid. Using default page load timeout: '30'

27-11-2024T17:17:44 - [MESSAGE][PASSED] - Scroll to object 'Object Repository/pago/Page_Olva Courier  Datos Personales/button_CONTINUAR' successfully

27-11-2024T17:17:44 - [TEST_STEP][PASSED] - click(findTestObject("Object Repository/pago/Page_Olva Courier  Datos Personales/button_CONTINUAR")): Object: 'Object Repository/pago/Page_Olva Courier  Datos Personales/button_CONTINUAR' is clicked on

27-11-2024T17:17:45 - [MESSAGE][PASSED] - Object: 'Object Repository/pago/Page_Olva Courier  Datos Personales/button_CONTINUAR' is clicked on

27-11-2024T17:17:45 - [TEST_STEP][PASSED] - scrollToElement(findTestObject("Object Repository/pago/Page_Olva Courier  Confirma tus datos/button_IR A PAGAR S 76.41"), 0): Scroll to object 'Object Repository/pago/Page_Olva Courier  Confirma tus datos/button_IR A PAGAR S 76.41' successfully

27-11-2024T17:17:45 - [MESSAGE][WARNING] - Timeout '0' is invalid. Using default page load timeout: '30'

27-11-2024T17:17:50 - [MESSAGE][PASSED] - Scroll to object 'Object Repository/pago/Page_Olva Courier  Confirma tus datos/button_IR A PAGAR S 76.41' successfully

27-11-2024T17:17:50 - [TEST_STEP][PASSED] - click(findTestObject("Object Repository/pago/Page_Olva Courier  Confirma tus datos/button_IR A PAGAR S 76.41")): Object: 'Object Repository/pago/Page_Olva Courier  Confirma tus datos/button_IR A PAGAR S 76.41' is clicked on

27-11-2024T17:17:50 - [MESSAGE][PASSED] - Object: 'Object Repository/pago/Page_Olva Courier  Confirma tus datos/button_IR A PAGAR S 76.41' is clicked on

27-11-2024T17:17:50 - [TEST_STEP][PASSED] - delay(3): Delayed 3 second(s)

27-11-2024T17:17:53 - [MESSAGE][PASSED] - Delayed 3 second(s)

27-11-2024T17:17:53 - [TEST_STEP][PASSED] - verifyElementPresent(findTestObject("Object Repository/pago/Page_Olva Courier  Medios de pago/button_PAGAR (1)"), 0): Object 'Object Repository/pago/Page_Olva Courier  Medios de pago/button_PAGAR (1)' is present

27-11-2024T17:17:53 - [MESSAGE][WARNING] - Timeout '0' is invalid. Using default page load timeout: '30'

27-11-2024T17:17:58 - [MESSAGE][PASSED] - Object 'Object Repository/pago/Page_Olva Courier  Medios de pago/button_PAGAR (1)' is present

27-11-2024T17:17:58 - [TEST_STEP][PASSED] - callTestCase(findTestCase("1.Inicio/1.3Pago_POS/Pago-exitoso"), [:], STOP_ON_FAILURE): Call Test Case 'Test Cases/1.Inicio/1.3Pago_POS/Pago-exitoso' successfully

27-11-2024T17:17:58 - [TEST_CASE][PASSED] - Test Cases/1.Inicio/1.3Pago_POS/Pago-exitoso: Test Cases/1.Inicio/1.3Pago_POS/Pago-exitoso

27-11-2024T17:17:58 - [TEST_STEP][PASSED] - verifyElementPresent(findTestObject("Object Repository/pago/Page_Olva Courier  Medios de pago/div_Pago con tarjeta de crdito, dbito y Yape"), 0): Object 'Object Repository/pago/Page_Olva Courier  Medios de pago/div_Pago con tarjeta de crdito, dbito y Yape' is present

27-11-2024T17:17:58 - [MESSAGE][WARNING] - Timeout '0' is invalid. Using default page load timeout: '30'

27-11-2024T17:17:58 - [MESSAGE][PASSED] - Object 'Object Repository/pago/Page_Olva Courier  Medios de pago/div_Pago con tarjeta de crdito, dbito y Yape' is present

27-11-2024T17:17:58 - [TEST_STEP][PASSED] - verifyElementPresent(findTestObject("Object Repository/pago/Page_Olva Courier  Medios de pago/td_S"), 0): Object 'Object Repository/pago/Page_Olva Courier  Medios de pago/td_S' is present

27-11-2024T17:17:58 - [MESSAGE][WARNING] - Timeout '0' is invalid. Using default page load timeout: '30'

27-11-2024T17:17:58 - [MESSAGE][PASSED] - Object 'Object Repository/pago/Page_Olva Courier  Medios de pago/td_S' is present

27-11-2024T17:17:58 - [TEST_STEP][PASSED] - delay(1): Delayed 1 second(s)

27-11-2024T17:17:59 - [MESSAGE][PASSED] - Delayed 1 second(s)

27-11-2024T17:17:59 - [TEST_STEP][PASSED] - scrollToElement(findTestObject("Object Repository/pago/Page_Olva Courier  Medios de pago/button_PAGAR"), 0): Scroll to object 'Object Repository/pago/Page_Olva Courier  Medios de pago/button_PAGAR' successfully

27-11-2024T17:17:59 - [MESSAGE][WARNING] - Timeout '0' is invalid. Using default page load timeout: '30'

27-11-2024T17:18:00 - [MESSAGE][PASSED] - Scroll to object 'Object Repository/pago/Page_Olva Courier  Medios de pago/button_PAGAR' successfully

27-11-2024T17:18:00 - [TEST_STEP][PASSED] - click(findTestObject("Object Repository/pago/Page_Olva Courier  Medios de pago/button_PAGAR")): Object: 'Object Repository/pago/Page_Olva Courier  Medios de pago/button_PAGAR' is clicked on

27-11-2024T17:18:01 - [MESSAGE][PASSED] - Object: 'Object Repository/pago/Page_Olva Courier  Medios de pago/button_PAGAR' is clicked on

27-11-2024T17:18:01 - [TEST_STEP][PASSED] - delay(2): Delayed 2 second(s)

27-11-2024T17:18:03 - [MESSAGE][PASSED] - Delayed 2 second(s)

27-11-2024T17:18:03 - [TEST_STEP][PASSED] - verifyElementText(findTestObject("Object Repository/pago/Page_Olva Courier  Pago Exitoso/div_Aprobado y completado con exito"), "Aprobado y completado con exito"): Actual text and expected text of test object 'Object Repository/pago/Page_Olva Courier  Pago Exitoso/div_Aprobado y completado con exito' are matched.

27-11-2024T17:18:03 - [MESSAGE][PASSED] - Actual text and expected text of test object 'Object Repository/pago/Page_Olva Courier  Pago Exitoso/div_Aprobado y completado con exito' are matched.

27-11-2024T17:18:03 - [TEST_STEP][PASSED] - verifyElementPresent(findTestObject("Object Repository/pago/Page_Olva Courier  Pago Exitoso/b_nroPreventa"), 0): Object 'Object Repository/pago/Page_Olva Courier  Pago Exitoso/b_nroPreventa' is present

27-11-2024T17:18:03 - [MESSAGE][WARNING] - Timeout '0' is invalid. Using default page load timeout: '30'

27-11-2024T17:18:03 - [MESSAGE][PASSED] - Object 'Object Repository/pago/Page_Olva Courier  Pago Exitoso/b_nroPreventa' is present

27-11-2024T17:18:03 - [MESSAGE][PASSED] - Call Test Case 'Test Cases/1.Inicio/1.3Pago_POS/Pago-exitoso' successfully]]></system-out>
         <system-err><![CDATA[]]></system-err>
      </testcase>
      <testcase name="Test Cases/2.Positivos/2.1Paquete/Origen-Provincia/3.Destino-D,DO,O/Restricción-O" time="53.698" classname="Test Cases/2.Positivos/2.1Paquete/Origen-Provincia/3.Destino-D,DO,O/Restricción-O" status="PASSED">
         <system-out><![CDATA[27-11-2024T17:18:03 - [TEST_CASE][PASSED] - Test Cases/2.Positivos/2.1Paquete/Origen-Provincia/3.Destino-D,DO,O/Restricción-O: Test Cases/2.Positivos/2.1Paquete/Origen-Provincia/3.Destino-D,DO,O/Restricción-O

27-11-2024T17:18:04 - [TEST_STEP][PASSED] - callTestCase(findTestCase("1.Inicio/1.1Principal/Principal-home"), [:], STOP_ON_FAILURE): Call Test Case 'Test Cases/1.Inicio/1.1Principal/Principal-home' successfully

27-11-2024T17:18:04 - [TEST_CASE][PASSED] - Test Cases/1.Inicio/1.1Principal/Principal-home: Test Cases/1.Inicio/1.1Principal/Principal-home

27-11-2024T17:18:04 - [TEST_STEP][PASSED] - openBrowser(""): Browser is opened with url: ''

27-11-2024T17:18:04 - [MESSAGE][WARNING] - A browser is already opened. Closing browser and opening a new one

27-11-2024T17:18:07 - [MESSAGE][INFO] - Starting 'Firefox' driver

27-11-2024T17:18:07 - [MESSAGE][INFO] - Action delay is set to 0 milliseconds

27-11-2024T17:18:20 - [MESSAGE][PASSED] - Browser is opened with url: ''

27-11-2024T17:18:20 - [TEST_STEP][PASSED] - navigateToUrl("https://dev01-registrodeenvios.olvacourier.com/principal"): Navigate to 'https://dev01-registrodeenvios.olvacourier.com/principal' successfully

27-11-2024T17:18:21 - [MESSAGE][PASSED] - Navigate to 'https://dev01-registrodeenvios.olvacourier.com/principal' successfully

27-11-2024T17:18:21 - [TEST_STEP][PASSED] - maximizeWindow(): Current window maximized

27-11-2024T17:18:21 - [MESSAGE][PASSED] - Current window maximized

27-11-2024T17:18:21 - [MESSAGE][PASSED] - Call Test Case 'Test Cases/1.Inicio/1.1Principal/Principal-home' successfully

27-11-2024T17:18:21 - [TEST_STEP][PASSED] - callTestCase(findTestCase("1.Inicio/1.1Principal/Selec_paquete"), [:], STOP_ON_FAILURE): Call Test Case 'Test Cases/1.Inicio/1.1Principal/Selec_paquete' successfully

27-11-2024T17:18:21 - [TEST_CASE][PASSED] - Test Cases/1.Inicio/1.1Principal/Selec_paquete: Test Cases/1.Inicio/1.1Principal/Selec_paquete

27-11-2024T17:18:22 - [TEST_STEP][PASSED] - click(findTestObject("Object Repository/Principal/Page_Olva Courier  Home/img_Qu deseas realizar hoy_img_paquete")): Object: 'Object Repository/Principal/Page_Olva Courier  Home/img_Qu deseas realizar hoy_img_paquete' is clicked on

27-11-2024T17:18:22 - [MESSAGE][PASSED] - Object: 'Object Repository/Principal/Page_Olva Courier  Home/img_Qu deseas realizar hoy_img_paquete' is clicked on

27-11-2024T17:18:22 - [TEST_STEP][PASSED] - click(findTestObject("Object Repository/Principal/Page_Olva Courier  Home/span_He ledo y acepto los_checkmark (1)")): Object: 'Object Repository/Principal/Page_Olva Courier  Home/span_He ledo y acepto los_checkmark (1)' is clicked on

27-11-2024T17:18:23 - [MESSAGE][PASSED] - Object: 'Object Repository/Principal/Page_Olva Courier  Home/span_He ledo y acepto los_checkmark (1)' is clicked on

27-11-2024T17:18:23 - [TEST_STEP][PASSED] - click(findTestObject("Object Repository/Principal/Page_Olva Courier  Home/button_CONTINUAR (1)")): Object: 'Object Repository/Principal/Page_Olva Courier  Home/button_CONTINUAR (1)' is clicked on

27-11-2024T17:18:26 - [MESSAGE][PASSED] - Object: 'Object Repository/Principal/Page_Olva Courier  Home/button_CONTINUAR (1)' is clicked on

27-11-2024T17:18:26 - [TEST_STEP][PASSED] - verifyElementPresent(findTestObject("Object Repository/Principal/Page_Olva Courier  Datos Personales/strong_REGISTRO DE ENVOS"), 0): Object 'Object Repository/Principal/Page_Olva Courier  Datos Personales/strong_REGISTRO DE ENVOS' is present

27-11-2024T17:18:26 - [MESSAGE][WARNING] - Timeout '0' is invalid. Using default page load timeout: '30'

27-11-2024T17:18:27 - [MESSAGE][PASSED] - Object 'Object Repository/Principal/Page_Olva Courier  Datos Personales/strong_REGISTRO DE ENVOS' is present

27-11-2024T17:18:27 - [TEST_STEP][PASSED] - verifyElementPresent(findTestObject("Object Repository/Principal/Page_Olva Courier  Datos Personales/span_Regresar (1)"), 0): Object 'Object Repository/Principal/Page_Olva Courier  Datos Personales/span_Regresar (1)' is present

27-11-2024T17:18:27 - [MESSAGE][WARNING] - Timeout '0' is invalid. Using default page load timeout: '30'

27-11-2024T17:18:27 - [MESSAGE][PASSED] - Object 'Object Repository/Principal/Page_Olva Courier  Datos Personales/span_Regresar (1)' is present

27-11-2024T17:18:27 - [TEST_STEP][PASSED] - verifyElementPresent(findTestObject("Object Repository/Principal/Page_Olva Courier  Datos Personales/span_Inicio (1)"), 0): Object 'Object Repository/Principal/Page_Olva Courier  Datos Personales/span_Inicio (1)' is present

27-11-2024T17:18:27 - [MESSAGE][WARNING] - Timeout '0' is invalid. Using default page load timeout: '30'

27-11-2024T17:18:27 - [MESSAGE][PASSED] - Object 'Object Repository/Principal/Page_Olva Courier  Datos Personales/span_Inicio (1)' is present

27-11-2024T17:18:27 - [MESSAGE][PASSED] - Call Test Case 'Test Cases/1.Inicio/1.1Principal/Selec_paquete' successfully

27-11-2024T17:18:27 - [TEST_STEP][PASSED] - callTestCase(findTestCase("1.Inicio/1.2Tipo_Doc/1.DNI"), [:], STOP_ON_FAILURE): Call Test Case 'Test Cases/1.Inicio/1.2Tipo_Doc/1.DNI' successfully

27-11-2024T17:18:27 - [TEST_CASE][PASSED] - Test Cases/1.Inicio/1.2Tipo_Doc/1.DNI: Test Cases/1.Inicio/1.2Tipo_Doc/1.DNI

27-11-2024T17:18:27 - [TEST_STEP][PASSED] - click(findTestObject("Object Repository/Login/Page_Olva Courier  Datos Personales/button_Tipo De Documento")): Object: 'Object Repository/Login/Page_Olva Courier  Datos Personales/button_Tipo De Documento' is clicked on

27-11-2024T17:18:28 - [MESSAGE][PASSED] - Object: 'Object Repository/Login/Page_Olva Courier  Datos Personales/button_Tipo De Documento' is clicked on

27-11-2024T17:18:28 - [TEST_STEP][PASSED] - click(findTestObject("Object Repository/Login/Page_Olva Courier  Datos Personales/a_DNI (Boleta)")): Object: 'Object Repository/Login/Page_Olva Courier  Datos Personales/a_DNI (Boleta)' is clicked on

27-11-2024T17:18:29 - [MESSAGE][PASSED] - Object: 'Object Repository/Login/Page_Olva Courier  Datos Personales/a_DNI (Boleta)' is clicked on

27-11-2024T17:18:29 - [TEST_STEP][PASSED] - setText(findTestObject("Object Repository/Login/Page_Olva Courier  Datos Personales/input_CARN EXT. (Boleta)_txt_documento_cliente"), "47190321"): Text '47190321' is set on object 'Object Repository/Login/Page_Olva Courier  Datos Personales/input_CARN EXT. (Boleta)_txt_documento_cliente'

27-11-2024T17:18:30 - [MESSAGE][PASSED] - Text '47190321' is set on object 'Object Repository/Login/Page_Olva Courier  Datos Personales/input_CARN EXT. (Boleta)_txt_documento_cliente'

27-11-2024T17:18:30 - [TEST_STEP][PASSED] - setText(findTestObject("Object Repository/Login/Page_Olva Courier  Datos Personales/input_CARN EXT. (Boleta)_txt_telefono_cliente"), "957378086"): Text '957378086' is set on object 'Object Repository/Login/Page_Olva Courier  Datos Personales/input_CARN EXT. (Boleta)_txt_telefono_cliente'

27-11-2024T17:18:37 - [MESSAGE][PASSED] - Text '957378086' is set on object 'Object Repository/Login/Page_Olva Courier  Datos Personales/input_CARN EXT. (Boleta)_txt_telefono_cliente'

27-11-2024T17:18:37 - [TEST_STEP][PASSED] - setText(findTestObject("Object Repository/Login/Page_Olva Courier  Datos Personales/input_Hola,_txt_email_cliente"), "riosalejosjs@gmail.com"): Text 'riosalejosjs@gmail.com' is set on object 'Object Repository/Login/Page_Olva Courier  Datos Personales/input_Hola,_txt_email_cliente'

27-11-2024T17:18:38 - [MESSAGE][PASSED] - Text 'riosalejosjs@gmail.com' is set on object 'Object Repository/Login/Page_Olva Courier  Datos Personales/input_Hola,_txt_email_cliente'

27-11-2024T17:18:38 - [MESSAGE][PASSED] - Call Test Case 'Test Cases/1.Inicio/1.2Tipo_Doc/1.DNI' successfully

27-11-2024T17:18:38 - [TEST_STEP][PASSED] - click(findTestObject("Object Repository/Positivos/Page_Olva Courier  Datos Personales/button_Seleccionar artculo")): Object: 'Object Repository/Positivos/Page_Olva Courier  Datos Personales/button_Seleccionar artculo' is clicked on

27-11-2024T17:18:38 - [MESSAGE][PASSED] - Object: 'Object Repository/Positivos/Page_Olva Courier  Datos Personales/button_Seleccionar artculo' is clicked on

27-11-2024T17:18:38 - [TEST_STEP][PASSED] - click(findTestObject("Object Repository/Positivos/Page_Olva Courier  Datos Personales/a_ACCESORIOS PARA FIESTAS")): Object: 'Object Repository/Positivos/Page_Olva Courier  Datos Personales/a_ACCESORIOS PARA FIESTAS' is clicked on

27-11-2024T17:18:39 - [MESSAGE][PASSED] - Object: 'Object Repository/Positivos/Page_Olva Courier  Datos Personales/a_ACCESORIOS PARA FIESTAS' is clicked on

27-11-2024T17:18:39 - [TEST_STEP][PASSED] - setText(findTestObject("Object Repository/Positivos/Page_Olva Courier  Datos Personales/input_UTILES DE OFICINA_txt_paquete_articulo (1)"), "DFdf"): Text 'DFdf' is set on object 'Object Repository/Positivos/Page_Olva Courier  Datos Personales/input_UTILES DE OFICINA_txt_paquete_articulo (1)'

27-11-2024T17:18:40 - [MESSAGE][PASSED] - Text 'DFdf' is set on object 'Object Repository/Positivos/Page_Olva Courier  Datos Personales/input_UTILES DE OFICINA_txt_paquete_articulo (1)'

27-11-2024T17:18:40 - [TEST_STEP][PASSED] - setText(findTestObject("Object Repository/Positivos/Page_Olva Courier  Datos Personales/input_UTILES DE OFICINA_txt_paquete_valor (1)"), "25"): Text '25' is set on object 'Object Repository/Positivos/Page_Olva Courier  Datos Personales/input_UTILES DE OFICINA_txt_paquete_valor (1)'

27-11-2024T17:18:40 - [MESSAGE][PASSED] - Text '25' is set on object 'Object Repository/Positivos/Page_Olva Courier  Datos Personales/input_UTILES DE OFICINA_txt_paquete_valor (1)'

27-11-2024T17:18:40 - [TEST_STEP][PASSED] - click(findTestObject("Object Repository/Positivos/Page_Olva Courier  Datos Personales/div_Hasta 2Kg (1)")): Object: 'Object Repository/Positivos/Page_Olva Courier  Datos Personales/div_Hasta 2Kg (1)' is clicked on

27-11-2024T17:18:41 - [MESSAGE][PASSED] - Object: 'Object Repository/Positivos/Page_Olva Courier  Datos Personales/div_Hasta 2Kg (1)' is clicked on

27-11-2024T17:18:41 - [TEST_STEP][PASSED] - scrollToElement(findTestObject("Object Repository/Destinos/Page_Olva Courier  Datos Personales/button_LIMA (1)"), 0): Scroll to object 'Object Repository/Destinos/Page_Olva Courier  Datos Personales/button_LIMA (1)' successfully

27-11-2024T17:18:41 - [MESSAGE][WARNING] - Timeout '0' is invalid. Using default page load timeout: '30'

27-11-2024T17:18:42 - [MESSAGE][PASSED] - Scroll to object 'Object Repository/Destinos/Page_Olva Courier  Datos Personales/button_LIMA (1)' successfully

27-11-2024T17:18:42 - [TEST_STEP][PASSED] - click(findTestObject("Object Repository/Destinos/Page_Olva Courier  Datos Personales/button_LIMA (1)")): Object: 'Object Repository/Destinos/Page_Olva Courier  Datos Personales/button_LIMA (1)' is clicked on

27-11-2024T17:18:42 - [MESSAGE][PASSED] - Object: 'Object Repository/Destinos/Page_Olva Courier  Datos Personales/button_LIMA (1)' is clicked on

27-11-2024T17:18:42 - [TEST_STEP][PASSED] - click(findTestObject("Object Repository/Destinos/Page_Olva Courier  Datos Personales/a_TRUJILLO")): Object: 'Object Repository/Destinos/Page_Olva Courier  Datos Personales/a_TRUJILLO' is clicked on

27-11-2024T17:18:43 - [MESSAGE][PASSED] - Object: 'Object Repository/Destinos/Page_Olva Courier  Datos Personales/a_TRUJILLO' is clicked on

27-11-2024T17:18:43 - [TEST_STEP][PASSED] - click(findTestObject("Object Repository/Destinos/Page_Olva Courier  Datos Personales/button_TRUJILLO")): Object: 'Object Repository/Destinos/Page_Olva Courier  Datos Personales/button_TRUJILLO' is clicked on

27-11-2024T17:18:50 - [MESSAGE][PASSED] - Object: 'Object Repository/Destinos/Page_Olva Courier  Datos Personales/button_TRUJILLO' is clicked on

27-11-2024T17:18:50 - [TEST_STEP][PASSED] - click(findTestObject("Object Repository/Positivos/Page_Olva Courier  Datos Personales/button_Ingrese el punto de llegada (1)")): Object: 'Object Repository/Positivos/Page_Olva Courier  Datos Personales/button_Ingrese el punto de llegada (1)' is clicked on

27-11-2024T17:18:51 - [MESSAGE][PASSED] - Object: 'Object Repository/Positivos/Page_Olva Courier  Datos Personales/button_Ingrese el punto de llegada (1)' is clicked on

27-11-2024T17:18:51 - [TEST_STEP][PASSED] - click(findTestObject("Object Repository/Positivos/Page_Olva Courier  Datos Personales/a_AMAZONAS - BAGUA - EL PARCO")): Object: 'Object Repository/Positivos/Page_Olva Courier  Datos Personales/a_AMAZONAS - BAGUA - EL PARCO' is clicked on

27-11-2024T17:18:55 - [MESSAGE][PASSED] - Object: 'Object Repository/Positivos/Page_Olva Courier  Datos Personales/a_AMAZONAS - BAGUA - EL PARCO' is clicked on

27-11-2024T17:18:55 - [TEST_STEP][PASSED] - click(findTestObject("Object Repository/Positivos/Page_Olva Courier  Datos Personales/button_Entrega a domicilio")): Object: 'Object Repository/Positivos/Page_Olva Courier  Datos Personales/button_Entrega a domicilio' is clicked on

27-11-2024T17:18:56 - [MESSAGE][PASSED] - Object: 'Object Repository/Positivos/Page_Olva Courier  Datos Personales/button_Entrega a domicilio' is clicked on

27-11-2024T17:18:56 - [TEST_STEP][PASSED] - click(findTestObject("Object Repository/Positivos/Page_Olva Courier  Datos Personales/a_Recojo en tienda (1)")): Object: 'Object Repository/Positivos/Page_Olva Courier  Datos Personales/a_Recojo en tienda (1)' is clicked on

27-11-2024T17:18:56 - [MESSAGE][PASSED] - Object: 'Object Repository/Positivos/Page_Olva Courier  Datos Personales/a_Recojo en tienda (1)' is clicked on

27-11-2024T17:18:56 - [TEST_STEP][PASSED] - verifyElementText(findTestObject("Object Repository/Positivos/Page_Olva Courier  Datos Personales/p_No se encontr oficinas en el destino sele_1183e7"), "No se encontró oficinas en el destino seleccionado."): Actual text and expected text of test object 'Object Repository/Positivos/Page_Olva Courier  Datos Personales/p_No se encontr oficinas en el destino sele_1183e7' are matched.

27-11-2024T17:18:56 - [MESSAGE][PASSED] - Actual text and expected text of test object 'Object Repository/Positivos/Page_Olva Courier  Datos Personales/p_No se encontr oficinas en el destino sele_1183e7' are matched.

27-11-2024T17:18:56 - [TEST_STEP][PASSED] - click(findTestObject("Object Repository/Positivos/Page_Olva Courier  Datos Personales/button_Aceptar")): Object: 'Object Repository/Positivos/Page_Olva Courier  Datos Personales/button_Aceptar' is clicked on

27-11-2024T17:18:57 - [MESSAGE][PASSED] - Object: 'Object Repository/Positivos/Page_Olva Courier  Datos Personales/button_Aceptar' is clicked on]]></system-out>
         <system-err><![CDATA[]]></system-err>
      </testcase>
      <testcase name="Test Cases/2.Positivos/2.1Paquete/Origen-Provincia/3.Destino-D,DO,O/Destino-O" time="115.454" classname="Test Cases/2.Positivos/2.1Paquete/Origen-Provincia/3.Destino-D,DO,O/Destino-O" status="FAILED">
         <failure type="FAILED" message="Test Cases/2.Positivos/2.1Paquete/Origen-Provincia/3.Destino-D,DO,O/Destino-O FAILED.&#xa;Reason:&#xa;com.kms.katalon.core.exception.StepFailedException: Unable to click on object 'Object Repository/Destinos/Page_Olva Courier  Datos Personales/button_LIMA (1)'&#xa;	at com.kms.katalon.core.webui.keyword.internal.WebUIKeywordMain.stepFailed(WebUIKeywordMain.groovy:117)&#xa;	at com.kms.katalon.core.webui.keyword.internal.WebUIKeywordMain.runKeyword(WebUIKeywordMain.groovy:43)&#xa;	at com.kms.katalon.core.webui.keyword.builtin.ClickKeyword.click(ClickKeyword.groovy:74)&#xa;	at com.kms.katalon.core.webui.keyword.builtin.ClickKeyword.execute(ClickKeyword.groovy:40)&#xa;	at com.kms.katalon.core.keyword.internal.KeywordExecutor.executeKeywordForPlatform(KeywordExecutor.groovy:74)&#xa;	at com.kms.katalon.core.webui.keyword.WebUiBuiltInKeywords.click(WebUiBuiltInKeywords.groovy:659)&#xa;	at Destino-O.run(Destino-O:38)&#xa;	at com.kms.katalon.core.main.ScriptEngine.run(ScriptEngine.java:194)&#xa;	at com.kms.katalon.core.main.ScriptEngine.runScriptAsRawText(ScriptEngine.java:119)&#xa;	at com.kms.katalon.core.main.TestCaseExecutor.runScript(TestCaseExecutor.java:448)&#xa;	at com.kms.katalon.core.main.TestCaseExecutor.doExecute(TestCaseExecutor.java:439)&#xa;	at com.kms.katalon.core.main.TestCaseExecutor.processExecutionPhase(TestCaseExecutor.java:418)&#xa;	at com.kms.katalon.core.main.TestCaseExecutor.accessMainPhase(TestCaseExecutor.java:410)&#xa;	at com.kms.katalon.core.main.TestCaseExecutor.execute(TestCaseExecutor.java:285)&#xa;	at com.kms.katalon.core.common.CommonExecutor.accessTestCaseMainPhase(CommonExecutor.java:65)&#xa;	at com.kms.katalon.core.main.TestSuiteExecutor.accessTestSuiteMainPhase(TestSuiteExecutor.java:150)&#xa;	at com.kms.katalon.core.main.TestSuiteExecutor.execute(TestSuiteExecutor.java:106)&#xa;	at com.kms.katalon.core.main.TestCaseMain.startTestSuite(TestCaseMain.java:180)&#xa;	at TempTestSuite1732745349578.run(TempTestSuite1732745349578.groovy:35)&#xa;	at java.base/jdk.internal.reflect.NativeMethodAccessorImpl.invoke0(Native Method)&#xa;	at java.base/jdk.internal.reflect.NativeMethodAccessorImpl.invoke(NativeMethodAccessorImpl.java:77)&#xa;	at java.base/jdk.internal.reflect.DelegatingMethodAccessorImpl.invoke(DelegatingMethodAccessorImpl.java:43)&#xa;Caused by: org.openqa.selenium.ElementClickInterceptedException: Element &lt;button class=&quot;btn dropdown-toggle form-control selectpicker btn-default&quot; type=&quot;button&quot;> is not clickable at point (455,612) because another element &lt;p> obscures it&#xa;Build info: version: '3.141.59', revision: 'unknown', time: 'unknown'&#xa;System info: host: 'DESKTOP-RGFFP9A', ip: '10.136.10.6', os.name: 'Windows 11', os.arch: 'amd64', os.version: '10.0', java.version: '17.0.7'&#xa;Driver info: com.kms.katalon.core.webui.driver.firefox.CGeckoDriver&#xa;Capabilities {acceptInsecureCerts: true, browserName: firefox, browserVersion: 133.0, javascriptEnabled: true, moz:accessibilityChecks: false, moz:buildID: 20241121140525, moz:geckodriverVersion: 0.35.0, moz:headless: false, moz:platformVersion: 10.0, moz:processID: 39940, moz:profile: C:\Users\OLVATI\AppData\Loc..., moz:shutdownTimeout: 60000, moz:webdriverClick: true, moz:windowless: false, pageLoadStrategy: normal, platform: WINDOWS, platformName: WINDOWS, proxy: Proxy(direct), setWindowRect: true, strictFileInteractability: false, timeouts: {implicit: 0, pageLoad: 300000, script: 30000}, unhandledPromptBehavior: dismiss and notify, userAgent: Mozilla/5.0 (Windows NT 10....}&#xa;Session ID: e510132a-1a10-4c57-a07f-7fb2384cdbb6&#xa;	at jdk.internal.reflect.GeneratedConstructorAccessor32.newInstance(Unknown Source)&#xa;	at java.base/jdk.internal.reflect.DelegatingConstructorAccessorImpl.newInstance(DelegatingConstructorAccessorImpl.java:45)&#xa;	at org.openqa.selenium.remote.http.W3CHttpResponseCodec.createException(W3CHttpResponseCodec.java:187)&#xa;	at org.openqa.selenium.remote.http.W3CHttpResponseCodec.decode(W3CHttpResponseCodec.java:122)&#xa;	at org.openqa.selenium.remote.http.W3CHttpResponseCodec.decode(W3CHttpResponseCodec.java:49)&#xa;	at org.openqa.selenium.remote.HttpCommandExecutor.execute(HttpCommandExecutor.java:158)&#xa;	at org.openqa.selenium.remote.service.DriverCommandExecutor.execute(DriverCommandExecutor.java:83)&#xa;	at org.openqa.selenium.remote.RemoteWebDriver.execute(RemoteWebDriver.java:552)&#xa;	at com.kms.katalon.selenium.driver.CFirefoxDriver.execute(CFirefoxDriver.java:28)&#xa;	at org.openqa.selenium.remote.RemoteWebElement.execute(RemoteWebElement.java:285)&#xa;	at org.openqa.selenium.remote.RemoteWebElement.click(RemoteWebElement.java:84)&#xa;	at jdk.internal.reflect.GeneratedMethodAccessor10.invoke(Unknown Source)&#xa;	at java.base/jdk.internal.reflect.DelegatingMethodAccessorImpl.invoke(DelegatingMethodAccessorImpl.java:43)&#xa;	at org.openqa.selenium.support.events.EventFiringWebDriver$EventFiringWebElement.lambda$new$0(EventFiringWebDriver.java:404)&#xa;	at jdk.proxy2/jdk.proxy2.$Proxy21.click(Unknown Source)&#xa;	at org.openqa.selenium.support.events.EventFiringWebDriver$EventFiringWebElement.click(EventFiringWebDriver.java:417)&#xa;	at org.openqa.selenium.WebElement$click.call(Unknown Source)&#xa;	at com.kms.katalon.core.webui.keyword.builtin.ClickKeyword.clickUntilSuccessWithTimeout(ClickKeyword.groovy:81)&#xa;	at com.kms.katalon.core.webui.keyword.builtin.ClickKeyword.clickUntilSuccessWithTimeout(ClickKeyword.groovy)&#xa;	at jdk.internal.reflect.GeneratedMethodAccessor8.invoke(Unknown Source)&#xa;	at java.base/jdk.internal.reflect.DelegatingMethodAccessorImpl.invoke(DelegatingMethodAccessorImpl.java:43)&#xa;	at com.kms.katalon.core.webui.keyword.builtin.ClickKeyword$_click_closure1.doCall(ClickKeyword.groovy:67)&#xa;	at com.kms.katalon.core.webui.keyword.builtin.ClickKeyword$_click_closure1.call(ClickKeyword.groovy)&#xa;	at com.kms.katalon.core.webui.keyword.internal.WebUIKeywordMain.runKeyword(WebUIKeywordMain.groovy:35)&#xa;	... 20 more&#xa;"/>
         <system-out><![CDATA[27-11-2024T17:18:57 - [TEST_CASE][FAILED] - Test Cases/2.Positivos/2.1Paquete/Origen-Provincia/3.Destino-D,DO,O/Destino-O: Test Cases/2.Positivos/2.1Paquete/Origen-Provincia/3.Destino-D,DO,O/Destino-O FAILED.
Reason:
com.kms.katalon.core.exception.StepFailedException: Unable to click on object 'Object Repository/Destinos/Page_Olva Courier  Datos Personales/button_LIMA (1)'
	at com.kms.katalon.core.webui.keyword.internal.WebUIKeywordMain.stepFailed(WebUIKeywordMain.groovy:117)
	at com.kms.katalon.core.webui.keyword.internal.WebUIKeywordMain.runKeyword(WebUIKeywordMain.groovy:43)
	at com.kms.katalon.core.webui.keyword.builtin.ClickKeyword.click(ClickKeyword.groovy:74)
	at com.kms.katalon.core.webui.keyword.builtin.ClickKeyword.execute(ClickKeyword.groovy:40)
	at com.kms.katalon.core.keyword.internal.KeywordExecutor.executeKeywordForPlatform(KeywordExecutor.groovy:74)
	at com.kms.katalon.core.webui.keyword.WebUiBuiltInKeywords.click(WebUiBuiltInKeywords.groovy:659)
	at Destino-O.run(Destino-O:38)
	at com.kms.katalon.core.main.ScriptEngine.run(ScriptEngine.java:194)
	at com.kms.katalon.core.main.ScriptEngine.runScriptAsRawText(ScriptEngine.java:119)
	at com.kms.katalon.core.main.TestCaseExecutor.runScript(TestCaseExecutor.java:448)
	at com.kms.katalon.core.main.TestCaseExecutor.doExecute(TestCaseExecutor.java:439)
	at com.kms.katalon.core.main.TestCaseExecutor.processExecutionPhase(TestCaseExecutor.java:418)
	at com.kms.katalon.core.main.TestCaseExecutor.accessMainPhase(TestCaseExecutor.java:410)
	at com.kms.katalon.core.main.TestCaseExecutor.execute(TestCaseExecutor.java:285)
	at com.kms.katalon.core.common.CommonExecutor.accessTestCaseMainPhase(CommonExecutor.java:65)
	at com.kms.katalon.core.main.TestSuiteExecutor.accessTestSuiteMainPhase(TestSuiteExecutor.java:150)
	at com.kms.katalon.core.main.TestSuiteExecutor.execute(TestSuiteExecutor.java:106)
	at com.kms.katalon.core.main.TestCaseMain.startTestSuite(TestCaseMain.java:180)
	at TempTestSuite1732745349578.run(TempTestSuite1732745349578.groovy:35)
	at java.base/jdk.internal.reflect.NativeMethodAccessorImpl.invoke0(Native Method)
	at java.base/jdk.internal.reflect.NativeMethodAccessorImpl.invoke(NativeMethodAccessorImpl.java:77)
	at java.base/jdk.internal.reflect.DelegatingMethodAccessorImpl.invoke(DelegatingMethodAccessorImpl.java:43)
Caused by: org.openqa.selenium.ElementClickInterceptedException: Element <button class="btn dropdown-toggle form-control selectpicker btn-default" type="button"> is not clickable at point (455,612) because another element <p> obscures it
Build info: version: '3.141.59', revision: 'unknown', time: 'unknown'
System info: host: 'DESKTOP-RGFFP9A', ip: '10.136.10.6', os.name: 'Windows 11', os.arch: 'amd64', os.version: '10.0', java.version: '17.0.7'
Driver info: com.kms.katalon.core.webui.driver.firefox.CGeckoDriver
Capabilities {acceptInsecureCerts: true, browserName: firefox, browserVersion: 133.0, javascriptEnabled: true, moz:accessibilityChecks: false, moz:buildID: 20241121140525, moz:geckodriverVersion: 0.35.0, moz:headless: false, moz:platformVersion: 10.0, moz:processID: 39940, moz:profile: C:\Users\OLVATI\AppData\Loc..., moz:shutdownTimeout: 60000, moz:webdriverClick: true, moz:windowless: false, pageLoadStrategy: normal, platform: WINDOWS, platformName: WINDOWS, proxy: Proxy(direct), setWindowRect: true, strictFileInteractability: false, timeouts: {implicit: 0, pageLoad: 300000, script: 30000}, unhandledPromptBehavior: dismiss and notify, userAgent: Mozilla/5.0 (Windows NT 10....}
Session ID: e510132a-1a10-4c57-a07f-7fb2384cdbb6
	at jdk.internal.reflect.GeneratedConstructorAccessor32.newInstance(Unknown Source)
	at java.base/jdk.internal.reflect.DelegatingConstructorAccessorImpl.newInstance(DelegatingConstructorAccessorImpl.java:45)
	at org.openqa.selenium.remote.http.W3CHttpResponseCodec.createException(W3CHttpResponseCodec.java:187)
	at org.openqa.selenium.remote.http.W3CHttpResponseCodec.decode(W3CHttpResponseCodec.java:122)
	at org.openqa.selenium.remote.http.W3CHttpResponseCodec.decode(W3CHttpResponseCodec.java:49)
	at org.openqa.selenium.remote.HttpCommandExecutor.execute(HttpCommandExecutor.java:158)
	at org.openqa.selenium.remote.service.DriverCommandExecutor.execute(DriverCommandExecutor.java:83)
	at org.openqa.selenium.remote.RemoteWebDriver.execute(RemoteWebDriver.java:552)
	at com.kms.katalon.selenium.driver.CFirefoxDriver.execute(CFirefoxDriver.java:28)
	at org.openqa.selenium.remote.RemoteWebElement.execute(RemoteWebElement.java:285)
	at org.openqa.selenium.remote.RemoteWebElement.click(RemoteWebElement.java:84)
	at jdk.internal.reflect.GeneratedMethodAccessor10.invoke(Unknown Source)
	at java.base/jdk.internal.reflect.DelegatingMethodAccessorImpl.invoke(DelegatingMethodAccessorImpl.java:43)
	at org.openqa.selenium.support.events.EventFiringWebDriver$EventFiringWebElement.lambda$new$0(EventFiringWebDriver.java:404)
	at jdk.proxy2/jdk.proxy2.$Proxy21.click(Unknown Source)
	at org.openqa.selenium.support.events.EventFiringWebDriver$EventFiringWebElement.click(EventFiringWebDriver.java:417)
	at org.openqa.selenium.WebElement$click.call(Unknown Source)
	at com.kms.katalon.core.webui.keyword.builtin.ClickKeyword.clickUntilSuccessWithTimeout(ClickKeyword.groovy:81)
	at com.kms.katalon.core.webui.keyword.builtin.ClickKeyword.clickUntilSuccessWithTimeout(ClickKeyword.groovy)
	at jdk.internal.reflect.GeneratedMethodAccessor8.invoke(Unknown Source)
	at java.base/jdk.internal.reflect.DelegatingMethodAccessorImpl.invoke(DelegatingMethodAccessorImpl.java:43)
	at com.kms.katalon.core.webui.keyword.builtin.ClickKeyword$_click_closure1.doCall(ClickKeyword.groovy:67)
	at com.kms.katalon.core.webui.keyword.builtin.ClickKeyword$_click_closure1.call(ClickKeyword.groovy)
	at com.kms.katalon.core.webui.keyword.internal.WebUIKeywordMain.runKeyword(WebUIKeywordMain.groovy:35)
	... 20 more


27-11-2024T17:18:58 - [TEST_STEP][PASSED] - callTestCase(findTestCase("1.Inicio/1.1Principal/Principal-home"), [:], STOP_ON_FAILURE): Call Test Case 'Test Cases/1.Inicio/1.1Principal/Principal-home' successfully

27-11-2024T17:18:58 - [TEST_CASE][PASSED] - Test Cases/1.Inicio/1.1Principal/Principal-home: Test Cases/1.Inicio/1.1Principal/Principal-home

27-11-2024T17:18:58 - [TEST_STEP][PASSED] - openBrowser(""): Browser is opened with url: ''

27-11-2024T17:18:58 - [MESSAGE][WARNING] - A browser is already opened. Closing browser and opening a new one

27-11-2024T17:19:00 - [MESSAGE][INFO] - Starting 'Firefox' driver

27-11-2024T17:19:00 - [MESSAGE][INFO] - Action delay is set to 0 milliseconds

27-11-2024T17:19:12 - [MESSAGE][PASSED] - Browser is opened with url: ''

27-11-2024T17:19:12 - [TEST_STEP][PASSED] - navigateToUrl("https://dev01-registrodeenvios.olvacourier.com/principal"): Navigate to 'https://dev01-registrodeenvios.olvacourier.com/principal' successfully

27-11-2024T17:19:14 - [MESSAGE][PASSED] - Navigate to 'https://dev01-registrodeenvios.olvacourier.com/principal' successfully

27-11-2024T17:19:14 - [TEST_STEP][PASSED] - maximizeWindow(): Current window maximized

27-11-2024T17:19:15 - [MESSAGE][PASSED] - Current window maximized

27-11-2024T17:19:15 - [MESSAGE][PASSED] - Call Test Case 'Test Cases/1.Inicio/1.1Principal/Principal-home' successfully

27-11-2024T17:19:15 - [TEST_STEP][PASSED] - callTestCase(findTestCase("1.Inicio/1.1Principal/Selec_paquete"), [:], STOP_ON_FAILURE): Call Test Case 'Test Cases/1.Inicio/1.1Principal/Selec_paquete' successfully

27-11-2024T17:19:15 - [TEST_CASE][PASSED] - Test Cases/1.Inicio/1.1Principal/Selec_paquete: Test Cases/1.Inicio/1.1Principal/Selec_paquete

27-11-2024T17:19:15 - [TEST_STEP][PASSED] - click(findTestObject("Object Repository/Principal/Page_Olva Courier  Home/img_Qu deseas realizar hoy_img_paquete")): Object: 'Object Repository/Principal/Page_Olva Courier  Home/img_Qu deseas realizar hoy_img_paquete' is clicked on

27-11-2024T17:19:16 - [MESSAGE][PASSED] - Object: 'Object Repository/Principal/Page_Olva Courier  Home/img_Qu deseas realizar hoy_img_paquete' is clicked on

27-11-2024T17:19:16 - [TEST_STEP][PASSED] - click(findTestObject("Object Repository/Principal/Page_Olva Courier  Home/span_He ledo y acepto los_checkmark (1)")): Object: 'Object Repository/Principal/Page_Olva Courier  Home/span_He ledo y acepto los_checkmark (1)' is clicked on

27-11-2024T17:19:19 - [MESSAGE][PASSED] - Object: 'Object Repository/Principal/Page_Olva Courier  Home/span_He ledo y acepto los_checkmark (1)' is clicked on

27-11-2024T17:19:19 - [TEST_STEP][PASSED] - click(findTestObject("Object Repository/Principal/Page_Olva Courier  Home/button_CONTINUAR (1)")): Object: 'Object Repository/Principal/Page_Olva Courier  Home/button_CONTINUAR (1)' is clicked on

27-11-2024T17:19:26 - [MESSAGE][PASSED] - Object: 'Object Repository/Principal/Page_Olva Courier  Home/button_CONTINUAR (1)' is clicked on

27-11-2024T17:19:26 - [TEST_STEP][PASSED] - verifyElementPresent(findTestObject("Object Repository/Principal/Page_Olva Courier  Datos Personales/strong_REGISTRO DE ENVOS"), 0): Object 'Object Repository/Principal/Page_Olva Courier  Datos Personales/strong_REGISTRO DE ENVOS' is present

27-11-2024T17:19:26 - [MESSAGE][WARNING] - Timeout '0' is invalid. Using default page load timeout: '30'

27-11-2024T17:19:28 - [MESSAGE][PASSED] - Object 'Object Repository/Principal/Page_Olva Courier  Datos Personales/strong_REGISTRO DE ENVOS' is present

27-11-2024T17:19:28 - [TEST_STEP][PASSED] - verifyElementPresent(findTestObject("Object Repository/Principal/Page_Olva Courier  Datos Personales/span_Regresar (1)"), 0): Object 'Object Repository/Principal/Page_Olva Courier  Datos Personales/span_Regresar (1)' is present

27-11-2024T17:19:28 - [MESSAGE][WARNING] - Timeout '0' is invalid. Using default page load timeout: '30'

27-11-2024T17:19:30 - [MESSAGE][PASSED] - Object 'Object Repository/Principal/Page_Olva Courier  Datos Personales/span_Regresar (1)' is present

27-11-2024T17:19:30 - [TEST_STEP][PASSED] - verifyElementPresent(findTestObject("Object Repository/Principal/Page_Olva Courier  Datos Personales/span_Inicio (1)"), 0): Object 'Object Repository/Principal/Page_Olva Courier  Datos Personales/span_Inicio (1)' is present

27-11-2024T17:19:30 - [MESSAGE][WARNING] - Timeout '0' is invalid. Using default page load timeout: '30'

27-11-2024T17:19:32 - [MESSAGE][PASSED] - Object 'Object Repository/Principal/Page_Olva Courier  Datos Personales/span_Inicio (1)' is present

27-11-2024T17:19:32 - [MESSAGE][PASSED] - Call Test Case 'Test Cases/1.Inicio/1.1Principal/Selec_paquete' successfully

27-11-2024T17:19:32 - [TEST_STEP][PASSED] - callTestCase(findTestCase("1.Inicio/1.2Tipo_Doc/1.DNI"), [:], STOP_ON_FAILURE): Call Test Case 'Test Cases/1.Inicio/1.2Tipo_Doc/1.DNI' successfully

27-11-2024T17:19:32 - [TEST_CASE][PASSED] - Test Cases/1.Inicio/1.2Tipo_Doc/1.DNI: Test Cases/1.Inicio/1.2Tipo_Doc/1.DNI

27-11-2024T17:19:32 - [TEST_STEP][PASSED] - click(findTestObject("Object Repository/Login/Page_Olva Courier  Datos Personales/button_Tipo De Documento")): Object: 'Object Repository/Login/Page_Olva Courier  Datos Personales/button_Tipo De Documento' is clicked on

27-11-2024T17:19:35 - [MESSAGE][PASSED] - Object: 'Object Repository/Login/Page_Olva Courier  Datos Personales/button_Tipo De Documento' is clicked on

27-11-2024T17:19:35 - [TEST_STEP][PASSED] - click(findTestObject("Object Repository/Login/Page_Olva Courier  Datos Personales/a_DNI (Boleta)")): Object: 'Object Repository/Login/Page_Olva Courier  Datos Personales/a_DNI (Boleta)' is clicked on

27-11-2024T17:19:38 - [MESSAGE][PASSED] - Object: 'Object Repository/Login/Page_Olva Courier  Datos Personales/a_DNI (Boleta)' is clicked on

27-11-2024T17:19:38 - [TEST_STEP][PASSED] - setText(findTestObject("Object Repository/Login/Page_Olva Courier  Datos Personales/input_CARN EXT. (Boleta)_txt_documento_cliente"), "47190321"): Text '47190321' is set on object 'Object Repository/Login/Page_Olva Courier  Datos Personales/input_CARN EXT. (Boleta)_txt_documento_cliente'

27-11-2024T17:19:42 - [MESSAGE][PASSED] - Text '47190321' is set on object 'Object Repository/Login/Page_Olva Courier  Datos Personales/input_CARN EXT. (Boleta)_txt_documento_cliente'

27-11-2024T17:19:42 - [TEST_STEP][PASSED] - setText(findTestObject("Object Repository/Login/Page_Olva Courier  Datos Personales/input_CARN EXT. (Boleta)_txt_telefono_cliente"), "957378086"): Text '957378086' is set on object 'Object Repository/Login/Page_Olva Courier  Datos Personales/input_CARN EXT. (Boleta)_txt_telefono_cliente'

27-11-2024T17:19:57 - [MESSAGE][PASSED] - Text '957378086' is set on object 'Object Repository/Login/Page_Olva Courier  Datos Personales/input_CARN EXT. (Boleta)_txt_telefono_cliente'

27-11-2024T17:19:57 - [TEST_STEP][PASSED] - setText(findTestObject("Object Repository/Login/Page_Olva Courier  Datos Personales/input_Hola,_txt_email_cliente"), "riosalejosjs@gmail.com"): Text 'riosalejosjs@gmail.com' is set on object 'Object Repository/Login/Page_Olva Courier  Datos Personales/input_Hola,_txt_email_cliente'

27-11-2024T17:20:01 - [MESSAGE][PASSED] - Text 'riosalejosjs@gmail.com' is set on object 'Object Repository/Login/Page_Olva Courier  Datos Personales/input_Hola,_txt_email_cliente'

27-11-2024T17:20:01 - [MESSAGE][PASSED] - Call Test Case 'Test Cases/1.Inicio/1.2Tipo_Doc/1.DNI' successfully

27-11-2024T17:20:01 - [TEST_STEP][PASSED] - click(findTestObject("Object Repository/Destinos/Page_Olva Courier  Datos Personales/span_Seleccionar artculo")): Object: 'Object Repository/Destinos/Page_Olva Courier  Datos Personales/span_Seleccionar artculo' is clicked on

27-11-2024T17:20:04 - [MESSAGE][PASSED] - Object: 'Object Repository/Destinos/Page_Olva Courier  Datos Personales/span_Seleccionar artculo' is clicked on

27-11-2024T17:20:04 - [TEST_STEP][PASSED] - click(findTestObject("Object Repository/Destinos/Page_Olva Courier  Datos Personales/span_ACCESORIOS Y EQUIPOS ELECTRONICOS")): Object: 'Object Repository/Destinos/Page_Olva Courier  Datos Personales/span_ACCESORIOS Y EQUIPOS ELECTRONICOS' is clicked on

27-11-2024T17:20:08 - [MESSAGE][PASSED] - Object: 'Object Repository/Destinos/Page_Olva Courier  Datos Personales/span_ACCESORIOS Y EQUIPOS ELECTRONICOS' is clicked on

27-11-2024T17:20:08 - [TEST_STEP][PASSED] - setText(findTestObject("Object Repository/Destinos/Page_Olva Courier  Datos Personales/input_UTILES DE OFICINA_txt_paquete_articulo"), "PREUBas"): Text 'PREUBas' is set on object 'Object Repository/Destinos/Page_Olva Courier  Datos Personales/input_UTILES DE OFICINA_txt_paquete_articulo'

27-11-2024T17:20:13 - [MESSAGE][PASSED] - Text 'PREUBas' is set on object 'Object Repository/Destinos/Page_Olva Courier  Datos Personales/input_UTILES DE OFICINA_txt_paquete_articulo'

27-11-2024T17:20:13 - [TEST_STEP][PASSED] - setText(findTestObject("Object Repository/Destinos/Page_Olva Courier  Datos Personales/input_UTILES DE OFICINA_txt_paquete_valor"), "50"): Text '50' is set on object 'Object Repository/Destinos/Page_Olva Courier  Datos Personales/input_UTILES DE OFICINA_txt_paquete_valor'

27-11-2024T17:20:17 - [MESSAGE][PASSED] - Text '50' is set on object 'Object Repository/Destinos/Page_Olva Courier  Datos Personales/input_UTILES DE OFICINA_txt_paquete_valor'

27-11-2024T17:20:17 - [TEST_STEP][PASSED] - click(findTestObject("Object Repository/Destinos/Page_Olva Courier  Datos Personales/div_Hasta 1Kg")): Object: 'Object Repository/Destinos/Page_Olva Courier  Datos Personales/div_Hasta 1Kg' is clicked on

27-11-2024T17:20:19 - [MESSAGE][PASSED] - Object: 'Object Repository/Destinos/Page_Olva Courier  Datos Personales/div_Hasta 1Kg' is clicked on

27-11-2024T17:20:19 - [TEST_STEP][FAILED] - click(findTestObject("Object Repository/Destinos/Page_Olva Courier  Datos Personales/button_LIMA (1)")): Unable to click on object 'Object Repository/Destinos/Page_Olva Courier  Datos Personales/button_LIMA (1)' (Root cause: com.kms.katalon.core.exception.StepFailedException: Unable to click on object 'Object Repository/Destinos/Page_Olva Courier  Datos Personales/button_LIMA (1)'
	at com.kms.katalon.core.webui.keyword.internal.WebUIKeywordMain.stepFailed(WebUIKeywordMain.groovy:117)
	at com.kms.katalon.core.webui.keyword.internal.WebUIKeywordMain.runKeyword(WebUIKeywordMain.groovy:43)
	at com.kms.katalon.core.webui.keyword.builtin.ClickKeyword.click(ClickKeyword.groovy:74)
	at com.kms.katalon.core.webui.keyword.builtin.ClickKeyword.execute(ClickKeyword.groovy:40)
	at com.kms.katalon.core.keyword.internal.KeywordExecutor.executeKeywordForPlatform(KeywordExecutor.groovy:74)
	at com.kms.katalon.core.webui.keyword.WebUiBuiltInKeywords.click(WebUiBuiltInKeywords.groovy:659)
	at Destino-O.run(Destino-O:38)
	at com.kms.katalon.core.main.ScriptEngine.run(ScriptEngine.java:194)
	at com.kms.katalon.core.main.ScriptEngine.runScriptAsRawText(ScriptEngine.java:119)
	at com.kms.katalon.core.main.TestCaseExecutor.runScript(TestCaseExecutor.java:448)
	at com.kms.katalon.core.main.TestCaseExecutor.doExecute(TestCaseExecutor.java:439)
	at com.kms.katalon.core.main.TestCaseExecutor.processExecutionPhase(TestCaseExecutor.java:418)
	at com.kms.katalon.core.main.TestCaseExecutor.accessMainPhase(TestCaseExecutor.java:410)
	at com.kms.katalon.core.main.TestCaseExecutor.execute(TestCaseExecutor.java:285)
	at com.kms.katalon.core.common.CommonExecutor.accessTestCaseMainPhase(CommonExecutor.java:65)
	at com.kms.katalon.core.main.TestSuiteExecutor.accessTestSuiteMainPhase(TestSuiteExecutor.java:150)
	at com.kms.katalon.core.main.TestSuiteExecutor.execute(TestSuiteExecutor.java:106)
	at com.kms.katalon.core.main.TestCaseMain.startTestSuite(TestCaseMain.java:180)
	at TempTestSuite1732745349578.run(TempTestSuite1732745349578.groovy:35)
	at java.base/jdk.internal.reflect.NativeMethodAccessorImpl.invoke0(Native Method)
	at java.base/jdk.internal.reflect.NativeMethodAccessorImpl.invoke(NativeMethodAccessorImpl.java:77)
	at java.base/jdk.internal.reflect.DelegatingMethodAccessorImpl.invoke(DelegatingMethodAccessorImpl.java:43)
Caused by: org.openqa.selenium.ElementClickInterceptedException: Element <button class="btn dropdown-toggle form-control selectpicker btn-default" type="button"> is not clickable at point (455,612) because another element <p> obscures it
Build info: version: '3.141.59', revision: 'unknown', time: 'unknown'
System info: host: 'DESKTOP-RGFFP9A', ip: '10.136.10.6', os.name: 'Windows 11', os.arch: 'amd64', os.version: '10.0', java.version: '17.0.7'
Driver info: com.kms.katalon.core.webui.driver.firefox.CGeckoDriver
Capabilities {acceptInsecureCerts: true, browserName: firefox, browserVersion: 133.0, javascriptEnabled: true, moz:accessibilityChecks: false, moz:buildID: 20241121140525, moz:geckodriverVersion: 0.35.0, moz:headless: false, moz:platformVersion: 10.0, moz:processID: 39940, moz:profile: C:\Users\OLVATI\AppData\Loc..., moz:shutdownTimeout: 60000, moz:webdriverClick: true, moz:windowless: false, pageLoadStrategy: normal, platform: WINDOWS, platformName: WINDOWS, proxy: Proxy(direct), setWindowRect: true, strictFileInteractability: false, timeouts: {implicit: 0, pageLoad: 300000, script: 30000}, unhandledPromptBehavior: dismiss and notify, userAgent: Mozilla/5.0 (Windows NT 10....}
Session ID: e510132a-1a10-4c57-a07f-7fb2384cdbb6
	at jdk.internal.reflect.GeneratedConstructorAccessor32.newInstance(Unknown Source)
	at java.base/jdk.internal.reflect.DelegatingConstructorAccessorImpl.newInstance(DelegatingConstructorAccessorImpl.java:45)
	at org.openqa.selenium.remote.http.W3CHttpResponseCodec.createException(W3CHttpResponseCodec.java:187)
	at org.openqa.selenium.remote.http.W3CHttpResponseCodec.decode(W3CHttpResponseCodec.java:122)
	at org.openqa.selenium.remote.http.W3CHttpResponseCodec.decode(W3CHttpResponseCodec.java:49)
	at org.openqa.selenium.remote.HttpCommandExecutor.execute(HttpCommandExecutor.java:158)
	at org.openqa.selenium.remote.service.DriverCommandExecutor.execute(DriverCommandExecutor.java:83)
	at org.openqa.selenium.remote.RemoteWebDriver.execute(RemoteWebDriver.java:552)
	at com.kms.katalon.selenium.driver.CFirefoxDriver.execute(CFirefoxDriver.java:28)
	at org.openqa.selenium.remote.RemoteWebElement.execute(RemoteWebElement.java:285)
	at org.openqa.selenium.remote.RemoteWebElement.click(RemoteWebElement.java:84)
	at jdk.internal.reflect.GeneratedMethodAccessor10.invoke(Unknown Source)
	at java.base/jdk.internal.reflect.DelegatingMethodAccessorImpl.invoke(DelegatingMethodAccessorImpl.java:43)
	at org.openqa.selenium.support.events.EventFiringWebDriver$EventFiringWebElement.lambda$new$0(EventFiringWebDriver.java:404)
	at jdk.proxy2/jdk.proxy2.$Proxy21.click(Unknown Source)
	at org.openqa.selenium.support.events.EventFiringWebDriver$EventFiringWebElement.click(EventFiringWebDriver.java:417)
	at org.openqa.selenium.WebElement$click.call(Unknown Source)
	at com.kms.katalon.core.webui.keyword.builtin.ClickKeyword.clickUntilSuccessWithTimeout(ClickKeyword.groovy:81)
	at com.kms.katalon.core.webui.keyword.builtin.ClickKeyword.clickUntilSuccessWithTimeout(ClickKeyword.groovy)
	at jdk.internal.reflect.GeneratedMethodAccessor8.invoke(Unknown Source)
	at java.base/jdk.internal.reflect.DelegatingMethodAccessorImpl.invoke(DelegatingMethodAccessorImpl.java:43)
	at com.kms.katalon.core.webui.keyword.builtin.ClickKeyword$_click_closure1.doCall(ClickKeyword.groovy:67)
	at com.kms.katalon.core.webui.keyword.builtin.ClickKeyword$_click_closure1.call(ClickKeyword.groovy)
	at com.kms.katalon.core.webui.keyword.internal.WebUIKeywordMain.runKeyword(WebUIKeywordMain.groovy:35)
	at com.kms.katalon.core.webui.keyword.builtin.ClickKeyword.click(ClickKeyword.groovy:74)
	at com.kms.katalon.core.webui.keyword.builtin.ClickKeyword.execute(ClickKeyword.groovy:40)
	at com.kms.katalon.core.keyword.internal.KeywordExecutor.executeKeywordForPlatform(KeywordExecutor.groovy:74)
	at com.kms.katalon.core.webui.keyword.WebUiBuiltInKeywords.click(WebUiBuiltInKeywords.groovy:659)
	at Script1732317059524.run(Script1732317059524.groovy:38)
	... 15 more
)

27-11-2024T17:20:53 - [MESSAGE][FAILED] - Unable to click on object 'Object Repository/Destinos/Page_Olva Courier  Datos Personales/button_LIMA (1)' (Root cause: com.kms.katalon.core.exception.StepFailedException: Unable to click on object 'Object Repository/Destinos/Page_Olva Courier  Datos Personales/button_LIMA (1)'
	at com.kms.katalon.core.webui.keyword.internal.WebUIKeywordMain.stepFailed(WebUIKeywordMain.groovy:117)
	at com.kms.katalon.core.webui.keyword.internal.WebUIKeywordMain.runKeyword(WebUIKeywordMain.groovy:43)
	at com.kms.katalon.core.webui.keyword.builtin.ClickKeyword.click(ClickKeyword.groovy:74)
	at com.kms.katalon.core.webui.keyword.builtin.ClickKeyword.execute(ClickKeyword.groovy:40)
	at com.kms.katalon.core.keyword.internal.KeywordExecutor.executeKeywordForPlatform(KeywordExecutor.groovy:74)
	at com.kms.katalon.core.webui.keyword.WebUiBuiltInKeywords.click(WebUiBuiltInKeywords.groovy:659)
	at Destino-O.run(Destino-O:38)
	at com.kms.katalon.core.main.ScriptEngine.run(ScriptEngine.java:194)
	at com.kms.katalon.core.main.ScriptEngine.runScriptAsRawText(ScriptEngine.java:119)
	at com.kms.katalon.core.main.TestCaseExecutor.runScript(TestCaseExecutor.java:448)
	at com.kms.katalon.core.main.TestCaseExecutor.doExecute(TestCaseExecutor.java:439)
	at com.kms.katalon.core.main.TestCaseExecutor.processExecutionPhase(TestCaseExecutor.java:418)
	at com.kms.katalon.core.main.TestCaseExecutor.accessMainPhase(TestCaseExecutor.java:410)
	at com.kms.katalon.core.main.TestCaseExecutor.execute(TestCaseExecutor.java:285)
	at com.kms.katalon.core.common.CommonExecutor.accessTestCaseMainPhase(CommonExecutor.java:65)
	at com.kms.katalon.core.main.TestSuiteExecutor.accessTestSuiteMainPhase(TestSuiteExecutor.java:150)
	at com.kms.katalon.core.main.TestSuiteExecutor.execute(TestSuiteExecutor.java:106)
	at com.kms.katalon.core.main.TestCaseMain.startTestSuite(TestCaseMain.java:180)
	at TempTestSuite1732745349578.run(TempTestSuite1732745349578.groovy:35)
	at java.base/jdk.internal.reflect.NativeMethodAccessorImpl.invoke0(Native Method)
	at java.base/jdk.internal.reflect.NativeMethodAccessorImpl.invoke(NativeMethodAccessorImpl.java:77)
	at java.base/jdk.internal.reflect.DelegatingMethodAccessorImpl.invoke(DelegatingMethodAccessorImpl.java:43)
Caused by: org.openqa.selenium.ElementClickInterceptedException: Element <button class="btn dropdown-toggle form-control selectpicker btn-default" type="button"> is not clickable at point (455,612) because another element <p> obscures it
Build info: version: '3.141.59', revision: 'unknown', time: 'unknown'
System info: host: 'DESKTOP-RGFFP9A', ip: '10.136.10.6', os.name: 'Windows 11', os.arch: 'amd64', os.version: '10.0', java.version: '17.0.7'
Driver info: com.kms.katalon.core.webui.driver.firefox.CGeckoDriver
Capabilities {acceptInsecureCerts: true, browserName: firefox, browserVersion: 133.0, javascriptEnabled: true, moz:accessibilityChecks: false, moz:buildID: 20241121140525, moz:geckodriverVersion: 0.35.0, moz:headless: false, moz:platformVersion: 10.0, moz:processID: 39940, moz:profile: C:\Users\OLVATI\AppData\Loc..., moz:shutdownTimeout: 60000, moz:webdriverClick: true, moz:windowless: false, pageLoadStrategy: normal, platform: WINDOWS, platformName: WINDOWS, proxy: Proxy(direct), setWindowRect: true, strictFileInteractability: false, timeouts: {implicit: 0, pageLoad: 300000, script: 30000}, unhandledPromptBehavior: dismiss and notify, userAgent: Mozilla/5.0 (Windows NT 10....}
Session ID: e510132a-1a10-4c57-a07f-7fb2384cdbb6
	at jdk.internal.reflect.GeneratedConstructorAccessor32.newInstance(Unknown Source)
	at java.base/jdk.internal.reflect.DelegatingConstructorAccessorImpl.newInstance(DelegatingConstructorAccessorImpl.java:45)
	at org.openqa.selenium.remote.http.W3CHttpResponseCodec.createException(W3CHttpResponseCodec.java:187)
	at org.openqa.selenium.remote.http.W3CHttpResponseCodec.decode(W3CHttpResponseCodec.java:122)
	at org.openqa.selenium.remote.http.W3CHttpResponseCodec.decode(W3CHttpResponseCodec.java:49)
	at org.openqa.selenium.remote.HttpCommandExecutor.execute(HttpCommandExecutor.java:158)
	at org.openqa.selenium.remote.service.DriverCommandExecutor.execute(DriverCommandExecutor.java:83)
	at org.openqa.selenium.remote.RemoteWebDriver.execute(RemoteWebDriver.java:552)
	at com.kms.katalon.selenium.driver.CFirefoxDriver.execute(CFirefoxDriver.java:28)
	at org.openqa.selenium.remote.RemoteWebElement.execute(RemoteWebElement.java:285)
	at org.openqa.selenium.remote.RemoteWebElement.click(RemoteWebElement.java:84)
	at jdk.internal.reflect.GeneratedMethodAccessor10.invoke(Unknown Source)
	at java.base/jdk.internal.reflect.DelegatingMethodAccessorImpl.invoke(DelegatingMethodAccessorImpl.java:43)
	at org.openqa.selenium.support.events.EventFiringWebDriver$EventFiringWebElement.lambda$new$0(EventFiringWebDriver.java:404)
	at jdk.proxy2/jdk.proxy2.$Proxy21.click(Unknown Source)
	at org.openqa.selenium.support.events.EventFiringWebDriver$EventFiringWebElement.click(EventFiringWebDriver.java:417)
	at org.openqa.selenium.WebElement$click.call(Unknown Source)
	at com.kms.katalon.core.webui.keyword.builtin.ClickKeyword.clickUntilSuccessWithTimeout(ClickKeyword.groovy:81)
	at com.kms.katalon.core.webui.keyword.builtin.ClickKeyword.clickUntilSuccessWithTimeout(ClickKeyword.groovy)
	at jdk.internal.reflect.GeneratedMethodAccessor8.invoke(Unknown Source)
	at java.base/jdk.internal.reflect.DelegatingMethodAccessorImpl.invoke(DelegatingMethodAccessorImpl.java:43)
	at com.kms.katalon.core.webui.keyword.builtin.ClickKeyword$_click_closure1.doCall(ClickKeyword.groovy:67)
	at com.kms.katalon.core.webui.keyword.builtin.ClickKeyword$_click_closure1.call(ClickKeyword.groovy)
	at com.kms.katalon.core.webui.keyword.internal.WebUIKeywordMain.runKeyword(WebUIKeywordMain.groovy:35)
	at com.kms.katalon.core.webui.keyword.builtin.ClickKeyword.click(ClickKeyword.groovy:74)
	at com.kms.katalon.core.webui.keyword.builtin.ClickKeyword.execute(ClickKeyword.groovy:40)
	at com.kms.katalon.core.keyword.internal.KeywordExecutor.executeKeywordForPlatform(KeywordExecutor.groovy:74)
	at com.kms.katalon.core.webui.keyword.WebUiBuiltInKeywords.click(WebUiBuiltInKeywords.groovy:659)
	at Script1732317059524.run(Script1732317059524.groovy:38)
	... 15 more
)]]></system-out>
         <system-err><![CDATA[27-11-2024T17:18:57 - [TEST_CASE][FAILED] - Test Cases/2.Positivos/2.1Paquete/Origen-Provincia/3.Destino-D,DO,O/Destino-O: Test Cases/2.Positivos/2.1Paquete/Origen-Provincia/3.Destino-D,DO,O/Destino-O FAILED.
Reason:
com.kms.katalon.core.exception.StepFailedException: Unable to click on object 'Object Repository/Destinos/Page_Olva Courier  Datos Personales/button_LIMA (1)'
	at com.kms.katalon.core.webui.keyword.internal.WebUIKeywordMain.stepFailed(WebUIKeywordMain.groovy:117)
	at com.kms.katalon.core.webui.keyword.internal.WebUIKeywordMain.runKeyword(WebUIKeywordMain.groovy:43)
	at com.kms.katalon.core.webui.keyword.builtin.ClickKeyword.click(ClickKeyword.groovy:74)
	at com.kms.katalon.core.webui.keyword.builtin.ClickKeyword.execute(ClickKeyword.groovy:40)
	at com.kms.katalon.core.keyword.internal.KeywordExecutor.executeKeywordForPlatform(KeywordExecutor.groovy:74)
	at com.kms.katalon.core.webui.keyword.WebUiBuiltInKeywords.click(WebUiBuiltInKeywords.groovy:659)
	at Destino-O.run(Destino-O:38)
	at com.kms.katalon.core.main.ScriptEngine.run(ScriptEngine.java:194)
	at com.kms.katalon.core.main.ScriptEngine.runScriptAsRawText(ScriptEngine.java:119)
	at com.kms.katalon.core.main.TestCaseExecutor.runScript(TestCaseExecutor.java:448)
	at com.kms.katalon.core.main.TestCaseExecutor.doExecute(TestCaseExecutor.java:439)
	at com.kms.katalon.core.main.TestCaseExecutor.processExecutionPhase(TestCaseExecutor.java:418)
	at com.kms.katalon.core.main.TestCaseExecutor.accessMainPhase(TestCaseExecutor.java:410)
	at com.kms.katalon.core.main.TestCaseExecutor.execute(TestCaseExecutor.java:285)
	at com.kms.katalon.core.common.CommonExecutor.accessTestCaseMainPhase(CommonExecutor.java:65)
	at com.kms.katalon.core.main.TestSuiteExecutor.accessTestSuiteMainPhase(TestSuiteExecutor.java:150)
	at com.kms.katalon.core.main.TestSuiteExecutor.execute(TestSuiteExecutor.java:106)
	at com.kms.katalon.core.main.TestCaseMain.startTestSuite(TestCaseMain.java:180)
	at TempTestSuite1732745349578.run(TempTestSuite1732745349578.groovy:35)
	at java.base/jdk.internal.reflect.NativeMethodAccessorImpl.invoke0(Native Method)
	at java.base/jdk.internal.reflect.NativeMethodAccessorImpl.invoke(NativeMethodAccessorImpl.java:77)
	at java.base/jdk.internal.reflect.DelegatingMethodAccessorImpl.invoke(DelegatingMethodAccessorImpl.java:43)
Caused by: org.openqa.selenium.ElementClickInterceptedException: Element <button class="btn dropdown-toggle form-control selectpicker btn-default" type="button"> is not clickable at point (455,612) because another element <p> obscures it
Build info: version: '3.141.59', revision: 'unknown', time: 'unknown'
System info: host: 'DESKTOP-RGFFP9A', ip: '10.136.10.6', os.name: 'Windows 11', os.arch: 'amd64', os.version: '10.0', java.version: '17.0.7'
Driver info: com.kms.katalon.core.webui.driver.firefox.CGeckoDriver
Capabilities {acceptInsecureCerts: true, browserName: firefox, browserVersion: 133.0, javascriptEnabled: true, moz:accessibilityChecks: false, moz:buildID: 20241121140525, moz:geckodriverVersion: 0.35.0, moz:headless: false, moz:platformVersion: 10.0, moz:processID: 39940, moz:profile: C:\Users\OLVATI\AppData\Loc..., moz:shutdownTimeout: 60000, moz:webdriverClick: true, moz:windowless: false, pageLoadStrategy: normal, platform: WINDOWS, platformName: WINDOWS, proxy: Proxy(direct), setWindowRect: true, strictFileInteractability: false, timeouts: {implicit: 0, pageLoad: 300000, script: 30000}, unhandledPromptBehavior: dismiss and notify, userAgent: Mozilla/5.0 (Windows NT 10....}
Session ID: e510132a-1a10-4c57-a07f-7fb2384cdbb6
	at jdk.internal.reflect.GeneratedConstructorAccessor32.newInstance(Unknown Source)
	at java.base/jdk.internal.reflect.DelegatingConstructorAccessorImpl.newInstance(DelegatingConstructorAccessorImpl.java:45)
	at org.openqa.selenium.remote.http.W3CHttpResponseCodec.createException(W3CHttpResponseCodec.java:187)
	at org.openqa.selenium.remote.http.W3CHttpResponseCodec.decode(W3CHttpResponseCodec.java:122)
	at org.openqa.selenium.remote.http.W3CHttpResponseCodec.decode(W3CHttpResponseCodec.java:49)
	at org.openqa.selenium.remote.HttpCommandExecutor.execute(HttpCommandExecutor.java:158)
	at org.openqa.selenium.remote.service.DriverCommandExecutor.execute(DriverCommandExecutor.java:83)
	at org.openqa.selenium.remote.RemoteWebDriver.execute(RemoteWebDriver.java:552)
	at com.kms.katalon.selenium.driver.CFirefoxDriver.execute(CFirefoxDriver.java:28)
	at org.openqa.selenium.remote.RemoteWebElement.execute(RemoteWebElement.java:285)
	at org.openqa.selenium.remote.RemoteWebElement.click(RemoteWebElement.java:84)
	at jdk.internal.reflect.GeneratedMethodAccessor10.invoke(Unknown Source)
	at java.base/jdk.internal.reflect.DelegatingMethodAccessorImpl.invoke(DelegatingMethodAccessorImpl.java:43)
	at org.openqa.selenium.support.events.EventFiringWebDriver$EventFiringWebElement.lambda$new$0(EventFiringWebDriver.java:404)
	at jdk.proxy2/jdk.proxy2.$Proxy21.click(Unknown Source)
	at org.openqa.selenium.support.events.EventFiringWebDriver$EventFiringWebElement.click(EventFiringWebDriver.java:417)
	at org.openqa.selenium.WebElement$click.call(Unknown Source)
	at com.kms.katalon.core.webui.keyword.builtin.ClickKeyword.clickUntilSuccessWithTimeout(ClickKeyword.groovy:81)
	at com.kms.katalon.core.webui.keyword.builtin.ClickKeyword.clickUntilSuccessWithTimeout(ClickKeyword.groovy)
	at jdk.internal.reflect.GeneratedMethodAccessor8.invoke(Unknown Source)
	at java.base/jdk.internal.reflect.DelegatingMethodAccessorImpl.invoke(DelegatingMethodAccessorImpl.java:43)
	at com.kms.katalon.core.webui.keyword.builtin.ClickKeyword$_click_closure1.doCall(ClickKeyword.groovy:67)
	at com.kms.katalon.core.webui.keyword.builtin.ClickKeyword$_click_closure1.call(ClickKeyword.groovy)
	at com.kms.katalon.core.webui.keyword.internal.WebUIKeywordMain.runKeyword(WebUIKeywordMain.groovy:35)
	... 20 more]]></system-err>
      </testcase>
      <testcase name="Test Cases/2.Positivos/2.1Paquete/Origen-Provincia/3.Destino-D,DO,O/Destino-DO" time="114.011" classname="Test Cases/2.Positivos/2.1Paquete/Origen-Provincia/3.Destino-D,DO,O/Destino-DO" status="FAILED">
         <failure type="FAILED" message="Test Cases/2.Positivos/2.1Paquete/Origen-Provincia/3.Destino-D,DO,O/Destino-DO FAILED.&#xa;Reason:&#xa;com.kms.katalon.core.exception.StepFailedException: Unable to click on object 'Object Repository/Destinos/Page_Olva Courier  Confirma tus datos/button_IR A PAGAR S 27.90 (1)'&#xa;	at com.kms.katalon.core.webui.keyword.internal.WebUIKeywordMain.stepFailed(WebUIKeywordMain.groovy:117)&#xa;	at com.kms.katalon.core.webui.keyword.internal.WebUIKeywordMain.runKeyword(WebUIKeywordMain.groovy:43)&#xa;	at com.kms.katalon.core.webui.keyword.builtin.ClickKeyword.click(ClickKeyword.groovy:74)&#xa;	at com.kms.katalon.core.webui.keyword.builtin.ClickKeyword.execute(ClickKeyword.groovy:40)&#xa;	at com.kms.katalon.core.keyword.internal.KeywordExecutor.executeKeywordForPlatform(KeywordExecutor.groovy:74)&#xa;	at com.kms.katalon.core.webui.keyword.WebUiBuiltInKeywords.click(WebUiBuiltInKeywords.groovy:659)&#xa;	at Destino-DO.run(Destino-DO:122)&#xa;	at com.kms.katalon.core.main.ScriptEngine.run(ScriptEngine.java:194)&#xa;	at com.kms.katalon.core.main.ScriptEngine.runScriptAsRawText(ScriptEngine.java:119)&#xa;	at com.kms.katalon.core.main.TestCaseExecutor.runScript(TestCaseExecutor.java:448)&#xa;	at com.kms.katalon.core.main.TestCaseExecutor.doExecute(TestCaseExecutor.java:439)&#xa;	at com.kms.katalon.core.main.TestCaseExecutor.processExecutionPhase(TestCaseExecutor.java:418)&#xa;	at com.kms.katalon.core.main.TestCaseExecutor.accessMainPhase(TestCaseExecutor.java:410)&#xa;	at com.kms.katalon.core.main.TestCaseExecutor.execute(TestCaseExecutor.java:285)&#xa;	at com.kms.katalon.core.common.CommonExecutor.accessTestCaseMainPhase(CommonExecutor.java:65)&#xa;	at com.kms.katalon.core.main.TestSuiteExecutor.accessTestSuiteMainPhase(TestSuiteExecutor.java:150)&#xa;	at com.kms.katalon.core.main.TestSuiteExecutor.execute(TestSuiteExecutor.java:106)&#xa;	at com.kms.katalon.core.main.TestCaseMain.startTestSuite(TestCaseMain.java:180)&#xa;	at TempTestSuite1732745349578.run(TempTestSuite1732745349578.groovy:35)&#xa;	at java.base/jdk.internal.reflect.NativeMethodAccessorImpl.invoke0(Native Method)&#xa;	at java.base/jdk.internal.reflect.NativeMethodAccessorImpl.invoke(NativeMethodAccessorImpl.java:77)&#xa;	at java.base/jdk.internal.reflect.DelegatingMethodAccessorImpl.invoke(DelegatingMethodAccessorImpl.java:43)&#xa;Caused by: org.openqa.selenium.ElementClickInterceptedException: Element &lt;button id=&quot;btn-pagar-listar&quot; class=&quot;btn btn-warning&quot; type=&quot;button&quot;> is not clickable at point (682,614) because another element &lt;p> obscures it&#xa;Build info: version: '3.141.59', revision: 'unknown', time: 'unknown'&#xa;System info: host: 'DESKTOP-RGFFP9A', ip: '10.136.10.6', os.name: 'Windows 11', os.arch: 'amd64', os.version: '10.0', java.version: '17.0.7'&#xa;Driver info: com.kms.katalon.core.webui.driver.firefox.CGeckoDriver&#xa;Capabilities {acceptInsecureCerts: true, browserName: firefox, browserVersion: 133.0, javascriptEnabled: true, moz:accessibilityChecks: false, moz:buildID: 20241121140525, moz:geckodriverVersion: 0.35.0, moz:headless: false, moz:platformVersion: 10.0, moz:processID: 34056, moz:profile: C:\Users\OLVATI\AppData\Loc..., moz:shutdownTimeout: 60000, moz:webdriverClick: true, moz:windowless: false, pageLoadStrategy: normal, platform: WINDOWS, platformName: WINDOWS, proxy: Proxy(direct), setWindowRect: true, strictFileInteractability: false, timeouts: {implicit: 0, pageLoad: 300000, script: 30000}, unhandledPromptBehavior: dismiss and notify, userAgent: Mozilla/5.0 (Windows NT 10....}&#xa;Session ID: a6f3f7e4-d4a8-43dc-b77d-4a3c4150bb44&#xa;	at jdk.internal.reflect.GeneratedConstructorAccessor32.newInstance(Unknown Source)&#xa;	at java.base/jdk.internal.reflect.DelegatingConstructorAccessorImpl.newInstance(DelegatingConstructorAccessorImpl.java:45)&#xa;	at org.openqa.selenium.remote.http.W3CHttpResponseCodec.createException(W3CHttpResponseCodec.java:187)&#xa;	at org.openqa.selenium.remote.http.W3CHttpResponseCodec.decode(W3CHttpResponseCodec.java:122)&#xa;	at org.openqa.selenium.remote.http.W3CHttpResponseCodec.decode(W3CHttpResponseCodec.java:49)&#xa;	at org.openqa.selenium.remote.HttpCommandExecutor.execute(HttpCommandExecutor.java:158)&#xa;	at org.openqa.selenium.remote.service.DriverCommandExecutor.execute(DriverCommandExecutor.java:83)&#xa;	at org.openqa.selenium.remote.RemoteWebDriver.execute(RemoteWebDriver.java:552)&#xa;	at com.kms.katalon.selenium.driver.CFirefoxDriver.execute(CFirefoxDriver.java:28)&#xa;	at org.openqa.selenium.remote.RemoteWebElement.execute(RemoteWebElement.java:285)&#xa;	at org.openqa.selenium.remote.RemoteWebElement.click(RemoteWebElement.java:84)&#xa;	at jdk.internal.reflect.GeneratedMethodAccessor10.invoke(Unknown Source)&#xa;	at java.base/jdk.internal.reflect.DelegatingMethodAccessorImpl.invoke(DelegatingMethodAccessorImpl.java:43)&#xa;	at org.openqa.selenium.support.events.EventFiringWebDriver$EventFiringWebElement.lambda$new$0(EventFiringWebDriver.java:404)&#xa;	at jdk.proxy2/jdk.proxy2.$Proxy21.click(Unknown Source)&#xa;	at org.openqa.selenium.support.events.EventFiringWebDriver$EventFiringWebElement.click(EventFiringWebDriver.java:417)&#xa;	at org.openqa.selenium.WebElement$click.call(Unknown Source)&#xa;	at com.kms.katalon.core.webui.keyword.builtin.ClickKeyword.clickUntilSuccessWithTimeout(ClickKeyword.groovy:81)&#xa;	at com.kms.katalon.core.webui.keyword.builtin.ClickKeyword.clickUntilSuccessWithTimeout(ClickKeyword.groovy)&#xa;	at jdk.internal.reflect.GeneratedMethodAccessor8.invoke(Unknown Source)&#xa;	at java.base/jdk.internal.reflect.DelegatingMethodAccessorImpl.invoke(DelegatingMethodAccessorImpl.java:43)&#xa;	at com.kms.katalon.core.webui.keyword.builtin.ClickKeyword$_click_closure1.doCall(ClickKeyword.groovy:67)&#xa;	at com.kms.katalon.core.webui.keyword.builtin.ClickKeyword$_click_closure1.call(ClickKeyword.groovy)&#xa;	at com.kms.katalon.core.webui.keyword.internal.WebUIKeywordMain.runKeyword(WebUIKeywordMain.groovy:35)&#xa;	... 20 more&#xa;"/>
         <system-out><![CDATA[27-11-2024T17:20:53 - [TEST_CASE][FAILED] - Test Cases/2.Positivos/2.1Paquete/Origen-Provincia/3.Destino-D,DO,O/Destino-DO: Test Cases/2.Positivos/2.1Paquete/Origen-Provincia/3.Destino-D,DO,O/Destino-DO FAILED.
Reason:
com.kms.katalon.core.exception.StepFailedException: Unable to click on object 'Object Repository/Destinos/Page_Olva Courier  Confirma tus datos/button_IR A PAGAR S 27.90 (1)'
	at com.kms.katalon.core.webui.keyword.internal.WebUIKeywordMain.stepFailed(WebUIKeywordMain.groovy:117)
	at com.kms.katalon.core.webui.keyword.internal.WebUIKeywordMain.runKeyword(WebUIKeywordMain.groovy:43)
	at com.kms.katalon.core.webui.keyword.builtin.ClickKeyword.click(ClickKeyword.groovy:74)
	at com.kms.katalon.core.webui.keyword.builtin.ClickKeyword.execute(ClickKeyword.groovy:40)
	at com.kms.katalon.core.keyword.internal.KeywordExecutor.executeKeywordForPlatform(KeywordExecutor.groovy:74)
	at com.kms.katalon.core.webui.keyword.WebUiBuiltInKeywords.click(WebUiBuiltInKeywords.groovy:659)
	at Destino-DO.run(Destino-DO:122)
	at com.kms.katalon.core.main.ScriptEngine.run(ScriptEngine.java:194)
	at com.kms.katalon.core.main.ScriptEngine.runScriptAsRawText(ScriptEngine.java:119)
	at com.kms.katalon.core.main.TestCaseExecutor.runScript(TestCaseExecutor.java:448)
	at com.kms.katalon.core.main.TestCaseExecutor.doExecute(TestCaseExecutor.java:439)
	at com.kms.katalon.core.main.TestCaseExecutor.processExecutionPhase(TestCaseExecutor.java:418)
	at com.kms.katalon.core.main.TestCaseExecutor.accessMainPhase(TestCaseExecutor.java:410)
	at com.kms.katalon.core.main.TestCaseExecutor.execute(TestCaseExecutor.java:285)
	at com.kms.katalon.core.common.CommonExecutor.accessTestCaseMainPhase(CommonExecutor.java:65)
	at com.kms.katalon.core.main.TestSuiteExecutor.accessTestSuiteMainPhase(TestSuiteExecutor.java:150)
	at com.kms.katalon.core.main.TestSuiteExecutor.execute(TestSuiteExecutor.java:106)
	at com.kms.katalon.core.main.TestCaseMain.startTestSuite(TestCaseMain.java:180)
	at TempTestSuite1732745349578.run(TempTestSuite1732745349578.groovy:35)
	at java.base/jdk.internal.reflect.NativeMethodAccessorImpl.invoke0(Native Method)
	at java.base/jdk.internal.reflect.NativeMethodAccessorImpl.invoke(NativeMethodAccessorImpl.java:77)
	at java.base/jdk.internal.reflect.DelegatingMethodAccessorImpl.invoke(DelegatingMethodAccessorImpl.java:43)
Caused by: org.openqa.selenium.ElementClickInterceptedException: Element <button id="btn-pagar-listar" class="btn btn-warning" type="button"> is not clickable at point (682,614) because another element <p> obscures it
Build info: version: '3.141.59', revision: 'unknown', time: 'unknown'
System info: host: 'DESKTOP-RGFFP9A', ip: '10.136.10.6', os.name: 'Windows 11', os.arch: 'amd64', os.version: '10.0', java.version: '17.0.7'
Driver info: com.kms.katalon.core.webui.driver.firefox.CGeckoDriver
Capabilities {acceptInsecureCerts: true, browserName: firefox, browserVersion: 133.0, javascriptEnabled: true, moz:accessibilityChecks: false, moz:buildID: 20241121140525, moz:geckodriverVersion: 0.35.0, moz:headless: false, moz:platformVersion: 10.0, moz:processID: 34056, moz:profile: C:\Users\OLVATI\AppData\Loc..., moz:shutdownTimeout: 60000, moz:webdriverClick: true, moz:windowless: false, pageLoadStrategy: normal, platform: WINDOWS, platformName: WINDOWS, proxy: Proxy(direct), setWindowRect: true, strictFileInteractability: false, timeouts: {implicit: 0, pageLoad: 300000, script: 30000}, unhandledPromptBehavior: dismiss and notify, userAgent: Mozilla/5.0 (Windows NT 10....}
Session ID: a6f3f7e4-d4a8-43dc-b77d-4a3c4150bb44
	at jdk.internal.reflect.GeneratedConstructorAccessor32.newInstance(Unknown Source)
	at java.base/jdk.internal.reflect.DelegatingConstructorAccessorImpl.newInstance(DelegatingConstructorAccessorImpl.java:45)
	at org.openqa.selenium.remote.http.W3CHttpResponseCodec.createException(W3CHttpResponseCodec.java:187)
	at org.openqa.selenium.remote.http.W3CHttpResponseCodec.decode(W3CHttpResponseCodec.java:122)
	at org.openqa.selenium.remote.http.W3CHttpResponseCodec.decode(W3CHttpResponseCodec.java:49)
	at org.openqa.selenium.remote.HttpCommandExecutor.execute(HttpCommandExecutor.java:158)
	at org.openqa.selenium.remote.service.DriverCommandExecutor.execute(DriverCommandExecutor.java:83)
	at org.openqa.selenium.remote.RemoteWebDriver.execute(RemoteWebDriver.java:552)
	at com.kms.katalon.selenium.driver.CFirefoxDriver.execute(CFirefoxDriver.java:28)
	at org.openqa.selenium.remote.RemoteWebElement.execute(RemoteWebElement.java:285)
	at org.openqa.selenium.remote.RemoteWebElement.click(RemoteWebElement.java:84)
	at jdk.internal.reflect.GeneratedMethodAccessor10.invoke(Unknown Source)
	at java.base/jdk.internal.reflect.DelegatingMethodAccessorImpl.invoke(DelegatingMethodAccessorImpl.java:43)
	at org.openqa.selenium.support.events.EventFiringWebDriver$EventFiringWebElement.lambda$new$0(EventFiringWebDriver.java:404)
	at jdk.proxy2/jdk.proxy2.$Proxy21.click(Unknown Source)
	at org.openqa.selenium.support.events.EventFiringWebDriver$EventFiringWebElement.click(EventFiringWebDriver.java:417)
	at org.openqa.selenium.WebElement$click.call(Unknown Source)
	at com.kms.katalon.core.webui.keyword.builtin.ClickKeyword.clickUntilSuccessWithTimeout(ClickKeyword.groovy:81)
	at com.kms.katalon.core.webui.keyword.builtin.ClickKeyword.clickUntilSuccessWithTimeout(ClickKeyword.groovy)
	at jdk.internal.reflect.GeneratedMethodAccessor8.invoke(Unknown Source)
	at java.base/jdk.internal.reflect.DelegatingMethodAccessorImpl.invoke(DelegatingMethodAccessorImpl.java:43)
	at com.kms.katalon.core.webui.keyword.builtin.ClickKeyword$_click_closure1.doCall(ClickKeyword.groovy:67)
	at com.kms.katalon.core.webui.keyword.builtin.ClickKeyword$_click_closure1.call(ClickKeyword.groovy)
	at com.kms.katalon.core.webui.keyword.internal.WebUIKeywordMain.runKeyword(WebUIKeywordMain.groovy:35)
	... 20 more


27-11-2024T17:20:53 - [TEST_STEP][PASSED] - callTestCase(findTestCase("1.Inicio/1.1Principal/Principal-home"), [:], STOP_ON_FAILURE): Call Test Case 'Test Cases/1.Inicio/1.1Principal/Principal-home' successfully

27-11-2024T17:20:53 - [TEST_CASE][PASSED] - Test Cases/1.Inicio/1.1Principal/Principal-home: Test Cases/1.Inicio/1.1Principal/Principal-home

27-11-2024T17:20:53 - [TEST_STEP][PASSED] - openBrowser(""): Browser is opened with url: ''

27-11-2024T17:20:53 - [MESSAGE][WARNING] - A browser is already opened. Closing browser and opening a new one

27-11-2024T17:20:55 - [MESSAGE][INFO] - Starting 'Firefox' driver

27-11-2024T17:20:55 - [MESSAGE][INFO] - Action delay is set to 0 milliseconds

27-11-2024T17:21:04 - [MESSAGE][PASSED] - Browser is opened with url: ''

27-11-2024T17:21:04 - [TEST_STEP][PASSED] - navigateToUrl("https://dev01-registrodeenvios.olvacourier.com/principal"): Navigate to 'https://dev01-registrodeenvios.olvacourier.com/principal' successfully

27-11-2024T17:21:06 - [MESSAGE][PASSED] - Navigate to 'https://dev01-registrodeenvios.olvacourier.com/principal' successfully

27-11-2024T17:21:06 - [TEST_STEP][PASSED] - maximizeWindow(): Current window maximized

27-11-2024T17:21:06 - [MESSAGE][PASSED] - Current window maximized

27-11-2024T17:21:06 - [MESSAGE][PASSED] - Call Test Case 'Test Cases/1.Inicio/1.1Principal/Principal-home' successfully

27-11-2024T17:21:06 - [TEST_STEP][PASSED] - callTestCase(findTestCase("1.Inicio/1.1Principal/Selec_paquete"), [:], STOP_ON_FAILURE): Call Test Case 'Test Cases/1.Inicio/1.1Principal/Selec_paquete' successfully

27-11-2024T17:21:06 - [TEST_CASE][PASSED] - Test Cases/1.Inicio/1.1Principal/Selec_paquete: Test Cases/1.Inicio/1.1Principal/Selec_paquete

27-11-2024T17:21:06 - [TEST_STEP][PASSED] - click(findTestObject("Object Repository/Principal/Page_Olva Courier  Home/img_Qu deseas realizar hoy_img_paquete")): Object: 'Object Repository/Principal/Page_Olva Courier  Home/img_Qu deseas realizar hoy_img_paquete' is clicked on

27-11-2024T17:21:07 - [MESSAGE][PASSED] - Object: 'Object Repository/Principal/Page_Olva Courier  Home/img_Qu deseas realizar hoy_img_paquete' is clicked on

27-11-2024T17:21:07 - [TEST_STEP][PASSED] - click(findTestObject("Object Repository/Principal/Page_Olva Courier  Home/span_He ledo y acepto los_checkmark (1)")): Object: 'Object Repository/Principal/Page_Olva Courier  Home/span_He ledo y acepto los_checkmark (1)' is clicked on

27-11-2024T17:21:07 - [MESSAGE][PASSED] - Object: 'Object Repository/Principal/Page_Olva Courier  Home/span_He ledo y acepto los_checkmark (1)' is clicked on

27-11-2024T17:21:07 - [TEST_STEP][PASSED] - click(findTestObject("Object Repository/Principal/Page_Olva Courier  Home/button_CONTINUAR (1)")): Object: 'Object Repository/Principal/Page_Olva Courier  Home/button_CONTINUAR (1)' is clicked on

27-11-2024T17:21:09 - [MESSAGE][PASSED] - Object: 'Object Repository/Principal/Page_Olva Courier  Home/button_CONTINUAR (1)' is clicked on

27-11-2024T17:21:09 - [TEST_STEP][PASSED] - verifyElementPresent(findTestObject("Object Repository/Principal/Page_Olva Courier  Datos Personales/strong_REGISTRO DE ENVOS"), 0): Object 'Object Repository/Principal/Page_Olva Courier  Datos Personales/strong_REGISTRO DE ENVOS' is present

27-11-2024T17:21:09 - [MESSAGE][WARNING] - Timeout '0' is invalid. Using default page load timeout: '30'

27-11-2024T17:21:10 - [MESSAGE][PASSED] - Object 'Object Repository/Principal/Page_Olva Courier  Datos Personales/strong_REGISTRO DE ENVOS' is present

27-11-2024T17:21:10 - [TEST_STEP][PASSED] - verifyElementPresent(findTestObject("Object Repository/Principal/Page_Olva Courier  Datos Personales/span_Regresar (1)"), 0): Object 'Object Repository/Principal/Page_Olva Courier  Datos Personales/span_Regresar (1)' is present

27-11-2024T17:21:10 - [MESSAGE][WARNING] - Timeout '0' is invalid. Using default page load timeout: '30'

27-11-2024T17:21:10 - [MESSAGE][PASSED] - Object 'Object Repository/Principal/Page_Olva Courier  Datos Personales/span_Regresar (1)' is present

27-11-2024T17:21:10 - [TEST_STEP][PASSED] - verifyElementPresent(findTestObject("Object Repository/Principal/Page_Olva Courier  Datos Personales/span_Inicio (1)"), 0): Object 'Object Repository/Principal/Page_Olva Courier  Datos Personales/span_Inicio (1)' is present

27-11-2024T17:21:10 - [MESSAGE][WARNING] - Timeout '0' is invalid. Using default page load timeout: '30'

27-11-2024T17:21:10 - [MESSAGE][PASSED] - Object 'Object Repository/Principal/Page_Olva Courier  Datos Personales/span_Inicio (1)' is present

27-11-2024T17:21:10 - [MESSAGE][PASSED] - Call Test Case 'Test Cases/1.Inicio/1.1Principal/Selec_paquete' successfully

27-11-2024T17:21:10 - [TEST_STEP][PASSED] - callTestCase(findTestCase("1.Inicio/1.2Tipo_Doc/1.DNI"), [:], STOP_ON_FAILURE): Call Test Case 'Test Cases/1.Inicio/1.2Tipo_Doc/1.DNI' successfully

27-11-2024T17:21:10 - [TEST_CASE][PASSED] - Test Cases/1.Inicio/1.2Tipo_Doc/1.DNI: Test Cases/1.Inicio/1.2Tipo_Doc/1.DNI

27-11-2024T17:21:11 - [TEST_STEP][PASSED] - click(findTestObject("Object Repository/Login/Page_Olva Courier  Datos Personales/button_Tipo De Documento")): Object: 'Object Repository/Login/Page_Olva Courier  Datos Personales/button_Tipo De Documento' is clicked on

27-11-2024T17:21:21 - [MESSAGE][PASSED] - Object: 'Object Repository/Login/Page_Olva Courier  Datos Personales/button_Tipo De Documento' is clicked on

27-11-2024T17:21:21 - [TEST_STEP][PASSED] - click(findTestObject("Object Repository/Login/Page_Olva Courier  Datos Personales/a_DNI (Boleta)")): Object: 'Object Repository/Login/Page_Olva Courier  Datos Personales/a_DNI (Boleta)' is clicked on

27-11-2024T17:21:21 - [MESSAGE][PASSED] - Object: 'Object Repository/Login/Page_Olva Courier  Datos Personales/a_DNI (Boleta)' is clicked on

27-11-2024T17:21:21 - [TEST_STEP][PASSED] - setText(findTestObject("Object Repository/Login/Page_Olva Courier  Datos Personales/input_CARN EXT. (Boleta)_txt_documento_cliente"), "47190321"): Text '47190321' is set on object 'Object Repository/Login/Page_Olva Courier  Datos Personales/input_CARN EXT. (Boleta)_txt_documento_cliente'

27-11-2024T17:21:22 - [MESSAGE][PASSED] - Text '47190321' is set on object 'Object Repository/Login/Page_Olva Courier  Datos Personales/input_CARN EXT. (Boleta)_txt_documento_cliente'

27-11-2024T17:21:22 - [TEST_STEP][PASSED] - setText(findTestObject("Object Repository/Login/Page_Olva Courier  Datos Personales/input_CARN EXT. (Boleta)_txt_telefono_cliente"), "957378086"): Text '957378086' is set on object 'Object Repository/Login/Page_Olva Courier  Datos Personales/input_CARN EXT. (Boleta)_txt_telefono_cliente'

27-11-2024T17:21:29 - [MESSAGE][PASSED] - Text '957378086' is set on object 'Object Repository/Login/Page_Olva Courier  Datos Personales/input_CARN EXT. (Boleta)_txt_telefono_cliente'

27-11-2024T17:21:29 - [TEST_STEP][PASSED] - setText(findTestObject("Object Repository/Login/Page_Olva Courier  Datos Personales/input_Hola,_txt_email_cliente"), "riosalejosjs@gmail.com"): Text 'riosalejosjs@gmail.com' is set on object 'Object Repository/Login/Page_Olva Courier  Datos Personales/input_Hola,_txt_email_cliente'

27-11-2024T17:21:30 - [MESSAGE][PASSED] - Text 'riosalejosjs@gmail.com' is set on object 'Object Repository/Login/Page_Olva Courier  Datos Personales/input_Hola,_txt_email_cliente'

27-11-2024T17:21:30 - [MESSAGE][PASSED] - Call Test Case 'Test Cases/1.Inicio/1.2Tipo_Doc/1.DNI' successfully

27-11-2024T17:21:30 - [TEST_STEP][PASSED] - click(findTestObject("Object Repository/Destinos/Page_Olva Courier  Datos Personales/button_Seleccionar artculo")): Object: 'Object Repository/Destinos/Page_Olva Courier  Datos Personales/button_Seleccionar artculo' is clicked on

27-11-2024T17:21:30 - [MESSAGE][PASSED] - Object: 'Object Repository/Destinos/Page_Olva Courier  Datos Personales/button_Seleccionar artculo' is clicked on

27-11-2024T17:21:30 - [TEST_STEP][PASSED] - click(findTestObject("Object Repository/Destinos/Page_Olva Courier  Datos Personales/a_BISUTERIA")): Object: 'Object Repository/Destinos/Page_Olva Courier  Datos Personales/a_BISUTERIA' is clicked on

27-11-2024T17:21:31 - [MESSAGE][PASSED] - Object: 'Object Repository/Destinos/Page_Olva Courier  Datos Personales/a_BISUTERIA' is clicked on

27-11-2024T17:21:31 - [TEST_STEP][PASSED] - setText(findTestObject("Object Repository/Destinos/Page_Olva Courier  Datos Personales/input_UTILES DE OFICINA_txt_paquete_articulo (1)"), "RTRt"): Text 'RTRt' is set on object 'Object Repository/Destinos/Page_Olva Courier  Datos Personales/input_UTILES DE OFICINA_txt_paquete_articulo (1)'

27-11-2024T17:21:31 - [MESSAGE][PASSED] - Text 'RTRt' is set on object 'Object Repository/Destinos/Page_Olva Courier  Datos Personales/input_UTILES DE OFICINA_txt_paquete_articulo (1)'

27-11-2024T17:21:31 - [TEST_STEP][PASSED] - setText(findTestObject("Object Repository/Destinos/Page_Olva Courier  Datos Personales/input_UTILES DE OFICINA_txt_paquete_valor (1)"), "20"): Text '20' is set on object 'Object Repository/Destinos/Page_Olva Courier  Datos Personales/input_UTILES DE OFICINA_txt_paquete_valor (1)'

27-11-2024T17:21:32 - [MESSAGE][PASSED] - Text '20' is set on object 'Object Repository/Destinos/Page_Olva Courier  Datos Personales/input_UTILES DE OFICINA_txt_paquete_valor (1)'

27-11-2024T17:21:32 - [TEST_STEP][PASSED] - click(findTestObject("Object Repository/Destinos/Page_Olva Courier  Datos Personales/div_Hasta 2Kg")): Object: 'Object Repository/Destinos/Page_Olva Courier  Datos Personales/div_Hasta 2Kg' is clicked on

27-11-2024T17:21:32 - [MESSAGE][PASSED] - Object: 'Object Repository/Destinos/Page_Olva Courier  Datos Personales/div_Hasta 2Kg' is clicked on

27-11-2024T17:21:32 - [TEST_STEP][PASSED] - scrollToElement(findTestObject("Object Repository/Destinos/Page_Olva Courier  Datos Personales/button_LIMA (1)"), 0): Scroll to object 'Object Repository/Destinos/Page_Olva Courier  Datos Personales/button_LIMA (1)' successfully

27-11-2024T17:21:32 - [MESSAGE][WARNING] - Timeout '0' is invalid. Using default page load timeout: '30'

27-11-2024T17:21:33 - [MESSAGE][PASSED] - Scroll to object 'Object Repository/Destinos/Page_Olva Courier  Datos Personales/button_LIMA (1)' successfully

27-11-2024T17:21:33 - [TEST_STEP][PASSED] - click(findTestObject("Object Repository/Destinos/Page_Olva Courier  Datos Personales/button_LIMA (1)")): Object: 'Object Repository/Destinos/Page_Olva Courier  Datos Personales/button_LIMA (1)' is clicked on

27-11-2024T17:21:34 - [MESSAGE][PASSED] - Object: 'Object Repository/Destinos/Page_Olva Courier  Datos Personales/button_LIMA (1)' is clicked on

27-11-2024T17:21:34 - [TEST_STEP][PASSED] - click(findTestObject("Object Repository/Destinos/Page_Olva Courier  Datos Personales/a_TRUJILLO")): Object: 'Object Repository/Destinos/Page_Olva Courier  Datos Personales/a_TRUJILLO' is clicked on

27-11-2024T17:21:34 - [MESSAGE][PASSED] - Object: 'Object Repository/Destinos/Page_Olva Courier  Datos Personales/a_TRUJILLO' is clicked on

27-11-2024T17:21:34 - [TEST_STEP][PASSED] - click(findTestObject("Object Repository/Destinos/Page_Olva Courier  Datos Personales/button_TRUJILLO")): Object: 'Object Repository/Destinos/Page_Olva Courier  Datos Personales/button_TRUJILLO' is clicked on

27-11-2024T17:21:38 - [MESSAGE][PASSED] - Object: 'Object Repository/Destinos/Page_Olva Courier  Datos Personales/button_TRUJILLO' is clicked on

27-11-2024T17:21:38 - [TEST_STEP][PASSED] - click(findTestObject("Object Repository/Destinos/Page_Olva Courier  Datos Personales/button_Ingrese el punto de llegada (1)")): Object: 'Object Repository/Destinos/Page_Olva Courier  Datos Personales/button_Ingrese el punto de llegada (1)' is clicked on

27-11-2024T17:21:39 - [MESSAGE][PASSED] - Object: 'Object Repository/Destinos/Page_Olva Courier  Datos Personales/button_Ingrese el punto de llegada (1)' is clicked on

27-11-2024T17:21:39 - [TEST_STEP][PASSED] - click(findTestObject("Object Repository/Destinos/Page_Olva Courier  Datos Personales/span_AMAZONAS - BAGUA - BAGUA")): Object: 'Object Repository/Destinos/Page_Olva Courier  Datos Personales/span_AMAZONAS - BAGUA - BAGUA' is clicked on

27-11-2024T17:21:40 - [MESSAGE][PASSED] - Object: 'Object Repository/Destinos/Page_Olva Courier  Datos Personales/span_AMAZONAS - BAGUA - BAGUA' is clicked on

27-11-2024T17:21:40 - [TEST_STEP][PASSED] - delay(3): Delayed 3 second(s)

27-11-2024T17:21:43 - [MESSAGE][PASSED] - Delayed 3 second(s)

27-11-2024T17:21:43 - [TEST_STEP][PASSED] - click(findTestObject("Object Repository/Destinos/Page_Olva Courier  Datos Personales/button_Tipo de entrega (1)")): Object: 'Object Repository/Destinos/Page_Olva Courier  Datos Personales/button_Tipo de entrega (1)' is clicked on

27-11-2024T17:21:43 - [MESSAGE][PASSED] - Object: 'Object Repository/Destinos/Page_Olva Courier  Datos Personales/button_Tipo de entrega (1)' is clicked on

27-11-2024T17:21:43 - [TEST_STEP][PASSED] - delay(3): Delayed 3 second(s)

27-11-2024T17:21:46 - [MESSAGE][PASSED] - Delayed 3 second(s)

27-11-2024T17:21:46 - [TEST_STEP][PASSED] - click(findTestObject("Object Repository/Destinos/Page_Olva Courier  Datos Personales/a_Entrega a domicilio (1)")): Object: 'Object Repository/Destinos/Page_Olva Courier  Datos Personales/a_Entrega a domicilio (1)' is clicked on

27-11-2024T17:21:50 - [MESSAGE][PASSED] - Object: 'Object Repository/Destinos/Page_Olva Courier  Datos Personales/a_Entrega a domicilio (1)' is clicked on

27-11-2024T17:21:50 - [TEST_STEP][PASSED] - delay(3): Delayed 3 second(s)

27-11-2024T17:21:53 - [MESSAGE][PASSED] - Delayed 3 second(s)

27-11-2024T17:21:53 - [TEST_STEP][PASSED] - scrollToElement(findTestObject("Object Repository/Destinos/Page_Olva Courier  Datos Personales/button_Tipo De Documento_1 (1)"), 0): Scroll to object 'Object Repository/Destinos/Page_Olva Courier  Datos Personales/button_Tipo De Documento_1 (1)' successfully

27-11-2024T17:21:53 - [MESSAGE][WARNING] - Timeout '0' is invalid. Using default page load timeout: '30'

27-11-2024T17:21:53 - [MESSAGE][PASSED] - Scroll to object 'Object Repository/Destinos/Page_Olva Courier  Datos Personales/button_Tipo De Documento_1 (1)' successfully

27-11-2024T17:21:53 - [TEST_STEP][PASSED] - click(findTestObject("Object Repository/Destinos/Page_Olva Courier  Datos Personales/button_Tipo De Documento_1 (1)")): Object: 'Object Repository/Destinos/Page_Olva Courier  Datos Personales/button_Tipo De Documento_1 (1)' is clicked on

27-11-2024T17:21:53 - [MESSAGE][PASSED] - Object: 'Object Repository/Destinos/Page_Olva Courier  Datos Personales/button_Tipo De Documento_1 (1)' is clicked on

27-11-2024T17:21:53 - [TEST_STEP][PASSED] - click(findTestObject("Object Repository/Destinos/Page_Olva Courier  Datos Personales/a_DNI (1)")): Object: 'Object Repository/Destinos/Page_Olva Courier  Datos Personales/a_DNI (1)' is clicked on

27-11-2024T17:21:54 - [MESSAGE][PASSED] - Object: 'Object Repository/Destinos/Page_Olva Courier  Datos Personales/a_DNI (1)' is clicked on

27-11-2024T17:21:54 - [TEST_STEP][PASSED] - setText(findTestObject("Object Repository/Destinos/Page_Olva Courier  Datos Personales/input_CARN EXT_txt_consignado_dni (1)"), "71735786"): Text '71735786' is set on object 'Object Repository/Destinos/Page_Olva Courier  Datos Personales/input_CARN EXT_txt_consignado_dni (1)'

27-11-2024T17:21:54 - [MESSAGE][PASSED] - Text '71735786' is set on object 'Object Repository/Destinos/Page_Olva Courier  Datos Personales/input_CARN EXT_txt_consignado_dni (1)'

27-11-2024T17:21:54 - [TEST_STEP][PASSED] - scrollToElement(findTestObject("Object Repository/Destinos/Page_Olva Courier  Datos Personales/button_CONTINUAR (1)"), 0): Scroll to object 'Object Repository/Destinos/Page_Olva Courier  Datos Personales/button_CONTINUAR (1)' successfully

27-11-2024T17:21:54 - [MESSAGE][WARNING] - Timeout '0' is invalid. Using default page load timeout: '30'

27-11-2024T17:21:55 - [MESSAGE][PASSED] - Scroll to object 'Object Repository/Destinos/Page_Olva Courier  Datos Personales/button_CONTINUAR (1)' successfully

27-11-2024T17:21:55 - [TEST_STEP][PASSED] - click(findTestObject("Object Repository/Destinos/Page_Olva Courier  Datos Personales/button_CONTINUAR (1)")): Object: 'Object Repository/Destinos/Page_Olva Courier  Datos Personales/button_CONTINUAR (1)' is clicked on

27-11-2024T17:21:56 - [MESSAGE][PASSED] - Object: 'Object Repository/Destinos/Page_Olva Courier  Datos Personales/button_CONTINUAR (1)' is clicked on

27-11-2024T17:21:56 - [TEST_STEP][PASSED] - click(findTestObject("Object Repository/Destinos/Page_Olva Courier  Confirma tus datos/a_AGREGAR ENVOS (1)")): Object: 'Object Repository/Destinos/Page_Olva Courier  Confirma tus datos/a_AGREGAR ENVOS (1)' is clicked on

27-11-2024T17:21:58 - [MESSAGE][PASSED] - Object: 'Object Repository/Destinos/Page_Olva Courier  Confirma tus datos/a_AGREGAR ENVOS (1)' is clicked on

27-11-2024T17:21:58 - [TEST_STEP][PASSED] - click(findTestObject("Object Repository/Destinos/Page_Olva Courier  Home/img_Envo de cajas o paquetescon un peso mxi_37770f (1)")): Object: 'Object Repository/Destinos/Page_Olva Courier  Home/img_Envo de cajas o paquetescon un peso mxi_37770f (1)' is clicked on

27-11-2024T17:21:59 - [MESSAGE][PASSED] - Object: 'Object Repository/Destinos/Page_Olva Courier  Home/img_Envo de cajas o paquetescon un peso mxi_37770f (1)' is clicked on

27-11-2024T17:21:59 - [TEST_STEP][PASSED] - scrollToElement(findTestObject("Object Repository/Destinos/Page_Olva Courier  Home/button_CONTINUAR (1)"), 0): Scroll to object 'Object Repository/Destinos/Page_Olva Courier  Home/button_CONTINUAR (1)' successfully

27-11-2024T17:21:59 - [MESSAGE][WARNING] - Timeout '0' is invalid. Using default page load timeout: '30'

27-11-2024T17:22:00 - [MESSAGE][PASSED] - Scroll to object 'Object Repository/Destinos/Page_Olva Courier  Home/button_CONTINUAR (1)' successfully

27-11-2024T17:22:00 - [TEST_STEP][PASSED] - click(findTestObject("Object Repository/Destinos/Page_Olva Courier  Home/button_CONTINUAR (1)")): Object: 'Object Repository/Destinos/Page_Olva Courier  Home/button_CONTINUAR (1)' is clicked on

27-11-2024T17:22:01 - [MESSAGE][PASSED] - Object: 'Object Repository/Destinos/Page_Olva Courier  Home/button_CONTINUAR (1)' is clicked on

27-11-2024T17:22:01 - [TEST_STEP][PASSED] - setText(findTestObject("Object Repository/Destinos/Page_Olva Courier  Datos Personales/input_Qu Envas_input_descripcion (1)"), "Fty"): Text 'Fty' is set on object 'Object Repository/Destinos/Page_Olva Courier  Datos Personales/input_Qu Envas_input_descripcion (1)'

27-11-2024T17:22:06 - [MESSAGE][PASSED] - Text 'Fty' is set on object 'Object Repository/Destinos/Page_Olva Courier  Datos Personales/input_Qu Envas_input_descripcion (1)'

27-11-2024T17:22:06 - [TEST_STEP][PASSED] - setText(findTestObject("Object Repository/Destinos/Page_Olva Courier  Datos Personales/input_Qu Envas_input_valor (1)"), "50"): Text '50' is set on object 'Object Repository/Destinos/Page_Olva Courier  Datos Personales/input_Qu Envas_input_valor (1)'

27-11-2024T17:22:06 - [MESSAGE][PASSED] - Text '50' is set on object 'Object Repository/Destinos/Page_Olva Courier  Datos Personales/input_Qu Envas_input_valor (1)'

27-11-2024T17:22:06 - [TEST_STEP][PASSED] - scrollToElement(findTestObject("Object Repository/Destinos/Page_Olva Courier  Datos Personales/button_Ingrese el punto de llegada (1)"), 0): Scroll to object 'Object Repository/Destinos/Page_Olva Courier  Datos Personales/button_Ingrese el punto de llegada (1)' successfully

27-11-2024T17:22:06 - [MESSAGE][WARNING] - Timeout '0' is invalid. Using default page load timeout: '30'

27-11-2024T17:22:07 - [MESSAGE][PASSED] - Scroll to object 'Object Repository/Destinos/Page_Olva Courier  Datos Personales/button_Ingrese el punto de llegada (1)' successfully

27-11-2024T17:22:07 - [TEST_STEP][PASSED] - click(findTestObject("Object Repository/Destinos/Page_Olva Courier  Datos Personales/button_Ingrese el punto de llegada (1)")): Object: 'Object Repository/Destinos/Page_Olva Courier  Datos Personales/button_Ingrese el punto de llegada (1)' is clicked on

27-11-2024T17:22:07 - [MESSAGE][PASSED] - Object: 'Object Repository/Destinos/Page_Olva Courier  Datos Personales/button_Ingrese el punto de llegada (1)' is clicked on

27-11-2024T17:22:07 - [TEST_STEP][PASSED] - click(findTestObject("Object Repository/Destinos/Page_Olva Courier  Datos Personales/a_ANCASH - HUARAZ - HUARAZ")): Object: 'Object Repository/Destinos/Page_Olva Courier  Datos Personales/a_ANCASH - HUARAZ - HUARAZ' is clicked on

27-11-2024T17:22:08 - [MESSAGE][PASSED] - Object: 'Object Repository/Destinos/Page_Olva Courier  Datos Personales/a_ANCASH - HUARAZ - HUARAZ' is clicked on

27-11-2024T17:22:08 - [TEST_STEP][PASSED] - click(findTestObject("Object Repository/Destinos/Page_Olva Courier  Datos Personales/button_Tipo de entrega (1)")): Object: 'Object Repository/Destinos/Page_Olva Courier  Datos Personales/button_Tipo de entrega (1)' is clicked on

27-11-2024T17:22:08 - [MESSAGE][PASSED] - Object: 'Object Repository/Destinos/Page_Olva Courier  Datos Personales/button_Tipo de entrega (1)' is clicked on

27-11-2024T17:22:08 - [TEST_STEP][PASSED] - click(findTestObject("Object Repository/Destinos/Page_Olva Courier  Datos Personales/a_Recojo en tienda (1)")): Object: 'Object Repository/Destinos/Page_Olva Courier  Datos Personales/a_Recojo en tienda (1)' is clicked on

27-11-2024T17:22:09 - [MESSAGE][PASSED] - Object: 'Object Repository/Destinos/Page_Olva Courier  Datos Personales/a_Recojo en tienda (1)' is clicked on

27-11-2024T17:22:09 - [TEST_STEP][PASSED] - click(findTestObject("Object Repository/Destinos/Page_Olva Courier  Datos Personales/button_Tienda (1)")): Object: 'Object Repository/Destinos/Page_Olva Courier  Datos Personales/button_Tienda (1)' is clicked on

27-11-2024T17:22:10 - [MESSAGE][PASSED] - Object: 'Object Repository/Destinos/Page_Olva Courier  Datos Personales/button_Tienda (1)' is clicked on

27-11-2024T17:22:10 - [TEST_STEP][PASSED] - click(findTestObject("Object Repository/Destinos/Page_Olva Courier  Datos Personales/span_TIENDA HUARAZ - HUARAZ - AV MARISCAL A_1d6adb")): Object: 'Object Repository/Destinos/Page_Olva Courier  Datos Personales/span_TIENDA HUARAZ - HUARAZ - AV MARISCAL A_1d6adb' is clicked on

27-11-2024T17:22:10 - [MESSAGE][PASSED] - Object: 'Object Repository/Destinos/Page_Olva Courier  Datos Personales/span_TIENDA HUARAZ - HUARAZ - AV MARISCAL A_1d6adb' is clicked on

27-11-2024T17:22:10 - [TEST_STEP][PASSED] - scrollToElement(findTestObject("Object Repository/Destinos/Page_Olva Courier  Datos Personales/button_Tipo De Documento_1 (1)"), 0): Scroll to object 'Object Repository/Destinos/Page_Olva Courier  Datos Personales/button_Tipo De Documento_1 (1)' successfully

27-11-2024T17:22:10 - [MESSAGE][WARNING] - Timeout '0' is invalid. Using default page load timeout: '30'

27-11-2024T17:22:10 - [MESSAGE][PASSED] - Scroll to object 'Object Repository/Destinos/Page_Olva Courier  Datos Personales/button_Tipo De Documento_1 (1)' successfully

27-11-2024T17:22:10 - [TEST_STEP][PASSED] - click(findTestObject("Object Repository/Destinos/Page_Olva Courier  Datos Personales/button_Tipo De Documento_1 (1)")): Object: 'Object Repository/Destinos/Page_Olva Courier  Datos Personales/button_Tipo De Documento_1 (1)' is clicked on

27-11-2024T17:22:11 - [MESSAGE][PASSED] - Object: 'Object Repository/Destinos/Page_Olva Courier  Datos Personales/button_Tipo De Documento_1 (1)' is clicked on

27-11-2024T17:22:11 - [TEST_STEP][PASSED] - click(findTestObject("Object Repository/Destinos/Page_Olva Courier  Datos Personales/span_DNI")): Object: 'Object Repository/Destinos/Page_Olva Courier  Datos Personales/span_DNI' is clicked on

27-11-2024T17:22:11 - [MESSAGE][PASSED] - Object: 'Object Repository/Destinos/Page_Olva Courier  Datos Personales/span_DNI' is clicked on

27-11-2024T17:22:11 - [TEST_STEP][PASSED] - setText(findTestObject("Object Repository/Destinos/Page_Olva Courier  Datos Personales/input_CARN EXT_txt_consignado_dni (1)"), "71735785"): Text '71735785' is set on object 'Object Repository/Destinos/Page_Olva Courier  Datos Personales/input_CARN EXT_txt_consignado_dni (1)'

27-11-2024T17:22:12 - [MESSAGE][PASSED] - Text '71735785' is set on object 'Object Repository/Destinos/Page_Olva Courier  Datos Personales/input_CARN EXT_txt_consignado_dni (1)'

27-11-2024T17:22:12 - [TEST_STEP][PASSED] - scrollToElement(findTestObject("Object Repository/Destinos/Page_Olva Courier  Datos Personales/button_CONTINUAR (1)"), 0): Scroll to object 'Object Repository/Destinos/Page_Olva Courier  Datos Personales/button_CONTINUAR (1)' successfully

27-11-2024T17:22:12 - [MESSAGE][WARNING] - Timeout '0' is invalid. Using default page load timeout: '30'

27-11-2024T17:22:13 - [MESSAGE][PASSED] - Scroll to object 'Object Repository/Destinos/Page_Olva Courier  Datos Personales/button_CONTINUAR (1)' successfully

27-11-2024T17:22:13 - [TEST_STEP][PASSED] - click(findTestObject("Object Repository/Destinos/Page_Olva Courier  Datos Personales/button_CONTINUAR (1)")): Object: 'Object Repository/Destinos/Page_Olva Courier  Datos Personales/button_CONTINUAR (1)' is clicked on

27-11-2024T17:22:13 - [MESSAGE][PASSED] - Object: 'Object Repository/Destinos/Page_Olva Courier  Datos Personales/button_CONTINUAR (1)' is clicked on

27-11-2024T17:22:13 - [TEST_STEP][PASSED] - delay(3): Delayed 3 second(s)

27-11-2024T17:22:16 - [MESSAGE][PASSED] - Delayed 3 second(s)

27-11-2024T17:22:16 - [TEST_STEP][FAILED] - click(findTestObject("Object Repository/Destinos/Page_Olva Courier  Confirma tus datos/button_IR A PAGAR S 27.90 (1)")): Unable to click on object 'Object Repository/Destinos/Page_Olva Courier  Confirma tus datos/button_IR A PAGAR S 27.90 (1)' (Root cause: com.kms.katalon.core.exception.StepFailedException: Unable to click on object 'Object Repository/Destinos/Page_Olva Courier  Confirma tus datos/button_IR A PAGAR S 27.90 (1)'
	at com.kms.katalon.core.webui.keyword.internal.WebUIKeywordMain.stepFailed(WebUIKeywordMain.groovy:117)
	at com.kms.katalon.core.webui.keyword.internal.WebUIKeywordMain.runKeyword(WebUIKeywordMain.groovy:43)
	at com.kms.katalon.core.webui.keyword.builtin.ClickKeyword.click(ClickKeyword.groovy:74)
	at com.kms.katalon.core.webui.keyword.builtin.ClickKeyword.execute(ClickKeyword.groovy:40)
	at com.kms.katalon.core.keyword.internal.KeywordExecutor.executeKeywordForPlatform(KeywordExecutor.groovy:74)
	at com.kms.katalon.core.webui.keyword.WebUiBuiltInKeywords.click(WebUiBuiltInKeywords.groovy:659)
	at Destino-DO.run(Destino-DO:122)
	at com.kms.katalon.core.main.ScriptEngine.run(ScriptEngine.java:194)
	at com.kms.katalon.core.main.ScriptEngine.runScriptAsRawText(ScriptEngine.java:119)
	at com.kms.katalon.core.main.TestCaseExecutor.runScript(TestCaseExecutor.java:448)
	at com.kms.katalon.core.main.TestCaseExecutor.doExecute(TestCaseExecutor.java:439)
	at com.kms.katalon.core.main.TestCaseExecutor.processExecutionPhase(TestCaseExecutor.java:418)
	at com.kms.katalon.core.main.TestCaseExecutor.accessMainPhase(TestCaseExecutor.java:410)
	at com.kms.katalon.core.main.TestCaseExecutor.execute(TestCaseExecutor.java:285)
	at com.kms.katalon.core.common.CommonExecutor.accessTestCaseMainPhase(CommonExecutor.java:65)
	at com.kms.katalon.core.main.TestSuiteExecutor.accessTestSuiteMainPhase(TestSuiteExecutor.java:150)
	at com.kms.katalon.core.main.TestSuiteExecutor.execute(TestSuiteExecutor.java:106)
	at com.kms.katalon.core.main.TestCaseMain.startTestSuite(TestCaseMain.java:180)
	at TempTestSuite1732745349578.run(TempTestSuite1732745349578.groovy:35)
	at java.base/jdk.internal.reflect.NativeMethodAccessorImpl.invoke0(Native Method)
	at java.base/jdk.internal.reflect.NativeMethodAccessorImpl.invoke(NativeMethodAccessorImpl.java:77)
	at java.base/jdk.internal.reflect.DelegatingMethodAccessorImpl.invoke(DelegatingMethodAccessorImpl.java:43)
Caused by: org.openqa.selenium.ElementClickInterceptedException: Element <button id="btn-pagar-listar" class="btn btn-warning" type="button"> is not clickable at point (682,614) because another element <p> obscures it
Build info: version: '3.141.59', revision: 'unknown', time: 'unknown'
System info: host: 'DESKTOP-RGFFP9A', ip: '10.136.10.6', os.name: 'Windows 11', os.arch: 'amd64', os.version: '10.0', java.version: '17.0.7'
Driver info: com.kms.katalon.core.webui.driver.firefox.CGeckoDriver
Capabilities {acceptInsecureCerts: true, browserName: firefox, browserVersion: 133.0, javascriptEnabled: true, moz:accessibilityChecks: false, moz:buildID: 20241121140525, moz:geckodriverVersion: 0.35.0, moz:headless: false, moz:platformVersion: 10.0, moz:processID: 34056, moz:profile: C:\Users\OLVATI\AppData\Loc..., moz:shutdownTimeout: 60000, moz:webdriverClick: true, moz:windowless: false, pageLoadStrategy: normal, platform: WINDOWS, platformName: WINDOWS, proxy: Proxy(direct), setWindowRect: true, strictFileInteractability: false, timeouts: {implicit: 0, pageLoad: 300000, script: 30000}, unhandledPromptBehavior: dismiss and notify, userAgent: Mozilla/5.0 (Windows NT 10....}
Session ID: a6f3f7e4-d4a8-43dc-b77d-4a3c4150bb44
	at jdk.internal.reflect.GeneratedConstructorAccessor32.newInstance(Unknown Source)
	at java.base/jdk.internal.reflect.DelegatingConstructorAccessorImpl.newInstance(DelegatingConstructorAccessorImpl.java:45)
	at org.openqa.selenium.remote.http.W3CHttpResponseCodec.createException(W3CHttpResponseCodec.java:187)
	at org.openqa.selenium.remote.http.W3CHttpResponseCodec.decode(W3CHttpResponseCodec.java:122)
	at org.openqa.selenium.remote.http.W3CHttpResponseCodec.decode(W3CHttpResponseCodec.java:49)
	at org.openqa.selenium.remote.HttpCommandExecutor.execute(HttpCommandExecutor.java:158)
	at org.openqa.selenium.remote.service.DriverCommandExecutor.execute(DriverCommandExecutor.java:83)
	at org.openqa.selenium.remote.RemoteWebDriver.execute(RemoteWebDriver.java:552)
	at com.kms.katalon.selenium.driver.CFirefoxDriver.execute(CFirefoxDriver.java:28)
	at org.openqa.selenium.remote.RemoteWebElement.execute(RemoteWebElement.java:285)
	at org.openqa.selenium.remote.RemoteWebElement.click(RemoteWebElement.java:84)
	at jdk.internal.reflect.GeneratedMethodAccessor10.invoke(Unknown Source)
	at java.base/jdk.internal.reflect.DelegatingMethodAccessorImpl.invoke(DelegatingMethodAccessorImpl.java:43)
	at org.openqa.selenium.support.events.EventFiringWebDriver$EventFiringWebElement.lambda$new$0(EventFiringWebDriver.java:404)
	at jdk.proxy2/jdk.proxy2.$Proxy21.click(Unknown Source)
	at org.openqa.selenium.support.events.EventFiringWebDriver$EventFiringWebElement.click(EventFiringWebDriver.java:417)
	at org.openqa.selenium.WebElement$click.call(Unknown Source)
	at com.kms.katalon.core.webui.keyword.builtin.ClickKeyword.clickUntilSuccessWithTimeout(ClickKeyword.groovy:81)
	at com.kms.katalon.core.webui.keyword.builtin.ClickKeyword.clickUntilSuccessWithTimeout(ClickKeyword.groovy)
	at jdk.internal.reflect.GeneratedMethodAccessor8.invoke(Unknown Source)
	at java.base/jdk.internal.reflect.DelegatingMethodAccessorImpl.invoke(DelegatingMethodAccessorImpl.java:43)
	at com.kms.katalon.core.webui.keyword.builtin.ClickKeyword$_click_closure1.doCall(ClickKeyword.groovy:67)
	at com.kms.katalon.core.webui.keyword.builtin.ClickKeyword$_click_closure1.call(ClickKeyword.groovy)
	at com.kms.katalon.core.webui.keyword.internal.WebUIKeywordMain.runKeyword(WebUIKeywordMain.groovy:35)
	at com.kms.katalon.core.webui.keyword.builtin.ClickKeyword.click(ClickKeyword.groovy:74)
	at com.kms.katalon.core.webui.keyword.builtin.ClickKeyword.execute(ClickKeyword.groovy:40)
	at com.kms.katalon.core.keyword.internal.KeywordExecutor.executeKeywordForPlatform(KeywordExecutor.groovy:74)
	at com.kms.katalon.core.webui.keyword.WebUiBuiltInKeywords.click(WebUiBuiltInKeywords.groovy:659)
	at Script1732317059045.run(Script1732317059045.groovy:122)
	... 15 more
)

27-11-2024T17:22:47 - [MESSAGE][FAILED] - Unable to click on object 'Object Repository/Destinos/Page_Olva Courier  Confirma tus datos/button_IR A PAGAR S 27.90 (1)' (Root cause: com.kms.katalon.core.exception.StepFailedException: Unable to click on object 'Object Repository/Destinos/Page_Olva Courier  Confirma tus datos/button_IR A PAGAR S 27.90 (1)'
	at com.kms.katalon.core.webui.keyword.internal.WebUIKeywordMain.stepFailed(WebUIKeywordMain.groovy:117)
	at com.kms.katalon.core.webui.keyword.internal.WebUIKeywordMain.runKeyword(WebUIKeywordMain.groovy:43)
	at com.kms.katalon.core.webui.keyword.builtin.ClickKeyword.click(ClickKeyword.groovy:74)
	at com.kms.katalon.core.webui.keyword.builtin.ClickKeyword.execute(ClickKeyword.groovy:40)
	at com.kms.katalon.core.keyword.internal.KeywordExecutor.executeKeywordForPlatform(KeywordExecutor.groovy:74)
	at com.kms.katalon.core.webui.keyword.WebUiBuiltInKeywords.click(WebUiBuiltInKeywords.groovy:659)
	at Destino-DO.run(Destino-DO:122)
	at com.kms.katalon.core.main.ScriptEngine.run(ScriptEngine.java:194)
	at com.kms.katalon.core.main.ScriptEngine.runScriptAsRawText(ScriptEngine.java:119)
	at com.kms.katalon.core.main.TestCaseExecutor.runScript(TestCaseExecutor.java:448)
	at com.kms.katalon.core.main.TestCaseExecutor.doExecute(TestCaseExecutor.java:439)
	at com.kms.katalon.core.main.TestCaseExecutor.processExecutionPhase(TestCaseExecutor.java:418)
	at com.kms.katalon.core.main.TestCaseExecutor.accessMainPhase(TestCaseExecutor.java:410)
	at com.kms.katalon.core.main.TestCaseExecutor.execute(TestCaseExecutor.java:285)
	at com.kms.katalon.core.common.CommonExecutor.accessTestCaseMainPhase(CommonExecutor.java:65)
	at com.kms.katalon.core.main.TestSuiteExecutor.accessTestSuiteMainPhase(TestSuiteExecutor.java:150)
	at com.kms.katalon.core.main.TestSuiteExecutor.execute(TestSuiteExecutor.java:106)
	at com.kms.katalon.core.main.TestCaseMain.startTestSuite(TestCaseMain.java:180)
	at TempTestSuite1732745349578.run(TempTestSuite1732745349578.groovy:35)
	at java.base/jdk.internal.reflect.NativeMethodAccessorImpl.invoke0(Native Method)
	at java.base/jdk.internal.reflect.NativeMethodAccessorImpl.invoke(NativeMethodAccessorImpl.java:77)
	at java.base/jdk.internal.reflect.DelegatingMethodAccessorImpl.invoke(DelegatingMethodAccessorImpl.java:43)
Caused by: org.openqa.selenium.ElementClickInterceptedException: Element <button id="btn-pagar-listar" class="btn btn-warning" type="button"> is not clickable at point (682,614) because another element <p> obscures it
Build info: version: '3.141.59', revision: 'unknown', time: 'unknown'
System info: host: 'DESKTOP-RGFFP9A', ip: '10.136.10.6', os.name: 'Windows 11', os.arch: 'amd64', os.version: '10.0', java.version: '17.0.7'
Driver info: com.kms.katalon.core.webui.driver.firefox.CGeckoDriver
Capabilities {acceptInsecureCerts: true, browserName: firefox, browserVersion: 133.0, javascriptEnabled: true, moz:accessibilityChecks: false, moz:buildID: 20241121140525, moz:geckodriverVersion: 0.35.0, moz:headless: false, moz:platformVersion: 10.0, moz:processID: 34056, moz:profile: C:\Users\OLVATI\AppData\Loc..., moz:shutdownTimeout: 60000, moz:webdriverClick: true, moz:windowless: false, pageLoadStrategy: normal, platform: WINDOWS, platformName: WINDOWS, proxy: Proxy(direct), setWindowRect: true, strictFileInteractability: false, timeouts: {implicit: 0, pageLoad: 300000, script: 30000}, unhandledPromptBehavior: dismiss and notify, userAgent: Mozilla/5.0 (Windows NT 10....}
Session ID: a6f3f7e4-d4a8-43dc-b77d-4a3c4150bb44
	at jdk.internal.reflect.GeneratedConstructorAccessor32.newInstance(Unknown Source)
	at java.base/jdk.internal.reflect.DelegatingConstructorAccessorImpl.newInstance(DelegatingConstructorAccessorImpl.java:45)
	at org.openqa.selenium.remote.http.W3CHttpResponseCodec.createException(W3CHttpResponseCodec.java:187)
	at org.openqa.selenium.remote.http.W3CHttpResponseCodec.decode(W3CHttpResponseCodec.java:122)
	at org.openqa.selenium.remote.http.W3CHttpResponseCodec.decode(W3CHttpResponseCodec.java:49)
	at org.openqa.selenium.remote.HttpCommandExecutor.execute(HttpCommandExecutor.java:158)
	at org.openqa.selenium.remote.service.DriverCommandExecutor.execute(DriverCommandExecutor.java:83)
	at org.openqa.selenium.remote.RemoteWebDriver.execute(RemoteWebDriver.java:552)
	at com.kms.katalon.selenium.driver.CFirefoxDriver.execute(CFirefoxDriver.java:28)
	at org.openqa.selenium.remote.RemoteWebElement.execute(RemoteWebElement.java:285)
	at org.openqa.selenium.remote.RemoteWebElement.click(RemoteWebElement.java:84)
	at jdk.internal.reflect.GeneratedMethodAccessor10.invoke(Unknown Source)
	at java.base/jdk.internal.reflect.DelegatingMethodAccessorImpl.invoke(DelegatingMethodAccessorImpl.java:43)
	at org.openqa.selenium.support.events.EventFiringWebDriver$EventFiringWebElement.lambda$new$0(EventFiringWebDriver.java:404)
	at jdk.proxy2/jdk.proxy2.$Proxy21.click(Unknown Source)
	at org.openqa.selenium.support.events.EventFiringWebDriver$EventFiringWebElement.click(EventFiringWebDriver.java:417)
	at org.openqa.selenium.WebElement$click.call(Unknown Source)
	at com.kms.katalon.core.webui.keyword.builtin.ClickKeyword.clickUntilSuccessWithTimeout(ClickKeyword.groovy:81)
	at com.kms.katalon.core.webui.keyword.builtin.ClickKeyword.clickUntilSuccessWithTimeout(ClickKeyword.groovy)
	at jdk.internal.reflect.GeneratedMethodAccessor8.invoke(Unknown Source)
	at java.base/jdk.internal.reflect.DelegatingMethodAccessorImpl.invoke(DelegatingMethodAccessorImpl.java:43)
	at com.kms.katalon.core.webui.keyword.builtin.ClickKeyword$_click_closure1.doCall(ClickKeyword.groovy:67)
	at com.kms.katalon.core.webui.keyword.builtin.ClickKeyword$_click_closure1.call(ClickKeyword.groovy)
	at com.kms.katalon.core.webui.keyword.internal.WebUIKeywordMain.runKeyword(WebUIKeywordMain.groovy:35)
	at com.kms.katalon.core.webui.keyword.builtin.ClickKeyword.click(ClickKeyword.groovy:74)
	at com.kms.katalon.core.webui.keyword.builtin.ClickKeyword.execute(ClickKeyword.groovy:40)
	at com.kms.katalon.core.keyword.internal.KeywordExecutor.executeKeywordForPlatform(KeywordExecutor.groovy:74)
	at com.kms.katalon.core.webui.keyword.WebUiBuiltInKeywords.click(WebUiBuiltInKeywords.groovy:659)
	at Script1732317059045.run(Script1732317059045.groovy:122)
	... 15 more
)]]></system-out>
         <system-err><![CDATA[27-11-2024T17:20:53 - [TEST_CASE][FAILED] - Test Cases/2.Positivos/2.1Paquete/Origen-Provincia/3.Destino-D,DO,O/Destino-DO: Test Cases/2.Positivos/2.1Paquete/Origen-Provincia/3.Destino-D,DO,O/Destino-DO FAILED.
Reason:
com.kms.katalon.core.exception.StepFailedException: Unable to click on object 'Object Repository/Destinos/Page_Olva Courier  Confirma tus datos/button_IR A PAGAR S 27.90 (1)'
	at com.kms.katalon.core.webui.keyword.internal.WebUIKeywordMain.stepFailed(WebUIKeywordMain.groovy:117)
	at com.kms.katalon.core.webui.keyword.internal.WebUIKeywordMain.runKeyword(WebUIKeywordMain.groovy:43)
	at com.kms.katalon.core.webui.keyword.builtin.ClickKeyword.click(ClickKeyword.groovy:74)
	at com.kms.katalon.core.webui.keyword.builtin.ClickKeyword.execute(ClickKeyword.groovy:40)
	at com.kms.katalon.core.keyword.internal.KeywordExecutor.executeKeywordForPlatform(KeywordExecutor.groovy:74)
	at com.kms.katalon.core.webui.keyword.WebUiBuiltInKeywords.click(WebUiBuiltInKeywords.groovy:659)
	at Destino-DO.run(Destino-DO:122)
	at com.kms.katalon.core.main.ScriptEngine.run(ScriptEngine.java:194)
	at com.kms.katalon.core.main.ScriptEngine.runScriptAsRawText(ScriptEngine.java:119)
	at com.kms.katalon.core.main.TestCaseExecutor.runScript(TestCaseExecutor.java:448)
	at com.kms.katalon.core.main.TestCaseExecutor.doExecute(TestCaseExecutor.java:439)
	at com.kms.katalon.core.main.TestCaseExecutor.processExecutionPhase(TestCaseExecutor.java:418)
	at com.kms.katalon.core.main.TestCaseExecutor.accessMainPhase(TestCaseExecutor.java:410)
	at com.kms.katalon.core.main.TestCaseExecutor.execute(TestCaseExecutor.java:285)
	at com.kms.katalon.core.common.CommonExecutor.accessTestCaseMainPhase(CommonExecutor.java:65)
	at com.kms.katalon.core.main.TestSuiteExecutor.accessTestSuiteMainPhase(TestSuiteExecutor.java:150)
	at com.kms.katalon.core.main.TestSuiteExecutor.execute(TestSuiteExecutor.java:106)
	at com.kms.katalon.core.main.TestCaseMain.startTestSuite(TestCaseMain.java:180)
	at TempTestSuite1732745349578.run(TempTestSuite1732745349578.groovy:35)
	at java.base/jdk.internal.reflect.NativeMethodAccessorImpl.invoke0(Native Method)
	at java.base/jdk.internal.reflect.NativeMethodAccessorImpl.invoke(NativeMethodAccessorImpl.java:77)
	at java.base/jdk.internal.reflect.DelegatingMethodAccessorImpl.invoke(DelegatingMethodAccessorImpl.java:43)
Caused by: org.openqa.selenium.ElementClickInterceptedException: Element <button id="btn-pagar-listar" class="btn btn-warning" type="button"> is not clickable at point (682,614) because another element <p> obscures it
Build info: version: '3.141.59', revision: 'unknown', time: 'unknown'
System info: host: 'DESKTOP-RGFFP9A', ip: '10.136.10.6', os.name: 'Windows 11', os.arch: 'amd64', os.version: '10.0', java.version: '17.0.7'
Driver info: com.kms.katalon.core.webui.driver.firefox.CGeckoDriver
Capabilities {acceptInsecureCerts: true, browserName: firefox, browserVersion: 133.0, javascriptEnabled: true, moz:accessibilityChecks: false, moz:buildID: 20241121140525, moz:geckodriverVersion: 0.35.0, moz:headless: false, moz:platformVersion: 10.0, moz:processID: 34056, moz:profile: C:\Users\OLVATI\AppData\Loc..., moz:shutdownTimeout: 60000, moz:webdriverClick: true, moz:windowless: false, pageLoadStrategy: normal, platform: WINDOWS, platformName: WINDOWS, proxy: Proxy(direct), setWindowRect: true, strictFileInteractability: false, timeouts: {implicit: 0, pageLoad: 300000, script: 30000}, unhandledPromptBehavior: dismiss and notify, userAgent: Mozilla/5.0 (Windows NT 10....}
Session ID: a6f3f7e4-d4a8-43dc-b77d-4a3c4150bb44
	at jdk.internal.reflect.GeneratedConstructorAccessor32.newInstance(Unknown Source)
	at java.base/jdk.internal.reflect.DelegatingConstructorAccessorImpl.newInstance(DelegatingConstructorAccessorImpl.java:45)
	at org.openqa.selenium.remote.http.W3CHttpResponseCodec.createException(W3CHttpResponseCodec.java:187)
	at org.openqa.selenium.remote.http.W3CHttpResponseCodec.decode(W3CHttpResponseCodec.java:122)
	at org.openqa.selenium.remote.http.W3CHttpResponseCodec.decode(W3CHttpResponseCodec.java:49)
	at org.openqa.selenium.remote.HttpCommandExecutor.execute(HttpCommandExecutor.java:158)
	at org.openqa.selenium.remote.service.DriverCommandExecutor.execute(DriverCommandExecutor.java:83)
	at org.openqa.selenium.remote.RemoteWebDriver.execute(RemoteWebDriver.java:552)
	at com.kms.katalon.selenium.driver.CFirefoxDriver.execute(CFirefoxDriver.java:28)
	at org.openqa.selenium.remote.RemoteWebElement.execute(RemoteWebElement.java:285)
	at org.openqa.selenium.remote.RemoteWebElement.click(RemoteWebElement.java:84)
	at jdk.internal.reflect.GeneratedMethodAccessor10.invoke(Unknown Source)
	at java.base/jdk.internal.reflect.DelegatingMethodAccessorImpl.invoke(DelegatingMethodAccessorImpl.java:43)
	at org.openqa.selenium.support.events.EventFiringWebDriver$EventFiringWebElement.lambda$new$0(EventFiringWebDriver.java:404)
	at jdk.proxy2/jdk.proxy2.$Proxy21.click(Unknown Source)
	at org.openqa.selenium.support.events.EventFiringWebDriver$EventFiringWebElement.click(EventFiringWebDriver.java:417)
	at org.openqa.selenium.WebElement$click.call(Unknown Source)
	at com.kms.katalon.core.webui.keyword.builtin.ClickKeyword.clickUntilSuccessWithTimeout(ClickKeyword.groovy:81)
	at com.kms.katalon.core.webui.keyword.builtin.ClickKeyword.clickUntilSuccessWithTimeout(ClickKeyword.groovy)
	at jdk.internal.reflect.GeneratedMethodAccessor8.invoke(Unknown Source)
	at java.base/jdk.internal.reflect.DelegatingMethodAccessorImpl.invoke(DelegatingMethodAccessorImpl.java:43)
	at com.kms.katalon.core.webui.keyword.builtin.ClickKeyword$_click_closure1.doCall(ClickKeyword.groovy:67)
	at com.kms.katalon.core.webui.keyword.builtin.ClickKeyword$_click_closure1.call(ClickKeyword.groovy)
	at com.kms.katalon.core.webui.keyword.internal.WebUIKeywordMain.runKeyword(WebUIKeywordMain.groovy:35)
	... 20 more]]></system-err>
      </testcase>
      <testcase name="Test Cases/2.Positivos/2.1Paquete/Origen-Provincia/3.Destino-D,DO,O/Destino-D" time="46.759" classname="Test Cases/2.Positivos/2.1Paquete/Origen-Provincia/3.Destino-D,DO,O/Destino-D" status="PASSED">
         <system-out><![CDATA[27-11-2024T17:22:47 - [TEST_CASE][PASSED] - Test Cases/2.Positivos/2.1Paquete/Origen-Provincia/3.Destino-D,DO,O/Destino-D: Test Cases/2.Positivos/2.1Paquete/Origen-Provincia/3.Destino-D,DO,O/Destino-D

27-11-2024T17:22:47 - [TEST_STEP][PASSED] - callTestCase(findTestCase("1.Inicio/1.1Principal/Principal-home"), [:], STOP_ON_FAILURE): Call Test Case 'Test Cases/1.Inicio/1.1Principal/Principal-home' successfully

27-11-2024T17:22:47 - [TEST_CASE][PASSED] - Test Cases/1.Inicio/1.1Principal/Principal-home: Test Cases/1.Inicio/1.1Principal/Principal-home

27-11-2024T17:22:47 - [TEST_STEP][PASSED] - openBrowser(""): Browser is opened with url: ''

27-11-2024T17:22:47 - [MESSAGE][WARNING] - A browser is already opened. Closing browser and opening a new one

27-11-2024T17:22:48 - [MESSAGE][INFO] - Starting 'Firefox' driver

27-11-2024T17:22:48 - [MESSAGE][INFO] - Action delay is set to 0 milliseconds

27-11-2024T17:22:57 - [MESSAGE][PASSED] - Browser is opened with url: ''

27-11-2024T17:22:57 - [TEST_STEP][PASSED] - navigateToUrl("https://dev01-registrodeenvios.olvacourier.com/principal"): Navigate to 'https://dev01-registrodeenvios.olvacourier.com/principal' successfully

27-11-2024T17:22:58 - [MESSAGE][PASSED] - Navigate to 'https://dev01-registrodeenvios.olvacourier.com/principal' successfully

27-11-2024T17:22:58 - [TEST_STEP][PASSED] - maximizeWindow(): Current window maximized

27-11-2024T17:22:58 - [MESSAGE][PASSED] - Current window maximized

27-11-2024T17:22:58 - [MESSAGE][PASSED] - Call Test Case 'Test Cases/1.Inicio/1.1Principal/Principal-home' successfully

27-11-2024T17:22:58 - [TEST_STEP][PASSED] - callTestCase(findTestCase("1.Inicio/1.1Principal/Selec_paquete"), [:], STOP_ON_FAILURE): Call Test Case 'Test Cases/1.Inicio/1.1Principal/Selec_paquete' successfully

27-11-2024T17:22:58 - [TEST_CASE][PASSED] - Test Cases/1.Inicio/1.1Principal/Selec_paquete: Test Cases/1.Inicio/1.1Principal/Selec_paquete

27-11-2024T17:22:58 - [TEST_STEP][PASSED] - click(findTestObject("Object Repository/Principal/Page_Olva Courier  Home/img_Qu deseas realizar hoy_img_paquete")): Object: 'Object Repository/Principal/Page_Olva Courier  Home/img_Qu deseas realizar hoy_img_paquete' is clicked on

27-11-2024T17:22:59 - [MESSAGE][PASSED] - Object: 'Object Repository/Principal/Page_Olva Courier  Home/img_Qu deseas realizar hoy_img_paquete' is clicked on

27-11-2024T17:22:59 - [TEST_STEP][PASSED] - click(findTestObject("Object Repository/Principal/Page_Olva Courier  Home/span_He ledo y acepto los_checkmark (1)")): Object: 'Object Repository/Principal/Page_Olva Courier  Home/span_He ledo y acepto los_checkmark (1)' is clicked on

27-11-2024T17:23:00 - [MESSAGE][PASSED] - Object: 'Object Repository/Principal/Page_Olva Courier  Home/span_He ledo y acepto los_checkmark (1)' is clicked on

27-11-2024T17:23:00 - [TEST_STEP][PASSED] - click(findTestObject("Object Repository/Principal/Page_Olva Courier  Home/button_CONTINUAR (1)")): Object: 'Object Repository/Principal/Page_Olva Courier  Home/button_CONTINUAR (1)' is clicked on

27-11-2024T17:23:01 - [MESSAGE][PASSED] - Object: 'Object Repository/Principal/Page_Olva Courier  Home/button_CONTINUAR (1)' is clicked on

27-11-2024T17:23:01 - [TEST_STEP][PASSED] - verifyElementPresent(findTestObject("Object Repository/Principal/Page_Olva Courier  Datos Personales/strong_REGISTRO DE ENVOS"), 0): Object 'Object Repository/Principal/Page_Olva Courier  Datos Personales/strong_REGISTRO DE ENVOS' is present

27-11-2024T17:23:01 - [MESSAGE][WARNING] - Timeout '0' is invalid. Using default page load timeout: '30'

27-11-2024T17:23:02 - [MESSAGE][PASSED] - Object 'Object Repository/Principal/Page_Olva Courier  Datos Personales/strong_REGISTRO DE ENVOS' is present

27-11-2024T17:23:02 - [TEST_STEP][PASSED] - verifyElementPresent(findTestObject("Object Repository/Principal/Page_Olva Courier  Datos Personales/span_Regresar (1)"), 0): Object 'Object Repository/Principal/Page_Olva Courier  Datos Personales/span_Regresar (1)' is present

27-11-2024T17:23:02 - [MESSAGE][WARNING] - Timeout '0' is invalid. Using default page load timeout: '30'

27-11-2024T17:23:02 - [MESSAGE][PASSED] - Object 'Object Repository/Principal/Page_Olva Courier  Datos Personales/span_Regresar (1)' is present

27-11-2024T17:23:02 - [TEST_STEP][PASSED] - verifyElementPresent(findTestObject("Object Repository/Principal/Page_Olva Courier  Datos Personales/span_Inicio (1)"), 0): Object 'Object Repository/Principal/Page_Olva Courier  Datos Personales/span_Inicio (1)' is present

27-11-2024T17:23:02 - [MESSAGE][WARNING] - Timeout '0' is invalid. Using default page load timeout: '30'

27-11-2024T17:23:02 - [MESSAGE][PASSED] - Object 'Object Repository/Principal/Page_Olva Courier  Datos Personales/span_Inicio (1)' is present

27-11-2024T17:23:02 - [MESSAGE][PASSED] - Call Test Case 'Test Cases/1.Inicio/1.1Principal/Selec_paquete' successfully

27-11-2024T17:23:02 - [TEST_STEP][PASSED] - callTestCase(findTestCase("1.Inicio/1.2Tipo_Doc/1.DNI"), [:], STOP_ON_FAILURE): Call Test Case 'Test Cases/1.Inicio/1.2Tipo_Doc/1.DNI' successfully

27-11-2024T17:23:02 - [TEST_CASE][PASSED] - Test Cases/1.Inicio/1.2Tipo_Doc/1.DNI: Test Cases/1.Inicio/1.2Tipo_Doc/1.DNI

27-11-2024T17:23:02 - [TEST_STEP][PASSED] - click(findTestObject("Object Repository/Login/Page_Olva Courier  Datos Personales/button_Tipo De Documento")): Object: 'Object Repository/Login/Page_Olva Courier  Datos Personales/button_Tipo De Documento' is clicked on

27-11-2024T17:23:03 - [MESSAGE][PASSED] - Object: 'Object Repository/Login/Page_Olva Courier  Datos Personales/button_Tipo De Documento' is clicked on

27-11-2024T17:23:03 - [TEST_STEP][PASSED] - click(findTestObject("Object Repository/Login/Page_Olva Courier  Datos Personales/a_DNI (Boleta)")): Object: 'Object Repository/Login/Page_Olva Courier  Datos Personales/a_DNI (Boleta)' is clicked on

27-11-2024T17:23:03 - [MESSAGE][PASSED] - Object: 'Object Repository/Login/Page_Olva Courier  Datos Personales/a_DNI (Boleta)' is clicked on

27-11-2024T17:23:03 - [TEST_STEP][PASSED] - setText(findTestObject("Object Repository/Login/Page_Olva Courier  Datos Personales/input_CARN EXT. (Boleta)_txt_documento_cliente"), "47190321"): Text '47190321' is set on object 'Object Repository/Login/Page_Olva Courier  Datos Personales/input_CARN EXT. (Boleta)_txt_documento_cliente'

27-11-2024T17:23:04 - [MESSAGE][PASSED] - Text '47190321' is set on object 'Object Repository/Login/Page_Olva Courier  Datos Personales/input_CARN EXT. (Boleta)_txt_documento_cliente'

27-11-2024T17:23:04 - [TEST_STEP][PASSED] - setText(findTestObject("Object Repository/Login/Page_Olva Courier  Datos Personales/input_CARN EXT. (Boleta)_txt_telefono_cliente"), "957378086"): Text '957378086' is set on object 'Object Repository/Login/Page_Olva Courier  Datos Personales/input_CARN EXT. (Boleta)_txt_telefono_cliente'

27-11-2024T17:23:10 - [MESSAGE][PASSED] - Text '957378086' is set on object 'Object Repository/Login/Page_Olva Courier  Datos Personales/input_CARN EXT. (Boleta)_txt_telefono_cliente'

27-11-2024T17:23:10 - [TEST_STEP][PASSED] - setText(findTestObject("Object Repository/Login/Page_Olva Courier  Datos Personales/input_Hola,_txt_email_cliente"), "riosalejosjs@gmail.com"): Text 'riosalejosjs@gmail.com' is set on object 'Object Repository/Login/Page_Olva Courier  Datos Personales/input_Hola,_txt_email_cliente'

27-11-2024T17:23:11 - [MESSAGE][PASSED] - Text 'riosalejosjs@gmail.com' is set on object 'Object Repository/Login/Page_Olva Courier  Datos Personales/input_Hola,_txt_email_cliente'

27-11-2024T17:23:11 - [MESSAGE][PASSED] - Call Test Case 'Test Cases/1.Inicio/1.2Tipo_Doc/1.DNI' successfully

27-11-2024T17:23:11 - [TEST_STEP][PASSED] - click(findTestObject("Object Repository/Destinos/Page_Olva Courier  Datos Personales/span_Seleccionar artculo")): Object: 'Object Repository/Destinos/Page_Olva Courier  Datos Personales/span_Seleccionar artculo' is clicked on

27-11-2024T17:23:11 - [MESSAGE][PASSED] - Object: 'Object Repository/Destinos/Page_Olva Courier  Datos Personales/span_Seleccionar artculo' is clicked on

27-11-2024T17:23:11 - [TEST_STEP][PASSED] - click(findTestObject("Object Repository/Destinos/Page_Olva Courier  Datos Personales/span_ACCESORIOS Y EQUIPOS ELECTRONICOS")): Object: 'Object Repository/Destinos/Page_Olva Courier  Datos Personales/span_ACCESORIOS Y EQUIPOS ELECTRONICOS' is clicked on

27-11-2024T17:23:12 - [MESSAGE][PASSED] - Object: 'Object Repository/Destinos/Page_Olva Courier  Datos Personales/span_ACCESORIOS Y EQUIPOS ELECTRONICOS' is clicked on

27-11-2024T17:23:12 - [TEST_STEP][PASSED] - setText(findTestObject("Object Repository/Destinos/Page_Olva Courier  Datos Personales/input_UTILES DE OFICINA_txt_paquete_articulo"), "PREUBas"): Text 'PREUBas' is set on object 'Object Repository/Destinos/Page_Olva Courier  Datos Personales/input_UTILES DE OFICINA_txt_paquete_articulo'

27-11-2024T17:23:12 - [MESSAGE][PASSED] - Text 'PREUBas' is set on object 'Object Repository/Destinos/Page_Olva Courier  Datos Personales/input_UTILES DE OFICINA_txt_paquete_articulo'

27-11-2024T17:23:12 - [TEST_STEP][PASSED] - setText(findTestObject("Object Repository/Destinos/Page_Olva Courier  Datos Personales/input_UTILES DE OFICINA_txt_paquete_valor"), "50"): Text '50' is set on object 'Object Repository/Destinos/Page_Olva Courier  Datos Personales/input_UTILES DE OFICINA_txt_paquete_valor'

27-11-2024T17:23:13 - [MESSAGE][PASSED] - Text '50' is set on object 'Object Repository/Destinos/Page_Olva Courier  Datos Personales/input_UTILES DE OFICINA_txt_paquete_valor'

27-11-2024T17:23:13 - [TEST_STEP][PASSED] - click(findTestObject("Object Repository/Destinos/Page_Olva Courier  Datos Personales/div_Hasta 1Kg")): Object: 'Object Repository/Destinos/Page_Olva Courier  Datos Personales/div_Hasta 1Kg' is clicked on

27-11-2024T17:23:13 - [MESSAGE][PASSED] - Object: 'Object Repository/Destinos/Page_Olva Courier  Datos Personales/div_Hasta 1Kg' is clicked on

27-11-2024T17:23:13 - [TEST_STEP][PASSED] - scrollToElement(findTestObject("Object Repository/Destinos/Page_Olva Courier  Datos Personales/button_LIMA (1)"), 0): Scroll to object 'Object Repository/Destinos/Page_Olva Courier  Datos Personales/button_LIMA (1)' successfully

27-11-2024T17:23:13 - [MESSAGE][WARNING] - Timeout '0' is invalid. Using default page load timeout: '30'

27-11-2024T17:23:14 - [MESSAGE][PASSED] - Scroll to object 'Object Repository/Destinos/Page_Olva Courier  Datos Personales/button_LIMA (1)' successfully

27-11-2024T17:23:14 - [TEST_STEP][PASSED] - click(findTestObject("Object Repository/Destinos/Page_Olva Courier  Datos Personales/button_LIMA (1)")): Object: 'Object Repository/Destinos/Page_Olva Courier  Datos Personales/button_LIMA (1)' is clicked on

27-11-2024T17:23:14 - [MESSAGE][PASSED] - Object: 'Object Repository/Destinos/Page_Olva Courier  Datos Personales/button_LIMA (1)' is clicked on

27-11-2024T17:23:14 - [TEST_STEP][PASSED] - click(findTestObject("Object Repository/Destinos/Page_Olva Courier  Datos Personales/a_TRUJILLO")): Object: 'Object Repository/Destinos/Page_Olva Courier  Datos Personales/a_TRUJILLO' is clicked on

27-11-2024T17:23:15 - [MESSAGE][PASSED] - Object: 'Object Repository/Destinos/Page_Olva Courier  Datos Personales/a_TRUJILLO' is clicked on

27-11-2024T17:23:15 - [TEST_STEP][PASSED] - click(findTestObject("Object Repository/Destinos/Page_Olva Courier  Datos Personales/button_TRUJILLO")): Object: 'Object Repository/Destinos/Page_Olva Courier  Datos Personales/button_TRUJILLO' is clicked on

27-11-2024T17:23:19 - [MESSAGE][PASSED] - Object: 'Object Repository/Destinos/Page_Olva Courier  Datos Personales/button_TRUJILLO' is clicked on

27-11-2024T17:23:19 - [TEST_STEP][PASSED] - click(findTestObject("Object Repository/Destinos/Page_Olva Courier  Datos Personales/button_Ingrese el punto de llegada")): Object: 'Object Repository/Destinos/Page_Olva Courier  Datos Personales/button_Ingrese el punto de llegada' is clicked on

27-11-2024T17:23:19 - [MESSAGE][PASSED] - Object: 'Object Repository/Destinos/Page_Olva Courier  Datos Personales/button_Ingrese el punto de llegada' is clicked on

27-11-2024T17:23:19 - [TEST_STEP][PASSED] - click(findTestObject("Object Repository/Destinos/Page_Olva Courier  Datos Personales/a_CUSCO - CUSCO - CUSCO")): Object: 'Object Repository/Destinos/Page_Olva Courier  Datos Personales/a_CUSCO - CUSCO - CUSCO' is clicked on

27-11-2024T17:23:20 - [MESSAGE][PASSED] - Object: 'Object Repository/Destinos/Page_Olva Courier  Datos Personales/a_CUSCO - CUSCO - CUSCO' is clicked on

27-11-2024T17:23:20 - [TEST_STEP][PASSED] - click(findTestObject("Object Repository/Destinos/Page_Olva Courier  Datos Personales/button_Recojo en tienda")): Object: 'Object Repository/Destinos/Page_Olva Courier  Datos Personales/button_Recojo en tienda' is clicked on

27-11-2024T17:23:20 - [MESSAGE][PASSED] - Object: 'Object Repository/Destinos/Page_Olva Courier  Datos Personales/button_Recojo en tienda' is clicked on

27-11-2024T17:23:20 - [TEST_STEP][PASSED] - click(findTestObject("Object Repository/Destinos/Page_Olva Courier  Datos Personales/a_Entrega a domicilio")): Object: 'Object Repository/Destinos/Page_Olva Courier  Datos Personales/a_Entrega a domicilio' is clicked on

27-11-2024T17:23:25 - [MESSAGE][PASSED] - Object: 'Object Repository/Destinos/Page_Olva Courier  Datos Personales/a_Entrega a domicilio' is clicked on

27-11-2024T17:23:25 - [TEST_STEP][PASSED] - click(findTestObject("Object Repository/Destinos/Page_Olva Courier  Datos Personales/button_Tipo De Documento_1")): Object: 'Object Repository/Destinos/Page_Olva Courier  Datos Personales/button_Tipo De Documento_1' is clicked on

27-11-2024T17:23:25 - [MESSAGE][PASSED] - Object: 'Object Repository/Destinos/Page_Olva Courier  Datos Personales/button_Tipo De Documento_1' is clicked on

27-11-2024T17:23:25 - [TEST_STEP][PASSED] - click(findTestObject("Object Repository/Destinos/Page_Olva Courier  Datos Personales/a_DNI")): Object: 'Object Repository/Destinos/Page_Olva Courier  Datos Personales/a_DNI' is clicked on

27-11-2024T17:23:26 - [MESSAGE][PASSED] - Object: 'Object Repository/Destinos/Page_Olva Courier  Datos Personales/a_DNI' is clicked on

27-11-2024T17:23:26 - [TEST_STEP][PASSED] - setText(findTestObject("Object Repository/Destinos/Page_Olva Courier  Datos Personales/input_CARN EXT_txt_consignado_dni"), "71735785"): Text '71735785' is set on object 'Object Repository/Destinos/Page_Olva Courier  Datos Personales/input_CARN EXT_txt_consignado_dni'

27-11-2024T17:23:26 - [MESSAGE][PASSED] - Text '71735785' is set on object 'Object Repository/Destinos/Page_Olva Courier  Datos Personales/input_CARN EXT_txt_consignado_dni'

27-11-2024T17:23:26 - [TEST_STEP][PASSED] - scrollToElement(findTestObject("Object Repository/Destinos/Page_Olva Courier  Datos Personales/button_CONTINUAR"), 0): Scroll to object 'Object Repository/Destinos/Page_Olva Courier  Datos Personales/button_CONTINUAR' successfully

27-11-2024T17:23:26 - [MESSAGE][WARNING] - Timeout '0' is invalid. Using default page load timeout: '30'

27-11-2024T17:23:27 - [MESSAGE][PASSED] - Scroll to object 'Object Repository/Destinos/Page_Olva Courier  Datos Personales/button_CONTINUAR' successfully

27-11-2024T17:23:27 - [TEST_STEP][PASSED] - click(findTestObject("Object Repository/Destinos/Page_Olva Courier  Datos Personales/button_CONTINUAR")): Object: 'Object Repository/Destinos/Page_Olva Courier  Datos Personales/button_CONTINUAR' is clicked on

27-11-2024T17:23:27 - [MESSAGE][PASSED] - Object: 'Object Repository/Destinos/Page_Olva Courier  Datos Personales/button_CONTINUAR' is clicked on

27-11-2024T17:23:27 - [TEST_STEP][PASSED] - scrollToElement(findTestObject("Object Repository/Destinos/Page_Olva Courier  Confirma tus datos/button_IR A PAGAR S 16.50"), 0): Scroll to object 'Object Repository/Destinos/Page_Olva Courier  Confirma tus datos/button_IR A PAGAR S 16.50' successfully

27-11-2024T17:23:27 - [MESSAGE][WARNING] - Timeout '0' is invalid. Using default page load timeout: '30'

27-11-2024T17:23:29 - [MESSAGE][PASSED] - Scroll to object 'Object Repository/Destinos/Page_Olva Courier  Confirma tus datos/button_IR A PAGAR S 16.50' successfully

27-11-2024T17:23:29 - [TEST_STEP][PASSED] - click(findTestObject("Object Repository/Destinos/Page_Olva Courier  Confirma tus datos/button_IR A PAGAR S 16.50")): Object: 'Object Repository/Destinos/Page_Olva Courier  Confirma tus datos/button_IR A PAGAR S 16.50' is clicked on

27-11-2024T17:23:30 - [MESSAGE][PASSED] - Object: 'Object Repository/Destinos/Page_Olva Courier  Confirma tus datos/button_IR A PAGAR S 16.50' is clicked on

27-11-2024T17:23:30 - [TEST_STEP][PASSED] - delay(3): Delayed 3 second(s)

27-11-2024T17:23:33 - [MESSAGE][PASSED] - Delayed 3 second(s)

27-11-2024T17:23:33 - [TEST_STEP][PASSED] - verifyElementPresent(findTestObject("Object Repository/Destinos/Page_Olva Courier  Medios de pago/button_PAGAR"), 0): Object 'Object Repository/Destinos/Page_Olva Courier  Medios de pago/button_PAGAR' is present

27-11-2024T17:23:33 - [MESSAGE][WARNING] - Timeout '0' is invalid. Using default page load timeout: '30'

27-11-2024T17:23:33 - [MESSAGE][PASSED] - Object 'Object Repository/Destinos/Page_Olva Courier  Medios de pago/button_PAGAR' is present]]></system-out>
         <system-err><![CDATA[]]></system-err>
      </testcase>
      <testcase name="Test Cases/2.Positivos/2.1Paquete/Origen-Provincia/2.Valorado/Entrega_Tienda/Restricion-tienda" time="57.444" classname="Test Cases/2.Positivos/2.1Paquete/Origen-Provincia/2.Valorado/Entrega_Tienda/Restricion-tienda" status="PASSED">
         <system-out><![CDATA[27-11-2024T17:23:33 - [TEST_CASE][PASSED] - Test Cases/2.Positivos/2.1Paquete/Origen-Provincia/2.Valorado/Entrega_Tienda/Restricion-tienda: Test Cases/2.Positivos/2.1Paquete/Origen-Provincia/2.Valorado/Entrega_Tienda/Restricion-tienda

27-11-2024T17:23:34 - [TEST_STEP][PASSED] - callTestCase(findTestCase("1.Inicio/1.1Principal/Principal-home"), [:], STOP_ON_FAILURE): Call Test Case 'Test Cases/1.Inicio/1.1Principal/Principal-home' successfully

27-11-2024T17:23:34 - [TEST_CASE][PASSED] - Test Cases/1.Inicio/1.1Principal/Principal-home: Test Cases/1.Inicio/1.1Principal/Principal-home

27-11-2024T17:23:34 - [TEST_STEP][PASSED] - openBrowser(""): Browser is opened with url: ''

27-11-2024T17:23:34 - [MESSAGE][WARNING] - A browser is already opened. Closing browser and opening a new one

27-11-2024T17:23:35 - [MESSAGE][INFO] - Starting 'Firefox' driver

27-11-2024T17:23:35 - [MESSAGE][INFO] - Action delay is set to 0 milliseconds

27-11-2024T17:23:44 - [MESSAGE][PASSED] - Browser is opened with url: ''

27-11-2024T17:23:44 - [TEST_STEP][PASSED] - navigateToUrl("https://dev01-registrodeenvios.olvacourier.com/principal"): Navigate to 'https://dev01-registrodeenvios.olvacourier.com/principal' successfully

27-11-2024T17:23:45 - [MESSAGE][PASSED] - Navigate to 'https://dev01-registrodeenvios.olvacourier.com/principal' successfully

27-11-2024T17:23:45 - [TEST_STEP][PASSED] - maximizeWindow(): Current window maximized

27-11-2024T17:23:45 - [MESSAGE][PASSED] - Current window maximized

27-11-2024T17:23:45 - [MESSAGE][PASSED] - Call Test Case 'Test Cases/1.Inicio/1.1Principal/Principal-home' successfully

27-11-2024T17:23:45 - [TEST_STEP][PASSED] - callTestCase(findTestCase("1.Inicio/1.1Principal/Selec_paquete"), [:], STOP_ON_FAILURE): Call Test Case 'Test Cases/1.Inicio/1.1Principal/Selec_paquete' successfully

27-11-2024T17:23:45 - [TEST_CASE][PASSED] - Test Cases/1.Inicio/1.1Principal/Selec_paquete: Test Cases/1.Inicio/1.1Principal/Selec_paquete

27-11-2024T17:23:45 - [TEST_STEP][PASSED] - click(findTestObject("Object Repository/Principal/Page_Olva Courier  Home/img_Qu deseas realizar hoy_img_paquete")): Object: 'Object Repository/Principal/Page_Olva Courier  Home/img_Qu deseas realizar hoy_img_paquete' is clicked on

27-11-2024T17:23:46 - [MESSAGE][PASSED] - Object: 'Object Repository/Principal/Page_Olva Courier  Home/img_Qu deseas realizar hoy_img_paquete' is clicked on

27-11-2024T17:23:46 - [TEST_STEP][PASSED] - click(findTestObject("Object Repository/Principal/Page_Olva Courier  Home/span_He ledo y acepto los_checkmark (1)")): Object: 'Object Repository/Principal/Page_Olva Courier  Home/span_He ledo y acepto los_checkmark (1)' is clicked on

27-11-2024T17:23:46 - [MESSAGE][PASSED] - Object: 'Object Repository/Principal/Page_Olva Courier  Home/span_He ledo y acepto los_checkmark (1)' is clicked on

27-11-2024T17:23:46 - [TEST_STEP][PASSED] - click(findTestObject("Object Repository/Principal/Page_Olva Courier  Home/button_CONTINUAR (1)")): Object: 'Object Repository/Principal/Page_Olva Courier  Home/button_CONTINUAR (1)' is clicked on

27-11-2024T17:23:48 - [MESSAGE][PASSED] - Object: 'Object Repository/Principal/Page_Olva Courier  Home/button_CONTINUAR (1)' is clicked on

27-11-2024T17:23:48 - [TEST_STEP][PASSED] - verifyElementPresent(findTestObject("Object Repository/Principal/Page_Olva Courier  Datos Personales/strong_REGISTRO DE ENVOS"), 0): Object 'Object Repository/Principal/Page_Olva Courier  Datos Personales/strong_REGISTRO DE ENVOS' is present

27-11-2024T17:23:48 - [MESSAGE][WARNING] - Timeout '0' is invalid. Using default page load timeout: '30'

27-11-2024T17:23:48 - [MESSAGE][PASSED] - Object 'Object Repository/Principal/Page_Olva Courier  Datos Personales/strong_REGISTRO DE ENVOS' is present

27-11-2024T17:23:48 - [TEST_STEP][PASSED] - verifyElementPresent(findTestObject("Object Repository/Principal/Page_Olva Courier  Datos Personales/span_Regresar (1)"), 0): Object 'Object Repository/Principal/Page_Olva Courier  Datos Personales/span_Regresar (1)' is present

27-11-2024T17:23:48 - [MESSAGE][WARNING] - Timeout '0' is invalid. Using default page load timeout: '30'

27-11-2024T17:23:49 - [MESSAGE][PASSED] - Object 'Object Repository/Principal/Page_Olva Courier  Datos Personales/span_Regresar (1)' is present

27-11-2024T17:23:49 - [TEST_STEP][PASSED] - verifyElementPresent(findTestObject("Object Repository/Principal/Page_Olva Courier  Datos Personales/span_Inicio (1)"), 0): Object 'Object Repository/Principal/Page_Olva Courier  Datos Personales/span_Inicio (1)' is present

27-11-2024T17:23:49 - [MESSAGE][WARNING] - Timeout '0' is invalid. Using default page load timeout: '30'

27-11-2024T17:23:49 - [MESSAGE][PASSED] - Object 'Object Repository/Principal/Page_Olva Courier  Datos Personales/span_Inicio (1)' is present

27-11-2024T17:23:49 - [MESSAGE][PASSED] - Call Test Case 'Test Cases/1.Inicio/1.1Principal/Selec_paquete' successfully

27-11-2024T17:23:49 - [TEST_STEP][PASSED] - callTestCase(findTestCase("1.Inicio/1.2Tipo_Doc/1.DNI"), [:], STOP_ON_FAILURE): Call Test Case 'Test Cases/1.Inicio/1.2Tipo_Doc/1.DNI' successfully

27-11-2024T17:23:49 - [TEST_CASE][PASSED] - Test Cases/1.Inicio/1.2Tipo_Doc/1.DNI: Test Cases/1.Inicio/1.2Tipo_Doc/1.DNI

27-11-2024T17:23:49 - [TEST_STEP][PASSED] - click(findTestObject("Object Repository/Login/Page_Olva Courier  Datos Personales/button_Tipo De Documento")): Object: 'Object Repository/Login/Page_Olva Courier  Datos Personales/button_Tipo De Documento' is clicked on

27-11-2024T17:23:50 - [MESSAGE][PASSED] - Object: 'Object Repository/Login/Page_Olva Courier  Datos Personales/button_Tipo De Documento' is clicked on

27-11-2024T17:23:50 - [TEST_STEP][PASSED] - click(findTestObject("Object Repository/Login/Page_Olva Courier  Datos Personales/a_DNI (Boleta)")): Object: 'Object Repository/Login/Page_Olva Courier  Datos Personales/a_DNI (Boleta)' is clicked on

27-11-2024T17:23:51 - [MESSAGE][PASSED] - Object: 'Object Repository/Login/Page_Olva Courier  Datos Personales/a_DNI (Boleta)' is clicked on

27-11-2024T17:23:51 - [TEST_STEP][PASSED] - setText(findTestObject("Object Repository/Login/Page_Olva Courier  Datos Personales/input_CARN EXT. (Boleta)_txt_documento_cliente"), "47190321"): Text '47190321' is set on object 'Object Repository/Login/Page_Olva Courier  Datos Personales/input_CARN EXT. (Boleta)_txt_documento_cliente'

27-11-2024T17:23:51 - [MESSAGE][PASSED] - Text '47190321' is set on object 'Object Repository/Login/Page_Olva Courier  Datos Personales/input_CARN EXT. (Boleta)_txt_documento_cliente'

27-11-2024T17:23:51 - [TEST_STEP][PASSED] - setText(findTestObject("Object Repository/Login/Page_Olva Courier  Datos Personales/input_CARN EXT. (Boleta)_txt_telefono_cliente"), "957378086"): Text '957378086' is set on object 'Object Repository/Login/Page_Olva Courier  Datos Personales/input_CARN EXT. (Boleta)_txt_telefono_cliente'

27-11-2024T17:23:57 - [MESSAGE][PASSED] - Text '957378086' is set on object 'Object Repository/Login/Page_Olva Courier  Datos Personales/input_CARN EXT. (Boleta)_txt_telefono_cliente'

27-11-2024T17:23:57 - [TEST_STEP][PASSED] - setText(findTestObject("Object Repository/Login/Page_Olva Courier  Datos Personales/input_Hola,_txt_email_cliente"), "riosalejosjs@gmail.com"): Text 'riosalejosjs@gmail.com' is set on object 'Object Repository/Login/Page_Olva Courier  Datos Personales/input_Hola,_txt_email_cliente'

27-11-2024T17:23:58 - [MESSAGE][PASSED] - Text 'riosalejosjs@gmail.com' is set on object 'Object Repository/Login/Page_Olva Courier  Datos Personales/input_Hola,_txt_email_cliente'

27-11-2024T17:23:58 - [MESSAGE][PASSED] - Call Test Case 'Test Cases/1.Inicio/1.2Tipo_Doc/1.DNI' successfully

27-11-2024T17:23:58 - [TEST_STEP][PASSED] - click(findTestObject("Object Repository/valorado/Page_Olva Courier  Datos Personales/button_Seleccionar artculo (1)")): Object: 'Object Repository/valorado/Page_Olva Courier  Datos Personales/button_Seleccionar artculo (1)' is clicked on

27-11-2024T17:23:58 - [MESSAGE][PASSED] - Object: 'Object Repository/valorado/Page_Olva Courier  Datos Personales/button_Seleccionar artculo (1)' is clicked on

27-11-2024T17:23:58 - [TEST_STEP][PASSED] - click(findTestObject("Object Repository/valorado/Page_Olva Courier  Datos Personales/span_ARTCULOS PUBLICITARIOS")): Object: 'Object Repository/valorado/Page_Olva Courier  Datos Personales/span_ARTCULOS PUBLICITARIOS' is clicked on

27-11-2024T17:23:59 - [MESSAGE][PASSED] - Object: 'Object Repository/valorado/Page_Olva Courier  Datos Personales/span_ARTCULOS PUBLICITARIOS' is clicked on

27-11-2024T17:23:59 - [TEST_STEP][PASSED] - setText(findTestObject("Object Repository/valorado/Page_Olva Courier  Datos Personales/input_UTILES DE OFICINA_txt_paquete_articulo (1)"), "PREUBAs"): Text 'PREUBAs' is set on object 'Object Repository/valorado/Page_Olva Courier  Datos Personales/input_UTILES DE OFICINA_txt_paquete_articulo (1)'

27-11-2024T17:23:59 - [MESSAGE][PASSED] - Text 'PREUBAs' is set on object 'Object Repository/valorado/Page_Olva Courier  Datos Personales/input_UTILES DE OFICINA_txt_paquete_articulo (1)'

27-11-2024T17:23:59 - [TEST_STEP][PASSED] - setText(findTestObject("Object Repository/valorado/Page_Olva Courier  Datos Personales/input_UTILES DE OFICINA_txt_paquete_valor (1)"), "1800"): Text '1800' is set on object 'Object Repository/valorado/Page_Olva Courier  Datos Personales/input_UTILES DE OFICINA_txt_paquete_valor (1)'

27-11-2024T17:24:00 - [MESSAGE][PASSED] - Text '1800' is set on object 'Object Repository/valorado/Page_Olva Courier  Datos Personales/input_UTILES DE OFICINA_txt_paquete_valor (1)'

27-11-2024T17:24:00 - [TEST_STEP][PASSED] - click(findTestObject("Object Repository/valorado/Page_Olva Courier  Datos Personales/div_Hasta 2Kg")): Object: 'Object Repository/valorado/Page_Olva Courier  Datos Personales/div_Hasta 2Kg' is clicked on

27-11-2024T17:24:00 - [MESSAGE][PASSED] - Object: 'Object Repository/valorado/Page_Olva Courier  Datos Personales/div_Hasta 2Kg' is clicked on

27-11-2024T17:24:00 - [TEST_STEP][PASSED] - scrollToElement(findTestObject("Object Repository/Destinos/Page_Olva Courier  Datos Personales/button_LIMA (1)"), 0): Scroll to object 'Object Repository/Destinos/Page_Olva Courier  Datos Personales/button_LIMA (1)' successfully

27-11-2024T17:24:00 - [MESSAGE][WARNING] - Timeout '0' is invalid. Using default page load timeout: '30'

27-11-2024T17:24:01 - [MESSAGE][PASSED] - Scroll to object 'Object Repository/Destinos/Page_Olva Courier  Datos Personales/button_LIMA (1)' successfully

27-11-2024T17:24:01 - [TEST_STEP][PASSED] - click(findTestObject("Object Repository/Destinos/Page_Olva Courier  Datos Personales/button_LIMA (1)")): Object: 'Object Repository/Destinos/Page_Olva Courier  Datos Personales/button_LIMA (1)' is clicked on

27-11-2024T17:24:02 - [MESSAGE][PASSED] - Object: 'Object Repository/Destinos/Page_Olva Courier  Datos Personales/button_LIMA (1)' is clicked on

27-11-2024T17:24:02 - [TEST_STEP][PASSED] - click(findTestObject("Object Repository/Destinos/Page_Olva Courier  Datos Personales/a_TRUJILLO")): Object: 'Object Repository/Destinos/Page_Olva Courier  Datos Personales/a_TRUJILLO' is clicked on

27-11-2024T17:24:02 - [MESSAGE][PASSED] - Object: 'Object Repository/Destinos/Page_Olva Courier  Datos Personales/a_TRUJILLO' is clicked on

27-11-2024T17:24:02 - [TEST_STEP][PASSED] - click(findTestObject("Object Repository/Destinos/Page_Olva Courier  Datos Personales/button_TRUJILLO")): Object: 'Object Repository/Destinos/Page_Olva Courier  Datos Personales/button_TRUJILLO' is clicked on

27-11-2024T17:24:05 - [MESSAGE][PASSED] - Object: 'Object Repository/Destinos/Page_Olva Courier  Datos Personales/button_TRUJILLO' is clicked on

27-11-2024T17:24:05 - [TEST_STEP][PASSED] - click(findTestObject("Object Repository/valorado/Page_Olva Courier  Datos Personales/button_Ingrese el punto de llegada (1)")): Object: 'Object Repository/valorado/Page_Olva Courier  Datos Personales/button_Ingrese el punto de llegada (1)' is clicked on

27-11-2024T17:24:06 - [MESSAGE][PASSED] - Object: 'Object Repository/valorado/Page_Olva Courier  Datos Personales/button_Ingrese el punto de llegada (1)' is clicked on

27-11-2024T17:24:06 - [TEST_STEP][PASSED] - click(findTestObject("Object Repository/valorado/Page_Olva Courier  Datos Personales/a_ICA - ICA - ICA")): Object: 'Object Repository/valorado/Page_Olva Courier  Datos Personales/a_ICA - ICA - ICA' is clicked on

27-11-2024T17:24:07 - [MESSAGE][PASSED] - Object: 'Object Repository/valorado/Page_Olva Courier  Datos Personales/a_ICA - ICA - ICA' is clicked on

27-11-2024T17:24:07 - [TEST_STEP][PASSED] - click(findTestObject("Object Repository/valorado/Page_Olva Courier  Datos Personales/button_Tipo de entrega (1)")): Object: 'Object Repository/valorado/Page_Olva Courier  Datos Personales/button_Tipo de entrega (1)' is clicked on

27-11-2024T17:24:07 - [MESSAGE][PASSED] - Object: 'Object Repository/valorado/Page_Olva Courier  Datos Personales/button_Tipo de entrega (1)' is clicked on

27-11-2024T17:24:07 - [TEST_STEP][PASSED] - click(findTestObject("Object Repository/valorado/Page_Olva Courier  Datos Personales/a_Recojo en tienda (1)")): Object: 'Object Repository/valorado/Page_Olva Courier  Datos Personales/a_Recojo en tienda (1)' is clicked on

27-11-2024T17:24:08 - [MESSAGE][PASSED] - Object: 'Object Repository/valorado/Page_Olva Courier  Datos Personales/a_Recojo en tienda (1)' is clicked on

27-11-2024T17:24:08 - [TEST_STEP][PASSED] - verifyElementText(findTestObject("Object Repository/valorado/Page_Olva Courier  Datos Personales/p_El artculo que supera los 1000 soles no p_4059db (1)"), "El artículo que supera los 1000 soles no pueden ser entregados en tienda"): Actual text and expected text of test object 'Object Repository/valorado/Page_Olva Courier  Datos Personales/p_El artculo que supera los 1000 soles no p_4059db (1)' are matched.

27-11-2024T17:24:08 - [MESSAGE][PASSED] - Actual text and expected text of test object 'Object Repository/valorado/Page_Olva Courier  Datos Personales/p_El artculo que supera los 1000 soles no p_4059db (1)' are matched.

27-11-2024T17:24:08 - [TEST_STEP][PASSED] - click(findTestObject("Object Repository/valorado/Page_Olva Courier  Datos Personales/button_Aceptar (1)")): Object: 'Object Repository/valorado/Page_Olva Courier  Datos Personales/button_Aceptar (1)' is clicked on

27-11-2024T17:24:08 - [MESSAGE][PASSED] - Object: 'Object Repository/valorado/Page_Olva Courier  Datos Personales/button_Aceptar (1)' is clicked on

27-11-2024T17:24:08 - [TEST_STEP][PASSED] - click(findTestObject("Object Repository/valorado/Page_Olva Courier  Datos Personales/button_Tipo de entrega (1)")): Object: 'Object Repository/valorado/Page_Olva Courier  Datos Personales/button_Tipo de entrega (1)' is clicked on

27-11-2024T17:24:09 - [MESSAGE][PASSED] - Object: 'Object Repository/valorado/Page_Olva Courier  Datos Personales/button_Tipo de entrega (1)' is clicked on

27-11-2024T17:24:09 - [TEST_STEP][PASSED] - click(findTestObject("Object Repository/valorado/Page_Olva Courier  Datos Personales/a_Entrega a domicilio (1)")): Object: 'Object Repository/valorado/Page_Olva Courier  Datos Personales/a_Entrega a domicilio (1)' is clicked on

27-11-2024T17:24:14 - [MESSAGE][PASSED] - Object: 'Object Repository/valorado/Page_Olva Courier  Datos Personales/a_Entrega a domicilio (1)' is clicked on

27-11-2024T17:24:14 - [TEST_STEP][PASSED] - scrollToElement(findTestObject("Object Repository/valorado/Page_Olva Courier  Datos Personales/button_Tipo De Documento_1 (1)"), 0): Scroll to object 'Object Repository/valorado/Page_Olva Courier  Datos Personales/button_Tipo De Documento_1 (1)' successfully

27-11-2024T17:24:14 - [MESSAGE][WARNING] - Timeout '0' is invalid. Using default page load timeout: '30'

27-11-2024T17:24:15 - [MESSAGE][PASSED] - Scroll to object 'Object Repository/valorado/Page_Olva Courier  Datos Personales/button_Tipo De Documento_1 (1)' successfully

27-11-2024T17:24:15 - [TEST_STEP][PASSED] - click(findTestObject("Object Repository/valorado/Page_Olva Courier  Datos Personales/button_Tipo De Documento_1 (1)")): Object: 'Object Repository/valorado/Page_Olva Courier  Datos Personales/button_Tipo De Documento_1 (1)' is clicked on

27-11-2024T17:24:15 - [MESSAGE][PASSED] - Object: 'Object Repository/valorado/Page_Olva Courier  Datos Personales/button_Tipo De Documento_1 (1)' is clicked on

27-11-2024T17:24:15 - [TEST_STEP][PASSED] - click(findTestObject("Object Repository/valorado/Page_Olva Courier  Datos Personales/a_DNI (1)")): Object: 'Object Repository/valorado/Page_Olva Courier  Datos Personales/a_DNI (1)' is clicked on

27-11-2024T17:24:16 - [MESSAGE][PASSED] - Object: 'Object Repository/valorado/Page_Olva Courier  Datos Personales/a_DNI (1)' is clicked on

27-11-2024T17:24:16 - [TEST_STEP][PASSED] - setText(findTestObject("Object Repository/valorado/Page_Olva Courier  Datos Personales/input_CARN EXT_txt_consignado_dni (1)"), "71735785"): Text '71735785' is set on object 'Object Repository/valorado/Page_Olva Courier  Datos Personales/input_CARN EXT_txt_consignado_dni (1)'

27-11-2024T17:24:16 - [MESSAGE][PASSED] - Text '71735785' is set on object 'Object Repository/valorado/Page_Olva Courier  Datos Personales/input_CARN EXT_txt_consignado_dni (1)'

27-11-2024T17:24:16 - [TEST_STEP][PASSED] - scrollToElement(findTestObject("Object Repository/valorado/Page_Olva Courier  Datos Personales/button_CONTINUAR (1)"), 0): Scroll to object 'Object Repository/valorado/Page_Olva Courier  Datos Personales/button_CONTINUAR (1)' successfully

27-11-2024T17:24:16 - [MESSAGE][WARNING] - Timeout '0' is invalid. Using default page load timeout: '30'

27-11-2024T17:24:17 - [MESSAGE][PASSED] - Scroll to object 'Object Repository/valorado/Page_Olva Courier  Datos Personales/button_CONTINUAR (1)' successfully

27-11-2024T17:24:17 - [TEST_STEP][PASSED] - click(findTestObject("Object Repository/valorado/Page_Olva Courier  Datos Personales/button_CONTINUAR (1)")): Object: 'Object Repository/valorado/Page_Olva Courier  Datos Personales/button_CONTINUAR (1)' is clicked on

27-11-2024T17:24:17 - [MESSAGE][PASSED] - Object: 'Object Repository/valorado/Page_Olva Courier  Datos Personales/button_CONTINUAR (1)' is clicked on

27-11-2024T17:24:17 - [TEST_STEP][PASSED] - click(findTestObject("Object Repository/valorado/Page_Olva Courier  Confirma tus datos/button_IR A PAGAR S 19.74")): Object: 'Object Repository/valorado/Page_Olva Courier  Confirma tus datos/button_IR A PAGAR S 19.74' is clicked on

27-11-2024T17:24:20 - [MESSAGE][PASSED] - Object: 'Object Repository/valorado/Page_Olva Courier  Confirma tus datos/button_IR A PAGAR S 19.74' is clicked on

27-11-2024T17:24:20 - [TEST_STEP][PASSED] - delay(3): Delayed 3 second(s)

27-11-2024T17:24:23 - [MESSAGE][PASSED] - Delayed 3 second(s)

27-11-2024T17:24:23 - [TEST_STEP][PASSED] - verifyElementText(findTestObject("Object Repository/valorado/Page_Olva Courier  Confirma tus datos/th_S 1800.00"), "S/ 1800.00"): Actual text and expected text of test object 'Object Repository/valorado/Page_Olva Courier  Confirma tus datos/th_S 1800.00' are matched.

27-11-2024T17:24:24 - [MESSAGE][PASSED] - Actual text and expected text of test object 'Object Repository/valorado/Page_Olva Courier  Confirma tus datos/th_S 1800.00' are matched.

27-11-2024T17:24:24 - [TEST_STEP][PASSED] - click(findTestObject("Object Repository/valorado/Page_Olva Courier  Confirma tus datos/a_regulacin de envos y la declaracin Jurada")): Object: 'Object Repository/valorado/Page_Olva Courier  Confirma tus datos/a_regulacin de envos y la declaracin Jurada' is clicked on

27-11-2024T17:24:24 - [MESSAGE][PASSED] - Object: 'Object Repository/valorado/Page_Olva Courier  Confirma tus datos/a_regulacin de envos y la declaracin Jurada' is clicked on

27-11-2024T17:24:24 - [TEST_STEP][PASSED] - click(findTestObject("Object Repository/valorado/Page_Olva Courier  Confirma tus datos/button_Aceptar")): Object: 'Object Repository/valorado/Page_Olva Courier  Confirma tus datos/button_Aceptar' is clicked on

27-11-2024T17:24:25 - [MESSAGE][PASSED] - Object: 'Object Repository/valorado/Page_Olva Courier  Confirma tus datos/button_Aceptar' is clicked on

27-11-2024T17:24:25 - [TEST_STEP][PASSED] - click(findTestObject("Object Repository/valorado/Page_Olva Courier  Confirma tus datos/div_He ledo la")): Object: 'Object Repository/valorado/Page_Olva Courier  Confirma tus datos/div_He ledo la' is clicked on

27-11-2024T17:24:25 - [MESSAGE][PASSED] - Object: 'Object Repository/valorado/Page_Olva Courier  Confirma tus datos/div_He ledo la' is clicked on

27-11-2024T17:24:25 - [TEST_STEP][PASSED] - click(findTestObject("Object Repository/valorado/Page_Olva Courier  Confirma tus datos/label_Declaro bajo juramento los productos _f4619d")): Object: 'Object Repository/valorado/Page_Olva Courier  Confirma tus datos/label_Declaro bajo juramento los productos _f4619d' is clicked on

27-11-2024T17:24:26 - [MESSAGE][PASSED] - Object: 'Object Repository/valorado/Page_Olva Courier  Confirma tus datos/label_Declaro bajo juramento los productos _f4619d' is clicked on

27-11-2024T17:24:26 - [TEST_STEP][PASSED] - scrollToElement(findTestObject("Object Repository/valorado/Page_Olva Courier  Confirma tus datos/button_CONTINUAR"), 0): Scroll to object 'Object Repository/valorado/Page_Olva Courier  Confirma tus datos/button_CONTINUAR' successfully

27-11-2024T17:24:26 - [MESSAGE][WARNING] - Timeout '0' is invalid. Using default page load timeout: '30'

27-11-2024T17:24:26 - [MESSAGE][PASSED] - Scroll to object 'Object Repository/valorado/Page_Olva Courier  Confirma tus datos/button_CONTINUAR' successfully

27-11-2024T17:24:26 - [TEST_STEP][PASSED] - click(findTestObject("Object Repository/valorado/Page_Olva Courier  Confirma tus datos/button_CONTINUAR")): Object: 'Object Repository/valorado/Page_Olva Courier  Confirma tus datos/button_CONTINUAR' is clicked on

27-11-2024T17:24:27 - [MESSAGE][PASSED] - Object: 'Object Repository/valorado/Page_Olva Courier  Confirma tus datos/button_CONTINUAR' is clicked on

27-11-2024T17:24:27 - [TEST_STEP][PASSED] - click(findTestObject("Object Repository/valorado/Page_Olva Courier  Confirma tus datos/button_IR A PAGAR S 19.74")): Object: 'Object Repository/valorado/Page_Olva Courier  Confirma tus datos/button_IR A PAGAR S 19.74' is clicked on

27-11-2024T17:24:28 - [MESSAGE][PASSED] - Object: 'Object Repository/valorado/Page_Olva Courier  Confirma tus datos/button_IR A PAGAR S 19.74' is clicked on

27-11-2024T17:24:28 - [TEST_STEP][PASSED] - delay(3): Delayed 3 second(s)

27-11-2024T17:24:31 - [MESSAGE][PASSED] - Delayed 3 second(s)

27-11-2024T17:24:31 - [TEST_STEP][PASSED] - verifyElementPresent(findTestObject("Object Repository/valorado/Page_Olva Courier  Medios de pago/button_PAGAR"), 0): Object 'Object Repository/valorado/Page_Olva Courier  Medios de pago/button_PAGAR' is present

27-11-2024T17:24:31 - [MESSAGE][WARNING] - Timeout '0' is invalid. Using default page load timeout: '30'

27-11-2024T17:24:31 - [MESSAGE][PASSED] - Object 'Object Repository/valorado/Page_Olva Courier  Medios de pago/button_PAGAR' is present]]></system-out>
         <system-err><![CDATA[]]></system-err>
      </testcase>
      <testcase name="Test Cases/2.Positivos/2.1Paquete/Origen-Provincia/2.Valorado/Entrega_Domicilio/Valorado 501" time="88.927" classname="Test Cases/2.Positivos/2.1Paquete/Origen-Provincia/2.Valorado/Entrega_Domicilio/Valorado 501" status="PASSED">
         <system-out><![CDATA[27-11-2024T17:24:31 - [TEST_CASE][PASSED] - Test Cases/2.Positivos/2.1Paquete/Origen-Provincia/2.Valorado/Entrega_Domicilio/Valorado 501: Test Cases/2.Positivos/2.1Paquete/Origen-Provincia/2.Valorado/Entrega_Domicilio/Valorado 501

27-11-2024T17:24:31 - [TEST_STEP][PASSED] - callTestCase(findTestCase("1.Inicio/1.1Principal/Principal-home"), [:], STOP_ON_FAILURE): Call Test Case 'Test Cases/1.Inicio/1.1Principal/Principal-home' successfully

27-11-2024T17:24:31 - [TEST_CASE][PASSED] - Test Cases/1.Inicio/1.1Principal/Principal-home: Test Cases/1.Inicio/1.1Principal/Principal-home

27-11-2024T17:24:31 - [TEST_STEP][PASSED] - openBrowser(""): Browser is opened with url: ''

27-11-2024T17:24:31 - [MESSAGE][WARNING] - A browser is already opened. Closing browser and opening a new one

27-11-2024T17:24:34 - [MESSAGE][INFO] - Starting 'Firefox' driver

27-11-2024T17:24:34 - [MESSAGE][INFO] - Action delay is set to 0 milliseconds

27-11-2024T17:24:45 - [MESSAGE][PASSED] - Browser is opened with url: ''

27-11-2024T17:24:45 - [TEST_STEP][PASSED] - navigateToUrl("https://dev01-registrodeenvios.olvacourier.com/principal"): Navigate to 'https://dev01-registrodeenvios.olvacourier.com/principal' successfully

27-11-2024T17:24:46 - [MESSAGE][PASSED] - Navigate to 'https://dev01-registrodeenvios.olvacourier.com/principal' successfully

27-11-2024T17:24:46 - [TEST_STEP][PASSED] - maximizeWindow(): Current window maximized

27-11-2024T17:24:47 - [MESSAGE][PASSED] - Current window maximized

27-11-2024T17:24:47 - [MESSAGE][PASSED] - Call Test Case 'Test Cases/1.Inicio/1.1Principal/Principal-home' successfully

27-11-2024T17:24:47 - [TEST_STEP][PASSED] - callTestCase(findTestCase("1.Inicio/1.1Principal/Selec_paquete"), [:], STOP_ON_FAILURE): Call Test Case 'Test Cases/1.Inicio/1.1Principal/Selec_paquete' successfully

27-11-2024T17:24:47 - [TEST_CASE][PASSED] - Test Cases/1.Inicio/1.1Principal/Selec_paquete: Test Cases/1.Inicio/1.1Principal/Selec_paquete

27-11-2024T17:24:47 - [TEST_STEP][PASSED] - click(findTestObject("Object Repository/Principal/Page_Olva Courier  Home/img_Qu deseas realizar hoy_img_paquete")): Object: 'Object Repository/Principal/Page_Olva Courier  Home/img_Qu deseas realizar hoy_img_paquete' is clicked on

27-11-2024T17:24:47 - [MESSAGE][PASSED] - Object: 'Object Repository/Principal/Page_Olva Courier  Home/img_Qu deseas realizar hoy_img_paquete' is clicked on

27-11-2024T17:24:47 - [TEST_STEP][PASSED] - click(findTestObject("Object Repository/Principal/Page_Olva Courier  Home/span_He ledo y acepto los_checkmark (1)")): Object: 'Object Repository/Principal/Page_Olva Courier  Home/span_He ledo y acepto los_checkmark (1)' is clicked on

27-11-2024T17:24:48 - [MESSAGE][PASSED] - Object: 'Object Repository/Principal/Page_Olva Courier  Home/span_He ledo y acepto los_checkmark (1)' is clicked on

27-11-2024T17:24:48 - [TEST_STEP][PASSED] - click(findTestObject("Object Repository/Principal/Page_Olva Courier  Home/button_CONTINUAR (1)")): Object: 'Object Repository/Principal/Page_Olva Courier  Home/button_CONTINUAR (1)' is clicked on

27-11-2024T17:24:50 - [MESSAGE][PASSED] - Object: 'Object Repository/Principal/Page_Olva Courier  Home/button_CONTINUAR (1)' is clicked on

27-11-2024T17:24:50 - [TEST_STEP][PASSED] - verifyElementPresent(findTestObject("Object Repository/Principal/Page_Olva Courier  Datos Personales/strong_REGISTRO DE ENVOS"), 0): Object 'Object Repository/Principal/Page_Olva Courier  Datos Personales/strong_REGISTRO DE ENVOS' is present

27-11-2024T17:24:50 - [MESSAGE][WARNING] - Timeout '0' is invalid. Using default page load timeout: '30'

27-11-2024T17:24:50 - [MESSAGE][PASSED] - Object 'Object Repository/Principal/Page_Olva Courier  Datos Personales/strong_REGISTRO DE ENVOS' is present

27-11-2024T17:24:50 - [TEST_STEP][PASSED] - verifyElementPresent(findTestObject("Object Repository/Principal/Page_Olva Courier  Datos Personales/span_Regresar (1)"), 0): Object 'Object Repository/Principal/Page_Olva Courier  Datos Personales/span_Regresar (1)' is present

27-11-2024T17:24:50 - [MESSAGE][WARNING] - Timeout '0' is invalid. Using default page load timeout: '30'

27-11-2024T17:24:51 - [MESSAGE][PASSED] - Object 'Object Repository/Principal/Page_Olva Courier  Datos Personales/span_Regresar (1)' is present

27-11-2024T17:24:51 - [TEST_STEP][PASSED] - verifyElementPresent(findTestObject("Object Repository/Principal/Page_Olva Courier  Datos Personales/span_Inicio (1)"), 0): Object 'Object Repository/Principal/Page_Olva Courier  Datos Personales/span_Inicio (1)' is present

27-11-2024T17:24:51 - [MESSAGE][WARNING] - Timeout '0' is invalid. Using default page load timeout: '30'

27-11-2024T17:24:51 - [MESSAGE][PASSED] - Object 'Object Repository/Principal/Page_Olva Courier  Datos Personales/span_Inicio (1)' is present

27-11-2024T17:24:51 - [MESSAGE][PASSED] - Call Test Case 'Test Cases/1.Inicio/1.1Principal/Selec_paquete' successfully

27-11-2024T17:24:51 - [TEST_STEP][PASSED] - callTestCase(findTestCase("1.Inicio/1.2Tipo_Doc/5.RUC20"), [:], STOP_ON_FAILURE): Call Test Case 'Test Cases/1.Inicio/1.2Tipo_Doc/5.RUC20' successfully

27-11-2024T17:24:51 - [TEST_CASE][PASSED] - Test Cases/1.Inicio/1.2Tipo_Doc/5.RUC20: Test Cases/1.Inicio/1.2Tipo_Doc/5.RUC20

27-11-2024T17:24:51 - [TEST_STEP][PASSED] - click(findTestObject("Object Repository/Login/Page_Olva Courier  Datos Personales/button_Tipo De Documento")): Object: 'Object Repository/Login/Page_Olva Courier  Datos Personales/button_Tipo De Documento' is clicked on

27-11-2024T17:24:53 - [MESSAGE][PASSED] - Object: 'Object Repository/Login/Page_Olva Courier  Datos Personales/button_Tipo De Documento' is clicked on

27-11-2024T17:24:53 - [TEST_STEP][PASSED] - click(findTestObject("Object Repository/Login/Page_Olva Courier  Datos Personales/span_RUC (Factura)")): Object: 'Object Repository/Login/Page_Olva Courier  Datos Personales/span_RUC (Factura)' is clicked on

27-11-2024T17:24:54 - [MESSAGE][PASSED] - Object: 'Object Repository/Login/Page_Olva Courier  Datos Personales/span_RUC (Factura)' is clicked on

27-11-2024T17:24:54 - [TEST_STEP][PASSED] - setText(findTestObject("Object Repository/Login/Page_Olva Courier  Datos Personales/input_CARN EXT. (Boleta)_txt_documento_cliente"), "20100686814"): Text '20100686814' is set on object 'Object Repository/Login/Page_Olva Courier  Datos Personales/input_CARN EXT. (Boleta)_txt_documento_cliente'

27-11-2024T17:24:54 - [MESSAGE][PASSED] - Text '20100686814' is set on object 'Object Repository/Login/Page_Olva Courier  Datos Personales/input_CARN EXT. (Boleta)_txt_documento_cliente'

27-11-2024T17:24:54 - [MESSAGE][PASSED] - Call Test Case 'Test Cases/1.Inicio/1.2Tipo_Doc/5.RUC20' successfully

27-11-2024T17:24:54 - [TEST_STEP][PASSED] - click(findTestObject("Object Repository/valorado/Page_Olva Courier  Datos Personales/button_Seleccionar artculo")): Object: 'Object Repository/valorado/Page_Olva Courier  Datos Personales/button_Seleccionar artculo' is clicked on

27-11-2024T17:25:04 - [MESSAGE][PASSED] - Object: 'Object Repository/valorado/Page_Olva Courier  Datos Personales/button_Seleccionar artculo' is clicked on

27-11-2024T17:25:04 - [TEST_STEP][PASSED] - click(findTestObject("Object Repository/valorado/Page_Olva Courier  Datos Personales/a_MUEBLES Y DECOHOGAR")): Object: 'Object Repository/valorado/Page_Olva Courier  Datos Personales/a_MUEBLES Y DECOHOGAR' is clicked on

27-11-2024T17:25:05 - [MESSAGE][PASSED] - Object: 'Object Repository/valorado/Page_Olva Courier  Datos Personales/a_MUEBLES Y DECOHOGAR' is clicked on

27-11-2024T17:25:05 - [TEST_STEP][PASSED] - setText(findTestObject("Object Repository/valorado/Page_Olva Courier  Datos Personales/input_UTILES DE OFICINA_txt_paquete_articulo"), "PREUBas"): Text 'PREUBas' is set on object 'Object Repository/valorado/Page_Olva Courier  Datos Personales/input_UTILES DE OFICINA_txt_paquete_articulo'

27-11-2024T17:25:05 - [MESSAGE][PASSED] - Text 'PREUBas' is set on object 'Object Repository/valorado/Page_Olva Courier  Datos Personales/input_UTILES DE OFICINA_txt_paquete_articulo'

27-11-2024T17:25:05 - [TEST_STEP][PASSED] - setText(findTestObject("Object Repository/valorado/Page_Olva Courier  Datos Personales/input_UTILES DE OFICINA_txt_paquete_valor"), "501"): Text '501' is set on object 'Object Repository/valorado/Page_Olva Courier  Datos Personales/input_UTILES DE OFICINA_txt_paquete_valor'

27-11-2024T17:25:06 - [MESSAGE][PASSED] - Text '501' is set on object 'Object Repository/valorado/Page_Olva Courier  Datos Personales/input_UTILES DE OFICINA_txt_paquete_valor'

27-11-2024T17:25:06 - [TEST_STEP][PASSED] - click(findTestObject("Object Repository/valorado/Page_Olva Courier  Datos Personales/b_1Kg")): Object: 'Object Repository/valorado/Page_Olva Courier  Datos Personales/b_1Kg' is clicked on

27-11-2024T17:25:07 - [MESSAGE][PASSED] - Object: 'Object Repository/valorado/Page_Olva Courier  Datos Personales/b_1Kg' is clicked on

27-11-2024T17:25:07 - [TEST_STEP][PASSED] - scrollToElement(findTestObject("Object Repository/Destinos/Page_Olva Courier  Datos Personales/button_LIMA (1)"), 0): Scroll to object 'Object Repository/Destinos/Page_Olva Courier  Datos Personales/button_LIMA (1)' successfully

27-11-2024T17:25:07 - [MESSAGE][WARNING] - Timeout '0' is invalid. Using default page load timeout: '30'

27-11-2024T17:25:07 - [MESSAGE][PASSED] - Scroll to object 'Object Repository/Destinos/Page_Olva Courier  Datos Personales/button_LIMA (1)' successfully

27-11-2024T17:25:07 - [TEST_STEP][PASSED] - click(findTestObject("Object Repository/Destinos/Page_Olva Courier  Datos Personales/button_LIMA (1)")): Object: 'Object Repository/Destinos/Page_Olva Courier  Datos Personales/button_LIMA (1)' is clicked on

27-11-2024T17:25:08 - [MESSAGE][PASSED] - Object: 'Object Repository/Destinos/Page_Olva Courier  Datos Personales/button_LIMA (1)' is clicked on

27-11-2024T17:25:08 - [TEST_STEP][PASSED] - click(findTestObject("Object Repository/Destinos/Page_Olva Courier  Datos Personales/a_ICA")): Object: 'Object Repository/Destinos/Page_Olva Courier  Datos Personales/a_ICA' is clicked on

27-11-2024T17:25:09 - [MESSAGE][PASSED] - Object: 'Object Repository/Destinos/Page_Olva Courier  Datos Personales/a_ICA' is clicked on

27-11-2024T17:25:09 - [TEST_STEP][PASSED] - click(findTestObject("Object Repository/Destinos/Page_Olva Courier  Datos Personales/button_ICA")): Object: 'Object Repository/Destinos/Page_Olva Courier  Datos Personales/button_ICA' is clicked on

27-11-2024T17:25:09 - [MESSAGE][PASSED] - Object: 'Object Repository/Destinos/Page_Olva Courier  Datos Personales/button_ICA' is clicked on

27-11-2024T17:25:09 - [TEST_STEP][PASSED] - click(findTestObject("Object Repository/valorado/Page_Olva Courier  Datos Personales/button_Ingrese el punto de llegada")): Object: 'Object Repository/valorado/Page_Olva Courier  Datos Personales/button_Ingrese el punto de llegada' is clicked on

27-11-2024T17:25:10 - [MESSAGE][PASSED] - Object: 'Object Repository/valorado/Page_Olva Courier  Datos Personales/button_Ingrese el punto de llegada' is clicked on

27-11-2024T17:25:10 - [TEST_STEP][PASSED] - click(findTestObject("Object Repository/valorado/Page_Olva Courier  Datos Personales/a_ANCASH - HUARAZ - HUARAZ")): Object: 'Object Repository/valorado/Page_Olva Courier  Datos Personales/a_ANCASH - HUARAZ - HUARAZ' is clicked on

27-11-2024T17:25:11 - [MESSAGE][PASSED] - Object: 'Object Repository/valorado/Page_Olva Courier  Datos Personales/a_ANCASH - HUARAZ - HUARAZ' is clicked on

27-11-2024T17:25:11 - [TEST_STEP][PASSED] - click(findTestObject("Object Repository/valorado/Page_Olva Courier  Datos Personales/button_Tipo de entrega")): Object: 'Object Repository/valorado/Page_Olva Courier  Datos Personales/button_Tipo de entrega' is clicked on

27-11-2024T17:25:12 - [MESSAGE][PASSED] - Object: 'Object Repository/valorado/Page_Olva Courier  Datos Personales/button_Tipo de entrega' is clicked on

27-11-2024T17:25:12 - [TEST_STEP][PASSED] - click(findTestObject("Object Repository/valorado/Page_Olva Courier  Datos Personales/a_Recojo en tienda")): Object: 'Object Repository/valorado/Page_Olva Courier  Datos Personales/a_Recojo en tienda' is clicked on

27-11-2024T17:25:12 - [MESSAGE][PASSED] - Object: 'Object Repository/valorado/Page_Olva Courier  Datos Personales/a_Recojo en tienda' is clicked on

27-11-2024T17:25:12 - [TEST_STEP][PASSED] - click(findTestObject("Object Repository/valorado/Page_Olva Courier  Datos Personales/button_Tienda")): Object: 'Object Repository/valorado/Page_Olva Courier  Datos Personales/button_Tienda' is clicked on

27-11-2024T17:25:13 - [MESSAGE][PASSED] - Object: 'Object Repository/valorado/Page_Olva Courier  Datos Personales/button_Tienda' is clicked on

27-11-2024T17:25:13 - [TEST_STEP][PASSED] - click(findTestObject("Object Repository/valorado/Page_Olva Courier  Datos Personales/span_TIENDA HUARAZ - HUARAZ - AV MARISCAL A_1d6adb")): Object: 'Object Repository/valorado/Page_Olva Courier  Datos Personales/span_TIENDA HUARAZ - HUARAZ - AV MARISCAL A_1d6adb' is clicked on

27-11-2024T17:25:14 - [MESSAGE][PASSED] - Object: 'Object Repository/valorado/Page_Olva Courier  Datos Personales/span_TIENDA HUARAZ - HUARAZ - AV MARISCAL A_1d6adb' is clicked on

27-11-2024T17:25:14 - [TEST_STEP][PASSED] - scrollToElement(findTestObject("Object Repository/valorado/Page_Olva Courier  Datos Personales/button_Tipo De Documento_1"), 0): Scroll to object 'Object Repository/valorado/Page_Olva Courier  Datos Personales/button_Tipo De Documento_1' successfully

27-11-2024T17:25:14 - [MESSAGE][WARNING] - Timeout '0' is invalid. Using default page load timeout: '30'

27-11-2024T17:25:14 - [MESSAGE][PASSED] - Scroll to object 'Object Repository/valorado/Page_Olva Courier  Datos Personales/button_Tipo De Documento_1' successfully

27-11-2024T17:25:14 - [TEST_STEP][PASSED] - click(findTestObject("Object Repository/valorado/Page_Olva Courier  Datos Personales/button_Tipo De Documento_1")): Object: 'Object Repository/valorado/Page_Olva Courier  Datos Personales/button_Tipo De Documento_1' is clicked on

27-11-2024T17:25:15 - [MESSAGE][PASSED] - Object: 'Object Repository/valorado/Page_Olva Courier  Datos Personales/button_Tipo De Documento_1' is clicked on

27-11-2024T17:25:15 - [TEST_STEP][PASSED] - click(findTestObject("Object Repository/valorado/Page_Olva Courier  Datos Personales/a_DNI")): Object: 'Object Repository/valorado/Page_Olva Courier  Datos Personales/a_DNI' is clicked on

27-11-2024T17:25:16 - [MESSAGE][PASSED] - Object: 'Object Repository/valorado/Page_Olva Courier  Datos Personales/a_DNI' is clicked on

27-11-2024T17:25:16 - [TEST_STEP][PASSED] - setText(findTestObject("Object Repository/valorado/Page_Olva Courier  Datos Personales/input_CARN EXT_txt_consignado_dni"), "71735785"): Text '71735785' is set on object 'Object Repository/valorado/Page_Olva Courier  Datos Personales/input_CARN EXT_txt_consignado_dni'

27-11-2024T17:25:17 - [MESSAGE][PASSED] - Text '71735785' is set on object 'Object Repository/valorado/Page_Olva Courier  Datos Personales/input_CARN EXT_txt_consignado_dni'

27-11-2024T17:25:17 - [TEST_STEP][PASSED] - scrollToElement(findTestObject("Object Repository/valorado/Page_Olva Courier  Datos Personales/button_CONTINUAR"), 0): Scroll to object 'Object Repository/valorado/Page_Olva Courier  Datos Personales/button_CONTINUAR' successfully

27-11-2024T17:25:18 - [MESSAGE][WARNING] - Timeout '0' is invalid. Using default page load timeout: '30'

27-11-2024T17:25:34 - [MESSAGE][PASSED] - Scroll to object 'Object Repository/valorado/Page_Olva Courier  Datos Personales/button_CONTINUAR' successfully

27-11-2024T17:25:34 - [TEST_STEP][PASSED] - click(findTestObject("Object Repository/valorado/Page_Olva Courier  Datos Personales/button_CONTINUAR")): Object: 'Object Repository/valorado/Page_Olva Courier  Datos Personales/button_CONTINUAR' is clicked on

27-11-2024T17:25:36 - [MESSAGE][PASSED] - Object: 'Object Repository/valorado/Page_Olva Courier  Datos Personales/button_CONTINUAR' is clicked on

27-11-2024T17:25:36 - [TEST_STEP][PASSED] - click(findTestObject("Object Repository/valorado/Page_Olva Courier  Confirma tus datos/button_IR A PAGAR S 19.74")): Object: 'Object Repository/valorado/Page_Olva Courier  Confirma tus datos/button_IR A PAGAR S 19.74' is clicked on

27-11-2024T17:25:44 - [MESSAGE][PASSED] - Object: 'Object Repository/valorado/Page_Olva Courier  Confirma tus datos/button_IR A PAGAR S 19.74' is clicked on

27-11-2024T17:25:44 - [TEST_STEP][PASSED] - click(findTestObject("Object Repository/valorado/Page_Olva Courier  Confirma tus datos/a_regulacin de envos y la declaracin Jurada")): Object: 'Object Repository/valorado/Page_Olva Courier  Confirma tus datos/a_regulacin de envos y la declaracin Jurada' is clicked on

27-11-2024T17:25:45 - [MESSAGE][PASSED] - Object: 'Object Repository/valorado/Page_Olva Courier  Confirma tus datos/a_regulacin de envos y la declaracin Jurada' is clicked on

27-11-2024T17:25:45 - [TEST_STEP][PASSED] - click(findTestObject("Object Repository/valorado/Page_Olva Courier  Confirma tus datos/button_Aceptar")): Object: 'Object Repository/valorado/Page_Olva Courier  Confirma tus datos/button_Aceptar' is clicked on

27-11-2024T17:25:46 - [MESSAGE][PASSED] - Object: 'Object Repository/valorado/Page_Olva Courier  Confirma tus datos/button_Aceptar' is clicked on

27-11-2024T17:25:46 - [TEST_STEP][PASSED] - click(findTestObject("Object Repository/valorado/Page_Olva Courier  Confirma tus datos/div_He ledo la")): Object: 'Object Repository/valorado/Page_Olva Courier  Confirma tus datos/div_He ledo la' is clicked on

27-11-2024T17:25:47 - [MESSAGE][PASSED] - Object: 'Object Repository/valorado/Page_Olva Courier  Confirma tus datos/div_He ledo la' is clicked on

27-11-2024T17:25:47 - [TEST_STEP][PASSED] - click(findTestObject("Object Repository/valorado/Page_Olva Courier  Confirma tus datos/label_Declaro bajo juramento los productos _f4619d")): Object: 'Object Repository/valorado/Page_Olva Courier  Confirma tus datos/label_Declaro bajo juramento los productos _f4619d' is clicked on

27-11-2024T17:25:48 - [MESSAGE][PASSED] - Object: 'Object Repository/valorado/Page_Olva Courier  Confirma tus datos/label_Declaro bajo juramento los productos _f4619d' is clicked on

27-11-2024T17:25:48 - [TEST_STEP][PASSED] - scrollToElement(findTestObject("Object Repository/valorado/Page_Olva Courier  Confirma tus datos/button_CONTINUAR"), 0): Scroll to object 'Object Repository/valorado/Page_Olva Courier  Confirma tus datos/button_CONTINUAR' successfully

27-11-2024T17:25:48 - [MESSAGE][WARNING] - Timeout '0' is invalid. Using default page load timeout: '30'

27-11-2024T17:25:48 - [MESSAGE][PASSED] - Scroll to object 'Object Repository/valorado/Page_Olva Courier  Confirma tus datos/button_CONTINUAR' successfully

27-11-2024T17:25:48 - [TEST_STEP][PASSED] - click(findTestObject("Object Repository/valorado/Page_Olva Courier  Confirma tus datos/button_CONTINUAR")): Object: 'Object Repository/valorado/Page_Olva Courier  Confirma tus datos/button_CONTINUAR' is clicked on

27-11-2024T17:25:49 - [MESSAGE][PASSED] - Object: 'Object Repository/valorado/Page_Olva Courier  Confirma tus datos/button_CONTINUAR' is clicked on

27-11-2024T17:25:49 - [TEST_STEP][PASSED] - click(findTestObject("Object Repository/valorado/Page_Olva Courier  Confirma tus datos/button_IR A PAGAR S 19.74")): Object: 'Object Repository/valorado/Page_Olva Courier  Confirma tus datos/button_IR A PAGAR S 19.74' is clicked on

27-11-2024T17:25:50 - [MESSAGE][PASSED] - Object: 'Object Repository/valorado/Page_Olva Courier  Confirma tus datos/button_IR A PAGAR S 19.74' is clicked on

27-11-2024T17:25:50 - [TEST_STEP][PASSED] - setText(findTestObject("Object Repository/valorado/Page_Olva Courier  Confirma tus datos/input_Tienes envos con recojo en tienda, se_b85f5d"), "1"): Text '1' is set on object 'Object Repository/valorado/Page_Olva Courier  Confirma tus datos/input_Tienes envos con recojo en tienda, se_b85f5d'

27-11-2024T17:25:51 - [MESSAGE][PASSED] - Text '1' is set on object 'Object Repository/valorado/Page_Olva Courier  Confirma tus datos/input_Tienes envos con recojo en tienda, se_b85f5d'

27-11-2024T17:25:51 - [TEST_STEP][PASSED] - setText(findTestObject("Object Repository/valorado/Page_Olva Courier  Confirma tus datos/input_Tienes envos con recojo en tienda, se_af5936"), "1"): Text '1' is set on object 'Object Repository/valorado/Page_Olva Courier  Confirma tus datos/input_Tienes envos con recojo en tienda, se_af5936'

27-11-2024T17:25:52 - [MESSAGE][PASSED] - Text '1' is set on object 'Object Repository/valorado/Page_Olva Courier  Confirma tus datos/input_Tienes envos con recojo en tienda, se_af5936'

27-11-2024T17:25:52 - [TEST_STEP][PASSED] - setText(findTestObject("Object Repository/valorado/Page_Olva Courier  Confirma tus datos/input_Tienes envos con recojo en tienda, se_653975"), "1"): Text '1' is set on object 'Object Repository/valorado/Page_Olva Courier  Confirma tus datos/input_Tienes envos con recojo en tienda, se_653975'

27-11-2024T17:25:53 - [MESSAGE][PASSED] - Text '1' is set on object 'Object Repository/valorado/Page_Olva Courier  Confirma tus datos/input_Tienes envos con recojo en tienda, se_653975'

27-11-2024T17:25:53 - [TEST_STEP][PASSED] - setText(findTestObject("Object Repository/valorado/Page_Olva Courier  Confirma tus datos/input_Tienes envos con recojo en tienda, se_8615a0"), "1"): Text '1' is set on object 'Object Repository/valorado/Page_Olva Courier  Confirma tus datos/input_Tienes envos con recojo en tienda, se_8615a0'

27-11-2024T17:25:54 - [MESSAGE][PASSED] - Text '1' is set on object 'Object Repository/valorado/Page_Olva Courier  Confirma tus datos/input_Tienes envos con recojo en tienda, se_8615a0'

27-11-2024T17:25:54 - [TEST_STEP][PASSED] - click(findTestObject("Object Repository/valorado/Page_Olva Courier  Confirma tus datos/div_Aceptar")): Object: 'Object Repository/valorado/Page_Olva Courier  Confirma tus datos/div_Aceptar' is clicked on

27-11-2024T17:25:55 - [MESSAGE][PASSED] - Object: 'Object Repository/valorado/Page_Olva Courier  Confirma tus datos/div_Aceptar' is clicked on

27-11-2024T17:25:55 - [TEST_STEP][PASSED] - delay(3): Delayed 3 second(s)

27-11-2024T17:25:58 - [MESSAGE][PASSED] - Delayed 3 second(s)

27-11-2024T17:25:58 - [TEST_STEP][PASSED] - verifyElementPresent(findTestObject("Object Repository/valorado/Page_Olva Courier  Medios de pago/button_PAGAR"), 0): Object 'Object Repository/valorado/Page_Olva Courier  Medios de pago/button_PAGAR' is present

27-11-2024T17:25:58 - [MESSAGE][WARNING] - Timeout '0' is invalid. Using default page load timeout: '30'

27-11-2024T17:26:00 - [MESSAGE][PASSED] - Object 'Object Repository/valorado/Page_Olva Courier  Medios de pago/button_PAGAR' is present]]></system-out>
         <system-err><![CDATA[]]></system-err>
      </testcase>
      <testcase name="Test Cases/2.Positivos/2.1Paquete/Origen-Provincia/2.Valorado/Entrega_Domicilio/EditarValorado" time="111.76" classname="Test Cases/2.Positivos/2.1Paquete/Origen-Provincia/2.Valorado/Entrega_Domicilio/EditarValorado" status="FAILED">
         <failure type="FAILED" message="Test Cases/2.Positivos/2.1Paquete/Origen-Provincia/2.Valorado/Entrega_Domicilio/EditarValorado FAILED.&#xa;Reason:&#xa;com.kms.katalon.core.exception.StepFailedException: Unable to click on object 'Object Repository/valorado/Page_Olva Courier  Datos Personales/button_CONTINUAR'&#xa;	at com.kms.katalon.core.webui.keyword.internal.WebUIKeywordMain.stepFailed(WebUIKeywordMain.groovy:117)&#xa;	at com.kms.katalon.core.webui.keyword.internal.WebUIKeywordMain.runKeyword(WebUIKeywordMain.groovy:43)&#xa;	at com.kms.katalon.core.webui.keyword.builtin.ClickKeyword.click(ClickKeyword.groovy:74)&#xa;	at com.kms.katalon.core.webui.keyword.builtin.ClickKeyword.execute(ClickKeyword.groovy:40)&#xa;	at com.kms.katalon.core.keyword.internal.KeywordExecutor.executeKeywordForPlatform(KeywordExecutor.groovy:74)&#xa;	at com.kms.katalon.core.webui.keyword.WebUiBuiltInKeywords.click(WebUiBuiltInKeywords.groovy:659)&#xa;	at EditarValorado.run(EditarValorado:92)&#xa;	at com.kms.katalon.core.main.ScriptEngine.run(ScriptEngine.java:194)&#xa;	at com.kms.katalon.core.main.ScriptEngine.runScriptAsRawText(ScriptEngine.java:119)&#xa;	at com.kms.katalon.core.main.TestCaseExecutor.runScript(TestCaseExecutor.java:448)&#xa;	at com.kms.katalon.core.main.TestCaseExecutor.doExecute(TestCaseExecutor.java:439)&#xa;	at com.kms.katalon.core.main.TestCaseExecutor.processExecutionPhase(TestCaseExecutor.java:418)&#xa;	at com.kms.katalon.core.main.TestCaseExecutor.accessMainPhase(TestCaseExecutor.java:410)&#xa;	at com.kms.katalon.core.main.TestCaseExecutor.execute(TestCaseExecutor.java:285)&#xa;	at com.kms.katalon.core.common.CommonExecutor.accessTestCaseMainPhase(CommonExecutor.java:65)&#xa;	at com.kms.katalon.core.main.TestSuiteExecutor.accessTestSuiteMainPhase(TestSuiteExecutor.java:150)&#xa;	at com.kms.katalon.core.main.TestSuiteExecutor.execute(TestSuiteExecutor.java:106)&#xa;	at com.kms.katalon.core.main.TestCaseMain.startTestSuite(TestCaseMain.java:180)&#xa;	at TempTestSuite1732745349578.run(TempTestSuite1732745349578.groovy:35)&#xa;	at java.base/jdk.internal.reflect.NativeMethodAccessorImpl.invoke0(Native Method)&#xa;	at java.base/jdk.internal.reflect.NativeMethodAccessorImpl.invoke(NativeMethodAccessorImpl.java:77)&#xa;	at java.base/jdk.internal.reflect.DelegatingMethodAccessorImpl.invoke(DelegatingMethodAccessorImpl.java:43)&#xa;Caused by: org.openqa.selenium.ElementClickInterceptedException: Element &lt;button id=&quot;btn_guardar_datos_personales&quot; class=&quot;btn btn-warning mt-10&quot; type=&quot;button&quot;> is not clickable at point (675,376) because another element &lt;div id=&quot;myModalMilOficina&quot; class=&quot;modal fade modal-notify modal-warning in&quot;> obscures it&#xa;Build info: version: '3.141.59', revision: 'unknown', time: 'unknown'&#xa;System info: host: 'DESKTOP-RGFFP9A', ip: '10.136.10.6', os.name: 'Windows 11', os.arch: 'amd64', os.version: '10.0', java.version: '17.0.7'&#xa;Driver info: com.kms.katalon.core.webui.driver.firefox.CGeckoDriver&#xa;Capabilities {acceptInsecureCerts: true, browserName: firefox, browserVersion: 133.0, javascriptEnabled: true, moz:accessibilityChecks: false, moz:buildID: 20241121140525, moz:geckodriverVersion: 0.35.0, moz:headless: false, moz:platformVersion: 10.0, moz:processID: 25132, moz:profile: C:\Users\OLVATI\AppData\Loc..., moz:shutdownTimeout: 60000, moz:webdriverClick: true, moz:windowless: false, pageLoadStrategy: normal, platform: WINDOWS, platformName: WINDOWS, proxy: Proxy(direct), setWindowRect: true, strictFileInteractability: false, timeouts: {implicit: 0, pageLoad: 300000, script: 30000}, unhandledPromptBehavior: dismiss and notify, userAgent: Mozilla/5.0 (Windows NT 10....}&#xa;Session ID: 5fac59f1-330a-45e0-8326-cb54fcd2fec6&#xa;	at jdk.internal.reflect.GeneratedConstructorAccessor32.newInstance(Unknown Source)&#xa;	at java.base/jdk.internal.reflect.DelegatingConstructorAccessorImpl.newInstance(DelegatingConstructorAccessorImpl.java:45)&#xa;	at org.openqa.selenium.remote.http.W3CHttpResponseCodec.createException(W3CHttpResponseCodec.java:187)&#xa;	at org.openqa.selenium.remote.http.W3CHttpResponseCodec.decode(W3CHttpResponseCodec.java:122)&#xa;	at org.openqa.selenium.remote.http.W3CHttpResponseCodec.decode(W3CHttpResponseCodec.java:49)&#xa;	at org.openqa.selenium.remote.HttpCommandExecutor.execute(HttpCommandExecutor.java:158)&#xa;	at org.openqa.selenium.remote.service.DriverCommandExecutor.execute(DriverCommandExecutor.java:83)&#xa;	at org.openqa.selenium.remote.RemoteWebDriver.execute(RemoteWebDriver.java:552)&#xa;	at com.kms.katalon.selenium.driver.CFirefoxDriver.execute(CFirefoxDriver.java:28)&#xa;	at org.openqa.selenium.remote.RemoteWebElement.execute(RemoteWebElement.java:285)&#xa;	at org.openqa.selenium.remote.RemoteWebElement.click(RemoteWebElement.java:84)&#xa;	at jdk.internal.reflect.GeneratedMethodAccessor10.invoke(Unknown Source)&#xa;	at java.base/jdk.internal.reflect.DelegatingMethodAccessorImpl.invoke(DelegatingMethodAccessorImpl.java:43)&#xa;	at org.openqa.selenium.support.events.EventFiringWebDriver$EventFiringWebElement.lambda$new$0(EventFiringWebDriver.java:404)&#xa;	at jdk.proxy2/jdk.proxy2.$Proxy21.click(Unknown Source)&#xa;	at org.openqa.selenium.support.events.EventFiringWebDriver$EventFiringWebElement.click(EventFiringWebDriver.java:417)&#xa;	at org.openqa.selenium.WebElement$click.call(Unknown Source)&#xa;	at com.kms.katalon.core.webui.keyword.builtin.ClickKeyword.clickUntilSuccessWithTimeout(ClickKeyword.groovy:81)&#xa;	at com.kms.katalon.core.webui.keyword.builtin.ClickKeyword.clickUntilSuccessWithTimeout(ClickKeyword.groovy)&#xa;	at jdk.internal.reflect.GeneratedMethodAccessor8.invoke(Unknown Source)&#xa;	at java.base/jdk.internal.reflect.DelegatingMethodAccessorImpl.invoke(DelegatingMethodAccessorImpl.java:43)&#xa;	at com.kms.katalon.core.webui.keyword.builtin.ClickKeyword$_click_closure1.doCall(ClickKeyword.groovy:67)&#xa;	at com.kms.katalon.core.webui.keyword.builtin.ClickKeyword$_click_closure1.call(ClickKeyword.groovy)&#xa;	at com.kms.katalon.core.webui.keyword.internal.WebUIKeywordMain.runKeyword(WebUIKeywordMain.groovy:35)&#xa;	... 20 more&#xa;"/>
         <system-out><![CDATA[27-11-2024T17:26:00 - [TEST_CASE][FAILED] - Test Cases/2.Positivos/2.1Paquete/Origen-Provincia/2.Valorado/Entrega_Domicilio/EditarValorado: Test Cases/2.Positivos/2.1Paquete/Origen-Provincia/2.Valorado/Entrega_Domicilio/EditarValorado FAILED.
Reason:
com.kms.katalon.core.exception.StepFailedException: Unable to click on object 'Object Repository/valorado/Page_Olva Courier  Datos Personales/button_CONTINUAR'
	at com.kms.katalon.core.webui.keyword.internal.WebUIKeywordMain.stepFailed(WebUIKeywordMain.groovy:117)
	at com.kms.katalon.core.webui.keyword.internal.WebUIKeywordMain.runKeyword(WebUIKeywordMain.groovy:43)
	at com.kms.katalon.core.webui.keyword.builtin.ClickKeyword.click(ClickKeyword.groovy:74)
	at com.kms.katalon.core.webui.keyword.builtin.ClickKeyword.execute(ClickKeyword.groovy:40)
	at com.kms.katalon.core.keyword.internal.KeywordExecutor.executeKeywordForPlatform(KeywordExecutor.groovy:74)
	at com.kms.katalon.core.webui.keyword.WebUiBuiltInKeywords.click(WebUiBuiltInKeywords.groovy:659)
	at EditarValorado.run(EditarValorado:92)
	at com.kms.katalon.core.main.ScriptEngine.run(ScriptEngine.java:194)
	at com.kms.katalon.core.main.ScriptEngine.runScriptAsRawText(ScriptEngine.java:119)
	at com.kms.katalon.core.main.TestCaseExecutor.runScript(TestCaseExecutor.java:448)
	at com.kms.katalon.core.main.TestCaseExecutor.doExecute(TestCaseExecutor.java:439)
	at com.kms.katalon.core.main.TestCaseExecutor.processExecutionPhase(TestCaseExecutor.java:418)
	at com.kms.katalon.core.main.TestCaseExecutor.accessMainPhase(TestCaseExecutor.java:410)
	at com.kms.katalon.core.main.TestCaseExecutor.execute(TestCaseExecutor.java:285)
	at com.kms.katalon.core.common.CommonExecutor.accessTestCaseMainPhase(CommonExecutor.java:65)
	at com.kms.katalon.core.main.TestSuiteExecutor.accessTestSuiteMainPhase(TestSuiteExecutor.java:150)
	at com.kms.katalon.core.main.TestSuiteExecutor.execute(TestSuiteExecutor.java:106)
	at com.kms.katalon.core.main.TestCaseMain.startTestSuite(TestCaseMain.java:180)
	at TempTestSuite1732745349578.run(TempTestSuite1732745349578.groovy:35)
	at java.base/jdk.internal.reflect.NativeMethodAccessorImpl.invoke0(Native Method)
	at java.base/jdk.internal.reflect.NativeMethodAccessorImpl.invoke(NativeMethodAccessorImpl.java:77)
	at java.base/jdk.internal.reflect.DelegatingMethodAccessorImpl.invoke(DelegatingMethodAccessorImpl.java:43)
Caused by: org.openqa.selenium.ElementClickInterceptedException: Element <button id="btn_guardar_datos_personales" class="btn btn-warning mt-10" type="button"> is not clickable at point (675,376) because another element <div id="myModalMilOficina" class="modal fade modal-notify modal-warning in"> obscures it
Build info: version: '3.141.59', revision: 'unknown', time: 'unknown'
System info: host: 'DESKTOP-RGFFP9A', ip: '10.136.10.6', os.name: 'Windows 11', os.arch: 'amd64', os.version: '10.0', java.version: '17.0.7'
Driver info: com.kms.katalon.core.webui.driver.firefox.CGeckoDriver
Capabilities {acceptInsecureCerts: true, browserName: firefox, browserVersion: 133.0, javascriptEnabled: true, moz:accessibilityChecks: false, moz:buildID: 20241121140525, moz:geckodriverVersion: 0.35.0, moz:headless: false, moz:platformVersion: 10.0, moz:processID: 25132, moz:profile: C:\Users\OLVATI\AppData\Loc..., moz:shutdownTimeout: 60000, moz:webdriverClick: true, moz:windowless: false, pageLoadStrategy: normal, platform: WINDOWS, platformName: WINDOWS, proxy: Proxy(direct), setWindowRect: true, strictFileInteractability: false, timeouts: {implicit: 0, pageLoad: 300000, script: 30000}, unhandledPromptBehavior: dismiss and notify, userAgent: Mozilla/5.0 (Windows NT 10....}
Session ID: 5fac59f1-330a-45e0-8326-cb54fcd2fec6
	at jdk.internal.reflect.GeneratedConstructorAccessor32.newInstance(Unknown Source)
	at java.base/jdk.internal.reflect.DelegatingConstructorAccessorImpl.newInstance(DelegatingConstructorAccessorImpl.java:45)
	at org.openqa.selenium.remote.http.W3CHttpResponseCodec.createException(W3CHttpResponseCodec.java:187)
	at org.openqa.selenium.remote.http.W3CHttpResponseCodec.decode(W3CHttpResponseCodec.java:122)
	at org.openqa.selenium.remote.http.W3CHttpResponseCodec.decode(W3CHttpResponseCodec.java:49)
	at org.openqa.selenium.remote.HttpCommandExecutor.execute(HttpCommandExecutor.java:158)
	at org.openqa.selenium.remote.service.DriverCommandExecutor.execute(DriverCommandExecutor.java:83)
	at org.openqa.selenium.remote.RemoteWebDriver.execute(RemoteWebDriver.java:552)
	at com.kms.katalon.selenium.driver.CFirefoxDriver.execute(CFirefoxDriver.java:28)
	at org.openqa.selenium.remote.RemoteWebElement.execute(RemoteWebElement.java:285)
	at org.openqa.selenium.remote.RemoteWebElement.click(RemoteWebElement.java:84)
	at jdk.internal.reflect.GeneratedMethodAccessor10.invoke(Unknown Source)
	at java.base/jdk.internal.reflect.DelegatingMethodAccessorImpl.invoke(DelegatingMethodAccessorImpl.java:43)
	at org.openqa.selenium.support.events.EventFiringWebDriver$EventFiringWebElement.lambda$new$0(EventFiringWebDriver.java:404)
	at jdk.proxy2/jdk.proxy2.$Proxy21.click(Unknown Source)
	at org.openqa.selenium.support.events.EventFiringWebDriver$EventFiringWebElement.click(EventFiringWebDriver.java:417)
	at org.openqa.selenium.WebElement$click.call(Unknown Source)
	at com.kms.katalon.core.webui.keyword.builtin.ClickKeyword.clickUntilSuccessWithTimeout(ClickKeyword.groovy:81)
	at com.kms.katalon.core.webui.keyword.builtin.ClickKeyword.clickUntilSuccessWithTimeout(ClickKeyword.groovy)
	at jdk.internal.reflect.GeneratedMethodAccessor8.invoke(Unknown Source)
	at java.base/jdk.internal.reflect.DelegatingMethodAccessorImpl.invoke(DelegatingMethodAccessorImpl.java:43)
	at com.kms.katalon.core.webui.keyword.builtin.ClickKeyword$_click_closure1.doCall(ClickKeyword.groovy:67)
	at com.kms.katalon.core.webui.keyword.builtin.ClickKeyword$_click_closure1.call(ClickKeyword.groovy)
	at com.kms.katalon.core.webui.keyword.internal.WebUIKeywordMain.runKeyword(WebUIKeywordMain.groovy:35)
	... 20 more


27-11-2024T17:26:03 - [TEST_STEP][PASSED] - callTestCase(findTestCase("1.Inicio/1.1Principal/Principal-home"), [:], STOP_ON_FAILURE): Call Test Case 'Test Cases/1.Inicio/1.1Principal/Principal-home' successfully

27-11-2024T17:26:04 - [TEST_CASE][PASSED] - Test Cases/1.Inicio/1.1Principal/Principal-home: Test Cases/1.Inicio/1.1Principal/Principal-home

27-11-2024T17:26:04 - [TEST_STEP][PASSED] - openBrowser(""): Browser is opened with url: ''

27-11-2024T17:26:05 - [MESSAGE][WARNING] - A browser is already opened. Closing browser and opening a new one

27-11-2024T17:26:14 - [MESSAGE][INFO] - Starting 'Firefox' driver

27-11-2024T17:26:14 - [MESSAGE][INFO] - Action delay is set to 0 milliseconds

27-11-2024T17:26:31 - [MESSAGE][PASSED] - Browser is opened with url: ''

27-11-2024T17:26:31 - [TEST_STEP][PASSED] - navigateToUrl("https://dev01-registrodeenvios.olvacourier.com/principal"): Navigate to 'https://dev01-registrodeenvios.olvacourier.com/principal' successfully

27-11-2024T17:26:35 - [MESSAGE][PASSED] - Navigate to 'https://dev01-registrodeenvios.olvacourier.com/principal' successfully

27-11-2024T17:26:35 - [TEST_STEP][PASSED] - maximizeWindow(): Current window maximized

27-11-2024T17:26:35 - [MESSAGE][PASSED] - Current window maximized

27-11-2024T17:26:35 - [MESSAGE][PASSED] - Call Test Case 'Test Cases/1.Inicio/1.1Principal/Principal-home' successfully

27-11-2024T17:26:35 - [TEST_STEP][PASSED] - callTestCase(findTestCase("1.Inicio/1.1Principal/Selec_paquete"), [:], STOP_ON_FAILURE): Call Test Case 'Test Cases/1.Inicio/1.1Principal/Selec_paquete' successfully

27-11-2024T17:26:35 - [TEST_CASE][PASSED] - Test Cases/1.Inicio/1.1Principal/Selec_paquete: Test Cases/1.Inicio/1.1Principal/Selec_paquete

27-11-2024T17:26:35 - [TEST_STEP][PASSED] - click(findTestObject("Object Repository/Principal/Page_Olva Courier  Home/img_Qu deseas realizar hoy_img_paquete")): Object: 'Object Repository/Principal/Page_Olva Courier  Home/img_Qu deseas realizar hoy_img_paquete' is clicked on

27-11-2024T17:26:35 - [MESSAGE][PASSED] - Object: 'Object Repository/Principal/Page_Olva Courier  Home/img_Qu deseas realizar hoy_img_paquete' is clicked on

27-11-2024T17:26:35 - [TEST_STEP][PASSED] - click(findTestObject("Object Repository/Principal/Page_Olva Courier  Home/span_He ledo y acepto los_checkmark (1)")): Object: 'Object Repository/Principal/Page_Olva Courier  Home/span_He ledo y acepto los_checkmark (1)' is clicked on

27-11-2024T17:26:36 - [MESSAGE][PASSED] - Object: 'Object Repository/Principal/Page_Olva Courier  Home/span_He ledo y acepto los_checkmark (1)' is clicked on

27-11-2024T17:26:36 - [TEST_STEP][PASSED] - click(findTestObject("Object Repository/Principal/Page_Olva Courier  Home/button_CONTINUAR (1)")): Object: 'Object Repository/Principal/Page_Olva Courier  Home/button_CONTINUAR (1)' is clicked on

27-11-2024T17:26:38 - [MESSAGE][PASSED] - Object: 'Object Repository/Principal/Page_Olva Courier  Home/button_CONTINUAR (1)' is clicked on

27-11-2024T17:26:38 - [TEST_STEP][PASSED] - verifyElementPresent(findTestObject("Object Repository/Principal/Page_Olva Courier  Datos Personales/strong_REGISTRO DE ENVOS"), 0): Object 'Object Repository/Principal/Page_Olva Courier  Datos Personales/strong_REGISTRO DE ENVOS' is present

27-11-2024T17:26:38 - [MESSAGE][WARNING] - Timeout '0' is invalid. Using default page load timeout: '30'

27-11-2024T17:26:38 - [MESSAGE][PASSED] - Object 'Object Repository/Principal/Page_Olva Courier  Datos Personales/strong_REGISTRO DE ENVOS' is present

27-11-2024T17:26:38 - [TEST_STEP][PASSED] - verifyElementPresent(findTestObject("Object Repository/Principal/Page_Olva Courier  Datos Personales/span_Regresar (1)"), 0): Object 'Object Repository/Principal/Page_Olva Courier  Datos Personales/span_Regresar (1)' is present

27-11-2024T17:26:39 - [MESSAGE][WARNING] - Timeout '0' is invalid. Using default page load timeout: '30'

27-11-2024T17:26:39 - [MESSAGE][PASSED] - Object 'Object Repository/Principal/Page_Olva Courier  Datos Personales/span_Regresar (1)' is present

27-11-2024T17:26:39 - [TEST_STEP][PASSED] - verifyElementPresent(findTestObject("Object Repository/Principal/Page_Olva Courier  Datos Personales/span_Inicio (1)"), 0): Object 'Object Repository/Principal/Page_Olva Courier  Datos Personales/span_Inicio (1)' is present

27-11-2024T17:26:39 - [MESSAGE][WARNING] - Timeout '0' is invalid. Using default page load timeout: '30'

27-11-2024T17:26:39 - [MESSAGE][PASSED] - Object 'Object Repository/Principal/Page_Olva Courier  Datos Personales/span_Inicio (1)' is present

27-11-2024T17:26:39 - [MESSAGE][PASSED] - Call Test Case 'Test Cases/1.Inicio/1.1Principal/Selec_paquete' successfully

27-11-2024T17:26:39 - [TEST_STEP][PASSED] - callTestCase(findTestCase("1.Inicio/1.2Tipo_Doc/5.RUC20"), [:], STOP_ON_FAILURE): Call Test Case 'Test Cases/1.Inicio/1.2Tipo_Doc/5.RUC20' successfully

27-11-2024T17:26:40 - [TEST_CASE][PASSED] - Test Cases/1.Inicio/1.2Tipo_Doc/5.RUC20: Test Cases/1.Inicio/1.2Tipo_Doc/5.RUC20

27-11-2024T17:26:40 - [TEST_STEP][PASSED] - click(findTestObject("Object Repository/Login/Page_Olva Courier  Datos Personales/button_Tipo De Documento")): Object: 'Object Repository/Login/Page_Olva Courier  Datos Personales/button_Tipo De Documento' is clicked on

27-11-2024T17:26:40 - [MESSAGE][PASSED] - Object: 'Object Repository/Login/Page_Olva Courier  Datos Personales/button_Tipo De Documento' is clicked on

27-11-2024T17:26:40 - [TEST_STEP][PASSED] - click(findTestObject("Object Repository/Login/Page_Olva Courier  Datos Personales/span_RUC (Factura)")): Object: 'Object Repository/Login/Page_Olva Courier  Datos Personales/span_RUC (Factura)' is clicked on

27-11-2024T17:26:41 - [MESSAGE][PASSED] - Object: 'Object Repository/Login/Page_Olva Courier  Datos Personales/span_RUC (Factura)' is clicked on

27-11-2024T17:26:41 - [TEST_STEP][PASSED] - setText(findTestObject("Object Repository/Login/Page_Olva Courier  Datos Personales/input_CARN EXT. (Boleta)_txt_documento_cliente"), "20100686814"): Text '20100686814' is set on object 'Object Repository/Login/Page_Olva Courier  Datos Personales/input_CARN EXT. (Boleta)_txt_documento_cliente'

27-11-2024T17:26:42 - [MESSAGE][PASSED] - Text '20100686814' is set on object 'Object Repository/Login/Page_Olva Courier  Datos Personales/input_CARN EXT. (Boleta)_txt_documento_cliente'

27-11-2024T17:26:42 - [MESSAGE][PASSED] - Call Test Case 'Test Cases/1.Inicio/1.2Tipo_Doc/5.RUC20' successfully

27-11-2024T17:26:42 - [TEST_STEP][PASSED] - click(findTestObject("Object Repository/valorado/Page_Olva Courier  Datos Personales/button_Seleccionar artculo")): Object: 'Object Repository/valorado/Page_Olva Courier  Datos Personales/button_Seleccionar artculo' is clicked on

27-11-2024T17:26:48 - [MESSAGE][PASSED] - Object: 'Object Repository/valorado/Page_Olva Courier  Datos Personales/button_Seleccionar artculo' is clicked on

27-11-2024T17:26:48 - [TEST_STEP][PASSED] - click(findTestObject("Object Repository/valorado/Page_Olva Courier  Datos Personales/a_MUEBLES Y DECOHOGAR")): Object: 'Object Repository/valorado/Page_Olva Courier  Datos Personales/a_MUEBLES Y DECOHOGAR' is clicked on

27-11-2024T17:26:49 - [MESSAGE][PASSED] - Object: 'Object Repository/valorado/Page_Olva Courier  Datos Personales/a_MUEBLES Y DECOHOGAR' is clicked on

27-11-2024T17:26:49 - [TEST_STEP][PASSED] - setText(findTestObject("Object Repository/valorado/Page_Olva Courier  Datos Personales/input_UTILES DE OFICINA_txt_paquete_articulo"), "PREUBas"): Text 'PREUBas' is set on object 'Object Repository/valorado/Page_Olva Courier  Datos Personales/input_UTILES DE OFICINA_txt_paquete_articulo'

27-11-2024T17:26:50 - [MESSAGE][PASSED] - Text 'PREUBas' is set on object 'Object Repository/valorado/Page_Olva Courier  Datos Personales/input_UTILES DE OFICINA_txt_paquete_articulo'

27-11-2024T17:26:50 - [TEST_STEP][PASSED] - setText(findTestObject("Object Repository/valorado/Page_Olva Courier  Datos Personales/input_UTILES DE OFICINA_txt_paquete_valor"), "501"): Text '501' is set on object 'Object Repository/valorado/Page_Olva Courier  Datos Personales/input_UTILES DE OFICINA_txt_paquete_valor'

27-11-2024T17:26:50 - [MESSAGE][PASSED] - Text '501' is set on object 'Object Repository/valorado/Page_Olva Courier  Datos Personales/input_UTILES DE OFICINA_txt_paquete_valor'

27-11-2024T17:26:50 - [TEST_STEP][PASSED] - click(findTestObject("Object Repository/valorado/Page_Olva Courier  Datos Personales/b_1Kg")): Object: 'Object Repository/valorado/Page_Olva Courier  Datos Personales/b_1Kg' is clicked on

27-11-2024T17:26:51 - [MESSAGE][PASSED] - Object: 'Object Repository/valorado/Page_Olva Courier  Datos Personales/b_1Kg' is clicked on

27-11-2024T17:26:51 - [TEST_STEP][PASSED] - scrollToElement(findTestObject("Object Repository/Destinos/Page_Olva Courier  Datos Personales/button_LIMA (1)"), 0): Scroll to object 'Object Repository/Destinos/Page_Olva Courier  Datos Personales/button_LIMA (1)' successfully

27-11-2024T17:26:51 - [MESSAGE][WARNING] - Timeout '0' is invalid. Using default page load timeout: '30'

27-11-2024T17:26:51 - [MESSAGE][PASSED] - Scroll to object 'Object Repository/Destinos/Page_Olva Courier  Datos Personales/button_LIMA (1)' successfully

27-11-2024T17:26:51 - [TEST_STEP][PASSED] - click(findTestObject("Object Repository/Destinos/Page_Olva Courier  Datos Personales/button_LIMA (1)")): Object: 'Object Repository/Destinos/Page_Olva Courier  Datos Personales/button_LIMA (1)' is clicked on

27-11-2024T17:26:52 - [MESSAGE][PASSED] - Object: 'Object Repository/Destinos/Page_Olva Courier  Datos Personales/button_LIMA (1)' is clicked on

27-11-2024T17:26:52 - [TEST_STEP][PASSED] - click(findTestObject("Object Repository/Destinos/Page_Olva Courier  Datos Personales/a_ICA")): Object: 'Object Repository/Destinos/Page_Olva Courier  Datos Personales/a_ICA' is clicked on

27-11-2024T17:26:52 - [MESSAGE][PASSED] - Object: 'Object Repository/Destinos/Page_Olva Courier  Datos Personales/a_ICA' is clicked on

27-11-2024T17:26:52 - [TEST_STEP][PASSED] - click(findTestObject("Object Repository/Destinos/Page_Olva Courier  Datos Personales/button_ICA")): Object: 'Object Repository/Destinos/Page_Olva Courier  Datos Personales/button_ICA' is clicked on

27-11-2024T17:26:53 - [MESSAGE][PASSED] - Object: 'Object Repository/Destinos/Page_Olva Courier  Datos Personales/button_ICA' is clicked on

27-11-2024T17:26:53 - [TEST_STEP][PASSED] - click(findTestObject("Object Repository/valorado/Page_Olva Courier  Datos Personales/button_Ingrese el punto de llegada")): Object: 'Object Repository/valorado/Page_Olva Courier  Datos Personales/button_Ingrese el punto de llegada' is clicked on

27-11-2024T17:26:53 - [MESSAGE][PASSED] - Object: 'Object Repository/valorado/Page_Olva Courier  Datos Personales/button_Ingrese el punto de llegada' is clicked on

27-11-2024T17:26:53 - [TEST_STEP][PASSED] - click(findTestObject("Object Repository/valorado/Page_Olva Courier  Datos Personales/a_ANCASH - HUARAZ - HUARAZ")): Object: 'Object Repository/valorado/Page_Olva Courier  Datos Personales/a_ANCASH - HUARAZ - HUARAZ' is clicked on

27-11-2024T17:26:54 - [MESSAGE][PASSED] - Object: 'Object Repository/valorado/Page_Olva Courier  Datos Personales/a_ANCASH - HUARAZ - HUARAZ' is clicked on

27-11-2024T17:26:54 - [TEST_STEP][PASSED] - click(findTestObject("Object Repository/valorado/Page_Olva Courier  Datos Personales/button_Tipo de entrega")): Object: 'Object Repository/valorado/Page_Olva Courier  Datos Personales/button_Tipo de entrega' is clicked on

27-11-2024T17:26:54 - [MESSAGE][PASSED] - Object: 'Object Repository/valorado/Page_Olva Courier  Datos Personales/button_Tipo de entrega' is clicked on

27-11-2024T17:26:54 - [TEST_STEP][PASSED] - click(findTestObject("Object Repository/valorado/Page_Olva Courier  Datos Personales/a_Recojo en tienda")): Object: 'Object Repository/valorado/Page_Olva Courier  Datos Personales/a_Recojo en tienda' is clicked on

27-11-2024T17:26:55 - [MESSAGE][PASSED] - Object: 'Object Repository/valorado/Page_Olva Courier  Datos Personales/a_Recojo en tienda' is clicked on

27-11-2024T17:26:55 - [TEST_STEP][PASSED] - click(findTestObject("Object Repository/valorado/Page_Olva Courier  Datos Personales/button_Tienda")): Object: 'Object Repository/valorado/Page_Olva Courier  Datos Personales/button_Tienda' is clicked on

27-11-2024T17:26:56 - [MESSAGE][PASSED] - Object: 'Object Repository/valorado/Page_Olva Courier  Datos Personales/button_Tienda' is clicked on

27-11-2024T17:26:56 - [TEST_STEP][PASSED] - click(findTestObject("Object Repository/valorado/Page_Olva Courier  Datos Personales/span_TIENDA HUARAZ - HUARAZ - AV MARISCAL A_1d6adb")): Object: 'Object Repository/valorado/Page_Olva Courier  Datos Personales/span_TIENDA HUARAZ - HUARAZ - AV MARISCAL A_1d6adb' is clicked on

27-11-2024T17:26:56 - [MESSAGE][PASSED] - Object: 'Object Repository/valorado/Page_Olva Courier  Datos Personales/span_TIENDA HUARAZ - HUARAZ - AV MARISCAL A_1d6adb' is clicked on

27-11-2024T17:26:56 - [TEST_STEP][PASSED] - scrollToElement(findTestObject("Object Repository/valorado/Page_Olva Courier  Datos Personales/button_Tipo De Documento_1"), 0): Scroll to object 'Object Repository/valorado/Page_Olva Courier  Datos Personales/button_Tipo De Documento_1' successfully

27-11-2024T17:26:56 - [MESSAGE][WARNING] - Timeout '0' is invalid. Using default page load timeout: '30'

27-11-2024T17:26:57 - [MESSAGE][PASSED] - Scroll to object 'Object Repository/valorado/Page_Olva Courier  Datos Personales/button_Tipo De Documento_1' successfully

27-11-2024T17:26:57 - [TEST_STEP][PASSED] - click(findTestObject("Object Repository/valorado/Page_Olva Courier  Datos Personales/button_Tipo De Documento_1")): Object: 'Object Repository/valorado/Page_Olva Courier  Datos Personales/button_Tipo De Documento_1' is clicked on

27-11-2024T17:26:57 - [MESSAGE][PASSED] - Object: 'Object Repository/valorado/Page_Olva Courier  Datos Personales/button_Tipo De Documento_1' is clicked on

27-11-2024T17:26:57 - [TEST_STEP][PASSED] - click(findTestObject("Object Repository/valorado/Page_Olva Courier  Datos Personales/a_DNI")): Object: 'Object Repository/valorado/Page_Olva Courier  Datos Personales/a_DNI' is clicked on

27-11-2024T17:26:58 - [MESSAGE][PASSED] - Object: 'Object Repository/valorado/Page_Olva Courier  Datos Personales/a_DNI' is clicked on

27-11-2024T17:26:58 - [TEST_STEP][PASSED] - setText(findTestObject("Object Repository/valorado/Page_Olva Courier  Datos Personales/input_CARN EXT_txt_consignado_dni"), "71735785"): Text '71735785' is set on object 'Object Repository/valorado/Page_Olva Courier  Datos Personales/input_CARN EXT_txt_consignado_dni'

27-11-2024T17:26:58 - [MESSAGE][PASSED] - Text '71735785' is set on object 'Object Repository/valorado/Page_Olva Courier  Datos Personales/input_CARN EXT_txt_consignado_dni'

27-11-2024T17:26:58 - [TEST_STEP][PASSED] - scrollToElement(findTestObject("Object Repository/valorado/Page_Olva Courier  Datos Personales/button_CONTINUAR"), 0): Scroll to object 'Object Repository/valorado/Page_Olva Courier  Datos Personales/button_CONTINUAR' successfully

27-11-2024T17:26:58 - [MESSAGE][WARNING] - Timeout '0' is invalid. Using default page load timeout: '30'

27-11-2024T17:26:59 - [MESSAGE][PASSED] - Scroll to object 'Object Repository/valorado/Page_Olva Courier  Datos Personales/button_CONTINUAR' successfully

27-11-2024T17:26:59 - [TEST_STEP][PASSED] - click(findTestObject("Object Repository/valorado/Page_Olva Courier  Datos Personales/button_CONTINUAR")): Object: 'Object Repository/valorado/Page_Olva Courier  Datos Personales/button_CONTINUAR' is clicked on

27-11-2024T17:27:00 - [MESSAGE][PASSED] - Object: 'Object Repository/valorado/Page_Olva Courier  Datos Personales/button_CONTINUAR' is clicked on

27-11-2024T17:27:00 - [TEST_STEP][PASSED] - click(findTestObject("Object Repository/valorado/Page_Olva Courier  Confirma tus datos/button_Editar")): Object: 'Object Repository/valorado/Page_Olva Courier  Confirma tus datos/button_Editar' is clicked on

27-11-2024T17:27:07 - [MESSAGE][PASSED] - Object: 'Object Repository/valorado/Page_Olva Courier  Confirma tus datos/button_Editar' is clicked on

27-11-2024T17:27:07 - [TEST_STEP][PASSED] - setText(findTestObject("Object Repository/valorado/Page_Olva Courier  Datos Personales/input_UTILES DE OFICINA_txt_paquete_valor"), "800"): Text '800' is set on object 'Object Repository/valorado/Page_Olva Courier  Datos Personales/input_UTILES DE OFICINA_txt_paquete_valor'

27-11-2024T17:27:08 - [MESSAGE][PASSED] - Text '800' is set on object 'Object Repository/valorado/Page_Olva Courier  Datos Personales/input_UTILES DE OFICINA_txt_paquete_valor'

27-11-2024T17:27:08 - [TEST_STEP][PASSED] - scrollToElement(findTestObject("Object Repository/valorado/Page_Olva Courier  Datos Personales/button_CONTINUAR"), 0): Scroll to object 'Object Repository/valorado/Page_Olva Courier  Datos Personales/button_CONTINUAR' successfully

27-11-2024T17:27:08 - [MESSAGE][WARNING] - Timeout '0' is invalid. Using default page load timeout: '30'

27-11-2024T17:27:09 - [MESSAGE][PASSED] - Scroll to object 'Object Repository/valorado/Page_Olva Courier  Datos Personales/button_CONTINUAR' successfully

27-11-2024T17:27:09 - [TEST_STEP][PASSED] - click(findTestObject("Object Repository/valorado/Page_Olva Courier  Datos Personales/button_CONTINUAR")): Object: 'Object Repository/valorado/Page_Olva Courier  Datos Personales/button_CONTINUAR' is clicked on

27-11-2024T17:27:10 - [MESSAGE][PASSED] - Object: 'Object Repository/valorado/Page_Olva Courier  Datos Personales/button_CONTINUAR' is clicked on

27-11-2024T17:27:10 - [TEST_STEP][PASSED] - click(findTestObject("Object Repository/valorado/Page_Olva Courier  Confirma tus datos/button_Editar")): Object: 'Object Repository/valorado/Page_Olva Courier  Confirma tus datos/button_Editar' is clicked on

27-11-2024T17:27:18 - [MESSAGE][PASSED] - Object: 'Object Repository/valorado/Page_Olva Courier  Confirma tus datos/button_Editar' is clicked on

27-11-2024T17:27:18 - [TEST_STEP][PASSED] - setText(findTestObject("Object Repository/valorado/Page_Olva Courier  Datos Personales/input_UTILES DE OFICINA_txt_paquete_valor"), "1600"): Text '1600' is set on object 'Object Repository/valorado/Page_Olva Courier  Datos Personales/input_UTILES DE OFICINA_txt_paquete_valor'

27-11-2024T17:27:20 - [MESSAGE][PASSED] - Text '1600' is set on object 'Object Repository/valorado/Page_Olva Courier  Datos Personales/input_UTILES DE OFICINA_txt_paquete_valor'

27-11-2024T17:27:20 - [TEST_STEP][PASSED] - scrollToElement(findTestObject("Object Repository/valorado/Page_Olva Courier  Datos Personales/button_CONTINUAR"), 0): Scroll to object 'Object Repository/valorado/Page_Olva Courier  Datos Personales/button_CONTINUAR' successfully

27-11-2024T17:27:20 - [MESSAGE][WARNING] - Timeout '0' is invalid. Using default page load timeout: '30'

27-11-2024T17:27:21 - [MESSAGE][PASSED] - Scroll to object 'Object Repository/valorado/Page_Olva Courier  Datos Personales/button_CONTINUAR' successfully

27-11-2024T17:27:21 - [TEST_STEP][FAILED] - click(findTestObject("Object Repository/valorado/Page_Olva Courier  Datos Personales/button_CONTINUAR")): Unable to click on object 'Object Repository/valorado/Page_Olva Courier  Datos Personales/button_CONTINUAR' (Root cause: com.kms.katalon.core.exception.StepFailedException: Unable to click on object 'Object Repository/valorado/Page_Olva Courier  Datos Personales/button_CONTINUAR'
	at com.kms.katalon.core.webui.keyword.internal.WebUIKeywordMain.stepFailed(WebUIKeywordMain.groovy:117)
	at com.kms.katalon.core.webui.keyword.internal.WebUIKeywordMain.runKeyword(WebUIKeywordMain.groovy:43)
	at com.kms.katalon.core.webui.keyword.builtin.ClickKeyword.click(ClickKeyword.groovy:74)
	at com.kms.katalon.core.webui.keyword.builtin.ClickKeyword.execute(ClickKeyword.groovy:40)
	at com.kms.katalon.core.keyword.internal.KeywordExecutor.executeKeywordForPlatform(KeywordExecutor.groovy:74)
	at com.kms.katalon.core.webui.keyword.WebUiBuiltInKeywords.click(WebUiBuiltInKeywords.groovy:659)
	at EditarValorado.run(EditarValorado:92)
	at com.kms.katalon.core.main.ScriptEngine.run(ScriptEngine.java:194)
	at com.kms.katalon.core.main.ScriptEngine.runScriptAsRawText(ScriptEngine.java:119)
	at com.kms.katalon.core.main.TestCaseExecutor.runScript(TestCaseExecutor.java:448)
	at com.kms.katalon.core.main.TestCaseExecutor.doExecute(TestCaseExecutor.java:439)
	at com.kms.katalon.core.main.TestCaseExecutor.processExecutionPhase(TestCaseExecutor.java:418)
	at com.kms.katalon.core.main.TestCaseExecutor.accessMainPhase(TestCaseExecutor.java:410)
	at com.kms.katalon.core.main.TestCaseExecutor.execute(TestCaseExecutor.java:285)
	at com.kms.katalon.core.common.CommonExecutor.accessTestCaseMainPhase(CommonExecutor.java:65)
	at com.kms.katalon.core.main.TestSuiteExecutor.accessTestSuiteMainPhase(TestSuiteExecutor.java:150)
	at com.kms.katalon.core.main.TestSuiteExecutor.execute(TestSuiteExecutor.java:106)
	at com.kms.katalon.core.main.TestCaseMain.startTestSuite(TestCaseMain.java:180)
	at TempTestSuite1732745349578.run(TempTestSuite1732745349578.groovy:35)
	at java.base/jdk.internal.reflect.NativeMethodAccessorImpl.invoke0(Native Method)
	at java.base/jdk.internal.reflect.NativeMethodAccessorImpl.invoke(NativeMethodAccessorImpl.java:77)
	at java.base/jdk.internal.reflect.DelegatingMethodAccessorImpl.invoke(DelegatingMethodAccessorImpl.java:43)
Caused by: org.openqa.selenium.ElementClickInterceptedException: Element <button id="btn_guardar_datos_personales" class="btn btn-warning mt-10" type="button"> is not clickable at point (675,376) because another element <div id="myModalMilOficina" class="modal fade modal-notify modal-warning in"> obscures it
Build info: version: '3.141.59', revision: 'unknown', time: 'unknown'
System info: host: 'DESKTOP-RGFFP9A', ip: '10.136.10.6', os.name: 'Windows 11', os.arch: 'amd64', os.version: '10.0', java.version: '17.0.7'
Driver info: com.kms.katalon.core.webui.driver.firefox.CGeckoDriver
Capabilities {acceptInsecureCerts: true, browserName: firefox, browserVersion: 133.0, javascriptEnabled: true, moz:accessibilityChecks: false, moz:buildID: 20241121140525, moz:geckodriverVersion: 0.35.0, moz:headless: false, moz:platformVersion: 10.0, moz:processID: 25132, moz:profile: C:\Users\OLVATI\AppData\Loc..., moz:shutdownTimeout: 60000, moz:webdriverClick: true, moz:windowless: false, pageLoadStrategy: normal, platform: WINDOWS, platformName: WINDOWS, proxy: Proxy(direct), setWindowRect: true, strictFileInteractability: false, timeouts: {implicit: 0, pageLoad: 300000, script: 30000}, unhandledPromptBehavior: dismiss and notify, userAgent: Mozilla/5.0 (Windows NT 10....}
Session ID: 5fac59f1-330a-45e0-8326-cb54fcd2fec6
	at jdk.internal.reflect.GeneratedConstructorAccessor32.newInstance(Unknown Source)
	at java.base/jdk.internal.reflect.DelegatingConstructorAccessorImpl.newInstance(DelegatingConstructorAccessorImpl.java:45)
	at org.openqa.selenium.remote.http.W3CHttpResponseCodec.createException(W3CHttpResponseCodec.java:187)
	at org.openqa.selenium.remote.http.W3CHttpResponseCodec.decode(W3CHttpResponseCodec.java:122)
	at org.openqa.selenium.remote.http.W3CHttpResponseCodec.decode(W3CHttpResponseCodec.java:49)
	at org.openqa.selenium.remote.HttpCommandExecutor.execute(HttpCommandExecutor.java:158)
	at org.openqa.selenium.remote.service.DriverCommandExecutor.execute(DriverCommandExecutor.java:83)
	at org.openqa.selenium.remote.RemoteWebDriver.execute(RemoteWebDriver.java:552)
	at com.kms.katalon.selenium.driver.CFirefoxDriver.execute(CFirefoxDriver.java:28)
	at org.openqa.selenium.remote.RemoteWebElement.execute(RemoteWebElement.java:285)
	at org.openqa.selenium.remote.RemoteWebElement.click(RemoteWebElement.java:84)
	at jdk.internal.reflect.GeneratedMethodAccessor10.invoke(Unknown Source)
	at java.base/jdk.internal.reflect.DelegatingMethodAccessorImpl.invoke(DelegatingMethodAccessorImpl.java:43)
	at org.openqa.selenium.support.events.EventFiringWebDriver$EventFiringWebElement.lambda$new$0(EventFiringWebDriver.java:404)
	at jdk.proxy2/jdk.proxy2.$Proxy21.click(Unknown Source)
	at org.openqa.selenium.support.events.EventFiringWebDriver$EventFiringWebElement.click(EventFiringWebDriver.java:417)
	at org.openqa.selenium.WebElement$click.call(Unknown Source)
	at com.kms.katalon.core.webui.keyword.builtin.ClickKeyword.clickUntilSuccessWithTimeout(ClickKeyword.groovy:81)
	at com.kms.katalon.core.webui.keyword.builtin.ClickKeyword.clickUntilSuccessWithTimeout(ClickKeyword.groovy)
	at jdk.internal.reflect.GeneratedMethodAccessor8.invoke(Unknown Source)
	at java.base/jdk.internal.reflect.DelegatingMethodAccessorImpl.invoke(DelegatingMethodAccessorImpl.java:43)
	at com.kms.katalon.core.webui.keyword.builtin.ClickKeyword$_click_closure1.doCall(ClickKeyword.groovy:67)
	at com.kms.katalon.core.webui.keyword.builtin.ClickKeyword$_click_closure1.call(ClickKeyword.groovy)
	at com.kms.katalon.core.webui.keyword.internal.WebUIKeywordMain.runKeyword(WebUIKeywordMain.groovy:35)
	at com.kms.katalon.core.webui.keyword.builtin.ClickKeyword.click(ClickKeyword.groovy:74)
	at com.kms.katalon.core.webui.keyword.builtin.ClickKeyword.execute(ClickKeyword.groovy:40)
	at com.kms.katalon.core.keyword.internal.KeywordExecutor.executeKeywordForPlatform(KeywordExecutor.groovy:74)
	at com.kms.katalon.core.webui.keyword.WebUiBuiltInKeywords.click(WebUiBuiltInKeywords.groovy:659)
	at Script1732294996616.run(Script1732294996616.groovy:92)
	... 15 more
)

27-11-2024T17:27:52 - [MESSAGE][FAILED] - Unable to click on object 'Object Repository/valorado/Page_Olva Courier  Datos Personales/button_CONTINUAR' (Root cause: com.kms.katalon.core.exception.StepFailedException: Unable to click on object 'Object Repository/valorado/Page_Olva Courier  Datos Personales/button_CONTINUAR'
	at com.kms.katalon.core.webui.keyword.internal.WebUIKeywordMain.stepFailed(WebUIKeywordMain.groovy:117)
	at com.kms.katalon.core.webui.keyword.internal.WebUIKeywordMain.runKeyword(WebUIKeywordMain.groovy:43)
	at com.kms.katalon.core.webui.keyword.builtin.ClickKeyword.click(ClickKeyword.groovy:74)
	at com.kms.katalon.core.webui.keyword.builtin.ClickKeyword.execute(ClickKeyword.groovy:40)
	at com.kms.katalon.core.keyword.internal.KeywordExecutor.executeKeywordForPlatform(KeywordExecutor.groovy:74)
	at com.kms.katalon.core.webui.keyword.WebUiBuiltInKeywords.click(WebUiBuiltInKeywords.groovy:659)
	at EditarValorado.run(EditarValorado:92)
	at com.kms.katalon.core.main.ScriptEngine.run(ScriptEngine.java:194)
	at com.kms.katalon.core.main.ScriptEngine.runScriptAsRawText(ScriptEngine.java:119)
	at com.kms.katalon.core.main.TestCaseExecutor.runScript(TestCaseExecutor.java:448)
	at com.kms.katalon.core.main.TestCaseExecutor.doExecute(TestCaseExecutor.java:439)
	at com.kms.katalon.core.main.TestCaseExecutor.processExecutionPhase(TestCaseExecutor.java:418)
	at com.kms.katalon.core.main.TestCaseExecutor.accessMainPhase(TestCaseExecutor.java:410)
	at com.kms.katalon.core.main.TestCaseExecutor.execute(TestCaseExecutor.java:285)
	at com.kms.katalon.core.common.CommonExecutor.accessTestCaseMainPhase(CommonExecutor.java:65)
	at com.kms.katalon.core.main.TestSuiteExecutor.accessTestSuiteMainPhase(TestSuiteExecutor.java:150)
	at com.kms.katalon.core.main.TestSuiteExecutor.execute(TestSuiteExecutor.java:106)
	at com.kms.katalon.core.main.TestCaseMain.startTestSuite(TestCaseMain.java:180)
	at TempTestSuite1732745349578.run(TempTestSuite1732745349578.groovy:35)
	at java.base/jdk.internal.reflect.NativeMethodAccessorImpl.invoke0(Native Method)
	at java.base/jdk.internal.reflect.NativeMethodAccessorImpl.invoke(NativeMethodAccessorImpl.java:77)
	at java.base/jdk.internal.reflect.DelegatingMethodAccessorImpl.invoke(DelegatingMethodAccessorImpl.java:43)
Caused by: org.openqa.selenium.ElementClickInterceptedException: Element <button id="btn_guardar_datos_personales" class="btn btn-warning mt-10" type="button"> is not clickable at point (675,376) because another element <div id="myModalMilOficina" class="modal fade modal-notify modal-warning in"> obscures it
Build info: version: '3.141.59', revision: 'unknown', time: 'unknown'
System info: host: 'DESKTOP-RGFFP9A', ip: '10.136.10.6', os.name: 'Windows 11', os.arch: 'amd64', os.version: '10.0', java.version: '17.0.7'
Driver info: com.kms.katalon.core.webui.driver.firefox.CGeckoDriver
Capabilities {acceptInsecureCerts: true, browserName: firefox, browserVersion: 133.0, javascriptEnabled: true, moz:accessibilityChecks: false, moz:buildID: 20241121140525, moz:geckodriverVersion: 0.35.0, moz:headless: false, moz:platformVersion: 10.0, moz:processID: 25132, moz:profile: C:\Users\OLVATI\AppData\Loc..., moz:shutdownTimeout: 60000, moz:webdriverClick: true, moz:windowless: false, pageLoadStrategy: normal, platform: WINDOWS, platformName: WINDOWS, proxy: Proxy(direct), setWindowRect: true, strictFileInteractability: false, timeouts: {implicit: 0, pageLoad: 300000, script: 30000}, unhandledPromptBehavior: dismiss and notify, userAgent: Mozilla/5.0 (Windows NT 10....}
Session ID: 5fac59f1-330a-45e0-8326-cb54fcd2fec6
	at jdk.internal.reflect.GeneratedConstructorAccessor32.newInstance(Unknown Source)
	at java.base/jdk.internal.reflect.DelegatingConstructorAccessorImpl.newInstance(DelegatingConstructorAccessorImpl.java:45)
	at org.openqa.selenium.remote.http.W3CHttpResponseCodec.createException(W3CHttpResponseCodec.java:187)
	at org.openqa.selenium.remote.http.W3CHttpResponseCodec.decode(W3CHttpResponseCodec.java:122)
	at org.openqa.selenium.remote.http.W3CHttpResponseCodec.decode(W3CHttpResponseCodec.java:49)
	at org.openqa.selenium.remote.HttpCommandExecutor.execute(HttpCommandExecutor.java:158)
	at org.openqa.selenium.remote.service.DriverCommandExecutor.execute(DriverCommandExecutor.java:83)
	at org.openqa.selenium.remote.RemoteWebDriver.execute(RemoteWebDriver.java:552)
	at com.kms.katalon.selenium.driver.CFirefoxDriver.execute(CFirefoxDriver.java:28)
	at org.openqa.selenium.remote.RemoteWebElement.execute(RemoteWebElement.java:285)
	at org.openqa.selenium.remote.RemoteWebElement.click(RemoteWebElement.java:84)
	at jdk.internal.reflect.GeneratedMethodAccessor10.invoke(Unknown Source)
	at java.base/jdk.internal.reflect.DelegatingMethodAccessorImpl.invoke(DelegatingMethodAccessorImpl.java:43)
	at org.openqa.selenium.support.events.EventFiringWebDriver$EventFiringWebElement.lambda$new$0(EventFiringWebDriver.java:404)
	at jdk.proxy2/jdk.proxy2.$Proxy21.click(Unknown Source)
	at org.openqa.selenium.support.events.EventFiringWebDriver$EventFiringWebElement.click(EventFiringWebDriver.java:417)
	at org.openqa.selenium.WebElement$click.call(Unknown Source)
	at com.kms.katalon.core.webui.keyword.builtin.ClickKeyword.clickUntilSuccessWithTimeout(ClickKeyword.groovy:81)
	at com.kms.katalon.core.webui.keyword.builtin.ClickKeyword.clickUntilSuccessWithTimeout(ClickKeyword.groovy)
	at jdk.internal.reflect.GeneratedMethodAccessor8.invoke(Unknown Source)
	at java.base/jdk.internal.reflect.DelegatingMethodAccessorImpl.invoke(DelegatingMethodAccessorImpl.java:43)
	at com.kms.katalon.core.webui.keyword.builtin.ClickKeyword$_click_closure1.doCall(ClickKeyword.groovy:67)
	at com.kms.katalon.core.webui.keyword.builtin.ClickKeyword$_click_closure1.call(ClickKeyword.groovy)
	at com.kms.katalon.core.webui.keyword.internal.WebUIKeywordMain.runKeyword(WebUIKeywordMain.groovy:35)
	at com.kms.katalon.core.webui.keyword.builtin.ClickKeyword.click(ClickKeyword.groovy:74)
	at com.kms.katalon.core.webui.keyword.builtin.ClickKeyword.execute(ClickKeyword.groovy:40)
	at com.kms.katalon.core.keyword.internal.KeywordExecutor.executeKeywordForPlatform(KeywordExecutor.groovy:74)
	at com.kms.katalon.core.webui.keyword.WebUiBuiltInKeywords.click(WebUiBuiltInKeywords.groovy:659)
	at Script1732294996616.run(Script1732294996616.groovy:92)
	... 15 more
)]]></system-out>
         <system-err><![CDATA[27-11-2024T17:26:00 - [TEST_CASE][FAILED] - Test Cases/2.Positivos/2.1Paquete/Origen-Provincia/2.Valorado/Entrega_Domicilio/EditarValorado: Test Cases/2.Positivos/2.1Paquete/Origen-Provincia/2.Valorado/Entrega_Domicilio/EditarValorado FAILED.
Reason:
com.kms.katalon.core.exception.StepFailedException: Unable to click on object 'Object Repository/valorado/Page_Olva Courier  Datos Personales/button_CONTINUAR'
	at com.kms.katalon.core.webui.keyword.internal.WebUIKeywordMain.stepFailed(WebUIKeywordMain.groovy:117)
	at com.kms.katalon.core.webui.keyword.internal.WebUIKeywordMain.runKeyword(WebUIKeywordMain.groovy:43)
	at com.kms.katalon.core.webui.keyword.builtin.ClickKeyword.click(ClickKeyword.groovy:74)
	at com.kms.katalon.core.webui.keyword.builtin.ClickKeyword.execute(ClickKeyword.groovy:40)
	at com.kms.katalon.core.keyword.internal.KeywordExecutor.executeKeywordForPlatform(KeywordExecutor.groovy:74)
	at com.kms.katalon.core.webui.keyword.WebUiBuiltInKeywords.click(WebUiBuiltInKeywords.groovy:659)
	at EditarValorado.run(EditarValorado:92)
	at com.kms.katalon.core.main.ScriptEngine.run(ScriptEngine.java:194)
	at com.kms.katalon.core.main.ScriptEngine.runScriptAsRawText(ScriptEngine.java:119)
	at com.kms.katalon.core.main.TestCaseExecutor.runScript(TestCaseExecutor.java:448)
	at com.kms.katalon.core.main.TestCaseExecutor.doExecute(TestCaseExecutor.java:439)
	at com.kms.katalon.core.main.TestCaseExecutor.processExecutionPhase(TestCaseExecutor.java:418)
	at com.kms.katalon.core.main.TestCaseExecutor.accessMainPhase(TestCaseExecutor.java:410)
	at com.kms.katalon.core.main.TestCaseExecutor.execute(TestCaseExecutor.java:285)
	at com.kms.katalon.core.common.CommonExecutor.accessTestCaseMainPhase(CommonExecutor.java:65)
	at com.kms.katalon.core.main.TestSuiteExecutor.accessTestSuiteMainPhase(TestSuiteExecutor.java:150)
	at com.kms.katalon.core.main.TestSuiteExecutor.execute(TestSuiteExecutor.java:106)
	at com.kms.katalon.core.main.TestCaseMain.startTestSuite(TestCaseMain.java:180)
	at TempTestSuite1732745349578.run(TempTestSuite1732745349578.groovy:35)
	at java.base/jdk.internal.reflect.NativeMethodAccessorImpl.invoke0(Native Method)
	at java.base/jdk.internal.reflect.NativeMethodAccessorImpl.invoke(NativeMethodAccessorImpl.java:77)
	at java.base/jdk.internal.reflect.DelegatingMethodAccessorImpl.invoke(DelegatingMethodAccessorImpl.java:43)
Caused by: org.openqa.selenium.ElementClickInterceptedException: Element <button id="btn_guardar_datos_personales" class="btn btn-warning mt-10" type="button"> is not clickable at point (675,376) because another element <div id="myModalMilOficina" class="modal fade modal-notify modal-warning in"> obscures it
Build info: version: '3.141.59', revision: 'unknown', time: 'unknown'
System info: host: 'DESKTOP-RGFFP9A', ip: '10.136.10.6', os.name: 'Windows 11', os.arch: 'amd64', os.version: '10.0', java.version: '17.0.7'
Driver info: com.kms.katalon.core.webui.driver.firefox.CGeckoDriver
Capabilities {acceptInsecureCerts: true, browserName: firefox, browserVersion: 133.0, javascriptEnabled: true, moz:accessibilityChecks: false, moz:buildID: 20241121140525, moz:geckodriverVersion: 0.35.0, moz:headless: false, moz:platformVersion: 10.0, moz:processID: 25132, moz:profile: C:\Users\OLVATI\AppData\Loc..., moz:shutdownTimeout: 60000, moz:webdriverClick: true, moz:windowless: false, pageLoadStrategy: normal, platform: WINDOWS, platformName: WINDOWS, proxy: Proxy(direct), setWindowRect: true, strictFileInteractability: false, timeouts: {implicit: 0, pageLoad: 300000, script: 30000}, unhandledPromptBehavior: dismiss and notify, userAgent: Mozilla/5.0 (Windows NT 10....}
Session ID: 5fac59f1-330a-45e0-8326-cb54fcd2fec6
	at jdk.internal.reflect.GeneratedConstructorAccessor32.newInstance(Unknown Source)
	at java.base/jdk.internal.reflect.DelegatingConstructorAccessorImpl.newInstance(DelegatingConstructorAccessorImpl.java:45)
	at org.openqa.selenium.remote.http.W3CHttpResponseCodec.createException(W3CHttpResponseCodec.java:187)
	at org.openqa.selenium.remote.http.W3CHttpResponseCodec.decode(W3CHttpResponseCodec.java:122)
	at org.openqa.selenium.remote.http.W3CHttpResponseCodec.decode(W3CHttpResponseCodec.java:49)
	at org.openqa.selenium.remote.HttpCommandExecutor.execute(HttpCommandExecutor.java:158)
	at org.openqa.selenium.remote.service.DriverCommandExecutor.execute(DriverCommandExecutor.java:83)
	at org.openqa.selenium.remote.RemoteWebDriver.execute(RemoteWebDriver.java:552)
	at com.kms.katalon.selenium.driver.CFirefoxDriver.execute(CFirefoxDriver.java:28)
	at org.openqa.selenium.remote.RemoteWebElement.execute(RemoteWebElement.java:285)
	at org.openqa.selenium.remote.RemoteWebElement.click(RemoteWebElement.java:84)
	at jdk.internal.reflect.GeneratedMethodAccessor10.invoke(Unknown Source)
	at java.base/jdk.internal.reflect.DelegatingMethodAccessorImpl.invoke(DelegatingMethodAccessorImpl.java:43)
	at org.openqa.selenium.support.events.EventFiringWebDriver$EventFiringWebElement.lambda$new$0(EventFiringWebDriver.java:404)
	at jdk.proxy2/jdk.proxy2.$Proxy21.click(Unknown Source)
	at org.openqa.selenium.support.events.EventFiringWebDriver$EventFiringWebElement.click(EventFiringWebDriver.java:417)
	at org.openqa.selenium.WebElement$click.call(Unknown Source)
	at com.kms.katalon.core.webui.keyword.builtin.ClickKeyword.clickUntilSuccessWithTimeout(ClickKeyword.groovy:81)
	at com.kms.katalon.core.webui.keyword.builtin.ClickKeyword.clickUntilSuccessWithTimeout(ClickKeyword.groovy)
	at jdk.internal.reflect.GeneratedMethodAccessor8.invoke(Unknown Source)
	at java.base/jdk.internal.reflect.DelegatingMethodAccessorImpl.invoke(DelegatingMethodAccessorImpl.java:43)
	at com.kms.katalon.core.webui.keyword.builtin.ClickKeyword$_click_closure1.doCall(ClickKeyword.groovy:67)
	at com.kms.katalon.core.webui.keyword.builtin.ClickKeyword$_click_closure1.call(ClickKeyword.groovy)
	at com.kms.katalon.core.webui.keyword.internal.WebUIKeywordMain.runKeyword(WebUIKeywordMain.groovy:35)
	... 20 more]]></system-err>
      </testcase>
      <testcase name="Test Cases/2.Positivos/2.1Paquete/Origen-Provincia/2.Valorado/Entrega_Domicilio/DecJura-Paquete" time="42.282" classname="Test Cases/2.Positivos/2.1Paquete/Origen-Provincia/2.Valorado/Entrega_Domicilio/DecJura-Paquete" status="FAILED">
         <failure type="FAILED" message="Test Cases/2.Positivos/2.1Paquete/Origen-Provincia/2.Valorado/Entrega_Domicilio/DecJura-Paquete FAILED.&#xa;Reason:&#xa;com.kms.katalon.core.exception.StepFailedException: Verify element text of test object 'Object Repository/valorado/Page_Olva Courier  Confirma tus datos/div_He ledo la (1)' FAILED.&#xa;	at com.kms.katalon.core.webui.keyword.internal.WebUIKeywordMain.stepFailed(WebUIKeywordMain.groovy:117)&#xa;	at com.kms.katalon.core.webui.keyword.internal.WebUIKeywordMain.runKeyword(WebUIKeywordMain.groovy:43)&#xa;	at com.kms.katalon.core.webui.keyword.builtin.VerifyElementTextKeyword.verifyElementText(VerifyElementTextKeyword.groovy:72)&#xa;	at com.kms.katalon.core.webui.keyword.builtin.VerifyElementTextKeyword.execute(VerifyElementTextKeyword.groovy:40)&#xa;	at com.kms.katalon.core.keyword.internal.KeywordExecutor.executeKeywordForPlatform(KeywordExecutor.groovy:74)&#xa;	at com.kms.katalon.core.webui.keyword.WebUiBuiltInKeywords.verifyElementText(WebUiBuiltInKeywords.groovy:4835)&#xa;	at DecJura-Paquete.run(DecJura-Paquete:76)&#xa;	at com.kms.katalon.core.main.ScriptEngine.run(ScriptEngine.java:194)&#xa;	at com.kms.katalon.core.main.ScriptEngine.runScriptAsRawText(ScriptEngine.java:119)&#xa;	at com.kms.katalon.core.main.TestCaseExecutor.runScript(TestCaseExecutor.java:448)&#xa;	at com.kms.katalon.core.main.TestCaseExecutor.doExecute(TestCaseExecutor.java:439)&#xa;	at com.kms.katalon.core.main.TestCaseExecutor.processExecutionPhase(TestCaseExecutor.java:418)&#xa;	at com.kms.katalon.core.main.TestCaseExecutor.accessMainPhase(TestCaseExecutor.java:410)&#xa;	at com.kms.katalon.core.main.TestCaseExecutor.execute(TestCaseExecutor.java:285)&#xa;	at com.kms.katalon.core.common.CommonExecutor.accessTestCaseMainPhase(CommonExecutor.java:65)&#xa;	at com.kms.katalon.core.main.TestSuiteExecutor.accessTestSuiteMainPhase(TestSuiteExecutor.java:150)&#xa;	at com.kms.katalon.core.main.TestSuiteExecutor.execute(TestSuiteExecutor.java:106)&#xa;	at com.kms.katalon.core.main.TestCaseMain.startTestSuite(TestCaseMain.java:180)&#xa;	at TempTestSuite1732745349578.run(TempTestSuite1732745349578.groovy:35)&#xa;	at java.base/jdk.internal.reflect.NativeMethodAccessorImpl.invoke0(Native Method)&#xa;	at java.base/jdk.internal.reflect.NativeMethodAccessorImpl.invoke(NativeMethodAccessorImpl.java:77)&#xa;	at java.base/jdk.internal.reflect.DelegatingMethodAccessorImpl.invoke(DelegatingMethodAccessorImpl.java:43)&#xa;Caused by: com.kms.katalon.core.exception.StepFailedException: Actual text '' and expected text 'He leído la' of test object 'Object Repository/valorado/Page_Olva Courier  Confirma tus datos/div_He ledo la (1)' are NOT matched.&#xa;	at com.kms.katalon.core.webui.keyword.internal.WebUIKeywordMain.stepFailed(WebUIKeywordMain.groovy:117)&#xa;	at com.kms.katalon.core.webui.keyword.builtin.VerifyElementTextKeyword$_verifyElementText_closure1.doCall(VerifyElementTextKeyword.groovy:57)&#xa;	at com.kms.katalon.core.webui.keyword.builtin.VerifyElementTextKeyword$_verifyElementText_closure1.call(VerifyElementTextKeyword.groovy)&#xa;	at com.kms.katalon.core.webui.keyword.internal.WebUIKeywordMain.runKeyword(WebUIKeywordMain.groovy:35)&#xa;	... 20 more&#xa;"/>
         <system-out><![CDATA[27-11-2024T17:27:52 - [TEST_CASE][FAILED] - Test Cases/2.Positivos/2.1Paquete/Origen-Provincia/2.Valorado/Entrega_Domicilio/DecJura-Paquete: Test Cases/2.Positivos/2.1Paquete/Origen-Provincia/2.Valorado/Entrega_Domicilio/DecJura-Paquete FAILED.
Reason:
com.kms.katalon.core.exception.StepFailedException: Verify element text of test object 'Object Repository/valorado/Page_Olva Courier  Confirma tus datos/div_He ledo la (1)' FAILED.
	at com.kms.katalon.core.webui.keyword.internal.WebUIKeywordMain.stepFailed(WebUIKeywordMain.groovy:117)
	at com.kms.katalon.core.webui.keyword.internal.WebUIKeywordMain.runKeyword(WebUIKeywordMain.groovy:43)
	at com.kms.katalon.core.webui.keyword.builtin.VerifyElementTextKeyword.verifyElementText(VerifyElementTextKeyword.groovy:72)
	at com.kms.katalon.core.webui.keyword.builtin.VerifyElementTextKeyword.execute(VerifyElementTextKeyword.groovy:40)
	at com.kms.katalon.core.keyword.internal.KeywordExecutor.executeKeywordForPlatform(KeywordExecutor.groovy:74)
	at com.kms.katalon.core.webui.keyword.WebUiBuiltInKeywords.verifyElementText(WebUiBuiltInKeywords.groovy:4835)
	at DecJura-Paquete.run(DecJura-Paquete:76)
	at com.kms.katalon.core.main.ScriptEngine.run(ScriptEngine.java:194)
	at com.kms.katalon.core.main.ScriptEngine.runScriptAsRawText(ScriptEngine.java:119)
	at com.kms.katalon.core.main.TestCaseExecutor.runScript(TestCaseExecutor.java:448)
	at com.kms.katalon.core.main.TestCaseExecutor.doExecute(TestCaseExecutor.java:439)
	at com.kms.katalon.core.main.TestCaseExecutor.processExecutionPhase(TestCaseExecutor.java:418)
	at com.kms.katalon.core.main.TestCaseExecutor.accessMainPhase(TestCaseExecutor.java:410)
	at com.kms.katalon.core.main.TestCaseExecutor.execute(TestCaseExecutor.java:285)
	at com.kms.katalon.core.common.CommonExecutor.accessTestCaseMainPhase(CommonExecutor.java:65)
	at com.kms.katalon.core.main.TestSuiteExecutor.accessTestSuiteMainPhase(TestSuiteExecutor.java:150)
	at com.kms.katalon.core.main.TestSuiteExecutor.execute(TestSuiteExecutor.java:106)
	at com.kms.katalon.core.main.TestCaseMain.startTestSuite(TestCaseMain.java:180)
	at TempTestSuite1732745349578.run(TempTestSuite1732745349578.groovy:35)
	at java.base/jdk.internal.reflect.NativeMethodAccessorImpl.invoke0(Native Method)
	at java.base/jdk.internal.reflect.NativeMethodAccessorImpl.invoke(NativeMethodAccessorImpl.java:77)
	at java.base/jdk.internal.reflect.DelegatingMethodAccessorImpl.invoke(DelegatingMethodAccessorImpl.java:43)
Caused by: com.kms.katalon.core.exception.StepFailedException: Actual text '' and expected text 'He leído la' of test object 'Object Repository/valorado/Page_Olva Courier  Confirma tus datos/div_He ledo la (1)' are NOT matched.
	at com.kms.katalon.core.webui.keyword.internal.WebUIKeywordMain.stepFailed(WebUIKeywordMain.groovy:117)
	at com.kms.katalon.core.webui.keyword.builtin.VerifyElementTextKeyword$_verifyElementText_closure1.doCall(VerifyElementTextKeyword.groovy:57)
	at com.kms.katalon.core.webui.keyword.builtin.VerifyElementTextKeyword$_verifyElementText_closure1.call(VerifyElementTextKeyword.groovy)
	at com.kms.katalon.core.webui.keyword.internal.WebUIKeywordMain.runKeyword(WebUIKeywordMain.groovy:35)
	... 20 more


27-11-2024T17:27:52 - [TEST_STEP][PASSED] - callTestCase(findTestCase("1.Inicio/1.1Principal/Principal-home"), [:], STOP_ON_FAILURE): Call Test Case 'Test Cases/1.Inicio/1.1Principal/Principal-home' successfully

27-11-2024T17:27:52 - [TEST_CASE][PASSED] - Test Cases/1.Inicio/1.1Principal/Principal-home: Test Cases/1.Inicio/1.1Principal/Principal-home

27-11-2024T17:27:52 - [TEST_STEP][PASSED] - openBrowser(""): Browser is opened with url: ''

27-11-2024T17:27:52 - [MESSAGE][WARNING] - A browser is already opened. Closing browser and opening a new one

27-11-2024T17:27:54 - [MESSAGE][INFO] - Starting 'Firefox' driver

27-11-2024T17:27:54 - [MESSAGE][INFO] - Action delay is set to 0 milliseconds

27-11-2024T17:28:06 - [MESSAGE][PASSED] - Browser is opened with url: ''

27-11-2024T17:28:06 - [TEST_STEP][PASSED] - navigateToUrl("https://dev01-registrodeenvios.olvacourier.com/principal"): Navigate to 'https://dev01-registrodeenvios.olvacourier.com/principal' successfully

27-11-2024T17:28:09 - [MESSAGE][PASSED] - Navigate to 'https://dev01-registrodeenvios.olvacourier.com/principal' successfully

27-11-2024T17:28:09 - [TEST_STEP][PASSED] - maximizeWindow(): Current window maximized

27-11-2024T17:28:09 - [MESSAGE][PASSED] - Current window maximized

27-11-2024T17:28:09 - [MESSAGE][PASSED] - Call Test Case 'Test Cases/1.Inicio/1.1Principal/Principal-home' successfully

27-11-2024T17:28:09 - [TEST_STEP][PASSED] - callTestCase(findTestCase("1.Inicio/1.1Principal/Selec_paquete"), [:], STOP_ON_FAILURE): Call Test Case 'Test Cases/1.Inicio/1.1Principal/Selec_paquete' successfully

27-11-2024T17:28:10 - [TEST_CASE][PASSED] - Test Cases/1.Inicio/1.1Principal/Selec_paquete: Test Cases/1.Inicio/1.1Principal/Selec_paquete

27-11-2024T17:28:10 - [TEST_STEP][PASSED] - click(findTestObject("Object Repository/Principal/Page_Olva Courier  Home/img_Qu deseas realizar hoy_img_paquete")): Object: 'Object Repository/Principal/Page_Olva Courier  Home/img_Qu deseas realizar hoy_img_paquete' is clicked on

27-11-2024T17:28:10 - [MESSAGE][PASSED] - Object: 'Object Repository/Principal/Page_Olva Courier  Home/img_Qu deseas realizar hoy_img_paquete' is clicked on

27-11-2024T17:28:10 - [TEST_STEP][PASSED] - click(findTestObject("Object Repository/Principal/Page_Olva Courier  Home/span_He ledo y acepto los_checkmark (1)")): Object: 'Object Repository/Principal/Page_Olva Courier  Home/span_He ledo y acepto los_checkmark (1)' is clicked on

27-11-2024T17:28:11 - [MESSAGE][PASSED] - Object: 'Object Repository/Principal/Page_Olva Courier  Home/span_He ledo y acepto los_checkmark (1)' is clicked on

27-11-2024T17:28:11 - [TEST_STEP][PASSED] - click(findTestObject("Object Repository/Principal/Page_Olva Courier  Home/button_CONTINUAR (1)")): Object: 'Object Repository/Principal/Page_Olva Courier  Home/button_CONTINUAR (1)' is clicked on

27-11-2024T17:28:12 - [MESSAGE][PASSED] - Object: 'Object Repository/Principal/Page_Olva Courier  Home/button_CONTINUAR (1)' is clicked on

27-11-2024T17:28:12 - [TEST_STEP][PASSED] - verifyElementPresent(findTestObject("Object Repository/Principal/Page_Olva Courier  Datos Personales/strong_REGISTRO DE ENVOS"), 0): Object 'Object Repository/Principal/Page_Olva Courier  Datos Personales/strong_REGISTRO DE ENVOS' is present

27-11-2024T17:28:12 - [MESSAGE][WARNING] - Timeout '0' is invalid. Using default page load timeout: '30'

27-11-2024T17:28:13 - [MESSAGE][PASSED] - Object 'Object Repository/Principal/Page_Olva Courier  Datos Personales/strong_REGISTRO DE ENVOS' is present

27-11-2024T17:28:13 - [TEST_STEP][PASSED] - verifyElementPresent(findTestObject("Object Repository/Principal/Page_Olva Courier  Datos Personales/span_Regresar (1)"), 0): Object 'Object Repository/Principal/Page_Olva Courier  Datos Personales/span_Regresar (1)' is present

27-11-2024T17:28:13 - [MESSAGE][WARNING] - Timeout '0' is invalid. Using default page load timeout: '30'

27-11-2024T17:28:13 - [MESSAGE][PASSED] - Object 'Object Repository/Principal/Page_Olva Courier  Datos Personales/span_Regresar (1)' is present

27-11-2024T17:28:13 - [TEST_STEP][PASSED] - verifyElementPresent(findTestObject("Object Repository/Principal/Page_Olva Courier  Datos Personales/span_Inicio (1)"), 0): Object 'Object Repository/Principal/Page_Olva Courier  Datos Personales/span_Inicio (1)' is present

27-11-2024T17:28:13 - [MESSAGE][WARNING] - Timeout '0' is invalid. Using default page load timeout: '30'

27-11-2024T17:28:13 - [MESSAGE][PASSED] - Object 'Object Repository/Principal/Page_Olva Courier  Datos Personales/span_Inicio (1)' is present

27-11-2024T17:28:13 - [MESSAGE][PASSED] - Call Test Case 'Test Cases/1.Inicio/1.1Principal/Selec_paquete' successfully

27-11-2024T17:28:13 - [TEST_STEP][PASSED] - callTestCase(findTestCase("1.Inicio/1.2Tipo_Doc/4.CE_Colab"), [:], STOP_ON_FAILURE): Call Test Case 'Test Cases/1.Inicio/1.2Tipo_Doc/4.CE_Colab' successfully

27-11-2024T17:28:13 - [TEST_CASE][PASSED] - Test Cases/1.Inicio/1.2Tipo_Doc/4.CE_Colab: Test Cases/1.Inicio/1.2Tipo_Doc/4.CE_Colab

27-11-2024T17:28:13 - [TEST_STEP][PASSED] - click(findTestObject("Object Repository/Login/Page_Olva Courier  Datos Personales/button_Tipo De Documento")): Object: 'Object Repository/Login/Page_Olva Courier  Datos Personales/button_Tipo De Documento' is clicked on

27-11-2024T17:28:14 - [MESSAGE][PASSED] - Object: 'Object Repository/Login/Page_Olva Courier  Datos Personales/button_Tipo De Documento' is clicked on

27-11-2024T17:28:14 - [TEST_STEP][PASSED] - click(findTestObject("Object Repository/Login/Page_Olva Courier  Datos Personales/span_CARN EXT. (Boleta)")): Object: 'Object Repository/Login/Page_Olva Courier  Datos Personales/span_CARN EXT. (Boleta)' is clicked on

27-11-2024T17:28:14 - [MESSAGE][PASSED] - Object: 'Object Repository/Login/Page_Olva Courier  Datos Personales/span_CARN EXT. (Boleta)' is clicked on

27-11-2024T17:28:14 - [TEST_STEP][PASSED] - setText(findTestObject("Object Repository/Login/Page_Olva Courier  Datos Personales/input_CARN EXT. (Boleta)_txt_documento_cliente"), "003680378"): Text '003680378' is set on object 'Object Repository/Login/Page_Olva Courier  Datos Personales/input_CARN EXT. (Boleta)_txt_documento_cliente'

27-11-2024T17:28:15 - [MESSAGE][PASSED] - Text '003680378' is set on object 'Object Repository/Login/Page_Olva Courier  Datos Personales/input_CARN EXT. (Boleta)_txt_documento_cliente'

27-11-2024T17:28:15 - [TEST_STEP][PASSED] - verifyElementPresent(findTestObject("Object Repository/Login/Page_Olva Courier  Datos Personales/p_PROMO COLABORADOR"), 0): Object 'Object Repository/Login/Page_Olva Courier  Datos Personales/p_PROMO COLABORADOR' is present

27-11-2024T17:28:15 - [MESSAGE][WARNING] - Timeout '0' is invalid. Using default page load timeout: '30'

27-11-2024T17:28:19 - [MESSAGE][PASSED] - Object 'Object Repository/Login/Page_Olva Courier  Datos Personales/p_PROMO COLABORADOR' is present

27-11-2024T17:28:19 - [TEST_STEP][PASSED] - click(findTestObject("Object Repository/Login/Page_Olva Courier  Datos Personales/span_")): Object: 'Object Repository/Login/Page_Olva Courier  Datos Personales/span_' is clicked on

27-11-2024T17:28:20 - [MESSAGE][PASSED] - Object: 'Object Repository/Login/Page_Olva Courier  Datos Personales/span_' is clicked on

27-11-2024T17:28:20 - [MESSAGE][PASSED] - Call Test Case 'Test Cases/1.Inicio/1.2Tipo_Doc/4.CE_Colab' successfully

27-11-2024T17:28:20 - [TEST_STEP][PASSED] - click(findTestObject("Object Repository/valorado/Page_Olva Courier  Datos Personales/button_Seleccionar artculo (2)")): Object: 'Object Repository/valorado/Page_Olva Courier  Datos Personales/button_Seleccionar artculo (2)' is clicked on

27-11-2024T17:28:20 - [MESSAGE][PASSED] - Object: 'Object Repository/valorado/Page_Olva Courier  Datos Personales/button_Seleccionar artculo (2)' is clicked on

27-11-2024T17:28:20 - [TEST_STEP][PASSED] - click(findTestObject("Object Repository/valorado/Page_Olva Courier  Datos Personales/span_ACCESORIOS PARA FIESTAS")): Object: 'Object Repository/valorado/Page_Olva Courier  Datos Personales/span_ACCESORIOS PARA FIESTAS' is clicked on

27-11-2024T17:28:21 - [MESSAGE][PASSED] - Object: 'Object Repository/valorado/Page_Olva Courier  Datos Personales/span_ACCESORIOS PARA FIESTAS' is clicked on

27-11-2024T17:28:21 - [TEST_STEP][PASSED] - setText(findTestObject("Object Repository/valorado/Page_Olva Courier  Datos Personales/input_UTILES DE OFICINA_txt_paquete_articulo (2)"), "FGg"): Text 'FGg' is set on object 'Object Repository/valorado/Page_Olva Courier  Datos Personales/input_UTILES DE OFICINA_txt_paquete_articulo (2)'

27-11-2024T17:28:21 - [MESSAGE][PASSED] - Text 'FGg' is set on object 'Object Repository/valorado/Page_Olva Courier  Datos Personales/input_UTILES DE OFICINA_txt_paquete_articulo (2)'

27-11-2024T17:28:21 - [TEST_STEP][PASSED] - setText(findTestObject("Object Repository/valorado/Page_Olva Courier  Datos Personales/input_UTILES DE OFICINA_txt_paquete_valor (2)"), "100"): Text '100' is set on object 'Object Repository/valorado/Page_Olva Courier  Datos Personales/input_UTILES DE OFICINA_txt_paquete_valor (2)'

27-11-2024T17:28:22 - [MESSAGE][PASSED] - Text '100' is set on object 'Object Repository/valorado/Page_Olva Courier  Datos Personales/input_UTILES DE OFICINA_txt_paquete_valor (2)'

27-11-2024T17:28:22 - [TEST_STEP][PASSED] - click(findTestObject("Object Repository/valorado/Page_Olva Courier  Datos Personales/div_Hasta 2Kg (1)")): Object: 'Object Repository/valorado/Page_Olva Courier  Datos Personales/div_Hasta 2Kg (1)' is clicked on

27-11-2024T17:28:23 - [MESSAGE][PASSED] - Object: 'Object Repository/valorado/Page_Olva Courier  Datos Personales/div_Hasta 2Kg (1)' is clicked on

27-11-2024T17:28:23 - [TEST_STEP][PASSED] - scrollToElement(findTestObject("Object Repository/Destinos/Page_Olva Courier  Datos Personales/button_LIMA (1)"), 0): Scroll to object 'Object Repository/Destinos/Page_Olva Courier  Datos Personales/button_LIMA (1)' successfully

27-11-2024T17:28:23 - [MESSAGE][WARNING] - Timeout '0' is invalid. Using default page load timeout: '30'

27-11-2024T17:28:23 - [MESSAGE][PASSED] - Scroll to object 'Object Repository/Destinos/Page_Olva Courier  Datos Personales/button_LIMA (1)' successfully

27-11-2024T17:28:23 - [TEST_STEP][PASSED] - click(findTestObject("Object Repository/Destinos/Page_Olva Courier  Datos Personales/button_LIMA (1)")): Object: 'Object Repository/Destinos/Page_Olva Courier  Datos Personales/button_LIMA (1)' is clicked on

27-11-2024T17:28:24 - [MESSAGE][PASSED] - Object: 'Object Repository/Destinos/Page_Olva Courier  Datos Personales/button_LIMA (1)' is clicked on

27-11-2024T17:28:24 - [TEST_STEP][PASSED] - click(findTestObject("Object Repository/Destinos/Page_Olva Courier  Datos Personales/a_ICA")): Object: 'Object Repository/Destinos/Page_Olva Courier  Datos Personales/a_ICA' is clicked on

27-11-2024T17:28:24 - [MESSAGE][PASSED] - Object: 'Object Repository/Destinos/Page_Olva Courier  Datos Personales/a_ICA' is clicked on

27-11-2024T17:28:24 - [TEST_STEP][PASSED] - click(findTestObject("Object Repository/Destinos/Page_Olva Courier  Datos Personales/button_ICA")): Object: 'Object Repository/Destinos/Page_Olva Courier  Datos Personales/button_ICA' is clicked on

27-11-2024T17:28:25 - [MESSAGE][PASSED] - Object: 'Object Repository/Destinos/Page_Olva Courier  Datos Personales/button_ICA' is clicked on

27-11-2024T17:28:25 - [TEST_STEP][PASSED] - click(findTestObject("Object Repository/valorado/Page_Olva Courier  Datos Personales/button_Ingrese el punto de llegada (2)")): Object: 'Object Repository/valorado/Page_Olva Courier  Datos Personales/button_Ingrese el punto de llegada (2)' is clicked on

27-11-2024T17:28:25 - [MESSAGE][PASSED] - Object: 'Object Repository/valorado/Page_Olva Courier  Datos Personales/button_Ingrese el punto de llegada (2)' is clicked on

27-11-2024T17:28:25 - [TEST_STEP][PASSED] - click(findTestObject("Object Repository/valorado/Page_Olva Courier  Datos Personales/a_AMAZONAS - BAGUA - BAGUA")): Object: 'Object Repository/valorado/Page_Olva Courier  Datos Personales/a_AMAZONAS - BAGUA - BAGUA' is clicked on

27-11-2024T17:28:26 - [MESSAGE][PASSED] - Object: 'Object Repository/valorado/Page_Olva Courier  Datos Personales/a_AMAZONAS - BAGUA - BAGUA' is clicked on

27-11-2024T17:28:26 - [TEST_STEP][PASSED] - click(findTestObject("Object Repository/valorado/Page_Olva Courier  Datos Personales/button_Tipo de entrega (2)")): Object: 'Object Repository/valorado/Page_Olva Courier  Datos Personales/button_Tipo de entrega (2)' is clicked on

27-11-2024T17:28:26 - [MESSAGE][PASSED] - Object: 'Object Repository/valorado/Page_Olva Courier  Datos Personales/button_Tipo de entrega (2)' is clicked on

27-11-2024T17:28:26 - [TEST_STEP][PASSED] - click(findTestObject("Object Repository/valorado/Page_Olva Courier  Datos Personales/a_Recojo en tienda (2)")): Object: 'Object Repository/valorado/Page_Olva Courier  Datos Personales/a_Recojo en tienda (2)' is clicked on

27-11-2024T17:28:27 - [MESSAGE][PASSED] - Object: 'Object Repository/valorado/Page_Olva Courier  Datos Personales/a_Recojo en tienda (2)' is clicked on

27-11-2024T17:28:27 - [TEST_STEP][PASSED] - click(findTestObject("Object Repository/valorado/Page_Olva Courier  Datos Personales/button_Tienda (1)")): Object: 'Object Repository/valorado/Page_Olva Courier  Datos Personales/button_Tienda (1)' is clicked on

27-11-2024T17:28:28 - [MESSAGE][PASSED] - Object: 'Object Repository/valorado/Page_Olva Courier  Datos Personales/button_Tienda (1)' is clicked on

27-11-2024T17:28:28 - [TEST_STEP][PASSED] - click(findTestObject("Object Repository/valorado/Page_Olva Courier  Datos Personales/span_BAGUA CHICA - BAGUA - PJ ALFONSO UGART_d3a165")): Object: 'Object Repository/valorado/Page_Olva Courier  Datos Personales/span_BAGUA CHICA - BAGUA - PJ ALFONSO UGART_d3a165' is clicked on

27-11-2024T17:28:28 - [MESSAGE][PASSED] - Object: 'Object Repository/valorado/Page_Olva Courier  Datos Personales/span_BAGUA CHICA - BAGUA - PJ ALFONSO UGART_d3a165' is clicked on

27-11-2024T17:28:28 - [TEST_STEP][PASSED] - scrollToElement(findTestObject("Object Repository/valorado/Page_Olva Courier  Datos Personales/button_Tipo De Documento_1 (2)"), 0): Scroll to object 'Object Repository/valorado/Page_Olva Courier  Datos Personales/button_Tipo De Documento_1 (2)' successfully

27-11-2024T17:28:28 - [MESSAGE][WARNING] - Timeout '0' is invalid. Using default page load timeout: '30'

27-11-2024T17:28:29 - [MESSAGE][PASSED] - Scroll to object 'Object Repository/valorado/Page_Olva Courier  Datos Personales/button_Tipo De Documento_1 (2)' successfully

27-11-2024T17:28:29 - [TEST_STEP][PASSED] - click(findTestObject("Object Repository/valorado/Page_Olva Courier  Datos Personales/button_Tipo De Documento_1 (2)")): Object: 'Object Repository/valorado/Page_Olva Courier  Datos Personales/button_Tipo De Documento_1 (2)' is clicked on

27-11-2024T17:28:29 - [MESSAGE][PASSED] - Object: 'Object Repository/valorado/Page_Olva Courier  Datos Personales/button_Tipo De Documento_1 (2)' is clicked on

27-11-2024T17:28:29 - [TEST_STEP][PASSED] - click(findTestObject("Object Repository/valorado/Page_Olva Courier  Datos Personales/a_CARN EXT")): Object: 'Object Repository/valorado/Page_Olva Courier  Datos Personales/a_CARN EXT' is clicked on

27-11-2024T17:28:30 - [MESSAGE][PASSED] - Object: 'Object Repository/valorado/Page_Olva Courier  Datos Personales/a_CARN EXT' is clicked on

27-11-2024T17:28:30 - [TEST_STEP][PASSED] - setText(findTestObject("Object Repository/valorado/Page_Olva Courier  Datos Personales/input_CARN EXT_txt_consignado_dni (2)"), "002691903"): Text '002691903' is set on object 'Object Repository/valorado/Page_Olva Courier  Datos Personales/input_CARN EXT_txt_consignado_dni (2)'

27-11-2024T17:28:30 - [MESSAGE][PASSED] - Text '002691903' is set on object 'Object Repository/valorado/Page_Olva Courier  Datos Personales/input_CARN EXT_txt_consignado_dni (2)'

27-11-2024T17:28:30 - [TEST_STEP][PASSED] - scrollToElement(findTestObject("Object Repository/valorado/Page_Olva Courier  Datos Personales/button_CONTINUAR (2)"), 0): Scroll to object 'Object Repository/valorado/Page_Olva Courier  Datos Personales/button_CONTINUAR (2)' successfully

27-11-2024T17:28:30 - [MESSAGE][WARNING] - Timeout '0' is invalid. Using default page load timeout: '30'

27-11-2024T17:28:31 - [MESSAGE][PASSED] - Scroll to object 'Object Repository/valorado/Page_Olva Courier  Datos Personales/button_CONTINUAR (2)' successfully

27-11-2024T17:28:31 - [TEST_STEP][PASSED] - click(findTestObject("Object Repository/valorado/Page_Olva Courier  Datos Personales/button_CONTINUAR (2)")): Object: 'Object Repository/valorado/Page_Olva Courier  Datos Personales/button_CONTINUAR (2)' is clicked on

27-11-2024T17:28:32 - [MESSAGE][PASSED] - Object: 'Object Repository/valorado/Page_Olva Courier  Datos Personales/button_CONTINUAR (2)' is clicked on

27-11-2024T17:28:32 - [TEST_STEP][PASSED] - click(findTestObject("Object Repository/valorado/Page_Olva Courier  Confirma tus datos/button_IR A PAGAR S 25.68")): Object: 'Object Repository/valorado/Page_Olva Courier  Confirma tus datos/button_IR A PAGAR S 25.68' is clicked on

27-11-2024T17:28:34 - [MESSAGE][PASSED] - Object: 'Object Repository/valorado/Page_Olva Courier  Confirma tus datos/button_IR A PAGAR S 25.68' is clicked on

27-11-2024T17:28:34 - [TEST_STEP][FAILED] - verifyElementText(findTestObject("Object Repository/valorado/Page_Olva Courier  Confirma tus datos/div_He ledo la (1)"), "He leído la"): Verify element text of test object 'Object Repository/valorado/Page_Olva Courier  Confirma tus datos/div_He ledo la (1)' FAILED. (Root cause: com.kms.katalon.core.exception.StepFailedException: Verify element text of test object 'Object Repository/valorado/Page_Olva Courier  Confirma tus datos/div_He ledo la (1)' FAILED.
	at com.kms.katalon.core.webui.keyword.internal.WebUIKeywordMain.stepFailed(WebUIKeywordMain.groovy:117)
	at com.kms.katalon.core.webui.keyword.internal.WebUIKeywordMain.runKeyword(WebUIKeywordMain.groovy:43)
	at com.kms.katalon.core.webui.keyword.builtin.VerifyElementTextKeyword.verifyElementText(VerifyElementTextKeyword.groovy:72)
	at com.kms.katalon.core.webui.keyword.builtin.VerifyElementTextKeyword.execute(VerifyElementTextKeyword.groovy:40)
	at com.kms.katalon.core.keyword.internal.KeywordExecutor.executeKeywordForPlatform(KeywordExecutor.groovy:74)
	at com.kms.katalon.core.webui.keyword.WebUiBuiltInKeywords.verifyElementText(WebUiBuiltInKeywords.groovy:4835)
	at DecJura-Paquete.run(DecJura-Paquete:76)
	at com.kms.katalon.core.main.ScriptEngine.run(ScriptEngine.java:194)
	at com.kms.katalon.core.main.ScriptEngine.runScriptAsRawText(ScriptEngine.java:119)
	at com.kms.katalon.core.main.TestCaseExecutor.runScript(TestCaseExecutor.java:448)
	at com.kms.katalon.core.main.TestCaseExecutor.doExecute(TestCaseExecutor.java:439)
	at com.kms.katalon.core.main.TestCaseExecutor.processExecutionPhase(TestCaseExecutor.java:418)
	at com.kms.katalon.core.main.TestCaseExecutor.accessMainPhase(TestCaseExecutor.java:410)
	at com.kms.katalon.core.main.TestCaseExecutor.execute(TestCaseExecutor.java:285)
	at com.kms.katalon.core.common.CommonExecutor.accessTestCaseMainPhase(CommonExecutor.java:65)
	at com.kms.katalon.core.main.TestSuiteExecutor.accessTestSuiteMainPhase(TestSuiteExecutor.java:150)
	at com.kms.katalon.core.main.TestSuiteExecutor.execute(TestSuiteExecutor.java:106)
	at com.kms.katalon.core.main.TestCaseMain.startTestSuite(TestCaseMain.java:180)
	at TempTestSuite1732745349578.run(TempTestSuite1732745349578.groovy:35)
	at java.base/jdk.internal.reflect.NativeMethodAccessorImpl.invoke0(Native Method)
	at java.base/jdk.internal.reflect.NativeMethodAccessorImpl.invoke(NativeMethodAccessorImpl.java:77)
	at java.base/jdk.internal.reflect.DelegatingMethodAccessorImpl.invoke(DelegatingMethodAccessorImpl.java:43)
Caused by: com.kms.katalon.core.exception.StepFailedException: Actual text '' and expected text 'He leído la' of test object 'Object Repository/valorado/Page_Olva Courier  Confirma tus datos/div_He ledo la (1)' are NOT matched.
	at com.kms.katalon.core.webui.keyword.internal.WebUIKeywordMain.stepFailed(WebUIKeywordMain.groovy:117)
	at com.kms.katalon.core.webui.keyword.builtin.VerifyElementTextKeyword$_verifyElementText_closure1.doCall(VerifyElementTextKeyword.groovy:57)
	at com.kms.katalon.core.webui.keyword.builtin.VerifyElementTextKeyword$_verifyElementText_closure1.call(VerifyElementTextKeyword.groovy)
	at com.kms.katalon.core.webui.keyword.internal.WebUIKeywordMain.runKeyword(WebUIKeywordMain.groovy:35)
	... 20 more
)

27-11-2024T17:28:34 - [MESSAGE][FAILED] - Actual text '' and expected text 'He leído la' of test object 'Object Repository/valorado/Page_Olva Courier  Confirma tus datos/div_He ledo la (1)' are NOT matched. (Root cause: com.kms.katalon.core.exception.StepFailedException: Actual text '' and expected text 'He leído la' of test object 'Object Repository/valorado/Page_Olva Courier  Confirma tus datos/div_He ledo la (1)' are NOT matched.
	at com.kms.katalon.core.webui.keyword.internal.WebUIKeywordMain.stepFailed(WebUIKeywordMain.groovy:117)
	at com.kms.katalon.core.webui.keyword.builtin.VerifyElementTextKeyword$_verifyElementText_closure1.doCall(VerifyElementTextKeyword.groovy:57)
	at com.kms.katalon.core.webui.keyword.builtin.VerifyElementTextKeyword$_verifyElementText_closure1.call(VerifyElementTextKeyword.groovy)
	at com.kms.katalon.core.webui.keyword.internal.WebUIKeywordMain.runKeyword(WebUIKeywordMain.groovy:35)
	at com.kms.katalon.core.webui.keyword.builtin.VerifyElementTextKeyword.verifyElementText(VerifyElementTextKeyword.groovy:72)
	at com.kms.katalon.core.webui.keyword.builtin.VerifyElementTextKeyword.execute(VerifyElementTextKeyword.groovy:40)
	at com.kms.katalon.core.keyword.internal.KeywordExecutor.executeKeywordForPlatform(KeywordExecutor.groovy:74)
	at com.kms.katalon.core.webui.keyword.WebUiBuiltInKeywords.verifyElementText(WebUiBuiltInKeywords.groovy:4835)
	at DecJura-Paquete.run(DecJura-Paquete:76)
	at com.kms.katalon.core.main.ScriptEngine.run(ScriptEngine.java:194)
	at com.kms.katalon.core.main.ScriptEngine.runScriptAsRawText(ScriptEngine.java:119)
	at com.kms.katalon.core.main.TestCaseExecutor.runScript(TestCaseExecutor.java:448)
	at com.kms.katalon.core.main.TestCaseExecutor.doExecute(TestCaseExecutor.java:439)
	at com.kms.katalon.core.main.TestCaseExecutor.processExecutionPhase(TestCaseExecutor.java:418)
	at com.kms.katalon.core.main.TestCaseExecutor.accessMainPhase(TestCaseExecutor.java:410)
	at com.kms.katalon.core.main.TestCaseExecutor.execute(TestCaseExecutor.java:285)
	at com.kms.katalon.core.common.CommonExecutor.accessTestCaseMainPhase(CommonExecutor.java:65)
	at com.kms.katalon.core.main.TestSuiteExecutor.accessTestSuiteMainPhase(TestSuiteExecutor.java:150)
	at com.kms.katalon.core.main.TestSuiteExecutor.execute(TestSuiteExecutor.java:106)
	at com.kms.katalon.core.main.TestCaseMain.startTestSuite(TestCaseMain.java:180)
	at TempTestSuite1732745349578.run(TempTestSuite1732745349578.groovy:35)
	at java.base/jdk.internal.reflect.NativeMethodAccessorImpl.invoke0(Native Method)
	at java.base/jdk.internal.reflect.NativeMethodAccessorImpl.invoke(NativeMethodAccessorImpl.java:77)
	at java.base/jdk.internal.reflect.DelegatingMethodAccessorImpl.invoke(DelegatingMethodAccessorImpl.java:43)
)

27-11-2024T17:28:34 - [MESSAGE][FAILED] - Verify element text of test object 'Object Repository/valorado/Page_Olva Courier  Confirma tus datos/div_He ledo la (1)' FAILED. (Root cause: com.kms.katalon.core.exception.StepFailedException: Verify element text of test object 'Object Repository/valorado/Page_Olva Courier  Confirma tus datos/div_He ledo la (1)' FAILED.
	at com.kms.katalon.core.webui.keyword.internal.WebUIKeywordMain.stepFailed(WebUIKeywordMain.groovy:117)
	at com.kms.katalon.core.webui.keyword.internal.WebUIKeywordMain.runKeyword(WebUIKeywordMain.groovy:43)
	at com.kms.katalon.core.webui.keyword.builtin.VerifyElementTextKeyword.verifyElementText(VerifyElementTextKeyword.groovy:72)
	at com.kms.katalon.core.webui.keyword.builtin.VerifyElementTextKeyword.execute(VerifyElementTextKeyword.groovy:40)
	at com.kms.katalon.core.keyword.internal.KeywordExecutor.executeKeywordForPlatform(KeywordExecutor.groovy:74)
	at com.kms.katalon.core.webui.keyword.WebUiBuiltInKeywords.verifyElementText(WebUiBuiltInKeywords.groovy:4835)
	at DecJura-Paquete.run(DecJura-Paquete:76)
	at com.kms.katalon.core.main.ScriptEngine.run(ScriptEngine.java:194)
	at com.kms.katalon.core.main.ScriptEngine.runScriptAsRawText(ScriptEngine.java:119)
	at com.kms.katalon.core.main.TestCaseExecutor.runScript(TestCaseExecutor.java:448)
	at com.kms.katalon.core.main.TestCaseExecutor.doExecute(TestCaseExecutor.java:439)
	at com.kms.katalon.core.main.TestCaseExecutor.processExecutionPhase(TestCaseExecutor.java:418)
	at com.kms.katalon.core.main.TestCaseExecutor.accessMainPhase(TestCaseExecutor.java:410)
	at com.kms.katalon.core.main.TestCaseExecutor.execute(TestCaseExecutor.java:285)
	at com.kms.katalon.core.common.CommonExecutor.accessTestCaseMainPhase(CommonExecutor.java:65)
	at com.kms.katalon.core.main.TestSuiteExecutor.accessTestSuiteMainPhase(TestSuiteExecutor.java:150)
	at com.kms.katalon.core.main.TestSuiteExecutor.execute(TestSuiteExecutor.java:106)
	at com.kms.katalon.core.main.TestCaseMain.startTestSuite(TestCaseMain.java:180)
	at TempTestSuite1732745349578.run(TempTestSuite1732745349578.groovy:35)
	at java.base/jdk.internal.reflect.NativeMethodAccessorImpl.invoke0(Native Method)
	at java.base/jdk.internal.reflect.NativeMethodAccessorImpl.invoke(NativeMethodAccessorImpl.java:77)
	at java.base/jdk.internal.reflect.DelegatingMethodAccessorImpl.invoke(DelegatingMethodAccessorImpl.java:43)
Caused by: com.kms.katalon.core.exception.StepFailedException: Actual text '' and expected text 'He leído la' of test object 'Object Repository/valorado/Page_Olva Courier  Confirma tus datos/div_He ledo la (1)' are NOT matched.
	at com.kms.katalon.core.webui.keyword.internal.WebUIKeywordMain.stepFailed(WebUIKeywordMain.groovy:117)
	at com.kms.katalon.core.webui.keyword.builtin.VerifyElementTextKeyword$_verifyElementText_closure1.doCall(VerifyElementTextKeyword.groovy:57)
	at com.kms.katalon.core.webui.keyword.builtin.VerifyElementTextKeyword$_verifyElementText_closure1.call(VerifyElementTextKeyword.groovy)
	at com.kms.katalon.core.webui.keyword.internal.WebUIKeywordMain.runKeyword(WebUIKeywordMain.groovy:35)
	... 20 more
)]]></system-out>
         <system-err><![CDATA[27-11-2024T17:27:52 - [TEST_CASE][FAILED] - Test Cases/2.Positivos/2.1Paquete/Origen-Provincia/2.Valorado/Entrega_Domicilio/DecJura-Paquete: Test Cases/2.Positivos/2.1Paquete/Origen-Provincia/2.Valorado/Entrega_Domicilio/DecJura-Paquete FAILED.
Reason:
com.kms.katalon.core.exception.StepFailedException: Verify element text of test object 'Object Repository/valorado/Page_Olva Courier  Confirma tus datos/div_He ledo la (1)' FAILED.
	at com.kms.katalon.core.webui.keyword.internal.WebUIKeywordMain.stepFailed(WebUIKeywordMain.groovy:117)
	at com.kms.katalon.core.webui.keyword.internal.WebUIKeywordMain.runKeyword(WebUIKeywordMain.groovy:43)
	at com.kms.katalon.core.webui.keyword.builtin.VerifyElementTextKeyword.verifyElementText(VerifyElementTextKeyword.groovy:72)
	at com.kms.katalon.core.webui.keyword.builtin.VerifyElementTextKeyword.execute(VerifyElementTextKeyword.groovy:40)
	at com.kms.katalon.core.keyword.internal.KeywordExecutor.executeKeywordForPlatform(KeywordExecutor.groovy:74)
	at com.kms.katalon.core.webui.keyword.WebUiBuiltInKeywords.verifyElementText(WebUiBuiltInKeywords.groovy:4835)
	at DecJura-Paquete.run(DecJura-Paquete:76)
	at com.kms.katalon.core.main.ScriptEngine.run(ScriptEngine.java:194)
	at com.kms.katalon.core.main.ScriptEngine.runScriptAsRawText(ScriptEngine.java:119)
	at com.kms.katalon.core.main.TestCaseExecutor.runScript(TestCaseExecutor.java:448)
	at com.kms.katalon.core.main.TestCaseExecutor.doExecute(TestCaseExecutor.java:439)
	at com.kms.katalon.core.main.TestCaseExecutor.processExecutionPhase(TestCaseExecutor.java:418)
	at com.kms.katalon.core.main.TestCaseExecutor.accessMainPhase(TestCaseExecutor.java:410)
	at com.kms.katalon.core.main.TestCaseExecutor.execute(TestCaseExecutor.java:285)
	at com.kms.katalon.core.common.CommonExecutor.accessTestCaseMainPhase(CommonExecutor.java:65)
	at com.kms.katalon.core.main.TestSuiteExecutor.accessTestSuiteMainPhase(TestSuiteExecutor.java:150)
	at com.kms.katalon.core.main.TestSuiteExecutor.execute(TestSuiteExecutor.java:106)
	at com.kms.katalon.core.main.TestCaseMain.startTestSuite(TestCaseMain.java:180)
	at TempTestSuite1732745349578.run(TempTestSuite1732745349578.groovy:35)
	at java.base/jdk.internal.reflect.NativeMethodAccessorImpl.invoke0(Native Method)
	at java.base/jdk.internal.reflect.NativeMethodAccessorImpl.invoke(NativeMethodAccessorImpl.java:77)
	at java.base/jdk.internal.reflect.DelegatingMethodAccessorImpl.invoke(DelegatingMethodAccessorImpl.java:43)
Caused by: com.kms.katalon.core.exception.StepFailedException: Actual text '' and expected text 'He leído la' of test object 'Object Repository/valorado/Page_Olva Courier  Confirma tus datos/div_He ledo la (1)' are NOT matched.
	at com.kms.katalon.core.webui.keyword.internal.WebUIKeywordMain.stepFailed(WebUIKeywordMain.groovy:117)
	at com.kms.katalon.core.webui.keyword.builtin.VerifyElementTextKeyword$_verifyElementText_closure1.doCall(VerifyElementTextKeyword.groovy:57)
	at com.kms.katalon.core.webui.keyword.builtin.VerifyElementTextKeyword$_verifyElementText_closure1.call(VerifyElementTextKeyword.groovy)
	at com.kms.katalon.core.webui.keyword.internal.WebUIKeywordMain.runKeyword(WebUIKeywordMain.groovy:35)
	... 20 more]]></system-err>
      </testcase>
      <testcase name="Test Cases/2.Positivos/2.1Paquete/Origen-Provincia/1.Nuevo-Cliente/RUC" time="0.267" classname="Test Cases/2.Positivos/2.1Paquete/Origen-Provincia/1.Nuevo-Cliente/RUC" status="PASSED">
         <system-out><![CDATA[27-11-2024T17:28:34 - [TEST_CASE][PASSED] - Test Cases/2.Positivos/2.1Paquete/Origen-Provincia/1.Nuevo-Cliente/RUC: Test Cases/2.Positivos/2.1Paquete/Origen-Provincia/1.Nuevo-Cliente/RUC

27-11-2024T17:28:34 - [TEST_STEP][PASSED] - return null: null]]></system-out>
         <system-err><![CDATA[]]></system-err>
      </testcase>
      <testcase name="Test Cases/2.Positivos/2.1Paquete/Origen-Provincia/1.Nuevo-Cliente/DNI" time="0.016" classname="Test Cases/2.Positivos/2.1Paquete/Origen-Provincia/1.Nuevo-Cliente/DNI" status="PASSED">
         <system-out><![CDATA[27-11-2024T17:28:34 - [TEST_CASE][PASSED] - Test Cases/2.Positivos/2.1Paquete/Origen-Provincia/1.Nuevo-Cliente/DNI: Test Cases/2.Positivos/2.1Paquete/Origen-Provincia/1.Nuevo-Cliente/DNI

27-11-2024T17:28:34 - [TEST_STEP][PASSED] - return null: null]]></system-out>
         <system-err><![CDATA[]]></system-err>
      </testcase>
      <testcase name="Test Cases/2.Positivos/2.1Paquete/Origen-Provincia/1.Nuevo-Cliente/CE" time="0.017" classname="Test Cases/2.Positivos/2.1Paquete/Origen-Provincia/1.Nuevo-Cliente/CE" status="PASSED">
         <system-out><![CDATA[27-11-2024T17:28:34 - [TEST_CASE][PASSED] - Test Cases/2.Positivos/2.1Paquete/Origen-Provincia/1.Nuevo-Cliente/CE: Test Cases/2.Positivos/2.1Paquete/Origen-Provincia/1.Nuevo-Cliente/CE

27-11-2024T17:28:34 - [TEST_STEP][PASSED] - return null: null]]></system-out>
         <system-err><![CDATA[]]></system-err>
      </testcase>
      <testcase name="Test Cases/2.Positivos/2.1Paquete/Origen-Lima/Validar resumen ---" time="63.106" classname="Test Cases/2.Positivos/2.1Paquete/Origen-Lima/Validar resumen ---" status="PASSED">
         <system-out><![CDATA[27-11-2024T17:28:34 - [TEST_CASE][PASSED] - Test Cases/2.Positivos/2.1Paquete/Origen-Lima/Validar resumen ---: Test Cases/2.Positivos/2.1Paquete/Origen-Lima/Validar resumen ---

27-11-2024T17:28:35 - [TEST_STEP][PASSED] - callTestCase(findTestCase("1.Inicio/1.1Principal/Principal-home"), [:], STOP_ON_FAILURE): Call Test Case 'Test Cases/1.Inicio/1.1Principal/Principal-home' successfully

27-11-2024T17:28:35 - [TEST_CASE][PASSED] - Test Cases/1.Inicio/1.1Principal/Principal-home: Test Cases/1.Inicio/1.1Principal/Principal-home

27-11-2024T17:28:35 - [TEST_STEP][PASSED] - openBrowser(""): Browser is opened with url: ''

27-11-2024T17:28:35 - [MESSAGE][WARNING] - A browser is already opened. Closing browser and opening a new one

27-11-2024T17:28:37 - [MESSAGE][INFO] - Starting 'Firefox' driver

27-11-2024T17:28:37 - [MESSAGE][INFO] - Action delay is set to 0 milliseconds

27-11-2024T17:28:51 - [MESSAGE][PASSED] - Browser is opened with url: ''

27-11-2024T17:28:51 - [TEST_STEP][PASSED] - navigateToUrl("https://dev01-registrodeenvios.olvacourier.com/principal"): Navigate to 'https://dev01-registrodeenvios.olvacourier.com/principal' successfully

27-11-2024T17:28:54 - [MESSAGE][PASSED] - Navigate to 'https://dev01-registrodeenvios.olvacourier.com/principal' successfully

27-11-2024T17:28:54 - [TEST_STEP][PASSED] - maximizeWindow(): Current window maximized

27-11-2024T17:28:54 - [MESSAGE][PASSED] - Current window maximized

27-11-2024T17:28:54 - [MESSAGE][PASSED] - Call Test Case 'Test Cases/1.Inicio/1.1Principal/Principal-home' successfully

27-11-2024T17:28:54 - [TEST_STEP][PASSED] - callTestCase(findTestCase("1.Inicio/1.1Principal/Selec_paquete"), [:], STOP_ON_FAILURE): Call Test Case 'Test Cases/1.Inicio/1.1Principal/Selec_paquete' successfully

27-11-2024T17:28:54 - [TEST_CASE][PASSED] - Test Cases/1.Inicio/1.1Principal/Selec_paquete: Test Cases/1.Inicio/1.1Principal/Selec_paquete

27-11-2024T17:28:54 - [TEST_STEP][PASSED] - click(findTestObject("Object Repository/Principal/Page_Olva Courier  Home/img_Qu deseas realizar hoy_img_paquete")): Object: 'Object Repository/Principal/Page_Olva Courier  Home/img_Qu deseas realizar hoy_img_paquete' is clicked on

27-11-2024T17:28:55 - [MESSAGE][PASSED] - Object: 'Object Repository/Principal/Page_Olva Courier  Home/img_Qu deseas realizar hoy_img_paquete' is clicked on

27-11-2024T17:28:55 - [TEST_STEP][PASSED] - click(findTestObject("Object Repository/Principal/Page_Olva Courier  Home/span_He ledo y acepto los_checkmark (1)")): Object: 'Object Repository/Principal/Page_Olva Courier  Home/span_He ledo y acepto los_checkmark (1)' is clicked on

27-11-2024T17:28:56 - [MESSAGE][PASSED] - Object: 'Object Repository/Principal/Page_Olva Courier  Home/span_He ledo y acepto los_checkmark (1)' is clicked on

27-11-2024T17:28:56 - [TEST_STEP][PASSED] - click(findTestObject("Object Repository/Principal/Page_Olva Courier  Home/button_CONTINUAR (1)")): Object: 'Object Repository/Principal/Page_Olva Courier  Home/button_CONTINUAR (1)' is clicked on

27-11-2024T17:28:59 - [MESSAGE][PASSED] - Object: 'Object Repository/Principal/Page_Olva Courier  Home/button_CONTINUAR (1)' is clicked on

27-11-2024T17:28:59 - [TEST_STEP][PASSED] - verifyElementPresent(findTestObject("Object Repository/Principal/Page_Olva Courier  Datos Personales/strong_REGISTRO DE ENVOS"), 0): Object 'Object Repository/Principal/Page_Olva Courier  Datos Personales/strong_REGISTRO DE ENVOS' is present

27-11-2024T17:28:59 - [MESSAGE][WARNING] - Timeout '0' is invalid. Using default page load timeout: '30'

27-11-2024T17:29:00 - [MESSAGE][PASSED] - Object 'Object Repository/Principal/Page_Olva Courier  Datos Personales/strong_REGISTRO DE ENVOS' is present

27-11-2024T17:29:00 - [TEST_STEP][PASSED] - verifyElementPresent(findTestObject("Object Repository/Principal/Page_Olva Courier  Datos Personales/span_Regresar (1)"), 0): Object 'Object Repository/Principal/Page_Olva Courier  Datos Personales/span_Regresar (1)' is present

27-11-2024T17:29:00 - [MESSAGE][WARNING] - Timeout '0' is invalid. Using default page load timeout: '30'

27-11-2024T17:29:00 - [MESSAGE][PASSED] - Object 'Object Repository/Principal/Page_Olva Courier  Datos Personales/span_Regresar (1)' is present

27-11-2024T17:29:00 - [TEST_STEP][PASSED] - verifyElementPresent(findTestObject("Object Repository/Principal/Page_Olva Courier  Datos Personales/span_Inicio (1)"), 0): Object 'Object Repository/Principal/Page_Olva Courier  Datos Personales/span_Inicio (1)' is present

27-11-2024T17:29:00 - [MESSAGE][WARNING] - Timeout '0' is invalid. Using default page load timeout: '30'

27-11-2024T17:29:00 - [MESSAGE][PASSED] - Object 'Object Repository/Principal/Page_Olva Courier  Datos Personales/span_Inicio (1)' is present

27-11-2024T17:29:00 - [MESSAGE][PASSED] - Call Test Case 'Test Cases/1.Inicio/1.1Principal/Selec_paquete' successfully

27-11-2024T17:29:00 - [TEST_STEP][PASSED] - callTestCase(findTestCase("1.Inicio/1.2Tipo_Doc/5.RUC20"), [:], STOP_ON_FAILURE): Call Test Case 'Test Cases/1.Inicio/1.2Tipo_Doc/5.RUC20' successfully

27-11-2024T17:29:01 - [TEST_CASE][PASSED] - Test Cases/1.Inicio/1.2Tipo_Doc/5.RUC20: Test Cases/1.Inicio/1.2Tipo_Doc/5.RUC20

27-11-2024T17:29:01 - [TEST_STEP][PASSED] - click(findTestObject("Object Repository/Login/Page_Olva Courier  Datos Personales/button_Tipo De Documento")): Object: 'Object Repository/Login/Page_Olva Courier  Datos Personales/button_Tipo De Documento' is clicked on

27-11-2024T17:29:02 - [MESSAGE][PASSED] - Object: 'Object Repository/Login/Page_Olva Courier  Datos Personales/button_Tipo De Documento' is clicked on

27-11-2024T17:29:02 - [TEST_STEP][PASSED] - click(findTestObject("Object Repository/Login/Page_Olva Courier  Datos Personales/span_RUC (Factura)")): Object: 'Object Repository/Login/Page_Olva Courier  Datos Personales/span_RUC (Factura)' is clicked on

27-11-2024T17:29:02 - [MESSAGE][PASSED] - Object: 'Object Repository/Login/Page_Olva Courier  Datos Personales/span_RUC (Factura)' is clicked on

27-11-2024T17:29:02 - [TEST_STEP][PASSED] - setText(findTestObject("Object Repository/Login/Page_Olva Courier  Datos Personales/input_CARN EXT. (Boleta)_txt_documento_cliente"), "20100686814"): Text '20100686814' is set on object 'Object Repository/Login/Page_Olva Courier  Datos Personales/input_CARN EXT. (Boleta)_txt_documento_cliente'

27-11-2024T17:29:03 - [MESSAGE][PASSED] - Text '20100686814' is set on object 'Object Repository/Login/Page_Olva Courier  Datos Personales/input_CARN EXT. (Boleta)_txt_documento_cliente'

27-11-2024T17:29:03 - [MESSAGE][PASSED] - Call Test Case 'Test Cases/1.Inicio/1.2Tipo_Doc/5.RUC20' successfully

27-11-2024T17:29:03 - [TEST_STEP][PASSED] - click(findTestObject("Object Repository/Principal/Page_Olva Courier  Datos Personales/button_Seleccionar artculo")): Object: 'Object Repository/Principal/Page_Olva Courier  Datos Personales/button_Seleccionar artculo' is clicked on

27-11-2024T17:29:11 - [MESSAGE][PASSED] - Object: 'Object Repository/Principal/Page_Olva Courier  Datos Personales/button_Seleccionar artculo' is clicked on

27-11-2024T17:29:11 - [TEST_STEP][PASSED] - click(findTestObject("Object Repository/Principal/Page_Olva Courier  Datos Personales/a_CAJA")): Object: 'Object Repository/Principal/Page_Olva Courier  Datos Personales/a_CAJA' is clicked on

27-11-2024T17:29:12 - [MESSAGE][PASSED] - Object: 'Object Repository/Principal/Page_Olva Courier  Datos Personales/a_CAJA' is clicked on

27-11-2024T17:29:12 - [TEST_STEP][PASSED] - setText(findTestObject("Object Repository/Principal/Page_Olva Courier  Datos Personales/input_UTILES DE OFICINA_txt_paquete_articulo"), "FGDg"): Text 'FGDg' is set on object 'Object Repository/Principal/Page_Olva Courier  Datos Personales/input_UTILES DE OFICINA_txt_paquete_articulo'

27-11-2024T17:29:13 - [MESSAGE][PASSED] - Text 'FGDg' is set on object 'Object Repository/Principal/Page_Olva Courier  Datos Personales/input_UTILES DE OFICINA_txt_paquete_articulo'

27-11-2024T17:29:13 - [TEST_STEP][PASSED] - setText(findTestObject("Object Repository/Principal/Page_Olva Courier  Datos Personales/input_UTILES DE OFICINA_txt_paquete_valor"), "50"): Text '50' is set on object 'Object Repository/Principal/Page_Olva Courier  Datos Personales/input_UTILES DE OFICINA_txt_paquete_valor'

27-11-2024T17:29:13 - [MESSAGE][PASSED] - Text '50' is set on object 'Object Repository/Principal/Page_Olva Courier  Datos Personales/input_UTILES DE OFICINA_txt_paquete_valor'

27-11-2024T17:29:13 - [TEST_STEP][PASSED] - click(findTestObject("Object Repository/Principal/Page_Olva Courier  Datos Personales/div_Hasta 2Kg")): Object: 'Object Repository/Principal/Page_Olva Courier  Datos Personales/div_Hasta 2Kg' is clicked on

27-11-2024T17:29:14 - [MESSAGE][PASSED] - Object: 'Object Repository/Principal/Page_Olva Courier  Datos Personales/div_Hasta 2Kg' is clicked on

27-11-2024T17:29:14 - [TEST_STEP][PASSED] - scrollToElement(findTestObject("Object Repository/Principal/Page_Olva Courier  Datos Personales/button_Ingrese el punto de llegada"), 0): Scroll to object 'Object Repository/Principal/Page_Olva Courier  Datos Personales/button_Ingrese el punto de llegada' successfully

27-11-2024T17:29:14 - [MESSAGE][WARNING] - Timeout '0' is invalid. Using default page load timeout: '30'

27-11-2024T17:29:15 - [MESSAGE][PASSED] - Scroll to object 'Object Repository/Principal/Page_Olva Courier  Datos Personales/button_Ingrese el punto de llegada' successfully

27-11-2024T17:29:15 - [TEST_STEP][PASSED] - click(findTestObject("Object Repository/Principal/Page_Olva Courier  Datos Personales/button_Ingrese el punto de llegada")): Object: 'Object Repository/Principal/Page_Olva Courier  Datos Personales/button_Ingrese el punto de llegada' is clicked on

27-11-2024T17:29:16 - [MESSAGE][PASSED] - Object: 'Object Repository/Principal/Page_Olva Courier  Datos Personales/button_Ingrese el punto de llegada' is clicked on

27-11-2024T17:29:16 - [TEST_STEP][PASSED] - click(findTestObject("Object Repository/Principal/Page_Olva Courier  Datos Personales/a_AMAZONAS - BAGUA - COPALLIN")): Object: 'Object Repository/Principal/Page_Olva Courier  Datos Personales/a_AMAZONAS - BAGUA - COPALLIN' is clicked on

27-11-2024T17:29:23 - [MESSAGE][PASSED] - Object: 'Object Repository/Principal/Page_Olva Courier  Datos Personales/a_AMAZONAS - BAGUA - COPALLIN' is clicked on

27-11-2024T17:29:23 - [TEST_STEP][PASSED] - click(findTestObject("Object Repository/Principal/Page_Olva Courier  Datos Personales/button_Tipo De Documento_1")): Object: 'Object Repository/Principal/Page_Olva Courier  Datos Personales/button_Tipo De Documento_1' is clicked on

27-11-2024T17:29:24 - [MESSAGE][PASSED] - Object: 'Object Repository/Principal/Page_Olva Courier  Datos Personales/button_Tipo De Documento_1' is clicked on

27-11-2024T17:29:24 - [TEST_STEP][PASSED] - click(findTestObject("Object Repository/Principal/Page_Olva Courier  Datos Personales/a_RUC")): Object: 'Object Repository/Principal/Page_Olva Courier  Datos Personales/a_RUC' is clicked on

27-11-2024T17:29:24 - [MESSAGE][PASSED] - Object: 'Object Repository/Principal/Page_Olva Courier  Datos Personales/a_RUC' is clicked on

27-11-2024T17:29:24 - [TEST_STEP][PASSED] - setText(findTestObject("Object Repository/Principal/Page_Olva Courier  Datos Personales/input_CARN EXT_txt_consignado_dni"), "20100686814"): Text '20100686814' is set on object 'Object Repository/Principal/Page_Olva Courier  Datos Personales/input_CARN EXT_txt_consignado_dni'

27-11-2024T17:29:25 - [MESSAGE][PASSED] - Text '20100686814' is set on object 'Object Repository/Principal/Page_Olva Courier  Datos Personales/input_CARN EXT_txt_consignado_dni'

27-11-2024T17:29:25 - [TEST_STEP][PASSED] - scrollToElement(findTestObject("Object Repository/Principal/Page_Olva Courier  Datos Personales/button_CONTINUAR"), 0): Scroll to object 'Object Repository/Principal/Page_Olva Courier  Datos Personales/button_CONTINUAR' successfully

27-11-2024T17:29:25 - [MESSAGE][WARNING] - Timeout '0' is invalid. Using default page load timeout: '30'

27-11-2024T17:29:26 - [MESSAGE][PASSED] - Scroll to object 'Object Repository/Principal/Page_Olva Courier  Datos Personales/button_CONTINUAR' successfully

27-11-2024T17:29:26 - [TEST_STEP][PASSED] - click(findTestObject("Object Repository/Principal/Page_Olva Courier  Datos Personales/button_CONTINUAR")): Object: 'Object Repository/Principal/Page_Olva Courier  Datos Personales/button_CONTINUAR' is clicked on

27-11-2024T17:29:27 - [MESSAGE][PASSED] - Object: 'Object Repository/Principal/Page_Olva Courier  Datos Personales/button_CONTINUAR' is clicked on

27-11-2024T17:29:27 - [TEST_STEP][PASSED] - verifyElementText(findTestObject("Object Repository/Principal/Page_Olva Courier  Confirma tus datos/th_---"), "---"): Actual text and expected text of test object 'Object Repository/Principal/Page_Olva Courier  Confirma tus datos/th_---' are matched.

27-11-2024T17:29:29 - [MESSAGE][PASSED] - Actual text and expected text of test object 'Object Repository/Principal/Page_Olva Courier  Confirma tus datos/th_---' are matched.

27-11-2024T17:29:29 - [TEST_STEP][PASSED] - click(findTestObject("Object Repository/Principal/Page_Olva Courier  Confirma tus datos/button_IR A PAGAR S 18.60")): Object: 'Object Repository/Principal/Page_Olva Courier  Confirma tus datos/button_IR A PAGAR S 18.60' is clicked on

27-11-2024T17:29:30 - [MESSAGE][PASSED] - Object: 'Object Repository/Principal/Page_Olva Courier  Confirma tus datos/button_IR A PAGAR S 18.60' is clicked on

27-11-2024T17:29:30 - [TEST_STEP][PASSED] - verifyElementPresent(findTestObject("Object Repository/Principal/Page_Olva Courier  Medios de pago/button_PAGAR"), 0): Object 'Object Repository/Principal/Page_Olva Courier  Medios de pago/button_PAGAR' is present

27-11-2024T17:29:30 - [MESSAGE][WARNING] - Timeout '0' is invalid. Using default page load timeout: '30'

27-11-2024T17:29:32 - [MESSAGE][PASSED] - Object 'Object Repository/Principal/Page_Olva Courier  Medios de pago/button_PAGAR' is present

27-11-2024T17:29:32 - [TEST_STEP][PASSED] - callTestCase(findTestCase("1.Inicio/1.3Pago_POS/Pago-exitoso"), [:], STOP_ON_FAILURE): Call Test Case 'Test Cases/1.Inicio/1.3Pago_POS/Pago-exitoso' successfully

27-11-2024T17:29:32 - [TEST_CASE][PASSED] - Test Cases/1.Inicio/1.3Pago_POS/Pago-exitoso: Test Cases/1.Inicio/1.3Pago_POS/Pago-exitoso

27-11-2024T17:29:32 - [TEST_STEP][PASSED] - verifyElementPresent(findTestObject("Object Repository/pago/Page_Olva Courier  Medios de pago/div_Pago con tarjeta de crdito, dbito y Yape"), 0): Object 'Object Repository/pago/Page_Olva Courier  Medios de pago/div_Pago con tarjeta de crdito, dbito y Yape' is present

27-11-2024T17:29:32 - [MESSAGE][WARNING] - Timeout '0' is invalid. Using default page load timeout: '30'

27-11-2024T17:29:32 - [MESSAGE][PASSED] - Object 'Object Repository/pago/Page_Olva Courier  Medios de pago/div_Pago con tarjeta de crdito, dbito y Yape' is present

27-11-2024T17:29:32 - [TEST_STEP][PASSED] - verifyElementPresent(findTestObject("Object Repository/pago/Page_Olva Courier  Medios de pago/td_S"), 0): Object 'Object Repository/pago/Page_Olva Courier  Medios de pago/td_S' is present

27-11-2024T17:29:32 - [MESSAGE][WARNING] - Timeout '0' is invalid. Using default page load timeout: '30'

27-11-2024T17:29:32 - [MESSAGE][PASSED] - Object 'Object Repository/pago/Page_Olva Courier  Medios de pago/td_S' is present

27-11-2024T17:29:32 - [TEST_STEP][PASSED] - delay(1): Delayed 1 second(s)

27-11-2024T17:29:33 - [MESSAGE][PASSED] - Delayed 1 second(s)

27-11-2024T17:29:34 - [TEST_STEP][PASSED] - scrollToElement(findTestObject("Object Repository/pago/Page_Olva Courier  Medios de pago/button_PAGAR"), 0): Scroll to object 'Object Repository/pago/Page_Olva Courier  Medios de pago/button_PAGAR' successfully

27-11-2024T17:29:34 - [MESSAGE][WARNING] - Timeout '0' is invalid. Using default page load timeout: '30'

27-11-2024T17:29:34 - [MESSAGE][PASSED] - Scroll to object 'Object Repository/pago/Page_Olva Courier  Medios de pago/button_PAGAR' successfully

27-11-2024T17:29:34 - [TEST_STEP][PASSED] - click(findTestObject("Object Repository/pago/Page_Olva Courier  Medios de pago/button_PAGAR")): Object: 'Object Repository/pago/Page_Olva Courier  Medios de pago/button_PAGAR' is clicked on

27-11-2024T17:29:35 - [MESSAGE][PASSED] - Object: 'Object Repository/pago/Page_Olva Courier  Medios de pago/button_PAGAR' is clicked on

27-11-2024T17:29:35 - [TEST_STEP][PASSED] - delay(2): Delayed 2 second(s)

27-11-2024T17:29:37 - [MESSAGE][PASSED] - Delayed 2 second(s)

27-11-2024T17:29:37 - [TEST_STEP][PASSED] - verifyElementText(findTestObject("Object Repository/pago/Page_Olva Courier  Pago Exitoso/div_Aprobado y completado con exito"), "Aprobado y completado con exito"): Actual text and expected text of test object 'Object Repository/pago/Page_Olva Courier  Pago Exitoso/div_Aprobado y completado con exito' are matched.

27-11-2024T17:29:37 - [MESSAGE][PASSED] - Actual text and expected text of test object 'Object Repository/pago/Page_Olva Courier  Pago Exitoso/div_Aprobado y completado con exito' are matched.

27-11-2024T17:29:37 - [TEST_STEP][PASSED] - verifyElementPresent(findTestObject("Object Repository/pago/Page_Olva Courier  Pago Exitoso/b_nroPreventa"), 0): Object 'Object Repository/pago/Page_Olva Courier  Pago Exitoso/b_nroPreventa' is present

27-11-2024T17:29:37 - [MESSAGE][WARNING] - Timeout '0' is invalid. Using default page load timeout: '30'

27-11-2024T17:29:37 - [MESSAGE][PASSED] - Object 'Object Repository/pago/Page_Olva Courier  Pago Exitoso/b_nroPreventa' is present

27-11-2024T17:29:38 - [MESSAGE][PASSED] - Call Test Case 'Test Cases/1.Inicio/1.3Pago_POS/Pago-exitoso' successfully]]></system-out>
         <system-err><![CDATA[]]></system-err>
      </testcase>
      <testcase name="Test Cases/2.Positivos/2.1Paquete/Origen-Lima/Editar_Eliminar-Envios" time="102.153" classname="Test Cases/2.Positivos/2.1Paquete/Origen-Lima/Editar_Eliminar-Envios" status="PASSED">
         <system-out><![CDATA[27-11-2024T17:29:38 - [TEST_CASE][PASSED] - Test Cases/2.Positivos/2.1Paquete/Origen-Lima/Editar_Eliminar-Envios: Test Cases/2.Positivos/2.1Paquete/Origen-Lima/Editar_Eliminar-Envios

27-11-2024T17:29:38 - [TEST_STEP][PASSED] - callTestCase(findTestCase("1.Inicio/1.1Principal/Principal-home"), [:], STOP_ON_FAILURE): Call Test Case 'Test Cases/1.Inicio/1.1Principal/Principal-home' successfully

27-11-2024T17:29:38 - [TEST_CASE][PASSED] - Test Cases/1.Inicio/1.1Principal/Principal-home: Test Cases/1.Inicio/1.1Principal/Principal-home

27-11-2024T17:29:38 - [TEST_STEP][PASSED] - openBrowser(""): Browser is opened with url: ''

27-11-2024T17:29:38 - [MESSAGE][WARNING] - A browser is already opened. Closing browser and opening a new one

27-11-2024T17:29:42 - [MESSAGE][INFO] - Starting 'Firefox' driver

27-11-2024T17:29:42 - [MESSAGE][INFO] - Action delay is set to 0 milliseconds

27-11-2024T17:29:55 - [MESSAGE][PASSED] - Browser is opened with url: ''

27-11-2024T17:29:55 - [TEST_STEP][PASSED] - navigateToUrl("https://dev01-registrodeenvios.olvacourier.com/principal"): Navigate to 'https://dev01-registrodeenvios.olvacourier.com/principal' successfully

27-11-2024T17:29:57 - [MESSAGE][PASSED] - Navigate to 'https://dev01-registrodeenvios.olvacourier.com/principal' successfully

27-11-2024T17:29:57 - [TEST_STEP][PASSED] - maximizeWindow(): Current window maximized

27-11-2024T17:29:57 - [MESSAGE][PASSED] - Current window maximized

27-11-2024T17:29:57 - [MESSAGE][PASSED] - Call Test Case 'Test Cases/1.Inicio/1.1Principal/Principal-home' successfully

27-11-2024T17:29:57 - [TEST_STEP][PASSED] - callTestCase(findTestCase("1.Inicio/1.1Principal/Selec_paquete"), [:], STOP_ON_FAILURE): Call Test Case 'Test Cases/1.Inicio/1.1Principal/Selec_paquete' successfully

27-11-2024T17:29:57 - [TEST_CASE][PASSED] - Test Cases/1.Inicio/1.1Principal/Selec_paquete: Test Cases/1.Inicio/1.1Principal/Selec_paquete

27-11-2024T17:29:57 - [TEST_STEP][PASSED] - click(findTestObject("Object Repository/Principal/Page_Olva Courier  Home/img_Qu deseas realizar hoy_img_paquete")): Object: 'Object Repository/Principal/Page_Olva Courier  Home/img_Qu deseas realizar hoy_img_paquete' is clicked on

27-11-2024T17:29:58 - [MESSAGE][PASSED] - Object: 'Object Repository/Principal/Page_Olva Courier  Home/img_Qu deseas realizar hoy_img_paquete' is clicked on

27-11-2024T17:29:58 - [TEST_STEP][PASSED] - click(findTestObject("Object Repository/Principal/Page_Olva Courier  Home/span_He ledo y acepto los_checkmark (1)")): Object: 'Object Repository/Principal/Page_Olva Courier  Home/span_He ledo y acepto los_checkmark (1)' is clicked on

27-11-2024T17:29:59 - [MESSAGE][PASSED] - Object: 'Object Repository/Principal/Page_Olva Courier  Home/span_He ledo y acepto los_checkmark (1)' is clicked on

27-11-2024T17:29:59 - [TEST_STEP][PASSED] - click(findTestObject("Object Repository/Principal/Page_Olva Courier  Home/button_CONTINUAR (1)")): Object: 'Object Repository/Principal/Page_Olva Courier  Home/button_CONTINUAR (1)' is clicked on

27-11-2024T17:30:01 - [MESSAGE][PASSED] - Object: 'Object Repository/Principal/Page_Olva Courier  Home/button_CONTINUAR (1)' is clicked on

27-11-2024T17:30:01 - [TEST_STEP][PASSED] - verifyElementPresent(findTestObject("Object Repository/Principal/Page_Olva Courier  Datos Personales/strong_REGISTRO DE ENVOS"), 0): Object 'Object Repository/Principal/Page_Olva Courier  Datos Personales/strong_REGISTRO DE ENVOS' is present

27-11-2024T17:30:01 - [MESSAGE][WARNING] - Timeout '0' is invalid. Using default page load timeout: '30'

27-11-2024T17:30:01 - [MESSAGE][PASSED] - Object 'Object Repository/Principal/Page_Olva Courier  Datos Personales/strong_REGISTRO DE ENVOS' is present

27-11-2024T17:30:01 - [TEST_STEP][PASSED] - verifyElementPresent(findTestObject("Object Repository/Principal/Page_Olva Courier  Datos Personales/span_Regresar (1)"), 0): Object 'Object Repository/Principal/Page_Olva Courier  Datos Personales/span_Regresar (1)' is present

27-11-2024T17:30:01 - [MESSAGE][WARNING] - Timeout '0' is invalid. Using default page load timeout: '30'

27-11-2024T17:30:01 - [MESSAGE][PASSED] - Object 'Object Repository/Principal/Page_Olva Courier  Datos Personales/span_Regresar (1)' is present

27-11-2024T17:30:01 - [TEST_STEP][PASSED] - verifyElementPresent(findTestObject("Object Repository/Principal/Page_Olva Courier  Datos Personales/span_Inicio (1)"), 0): Object 'Object Repository/Principal/Page_Olva Courier  Datos Personales/span_Inicio (1)' is present

27-11-2024T17:30:01 - [MESSAGE][WARNING] - Timeout '0' is invalid. Using default page load timeout: '30'

27-11-2024T17:30:02 - [MESSAGE][PASSED] - Object 'Object Repository/Principal/Page_Olva Courier  Datos Personales/span_Inicio (1)' is present

27-11-2024T17:30:02 - [MESSAGE][PASSED] - Call Test Case 'Test Cases/1.Inicio/1.1Principal/Selec_paquete' successfully

27-11-2024T17:30:02 - [TEST_STEP][PASSED] - callTestCase(findTestCase("1.Inicio/1.2Tipo_Doc/3.CE"), [:], STOP_ON_FAILURE): Call Test Case 'Test Cases/1.Inicio/1.2Tipo_Doc/3.CE' successfully

27-11-2024T17:30:02 - [TEST_CASE][PASSED] - Test Cases/1.Inicio/1.2Tipo_Doc/3.CE: Test Cases/1.Inicio/1.2Tipo_Doc/3.CE

27-11-2024T17:30:02 - [TEST_STEP][PASSED] - click(findTestObject("Object Repository/Login/Page_Olva Courier  Datos Personales/button_Tipo De Documento")): Object: 'Object Repository/Login/Page_Olva Courier  Datos Personales/button_Tipo De Documento' is clicked on

27-11-2024T17:30:03 - [MESSAGE][PASSED] - Object: 'Object Repository/Login/Page_Olva Courier  Datos Personales/button_Tipo De Documento' is clicked on

27-11-2024T17:30:03 - [TEST_STEP][PASSED] - click(findTestObject("Object Repository/Login/Page_Olva Courier  Datos Personales/span_CARN EXT. (Boleta)")): Object: 'Object Repository/Login/Page_Olva Courier  Datos Personales/span_CARN EXT. (Boleta)' is clicked on

27-11-2024T17:30:03 - [MESSAGE][PASSED] - Object: 'Object Repository/Login/Page_Olva Courier  Datos Personales/span_CARN EXT. (Boleta)' is clicked on

27-11-2024T17:30:03 - [TEST_STEP][PASSED] - setText(findTestObject("Object Repository/Login/Page_Olva Courier  Datos Personales/input_CARN EXT. (Boleta)_txt_documento_cliente"), "002691903"): Text '002691903' is set on object 'Object Repository/Login/Page_Olva Courier  Datos Personales/input_CARN EXT. (Boleta)_txt_documento_cliente'

27-11-2024T17:30:04 - [MESSAGE][PASSED] - Text '002691903' is set on object 'Object Repository/Login/Page_Olva Courier  Datos Personales/input_CARN EXT. (Boleta)_txt_documento_cliente'

27-11-2024T17:30:04 - [MESSAGE][PASSED] - Call Test Case 'Test Cases/1.Inicio/1.2Tipo_Doc/3.CE' successfully

27-11-2024T17:30:04 - [TEST_STEP][PASSED] - click(findTestObject("Object Repository/Positivos/Page_Olva Courier  Datos Personales/span_Seleccionar artculo")): Object: 'Object Repository/Positivos/Page_Olva Courier  Datos Personales/span_Seleccionar artculo' is clicked on

27-11-2024T17:30:11 - [MESSAGE][PASSED] - Object: 'Object Repository/Positivos/Page_Olva Courier  Datos Personales/span_Seleccionar artculo' is clicked on

27-11-2024T17:30:11 - [TEST_STEP][PASSED] - click(findTestObject("Object Repository/Positivos/Page_Olva Courier  Datos Personales/span_ACCESORIOS Y EQUIPOS ELECTRONICOS")): Object: 'Object Repository/Positivos/Page_Olva Courier  Datos Personales/span_ACCESORIOS Y EQUIPOS ELECTRONICOS' is clicked on

27-11-2024T17:30:11 - [MESSAGE][PASSED] - Object: 'Object Repository/Positivos/Page_Olva Courier  Datos Personales/span_ACCESORIOS Y EQUIPOS ELECTRONICOS' is clicked on

27-11-2024T17:30:11 - [TEST_STEP][PASSED] - setText(findTestObject("Object Repository/Positivos/Page_Olva Courier  Datos Personales/input_UTILES DE OFICINA_txt_paquete_articulo"), "PRUEBAs"): Text 'PRUEBAs' is set on object 'Object Repository/Positivos/Page_Olva Courier  Datos Personales/input_UTILES DE OFICINA_txt_paquete_articulo'

27-11-2024T17:30:12 - [MESSAGE][PASSED] - Text 'PRUEBAs' is set on object 'Object Repository/Positivos/Page_Olva Courier  Datos Personales/input_UTILES DE OFICINA_txt_paquete_articulo'

27-11-2024T17:30:12 - [TEST_STEP][PASSED] - setText(findTestObject("Object Repository/Positivos/Page_Olva Courier  Datos Personales/input_UTILES DE OFICINA_txt_paquete_valor"), "20"): Text '20' is set on object 'Object Repository/Positivos/Page_Olva Courier  Datos Personales/input_UTILES DE OFICINA_txt_paquete_valor'

27-11-2024T17:30:12 - [MESSAGE][PASSED] - Text '20' is set on object 'Object Repository/Positivos/Page_Olva Courier  Datos Personales/input_UTILES DE OFICINA_txt_paquete_valor'

27-11-2024T17:30:12 - [TEST_STEP][PASSED] - click(findTestObject("Object Repository/Positivos/Page_Olva Courier  Datos Personales/b_1Kg")): Object: 'Object Repository/Positivos/Page_Olva Courier  Datos Personales/b_1Kg' is clicked on

27-11-2024T17:30:13 - [MESSAGE][PASSED] - Object: 'Object Repository/Positivos/Page_Olva Courier  Datos Personales/b_1Kg' is clicked on

27-11-2024T17:30:13 - [TEST_STEP][PASSED] - scrollToElement(findTestObject("Object Repository/Positivos/Page_Olva Courier  Datos Personales/span_Ingrese el punto de llegada"), 0): Scroll to object 'Object Repository/Positivos/Page_Olva Courier  Datos Personales/span_Ingrese el punto de llegada' successfully

27-11-2024T17:30:13 - [MESSAGE][WARNING] - Timeout '0' is invalid. Using default page load timeout: '30'

27-11-2024T17:30:14 - [MESSAGE][PASSED] - Scroll to object 'Object Repository/Positivos/Page_Olva Courier  Datos Personales/span_Ingrese el punto de llegada' successfully

27-11-2024T17:30:14 - [TEST_STEP][PASSED] - click(findTestObject("Object Repository/Positivos/Page_Olva Courier  Datos Personales/span_Ingrese el punto de llegada")): Object: 'Object Repository/Positivos/Page_Olva Courier  Datos Personales/span_Ingrese el punto de llegada' is clicked on

27-11-2024T17:30:15 - [MESSAGE][PASSED] - Object: 'Object Repository/Positivos/Page_Olva Courier  Datos Personales/span_Ingrese el punto de llegada' is clicked on

27-11-2024T17:30:15 - [TEST_STEP][PASSED] - click(findTestObject("Object Repository/Positivos/Page_Olva Courier  Datos Personales/span_AMAZONAS - BAGUA - BAGUA")): Object: 'Object Repository/Positivos/Page_Olva Courier  Datos Personales/span_AMAZONAS - BAGUA - BAGUA' is clicked on

27-11-2024T17:30:15 - [MESSAGE][PASSED] - Object: 'Object Repository/Positivos/Page_Olva Courier  Datos Personales/span_AMAZONAS - BAGUA - BAGUA' is clicked on

27-11-2024T17:30:15 - [TEST_STEP][PASSED] - click(findTestObject("Object Repository/Positivos/Page_Olva Courier  Datos Personales/span_Tipo de entrega")): Object: 'Object Repository/Positivos/Page_Olva Courier  Datos Personales/span_Tipo de entrega' is clicked on

27-11-2024T17:30:16 - [MESSAGE][PASSED] - Object: 'Object Repository/Positivos/Page_Olva Courier  Datos Personales/span_Tipo de entrega' is clicked on

27-11-2024T17:30:16 - [TEST_STEP][PASSED] - click(findTestObject("Object Repository/Positivos/Page_Olva Courier  Datos Personales/a_Recojo en tienda")): Object: 'Object Repository/Positivos/Page_Olva Courier  Datos Personales/a_Recojo en tienda' is clicked on

27-11-2024T17:30:16 - [MESSAGE][PASSED] - Object: 'Object Repository/Positivos/Page_Olva Courier  Datos Personales/a_Recojo en tienda' is clicked on

27-11-2024T17:30:16 - [TEST_STEP][PASSED] - click(findTestObject("Object Repository/Positivos/Page_Olva Courier  Datos Personales/span_Tienda")): Object: 'Object Repository/Positivos/Page_Olva Courier  Datos Personales/span_Tienda' is clicked on

27-11-2024T17:30:17 - [MESSAGE][PASSED] - Object: 'Object Repository/Positivos/Page_Olva Courier  Datos Personales/span_Tienda' is clicked on

27-11-2024T17:30:17 - [TEST_STEP][PASSED] - click(findTestObject("Object Repository/Positivos/Page_Olva Courier  Datos Personales/span_BAGUA CHICA - BAGUA - PJ ALFONSO UGART_d3a165")): Object: 'Object Repository/Positivos/Page_Olva Courier  Datos Personales/span_BAGUA CHICA - BAGUA - PJ ALFONSO UGART_d3a165' is clicked on

27-11-2024T17:30:18 - [MESSAGE][PASSED] - Object: 'Object Repository/Positivos/Page_Olva Courier  Datos Personales/span_BAGUA CHICA - BAGUA - PJ ALFONSO UGART_d3a165' is clicked on

27-11-2024T17:30:18 - [TEST_STEP][PASSED] - click(findTestObject("Object Repository/Positivos/Page_Olva Courier  Datos Personales/span_Tipo De Documento_1")): Object: 'Object Repository/Positivos/Page_Olva Courier  Datos Personales/span_Tipo De Documento_1' is clicked on

27-11-2024T17:30:18 - [MESSAGE][PASSED] - Object: 'Object Repository/Positivos/Page_Olva Courier  Datos Personales/span_Tipo De Documento_1' is clicked on

27-11-2024T17:30:18 - [TEST_STEP][PASSED] - click(findTestObject("Object Repository/Positivos/Page_Olva Courier  Datos Personales/a_DNI")): Object: 'Object Repository/Positivos/Page_Olva Courier  Datos Personales/a_DNI' is clicked on

27-11-2024T17:30:19 - [MESSAGE][PASSED] - Object: 'Object Repository/Positivos/Page_Olva Courier  Datos Personales/a_DNI' is clicked on

27-11-2024T17:30:19 - [TEST_STEP][PASSED] - setText(findTestObject("Object Repository/Positivos/Page_Olva Courier  Datos Personales/input_CARN EXT_txt_consignado_dni"), "71735785"): Text '71735785' is set on object 'Object Repository/Positivos/Page_Olva Courier  Datos Personales/input_CARN EXT_txt_consignado_dni'

27-11-2024T17:30:19 - [MESSAGE][PASSED] - Text '71735785' is set on object 'Object Repository/Positivos/Page_Olva Courier  Datos Personales/input_CARN EXT_txt_consignado_dni'

27-11-2024T17:30:19 - [TEST_STEP][PASSED] - verifyElementPresent(findTestObject("Object Repository/Positivos/Page_Olva Courier  Datos Personales/span_RIOS"), 0): Object 'Object Repository/Positivos/Page_Olva Courier  Datos Personales/span_RIOS' is present

27-11-2024T17:30:19 - [MESSAGE][WARNING] - Timeout '0' is invalid. Using default page load timeout: '30'

27-11-2024T17:30:20 - [MESSAGE][PASSED] - Object 'Object Repository/Positivos/Page_Olva Courier  Datos Personales/span_RIOS' is present

27-11-2024T17:30:20 - [TEST_STEP][PASSED] - verifyElementPresent(findTestObject("Object Repository/Positivos/Page_Olva Courier  Datos Personales/div_RIOS"), 0): Object 'Object Repository/Positivos/Page_Olva Courier  Datos Personales/div_RIOS' is present

27-11-2024T17:30:20 - [MESSAGE][WARNING] - Timeout '0' is invalid. Using default page load timeout: '30'

27-11-2024T17:30:21 - [MESSAGE][PASSED] - Object 'Object Repository/Positivos/Page_Olva Courier  Datos Personales/div_RIOS' is present

27-11-2024T17:30:21 - [TEST_STEP][PASSED] - scrollToElement(findTestObject("Object Repository/Positivos/Page_Olva Courier  Datos Personales/button_CONTINUAR"), 0): Scroll to object 'Object Repository/Positivos/Page_Olva Courier  Datos Personales/button_CONTINUAR' successfully

27-11-2024T17:30:21 - [MESSAGE][WARNING] - Timeout '0' is invalid. Using default page load timeout: '30'

27-11-2024T17:30:21 - [MESSAGE][PASSED] - Scroll to object 'Object Repository/Positivos/Page_Olva Courier  Datos Personales/button_CONTINUAR' successfully

27-11-2024T17:30:22 - [TEST_STEP][PASSED] - click(findTestObject("Object Repository/Positivos/Page_Olva Courier  Datos Personales/button_CONTINUAR")): Object: 'Object Repository/Positivos/Page_Olva Courier  Datos Personales/button_CONTINUAR' is clicked on

27-11-2024T17:30:22 - [MESSAGE][PASSED] - Object: 'Object Repository/Positivos/Page_Olva Courier  Datos Personales/button_CONTINUAR' is clicked on

27-11-2024T17:30:22 - [TEST_STEP][PASSED] - click(findTestObject("Object Repository/Positivos/Page_Olva Courier  Confirma tus datos/a_AGREGAR ENVOS")): Object: 'Object Repository/Positivos/Page_Olva Courier  Confirma tus datos/a_AGREGAR ENVOS' is clicked on

27-11-2024T17:30:24 - [MESSAGE][PASSED] - Object: 'Object Repository/Positivos/Page_Olva Courier  Confirma tus datos/a_AGREGAR ENVOS' is clicked on

27-11-2024T17:30:24 - [TEST_STEP][PASSED] - click(findTestObject("Object Repository/Positivos/Page_Olva Courier  Home/img_Envo de cajas o paquetescon un peso mxi_37770f")): Object: 'Object Repository/Positivos/Page_Olva Courier  Home/img_Envo de cajas o paquetescon un peso mxi_37770f' is clicked on

27-11-2024T17:30:25 - [MESSAGE][PASSED] - Object: 'Object Repository/Positivos/Page_Olva Courier  Home/img_Envo de cajas o paquetescon un peso mxi_37770f' is clicked on

27-11-2024T17:30:25 - [TEST_STEP][PASSED] - click(findTestObject("Object Repository/Positivos/Page_Olva Courier  Home/button_CONTINUAR")): Object: 'Object Repository/Positivos/Page_Olva Courier  Home/button_CONTINUAR' is clicked on

27-11-2024T17:30:26 - [MESSAGE][PASSED] - Object: 'Object Repository/Positivos/Page_Olva Courier  Home/button_CONTINUAR' is clicked on

27-11-2024T17:30:26 - [TEST_STEP][PASSED] - setText(findTestObject("Object Repository/Positivos/Page_Olva Courier  Datos Personales/input_Qu Envas_input_descripcion"), "FDFd"): Text 'FDFd' is set on object 'Object Repository/Positivos/Page_Olva Courier  Datos Personales/input_Qu Envas_input_descripcion'

27-11-2024T17:30:33 - [MESSAGE][PASSED] - Text 'FDFd' is set on object 'Object Repository/Positivos/Page_Olva Courier  Datos Personales/input_Qu Envas_input_descripcion'

27-11-2024T17:30:33 - [TEST_STEP][PASSED] - setText(findTestObject("Object Repository/Positivos/Page_Olva Courier  Datos Personales/input_Qu Envas_input_valor"), "20"): Text '20' is set on object 'Object Repository/Positivos/Page_Olva Courier  Datos Personales/input_Qu Envas_input_valor'

27-11-2024T17:30:33 - [MESSAGE][PASSED] - Text '20' is set on object 'Object Repository/Positivos/Page_Olva Courier  Datos Personales/input_Qu Envas_input_valor'

27-11-2024T17:30:33 - [TEST_STEP][PASSED] - scrollToElement(findTestObject("Object Repository/Positivos/Page_Olva Courier  Datos Personales/button_Ingrese el punto de llegada"), 0): Scroll to object 'Object Repository/Positivos/Page_Olva Courier  Datos Personales/button_Ingrese el punto de llegada' successfully

27-11-2024T17:30:33 - [MESSAGE][WARNING] - Timeout '0' is invalid. Using default page load timeout: '30'

27-11-2024T17:30:34 - [MESSAGE][PASSED] - Scroll to object 'Object Repository/Positivos/Page_Olva Courier  Datos Personales/button_Ingrese el punto de llegada' successfully

27-11-2024T17:30:34 - [TEST_STEP][PASSED] - click(findTestObject("Object Repository/Positivos/Page_Olva Courier  Datos Personales/button_Ingrese el punto de llegada")): Object: 'Object Repository/Positivos/Page_Olva Courier  Datos Personales/button_Ingrese el punto de llegada' is clicked on

27-11-2024T17:30:35 - [MESSAGE][PASSED] - Object: 'Object Repository/Positivos/Page_Olva Courier  Datos Personales/button_Ingrese el punto de llegada' is clicked on

27-11-2024T17:30:35 - [TEST_STEP][PASSED] - click(findTestObject("Object Repository/Positivos/Page_Olva Courier  Datos Personales/span_AMAZONAS - BAGUA - EL PARCO")): Object: 'Object Repository/Positivos/Page_Olva Courier  Datos Personales/span_AMAZONAS - BAGUA - EL PARCO' is clicked on

27-11-2024T17:30:40 - [MESSAGE][PASSED] - Object: 'Object Repository/Positivos/Page_Olva Courier  Datos Personales/span_AMAZONAS - BAGUA - EL PARCO' is clicked on

27-11-2024T17:30:40 - [TEST_STEP][PASSED] - click(findTestObject("Object Repository/Positivos/Page_Olva Courier  Datos Personales/span_Tipo De Documento_1")): Object: 'Object Repository/Positivos/Page_Olva Courier  Datos Personales/span_Tipo De Documento_1' is clicked on

27-11-2024T17:30:41 - [MESSAGE][PASSED] - Object: 'Object Repository/Positivos/Page_Olva Courier  Datos Personales/span_Tipo De Documento_1' is clicked on

27-11-2024T17:30:41 - [TEST_STEP][PASSED] - click(findTestObject("Object Repository/Positivos/Page_Olva Courier  Datos Personales/a_DNI")): Object: 'Object Repository/Positivos/Page_Olva Courier  Datos Personales/a_DNI' is clicked on

27-11-2024T17:30:41 - [MESSAGE][PASSED] - Object: 'Object Repository/Positivos/Page_Olva Courier  Datos Personales/a_DNI' is clicked on

27-11-2024T17:30:41 - [TEST_STEP][PASSED] - setText(findTestObject("Object Repository/Positivos/Page_Olva Courier  Datos Personales/input_CARN EXT_txt_consignado_dni"), "71735785"): Text '71735785' is set on object 'Object Repository/Positivos/Page_Olva Courier  Datos Personales/input_CARN EXT_txt_consignado_dni'

27-11-2024T17:30:42 - [MESSAGE][PASSED] - Text '71735785' is set on object 'Object Repository/Positivos/Page_Olva Courier  Datos Personales/input_CARN EXT_txt_consignado_dni'

27-11-2024T17:30:42 - [TEST_STEP][PASSED] - scrollToElement(findTestObject("Object Repository/Positivos/Page_Olva Courier  Datos Personales/button_CONTINUAR"), 0): Scroll to object 'Object Repository/Positivos/Page_Olva Courier  Datos Personales/button_CONTINUAR' successfully

27-11-2024T17:30:42 - [MESSAGE][WARNING] - Timeout '0' is invalid. Using default page load timeout: '30'

27-11-2024T17:30:43 - [MESSAGE][PASSED] - Scroll to object 'Object Repository/Positivos/Page_Olva Courier  Datos Personales/button_CONTINUAR' successfully

27-11-2024T17:30:43 - [TEST_STEP][PASSED] - click(findTestObject("Object Repository/Positivos/Page_Olva Courier  Datos Personales/button_CONTINUAR")): Object: 'Object Repository/Positivos/Page_Olva Courier  Datos Personales/button_CONTINUAR' is clicked on

27-11-2024T17:30:44 - [MESSAGE][PASSED] - Object: 'Object Repository/Positivos/Page_Olva Courier  Datos Personales/button_CONTINUAR' is clicked on

27-11-2024T17:30:44 - [TEST_STEP][PASSED] - click(findTestObject("Object Repository/Positivos/Page_Olva Courier  Confirma tus datos/button_Editar")): Object: 'Object Repository/Positivos/Page_Olva Courier  Confirma tus datos/button_Editar' is clicked on

27-11-2024T17:30:54 - [MESSAGE][PASSED] - Object: 'Object Repository/Positivos/Page_Olva Courier  Confirma tus datos/button_Editar' is clicked on

27-11-2024T17:30:54 - [TEST_STEP][PASSED] - setText(findTestObject("Object Repository/Positivos/Page_Olva Courier  Datos Personales/input_UTILES DE OFICINA_txt_paquete_articulo"), "PRUE"): Text 'PRUE' is set on object 'Object Repository/Positivos/Page_Olva Courier  Datos Personales/input_UTILES DE OFICINA_txt_paquete_articulo'

27-11-2024T17:30:56 - [MESSAGE][PASSED] - Text 'PRUE' is set on object 'Object Repository/Positivos/Page_Olva Courier  Datos Personales/input_UTILES DE OFICINA_txt_paquete_articulo'

27-11-2024T17:30:56 - [TEST_STEP][PASSED] - click(findTestObject("Object Repository/Positivos/Page_Olva Courier  Datos Personales/input_UTILES DE OFICINA_txt_paquete_articulo")): Object: 'Object Repository/Positivos/Page_Olva Courier  Datos Personales/input_UTILES DE OFICINA_txt_paquete_articulo' is clicked on

27-11-2024T17:30:57 - [MESSAGE][PASSED] - Object: 'Object Repository/Positivos/Page_Olva Courier  Datos Personales/input_UTILES DE OFICINA_txt_paquete_articulo' is clicked on

27-11-2024T17:30:57 - [TEST_STEP][PASSED] - setText(findTestObject("Object Repository/Positivos/Page_Olva Courier  Datos Personales/input_UTILES DE OFICINA_txt_paquete_valor"), "100"): Text '100' is set on object 'Object Repository/Positivos/Page_Olva Courier  Datos Personales/input_UTILES DE OFICINA_txt_paquete_valor'

27-11-2024T17:30:58 - [MESSAGE][PASSED] - Text '100' is set on object 'Object Repository/Positivos/Page_Olva Courier  Datos Personales/input_UTILES DE OFICINA_txt_paquete_valor'

27-11-2024T17:30:58 - [TEST_STEP][PASSED] - click(findTestObject("Object Repository/Positivos/Page_Olva Courier  Datos Personales/div_Hasta 2Kg")): Object: 'Object Repository/Positivos/Page_Olva Courier  Datos Personales/div_Hasta 2Kg' is clicked on

27-11-2024T17:30:59 - [MESSAGE][PASSED] - Object: 'Object Repository/Positivos/Page_Olva Courier  Datos Personales/div_Hasta 2Kg' is clicked on

27-11-2024T17:30:59 - [TEST_STEP][PASSED] - scrollToElement(findTestObject("Object Repository/Positivos/Page_Olva Courier  Datos Personales/span_Recojo en tienda"), 0): Scroll to object 'Object Repository/Positivos/Page_Olva Courier  Datos Personales/span_Recojo en tienda' successfully

27-11-2024T17:30:59 - [MESSAGE][WARNING] - Timeout '0' is invalid. Using default page load timeout: '30'

27-11-2024T17:30:59 - [MESSAGE][PASSED] - Scroll to object 'Object Repository/Positivos/Page_Olva Courier  Datos Personales/span_Recojo en tienda' successfully

27-11-2024T17:30:59 - [TEST_STEP][PASSED] - click(findTestObject("Object Repository/Positivos/Page_Olva Courier  Datos Personales/span_Recojo en tienda")): Object: 'Object Repository/Positivos/Page_Olva Courier  Datos Personales/span_Recojo en tienda' is clicked on

27-11-2024T17:31:00 - [MESSAGE][PASSED] - Object: 'Object Repository/Positivos/Page_Olva Courier  Datos Personales/span_Recojo en tienda' is clicked on

27-11-2024T17:31:00 - [TEST_STEP][PASSED] - click(findTestObject("Object Repository/Positivos/Page_Olva Courier  Datos Personales/a_Entrega a domicilio")): Object: 'Object Repository/Positivos/Page_Olva Courier  Datos Personales/a_Entrega a domicilio' is clicked on

27-11-2024T17:31:01 - [MESSAGE][PASSED] - Object: 'Object Repository/Positivos/Page_Olva Courier  Datos Personales/a_Entrega a domicilio' is clicked on

27-11-2024T17:31:01 - [TEST_STEP][PASSED] - setText(findTestObject("Object Repository/Positivos/Page_Olva Courier  Datos Personales/input_CARN EXT_txt_consignado_dni"), "71735786"): Text '71735786' is set on object 'Object Repository/Positivos/Page_Olva Courier  Datos Personales/input_CARN EXT_txt_consignado_dni'

27-11-2024T17:31:01 - [MESSAGE][PASSED] - Text '71735786' is set on object 'Object Repository/Positivos/Page_Olva Courier  Datos Personales/input_CARN EXT_txt_consignado_dni'

27-11-2024T17:31:01 - [TEST_STEP][PASSED] - click(findTestObject("Object Repository/Positivos/Page_Olva Courier  Datos Personales/button_CONTINUAR")): Object: 'Object Repository/Positivos/Page_Olva Courier  Datos Personales/button_CONTINUAR' is clicked on

27-11-2024T17:31:02 - [MESSAGE][PASSED] - Object: 'Object Repository/Positivos/Page_Olva Courier  Datos Personales/button_CONTINUAR' is clicked on

27-11-2024T17:31:02 - [TEST_STEP][PASSED] - click(findTestObject("Object Repository/Positivos/Page_Olva Courier  Confirma tus datos/a_Eliminar")): Object: 'Object Repository/Positivos/Page_Olva Courier  Confirma tus datos/a_Eliminar' is clicked on

27-11-2024T17:31:06 - [MESSAGE][PASSED] - Object: 'Object Repository/Positivos/Page_Olva Courier  Confirma tus datos/a_Eliminar' is clicked on

27-11-2024T17:31:06 - [TEST_STEP][PASSED] - click(findTestObject("Object Repository/Positivos/Page_Olva Courier  Confirma tus datos/button_IR A PAGAR S 18.60")): Object: 'Object Repository/Positivos/Page_Olva Courier  Confirma tus datos/button_IR A PAGAR S 18.60' is clicked on

27-11-2024T17:31:06 - [MESSAGE][PASSED] - Object: 'Object Repository/Positivos/Page_Olva Courier  Confirma tus datos/button_IR A PAGAR S 18.60' is clicked on

27-11-2024T17:31:06 - [TEST_STEP][PASSED] - delay(5): Delayed 5 second(s)

27-11-2024T17:31:11 - [MESSAGE][PASSED] - Delayed 5 second(s)

27-11-2024T17:31:12 - [TEST_STEP][PASSED] - scrollToElement(findTestObject("Object Repository/Positivos/Page_Olva Courier  Medios de pago/button_PAGAR"), 0): Scroll to object 'Object Repository/Positivos/Page_Olva Courier  Medios de pago/button_PAGAR' successfully

27-11-2024T17:31:12 - [MESSAGE][WARNING] - Timeout '0' is invalid. Using default page load timeout: '30'

27-11-2024T17:31:12 - [MESSAGE][PASSED] - Scroll to object 'Object Repository/Positivos/Page_Olva Courier  Medios de pago/button_PAGAR' successfully

27-11-2024T17:31:12 - [TEST_STEP][PASSED] - verifyElementText(findTestObject("Object Repository/Positivos/Page_Olva Courier  Medios de pago/button_PAGAR"), "PAGAR"): Actual text and expected text of test object 'Object Repository/Positivos/Page_Olva Courier  Medios de pago/button_PAGAR' are matched.

27-11-2024T17:31:12 - [MESSAGE][PASSED] - Actual text and expected text of test object 'Object Repository/Positivos/Page_Olva Courier  Medios de pago/button_PAGAR' are matched.

27-11-2024T17:31:12 - [TEST_STEP][PASSED] - callTestCase(findTestCase("1.Inicio/1.3Pago_POS/Pago-exitoso"), [:], STOP_ON_FAILURE): Call Test Case 'Test Cases/1.Inicio/1.3Pago_POS/Pago-exitoso' successfully

27-11-2024T17:31:13 - [TEST_CASE][PASSED] - Test Cases/1.Inicio/1.3Pago_POS/Pago-exitoso: Test Cases/1.Inicio/1.3Pago_POS/Pago-exitoso

27-11-2024T17:31:13 - [TEST_STEP][PASSED] - verifyElementPresent(findTestObject("Object Repository/pago/Page_Olva Courier  Medios de pago/div_Pago con tarjeta de crdito, dbito y Yape"), 0): Object 'Object Repository/pago/Page_Olva Courier  Medios de pago/div_Pago con tarjeta de crdito, dbito y Yape' is present

27-11-2024T17:31:13 - [MESSAGE][WARNING] - Timeout '0' is invalid. Using default page load timeout: '30'

27-11-2024T17:31:13 - [MESSAGE][PASSED] - Object 'Object Repository/pago/Page_Olva Courier  Medios de pago/div_Pago con tarjeta de crdito, dbito y Yape' is present

27-11-2024T17:31:13 - [TEST_STEP][PASSED] - verifyElementPresent(findTestObject("Object Repository/pago/Page_Olva Courier  Medios de pago/td_S"), 0): Object 'Object Repository/pago/Page_Olva Courier  Medios de pago/td_S' is present

27-11-2024T17:31:14 - [MESSAGE][WARNING] - Timeout '0' is invalid. Using default page load timeout: '30'

27-11-2024T17:31:14 - [MESSAGE][PASSED] - Object 'Object Repository/pago/Page_Olva Courier  Medios de pago/td_S' is present

27-11-2024T17:31:14 - [TEST_STEP][PASSED] - delay(1): Delayed 1 second(s)

27-11-2024T17:31:15 - [MESSAGE][PASSED] - Delayed 1 second(s)

27-11-2024T17:31:15 - [TEST_STEP][PASSED] - scrollToElement(findTestObject("Object Repository/pago/Page_Olva Courier  Medios de pago/button_PAGAR"), 0): Scroll to object 'Object Repository/pago/Page_Olva Courier  Medios de pago/button_PAGAR' successfully

27-11-2024T17:31:15 - [MESSAGE][WARNING] - Timeout '0' is invalid. Using default page load timeout: '30'

27-11-2024T17:31:16 - [MESSAGE][PASSED] - Scroll to object 'Object Repository/pago/Page_Olva Courier  Medios de pago/button_PAGAR' successfully

27-11-2024T17:31:16 - [TEST_STEP][PASSED] - click(findTestObject("Object Repository/pago/Page_Olva Courier  Medios de pago/button_PAGAR")): Object: 'Object Repository/pago/Page_Olva Courier  Medios de pago/button_PAGAR' is clicked on

27-11-2024T17:31:17 - [MESSAGE][PASSED] - Object: 'Object Repository/pago/Page_Olva Courier  Medios de pago/button_PAGAR' is clicked on

27-11-2024T17:31:17 - [TEST_STEP][PASSED] - delay(2): Delayed 2 second(s)

27-11-2024T17:31:19 - [MESSAGE][PASSED] - Delayed 2 second(s)

27-11-2024T17:31:19 - [TEST_STEP][PASSED] - verifyElementText(findTestObject("Object Repository/pago/Page_Olva Courier  Pago Exitoso/div_Aprobado y completado con exito"), "Aprobado y completado con exito"): Actual text and expected text of test object 'Object Repository/pago/Page_Olva Courier  Pago Exitoso/div_Aprobado y completado con exito' are matched.

27-11-2024T17:31:19 - [MESSAGE][PASSED] - Actual text and expected text of test object 'Object Repository/pago/Page_Olva Courier  Pago Exitoso/div_Aprobado y completado con exito' are matched.

27-11-2024T17:31:19 - [TEST_STEP][PASSED] - verifyElementPresent(findTestObject("Object Repository/pago/Page_Olva Courier  Pago Exitoso/b_nroPreventa"), 0): Object 'Object Repository/pago/Page_Olva Courier  Pago Exitoso/b_nroPreventa' is present

27-11-2024T17:31:19 - [MESSAGE][WARNING] - Timeout '0' is invalid. Using default page load timeout: '30'

27-11-2024T17:31:20 - [MESSAGE][PASSED] - Object 'Object Repository/pago/Page_Olva Courier  Pago Exitoso/b_nroPreventa' is present

27-11-2024T17:31:20 - [MESSAGE][PASSED] - Call Test Case 'Test Cases/1.Inicio/1.3Pago_POS/Pago-exitoso' successfully]]></system-out>
         <system-err><![CDATA[]]></system-err>
      </testcase>
      <testcase name="Test Cases/2.Positivos/2.1Paquete/Origen-Lima/Difuninado-Consignado" time="6.6" classname="Test Cases/2.Positivos/2.1Paquete/Origen-Lima/Difuninado-Consignado" status="FAILED">
         <failure type="FAILED" message="Test Cases/2.Positivos/2.1Paquete/Origen-Lima/Difuninado-Consignado FAILED.&#xa;Reason:&#xa;com.kms.katalon.core.exception.StepFailedException: Call Test Case 'Test Cases/1.Inicio/1.1Principal/Principal-home' failed&#xa;	at com.kms.katalon.core.keyword.builtin.CallTestCaseKeyword$_callTestCase_closure1.doCall(CallTestCaseKeyword.groovy:63)&#xa;	at com.kms.katalon.core.keyword.builtin.CallTestCaseKeyword$_callTestCase_closure1.call(CallTestCaseKeyword.groovy)&#xa;	at com.kms.katalon.core.keyword.internal.KeywordMain.runKeyword(KeywordMain.groovy:75)&#xa;	at com.kms.katalon.core.keyword.builtin.CallTestCaseKeyword.callTestCase(CallTestCaseKeyword.groovy:81)&#xa;	at com.kms.katalon.core.keyword.builtin.CallTestCaseKeyword.execute(CallTestCaseKeyword.groovy:44)&#xa;	at com.kms.katalon.core.keyword.internal.KeywordExecutor.executeKeywordForPlatform(KeywordExecutor.groovy:74)&#xa;	at com.kms.katalon.core.keyword.BuiltinKeywords.callTestCase(BuiltinKeywords.groovy:310)&#xa;	at jdk.internal.reflect.GeneratedMethodAccessor25.invoke(Unknown Source)&#xa;	at java.base/jdk.internal.reflect.DelegatingMethodAccessorImpl.invoke(DelegatingMethodAccessorImpl.java:43)&#xa;	at Difuninado-Consignado.run(Difuninado-Consignado:20)&#xa;	at com.kms.katalon.core.main.ScriptEngine.run(ScriptEngine.java:194)&#xa;	at com.kms.katalon.core.main.ScriptEngine.runScriptAsRawText(ScriptEngine.java:119)&#xa;	at com.kms.katalon.core.main.TestCaseExecutor.runScript(TestCaseExecutor.java:448)&#xa;	at com.kms.katalon.core.main.TestCaseExecutor.doExecute(TestCaseExecutor.java:439)&#xa;	at com.kms.katalon.core.main.TestCaseExecutor.processExecutionPhase(TestCaseExecutor.java:418)&#xa;	at com.kms.katalon.core.main.TestCaseExecutor.accessMainPhase(TestCaseExecutor.java:410)&#xa;	at com.kms.katalon.core.main.TestCaseExecutor.execute(TestCaseExecutor.java:285)&#xa;	at com.kms.katalon.core.common.CommonExecutor.accessTestCaseMainPhase(CommonExecutor.java:65)&#xa;	at com.kms.katalon.core.main.TestSuiteExecutor.accessTestSuiteMainPhase(TestSuiteExecutor.java:150)&#xa;	at com.kms.katalon.core.main.TestSuiteExecutor.execute(TestSuiteExecutor.java:106)&#xa;	at com.kms.katalon.core.main.TestCaseMain.startTestSuite(TestCaseMain.java:180)&#xa;	at TempTestSuite1732745349578.run(TempTestSuite1732745349578.groovy:35)&#xa;	at java.base/jdk.internal.reflect.NativeMethodAccessorImpl.invoke0(Native Method)&#xa;	at java.base/jdk.internal.reflect.NativeMethodAccessorImpl.invoke(NativeMethodAccessorImpl.java:77)&#xa;	at java.base/jdk.internal.reflect.DelegatingMethodAccessorImpl.invoke(DelegatingMethodAccessorImpl.java:43)&#xa;Caused by: com.kms.katalon.core.exception.StepFailedException: Unable to open browser with url: ''&#xa;	at com.kms.katalon.core.webui.keyword.internal.WebUIKeywordMain.stepFailed(WebUIKeywordMain.groovy:117)&#xa;	at com.kms.katalon.core.webui.keyword.internal.WebUIKeywordMain.runKeyword(WebUIKeywordMain.groovy:43)&#xa;	at com.kms.katalon.core.webui.keyword.builtin.OpenBrowserKeyword.openBrowser(OpenBrowserKeyword.groovy:82)&#xa;	at com.kms.katalon.core.webui.keyword.builtin.OpenBrowserKeyword.execute(OpenBrowserKeyword.groovy:68)&#xa;	at com.kms.katalon.core.keyword.internal.KeywordExecutor.executeKeywordForPlatform(KeywordExecutor.groovy:74)&#xa;	at com.kms.katalon.core.webui.keyword.WebUiBuiltInKeywords.openBrowser(WebUiBuiltInKeywords.groovy:64)&#xa;	at Principal-home.run(Principal-home:20)&#xa;	at com.kms.katalon.core.main.ScriptEngine.run(ScriptEngine.java:194)&#xa;	at com.kms.katalon.core.main.ScriptEngine.runScriptAsRawText(ScriptEngine.java:119)&#xa;	at com.kms.katalon.core.main.TestCaseExecutor.runScript(TestCaseExecutor.java:448)&#xa;	at com.kms.katalon.core.main.TestCaseExecutor.doExecute(TestCaseExecutor.java:439)&#xa;	at com.kms.katalon.core.main.TestCaseExecutor.processExecutionPhase(TestCaseExecutor.java:418)&#xa;	at com.kms.katalon.core.main.TestCaseExecutor.accessMainPhase(TestCaseExecutor.java:410)&#xa;	at com.kms.katalon.core.main.TestCaseExecutor.execute(TestCaseExecutor.java:285)&#xa;	at com.kms.katalon.core.main.TestCaseMain.runTestCase(TestCaseMain.java:137)&#xa;	at com.kms.katalon.core.keyword.builtin.CallTestCaseKeyword$_callTestCase_closure1.doCall(CallTestCaseKeyword.groovy:59)&#xa;	... 24 more&#xa;Caused by: org.openqa.selenium.SessionNotCreatedException: Failed to set preferences: unknown error&#xa;Build info: version: '3.141.59', revision: 'unknown', time: 'unknown'&#xa;System info: host: 'DESKTOP-RGFFP9A', ip: '10.136.10.6', os.name: 'Windows 11', os.arch: 'amd64', os.version: '10.0', java.version: '17.0.7'&#xa;Driver info: driver.version: CGeckoDriver&#xa;remote stacktrace: &#xa;	at java.base/jdk.internal.reflect.NativeConstructorAccessorImpl.newInstance0(Native Method)&#xa;	at java.base/jdk.internal.reflect.NativeConstructorAccessorImpl.newInstance(NativeConstructorAccessorImpl.java:77)&#xa;	at java.base/jdk.internal.reflect.DelegatingConstructorAccessorImpl.newInstance(DelegatingConstructorAccessorImpl.java:45)&#xa;	at org.openqa.selenium.remote.W3CHandshakeResponse.lambda$errorHandler$0(W3CHandshakeResponse.java:62)&#xa;	at org.openqa.selenium.remote.HandshakeResponse.lambda$getResponseFunction$0(HandshakeResponse.java:30)&#xa;	at org.openqa.selenium.remote.ProtocolHandshake.lambda$createSession$0(ProtocolHandshake.java:126)&#xa;	at org.openqa.selenium.remote.ProtocolHandshake.createSession(ProtocolHandshake.java:128)&#xa;	at org.openqa.selenium.remote.ProtocolHandshake.createSession(ProtocolHandshake.java:74)&#xa;	at org.openqa.selenium.remote.HttpCommandExecutor.execute(HttpCommandExecutor.java:136)&#xa;	at org.openqa.selenium.remote.service.DriverCommandExecutor.execute(DriverCommandExecutor.java:83)&#xa;	at org.openqa.selenium.remote.RemoteWebDriver.execute(RemoteWebDriver.java:552)&#xa;	at com.kms.katalon.selenium.driver.CFirefoxDriver.execute(CFirefoxDriver.java:28)&#xa;	at org.openqa.selenium.remote.RemoteWebDriver.startSession(RemoteWebDriver.java:213)&#xa;	at org.openqa.selenium.remote.RemoteWebDriver.&lt;init>(RemoteWebDriver.java:131)&#xa;	at org.openqa.selenium.firefox.FirefoxDriver.&lt;init>(FirefoxDriver.java:147)&#xa;	at com.kms.katalon.selenium.driver.CFirefoxDriver.&lt;init>(CFirefoxDriver.java:22)&#xa;	at com.kms.katalon.core.webui.driver.firefox.CGeckoDriver.&lt;init>(CGeckoDriver.java:12)&#xa;	at com.kms.katalon.core.webui.driver.firefox.CGeckoDriver.from(CGeckoDriver.java:17)&#xa;	at com.kms.katalon.core.webui.driver.DriverFactory.createNewFirefoxDriver(DriverFactory.java:724)&#xa;	at com.kms.katalon.core.webui.driver.DriverFactory.startNewBrowser(DriverFactory.java:375)&#xa;	at com.kms.katalon.core.webui.driver.DriverFactory.openWebDriver(DriverFactory.java:273)&#xa;	at com.kms.katalon.core.webui.keyword.builtin.OpenBrowserKeyword$_openBrowser_closure1.doCall(OpenBrowserKeyword.groovy:75)&#xa;	at com.kms.katalon.core.webui.keyword.builtin.OpenBrowserKeyword$_openBrowser_closure1.call(OpenBrowserKeyword.groovy)&#xa;	at com.kms.katalon.core.webui.keyword.internal.WebUIKeywordMain.runKeyword(WebUIKeywordMain.groovy:35)&#xa;	... 38 more&#xa;"/>
         <system-out><![CDATA[27-11-2024T17:31:20 - [TEST_CASE][FAILED] - Test Cases/2.Positivos/2.1Paquete/Origen-Lima/Difuninado-Consignado: Test Cases/2.Positivos/2.1Paquete/Origen-Lima/Difuninado-Consignado FAILED.
Reason:
com.kms.katalon.core.exception.StepFailedException: Call Test Case 'Test Cases/1.Inicio/1.1Principal/Principal-home' failed
	at com.kms.katalon.core.keyword.builtin.CallTestCaseKeyword$_callTestCase_closure1.doCall(CallTestCaseKeyword.groovy:63)
	at com.kms.katalon.core.keyword.builtin.CallTestCaseKeyword$_callTestCase_closure1.call(CallTestCaseKeyword.groovy)
	at com.kms.katalon.core.keyword.internal.KeywordMain.runKeyword(KeywordMain.groovy:75)
	at com.kms.katalon.core.keyword.builtin.CallTestCaseKeyword.callTestCase(CallTestCaseKeyword.groovy:81)
	at com.kms.katalon.core.keyword.builtin.CallTestCaseKeyword.execute(CallTestCaseKeyword.groovy:44)
	at com.kms.katalon.core.keyword.internal.KeywordExecutor.executeKeywordForPlatform(KeywordExecutor.groovy:74)
	at com.kms.katalon.core.keyword.BuiltinKeywords.callTestCase(BuiltinKeywords.groovy:310)
	at jdk.internal.reflect.GeneratedMethodAccessor25.invoke(Unknown Source)
	at java.base/jdk.internal.reflect.DelegatingMethodAccessorImpl.invoke(DelegatingMethodAccessorImpl.java:43)
	at Difuninado-Consignado.run(Difuninado-Consignado:20)
	at com.kms.katalon.core.main.ScriptEngine.run(ScriptEngine.java:194)
	at com.kms.katalon.core.main.ScriptEngine.runScriptAsRawText(ScriptEngine.java:119)
	at com.kms.katalon.core.main.TestCaseExecutor.runScript(TestCaseExecutor.java:448)
	at com.kms.katalon.core.main.TestCaseExecutor.doExecute(TestCaseExecutor.java:439)
	at com.kms.katalon.core.main.TestCaseExecutor.processExecutionPhase(TestCaseExecutor.java:418)
	at com.kms.katalon.core.main.TestCaseExecutor.accessMainPhase(TestCaseExecutor.java:410)
	at com.kms.katalon.core.main.TestCaseExecutor.execute(TestCaseExecutor.java:285)
	at com.kms.katalon.core.common.CommonExecutor.accessTestCaseMainPhase(CommonExecutor.java:65)
	at com.kms.katalon.core.main.TestSuiteExecutor.accessTestSuiteMainPhase(TestSuiteExecutor.java:150)
	at com.kms.katalon.core.main.TestSuiteExecutor.execute(TestSuiteExecutor.java:106)
	at com.kms.katalon.core.main.TestCaseMain.startTestSuite(TestCaseMain.java:180)
	at TempTestSuite1732745349578.run(TempTestSuite1732745349578.groovy:35)
	at java.base/jdk.internal.reflect.NativeMethodAccessorImpl.invoke0(Native Method)
	at java.base/jdk.internal.reflect.NativeMethodAccessorImpl.invoke(NativeMethodAccessorImpl.java:77)
	at java.base/jdk.internal.reflect.DelegatingMethodAccessorImpl.invoke(DelegatingMethodAccessorImpl.java:43)
Caused by: com.kms.katalon.core.exception.StepFailedException: Unable to open browser with url: ''
	at com.kms.katalon.core.webui.keyword.internal.WebUIKeywordMain.stepFailed(WebUIKeywordMain.groovy:117)
	at com.kms.katalon.core.webui.keyword.internal.WebUIKeywordMain.runKeyword(WebUIKeywordMain.groovy:43)
	at com.kms.katalon.core.webui.keyword.builtin.OpenBrowserKeyword.openBrowser(OpenBrowserKeyword.groovy:82)
	at com.kms.katalon.core.webui.keyword.builtin.OpenBrowserKeyword.execute(OpenBrowserKeyword.groovy:68)
	at com.kms.katalon.core.keyword.internal.KeywordExecutor.executeKeywordForPlatform(KeywordExecutor.groovy:74)
	at com.kms.katalon.core.webui.keyword.WebUiBuiltInKeywords.openBrowser(WebUiBuiltInKeywords.groovy:64)
	at Principal-home.run(Principal-home:20)
	at com.kms.katalon.core.main.ScriptEngine.run(ScriptEngine.java:194)
	at com.kms.katalon.core.main.ScriptEngine.runScriptAsRawText(ScriptEngine.java:119)
	at com.kms.katalon.core.main.TestCaseExecutor.runScript(TestCaseExecutor.java:448)
	at com.kms.katalon.core.main.TestCaseExecutor.doExecute(TestCaseExecutor.java:439)
	at com.kms.katalon.core.main.TestCaseExecutor.processExecutionPhase(TestCaseExecutor.java:418)
	at com.kms.katalon.core.main.TestCaseExecutor.accessMainPhase(TestCaseExecutor.java:410)
	at com.kms.katalon.core.main.TestCaseExecutor.execute(TestCaseExecutor.java:285)
	at com.kms.katalon.core.main.TestCaseMain.runTestCase(TestCaseMain.java:137)
	at com.kms.katalon.core.keyword.builtin.CallTestCaseKeyword$_callTestCase_closure1.doCall(CallTestCaseKeyword.groovy:59)
	... 24 more
Caused by: org.openqa.selenium.SessionNotCreatedException: Failed to set preferences: unknown error
Build info: version: '3.141.59', revision: 'unknown', time: 'unknown'
System info: host: 'DESKTOP-RGFFP9A', ip: '10.136.10.6', os.name: 'Windows 11', os.arch: 'amd64', os.version: '10.0', java.version: '17.0.7'
Driver info: driver.version: CGeckoDriver
remote stacktrace: 
	at java.base/jdk.internal.reflect.NativeConstructorAccessorImpl.newInstance0(Native Method)
	at java.base/jdk.internal.reflect.NativeConstructorAccessorImpl.newInstance(NativeConstructorAccessorImpl.java:77)
	at java.base/jdk.internal.reflect.DelegatingConstructorAccessorImpl.newInstance(DelegatingConstructorAccessorImpl.java:45)
	at org.openqa.selenium.remote.W3CHandshakeResponse.lambda$errorHandler$0(W3CHandshakeResponse.java:62)
	at org.openqa.selenium.remote.HandshakeResponse.lambda$getResponseFunction$0(HandshakeResponse.java:30)
	at org.openqa.selenium.remote.ProtocolHandshake.lambda$createSession$0(ProtocolHandshake.java:126)
	at org.openqa.selenium.remote.ProtocolHandshake.createSession(ProtocolHandshake.java:128)
	at org.openqa.selenium.remote.ProtocolHandshake.createSession(ProtocolHandshake.java:74)
	at org.openqa.selenium.remote.HttpCommandExecutor.execute(HttpCommandExecutor.java:136)
	at org.openqa.selenium.remote.service.DriverCommandExecutor.execute(DriverCommandExecutor.java:83)
	at org.openqa.selenium.remote.RemoteWebDriver.execute(RemoteWebDriver.java:552)
	at com.kms.katalon.selenium.driver.CFirefoxDriver.execute(CFirefoxDriver.java:28)
	at org.openqa.selenium.remote.RemoteWebDriver.startSession(RemoteWebDriver.java:213)
	at org.openqa.selenium.remote.RemoteWebDriver.<init>(RemoteWebDriver.java:131)
	at org.openqa.selenium.firefox.FirefoxDriver.<init>(FirefoxDriver.java:147)
	at com.kms.katalon.selenium.driver.CFirefoxDriver.<init>(CFirefoxDriver.java:22)
	at com.kms.katalon.core.webui.driver.firefox.CGeckoDriver.<init>(CGeckoDriver.java:12)
	at com.kms.katalon.core.webui.driver.firefox.CGeckoDriver.from(CGeckoDriver.java:17)
	at com.kms.katalon.core.webui.driver.DriverFactory.createNewFirefoxDriver(DriverFactory.java:724)
	at com.kms.katalon.core.webui.driver.DriverFactory.startNewBrowser(DriverFactory.java:375)
	at com.kms.katalon.core.webui.driver.DriverFactory.openWebDriver(DriverFactory.java:273)
	at com.kms.katalon.core.webui.keyword.builtin.OpenBrowserKeyword$_openBrowser_closure1.doCall(OpenBrowserKeyword.groovy:75)
	at com.kms.katalon.core.webui.keyword.builtin.OpenBrowserKeyword$_openBrowser_closure1.call(OpenBrowserKeyword.groovy)
	at com.kms.katalon.core.webui.keyword.internal.WebUIKeywordMain.runKeyword(WebUIKeywordMain.groovy:35)
	... 38 more


27-11-2024T17:31:21 - [TEST_STEP][FAILED] - callTestCase(findTestCase("1.Inicio/1.1Principal/Principal-home"), [:], STOP_ON_FAILURE): Unable to call Test Case 'Test Cases/1.Inicio/1.1Principal/Principal-home' (Root cause: com.kms.katalon.core.exception.StepFailedException: Call Test Case 'Test Cases/1.Inicio/1.1Principal/Principal-home' failed
	at com.kms.katalon.core.keyword.builtin.CallTestCaseKeyword$_callTestCase_closure1.doCall(CallTestCaseKeyword.groovy:63)
	at com.kms.katalon.core.keyword.builtin.CallTestCaseKeyword$_callTestCase_closure1.call(CallTestCaseKeyword.groovy)
	at com.kms.katalon.core.keyword.internal.KeywordMain.runKeyword(KeywordMain.groovy:75)
	at com.kms.katalon.core.keyword.builtin.CallTestCaseKeyword.callTestCase(CallTestCaseKeyword.groovy:81)
	at com.kms.katalon.core.keyword.builtin.CallTestCaseKeyword.execute(CallTestCaseKeyword.groovy:44)
	at com.kms.katalon.core.keyword.internal.KeywordExecutor.executeKeywordForPlatform(KeywordExecutor.groovy:74)
	at com.kms.katalon.core.keyword.BuiltinKeywords.callTestCase(BuiltinKeywords.groovy:310)
	at jdk.internal.reflect.GeneratedMethodAccessor25.invoke(Unknown Source)
	at java.base/jdk.internal.reflect.DelegatingMethodAccessorImpl.invoke(DelegatingMethodAccessorImpl.java:43)
	at Difuninado-Consignado.run(Difuninado-Consignado:20)
	at com.kms.katalon.core.main.ScriptEngine.run(ScriptEngine.java:194)
	at com.kms.katalon.core.main.ScriptEngine.runScriptAsRawText(ScriptEngine.java:119)
	at com.kms.katalon.core.main.TestCaseExecutor.runScript(TestCaseExecutor.java:448)
	at com.kms.katalon.core.main.TestCaseExecutor.doExecute(TestCaseExecutor.java:439)
	at com.kms.katalon.core.main.TestCaseExecutor.processExecutionPhase(TestCaseExecutor.java:418)
	at com.kms.katalon.core.main.TestCaseExecutor.accessMainPhase(TestCaseExecutor.java:410)
	at com.kms.katalon.core.main.TestCaseExecutor.execute(TestCaseExecutor.java:285)
	at com.kms.katalon.core.common.CommonExecutor.accessTestCaseMainPhase(CommonExecutor.java:65)
	at com.kms.katalon.core.main.TestSuiteExecutor.accessTestSuiteMainPhase(TestSuiteExecutor.java:150)
	at com.kms.katalon.core.main.TestSuiteExecutor.execute(TestSuiteExecutor.java:106)
	at com.kms.katalon.core.main.TestCaseMain.startTestSuite(TestCaseMain.java:180)
	at TempTestSuite1732745349578.run(TempTestSuite1732745349578.groovy:35)
	at java.base/jdk.internal.reflect.NativeMethodAccessorImpl.invoke0(Native Method)
	at java.base/jdk.internal.reflect.NativeMethodAccessorImpl.invoke(NativeMethodAccessorImpl.java:77)
	at java.base/jdk.internal.reflect.DelegatingMethodAccessorImpl.invoke(DelegatingMethodAccessorImpl.java:43)
Caused by: com.kms.katalon.core.exception.StepFailedException: Unable to open browser with url: ''
	at com.kms.katalon.core.webui.keyword.internal.WebUIKeywordMain.stepFailed(WebUIKeywordMain.groovy:117)
	at com.kms.katalon.core.webui.keyword.internal.WebUIKeywordMain.runKeyword(WebUIKeywordMain.groovy:43)
	at com.kms.katalon.core.webui.keyword.builtin.OpenBrowserKeyword.openBrowser(OpenBrowserKeyword.groovy:82)
	at com.kms.katalon.core.webui.keyword.builtin.OpenBrowserKeyword.execute(OpenBrowserKeyword.groovy:68)
	at com.kms.katalon.core.keyword.internal.KeywordExecutor.executeKeywordForPlatform(KeywordExecutor.groovy:74)
	at com.kms.katalon.core.webui.keyword.WebUiBuiltInKeywords.openBrowser(WebUiBuiltInKeywords.groovy:64)
	at Principal-home.run(Principal-home:20)
	at com.kms.katalon.core.main.ScriptEngine.run(ScriptEngine.java:194)
	at com.kms.katalon.core.main.ScriptEngine.runScriptAsRawText(ScriptEngine.java:119)
	at com.kms.katalon.core.main.TestCaseExecutor.runScript(TestCaseExecutor.java:448)
	at com.kms.katalon.core.main.TestCaseExecutor.doExecute(TestCaseExecutor.java:439)
	at com.kms.katalon.core.main.TestCaseExecutor.processExecutionPhase(TestCaseExecutor.java:418)
	at com.kms.katalon.core.main.TestCaseExecutor.accessMainPhase(TestCaseExecutor.java:410)
	at com.kms.katalon.core.main.TestCaseExecutor.execute(TestCaseExecutor.java:285)
	at com.kms.katalon.core.main.TestCaseMain.runTestCase(TestCaseMain.java:137)
	at com.kms.katalon.core.keyword.builtin.CallTestCaseKeyword$_callTestCase_closure1.doCall(CallTestCaseKeyword.groovy:59)
	... 24 more
Caused by: org.openqa.selenium.SessionNotCreatedException: Failed to set preferences: unknown error
Build info: version: '3.141.59', revision: 'unknown', time: 'unknown'
System info: host: 'DESKTOP-RGFFP9A', ip: '10.136.10.6', os.name: 'Windows 11', os.arch: 'amd64', os.version: '10.0', java.version: '17.0.7'
Driver info: driver.version: CGeckoDriver
remote stacktrace: 
	at java.base/jdk.internal.reflect.NativeConstructorAccessorImpl.newInstance0(Native Method)
	at java.base/jdk.internal.reflect.NativeConstructorAccessorImpl.newInstance(NativeConstructorAccessorImpl.java:77)
	at java.base/jdk.internal.reflect.DelegatingConstructorAccessorImpl.newInstance(DelegatingConstructorAccessorImpl.java:45)
	at org.openqa.selenium.remote.W3CHandshakeResponse.lambda$errorHandler$0(W3CHandshakeResponse.java:62)
	at org.openqa.selenium.remote.HandshakeResponse.lambda$getResponseFunction$0(HandshakeResponse.java:30)
	at org.openqa.selenium.remote.ProtocolHandshake.lambda$createSession$0(ProtocolHandshake.java:126)
	at org.openqa.selenium.remote.ProtocolHandshake.createSession(ProtocolHandshake.java:128)
	at org.openqa.selenium.remote.ProtocolHandshake.createSession(ProtocolHandshake.java:74)
	at org.openqa.selenium.remote.HttpCommandExecutor.execute(HttpCommandExecutor.java:136)
	at org.openqa.selenium.remote.service.DriverCommandExecutor.execute(DriverCommandExecutor.java:83)
	at org.openqa.selenium.remote.RemoteWebDriver.execute(RemoteWebDriver.java:552)
	at com.kms.katalon.selenium.driver.CFirefoxDriver.execute(CFirefoxDriver.java:28)
	at org.openqa.selenium.remote.RemoteWebDriver.startSession(RemoteWebDriver.java:213)
	at org.openqa.selenium.remote.RemoteWebDriver.<init>(RemoteWebDriver.java:131)
	at org.openqa.selenium.firefox.FirefoxDriver.<init>(FirefoxDriver.java:147)
	at com.kms.katalon.selenium.driver.CFirefoxDriver.<init>(CFirefoxDriver.java:22)
	at com.kms.katalon.core.webui.driver.firefox.CGeckoDriver.<init>(CGeckoDriver.java:12)
	at com.kms.katalon.core.webui.driver.firefox.CGeckoDriver.from(CGeckoDriver.java:17)
	at com.kms.katalon.core.webui.driver.DriverFactory.createNewFirefoxDriver(DriverFactory.java:724)
	at com.kms.katalon.core.webui.driver.DriverFactory.startNewBrowser(DriverFactory.java:375)
	at com.kms.katalon.core.webui.driver.DriverFactory.openWebDriver(DriverFactory.java:273)
	at com.kms.katalon.core.webui.keyword.builtin.OpenBrowserKeyword$_openBrowser_closure1.doCall(OpenBrowserKeyword.groovy:75)
	at com.kms.katalon.core.webui.keyword.builtin.OpenBrowserKeyword$_openBrowser_closure1.call(OpenBrowserKeyword.groovy)
	at com.kms.katalon.core.webui.keyword.internal.WebUIKeywordMain.runKeyword(WebUIKeywordMain.groovy:35)
	... 38 more
)

27-11-2024T17:31:21 - [TEST_CASE][FAILED] - Test Cases/1.Inicio/1.1Principal/Principal-home: Test Cases/1.Inicio/1.1Principal/Principal-home FAILED.
Reason:
com.kms.katalon.core.exception.StepFailedException: Unable to open browser with url: ''
	at com.kms.katalon.core.webui.keyword.internal.WebUIKeywordMain.stepFailed(WebUIKeywordMain.groovy:117)
	at com.kms.katalon.core.webui.keyword.internal.WebUIKeywordMain.runKeyword(WebUIKeywordMain.groovy:43)
	at com.kms.katalon.core.webui.keyword.builtin.OpenBrowserKeyword.openBrowser(OpenBrowserKeyword.groovy:82)
	at com.kms.katalon.core.webui.keyword.builtin.OpenBrowserKeyword.execute(OpenBrowserKeyword.groovy:68)
	at com.kms.katalon.core.keyword.internal.KeywordExecutor.executeKeywordForPlatform(KeywordExecutor.groovy:74)
	at com.kms.katalon.core.webui.keyword.WebUiBuiltInKeywords.openBrowser(WebUiBuiltInKeywords.groovy:64)
	at Principal-home.run(Principal-home:20)
	at com.kms.katalon.core.main.ScriptEngine.run(ScriptEngine.java:194)
	at com.kms.katalon.core.main.ScriptEngine.runScriptAsRawText(ScriptEngine.java:119)
	at com.kms.katalon.core.main.TestCaseExecutor.runScript(TestCaseExecutor.java:448)
	at com.kms.katalon.core.main.TestCaseExecutor.doExecute(TestCaseExecutor.java:439)
	at com.kms.katalon.core.main.TestCaseExecutor.processExecutionPhase(TestCaseExecutor.java:418)
	at com.kms.katalon.core.main.TestCaseExecutor.accessMainPhase(TestCaseExecutor.java:410)
	at com.kms.katalon.core.main.TestCaseExecutor.execute(TestCaseExecutor.java:285)
	at com.kms.katalon.core.main.TestCaseMain.runTestCase(TestCaseMain.java:137)
	at com.kms.katalon.core.keyword.builtin.CallTestCaseKeyword$_callTestCase_closure1.doCall(CallTestCaseKeyword.groovy:59)
	at com.kms.katalon.core.keyword.builtin.CallTestCaseKeyword$_callTestCase_closure1.call(CallTestCaseKeyword.groovy)
	at com.kms.katalon.core.keyword.internal.KeywordMain.runKeyword(KeywordMain.groovy:75)
	at com.kms.katalon.core.keyword.builtin.CallTestCaseKeyword.callTestCase(CallTestCaseKeyword.groovy:81)
	at com.kms.katalon.core.keyword.builtin.CallTestCaseKeyword.execute(CallTestCaseKeyword.groovy:44)
	at com.kms.katalon.core.keyword.internal.KeywordExecutor.executeKeywordForPlatform(KeywordExecutor.groovy:74)
	at com.kms.katalon.core.keyword.BuiltinKeywords.callTestCase(BuiltinKeywords.groovy:310)
	at jdk.internal.reflect.GeneratedMethodAccessor25.invoke(Unknown Source)
	at java.base/jdk.internal.reflect.DelegatingMethodAccessorImpl.invoke(DelegatingMethodAccessorImpl.java:43)
	at Difuninado-Consignado.run(Difuninado-Consignado:20)
	at com.kms.katalon.core.main.ScriptEngine.run(ScriptEngine.java:194)
	at com.kms.katalon.core.main.ScriptEngine.runScriptAsRawText(ScriptEngine.java:119)
	at com.kms.katalon.core.main.TestCaseExecutor.runScript(TestCaseExecutor.java:448)
	at com.kms.katalon.core.main.TestCaseExecutor.doExecute(TestCaseExecutor.java:439)
	at com.kms.katalon.core.main.TestCaseExecutor.processExecutionPhase(TestCaseExecutor.java:418)
	at com.kms.katalon.core.main.TestCaseExecutor.accessMainPhase(TestCaseExecutor.java:410)
	at com.kms.katalon.core.main.TestCaseExecutor.execute(TestCaseExecutor.java:285)
	at com.kms.katalon.core.common.CommonExecutor.accessTestCaseMainPhase(CommonExecutor.java:65)
	at com.kms.katalon.core.main.TestSuiteExecutor.accessTestSuiteMainPhase(TestSuiteExecutor.java:150)
	at com.kms.katalon.core.main.TestSuiteExecutor.execute(TestSuiteExecutor.java:106)
	at com.kms.katalon.core.main.TestCaseMain.startTestSuite(TestCaseMain.java:180)
	at TempTestSuite1732745349578.run(TempTestSuite1732745349578.groovy:35)
	at java.base/jdk.internal.reflect.NativeMethodAccessorImpl.invoke0(Native Method)
	at java.base/jdk.internal.reflect.NativeMethodAccessorImpl.invoke(NativeMethodAccessorImpl.java:77)
	at java.base/jdk.internal.reflect.DelegatingMethodAccessorImpl.invoke(DelegatingMethodAccessorImpl.java:43)
Caused by: org.openqa.selenium.SessionNotCreatedException: Failed to set preferences: unknown error
Build info: version: '3.141.59', revision: 'unknown', time: 'unknown'
System info: host: 'DESKTOP-RGFFP9A', ip: '10.136.10.6', os.name: 'Windows 11', os.arch: 'amd64', os.version: '10.0', java.version: '17.0.7'
Driver info: driver.version: CGeckoDriver
remote stacktrace: 
	at java.base/jdk.internal.reflect.NativeConstructorAccessorImpl.newInstance0(Native Method)
	at java.base/jdk.internal.reflect.NativeConstructorAccessorImpl.newInstance(NativeConstructorAccessorImpl.java:77)
	at java.base/jdk.internal.reflect.DelegatingConstructorAccessorImpl.newInstance(DelegatingConstructorAccessorImpl.java:45)
	at org.openqa.selenium.remote.W3CHandshakeResponse.lambda$errorHandler$0(W3CHandshakeResponse.java:62)
	at org.openqa.selenium.remote.HandshakeResponse.lambda$getResponseFunction$0(HandshakeResponse.java:30)
	at org.openqa.selenium.remote.ProtocolHandshake.lambda$createSession$0(ProtocolHandshake.java:126)
	at org.openqa.selenium.remote.ProtocolHandshake.createSession(ProtocolHandshake.java:128)
	at org.openqa.selenium.remote.ProtocolHandshake.createSession(ProtocolHandshake.java:74)
	at org.openqa.selenium.remote.HttpCommandExecutor.execute(HttpCommandExecutor.java:136)
	at org.openqa.selenium.remote.service.DriverCommandExecutor.execute(DriverCommandExecutor.java:83)
	at org.openqa.selenium.remote.RemoteWebDriver.execute(RemoteWebDriver.java:552)
	at com.kms.katalon.selenium.driver.CFirefoxDriver.execute(CFirefoxDriver.java:28)
	at org.openqa.selenium.remote.RemoteWebDriver.startSession(RemoteWebDriver.java:213)
	at org.openqa.selenium.remote.RemoteWebDriver.<init>(RemoteWebDriver.java:131)
	at org.openqa.selenium.firefox.FirefoxDriver.<init>(FirefoxDriver.java:147)
	at com.kms.katalon.selenium.driver.CFirefoxDriver.<init>(CFirefoxDriver.java:22)
	at com.kms.katalon.core.webui.driver.firefox.CGeckoDriver.<init>(CGeckoDriver.java:12)
	at com.kms.katalon.core.webui.driver.firefox.CGeckoDriver.from(CGeckoDriver.java:17)
	at com.kms.katalon.core.webui.driver.DriverFactory.createNewFirefoxDriver(DriverFactory.java:724)
	at com.kms.katalon.core.webui.driver.DriverFactory.startNewBrowser(DriverFactory.java:375)
	at com.kms.katalon.core.webui.driver.DriverFactory.openWebDriver(DriverFactory.java:273)
	at com.kms.katalon.core.webui.keyword.builtin.OpenBrowserKeyword$_openBrowser_closure1.doCall(OpenBrowserKeyword.groovy:75)
	at com.kms.katalon.core.webui.keyword.builtin.OpenBrowserKeyword$_openBrowser_closure1.call(OpenBrowserKeyword.groovy)
	at com.kms.katalon.core.webui.keyword.internal.WebUIKeywordMain.runKeyword(WebUIKeywordMain.groovy:35)
	... 38 more


27-11-2024T17:31:21 - [TEST_STEP][FAILED] - openBrowser(""): Unable to open browser with url: '' (Root cause: com.kms.katalon.core.exception.StepFailedException: Unable to open browser with url: ''
	at com.kms.katalon.core.webui.keyword.internal.WebUIKeywordMain.stepFailed(WebUIKeywordMain.groovy:117)
	at com.kms.katalon.core.webui.keyword.internal.WebUIKeywordMain.runKeyword(WebUIKeywordMain.groovy:43)
	at com.kms.katalon.core.webui.keyword.builtin.OpenBrowserKeyword.openBrowser(OpenBrowserKeyword.groovy:82)
	at com.kms.katalon.core.webui.keyword.builtin.OpenBrowserKeyword.execute(OpenBrowserKeyword.groovy:68)
	at com.kms.katalon.core.keyword.internal.KeywordExecutor.executeKeywordForPlatform(KeywordExecutor.groovy:74)
	at com.kms.katalon.core.webui.keyword.WebUiBuiltInKeywords.openBrowser(WebUiBuiltInKeywords.groovy:64)
	at Principal-home.run(Principal-home:20)
	at com.kms.katalon.core.main.ScriptEngine.run(ScriptEngine.java:194)
	at com.kms.katalon.core.main.ScriptEngine.runScriptAsRawText(ScriptEngine.java:119)
	at com.kms.katalon.core.main.TestCaseExecutor.runScript(TestCaseExecutor.java:448)
	at com.kms.katalon.core.main.TestCaseExecutor.doExecute(TestCaseExecutor.java:439)
	at com.kms.katalon.core.main.TestCaseExecutor.processExecutionPhase(TestCaseExecutor.java:418)
	at com.kms.katalon.core.main.TestCaseExecutor.accessMainPhase(TestCaseExecutor.java:410)
	at com.kms.katalon.core.main.TestCaseExecutor.execute(TestCaseExecutor.java:285)
	at com.kms.katalon.core.main.TestCaseMain.runTestCase(TestCaseMain.java:137)
	at com.kms.katalon.core.keyword.builtin.CallTestCaseKeyword$_callTestCase_closure1.doCall(CallTestCaseKeyword.groovy:59)
	at com.kms.katalon.core.keyword.builtin.CallTestCaseKeyword$_callTestCase_closure1.call(CallTestCaseKeyword.groovy)
	at com.kms.katalon.core.keyword.internal.KeywordMain.runKeyword(KeywordMain.groovy:75)
	at com.kms.katalon.core.keyword.builtin.CallTestCaseKeyword.callTestCase(CallTestCaseKeyword.groovy:81)
	at com.kms.katalon.core.keyword.builtin.CallTestCaseKeyword.execute(CallTestCaseKeyword.groovy:44)
	at com.kms.katalon.core.keyword.internal.KeywordExecutor.executeKeywordForPlatform(KeywordExecutor.groovy:74)
	at com.kms.katalon.core.keyword.BuiltinKeywords.callTestCase(BuiltinKeywords.groovy:310)
	at jdk.internal.reflect.GeneratedMethodAccessor25.invoke(Unknown Source)
	at java.base/jdk.internal.reflect.DelegatingMethodAccessorImpl.invoke(DelegatingMethodAccessorImpl.java:43)
	at Difuninado-Consignado.run(Difuninado-Consignado:20)
	at com.kms.katalon.core.main.ScriptEngine.run(ScriptEngine.java:194)
	at com.kms.katalon.core.main.ScriptEngine.runScriptAsRawText(ScriptEngine.java:119)
	at com.kms.katalon.core.main.TestCaseExecutor.runScript(TestCaseExecutor.java:448)
	at com.kms.katalon.core.main.TestCaseExecutor.doExecute(TestCaseExecutor.java:439)
	at com.kms.katalon.core.main.TestCaseExecutor.processExecutionPhase(TestCaseExecutor.java:418)
	at com.kms.katalon.core.main.TestCaseExecutor.accessMainPhase(TestCaseExecutor.java:410)
	at com.kms.katalon.core.main.TestCaseExecutor.execute(TestCaseExecutor.java:285)
	at com.kms.katalon.core.common.CommonExecutor.accessTestCaseMainPhase(CommonExecutor.java:65)
	at com.kms.katalon.core.main.TestSuiteExecutor.accessTestSuiteMainPhase(TestSuiteExecutor.java:150)
	at com.kms.katalon.core.main.TestSuiteExecutor.execute(TestSuiteExecutor.java:106)
	at com.kms.katalon.core.main.TestCaseMain.startTestSuite(TestCaseMain.java:180)
	at TempTestSuite1732745349578.run(TempTestSuite1732745349578.groovy:35)
	at java.base/jdk.internal.reflect.NativeMethodAccessorImpl.invoke0(Native Method)
	at java.base/jdk.internal.reflect.NativeMethodAccessorImpl.invoke(NativeMethodAccessorImpl.java:77)
	at java.base/jdk.internal.reflect.DelegatingMethodAccessorImpl.invoke(DelegatingMethodAccessorImpl.java:43)
Caused by: org.openqa.selenium.SessionNotCreatedException: Failed to set preferences: unknown error
Build info: version: '3.141.59', revision: 'unknown', time: 'unknown'
System info: host: 'DESKTOP-RGFFP9A', ip: '10.136.10.6', os.name: 'Windows 11', os.arch: 'amd64', os.version: '10.0', java.version: '17.0.7'
Driver info: driver.version: CGeckoDriver
remote stacktrace: 
	at java.base/jdk.internal.reflect.NativeConstructorAccessorImpl.newInstance0(Native Method)
	at java.base/jdk.internal.reflect.NativeConstructorAccessorImpl.newInstance(NativeConstructorAccessorImpl.java:77)
	at java.base/jdk.internal.reflect.DelegatingConstructorAccessorImpl.newInstance(DelegatingConstructorAccessorImpl.java:45)
	at org.openqa.selenium.remote.W3CHandshakeResponse.lambda$errorHandler$0(W3CHandshakeResponse.java:62)
	at org.openqa.selenium.remote.HandshakeResponse.lambda$getResponseFunction$0(HandshakeResponse.java:30)
	at org.openqa.selenium.remote.ProtocolHandshake.lambda$createSession$0(ProtocolHandshake.java:126)
	at org.openqa.selenium.remote.ProtocolHandshake.createSession(ProtocolHandshake.java:128)
	at org.openqa.selenium.remote.ProtocolHandshake.createSession(ProtocolHandshake.java:74)
	at org.openqa.selenium.remote.HttpCommandExecutor.execute(HttpCommandExecutor.java:136)
	at org.openqa.selenium.remote.service.DriverCommandExecutor.execute(DriverCommandExecutor.java:83)
	at org.openqa.selenium.remote.RemoteWebDriver.execute(RemoteWebDriver.java:552)
	at com.kms.katalon.selenium.driver.CFirefoxDriver.execute(CFirefoxDriver.java:28)
	at org.openqa.selenium.remote.RemoteWebDriver.startSession(RemoteWebDriver.java:213)
	at org.openqa.selenium.remote.RemoteWebDriver.<init>(RemoteWebDriver.java:131)
	at org.openqa.selenium.firefox.FirefoxDriver.<init>(FirefoxDriver.java:147)
	at com.kms.katalon.selenium.driver.CFirefoxDriver.<init>(CFirefoxDriver.java:22)
	at com.kms.katalon.core.webui.driver.firefox.CGeckoDriver.<init>(CGeckoDriver.java:12)
	at com.kms.katalon.core.webui.driver.firefox.CGeckoDriver.from(CGeckoDriver.java:17)
	at com.kms.katalon.core.webui.driver.DriverFactory.createNewFirefoxDriver(DriverFactory.java:724)
	at com.kms.katalon.core.webui.driver.DriverFactory.startNewBrowser(DriverFactory.java:375)
	at com.kms.katalon.core.webui.driver.DriverFactory.openWebDriver(DriverFactory.java:273)
	at com.kms.katalon.core.webui.keyword.builtin.OpenBrowserKeyword$_openBrowser_closure1.doCall(OpenBrowserKeyword.groovy:75)
	at com.kms.katalon.core.webui.keyword.builtin.OpenBrowserKeyword$_openBrowser_closure1.call(OpenBrowserKeyword.groovy)
	at com.kms.katalon.core.webui.keyword.internal.WebUIKeywordMain.runKeyword(WebUIKeywordMain.groovy:35)
	at com.kms.katalon.core.webui.keyword.builtin.OpenBrowserKeyword.openBrowser(OpenBrowserKeyword.groovy:82)
	at com.kms.katalon.core.webui.keyword.builtin.OpenBrowserKeyword.execute(OpenBrowserKeyword.groovy:68)
	at com.kms.katalon.core.keyword.internal.KeywordExecutor.executeKeywordForPlatform(KeywordExecutor.groovy:74)
	at com.kms.katalon.core.webui.keyword.WebUiBuiltInKeywords.openBrowser(WebUiBuiltInKeywords.groovy:64)
	at Script1732084036704.run(Script1732084036704.groovy:20)
	at com.kms.katalon.core.main.ScriptEngine.run(ScriptEngine.java:194)
	at com.kms.katalon.core.main.ScriptEngine.runScriptAsRawText(ScriptEngine.java:119)
	at com.kms.katalon.core.main.TestCaseExecutor.runScript(TestCaseExecutor.java:448)
	at com.kms.katalon.core.main.TestCaseExecutor.doExecute(TestCaseExecutor.java:439)
	at com.kms.katalon.core.main.TestCaseExecutor.processExecutionPhase(TestCaseExecutor.java:418)
	at com.kms.katalon.core.main.TestCaseExecutor.accessMainPhase(TestCaseExecutor.java:410)
	at com.kms.katalon.core.main.TestCaseExecutor.execute(TestCaseExecutor.java:285)
	at com.kms.katalon.core.main.TestCaseMain.runTestCase(TestCaseMain.java:137)
	at com.kms.katalon.core.keyword.builtin.CallTestCaseKeyword$_callTestCase_closure1.doCall(CallTestCaseKeyword.groovy:59)
	at com.kms.katalon.core.keyword.builtin.CallTestCaseKeyword$_callTestCase_closure1.call(CallTestCaseKeyword.groovy)
	at com.kms.katalon.core.keyword.internal.KeywordMain.runKeyword(KeywordMain.groovy:75)
	at com.kms.katalon.core.keyword.builtin.CallTestCaseKeyword.callTestCase(CallTestCaseKeyword.groovy:81)
	at com.kms.katalon.core.keyword.builtin.CallTestCaseKeyword.execute(CallTestCaseKeyword.groovy:44)
	at com.kms.katalon.core.keyword.internal.KeywordExecutor.executeKeywordForPlatform(KeywordExecutor.groovy:74)
	at com.kms.katalon.core.keyword.BuiltinKeywords.callTestCase(BuiltinKeywords.groovy:310)
	at jdk.internal.reflect.GeneratedMethodAccessor25.invoke(Unknown Source)
	at java.base/jdk.internal.reflect.DelegatingMethodAccessorImpl.invoke(DelegatingMethodAccessorImpl.java:43)
	at Script1732089189072.run(Script1732089189072.groovy:20)
	... 15 more
)

27-11-2024T17:31:21 - [MESSAGE][WARNING] - A browser is already opened. Closing browser and opening a new one

27-11-2024T17:31:25 - [MESSAGE][INFO] - Starting 'Firefox' driver

27-11-2024T17:31:25 - [MESSAGE][INFO] - Action delay is set to 0 milliseconds

27-11-2024T17:31:26 - [MESSAGE][FAILED] - Unable to open browser with url: '' (Root cause: com.kms.katalon.core.exception.StepFailedException: Unable to open browser with url: ''
	at com.kms.katalon.core.webui.keyword.internal.WebUIKeywordMain.stepFailed(WebUIKeywordMain.groovy:117)
	at com.kms.katalon.core.webui.keyword.internal.WebUIKeywordMain.runKeyword(WebUIKeywordMain.groovy:43)
	at com.kms.katalon.core.webui.keyword.builtin.OpenBrowserKeyword.openBrowser(OpenBrowserKeyword.groovy:82)
	at com.kms.katalon.core.webui.keyword.builtin.OpenBrowserKeyword.execute(OpenBrowserKeyword.groovy:68)
	at com.kms.katalon.core.keyword.internal.KeywordExecutor.executeKeywordForPlatform(KeywordExecutor.groovy:74)
	at com.kms.katalon.core.webui.keyword.WebUiBuiltInKeywords.openBrowser(WebUiBuiltInKeywords.groovy:64)
	at Principal-home.run(Principal-home:20)
	at com.kms.katalon.core.main.ScriptEngine.run(ScriptEngine.java:194)
	at com.kms.katalon.core.main.ScriptEngine.runScriptAsRawText(ScriptEngine.java:119)
	at com.kms.katalon.core.main.TestCaseExecutor.runScript(TestCaseExecutor.java:448)
	at com.kms.katalon.core.main.TestCaseExecutor.doExecute(TestCaseExecutor.java:439)
	at com.kms.katalon.core.main.TestCaseExecutor.processExecutionPhase(TestCaseExecutor.java:418)
	at com.kms.katalon.core.main.TestCaseExecutor.accessMainPhase(TestCaseExecutor.java:410)
	at com.kms.katalon.core.main.TestCaseExecutor.execute(TestCaseExecutor.java:285)
	at com.kms.katalon.core.main.TestCaseMain.runTestCase(TestCaseMain.java:137)
	at com.kms.katalon.core.keyword.builtin.CallTestCaseKeyword$_callTestCase_closure1.doCall(CallTestCaseKeyword.groovy:59)
	at com.kms.katalon.core.keyword.builtin.CallTestCaseKeyword$_callTestCase_closure1.call(CallTestCaseKeyword.groovy)
	at com.kms.katalon.core.keyword.internal.KeywordMain.runKeyword(KeywordMain.groovy:75)
	at com.kms.katalon.core.keyword.builtin.CallTestCaseKeyword.callTestCase(CallTestCaseKeyword.groovy:81)
	at com.kms.katalon.core.keyword.builtin.CallTestCaseKeyword.execute(CallTestCaseKeyword.groovy:44)
	at com.kms.katalon.core.keyword.internal.KeywordExecutor.executeKeywordForPlatform(KeywordExecutor.groovy:74)
	at com.kms.katalon.core.keyword.BuiltinKeywords.callTestCase(BuiltinKeywords.groovy:310)
	at jdk.internal.reflect.GeneratedMethodAccessor25.invoke(Unknown Source)
	at java.base/jdk.internal.reflect.DelegatingMethodAccessorImpl.invoke(DelegatingMethodAccessorImpl.java:43)
	at Difuninado-Consignado.run(Difuninado-Consignado:20)
	at com.kms.katalon.core.main.ScriptEngine.run(ScriptEngine.java:194)
	at com.kms.katalon.core.main.ScriptEngine.runScriptAsRawText(ScriptEngine.java:119)
	at com.kms.katalon.core.main.TestCaseExecutor.runScript(TestCaseExecutor.java:448)
	at com.kms.katalon.core.main.TestCaseExecutor.doExecute(TestCaseExecutor.java:439)
	at com.kms.katalon.core.main.TestCaseExecutor.processExecutionPhase(TestCaseExecutor.java:418)
	at com.kms.katalon.core.main.TestCaseExecutor.accessMainPhase(TestCaseExecutor.java:410)
	at com.kms.katalon.core.main.TestCaseExecutor.execute(TestCaseExecutor.java:285)
	at com.kms.katalon.core.common.CommonExecutor.accessTestCaseMainPhase(CommonExecutor.java:65)
	at com.kms.katalon.core.main.TestSuiteExecutor.accessTestSuiteMainPhase(TestSuiteExecutor.java:150)
	at com.kms.katalon.core.main.TestSuiteExecutor.execute(TestSuiteExecutor.java:106)
	at com.kms.katalon.core.main.TestCaseMain.startTestSuite(TestCaseMain.java:180)
	at TempTestSuite1732745349578.run(TempTestSuite1732745349578.groovy:35)
	at java.base/jdk.internal.reflect.NativeMethodAccessorImpl.invoke0(Native Method)
	at java.base/jdk.internal.reflect.NativeMethodAccessorImpl.invoke(NativeMethodAccessorImpl.java:77)
	at java.base/jdk.internal.reflect.DelegatingMethodAccessorImpl.invoke(DelegatingMethodAccessorImpl.java:43)
Caused by: org.openqa.selenium.SessionNotCreatedException: Failed to set preferences: unknown error
Build info: version: '3.141.59', revision: 'unknown', time: 'unknown'
System info: host: 'DESKTOP-RGFFP9A', ip: '10.136.10.6', os.name: 'Windows 11', os.arch: 'amd64', os.version: '10.0', java.version: '17.0.7'
Driver info: driver.version: CGeckoDriver
remote stacktrace: 
	at java.base/jdk.internal.reflect.NativeConstructorAccessorImpl.newInstance0(Native Method)
	at java.base/jdk.internal.reflect.NativeConstructorAccessorImpl.newInstance(NativeConstructorAccessorImpl.java:77)
	at java.base/jdk.internal.reflect.DelegatingConstructorAccessorImpl.newInstance(DelegatingConstructorAccessorImpl.java:45)
	at org.openqa.selenium.remote.W3CHandshakeResponse.lambda$errorHandler$0(W3CHandshakeResponse.java:62)
	at org.openqa.selenium.remote.HandshakeResponse.lambda$getResponseFunction$0(HandshakeResponse.java:30)
	at org.openqa.selenium.remote.ProtocolHandshake.lambda$createSession$0(ProtocolHandshake.java:126)
	at org.openqa.selenium.remote.ProtocolHandshake.createSession(ProtocolHandshake.java:128)
	at org.openqa.selenium.remote.ProtocolHandshake.createSession(ProtocolHandshake.java:74)
	at org.openqa.selenium.remote.HttpCommandExecutor.execute(HttpCommandExecutor.java:136)
	at org.openqa.selenium.remote.service.DriverCommandExecutor.execute(DriverCommandExecutor.java:83)
	at org.openqa.selenium.remote.RemoteWebDriver.execute(RemoteWebDriver.java:552)
	at com.kms.katalon.selenium.driver.CFirefoxDriver.execute(CFirefoxDriver.java:28)
	at org.openqa.selenium.remote.RemoteWebDriver.startSession(RemoteWebDriver.java:213)
	at org.openqa.selenium.remote.RemoteWebDriver.<init>(RemoteWebDriver.java:131)
	at org.openqa.selenium.firefox.FirefoxDriver.<init>(FirefoxDriver.java:147)
	at com.kms.katalon.selenium.driver.CFirefoxDriver.<init>(CFirefoxDriver.java:22)
	at com.kms.katalon.core.webui.driver.firefox.CGeckoDriver.<init>(CGeckoDriver.java:12)
	at com.kms.katalon.core.webui.driver.firefox.CGeckoDriver.from(CGeckoDriver.java:17)
	at com.kms.katalon.core.webui.driver.DriverFactory.createNewFirefoxDriver(DriverFactory.java:724)
	at com.kms.katalon.core.webui.driver.DriverFactory.startNewBrowser(DriverFactory.java:375)
	at com.kms.katalon.core.webui.driver.DriverFactory.openWebDriver(DriverFactory.java:273)
	at com.kms.katalon.core.webui.keyword.builtin.OpenBrowserKeyword$_openBrowser_closure1.doCall(OpenBrowserKeyword.groovy:75)
	at com.kms.katalon.core.webui.keyword.builtin.OpenBrowserKeyword$_openBrowser_closure1.call(OpenBrowserKeyword.groovy)
	at com.kms.katalon.core.webui.keyword.internal.WebUIKeywordMain.runKeyword(WebUIKeywordMain.groovy:35)
	at com.kms.katalon.core.webui.keyword.builtin.OpenBrowserKeyword.openBrowser(OpenBrowserKeyword.groovy:82)
	at com.kms.katalon.core.webui.keyword.builtin.OpenBrowserKeyword.execute(OpenBrowserKeyword.groovy:68)
	at com.kms.katalon.core.keyword.internal.KeywordExecutor.executeKeywordForPlatform(KeywordExecutor.groovy:74)
	at com.kms.katalon.core.webui.keyword.WebUiBuiltInKeywords.openBrowser(WebUiBuiltInKeywords.groovy:64)
	at Script1732084036704.run(Script1732084036704.groovy:20)
	at com.kms.katalon.core.main.ScriptEngine.run(ScriptEngine.java:194)
	at com.kms.katalon.core.main.ScriptEngine.runScriptAsRawText(ScriptEngine.java:119)
	at com.kms.katalon.core.main.TestCaseExecutor.runScript(TestCaseExecutor.java:448)
	at com.kms.katalon.core.main.TestCaseExecutor.doExecute(TestCaseExecutor.java:439)
	at com.kms.katalon.core.main.TestCaseExecutor.processExecutionPhase(TestCaseExecutor.java:418)
	at com.kms.katalon.core.main.TestCaseExecutor.accessMainPhase(TestCaseExecutor.java:410)
	at com.kms.katalon.core.main.TestCaseExecutor.execute(TestCaseExecutor.java:285)
	at com.kms.katalon.core.main.TestCaseMain.runTestCase(TestCaseMain.java:137)
	at com.kms.katalon.core.keyword.builtin.CallTestCaseKeyword$_callTestCase_closure1.doCall(CallTestCaseKeyword.groovy:59)
	at com.kms.katalon.core.keyword.builtin.CallTestCaseKeyword$_callTestCase_closure1.call(CallTestCaseKeyword.groovy)
	at com.kms.katalon.core.keyword.internal.KeywordMain.runKeyword(KeywordMain.groovy:75)
	at com.kms.katalon.core.keyword.builtin.CallTestCaseKeyword.callTestCase(CallTestCaseKeyword.groovy:81)
	at com.kms.katalon.core.keyword.builtin.CallTestCaseKeyword.execute(CallTestCaseKeyword.groovy:44)
	at com.kms.katalon.core.keyword.internal.KeywordExecutor.executeKeywordForPlatform(KeywordExecutor.groovy:74)
	at com.kms.katalon.core.keyword.BuiltinKeywords.callTestCase(BuiltinKeywords.groovy:310)
	at jdk.internal.reflect.GeneratedMethodAccessor25.invoke(Unknown Source)
	at java.base/jdk.internal.reflect.DelegatingMethodAccessorImpl.invoke(DelegatingMethodAccessorImpl.java:43)
	at Script1732089189072.run(Script1732089189072.groovy:20)
	... 15 more
)

27-11-2024T17:31:26 - [MESSAGE][FAILED] - Unable to call Test Case 'Test Cases/1.Inicio/1.1Principal/Principal-home' (Root cause: com.kms.katalon.core.exception.StepFailedException: Call Test Case 'Test Cases/1.Inicio/1.1Principal/Principal-home' failed
	at com.kms.katalon.core.keyword.builtin.CallTestCaseKeyword$_callTestCase_closure1.doCall(CallTestCaseKeyword.groovy:63)
	at com.kms.katalon.core.keyword.builtin.CallTestCaseKeyword$_callTestCase_closure1.call(CallTestCaseKeyword.groovy)
	at com.kms.katalon.core.keyword.internal.KeywordMain.runKeyword(KeywordMain.groovy:75)
	at com.kms.katalon.core.keyword.builtin.CallTestCaseKeyword.callTestCase(CallTestCaseKeyword.groovy:81)
	at com.kms.katalon.core.keyword.builtin.CallTestCaseKeyword.execute(CallTestCaseKeyword.groovy:44)
	at com.kms.katalon.core.keyword.internal.KeywordExecutor.executeKeywordForPlatform(KeywordExecutor.groovy:74)
	at com.kms.katalon.core.keyword.BuiltinKeywords.callTestCase(BuiltinKeywords.groovy:310)
	at jdk.internal.reflect.GeneratedMethodAccessor25.invoke(Unknown Source)
	at java.base/jdk.internal.reflect.DelegatingMethodAccessorImpl.invoke(DelegatingMethodAccessorImpl.java:43)
	at Difuninado-Consignado.run(Difuninado-Consignado:20)
	at com.kms.katalon.core.main.ScriptEngine.run(ScriptEngine.java:194)
	at com.kms.katalon.core.main.ScriptEngine.runScriptAsRawText(ScriptEngine.java:119)
	at com.kms.katalon.core.main.TestCaseExecutor.runScript(TestCaseExecutor.java:448)
	at com.kms.katalon.core.main.TestCaseExecutor.doExecute(TestCaseExecutor.java:439)
	at com.kms.katalon.core.main.TestCaseExecutor.processExecutionPhase(TestCaseExecutor.java:418)
	at com.kms.katalon.core.main.TestCaseExecutor.accessMainPhase(TestCaseExecutor.java:410)
	at com.kms.katalon.core.main.TestCaseExecutor.execute(TestCaseExecutor.java:285)
	at com.kms.katalon.core.common.CommonExecutor.accessTestCaseMainPhase(CommonExecutor.java:65)
	at com.kms.katalon.core.main.TestSuiteExecutor.accessTestSuiteMainPhase(TestSuiteExecutor.java:150)
	at com.kms.katalon.core.main.TestSuiteExecutor.execute(TestSuiteExecutor.java:106)
	at com.kms.katalon.core.main.TestCaseMain.startTestSuite(TestCaseMain.java:180)
	at TempTestSuite1732745349578.run(TempTestSuite1732745349578.groovy:35)
	at java.base/jdk.internal.reflect.NativeMethodAccessorImpl.invoke0(Native Method)
	at java.base/jdk.internal.reflect.NativeMethodAccessorImpl.invoke(NativeMethodAccessorImpl.java:77)
	at java.base/jdk.internal.reflect.DelegatingMethodAccessorImpl.invoke(DelegatingMethodAccessorImpl.java:43)
Caused by: com.kms.katalon.core.exception.StepFailedException: Unable to open browser with url: ''
	at com.kms.katalon.core.webui.keyword.internal.WebUIKeywordMain.stepFailed(WebUIKeywordMain.groovy:117)
	at com.kms.katalon.core.webui.keyword.internal.WebUIKeywordMain.runKeyword(WebUIKeywordMain.groovy:43)
	at com.kms.katalon.core.webui.keyword.builtin.OpenBrowserKeyword.openBrowser(OpenBrowserKeyword.groovy:82)
	at com.kms.katalon.core.webui.keyword.builtin.OpenBrowserKeyword.execute(OpenBrowserKeyword.groovy:68)
	at com.kms.katalon.core.keyword.internal.KeywordExecutor.executeKeywordForPlatform(KeywordExecutor.groovy:74)
	at com.kms.katalon.core.webui.keyword.WebUiBuiltInKeywords.openBrowser(WebUiBuiltInKeywords.groovy:64)
	at Principal-home.run(Principal-home:20)
	at com.kms.katalon.core.main.ScriptEngine.run(ScriptEngine.java:194)
	at com.kms.katalon.core.main.ScriptEngine.runScriptAsRawText(ScriptEngine.java:119)
	at com.kms.katalon.core.main.TestCaseExecutor.runScript(TestCaseExecutor.java:448)
	at com.kms.katalon.core.main.TestCaseExecutor.doExecute(TestCaseExecutor.java:439)
	at com.kms.katalon.core.main.TestCaseExecutor.processExecutionPhase(TestCaseExecutor.java:418)
	at com.kms.katalon.core.main.TestCaseExecutor.accessMainPhase(TestCaseExecutor.java:410)
	at com.kms.katalon.core.main.TestCaseExecutor.execute(TestCaseExecutor.java:285)
	at com.kms.katalon.core.main.TestCaseMain.runTestCase(TestCaseMain.java:137)
	at com.kms.katalon.core.keyword.builtin.CallTestCaseKeyword$_callTestCase_closure1.doCall(CallTestCaseKeyword.groovy:59)
	... 24 more
Caused by: org.openqa.selenium.SessionNotCreatedException: Failed to set preferences: unknown error
Build info: version: '3.141.59', revision: 'unknown', time: 'unknown'
System info: host: 'DESKTOP-RGFFP9A', ip: '10.136.10.6', os.name: 'Windows 11', os.arch: 'amd64', os.version: '10.0', java.version: '17.0.7'
Driver info: driver.version: CGeckoDriver
remote stacktrace: 
	at java.base/jdk.internal.reflect.NativeConstructorAccessorImpl.newInstance0(Native Method)
	at java.base/jdk.internal.reflect.NativeConstructorAccessorImpl.newInstance(NativeConstructorAccessorImpl.java:77)
	at java.base/jdk.internal.reflect.DelegatingConstructorAccessorImpl.newInstance(DelegatingConstructorAccessorImpl.java:45)
	at org.openqa.selenium.remote.W3CHandshakeResponse.lambda$errorHandler$0(W3CHandshakeResponse.java:62)
	at org.openqa.selenium.remote.HandshakeResponse.lambda$getResponseFunction$0(HandshakeResponse.java:30)
	at org.openqa.selenium.remote.ProtocolHandshake.lambda$createSession$0(ProtocolHandshake.java:126)
	at org.openqa.selenium.remote.ProtocolHandshake.createSession(ProtocolHandshake.java:128)
	at org.openqa.selenium.remote.ProtocolHandshake.createSession(ProtocolHandshake.java:74)
	at org.openqa.selenium.remote.HttpCommandExecutor.execute(HttpCommandExecutor.java:136)
	at org.openqa.selenium.remote.service.DriverCommandExecutor.execute(DriverCommandExecutor.java:83)
	at org.openqa.selenium.remote.RemoteWebDriver.execute(RemoteWebDriver.java:552)
	at com.kms.katalon.selenium.driver.CFirefoxDriver.execute(CFirefoxDriver.java:28)
	at org.openqa.selenium.remote.RemoteWebDriver.startSession(RemoteWebDriver.java:213)
	at org.openqa.selenium.remote.RemoteWebDriver.<init>(RemoteWebDriver.java:131)
	at org.openqa.selenium.firefox.FirefoxDriver.<init>(FirefoxDriver.java:147)
	at com.kms.katalon.selenium.driver.CFirefoxDriver.<init>(CFirefoxDriver.java:22)
	at com.kms.katalon.core.webui.driver.firefox.CGeckoDriver.<init>(CGeckoDriver.java:12)
	at com.kms.katalon.core.webui.driver.firefox.CGeckoDriver.from(CGeckoDriver.java:17)
	at com.kms.katalon.core.webui.driver.DriverFactory.createNewFirefoxDriver(DriverFactory.java:724)
	at com.kms.katalon.core.webui.driver.DriverFactory.startNewBrowser(DriverFactory.java:375)
	at com.kms.katalon.core.webui.driver.DriverFactory.openWebDriver(DriverFactory.java:273)
	at com.kms.katalon.core.webui.keyword.builtin.OpenBrowserKeyword$_openBrowser_closure1.doCall(OpenBrowserKeyword.groovy:75)
	at com.kms.katalon.core.webui.keyword.builtin.OpenBrowserKeyword$_openBrowser_closure1.call(OpenBrowserKeyword.groovy)
	at com.kms.katalon.core.webui.keyword.internal.WebUIKeywordMain.runKeyword(WebUIKeywordMain.groovy:35)
	... 38 more
)]]></system-out>
         <system-err><![CDATA[27-11-2024T17:31:20 - [TEST_CASE][FAILED] - Test Cases/2.Positivos/2.1Paquete/Origen-Lima/Difuninado-Consignado: Test Cases/2.Positivos/2.1Paquete/Origen-Lima/Difuninado-Consignado FAILED.
Reason:
com.kms.katalon.core.exception.StepFailedException: Call Test Case 'Test Cases/1.Inicio/1.1Principal/Principal-home' failed
	at com.kms.katalon.core.keyword.builtin.CallTestCaseKeyword$_callTestCase_closure1.doCall(CallTestCaseKeyword.groovy:63)
	at com.kms.katalon.core.keyword.builtin.CallTestCaseKeyword$_callTestCase_closure1.call(CallTestCaseKeyword.groovy)
	at com.kms.katalon.core.keyword.internal.KeywordMain.runKeyword(KeywordMain.groovy:75)
	at com.kms.katalon.core.keyword.builtin.CallTestCaseKeyword.callTestCase(CallTestCaseKeyword.groovy:81)
	at com.kms.katalon.core.keyword.builtin.CallTestCaseKeyword.execute(CallTestCaseKeyword.groovy:44)
	at com.kms.katalon.core.keyword.internal.KeywordExecutor.executeKeywordForPlatform(KeywordExecutor.groovy:74)
	at com.kms.katalon.core.keyword.BuiltinKeywords.callTestCase(BuiltinKeywords.groovy:310)
	at jdk.internal.reflect.GeneratedMethodAccessor25.invoke(Unknown Source)
	at java.base/jdk.internal.reflect.DelegatingMethodAccessorImpl.invoke(DelegatingMethodAccessorImpl.java:43)
	at Difuninado-Consignado.run(Difuninado-Consignado:20)
	at com.kms.katalon.core.main.ScriptEngine.run(ScriptEngine.java:194)
	at com.kms.katalon.core.main.ScriptEngine.runScriptAsRawText(ScriptEngine.java:119)
	at com.kms.katalon.core.main.TestCaseExecutor.runScript(TestCaseExecutor.java:448)
	at com.kms.katalon.core.main.TestCaseExecutor.doExecute(TestCaseExecutor.java:439)
	at com.kms.katalon.core.main.TestCaseExecutor.processExecutionPhase(TestCaseExecutor.java:418)
	at com.kms.katalon.core.main.TestCaseExecutor.accessMainPhase(TestCaseExecutor.java:410)
	at com.kms.katalon.core.main.TestCaseExecutor.execute(TestCaseExecutor.java:285)
	at com.kms.katalon.core.common.CommonExecutor.accessTestCaseMainPhase(CommonExecutor.java:65)
	at com.kms.katalon.core.main.TestSuiteExecutor.accessTestSuiteMainPhase(TestSuiteExecutor.java:150)
	at com.kms.katalon.core.main.TestSuiteExecutor.execute(TestSuiteExecutor.java:106)
	at com.kms.katalon.core.main.TestCaseMain.startTestSuite(TestCaseMain.java:180)
	at TempTestSuite1732745349578.run(TempTestSuite1732745349578.groovy:35)
	at java.base/jdk.internal.reflect.NativeMethodAccessorImpl.invoke0(Native Method)
	at java.base/jdk.internal.reflect.NativeMethodAccessorImpl.invoke(NativeMethodAccessorImpl.java:77)
	at java.base/jdk.internal.reflect.DelegatingMethodAccessorImpl.invoke(DelegatingMethodAccessorImpl.java:43)
Caused by: com.kms.katalon.core.exception.StepFailedException: Unable to open browser with url: ''
	at com.kms.katalon.core.webui.keyword.internal.WebUIKeywordMain.stepFailed(WebUIKeywordMain.groovy:117)
	at com.kms.katalon.core.webui.keyword.internal.WebUIKeywordMain.runKeyword(WebUIKeywordMain.groovy:43)
	at com.kms.katalon.core.webui.keyword.builtin.OpenBrowserKeyword.openBrowser(OpenBrowserKeyword.groovy:82)
	at com.kms.katalon.core.webui.keyword.builtin.OpenBrowserKeyword.execute(OpenBrowserKeyword.groovy:68)
	at com.kms.katalon.core.keyword.internal.KeywordExecutor.executeKeywordForPlatform(KeywordExecutor.groovy:74)
	at com.kms.katalon.core.webui.keyword.WebUiBuiltInKeywords.openBrowser(WebUiBuiltInKeywords.groovy:64)
	at Principal-home.run(Principal-home:20)
	at com.kms.katalon.core.main.ScriptEngine.run(ScriptEngine.java:194)
	at com.kms.katalon.core.main.ScriptEngine.runScriptAsRawText(ScriptEngine.java:119)
	at com.kms.katalon.core.main.TestCaseExecutor.runScript(TestCaseExecutor.java:448)
	at com.kms.katalon.core.main.TestCaseExecutor.doExecute(TestCaseExecutor.java:439)
	at com.kms.katalon.core.main.TestCaseExecutor.processExecutionPhase(TestCaseExecutor.java:418)
	at com.kms.katalon.core.main.TestCaseExecutor.accessMainPhase(TestCaseExecutor.java:410)
	at com.kms.katalon.core.main.TestCaseExecutor.execute(TestCaseExecutor.java:285)
	at com.kms.katalon.core.main.TestCaseMain.runTestCase(TestCaseMain.java:137)
	at com.kms.katalon.core.keyword.builtin.CallTestCaseKeyword$_callTestCase_closure1.doCall(CallTestCaseKeyword.groovy:59)
	... 24 more
Caused by: org.openqa.selenium.SessionNotCreatedException: Failed to set preferences: unknown error
Build info: version: '3.141.59', revision: 'unknown', time: 'unknown'
System info: host: 'DESKTOP-RGFFP9A', ip: '10.136.10.6', os.name: 'Windows 11', os.arch: 'amd64', os.version: '10.0', java.version: '17.0.7'
Driver info: driver.version: CGeckoDriver
remote stacktrace: 
	at java.base/jdk.internal.reflect.NativeConstructorAccessorImpl.newInstance0(Native Method)
	at java.base/jdk.internal.reflect.NativeConstructorAccessorImpl.newInstance(NativeConstructorAccessorImpl.java:77)
	at java.base/jdk.internal.reflect.DelegatingConstructorAccessorImpl.newInstance(DelegatingConstructorAccessorImpl.java:45)
	at org.openqa.selenium.remote.W3CHandshakeResponse.lambda$errorHandler$0(W3CHandshakeResponse.java:62)
	at org.openqa.selenium.remote.HandshakeResponse.lambda$getResponseFunction$0(HandshakeResponse.java:30)
	at org.openqa.selenium.remote.ProtocolHandshake.lambda$createSession$0(ProtocolHandshake.java:126)
	at org.openqa.selenium.remote.ProtocolHandshake.createSession(ProtocolHandshake.java:128)
	at org.openqa.selenium.remote.ProtocolHandshake.createSession(ProtocolHandshake.java:74)
	at org.openqa.selenium.remote.HttpCommandExecutor.execute(HttpCommandExecutor.java:136)
	at org.openqa.selenium.remote.service.DriverCommandExecutor.execute(DriverCommandExecutor.java:83)
	at org.openqa.selenium.remote.RemoteWebDriver.execute(RemoteWebDriver.java:552)
	at com.kms.katalon.selenium.driver.CFirefoxDriver.execute(CFirefoxDriver.java:28)
	at org.openqa.selenium.remote.RemoteWebDriver.startSession(RemoteWebDriver.java:213)
	at org.openqa.selenium.remote.RemoteWebDriver.<init>(RemoteWebDriver.java:131)
	at org.openqa.selenium.firefox.FirefoxDriver.<init>(FirefoxDriver.java:147)
	at com.kms.katalon.selenium.driver.CFirefoxDriver.<init>(CFirefoxDriver.java:22)
	at com.kms.katalon.core.webui.driver.firefox.CGeckoDriver.<init>(CGeckoDriver.java:12)
	at com.kms.katalon.core.webui.driver.firefox.CGeckoDriver.from(CGeckoDriver.java:17)
	at com.kms.katalon.core.webui.driver.DriverFactory.createNewFirefoxDriver(DriverFactory.java:724)
	at com.kms.katalon.core.webui.driver.DriverFactory.startNewBrowser(DriverFactory.java:375)
	at com.kms.katalon.core.webui.driver.DriverFactory.openWebDriver(DriverFactory.java:273)
	at com.kms.katalon.core.webui.keyword.builtin.OpenBrowserKeyword$_openBrowser_closure1.doCall(OpenBrowserKeyword.groovy:75)
	at com.kms.katalon.core.webui.keyword.builtin.OpenBrowserKeyword$_openBrowser_closure1.call(OpenBrowserKeyword.groovy)
	at com.kms.katalon.core.webui.keyword.internal.WebUIKeywordMain.runKeyword(WebUIKeywordMain.groovy:35)
	... 38 more]]></system-err>
      </testcase>
      <testcase name="Test Cases/2.Positivos/2.1Paquete/Origen-Lima/Agregar-Envios" time="81.698" classname="Test Cases/2.Positivos/2.1Paquete/Origen-Lima/Agregar-Envios" status="PASSED">
         <system-out><![CDATA[27-11-2024T17:31:26 - [TEST_CASE][PASSED] - Test Cases/2.Positivos/2.1Paquete/Origen-Lima/Agregar-Envios: Test Cases/2.Positivos/2.1Paquete/Origen-Lima/Agregar-Envios

27-11-2024T17:31:26 - [TEST_STEP][PASSED] - callTestCase(findTestCase("1.Inicio/1.1Principal/Principal-home"), [:], STOP_ON_FAILURE): Call Test Case 'Test Cases/1.Inicio/1.1Principal/Principal-home' successfully

27-11-2024T17:31:27 - [TEST_CASE][PASSED] - Test Cases/1.Inicio/1.1Principal/Principal-home: Test Cases/1.Inicio/1.1Principal/Principal-home

27-11-2024T17:31:27 - [TEST_STEP][PASSED] - openBrowser(""): Browser is opened with url: ''

27-11-2024T17:31:27 - [MESSAGE][INFO] - Starting 'Firefox' driver

27-11-2024T17:31:27 - [MESSAGE][INFO] - Action delay is set to 0 milliseconds

27-11-2024T17:31:38 - [MESSAGE][PASSED] - Browser is opened with url: ''

27-11-2024T17:31:38 - [TEST_STEP][PASSED] - navigateToUrl("https://dev01-registrodeenvios.olvacourier.com/principal"): Navigate to 'https://dev01-registrodeenvios.olvacourier.com/principal' successfully

27-11-2024T17:31:41 - [MESSAGE][PASSED] - Navigate to 'https://dev01-registrodeenvios.olvacourier.com/principal' successfully

27-11-2024T17:31:41 - [TEST_STEP][PASSED] - maximizeWindow(): Current window maximized

27-11-2024T17:31:41 - [MESSAGE][PASSED] - Current window maximized

27-11-2024T17:31:41 - [MESSAGE][PASSED] - Call Test Case 'Test Cases/1.Inicio/1.1Principal/Principal-home' successfully

27-11-2024T17:31:41 - [TEST_STEP][PASSED] - callTestCase(findTestCase("1.Inicio/1.1Principal/Selec_paquete"), [:], STOP_ON_FAILURE): Call Test Case 'Test Cases/1.Inicio/1.1Principal/Selec_paquete' successfully

27-11-2024T17:31:41 - [TEST_CASE][PASSED] - Test Cases/1.Inicio/1.1Principal/Selec_paquete: Test Cases/1.Inicio/1.1Principal/Selec_paquete

27-11-2024T17:31:41 - [TEST_STEP][PASSED] - click(findTestObject("Object Repository/Principal/Page_Olva Courier  Home/img_Qu deseas realizar hoy_img_paquete")): Object: 'Object Repository/Principal/Page_Olva Courier  Home/img_Qu deseas realizar hoy_img_paquete' is clicked on

27-11-2024T17:31:41 - [MESSAGE][PASSED] - Object: 'Object Repository/Principal/Page_Olva Courier  Home/img_Qu deseas realizar hoy_img_paquete' is clicked on

27-11-2024T17:31:41 - [TEST_STEP][PASSED] - click(findTestObject("Object Repository/Principal/Page_Olva Courier  Home/span_He ledo y acepto los_checkmark (1)")): Object: 'Object Repository/Principal/Page_Olva Courier  Home/span_He ledo y acepto los_checkmark (1)' is clicked on

27-11-2024T17:31:42 - [MESSAGE][PASSED] - Object: 'Object Repository/Principal/Page_Olva Courier  Home/span_He ledo y acepto los_checkmark (1)' is clicked on

27-11-2024T17:31:42 - [TEST_STEP][PASSED] - click(findTestObject("Object Repository/Principal/Page_Olva Courier  Home/button_CONTINUAR (1)")): Object: 'Object Repository/Principal/Page_Olva Courier  Home/button_CONTINUAR (1)' is clicked on

27-11-2024T17:31:45 - [MESSAGE][PASSED] - Object: 'Object Repository/Principal/Page_Olva Courier  Home/button_CONTINUAR (1)' is clicked on

27-11-2024T17:31:45 - [TEST_STEP][PASSED] - verifyElementPresent(findTestObject("Object Repository/Principal/Page_Olva Courier  Datos Personales/strong_REGISTRO DE ENVOS"), 0): Object 'Object Repository/Principal/Page_Olva Courier  Datos Personales/strong_REGISTRO DE ENVOS' is present

27-11-2024T17:31:45 - [MESSAGE][WARNING] - Timeout '0' is invalid. Using default page load timeout: '30'

27-11-2024T17:31:45 - [MESSAGE][PASSED] - Object 'Object Repository/Principal/Page_Olva Courier  Datos Personales/strong_REGISTRO DE ENVOS' is present

27-11-2024T17:31:45 - [TEST_STEP][PASSED] - verifyElementPresent(findTestObject("Object Repository/Principal/Page_Olva Courier  Datos Personales/span_Regresar (1)"), 0): Object 'Object Repository/Principal/Page_Olva Courier  Datos Personales/span_Regresar (1)' is present

27-11-2024T17:31:45 - [MESSAGE][WARNING] - Timeout '0' is invalid. Using default page load timeout: '30'

27-11-2024T17:31:46 - [MESSAGE][PASSED] - Object 'Object Repository/Principal/Page_Olva Courier  Datos Personales/span_Regresar (1)' is present

27-11-2024T17:31:46 - [TEST_STEP][PASSED] - verifyElementPresent(findTestObject("Object Repository/Principal/Page_Olva Courier  Datos Personales/span_Inicio (1)"), 0): Object 'Object Repository/Principal/Page_Olva Courier  Datos Personales/span_Inicio (1)' is present

27-11-2024T17:31:46 - [MESSAGE][WARNING] - Timeout '0' is invalid. Using default page load timeout: '30'

27-11-2024T17:31:46 - [MESSAGE][PASSED] - Object 'Object Repository/Principal/Page_Olva Courier  Datos Personales/span_Inicio (1)' is present

27-11-2024T17:31:46 - [MESSAGE][PASSED] - Call Test Case 'Test Cases/1.Inicio/1.1Principal/Selec_paquete' successfully

27-11-2024T17:31:46 - [TEST_STEP][PASSED] - callTestCase(findTestCase("1.Inicio/1.2Tipo_Doc/2.DNI_Colab"), [:], STOP_ON_FAILURE): Call Test Case 'Test Cases/1.Inicio/1.2Tipo_Doc/2.DNI_Colab' successfully

27-11-2024T17:31:46 - [TEST_CASE][PASSED] - Test Cases/1.Inicio/1.2Tipo_Doc/2.DNI_Colab: Test Cases/1.Inicio/1.2Tipo_Doc/2.DNI_Colab

27-11-2024T17:31:46 - [TEST_STEP][PASSED] - click(findTestObject("Object Repository/Login/Page_Olva Courier  Datos Personales/button_Tipo De Documento")): Object: 'Object Repository/Login/Page_Olva Courier  Datos Personales/button_Tipo De Documento' is clicked on

27-11-2024T17:31:47 - [MESSAGE][PASSED] - Object: 'Object Repository/Login/Page_Olva Courier  Datos Personales/button_Tipo De Documento' is clicked on

27-11-2024T17:31:47 - [TEST_STEP][PASSED] - click(findTestObject("Object Repository/Login/Page_Olva Courier  Datos Personales/span_DNI (Boleta)")): Object: 'Object Repository/Login/Page_Olva Courier  Datos Personales/span_DNI (Boleta)' is clicked on

27-11-2024T17:31:47 - [MESSAGE][PASSED] - Object: 'Object Repository/Login/Page_Olva Courier  Datos Personales/span_DNI (Boleta)' is clicked on

27-11-2024T17:31:47 - [TEST_STEP][PASSED] - setText(findTestObject("Object Repository/Login/Page_Olva Courier  Datos Personales/input_CARN EXT. (Boleta)_txt_documento_cliente"), "71735764"): Text '71735764' is set on object 'Object Repository/Login/Page_Olva Courier  Datos Personales/input_CARN EXT. (Boleta)_txt_documento_cliente'

27-11-2024T17:31:48 - [MESSAGE][PASSED] - Text '71735764' is set on object 'Object Repository/Login/Page_Olva Courier  Datos Personales/input_CARN EXT. (Boleta)_txt_documento_cliente'

27-11-2024T17:31:48 - [TEST_STEP][PASSED] - delay(3): Delayed 3 second(s)

27-11-2024T17:31:51 - [MESSAGE][PASSED] - Delayed 3 second(s)

27-11-2024T17:31:51 - [TEST_STEP][PASSED] - verifyElementText(findTestObject("Object Repository/Login/Page_Olva Courier  Datos Personales/p_PROMO COLABORADOR"), "¡PROMO COLABORADOR!"): Actual text and expected text of test object 'Object Repository/Login/Page_Olva Courier  Datos Personales/p_PROMO COLABORADOR' are matched.

27-11-2024T17:31:56 - [MESSAGE][PASSED] - Actual text and expected text of test object 'Object Repository/Login/Page_Olva Courier  Datos Personales/p_PROMO COLABORADOR' are matched.

27-11-2024T17:31:56 - [TEST_STEP][PASSED] - delay(3): Delayed 3 second(s)

27-11-2024T17:31:59 - [MESSAGE][PASSED] - Delayed 3 second(s)

27-11-2024T17:31:59 - [TEST_STEP][PASSED] - click(findTestObject("Object Repository/Login/Page_Olva Courier  Datos Personales/span_")): Object: 'Object Repository/Login/Page_Olva Courier  Datos Personales/span_' is clicked on

27-11-2024T17:31:59 - [MESSAGE][PASSED] - Object: 'Object Repository/Login/Page_Olva Courier  Datos Personales/span_' is clicked on

27-11-2024T17:31:59 - [MESSAGE][PASSED] - Call Test Case 'Test Cases/1.Inicio/1.2Tipo_Doc/2.DNI_Colab' successfully

27-11-2024T17:31:59 - [TEST_STEP][PASSED] - click(findTestObject("Object Repository/Positivos/Page_Olva Courier  Datos Personales/span_Seleccionar artculo")): Object: 'Object Repository/Positivos/Page_Olva Courier  Datos Personales/span_Seleccionar artculo' is clicked on

27-11-2024T17:32:00 - [MESSAGE][PASSED] - Object: 'Object Repository/Positivos/Page_Olva Courier  Datos Personales/span_Seleccionar artculo' is clicked on

27-11-2024T17:32:00 - [TEST_STEP][PASSED] - click(findTestObject("Object Repository/Positivos/Page_Olva Courier  Datos Personales/span_ACCESORIOS Y EQUIPOS ELECTRONICOS")): Object: 'Object Repository/Positivos/Page_Olva Courier  Datos Personales/span_ACCESORIOS Y EQUIPOS ELECTRONICOS' is clicked on

27-11-2024T17:32:00 - [MESSAGE][PASSED] - Object: 'Object Repository/Positivos/Page_Olva Courier  Datos Personales/span_ACCESORIOS Y EQUIPOS ELECTRONICOS' is clicked on

27-11-2024T17:32:00 - [TEST_STEP][PASSED] - setText(findTestObject("Object Repository/Positivos/Page_Olva Courier  Datos Personales/input_UTILES DE OFICINA_txt_paquete_articulo"), "PRUEBAs"): Text 'PRUEBAs' is set on object 'Object Repository/Positivos/Page_Olva Courier  Datos Personales/input_UTILES DE OFICINA_txt_paquete_articulo'

27-11-2024T17:32:01 - [MESSAGE][PASSED] - Text 'PRUEBAs' is set on object 'Object Repository/Positivos/Page_Olva Courier  Datos Personales/input_UTILES DE OFICINA_txt_paquete_articulo'

27-11-2024T17:32:01 - [TEST_STEP][PASSED] - setText(findTestObject("Object Repository/Positivos/Page_Olva Courier  Datos Personales/input_UTILES DE OFICINA_txt_paquete_valor"), "20"): Text '20' is set on object 'Object Repository/Positivos/Page_Olva Courier  Datos Personales/input_UTILES DE OFICINA_txt_paquete_valor'

27-11-2024T17:32:02 - [MESSAGE][PASSED] - Text '20' is set on object 'Object Repository/Positivos/Page_Olva Courier  Datos Personales/input_UTILES DE OFICINA_txt_paquete_valor'

27-11-2024T17:32:02 - [TEST_STEP][PASSED] - click(findTestObject("Object Repository/Positivos/Page_Olva Courier  Datos Personales/b_1Kg")): Object: 'Object Repository/Positivos/Page_Olva Courier  Datos Personales/b_1Kg' is clicked on

27-11-2024T17:32:03 - [MESSAGE][PASSED] - Object: 'Object Repository/Positivos/Page_Olva Courier  Datos Personales/b_1Kg' is clicked on

27-11-2024T17:32:03 - [TEST_STEP][PASSED] - scrollToElement(findTestObject("Object Repository/Positivos/Page_Olva Courier  Datos Personales/span_Ingrese el punto de llegada"), 0): Scroll to object 'Object Repository/Positivos/Page_Olva Courier  Datos Personales/span_Ingrese el punto de llegada' successfully

27-11-2024T17:32:03 - [MESSAGE][WARNING] - Timeout '0' is invalid. Using default page load timeout: '30'

27-11-2024T17:32:03 - [MESSAGE][PASSED] - Scroll to object 'Object Repository/Positivos/Page_Olva Courier  Datos Personales/span_Ingrese el punto de llegada' successfully

27-11-2024T17:32:03 - [TEST_STEP][PASSED] - click(findTestObject("Object Repository/Positivos/Page_Olva Courier  Datos Personales/span_Ingrese el punto de llegada")): Object: 'Object Repository/Positivos/Page_Olva Courier  Datos Personales/span_Ingrese el punto de llegada' is clicked on

27-11-2024T17:32:05 - [MESSAGE][PASSED] - Object: 'Object Repository/Positivos/Page_Olva Courier  Datos Personales/span_Ingrese el punto de llegada' is clicked on

27-11-2024T17:32:05 - [TEST_STEP][PASSED] - click(findTestObject("Object Repository/Positivos/Page_Olva Courier  Datos Personales/span_AMAZONAS - BAGUA - BAGUA")): Object: 'Object Repository/Positivos/Page_Olva Courier  Datos Personales/span_AMAZONAS - BAGUA - BAGUA' is clicked on

27-11-2024T17:32:06 - [MESSAGE][PASSED] - Object: 'Object Repository/Positivos/Page_Olva Courier  Datos Personales/span_AMAZONAS - BAGUA - BAGUA' is clicked on

27-11-2024T17:32:06 - [TEST_STEP][PASSED] - click(findTestObject("Object Repository/Positivos/Page_Olva Courier  Datos Personales/span_Tipo de entrega")): Object: 'Object Repository/Positivos/Page_Olva Courier  Datos Personales/span_Tipo de entrega' is clicked on

27-11-2024T17:32:07 - [MESSAGE][PASSED] - Object: 'Object Repository/Positivos/Page_Olva Courier  Datos Personales/span_Tipo de entrega' is clicked on

27-11-2024T17:32:07 - [TEST_STEP][PASSED] - click(findTestObject("Object Repository/Positivos/Page_Olva Courier  Datos Personales/a_Recojo en tienda")): Object: 'Object Repository/Positivos/Page_Olva Courier  Datos Personales/a_Recojo en tienda' is clicked on

27-11-2024T17:32:08 - [MESSAGE][PASSED] - Object: 'Object Repository/Positivos/Page_Olva Courier  Datos Personales/a_Recojo en tienda' is clicked on

27-11-2024T17:32:08 - [TEST_STEP][PASSED] - click(findTestObject("Object Repository/Positivos/Page_Olva Courier  Datos Personales/span_Tienda")): Object: 'Object Repository/Positivos/Page_Olva Courier  Datos Personales/span_Tienda' is clicked on

27-11-2024T17:32:09 - [MESSAGE][PASSED] - Object: 'Object Repository/Positivos/Page_Olva Courier  Datos Personales/span_Tienda' is clicked on

27-11-2024T17:32:09 - [TEST_STEP][PASSED] - click(findTestObject("Object Repository/Positivos/Page_Olva Courier  Datos Personales/span_BAGUA CHICA - BAGUA - PJ ALFONSO UGART_d3a165")): Object: 'Object Repository/Positivos/Page_Olva Courier  Datos Personales/span_BAGUA CHICA - BAGUA - PJ ALFONSO UGART_d3a165' is clicked on

27-11-2024T17:32:10 - [MESSAGE][PASSED] - Object: 'Object Repository/Positivos/Page_Olva Courier  Datos Personales/span_BAGUA CHICA - BAGUA - PJ ALFONSO UGART_d3a165' is clicked on

27-11-2024T17:32:10 - [TEST_STEP][PASSED] - click(findTestObject("Object Repository/Positivos/Page_Olva Courier  Datos Personales/span_Tipo De Documento_1")): Object: 'Object Repository/Positivos/Page_Olva Courier  Datos Personales/span_Tipo De Documento_1' is clicked on

27-11-2024T17:32:10 - [MESSAGE][PASSED] - Object: 'Object Repository/Positivos/Page_Olva Courier  Datos Personales/span_Tipo De Documento_1' is clicked on

27-11-2024T17:32:10 - [TEST_STEP][PASSED] - click(findTestObject("Object Repository/Positivos/Page_Olva Courier  Datos Personales/a_DNI")): Object: 'Object Repository/Positivos/Page_Olva Courier  Datos Personales/a_DNI' is clicked on

27-11-2024T17:32:11 - [MESSAGE][PASSED] - Object: 'Object Repository/Positivos/Page_Olva Courier  Datos Personales/a_DNI' is clicked on

27-11-2024T17:32:11 - [TEST_STEP][PASSED] - setText(findTestObject("Object Repository/Positivos/Page_Olva Courier  Datos Personales/input_CARN EXT_txt_consignado_dni"), "71735785"): Text '71735785' is set on object 'Object Repository/Positivos/Page_Olva Courier  Datos Personales/input_CARN EXT_txt_consignado_dni'

27-11-2024T17:32:11 - [MESSAGE][PASSED] - Text '71735785' is set on object 'Object Repository/Positivos/Page_Olva Courier  Datos Personales/input_CARN EXT_txt_consignado_dni'

27-11-2024T17:32:11 - [TEST_STEP][PASSED] - scrollToElement(findTestObject("Object Repository/Positivos/Page_Olva Courier  Datos Personales/button_CONTINUAR"), 0): Scroll to object 'Object Repository/Positivos/Page_Olva Courier  Datos Personales/button_CONTINUAR' successfully

27-11-2024T17:32:11 - [MESSAGE][WARNING] - Timeout '0' is invalid. Using default page load timeout: '30'

27-11-2024T17:32:12 - [MESSAGE][PASSED] - Scroll to object 'Object Repository/Positivos/Page_Olva Courier  Datos Personales/button_CONTINUAR' successfully

27-11-2024T17:32:12 - [TEST_STEP][PASSED] - click(findTestObject("Object Repository/Positivos/Page_Olva Courier  Datos Personales/button_CONTINUAR")): Object: 'Object Repository/Positivos/Page_Olva Courier  Datos Personales/button_CONTINUAR' is clicked on

27-11-2024T17:32:13 - [MESSAGE][PASSED] - Object: 'Object Repository/Positivos/Page_Olva Courier  Datos Personales/button_CONTINUAR' is clicked on

27-11-2024T17:32:13 - [TEST_STEP][PASSED] - click(findTestObject("Object Repository/Positivos/Page_Olva Courier  Confirma tus datos/a_AGREGAR ENVOS")): Object: 'Object Repository/Positivos/Page_Olva Courier  Confirma tus datos/a_AGREGAR ENVOS' is clicked on

27-11-2024T17:32:15 - [MESSAGE][PASSED] - Object: 'Object Repository/Positivos/Page_Olva Courier  Confirma tus datos/a_AGREGAR ENVOS' is clicked on

27-11-2024T17:32:15 - [TEST_STEP][PASSED] - click(findTestObject("Object Repository/Positivos/Page_Olva Courier  Home/img_Envo de cajas o paquetescon un peso mxi_37770f")): Object: 'Object Repository/Positivos/Page_Olva Courier  Home/img_Envo de cajas o paquetescon un peso mxi_37770f' is clicked on

27-11-2024T17:32:15 - [MESSAGE][PASSED] - Object: 'Object Repository/Positivos/Page_Olva Courier  Home/img_Envo de cajas o paquetescon un peso mxi_37770f' is clicked on

27-11-2024T17:32:15 - [TEST_STEP][PASSED] - click(findTestObject("Object Repository/Positivos/Page_Olva Courier  Home/button_CONTINUAR")): Object: 'Object Repository/Positivos/Page_Olva Courier  Home/button_CONTINUAR' is clicked on

27-11-2024T17:32:16 - [MESSAGE][PASSED] - Object: 'Object Repository/Positivos/Page_Olva Courier  Home/button_CONTINUAR' is clicked on

27-11-2024T17:32:16 - [TEST_STEP][PASSED] - click(findTestObject("Object Repository/Positivos/Page_Olva Courier  Datos Personales/span_")): Object: 'Object Repository/Positivos/Page_Olva Courier  Datos Personales/span_' is clicked on

27-11-2024T17:32:21 - [MESSAGE][PASSED] - Object: 'Object Repository/Positivos/Page_Olva Courier  Datos Personales/span_' is clicked on

27-11-2024T17:32:21 - [TEST_STEP][PASSED] - setText(findTestObject("Object Repository/Positivos/Page_Olva Courier  Datos Personales/input_Qu Envas_input_descripcion"), "FDFd"): Text 'FDFd' is set on object 'Object Repository/Positivos/Page_Olva Courier  Datos Personales/input_Qu Envas_input_descripcion'

27-11-2024T17:32:22 - [MESSAGE][PASSED] - Text 'FDFd' is set on object 'Object Repository/Positivos/Page_Olva Courier  Datos Personales/input_Qu Envas_input_descripcion'

27-11-2024T17:32:22 - [TEST_STEP][PASSED] - setText(findTestObject("Object Repository/Positivos/Page_Olva Courier  Datos Personales/input_Qu Envas_input_valor"), "20"): Text '20' is set on object 'Object Repository/Positivos/Page_Olva Courier  Datos Personales/input_Qu Envas_input_valor'

27-11-2024T17:32:22 - [MESSAGE][PASSED] - Text '20' is set on object 'Object Repository/Positivos/Page_Olva Courier  Datos Personales/input_Qu Envas_input_valor'

27-11-2024T17:32:22 - [TEST_STEP][PASSED] - click(findTestObject("Object Repository/Positivos/Page_Olva Courier  Datos Personales/button_Ingrese el punto de llegada")): Object: 'Object Repository/Positivos/Page_Olva Courier  Datos Personales/button_Ingrese el punto de llegada' is clicked on

27-11-2024T17:32:24 - [MESSAGE][PASSED] - Object: 'Object Repository/Positivos/Page_Olva Courier  Datos Personales/button_Ingrese el punto de llegada' is clicked on

27-11-2024T17:32:24 - [TEST_STEP][PASSED] - click(findTestObject("Object Repository/Positivos/Page_Olva Courier  Datos Personales/span_AMAZONAS - BAGUA - EL PARCO")): Object: 'Object Repository/Positivos/Page_Olva Courier  Datos Personales/span_AMAZONAS - BAGUA - EL PARCO' is clicked on

27-11-2024T17:32:28 - [MESSAGE][PASSED] - Object: 'Object Repository/Positivos/Page_Olva Courier  Datos Personales/span_AMAZONAS - BAGUA - EL PARCO' is clicked on

27-11-2024T17:32:28 - [TEST_STEP][PASSED] - scrollToElement(findTestObject("Object Repository/Positivos/Page_Olva Courier  Datos Personales/span_Tipo De Documento_1"), 0): Scroll to object 'Object Repository/Positivos/Page_Olva Courier  Datos Personales/span_Tipo De Documento_1' successfully

27-11-2024T17:32:28 - [MESSAGE][WARNING] - Timeout '0' is invalid. Using default page load timeout: '30'

27-11-2024T17:32:28 - [MESSAGE][PASSED] - Scroll to object 'Object Repository/Positivos/Page_Olva Courier  Datos Personales/span_Tipo De Documento_1' successfully

27-11-2024T17:32:28 - [TEST_STEP][PASSED] - click(findTestObject("Object Repository/Positivos/Page_Olva Courier  Datos Personales/span_Tipo De Documento_1")): Object: 'Object Repository/Positivos/Page_Olva Courier  Datos Personales/span_Tipo De Documento_1' is clicked on

27-11-2024T17:32:29 - [MESSAGE][PASSED] - Object: 'Object Repository/Positivos/Page_Olva Courier  Datos Personales/span_Tipo De Documento_1' is clicked on

27-11-2024T17:32:29 - [TEST_STEP][PASSED] - click(findTestObject("Object Repository/Positivos/Page_Olva Courier  Datos Personales/a_DNI")): Object: 'Object Repository/Positivos/Page_Olva Courier  Datos Personales/a_DNI' is clicked on

27-11-2024T17:32:30 - [MESSAGE][PASSED] - Object: 'Object Repository/Positivos/Page_Olva Courier  Datos Personales/a_DNI' is clicked on

27-11-2024T17:32:30 - [TEST_STEP][PASSED] - setText(findTestObject("Object Repository/Positivos/Page_Olva Courier  Datos Personales/input_CARN EXT_txt_consignado_dni"), "71735785"): Text '71735785' is set on object 'Object Repository/Positivos/Page_Olva Courier  Datos Personales/input_CARN EXT_txt_consignado_dni'

27-11-2024T17:32:30 - [MESSAGE][PASSED] - Text '71735785' is set on object 'Object Repository/Positivos/Page_Olva Courier  Datos Personales/input_CARN EXT_txt_consignado_dni'

27-11-2024T17:32:30 - [TEST_STEP][PASSED] - scrollToElement(findTestObject("Object Repository/Positivos/Page_Olva Courier  Datos Personales/button_CONTINUAR"), 0): Scroll to object 'Object Repository/Positivos/Page_Olva Courier  Datos Personales/button_CONTINUAR' successfully

27-11-2024T17:32:30 - [MESSAGE][WARNING] - Timeout '0' is invalid. Using default page load timeout: '30'

27-11-2024T17:32:31 - [MESSAGE][PASSED] - Scroll to object 'Object Repository/Positivos/Page_Olva Courier  Datos Personales/button_CONTINUAR' successfully

27-11-2024T17:32:31 - [TEST_STEP][PASSED] - click(findTestObject("Object Repository/Positivos/Page_Olva Courier  Datos Personales/button_CONTINUAR")): Object: 'Object Repository/Positivos/Page_Olva Courier  Datos Personales/button_CONTINUAR' is clicked on

27-11-2024T17:32:32 - [MESSAGE][PASSED] - Object: 'Object Repository/Positivos/Page_Olva Courier  Datos Personales/button_CONTINUAR' is clicked on

27-11-2024T17:32:32 - [TEST_STEP][PASSED] - scrollToElement(findTestObject("Object Repository/Positivos/Page_Olva Courier  Confirma tus datos/button_IR A PAGAR S 29.00"), 0): Scroll to object 'Object Repository/Positivos/Page_Olva Courier  Confirma tus datos/button_IR A PAGAR S 29.00' successfully

27-11-2024T17:32:32 - [MESSAGE][WARNING] - Timeout '0' is invalid. Using default page load timeout: '30'

27-11-2024T17:32:34 - [MESSAGE][PASSED] - Scroll to object 'Object Repository/Positivos/Page_Olva Courier  Confirma tus datos/button_IR A PAGAR S 29.00' successfully

27-11-2024T17:32:34 - [TEST_STEP][PASSED] - click(findTestObject("Object Repository/Positivos/Page_Olva Courier  Confirma tus datos/button_IR A PAGAR S 29.00")): Object: 'Object Repository/Positivos/Page_Olva Courier  Confirma tus datos/button_IR A PAGAR S 29.00' is clicked on

27-11-2024T17:32:35 - [MESSAGE][PASSED] - Object: 'Object Repository/Positivos/Page_Olva Courier  Confirma tus datos/button_IR A PAGAR S 29.00' is clicked on

27-11-2024T17:32:35 - [TEST_STEP][PASSED] - delay(3): Delayed 3 second(s)

27-11-2024T17:32:38 - [MESSAGE][PASSED] - Delayed 3 second(s)

27-11-2024T17:32:38 - [TEST_STEP][PASSED] - setText(findTestObject("Object Repository/Destinos/Page_Olva Courier  Confirma tus datos/input_Tienes envos con recojo en tienda, se_b85f5d"), "1"): Text '1' is set on object 'Object Repository/Destinos/Page_Olva Courier  Confirma tus datos/input_Tienes envos con recojo en tienda, se_b85f5d'

27-11-2024T17:32:38 - [MESSAGE][PASSED] - Text '1' is set on object 'Object Repository/Destinos/Page_Olva Courier  Confirma tus datos/input_Tienes envos con recojo en tienda, se_b85f5d'

27-11-2024T17:32:38 - [TEST_STEP][PASSED] - setText(findTestObject("Object Repository/Destinos/Page_Olva Courier  Confirma tus datos/input_Tienes envos con recojo en tienda, se_af5936"), "1"): Text '1' is set on object 'Object Repository/Destinos/Page_Olva Courier  Confirma tus datos/input_Tienes envos con recojo en tienda, se_af5936'

27-11-2024T17:32:39 - [MESSAGE][PASSED] - Text '1' is set on object 'Object Repository/Destinos/Page_Olva Courier  Confirma tus datos/input_Tienes envos con recojo en tienda, se_af5936'

27-11-2024T17:32:39 - [TEST_STEP][PASSED] - setText(findTestObject("Object Repository/Destinos/Page_Olva Courier  Confirma tus datos/input_Tienes envos con recojo en tienda, se_653975"), "1"): Text '1' is set on object 'Object Repository/Destinos/Page_Olva Courier  Confirma tus datos/input_Tienes envos con recojo en tienda, se_653975'

27-11-2024T17:32:40 - [MESSAGE][PASSED] - Text '1' is set on object 'Object Repository/Destinos/Page_Olva Courier  Confirma tus datos/input_Tienes envos con recojo en tienda, se_653975'

27-11-2024T17:32:40 - [TEST_STEP][PASSED] - setText(findTestObject("Object Repository/Destinos/Page_Olva Courier  Confirma tus datos/input_Tienes envos con recojo en tienda, se_8615a0"), "1"): Text '1' is set on object 'Object Repository/Destinos/Page_Olva Courier  Confirma tus datos/input_Tienes envos con recojo en tienda, se_8615a0'

27-11-2024T17:32:41 - [MESSAGE][PASSED] - Text '1' is set on object 'Object Repository/Destinos/Page_Olva Courier  Confirma tus datos/input_Tienes envos con recojo en tienda, se_8615a0'

27-11-2024T17:32:41 - [TEST_STEP][PASSED] - click(findTestObject("Object Repository/Destinos/Page_Olva Courier  Confirma tus datos/div_Aceptar")): Object: 'Object Repository/Destinos/Page_Olva Courier  Confirma tus datos/div_Aceptar' is clicked on

27-11-2024T17:32:42 - [MESSAGE][PASSED] - Object: 'Object Repository/Destinos/Page_Olva Courier  Confirma tus datos/div_Aceptar' is clicked on

27-11-2024T17:32:42 - [TEST_STEP][PASSED] - verifyElementPresent(findTestObject("Object Repository/Positivos/Page_Olva Courier  Medios de pago/button_PAGAR"), 0): Object 'Object Repository/Positivos/Page_Olva Courier  Medios de pago/button_PAGAR' is present

27-11-2024T17:32:42 - [MESSAGE][WARNING] - Timeout '0' is invalid. Using default page load timeout: '30'

27-11-2024T17:32:43 - [MESSAGE][PASSED] - Object 'Object Repository/Positivos/Page_Olva Courier  Medios de pago/button_PAGAR' is present

27-11-2024T17:32:43 - [TEST_STEP][PASSED] - callTestCase(findTestCase("1.Inicio/1.3Pago_POS/Pago-exitoso"), [:], STOP_ON_FAILURE): Call Test Case 'Test Cases/1.Inicio/1.3Pago_POS/Pago-exitoso' successfully

27-11-2024T17:32:43 - [TEST_CASE][PASSED] - Test Cases/1.Inicio/1.3Pago_POS/Pago-exitoso: Test Cases/1.Inicio/1.3Pago_POS/Pago-exitoso

27-11-2024T17:32:43 - [TEST_STEP][PASSED] - verifyElementPresent(findTestObject("Object Repository/pago/Page_Olva Courier  Medios de pago/div_Pago con tarjeta de crdito, dbito y Yape"), 0): Object 'Object Repository/pago/Page_Olva Courier  Medios de pago/div_Pago con tarjeta de crdito, dbito y Yape' is present

27-11-2024T17:32:43 - [MESSAGE][WARNING] - Timeout '0' is invalid. Using default page load timeout: '30'

27-11-2024T17:32:43 - [MESSAGE][PASSED] - Object 'Object Repository/pago/Page_Olva Courier  Medios de pago/div_Pago con tarjeta de crdito, dbito y Yape' is present

27-11-2024T17:32:43 - [TEST_STEP][PASSED] - verifyElementPresent(findTestObject("Object Repository/pago/Page_Olva Courier  Medios de pago/td_S"), 0): Object 'Object Repository/pago/Page_Olva Courier  Medios de pago/td_S' is present

27-11-2024T17:32:43 - [MESSAGE][WARNING] - Timeout '0' is invalid. Using default page load timeout: '30'

27-11-2024T17:32:43 - [MESSAGE][PASSED] - Object 'Object Repository/pago/Page_Olva Courier  Medios de pago/td_S' is present

27-11-2024T17:32:43 - [TEST_STEP][PASSED] - delay(1): Delayed 1 second(s)

27-11-2024T17:32:44 - [MESSAGE][PASSED] - Delayed 1 second(s)

27-11-2024T17:32:44 - [TEST_STEP][PASSED] - scrollToElement(findTestObject("Object Repository/pago/Page_Olva Courier  Medios de pago/button_PAGAR"), 0): Scroll to object 'Object Repository/pago/Page_Olva Courier  Medios de pago/button_PAGAR' successfully

27-11-2024T17:32:44 - [MESSAGE][WARNING] - Timeout '0' is invalid. Using default page load timeout: '30'

27-11-2024T17:32:45 - [MESSAGE][PASSED] - Scroll to object 'Object Repository/pago/Page_Olva Courier  Medios de pago/button_PAGAR' successfully

27-11-2024T17:32:45 - [TEST_STEP][PASSED] - click(findTestObject("Object Repository/pago/Page_Olva Courier  Medios de pago/button_PAGAR")): Object: 'Object Repository/pago/Page_Olva Courier  Medios de pago/button_PAGAR' is clicked on

27-11-2024T17:32:45 - [MESSAGE][PASSED] - Object: 'Object Repository/pago/Page_Olva Courier  Medios de pago/button_PAGAR' is clicked on

27-11-2024T17:32:45 - [TEST_STEP][PASSED] - delay(2): Delayed 2 second(s)

27-11-2024T17:32:47 - [MESSAGE][PASSED] - Delayed 2 second(s)

27-11-2024T17:32:47 - [TEST_STEP][PASSED] - verifyElementText(findTestObject("Object Repository/pago/Page_Olva Courier  Pago Exitoso/div_Aprobado y completado con exito"), "Aprobado y completado con exito"): Actual text and expected text of test object 'Object Repository/pago/Page_Olva Courier  Pago Exitoso/div_Aprobado y completado con exito' are matched.

27-11-2024T17:32:48 - [MESSAGE][PASSED] - Actual text and expected text of test object 'Object Repository/pago/Page_Olva Courier  Pago Exitoso/div_Aprobado y completado con exito' are matched.

27-11-2024T17:32:48 - [TEST_STEP][PASSED] - verifyElementPresent(findTestObject("Object Repository/pago/Page_Olva Courier  Pago Exitoso/b_nroPreventa"), 0): Object 'Object Repository/pago/Page_Olva Courier  Pago Exitoso/b_nroPreventa' is present

27-11-2024T17:32:48 - [MESSAGE][WARNING] - Timeout '0' is invalid. Using default page load timeout: '30'

27-11-2024T17:32:48 - [MESSAGE][PASSED] - Object 'Object Repository/pago/Page_Olva Courier  Pago Exitoso/b_nroPreventa' is present

27-11-2024T17:32:48 - [MESSAGE][PASSED] - Call Test Case 'Test Cases/1.Inicio/1.3Pago_POS/Pago-exitoso' successfully]]></system-out>
         <system-err><![CDATA[]]></system-err>
      </testcase>
      <testcase name="Test Cases/2.Positivos/2.1Paquete/Origen-Lima/4.Peso/Peso-max" time="82.963" classname="Test Cases/2.Positivos/2.1Paquete/Origen-Lima/4.Peso/Peso-max" status="PASSED">
         <system-out><![CDATA[27-11-2024T17:32:48 - [TEST_CASE][PASSED] - Test Cases/2.Positivos/2.1Paquete/Origen-Lima/4.Peso/Peso-max: Test Cases/2.Positivos/2.1Paquete/Origen-Lima/4.Peso/Peso-max

27-11-2024T17:32:49 - [TEST_STEP][PASSED] - callTestCase(findTestCase("1.Inicio/1.1Principal/Principal-home"), [:], STOP_ON_FAILURE): Call Test Case 'Test Cases/1.Inicio/1.1Principal/Principal-home' successfully

27-11-2024T17:32:49 - [TEST_CASE][PASSED] - Test Cases/1.Inicio/1.1Principal/Principal-home: Test Cases/1.Inicio/1.1Principal/Principal-home

27-11-2024T17:32:49 - [TEST_STEP][PASSED] - openBrowser(""): Browser is opened with url: ''

27-11-2024T17:32:49 - [MESSAGE][WARNING] - A browser is already opened. Closing browser and opening a new one

27-11-2024T17:32:51 - [MESSAGE][INFO] - Starting 'Firefox' driver

27-11-2024T17:32:52 - [MESSAGE][INFO] - Action delay is set to 0 milliseconds

27-11-2024T17:33:04 - [MESSAGE][PASSED] - Browser is opened with url: ''

27-11-2024T17:33:04 - [TEST_STEP][PASSED] - navigateToUrl("https://dev01-registrodeenvios.olvacourier.com/principal"): Navigate to 'https://dev01-registrodeenvios.olvacourier.com/principal' successfully

27-11-2024T17:33:06 - [MESSAGE][PASSED] - Navigate to 'https://dev01-registrodeenvios.olvacourier.com/principal' successfully

27-11-2024T17:33:06 - [TEST_STEP][PASSED] - maximizeWindow(): Current window maximized

27-11-2024T17:33:06 - [MESSAGE][PASSED] - Current window maximized

27-11-2024T17:33:06 - [MESSAGE][PASSED] - Call Test Case 'Test Cases/1.Inicio/1.1Principal/Principal-home' successfully

27-11-2024T17:33:06 - [TEST_STEP][PASSED] - callTestCase(findTestCase("1.Inicio/1.1Principal/Selec_paquete"), [:], STOP_ON_FAILURE): Call Test Case 'Test Cases/1.Inicio/1.1Principal/Selec_paquete' successfully

27-11-2024T17:33:06 - [TEST_CASE][PASSED] - Test Cases/1.Inicio/1.1Principal/Selec_paquete: Test Cases/1.Inicio/1.1Principal/Selec_paquete

27-11-2024T17:33:06 - [TEST_STEP][PASSED] - click(findTestObject("Object Repository/Principal/Page_Olva Courier  Home/img_Qu deseas realizar hoy_img_paquete")): Object: 'Object Repository/Principal/Page_Olva Courier  Home/img_Qu deseas realizar hoy_img_paquete' is clicked on

27-11-2024T17:33:07 - [MESSAGE][PASSED] - Object: 'Object Repository/Principal/Page_Olva Courier  Home/img_Qu deseas realizar hoy_img_paquete' is clicked on

27-11-2024T17:33:07 - [TEST_STEP][PASSED] - click(findTestObject("Object Repository/Principal/Page_Olva Courier  Home/span_He ledo y acepto los_checkmark (1)")): Object: 'Object Repository/Principal/Page_Olva Courier  Home/span_He ledo y acepto los_checkmark (1)' is clicked on

27-11-2024T17:33:07 - [MESSAGE][PASSED] - Object: 'Object Repository/Principal/Page_Olva Courier  Home/span_He ledo y acepto los_checkmark (1)' is clicked on

27-11-2024T17:33:07 - [TEST_STEP][PASSED] - click(findTestObject("Object Repository/Principal/Page_Olva Courier  Home/button_CONTINUAR (1)")): Object: 'Object Repository/Principal/Page_Olva Courier  Home/button_CONTINUAR (1)' is clicked on

27-11-2024T17:33:09 - [MESSAGE][PASSED] - Object: 'Object Repository/Principal/Page_Olva Courier  Home/button_CONTINUAR (1)' is clicked on

27-11-2024T17:33:09 - [TEST_STEP][PASSED] - verifyElementPresent(findTestObject("Object Repository/Principal/Page_Olva Courier  Datos Personales/strong_REGISTRO DE ENVOS"), 0): Object 'Object Repository/Principal/Page_Olva Courier  Datos Personales/strong_REGISTRO DE ENVOS' is present

27-11-2024T17:33:09 - [MESSAGE][WARNING] - Timeout '0' is invalid. Using default page load timeout: '30'

27-11-2024T17:33:09 - [MESSAGE][PASSED] - Object 'Object Repository/Principal/Page_Olva Courier  Datos Personales/strong_REGISTRO DE ENVOS' is present

27-11-2024T17:33:09 - [TEST_STEP][PASSED] - verifyElementPresent(findTestObject("Object Repository/Principal/Page_Olva Courier  Datos Personales/span_Regresar (1)"), 0): Object 'Object Repository/Principal/Page_Olva Courier  Datos Personales/span_Regresar (1)' is present

27-11-2024T17:33:09 - [MESSAGE][WARNING] - Timeout '0' is invalid. Using default page load timeout: '30'

27-11-2024T17:33:10 - [MESSAGE][PASSED] - Object 'Object Repository/Principal/Page_Olva Courier  Datos Personales/span_Regresar (1)' is present

27-11-2024T17:33:10 - [TEST_STEP][PASSED] - verifyElementPresent(findTestObject("Object Repository/Principal/Page_Olva Courier  Datos Personales/span_Inicio (1)"), 0): Object 'Object Repository/Principal/Page_Olva Courier  Datos Personales/span_Inicio (1)' is present

27-11-2024T17:33:10 - [MESSAGE][WARNING] - Timeout '0' is invalid. Using default page load timeout: '30'

27-11-2024T17:33:10 - [MESSAGE][PASSED] - Object 'Object Repository/Principal/Page_Olva Courier  Datos Personales/span_Inicio (1)' is present

27-11-2024T17:33:10 - [MESSAGE][PASSED] - Call Test Case 'Test Cases/1.Inicio/1.1Principal/Selec_paquete' successfully

27-11-2024T17:33:10 - [TEST_STEP][PASSED] - callTestCase(findTestCase("1.Inicio/1.2Tipo_Doc/1.DNI"), [:], STOP_ON_FAILURE): Call Test Case 'Test Cases/1.Inicio/1.2Tipo_Doc/1.DNI' successfully

27-11-2024T17:33:10 - [TEST_CASE][PASSED] - Test Cases/1.Inicio/1.2Tipo_Doc/1.DNI: Test Cases/1.Inicio/1.2Tipo_Doc/1.DNI

27-11-2024T17:33:10 - [TEST_STEP][PASSED] - click(findTestObject("Object Repository/Login/Page_Olva Courier  Datos Personales/button_Tipo De Documento")): Object: 'Object Repository/Login/Page_Olva Courier  Datos Personales/button_Tipo De Documento' is clicked on

27-11-2024T17:33:11 - [MESSAGE][PASSED] - Object: 'Object Repository/Login/Page_Olva Courier  Datos Personales/button_Tipo De Documento' is clicked on

27-11-2024T17:33:11 - [TEST_STEP][PASSED] - click(findTestObject("Object Repository/Login/Page_Olva Courier  Datos Personales/a_DNI (Boleta)")): Object: 'Object Repository/Login/Page_Olva Courier  Datos Personales/a_DNI (Boleta)' is clicked on

27-11-2024T17:33:11 - [MESSAGE][PASSED] - Object: 'Object Repository/Login/Page_Olva Courier  Datos Personales/a_DNI (Boleta)' is clicked on

27-11-2024T17:33:11 - [TEST_STEP][PASSED] - setText(findTestObject("Object Repository/Login/Page_Olva Courier  Datos Personales/input_CARN EXT. (Boleta)_txt_documento_cliente"), "47190321"): Text '47190321' is set on object 'Object Repository/Login/Page_Olva Courier  Datos Personales/input_CARN EXT. (Boleta)_txt_documento_cliente'

27-11-2024T17:33:12 - [MESSAGE][PASSED] - Text '47190321' is set on object 'Object Repository/Login/Page_Olva Courier  Datos Personales/input_CARN EXT. (Boleta)_txt_documento_cliente'

27-11-2024T17:33:12 - [TEST_STEP][PASSED] - setText(findTestObject("Object Repository/Login/Page_Olva Courier  Datos Personales/input_CARN EXT. (Boleta)_txt_telefono_cliente"), "957378086"): Text '957378086' is set on object 'Object Repository/Login/Page_Olva Courier  Datos Personales/input_CARN EXT. (Boleta)_txt_telefono_cliente'

27-11-2024T17:33:18 - [MESSAGE][PASSED] - Text '957378086' is set on object 'Object Repository/Login/Page_Olva Courier  Datos Personales/input_CARN EXT. (Boleta)_txt_telefono_cliente'

27-11-2024T17:33:18 - [TEST_STEP][PASSED] - setText(findTestObject("Object Repository/Login/Page_Olva Courier  Datos Personales/input_Hola,_txt_email_cliente"), "riosalejosjs@gmail.com"): Text 'riosalejosjs@gmail.com' is set on object 'Object Repository/Login/Page_Olva Courier  Datos Personales/input_Hola,_txt_email_cliente'

27-11-2024T17:33:18 - [MESSAGE][PASSED] - Text 'riosalejosjs@gmail.com' is set on object 'Object Repository/Login/Page_Olva Courier  Datos Personales/input_Hola,_txt_email_cliente'

27-11-2024T17:33:18 - [MESSAGE][PASSED] - Call Test Case 'Test Cases/1.Inicio/1.2Tipo_Doc/1.DNI' successfully

27-11-2024T17:33:18 - [TEST_STEP][PASSED] - click(findTestObject("Object Repository/pago/Page_Olva Courier  Datos Personales/button_Seleccionar artculo")): Object: 'Object Repository/pago/Page_Olva Courier  Datos Personales/button_Seleccionar artculo' is clicked on

27-11-2024T17:33:19 - [MESSAGE][PASSED] - Object: 'Object Repository/pago/Page_Olva Courier  Datos Personales/button_Seleccionar artculo' is clicked on

27-11-2024T17:33:19 - [TEST_STEP][PASSED] - click(findTestObject("Object Repository/pago/Page_Olva Courier  Datos Personales/span_ACCESORIOS Y EQUIPOS ELECTRONICOS")): Object: 'Object Repository/pago/Page_Olva Courier  Datos Personales/span_ACCESORIOS Y EQUIPOS ELECTRONICOS' is clicked on

27-11-2024T17:33:19 - [MESSAGE][PASSED] - Object: 'Object Repository/pago/Page_Olva Courier  Datos Personales/span_ACCESORIOS Y EQUIPOS ELECTRONICOS' is clicked on

27-11-2024T17:33:19 - [TEST_STEP][PASSED] - setText(findTestObject("Object Repository/pago/Page_Olva Courier  Datos Personales/input_UTILES DE OFICINA_txt_paquete_articulo"), "VVVv"): Text 'VVVv' is set on object 'Object Repository/pago/Page_Olva Courier  Datos Personales/input_UTILES DE OFICINA_txt_paquete_articulo'

27-11-2024T17:33:19 - [MESSAGE][PASSED] - Text 'VVVv' is set on object 'Object Repository/pago/Page_Olva Courier  Datos Personales/input_UTILES DE OFICINA_txt_paquete_articulo'

27-11-2024T17:33:19 - [TEST_STEP][PASSED] - setText(findTestObject("Object Repository/pago/Page_Olva Courier  Datos Personales/input_UTILES DE OFICINA_txt_paquete_valor"), "20"): Text '20' is set on object 'Object Repository/pago/Page_Olva Courier  Datos Personales/input_UTILES DE OFICINA_txt_paquete_valor'

27-11-2024T17:33:20 - [MESSAGE][PASSED] - Text '20' is set on object 'Object Repository/pago/Page_Olva Courier  Datos Personales/input_UTILES DE OFICINA_txt_paquete_valor'

27-11-2024T17:33:20 - [TEST_STEP][PASSED] - scrollToElement(findTestObject("Object Repository/pago/Page_Olva Courier  Datos Personales/div_No encuentro el peso de mi envo"), 0): Scroll to object 'Object Repository/pago/Page_Olva Courier  Datos Personales/div_No encuentro el peso de mi envo' successfully

27-11-2024T17:33:20 - [MESSAGE][WARNING] - Timeout '0' is invalid. Using default page load timeout: '30'

27-11-2024T17:33:20 - [MESSAGE][PASSED] - Scroll to object 'Object Repository/pago/Page_Olva Courier  Datos Personales/div_No encuentro el peso de mi envo' successfully

27-11-2024T17:33:20 - [TEST_STEP][PASSED] - click(findTestObject("Object Repository/pago/Page_Olva Courier  Datos Personales/div_No encuentro el peso de mi envo")): Object: 'Object Repository/pago/Page_Olva Courier  Datos Personales/div_No encuentro el peso de mi envo' is clicked on

27-11-2024T17:33:21 - [MESSAGE][PASSED] - Object: 'Object Repository/pago/Page_Olva Courier  Datos Personales/div_No encuentro el peso de mi envo' is clicked on

27-11-2024T17:33:21 - [TEST_STEP][PASSED] - setText(findTestObject("Object Repository/pago/Page_Olva Courier  Datos Personales/input_Ancho (cm)_modal-input-ancho"), "14"): Text '14' is set on object 'Object Repository/pago/Page_Olva Courier  Datos Personales/input_Ancho (cm)_modal-input-ancho'

27-11-2024T17:33:22 - [MESSAGE][PASSED] - Text '14' is set on object 'Object Repository/pago/Page_Olva Courier  Datos Personales/input_Ancho (cm)_modal-input-ancho'

27-11-2024T17:33:22 - [TEST_STEP][PASSED] - setText(findTestObject("Object Repository/pago/Page_Olva Courier  Datos Personales/input_Largo (cm)_modal-input-largo"), "14"): Text '14' is set on object 'Object Repository/pago/Page_Olva Courier  Datos Personales/input_Largo (cm)_modal-input-largo'

27-11-2024T17:33:23 - [MESSAGE][PASSED] - Text '14' is set on object 'Object Repository/pago/Page_Olva Courier  Datos Personales/input_Largo (cm)_modal-input-largo'

27-11-2024T17:33:23 - [TEST_STEP][PASSED] - setText(findTestObject("Object Repository/pago/Page_Olva Courier  Datos Personales/input_Alto (cm)_modal-input-alto"), "14"): Text '14' is set on object 'Object Repository/pago/Page_Olva Courier  Datos Personales/input_Alto (cm)_modal-input-alto'

27-11-2024T17:33:24 - [MESSAGE][PASSED] - Text '14' is set on object 'Object Repository/pago/Page_Olva Courier  Datos Personales/input_Alto (cm)_modal-input-alto'

27-11-2024T17:33:24 - [TEST_STEP][PASSED] - setText(findTestObject("Object Repository/pago/Page_Olva Courier  Datos Personales/input_Peso (Kg)_modal-input-peso"), "25"): Text '25' is set on object 'Object Repository/pago/Page_Olva Courier  Datos Personales/input_Peso (Kg)_modal-input-peso'

27-11-2024T17:33:25 - [MESSAGE][PASSED] - Text '25' is set on object 'Object Repository/pago/Page_Olva Courier  Datos Personales/input_Peso (Kg)_modal-input-peso'

27-11-2024T17:33:25 - [TEST_STEP][PASSED] - click(findTestObject("Object Repository/pago/Page_Olva Courier  Datos Personales/div_CALCULAR")): Object: 'Object Repository/pago/Page_Olva Courier  Datos Personales/div_CALCULAR' is clicked on

27-11-2024T17:33:25 - [MESSAGE][PASSED] - Object: 'Object Repository/pago/Page_Olva Courier  Datos Personales/div_CALCULAR' is clicked on

27-11-2024T17:33:26 - [TEST_STEP][PASSED] - scrollToElement(findTestObject("Object Repository/pago/Page_Olva Courier  Datos Personales/span_Ingrese el punto de llegada"), 0): Scroll to object 'Object Repository/pago/Page_Olva Courier  Datos Personales/span_Ingrese el punto de llegada' successfully

27-11-2024T17:33:26 - [MESSAGE][WARNING] - Timeout '0' is invalid. Using default page load timeout: '30'

27-11-2024T17:33:26 - [MESSAGE][PASSED] - Scroll to object 'Object Repository/pago/Page_Olva Courier  Datos Personales/span_Ingrese el punto de llegada' successfully

27-11-2024T17:33:26 - [TEST_STEP][PASSED] - click(findTestObject("Object Repository/pago/Page_Olva Courier  Datos Personales/span_Ingrese el punto de llegada")): Object: 'Object Repository/pago/Page_Olva Courier  Datos Personales/span_Ingrese el punto de llegada' is clicked on

27-11-2024T17:33:28 - [MESSAGE][PASSED] - Object: 'Object Repository/pago/Page_Olva Courier  Datos Personales/span_Ingrese el punto de llegada' is clicked on

27-11-2024T17:33:28 - [TEST_STEP][PASSED] - click(findTestObject("Object Repository/pago/Page_Olva Courier  Datos Personales/a_APURIMAC - GRAU - CHUQUIBAMBILLA")): Object: 'Object Repository/pago/Page_Olva Courier  Datos Personales/a_APURIMAC - GRAU - CHUQUIBAMBILLA' is clicked on

27-11-2024T17:33:29 - [MESSAGE][PASSED] - Object: 'Object Repository/pago/Page_Olva Courier  Datos Personales/a_APURIMAC - GRAU - CHUQUIBAMBILLA' is clicked on

27-11-2024T17:33:29 - [TEST_STEP][PASSED] - click(findTestObject("Object Repository/pago/Page_Olva Courier  Datos Personales/button_Tipo de entrega")): Object: 'Object Repository/pago/Page_Olva Courier  Datos Personales/button_Tipo de entrega' is clicked on

27-11-2024T17:33:30 - [MESSAGE][PASSED] - Object: 'Object Repository/pago/Page_Olva Courier  Datos Personales/button_Tipo de entrega' is clicked on

27-11-2024T17:33:30 - [TEST_STEP][PASSED] - click(findTestObject("Object Repository/pago/Page_Olva Courier  Datos Personales/a_Entrega a domicilio")): Object: 'Object Repository/pago/Page_Olva Courier  Datos Personales/a_Entrega a domicilio' is clicked on

27-11-2024T17:33:33 - [MESSAGE][PASSED] - Object: 'Object Repository/pago/Page_Olva Courier  Datos Personales/a_Entrega a domicilio' is clicked on

27-11-2024T17:33:33 - [TEST_STEP][PASSED] - scrollToElement(findTestObject("Object Repository/pago/Page_Olva Courier  Datos Personales/span_Tipo De Documento"), 0): Scroll to object 'Object Repository/pago/Page_Olva Courier  Datos Personales/span_Tipo De Documento' successfully

27-11-2024T17:33:35 - [MESSAGE][WARNING] - Timeout '0' is invalid. Using default page load timeout: '30'

27-11-2024T17:33:35 - [MESSAGE][PASSED] - Scroll to object 'Object Repository/pago/Page_Olva Courier  Datos Personales/span_Tipo De Documento' successfully

27-11-2024T17:33:35 - [TEST_STEP][PASSED] - click(findTestObject("Object Repository/pago/Page_Olva Courier  Datos Personales/span_Tipo De Documento")): Object: 'Object Repository/pago/Page_Olva Courier  Datos Personales/span_Tipo De Documento' is clicked on

27-11-2024T17:33:37 - [MESSAGE][PASSED] - Object: 'Object Repository/pago/Page_Olva Courier  Datos Personales/span_Tipo De Documento' is clicked on

27-11-2024T17:33:37 - [TEST_STEP][PASSED] - click(findTestObject("Object Repository/pago/Page_Olva Courier  Datos Personales/a_DNI")): Object: 'Object Repository/pago/Page_Olva Courier  Datos Personales/a_DNI' is clicked on

27-11-2024T17:33:38 - [MESSAGE][PASSED] - Object: 'Object Repository/pago/Page_Olva Courier  Datos Personales/a_DNI' is clicked on

27-11-2024T17:33:38 - [TEST_STEP][PASSED] - setText(findTestObject("Object Repository/pago/Page_Olva Courier  Datos Personales/input_CARN EXT_txt_consignado_dni"), "71735785"): Text '71735785' is set on object 'Object Repository/pago/Page_Olva Courier  Datos Personales/input_CARN EXT_txt_consignado_dni'

27-11-2024T17:33:38 - [MESSAGE][PASSED] - Text '71735785' is set on object 'Object Repository/pago/Page_Olva Courier  Datos Personales/input_CARN EXT_txt_consignado_dni'

27-11-2024T17:33:38 - [TEST_STEP][PASSED] - scrollToElement(findTestObject("Object Repository/pago/Page_Olva Courier  Datos Personales/button_CONTINUAR"), 0): Scroll to object 'Object Repository/pago/Page_Olva Courier  Datos Personales/button_CONTINUAR' successfully

27-11-2024T17:33:38 - [MESSAGE][WARNING] - Timeout '0' is invalid. Using default page load timeout: '30'

27-11-2024T17:33:39 - [MESSAGE][PASSED] - Scroll to object 'Object Repository/pago/Page_Olva Courier  Datos Personales/button_CONTINUAR' successfully

27-11-2024T17:33:39 - [TEST_STEP][PASSED] - click(findTestObject("Object Repository/pago/Page_Olva Courier  Datos Personales/button_CONTINUAR")): Object: 'Object Repository/pago/Page_Olva Courier  Datos Personales/button_CONTINUAR' is clicked on

27-11-2024T17:33:40 - [MESSAGE][PASSED] - Object: 'Object Repository/pago/Page_Olva Courier  Datos Personales/button_CONTINUAR' is clicked on

27-11-2024T17:33:40 - [TEST_STEP][PASSED] - scrollToElement(findTestObject("Object Repository/pago/Page_Olva Courier  Confirma tus datos/button_IR A PAGAR S 76.41"), 0): Scroll to object 'Object Repository/pago/Page_Olva Courier  Confirma tus datos/button_IR A PAGAR S 76.41' successfully

27-11-2024T17:33:40 - [MESSAGE][WARNING] - Timeout '0' is invalid. Using default page load timeout: '30'

27-11-2024T17:33:56 - [MESSAGE][PASSED] - Scroll to object 'Object Repository/pago/Page_Olva Courier  Confirma tus datos/button_IR A PAGAR S 76.41' successfully

27-11-2024T17:33:56 - [TEST_STEP][PASSED] - click(findTestObject("Object Repository/pago/Page_Olva Courier  Confirma tus datos/button_IR A PAGAR S 76.41")): Object: 'Object Repository/pago/Page_Olva Courier  Confirma tus datos/button_IR A PAGAR S 76.41' is clicked on

27-11-2024T17:33:59 - [MESSAGE][PASSED] - Object: 'Object Repository/pago/Page_Olva Courier  Confirma tus datos/button_IR A PAGAR S 76.41' is clicked on

27-11-2024T17:33:59 - [TEST_STEP][PASSED] - delay(3): Delayed 3 second(s)

27-11-2024T17:34:02 - [MESSAGE][PASSED] - Delayed 3 second(s)

27-11-2024T17:34:02 - [TEST_STEP][PASSED] - verifyElementPresent(findTestObject("Object Repository/pago/Page_Olva Courier  Medios de pago/button_PAGAR (1)"), 0): Object 'Object Repository/pago/Page_Olva Courier  Medios de pago/button_PAGAR (1)' is present

27-11-2024T17:34:03 - [MESSAGE][WARNING] - Timeout '0' is invalid. Using default page load timeout: '30'

27-11-2024T17:34:05 - [MESSAGE][PASSED] - Object 'Object Repository/pago/Page_Olva Courier  Medios de pago/button_PAGAR (1)' is present

27-11-2024T17:34:05 - [TEST_STEP][PASSED] - callTestCase(findTestCase("1.Inicio/1.3Pago_POS/Pago-exitoso"), [:], STOP_ON_FAILURE): Call Test Case 'Test Cases/1.Inicio/1.3Pago_POS/Pago-exitoso' successfully

27-11-2024T17:34:05 - [TEST_CASE][PASSED] - Test Cases/1.Inicio/1.3Pago_POS/Pago-exitoso: Test Cases/1.Inicio/1.3Pago_POS/Pago-exitoso

27-11-2024T17:34:05 - [TEST_STEP][PASSED] - verifyElementPresent(findTestObject("Object Repository/pago/Page_Olva Courier  Medios de pago/div_Pago con tarjeta de crdito, dbito y Yape"), 0): Object 'Object Repository/pago/Page_Olva Courier  Medios de pago/div_Pago con tarjeta de crdito, dbito y Yape' is present

27-11-2024T17:34:05 - [MESSAGE][WARNING] - Timeout '0' is invalid. Using default page load timeout: '30'

27-11-2024T17:34:05 - [MESSAGE][PASSED] - Object 'Object Repository/pago/Page_Olva Courier  Medios de pago/div_Pago con tarjeta de crdito, dbito y Yape' is present

27-11-2024T17:34:05 - [TEST_STEP][PASSED] - verifyElementPresent(findTestObject("Object Repository/pago/Page_Olva Courier  Medios de pago/td_S"), 0): Object 'Object Repository/pago/Page_Olva Courier  Medios de pago/td_S' is present

27-11-2024T17:34:05 - [MESSAGE][WARNING] - Timeout '0' is invalid. Using default page load timeout: '30'

27-11-2024T17:34:06 - [MESSAGE][PASSED] - Object 'Object Repository/pago/Page_Olva Courier  Medios de pago/td_S' is present

27-11-2024T17:34:06 - [TEST_STEP][PASSED] - delay(1): Delayed 1 second(s)

27-11-2024T17:34:07 - [MESSAGE][PASSED] - Delayed 1 second(s)

27-11-2024T17:34:07 - [TEST_STEP][PASSED] - scrollToElement(findTestObject("Object Repository/pago/Page_Olva Courier  Medios de pago/button_PAGAR"), 0): Scroll to object 'Object Repository/pago/Page_Olva Courier  Medios de pago/button_PAGAR' successfully

27-11-2024T17:34:07 - [MESSAGE][WARNING] - Timeout '0' is invalid. Using default page load timeout: '30'

27-11-2024T17:34:07 - [MESSAGE][PASSED] - Scroll to object 'Object Repository/pago/Page_Olva Courier  Medios de pago/button_PAGAR' successfully

27-11-2024T17:34:07 - [TEST_STEP][PASSED] - click(findTestObject("Object Repository/pago/Page_Olva Courier  Medios de pago/button_PAGAR")): Object: 'Object Repository/pago/Page_Olva Courier  Medios de pago/button_PAGAR' is clicked on

27-11-2024T17:34:08 - [MESSAGE][PASSED] - Object: 'Object Repository/pago/Page_Olva Courier  Medios de pago/button_PAGAR' is clicked on

27-11-2024T17:34:08 - [TEST_STEP][PASSED] - delay(2): Delayed 2 second(s)

27-11-2024T17:34:10 - [MESSAGE][PASSED] - Delayed 2 second(s)

27-11-2024T17:34:10 - [TEST_STEP][PASSED] - verifyElementText(findTestObject("Object Repository/pago/Page_Olva Courier  Pago Exitoso/div_Aprobado y completado con exito"), "Aprobado y completado con exito"): Actual text and expected text of test object 'Object Repository/pago/Page_Olva Courier  Pago Exitoso/div_Aprobado y completado con exito' are matched.

27-11-2024T17:34:11 - [MESSAGE][PASSED] - Actual text and expected text of test object 'Object Repository/pago/Page_Olva Courier  Pago Exitoso/div_Aprobado y completado con exito' are matched.

27-11-2024T17:34:11 - [TEST_STEP][PASSED] - verifyElementPresent(findTestObject("Object Repository/pago/Page_Olva Courier  Pago Exitoso/b_nroPreventa"), 0): Object 'Object Repository/pago/Page_Olva Courier  Pago Exitoso/b_nroPreventa' is present

27-11-2024T17:34:11 - [MESSAGE][WARNING] - Timeout '0' is invalid. Using default page load timeout: '30'

27-11-2024T17:34:11 - [MESSAGE][PASSED] - Object 'Object Repository/pago/Page_Olva Courier  Pago Exitoso/b_nroPreventa' is present

27-11-2024T17:34:11 - [MESSAGE][PASSED] - Call Test Case 'Test Cases/1.Inicio/1.3Pago_POS/Pago-exitoso' successfully]]></system-out>
         <system-err><![CDATA[]]></system-err>
      </testcase>
      <testcase name="Test Cases/2.Positivos/2.1Paquete/Origen-Lima/4.Peso/Peso 1,2,3,4,5kg" time="58.442" classname="Test Cases/2.Positivos/2.1Paquete/Origen-Lima/4.Peso/Peso 1,2,3,4,5kg" status="FAILED">
         <failure type="FAILED" message="Test Cases/2.Positivos/2.1Paquete/Origen-Lima/4.Peso/Peso 1,2,3,4,5kg FAILED.&#xa;Reason:&#xa;com.kms.katalon.core.exception.StepFailedException: Verify element text of test object 'Object Repository/peso/Page_Olva Courier  Confirma tus datos/th_S 14.50' FAILED.&#xa;	at com.kms.katalon.core.webui.keyword.internal.WebUIKeywordMain.stepFailed(WebUIKeywordMain.groovy:117)&#xa;	at com.kms.katalon.core.webui.keyword.internal.WebUIKeywordMain.runKeyword(WebUIKeywordMain.groovy:43)&#xa;	at com.kms.katalon.core.webui.keyword.builtin.VerifyElementTextKeyword.verifyElementText(VerifyElementTextKeyword.groovy:72)&#xa;	at com.kms.katalon.core.webui.keyword.builtin.VerifyElementTextKeyword.execute(VerifyElementTextKeyword.groovy:40)&#xa;	at com.kms.katalon.core.keyword.internal.KeywordExecutor.executeKeywordForPlatform(KeywordExecutor.groovy:74)&#xa;	at com.kms.katalon.core.webui.keyword.WebUiBuiltInKeywords.verifyElementText(WebUiBuiltInKeywords.groovy:4835)&#xa;	at Peso 1,2,3,4,5kg.run(Peso 1,2,3,4,5kg:82)&#xa;	at com.kms.katalon.core.main.ScriptEngine.run(ScriptEngine.java:194)&#xa;	at com.kms.katalon.core.main.ScriptEngine.runScriptAsRawText(ScriptEngine.java:119)&#xa;	at com.kms.katalon.core.main.TestCaseExecutor.runScript(TestCaseExecutor.java:448)&#xa;	at com.kms.katalon.core.main.TestCaseExecutor.doExecute(TestCaseExecutor.java:439)&#xa;	at com.kms.katalon.core.main.TestCaseExecutor.processExecutionPhase(TestCaseExecutor.java:418)&#xa;	at com.kms.katalon.core.main.TestCaseExecutor.accessMainPhase(TestCaseExecutor.java:410)&#xa;	at com.kms.katalon.core.main.TestCaseExecutor.execute(TestCaseExecutor.java:285)&#xa;	at com.kms.katalon.core.common.CommonExecutor.accessTestCaseMainPhase(CommonExecutor.java:65)&#xa;	at com.kms.katalon.core.main.TestSuiteExecutor.accessTestSuiteMainPhase(TestSuiteExecutor.java:150)&#xa;	at com.kms.katalon.core.main.TestSuiteExecutor.execute(TestSuiteExecutor.java:106)&#xa;	at com.kms.katalon.core.main.TestCaseMain.startTestSuite(TestCaseMain.java:180)&#xa;	at TempTestSuite1732745349578.run(TempTestSuite1732745349578.groovy:35)&#xa;	at java.base/jdk.internal.reflect.NativeMethodAccessorImpl.invoke0(Native Method)&#xa;	at java.base/jdk.internal.reflect.NativeMethodAccessorImpl.invoke(NativeMethodAccessorImpl.java:77)&#xa;	at java.base/jdk.internal.reflect.DelegatingMethodAccessorImpl.invoke(DelegatingMethodAccessorImpl.java:43)&#xa;Caused by: com.kms.katalon.core.exception.StepFailedException: Actual text 'S/ 7.00' and expected text 'S/ 14.50' of test object 'Object Repository/peso/Page_Olva Courier  Confirma tus datos/th_S 14.50' are NOT matched.&#xa;	at com.kms.katalon.core.webui.keyword.internal.WebUIKeywordMain.stepFailed(WebUIKeywordMain.groovy:117)&#xa;	at com.kms.katalon.core.webui.keyword.builtin.VerifyElementTextKeyword$_verifyElementText_closure1.doCall(VerifyElementTextKeyword.groovy:57)&#xa;	at com.kms.katalon.core.webui.keyword.builtin.VerifyElementTextKeyword$_verifyElementText_closure1.call(VerifyElementTextKeyword.groovy)&#xa;	at com.kms.katalon.core.webui.keyword.internal.WebUIKeywordMain.runKeyword(WebUIKeywordMain.groovy:35)&#xa;	... 20 more&#xa;"/>
         <system-out><![CDATA[27-11-2024T17:34:11 - [TEST_CASE][FAILED] - Test Cases/2.Positivos/2.1Paquete/Origen-Lima/4.Peso/Peso 1,2,3,4,5kg: Test Cases/2.Positivos/2.1Paquete/Origen-Lima/4.Peso/Peso 1,2,3,4,5kg FAILED.
Reason:
com.kms.katalon.core.exception.StepFailedException: Verify element text of test object 'Object Repository/peso/Page_Olva Courier  Confirma tus datos/th_S 14.50' FAILED.
	at com.kms.katalon.core.webui.keyword.internal.WebUIKeywordMain.stepFailed(WebUIKeywordMain.groovy:117)
	at com.kms.katalon.core.webui.keyword.internal.WebUIKeywordMain.runKeyword(WebUIKeywordMain.groovy:43)
	at com.kms.katalon.core.webui.keyword.builtin.VerifyElementTextKeyword.verifyElementText(VerifyElementTextKeyword.groovy:72)
	at com.kms.katalon.core.webui.keyword.builtin.VerifyElementTextKeyword.execute(VerifyElementTextKeyword.groovy:40)
	at com.kms.katalon.core.keyword.internal.KeywordExecutor.executeKeywordForPlatform(KeywordExecutor.groovy:74)
	at com.kms.katalon.core.webui.keyword.WebUiBuiltInKeywords.verifyElementText(WebUiBuiltInKeywords.groovy:4835)
	at Peso 1,2,3,4,5kg.run(Peso 1,2,3,4,5kg:82)
	at com.kms.katalon.core.main.ScriptEngine.run(ScriptEngine.java:194)
	at com.kms.katalon.core.main.ScriptEngine.runScriptAsRawText(ScriptEngine.java:119)
	at com.kms.katalon.core.main.TestCaseExecutor.runScript(TestCaseExecutor.java:448)
	at com.kms.katalon.core.main.TestCaseExecutor.doExecute(TestCaseExecutor.java:439)
	at com.kms.katalon.core.main.TestCaseExecutor.processExecutionPhase(TestCaseExecutor.java:418)
	at com.kms.katalon.core.main.TestCaseExecutor.accessMainPhase(TestCaseExecutor.java:410)
	at com.kms.katalon.core.main.TestCaseExecutor.execute(TestCaseExecutor.java:285)
	at com.kms.katalon.core.common.CommonExecutor.accessTestCaseMainPhase(CommonExecutor.java:65)
	at com.kms.katalon.core.main.TestSuiteExecutor.accessTestSuiteMainPhase(TestSuiteExecutor.java:150)
	at com.kms.katalon.core.main.TestSuiteExecutor.execute(TestSuiteExecutor.java:106)
	at com.kms.katalon.core.main.TestCaseMain.startTestSuite(TestCaseMain.java:180)
	at TempTestSuite1732745349578.run(TempTestSuite1732745349578.groovy:35)
	at java.base/jdk.internal.reflect.NativeMethodAccessorImpl.invoke0(Native Method)
	at java.base/jdk.internal.reflect.NativeMethodAccessorImpl.invoke(NativeMethodAccessorImpl.java:77)
	at java.base/jdk.internal.reflect.DelegatingMethodAccessorImpl.invoke(DelegatingMethodAccessorImpl.java:43)
Caused by: com.kms.katalon.core.exception.StepFailedException: Actual text 'S/ 7.00' and expected text 'S/ 14.50' of test object 'Object Repository/peso/Page_Olva Courier  Confirma tus datos/th_S 14.50' are NOT matched.
	at com.kms.katalon.core.webui.keyword.internal.WebUIKeywordMain.stepFailed(WebUIKeywordMain.groovy:117)
	at com.kms.katalon.core.webui.keyword.builtin.VerifyElementTextKeyword$_verifyElementText_closure1.doCall(VerifyElementTextKeyword.groovy:57)
	at com.kms.katalon.core.webui.keyword.builtin.VerifyElementTextKeyword$_verifyElementText_closure1.call(VerifyElementTextKeyword.groovy)
	at com.kms.katalon.core.webui.keyword.internal.WebUIKeywordMain.runKeyword(WebUIKeywordMain.groovy:35)
	... 20 more


27-11-2024T17:34:11 - [TEST_STEP][PASSED] - callTestCase(findTestCase("1.Inicio/1.1Principal/Principal-home"), [:], STOP_ON_FAILURE): Call Test Case 'Test Cases/1.Inicio/1.1Principal/Principal-home' successfully

27-11-2024T17:34:12 - [TEST_CASE][PASSED] - Test Cases/1.Inicio/1.1Principal/Principal-home: Test Cases/1.Inicio/1.1Principal/Principal-home

27-11-2024T17:34:12 - [TEST_STEP][PASSED] - openBrowser(""): Browser is opened with url: ''

27-11-2024T17:34:12 - [MESSAGE][WARNING] - A browser is already opened. Closing browser and opening a new one

27-11-2024T17:34:13 - [MESSAGE][INFO] - Starting 'Firefox' driver

27-11-2024T17:34:13 - [MESSAGE][INFO] - Action delay is set to 0 milliseconds

27-11-2024T17:34:24 - [MESSAGE][PASSED] - Browser is opened with url: ''

27-11-2024T17:34:24 - [TEST_STEP][PASSED] - navigateToUrl("https://dev01-registrodeenvios.olvacourier.com/principal"): Navigate to 'https://dev01-registrodeenvios.olvacourier.com/principal' successfully

27-11-2024T17:34:26 - [MESSAGE][PASSED] - Navigate to 'https://dev01-registrodeenvios.olvacourier.com/principal' successfully

27-11-2024T17:34:26 - [TEST_STEP][PASSED] - maximizeWindow(): Current window maximized

27-11-2024T17:34:26 - [MESSAGE][PASSED] - Current window maximized

27-11-2024T17:34:26 - [MESSAGE][PASSED] - Call Test Case 'Test Cases/1.Inicio/1.1Principal/Principal-home' successfully

27-11-2024T17:34:26 - [TEST_STEP][PASSED] - callTestCase(findTestCase("1.Inicio/1.1Principal/Selec_paquete"), [:], STOP_ON_FAILURE): Call Test Case 'Test Cases/1.Inicio/1.1Principal/Selec_paquete' successfully

27-11-2024T17:34:26 - [TEST_CASE][PASSED] - Test Cases/1.Inicio/1.1Principal/Selec_paquete: Test Cases/1.Inicio/1.1Principal/Selec_paquete

27-11-2024T17:34:26 - [TEST_STEP][PASSED] - click(findTestObject("Object Repository/Principal/Page_Olva Courier  Home/img_Qu deseas realizar hoy_img_paquete")): Object: 'Object Repository/Principal/Page_Olva Courier  Home/img_Qu deseas realizar hoy_img_paquete' is clicked on

27-11-2024T17:34:26 - [MESSAGE][PASSED] - Object: 'Object Repository/Principal/Page_Olva Courier  Home/img_Qu deseas realizar hoy_img_paquete' is clicked on

27-11-2024T17:34:26 - [TEST_STEP][PASSED] - click(findTestObject("Object Repository/Principal/Page_Olva Courier  Home/span_He ledo y acepto los_checkmark (1)")): Object: 'Object Repository/Principal/Page_Olva Courier  Home/span_He ledo y acepto los_checkmark (1)' is clicked on

27-11-2024T17:34:27 - [MESSAGE][PASSED] - Object: 'Object Repository/Principal/Page_Olva Courier  Home/span_He ledo y acepto los_checkmark (1)' is clicked on

27-11-2024T17:34:27 - [TEST_STEP][PASSED] - click(findTestObject("Object Repository/Principal/Page_Olva Courier  Home/button_CONTINUAR (1)")): Object: 'Object Repository/Principal/Page_Olva Courier  Home/button_CONTINUAR (1)' is clicked on

27-11-2024T17:34:28 - [MESSAGE][PASSED] - Object: 'Object Repository/Principal/Page_Olva Courier  Home/button_CONTINUAR (1)' is clicked on

27-11-2024T17:34:28 - [TEST_STEP][PASSED] - verifyElementPresent(findTestObject("Object Repository/Principal/Page_Olva Courier  Datos Personales/strong_REGISTRO DE ENVOS"), 0): Object 'Object Repository/Principal/Page_Olva Courier  Datos Personales/strong_REGISTRO DE ENVOS' is present

27-11-2024T17:34:28 - [MESSAGE][WARNING] - Timeout '0' is invalid. Using default page load timeout: '30'

27-11-2024T17:34:29 - [MESSAGE][PASSED] - Object 'Object Repository/Principal/Page_Olva Courier  Datos Personales/strong_REGISTRO DE ENVOS' is present

27-11-2024T17:34:29 - [TEST_STEP][PASSED] - verifyElementPresent(findTestObject("Object Repository/Principal/Page_Olva Courier  Datos Personales/span_Regresar (1)"), 0): Object 'Object Repository/Principal/Page_Olva Courier  Datos Personales/span_Regresar (1)' is present

27-11-2024T17:34:29 - [MESSAGE][WARNING] - Timeout '0' is invalid. Using default page load timeout: '30'

27-11-2024T17:34:30 - [MESSAGE][PASSED] - Object 'Object Repository/Principal/Page_Olva Courier  Datos Personales/span_Regresar (1)' is present

27-11-2024T17:34:30 - [TEST_STEP][PASSED] - verifyElementPresent(findTestObject("Object Repository/Principal/Page_Olva Courier  Datos Personales/span_Inicio (1)"), 0): Object 'Object Repository/Principal/Page_Olva Courier  Datos Personales/span_Inicio (1)' is present

27-11-2024T17:34:30 - [MESSAGE][WARNING] - Timeout '0' is invalid. Using default page load timeout: '30'

27-11-2024T17:34:30 - [MESSAGE][PASSED] - Object 'Object Repository/Principal/Page_Olva Courier  Datos Personales/span_Inicio (1)' is present

27-11-2024T17:34:30 - [MESSAGE][PASSED] - Call Test Case 'Test Cases/1.Inicio/1.1Principal/Selec_paquete' successfully

27-11-2024T17:34:30 - [TEST_STEP][PASSED] - callTestCase(findTestCase("1.Inicio/1.2Tipo_Doc/4.CE_Colab"), [:], STOP_ON_FAILURE): Call Test Case 'Test Cases/1.Inicio/1.2Tipo_Doc/4.CE_Colab' successfully

27-11-2024T17:34:30 - [TEST_CASE][PASSED] - Test Cases/1.Inicio/1.2Tipo_Doc/4.CE_Colab: Test Cases/1.Inicio/1.2Tipo_Doc/4.CE_Colab

27-11-2024T17:34:30 - [TEST_STEP][PASSED] - click(findTestObject("Object Repository/Login/Page_Olva Courier  Datos Personales/button_Tipo De Documento")): Object: 'Object Repository/Login/Page_Olva Courier  Datos Personales/button_Tipo De Documento' is clicked on

27-11-2024T17:34:31 - [MESSAGE][PASSED] - Object: 'Object Repository/Login/Page_Olva Courier  Datos Personales/button_Tipo De Documento' is clicked on

27-11-2024T17:34:31 - [TEST_STEP][PASSED] - click(findTestObject("Object Repository/Login/Page_Olva Courier  Datos Personales/span_CARN EXT. (Boleta)")): Object: 'Object Repository/Login/Page_Olva Courier  Datos Personales/span_CARN EXT. (Boleta)' is clicked on

27-11-2024T17:34:31 - [MESSAGE][PASSED] - Object: 'Object Repository/Login/Page_Olva Courier  Datos Personales/span_CARN EXT. (Boleta)' is clicked on

27-11-2024T17:34:31 - [TEST_STEP][PASSED] - setText(findTestObject("Object Repository/Login/Page_Olva Courier  Datos Personales/input_CARN EXT. (Boleta)_txt_documento_cliente"), "003680378"): Text '003680378' is set on object 'Object Repository/Login/Page_Olva Courier  Datos Personales/input_CARN EXT. (Boleta)_txt_documento_cliente'

27-11-2024T17:34:32 - [MESSAGE][PASSED] - Text '003680378' is set on object 'Object Repository/Login/Page_Olva Courier  Datos Personales/input_CARN EXT. (Boleta)_txt_documento_cliente'

27-11-2024T17:34:32 - [TEST_STEP][PASSED] - verifyElementPresent(findTestObject("Object Repository/Login/Page_Olva Courier  Datos Personales/p_PROMO COLABORADOR"), 0): Object 'Object Repository/Login/Page_Olva Courier  Datos Personales/p_PROMO COLABORADOR' is present

27-11-2024T17:34:32 - [MESSAGE][WARNING] - Timeout '0' is invalid. Using default page load timeout: '30'

27-11-2024T17:34:37 - [MESSAGE][PASSED] - Object 'Object Repository/Login/Page_Olva Courier  Datos Personales/p_PROMO COLABORADOR' is present

27-11-2024T17:34:37 - [TEST_STEP][PASSED] - click(findTestObject("Object Repository/Login/Page_Olva Courier  Datos Personales/span_")): Object: 'Object Repository/Login/Page_Olva Courier  Datos Personales/span_' is clicked on

27-11-2024T17:34:38 - [MESSAGE][PASSED] - Object: 'Object Repository/Login/Page_Olva Courier  Datos Personales/span_' is clicked on

27-11-2024T17:34:38 - [MESSAGE][PASSED] - Call Test Case 'Test Cases/1.Inicio/1.2Tipo_Doc/4.CE_Colab' successfully

27-11-2024T17:34:38 - [TEST_STEP][PASSED] - click(findTestObject("Object Repository/peso/Page_Olva Courier  Datos Personales/span_Seleccionar artculo")): Object: 'Object Repository/peso/Page_Olva Courier  Datos Personales/span_Seleccionar artculo' is clicked on

27-11-2024T17:34:38 - [MESSAGE][PASSED] - Object: 'Object Repository/peso/Page_Olva Courier  Datos Personales/span_Seleccionar artculo' is clicked on

27-11-2024T17:34:38 - [TEST_STEP][PASSED] - click(findTestObject("Object Repository/peso/Page_Olva Courier  Datos Personales/span_TARJETAS PERSONALES")): Object: 'Object Repository/peso/Page_Olva Courier  Datos Personales/span_TARJETAS PERSONALES' is clicked on

27-11-2024T17:34:39 - [MESSAGE][PASSED] - Object: 'Object Repository/peso/Page_Olva Courier  Datos Personales/span_TARJETAS PERSONALES' is clicked on

27-11-2024T17:34:39 - [TEST_STEP][PASSED] - setText(findTestObject("Object Repository/peso/Page_Olva Courier  Datos Personales/input_UTILES DE OFICINA_txt_paquete_articulo"), "FFf"): Text 'FFf' is set on object 'Object Repository/peso/Page_Olva Courier  Datos Personales/input_UTILES DE OFICINA_txt_paquete_articulo'

27-11-2024T17:34:39 - [MESSAGE][PASSED] - Text 'FFf' is set on object 'Object Repository/peso/Page_Olva Courier  Datos Personales/input_UTILES DE OFICINA_txt_paquete_articulo'

27-11-2024T17:34:39 - [TEST_STEP][PASSED] - setText(findTestObject("Object Repository/peso/Page_Olva Courier  Datos Personales/input_UTILES DE OFICINA_txt_paquete_valor"), "50"): Text '50' is set on object 'Object Repository/peso/Page_Olva Courier  Datos Personales/input_UTILES DE OFICINA_txt_paquete_valor'

27-11-2024T17:34:40 - [MESSAGE][PASSED] - Text '50' is set on object 'Object Repository/peso/Page_Olva Courier  Datos Personales/input_UTILES DE OFICINA_txt_paquete_valor'

27-11-2024T17:34:40 - [TEST_STEP][PASSED] - scrollToElement(findTestObject("Object Repository/peso/Page_Olva Courier  Datos Personales/div_Hasta 5Kg"), 0): Scroll to object 'Object Repository/peso/Page_Olva Courier  Datos Personales/div_Hasta 5Kg' successfully

27-11-2024T17:34:40 - [MESSAGE][WARNING] - Timeout '0' is invalid. Using default page load timeout: '30'

27-11-2024T17:34:40 - [MESSAGE][PASSED] - Scroll to object 'Object Repository/peso/Page_Olva Courier  Datos Personales/div_Hasta 5Kg' successfully

27-11-2024T17:34:40 - [TEST_STEP][PASSED] - click(findTestObject("Object Repository/peso/Page_Olva Courier  Datos Personales/div_Hasta 5Kg")): Object: 'Object Repository/peso/Page_Olva Courier  Datos Personales/div_Hasta 5Kg' is clicked on

27-11-2024T17:34:41 - [MESSAGE][PASSED] - Object: 'Object Repository/peso/Page_Olva Courier  Datos Personales/div_Hasta 5Kg' is clicked on

27-11-2024T17:34:41 - [TEST_STEP][PASSED] - scrollToElement(findTestObject("Object Repository/peso/Page_Olva Courier  Datos Personales/span_Ingrese el punto de llegada"), 0): Scroll to object 'Object Repository/peso/Page_Olva Courier  Datos Personales/span_Ingrese el punto de llegada' successfully

27-11-2024T17:34:41 - [MESSAGE][WARNING] - Timeout '0' is invalid. Using default page load timeout: '30'

27-11-2024T17:34:41 - [MESSAGE][PASSED] - Scroll to object 'Object Repository/peso/Page_Olva Courier  Datos Personales/span_Ingrese el punto de llegada' successfully

27-11-2024T17:34:41 - [TEST_STEP][PASSED] - click(findTestObject("Object Repository/peso/Page_Olva Courier  Datos Personales/span_Ingrese el punto de llegada")): Object: 'Object Repository/peso/Page_Olva Courier  Datos Personales/span_Ingrese el punto de llegada' is clicked on

27-11-2024T17:34:42 - [MESSAGE][PASSED] - Object: 'Object Repository/peso/Page_Olva Courier  Datos Personales/span_Ingrese el punto de llegada' is clicked on

27-11-2024T17:34:42 - [TEST_STEP][PASSED] - click(findTestObject("Object Repository/peso/Page_Olva Courier  Datos Personales/a_ANCASH - HUARAZ - HUARAZ")): Object: 'Object Repository/peso/Page_Olva Courier  Datos Personales/a_ANCASH - HUARAZ - HUARAZ' is clicked on

27-11-2024T17:34:43 - [MESSAGE][PASSED] - Object: 'Object Repository/peso/Page_Olva Courier  Datos Personales/a_ANCASH - HUARAZ - HUARAZ' is clicked on

27-11-2024T17:34:43 - [TEST_STEP][PASSED] - click(findTestObject("Object Repository/peso/Page_Olva Courier  Datos Personales/span_Tipo de entrega")): Object: 'Object Repository/peso/Page_Olva Courier  Datos Personales/span_Tipo de entrega' is clicked on

27-11-2024T17:34:43 - [MESSAGE][PASSED] - Object: 'Object Repository/peso/Page_Olva Courier  Datos Personales/span_Tipo de entrega' is clicked on

27-11-2024T17:34:43 - [TEST_STEP][PASSED] - click(findTestObject("Object Repository/peso/Page_Olva Courier  Datos Personales/a_Entrega a domicilio")): Object: 'Object Repository/peso/Page_Olva Courier  Datos Personales/a_Entrega a domicilio' is clicked on

27-11-2024T17:34:47 - [MESSAGE][PASSED] - Object: 'Object Repository/peso/Page_Olva Courier  Datos Personales/a_Entrega a domicilio' is clicked on

27-11-2024T17:34:47 - [TEST_STEP][PASSED] - click(findTestObject("Object Repository/peso/Page_Olva Courier  Datos Personales/button_Tipo De Documento_1")): Object: 'Object Repository/peso/Page_Olva Courier  Datos Personales/button_Tipo De Documento_1' is clicked on

27-11-2024T17:34:47 - [MESSAGE][PASSED] - Object: 'Object Repository/peso/Page_Olva Courier  Datos Personales/button_Tipo De Documento_1' is clicked on

27-11-2024T17:34:47 - [TEST_STEP][PASSED] - click(findTestObject("Object Repository/peso/Page_Olva Courier  Datos Personales/a_DNI")): Object: 'Object Repository/peso/Page_Olva Courier  Datos Personales/a_DNI' is clicked on

27-11-2024T17:34:48 - [MESSAGE][PASSED] - Object: 'Object Repository/peso/Page_Olva Courier  Datos Personales/a_DNI' is clicked on

27-11-2024T17:34:48 - [TEST_STEP][PASSED] - setText(findTestObject("Object Repository/peso/Page_Olva Courier  Datos Personales/input_CARN EXT_txt_consignado_dni"), "71735785"): Text '71735785' is set on object 'Object Repository/peso/Page_Olva Courier  Datos Personales/input_CARN EXT_txt_consignado_dni'

27-11-2024T17:34:48 - [MESSAGE][PASSED] - Text '71735785' is set on object 'Object Repository/peso/Page_Olva Courier  Datos Personales/input_CARN EXT_txt_consignado_dni'

27-11-2024T17:34:48 - [TEST_STEP][PASSED] - scrollToElement(findTestObject("Object Repository/peso/Page_Olva Courier  Datos Personales/button_CONTINUAR"), 0): Scroll to object 'Object Repository/peso/Page_Olva Courier  Datos Personales/button_CONTINUAR' successfully

27-11-2024T17:34:48 - [MESSAGE][WARNING] - Timeout '0' is invalid. Using default page load timeout: '30'

27-11-2024T17:34:49 - [MESSAGE][PASSED] - Scroll to object 'Object Repository/peso/Page_Olva Courier  Datos Personales/button_CONTINUAR' successfully

27-11-2024T17:34:49 - [TEST_STEP][PASSED] - click(findTestObject("Object Repository/peso/Page_Olva Courier  Datos Personales/button_CONTINUAR")): Object: 'Object Repository/peso/Page_Olva Courier  Datos Personales/button_CONTINUAR' is clicked on

27-11-2024T17:34:50 - [MESSAGE][PASSED] - Object: 'Object Repository/peso/Page_Olva Courier  Datos Personales/button_CONTINUAR' is clicked on

27-11-2024T17:34:50 - [TEST_STEP][PASSED] - verifyElementText(findTestObject("Object Repository/peso/Page_Olva Courier  Confirma tus datos/th_S 19.69"), "S/ 19.69"): Actual text and expected text of test object 'Object Repository/peso/Page_Olva Courier  Confirma tus datos/th_S 19.69' are matched.

27-11-2024T17:34:51 - [MESSAGE][PASSED] - Actual text and expected text of test object 'Object Repository/peso/Page_Olva Courier  Confirma tus datos/th_S 19.69' are matched.

27-11-2024T17:34:51 - [TEST_STEP][PASSED] - click(findTestObject("Object Repository/peso/Page_Olva Courier  Confirma tus datos/button_Editar")): Object: 'Object Repository/peso/Page_Olva Courier  Confirma tus datos/button_Editar' is clicked on

27-11-2024T17:34:57 - [MESSAGE][PASSED] - Object: 'Object Repository/peso/Page_Olva Courier  Confirma tus datos/button_Editar' is clicked on

27-11-2024T17:34:57 - [TEST_STEP][PASSED] - click(findTestObject("Object Repository/peso/Page_Olva Courier  Datos Personales/div_Hasta 4Kg")): Object: 'Object Repository/peso/Page_Olva Courier  Datos Personales/div_Hasta 4Kg' is clicked on

27-11-2024T17:34:57 - [MESSAGE][PASSED] - Object: 'Object Repository/peso/Page_Olva Courier  Datos Personales/div_Hasta 4Kg' is clicked on

27-11-2024T17:34:57 - [TEST_STEP][PASSED] - scrollToElement(findTestObject("Object Repository/peso/Page_Olva Courier  Datos Personales/button_CONTINUAR"), 0): Scroll to object 'Object Repository/peso/Page_Olva Courier  Datos Personales/button_CONTINUAR' successfully

27-11-2024T17:34:57 - [MESSAGE][WARNING] - Timeout '0' is invalid. Using default page load timeout: '30'

27-11-2024T17:34:58 - [MESSAGE][PASSED] - Scroll to object 'Object Repository/peso/Page_Olva Courier  Datos Personales/button_CONTINUAR' successfully

27-11-2024T17:34:58 - [TEST_STEP][PASSED] - click(findTestObject("Object Repository/peso/Page_Olva Courier  Datos Personales/button_CONTINUAR")): Object: 'Object Repository/peso/Page_Olva Courier  Datos Personales/button_CONTINUAR' is clicked on

27-11-2024T17:34:58 - [MESSAGE][PASSED] - Object: 'Object Repository/peso/Page_Olva Courier  Datos Personales/button_CONTINUAR' is clicked on

27-11-2024T17:34:58 - [TEST_STEP][PASSED] - verifyElementText(findTestObject("Object Repository/peso/Page_Olva Courier  Confirma tus datos/th_S 17.10"), "S/ 17.10"): Actual text and expected text of test object 'Object Repository/peso/Page_Olva Courier  Confirma tus datos/th_S 17.10' are matched.

27-11-2024T17:35:00 - [MESSAGE][PASSED] - Actual text and expected text of test object 'Object Repository/peso/Page_Olva Courier  Confirma tus datos/th_S 17.10' are matched.

27-11-2024T17:35:00 - [TEST_STEP][PASSED] - click(findTestObject("Object Repository/peso/Page_Olva Courier  Confirma tus datos/button_Editar")): Object: 'Object Repository/peso/Page_Olva Courier  Confirma tus datos/button_Editar' is clicked on

27-11-2024T17:35:06 - [MESSAGE][PASSED] - Object: 'Object Repository/peso/Page_Olva Courier  Confirma tus datos/button_Editar' is clicked on

27-11-2024T17:35:06 - [TEST_STEP][PASSED] - click(findTestObject("Object Repository/peso/Page_Olva Courier  Datos Personales/div_Hasta 3Kg")): Object: 'Object Repository/peso/Page_Olva Courier  Datos Personales/div_Hasta 3Kg' is clicked on

27-11-2024T17:35:06 - [MESSAGE][PASSED] - Object: 'Object Repository/peso/Page_Olva Courier  Datos Personales/div_Hasta 3Kg' is clicked on

27-11-2024T17:35:06 - [TEST_STEP][PASSED] - scrollToElement(findTestObject("Object Repository/peso/Page_Olva Courier  Datos Personales/button_CONTINUAR"), 0): Scroll to object 'Object Repository/peso/Page_Olva Courier  Datos Personales/button_CONTINUAR' successfully

27-11-2024T17:35:06 - [MESSAGE][WARNING] - Timeout '0' is invalid. Using default page load timeout: '30'

27-11-2024T17:35:07 - [MESSAGE][PASSED] - Scroll to object 'Object Repository/peso/Page_Olva Courier  Datos Personales/button_CONTINUAR' successfully

27-11-2024T17:35:07 - [TEST_STEP][PASSED] - click(findTestObject("Object Repository/peso/Page_Olva Courier  Datos Personales/button_CONTINUAR")): Object: 'Object Repository/peso/Page_Olva Courier  Datos Personales/button_CONTINUAR' is clicked on

27-11-2024T17:35:07 - [MESSAGE][PASSED] - Object: 'Object Repository/peso/Page_Olva Courier  Datos Personales/button_CONTINUAR' is clicked on

27-11-2024T17:35:07 - [TEST_STEP][FAILED] - verifyElementText(findTestObject("Object Repository/peso/Page_Olva Courier  Confirma tus datos/th_S 14.50"), "S/ 14.50"): Verify element text of test object 'Object Repository/peso/Page_Olva Courier  Confirma tus datos/th_S 14.50' FAILED. (Root cause: com.kms.katalon.core.exception.StepFailedException: Verify element text of test object 'Object Repository/peso/Page_Olva Courier  Confirma tus datos/th_S 14.50' FAILED.
	at com.kms.katalon.core.webui.keyword.internal.WebUIKeywordMain.stepFailed(WebUIKeywordMain.groovy:117)
	at com.kms.katalon.core.webui.keyword.internal.WebUIKeywordMain.runKeyword(WebUIKeywordMain.groovy:43)
	at com.kms.katalon.core.webui.keyword.builtin.VerifyElementTextKeyword.verifyElementText(VerifyElementTextKeyword.groovy:72)
	at com.kms.katalon.core.webui.keyword.builtin.VerifyElementTextKeyword.execute(VerifyElementTextKeyword.groovy:40)
	at com.kms.katalon.core.keyword.internal.KeywordExecutor.executeKeywordForPlatform(KeywordExecutor.groovy:74)
	at com.kms.katalon.core.webui.keyword.WebUiBuiltInKeywords.verifyElementText(WebUiBuiltInKeywords.groovy:4835)
	at Peso 1,2,3,4,5kg.run(Peso 1,2,3,4,5kg:82)
	at com.kms.katalon.core.main.ScriptEngine.run(ScriptEngine.java:194)
	at com.kms.katalon.core.main.ScriptEngine.runScriptAsRawText(ScriptEngine.java:119)
	at com.kms.katalon.core.main.TestCaseExecutor.runScript(TestCaseExecutor.java:448)
	at com.kms.katalon.core.main.TestCaseExecutor.doExecute(TestCaseExecutor.java:439)
	at com.kms.katalon.core.main.TestCaseExecutor.processExecutionPhase(TestCaseExecutor.java:418)
	at com.kms.katalon.core.main.TestCaseExecutor.accessMainPhase(TestCaseExecutor.java:410)
	at com.kms.katalon.core.main.TestCaseExecutor.execute(TestCaseExecutor.java:285)
	at com.kms.katalon.core.common.CommonExecutor.accessTestCaseMainPhase(CommonExecutor.java:65)
	at com.kms.katalon.core.main.TestSuiteExecutor.accessTestSuiteMainPhase(TestSuiteExecutor.java:150)
	at com.kms.katalon.core.main.TestSuiteExecutor.execute(TestSuiteExecutor.java:106)
	at com.kms.katalon.core.main.TestCaseMain.startTestSuite(TestCaseMain.java:180)
	at TempTestSuite1732745349578.run(TempTestSuite1732745349578.groovy:35)
	at java.base/jdk.internal.reflect.NativeMethodAccessorImpl.invoke0(Native Method)
	at java.base/jdk.internal.reflect.NativeMethodAccessorImpl.invoke(NativeMethodAccessorImpl.java:77)
	at java.base/jdk.internal.reflect.DelegatingMethodAccessorImpl.invoke(DelegatingMethodAccessorImpl.java:43)
Caused by: com.kms.katalon.core.exception.StepFailedException: Actual text 'S/ 7.00' and expected text 'S/ 14.50' of test object 'Object Repository/peso/Page_Olva Courier  Confirma tus datos/th_S 14.50' are NOT matched.
	at com.kms.katalon.core.webui.keyword.internal.WebUIKeywordMain.stepFailed(WebUIKeywordMain.groovy:117)
	at com.kms.katalon.core.webui.keyword.builtin.VerifyElementTextKeyword$_verifyElementText_closure1.doCall(VerifyElementTextKeyword.groovy:57)
	at com.kms.katalon.core.webui.keyword.builtin.VerifyElementTextKeyword$_verifyElementText_closure1.call(VerifyElementTextKeyword.groovy)
	at com.kms.katalon.core.webui.keyword.internal.WebUIKeywordMain.runKeyword(WebUIKeywordMain.groovy:35)
	... 20 more
)

27-11-2024T17:35:09 - [MESSAGE][FAILED] - Actual text 'S/ 7.00' and expected text 'S/ 14.50' of test object 'Object Repository/peso/Page_Olva Courier  Confirma tus datos/th_S 14.50' are NOT matched. (Root cause: com.kms.katalon.core.exception.StepFailedException: Actual text 'S/ 7.00' and expected text 'S/ 14.50' of test object 'Object Repository/peso/Page_Olva Courier  Confirma tus datos/th_S 14.50' are NOT matched.
	at com.kms.katalon.core.webui.keyword.internal.WebUIKeywordMain.stepFailed(WebUIKeywordMain.groovy:117)
	at com.kms.katalon.core.webui.keyword.builtin.VerifyElementTextKeyword$_verifyElementText_closure1.doCall(VerifyElementTextKeyword.groovy:57)
	at com.kms.katalon.core.webui.keyword.builtin.VerifyElementTextKeyword$_verifyElementText_closure1.call(VerifyElementTextKeyword.groovy)
	at com.kms.katalon.core.webui.keyword.internal.WebUIKeywordMain.runKeyword(WebUIKeywordMain.groovy:35)
	at com.kms.katalon.core.webui.keyword.builtin.VerifyElementTextKeyword.verifyElementText(VerifyElementTextKeyword.groovy:72)
	at com.kms.katalon.core.webui.keyword.builtin.VerifyElementTextKeyword.execute(VerifyElementTextKeyword.groovy:40)
	at com.kms.katalon.core.keyword.internal.KeywordExecutor.executeKeywordForPlatform(KeywordExecutor.groovy:74)
	at com.kms.katalon.core.webui.keyword.WebUiBuiltInKeywords.verifyElementText(WebUiBuiltInKeywords.groovy:4835)
	at Peso 1,2,3,4,5kg.run(Peso 1,2,3,4,5kg:82)
	at com.kms.katalon.core.main.ScriptEngine.run(ScriptEngine.java:194)
	at com.kms.katalon.core.main.ScriptEngine.runScriptAsRawText(ScriptEngine.java:119)
	at com.kms.katalon.core.main.TestCaseExecutor.runScript(TestCaseExecutor.java:448)
	at com.kms.katalon.core.main.TestCaseExecutor.doExecute(TestCaseExecutor.java:439)
	at com.kms.katalon.core.main.TestCaseExecutor.processExecutionPhase(TestCaseExecutor.java:418)
	at com.kms.katalon.core.main.TestCaseExecutor.accessMainPhase(TestCaseExecutor.java:410)
	at com.kms.katalon.core.main.TestCaseExecutor.execute(TestCaseExecutor.java:285)
	at com.kms.katalon.core.common.CommonExecutor.accessTestCaseMainPhase(CommonExecutor.java:65)
	at com.kms.katalon.core.main.TestSuiteExecutor.accessTestSuiteMainPhase(TestSuiteExecutor.java:150)
	at com.kms.katalon.core.main.TestSuiteExecutor.execute(TestSuiteExecutor.java:106)
	at com.kms.katalon.core.main.TestCaseMain.startTestSuite(TestCaseMain.java:180)
	at TempTestSuite1732745349578.run(TempTestSuite1732745349578.groovy:35)
	at java.base/jdk.internal.reflect.NativeMethodAccessorImpl.invoke0(Native Method)
	at java.base/jdk.internal.reflect.NativeMethodAccessorImpl.invoke(NativeMethodAccessorImpl.java:77)
	at java.base/jdk.internal.reflect.DelegatingMethodAccessorImpl.invoke(DelegatingMethodAccessorImpl.java:43)
)

27-11-2024T17:35:09 - [MESSAGE][FAILED] - Verify element text of test object 'Object Repository/peso/Page_Olva Courier  Confirma tus datos/th_S 14.50' FAILED. (Root cause: com.kms.katalon.core.exception.StepFailedException: Verify element text of test object 'Object Repository/peso/Page_Olva Courier  Confirma tus datos/th_S 14.50' FAILED.
	at com.kms.katalon.core.webui.keyword.internal.WebUIKeywordMain.stepFailed(WebUIKeywordMain.groovy:117)
	at com.kms.katalon.core.webui.keyword.internal.WebUIKeywordMain.runKeyword(WebUIKeywordMain.groovy:43)
	at com.kms.katalon.core.webui.keyword.builtin.VerifyElementTextKeyword.verifyElementText(VerifyElementTextKeyword.groovy:72)
	at com.kms.katalon.core.webui.keyword.builtin.VerifyElementTextKeyword.execute(VerifyElementTextKeyword.groovy:40)
	at com.kms.katalon.core.keyword.internal.KeywordExecutor.executeKeywordForPlatform(KeywordExecutor.groovy:74)
	at com.kms.katalon.core.webui.keyword.WebUiBuiltInKeywords.verifyElementText(WebUiBuiltInKeywords.groovy:4835)
	at Peso 1,2,3,4,5kg.run(Peso 1,2,3,4,5kg:82)
	at com.kms.katalon.core.main.ScriptEngine.run(ScriptEngine.java:194)
	at com.kms.katalon.core.main.ScriptEngine.runScriptAsRawText(ScriptEngine.java:119)
	at com.kms.katalon.core.main.TestCaseExecutor.runScript(TestCaseExecutor.java:448)
	at com.kms.katalon.core.main.TestCaseExecutor.doExecute(TestCaseExecutor.java:439)
	at com.kms.katalon.core.main.TestCaseExecutor.processExecutionPhase(TestCaseExecutor.java:418)
	at com.kms.katalon.core.main.TestCaseExecutor.accessMainPhase(TestCaseExecutor.java:410)
	at com.kms.katalon.core.main.TestCaseExecutor.execute(TestCaseExecutor.java:285)
	at com.kms.katalon.core.common.CommonExecutor.accessTestCaseMainPhase(CommonExecutor.java:65)
	at com.kms.katalon.core.main.TestSuiteExecutor.accessTestSuiteMainPhase(TestSuiteExecutor.java:150)
	at com.kms.katalon.core.main.TestSuiteExecutor.execute(TestSuiteExecutor.java:106)
	at com.kms.katalon.core.main.TestCaseMain.startTestSuite(TestCaseMain.java:180)
	at TempTestSuite1732745349578.run(TempTestSuite1732745349578.groovy:35)
	at java.base/jdk.internal.reflect.NativeMethodAccessorImpl.invoke0(Native Method)
	at java.base/jdk.internal.reflect.NativeMethodAccessorImpl.invoke(NativeMethodAccessorImpl.java:77)
	at java.base/jdk.internal.reflect.DelegatingMethodAccessorImpl.invoke(DelegatingMethodAccessorImpl.java:43)
Caused by: com.kms.katalon.core.exception.StepFailedException: Actual text 'S/ 7.00' and expected text 'S/ 14.50' of test object 'Object Repository/peso/Page_Olva Courier  Confirma tus datos/th_S 14.50' are NOT matched.
	at com.kms.katalon.core.webui.keyword.internal.WebUIKeywordMain.stepFailed(WebUIKeywordMain.groovy:117)
	at com.kms.katalon.core.webui.keyword.builtin.VerifyElementTextKeyword$_verifyElementText_closure1.doCall(VerifyElementTextKeyword.groovy:57)
	at com.kms.katalon.core.webui.keyword.builtin.VerifyElementTextKeyword$_verifyElementText_closure1.call(VerifyElementTextKeyword.groovy)
	at com.kms.katalon.core.webui.keyword.internal.WebUIKeywordMain.runKeyword(WebUIKeywordMain.groovy:35)
	... 20 more
)]]></system-out>
         <system-err><![CDATA[27-11-2024T17:34:11 - [TEST_CASE][FAILED] - Test Cases/2.Positivos/2.1Paquete/Origen-Lima/4.Peso/Peso 1,2,3,4,5kg: Test Cases/2.Positivos/2.1Paquete/Origen-Lima/4.Peso/Peso 1,2,3,4,5kg FAILED.
Reason:
com.kms.katalon.core.exception.StepFailedException: Verify element text of test object 'Object Repository/peso/Page_Olva Courier  Confirma tus datos/th_S 14.50' FAILED.
	at com.kms.katalon.core.webui.keyword.internal.WebUIKeywordMain.stepFailed(WebUIKeywordMain.groovy:117)
	at com.kms.katalon.core.webui.keyword.internal.WebUIKeywordMain.runKeyword(WebUIKeywordMain.groovy:43)
	at com.kms.katalon.core.webui.keyword.builtin.VerifyElementTextKeyword.verifyElementText(VerifyElementTextKeyword.groovy:72)
	at com.kms.katalon.core.webui.keyword.builtin.VerifyElementTextKeyword.execute(VerifyElementTextKeyword.groovy:40)
	at com.kms.katalon.core.keyword.internal.KeywordExecutor.executeKeywordForPlatform(KeywordExecutor.groovy:74)
	at com.kms.katalon.core.webui.keyword.WebUiBuiltInKeywords.verifyElementText(WebUiBuiltInKeywords.groovy:4835)
	at Peso 1,2,3,4,5kg.run(Peso 1,2,3,4,5kg:82)
	at com.kms.katalon.core.main.ScriptEngine.run(ScriptEngine.java:194)
	at com.kms.katalon.core.main.ScriptEngine.runScriptAsRawText(ScriptEngine.java:119)
	at com.kms.katalon.core.main.TestCaseExecutor.runScript(TestCaseExecutor.java:448)
	at com.kms.katalon.core.main.TestCaseExecutor.doExecute(TestCaseExecutor.java:439)
	at com.kms.katalon.core.main.TestCaseExecutor.processExecutionPhase(TestCaseExecutor.java:418)
	at com.kms.katalon.core.main.TestCaseExecutor.accessMainPhase(TestCaseExecutor.java:410)
	at com.kms.katalon.core.main.TestCaseExecutor.execute(TestCaseExecutor.java:285)
	at com.kms.katalon.core.common.CommonExecutor.accessTestCaseMainPhase(CommonExecutor.java:65)
	at com.kms.katalon.core.main.TestSuiteExecutor.accessTestSuiteMainPhase(TestSuiteExecutor.java:150)
	at com.kms.katalon.core.main.TestSuiteExecutor.execute(TestSuiteExecutor.java:106)
	at com.kms.katalon.core.main.TestCaseMain.startTestSuite(TestCaseMain.java:180)
	at TempTestSuite1732745349578.run(TempTestSuite1732745349578.groovy:35)
	at java.base/jdk.internal.reflect.NativeMethodAccessorImpl.invoke0(Native Method)
	at java.base/jdk.internal.reflect.NativeMethodAccessorImpl.invoke(NativeMethodAccessorImpl.java:77)
	at java.base/jdk.internal.reflect.DelegatingMethodAccessorImpl.invoke(DelegatingMethodAccessorImpl.java:43)
Caused by: com.kms.katalon.core.exception.StepFailedException: Actual text 'S/ 7.00' and expected text 'S/ 14.50' of test object 'Object Repository/peso/Page_Olva Courier  Confirma tus datos/th_S 14.50' are NOT matched.
	at com.kms.katalon.core.webui.keyword.internal.WebUIKeywordMain.stepFailed(WebUIKeywordMain.groovy:117)
	at com.kms.katalon.core.webui.keyword.builtin.VerifyElementTextKeyword$_verifyElementText_closure1.doCall(VerifyElementTextKeyword.groovy:57)
	at com.kms.katalon.core.webui.keyword.builtin.VerifyElementTextKeyword$_verifyElementText_closure1.call(VerifyElementTextKeyword.groovy)
	at com.kms.katalon.core.webui.keyword.internal.WebUIKeywordMain.runKeyword(WebUIKeywordMain.groovy:35)
	... 20 more]]></system-err>
      </testcase>
      <testcase name="Test Cases/2.Positivos/2.1Paquete/Origen-Lima/4.Peso/No-encuentro-peso" time="54.947" classname="Test Cases/2.Positivos/2.1Paquete/Origen-Lima/4.Peso/No-encuentro-peso" status="PASSED">
         <system-out><![CDATA[27-11-2024T17:35:09 - [TEST_CASE][PASSED] - Test Cases/2.Positivos/2.1Paquete/Origen-Lima/4.Peso/No-encuentro-peso: Test Cases/2.Positivos/2.1Paquete/Origen-Lima/4.Peso/No-encuentro-peso

27-11-2024T17:35:10 - [TEST_STEP][PASSED] - callTestCase(findTestCase("1.Inicio/1.1Principal/Principal-home"), [:], STOP_ON_FAILURE): Call Test Case 'Test Cases/1.Inicio/1.1Principal/Principal-home' successfully

27-11-2024T17:35:10 - [TEST_CASE][PASSED] - Test Cases/1.Inicio/1.1Principal/Principal-home: Test Cases/1.Inicio/1.1Principal/Principal-home

27-11-2024T17:35:10 - [TEST_STEP][PASSED] - openBrowser(""): Browser is opened with url: ''

27-11-2024T17:35:10 - [MESSAGE][WARNING] - A browser is already opened. Closing browser and opening a new one

27-11-2024T17:35:11 - [MESSAGE][INFO] - Starting 'Firefox' driver

27-11-2024T17:35:11 - [MESSAGE][INFO] - Action delay is set to 0 milliseconds

27-11-2024T17:35:20 - [MESSAGE][PASSED] - Browser is opened with url: ''

27-11-2024T17:35:20 - [TEST_STEP][PASSED] - navigateToUrl("https://dev01-registrodeenvios.olvacourier.com/principal"): Navigate to 'https://dev01-registrodeenvios.olvacourier.com/principal' successfully

27-11-2024T17:35:21 - [MESSAGE][PASSED] - Navigate to 'https://dev01-registrodeenvios.olvacourier.com/principal' successfully

27-11-2024T17:35:21 - [TEST_STEP][PASSED] - maximizeWindow(): Current window maximized

27-11-2024T17:35:21 - [MESSAGE][PASSED] - Current window maximized

27-11-2024T17:35:21 - [MESSAGE][PASSED] - Call Test Case 'Test Cases/1.Inicio/1.1Principal/Principal-home' successfully

27-11-2024T17:35:21 - [TEST_STEP][PASSED] - callTestCase(findTestCase("1.Inicio/1.1Principal/Selec_paquete"), [:], STOP_ON_FAILURE): Call Test Case 'Test Cases/1.Inicio/1.1Principal/Selec_paquete' successfully

27-11-2024T17:35:22 - [TEST_CASE][PASSED] - Test Cases/1.Inicio/1.1Principal/Selec_paquete: Test Cases/1.Inicio/1.1Principal/Selec_paquete

27-11-2024T17:35:22 - [TEST_STEP][PASSED] - click(findTestObject("Object Repository/Principal/Page_Olva Courier  Home/img_Qu deseas realizar hoy_img_paquete")): Object: 'Object Repository/Principal/Page_Olva Courier  Home/img_Qu deseas realizar hoy_img_paquete' is clicked on

27-11-2024T17:35:22 - [MESSAGE][PASSED] - Object: 'Object Repository/Principal/Page_Olva Courier  Home/img_Qu deseas realizar hoy_img_paquete' is clicked on

27-11-2024T17:35:22 - [TEST_STEP][PASSED] - click(findTestObject("Object Repository/Principal/Page_Olva Courier  Home/span_He ledo y acepto los_checkmark (1)")): Object: 'Object Repository/Principal/Page_Olva Courier  Home/span_He ledo y acepto los_checkmark (1)' is clicked on

27-11-2024T17:35:23 - [MESSAGE][PASSED] - Object: 'Object Repository/Principal/Page_Olva Courier  Home/span_He ledo y acepto los_checkmark (1)' is clicked on

27-11-2024T17:35:23 - [TEST_STEP][PASSED] - click(findTestObject("Object Repository/Principal/Page_Olva Courier  Home/button_CONTINUAR (1)")): Object: 'Object Repository/Principal/Page_Olva Courier  Home/button_CONTINUAR (1)' is clicked on

27-11-2024T17:35:25 - [MESSAGE][PASSED] - Object: 'Object Repository/Principal/Page_Olva Courier  Home/button_CONTINUAR (1)' is clicked on

27-11-2024T17:35:25 - [TEST_STEP][PASSED] - verifyElementPresent(findTestObject("Object Repository/Principal/Page_Olva Courier  Datos Personales/strong_REGISTRO DE ENVOS"), 0): Object 'Object Repository/Principal/Page_Olva Courier  Datos Personales/strong_REGISTRO DE ENVOS' is present

27-11-2024T17:35:25 - [MESSAGE][WARNING] - Timeout '0' is invalid. Using default page load timeout: '30'

27-11-2024T17:35:25 - [MESSAGE][PASSED] - Object 'Object Repository/Principal/Page_Olva Courier  Datos Personales/strong_REGISTRO DE ENVOS' is present

27-11-2024T17:35:25 - [TEST_STEP][PASSED] - verifyElementPresent(findTestObject("Object Repository/Principal/Page_Olva Courier  Datos Personales/span_Regresar (1)"), 0): Object 'Object Repository/Principal/Page_Olva Courier  Datos Personales/span_Regresar (1)' is present

27-11-2024T17:35:25 - [MESSAGE][WARNING] - Timeout '0' is invalid. Using default page load timeout: '30'

27-11-2024T17:35:25 - [MESSAGE][PASSED] - Object 'Object Repository/Principal/Page_Olva Courier  Datos Personales/span_Regresar (1)' is present

27-11-2024T17:35:25 - [TEST_STEP][PASSED] - verifyElementPresent(findTestObject("Object Repository/Principal/Page_Olva Courier  Datos Personales/span_Inicio (1)"), 0): Object 'Object Repository/Principal/Page_Olva Courier  Datos Personales/span_Inicio (1)' is present

27-11-2024T17:35:25 - [MESSAGE][WARNING] - Timeout '0' is invalid. Using default page load timeout: '30'

27-11-2024T17:35:26 - [MESSAGE][PASSED] - Object 'Object Repository/Principal/Page_Olva Courier  Datos Personales/span_Inicio (1)' is present

27-11-2024T17:35:26 - [MESSAGE][PASSED] - Call Test Case 'Test Cases/1.Inicio/1.1Principal/Selec_paquete' successfully

27-11-2024T17:35:26 - [TEST_STEP][PASSED] - callTestCase(findTestCase("1.Inicio/1.2Tipo_Doc/1.DNI"), [:], STOP_ON_FAILURE): Call Test Case 'Test Cases/1.Inicio/1.2Tipo_Doc/1.DNI' successfully

27-11-2024T17:35:26 - [TEST_CASE][PASSED] - Test Cases/1.Inicio/1.2Tipo_Doc/1.DNI: Test Cases/1.Inicio/1.2Tipo_Doc/1.DNI

27-11-2024T17:35:26 - [TEST_STEP][PASSED] - click(findTestObject("Object Repository/Login/Page_Olva Courier  Datos Personales/button_Tipo De Documento")): Object: 'Object Repository/Login/Page_Olva Courier  Datos Personales/button_Tipo De Documento' is clicked on

27-11-2024T17:35:27 - [MESSAGE][PASSED] - Object: 'Object Repository/Login/Page_Olva Courier  Datos Personales/button_Tipo De Documento' is clicked on

27-11-2024T17:35:27 - [TEST_STEP][PASSED] - click(findTestObject("Object Repository/Login/Page_Olva Courier  Datos Personales/a_DNI (Boleta)")): Object: 'Object Repository/Login/Page_Olva Courier  Datos Personales/a_DNI (Boleta)' is clicked on

27-11-2024T17:35:27 - [MESSAGE][PASSED] - Object: 'Object Repository/Login/Page_Olva Courier  Datos Personales/a_DNI (Boleta)' is clicked on

27-11-2024T17:35:27 - [TEST_STEP][PASSED] - setText(findTestObject("Object Repository/Login/Page_Olva Courier  Datos Personales/input_CARN EXT. (Boleta)_txt_documento_cliente"), "47190321"): Text '47190321' is set on object 'Object Repository/Login/Page_Olva Courier  Datos Personales/input_CARN EXT. (Boleta)_txt_documento_cliente'

27-11-2024T17:35:28 - [MESSAGE][PASSED] - Text '47190321' is set on object 'Object Repository/Login/Page_Olva Courier  Datos Personales/input_CARN EXT. (Boleta)_txt_documento_cliente'

27-11-2024T17:35:28 - [TEST_STEP][PASSED] - setText(findTestObject("Object Repository/Login/Page_Olva Courier  Datos Personales/input_CARN EXT. (Boleta)_txt_telefono_cliente"), "957378086"): Text '957378086' is set on object 'Object Repository/Login/Page_Olva Courier  Datos Personales/input_CARN EXT. (Boleta)_txt_telefono_cliente'

27-11-2024T17:35:34 - [MESSAGE][PASSED] - Text '957378086' is set on object 'Object Repository/Login/Page_Olva Courier  Datos Personales/input_CARN EXT. (Boleta)_txt_telefono_cliente'

27-11-2024T17:35:34 - [TEST_STEP][PASSED] - setText(findTestObject("Object Repository/Login/Page_Olva Courier  Datos Personales/input_Hola,_txt_email_cliente"), "riosalejosjs@gmail.com"): Text 'riosalejosjs@gmail.com' is set on object 'Object Repository/Login/Page_Olva Courier  Datos Personales/input_Hola,_txt_email_cliente'

27-11-2024T17:35:34 - [MESSAGE][PASSED] - Text 'riosalejosjs@gmail.com' is set on object 'Object Repository/Login/Page_Olva Courier  Datos Personales/input_Hola,_txt_email_cliente'

27-11-2024T17:35:34 - [MESSAGE][PASSED] - Call Test Case 'Test Cases/1.Inicio/1.2Tipo_Doc/1.DNI' successfully

27-11-2024T17:35:34 - [TEST_STEP][PASSED] - click(findTestObject("Object Repository/pago/Page_Olva Courier  Datos Personales/button_Seleccionar artculo")): Object: 'Object Repository/pago/Page_Olva Courier  Datos Personales/button_Seleccionar artculo' is clicked on

27-11-2024T17:35:35 - [MESSAGE][PASSED] - Object: 'Object Repository/pago/Page_Olva Courier  Datos Personales/button_Seleccionar artculo' is clicked on

27-11-2024T17:35:35 - [TEST_STEP][PASSED] - click(findTestObject("Object Repository/pago/Page_Olva Courier  Datos Personales/span_ACCESORIOS Y EQUIPOS ELECTRONICOS")): Object: 'Object Repository/pago/Page_Olva Courier  Datos Personales/span_ACCESORIOS Y EQUIPOS ELECTRONICOS' is clicked on

27-11-2024T17:35:35 - [MESSAGE][PASSED] - Object: 'Object Repository/pago/Page_Olva Courier  Datos Personales/span_ACCESORIOS Y EQUIPOS ELECTRONICOS' is clicked on

27-11-2024T17:35:35 - [TEST_STEP][PASSED] - setText(findTestObject("Object Repository/pago/Page_Olva Courier  Datos Personales/input_UTILES DE OFICINA_txt_paquete_articulo"), "VVVv"): Text 'VVVv' is set on object 'Object Repository/pago/Page_Olva Courier  Datos Personales/input_UTILES DE OFICINA_txt_paquete_articulo'

27-11-2024T17:35:36 - [MESSAGE][PASSED] - Text 'VVVv' is set on object 'Object Repository/pago/Page_Olva Courier  Datos Personales/input_UTILES DE OFICINA_txt_paquete_articulo'

27-11-2024T17:35:36 - [TEST_STEP][PASSED] - setText(findTestObject("Object Repository/pago/Page_Olva Courier  Datos Personales/input_UTILES DE OFICINA_txt_paquete_valor"), "20"): Text '20' is set on object 'Object Repository/pago/Page_Olva Courier  Datos Personales/input_UTILES DE OFICINA_txt_paquete_valor'

27-11-2024T17:35:36 - [MESSAGE][PASSED] - Text '20' is set on object 'Object Repository/pago/Page_Olva Courier  Datos Personales/input_UTILES DE OFICINA_txt_paquete_valor'

27-11-2024T17:35:36 - [TEST_STEP][PASSED] - scrollToElement(findTestObject("Object Repository/pago/Page_Olva Courier  Datos Personales/div_No encuentro el peso de mi envo"), 0): Scroll to object 'Object Repository/pago/Page_Olva Courier  Datos Personales/div_No encuentro el peso de mi envo' successfully

27-11-2024T17:35:36 - [MESSAGE][WARNING] - Timeout '0' is invalid. Using default page load timeout: '30'

27-11-2024T17:35:37 - [MESSAGE][PASSED] - Scroll to object 'Object Repository/pago/Page_Olva Courier  Datos Personales/div_No encuentro el peso de mi envo' successfully

27-11-2024T17:35:37 - [TEST_STEP][PASSED] - click(findTestObject("Object Repository/pago/Page_Olva Courier  Datos Personales/div_No encuentro el peso de mi envo")): Object: 'Object Repository/pago/Page_Olva Courier  Datos Personales/div_No encuentro el peso de mi envo' is clicked on

27-11-2024T17:35:37 - [MESSAGE][PASSED] - Object: 'Object Repository/pago/Page_Olva Courier  Datos Personales/div_No encuentro el peso de mi envo' is clicked on

27-11-2024T17:35:37 - [TEST_STEP][PASSED] - setText(findTestObject("Object Repository/pago/Page_Olva Courier  Datos Personales/input_Ancho (cm)_modal-input-ancho"), "14"): Text '14' is set on object 'Object Repository/pago/Page_Olva Courier  Datos Personales/input_Ancho (cm)_modal-input-ancho'

27-11-2024T17:35:38 - [MESSAGE][PASSED] - Text '14' is set on object 'Object Repository/pago/Page_Olva Courier  Datos Personales/input_Ancho (cm)_modal-input-ancho'

27-11-2024T17:35:38 - [TEST_STEP][PASSED] - setText(findTestObject("Object Repository/pago/Page_Olva Courier  Datos Personales/input_Largo (cm)_modal-input-largo"), "14"): Text '14' is set on object 'Object Repository/pago/Page_Olva Courier  Datos Personales/input_Largo (cm)_modal-input-largo'

27-11-2024T17:35:39 - [MESSAGE][PASSED] - Text '14' is set on object 'Object Repository/pago/Page_Olva Courier  Datos Personales/input_Largo (cm)_modal-input-largo'

27-11-2024T17:35:39 - [TEST_STEP][PASSED] - setText(findTestObject("Object Repository/pago/Page_Olva Courier  Datos Personales/input_Alto (cm)_modal-input-alto"), "14"): Text '14' is set on object 'Object Repository/pago/Page_Olva Courier  Datos Personales/input_Alto (cm)_modal-input-alto'

27-11-2024T17:35:40 - [MESSAGE][PASSED] - Text '14' is set on object 'Object Repository/pago/Page_Olva Courier  Datos Personales/input_Alto (cm)_modal-input-alto'

27-11-2024T17:35:40 - [TEST_STEP][PASSED] - setText(findTestObject("Object Repository/pago/Page_Olva Courier  Datos Personales/input_Peso (Kg)_modal-input-peso"), "7"): Text '7' is set on object 'Object Repository/pago/Page_Olva Courier  Datos Personales/input_Peso (Kg)_modal-input-peso'

27-11-2024T17:35:41 - [MESSAGE][PASSED] - Text '7' is set on object 'Object Repository/pago/Page_Olva Courier  Datos Personales/input_Peso (Kg)_modal-input-peso'

27-11-2024T17:35:41 - [TEST_STEP][PASSED] - click(findTestObject("Object Repository/pago/Page_Olva Courier  Datos Personales/div_CALCULAR")): Object: 'Object Repository/pago/Page_Olva Courier  Datos Personales/div_CALCULAR' is clicked on

27-11-2024T17:35:42 - [MESSAGE][PASSED] - Object: 'Object Repository/pago/Page_Olva Courier  Datos Personales/div_CALCULAR' is clicked on

27-11-2024T17:35:42 - [TEST_STEP][PASSED] - scrollToElement(findTestObject("Object Repository/pago/Page_Olva Courier  Datos Personales/span_Ingrese el punto de llegada"), 0): Scroll to object 'Object Repository/pago/Page_Olva Courier  Datos Personales/span_Ingrese el punto de llegada' successfully

27-11-2024T17:35:42 - [MESSAGE][WARNING] - Timeout '0' is invalid. Using default page load timeout: '30'

27-11-2024T17:35:42 - [MESSAGE][PASSED] - Scroll to object 'Object Repository/pago/Page_Olva Courier  Datos Personales/span_Ingrese el punto de llegada' successfully

27-11-2024T17:35:42 - [TEST_STEP][PASSED] - click(findTestObject("Object Repository/pago/Page_Olva Courier  Datos Personales/span_Ingrese el punto de llegada")): Object: 'Object Repository/pago/Page_Olva Courier  Datos Personales/span_Ingrese el punto de llegada' is clicked on

27-11-2024T17:35:43 - [MESSAGE][PASSED] - Object: 'Object Repository/pago/Page_Olva Courier  Datos Personales/span_Ingrese el punto de llegada' is clicked on

27-11-2024T17:35:43 - [TEST_STEP][PASSED] - click(findTestObject("Object Repository/pago/Page_Olva Courier  Datos Personales/a_APURIMAC - GRAU - CHUQUIBAMBILLA")): Object: 'Object Repository/pago/Page_Olva Courier  Datos Personales/a_APURIMAC - GRAU - CHUQUIBAMBILLA' is clicked on

27-11-2024T17:35:43 - [MESSAGE][PASSED] - Object: 'Object Repository/pago/Page_Olva Courier  Datos Personales/a_APURIMAC - GRAU - CHUQUIBAMBILLA' is clicked on

27-11-2024T17:35:43 - [TEST_STEP][PASSED] - click(findTestObject("Object Repository/pago/Page_Olva Courier  Datos Personales/button_Tipo de entrega")): Object: 'Object Repository/pago/Page_Olva Courier  Datos Personales/button_Tipo de entrega' is clicked on

27-11-2024T17:35:44 - [MESSAGE][PASSED] - Object: 'Object Repository/pago/Page_Olva Courier  Datos Personales/button_Tipo de entrega' is clicked on

27-11-2024T17:35:44 - [TEST_STEP][PASSED] - click(findTestObject("Object Repository/pago/Page_Olva Courier  Datos Personales/a_Entrega a domicilio")): Object: 'Object Repository/pago/Page_Olva Courier  Datos Personales/a_Entrega a domicilio' is clicked on

27-11-2024T17:35:49 - [MESSAGE][PASSED] - Object: 'Object Repository/pago/Page_Olva Courier  Datos Personales/a_Entrega a domicilio' is clicked on

27-11-2024T17:35:49 - [TEST_STEP][PASSED] - click(findTestObject("Object Repository/pago/Page_Olva Courier  Datos Personales/span_Tipo De Documento")): Object: 'Object Repository/pago/Page_Olva Courier  Datos Personales/span_Tipo De Documento' is clicked on

27-11-2024T17:35:49 - [MESSAGE][PASSED] - Object: 'Object Repository/pago/Page_Olva Courier  Datos Personales/span_Tipo De Documento' is clicked on

27-11-2024T17:35:49 - [TEST_STEP][PASSED] - click(findTestObject("Object Repository/pago/Page_Olva Courier  Datos Personales/a_DNI")): Object: 'Object Repository/pago/Page_Olva Courier  Datos Personales/a_DNI' is clicked on

27-11-2024T17:35:49 - [MESSAGE][PASSED] - Object: 'Object Repository/pago/Page_Olva Courier  Datos Personales/a_DNI' is clicked on

27-11-2024T17:35:49 - [TEST_STEP][PASSED] - setText(findTestObject("Object Repository/pago/Page_Olva Courier  Datos Personales/input_CARN EXT_txt_consignado_dni"), "71735785"): Text '71735785' is set on object 'Object Repository/pago/Page_Olva Courier  Datos Personales/input_CARN EXT_txt_consignado_dni'

27-11-2024T17:35:50 - [MESSAGE][PASSED] - Text '71735785' is set on object 'Object Repository/pago/Page_Olva Courier  Datos Personales/input_CARN EXT_txt_consignado_dni'

27-11-2024T17:35:50 - [TEST_STEP][PASSED] - scrollToElement(findTestObject("Object Repository/pago/Page_Olva Courier  Datos Personales/button_CONTINUAR"), 0): Scroll to object 'Object Repository/pago/Page_Olva Courier  Datos Personales/button_CONTINUAR' successfully

27-11-2024T17:35:50 - [MESSAGE][WARNING] - Timeout '0' is invalid. Using default page load timeout: '30'

27-11-2024T17:35:51 - [MESSAGE][PASSED] - Scroll to object 'Object Repository/pago/Page_Olva Courier  Datos Personales/button_CONTINUAR' successfully

27-11-2024T17:35:51 - [TEST_STEP][PASSED] - click(findTestObject("Object Repository/pago/Page_Olva Courier  Datos Personales/button_CONTINUAR")): Object: 'Object Repository/pago/Page_Olva Courier  Datos Personales/button_CONTINUAR' is clicked on

27-11-2024T17:35:53 - [MESSAGE][PASSED] - Object: 'Object Repository/pago/Page_Olva Courier  Datos Personales/button_CONTINUAR' is clicked on

27-11-2024T17:35:55 - [TEST_STEP][PASSED] - scrollToElement(findTestObject("Object Repository/pago/Page_Olva Courier  Confirma tus datos/button_IR A PAGAR S 76.41"), 0): Scroll to object 'Object Repository/pago/Page_Olva Courier  Confirma tus datos/button_IR A PAGAR S 76.41' successfully

27-11-2024T17:35:55 - [MESSAGE][WARNING] - Timeout '0' is invalid. Using default page load timeout: '30'

27-11-2024T17:35:55 - [MESSAGE][PASSED] - Scroll to object 'Object Repository/pago/Page_Olva Courier  Confirma tus datos/button_IR A PAGAR S 76.41' successfully

27-11-2024T17:35:55 - [TEST_STEP][PASSED] - click(findTestObject("Object Repository/pago/Page_Olva Courier  Confirma tus datos/button_IR A PAGAR S 76.41")): Object: 'Object Repository/pago/Page_Olva Courier  Confirma tus datos/button_IR A PAGAR S 76.41' is clicked on

27-11-2024T17:35:56 - [MESSAGE][PASSED] - Object: 'Object Repository/pago/Page_Olva Courier  Confirma tus datos/button_IR A PAGAR S 76.41' is clicked on

27-11-2024T17:35:56 - [TEST_STEP][PASSED] - delay(3): Delayed 3 second(s)

27-11-2024T17:35:59 - [MESSAGE][PASSED] - Delayed 3 second(s)

27-11-2024T17:35:59 - [TEST_STEP][PASSED] - verifyElementPresent(findTestObject("Object Repository/pago/Page_Olva Courier  Medios de pago/button_PAGAR (1)"), 0): Object 'Object Repository/pago/Page_Olva Courier  Medios de pago/button_PAGAR (1)' is present

27-11-2024T17:35:59 - [MESSAGE][WARNING] - Timeout '0' is invalid. Using default page load timeout: '30'

27-11-2024T17:36:00 - [MESSAGE][PASSED] - Object 'Object Repository/pago/Page_Olva Courier  Medios de pago/button_PAGAR (1)' is present

27-11-2024T17:36:00 - [TEST_STEP][PASSED] - callTestCase(findTestCase("1.Inicio/1.3Pago_POS/Pago-exitoso"), [:], STOP_ON_FAILURE): Call Test Case 'Test Cases/1.Inicio/1.3Pago_POS/Pago-exitoso' successfully

27-11-2024T17:36:00 - [TEST_CASE][PASSED] - Test Cases/1.Inicio/1.3Pago_POS/Pago-exitoso: Test Cases/1.Inicio/1.3Pago_POS/Pago-exitoso

27-11-2024T17:36:00 - [TEST_STEP][PASSED] - verifyElementPresent(findTestObject("Object Repository/pago/Page_Olva Courier  Medios de pago/div_Pago con tarjeta de crdito, dbito y Yape"), 0): Object 'Object Repository/pago/Page_Olva Courier  Medios de pago/div_Pago con tarjeta de crdito, dbito y Yape' is present

27-11-2024T17:36:00 - [MESSAGE][WARNING] - Timeout '0' is invalid. Using default page load timeout: '30'

27-11-2024T17:36:00 - [MESSAGE][PASSED] - Object 'Object Repository/pago/Page_Olva Courier  Medios de pago/div_Pago con tarjeta de crdito, dbito y Yape' is present

27-11-2024T17:36:00 - [TEST_STEP][PASSED] - verifyElementPresent(findTestObject("Object Repository/pago/Page_Olva Courier  Medios de pago/td_S"), 0): Object 'Object Repository/pago/Page_Olva Courier  Medios de pago/td_S' is present

27-11-2024T17:36:00 - [MESSAGE][WARNING] - Timeout '0' is invalid. Using default page load timeout: '30'

27-11-2024T17:36:00 - [MESSAGE][PASSED] - Object 'Object Repository/pago/Page_Olva Courier  Medios de pago/td_S' is present

27-11-2024T17:36:00 - [TEST_STEP][PASSED] - delay(1): Delayed 1 second(s)

27-11-2024T17:36:01 - [MESSAGE][PASSED] - Delayed 1 second(s)

27-11-2024T17:36:01 - [TEST_STEP][PASSED] - scrollToElement(findTestObject("Object Repository/pago/Page_Olva Courier  Medios de pago/button_PAGAR"), 0): Scroll to object 'Object Repository/pago/Page_Olva Courier  Medios de pago/button_PAGAR' successfully

27-11-2024T17:36:01 - [MESSAGE][WARNING] - Timeout '0' is invalid. Using default page load timeout: '30'

27-11-2024T17:36:01 - [MESSAGE][PASSED] - Scroll to object 'Object Repository/pago/Page_Olva Courier  Medios de pago/button_PAGAR' successfully

27-11-2024T17:36:01 - [TEST_STEP][PASSED] - click(findTestObject("Object Repository/pago/Page_Olva Courier  Medios de pago/button_PAGAR")): Object: 'Object Repository/pago/Page_Olva Courier  Medios de pago/button_PAGAR' is clicked on

27-11-2024T17:36:02 - [MESSAGE][PASSED] - Object: 'Object Repository/pago/Page_Olva Courier  Medios de pago/button_PAGAR' is clicked on

27-11-2024T17:36:02 - [TEST_STEP][PASSED] - delay(2): Delayed 2 second(s)

27-11-2024T17:36:04 - [MESSAGE][PASSED] - Delayed 2 second(s)

27-11-2024T17:36:04 - [TEST_STEP][PASSED] - verifyElementText(findTestObject("Object Repository/pago/Page_Olva Courier  Pago Exitoso/div_Aprobado y completado con exito"), "Aprobado y completado con exito"): Actual text and expected text of test object 'Object Repository/pago/Page_Olva Courier  Pago Exitoso/div_Aprobado y completado con exito' are matched.

27-11-2024T17:36:04 - [MESSAGE][PASSED] - Actual text and expected text of test object 'Object Repository/pago/Page_Olva Courier  Pago Exitoso/div_Aprobado y completado con exito' are matched.

27-11-2024T17:36:04 - [TEST_STEP][PASSED] - verifyElementPresent(findTestObject("Object Repository/pago/Page_Olva Courier  Pago Exitoso/b_nroPreventa"), 0): Object 'Object Repository/pago/Page_Olva Courier  Pago Exitoso/b_nroPreventa' is present

27-11-2024T17:36:04 - [MESSAGE][WARNING] - Timeout '0' is invalid. Using default page load timeout: '30'

27-11-2024T17:36:04 - [MESSAGE][PASSED] - Object 'Object Repository/pago/Page_Olva Courier  Pago Exitoso/b_nroPreventa' is present

27-11-2024T17:36:04 - [MESSAGE][PASSED] - Call Test Case 'Test Cases/1.Inicio/1.3Pago_POS/Pago-exitoso' successfully]]></system-out>
         <system-err><![CDATA[]]></system-err>
      </testcase>
      <testcase name="Test Cases/2.Positivos/2.1Paquete/Origen-Lima/3.Destino-D,DO,O/Restricción-O" time="35.343" classname="Test Cases/2.Positivos/2.1Paquete/Origen-Lima/3.Destino-D,DO,O/Restricción-O" status="PASSED">
         <system-out><![CDATA[27-11-2024T17:36:04 - [TEST_CASE][PASSED] - Test Cases/2.Positivos/2.1Paquete/Origen-Lima/3.Destino-D,DO,O/Restricción-O: Test Cases/2.Positivos/2.1Paquete/Origen-Lima/3.Destino-D,DO,O/Restricción-O

27-11-2024T17:36:05 - [TEST_STEP][PASSED] - callTestCase(findTestCase("1.Inicio/1.1Principal/Principal-home"), [:], STOP_ON_FAILURE): Call Test Case 'Test Cases/1.Inicio/1.1Principal/Principal-home' successfully

27-11-2024T17:36:05 - [TEST_CASE][PASSED] - Test Cases/1.Inicio/1.1Principal/Principal-home: Test Cases/1.Inicio/1.1Principal/Principal-home

27-11-2024T17:36:05 - [TEST_STEP][PASSED] - openBrowser(""): Browser is opened with url: ''

27-11-2024T17:36:05 - [MESSAGE][WARNING] - A browser is already opened. Closing browser and opening a new one

27-11-2024T17:36:07 - [MESSAGE][INFO] - Starting 'Firefox' driver

27-11-2024T17:36:07 - [MESSAGE][INFO] - Action delay is set to 0 milliseconds

27-11-2024T17:36:18 - [MESSAGE][PASSED] - Browser is opened with url: ''

27-11-2024T17:36:18 - [TEST_STEP][PASSED] - navigateToUrl("https://dev01-registrodeenvios.olvacourier.com/principal"): Navigate to 'https://dev01-registrodeenvios.olvacourier.com/principal' successfully

27-11-2024T17:36:20 - [MESSAGE][PASSED] - Navigate to 'https://dev01-registrodeenvios.olvacourier.com/principal' successfully

27-11-2024T17:36:20 - [TEST_STEP][PASSED] - maximizeWindow(): Current window maximized

27-11-2024T17:36:20 - [MESSAGE][PASSED] - Current window maximized

27-11-2024T17:36:20 - [MESSAGE][PASSED] - Call Test Case 'Test Cases/1.Inicio/1.1Principal/Principal-home' successfully

27-11-2024T17:36:20 - [TEST_STEP][PASSED] - callTestCase(findTestCase("1.Inicio/1.1Principal/Selec_paquete"), [:], STOP_ON_FAILURE): Call Test Case 'Test Cases/1.Inicio/1.1Principal/Selec_paquete' successfully

27-11-2024T17:36:20 - [TEST_CASE][PASSED] - Test Cases/1.Inicio/1.1Principal/Selec_paquete: Test Cases/1.Inicio/1.1Principal/Selec_paquete

27-11-2024T17:36:20 - [TEST_STEP][PASSED] - click(findTestObject("Object Repository/Principal/Page_Olva Courier  Home/img_Qu deseas realizar hoy_img_paquete")): Object: 'Object Repository/Principal/Page_Olva Courier  Home/img_Qu deseas realizar hoy_img_paquete' is clicked on

27-11-2024T17:36:20 - [MESSAGE][PASSED] - Object: 'Object Repository/Principal/Page_Olva Courier  Home/img_Qu deseas realizar hoy_img_paquete' is clicked on

27-11-2024T17:36:20 - [TEST_STEP][PASSED] - click(findTestObject("Object Repository/Principal/Page_Olva Courier  Home/span_He ledo y acepto los_checkmark (1)")): Object: 'Object Repository/Principal/Page_Olva Courier  Home/span_He ledo y acepto los_checkmark (1)' is clicked on

27-11-2024T17:36:21 - [MESSAGE][PASSED] - Object: 'Object Repository/Principal/Page_Olva Courier  Home/span_He ledo y acepto los_checkmark (1)' is clicked on

27-11-2024T17:36:21 - [TEST_STEP][PASSED] - click(findTestObject("Object Repository/Principal/Page_Olva Courier  Home/button_CONTINUAR (1)")): Object: 'Object Repository/Principal/Page_Olva Courier  Home/button_CONTINUAR (1)' is clicked on

27-11-2024T17:36:23 - [MESSAGE][PASSED] - Object: 'Object Repository/Principal/Page_Olva Courier  Home/button_CONTINUAR (1)' is clicked on

27-11-2024T17:36:23 - [TEST_STEP][PASSED] - verifyElementPresent(findTestObject("Object Repository/Principal/Page_Olva Courier  Datos Personales/strong_REGISTRO DE ENVOS"), 0): Object 'Object Repository/Principal/Page_Olva Courier  Datos Personales/strong_REGISTRO DE ENVOS' is present

27-11-2024T17:36:23 - [MESSAGE][WARNING] - Timeout '0' is invalid. Using default page load timeout: '30'

27-11-2024T17:36:23 - [MESSAGE][PASSED] - Object 'Object Repository/Principal/Page_Olva Courier  Datos Personales/strong_REGISTRO DE ENVOS' is present

27-11-2024T17:36:23 - [TEST_STEP][PASSED] - verifyElementPresent(findTestObject("Object Repository/Principal/Page_Olva Courier  Datos Personales/span_Regresar (1)"), 0): Object 'Object Repository/Principal/Page_Olva Courier  Datos Personales/span_Regresar (1)' is present

27-11-2024T17:36:23 - [MESSAGE][WARNING] - Timeout '0' is invalid. Using default page load timeout: '30'

27-11-2024T17:36:23 - [MESSAGE][PASSED] - Object 'Object Repository/Principal/Page_Olva Courier  Datos Personales/span_Regresar (1)' is present

27-11-2024T17:36:23 - [TEST_STEP][PASSED] - verifyElementPresent(findTestObject("Object Repository/Principal/Page_Olva Courier  Datos Personales/span_Inicio (1)"), 0): Object 'Object Repository/Principal/Page_Olva Courier  Datos Personales/span_Inicio (1)' is present

27-11-2024T17:36:23 - [MESSAGE][WARNING] - Timeout '0' is invalid. Using default page load timeout: '30'

27-11-2024T17:36:24 - [MESSAGE][PASSED] - Object 'Object Repository/Principal/Page_Olva Courier  Datos Personales/span_Inicio (1)' is present

27-11-2024T17:36:24 - [MESSAGE][PASSED] - Call Test Case 'Test Cases/1.Inicio/1.1Principal/Selec_paquete' successfully

27-11-2024T17:36:24 - [TEST_STEP][PASSED] - callTestCase(findTestCase("1.Inicio/1.2Tipo_Doc/1.DNI"), [:], STOP_ON_FAILURE): Call Test Case 'Test Cases/1.Inicio/1.2Tipo_Doc/1.DNI' successfully

27-11-2024T17:36:24 - [TEST_CASE][PASSED] - Test Cases/1.Inicio/1.2Tipo_Doc/1.DNI: Test Cases/1.Inicio/1.2Tipo_Doc/1.DNI

27-11-2024T17:36:24 - [TEST_STEP][PASSED] - click(findTestObject("Object Repository/Login/Page_Olva Courier  Datos Personales/button_Tipo De Documento")): Object: 'Object Repository/Login/Page_Olva Courier  Datos Personales/button_Tipo De Documento' is clicked on

27-11-2024T17:36:24 - [MESSAGE][PASSED] - Object: 'Object Repository/Login/Page_Olva Courier  Datos Personales/button_Tipo De Documento' is clicked on

27-11-2024T17:36:24 - [TEST_STEP][PASSED] - click(findTestObject("Object Repository/Login/Page_Olva Courier  Datos Personales/a_DNI (Boleta)")): Object: 'Object Repository/Login/Page_Olva Courier  Datos Personales/a_DNI (Boleta)' is clicked on

27-11-2024T17:36:25 - [MESSAGE][PASSED] - Object: 'Object Repository/Login/Page_Olva Courier  Datos Personales/a_DNI (Boleta)' is clicked on

27-11-2024T17:36:25 - [TEST_STEP][PASSED] - setText(findTestObject("Object Repository/Login/Page_Olva Courier  Datos Personales/input_CARN EXT. (Boleta)_txt_documento_cliente"), "47190321"): Text '47190321' is set on object 'Object Repository/Login/Page_Olva Courier  Datos Personales/input_CARN EXT. (Boleta)_txt_documento_cliente'

27-11-2024T17:36:25 - [MESSAGE][PASSED] - Text '47190321' is set on object 'Object Repository/Login/Page_Olva Courier  Datos Personales/input_CARN EXT. (Boleta)_txt_documento_cliente'

27-11-2024T17:36:25 - [TEST_STEP][PASSED] - setText(findTestObject("Object Repository/Login/Page_Olva Courier  Datos Personales/input_CARN EXT. (Boleta)_txt_telefono_cliente"), "957378086"): Text '957378086' is set on object 'Object Repository/Login/Page_Olva Courier  Datos Personales/input_CARN EXT. (Boleta)_txt_telefono_cliente'

27-11-2024T17:36:30 - [MESSAGE][PASSED] - Text '957378086' is set on object 'Object Repository/Login/Page_Olva Courier  Datos Personales/input_CARN EXT. (Boleta)_txt_telefono_cliente'

27-11-2024T17:36:30 - [TEST_STEP][PASSED] - setText(findTestObject("Object Repository/Login/Page_Olva Courier  Datos Personales/input_Hola,_txt_email_cliente"), "riosalejosjs@gmail.com"): Text 'riosalejosjs@gmail.com' is set on object 'Object Repository/Login/Page_Olva Courier  Datos Personales/input_Hola,_txt_email_cliente'

27-11-2024T17:36:30 - [MESSAGE][PASSED] - Text 'riosalejosjs@gmail.com' is set on object 'Object Repository/Login/Page_Olva Courier  Datos Personales/input_Hola,_txt_email_cliente'

27-11-2024T17:36:30 - [MESSAGE][PASSED] - Call Test Case 'Test Cases/1.Inicio/1.2Tipo_Doc/1.DNI' successfully

27-11-2024T17:36:30 - [TEST_STEP][PASSED] - click(findTestObject("Object Repository/Positivos/Page_Olva Courier  Datos Personales/button_Seleccionar artculo")): Object: 'Object Repository/Positivos/Page_Olva Courier  Datos Personales/button_Seleccionar artculo' is clicked on

27-11-2024T17:36:31 - [MESSAGE][PASSED] - Object: 'Object Repository/Positivos/Page_Olva Courier  Datos Personales/button_Seleccionar artculo' is clicked on

27-11-2024T17:36:31 - [TEST_STEP][PASSED] - click(findTestObject("Object Repository/Positivos/Page_Olva Courier  Datos Personales/a_ACCESORIOS PARA FIESTAS")): Object: 'Object Repository/Positivos/Page_Olva Courier  Datos Personales/a_ACCESORIOS PARA FIESTAS' is clicked on

27-11-2024T17:36:31 - [MESSAGE][PASSED] - Object: 'Object Repository/Positivos/Page_Olva Courier  Datos Personales/a_ACCESORIOS PARA FIESTAS' is clicked on

27-11-2024T17:36:31 - [TEST_STEP][PASSED] - setText(findTestObject("Object Repository/Positivos/Page_Olva Courier  Datos Personales/input_UTILES DE OFICINA_txt_paquete_articulo (1)"), "DFdf"): Text 'DFdf' is set on object 'Object Repository/Positivos/Page_Olva Courier  Datos Personales/input_UTILES DE OFICINA_txt_paquete_articulo (1)'

27-11-2024T17:36:32 - [MESSAGE][PASSED] - Text 'DFdf' is set on object 'Object Repository/Positivos/Page_Olva Courier  Datos Personales/input_UTILES DE OFICINA_txt_paquete_articulo (1)'

27-11-2024T17:36:32 - [TEST_STEP][PASSED] - setText(findTestObject("Object Repository/Positivos/Page_Olva Courier  Datos Personales/input_UTILES DE OFICINA_txt_paquete_valor (1)"), "25"): Text '25' is set on object 'Object Repository/Positivos/Page_Olva Courier  Datos Personales/input_UTILES DE OFICINA_txt_paquete_valor (1)'

27-11-2024T17:36:32 - [MESSAGE][PASSED] - Text '25' is set on object 'Object Repository/Positivos/Page_Olva Courier  Datos Personales/input_UTILES DE OFICINA_txt_paquete_valor (1)'

27-11-2024T17:36:32 - [TEST_STEP][PASSED] - click(findTestObject("Object Repository/Positivos/Page_Olva Courier  Datos Personales/div_Hasta 2Kg (1)")): Object: 'Object Repository/Positivos/Page_Olva Courier  Datos Personales/div_Hasta 2Kg (1)' is clicked on

27-11-2024T17:36:33 - [MESSAGE][PASSED] - Object: 'Object Repository/Positivos/Page_Olva Courier  Datos Personales/div_Hasta 2Kg (1)' is clicked on

27-11-2024T17:36:33 - [TEST_STEP][PASSED] - scrollToElement(findTestObject("Object Repository/Positivos/Page_Olva Courier  Datos Personales/button_Ingrese el punto de llegada (1)"), 0): Scroll to object 'Object Repository/Positivos/Page_Olva Courier  Datos Personales/button_Ingrese el punto de llegada (1)' successfully

27-11-2024T17:36:33 - [MESSAGE][WARNING] - Timeout '0' is invalid. Using default page load timeout: '30'

27-11-2024T17:36:33 - [MESSAGE][PASSED] - Scroll to object 'Object Repository/Positivos/Page_Olva Courier  Datos Personales/button_Ingrese el punto de llegada (1)' successfully

27-11-2024T17:36:33 - [TEST_STEP][PASSED] - click(findTestObject("Object Repository/Positivos/Page_Olva Courier  Datos Personales/button_Ingrese el punto de llegada (1)")): Object: 'Object Repository/Positivos/Page_Olva Courier  Datos Personales/button_Ingrese el punto de llegada (1)' is clicked on

27-11-2024T17:36:34 - [MESSAGE][PASSED] - Object: 'Object Repository/Positivos/Page_Olva Courier  Datos Personales/button_Ingrese el punto de llegada (1)' is clicked on

27-11-2024T17:36:34 - [TEST_STEP][PASSED] - click(findTestObject("Object Repository/Positivos/Page_Olva Courier  Datos Personales/a_AMAZONAS - BAGUA - EL PARCO")): Object: 'Object Repository/Positivos/Page_Olva Courier  Datos Personales/a_AMAZONAS - BAGUA - EL PARCO' is clicked on

27-11-2024T17:36:38 - [MESSAGE][PASSED] - Object: 'Object Repository/Positivos/Page_Olva Courier  Datos Personales/a_AMAZONAS - BAGUA - EL PARCO' is clicked on

27-11-2024T17:36:38 - [TEST_STEP][PASSED] - click(findTestObject("Object Repository/Positivos/Page_Olva Courier  Datos Personales/button_Entrega a domicilio")): Object: 'Object Repository/Positivos/Page_Olva Courier  Datos Personales/button_Entrega a domicilio' is clicked on

27-11-2024T17:36:38 - [MESSAGE][PASSED] - Object: 'Object Repository/Positivos/Page_Olva Courier  Datos Personales/button_Entrega a domicilio' is clicked on

27-11-2024T17:36:38 - [TEST_STEP][PASSED] - click(findTestObject("Object Repository/Positivos/Page_Olva Courier  Datos Personales/a_Recojo en tienda (1)")): Object: 'Object Repository/Positivos/Page_Olva Courier  Datos Personales/a_Recojo en tienda (1)' is clicked on

27-11-2024T17:36:39 - [MESSAGE][PASSED] - Object: 'Object Repository/Positivos/Page_Olva Courier  Datos Personales/a_Recojo en tienda (1)' is clicked on

27-11-2024T17:36:39 - [TEST_STEP][PASSED] - verifyElementText(findTestObject("Object Repository/Positivos/Page_Olva Courier  Datos Personales/p_No se encontr oficinas en el destino sele_1183e7"), "No se encontró oficinas en el destino seleccionado."): Actual text and expected text of test object 'Object Repository/Positivos/Page_Olva Courier  Datos Personales/p_No se encontr oficinas en el destino sele_1183e7' are matched.

27-11-2024T17:36:39 - [MESSAGE][PASSED] - Actual text and expected text of test object 'Object Repository/Positivos/Page_Olva Courier  Datos Personales/p_No se encontr oficinas en el destino sele_1183e7' are matched.

27-11-2024T17:36:39 - [TEST_STEP][PASSED] - click(findTestObject("Object Repository/Positivos/Page_Olva Courier  Datos Personales/button_Aceptar")): Object: 'Object Repository/Positivos/Page_Olva Courier  Datos Personales/button_Aceptar' is clicked on

27-11-2024T17:36:40 - [MESSAGE][PASSED] - Object: 'Object Repository/Positivos/Page_Olva Courier  Datos Personales/button_Aceptar' is clicked on]]></system-out>
         <system-err><![CDATA[]]></system-err>
      </testcase>
      <testcase name="Test Cases/2.Positivos/2.1Paquete/Origen-Lima/3.Destino-D,DO,O/Destino-O" time="78.254" classname="Test Cases/2.Positivos/2.1Paquete/Origen-Lima/3.Destino-D,DO,O/Destino-O" status="FAILED">
         <failure type="FAILED" message="Test Cases/2.Positivos/2.1Paquete/Origen-Lima/3.Destino-D,DO,O/Destino-O FAILED.&#xa;Reason:&#xa;com.kms.katalon.core.exception.StepFailedException: Call Test Case 'Test Cases/1.Inicio/1.3Pago_POS/Pago-exitoso' failed&#xa;	at com.kms.katalon.core.keyword.builtin.CallTestCaseKeyword$_callTestCase_closure1.doCall(CallTestCaseKeyword.groovy:63)&#xa;	at com.kms.katalon.core.keyword.builtin.CallTestCaseKeyword$_callTestCase_closure1.call(CallTestCaseKeyword.groovy)&#xa;	at com.kms.katalon.core.keyword.internal.KeywordMain.runKeyword(KeywordMain.groovy:75)&#xa;	at com.kms.katalon.core.keyword.builtin.CallTestCaseKeyword.callTestCase(CallTestCaseKeyword.groovy:81)&#xa;	at com.kms.katalon.core.keyword.builtin.CallTestCaseKeyword.execute(CallTestCaseKeyword.groovy:44)&#xa;	at com.kms.katalon.core.keyword.internal.KeywordExecutor.executeKeywordForPlatform(KeywordExecutor.groovy:74)&#xa;	at com.kms.katalon.core.keyword.BuiltinKeywords.callTestCase(BuiltinKeywords.groovy:310)&#xa;	at jdk.internal.reflect.GeneratedMethodAccessor25.invoke(Unknown Source)&#xa;	at java.base/jdk.internal.reflect.DelegatingMethodAccessorImpl.invoke(DelegatingMethodAccessorImpl.java:43)&#xa;	at Destino-O.run(Destino-O:86)&#xa;	at com.kms.katalon.core.main.ScriptEngine.run(ScriptEngine.java:194)&#xa;	at com.kms.katalon.core.main.ScriptEngine.runScriptAsRawText(ScriptEngine.java:119)&#xa;	at com.kms.katalon.core.main.TestCaseExecutor.runScript(TestCaseExecutor.java:448)&#xa;	at com.kms.katalon.core.main.TestCaseExecutor.doExecute(TestCaseExecutor.java:439)&#xa;	at com.kms.katalon.core.main.TestCaseExecutor.processExecutionPhase(TestCaseExecutor.java:418)&#xa;	at com.kms.katalon.core.main.TestCaseExecutor.accessMainPhase(TestCaseExecutor.java:410)&#xa;	at com.kms.katalon.core.main.TestCaseExecutor.execute(TestCaseExecutor.java:285)&#xa;	at com.kms.katalon.core.common.CommonExecutor.accessTestCaseMainPhase(CommonExecutor.java:65)&#xa;	at com.kms.katalon.core.main.TestSuiteExecutor.accessTestSuiteMainPhase(TestSuiteExecutor.java:150)&#xa;	at com.kms.katalon.core.main.TestSuiteExecutor.execute(TestSuiteExecutor.java:106)&#xa;	at com.kms.katalon.core.main.TestCaseMain.startTestSuite(TestCaseMain.java:180)&#xa;	at TempTestSuite1732745349578.run(TempTestSuite1732745349578.groovy:35)&#xa;	at java.base/jdk.internal.reflect.NativeMethodAccessorImpl.invoke0(Native Method)&#xa;	at java.base/jdk.internal.reflect.NativeMethodAccessorImpl.invoke(NativeMethodAccessorImpl.java:77)&#xa;	at java.base/jdk.internal.reflect.DelegatingMethodAccessorImpl.invoke(DelegatingMethodAccessorImpl.java:43)&#xa;Caused by: com.kms.katalon.core.exception.StepFailedException: Unable to verify object 'Object Repository/pago/Page_Olva Courier  Medios de pago/div_Pago con tarjeta de crdito, dbito y Yape' is present&#xa;	at com.kms.katalon.core.webui.keyword.internal.WebUIKeywordMain.stepFailed(WebUIKeywordMain.groovy:117)&#xa;	at com.kms.katalon.core.webui.keyword.internal.WebUIKeywordMain.runKeyword(WebUIKeywordMain.groovy:43)&#xa;	at com.kms.katalon.core.webui.keyword.builtin.VerifyElementPresentKeyword.verifyElementPresent(VerifyElementPresentKeyword.groovy:92)&#xa;	at com.kms.katalon.core.webui.keyword.builtin.VerifyElementPresentKeyword.execute(VerifyElementPresentKeyword.groovy:68)&#xa;	at com.kms.katalon.core.keyword.internal.KeywordExecutor.executeKeywordForPlatform(KeywordExecutor.groovy:74)&#xa;	at com.kms.katalon.core.webui.keyword.WebUiBuiltInKeywords.verifyElementPresent(WebUiBuiltInKeywords.groovy:1503)&#xa;	at Pago-exitoso.run(Pago-exitoso:20)&#xa;	at com.kms.katalon.core.main.ScriptEngine.run(ScriptEngine.java:194)&#xa;	at com.kms.katalon.core.main.ScriptEngine.runScriptAsRawText(ScriptEngine.java:119)&#xa;	at com.kms.katalon.core.main.TestCaseExecutor.runScript(TestCaseExecutor.java:448)&#xa;	at com.kms.katalon.core.main.TestCaseExecutor.doExecute(TestCaseExecutor.java:439)&#xa;	at com.kms.katalon.core.main.TestCaseExecutor.processExecutionPhase(TestCaseExecutor.java:418)&#xa;	at com.kms.katalon.core.main.TestCaseExecutor.accessMainPhase(TestCaseExecutor.java:410)&#xa;	at com.kms.katalon.core.main.TestCaseExecutor.execute(TestCaseExecutor.java:285)&#xa;	at com.kms.katalon.core.main.TestCaseMain.runTestCase(TestCaseMain.java:137)&#xa;	at com.kms.katalon.core.keyword.builtin.CallTestCaseKeyword$_callTestCase_closure1.doCall(CallTestCaseKeyword.groovy:59)&#xa;	... 24 more&#xa;Caused by: com.kms.katalon.core.exception.StepFailedException: com.kms.katalon.core.webui.exception.WebElementNotFoundException: Web element with id: 'Object Repository/pago/Page_Olva Courier  Medios de pago/div_Pago con tarjeta de crdito, dbito y Yape' located by '//div[@id='pago1']/div' not found&#xa;	at com.kms.katalon.core.webui.keyword.internal.WebUIKeywordMain.stepFailed(WebUIKeywordMain.groovy:117)&#xa;	at com.kms.katalon.core.webui.keyword.builtin.VerifyElementPresentKeyword$_verifyElementPresent_closure1.doCall(VerifyElementPresentKeyword.groovy:85)&#xa;	at com.kms.katalon.core.webui.keyword.builtin.VerifyElementPresentKeyword$_verifyElementPresent_closure1.call(VerifyElementPresentKeyword.groovy)&#xa;	at com.kms.katalon.core.webui.keyword.internal.WebUIKeywordMain.runKeyword(WebUIKeywordMain.groovy:35)&#xa;	... 38 more&#xa;"/>
         <system-out><![CDATA[27-11-2024T17:36:40 - [TEST_CASE][FAILED] - Test Cases/2.Positivos/2.1Paquete/Origen-Lima/3.Destino-D,DO,O/Destino-O: Test Cases/2.Positivos/2.1Paquete/Origen-Lima/3.Destino-D,DO,O/Destino-O FAILED.
Reason:
com.kms.katalon.core.exception.StepFailedException: Call Test Case 'Test Cases/1.Inicio/1.3Pago_POS/Pago-exitoso' failed
	at com.kms.katalon.core.keyword.builtin.CallTestCaseKeyword$_callTestCase_closure1.doCall(CallTestCaseKeyword.groovy:63)
	at com.kms.katalon.core.keyword.builtin.CallTestCaseKeyword$_callTestCase_closure1.call(CallTestCaseKeyword.groovy)
	at com.kms.katalon.core.keyword.internal.KeywordMain.runKeyword(KeywordMain.groovy:75)
	at com.kms.katalon.core.keyword.builtin.CallTestCaseKeyword.callTestCase(CallTestCaseKeyword.groovy:81)
	at com.kms.katalon.core.keyword.builtin.CallTestCaseKeyword.execute(CallTestCaseKeyword.groovy:44)
	at com.kms.katalon.core.keyword.internal.KeywordExecutor.executeKeywordForPlatform(KeywordExecutor.groovy:74)
	at com.kms.katalon.core.keyword.BuiltinKeywords.callTestCase(BuiltinKeywords.groovy:310)
	at jdk.internal.reflect.GeneratedMethodAccessor25.invoke(Unknown Source)
	at java.base/jdk.internal.reflect.DelegatingMethodAccessorImpl.invoke(DelegatingMethodAccessorImpl.java:43)
	at Destino-O.run(Destino-O:86)
	at com.kms.katalon.core.main.ScriptEngine.run(ScriptEngine.java:194)
	at com.kms.katalon.core.main.ScriptEngine.runScriptAsRawText(ScriptEngine.java:119)
	at com.kms.katalon.core.main.TestCaseExecutor.runScript(TestCaseExecutor.java:448)
	at com.kms.katalon.core.main.TestCaseExecutor.doExecute(TestCaseExecutor.java:439)
	at com.kms.katalon.core.main.TestCaseExecutor.processExecutionPhase(TestCaseExecutor.java:418)
	at com.kms.katalon.core.main.TestCaseExecutor.accessMainPhase(TestCaseExecutor.java:410)
	at com.kms.katalon.core.main.TestCaseExecutor.execute(TestCaseExecutor.java:285)
	at com.kms.katalon.core.common.CommonExecutor.accessTestCaseMainPhase(CommonExecutor.java:65)
	at com.kms.katalon.core.main.TestSuiteExecutor.accessTestSuiteMainPhase(TestSuiteExecutor.java:150)
	at com.kms.katalon.core.main.TestSuiteExecutor.execute(TestSuiteExecutor.java:106)
	at com.kms.katalon.core.main.TestCaseMain.startTestSuite(TestCaseMain.java:180)
	at TempTestSuite1732745349578.run(TempTestSuite1732745349578.groovy:35)
	at java.base/jdk.internal.reflect.NativeMethodAccessorImpl.invoke0(Native Method)
	at java.base/jdk.internal.reflect.NativeMethodAccessorImpl.invoke(NativeMethodAccessorImpl.java:77)
	at java.base/jdk.internal.reflect.DelegatingMethodAccessorImpl.invoke(DelegatingMethodAccessorImpl.java:43)
Caused by: com.kms.katalon.core.exception.StepFailedException: Unable to verify object 'Object Repository/pago/Page_Olva Courier  Medios de pago/div_Pago con tarjeta de crdito, dbito y Yape' is present
	at com.kms.katalon.core.webui.keyword.internal.WebUIKeywordMain.stepFailed(WebUIKeywordMain.groovy:117)
	at com.kms.katalon.core.webui.keyword.internal.WebUIKeywordMain.runKeyword(WebUIKeywordMain.groovy:43)
	at com.kms.katalon.core.webui.keyword.builtin.VerifyElementPresentKeyword.verifyElementPresent(VerifyElementPresentKeyword.groovy:92)
	at com.kms.katalon.core.webui.keyword.builtin.VerifyElementPresentKeyword.execute(VerifyElementPresentKeyword.groovy:68)
	at com.kms.katalon.core.keyword.internal.KeywordExecutor.executeKeywordForPlatform(KeywordExecutor.groovy:74)
	at com.kms.katalon.core.webui.keyword.WebUiBuiltInKeywords.verifyElementPresent(WebUiBuiltInKeywords.groovy:1503)
	at Pago-exitoso.run(Pago-exitoso:20)
	at com.kms.katalon.core.main.ScriptEngine.run(ScriptEngine.java:194)
	at com.kms.katalon.core.main.ScriptEngine.runScriptAsRawText(ScriptEngine.java:119)
	at com.kms.katalon.core.main.TestCaseExecutor.runScript(TestCaseExecutor.java:448)
	at com.kms.katalon.core.main.TestCaseExecutor.doExecute(TestCaseExecutor.java:439)
	at com.kms.katalon.core.main.TestCaseExecutor.processExecutionPhase(TestCaseExecutor.java:418)
	at com.kms.katalon.core.main.TestCaseExecutor.accessMainPhase(TestCaseExecutor.java:410)
	at com.kms.katalon.core.main.TestCaseExecutor.execute(TestCaseExecutor.java:285)
	at com.kms.katalon.core.main.TestCaseMain.runTestCase(TestCaseMain.java:137)
	at com.kms.katalon.core.keyword.builtin.CallTestCaseKeyword$_callTestCase_closure1.doCall(CallTestCaseKeyword.groovy:59)
	... 24 more
Caused by: com.kms.katalon.core.exception.StepFailedException: com.kms.katalon.core.webui.exception.WebElementNotFoundException: Web element with id: 'Object Repository/pago/Page_Olva Courier  Medios de pago/div_Pago con tarjeta de crdito, dbito y Yape' located by '//div[@id='pago1']/div' not found
	at com.kms.katalon.core.webui.keyword.internal.WebUIKeywordMain.stepFailed(WebUIKeywordMain.groovy:117)
	at com.kms.katalon.core.webui.keyword.builtin.VerifyElementPresentKeyword$_verifyElementPresent_closure1.doCall(VerifyElementPresentKeyword.groovy:85)
	at com.kms.katalon.core.webui.keyword.builtin.VerifyElementPresentKeyword$_verifyElementPresent_closure1.call(VerifyElementPresentKeyword.groovy)
	at com.kms.katalon.core.webui.keyword.internal.WebUIKeywordMain.runKeyword(WebUIKeywordMain.groovy:35)
	... 38 more


27-11-2024T17:36:40 - [TEST_STEP][PASSED] - callTestCase(findTestCase("1.Inicio/1.1Principal/Principal-home"), [:], STOP_ON_FAILURE): Call Test Case 'Test Cases/1.Inicio/1.1Principal/Principal-home' successfully

27-11-2024T17:36:40 - [TEST_CASE][PASSED] - Test Cases/1.Inicio/1.1Principal/Principal-home: Test Cases/1.Inicio/1.1Principal/Principal-home

27-11-2024T17:36:40 - [TEST_STEP][PASSED] - openBrowser(""): Browser is opened with url: ''

27-11-2024T17:36:40 - [MESSAGE][WARNING] - A browser is already opened. Closing browser and opening a new one

27-11-2024T17:36:42 - [MESSAGE][INFO] - Starting 'Firefox' driver

27-11-2024T17:36:42 - [MESSAGE][INFO] - Action delay is set to 0 milliseconds

27-11-2024T17:36:50 - [MESSAGE][PASSED] - Browser is opened with url: ''

27-11-2024T17:36:50 - [TEST_STEP][PASSED] - navigateToUrl("https://dev01-registrodeenvios.olvacourier.com/principal"): Navigate to 'https://dev01-registrodeenvios.olvacourier.com/principal' successfully

27-11-2024T17:36:52 - [MESSAGE][PASSED] - Navigate to 'https://dev01-registrodeenvios.olvacourier.com/principal' successfully

27-11-2024T17:36:52 - [TEST_STEP][PASSED] - maximizeWindow(): Current window maximized

27-11-2024T17:36:52 - [MESSAGE][PASSED] - Current window maximized

27-11-2024T17:36:52 - [MESSAGE][PASSED] - Call Test Case 'Test Cases/1.Inicio/1.1Principal/Principal-home' successfully

27-11-2024T17:36:52 - [TEST_STEP][PASSED] - callTestCase(findTestCase("1.Inicio/1.1Principal/Selec_paquete"), [:], STOP_ON_FAILURE): Call Test Case 'Test Cases/1.Inicio/1.1Principal/Selec_paquete' successfully

27-11-2024T17:36:53 - [TEST_CASE][PASSED] - Test Cases/1.Inicio/1.1Principal/Selec_paquete: Test Cases/1.Inicio/1.1Principal/Selec_paquete

27-11-2024T17:36:53 - [TEST_STEP][PASSED] - click(findTestObject("Object Repository/Principal/Page_Olva Courier  Home/img_Qu deseas realizar hoy_img_paquete")): Object: 'Object Repository/Principal/Page_Olva Courier  Home/img_Qu deseas realizar hoy_img_paquete' is clicked on

27-11-2024T17:36:53 - [MESSAGE][PASSED] - Object: 'Object Repository/Principal/Page_Olva Courier  Home/img_Qu deseas realizar hoy_img_paquete' is clicked on

27-11-2024T17:36:53 - [TEST_STEP][PASSED] - click(findTestObject("Object Repository/Principal/Page_Olva Courier  Home/span_He ledo y acepto los_checkmark (1)")): Object: 'Object Repository/Principal/Page_Olva Courier  Home/span_He ledo y acepto los_checkmark (1)' is clicked on

27-11-2024T17:36:54 - [MESSAGE][PASSED] - Object: 'Object Repository/Principal/Page_Olva Courier  Home/span_He ledo y acepto los_checkmark (1)' is clicked on

27-11-2024T17:36:54 - [TEST_STEP][PASSED] - click(findTestObject("Object Repository/Principal/Page_Olva Courier  Home/button_CONTINUAR (1)")): Object: 'Object Repository/Principal/Page_Olva Courier  Home/button_CONTINUAR (1)' is clicked on

27-11-2024T17:36:55 - [MESSAGE][PASSED] - Object: 'Object Repository/Principal/Page_Olva Courier  Home/button_CONTINUAR (1)' is clicked on

27-11-2024T17:36:55 - [TEST_STEP][PASSED] - verifyElementPresent(findTestObject("Object Repository/Principal/Page_Olva Courier  Datos Personales/strong_REGISTRO DE ENVOS"), 0): Object 'Object Repository/Principal/Page_Olva Courier  Datos Personales/strong_REGISTRO DE ENVOS' is present

27-11-2024T17:36:55 - [MESSAGE][WARNING] - Timeout '0' is invalid. Using default page load timeout: '30'

27-11-2024T17:36:56 - [MESSAGE][PASSED] - Object 'Object Repository/Principal/Page_Olva Courier  Datos Personales/strong_REGISTRO DE ENVOS' is present

27-11-2024T17:36:56 - [TEST_STEP][PASSED] - verifyElementPresent(findTestObject("Object Repository/Principal/Page_Olva Courier  Datos Personales/span_Regresar (1)"), 0): Object 'Object Repository/Principal/Page_Olva Courier  Datos Personales/span_Regresar (1)' is present

27-11-2024T17:36:56 - [MESSAGE][WARNING] - Timeout '0' is invalid. Using default page load timeout: '30'

27-11-2024T17:36:56 - [MESSAGE][PASSED] - Object 'Object Repository/Principal/Page_Olva Courier  Datos Personales/span_Regresar (1)' is present

27-11-2024T17:36:56 - [TEST_STEP][PASSED] - verifyElementPresent(findTestObject("Object Repository/Principal/Page_Olva Courier  Datos Personales/span_Inicio (1)"), 0): Object 'Object Repository/Principal/Page_Olva Courier  Datos Personales/span_Inicio (1)' is present

27-11-2024T17:36:56 - [MESSAGE][WARNING] - Timeout '0' is invalid. Using default page load timeout: '30'

27-11-2024T17:36:56 - [MESSAGE][PASSED] - Object 'Object Repository/Principal/Page_Olva Courier  Datos Personales/span_Inicio (1)' is present

27-11-2024T17:36:56 - [MESSAGE][PASSED] - Call Test Case 'Test Cases/1.Inicio/1.1Principal/Selec_paquete' successfully

27-11-2024T17:36:56 - [TEST_STEP][PASSED] - callTestCase(findTestCase("1.Inicio/1.2Tipo_Doc/1.DNI"), [:], STOP_ON_FAILURE): Call Test Case 'Test Cases/1.Inicio/1.2Tipo_Doc/1.DNI' successfully

27-11-2024T17:36:56 - [TEST_CASE][PASSED] - Test Cases/1.Inicio/1.2Tipo_Doc/1.DNI: Test Cases/1.Inicio/1.2Tipo_Doc/1.DNI

27-11-2024T17:36:56 - [TEST_STEP][PASSED] - click(findTestObject("Object Repository/Login/Page_Olva Courier  Datos Personales/button_Tipo De Documento")): Object: 'Object Repository/Login/Page_Olva Courier  Datos Personales/button_Tipo De Documento' is clicked on

27-11-2024T17:36:57 - [MESSAGE][PASSED] - Object: 'Object Repository/Login/Page_Olva Courier  Datos Personales/button_Tipo De Documento' is clicked on

27-11-2024T17:36:57 - [TEST_STEP][PASSED] - click(findTestObject("Object Repository/Login/Page_Olva Courier  Datos Personales/a_DNI (Boleta)")): Object: 'Object Repository/Login/Page_Olva Courier  Datos Personales/a_DNI (Boleta)' is clicked on

27-11-2024T17:36:57 - [MESSAGE][PASSED] - Object: 'Object Repository/Login/Page_Olva Courier  Datos Personales/a_DNI (Boleta)' is clicked on

27-11-2024T17:36:57 - [TEST_STEP][PASSED] - setText(findTestObject("Object Repository/Login/Page_Olva Courier  Datos Personales/input_CARN EXT. (Boleta)_txt_documento_cliente"), "47190321"): Text '47190321' is set on object 'Object Repository/Login/Page_Olva Courier  Datos Personales/input_CARN EXT. (Boleta)_txt_documento_cliente'

27-11-2024T17:36:58 - [MESSAGE][PASSED] - Text '47190321' is set on object 'Object Repository/Login/Page_Olva Courier  Datos Personales/input_CARN EXT. (Boleta)_txt_documento_cliente'

27-11-2024T17:36:58 - [TEST_STEP][PASSED] - setText(findTestObject("Object Repository/Login/Page_Olva Courier  Datos Personales/input_CARN EXT. (Boleta)_txt_telefono_cliente"), "957378086"): Text '957378086' is set on object 'Object Repository/Login/Page_Olva Courier  Datos Personales/input_CARN EXT. (Boleta)_txt_telefono_cliente'

27-11-2024T17:37:05 - [MESSAGE][PASSED] - Text '957378086' is set on object 'Object Repository/Login/Page_Olva Courier  Datos Personales/input_CARN EXT. (Boleta)_txt_telefono_cliente'

27-11-2024T17:37:05 - [TEST_STEP][PASSED] - setText(findTestObject("Object Repository/Login/Page_Olva Courier  Datos Personales/input_Hola,_txt_email_cliente"), "riosalejosjs@gmail.com"): Text 'riosalejosjs@gmail.com' is set on object 'Object Repository/Login/Page_Olva Courier  Datos Personales/input_Hola,_txt_email_cliente'

27-11-2024T17:37:05 - [MESSAGE][PASSED] - Text 'riosalejosjs@gmail.com' is set on object 'Object Repository/Login/Page_Olva Courier  Datos Personales/input_Hola,_txt_email_cliente'

27-11-2024T17:37:05 - [MESSAGE][PASSED] - Call Test Case 'Test Cases/1.Inicio/1.2Tipo_Doc/1.DNI' successfully

27-11-2024T17:37:05 - [TEST_STEP][PASSED] - click(findTestObject("Object Repository/Destinos/Page_Olva Courier  Datos Personales/span_Seleccionar artculo")): Object: 'Object Repository/Destinos/Page_Olva Courier  Datos Personales/span_Seleccionar artculo' is clicked on

27-11-2024T17:37:06 - [MESSAGE][PASSED] - Object: 'Object Repository/Destinos/Page_Olva Courier  Datos Personales/span_Seleccionar artculo' is clicked on

27-11-2024T17:37:06 - [TEST_STEP][PASSED] - click(findTestObject("Object Repository/Destinos/Page_Olva Courier  Datos Personales/span_ACCESORIOS Y EQUIPOS ELECTRONICOS")): Object: 'Object Repository/Destinos/Page_Olva Courier  Datos Personales/span_ACCESORIOS Y EQUIPOS ELECTRONICOS' is clicked on

27-11-2024T17:37:06 - [MESSAGE][PASSED] - Object: 'Object Repository/Destinos/Page_Olva Courier  Datos Personales/span_ACCESORIOS Y EQUIPOS ELECTRONICOS' is clicked on

27-11-2024T17:37:06 - [TEST_STEP][PASSED] - setText(findTestObject("Object Repository/Destinos/Page_Olva Courier  Datos Personales/input_UTILES DE OFICINA_txt_paquete_articulo"), "PREUBas"): Text 'PREUBas' is set on object 'Object Repository/Destinos/Page_Olva Courier  Datos Personales/input_UTILES DE OFICINA_txt_paquete_articulo'

27-11-2024T17:37:07 - [MESSAGE][PASSED] - Text 'PREUBas' is set on object 'Object Repository/Destinos/Page_Olva Courier  Datos Personales/input_UTILES DE OFICINA_txt_paquete_articulo'

27-11-2024T17:37:07 - [TEST_STEP][PASSED] - setText(findTestObject("Object Repository/Destinos/Page_Olva Courier  Datos Personales/input_UTILES DE OFICINA_txt_paquete_valor"), "50"): Text '50' is set on object 'Object Repository/Destinos/Page_Olva Courier  Datos Personales/input_UTILES DE OFICINA_txt_paquete_valor'

27-11-2024T17:37:07 - [MESSAGE][PASSED] - Text '50' is set on object 'Object Repository/Destinos/Page_Olva Courier  Datos Personales/input_UTILES DE OFICINA_txt_paquete_valor'

27-11-2024T17:37:07 - [TEST_STEP][PASSED] - click(findTestObject("Object Repository/Destinos/Page_Olva Courier  Datos Personales/div_Hasta 1Kg")): Object: 'Object Repository/Destinos/Page_Olva Courier  Datos Personales/div_Hasta 1Kg' is clicked on

27-11-2024T17:37:08 - [MESSAGE][PASSED] - Object: 'Object Repository/Destinos/Page_Olva Courier  Datos Personales/div_Hasta 1Kg' is clicked on

27-11-2024T17:37:08 - [TEST_STEP][PASSED] - scrollToElement(findTestObject("Object Repository/Destinos/Page_Olva Courier  Datos Personales/button_Ingrese el punto de llegada"), 0): Scroll to object 'Object Repository/Destinos/Page_Olva Courier  Datos Personales/button_Ingrese el punto de llegada' successfully

27-11-2024T17:37:08 - [MESSAGE][WARNING] - Timeout '0' is invalid. Using default page load timeout: '30'

27-11-2024T17:37:08 - [MESSAGE][PASSED] - Scroll to object 'Object Repository/Destinos/Page_Olva Courier  Datos Personales/button_Ingrese el punto de llegada' successfully

27-11-2024T17:37:08 - [TEST_STEP][PASSED] - click(findTestObject("Object Repository/Destinos/Page_Olva Courier  Datos Personales/button_Ingrese el punto de llegada")): Object: 'Object Repository/Destinos/Page_Olva Courier  Datos Personales/button_Ingrese el punto de llegada' is clicked on

27-11-2024T17:37:09 - [MESSAGE][PASSED] - Object: 'Object Repository/Destinos/Page_Olva Courier  Datos Personales/button_Ingrese el punto de llegada' is clicked on

27-11-2024T17:37:09 - [TEST_STEP][PASSED] - click(findTestObject("Object Repository/Destinos/Page_Olva Courier  Datos Personales/a_AREQUIPA - AREQUIPA - LA JOYA")): Object: 'Object Repository/Destinos/Page_Olva Courier  Datos Personales/a_AREQUIPA - AREQUIPA - LA JOYA' is clicked on

27-11-2024T17:37:10 - [MESSAGE][PASSED] - Object: 'Object Repository/Destinos/Page_Olva Courier  Datos Personales/a_AREQUIPA - AREQUIPA - LA JOYA' is clicked on

27-11-2024T17:37:10 - [TEST_STEP][PASSED] - click(findTestObject("Object Repository/Destinos/Page_Olva Courier  Datos Personales/button_Tienda")): Object: 'Object Repository/Destinos/Page_Olva Courier  Datos Personales/button_Tienda' is clicked on

27-11-2024T17:37:10 - [MESSAGE][PASSED] - Object: 'Object Repository/Destinos/Page_Olva Courier  Datos Personales/button_Tienda' is clicked on

27-11-2024T17:37:10 - [TEST_STEP][PASSED] - click(findTestObject("Object Repository/Destinos/Page_Olva Courier  Datos Personales/span_OFICINA LA JOYA - AV PANAMERICANA - PU_f6b592")): Object: 'Object Repository/Destinos/Page_Olva Courier  Datos Personales/span_OFICINA LA JOYA - AV PANAMERICANA - PU_f6b592' is clicked on

27-11-2024T17:37:11 - [MESSAGE][PASSED] - Object: 'Object Repository/Destinos/Page_Olva Courier  Datos Personales/span_OFICINA LA JOYA - AV PANAMERICANA - PU_f6b592' is clicked on

27-11-2024T17:37:11 - [TEST_STEP][PASSED] - scrollToElement(findTestObject("Object Repository/Destinos/Page_Olva Courier  Datos Personales/button_Tipo De Documento_1"), 0): Scroll to object 'Object Repository/Destinos/Page_Olva Courier  Datos Personales/button_Tipo De Documento_1' successfully

27-11-2024T17:37:11 - [MESSAGE][WARNING] - Timeout '0' is invalid. Using default page load timeout: '30'

27-11-2024T17:37:11 - [MESSAGE][PASSED] - Scroll to object 'Object Repository/Destinos/Page_Olva Courier  Datos Personales/button_Tipo De Documento_1' successfully

27-11-2024T17:37:11 - [TEST_STEP][PASSED] - click(findTestObject("Object Repository/Destinos/Page_Olva Courier  Datos Personales/button_Tipo De Documento_1")): Object: 'Object Repository/Destinos/Page_Olva Courier  Datos Personales/button_Tipo De Documento_1' is clicked on

27-11-2024T17:37:12 - [MESSAGE][PASSED] - Object: 'Object Repository/Destinos/Page_Olva Courier  Datos Personales/button_Tipo De Documento_1' is clicked on

27-11-2024T17:37:12 - [TEST_STEP][PASSED] - click(findTestObject("Object Repository/Destinos/Page_Olva Courier  Datos Personales/a_DNI")): Object: 'Object Repository/Destinos/Page_Olva Courier  Datos Personales/a_DNI' is clicked on

27-11-2024T17:37:12 - [MESSAGE][PASSED] - Object: 'Object Repository/Destinos/Page_Olva Courier  Datos Personales/a_DNI' is clicked on

27-11-2024T17:37:12 - [TEST_STEP][PASSED] - setText(findTestObject("Object Repository/Destinos/Page_Olva Courier  Datos Personales/input_CARN EXT_txt_consignado_dni"), "71735785"): Text '71735785' is set on object 'Object Repository/Destinos/Page_Olva Courier  Datos Personales/input_CARN EXT_txt_consignado_dni'

27-11-2024T17:37:13 - [MESSAGE][PASSED] - Text '71735785' is set on object 'Object Repository/Destinos/Page_Olva Courier  Datos Personales/input_CARN EXT_txt_consignado_dni'

27-11-2024T17:37:13 - [TEST_STEP][PASSED] - scrollToElement(findTestObject("Object Repository/Destinos/Page_Olva Courier  Datos Personales/button_CONTINUAR"), 0): Scroll to object 'Object Repository/Destinos/Page_Olva Courier  Datos Personales/button_CONTINUAR' successfully

27-11-2024T17:37:13 - [MESSAGE][WARNING] - Timeout '0' is invalid. Using default page load timeout: '30'

27-11-2024T17:37:13 - [MESSAGE][PASSED] - Scroll to object 'Object Repository/Destinos/Page_Olva Courier  Datos Personales/button_CONTINUAR' successfully

27-11-2024T17:37:13 - [TEST_STEP][PASSED] - click(findTestObject("Object Repository/Destinos/Page_Olva Courier  Datos Personales/button_CONTINUAR")): Object: 'Object Repository/Destinos/Page_Olva Courier  Datos Personales/button_CONTINUAR' is clicked on

27-11-2024T17:37:14 - [MESSAGE][PASSED] - Object: 'Object Repository/Destinos/Page_Olva Courier  Datos Personales/button_CONTINUAR' is clicked on

27-11-2024T17:37:14 - [TEST_STEP][PASSED] - click(findTestObject("Object Repository/Destinos/Page_Olva Courier  Confirma tus datos/button_IR A PAGAR S 20.60")): Object: 'Object Repository/Destinos/Page_Olva Courier  Confirma tus datos/button_IR A PAGAR S 20.60' is clicked on

27-11-2024T17:37:16 - [MESSAGE][PASSED] - Object: 'Object Repository/Destinos/Page_Olva Courier  Confirma tus datos/button_IR A PAGAR S 20.60' is clicked on

27-11-2024T17:37:16 - [TEST_STEP][PASSED] - delay(3): Delayed 3 second(s)

27-11-2024T17:37:19 - [MESSAGE][PASSED] - Delayed 3 second(s)

27-11-2024T17:37:19 - [TEST_STEP][PASSED] - setText(findTestObject("Object Repository/Destinos/Page_Olva Courier  Confirma tus datos/input_Tienes envos con recojo en tienda, se_b85f5d"), "1"): Text '1' is set on object 'Object Repository/Destinos/Page_Olva Courier  Confirma tus datos/input_Tienes envos con recojo en tienda, se_b85f5d'

27-11-2024T17:37:20 - [MESSAGE][PASSED] - Text '1' is set on object 'Object Repository/Destinos/Page_Olva Courier  Confirma tus datos/input_Tienes envos con recojo en tienda, se_b85f5d'

27-11-2024T17:37:20 - [TEST_STEP][PASSED] - setText(findTestObject("Object Repository/Destinos/Page_Olva Courier  Confirma tus datos/input_Tienes envos con recojo en tienda, se_af5936"), "1"): Text '1' is set on object 'Object Repository/Destinos/Page_Olva Courier  Confirma tus datos/input_Tienes envos con recojo en tienda, se_af5936'

27-11-2024T17:37:20 - [MESSAGE][PASSED] - Text '1' is set on object 'Object Repository/Destinos/Page_Olva Courier  Confirma tus datos/input_Tienes envos con recojo en tienda, se_af5936'

27-11-2024T17:37:20 - [TEST_STEP][PASSED] - setText(findTestObject("Object Repository/Destinos/Page_Olva Courier  Confirma tus datos/input_Tienes envos con recojo en tienda, se_653975"), "1"): Text '1' is set on object 'Object Repository/Destinos/Page_Olva Courier  Confirma tus datos/input_Tienes envos con recojo en tienda, se_653975'

27-11-2024T17:37:21 - [MESSAGE][PASSED] - Text '1' is set on object 'Object Repository/Destinos/Page_Olva Courier  Confirma tus datos/input_Tienes envos con recojo en tienda, se_653975'

27-11-2024T17:37:21 - [TEST_STEP][PASSED] - setText(findTestObject("Object Repository/Destinos/Page_Olva Courier  Confirma tus datos/input_Tienes envos con recojo en tienda, se_8615a0"), "1"): Text '1' is set on object 'Object Repository/Destinos/Page_Olva Courier  Confirma tus datos/input_Tienes envos con recojo en tienda, se_8615a0'

27-11-2024T17:37:22 - [MESSAGE][PASSED] - Text '1' is set on object 'Object Repository/Destinos/Page_Olva Courier  Confirma tus datos/input_Tienes envos con recojo en tienda, se_8615a0'

27-11-2024T17:37:22 - [TEST_STEP][PASSED] - click(findTestObject("Object Repository/Destinos/Page_Olva Courier  Confirma tus datos/div_Aceptar")): Object: 'Object Repository/Destinos/Page_Olva Courier  Confirma tus datos/div_Aceptar' is clicked on

27-11-2024T17:37:23 - [MESSAGE][PASSED] - Object: 'Object Repository/Destinos/Page_Olva Courier  Confirma tus datos/div_Aceptar' is clicked on

27-11-2024T17:37:23 - [TEST_STEP][PASSED] - delay(3): Delayed 3 second(s)

27-11-2024T17:37:26 - [MESSAGE][PASSED] - Delayed 3 second(s)

27-11-2024T17:37:26 - [TEST_STEP][PASSED] - click(findTestObject("Object Repository/Destinos/Page_Olva Courier  Medios de pago/button_PAGAR"), STOP_ON_FAILURE): Object: 'Object Repository/Destinos/Page_Olva Courier  Medios de pago/button_PAGAR' is clicked on

27-11-2024T17:37:27 - [MESSAGE][PASSED] - Object: 'Object Repository/Destinos/Page_Olva Courier  Medios de pago/button_PAGAR' is clicked on

27-11-2024T17:37:27 - [TEST_STEP][FAILED] - callTestCase(findTestCase("1.Inicio/1.3Pago_POS/Pago-exitoso"), [:], STOP_ON_FAILURE): Unable to call Test Case 'Test Cases/1.Inicio/1.3Pago_POS/Pago-exitoso' (Root cause: com.kms.katalon.core.exception.StepFailedException: Call Test Case 'Test Cases/1.Inicio/1.3Pago_POS/Pago-exitoso' failed
	at com.kms.katalon.core.keyword.builtin.CallTestCaseKeyword$_callTestCase_closure1.doCall(CallTestCaseKeyword.groovy:63)
	at com.kms.katalon.core.keyword.builtin.CallTestCaseKeyword$_callTestCase_closure1.call(CallTestCaseKeyword.groovy)
	at com.kms.katalon.core.keyword.internal.KeywordMain.runKeyword(KeywordMain.groovy:75)
	at com.kms.katalon.core.keyword.builtin.CallTestCaseKeyword.callTestCase(CallTestCaseKeyword.groovy:81)
	at com.kms.katalon.core.keyword.builtin.CallTestCaseKeyword.execute(CallTestCaseKeyword.groovy:44)
	at com.kms.katalon.core.keyword.internal.KeywordExecutor.executeKeywordForPlatform(KeywordExecutor.groovy:74)
	at com.kms.katalon.core.keyword.BuiltinKeywords.callTestCase(BuiltinKeywords.groovy:310)
	at jdk.internal.reflect.GeneratedMethodAccessor25.invoke(Unknown Source)
	at java.base/jdk.internal.reflect.DelegatingMethodAccessorImpl.invoke(DelegatingMethodAccessorImpl.java:43)
	at Destino-O.run(Destino-O:86)
	at com.kms.katalon.core.main.ScriptEngine.run(ScriptEngine.java:194)
	at com.kms.katalon.core.main.ScriptEngine.runScriptAsRawText(ScriptEngine.java:119)
	at com.kms.katalon.core.main.TestCaseExecutor.runScript(TestCaseExecutor.java:448)
	at com.kms.katalon.core.main.TestCaseExecutor.doExecute(TestCaseExecutor.java:439)
	at com.kms.katalon.core.main.TestCaseExecutor.processExecutionPhase(TestCaseExecutor.java:418)
	at com.kms.katalon.core.main.TestCaseExecutor.accessMainPhase(TestCaseExecutor.java:410)
	at com.kms.katalon.core.main.TestCaseExecutor.execute(TestCaseExecutor.java:285)
	at com.kms.katalon.core.common.CommonExecutor.accessTestCaseMainPhase(CommonExecutor.java:65)
	at com.kms.katalon.core.main.TestSuiteExecutor.accessTestSuiteMainPhase(TestSuiteExecutor.java:150)
	at com.kms.katalon.core.main.TestSuiteExecutor.execute(TestSuiteExecutor.java:106)
	at com.kms.katalon.core.main.TestCaseMain.startTestSuite(TestCaseMain.java:180)
	at TempTestSuite1732745349578.run(TempTestSuite1732745349578.groovy:35)
	at java.base/jdk.internal.reflect.NativeMethodAccessorImpl.invoke0(Native Method)
	at java.base/jdk.internal.reflect.NativeMethodAccessorImpl.invoke(NativeMethodAccessorImpl.java:77)
	at java.base/jdk.internal.reflect.DelegatingMethodAccessorImpl.invoke(DelegatingMethodAccessorImpl.java:43)
Caused by: com.kms.katalon.core.exception.StepFailedException: Unable to verify object 'Object Repository/pago/Page_Olva Courier  Medios de pago/div_Pago con tarjeta de crdito, dbito y Yape' is present
	at com.kms.katalon.core.webui.keyword.internal.WebUIKeywordMain.stepFailed(WebUIKeywordMain.groovy:117)
	at com.kms.katalon.core.webui.keyword.internal.WebUIKeywordMain.runKeyword(WebUIKeywordMain.groovy:43)
	at com.kms.katalon.core.webui.keyword.builtin.VerifyElementPresentKeyword.verifyElementPresent(VerifyElementPresentKeyword.groovy:92)
	at com.kms.katalon.core.webui.keyword.builtin.VerifyElementPresentKeyword.execute(VerifyElementPresentKeyword.groovy:68)
	at com.kms.katalon.core.keyword.internal.KeywordExecutor.executeKeywordForPlatform(KeywordExecutor.groovy:74)
	at com.kms.katalon.core.webui.keyword.WebUiBuiltInKeywords.verifyElementPresent(WebUiBuiltInKeywords.groovy:1503)
	at Pago-exitoso.run(Pago-exitoso:20)
	at com.kms.katalon.core.main.ScriptEngine.run(ScriptEngine.java:194)
	at com.kms.katalon.core.main.ScriptEngine.runScriptAsRawText(ScriptEngine.java:119)
	at com.kms.katalon.core.main.TestCaseExecutor.runScript(TestCaseExecutor.java:448)
	at com.kms.katalon.core.main.TestCaseExecutor.doExecute(TestCaseExecutor.java:439)
	at com.kms.katalon.core.main.TestCaseExecutor.processExecutionPhase(TestCaseExecutor.java:418)
	at com.kms.katalon.core.main.TestCaseExecutor.accessMainPhase(TestCaseExecutor.java:410)
	at com.kms.katalon.core.main.TestCaseExecutor.execute(TestCaseExecutor.java:285)
	at com.kms.katalon.core.main.TestCaseMain.runTestCase(TestCaseMain.java:137)
	at com.kms.katalon.core.keyword.builtin.CallTestCaseKeyword$_callTestCase_closure1.doCall(CallTestCaseKeyword.groovy:59)
	... 24 more
Caused by: com.kms.katalon.core.exception.StepFailedException: com.kms.katalon.core.webui.exception.WebElementNotFoundException: Web element with id: 'Object Repository/pago/Page_Olva Courier  Medios de pago/div_Pago con tarjeta de crdito, dbito y Yape' located by '//div[@id='pago1']/div' not found
	at com.kms.katalon.core.webui.keyword.internal.WebUIKeywordMain.stepFailed(WebUIKeywordMain.groovy:117)
	at com.kms.katalon.core.webui.keyword.builtin.VerifyElementPresentKeyword$_verifyElementPresent_closure1.doCall(VerifyElementPresentKeyword.groovy:85)
	at com.kms.katalon.core.webui.keyword.builtin.VerifyElementPresentKeyword$_verifyElementPresent_closure1.call(VerifyElementPresentKeyword.groovy)
	at com.kms.katalon.core.webui.keyword.internal.WebUIKeywordMain.runKeyword(WebUIKeywordMain.groovy:35)
	... 38 more
)

27-11-2024T17:37:27 - [TEST_CASE][FAILED] - Test Cases/1.Inicio/1.3Pago_POS/Pago-exitoso: Test Cases/1.Inicio/1.3Pago_POS/Pago-exitoso FAILED.
Reason:
com.kms.katalon.core.exception.StepFailedException: Unable to verify object 'Object Repository/pago/Page_Olva Courier  Medios de pago/div_Pago con tarjeta de crdito, dbito y Yape' is present
	at com.kms.katalon.core.webui.keyword.internal.WebUIKeywordMain.stepFailed(WebUIKeywordMain.groovy:117)
	at com.kms.katalon.core.webui.keyword.internal.WebUIKeywordMain.runKeyword(WebUIKeywordMain.groovy:43)
	at com.kms.katalon.core.webui.keyword.builtin.VerifyElementPresentKeyword.verifyElementPresent(VerifyElementPresentKeyword.groovy:92)
	at com.kms.katalon.core.webui.keyword.builtin.VerifyElementPresentKeyword.execute(VerifyElementPresentKeyword.groovy:68)
	at com.kms.katalon.core.keyword.internal.KeywordExecutor.executeKeywordForPlatform(KeywordExecutor.groovy:74)
	at com.kms.katalon.core.webui.keyword.WebUiBuiltInKeywords.verifyElementPresent(WebUiBuiltInKeywords.groovy:1503)
	at Pago-exitoso.run(Pago-exitoso:20)
	at com.kms.katalon.core.main.ScriptEngine.run(ScriptEngine.java:194)
	at com.kms.katalon.core.main.ScriptEngine.runScriptAsRawText(ScriptEngine.java:119)
	at com.kms.katalon.core.main.TestCaseExecutor.runScript(TestCaseExecutor.java:448)
	at com.kms.katalon.core.main.TestCaseExecutor.doExecute(TestCaseExecutor.java:439)
	at com.kms.katalon.core.main.TestCaseExecutor.processExecutionPhase(TestCaseExecutor.java:418)
	at com.kms.katalon.core.main.TestCaseExecutor.accessMainPhase(TestCaseExecutor.java:410)
	at com.kms.katalon.core.main.TestCaseExecutor.execute(TestCaseExecutor.java:285)
	at com.kms.katalon.core.main.TestCaseMain.runTestCase(TestCaseMain.java:137)
	at com.kms.katalon.core.keyword.builtin.CallTestCaseKeyword$_callTestCase_closure1.doCall(CallTestCaseKeyword.groovy:59)
	at com.kms.katalon.core.keyword.builtin.CallTestCaseKeyword$_callTestCase_closure1.call(CallTestCaseKeyword.groovy)
	at com.kms.katalon.core.keyword.internal.KeywordMain.runKeyword(KeywordMain.groovy:75)
	at com.kms.katalon.core.keyword.builtin.CallTestCaseKeyword.callTestCase(CallTestCaseKeyword.groovy:81)
	at com.kms.katalon.core.keyword.builtin.CallTestCaseKeyword.execute(CallTestCaseKeyword.groovy:44)
	at com.kms.katalon.core.keyword.internal.KeywordExecutor.executeKeywordForPlatform(KeywordExecutor.groovy:74)
	at com.kms.katalon.core.keyword.BuiltinKeywords.callTestCase(BuiltinKeywords.groovy:310)
	at jdk.internal.reflect.GeneratedMethodAccessor25.invoke(Unknown Source)
	at java.base/jdk.internal.reflect.DelegatingMethodAccessorImpl.invoke(DelegatingMethodAccessorImpl.java:43)
	at Destino-O.run(Destino-O:86)
	at com.kms.katalon.core.main.ScriptEngine.run(ScriptEngine.java:194)
	at com.kms.katalon.core.main.ScriptEngine.runScriptAsRawText(ScriptEngine.java:119)
	at com.kms.katalon.core.main.TestCaseExecutor.runScript(TestCaseExecutor.java:448)
	at com.kms.katalon.core.main.TestCaseExecutor.doExecute(TestCaseExecutor.java:439)
	at com.kms.katalon.core.main.TestCaseExecutor.processExecutionPhase(TestCaseExecutor.java:418)
	at com.kms.katalon.core.main.TestCaseExecutor.accessMainPhase(TestCaseExecutor.java:410)
	at com.kms.katalon.core.main.TestCaseExecutor.execute(TestCaseExecutor.java:285)
	at com.kms.katalon.core.common.CommonExecutor.accessTestCaseMainPhase(CommonExecutor.java:65)
	at com.kms.katalon.core.main.TestSuiteExecutor.accessTestSuiteMainPhase(TestSuiteExecutor.java:150)
	at com.kms.katalon.core.main.TestSuiteExecutor.execute(TestSuiteExecutor.java:106)
	at com.kms.katalon.core.main.TestCaseMain.startTestSuite(TestCaseMain.java:180)
	at TempTestSuite1732745349578.run(TempTestSuite1732745349578.groovy:35)
	at java.base/jdk.internal.reflect.NativeMethodAccessorImpl.invoke0(Native Method)
	at java.base/jdk.internal.reflect.NativeMethodAccessorImpl.invoke(NativeMethodAccessorImpl.java:77)
	at java.base/jdk.internal.reflect.DelegatingMethodAccessorImpl.invoke(DelegatingMethodAccessorImpl.java:43)
Caused by: com.kms.katalon.core.exception.StepFailedException: com.kms.katalon.core.webui.exception.WebElementNotFoundException: Web element with id: 'Object Repository/pago/Page_Olva Courier  Medios de pago/div_Pago con tarjeta de crdito, dbito y Yape' located by '//div[@id='pago1']/div' not found
	at com.kms.katalon.core.webui.keyword.internal.WebUIKeywordMain.stepFailed(WebUIKeywordMain.groovy:117)
	at com.kms.katalon.core.webui.keyword.builtin.VerifyElementPresentKeyword$_verifyElementPresent_closure1.doCall(VerifyElementPresentKeyword.groovy:85)
	at com.kms.katalon.core.webui.keyword.builtin.VerifyElementPresentKeyword$_verifyElementPresent_closure1.call(VerifyElementPresentKeyword.groovy)
	at com.kms.katalon.core.webui.keyword.internal.WebUIKeywordMain.runKeyword(WebUIKeywordMain.groovy:35)
	... 38 more


27-11-2024T17:37:27 - [TEST_STEP][FAILED] - verifyElementPresent(findTestObject("Object Repository/pago/Page_Olva Courier  Medios de pago/div_Pago con tarjeta de crdito, dbito y Yape"), 0): Unable to verify object 'Object Repository/pago/Page_Olva Courier  Medios de pago/div_Pago con tarjeta de crdito, dbito y Yape' is present (Root cause: com.kms.katalon.core.exception.StepFailedException: Unable to verify object 'Object Repository/pago/Page_Olva Courier  Medios de pago/div_Pago con tarjeta de crdito, dbito y Yape' is present
	at com.kms.katalon.core.webui.keyword.internal.WebUIKeywordMain.stepFailed(WebUIKeywordMain.groovy:117)
	at com.kms.katalon.core.webui.keyword.internal.WebUIKeywordMain.runKeyword(WebUIKeywordMain.groovy:43)
	at com.kms.katalon.core.webui.keyword.builtin.VerifyElementPresentKeyword.verifyElementPresent(VerifyElementPresentKeyword.groovy:92)
	at com.kms.katalon.core.webui.keyword.builtin.VerifyElementPresentKeyword.execute(VerifyElementPresentKeyword.groovy:68)
	at com.kms.katalon.core.keyword.internal.KeywordExecutor.executeKeywordForPlatform(KeywordExecutor.groovy:74)
	at com.kms.katalon.core.webui.keyword.WebUiBuiltInKeywords.verifyElementPresent(WebUiBuiltInKeywords.groovy:1503)
	at Pago-exitoso.run(Pago-exitoso:20)
	at com.kms.katalon.core.main.ScriptEngine.run(ScriptEngine.java:194)
	at com.kms.katalon.core.main.ScriptEngine.runScriptAsRawText(ScriptEngine.java:119)
	at com.kms.katalon.core.main.TestCaseExecutor.runScript(TestCaseExecutor.java:448)
	at com.kms.katalon.core.main.TestCaseExecutor.doExecute(TestCaseExecutor.java:439)
	at com.kms.katalon.core.main.TestCaseExecutor.processExecutionPhase(TestCaseExecutor.java:418)
	at com.kms.katalon.core.main.TestCaseExecutor.accessMainPhase(TestCaseExecutor.java:410)
	at com.kms.katalon.core.main.TestCaseExecutor.execute(TestCaseExecutor.java:285)
	at com.kms.katalon.core.main.TestCaseMain.runTestCase(TestCaseMain.java:137)
	at com.kms.katalon.core.keyword.builtin.CallTestCaseKeyword$_callTestCase_closure1.doCall(CallTestCaseKeyword.groovy:59)
	at com.kms.katalon.core.keyword.builtin.CallTestCaseKeyword$_callTestCase_closure1.call(CallTestCaseKeyword.groovy)
	at com.kms.katalon.core.keyword.internal.KeywordMain.runKeyword(KeywordMain.groovy:75)
	at com.kms.katalon.core.keyword.builtin.CallTestCaseKeyword.callTestCase(CallTestCaseKeyword.groovy:81)
	at com.kms.katalon.core.keyword.builtin.CallTestCaseKeyword.execute(CallTestCaseKeyword.groovy:44)
	at com.kms.katalon.core.keyword.internal.KeywordExecutor.executeKeywordForPlatform(KeywordExecutor.groovy:74)
	at com.kms.katalon.core.keyword.BuiltinKeywords.callTestCase(BuiltinKeywords.groovy:310)
	at jdk.internal.reflect.GeneratedMethodAccessor25.invoke(Unknown Source)
	at java.base/jdk.internal.reflect.DelegatingMethodAccessorImpl.invoke(DelegatingMethodAccessorImpl.java:43)
	at Destino-O.run(Destino-O:86)
	at com.kms.katalon.core.main.ScriptEngine.run(ScriptEngine.java:194)
	at com.kms.katalon.core.main.ScriptEngine.runScriptAsRawText(ScriptEngine.java:119)
	at com.kms.katalon.core.main.TestCaseExecutor.runScript(TestCaseExecutor.java:448)
	at com.kms.katalon.core.main.TestCaseExecutor.doExecute(TestCaseExecutor.java:439)
	at com.kms.katalon.core.main.TestCaseExecutor.processExecutionPhase(TestCaseExecutor.java:418)
	at com.kms.katalon.core.main.TestCaseExecutor.accessMainPhase(TestCaseExecutor.java:410)
	at com.kms.katalon.core.main.TestCaseExecutor.execute(TestCaseExecutor.java:285)
	at com.kms.katalon.core.common.CommonExecutor.accessTestCaseMainPhase(CommonExecutor.java:65)
	at com.kms.katalon.core.main.TestSuiteExecutor.accessTestSuiteMainPhase(TestSuiteExecutor.java:150)
	at com.kms.katalon.core.main.TestSuiteExecutor.execute(TestSuiteExecutor.java:106)
	at com.kms.katalon.core.main.TestCaseMain.startTestSuite(TestCaseMain.java:180)
	at TempTestSuite1732745349578.run(TempTestSuite1732745349578.groovy:35)
	at java.base/jdk.internal.reflect.NativeMethodAccessorImpl.invoke0(Native Method)
	at java.base/jdk.internal.reflect.NativeMethodAccessorImpl.invoke(NativeMethodAccessorImpl.java:77)
	at java.base/jdk.internal.reflect.DelegatingMethodAccessorImpl.invoke(DelegatingMethodAccessorImpl.java:43)
Caused by: com.kms.katalon.core.exception.StepFailedException: com.kms.katalon.core.webui.exception.WebElementNotFoundException: Web element with id: 'Object Repository/pago/Page_Olva Courier  Medios de pago/div_Pago con tarjeta de crdito, dbito y Yape' located by '//div[@id='pago1']/div' not found
	at com.kms.katalon.core.webui.keyword.internal.WebUIKeywordMain.stepFailed(WebUIKeywordMain.groovy:117)
	at com.kms.katalon.core.webui.keyword.builtin.VerifyElementPresentKeyword$_verifyElementPresent_closure1.doCall(VerifyElementPresentKeyword.groovy:85)
	at com.kms.katalon.core.webui.keyword.builtin.VerifyElementPresentKeyword$_verifyElementPresent_closure1.call(VerifyElementPresentKeyword.groovy)
	at com.kms.katalon.core.webui.keyword.internal.WebUIKeywordMain.runKeyword(WebUIKeywordMain.groovy:35)
	... 38 more
)

27-11-2024T17:37:27 - [MESSAGE][WARNING] - Timeout '0' is invalid. Using default page load timeout: '30'

27-11-2024T17:37:58 - [MESSAGE][INFO] - Unable to find the element located by 'By.xpath: //div[@id='pago1']/div'. Please recheck the objects properties to make sure the desired element is located. 

27-11-2024T17:37:58 - [MESSAGE][FAILED] - com.kms.katalon.core.webui.exception.WebElementNotFoundException: Web element with id: 'Object Repository/pago/Page_Olva Courier  Medios de pago/div_Pago con tarjeta de crdito, dbito y Yape' located by '//div[@id='pago1']/div' not found (Root cause: com.kms.katalon.core.exception.StepFailedException: com.kms.katalon.core.webui.exception.WebElementNotFoundException: Web element with id: 'Object Repository/pago/Page_Olva Courier  Medios de pago/div_Pago con tarjeta de crdito, dbito y Yape' located by '//div[@id='pago1']/div' not found
	at com.kms.katalon.core.webui.keyword.internal.WebUIKeywordMain.stepFailed(WebUIKeywordMain.groovy:117)
	at com.kms.katalon.core.webui.keyword.builtin.VerifyElementPresentKeyword$_verifyElementPresent_closure1.doCall(VerifyElementPresentKeyword.groovy:85)
	at com.kms.katalon.core.webui.keyword.builtin.VerifyElementPresentKeyword$_verifyElementPresent_closure1.call(VerifyElementPresentKeyword.groovy)
	at com.kms.katalon.core.webui.keyword.internal.WebUIKeywordMain.runKeyword(WebUIKeywordMain.groovy:35)
	at com.kms.katalon.core.webui.keyword.builtin.VerifyElementPresentKeyword.verifyElementPresent(VerifyElementPresentKeyword.groovy:92)
	at com.kms.katalon.core.webui.keyword.builtin.VerifyElementPresentKeyword.execute(VerifyElementPresentKeyword.groovy:68)
	at com.kms.katalon.core.keyword.internal.KeywordExecutor.executeKeywordForPlatform(KeywordExecutor.groovy:74)
	at com.kms.katalon.core.webui.keyword.WebUiBuiltInKeywords.verifyElementPresent(WebUiBuiltInKeywords.groovy:1503)
	at Pago-exitoso.run(Pago-exitoso:20)
	at com.kms.katalon.core.main.ScriptEngine.run(ScriptEngine.java:194)
	at com.kms.katalon.core.main.ScriptEngine.runScriptAsRawText(ScriptEngine.java:119)
	at com.kms.katalon.core.main.TestCaseExecutor.runScript(TestCaseExecutor.java:448)
	at com.kms.katalon.core.main.TestCaseExecutor.doExecute(TestCaseExecutor.java:439)
	at com.kms.katalon.core.main.TestCaseExecutor.processExecutionPhase(TestCaseExecutor.java:418)
	at com.kms.katalon.core.main.TestCaseExecutor.accessMainPhase(TestCaseExecutor.java:410)
	at com.kms.katalon.core.main.TestCaseExecutor.execute(TestCaseExecutor.java:285)
	at com.kms.katalon.core.main.TestCaseMain.runTestCase(TestCaseMain.java:137)
	at com.kms.katalon.core.keyword.builtin.CallTestCaseKeyword$_callTestCase_closure1.doCall(CallTestCaseKeyword.groovy:59)
	at com.kms.katalon.core.keyword.builtin.CallTestCaseKeyword$_callTestCase_closure1.call(CallTestCaseKeyword.groovy)
	at com.kms.katalon.core.keyword.internal.KeywordMain.runKeyword(KeywordMain.groovy:75)
	at com.kms.katalon.core.keyword.builtin.CallTestCaseKeyword.callTestCase(CallTestCaseKeyword.groovy:81)
	at com.kms.katalon.core.keyword.builtin.CallTestCaseKeyword.execute(CallTestCaseKeyword.groovy:44)
	at com.kms.katalon.core.keyword.internal.KeywordExecutor.executeKeywordForPlatform(KeywordExecutor.groovy:74)
	at com.kms.katalon.core.keyword.BuiltinKeywords.callTestCase(BuiltinKeywords.groovy:310)
	at jdk.internal.reflect.GeneratedMethodAccessor25.invoke(Unknown Source)
	at java.base/jdk.internal.reflect.DelegatingMethodAccessorImpl.invoke(DelegatingMethodAccessorImpl.java:43)
	at Destino-O.run(Destino-O:86)
	at com.kms.katalon.core.main.ScriptEngine.run(ScriptEngine.java:194)
	at com.kms.katalon.core.main.ScriptEngine.runScriptAsRawText(ScriptEngine.java:119)
	at com.kms.katalon.core.main.TestCaseExecutor.runScript(TestCaseExecutor.java:448)
	at com.kms.katalon.core.main.TestCaseExecutor.doExecute(TestCaseExecutor.java:439)
	at com.kms.katalon.core.main.TestCaseExecutor.processExecutionPhase(TestCaseExecutor.java:418)
	at com.kms.katalon.core.main.TestCaseExecutor.accessMainPhase(TestCaseExecutor.java:410)
	at com.kms.katalon.core.main.TestCaseExecutor.execute(TestCaseExecutor.java:285)
	at com.kms.katalon.core.common.CommonExecutor.accessTestCaseMainPhase(CommonExecutor.java:65)
	at com.kms.katalon.core.main.TestSuiteExecutor.accessTestSuiteMainPhase(TestSuiteExecutor.java:150)
	at com.kms.katalon.core.main.TestSuiteExecutor.execute(TestSuiteExecutor.java:106)
	at com.kms.katalon.core.main.TestCaseMain.startTestSuite(TestCaseMain.java:180)
	at TempTestSuite1732745349578.run(TempTestSuite1732745349578.groovy:35)
	at java.base/jdk.internal.reflect.NativeMethodAccessorImpl.invoke0(Native Method)
	at java.base/jdk.internal.reflect.NativeMethodAccessorImpl.invoke(NativeMethodAccessorImpl.java:77)
	at java.base/jdk.internal.reflect.DelegatingMethodAccessorImpl.invoke(DelegatingMethodAccessorImpl.java:43)
)

27-11-2024T17:37:58 - [MESSAGE][FAILED] - Unable to verify object 'Object Repository/pago/Page_Olva Courier  Medios de pago/div_Pago con tarjeta de crdito, dbito y Yape' is present (Root cause: com.kms.katalon.core.exception.StepFailedException: Unable to verify object 'Object Repository/pago/Page_Olva Courier  Medios de pago/div_Pago con tarjeta de crdito, dbito y Yape' is present
	at com.kms.katalon.core.webui.keyword.internal.WebUIKeywordMain.stepFailed(WebUIKeywordMain.groovy:117)
	at com.kms.katalon.core.webui.keyword.internal.WebUIKeywordMain.runKeyword(WebUIKeywordMain.groovy:43)
	at com.kms.katalon.core.webui.keyword.builtin.VerifyElementPresentKeyword.verifyElementPresent(VerifyElementPresentKeyword.groovy:92)
	at com.kms.katalon.core.webui.keyword.builtin.VerifyElementPresentKeyword.execute(VerifyElementPresentKeyword.groovy:68)
	at com.kms.katalon.core.keyword.internal.KeywordExecutor.executeKeywordForPlatform(KeywordExecutor.groovy:74)
	at com.kms.katalon.core.webui.keyword.WebUiBuiltInKeywords.verifyElementPresent(WebUiBuiltInKeywords.groovy:1503)
	at Pago-exitoso.run(Pago-exitoso:20)
	at com.kms.katalon.core.main.ScriptEngine.run(ScriptEngine.java:194)
	at com.kms.katalon.core.main.ScriptEngine.runScriptAsRawText(ScriptEngine.java:119)
	at com.kms.katalon.core.main.TestCaseExecutor.runScript(TestCaseExecutor.java:448)
	at com.kms.katalon.core.main.TestCaseExecutor.doExecute(TestCaseExecutor.java:439)
	at com.kms.katalon.core.main.TestCaseExecutor.processExecutionPhase(TestCaseExecutor.java:418)
	at com.kms.katalon.core.main.TestCaseExecutor.accessMainPhase(TestCaseExecutor.java:410)
	at com.kms.katalon.core.main.TestCaseExecutor.execute(TestCaseExecutor.java:285)
	at com.kms.katalon.core.main.TestCaseMain.runTestCase(TestCaseMain.java:137)
	at com.kms.katalon.core.keyword.builtin.CallTestCaseKeyword$_callTestCase_closure1.doCall(CallTestCaseKeyword.groovy:59)
	at com.kms.katalon.core.keyword.builtin.CallTestCaseKeyword$_callTestCase_closure1.call(CallTestCaseKeyword.groovy)
	at com.kms.katalon.core.keyword.internal.KeywordMain.runKeyword(KeywordMain.groovy:75)
	at com.kms.katalon.core.keyword.builtin.CallTestCaseKeyword.callTestCase(CallTestCaseKeyword.groovy:81)
	at com.kms.katalon.core.keyword.builtin.CallTestCaseKeyword.execute(CallTestCaseKeyword.groovy:44)
	at com.kms.katalon.core.keyword.internal.KeywordExecutor.executeKeywordForPlatform(KeywordExecutor.groovy:74)
	at com.kms.katalon.core.keyword.BuiltinKeywords.callTestCase(BuiltinKeywords.groovy:310)
	at jdk.internal.reflect.GeneratedMethodAccessor25.invoke(Unknown Source)
	at java.base/jdk.internal.reflect.DelegatingMethodAccessorImpl.invoke(DelegatingMethodAccessorImpl.java:43)
	at Destino-O.run(Destino-O:86)
	at com.kms.katalon.core.main.ScriptEngine.run(ScriptEngine.java:194)
	at com.kms.katalon.core.main.ScriptEngine.runScriptAsRawText(ScriptEngine.java:119)
	at com.kms.katalon.core.main.TestCaseExecutor.runScript(TestCaseExecutor.java:448)
	at com.kms.katalon.core.main.TestCaseExecutor.doExecute(TestCaseExecutor.java:439)
	at com.kms.katalon.core.main.TestCaseExecutor.processExecutionPhase(TestCaseExecutor.java:418)
	at com.kms.katalon.core.main.TestCaseExecutor.accessMainPhase(TestCaseExecutor.java:410)
	at com.kms.katalon.core.main.TestCaseExecutor.execute(TestCaseExecutor.java:285)
	at com.kms.katalon.core.common.CommonExecutor.accessTestCaseMainPhase(CommonExecutor.java:65)
	at com.kms.katalon.core.main.TestSuiteExecutor.accessTestSuiteMainPhase(TestSuiteExecutor.java:150)
	at com.kms.katalon.core.main.TestSuiteExecutor.execute(TestSuiteExecutor.java:106)
	at com.kms.katalon.core.main.TestCaseMain.startTestSuite(TestCaseMain.java:180)
	at TempTestSuite1732745349578.run(TempTestSuite1732745349578.groovy:35)
	at java.base/jdk.internal.reflect.NativeMethodAccessorImpl.invoke0(Native Method)
	at java.base/jdk.internal.reflect.NativeMethodAccessorImpl.invoke(NativeMethodAccessorImpl.java:77)
	at java.base/jdk.internal.reflect.DelegatingMethodAccessorImpl.invoke(DelegatingMethodAccessorImpl.java:43)
Caused by: com.kms.katalon.core.exception.StepFailedException: com.kms.katalon.core.webui.exception.WebElementNotFoundException: Web element with id: 'Object Repository/pago/Page_Olva Courier  Medios de pago/div_Pago con tarjeta de crdito, dbito y Yape' located by '//div[@id='pago1']/div' not found
	at com.kms.katalon.core.webui.keyword.internal.WebUIKeywordMain.stepFailed(WebUIKeywordMain.groovy:117)
	at com.kms.katalon.core.webui.keyword.builtin.VerifyElementPresentKeyword$_verifyElementPresent_closure1.doCall(VerifyElementPresentKeyword.groovy:85)
	at com.kms.katalon.core.webui.keyword.builtin.VerifyElementPresentKeyword$_verifyElementPresent_closure1.call(VerifyElementPresentKeyword.groovy)
	at com.kms.katalon.core.webui.keyword.internal.WebUIKeywordMain.runKeyword(WebUIKeywordMain.groovy:35)
	... 38 more
)

27-11-2024T17:37:58 - [MESSAGE][FAILED] - Unable to call Test Case 'Test Cases/1.Inicio/1.3Pago_POS/Pago-exitoso' (Root cause: com.kms.katalon.core.exception.StepFailedException: Call Test Case 'Test Cases/1.Inicio/1.3Pago_POS/Pago-exitoso' failed
	at com.kms.katalon.core.keyword.builtin.CallTestCaseKeyword$_callTestCase_closure1.doCall(CallTestCaseKeyword.groovy:63)
	at com.kms.katalon.core.keyword.builtin.CallTestCaseKeyword$_callTestCase_closure1.call(CallTestCaseKeyword.groovy)
	at com.kms.katalon.core.keyword.internal.KeywordMain.runKeyword(KeywordMain.groovy:75)
	at com.kms.katalon.core.keyword.builtin.CallTestCaseKeyword.callTestCase(CallTestCaseKeyword.groovy:81)
	at com.kms.katalon.core.keyword.builtin.CallTestCaseKeyword.execute(CallTestCaseKeyword.groovy:44)
	at com.kms.katalon.core.keyword.internal.KeywordExecutor.executeKeywordForPlatform(KeywordExecutor.groovy:74)
	at com.kms.katalon.core.keyword.BuiltinKeywords.callTestCase(BuiltinKeywords.groovy:310)
	at jdk.internal.reflect.GeneratedMethodAccessor25.invoke(Unknown Source)
	at java.base/jdk.internal.reflect.DelegatingMethodAccessorImpl.invoke(DelegatingMethodAccessorImpl.java:43)
	at Destino-O.run(Destino-O:86)
	at com.kms.katalon.core.main.ScriptEngine.run(ScriptEngine.java:194)
	at com.kms.katalon.core.main.ScriptEngine.runScriptAsRawText(ScriptEngine.java:119)
	at com.kms.katalon.core.main.TestCaseExecutor.runScript(TestCaseExecutor.java:448)
	at com.kms.katalon.core.main.TestCaseExecutor.doExecute(TestCaseExecutor.java:439)
	at com.kms.katalon.core.main.TestCaseExecutor.processExecutionPhase(TestCaseExecutor.java:418)
	at com.kms.katalon.core.main.TestCaseExecutor.accessMainPhase(TestCaseExecutor.java:410)
	at com.kms.katalon.core.main.TestCaseExecutor.execute(TestCaseExecutor.java:285)
	at com.kms.katalon.core.common.CommonExecutor.accessTestCaseMainPhase(CommonExecutor.java:65)
	at com.kms.katalon.core.main.TestSuiteExecutor.accessTestSuiteMainPhase(TestSuiteExecutor.java:150)
	at com.kms.katalon.core.main.TestSuiteExecutor.execute(TestSuiteExecutor.java:106)
	at com.kms.katalon.core.main.TestCaseMain.startTestSuite(TestCaseMain.java:180)
	at TempTestSuite1732745349578.run(TempTestSuite1732745349578.groovy:35)
	at java.base/jdk.internal.reflect.NativeMethodAccessorImpl.invoke0(Native Method)
	at java.base/jdk.internal.reflect.NativeMethodAccessorImpl.invoke(NativeMethodAccessorImpl.java:77)
	at java.base/jdk.internal.reflect.DelegatingMethodAccessorImpl.invoke(DelegatingMethodAccessorImpl.java:43)
Caused by: com.kms.katalon.core.exception.StepFailedException: Unable to verify object 'Object Repository/pago/Page_Olva Courier  Medios de pago/div_Pago con tarjeta de crdito, dbito y Yape' is present
	at com.kms.katalon.core.webui.keyword.internal.WebUIKeywordMain.stepFailed(WebUIKeywordMain.groovy:117)
	at com.kms.katalon.core.webui.keyword.internal.WebUIKeywordMain.runKeyword(WebUIKeywordMain.groovy:43)
	at com.kms.katalon.core.webui.keyword.builtin.VerifyElementPresentKeyword.verifyElementPresent(VerifyElementPresentKeyword.groovy:92)
	at com.kms.katalon.core.webui.keyword.builtin.VerifyElementPresentKeyword.execute(VerifyElementPresentKeyword.groovy:68)
	at com.kms.katalon.core.keyword.internal.KeywordExecutor.executeKeywordForPlatform(KeywordExecutor.groovy:74)
	at com.kms.katalon.core.webui.keyword.WebUiBuiltInKeywords.verifyElementPresent(WebUiBuiltInKeywords.groovy:1503)
	at Pago-exitoso.run(Pago-exitoso:20)
	at com.kms.katalon.core.main.ScriptEngine.run(ScriptEngine.java:194)
	at com.kms.katalon.core.main.ScriptEngine.runScriptAsRawText(ScriptEngine.java:119)
	at com.kms.katalon.core.main.TestCaseExecutor.runScript(TestCaseExecutor.java:448)
	at com.kms.katalon.core.main.TestCaseExecutor.doExecute(TestCaseExecutor.java:439)
	at com.kms.katalon.core.main.TestCaseExecutor.processExecutionPhase(TestCaseExecutor.java:418)
	at com.kms.katalon.core.main.TestCaseExecutor.accessMainPhase(TestCaseExecutor.java:410)
	at com.kms.katalon.core.main.TestCaseExecutor.execute(TestCaseExecutor.java:285)
	at com.kms.katalon.core.main.TestCaseMain.runTestCase(TestCaseMain.java:137)
	at com.kms.katalon.core.keyword.builtin.CallTestCaseKeyword$_callTestCase_closure1.doCall(CallTestCaseKeyword.groovy:59)
	... 24 more
Caused by: com.kms.katalon.core.exception.StepFailedException: com.kms.katalon.core.webui.exception.WebElementNotFoundException: Web element with id: 'Object Repository/pago/Page_Olva Courier  Medios de pago/div_Pago con tarjeta de crdito, dbito y Yape' located by '//div[@id='pago1']/div' not found
	at com.kms.katalon.core.webui.keyword.internal.WebUIKeywordMain.stepFailed(WebUIKeywordMain.groovy:117)
	at com.kms.katalon.core.webui.keyword.builtin.VerifyElementPresentKeyword$_verifyElementPresent_closure1.doCall(VerifyElementPresentKeyword.groovy:85)
	at com.kms.katalon.core.webui.keyword.builtin.VerifyElementPresentKeyword$_verifyElementPresent_closure1.call(VerifyElementPresentKeyword.groovy)
	at com.kms.katalon.core.webui.keyword.internal.WebUIKeywordMain.runKeyword(WebUIKeywordMain.groovy:35)
	... 38 more
)]]></system-out>
         <system-err><![CDATA[27-11-2024T17:36:40 - [TEST_CASE][FAILED] - Test Cases/2.Positivos/2.1Paquete/Origen-Lima/3.Destino-D,DO,O/Destino-O: Test Cases/2.Positivos/2.1Paquete/Origen-Lima/3.Destino-D,DO,O/Destino-O FAILED.
Reason:
com.kms.katalon.core.exception.StepFailedException: Call Test Case 'Test Cases/1.Inicio/1.3Pago_POS/Pago-exitoso' failed
	at com.kms.katalon.core.keyword.builtin.CallTestCaseKeyword$_callTestCase_closure1.doCall(CallTestCaseKeyword.groovy:63)
	at com.kms.katalon.core.keyword.builtin.CallTestCaseKeyword$_callTestCase_closure1.call(CallTestCaseKeyword.groovy)
	at com.kms.katalon.core.keyword.internal.KeywordMain.runKeyword(KeywordMain.groovy:75)
	at com.kms.katalon.core.keyword.builtin.CallTestCaseKeyword.callTestCase(CallTestCaseKeyword.groovy:81)
	at com.kms.katalon.core.keyword.builtin.CallTestCaseKeyword.execute(CallTestCaseKeyword.groovy:44)
	at com.kms.katalon.core.keyword.internal.KeywordExecutor.executeKeywordForPlatform(KeywordExecutor.groovy:74)
	at com.kms.katalon.core.keyword.BuiltinKeywords.callTestCase(BuiltinKeywords.groovy:310)
	at jdk.internal.reflect.GeneratedMethodAccessor25.invoke(Unknown Source)
	at java.base/jdk.internal.reflect.DelegatingMethodAccessorImpl.invoke(DelegatingMethodAccessorImpl.java:43)
	at Destino-O.run(Destino-O:86)
	at com.kms.katalon.core.main.ScriptEngine.run(ScriptEngine.java:194)
	at com.kms.katalon.core.main.ScriptEngine.runScriptAsRawText(ScriptEngine.java:119)
	at com.kms.katalon.core.main.TestCaseExecutor.runScript(TestCaseExecutor.java:448)
	at com.kms.katalon.core.main.TestCaseExecutor.doExecute(TestCaseExecutor.java:439)
	at com.kms.katalon.core.main.TestCaseExecutor.processExecutionPhase(TestCaseExecutor.java:418)
	at com.kms.katalon.core.main.TestCaseExecutor.accessMainPhase(TestCaseExecutor.java:410)
	at com.kms.katalon.core.main.TestCaseExecutor.execute(TestCaseExecutor.java:285)
	at com.kms.katalon.core.common.CommonExecutor.accessTestCaseMainPhase(CommonExecutor.java:65)
	at com.kms.katalon.core.main.TestSuiteExecutor.accessTestSuiteMainPhase(TestSuiteExecutor.java:150)
	at com.kms.katalon.core.main.TestSuiteExecutor.execute(TestSuiteExecutor.java:106)
	at com.kms.katalon.core.main.TestCaseMain.startTestSuite(TestCaseMain.java:180)
	at TempTestSuite1732745349578.run(TempTestSuite1732745349578.groovy:35)
	at java.base/jdk.internal.reflect.NativeMethodAccessorImpl.invoke0(Native Method)
	at java.base/jdk.internal.reflect.NativeMethodAccessorImpl.invoke(NativeMethodAccessorImpl.java:77)
	at java.base/jdk.internal.reflect.DelegatingMethodAccessorImpl.invoke(DelegatingMethodAccessorImpl.java:43)
Caused by: com.kms.katalon.core.exception.StepFailedException: Unable to verify object 'Object Repository/pago/Page_Olva Courier  Medios de pago/div_Pago con tarjeta de crdito, dbito y Yape' is present
	at com.kms.katalon.core.webui.keyword.internal.WebUIKeywordMain.stepFailed(WebUIKeywordMain.groovy:117)
	at com.kms.katalon.core.webui.keyword.internal.WebUIKeywordMain.runKeyword(WebUIKeywordMain.groovy:43)
	at com.kms.katalon.core.webui.keyword.builtin.VerifyElementPresentKeyword.verifyElementPresent(VerifyElementPresentKeyword.groovy:92)
	at com.kms.katalon.core.webui.keyword.builtin.VerifyElementPresentKeyword.execute(VerifyElementPresentKeyword.groovy:68)
	at com.kms.katalon.core.keyword.internal.KeywordExecutor.executeKeywordForPlatform(KeywordExecutor.groovy:74)
	at com.kms.katalon.core.webui.keyword.WebUiBuiltInKeywords.verifyElementPresent(WebUiBuiltInKeywords.groovy:1503)
	at Pago-exitoso.run(Pago-exitoso:20)
	at com.kms.katalon.core.main.ScriptEngine.run(ScriptEngine.java:194)
	at com.kms.katalon.core.main.ScriptEngine.runScriptAsRawText(ScriptEngine.java:119)
	at com.kms.katalon.core.main.TestCaseExecutor.runScript(TestCaseExecutor.java:448)
	at com.kms.katalon.core.main.TestCaseExecutor.doExecute(TestCaseExecutor.java:439)
	at com.kms.katalon.core.main.TestCaseExecutor.processExecutionPhase(TestCaseExecutor.java:418)
	at com.kms.katalon.core.main.TestCaseExecutor.accessMainPhase(TestCaseExecutor.java:410)
	at com.kms.katalon.core.main.TestCaseExecutor.execute(TestCaseExecutor.java:285)
	at com.kms.katalon.core.main.TestCaseMain.runTestCase(TestCaseMain.java:137)
	at com.kms.katalon.core.keyword.builtin.CallTestCaseKeyword$_callTestCase_closure1.doCall(CallTestCaseKeyword.groovy:59)
	... 24 more
Caused by: com.kms.katalon.core.exception.StepFailedException: com.kms.katalon.core.webui.exception.WebElementNotFoundException: Web element with id: 'Object Repository/pago/Page_Olva Courier  Medios de pago/div_Pago con tarjeta de crdito, dbito y Yape' located by '//div[@id='pago1']/div' not found
	at com.kms.katalon.core.webui.keyword.internal.WebUIKeywordMain.stepFailed(WebUIKeywordMain.groovy:117)
	at com.kms.katalon.core.webui.keyword.builtin.VerifyElementPresentKeyword$_verifyElementPresent_closure1.doCall(VerifyElementPresentKeyword.groovy:85)
	at com.kms.katalon.core.webui.keyword.builtin.VerifyElementPresentKeyword$_verifyElementPresent_closure1.call(VerifyElementPresentKeyword.groovy)
	at com.kms.katalon.core.webui.keyword.internal.WebUIKeywordMain.runKeyword(WebUIKeywordMain.groovy:35)
	... 38 more]]></system-err>
      </testcase>
      <testcase name="Test Cases/2.Positivos/2.1Paquete/Origen-Lima/3.Destino-D,DO,O/Destino-DO" time="111.02" classname="Test Cases/2.Positivos/2.1Paquete/Origen-Lima/3.Destino-D,DO,O/Destino-DO" status="FAILED">
         <failure type="FAILED" message="Test Cases/2.Positivos/2.1Paquete/Origen-Lima/3.Destino-D,DO,O/Destino-DO FAILED.&#xa;Reason:&#xa;com.kms.katalon.core.exception.StepFailedException: Unable to click on object 'Object Repository/Destinos/Page_Olva Courier  Confirma tus datos/button_IR A PAGAR S 27.90 (1)'&#xa;	at com.kms.katalon.core.webui.keyword.internal.WebUIKeywordMain.stepFailed(WebUIKeywordMain.groovy:117)&#xa;	at com.kms.katalon.core.webui.keyword.internal.WebUIKeywordMain.runKeyword(WebUIKeywordMain.groovy:43)&#xa;	at com.kms.katalon.core.webui.keyword.builtin.ClickKeyword.click(ClickKeyword.groovy:74)&#xa;	at com.kms.katalon.core.webui.keyword.builtin.ClickKeyword.execute(ClickKeyword.groovy:40)&#xa;	at com.kms.katalon.core.keyword.internal.KeywordExecutor.executeKeywordForPlatform(KeywordExecutor.groovy:74)&#xa;	at com.kms.katalon.core.webui.keyword.WebUiBuiltInKeywords.click(WebUiBuiltInKeywords.groovy:659)&#xa;	at Destino-DO.run(Destino-DO:114)&#xa;	at com.kms.katalon.core.main.ScriptEngine.run(ScriptEngine.java:194)&#xa;	at com.kms.katalon.core.main.ScriptEngine.runScriptAsRawText(ScriptEngine.java:119)&#xa;	at com.kms.katalon.core.main.TestCaseExecutor.runScript(TestCaseExecutor.java:448)&#xa;	at com.kms.katalon.core.main.TestCaseExecutor.doExecute(TestCaseExecutor.java:439)&#xa;	at com.kms.katalon.core.main.TestCaseExecutor.processExecutionPhase(TestCaseExecutor.java:418)&#xa;	at com.kms.katalon.core.main.TestCaseExecutor.accessMainPhase(TestCaseExecutor.java:410)&#xa;	at com.kms.katalon.core.main.TestCaseExecutor.execute(TestCaseExecutor.java:285)&#xa;	at com.kms.katalon.core.common.CommonExecutor.accessTestCaseMainPhase(CommonExecutor.java:65)&#xa;	at com.kms.katalon.core.main.TestSuiteExecutor.accessTestSuiteMainPhase(TestSuiteExecutor.java:150)&#xa;	at com.kms.katalon.core.main.TestSuiteExecutor.execute(TestSuiteExecutor.java:106)&#xa;	at com.kms.katalon.core.main.TestCaseMain.startTestSuite(TestCaseMain.java:180)&#xa;	at TempTestSuite1732745349578.run(TempTestSuite1732745349578.groovy:35)&#xa;	at java.base/jdk.internal.reflect.NativeMethodAccessorImpl.invoke0(Native Method)&#xa;	at java.base/jdk.internal.reflect.NativeMethodAccessorImpl.invoke(NativeMethodAccessorImpl.java:77)&#xa;	at java.base/jdk.internal.reflect.DelegatingMethodAccessorImpl.invoke(DelegatingMethodAccessorImpl.java:43)&#xa;Caused by: org.openqa.selenium.ElementClickInterceptedException: Element &lt;button id=&quot;btn-pagar-listar&quot; class=&quot;btn btn-warning&quot; type=&quot;button&quot;> is not clickable at point (682,614) because another element &lt;p> obscures it&#xa;Build info: version: '3.141.59', revision: 'unknown', time: 'unknown'&#xa;System info: host: 'DESKTOP-RGFFP9A', ip: '10.136.10.6', os.name: 'Windows 11', os.arch: 'amd64', os.version: '10.0', java.version: '17.0.7'&#xa;Driver info: com.kms.katalon.core.webui.driver.firefox.CGeckoDriver&#xa;Capabilities {acceptInsecureCerts: true, browserName: firefox, browserVersion: 133.0, javascriptEnabled: true, moz:accessibilityChecks: false, moz:buildID: 20241121140525, moz:geckodriverVersion: 0.35.0, moz:headless: false, moz:platformVersion: 10.0, moz:processID: 32536, moz:profile: C:\Users\OLVATI\AppData\Loc..., moz:shutdownTimeout: 60000, moz:webdriverClick: true, moz:windowless: false, pageLoadStrategy: normal, platform: WINDOWS, platformName: WINDOWS, proxy: Proxy(direct), setWindowRect: true, strictFileInteractability: false, timeouts: {implicit: 0, pageLoad: 300000, script: 30000}, unhandledPromptBehavior: dismiss and notify, userAgent: Mozilla/5.0 (Windows NT 10....}&#xa;Session ID: 967a8dfb-9e20-424b-880c-07c9a89fe93d&#xa;	at jdk.internal.reflect.GeneratedConstructorAccessor32.newInstance(Unknown Source)&#xa;	at java.base/jdk.internal.reflect.DelegatingConstructorAccessorImpl.newInstance(DelegatingConstructorAccessorImpl.java:45)&#xa;	at org.openqa.selenium.remote.http.W3CHttpResponseCodec.createException(W3CHttpResponseCodec.java:187)&#xa;	at org.openqa.selenium.remote.http.W3CHttpResponseCodec.decode(W3CHttpResponseCodec.java:122)&#xa;	at org.openqa.selenium.remote.http.W3CHttpResponseCodec.decode(W3CHttpResponseCodec.java:49)&#xa;	at org.openqa.selenium.remote.HttpCommandExecutor.execute(HttpCommandExecutor.java:158)&#xa;	at org.openqa.selenium.remote.service.DriverCommandExecutor.execute(DriverCommandExecutor.java:83)&#xa;	at org.openqa.selenium.remote.RemoteWebDriver.execute(RemoteWebDriver.java:552)&#xa;	at com.kms.katalon.selenium.driver.CFirefoxDriver.execute(CFirefoxDriver.java:28)&#xa;	at org.openqa.selenium.remote.RemoteWebElement.execute(RemoteWebElement.java:285)&#xa;	at org.openqa.selenium.remote.RemoteWebElement.click(RemoteWebElement.java:84)&#xa;	at jdk.internal.reflect.GeneratedMethodAccessor10.invoke(Unknown Source)&#xa;	at java.base/jdk.internal.reflect.DelegatingMethodAccessorImpl.invoke(DelegatingMethodAccessorImpl.java:43)&#xa;	at org.openqa.selenium.support.events.EventFiringWebDriver$EventFiringWebElement.lambda$new$0(EventFiringWebDriver.java:404)&#xa;	at jdk.proxy2/jdk.proxy2.$Proxy21.click(Unknown Source)&#xa;	at org.openqa.selenium.support.events.EventFiringWebDriver$EventFiringWebElement.click(EventFiringWebDriver.java:417)&#xa;	at org.openqa.selenium.WebElement$click.call(Unknown Source)&#xa;	at com.kms.katalon.core.webui.keyword.builtin.ClickKeyword.clickUntilSuccessWithTimeout(ClickKeyword.groovy:81)&#xa;	at com.kms.katalon.core.webui.keyword.builtin.ClickKeyword.clickUntilSuccessWithTimeout(ClickKeyword.groovy)&#xa;	at jdk.internal.reflect.GeneratedMethodAccessor8.invoke(Unknown Source)&#xa;	at java.base/jdk.internal.reflect.DelegatingMethodAccessorImpl.invoke(DelegatingMethodAccessorImpl.java:43)&#xa;	at com.kms.katalon.core.webui.keyword.builtin.ClickKeyword$_click_closure1.doCall(ClickKeyword.groovy:67)&#xa;	at com.kms.katalon.core.webui.keyword.builtin.ClickKeyword$_click_closure1.call(ClickKeyword.groovy)&#xa;	at com.kms.katalon.core.webui.keyword.internal.WebUIKeywordMain.runKeyword(WebUIKeywordMain.groovy:35)&#xa;	... 20 more&#xa;"/>
         <system-out><![CDATA[27-11-2024T17:37:58 - [TEST_CASE][FAILED] - Test Cases/2.Positivos/2.1Paquete/Origen-Lima/3.Destino-D,DO,O/Destino-DO: Test Cases/2.Positivos/2.1Paquete/Origen-Lima/3.Destino-D,DO,O/Destino-DO FAILED.
Reason:
com.kms.katalon.core.exception.StepFailedException: Unable to click on object 'Object Repository/Destinos/Page_Olva Courier  Confirma tus datos/button_IR A PAGAR S 27.90 (1)'
	at com.kms.katalon.core.webui.keyword.internal.WebUIKeywordMain.stepFailed(WebUIKeywordMain.groovy:117)
	at com.kms.katalon.core.webui.keyword.internal.WebUIKeywordMain.runKeyword(WebUIKeywordMain.groovy:43)
	at com.kms.katalon.core.webui.keyword.builtin.ClickKeyword.click(ClickKeyword.groovy:74)
	at com.kms.katalon.core.webui.keyword.builtin.ClickKeyword.execute(ClickKeyword.groovy:40)
	at com.kms.katalon.core.keyword.internal.KeywordExecutor.executeKeywordForPlatform(KeywordExecutor.groovy:74)
	at com.kms.katalon.core.webui.keyword.WebUiBuiltInKeywords.click(WebUiBuiltInKeywords.groovy:659)
	at Destino-DO.run(Destino-DO:114)
	at com.kms.katalon.core.main.ScriptEngine.run(ScriptEngine.java:194)
	at com.kms.katalon.core.main.ScriptEngine.runScriptAsRawText(ScriptEngine.java:119)
	at com.kms.katalon.core.main.TestCaseExecutor.runScript(TestCaseExecutor.java:448)
	at com.kms.katalon.core.main.TestCaseExecutor.doExecute(TestCaseExecutor.java:439)
	at com.kms.katalon.core.main.TestCaseExecutor.processExecutionPhase(TestCaseExecutor.java:418)
	at com.kms.katalon.core.main.TestCaseExecutor.accessMainPhase(TestCaseExecutor.java:410)
	at com.kms.katalon.core.main.TestCaseExecutor.execute(TestCaseExecutor.java:285)
	at com.kms.katalon.core.common.CommonExecutor.accessTestCaseMainPhase(CommonExecutor.java:65)
	at com.kms.katalon.core.main.TestSuiteExecutor.accessTestSuiteMainPhase(TestSuiteExecutor.java:150)
	at com.kms.katalon.core.main.TestSuiteExecutor.execute(TestSuiteExecutor.java:106)
	at com.kms.katalon.core.main.TestCaseMain.startTestSuite(TestCaseMain.java:180)
	at TempTestSuite1732745349578.run(TempTestSuite1732745349578.groovy:35)
	at java.base/jdk.internal.reflect.NativeMethodAccessorImpl.invoke0(Native Method)
	at java.base/jdk.internal.reflect.NativeMethodAccessorImpl.invoke(NativeMethodAccessorImpl.java:77)
	at java.base/jdk.internal.reflect.DelegatingMethodAccessorImpl.invoke(DelegatingMethodAccessorImpl.java:43)
Caused by: org.openqa.selenium.ElementClickInterceptedException: Element <button id="btn-pagar-listar" class="btn btn-warning" type="button"> is not clickable at point (682,614) because another element <p> obscures it
Build info: version: '3.141.59', revision: 'unknown', time: 'unknown'
System info: host: 'DESKTOP-RGFFP9A', ip: '10.136.10.6', os.name: 'Windows 11', os.arch: 'amd64', os.version: '10.0', java.version: '17.0.7'
Driver info: com.kms.katalon.core.webui.driver.firefox.CGeckoDriver
Capabilities {acceptInsecureCerts: true, browserName: firefox, browserVersion: 133.0, javascriptEnabled: true, moz:accessibilityChecks: false, moz:buildID: 20241121140525, moz:geckodriverVersion: 0.35.0, moz:headless: false, moz:platformVersion: 10.0, moz:processID: 32536, moz:profile: C:\Users\OLVATI\AppData\Loc..., moz:shutdownTimeout: 60000, moz:webdriverClick: true, moz:windowless: false, pageLoadStrategy: normal, platform: WINDOWS, platformName: WINDOWS, proxy: Proxy(direct), setWindowRect: true, strictFileInteractability: false, timeouts: {implicit: 0, pageLoad: 300000, script: 30000}, unhandledPromptBehavior: dismiss and notify, userAgent: Mozilla/5.0 (Windows NT 10....}
Session ID: 967a8dfb-9e20-424b-880c-07c9a89fe93d
	at jdk.internal.reflect.GeneratedConstructorAccessor32.newInstance(Unknown Source)
	at java.base/jdk.internal.reflect.DelegatingConstructorAccessorImpl.newInstance(DelegatingConstructorAccessorImpl.java:45)
	at org.openqa.selenium.remote.http.W3CHttpResponseCodec.createException(W3CHttpResponseCodec.java:187)
	at org.openqa.selenium.remote.http.W3CHttpResponseCodec.decode(W3CHttpResponseCodec.java:122)
	at org.openqa.selenium.remote.http.W3CHttpResponseCodec.decode(W3CHttpResponseCodec.java:49)
	at org.openqa.selenium.remote.HttpCommandExecutor.execute(HttpCommandExecutor.java:158)
	at org.openqa.selenium.remote.service.DriverCommandExecutor.execute(DriverCommandExecutor.java:83)
	at org.openqa.selenium.remote.RemoteWebDriver.execute(RemoteWebDriver.java:552)
	at com.kms.katalon.selenium.driver.CFirefoxDriver.execute(CFirefoxDriver.java:28)
	at org.openqa.selenium.remote.RemoteWebElement.execute(RemoteWebElement.java:285)
	at org.openqa.selenium.remote.RemoteWebElement.click(RemoteWebElement.java:84)
	at jdk.internal.reflect.GeneratedMethodAccessor10.invoke(Unknown Source)
	at java.base/jdk.internal.reflect.DelegatingMethodAccessorImpl.invoke(DelegatingMethodAccessorImpl.java:43)
	at org.openqa.selenium.support.events.EventFiringWebDriver$EventFiringWebElement.lambda$new$0(EventFiringWebDriver.java:404)
	at jdk.proxy2/jdk.proxy2.$Proxy21.click(Unknown Source)
	at org.openqa.selenium.support.events.EventFiringWebDriver$EventFiringWebElement.click(EventFiringWebDriver.java:417)
	at org.openqa.selenium.WebElement$click.call(Unknown Source)
	at com.kms.katalon.core.webui.keyword.builtin.ClickKeyword.clickUntilSuccessWithTimeout(ClickKeyword.groovy:81)
	at com.kms.katalon.core.webui.keyword.builtin.ClickKeyword.clickUntilSuccessWithTimeout(ClickKeyword.groovy)
	at jdk.internal.reflect.GeneratedMethodAccessor8.invoke(Unknown Source)
	at java.base/jdk.internal.reflect.DelegatingMethodAccessorImpl.invoke(DelegatingMethodAccessorImpl.java:43)
	at com.kms.katalon.core.webui.keyword.builtin.ClickKeyword$_click_closure1.doCall(ClickKeyword.groovy:67)
	at com.kms.katalon.core.webui.keyword.builtin.ClickKeyword$_click_closure1.call(ClickKeyword.groovy)
	at com.kms.katalon.core.webui.keyword.internal.WebUIKeywordMain.runKeyword(WebUIKeywordMain.groovy:35)
	... 20 more


27-11-2024T17:37:59 - [TEST_STEP][PASSED] - callTestCase(findTestCase("1.Inicio/1.1Principal/Principal-home"), [:], STOP_ON_FAILURE): Call Test Case 'Test Cases/1.Inicio/1.1Principal/Principal-home' successfully

27-11-2024T17:37:59 - [TEST_CASE][PASSED] - Test Cases/1.Inicio/1.1Principal/Principal-home: Test Cases/1.Inicio/1.1Principal/Principal-home

27-11-2024T17:37:59 - [TEST_STEP][PASSED] - openBrowser(""): Browser is opened with url: ''

27-11-2024T17:37:59 - [MESSAGE][WARNING] - A browser is already opened. Closing browser and opening a new one

27-11-2024T17:38:02 - [MESSAGE][INFO] - Starting 'Firefox' driver

27-11-2024T17:38:02 - [MESSAGE][INFO] - Action delay is set to 0 milliseconds

27-11-2024T17:38:14 - [MESSAGE][PASSED] - Browser is opened with url: ''

27-11-2024T17:38:14 - [TEST_STEP][PASSED] - navigateToUrl("https://dev01-registrodeenvios.olvacourier.com/principal"): Navigate to 'https://dev01-registrodeenvios.olvacourier.com/principal' successfully

27-11-2024T17:38:18 - [MESSAGE][PASSED] - Navigate to 'https://dev01-registrodeenvios.olvacourier.com/principal' successfully

27-11-2024T17:38:18 - [TEST_STEP][PASSED] - maximizeWindow(): Current window maximized

27-11-2024T17:38:18 - [MESSAGE][PASSED] - Current window maximized

27-11-2024T17:38:18 - [MESSAGE][PASSED] - Call Test Case 'Test Cases/1.Inicio/1.1Principal/Principal-home' successfully

27-11-2024T17:38:18 - [TEST_STEP][PASSED] - callTestCase(findTestCase("1.Inicio/1.1Principal/Selec_paquete"), [:], STOP_ON_FAILURE): Call Test Case 'Test Cases/1.Inicio/1.1Principal/Selec_paquete' successfully

27-11-2024T17:38:18 - [TEST_CASE][PASSED] - Test Cases/1.Inicio/1.1Principal/Selec_paquete: Test Cases/1.Inicio/1.1Principal/Selec_paquete

27-11-2024T17:38:18 - [TEST_STEP][PASSED] - click(findTestObject("Object Repository/Principal/Page_Olva Courier  Home/img_Qu deseas realizar hoy_img_paquete")): Object: 'Object Repository/Principal/Page_Olva Courier  Home/img_Qu deseas realizar hoy_img_paquete' is clicked on

27-11-2024T17:38:19 - [MESSAGE][PASSED] - Object: 'Object Repository/Principal/Page_Olva Courier  Home/img_Qu deseas realizar hoy_img_paquete' is clicked on

27-11-2024T17:38:19 - [TEST_STEP][PASSED] - click(findTestObject("Object Repository/Principal/Page_Olva Courier  Home/span_He ledo y acepto los_checkmark (1)")): Object: 'Object Repository/Principal/Page_Olva Courier  Home/span_He ledo y acepto los_checkmark (1)' is clicked on

27-11-2024T17:38:19 - [MESSAGE][PASSED] - Object: 'Object Repository/Principal/Page_Olva Courier  Home/span_He ledo y acepto los_checkmark (1)' is clicked on

27-11-2024T17:38:19 - [TEST_STEP][PASSED] - click(findTestObject("Object Repository/Principal/Page_Olva Courier  Home/button_CONTINUAR (1)")): Object: 'Object Repository/Principal/Page_Olva Courier  Home/button_CONTINUAR (1)' is clicked on

27-11-2024T17:38:21 - [MESSAGE][PASSED] - Object: 'Object Repository/Principal/Page_Olva Courier  Home/button_CONTINUAR (1)' is clicked on

27-11-2024T17:38:21 - [TEST_STEP][PASSED] - verifyElementPresent(findTestObject("Object Repository/Principal/Page_Olva Courier  Datos Personales/strong_REGISTRO DE ENVOS"), 0): Object 'Object Repository/Principal/Page_Olva Courier  Datos Personales/strong_REGISTRO DE ENVOS' is present

27-11-2024T17:38:21 - [MESSAGE][WARNING] - Timeout '0' is invalid. Using default page load timeout: '30'

27-11-2024T17:38:21 - [MESSAGE][PASSED] - Object 'Object Repository/Principal/Page_Olva Courier  Datos Personales/strong_REGISTRO DE ENVOS' is present

27-11-2024T17:38:21 - [TEST_STEP][PASSED] - verifyElementPresent(findTestObject("Object Repository/Principal/Page_Olva Courier  Datos Personales/span_Regresar (1)"), 0): Object 'Object Repository/Principal/Page_Olva Courier  Datos Personales/span_Regresar (1)' is present

27-11-2024T17:38:21 - [MESSAGE][WARNING] - Timeout '0' is invalid. Using default page load timeout: '30'

27-11-2024T17:38:22 - [MESSAGE][PASSED] - Object 'Object Repository/Principal/Page_Olva Courier  Datos Personales/span_Regresar (1)' is present

27-11-2024T17:38:22 - [TEST_STEP][PASSED] - verifyElementPresent(findTestObject("Object Repository/Principal/Page_Olva Courier  Datos Personales/span_Inicio (1)"), 0): Object 'Object Repository/Principal/Page_Olva Courier  Datos Personales/span_Inicio (1)' is present

27-11-2024T17:38:22 - [MESSAGE][WARNING] - Timeout '0' is invalid. Using default page load timeout: '30'

27-11-2024T17:38:22 - [MESSAGE][PASSED] - Object 'Object Repository/Principal/Page_Olva Courier  Datos Personales/span_Inicio (1)' is present

27-11-2024T17:38:22 - [MESSAGE][PASSED] - Call Test Case 'Test Cases/1.Inicio/1.1Principal/Selec_paquete' successfully

27-11-2024T17:38:22 - [TEST_STEP][PASSED] - callTestCase(findTestCase("1.Inicio/1.2Tipo_Doc/1.DNI"), [:], STOP_ON_FAILURE): Call Test Case 'Test Cases/1.Inicio/1.2Tipo_Doc/1.DNI' successfully

27-11-2024T17:38:23 - [TEST_CASE][PASSED] - Test Cases/1.Inicio/1.2Tipo_Doc/1.DNI: Test Cases/1.Inicio/1.2Tipo_Doc/1.DNI

27-11-2024T17:38:23 - [TEST_STEP][PASSED] - click(findTestObject("Object Repository/Login/Page_Olva Courier  Datos Personales/button_Tipo De Documento")): Object: 'Object Repository/Login/Page_Olva Courier  Datos Personales/button_Tipo De Documento' is clicked on

27-11-2024T17:38:24 - [MESSAGE][PASSED] - Object: 'Object Repository/Login/Page_Olva Courier  Datos Personales/button_Tipo De Documento' is clicked on

27-11-2024T17:38:24 - [TEST_STEP][PASSED] - click(findTestObject("Object Repository/Login/Page_Olva Courier  Datos Personales/a_DNI (Boleta)")): Object: 'Object Repository/Login/Page_Olva Courier  Datos Personales/a_DNI (Boleta)' is clicked on

27-11-2024T17:38:25 - [MESSAGE][PASSED] - Object: 'Object Repository/Login/Page_Olva Courier  Datos Personales/a_DNI (Boleta)' is clicked on

27-11-2024T17:38:25 - [TEST_STEP][PASSED] - setText(findTestObject("Object Repository/Login/Page_Olva Courier  Datos Personales/input_CARN EXT. (Boleta)_txt_documento_cliente"), "47190321"): Text '47190321' is set on object 'Object Repository/Login/Page_Olva Courier  Datos Personales/input_CARN EXT. (Boleta)_txt_documento_cliente'

27-11-2024T17:38:25 - [MESSAGE][PASSED] - Text '47190321' is set on object 'Object Repository/Login/Page_Olva Courier  Datos Personales/input_CARN EXT. (Boleta)_txt_documento_cliente'

27-11-2024T17:38:25 - [TEST_STEP][PASSED] - setText(findTestObject("Object Repository/Login/Page_Olva Courier  Datos Personales/input_CARN EXT. (Boleta)_txt_telefono_cliente"), "957378086"): Text '957378086' is set on object 'Object Repository/Login/Page_Olva Courier  Datos Personales/input_CARN EXT. (Boleta)_txt_telefono_cliente'

27-11-2024T17:38:35 - [MESSAGE][PASSED] - Text '957378086' is set on object 'Object Repository/Login/Page_Olva Courier  Datos Personales/input_CARN EXT. (Boleta)_txt_telefono_cliente'

27-11-2024T17:38:35 - [TEST_STEP][PASSED] - setText(findTestObject("Object Repository/Login/Page_Olva Courier  Datos Personales/input_Hola,_txt_email_cliente"), "riosalejosjs@gmail.com"): Text 'riosalejosjs@gmail.com' is set on object 'Object Repository/Login/Page_Olva Courier  Datos Personales/input_Hola,_txt_email_cliente'

27-11-2024T17:38:35 - [MESSAGE][PASSED] - Text 'riosalejosjs@gmail.com' is set on object 'Object Repository/Login/Page_Olva Courier  Datos Personales/input_Hola,_txt_email_cliente'

27-11-2024T17:38:35 - [MESSAGE][PASSED] - Call Test Case 'Test Cases/1.Inicio/1.2Tipo_Doc/1.DNI' successfully

27-11-2024T17:38:35 - [TEST_STEP][PASSED] - click(findTestObject("Object Repository/Destinos/Page_Olva Courier  Datos Personales/button_Seleccionar artculo")): Object: 'Object Repository/Destinos/Page_Olva Courier  Datos Personales/button_Seleccionar artculo' is clicked on

27-11-2024T17:38:36 - [MESSAGE][PASSED] - Object: 'Object Repository/Destinos/Page_Olva Courier  Datos Personales/button_Seleccionar artculo' is clicked on

27-11-2024T17:38:36 - [TEST_STEP][PASSED] - click(findTestObject("Object Repository/Destinos/Page_Olva Courier  Datos Personales/a_BISUTERIA")): Object: 'Object Repository/Destinos/Page_Olva Courier  Datos Personales/a_BISUTERIA' is clicked on

27-11-2024T17:38:36 - [MESSAGE][PASSED] - Object: 'Object Repository/Destinos/Page_Olva Courier  Datos Personales/a_BISUTERIA' is clicked on

27-11-2024T17:38:36 - [TEST_STEP][PASSED] - setText(findTestObject("Object Repository/Destinos/Page_Olva Courier  Datos Personales/input_UTILES DE OFICINA_txt_paquete_articulo (1)"), "RTRt"): Text 'RTRt' is set on object 'Object Repository/Destinos/Page_Olva Courier  Datos Personales/input_UTILES DE OFICINA_txt_paquete_articulo (1)'

27-11-2024T17:38:37 - [MESSAGE][PASSED] - Text 'RTRt' is set on object 'Object Repository/Destinos/Page_Olva Courier  Datos Personales/input_UTILES DE OFICINA_txt_paquete_articulo (1)'

27-11-2024T17:38:37 - [TEST_STEP][PASSED] - setText(findTestObject("Object Repository/Destinos/Page_Olva Courier  Datos Personales/input_UTILES DE OFICINA_txt_paquete_valor (1)"), "20"): Text '20' is set on object 'Object Repository/Destinos/Page_Olva Courier  Datos Personales/input_UTILES DE OFICINA_txt_paquete_valor (1)'

27-11-2024T17:38:38 - [MESSAGE][PASSED] - Text '20' is set on object 'Object Repository/Destinos/Page_Olva Courier  Datos Personales/input_UTILES DE OFICINA_txt_paquete_valor (1)'

27-11-2024T17:38:38 - [TEST_STEP][PASSED] - click(findTestObject("Object Repository/Destinos/Page_Olva Courier  Datos Personales/div_Hasta 2Kg")): Object: 'Object Repository/Destinos/Page_Olva Courier  Datos Personales/div_Hasta 2Kg' is clicked on

27-11-2024T17:38:39 - [MESSAGE][PASSED] - Object: 'Object Repository/Destinos/Page_Olva Courier  Datos Personales/div_Hasta 2Kg' is clicked on

27-11-2024T17:38:39 - [TEST_STEP][PASSED] - scrollToElement(findTestObject("Object Repository/Destinos/Page_Olva Courier  Datos Personales/button_Ingrese el punto de llegada (1)"), 0): Scroll to object 'Object Repository/Destinos/Page_Olva Courier  Datos Personales/button_Ingrese el punto de llegada (1)' successfully

27-11-2024T17:38:39 - [MESSAGE][WARNING] - Timeout '0' is invalid. Using default page load timeout: '30'

27-11-2024T17:38:39 - [MESSAGE][PASSED] - Scroll to object 'Object Repository/Destinos/Page_Olva Courier  Datos Personales/button_Ingrese el punto de llegada (1)' successfully

27-11-2024T17:38:39 - [TEST_STEP][PASSED] - click(findTestObject("Object Repository/Destinos/Page_Olva Courier  Datos Personales/button_Ingrese el punto de llegada (1)")): Object: 'Object Repository/Destinos/Page_Olva Courier  Datos Personales/button_Ingrese el punto de llegada (1)' is clicked on

27-11-2024T17:38:41 - [MESSAGE][PASSED] - Object: 'Object Repository/Destinos/Page_Olva Courier  Datos Personales/button_Ingrese el punto de llegada (1)' is clicked on

27-11-2024T17:38:41 - [TEST_STEP][PASSED] - click(findTestObject("Object Repository/Destinos/Page_Olva Courier  Datos Personales/span_AMAZONAS - BAGUA - BAGUA")): Object: 'Object Repository/Destinos/Page_Olva Courier  Datos Personales/span_AMAZONAS - BAGUA - BAGUA' is clicked on

27-11-2024T17:38:41 - [MESSAGE][PASSED] - Object: 'Object Repository/Destinos/Page_Olva Courier  Datos Personales/span_AMAZONAS - BAGUA - BAGUA' is clicked on

27-11-2024T17:38:41 - [TEST_STEP][PASSED] - delay(3): Delayed 3 second(s)

27-11-2024T17:38:44 - [MESSAGE][PASSED] - Delayed 3 second(s)

27-11-2024T17:38:44 - [TEST_STEP][PASSED] - click(findTestObject("Object Repository/Destinos/Page_Olva Courier  Datos Personales/button_Tipo de entrega (1)")): Object: 'Object Repository/Destinos/Page_Olva Courier  Datos Personales/button_Tipo de entrega (1)' is clicked on

27-11-2024T17:38:45 - [MESSAGE][PASSED] - Object: 'Object Repository/Destinos/Page_Olva Courier  Datos Personales/button_Tipo de entrega (1)' is clicked on

27-11-2024T17:38:45 - [TEST_STEP][PASSED] - delay(3): Delayed 3 second(s)

27-11-2024T17:38:48 - [MESSAGE][PASSED] - Delayed 3 second(s)

27-11-2024T17:38:48 - [TEST_STEP][PASSED] - click(findTestObject("Object Repository/Destinos/Page_Olva Courier  Datos Personales/a_Entrega a domicilio (1)")): Object: 'Object Repository/Destinos/Page_Olva Courier  Datos Personales/a_Entrega a domicilio (1)' is clicked on

27-11-2024T17:38:52 - [MESSAGE][PASSED] - Object: 'Object Repository/Destinos/Page_Olva Courier  Datos Personales/a_Entrega a domicilio (1)' is clicked on

27-11-2024T17:38:52 - [TEST_STEP][PASSED] - delay(3): Delayed 3 second(s)

27-11-2024T17:38:55 - [MESSAGE][PASSED] - Delayed 3 second(s)

27-11-2024T17:38:55 - [TEST_STEP][PASSED] - scrollToElement(findTestObject("Object Repository/Destinos/Page_Olva Courier  Datos Personales/button_Tipo De Documento_1 (1)"), 0): Scroll to object 'Object Repository/Destinos/Page_Olva Courier  Datos Personales/button_Tipo De Documento_1 (1)' successfully

27-11-2024T17:38:55 - [MESSAGE][WARNING] - Timeout '0' is invalid. Using default page load timeout: '30'

27-11-2024T17:38:55 - [MESSAGE][PASSED] - Scroll to object 'Object Repository/Destinos/Page_Olva Courier  Datos Personales/button_Tipo De Documento_1 (1)' successfully

27-11-2024T17:38:55 - [TEST_STEP][PASSED] - click(findTestObject("Object Repository/Destinos/Page_Olva Courier  Datos Personales/button_Tipo De Documento_1 (1)")): Object: 'Object Repository/Destinos/Page_Olva Courier  Datos Personales/button_Tipo De Documento_1 (1)' is clicked on

27-11-2024T17:38:55 - [MESSAGE][PASSED] - Object: 'Object Repository/Destinos/Page_Olva Courier  Datos Personales/button_Tipo De Documento_1 (1)' is clicked on

27-11-2024T17:38:55 - [TEST_STEP][PASSED] - click(findTestObject("Object Repository/Destinos/Page_Olva Courier  Datos Personales/a_DNI (1)")): Object: 'Object Repository/Destinos/Page_Olva Courier  Datos Personales/a_DNI (1)' is clicked on

27-11-2024T17:38:56 - [MESSAGE][PASSED] - Object: 'Object Repository/Destinos/Page_Olva Courier  Datos Personales/a_DNI (1)' is clicked on

27-11-2024T17:38:56 - [TEST_STEP][PASSED] - setText(findTestObject("Object Repository/Destinos/Page_Olva Courier  Datos Personales/input_CARN EXT_txt_consignado_dni (1)"), "71735786"): Text '71735786' is set on object 'Object Repository/Destinos/Page_Olva Courier  Datos Personales/input_CARN EXT_txt_consignado_dni (1)'

27-11-2024T17:38:56 - [MESSAGE][PASSED] - Text '71735786' is set on object 'Object Repository/Destinos/Page_Olva Courier  Datos Personales/input_CARN EXT_txt_consignado_dni (1)'

27-11-2024T17:38:56 - [TEST_STEP][PASSED] - scrollToElement(findTestObject("Object Repository/Destinos/Page_Olva Courier  Datos Personales/button_CONTINUAR (1)"), 0): Scroll to object 'Object Repository/Destinos/Page_Olva Courier  Datos Personales/button_CONTINUAR (1)' successfully

27-11-2024T17:38:57 - [MESSAGE][WARNING] - Timeout '0' is invalid. Using default page load timeout: '30'

27-11-2024T17:38:57 - [MESSAGE][PASSED] - Scroll to object 'Object Repository/Destinos/Page_Olva Courier  Datos Personales/button_CONTINUAR (1)' successfully

27-11-2024T17:38:58 - [TEST_STEP][PASSED] - click(findTestObject("Object Repository/Destinos/Page_Olva Courier  Datos Personales/button_CONTINUAR (1)")): Object: 'Object Repository/Destinos/Page_Olva Courier  Datos Personales/button_CONTINUAR (1)' is clicked on

27-11-2024T17:38:58 - [MESSAGE][PASSED] - Object: 'Object Repository/Destinos/Page_Olva Courier  Datos Personales/button_CONTINUAR (1)' is clicked on

27-11-2024T17:38:58 - [TEST_STEP][PASSED] - click(findTestObject("Object Repository/Destinos/Page_Olva Courier  Confirma tus datos/a_AGREGAR ENVOS (1)")): Object: 'Object Repository/Destinos/Page_Olva Courier  Confirma tus datos/a_AGREGAR ENVOS (1)' is clicked on

27-11-2024T17:39:01 - [MESSAGE][PASSED] - Object: 'Object Repository/Destinos/Page_Olva Courier  Confirma tus datos/a_AGREGAR ENVOS (1)' is clicked on

27-11-2024T17:39:01 - [TEST_STEP][PASSED] - click(findTestObject("Object Repository/Destinos/Page_Olva Courier  Home/img_Envo de cajas o paquetescon un peso mxi_37770f (1)")): Object: 'Object Repository/Destinos/Page_Olva Courier  Home/img_Envo de cajas o paquetescon un peso mxi_37770f (1)' is clicked on

27-11-2024T17:39:02 - [MESSAGE][PASSED] - Object: 'Object Repository/Destinos/Page_Olva Courier  Home/img_Envo de cajas o paquetescon un peso mxi_37770f (1)' is clicked on

27-11-2024T17:39:02 - [TEST_STEP][PASSED] - scrollToElement(findTestObject("Object Repository/Destinos/Page_Olva Courier  Home/button_CONTINUAR (1)"), 0): Scroll to object 'Object Repository/Destinos/Page_Olva Courier  Home/button_CONTINUAR (1)' successfully

27-11-2024T17:39:02 - [MESSAGE][WARNING] - Timeout '0' is invalid. Using default page load timeout: '30'

27-11-2024T17:39:02 - [MESSAGE][PASSED] - Scroll to object 'Object Repository/Destinos/Page_Olva Courier  Home/button_CONTINUAR (1)' successfully

27-11-2024T17:39:02 - [TEST_STEP][PASSED] - click(findTestObject("Object Repository/Destinos/Page_Olva Courier  Home/button_CONTINUAR (1)")): Object: 'Object Repository/Destinos/Page_Olva Courier  Home/button_CONTINUAR (1)' is clicked on

27-11-2024T17:39:03 - [MESSAGE][PASSED] - Object: 'Object Repository/Destinos/Page_Olva Courier  Home/button_CONTINUAR (1)' is clicked on

27-11-2024T17:39:03 - [TEST_STEP][PASSED] - setText(findTestObject("Object Repository/Destinos/Page_Olva Courier  Datos Personales/input_Qu Envas_input_descripcion (1)"), "Fty"): Text 'Fty' is set on object 'Object Repository/Destinos/Page_Olva Courier  Datos Personales/input_Qu Envas_input_descripcion (1)'

27-11-2024T17:39:08 - [MESSAGE][PASSED] - Text 'Fty' is set on object 'Object Repository/Destinos/Page_Olva Courier  Datos Personales/input_Qu Envas_input_descripcion (1)'

27-11-2024T17:39:08 - [TEST_STEP][PASSED] - setText(findTestObject("Object Repository/Destinos/Page_Olva Courier  Datos Personales/input_Qu Envas_input_valor (1)"), "50"): Text '50' is set on object 'Object Repository/Destinos/Page_Olva Courier  Datos Personales/input_Qu Envas_input_valor (1)'

27-11-2024T17:39:09 - [MESSAGE][PASSED] - Text '50' is set on object 'Object Repository/Destinos/Page_Olva Courier  Datos Personales/input_Qu Envas_input_valor (1)'

27-11-2024T17:39:09 - [TEST_STEP][PASSED] - scrollToElement(findTestObject("Object Repository/Destinos/Page_Olva Courier  Datos Personales/button_Ingrese el punto de llegada (1)"), 0): Scroll to object 'Object Repository/Destinos/Page_Olva Courier  Datos Personales/button_Ingrese el punto de llegada (1)' successfully

27-11-2024T17:39:09 - [MESSAGE][WARNING] - Timeout '0' is invalid. Using default page load timeout: '30'

27-11-2024T17:39:09 - [MESSAGE][PASSED] - Scroll to object 'Object Repository/Destinos/Page_Olva Courier  Datos Personales/button_Ingrese el punto de llegada (1)' successfully

27-11-2024T17:39:09 - [TEST_STEP][PASSED] - click(findTestObject("Object Repository/Destinos/Page_Olva Courier  Datos Personales/button_Ingrese el punto de llegada (1)")): Object: 'Object Repository/Destinos/Page_Olva Courier  Datos Personales/button_Ingrese el punto de llegada (1)' is clicked on

27-11-2024T17:39:10 - [MESSAGE][PASSED] - Object: 'Object Repository/Destinos/Page_Olva Courier  Datos Personales/button_Ingrese el punto de llegada (1)' is clicked on

27-11-2024T17:39:10 - [TEST_STEP][PASSED] - click(findTestObject("Object Repository/Destinos/Page_Olva Courier  Datos Personales/a_ANCASH - HUARAZ - HUARAZ")): Object: 'Object Repository/Destinos/Page_Olva Courier  Datos Personales/a_ANCASH - HUARAZ - HUARAZ' is clicked on

27-11-2024T17:39:11 - [MESSAGE][PASSED] - Object: 'Object Repository/Destinos/Page_Olva Courier  Datos Personales/a_ANCASH - HUARAZ - HUARAZ' is clicked on

27-11-2024T17:39:11 - [TEST_STEP][PASSED] - click(findTestObject("Object Repository/Destinos/Page_Olva Courier  Datos Personales/button_Tipo de entrega (1)")): Object: 'Object Repository/Destinos/Page_Olva Courier  Datos Personales/button_Tipo de entrega (1)' is clicked on

27-11-2024T17:39:12 - [MESSAGE][PASSED] - Object: 'Object Repository/Destinos/Page_Olva Courier  Datos Personales/button_Tipo de entrega (1)' is clicked on

27-11-2024T17:39:12 - [TEST_STEP][PASSED] - click(findTestObject("Object Repository/Destinos/Page_Olva Courier  Datos Personales/a_Recojo en tienda (1)")): Object: 'Object Repository/Destinos/Page_Olva Courier  Datos Personales/a_Recojo en tienda (1)' is clicked on

27-11-2024T17:39:13 - [MESSAGE][PASSED] - Object: 'Object Repository/Destinos/Page_Olva Courier  Datos Personales/a_Recojo en tienda (1)' is clicked on

27-11-2024T17:39:13 - [TEST_STEP][PASSED] - click(findTestObject("Object Repository/Destinos/Page_Olva Courier  Datos Personales/button_Tienda (1)")): Object: 'Object Repository/Destinos/Page_Olva Courier  Datos Personales/button_Tienda (1)' is clicked on

27-11-2024T17:39:14 - [MESSAGE][PASSED] - Object: 'Object Repository/Destinos/Page_Olva Courier  Datos Personales/button_Tienda (1)' is clicked on

27-11-2024T17:39:14 - [TEST_STEP][PASSED] - click(findTestObject("Object Repository/Destinos/Page_Olva Courier  Datos Personales/span_TIENDA HUARAZ - HUARAZ - AV MARISCAL A_1d6adb")): Object: 'Object Repository/Destinos/Page_Olva Courier  Datos Personales/span_TIENDA HUARAZ - HUARAZ - AV MARISCAL A_1d6adb' is clicked on

27-11-2024T17:39:14 - [MESSAGE][PASSED] - Object: 'Object Repository/Destinos/Page_Olva Courier  Datos Personales/span_TIENDA HUARAZ - HUARAZ - AV MARISCAL A_1d6adb' is clicked on

27-11-2024T17:39:14 - [TEST_STEP][PASSED] - scrollToElement(findTestObject("Object Repository/Destinos/Page_Olva Courier  Datos Personales/button_Tipo De Documento_1 (1)"), 0): Scroll to object 'Object Repository/Destinos/Page_Olva Courier  Datos Personales/button_Tipo De Documento_1 (1)' successfully

27-11-2024T17:39:14 - [MESSAGE][WARNING] - Timeout '0' is invalid. Using default page load timeout: '30'

27-11-2024T17:39:15 - [MESSAGE][PASSED] - Scroll to object 'Object Repository/Destinos/Page_Olva Courier  Datos Personales/button_Tipo De Documento_1 (1)' successfully

27-11-2024T17:39:15 - [TEST_STEP][PASSED] - click(findTestObject("Object Repository/Destinos/Page_Olva Courier  Datos Personales/button_Tipo De Documento_1 (1)")): Object: 'Object Repository/Destinos/Page_Olva Courier  Datos Personales/button_Tipo De Documento_1 (1)' is clicked on

27-11-2024T17:39:15 - [MESSAGE][PASSED] - Object: 'Object Repository/Destinos/Page_Olva Courier  Datos Personales/button_Tipo De Documento_1 (1)' is clicked on

27-11-2024T17:39:15 - [TEST_STEP][PASSED] - click(findTestObject("Object Repository/Destinos/Page_Olva Courier  Datos Personales/span_DNI")): Object: 'Object Repository/Destinos/Page_Olva Courier  Datos Personales/span_DNI' is clicked on

27-11-2024T17:39:16 - [MESSAGE][PASSED] - Object: 'Object Repository/Destinos/Page_Olva Courier  Datos Personales/span_DNI' is clicked on

27-11-2024T17:39:16 - [TEST_STEP][PASSED] - setText(findTestObject("Object Repository/Destinos/Page_Olva Courier  Datos Personales/input_CARN EXT_txt_consignado_dni (1)"), "71735785"): Text '71735785' is set on object 'Object Repository/Destinos/Page_Olva Courier  Datos Personales/input_CARN EXT_txt_consignado_dni (1)'

27-11-2024T17:39:17 - [MESSAGE][PASSED] - Text '71735785' is set on object 'Object Repository/Destinos/Page_Olva Courier  Datos Personales/input_CARN EXT_txt_consignado_dni (1)'

27-11-2024T17:39:17 - [TEST_STEP][PASSED] - scrollToElement(findTestObject("Object Repository/Destinos/Page_Olva Courier  Datos Personales/button_CONTINUAR (1)"), 0): Scroll to object 'Object Repository/Destinos/Page_Olva Courier  Datos Personales/button_CONTINUAR (1)' successfully

27-11-2024T17:39:17 - [MESSAGE][WARNING] - Timeout '0' is invalid. Using default page load timeout: '30'

27-11-2024T17:39:18 - [MESSAGE][PASSED] - Scroll to object 'Object Repository/Destinos/Page_Olva Courier  Datos Personales/button_CONTINUAR (1)' successfully

27-11-2024T17:39:18 - [TEST_STEP][PASSED] - click(findTestObject("Object Repository/Destinos/Page_Olva Courier  Datos Personales/button_CONTINUAR (1)")): Object: 'Object Repository/Destinos/Page_Olva Courier  Datos Personales/button_CONTINUAR (1)' is clicked on

27-11-2024T17:39:18 - [MESSAGE][PASSED] - Object: 'Object Repository/Destinos/Page_Olva Courier  Datos Personales/button_CONTINUAR (1)' is clicked on

27-11-2024T17:39:18 - [TEST_STEP][FAILED] - click(findTestObject("Object Repository/Destinos/Page_Olva Courier  Confirma tus datos/button_IR A PAGAR S 27.90 (1)")): Unable to click on object 'Object Repository/Destinos/Page_Olva Courier  Confirma tus datos/button_IR A PAGAR S 27.90 (1)' (Root cause: com.kms.katalon.core.exception.StepFailedException: Unable to click on object 'Object Repository/Destinos/Page_Olva Courier  Confirma tus datos/button_IR A PAGAR S 27.90 (1)'
	at com.kms.katalon.core.webui.keyword.internal.WebUIKeywordMain.stepFailed(WebUIKeywordMain.groovy:117)
	at com.kms.katalon.core.webui.keyword.internal.WebUIKeywordMain.runKeyword(WebUIKeywordMain.groovy:43)
	at com.kms.katalon.core.webui.keyword.builtin.ClickKeyword.click(ClickKeyword.groovy:74)
	at com.kms.katalon.core.webui.keyword.builtin.ClickKeyword.execute(ClickKeyword.groovy:40)
	at com.kms.katalon.core.keyword.internal.KeywordExecutor.executeKeywordForPlatform(KeywordExecutor.groovy:74)
	at com.kms.katalon.core.webui.keyword.WebUiBuiltInKeywords.click(WebUiBuiltInKeywords.groovy:659)
	at Destino-DO.run(Destino-DO:114)
	at com.kms.katalon.core.main.ScriptEngine.run(ScriptEngine.java:194)
	at com.kms.katalon.core.main.ScriptEngine.runScriptAsRawText(ScriptEngine.java:119)
	at com.kms.katalon.core.main.TestCaseExecutor.runScript(TestCaseExecutor.java:448)
	at com.kms.katalon.core.main.TestCaseExecutor.doExecute(TestCaseExecutor.java:439)
	at com.kms.katalon.core.main.TestCaseExecutor.processExecutionPhase(TestCaseExecutor.java:418)
	at com.kms.katalon.core.main.TestCaseExecutor.accessMainPhase(TestCaseExecutor.java:410)
	at com.kms.katalon.core.main.TestCaseExecutor.execute(TestCaseExecutor.java:285)
	at com.kms.katalon.core.common.CommonExecutor.accessTestCaseMainPhase(CommonExecutor.java:65)
	at com.kms.katalon.core.main.TestSuiteExecutor.accessTestSuiteMainPhase(TestSuiteExecutor.java:150)
	at com.kms.katalon.core.main.TestSuiteExecutor.execute(TestSuiteExecutor.java:106)
	at com.kms.katalon.core.main.TestCaseMain.startTestSuite(TestCaseMain.java:180)
	at TempTestSuite1732745349578.run(TempTestSuite1732745349578.groovy:35)
	at java.base/jdk.internal.reflect.NativeMethodAccessorImpl.invoke0(Native Method)
	at java.base/jdk.internal.reflect.NativeMethodAccessorImpl.invoke(NativeMethodAccessorImpl.java:77)
	at java.base/jdk.internal.reflect.DelegatingMethodAccessorImpl.invoke(DelegatingMethodAccessorImpl.java:43)
Caused by: org.openqa.selenium.ElementClickInterceptedException: Element <button id="btn-pagar-listar" class="btn btn-warning" type="button"> is not clickable at point (682,614) because another element <p> obscures it
Build info: version: '3.141.59', revision: 'unknown', time: 'unknown'
System info: host: 'DESKTOP-RGFFP9A', ip: '10.136.10.6', os.name: 'Windows 11', os.arch: 'amd64', os.version: '10.0', java.version: '17.0.7'
Driver info: com.kms.katalon.core.webui.driver.firefox.CGeckoDriver
Capabilities {acceptInsecureCerts: true, browserName: firefox, browserVersion: 133.0, javascriptEnabled: true, moz:accessibilityChecks: false, moz:buildID: 20241121140525, moz:geckodriverVersion: 0.35.0, moz:headless: false, moz:platformVersion: 10.0, moz:processID: 32536, moz:profile: C:\Users\OLVATI\AppData\Loc..., moz:shutdownTimeout: 60000, moz:webdriverClick: true, moz:windowless: false, pageLoadStrategy: normal, platform: WINDOWS, platformName: WINDOWS, proxy: Proxy(direct), setWindowRect: true, strictFileInteractability: false, timeouts: {implicit: 0, pageLoad: 300000, script: 30000}, unhandledPromptBehavior: dismiss and notify, userAgent: Mozilla/5.0 (Windows NT 10....}
Session ID: 967a8dfb-9e20-424b-880c-07c9a89fe93d
	at jdk.internal.reflect.GeneratedConstructorAccessor32.newInstance(Unknown Source)
	at java.base/jdk.internal.reflect.DelegatingConstructorAccessorImpl.newInstance(DelegatingConstructorAccessorImpl.java:45)
	at org.openqa.selenium.remote.http.W3CHttpResponseCodec.createException(W3CHttpResponseCodec.java:187)
	at org.openqa.selenium.remote.http.W3CHttpResponseCodec.decode(W3CHttpResponseCodec.java:122)
	at org.openqa.selenium.remote.http.W3CHttpResponseCodec.decode(W3CHttpResponseCodec.java:49)
	at org.openqa.selenium.remote.HttpCommandExecutor.execute(HttpCommandExecutor.java:158)
	at org.openqa.selenium.remote.service.DriverCommandExecutor.execute(DriverCommandExecutor.java:83)
	at org.openqa.selenium.remote.RemoteWebDriver.execute(RemoteWebDriver.java:552)
	at com.kms.katalon.selenium.driver.CFirefoxDriver.execute(CFirefoxDriver.java:28)
	at org.openqa.selenium.remote.RemoteWebElement.execute(RemoteWebElement.java:285)
	at org.openqa.selenium.remote.RemoteWebElement.click(RemoteWebElement.java:84)
	at jdk.internal.reflect.GeneratedMethodAccessor10.invoke(Unknown Source)
	at java.base/jdk.internal.reflect.DelegatingMethodAccessorImpl.invoke(DelegatingMethodAccessorImpl.java:43)
	at org.openqa.selenium.support.events.EventFiringWebDriver$EventFiringWebElement.lambda$new$0(EventFiringWebDriver.java:404)
	at jdk.proxy2/jdk.proxy2.$Proxy21.click(Unknown Source)
	at org.openqa.selenium.support.events.EventFiringWebDriver$EventFiringWebElement.click(EventFiringWebDriver.java:417)
	at org.openqa.selenium.WebElement$click.call(Unknown Source)
	at com.kms.katalon.core.webui.keyword.builtin.ClickKeyword.clickUntilSuccessWithTimeout(ClickKeyword.groovy:81)
	at com.kms.katalon.core.webui.keyword.builtin.ClickKeyword.clickUntilSuccessWithTimeout(ClickKeyword.groovy)
	at jdk.internal.reflect.GeneratedMethodAccessor8.invoke(Unknown Source)
	at java.base/jdk.internal.reflect.DelegatingMethodAccessorImpl.invoke(DelegatingMethodAccessorImpl.java:43)
	at com.kms.katalon.core.webui.keyword.builtin.ClickKeyword$_click_closure1.doCall(ClickKeyword.groovy:67)
	at com.kms.katalon.core.webui.keyword.builtin.ClickKeyword$_click_closure1.call(ClickKeyword.groovy)
	at com.kms.katalon.core.webui.keyword.internal.WebUIKeywordMain.runKeyword(WebUIKeywordMain.groovy:35)
	at com.kms.katalon.core.webui.keyword.builtin.ClickKeyword.click(ClickKeyword.groovy:74)
	at com.kms.katalon.core.webui.keyword.builtin.ClickKeyword.execute(ClickKeyword.groovy:40)
	at com.kms.katalon.core.keyword.internal.KeywordExecutor.executeKeywordForPlatform(KeywordExecutor.groovy:74)
	at com.kms.katalon.core.webui.keyword.WebUiBuiltInKeywords.click(WebUiBuiltInKeywords.groovy:659)
	at Script1732090087718.run(Script1732090087718.groovy:114)
	... 15 more
)

27-11-2024T17:39:49 - [MESSAGE][FAILED] - Unable to click on object 'Object Repository/Destinos/Page_Olva Courier  Confirma tus datos/button_IR A PAGAR S 27.90 (1)' (Root cause: com.kms.katalon.core.exception.StepFailedException: Unable to click on object 'Object Repository/Destinos/Page_Olva Courier  Confirma tus datos/button_IR A PAGAR S 27.90 (1)'
	at com.kms.katalon.core.webui.keyword.internal.WebUIKeywordMain.stepFailed(WebUIKeywordMain.groovy:117)
	at com.kms.katalon.core.webui.keyword.internal.WebUIKeywordMain.runKeyword(WebUIKeywordMain.groovy:43)
	at com.kms.katalon.core.webui.keyword.builtin.ClickKeyword.click(ClickKeyword.groovy:74)
	at com.kms.katalon.core.webui.keyword.builtin.ClickKeyword.execute(ClickKeyword.groovy:40)
	at com.kms.katalon.core.keyword.internal.KeywordExecutor.executeKeywordForPlatform(KeywordExecutor.groovy:74)
	at com.kms.katalon.core.webui.keyword.WebUiBuiltInKeywords.click(WebUiBuiltInKeywords.groovy:659)
	at Destino-DO.run(Destino-DO:114)
	at com.kms.katalon.core.main.ScriptEngine.run(ScriptEngine.java:194)
	at com.kms.katalon.core.main.ScriptEngine.runScriptAsRawText(ScriptEngine.java:119)
	at com.kms.katalon.core.main.TestCaseExecutor.runScript(TestCaseExecutor.java:448)
	at com.kms.katalon.core.main.TestCaseExecutor.doExecute(TestCaseExecutor.java:439)
	at com.kms.katalon.core.main.TestCaseExecutor.processExecutionPhase(TestCaseExecutor.java:418)
	at com.kms.katalon.core.main.TestCaseExecutor.accessMainPhase(TestCaseExecutor.java:410)
	at com.kms.katalon.core.main.TestCaseExecutor.execute(TestCaseExecutor.java:285)
	at com.kms.katalon.core.common.CommonExecutor.accessTestCaseMainPhase(CommonExecutor.java:65)
	at com.kms.katalon.core.main.TestSuiteExecutor.accessTestSuiteMainPhase(TestSuiteExecutor.java:150)
	at com.kms.katalon.core.main.TestSuiteExecutor.execute(TestSuiteExecutor.java:106)
	at com.kms.katalon.core.main.TestCaseMain.startTestSuite(TestCaseMain.java:180)
	at TempTestSuite1732745349578.run(TempTestSuite1732745349578.groovy:35)
	at java.base/jdk.internal.reflect.NativeMethodAccessorImpl.invoke0(Native Method)
	at java.base/jdk.internal.reflect.NativeMethodAccessorImpl.invoke(NativeMethodAccessorImpl.java:77)
	at java.base/jdk.internal.reflect.DelegatingMethodAccessorImpl.invoke(DelegatingMethodAccessorImpl.java:43)
Caused by: org.openqa.selenium.ElementClickInterceptedException: Element <button id="btn-pagar-listar" class="btn btn-warning" type="button"> is not clickable at point (682,614) because another element <p> obscures it
Build info: version: '3.141.59', revision: 'unknown', time: 'unknown'
System info: host: 'DESKTOP-RGFFP9A', ip: '10.136.10.6', os.name: 'Windows 11', os.arch: 'amd64', os.version: '10.0', java.version: '17.0.7'
Driver info: com.kms.katalon.core.webui.driver.firefox.CGeckoDriver
Capabilities {acceptInsecureCerts: true, browserName: firefox, browserVersion: 133.0, javascriptEnabled: true, moz:accessibilityChecks: false, moz:buildID: 20241121140525, moz:geckodriverVersion: 0.35.0, moz:headless: false, moz:platformVersion: 10.0, moz:processID: 32536, moz:profile: C:\Users\OLVATI\AppData\Loc..., moz:shutdownTimeout: 60000, moz:webdriverClick: true, moz:windowless: false, pageLoadStrategy: normal, platform: WINDOWS, platformName: WINDOWS, proxy: Proxy(direct), setWindowRect: true, strictFileInteractability: false, timeouts: {implicit: 0, pageLoad: 300000, script: 30000}, unhandledPromptBehavior: dismiss and notify, userAgent: Mozilla/5.0 (Windows NT 10....}
Session ID: 967a8dfb-9e20-424b-880c-07c9a89fe93d
	at jdk.internal.reflect.GeneratedConstructorAccessor32.newInstance(Unknown Source)
	at java.base/jdk.internal.reflect.DelegatingConstructorAccessorImpl.newInstance(DelegatingConstructorAccessorImpl.java:45)
	at org.openqa.selenium.remote.http.W3CHttpResponseCodec.createException(W3CHttpResponseCodec.java:187)
	at org.openqa.selenium.remote.http.W3CHttpResponseCodec.decode(W3CHttpResponseCodec.java:122)
	at org.openqa.selenium.remote.http.W3CHttpResponseCodec.decode(W3CHttpResponseCodec.java:49)
	at org.openqa.selenium.remote.HttpCommandExecutor.execute(HttpCommandExecutor.java:158)
	at org.openqa.selenium.remote.service.DriverCommandExecutor.execute(DriverCommandExecutor.java:83)
	at org.openqa.selenium.remote.RemoteWebDriver.execute(RemoteWebDriver.java:552)
	at com.kms.katalon.selenium.driver.CFirefoxDriver.execute(CFirefoxDriver.java:28)
	at org.openqa.selenium.remote.RemoteWebElement.execute(RemoteWebElement.java:285)
	at org.openqa.selenium.remote.RemoteWebElement.click(RemoteWebElement.java:84)
	at jdk.internal.reflect.GeneratedMethodAccessor10.invoke(Unknown Source)
	at java.base/jdk.internal.reflect.DelegatingMethodAccessorImpl.invoke(DelegatingMethodAccessorImpl.java:43)
	at org.openqa.selenium.support.events.EventFiringWebDriver$EventFiringWebElement.lambda$new$0(EventFiringWebDriver.java:404)
	at jdk.proxy2/jdk.proxy2.$Proxy21.click(Unknown Source)
	at org.openqa.selenium.support.events.EventFiringWebDriver$EventFiringWebElement.click(EventFiringWebDriver.java:417)
	at org.openqa.selenium.WebElement$click.call(Unknown Source)
	at com.kms.katalon.core.webui.keyword.builtin.ClickKeyword.clickUntilSuccessWithTimeout(ClickKeyword.groovy:81)
	at com.kms.katalon.core.webui.keyword.builtin.ClickKeyword.clickUntilSuccessWithTimeout(ClickKeyword.groovy)
	at jdk.internal.reflect.GeneratedMethodAccessor8.invoke(Unknown Source)
	at java.base/jdk.internal.reflect.DelegatingMethodAccessorImpl.invoke(DelegatingMethodAccessorImpl.java:43)
	at com.kms.katalon.core.webui.keyword.builtin.ClickKeyword$_click_closure1.doCall(ClickKeyword.groovy:67)
	at com.kms.katalon.core.webui.keyword.builtin.ClickKeyword$_click_closure1.call(ClickKeyword.groovy)
	at com.kms.katalon.core.webui.keyword.internal.WebUIKeywordMain.runKeyword(WebUIKeywordMain.groovy:35)
	at com.kms.katalon.core.webui.keyword.builtin.ClickKeyword.click(ClickKeyword.groovy:74)
	at com.kms.katalon.core.webui.keyword.builtin.ClickKeyword.execute(ClickKeyword.groovy:40)
	at com.kms.katalon.core.keyword.internal.KeywordExecutor.executeKeywordForPlatform(KeywordExecutor.groovy:74)
	at com.kms.katalon.core.webui.keyword.WebUiBuiltInKeywords.click(WebUiBuiltInKeywords.groovy:659)
	at Script1732090087718.run(Script1732090087718.groovy:114)
	... 15 more
)]]></system-out>
         <system-err><![CDATA[27-11-2024T17:37:58 - [TEST_CASE][FAILED] - Test Cases/2.Positivos/2.1Paquete/Origen-Lima/3.Destino-D,DO,O/Destino-DO: Test Cases/2.Positivos/2.1Paquete/Origen-Lima/3.Destino-D,DO,O/Destino-DO FAILED.
Reason:
com.kms.katalon.core.exception.StepFailedException: Unable to click on object 'Object Repository/Destinos/Page_Olva Courier  Confirma tus datos/button_IR A PAGAR S 27.90 (1)'
	at com.kms.katalon.core.webui.keyword.internal.WebUIKeywordMain.stepFailed(WebUIKeywordMain.groovy:117)
	at com.kms.katalon.core.webui.keyword.internal.WebUIKeywordMain.runKeyword(WebUIKeywordMain.groovy:43)
	at com.kms.katalon.core.webui.keyword.builtin.ClickKeyword.click(ClickKeyword.groovy:74)
	at com.kms.katalon.core.webui.keyword.builtin.ClickKeyword.execute(ClickKeyword.groovy:40)
	at com.kms.katalon.core.keyword.internal.KeywordExecutor.executeKeywordForPlatform(KeywordExecutor.groovy:74)
	at com.kms.katalon.core.webui.keyword.WebUiBuiltInKeywords.click(WebUiBuiltInKeywords.groovy:659)
	at Destino-DO.run(Destino-DO:114)
	at com.kms.katalon.core.main.ScriptEngine.run(ScriptEngine.java:194)
	at com.kms.katalon.core.main.ScriptEngine.runScriptAsRawText(ScriptEngine.java:119)
	at com.kms.katalon.core.main.TestCaseExecutor.runScript(TestCaseExecutor.java:448)
	at com.kms.katalon.core.main.TestCaseExecutor.doExecute(TestCaseExecutor.java:439)
	at com.kms.katalon.core.main.TestCaseExecutor.processExecutionPhase(TestCaseExecutor.java:418)
	at com.kms.katalon.core.main.TestCaseExecutor.accessMainPhase(TestCaseExecutor.java:410)
	at com.kms.katalon.core.main.TestCaseExecutor.execute(TestCaseExecutor.java:285)
	at com.kms.katalon.core.common.CommonExecutor.accessTestCaseMainPhase(CommonExecutor.java:65)
	at com.kms.katalon.core.main.TestSuiteExecutor.accessTestSuiteMainPhase(TestSuiteExecutor.java:150)
	at com.kms.katalon.core.main.TestSuiteExecutor.execute(TestSuiteExecutor.java:106)
	at com.kms.katalon.core.main.TestCaseMain.startTestSuite(TestCaseMain.java:180)
	at TempTestSuite1732745349578.run(TempTestSuite1732745349578.groovy:35)
	at java.base/jdk.internal.reflect.NativeMethodAccessorImpl.invoke0(Native Method)
	at java.base/jdk.internal.reflect.NativeMethodAccessorImpl.invoke(NativeMethodAccessorImpl.java:77)
	at java.base/jdk.internal.reflect.DelegatingMethodAccessorImpl.invoke(DelegatingMethodAccessorImpl.java:43)
Caused by: org.openqa.selenium.ElementClickInterceptedException: Element <button id="btn-pagar-listar" class="btn btn-warning" type="button"> is not clickable at point (682,614) because another element <p> obscures it
Build info: version: '3.141.59', revision: 'unknown', time: 'unknown'
System info: host: 'DESKTOP-RGFFP9A', ip: '10.136.10.6', os.name: 'Windows 11', os.arch: 'amd64', os.version: '10.0', java.version: '17.0.7'
Driver info: com.kms.katalon.core.webui.driver.firefox.CGeckoDriver
Capabilities {acceptInsecureCerts: true, browserName: firefox, browserVersion: 133.0, javascriptEnabled: true, moz:accessibilityChecks: false, moz:buildID: 20241121140525, moz:geckodriverVersion: 0.35.0, moz:headless: false, moz:platformVersion: 10.0, moz:processID: 32536, moz:profile: C:\Users\OLVATI\AppData\Loc..., moz:shutdownTimeout: 60000, moz:webdriverClick: true, moz:windowless: false, pageLoadStrategy: normal, platform: WINDOWS, platformName: WINDOWS, proxy: Proxy(direct), setWindowRect: true, strictFileInteractability: false, timeouts: {implicit: 0, pageLoad: 300000, script: 30000}, unhandledPromptBehavior: dismiss and notify, userAgent: Mozilla/5.0 (Windows NT 10....}
Session ID: 967a8dfb-9e20-424b-880c-07c9a89fe93d
	at jdk.internal.reflect.GeneratedConstructorAccessor32.newInstance(Unknown Source)
	at java.base/jdk.internal.reflect.DelegatingConstructorAccessorImpl.newInstance(DelegatingConstructorAccessorImpl.java:45)
	at org.openqa.selenium.remote.http.W3CHttpResponseCodec.createException(W3CHttpResponseCodec.java:187)
	at org.openqa.selenium.remote.http.W3CHttpResponseCodec.decode(W3CHttpResponseCodec.java:122)
	at org.openqa.selenium.remote.http.W3CHttpResponseCodec.decode(W3CHttpResponseCodec.java:49)
	at org.openqa.selenium.remote.HttpCommandExecutor.execute(HttpCommandExecutor.java:158)
	at org.openqa.selenium.remote.service.DriverCommandExecutor.execute(DriverCommandExecutor.java:83)
	at org.openqa.selenium.remote.RemoteWebDriver.execute(RemoteWebDriver.java:552)
	at com.kms.katalon.selenium.driver.CFirefoxDriver.execute(CFirefoxDriver.java:28)
	at org.openqa.selenium.remote.RemoteWebElement.execute(RemoteWebElement.java:285)
	at org.openqa.selenium.remote.RemoteWebElement.click(RemoteWebElement.java:84)
	at jdk.internal.reflect.GeneratedMethodAccessor10.invoke(Unknown Source)
	at java.base/jdk.internal.reflect.DelegatingMethodAccessorImpl.invoke(DelegatingMethodAccessorImpl.java:43)
	at org.openqa.selenium.support.events.EventFiringWebDriver$EventFiringWebElement.lambda$new$0(EventFiringWebDriver.java:404)
	at jdk.proxy2/jdk.proxy2.$Proxy21.click(Unknown Source)
	at org.openqa.selenium.support.events.EventFiringWebDriver$EventFiringWebElement.click(EventFiringWebDriver.java:417)
	at org.openqa.selenium.WebElement$click.call(Unknown Source)
	at com.kms.katalon.core.webui.keyword.builtin.ClickKeyword.clickUntilSuccessWithTimeout(ClickKeyword.groovy:81)
	at com.kms.katalon.core.webui.keyword.builtin.ClickKeyword.clickUntilSuccessWithTimeout(ClickKeyword.groovy)
	at jdk.internal.reflect.GeneratedMethodAccessor8.invoke(Unknown Source)
	at java.base/jdk.internal.reflect.DelegatingMethodAccessorImpl.invoke(DelegatingMethodAccessorImpl.java:43)
	at com.kms.katalon.core.webui.keyword.builtin.ClickKeyword$_click_closure1.doCall(ClickKeyword.groovy:67)
	at com.kms.katalon.core.webui.keyword.builtin.ClickKeyword$_click_closure1.call(ClickKeyword.groovy)
	at com.kms.katalon.core.webui.keyword.internal.WebUIKeywordMain.runKeyword(WebUIKeywordMain.groovy:35)
	... 20 more]]></system-err>
      </testcase>
      <testcase name="Test Cases/2.Positivos/2.1Paquete/Origen-Lima/3.Destino-D,DO,O/Destino-D" time="46.999" classname="Test Cases/2.Positivos/2.1Paquete/Origen-Lima/3.Destino-D,DO,O/Destino-D" status="PASSED">
         <system-out><![CDATA[27-11-2024T17:39:49 - [TEST_CASE][PASSED] - Test Cases/2.Positivos/2.1Paquete/Origen-Lima/3.Destino-D,DO,O/Destino-D: Test Cases/2.Positivos/2.1Paquete/Origen-Lima/3.Destino-D,DO,O/Destino-D

27-11-2024T17:39:49 - [TEST_STEP][PASSED] - callTestCase(findTestCase("1.Inicio/1.1Principal/Principal-home"), [:], STOP_ON_FAILURE): Call Test Case 'Test Cases/1.Inicio/1.1Principal/Principal-home' successfully

27-11-2024T17:39:50 - [TEST_CASE][PASSED] - Test Cases/1.Inicio/1.1Principal/Principal-home: Test Cases/1.Inicio/1.1Principal/Principal-home

27-11-2024T17:39:50 - [TEST_STEP][PASSED] - openBrowser(""): Browser is opened with url: ''

27-11-2024T17:39:50 - [MESSAGE][WARNING] - A browser is already opened. Closing browser and opening a new one

27-11-2024T17:39:51 - [MESSAGE][INFO] - Starting 'Firefox' driver

27-11-2024T17:39:51 - [MESSAGE][INFO] - Action delay is set to 0 milliseconds

27-11-2024T17:40:01 - [MESSAGE][PASSED] - Browser is opened with url: ''

27-11-2024T17:40:01 - [TEST_STEP][PASSED] - navigateToUrl("https://dev01-registrodeenvios.olvacourier.com/principal"): Navigate to 'https://dev01-registrodeenvios.olvacourier.com/principal' successfully

27-11-2024T17:40:04 - [MESSAGE][PASSED] - Navigate to 'https://dev01-registrodeenvios.olvacourier.com/principal' successfully

27-11-2024T17:40:04 - [TEST_STEP][PASSED] - maximizeWindow(): Current window maximized

27-11-2024T17:40:04 - [MESSAGE][PASSED] - Current window maximized

27-11-2024T17:40:04 - [MESSAGE][PASSED] - Call Test Case 'Test Cases/1.Inicio/1.1Principal/Principal-home' successfully

27-11-2024T17:40:04 - [TEST_STEP][PASSED] - callTestCase(findTestCase("1.Inicio/1.1Principal/Selec_paquete"), [:], STOP_ON_FAILURE): Call Test Case 'Test Cases/1.Inicio/1.1Principal/Selec_paquete' successfully

27-11-2024T17:40:04 - [TEST_CASE][PASSED] - Test Cases/1.Inicio/1.1Principal/Selec_paquete: Test Cases/1.Inicio/1.1Principal/Selec_paquete

27-11-2024T17:40:04 - [TEST_STEP][PASSED] - click(findTestObject("Object Repository/Principal/Page_Olva Courier  Home/img_Qu deseas realizar hoy_img_paquete")): Object: 'Object Repository/Principal/Page_Olva Courier  Home/img_Qu deseas realizar hoy_img_paquete' is clicked on

27-11-2024T17:40:04 - [MESSAGE][PASSED] - Object: 'Object Repository/Principal/Page_Olva Courier  Home/img_Qu deseas realizar hoy_img_paquete' is clicked on

27-11-2024T17:40:04 - [TEST_STEP][PASSED] - click(findTestObject("Object Repository/Principal/Page_Olva Courier  Home/span_He ledo y acepto los_checkmark (1)")): Object: 'Object Repository/Principal/Page_Olva Courier  Home/span_He ledo y acepto los_checkmark (1)' is clicked on

27-11-2024T17:40:05 - [MESSAGE][PASSED] - Object: 'Object Repository/Principal/Page_Olva Courier  Home/span_He ledo y acepto los_checkmark (1)' is clicked on

27-11-2024T17:40:05 - [TEST_STEP][PASSED] - click(findTestObject("Object Repository/Principal/Page_Olva Courier  Home/button_CONTINUAR (1)")): Object: 'Object Repository/Principal/Page_Olva Courier  Home/button_CONTINUAR (1)' is clicked on

27-11-2024T17:40:07 - [MESSAGE][PASSED] - Object: 'Object Repository/Principal/Page_Olva Courier  Home/button_CONTINUAR (1)' is clicked on

27-11-2024T17:40:07 - [TEST_STEP][PASSED] - verifyElementPresent(findTestObject("Object Repository/Principal/Page_Olva Courier  Datos Personales/strong_REGISTRO DE ENVOS"), 0): Object 'Object Repository/Principal/Page_Olva Courier  Datos Personales/strong_REGISTRO DE ENVOS' is present

27-11-2024T17:40:07 - [MESSAGE][WARNING] - Timeout '0' is invalid. Using default page load timeout: '30'

27-11-2024T17:40:07 - [MESSAGE][PASSED] - Object 'Object Repository/Principal/Page_Olva Courier  Datos Personales/strong_REGISTRO DE ENVOS' is present

27-11-2024T17:40:07 - [TEST_STEP][PASSED] - verifyElementPresent(findTestObject("Object Repository/Principal/Page_Olva Courier  Datos Personales/span_Regresar (1)"), 0): Object 'Object Repository/Principal/Page_Olva Courier  Datos Personales/span_Regresar (1)' is present

27-11-2024T17:40:07 - [MESSAGE][WARNING] - Timeout '0' is invalid. Using default page load timeout: '30'

27-11-2024T17:40:07 - [MESSAGE][PASSED] - Object 'Object Repository/Principal/Page_Olva Courier  Datos Personales/span_Regresar (1)' is present

27-11-2024T17:40:07 - [TEST_STEP][PASSED] - verifyElementPresent(findTestObject("Object Repository/Principal/Page_Olva Courier  Datos Personales/span_Inicio (1)"), 0): Object 'Object Repository/Principal/Page_Olva Courier  Datos Personales/span_Inicio (1)' is present

27-11-2024T17:40:07 - [MESSAGE][WARNING] - Timeout '0' is invalid. Using default page load timeout: '30'

27-11-2024T17:40:08 - [MESSAGE][PASSED] - Object 'Object Repository/Principal/Page_Olva Courier  Datos Personales/span_Inicio (1)' is present

27-11-2024T17:40:08 - [MESSAGE][PASSED] - Call Test Case 'Test Cases/1.Inicio/1.1Principal/Selec_paquete' successfully

27-11-2024T17:40:08 - [TEST_STEP][PASSED] - callTestCase(findTestCase("1.Inicio/1.2Tipo_Doc/1.DNI"), [:], STOP_ON_FAILURE): Call Test Case 'Test Cases/1.Inicio/1.2Tipo_Doc/1.DNI' successfully

27-11-2024T17:40:08 - [TEST_CASE][PASSED] - Test Cases/1.Inicio/1.2Tipo_Doc/1.DNI: Test Cases/1.Inicio/1.2Tipo_Doc/1.DNI

27-11-2024T17:40:08 - [TEST_STEP][PASSED] - click(findTestObject("Object Repository/Login/Page_Olva Courier  Datos Personales/button_Tipo De Documento")): Object: 'Object Repository/Login/Page_Olva Courier  Datos Personales/button_Tipo De Documento' is clicked on

27-11-2024T17:40:08 - [MESSAGE][PASSED] - Object: 'Object Repository/Login/Page_Olva Courier  Datos Personales/button_Tipo De Documento' is clicked on

27-11-2024T17:40:08 - [TEST_STEP][PASSED] - click(findTestObject("Object Repository/Login/Page_Olva Courier  Datos Personales/a_DNI (Boleta)")): Object: 'Object Repository/Login/Page_Olva Courier  Datos Personales/a_DNI (Boleta)' is clicked on

27-11-2024T17:40:09 - [MESSAGE][PASSED] - Object: 'Object Repository/Login/Page_Olva Courier  Datos Personales/a_DNI (Boleta)' is clicked on

27-11-2024T17:40:09 - [TEST_STEP][PASSED] - setText(findTestObject("Object Repository/Login/Page_Olva Courier  Datos Personales/input_CARN EXT. (Boleta)_txt_documento_cliente"), "47190321"): Text '47190321' is set on object 'Object Repository/Login/Page_Olva Courier  Datos Personales/input_CARN EXT. (Boleta)_txt_documento_cliente'

27-11-2024T17:40:09 - [MESSAGE][PASSED] - Text '47190321' is set on object 'Object Repository/Login/Page_Olva Courier  Datos Personales/input_CARN EXT. (Boleta)_txt_documento_cliente'

27-11-2024T17:40:09 - [TEST_STEP][PASSED] - setText(findTestObject("Object Repository/Login/Page_Olva Courier  Datos Personales/input_CARN EXT. (Boleta)_txt_telefono_cliente"), "957378086"): Text '957378086' is set on object 'Object Repository/Login/Page_Olva Courier  Datos Personales/input_CARN EXT. (Boleta)_txt_telefono_cliente'

27-11-2024T17:40:13 - [MESSAGE][PASSED] - Text '957378086' is set on object 'Object Repository/Login/Page_Olva Courier  Datos Personales/input_CARN EXT. (Boleta)_txt_telefono_cliente'

27-11-2024T17:40:13 - [TEST_STEP][PASSED] - setText(findTestObject("Object Repository/Login/Page_Olva Courier  Datos Personales/input_Hola,_txt_email_cliente"), "riosalejosjs@gmail.com"): Text 'riosalejosjs@gmail.com' is set on object 'Object Repository/Login/Page_Olva Courier  Datos Personales/input_Hola,_txt_email_cliente'

27-11-2024T17:40:14 - [MESSAGE][PASSED] - Text 'riosalejosjs@gmail.com' is set on object 'Object Repository/Login/Page_Olva Courier  Datos Personales/input_Hola,_txt_email_cliente'

27-11-2024T17:40:14 - [MESSAGE][PASSED] - Call Test Case 'Test Cases/1.Inicio/1.2Tipo_Doc/1.DNI' successfully

27-11-2024T17:40:14 - [TEST_STEP][PASSED] - click(findTestObject("Object Repository/Destinos/Page_Olva Courier  Datos Personales/span_Seleccionar artculo")): Object: 'Object Repository/Destinos/Page_Olva Courier  Datos Personales/span_Seleccionar artculo' is clicked on

27-11-2024T17:40:14 - [MESSAGE][PASSED] - Object: 'Object Repository/Destinos/Page_Olva Courier  Datos Personales/span_Seleccionar artculo' is clicked on

27-11-2024T17:40:14 - [TEST_STEP][PASSED] - click(findTestObject("Object Repository/Destinos/Page_Olva Courier  Datos Personales/span_ACCESORIOS Y EQUIPOS ELECTRONICOS")): Object: 'Object Repository/Destinos/Page_Olva Courier  Datos Personales/span_ACCESORIOS Y EQUIPOS ELECTRONICOS' is clicked on

27-11-2024T17:40:15 - [MESSAGE][PASSED] - Object: 'Object Repository/Destinos/Page_Olva Courier  Datos Personales/span_ACCESORIOS Y EQUIPOS ELECTRONICOS' is clicked on

27-11-2024T17:40:15 - [TEST_STEP][PASSED] - setText(findTestObject("Object Repository/Destinos/Page_Olva Courier  Datos Personales/input_UTILES DE OFICINA_txt_paquete_articulo"), "PREUBas"): Text 'PREUBas' is set on object 'Object Repository/Destinos/Page_Olva Courier  Datos Personales/input_UTILES DE OFICINA_txt_paquete_articulo'

27-11-2024T17:40:15 - [MESSAGE][PASSED] - Text 'PREUBas' is set on object 'Object Repository/Destinos/Page_Olva Courier  Datos Personales/input_UTILES DE OFICINA_txt_paquete_articulo'

27-11-2024T17:40:15 - [TEST_STEP][PASSED] - setText(findTestObject("Object Repository/Destinos/Page_Olva Courier  Datos Personales/input_UTILES DE OFICINA_txt_paquete_valor"), "50"): Text '50' is set on object 'Object Repository/Destinos/Page_Olva Courier  Datos Personales/input_UTILES DE OFICINA_txt_paquete_valor'

27-11-2024T17:40:16 - [MESSAGE][PASSED] - Text '50' is set on object 'Object Repository/Destinos/Page_Olva Courier  Datos Personales/input_UTILES DE OFICINA_txt_paquete_valor'

27-11-2024T17:40:16 - [TEST_STEP][PASSED] - click(findTestObject("Object Repository/Destinos/Page_Olva Courier  Datos Personales/div_Hasta 1Kg")): Object: 'Object Repository/Destinos/Page_Olva Courier  Datos Personales/div_Hasta 1Kg' is clicked on

27-11-2024T17:40:16 - [MESSAGE][PASSED] - Object: 'Object Repository/Destinos/Page_Olva Courier  Datos Personales/div_Hasta 1Kg' is clicked on

27-11-2024T17:40:16 - [TEST_STEP][PASSED] - scrollToElement(findTestObject("Object Repository/Destinos/Page_Olva Courier  Datos Personales/button_Ingrese el punto de llegada"), 0): Scroll to object 'Object Repository/Destinos/Page_Olva Courier  Datos Personales/button_Ingrese el punto de llegada' successfully

27-11-2024T17:40:16 - [MESSAGE][WARNING] - Timeout '0' is invalid. Using default page load timeout: '30'

27-11-2024T17:40:17 - [MESSAGE][PASSED] - Scroll to object 'Object Repository/Destinos/Page_Olva Courier  Datos Personales/button_Ingrese el punto de llegada' successfully

27-11-2024T17:40:17 - [TEST_STEP][PASSED] - click(findTestObject("Object Repository/Destinos/Page_Olva Courier  Datos Personales/button_Ingrese el punto de llegada")): Object: 'Object Repository/Destinos/Page_Olva Courier  Datos Personales/button_Ingrese el punto de llegada' is clicked on

27-11-2024T17:40:18 - [MESSAGE][PASSED] - Object: 'Object Repository/Destinos/Page_Olva Courier  Datos Personales/button_Ingrese el punto de llegada' is clicked on

27-11-2024T17:40:18 - [TEST_STEP][PASSED] - click(findTestObject("Object Repository/Destinos/Page_Olva Courier  Datos Personales/a_CUSCO - CUSCO - CUSCO")): Object: 'Object Repository/Destinos/Page_Olva Courier  Datos Personales/a_CUSCO - CUSCO - CUSCO' is clicked on

27-11-2024T17:40:18 - [MESSAGE][PASSED] - Object: 'Object Repository/Destinos/Page_Olva Courier  Datos Personales/a_CUSCO - CUSCO - CUSCO' is clicked on

27-11-2024T17:40:18 - [TEST_STEP][PASSED] - click(findTestObject("Object Repository/Destinos/Page_Olva Courier  Datos Personales/button_Recojo en tienda")): Object: 'Object Repository/Destinos/Page_Olva Courier  Datos Personales/button_Recojo en tienda' is clicked on

27-11-2024T17:40:19 - [MESSAGE][PASSED] - Object: 'Object Repository/Destinos/Page_Olva Courier  Datos Personales/button_Recojo en tienda' is clicked on

27-11-2024T17:40:19 - [TEST_STEP][PASSED] - click(findTestObject("Object Repository/Destinos/Page_Olva Courier  Datos Personales/a_Entrega a domicilio")): Object: 'Object Repository/Destinos/Page_Olva Courier  Datos Personales/a_Entrega a domicilio' is clicked on

27-11-2024T17:40:22 - [MESSAGE][PASSED] - Object: 'Object Repository/Destinos/Page_Olva Courier  Datos Personales/a_Entrega a domicilio' is clicked on

27-11-2024T17:40:22 - [TEST_STEP][PASSED] - click(findTestObject("Object Repository/Destinos/Page_Olva Courier  Datos Personales/button_Tipo De Documento_1")): Object: 'Object Repository/Destinos/Page_Olva Courier  Datos Personales/button_Tipo De Documento_1' is clicked on

27-11-2024T17:40:23 - [MESSAGE][PASSED] - Object: 'Object Repository/Destinos/Page_Olva Courier  Datos Personales/button_Tipo De Documento_1' is clicked on

27-11-2024T17:40:23 - [TEST_STEP][PASSED] - click(findTestObject("Object Repository/Destinos/Page_Olva Courier  Datos Personales/a_DNI")): Object: 'Object Repository/Destinos/Page_Olva Courier  Datos Personales/a_DNI' is clicked on

27-11-2024T17:40:23 - [MESSAGE][PASSED] - Object: 'Object Repository/Destinos/Page_Olva Courier  Datos Personales/a_DNI' is clicked on

27-11-2024T17:40:23 - [TEST_STEP][PASSED] - setText(findTestObject("Object Repository/Destinos/Page_Olva Courier  Datos Personales/input_CARN EXT_txt_consignado_dni"), "71735785"): Text '71735785' is set on object 'Object Repository/Destinos/Page_Olva Courier  Datos Personales/input_CARN EXT_txt_consignado_dni'

27-11-2024T17:40:24 - [MESSAGE][PASSED] - Text '71735785' is set on object 'Object Repository/Destinos/Page_Olva Courier  Datos Personales/input_CARN EXT_txt_consignado_dni'

27-11-2024T17:40:24 - [TEST_STEP][PASSED] - scrollToElement(findTestObject("Object Repository/Destinos/Page_Olva Courier  Datos Personales/button_CONTINUAR"), 0): Scroll to object 'Object Repository/Destinos/Page_Olva Courier  Datos Personales/button_CONTINUAR' successfully

27-11-2024T17:40:24 - [MESSAGE][WARNING] - Timeout '0' is invalid. Using default page load timeout: '30'

27-11-2024T17:40:24 - [MESSAGE][PASSED] - Scroll to object 'Object Repository/Destinos/Page_Olva Courier  Datos Personales/button_CONTINUAR' successfully

27-11-2024T17:40:24 - [TEST_STEP][PASSED] - click(findTestObject("Object Repository/Destinos/Page_Olva Courier  Datos Personales/button_CONTINUAR")): Object: 'Object Repository/Destinos/Page_Olva Courier  Datos Personales/button_CONTINUAR' is clicked on

27-11-2024T17:40:25 - [MESSAGE][PASSED] - Object: 'Object Repository/Destinos/Page_Olva Courier  Datos Personales/button_CONTINUAR' is clicked on

27-11-2024T17:40:25 - [TEST_STEP][PASSED] - scrollToElement(findTestObject("Object Repository/Destinos/Page_Olva Courier  Confirma tus datos/button_IR A PAGAR S 16.50"), 0): Scroll to object 'Object Repository/Destinos/Page_Olva Courier  Confirma tus datos/button_IR A PAGAR S 16.50' successfully

27-11-2024T17:40:25 - [MESSAGE][WARNING] - Timeout '0' is invalid. Using default page load timeout: '30'

27-11-2024T17:40:28 - [MESSAGE][PASSED] - Scroll to object 'Object Repository/Destinos/Page_Olva Courier  Confirma tus datos/button_IR A PAGAR S 16.50' successfully

27-11-2024T17:40:28 - [TEST_STEP][PASSED] - click(findTestObject("Object Repository/Destinos/Page_Olva Courier  Confirma tus datos/button_IR A PAGAR S 16.50")): Object: 'Object Repository/Destinos/Page_Olva Courier  Confirma tus datos/button_IR A PAGAR S 16.50' is clicked on

27-11-2024T17:40:28 - [MESSAGE][PASSED] - Object: 'Object Repository/Destinos/Page_Olva Courier  Confirma tus datos/button_IR A PAGAR S 16.50' is clicked on

27-11-2024T17:40:28 - [TEST_STEP][PASSED] - delay(3): Delayed 3 second(s)

27-11-2024T17:40:31 - [MESSAGE][PASSED] - Delayed 3 second(s)

27-11-2024T17:40:31 - [TEST_STEP][PASSED] - verifyElementPresent(findTestObject("Object Repository/Destinos/Page_Olva Courier  Medios de pago/button_PAGAR"), 0): Object 'Object Repository/Destinos/Page_Olva Courier  Medios de pago/button_PAGAR' is present

27-11-2024T17:40:31 - [MESSAGE][WARNING] - Timeout '0' is invalid. Using default page load timeout: '30'

27-11-2024T17:40:31 - [MESSAGE][PASSED] - Object 'Object Repository/Destinos/Page_Olva Courier  Medios de pago/button_PAGAR' is present

27-11-2024T17:40:31 - [TEST_STEP][PASSED] - callTestCase(findTestCase("1.Inicio/1.3Pago_POS/Pago-exitoso"), [:], STOP_ON_FAILURE): Call Test Case 'Test Cases/1.Inicio/1.3Pago_POS/Pago-exitoso' successfully

27-11-2024T17:40:31 - [TEST_CASE][PASSED] - Test Cases/1.Inicio/1.3Pago_POS/Pago-exitoso: Test Cases/1.Inicio/1.3Pago_POS/Pago-exitoso

27-11-2024T17:40:31 - [TEST_STEP][PASSED] - verifyElementPresent(findTestObject("Object Repository/pago/Page_Olva Courier  Medios de pago/div_Pago con tarjeta de crdito, dbito y Yape"), 0): Object 'Object Repository/pago/Page_Olva Courier  Medios de pago/div_Pago con tarjeta de crdito, dbito y Yape' is present

27-11-2024T17:40:31 - [MESSAGE][WARNING] - Timeout '0' is invalid. Using default page load timeout: '30'

27-11-2024T17:40:32 - [MESSAGE][PASSED] - Object 'Object Repository/pago/Page_Olva Courier  Medios de pago/div_Pago con tarjeta de crdito, dbito y Yape' is present

27-11-2024T17:40:32 - [TEST_STEP][PASSED] - verifyElementPresent(findTestObject("Object Repository/pago/Page_Olva Courier  Medios de pago/td_S"), 0): Object 'Object Repository/pago/Page_Olva Courier  Medios de pago/td_S' is present

27-11-2024T17:40:32 - [MESSAGE][WARNING] - Timeout '0' is invalid. Using default page load timeout: '30'

27-11-2024T17:40:32 - [MESSAGE][PASSED] - Object 'Object Repository/pago/Page_Olva Courier  Medios de pago/td_S' is present

27-11-2024T17:40:32 - [TEST_STEP][PASSED] - delay(1): Delayed 1 second(s)

27-11-2024T17:40:33 - [MESSAGE][PASSED] - Delayed 1 second(s)

27-11-2024T17:40:33 - [TEST_STEP][PASSED] - scrollToElement(findTestObject("Object Repository/pago/Page_Olva Courier  Medios de pago/button_PAGAR"), 0): Scroll to object 'Object Repository/pago/Page_Olva Courier  Medios de pago/button_PAGAR' successfully

27-11-2024T17:40:33 - [MESSAGE][WARNING] - Timeout '0' is invalid. Using default page load timeout: '30'

27-11-2024T17:40:33 - [MESSAGE][PASSED] - Scroll to object 'Object Repository/pago/Page_Olva Courier  Medios de pago/button_PAGAR' successfully

27-11-2024T17:40:33 - [TEST_STEP][PASSED] - click(findTestObject("Object Repository/pago/Page_Olva Courier  Medios de pago/button_PAGAR")): Object: 'Object Repository/pago/Page_Olva Courier  Medios de pago/button_PAGAR' is clicked on

27-11-2024T17:40:34 - [MESSAGE][PASSED] - Object: 'Object Repository/pago/Page_Olva Courier  Medios de pago/button_PAGAR' is clicked on

27-11-2024T17:40:34 - [TEST_STEP][PASSED] - delay(2): Delayed 2 second(s)

27-11-2024T17:40:36 - [MESSAGE][PASSED] - Delayed 2 second(s)

27-11-2024T17:40:36 - [TEST_STEP][PASSED] - verifyElementText(findTestObject("Object Repository/pago/Page_Olva Courier  Pago Exitoso/div_Aprobado y completado con exito"), "Aprobado y completado con exito"): Actual text and expected text of test object 'Object Repository/pago/Page_Olva Courier  Pago Exitoso/div_Aprobado y completado con exito' are matched.

27-11-2024T17:40:36 - [MESSAGE][PASSED] - Actual text and expected text of test object 'Object Repository/pago/Page_Olva Courier  Pago Exitoso/div_Aprobado y completado con exito' are matched.

27-11-2024T17:40:36 - [TEST_STEP][PASSED] - verifyElementPresent(findTestObject("Object Repository/pago/Page_Olva Courier  Pago Exitoso/b_nroPreventa"), 0): Object 'Object Repository/pago/Page_Olva Courier  Pago Exitoso/b_nroPreventa' is present

27-11-2024T17:40:36 - [MESSAGE][WARNING] - Timeout '0' is invalid. Using default page load timeout: '30'

27-11-2024T17:40:36 - [MESSAGE][PASSED] - Object 'Object Repository/pago/Page_Olva Courier  Pago Exitoso/b_nroPreventa' is present

27-11-2024T17:40:36 - [MESSAGE][PASSED] - Call Test Case 'Test Cases/1.Inicio/1.3Pago_POS/Pago-exitoso' successfully]]></system-out>
         <system-err><![CDATA[]]></system-err>
      </testcase>
      <testcase name="Test Cases/2.Positivos/2.1Paquete/Origen-Lima/2.Valorado/Entrega_Tienda/Restricion-tienda" time="59.155" classname="Test Cases/2.Positivos/2.1Paquete/Origen-Lima/2.Valorado/Entrega_Tienda/Restricion-tienda" status="PASSED">
         <system-out><![CDATA[27-11-2024T17:40:36 - [TEST_CASE][PASSED] - Test Cases/2.Positivos/2.1Paquete/Origen-Lima/2.Valorado/Entrega_Tienda/Restricion-tienda: Test Cases/2.Positivos/2.1Paquete/Origen-Lima/2.Valorado/Entrega_Tienda/Restricion-tienda

27-11-2024T17:40:36 - [TEST_STEP][PASSED] - callTestCase(findTestCase("1.Inicio/1.1Principal/Principal-home"), [:], STOP_ON_FAILURE): Call Test Case 'Test Cases/1.Inicio/1.1Principal/Principal-home' successfully

27-11-2024T17:40:36 - [TEST_CASE][PASSED] - Test Cases/1.Inicio/1.1Principal/Principal-home: Test Cases/1.Inicio/1.1Principal/Principal-home

27-11-2024T17:40:36 - [TEST_STEP][PASSED] - openBrowser(""): Browser is opened with url: ''

27-11-2024T17:40:36 - [MESSAGE][WARNING] - A browser is already opened. Closing browser and opening a new one

27-11-2024T17:40:38 - [MESSAGE][INFO] - Starting 'Firefox' driver

27-11-2024T17:40:38 - [MESSAGE][INFO] - Action delay is set to 0 milliseconds

27-11-2024T17:40:48 - [MESSAGE][PASSED] - Browser is opened with url: ''

27-11-2024T17:40:48 - [TEST_STEP][PASSED] - navigateToUrl("https://dev01-registrodeenvios.olvacourier.com/principal"): Navigate to 'https://dev01-registrodeenvios.olvacourier.com/principal' successfully

27-11-2024T17:40:49 - [MESSAGE][PASSED] - Navigate to 'https://dev01-registrodeenvios.olvacourier.com/principal' successfully

27-11-2024T17:40:49 - [TEST_STEP][PASSED] - maximizeWindow(): Current window maximized

27-11-2024T17:40:49 - [MESSAGE][PASSED] - Current window maximized

27-11-2024T17:40:49 - [MESSAGE][PASSED] - Call Test Case 'Test Cases/1.Inicio/1.1Principal/Principal-home' successfully

27-11-2024T17:40:49 - [TEST_STEP][PASSED] - callTestCase(findTestCase("1.Inicio/1.1Principal/Selec_paquete"), [:], STOP_ON_FAILURE): Call Test Case 'Test Cases/1.Inicio/1.1Principal/Selec_paquete' successfully

27-11-2024T17:40:49 - [TEST_CASE][PASSED] - Test Cases/1.Inicio/1.1Principal/Selec_paquete: Test Cases/1.Inicio/1.1Principal/Selec_paquete

27-11-2024T17:40:49 - [TEST_STEP][PASSED] - click(findTestObject("Object Repository/Principal/Page_Olva Courier  Home/img_Qu deseas realizar hoy_img_paquete")): Object: 'Object Repository/Principal/Page_Olva Courier  Home/img_Qu deseas realizar hoy_img_paquete' is clicked on

27-11-2024T17:40:50 - [MESSAGE][PASSED] - Object: 'Object Repository/Principal/Page_Olva Courier  Home/img_Qu deseas realizar hoy_img_paquete' is clicked on

27-11-2024T17:40:50 - [TEST_STEP][PASSED] - click(findTestObject("Object Repository/Principal/Page_Olva Courier  Home/span_He ledo y acepto los_checkmark (1)")): Object: 'Object Repository/Principal/Page_Olva Courier  Home/span_He ledo y acepto los_checkmark (1)' is clicked on

27-11-2024T17:40:51 - [MESSAGE][PASSED] - Object: 'Object Repository/Principal/Page_Olva Courier  Home/span_He ledo y acepto los_checkmark (1)' is clicked on

27-11-2024T17:40:51 - [TEST_STEP][PASSED] - click(findTestObject("Object Repository/Principal/Page_Olva Courier  Home/button_CONTINUAR (1)")): Object: 'Object Repository/Principal/Page_Olva Courier  Home/button_CONTINUAR (1)' is clicked on

27-11-2024T17:40:52 - [MESSAGE][PASSED] - Object: 'Object Repository/Principal/Page_Olva Courier  Home/button_CONTINUAR (1)' is clicked on

27-11-2024T17:40:52 - [TEST_STEP][PASSED] - verifyElementPresent(findTestObject("Object Repository/Principal/Page_Olva Courier  Datos Personales/strong_REGISTRO DE ENVOS"), 0): Object 'Object Repository/Principal/Page_Olva Courier  Datos Personales/strong_REGISTRO DE ENVOS' is present

27-11-2024T17:40:52 - [MESSAGE][WARNING] - Timeout '0' is invalid. Using default page load timeout: '30'

27-11-2024T17:40:53 - [MESSAGE][PASSED] - Object 'Object Repository/Principal/Page_Olva Courier  Datos Personales/strong_REGISTRO DE ENVOS' is present

27-11-2024T17:40:53 - [TEST_STEP][PASSED] - verifyElementPresent(findTestObject("Object Repository/Principal/Page_Olva Courier  Datos Personales/span_Regresar (1)"), 0): Object 'Object Repository/Principal/Page_Olva Courier  Datos Personales/span_Regresar (1)' is present

27-11-2024T17:40:53 - [MESSAGE][WARNING] - Timeout '0' is invalid. Using default page load timeout: '30'

27-11-2024T17:40:53 - [MESSAGE][PASSED] - Object 'Object Repository/Principal/Page_Olva Courier  Datos Personales/span_Regresar (1)' is present

27-11-2024T17:40:53 - [TEST_STEP][PASSED] - verifyElementPresent(findTestObject("Object Repository/Principal/Page_Olva Courier  Datos Personales/span_Inicio (1)"), 0): Object 'Object Repository/Principal/Page_Olva Courier  Datos Personales/span_Inicio (1)' is present

27-11-2024T17:40:53 - [MESSAGE][WARNING] - Timeout '0' is invalid. Using default page load timeout: '30'

27-11-2024T17:40:53 - [MESSAGE][PASSED] - Object 'Object Repository/Principal/Page_Olva Courier  Datos Personales/span_Inicio (1)' is present

27-11-2024T17:40:53 - [MESSAGE][PASSED] - Call Test Case 'Test Cases/1.Inicio/1.1Principal/Selec_paquete' successfully

27-11-2024T17:40:53 - [TEST_STEP][PASSED] - callTestCase(findTestCase("1.Inicio/1.2Tipo_Doc/1.DNI"), [:], STOP_ON_FAILURE): Call Test Case 'Test Cases/1.Inicio/1.2Tipo_Doc/1.DNI' successfully

27-11-2024T17:40:53 - [TEST_CASE][PASSED] - Test Cases/1.Inicio/1.2Tipo_Doc/1.DNI: Test Cases/1.Inicio/1.2Tipo_Doc/1.DNI

27-11-2024T17:40:53 - [TEST_STEP][PASSED] - click(findTestObject("Object Repository/Login/Page_Olva Courier  Datos Personales/button_Tipo De Documento")): Object: 'Object Repository/Login/Page_Olva Courier  Datos Personales/button_Tipo De Documento' is clicked on

27-11-2024T17:40:54 - [MESSAGE][PASSED] - Object: 'Object Repository/Login/Page_Olva Courier  Datos Personales/button_Tipo De Documento' is clicked on

27-11-2024T17:40:54 - [TEST_STEP][PASSED] - click(findTestObject("Object Repository/Login/Page_Olva Courier  Datos Personales/a_DNI (Boleta)")): Object: 'Object Repository/Login/Page_Olva Courier  Datos Personales/a_DNI (Boleta)' is clicked on

27-11-2024T17:40:55 - [MESSAGE][PASSED] - Object: 'Object Repository/Login/Page_Olva Courier  Datos Personales/a_DNI (Boleta)' is clicked on

27-11-2024T17:40:55 - [TEST_STEP][PASSED] - setText(findTestObject("Object Repository/Login/Page_Olva Courier  Datos Personales/input_CARN EXT. (Boleta)_txt_documento_cliente"), "47190321"): Text '47190321' is set on object 'Object Repository/Login/Page_Olva Courier  Datos Personales/input_CARN EXT. (Boleta)_txt_documento_cliente'

27-11-2024T17:40:55 - [MESSAGE][PASSED] - Text '47190321' is set on object 'Object Repository/Login/Page_Olva Courier  Datos Personales/input_CARN EXT. (Boleta)_txt_documento_cliente'

27-11-2024T17:40:55 - [TEST_STEP][PASSED] - setText(findTestObject("Object Repository/Login/Page_Olva Courier  Datos Personales/input_CARN EXT. (Boleta)_txt_telefono_cliente"), "957378086"): Text '957378086' is set on object 'Object Repository/Login/Page_Olva Courier  Datos Personales/input_CARN EXT. (Boleta)_txt_telefono_cliente'

27-11-2024T17:41:02 - [MESSAGE][PASSED] - Text '957378086' is set on object 'Object Repository/Login/Page_Olva Courier  Datos Personales/input_CARN EXT. (Boleta)_txt_telefono_cliente'

27-11-2024T17:41:02 - [TEST_STEP][PASSED] - setText(findTestObject("Object Repository/Login/Page_Olva Courier  Datos Personales/input_Hola,_txt_email_cliente"), "riosalejosjs@gmail.com"): Text 'riosalejosjs@gmail.com' is set on object 'Object Repository/Login/Page_Olva Courier  Datos Personales/input_Hola,_txt_email_cliente'

27-11-2024T17:41:02 - [MESSAGE][PASSED] - Text 'riosalejosjs@gmail.com' is set on object 'Object Repository/Login/Page_Olva Courier  Datos Personales/input_Hola,_txt_email_cliente'

27-11-2024T17:41:02 - [MESSAGE][PASSED] - Call Test Case 'Test Cases/1.Inicio/1.2Tipo_Doc/1.DNI' successfully

27-11-2024T17:41:02 - [TEST_STEP][PASSED] - click(findTestObject("Object Repository/valorado/Page_Olva Courier  Datos Personales/button_Seleccionar artculo (1)")): Object: 'Object Repository/valorado/Page_Olva Courier  Datos Personales/button_Seleccionar artculo (1)' is clicked on

27-11-2024T17:41:03 - [MESSAGE][PASSED] - Object: 'Object Repository/valorado/Page_Olva Courier  Datos Personales/button_Seleccionar artculo (1)' is clicked on

27-11-2024T17:41:03 - [TEST_STEP][PASSED] - click(findTestObject("Object Repository/valorado/Page_Olva Courier  Datos Personales/span_ARTCULOS PUBLICITARIOS")): Object: 'Object Repository/valorado/Page_Olva Courier  Datos Personales/span_ARTCULOS PUBLICITARIOS' is clicked on

27-11-2024T17:41:03 - [MESSAGE][PASSED] - Object: 'Object Repository/valorado/Page_Olva Courier  Datos Personales/span_ARTCULOS PUBLICITARIOS' is clicked on

27-11-2024T17:41:03 - [TEST_STEP][PASSED] - setText(findTestObject("Object Repository/valorado/Page_Olva Courier  Datos Personales/input_UTILES DE OFICINA_txt_paquete_articulo (1)"), "PREUBAs"): Text 'PREUBAs' is set on object 'Object Repository/valorado/Page_Olva Courier  Datos Personales/input_UTILES DE OFICINA_txt_paquete_articulo (1)'

27-11-2024T17:41:04 - [MESSAGE][PASSED] - Text 'PREUBAs' is set on object 'Object Repository/valorado/Page_Olva Courier  Datos Personales/input_UTILES DE OFICINA_txt_paquete_articulo (1)'

27-11-2024T17:41:04 - [TEST_STEP][PASSED] - setText(findTestObject("Object Repository/valorado/Page_Olva Courier  Datos Personales/input_UTILES DE OFICINA_txt_paquete_valor (1)"), "1800"): Text '1800' is set on object 'Object Repository/valorado/Page_Olva Courier  Datos Personales/input_UTILES DE OFICINA_txt_paquete_valor (1)'

27-11-2024T17:41:04 - [MESSAGE][PASSED] - Text '1800' is set on object 'Object Repository/valorado/Page_Olva Courier  Datos Personales/input_UTILES DE OFICINA_txt_paquete_valor (1)'

27-11-2024T17:41:04 - [TEST_STEP][PASSED] - click(findTestObject("Object Repository/valorado/Page_Olva Courier  Datos Personales/div_Hasta 2Kg")): Object: 'Object Repository/valorado/Page_Olva Courier  Datos Personales/div_Hasta 2Kg' is clicked on

27-11-2024T17:41:05 - [MESSAGE][PASSED] - Object: 'Object Repository/valorado/Page_Olva Courier  Datos Personales/div_Hasta 2Kg' is clicked on

27-11-2024T17:41:05 - [TEST_STEP][PASSED] - scrollToElement(findTestObject("Object Repository/valorado/Page_Olva Courier  Datos Personales/button_Ingrese el punto de llegada (1)"), 0): Scroll to object 'Object Repository/valorado/Page_Olva Courier  Datos Personales/button_Ingrese el punto de llegada (1)' successfully

27-11-2024T17:41:05 - [MESSAGE][WARNING] - Timeout '0' is invalid. Using default page load timeout: '30'

27-11-2024T17:41:06 - [MESSAGE][PASSED] - Scroll to object 'Object Repository/valorado/Page_Olva Courier  Datos Personales/button_Ingrese el punto de llegada (1)' successfully

27-11-2024T17:41:06 - [TEST_STEP][PASSED] - click(findTestObject("Object Repository/valorado/Page_Olva Courier  Datos Personales/button_Ingrese el punto de llegada (1)")): Object: 'Object Repository/valorado/Page_Olva Courier  Datos Personales/button_Ingrese el punto de llegada (1)' is clicked on

27-11-2024T17:41:06 - [MESSAGE][PASSED] - Object: 'Object Repository/valorado/Page_Olva Courier  Datos Personales/button_Ingrese el punto de llegada (1)' is clicked on

27-11-2024T17:41:06 - [TEST_STEP][PASSED] - click(findTestObject("Object Repository/valorado/Page_Olva Courier  Datos Personales/a_ICA - ICA - ICA")): Object: 'Object Repository/valorado/Page_Olva Courier  Datos Personales/a_ICA - ICA - ICA' is clicked on

27-11-2024T17:41:07 - [MESSAGE][PASSED] - Object: 'Object Repository/valorado/Page_Olva Courier  Datos Personales/a_ICA - ICA - ICA' is clicked on

27-11-2024T17:41:07 - [TEST_STEP][PASSED] - click(findTestObject("Object Repository/valorado/Page_Olva Courier  Datos Personales/button_Tipo de entrega (1)")): Object: 'Object Repository/valorado/Page_Olva Courier  Datos Personales/button_Tipo de entrega (1)' is clicked on

27-11-2024T17:41:07 - [MESSAGE][PASSED] - Object: 'Object Repository/valorado/Page_Olva Courier  Datos Personales/button_Tipo de entrega (1)' is clicked on

27-11-2024T17:41:07 - [TEST_STEP][PASSED] - click(findTestObject("Object Repository/valorado/Page_Olva Courier  Datos Personales/a_Recojo en tienda (1)")): Object: 'Object Repository/valorado/Page_Olva Courier  Datos Personales/a_Recojo en tienda (1)' is clicked on

27-11-2024T17:41:08 - [MESSAGE][PASSED] - Object: 'Object Repository/valorado/Page_Olva Courier  Datos Personales/a_Recojo en tienda (1)' is clicked on

27-11-2024T17:41:08 - [TEST_STEP][PASSED] - verifyElementText(findTestObject("Object Repository/valorado/Page_Olva Courier  Datos Personales/p_El artculo que supera los 1000 soles no p_4059db (1)"), "El artículo que supera los 1000 soles no pueden ser entregados en tienda"): Actual text and expected text of test object 'Object Repository/valorado/Page_Olva Courier  Datos Personales/p_El artculo que supera los 1000 soles no p_4059db (1)' are matched.

27-11-2024T17:41:08 - [MESSAGE][PASSED] - Actual text and expected text of test object 'Object Repository/valorado/Page_Olva Courier  Datos Personales/p_El artculo que supera los 1000 soles no p_4059db (1)' are matched.

27-11-2024T17:41:08 - [TEST_STEP][PASSED] - click(findTestObject("Object Repository/valorado/Page_Olva Courier  Datos Personales/button_Aceptar (1)")): Object: 'Object Repository/valorado/Page_Olva Courier  Datos Personales/button_Aceptar (1)' is clicked on

27-11-2024T17:41:09 - [MESSAGE][PASSED] - Object: 'Object Repository/valorado/Page_Olva Courier  Datos Personales/button_Aceptar (1)' is clicked on

27-11-2024T17:41:09 - [TEST_STEP][PASSED] - click(findTestObject("Object Repository/valorado/Page_Olva Courier  Datos Personales/button_Tipo de entrega (1)")): Object: 'Object Repository/valorado/Page_Olva Courier  Datos Personales/button_Tipo de entrega (1)' is clicked on

27-11-2024T17:41:09 - [MESSAGE][PASSED] - Object: 'Object Repository/valorado/Page_Olva Courier  Datos Personales/button_Tipo de entrega (1)' is clicked on

27-11-2024T17:41:09 - [TEST_STEP][PASSED] - click(findTestObject("Object Repository/valorado/Page_Olva Courier  Datos Personales/a_Entrega a domicilio (1)")): Object: 'Object Repository/valorado/Page_Olva Courier  Datos Personales/a_Entrega a domicilio (1)' is clicked on

27-11-2024T17:41:14 - [MESSAGE][PASSED] - Object: 'Object Repository/valorado/Page_Olva Courier  Datos Personales/a_Entrega a domicilio (1)' is clicked on

27-11-2024T17:41:14 - [TEST_STEP][PASSED] - scrollToElement(findTestObject("Object Repository/valorado/Page_Olva Courier  Datos Personales/button_Tipo De Documento_1 (1)"), 0): Scroll to object 'Object Repository/valorado/Page_Olva Courier  Datos Personales/button_Tipo De Documento_1 (1)' successfully

27-11-2024T17:41:14 - [MESSAGE][WARNING] - Timeout '0' is invalid. Using default page load timeout: '30'

27-11-2024T17:41:15 - [MESSAGE][PASSED] - Scroll to object 'Object Repository/valorado/Page_Olva Courier  Datos Personales/button_Tipo De Documento_1 (1)' successfully

27-11-2024T17:41:15 - [TEST_STEP][PASSED] - click(findTestObject("Object Repository/valorado/Page_Olva Courier  Datos Personales/button_Tipo De Documento_1 (1)")): Object: 'Object Repository/valorado/Page_Olva Courier  Datos Personales/button_Tipo De Documento_1 (1)' is clicked on

27-11-2024T17:41:15 - [MESSAGE][PASSED] - Object: 'Object Repository/valorado/Page_Olva Courier  Datos Personales/button_Tipo De Documento_1 (1)' is clicked on

27-11-2024T17:41:15 - [TEST_STEP][PASSED] - click(findTestObject("Object Repository/valorado/Page_Olva Courier  Datos Personales/a_DNI (1)")): Object: 'Object Repository/valorado/Page_Olva Courier  Datos Personales/a_DNI (1)' is clicked on

27-11-2024T17:41:16 - [MESSAGE][PASSED] - Object: 'Object Repository/valorado/Page_Olva Courier  Datos Personales/a_DNI (1)' is clicked on

27-11-2024T17:41:16 - [TEST_STEP][PASSED] - setText(findTestObject("Object Repository/valorado/Page_Olva Courier  Datos Personales/input_CARN EXT_txt_consignado_dni (1)"), "71735785"): Text '71735785' is set on object 'Object Repository/valorado/Page_Olva Courier  Datos Personales/input_CARN EXT_txt_consignado_dni (1)'

27-11-2024T17:41:16 - [MESSAGE][PASSED] - Text '71735785' is set on object 'Object Repository/valorado/Page_Olva Courier  Datos Personales/input_CARN EXT_txt_consignado_dni (1)'

27-11-2024T17:41:16 - [TEST_STEP][PASSED] - scrollToElement(findTestObject("Object Repository/valorado/Page_Olva Courier  Datos Personales/button_CONTINUAR (1)"), 0): Scroll to object 'Object Repository/valorado/Page_Olva Courier  Datos Personales/button_CONTINUAR (1)' successfully

27-11-2024T17:41:16 - [MESSAGE][WARNING] - Timeout '0' is invalid. Using default page load timeout: '30'

27-11-2024T17:41:17 - [MESSAGE][PASSED] - Scroll to object 'Object Repository/valorado/Page_Olva Courier  Datos Personales/button_CONTINUAR (1)' successfully

27-11-2024T17:41:17 - [TEST_STEP][PASSED] - click(findTestObject("Object Repository/valorado/Page_Olva Courier  Datos Personales/button_CONTINUAR (1)")): Object: 'Object Repository/valorado/Page_Olva Courier  Datos Personales/button_CONTINUAR (1)' is clicked on

27-11-2024T17:41:18 - [MESSAGE][PASSED] - Object: 'Object Repository/valorado/Page_Olva Courier  Datos Personales/button_CONTINUAR (1)' is clicked on

27-11-2024T17:41:18 - [TEST_STEP][PASSED] - click(findTestObject("Object Repository/valorado/Page_Olva Courier  Confirma tus datos/button_IR A PAGAR S 19.74")): Object: 'Object Repository/valorado/Page_Olva Courier  Confirma tus datos/button_IR A PAGAR S 19.74' is clicked on

27-11-2024T17:41:20 - [MESSAGE][PASSED] - Object: 'Object Repository/valorado/Page_Olva Courier  Confirma tus datos/button_IR A PAGAR S 19.74' is clicked on

27-11-2024T17:41:20 - [TEST_STEP][PASSED] - delay(3): Delayed 3 second(s)

27-11-2024T17:41:23 - [MESSAGE][PASSED] - Delayed 3 second(s)

27-11-2024T17:41:23 - [TEST_STEP][PASSED] - verifyElementText(findTestObject("Object Repository/valorado/Page_Olva Courier  Confirma tus datos/th_S 1800.00"), "S/ 1800.00"): Actual text and expected text of test object 'Object Repository/valorado/Page_Olva Courier  Confirma tus datos/th_S 1800.00' are matched.

27-11-2024T17:41:23 - [MESSAGE][PASSED] - Actual text and expected text of test object 'Object Repository/valorado/Page_Olva Courier  Confirma tus datos/th_S 1800.00' are matched.

27-11-2024T17:41:23 - [TEST_STEP][PASSED] - click(findTestObject("Object Repository/valorado/Page_Olva Courier  Confirma tus datos/a_regulacin de envos y la declaracin Jurada")): Object: 'Object Repository/valorado/Page_Olva Courier  Confirma tus datos/a_regulacin de envos y la declaracin Jurada' is clicked on

27-11-2024T17:41:24 - [MESSAGE][PASSED] - Object: 'Object Repository/valorado/Page_Olva Courier  Confirma tus datos/a_regulacin de envos y la declaracin Jurada' is clicked on

27-11-2024T17:41:24 - [TEST_STEP][PASSED] - click(findTestObject("Object Repository/valorado/Page_Olva Courier  Confirma tus datos/button_Aceptar")): Object: 'Object Repository/valorado/Page_Olva Courier  Confirma tus datos/button_Aceptar' is clicked on

27-11-2024T17:41:25 - [MESSAGE][PASSED] - Object: 'Object Repository/valorado/Page_Olva Courier  Confirma tus datos/button_Aceptar' is clicked on

27-11-2024T17:41:25 - [TEST_STEP][PASSED] - click(findTestObject("Object Repository/valorado/Page_Olva Courier  Confirma tus datos/div_He ledo la")): Object: 'Object Repository/valorado/Page_Olva Courier  Confirma tus datos/div_He ledo la' is clicked on

27-11-2024T17:41:25 - [MESSAGE][PASSED] - Object: 'Object Repository/valorado/Page_Olva Courier  Confirma tus datos/div_He ledo la' is clicked on

27-11-2024T17:41:25 - [TEST_STEP][PASSED] - click(findTestObject("Object Repository/valorado/Page_Olva Courier  Confirma tus datos/label_Declaro bajo juramento los productos _f4619d")): Object: 'Object Repository/valorado/Page_Olva Courier  Confirma tus datos/label_Declaro bajo juramento los productos _f4619d' is clicked on

27-11-2024T17:41:26 - [MESSAGE][PASSED] - Object: 'Object Repository/valorado/Page_Olva Courier  Confirma tus datos/label_Declaro bajo juramento los productos _f4619d' is clicked on

27-11-2024T17:41:26 - [TEST_STEP][PASSED] - scrollToElement(findTestObject("Object Repository/valorado/Page_Olva Courier  Confirma tus datos/button_CONTINUAR"), 0): Scroll to object 'Object Repository/valorado/Page_Olva Courier  Confirma tus datos/button_CONTINUAR' successfully

27-11-2024T17:41:26 - [MESSAGE][WARNING] - Timeout '0' is invalid. Using default page load timeout: '30'

27-11-2024T17:41:26 - [MESSAGE][PASSED] - Scroll to object 'Object Repository/valorado/Page_Olva Courier  Confirma tus datos/button_CONTINUAR' successfully

27-11-2024T17:41:26 - [TEST_STEP][PASSED] - click(findTestObject("Object Repository/valorado/Page_Olva Courier  Confirma tus datos/button_CONTINUAR")): Object: 'Object Repository/valorado/Page_Olva Courier  Confirma tus datos/button_CONTINUAR' is clicked on

27-11-2024T17:41:26 - [MESSAGE][PASSED] - Object: 'Object Repository/valorado/Page_Olva Courier  Confirma tus datos/button_CONTINUAR' is clicked on

27-11-2024T17:41:26 - [TEST_STEP][PASSED] - click(findTestObject("Object Repository/valorado/Page_Olva Courier  Confirma tus datos/button_IR A PAGAR S 19.74")): Object: 'Object Repository/valorado/Page_Olva Courier  Confirma tus datos/button_IR A PAGAR S 19.74' is clicked on

27-11-2024T17:41:27 - [MESSAGE][PASSED] - Object: 'Object Repository/valorado/Page_Olva Courier  Confirma tus datos/button_IR A PAGAR S 19.74' is clicked on

27-11-2024T17:41:27 - [TEST_STEP][PASSED] - delay(3): Delayed 3 second(s)

27-11-2024T17:41:30 - [MESSAGE][PASSED] - Delayed 3 second(s)

27-11-2024T17:41:30 - [TEST_STEP][PASSED] - verifyElementPresent(findTestObject("Object Repository/valorado/Page_Olva Courier  Medios de pago/button_PAGAR"), 0): Object 'Object Repository/valorado/Page_Olva Courier  Medios de pago/button_PAGAR' is present

27-11-2024T17:41:30 - [MESSAGE][WARNING] - Timeout '0' is invalid. Using default page load timeout: '30'

27-11-2024T17:41:30 - [MESSAGE][PASSED] - Object 'Object Repository/valorado/Page_Olva Courier  Medios de pago/button_PAGAR' is present

27-11-2024T17:41:30 - [TEST_STEP][PASSED] - callTestCase(findTestCase("1.Inicio/1.3Pago_POS/Pago-exitoso"), [:], STOP_ON_FAILURE): Call Test Case 'Test Cases/1.Inicio/1.3Pago_POS/Pago-exitoso' successfully

27-11-2024T17:41:30 - [TEST_CASE][PASSED] - Test Cases/1.Inicio/1.3Pago_POS/Pago-exitoso: Test Cases/1.Inicio/1.3Pago_POS/Pago-exitoso

27-11-2024T17:41:31 - [TEST_STEP][PASSED] - verifyElementPresent(findTestObject("Object Repository/pago/Page_Olva Courier  Medios de pago/div_Pago con tarjeta de crdito, dbito y Yape"), 0): Object 'Object Repository/pago/Page_Olva Courier  Medios de pago/div_Pago con tarjeta de crdito, dbito y Yape' is present

27-11-2024T17:41:31 - [MESSAGE][WARNING] - Timeout '0' is invalid. Using default page load timeout: '30'

27-11-2024T17:41:31 - [MESSAGE][PASSED] - Object 'Object Repository/pago/Page_Olva Courier  Medios de pago/div_Pago con tarjeta de crdito, dbito y Yape' is present

27-11-2024T17:41:31 - [TEST_STEP][PASSED] - verifyElementPresent(findTestObject("Object Repository/pago/Page_Olva Courier  Medios de pago/td_S"), 0): Object 'Object Repository/pago/Page_Olva Courier  Medios de pago/td_S' is present

27-11-2024T17:41:31 - [MESSAGE][WARNING] - Timeout '0' is invalid. Using default page load timeout: '30'

27-11-2024T17:41:31 - [MESSAGE][PASSED] - Object 'Object Repository/pago/Page_Olva Courier  Medios de pago/td_S' is present

27-11-2024T17:41:31 - [TEST_STEP][PASSED] - delay(1): Delayed 1 second(s)

27-11-2024T17:41:32 - [MESSAGE][PASSED] - Delayed 1 second(s)

27-11-2024T17:41:32 - [TEST_STEP][PASSED] - scrollToElement(findTestObject("Object Repository/pago/Page_Olva Courier  Medios de pago/button_PAGAR"), 0): Scroll to object 'Object Repository/pago/Page_Olva Courier  Medios de pago/button_PAGAR' successfully

27-11-2024T17:41:32 - [MESSAGE][WARNING] - Timeout '0' is invalid. Using default page load timeout: '30'

27-11-2024T17:41:32 - [MESSAGE][PASSED] - Scroll to object 'Object Repository/pago/Page_Olva Courier  Medios de pago/button_PAGAR' successfully

27-11-2024T17:41:32 - [TEST_STEP][PASSED] - click(findTestObject("Object Repository/pago/Page_Olva Courier  Medios de pago/button_PAGAR")): Object: 'Object Repository/pago/Page_Olva Courier  Medios de pago/button_PAGAR' is clicked on

27-11-2024T17:41:33 - [MESSAGE][PASSED] - Object: 'Object Repository/pago/Page_Olva Courier  Medios de pago/button_PAGAR' is clicked on

27-11-2024T17:41:33 - [TEST_STEP][PASSED] - delay(2): Delayed 2 second(s)

27-11-2024T17:41:35 - [MESSAGE][PASSED] - Delayed 2 second(s)

27-11-2024T17:41:35 - [TEST_STEP][PASSED] - verifyElementText(findTestObject("Object Repository/pago/Page_Olva Courier  Pago Exitoso/div_Aprobado y completado con exito"), "Aprobado y completado con exito"): Actual text and expected text of test object 'Object Repository/pago/Page_Olva Courier  Pago Exitoso/div_Aprobado y completado con exito' are matched.

27-11-2024T17:41:35 - [MESSAGE][PASSED] - Actual text and expected text of test object 'Object Repository/pago/Page_Olva Courier  Pago Exitoso/div_Aprobado y completado con exito' are matched.

27-11-2024T17:41:35 - [TEST_STEP][PASSED] - verifyElementPresent(findTestObject("Object Repository/pago/Page_Olva Courier  Pago Exitoso/b_nroPreventa"), 0): Object 'Object Repository/pago/Page_Olva Courier  Pago Exitoso/b_nroPreventa' is present

27-11-2024T17:41:35 - [MESSAGE][WARNING] - Timeout '0' is invalid. Using default page load timeout: '30'

27-11-2024T17:41:35 - [MESSAGE][PASSED] - Object 'Object Repository/pago/Page_Olva Courier  Pago Exitoso/b_nroPreventa' is present

27-11-2024T17:41:35 - [MESSAGE][PASSED] - Call Test Case 'Test Cases/1.Inicio/1.3Pago_POS/Pago-exitoso' successfully]]></system-out>
         <system-err><![CDATA[]]></system-err>
      </testcase>
      <testcase name="Test Cases/2.Positivos/2.1Paquete/Origen-Lima/2.Valorado/Entrega_Domicilio/Valorado 501" time="53.473" classname="Test Cases/2.Positivos/2.1Paquete/Origen-Lima/2.Valorado/Entrega_Domicilio/Valorado 501" status="PASSED">
         <system-out><![CDATA[27-11-2024T17:41:35 - [TEST_CASE][PASSED] - Test Cases/2.Positivos/2.1Paquete/Origen-Lima/2.Valorado/Entrega_Domicilio/Valorado 501: Test Cases/2.Positivos/2.1Paquete/Origen-Lima/2.Valorado/Entrega_Domicilio/Valorado 501

27-11-2024T17:41:35 - [TEST_STEP][PASSED] - callTestCase(findTestCase("1.Inicio/1.1Principal/Principal-home"), [:], STOP_ON_FAILURE): Call Test Case 'Test Cases/1.Inicio/1.1Principal/Principal-home' successfully

27-11-2024T17:41:36 - [TEST_CASE][PASSED] - Test Cases/1.Inicio/1.1Principal/Principal-home: Test Cases/1.Inicio/1.1Principal/Principal-home

27-11-2024T17:41:36 - [TEST_STEP][PASSED] - openBrowser(""): Browser is opened with url: ''

27-11-2024T17:41:36 - [MESSAGE][WARNING] - A browser is already opened. Closing browser and opening a new one

27-11-2024T17:41:37 - [MESSAGE][INFO] - Starting 'Firefox' driver

27-11-2024T17:41:37 - [MESSAGE][INFO] - Action delay is set to 0 milliseconds

27-11-2024T17:41:47 - [MESSAGE][PASSED] - Browser is opened with url: ''

27-11-2024T17:41:47 - [TEST_STEP][PASSED] - navigateToUrl("https://dev01-registrodeenvios.olvacourier.com/principal"): Navigate to 'https://dev01-registrodeenvios.olvacourier.com/principal' successfully

27-11-2024T17:41:49 - [MESSAGE][PASSED] - Navigate to 'https://dev01-registrodeenvios.olvacourier.com/principal' successfully

27-11-2024T17:41:49 - [TEST_STEP][PASSED] - maximizeWindow(): Current window maximized

27-11-2024T17:41:49 - [MESSAGE][PASSED] - Current window maximized

27-11-2024T17:41:49 - [MESSAGE][PASSED] - Call Test Case 'Test Cases/1.Inicio/1.1Principal/Principal-home' successfully

27-11-2024T17:41:49 - [TEST_STEP][PASSED] - callTestCase(findTestCase("1.Inicio/1.1Principal/Selec_paquete"), [:], STOP_ON_FAILURE): Call Test Case 'Test Cases/1.Inicio/1.1Principal/Selec_paquete' successfully

27-11-2024T17:41:49 - [TEST_CASE][PASSED] - Test Cases/1.Inicio/1.1Principal/Selec_paquete: Test Cases/1.Inicio/1.1Principal/Selec_paquete

27-11-2024T17:41:49 - [TEST_STEP][PASSED] - click(findTestObject("Object Repository/Principal/Page_Olva Courier  Home/img_Qu deseas realizar hoy_img_paquete")): Object: 'Object Repository/Principal/Page_Olva Courier  Home/img_Qu deseas realizar hoy_img_paquete' is clicked on

27-11-2024T17:41:50 - [MESSAGE][PASSED] - Object: 'Object Repository/Principal/Page_Olva Courier  Home/img_Qu deseas realizar hoy_img_paquete' is clicked on

27-11-2024T17:41:50 - [TEST_STEP][PASSED] - click(findTestObject("Object Repository/Principal/Page_Olva Courier  Home/span_He ledo y acepto los_checkmark (1)")): Object: 'Object Repository/Principal/Page_Olva Courier  Home/span_He ledo y acepto los_checkmark (1)' is clicked on

27-11-2024T17:41:50 - [MESSAGE][PASSED] - Object: 'Object Repository/Principal/Page_Olva Courier  Home/span_He ledo y acepto los_checkmark (1)' is clicked on

27-11-2024T17:41:50 - [TEST_STEP][PASSED] - click(findTestObject("Object Repository/Principal/Page_Olva Courier  Home/button_CONTINUAR (1)")): Object: 'Object Repository/Principal/Page_Olva Courier  Home/button_CONTINUAR (1)' is clicked on

27-11-2024T17:41:52 - [MESSAGE][PASSED] - Object: 'Object Repository/Principal/Page_Olva Courier  Home/button_CONTINUAR (1)' is clicked on

27-11-2024T17:41:52 - [TEST_STEP][PASSED] - verifyElementPresent(findTestObject("Object Repository/Principal/Page_Olva Courier  Datos Personales/strong_REGISTRO DE ENVOS"), 0): Object 'Object Repository/Principal/Page_Olva Courier  Datos Personales/strong_REGISTRO DE ENVOS' is present

27-11-2024T17:41:52 - [MESSAGE][WARNING] - Timeout '0' is invalid. Using default page load timeout: '30'

27-11-2024T17:41:53 - [MESSAGE][PASSED] - Object 'Object Repository/Principal/Page_Olva Courier  Datos Personales/strong_REGISTRO DE ENVOS' is present

27-11-2024T17:41:53 - [TEST_STEP][PASSED] - verifyElementPresent(findTestObject("Object Repository/Principal/Page_Olva Courier  Datos Personales/span_Regresar (1)"), 0): Object 'Object Repository/Principal/Page_Olva Courier  Datos Personales/span_Regresar (1)' is present

27-11-2024T17:41:53 - [MESSAGE][WARNING] - Timeout '0' is invalid. Using default page load timeout: '30'

27-11-2024T17:41:53 - [MESSAGE][PASSED] - Object 'Object Repository/Principal/Page_Olva Courier  Datos Personales/span_Regresar (1)' is present

27-11-2024T17:41:53 - [TEST_STEP][PASSED] - verifyElementPresent(findTestObject("Object Repository/Principal/Page_Olva Courier  Datos Personales/span_Inicio (1)"), 0): Object 'Object Repository/Principal/Page_Olva Courier  Datos Personales/span_Inicio (1)' is present

27-11-2024T17:41:53 - [MESSAGE][WARNING] - Timeout '0' is invalid. Using default page load timeout: '30'

27-11-2024T17:41:53 - [MESSAGE][PASSED] - Object 'Object Repository/Principal/Page_Olva Courier  Datos Personales/span_Inicio (1)' is present

27-11-2024T17:41:53 - [MESSAGE][PASSED] - Call Test Case 'Test Cases/1.Inicio/1.1Principal/Selec_paquete' successfully

27-11-2024T17:41:53 - [TEST_STEP][PASSED] - callTestCase(findTestCase("1.Inicio/1.2Tipo_Doc/5.RUC20"), [:], STOP_ON_FAILURE): Call Test Case 'Test Cases/1.Inicio/1.2Tipo_Doc/5.RUC20' successfully

27-11-2024T17:41:53 - [TEST_CASE][PASSED] - Test Cases/1.Inicio/1.2Tipo_Doc/5.RUC20: Test Cases/1.Inicio/1.2Tipo_Doc/5.RUC20

27-11-2024T17:41:53 - [TEST_STEP][PASSED] - click(findTestObject("Object Repository/Login/Page_Olva Courier  Datos Personales/button_Tipo De Documento")): Object: 'Object Repository/Login/Page_Olva Courier  Datos Personales/button_Tipo De Documento' is clicked on

27-11-2024T17:41:54 - [MESSAGE][PASSED] - Object: 'Object Repository/Login/Page_Olva Courier  Datos Personales/button_Tipo De Documento' is clicked on

27-11-2024T17:41:54 - [TEST_STEP][PASSED] - click(findTestObject("Object Repository/Login/Page_Olva Courier  Datos Personales/span_RUC (Factura)")): Object: 'Object Repository/Login/Page_Olva Courier  Datos Personales/span_RUC (Factura)' is clicked on

27-11-2024T17:41:55 - [MESSAGE][PASSED] - Object: 'Object Repository/Login/Page_Olva Courier  Datos Personales/span_RUC (Factura)' is clicked on

27-11-2024T17:41:55 - [TEST_STEP][PASSED] - setText(findTestObject("Object Repository/Login/Page_Olva Courier  Datos Personales/input_CARN EXT. (Boleta)_txt_documento_cliente"), "20100686814"): Text '20100686814' is set on object 'Object Repository/Login/Page_Olva Courier  Datos Personales/input_CARN EXT. (Boleta)_txt_documento_cliente'

27-11-2024T17:41:55 - [MESSAGE][PASSED] - Text '20100686814' is set on object 'Object Repository/Login/Page_Olva Courier  Datos Personales/input_CARN EXT. (Boleta)_txt_documento_cliente'

27-11-2024T17:41:55 - [MESSAGE][PASSED] - Call Test Case 'Test Cases/1.Inicio/1.2Tipo_Doc/5.RUC20' successfully

27-11-2024T17:41:55 - [TEST_STEP][PASSED] - click(findTestObject("Object Repository/valorado/Page_Olva Courier  Datos Personales/button_Seleccionar artculo")): Object: 'Object Repository/valorado/Page_Olva Courier  Datos Personales/button_Seleccionar artculo' is clicked on

27-11-2024T17:42:01 - [MESSAGE][PASSED] - Object: 'Object Repository/valorado/Page_Olva Courier  Datos Personales/button_Seleccionar artculo' is clicked on

27-11-2024T17:42:01 - [TEST_STEP][PASSED] - click(findTestObject("Object Repository/valorado/Page_Olva Courier  Datos Personales/a_MUEBLES Y DECOHOGAR")): Object: 'Object Repository/valorado/Page_Olva Courier  Datos Personales/a_MUEBLES Y DECOHOGAR' is clicked on

27-11-2024T17:42:01 - [MESSAGE][PASSED] - Object: 'Object Repository/valorado/Page_Olva Courier  Datos Personales/a_MUEBLES Y DECOHOGAR' is clicked on

27-11-2024T17:42:01 - [TEST_STEP][PASSED] - setText(findTestObject("Object Repository/valorado/Page_Olva Courier  Datos Personales/input_UTILES DE OFICINA_txt_paquete_articulo"), "PREUBas"): Text 'PREUBas' is set on object 'Object Repository/valorado/Page_Olva Courier  Datos Personales/input_UTILES DE OFICINA_txt_paquete_articulo'

27-11-2024T17:42:02 - [MESSAGE][PASSED] - Text 'PREUBas' is set on object 'Object Repository/valorado/Page_Olva Courier  Datos Personales/input_UTILES DE OFICINA_txt_paquete_articulo'

27-11-2024T17:42:02 - [TEST_STEP][PASSED] - setText(findTestObject("Object Repository/valorado/Page_Olva Courier  Datos Personales/input_UTILES DE OFICINA_txt_paquete_valor"), "501"): Text '501' is set on object 'Object Repository/valorado/Page_Olva Courier  Datos Personales/input_UTILES DE OFICINA_txt_paquete_valor'

27-11-2024T17:42:02 - [MESSAGE][PASSED] - Text '501' is set on object 'Object Repository/valorado/Page_Olva Courier  Datos Personales/input_UTILES DE OFICINA_txt_paquete_valor'

27-11-2024T17:42:02 - [TEST_STEP][PASSED] - click(findTestObject("Object Repository/valorado/Page_Olva Courier  Datos Personales/b_1Kg")): Object: 'Object Repository/valorado/Page_Olva Courier  Datos Personales/b_1Kg' is clicked on

27-11-2024T17:42:03 - [MESSAGE][PASSED] - Object: 'Object Repository/valorado/Page_Olva Courier  Datos Personales/b_1Kg' is clicked on

27-11-2024T17:42:03 - [TEST_STEP][PASSED] - scrollToElement(findTestObject("Object Repository/valorado/Page_Olva Courier  Datos Personales/button_Ingrese el punto de llegada"), 0): Scroll to object 'Object Repository/valorado/Page_Olva Courier  Datos Personales/button_Ingrese el punto de llegada' successfully

27-11-2024T17:42:03 - [MESSAGE][WARNING] - Timeout '0' is invalid. Using default page load timeout: '30'

27-11-2024T17:42:04 - [MESSAGE][PASSED] - Scroll to object 'Object Repository/valorado/Page_Olva Courier  Datos Personales/button_Ingrese el punto de llegada' successfully

27-11-2024T17:42:04 - [TEST_STEP][PASSED] - click(findTestObject("Object Repository/valorado/Page_Olva Courier  Datos Personales/button_Ingrese el punto de llegada")): Object: 'Object Repository/valorado/Page_Olva Courier  Datos Personales/button_Ingrese el punto de llegada' is clicked on

27-11-2024T17:42:04 - [MESSAGE][PASSED] - Object: 'Object Repository/valorado/Page_Olva Courier  Datos Personales/button_Ingrese el punto de llegada' is clicked on

27-11-2024T17:42:04 - [TEST_STEP][PASSED] - click(findTestObject("Object Repository/valorado/Page_Olva Courier  Datos Personales/a_ANCASH - HUARAZ - HUARAZ")): Object: 'Object Repository/valorado/Page_Olva Courier  Datos Personales/a_ANCASH - HUARAZ - HUARAZ' is clicked on

27-11-2024T17:42:05 - [MESSAGE][PASSED] - Object: 'Object Repository/valorado/Page_Olva Courier  Datos Personales/a_ANCASH - HUARAZ - HUARAZ' is clicked on

27-11-2024T17:42:05 - [TEST_STEP][PASSED] - scrollToElement(findTestObject("Object Repository/valorado/Page_Olva Courier  Datos Personales/button_Tipo de entrega"), 0): Scroll to object 'Object Repository/valorado/Page_Olva Courier  Datos Personales/button_Tipo de entrega' successfully

27-11-2024T17:42:05 - [MESSAGE][WARNING] - Timeout '0' is invalid. Using default page load timeout: '30'

27-11-2024T17:42:05 - [MESSAGE][PASSED] - Scroll to object 'Object Repository/valorado/Page_Olva Courier  Datos Personales/button_Tipo de entrega' successfully

27-11-2024T17:42:05 - [TEST_STEP][PASSED] - click(findTestObject("Object Repository/valorado/Page_Olva Courier  Datos Personales/button_Tipo de entrega")): Object: 'Object Repository/valorado/Page_Olva Courier  Datos Personales/button_Tipo de entrega' is clicked on

27-11-2024T17:42:06 - [MESSAGE][PASSED] - Object: 'Object Repository/valorado/Page_Olva Courier  Datos Personales/button_Tipo de entrega' is clicked on

27-11-2024T17:42:06 - [TEST_STEP][PASSED] - click(findTestObject("Object Repository/valorado/Page_Olva Courier  Datos Personales/a_Recojo en tienda")): Object: 'Object Repository/valorado/Page_Olva Courier  Datos Personales/a_Recojo en tienda' is clicked on

27-11-2024T17:42:06 - [MESSAGE][PASSED] - Object: 'Object Repository/valorado/Page_Olva Courier  Datos Personales/a_Recojo en tienda' is clicked on

27-11-2024T17:42:06 - [TEST_STEP][PASSED] - click(findTestObject("Object Repository/valorado/Page_Olva Courier  Datos Personales/button_Tienda")): Object: 'Object Repository/valorado/Page_Olva Courier  Datos Personales/button_Tienda' is clicked on

27-11-2024T17:42:07 - [MESSAGE][PASSED] - Object: 'Object Repository/valorado/Page_Olva Courier  Datos Personales/button_Tienda' is clicked on

27-11-2024T17:42:07 - [TEST_STEP][PASSED] - click(findTestObject("Object Repository/valorado/Page_Olva Courier  Datos Personales/span_TIENDA HUARAZ - HUARAZ - AV MARISCAL A_1d6adb")): Object: 'Object Repository/valorado/Page_Olva Courier  Datos Personales/span_TIENDA HUARAZ - HUARAZ - AV MARISCAL A_1d6adb' is clicked on

27-11-2024T17:42:08 - [MESSAGE][PASSED] - Object: 'Object Repository/valorado/Page_Olva Courier  Datos Personales/span_TIENDA HUARAZ - HUARAZ - AV MARISCAL A_1d6adb' is clicked on

27-11-2024T17:42:08 - [TEST_STEP][PASSED] - scrollToElement(findTestObject("Object Repository/valorado/Page_Olva Courier  Datos Personales/button_Tipo De Documento_1"), 0): Scroll to object 'Object Repository/valorado/Page_Olva Courier  Datos Personales/button_Tipo De Documento_1' successfully

27-11-2024T17:42:08 - [MESSAGE][WARNING] - Timeout '0' is invalid. Using default page load timeout: '30'

27-11-2024T17:42:08 - [MESSAGE][PASSED] - Scroll to object 'Object Repository/valorado/Page_Olva Courier  Datos Personales/button_Tipo De Documento_1' successfully

27-11-2024T17:42:08 - [TEST_STEP][PASSED] - click(findTestObject("Object Repository/valorado/Page_Olva Courier  Datos Personales/button_Tipo De Documento_1")): Object: 'Object Repository/valorado/Page_Olva Courier  Datos Personales/button_Tipo De Documento_1' is clicked on

27-11-2024T17:42:08 - [MESSAGE][PASSED] - Object: 'Object Repository/valorado/Page_Olva Courier  Datos Personales/button_Tipo De Documento_1' is clicked on

27-11-2024T17:42:08 - [TEST_STEP][PASSED] - click(findTestObject("Object Repository/valorado/Page_Olva Courier  Datos Personales/a_DNI")): Object: 'Object Repository/valorado/Page_Olva Courier  Datos Personales/a_DNI' is clicked on

27-11-2024T17:42:09 - [MESSAGE][PASSED] - Object: 'Object Repository/valorado/Page_Olva Courier  Datos Personales/a_DNI' is clicked on

27-11-2024T17:42:09 - [TEST_STEP][PASSED] - setText(findTestObject("Object Repository/valorado/Page_Olva Courier  Datos Personales/input_CARN EXT_txt_consignado_dni"), "71735785"): Text '71735785' is set on object 'Object Repository/valorado/Page_Olva Courier  Datos Personales/input_CARN EXT_txt_consignado_dni'

27-11-2024T17:42:09 - [MESSAGE][PASSED] - Text '71735785' is set on object 'Object Repository/valorado/Page_Olva Courier  Datos Personales/input_CARN EXT_txt_consignado_dni'

27-11-2024T17:42:09 - [TEST_STEP][PASSED] - scrollToElement(findTestObject("Object Repository/valorado/Page_Olva Courier  Datos Personales/button_CONTINUAR"), 0): Scroll to object 'Object Repository/valorado/Page_Olva Courier  Datos Personales/button_CONTINUAR' successfully

27-11-2024T17:42:09 - [MESSAGE][WARNING] - Timeout '0' is invalid. Using default page load timeout: '30'

27-11-2024T17:42:10 - [MESSAGE][PASSED] - Scroll to object 'Object Repository/valorado/Page_Olva Courier  Datos Personales/button_CONTINUAR' successfully

27-11-2024T17:42:10 - [TEST_STEP][PASSED] - click(findTestObject("Object Repository/valorado/Page_Olva Courier  Datos Personales/button_CONTINUAR")): Object: 'Object Repository/valorado/Page_Olva Courier  Datos Personales/button_CONTINUAR' is clicked on

27-11-2024T17:42:11 - [MESSAGE][PASSED] - Object: 'Object Repository/valorado/Page_Olva Courier  Datos Personales/button_CONTINUAR' is clicked on

27-11-2024T17:42:11 - [TEST_STEP][PASSED] - click(findTestObject("Object Repository/valorado/Page_Olva Courier  Confirma tus datos/button_IR A PAGAR S 19.74")): Object: 'Object Repository/valorado/Page_Olva Courier  Confirma tus datos/button_IR A PAGAR S 19.74' is clicked on

27-11-2024T17:42:13 - [MESSAGE][PASSED] - Object: 'Object Repository/valorado/Page_Olva Courier  Confirma tus datos/button_IR A PAGAR S 19.74' is clicked on

27-11-2024T17:42:13 - [TEST_STEP][PASSED] - click(findTestObject("Object Repository/valorado/Page_Olva Courier  Confirma tus datos/a_regulacin de envos y la declaracin Jurada")): Object: 'Object Repository/valorado/Page_Olva Courier  Confirma tus datos/a_regulacin de envos y la declaracin Jurada' is clicked on

27-11-2024T17:42:13 - [MESSAGE][PASSED] - Object: 'Object Repository/valorado/Page_Olva Courier  Confirma tus datos/a_regulacin de envos y la declaracin Jurada' is clicked on

27-11-2024T17:42:13 - [TEST_STEP][PASSED] - click(findTestObject("Object Repository/valorado/Page_Olva Courier  Confirma tus datos/button_Aceptar")): Object: 'Object Repository/valorado/Page_Olva Courier  Confirma tus datos/button_Aceptar' is clicked on

27-11-2024T17:42:14 - [MESSAGE][PASSED] - Object: 'Object Repository/valorado/Page_Olva Courier  Confirma tus datos/button_Aceptar' is clicked on

27-11-2024T17:42:14 - [TEST_STEP][PASSED] - click(findTestObject("Object Repository/valorado/Page_Olva Courier  Confirma tus datos/div_He ledo la")): Object: 'Object Repository/valorado/Page_Olva Courier  Confirma tus datos/div_He ledo la' is clicked on

27-11-2024T17:42:15 - [MESSAGE][PASSED] - Object: 'Object Repository/valorado/Page_Olva Courier  Confirma tus datos/div_He ledo la' is clicked on

27-11-2024T17:42:15 - [TEST_STEP][PASSED] - click(findTestObject("Object Repository/valorado/Page_Olva Courier  Confirma tus datos/label_Declaro bajo juramento los productos _f4619d")): Object: 'Object Repository/valorado/Page_Olva Courier  Confirma tus datos/label_Declaro bajo juramento los productos _f4619d' is clicked on

27-11-2024T17:42:15 - [MESSAGE][PASSED] - Object: 'Object Repository/valorado/Page_Olva Courier  Confirma tus datos/label_Declaro bajo juramento los productos _f4619d' is clicked on

27-11-2024T17:42:15 - [TEST_STEP][PASSED] - scrollToElement(findTestObject("Object Repository/valorado/Page_Olva Courier  Confirma tus datos/button_CONTINUAR"), 0): Scroll to object 'Object Repository/valorado/Page_Olva Courier  Confirma tus datos/button_CONTINUAR' successfully

27-11-2024T17:42:15 - [MESSAGE][WARNING] - Timeout '0' is invalid. Using default page load timeout: '30'

27-11-2024T17:42:15 - [MESSAGE][PASSED] - Scroll to object 'Object Repository/valorado/Page_Olva Courier  Confirma tus datos/button_CONTINUAR' successfully

27-11-2024T17:42:15 - [TEST_STEP][PASSED] - click(findTestObject("Object Repository/valorado/Page_Olva Courier  Confirma tus datos/button_CONTINUAR")): Object: 'Object Repository/valorado/Page_Olva Courier  Confirma tus datos/button_CONTINUAR' is clicked on

27-11-2024T17:42:16 - [MESSAGE][PASSED] - Object: 'Object Repository/valorado/Page_Olva Courier  Confirma tus datos/button_CONTINUAR' is clicked on

27-11-2024T17:42:16 - [TEST_STEP][PASSED] - click(findTestObject("Object Repository/valorado/Page_Olva Courier  Confirma tus datos/button_IR A PAGAR S 19.74")): Object: 'Object Repository/valorado/Page_Olva Courier  Confirma tus datos/button_IR A PAGAR S 19.74' is clicked on

27-11-2024T17:42:16 - [MESSAGE][PASSED] - Object: 'Object Repository/valorado/Page_Olva Courier  Confirma tus datos/button_IR A PAGAR S 19.74' is clicked on

27-11-2024T17:42:16 - [TEST_STEP][PASSED] - setText(findTestObject("Object Repository/valorado/Page_Olva Courier  Confirma tus datos/input_Tienes envos con recojo en tienda, se_b85f5d"), "1"): Text '1' is set on object 'Object Repository/valorado/Page_Olva Courier  Confirma tus datos/input_Tienes envos con recojo en tienda, se_b85f5d'

27-11-2024T17:42:17 - [MESSAGE][PASSED] - Text '1' is set on object 'Object Repository/valorado/Page_Olva Courier  Confirma tus datos/input_Tienes envos con recojo en tienda, se_b85f5d'

27-11-2024T17:42:17 - [TEST_STEP][PASSED] - setText(findTestObject("Object Repository/valorado/Page_Olva Courier  Confirma tus datos/input_Tienes envos con recojo en tienda, se_af5936"), "1"): Text '1' is set on object 'Object Repository/valorado/Page_Olva Courier  Confirma tus datos/input_Tienes envos con recojo en tienda, se_af5936'

27-11-2024T17:42:18 - [MESSAGE][PASSED] - Text '1' is set on object 'Object Repository/valorado/Page_Olva Courier  Confirma tus datos/input_Tienes envos con recojo en tienda, se_af5936'

27-11-2024T17:42:18 - [TEST_STEP][PASSED] - setText(findTestObject("Object Repository/valorado/Page_Olva Courier  Confirma tus datos/input_Tienes envos con recojo en tienda, se_653975"), "1"): Text '1' is set on object 'Object Repository/valorado/Page_Olva Courier  Confirma tus datos/input_Tienes envos con recojo en tienda, se_653975'

27-11-2024T17:42:19 - [MESSAGE][PASSED] - Text '1' is set on object 'Object Repository/valorado/Page_Olva Courier  Confirma tus datos/input_Tienes envos con recojo en tienda, se_653975'

27-11-2024T17:42:19 - [TEST_STEP][PASSED] - setText(findTestObject("Object Repository/valorado/Page_Olva Courier  Confirma tus datos/input_Tienes envos con recojo en tienda, se_8615a0"), "1"): Text '1' is set on object 'Object Repository/valorado/Page_Olva Courier  Confirma tus datos/input_Tienes envos con recojo en tienda, se_8615a0'

27-11-2024T17:42:20 - [MESSAGE][PASSED] - Text '1' is set on object 'Object Repository/valorado/Page_Olva Courier  Confirma tus datos/input_Tienes envos con recojo en tienda, se_8615a0'

27-11-2024T17:42:20 - [TEST_STEP][PASSED] - click(findTestObject("Object Repository/valorado/Page_Olva Courier  Confirma tus datos/div_Aceptar")): Object: 'Object Repository/valorado/Page_Olva Courier  Confirma tus datos/div_Aceptar' is clicked on

27-11-2024T17:42:21 - [MESSAGE][PASSED] - Object: 'Object Repository/valorado/Page_Olva Courier  Confirma tus datos/div_Aceptar' is clicked on

27-11-2024T17:42:21 - [TEST_STEP][PASSED] - delay(3): Delayed 3 second(s)

27-11-2024T17:42:24 - [MESSAGE][PASSED] - Delayed 3 second(s)

27-11-2024T17:42:24 - [TEST_STEP][PASSED] - verifyElementPresent(findTestObject("Object Repository/valorado/Page_Olva Courier  Medios de pago/button_PAGAR"), 0): Object 'Object Repository/valorado/Page_Olva Courier  Medios de pago/button_PAGAR' is present

27-11-2024T17:42:24 - [MESSAGE][WARNING] - Timeout '0' is invalid. Using default page load timeout: '30'

27-11-2024T17:42:24 - [MESSAGE][PASSED] - Object 'Object Repository/valorado/Page_Olva Courier  Medios de pago/button_PAGAR' is present

27-11-2024T17:42:24 - [TEST_STEP][PASSED] - callTestCase(findTestCase("1.Inicio/1.3Pago_POS/Pago-exitoso"), [:], STOP_ON_FAILURE): Call Test Case 'Test Cases/1.Inicio/1.3Pago_POS/Pago-exitoso' successfully

27-11-2024T17:42:24 - [TEST_CASE][PASSED] - Test Cases/1.Inicio/1.3Pago_POS/Pago-exitoso: Test Cases/1.Inicio/1.3Pago_POS/Pago-exitoso

27-11-2024T17:42:24 - [TEST_STEP][PASSED] - verifyElementPresent(findTestObject("Object Repository/pago/Page_Olva Courier  Medios de pago/div_Pago con tarjeta de crdito, dbito y Yape"), 0): Object 'Object Repository/pago/Page_Olva Courier  Medios de pago/div_Pago con tarjeta de crdito, dbito y Yape' is present

27-11-2024T17:42:24 - [MESSAGE][WARNING] - Timeout '0' is invalid. Using default page load timeout: '30'

27-11-2024T17:42:24 - [MESSAGE][PASSED] - Object 'Object Repository/pago/Page_Olva Courier  Medios de pago/div_Pago con tarjeta de crdito, dbito y Yape' is present

27-11-2024T17:42:24 - [TEST_STEP][PASSED] - verifyElementPresent(findTestObject("Object Repository/pago/Page_Olva Courier  Medios de pago/td_S"), 0): Object 'Object Repository/pago/Page_Olva Courier  Medios de pago/td_S' is present

27-11-2024T17:42:24 - [MESSAGE][WARNING] - Timeout '0' is invalid. Using default page load timeout: '30'

27-11-2024T17:42:24 - [MESSAGE][PASSED] - Object 'Object Repository/pago/Page_Olva Courier  Medios de pago/td_S' is present

27-11-2024T17:42:24 - [TEST_STEP][PASSED] - delay(1): Delayed 1 second(s)

27-11-2024T17:42:25 - [MESSAGE][PASSED] - Delayed 1 second(s)

27-11-2024T17:42:25 - [TEST_STEP][PASSED] - scrollToElement(findTestObject("Object Repository/pago/Page_Olva Courier  Medios de pago/button_PAGAR"), 0): Scroll to object 'Object Repository/pago/Page_Olva Courier  Medios de pago/button_PAGAR' successfully

27-11-2024T17:42:25 - [MESSAGE][WARNING] - Timeout '0' is invalid. Using default page load timeout: '30'

27-11-2024T17:42:26 - [MESSAGE][PASSED] - Scroll to object 'Object Repository/pago/Page_Olva Courier  Medios de pago/button_PAGAR' successfully

27-11-2024T17:42:26 - [TEST_STEP][PASSED] - click(findTestObject("Object Repository/pago/Page_Olva Courier  Medios de pago/button_PAGAR")): Object: 'Object Repository/pago/Page_Olva Courier  Medios de pago/button_PAGAR' is clicked on

27-11-2024T17:42:26 - [MESSAGE][PASSED] - Object: 'Object Repository/pago/Page_Olva Courier  Medios de pago/button_PAGAR' is clicked on

27-11-2024T17:42:26 - [TEST_STEP][PASSED] - delay(2): Delayed 2 second(s)

27-11-2024T17:42:28 - [MESSAGE][PASSED] - Delayed 2 second(s)

27-11-2024T17:42:28 - [TEST_STEP][PASSED] - verifyElementText(findTestObject("Object Repository/pago/Page_Olva Courier  Pago Exitoso/div_Aprobado y completado con exito"), "Aprobado y completado con exito"): Actual text and expected text of test object 'Object Repository/pago/Page_Olva Courier  Pago Exitoso/div_Aprobado y completado con exito' are matched.

27-11-2024T17:42:29 - [MESSAGE][PASSED] - Actual text and expected text of test object 'Object Repository/pago/Page_Olva Courier  Pago Exitoso/div_Aprobado y completado con exito' are matched.

27-11-2024T17:42:29 - [TEST_STEP][PASSED] - verifyElementPresent(findTestObject("Object Repository/pago/Page_Olva Courier  Pago Exitoso/b_nroPreventa"), 0): Object 'Object Repository/pago/Page_Olva Courier  Pago Exitoso/b_nroPreventa' is present

27-11-2024T17:42:29 - [MESSAGE][WARNING] - Timeout '0' is invalid. Using default page load timeout: '30'

27-11-2024T17:42:29 - [MESSAGE][PASSED] - Object 'Object Repository/pago/Page_Olva Courier  Pago Exitoso/b_nroPreventa' is present

27-11-2024T17:42:29 - [MESSAGE][PASSED] - Call Test Case 'Test Cases/1.Inicio/1.3Pago_POS/Pago-exitoso' successfully]]></system-out>
         <system-err><![CDATA[]]></system-err>
      </testcase>
      <testcase name="Test Cases/2.Positivos/2.1Paquete/Origen-Lima/2.Valorado/Entrega_Domicilio/EditarValorado" time="98.045" classname="Test Cases/2.Positivos/2.1Paquete/Origen-Lima/2.Valorado/Entrega_Domicilio/EditarValorado" status="FAILED">
         <failure type="FAILED" message="Test Cases/2.Positivos/2.1Paquete/Origen-Lima/2.Valorado/Entrega_Domicilio/EditarValorado FAILED.&#xa;Reason:&#xa;com.kms.katalon.core.exception.StepFailedException: Unable to click on object 'Object Repository/valorado/Page_Olva Courier  Datos Personales/button_CONTINUAR'&#xa;	at com.kms.katalon.core.webui.keyword.internal.WebUIKeywordMain.stepFailed(WebUIKeywordMain.groovy:117)&#xa;	at com.kms.katalon.core.webui.keyword.internal.WebUIKeywordMain.runKeyword(WebUIKeywordMain.groovy:43)&#xa;	at com.kms.katalon.core.webui.keyword.builtin.ClickKeyword.click(ClickKeyword.groovy:74)&#xa;	at com.kms.katalon.core.webui.keyword.builtin.ClickKeyword.execute(ClickKeyword.groovy:40)&#xa;	at com.kms.katalon.core.keyword.internal.KeywordExecutor.executeKeywordForPlatform(KeywordExecutor.groovy:74)&#xa;	at com.kms.katalon.core.webui.keyword.WebUiBuiltInKeywords.click(WebUiBuiltInKeywords.groovy:659)&#xa;	at EditarValorado.run(EditarValorado:86)&#xa;	at com.kms.katalon.core.main.ScriptEngine.run(ScriptEngine.java:194)&#xa;	at com.kms.katalon.core.main.ScriptEngine.runScriptAsRawText(ScriptEngine.java:119)&#xa;	at com.kms.katalon.core.main.TestCaseExecutor.runScript(TestCaseExecutor.java:448)&#xa;	at com.kms.katalon.core.main.TestCaseExecutor.doExecute(TestCaseExecutor.java:439)&#xa;	at com.kms.katalon.core.main.TestCaseExecutor.processExecutionPhase(TestCaseExecutor.java:418)&#xa;	at com.kms.katalon.core.main.TestCaseExecutor.accessMainPhase(TestCaseExecutor.java:410)&#xa;	at com.kms.katalon.core.main.TestCaseExecutor.execute(TestCaseExecutor.java:285)&#xa;	at com.kms.katalon.core.common.CommonExecutor.accessTestCaseMainPhase(CommonExecutor.java:65)&#xa;	at com.kms.katalon.core.main.TestSuiteExecutor.accessTestSuiteMainPhase(TestSuiteExecutor.java:150)&#xa;	at com.kms.katalon.core.main.TestSuiteExecutor.execute(TestSuiteExecutor.java:106)&#xa;	at com.kms.katalon.core.main.TestCaseMain.startTestSuite(TestCaseMain.java:180)&#xa;	at TempTestSuite1732745349578.run(TempTestSuite1732745349578.groovy:35)&#xa;	at java.base/jdk.internal.reflect.NativeMethodAccessorImpl.invoke0(Native Method)&#xa;	at java.base/jdk.internal.reflect.NativeMethodAccessorImpl.invoke(NativeMethodAccessorImpl.java:77)&#xa;	at java.base/jdk.internal.reflect.DelegatingMethodAccessorImpl.invoke(DelegatingMethodAccessorImpl.java:43)&#xa;Caused by: org.openqa.selenium.ElementClickInterceptedException: Element &lt;button id=&quot;btn_guardar_datos_personales&quot; class=&quot;btn btn-warning mt-10&quot; type=&quot;button&quot;> is not clickable at point (675,376) because another element &lt;div id=&quot;myModalMilOficina&quot; class=&quot;modal fade modal-notify modal-warning in&quot;> obscures it&#xa;Build info: version: '3.141.59', revision: 'unknown', time: 'unknown'&#xa;System info: host: 'DESKTOP-RGFFP9A', ip: '10.136.10.6', os.name: 'Windows 11', os.arch: 'amd64', os.version: '10.0', java.version: '17.0.7'&#xa;Driver info: com.kms.katalon.core.webui.driver.firefox.CGeckoDriver&#xa;Capabilities {acceptInsecureCerts: true, browserName: firefox, browserVersion: 133.0, javascriptEnabled: true, moz:accessibilityChecks: false, moz:buildID: 20241121140525, moz:geckodriverVersion: 0.35.0, moz:headless: false, moz:platformVersion: 10.0, moz:processID: 23860, moz:profile: C:\Users\OLVATI\AppData\Loc..., moz:shutdownTimeout: 60000, moz:webdriverClick: true, moz:windowless: false, pageLoadStrategy: normal, platform: WINDOWS, platformName: WINDOWS, proxy: Proxy(direct), setWindowRect: true, strictFileInteractability: false, timeouts: {implicit: 0, pageLoad: 300000, script: 30000}, unhandledPromptBehavior: dismiss and notify, userAgent: Mozilla/5.0 (Windows NT 10....}&#xa;Session ID: 96ee0b00-8fa3-43e7-9169-32563fa48a18&#xa;	at jdk.internal.reflect.GeneratedConstructorAccessor32.newInstance(Unknown Source)&#xa;	at java.base/jdk.internal.reflect.DelegatingConstructorAccessorImpl.newInstance(DelegatingConstructorAccessorImpl.java:45)&#xa;	at org.openqa.selenium.remote.http.W3CHttpResponseCodec.createException(W3CHttpResponseCodec.java:187)&#xa;	at org.openqa.selenium.remote.http.W3CHttpResponseCodec.decode(W3CHttpResponseCodec.java:122)&#xa;	at org.openqa.selenium.remote.http.W3CHttpResponseCodec.decode(W3CHttpResponseCodec.java:49)&#xa;	at org.openqa.selenium.remote.HttpCommandExecutor.execute(HttpCommandExecutor.java:158)&#xa;	at org.openqa.selenium.remote.service.DriverCommandExecutor.execute(DriverCommandExecutor.java:83)&#xa;	at org.openqa.selenium.remote.RemoteWebDriver.execute(RemoteWebDriver.java:552)&#xa;	at com.kms.katalon.selenium.driver.CFirefoxDriver.execute(CFirefoxDriver.java:28)&#xa;	at org.openqa.selenium.remote.RemoteWebElement.execute(RemoteWebElement.java:285)&#xa;	at org.openqa.selenium.remote.RemoteWebElement.click(RemoteWebElement.java:84)&#xa;	at jdk.internal.reflect.GeneratedMethodAccessor10.invoke(Unknown Source)&#xa;	at java.base/jdk.internal.reflect.DelegatingMethodAccessorImpl.invoke(DelegatingMethodAccessorImpl.java:43)&#xa;	at org.openqa.selenium.support.events.EventFiringWebDriver$EventFiringWebElement.lambda$new$0(EventFiringWebDriver.java:404)&#xa;	at jdk.proxy2/jdk.proxy2.$Proxy21.click(Unknown Source)&#xa;	at org.openqa.selenium.support.events.EventFiringWebDriver$EventFiringWebElement.click(EventFiringWebDriver.java:417)&#xa;	at org.openqa.selenium.WebElement$click.call(Unknown Source)&#xa;	at com.kms.katalon.core.webui.keyword.builtin.ClickKeyword.clickUntilSuccessWithTimeout(ClickKeyword.groovy:81)&#xa;	at com.kms.katalon.core.webui.keyword.builtin.ClickKeyword.clickUntilSuccessWithTimeout(ClickKeyword.groovy)&#xa;	at jdk.internal.reflect.GeneratedMethodAccessor8.invoke(Unknown Source)&#xa;	at java.base/jdk.internal.reflect.DelegatingMethodAccessorImpl.invoke(DelegatingMethodAccessorImpl.java:43)&#xa;	at com.kms.katalon.core.webui.keyword.builtin.ClickKeyword$_click_closure1.doCall(ClickKeyword.groovy:67)&#xa;	at com.kms.katalon.core.webui.keyword.builtin.ClickKeyword$_click_closure1.call(ClickKeyword.groovy)&#xa;	at com.kms.katalon.core.webui.keyword.internal.WebUIKeywordMain.runKeyword(WebUIKeywordMain.groovy:35)&#xa;	... 20 more&#xa;"/>
         <system-out><![CDATA[27-11-2024T17:42:29 - [TEST_CASE][FAILED] - Test Cases/2.Positivos/2.1Paquete/Origen-Lima/2.Valorado/Entrega_Domicilio/EditarValorado: Test Cases/2.Positivos/2.1Paquete/Origen-Lima/2.Valorado/Entrega_Domicilio/EditarValorado FAILED.
Reason:
com.kms.katalon.core.exception.StepFailedException: Unable to click on object 'Object Repository/valorado/Page_Olva Courier  Datos Personales/button_CONTINUAR'
	at com.kms.katalon.core.webui.keyword.internal.WebUIKeywordMain.stepFailed(WebUIKeywordMain.groovy:117)
	at com.kms.katalon.core.webui.keyword.internal.WebUIKeywordMain.runKeyword(WebUIKeywordMain.groovy:43)
	at com.kms.katalon.core.webui.keyword.builtin.ClickKeyword.click(ClickKeyword.groovy:74)
	at com.kms.katalon.core.webui.keyword.builtin.ClickKeyword.execute(ClickKeyword.groovy:40)
	at com.kms.katalon.core.keyword.internal.KeywordExecutor.executeKeywordForPlatform(KeywordExecutor.groovy:74)
	at com.kms.katalon.core.webui.keyword.WebUiBuiltInKeywords.click(WebUiBuiltInKeywords.groovy:659)
	at EditarValorado.run(EditarValorado:86)
	at com.kms.katalon.core.main.ScriptEngine.run(ScriptEngine.java:194)
	at com.kms.katalon.core.main.ScriptEngine.runScriptAsRawText(ScriptEngine.java:119)
	at com.kms.katalon.core.main.TestCaseExecutor.runScript(TestCaseExecutor.java:448)
	at com.kms.katalon.core.main.TestCaseExecutor.doExecute(TestCaseExecutor.java:439)
	at com.kms.katalon.core.main.TestCaseExecutor.processExecutionPhase(TestCaseExecutor.java:418)
	at com.kms.katalon.core.main.TestCaseExecutor.accessMainPhase(TestCaseExecutor.java:410)
	at com.kms.katalon.core.main.TestCaseExecutor.execute(TestCaseExecutor.java:285)
	at com.kms.katalon.core.common.CommonExecutor.accessTestCaseMainPhase(CommonExecutor.java:65)
	at com.kms.katalon.core.main.TestSuiteExecutor.accessTestSuiteMainPhase(TestSuiteExecutor.java:150)
	at com.kms.katalon.core.main.TestSuiteExecutor.execute(TestSuiteExecutor.java:106)
	at com.kms.katalon.core.main.TestCaseMain.startTestSuite(TestCaseMain.java:180)
	at TempTestSuite1732745349578.run(TempTestSuite1732745349578.groovy:35)
	at java.base/jdk.internal.reflect.NativeMethodAccessorImpl.invoke0(Native Method)
	at java.base/jdk.internal.reflect.NativeMethodAccessorImpl.invoke(NativeMethodAccessorImpl.java:77)
	at java.base/jdk.internal.reflect.DelegatingMethodAccessorImpl.invoke(DelegatingMethodAccessorImpl.java:43)
Caused by: org.openqa.selenium.ElementClickInterceptedException: Element <button id="btn_guardar_datos_personales" class="btn btn-warning mt-10" type="button"> is not clickable at point (675,376) because another element <div id="myModalMilOficina" class="modal fade modal-notify modal-warning in"> obscures it
Build info: version: '3.141.59', revision: 'unknown', time: 'unknown'
System info: host: 'DESKTOP-RGFFP9A', ip: '10.136.10.6', os.name: 'Windows 11', os.arch: 'amd64', os.version: '10.0', java.version: '17.0.7'
Driver info: com.kms.katalon.core.webui.driver.firefox.CGeckoDriver
Capabilities {acceptInsecureCerts: true, browserName: firefox, browserVersion: 133.0, javascriptEnabled: true, moz:accessibilityChecks: false, moz:buildID: 20241121140525, moz:geckodriverVersion: 0.35.0, moz:headless: false, moz:platformVersion: 10.0, moz:processID: 23860, moz:profile: C:\Users\OLVATI\AppData\Loc..., moz:shutdownTimeout: 60000, moz:webdriverClick: true, moz:windowless: false, pageLoadStrategy: normal, platform: WINDOWS, platformName: WINDOWS, proxy: Proxy(direct), setWindowRect: true, strictFileInteractability: false, timeouts: {implicit: 0, pageLoad: 300000, script: 30000}, unhandledPromptBehavior: dismiss and notify, userAgent: Mozilla/5.0 (Windows NT 10....}
Session ID: 96ee0b00-8fa3-43e7-9169-32563fa48a18
	at jdk.internal.reflect.GeneratedConstructorAccessor32.newInstance(Unknown Source)
	at java.base/jdk.internal.reflect.DelegatingConstructorAccessorImpl.newInstance(DelegatingConstructorAccessorImpl.java:45)
	at org.openqa.selenium.remote.http.W3CHttpResponseCodec.createException(W3CHttpResponseCodec.java:187)
	at org.openqa.selenium.remote.http.W3CHttpResponseCodec.decode(W3CHttpResponseCodec.java:122)
	at org.openqa.selenium.remote.http.W3CHttpResponseCodec.decode(W3CHttpResponseCodec.java:49)
	at org.openqa.selenium.remote.HttpCommandExecutor.execute(HttpCommandExecutor.java:158)
	at org.openqa.selenium.remote.service.DriverCommandExecutor.execute(DriverCommandExecutor.java:83)
	at org.openqa.selenium.remote.RemoteWebDriver.execute(RemoteWebDriver.java:552)
	at com.kms.katalon.selenium.driver.CFirefoxDriver.execute(CFirefoxDriver.java:28)
	at org.openqa.selenium.remote.RemoteWebElement.execute(RemoteWebElement.java:285)
	at org.openqa.selenium.remote.RemoteWebElement.click(RemoteWebElement.java:84)
	at jdk.internal.reflect.GeneratedMethodAccessor10.invoke(Unknown Source)
	at java.base/jdk.internal.reflect.DelegatingMethodAccessorImpl.invoke(DelegatingMethodAccessorImpl.java:43)
	at org.openqa.selenium.support.events.EventFiringWebDriver$EventFiringWebElement.lambda$new$0(EventFiringWebDriver.java:404)
	at jdk.proxy2/jdk.proxy2.$Proxy21.click(Unknown Source)
	at org.openqa.selenium.support.events.EventFiringWebDriver$EventFiringWebElement.click(EventFiringWebDriver.java:417)
	at org.openqa.selenium.WebElement$click.call(Unknown Source)
	at com.kms.katalon.core.webui.keyword.builtin.ClickKeyword.clickUntilSuccessWithTimeout(ClickKeyword.groovy:81)
	at com.kms.katalon.core.webui.keyword.builtin.ClickKeyword.clickUntilSuccessWithTimeout(ClickKeyword.groovy)
	at jdk.internal.reflect.GeneratedMethodAccessor8.invoke(Unknown Source)
	at java.base/jdk.internal.reflect.DelegatingMethodAccessorImpl.invoke(DelegatingMethodAccessorImpl.java:43)
	at com.kms.katalon.core.webui.keyword.builtin.ClickKeyword$_click_closure1.doCall(ClickKeyword.groovy:67)
	at com.kms.katalon.core.webui.keyword.builtin.ClickKeyword$_click_closure1.call(ClickKeyword.groovy)
	at com.kms.katalon.core.webui.keyword.internal.WebUIKeywordMain.runKeyword(WebUIKeywordMain.groovy:35)
	... 20 more


27-11-2024T17:42:29 - [TEST_STEP][PASSED] - callTestCase(findTestCase("1.Inicio/1.1Principal/Principal-home"), [:], STOP_ON_FAILURE): Call Test Case 'Test Cases/1.Inicio/1.1Principal/Principal-home' successfully

27-11-2024T17:42:29 - [TEST_CASE][PASSED] - Test Cases/1.Inicio/1.1Principal/Principal-home: Test Cases/1.Inicio/1.1Principal/Principal-home

27-11-2024T17:42:29 - [TEST_STEP][PASSED] - openBrowser(""): Browser is opened with url: ''

27-11-2024T17:42:29 - [MESSAGE][WARNING] - A browser is already opened. Closing browser and opening a new one

27-11-2024T17:42:31 - [MESSAGE][INFO] - Starting 'Firefox' driver

27-11-2024T17:42:31 - [MESSAGE][INFO] - Action delay is set to 0 milliseconds

27-11-2024T17:42:41 - [MESSAGE][PASSED] - Browser is opened with url: ''

27-11-2024T17:42:41 - [TEST_STEP][PASSED] - navigateToUrl("https://dev01-registrodeenvios.olvacourier.com/principal"): Navigate to 'https://dev01-registrodeenvios.olvacourier.com/principal' successfully

27-11-2024T17:42:43 - [MESSAGE][PASSED] - Navigate to 'https://dev01-registrodeenvios.olvacourier.com/principal' successfully

27-11-2024T17:42:43 - [TEST_STEP][PASSED] - maximizeWindow(): Current window maximized

27-11-2024T17:42:43 - [MESSAGE][PASSED] - Current window maximized

27-11-2024T17:42:43 - [MESSAGE][PASSED] - Call Test Case 'Test Cases/1.Inicio/1.1Principal/Principal-home' successfully

27-11-2024T17:42:43 - [TEST_STEP][PASSED] - callTestCase(findTestCase("1.Inicio/1.1Principal/Selec_paquete"), [:], STOP_ON_FAILURE): Call Test Case 'Test Cases/1.Inicio/1.1Principal/Selec_paquete' successfully

27-11-2024T17:42:43 - [TEST_CASE][PASSED] - Test Cases/1.Inicio/1.1Principal/Selec_paquete: Test Cases/1.Inicio/1.1Principal/Selec_paquete

27-11-2024T17:42:43 - [TEST_STEP][PASSED] - click(findTestObject("Object Repository/Principal/Page_Olva Courier  Home/img_Qu deseas realizar hoy_img_paquete")): Object: 'Object Repository/Principal/Page_Olva Courier  Home/img_Qu deseas realizar hoy_img_paquete' is clicked on

27-11-2024T17:42:44 - [MESSAGE][PASSED] - Object: 'Object Repository/Principal/Page_Olva Courier  Home/img_Qu deseas realizar hoy_img_paquete' is clicked on

27-11-2024T17:42:44 - [TEST_STEP][PASSED] - click(findTestObject("Object Repository/Principal/Page_Olva Courier  Home/span_He ledo y acepto los_checkmark (1)")): Object: 'Object Repository/Principal/Page_Olva Courier  Home/span_He ledo y acepto los_checkmark (1)' is clicked on

27-11-2024T17:42:44 - [MESSAGE][PASSED] - Object: 'Object Repository/Principal/Page_Olva Courier  Home/span_He ledo y acepto los_checkmark (1)' is clicked on

27-11-2024T17:42:44 - [TEST_STEP][PASSED] - click(findTestObject("Object Repository/Principal/Page_Olva Courier  Home/button_CONTINUAR (1)")): Object: 'Object Repository/Principal/Page_Olva Courier  Home/button_CONTINUAR (1)' is clicked on

27-11-2024T17:42:46 - [MESSAGE][PASSED] - Object: 'Object Repository/Principal/Page_Olva Courier  Home/button_CONTINUAR (1)' is clicked on

27-11-2024T17:42:46 - [TEST_STEP][PASSED] - verifyElementPresent(findTestObject("Object Repository/Principal/Page_Olva Courier  Datos Personales/strong_REGISTRO DE ENVOS"), 0): Object 'Object Repository/Principal/Page_Olva Courier  Datos Personales/strong_REGISTRO DE ENVOS' is present

27-11-2024T17:42:46 - [MESSAGE][WARNING] - Timeout '0' is invalid. Using default page load timeout: '30'

27-11-2024T17:42:47 - [MESSAGE][PASSED] - Object 'Object Repository/Principal/Page_Olva Courier  Datos Personales/strong_REGISTRO DE ENVOS' is present

27-11-2024T17:42:47 - [TEST_STEP][PASSED] - verifyElementPresent(findTestObject("Object Repository/Principal/Page_Olva Courier  Datos Personales/span_Regresar (1)"), 0): Object 'Object Repository/Principal/Page_Olva Courier  Datos Personales/span_Regresar (1)' is present

27-11-2024T17:42:47 - [MESSAGE][WARNING] - Timeout '0' is invalid. Using default page load timeout: '30'

27-11-2024T17:42:47 - [MESSAGE][PASSED] - Object 'Object Repository/Principal/Page_Olva Courier  Datos Personales/span_Regresar (1)' is present

27-11-2024T17:42:47 - [TEST_STEP][PASSED] - verifyElementPresent(findTestObject("Object Repository/Principal/Page_Olva Courier  Datos Personales/span_Inicio (1)"), 0): Object 'Object Repository/Principal/Page_Olva Courier  Datos Personales/span_Inicio (1)' is present

27-11-2024T17:42:47 - [MESSAGE][WARNING] - Timeout '0' is invalid. Using default page load timeout: '30'

27-11-2024T17:42:47 - [MESSAGE][PASSED] - Object 'Object Repository/Principal/Page_Olva Courier  Datos Personales/span_Inicio (1)' is present

27-11-2024T17:42:47 - [MESSAGE][PASSED] - Call Test Case 'Test Cases/1.Inicio/1.1Principal/Selec_paquete' successfully

27-11-2024T17:42:47 - [TEST_STEP][PASSED] - callTestCase(findTestCase("1.Inicio/1.2Tipo_Doc/5.RUC20"), [:], STOP_ON_FAILURE): Call Test Case 'Test Cases/1.Inicio/1.2Tipo_Doc/5.RUC20' successfully

27-11-2024T17:42:47 - [TEST_CASE][PASSED] - Test Cases/1.Inicio/1.2Tipo_Doc/5.RUC20: Test Cases/1.Inicio/1.2Tipo_Doc/5.RUC20

27-11-2024T17:42:47 - [TEST_STEP][PASSED] - click(findTestObject("Object Repository/Login/Page_Olva Courier  Datos Personales/button_Tipo De Documento")): Object: 'Object Repository/Login/Page_Olva Courier  Datos Personales/button_Tipo De Documento' is clicked on

27-11-2024T17:42:48 - [MESSAGE][PASSED] - Object: 'Object Repository/Login/Page_Olva Courier  Datos Personales/button_Tipo De Documento' is clicked on

27-11-2024T17:42:48 - [TEST_STEP][PASSED] - click(findTestObject("Object Repository/Login/Page_Olva Courier  Datos Personales/span_RUC (Factura)")): Object: 'Object Repository/Login/Page_Olva Courier  Datos Personales/span_RUC (Factura)' is clicked on

27-11-2024T17:42:49 - [MESSAGE][PASSED] - Object: 'Object Repository/Login/Page_Olva Courier  Datos Personales/span_RUC (Factura)' is clicked on

27-11-2024T17:42:49 - [TEST_STEP][PASSED] - setText(findTestObject("Object Repository/Login/Page_Olva Courier  Datos Personales/input_CARN EXT. (Boleta)_txt_documento_cliente"), "20100686814"): Text '20100686814' is set on object 'Object Repository/Login/Page_Olva Courier  Datos Personales/input_CARN EXT. (Boleta)_txt_documento_cliente'

27-11-2024T17:42:50 - [MESSAGE][PASSED] - Text '20100686814' is set on object 'Object Repository/Login/Page_Olva Courier  Datos Personales/input_CARN EXT. (Boleta)_txt_documento_cliente'

27-11-2024T17:42:50 - [MESSAGE][PASSED] - Call Test Case 'Test Cases/1.Inicio/1.2Tipo_Doc/5.RUC20' successfully

27-11-2024T17:42:50 - [TEST_STEP][PASSED] - click(findTestObject("Object Repository/valorado/Page_Olva Courier  Datos Personales/button_Seleccionar artculo")): Object: 'Object Repository/valorado/Page_Olva Courier  Datos Personales/button_Seleccionar artculo' is clicked on

27-11-2024T17:42:57 - [MESSAGE][PASSED] - Object: 'Object Repository/valorado/Page_Olva Courier  Datos Personales/button_Seleccionar artculo' is clicked on

27-11-2024T17:42:57 - [TEST_STEP][PASSED] - click(findTestObject("Object Repository/valorado/Page_Olva Courier  Datos Personales/a_MUEBLES Y DECOHOGAR")): Object: 'Object Repository/valorado/Page_Olva Courier  Datos Personales/a_MUEBLES Y DECOHOGAR' is clicked on

27-11-2024T17:42:58 - [MESSAGE][PASSED] - Object: 'Object Repository/valorado/Page_Olva Courier  Datos Personales/a_MUEBLES Y DECOHOGAR' is clicked on

27-11-2024T17:42:58 - [TEST_STEP][PASSED] - setText(findTestObject("Object Repository/valorado/Page_Olva Courier  Datos Personales/input_UTILES DE OFICINA_txt_paquete_articulo"), "PREUBas"): Text 'PREUBas' is set on object 'Object Repository/valorado/Page_Olva Courier  Datos Personales/input_UTILES DE OFICINA_txt_paquete_articulo'

27-11-2024T17:42:59 - [MESSAGE][PASSED] - Text 'PREUBas' is set on object 'Object Repository/valorado/Page_Olva Courier  Datos Personales/input_UTILES DE OFICINA_txt_paquete_articulo'

27-11-2024T17:42:59 - [TEST_STEP][PASSED] - setText(findTestObject("Object Repository/valorado/Page_Olva Courier  Datos Personales/input_UTILES DE OFICINA_txt_paquete_valor"), "501"): Text '501' is set on object 'Object Repository/valorado/Page_Olva Courier  Datos Personales/input_UTILES DE OFICINA_txt_paquete_valor'

27-11-2024T17:42:59 - [MESSAGE][PASSED] - Text '501' is set on object 'Object Repository/valorado/Page_Olva Courier  Datos Personales/input_UTILES DE OFICINA_txt_paquete_valor'

27-11-2024T17:42:59 - [TEST_STEP][PASSED] - click(findTestObject("Object Repository/valorado/Page_Olva Courier  Datos Personales/b_1Kg")): Object: 'Object Repository/valorado/Page_Olva Courier  Datos Personales/b_1Kg' is clicked on

27-11-2024T17:43:00 - [MESSAGE][PASSED] - Object: 'Object Repository/valorado/Page_Olva Courier  Datos Personales/b_1Kg' is clicked on

27-11-2024T17:43:00 - [TEST_STEP][PASSED] - scrollToElement(findTestObject("Object Repository/valorado/Page_Olva Courier  Datos Personales/button_Ingrese el punto de llegada"), 0): Scroll to object 'Object Repository/valorado/Page_Olva Courier  Datos Personales/button_Ingrese el punto de llegada' successfully

27-11-2024T17:43:00 - [MESSAGE][WARNING] - Timeout '0' is invalid. Using default page load timeout: '30'

27-11-2024T17:43:01 - [MESSAGE][PASSED] - Scroll to object 'Object Repository/valorado/Page_Olva Courier  Datos Personales/button_Ingrese el punto de llegada' successfully

27-11-2024T17:43:01 - [TEST_STEP][PASSED] - click(findTestObject("Object Repository/valorado/Page_Olva Courier  Datos Personales/button_Ingrese el punto de llegada")): Object: 'Object Repository/valorado/Page_Olva Courier  Datos Personales/button_Ingrese el punto de llegada' is clicked on

27-11-2024T17:43:02 - [MESSAGE][PASSED] - Object: 'Object Repository/valorado/Page_Olva Courier  Datos Personales/button_Ingrese el punto de llegada' is clicked on

27-11-2024T17:43:02 - [TEST_STEP][PASSED] - click(findTestObject("Object Repository/valorado/Page_Olva Courier  Datos Personales/a_ANCASH - HUARAZ - HUARAZ")): Object: 'Object Repository/valorado/Page_Olva Courier  Datos Personales/a_ANCASH - HUARAZ - HUARAZ' is clicked on

27-11-2024T17:43:03 - [MESSAGE][PASSED] - Object: 'Object Repository/valorado/Page_Olva Courier  Datos Personales/a_ANCASH - HUARAZ - HUARAZ' is clicked on

27-11-2024T17:43:03 - [TEST_STEP][PASSED] - click(findTestObject("Object Repository/valorado/Page_Olva Courier  Datos Personales/button_Tipo de entrega")): Object: 'Object Repository/valorado/Page_Olva Courier  Datos Personales/button_Tipo de entrega' is clicked on

27-11-2024T17:43:03 - [MESSAGE][PASSED] - Object: 'Object Repository/valorado/Page_Olva Courier  Datos Personales/button_Tipo de entrega' is clicked on

27-11-2024T17:43:03 - [TEST_STEP][PASSED] - click(findTestObject("Object Repository/valorado/Page_Olva Courier  Datos Personales/a_Recojo en tienda")): Object: 'Object Repository/valorado/Page_Olva Courier  Datos Personales/a_Recojo en tienda' is clicked on

27-11-2024T17:43:04 - [MESSAGE][PASSED] - Object: 'Object Repository/valorado/Page_Olva Courier  Datos Personales/a_Recojo en tienda' is clicked on

27-11-2024T17:43:04 - [TEST_STEP][PASSED] - click(findTestObject("Object Repository/valorado/Page_Olva Courier  Datos Personales/button_Tienda")): Object: 'Object Repository/valorado/Page_Olva Courier  Datos Personales/button_Tienda' is clicked on

27-11-2024T17:43:05 - [MESSAGE][PASSED] - Object: 'Object Repository/valorado/Page_Olva Courier  Datos Personales/button_Tienda' is clicked on

27-11-2024T17:43:05 - [TEST_STEP][PASSED] - click(findTestObject("Object Repository/valorado/Page_Olva Courier  Datos Personales/span_TIENDA HUARAZ - HUARAZ - AV MARISCAL A_1d6adb")): Object: 'Object Repository/valorado/Page_Olva Courier  Datos Personales/span_TIENDA HUARAZ - HUARAZ - AV MARISCAL A_1d6adb' is clicked on

27-11-2024T17:43:06 - [MESSAGE][PASSED] - Object: 'Object Repository/valorado/Page_Olva Courier  Datos Personales/span_TIENDA HUARAZ - HUARAZ - AV MARISCAL A_1d6adb' is clicked on

27-11-2024T17:43:06 - [TEST_STEP][PASSED] - scrollToElement(findTestObject("Object Repository/valorado/Page_Olva Courier  Datos Personales/button_Tipo De Documento_1"), 0): Scroll to object 'Object Repository/valorado/Page_Olva Courier  Datos Personales/button_Tipo De Documento_1' successfully

27-11-2024T17:43:06 - [MESSAGE][WARNING] - Timeout '0' is invalid. Using default page load timeout: '30'

27-11-2024T17:43:06 - [MESSAGE][PASSED] - Scroll to object 'Object Repository/valorado/Page_Olva Courier  Datos Personales/button_Tipo De Documento_1' successfully

27-11-2024T17:43:06 - [TEST_STEP][PASSED] - click(findTestObject("Object Repository/valorado/Page_Olva Courier  Datos Personales/button_Tipo De Documento_1")): Object: 'Object Repository/valorado/Page_Olva Courier  Datos Personales/button_Tipo De Documento_1' is clicked on

27-11-2024T17:43:07 - [MESSAGE][PASSED] - Object: 'Object Repository/valorado/Page_Olva Courier  Datos Personales/button_Tipo De Documento_1' is clicked on

27-11-2024T17:43:07 - [TEST_STEP][PASSED] - click(findTestObject("Object Repository/valorado/Page_Olva Courier  Datos Personales/a_DNI")): Object: 'Object Repository/valorado/Page_Olva Courier  Datos Personales/a_DNI' is clicked on

27-11-2024T17:43:07 - [MESSAGE][PASSED] - Object: 'Object Repository/valorado/Page_Olva Courier  Datos Personales/a_DNI' is clicked on

27-11-2024T17:43:07 - [TEST_STEP][PASSED] - setText(findTestObject("Object Repository/valorado/Page_Olva Courier  Datos Personales/input_CARN EXT_txt_consignado_dni"), "71735785"): Text '71735785' is set on object 'Object Repository/valorado/Page_Olva Courier  Datos Personales/input_CARN EXT_txt_consignado_dni'

27-11-2024T17:43:08 - [MESSAGE][PASSED] - Text '71735785' is set on object 'Object Repository/valorado/Page_Olva Courier  Datos Personales/input_CARN EXT_txt_consignado_dni'

27-11-2024T17:43:08 - [TEST_STEP][PASSED] - scrollToElement(findTestObject("Object Repository/valorado/Page_Olva Courier  Datos Personales/button_CONTINUAR"), 0): Scroll to object 'Object Repository/valorado/Page_Olva Courier  Datos Personales/button_CONTINUAR' successfully

27-11-2024T17:43:08 - [MESSAGE][WARNING] - Timeout '0' is invalid. Using default page load timeout: '30'

27-11-2024T17:43:12 - [MESSAGE][PASSED] - Scroll to object 'Object Repository/valorado/Page_Olva Courier  Datos Personales/button_CONTINUAR' successfully

27-11-2024T17:43:12 - [TEST_STEP][PASSED] - click(findTestObject("Object Repository/valorado/Page_Olva Courier  Datos Personales/button_CONTINUAR")): Object: 'Object Repository/valorado/Page_Olva Courier  Datos Personales/button_CONTINUAR' is clicked on

27-11-2024T17:43:13 - [MESSAGE][PASSED] - Object: 'Object Repository/valorado/Page_Olva Courier  Datos Personales/button_CONTINUAR' is clicked on

27-11-2024T17:43:13 - [TEST_STEP][PASSED] - click(findTestObject("Object Repository/valorado/Page_Olva Courier  Confirma tus datos/button_Editar")): Object: 'Object Repository/valorado/Page_Olva Courier  Confirma tus datos/button_Editar' is clicked on

27-11-2024T17:43:22 - [MESSAGE][PASSED] - Object: 'Object Repository/valorado/Page_Olva Courier  Confirma tus datos/button_Editar' is clicked on

27-11-2024T17:43:22 - [TEST_STEP][PASSED] - setText(findTestObject("Object Repository/valorado/Page_Olva Courier  Datos Personales/input_UTILES DE OFICINA_txt_paquete_valor"), "800"): Text '800' is set on object 'Object Repository/valorado/Page_Olva Courier  Datos Personales/input_UTILES DE OFICINA_txt_paquete_valor'

27-11-2024T17:43:23 - [MESSAGE][PASSED] - Text '800' is set on object 'Object Repository/valorado/Page_Olva Courier  Datos Personales/input_UTILES DE OFICINA_txt_paquete_valor'

27-11-2024T17:43:23 - [TEST_STEP][PASSED] - scrollToElement(findTestObject("Object Repository/valorado/Page_Olva Courier  Datos Personales/button_CONTINUAR"), 0): Scroll to object 'Object Repository/valorado/Page_Olva Courier  Datos Personales/button_CONTINUAR' successfully

27-11-2024T17:43:23 - [MESSAGE][WARNING] - Timeout '0' is invalid. Using default page load timeout: '30'

27-11-2024T17:43:24 - [MESSAGE][PASSED] - Scroll to object 'Object Repository/valorado/Page_Olva Courier  Datos Personales/button_CONTINUAR' successfully

27-11-2024T17:43:24 - [TEST_STEP][PASSED] - click(findTestObject("Object Repository/valorado/Page_Olva Courier  Datos Personales/button_CONTINUAR")): Object: 'Object Repository/valorado/Page_Olva Courier  Datos Personales/button_CONTINUAR' is clicked on

27-11-2024T17:43:24 - [MESSAGE][PASSED] - Object: 'Object Repository/valorado/Page_Olva Courier  Datos Personales/button_CONTINUAR' is clicked on

27-11-2024T17:43:24 - [TEST_STEP][PASSED] - click(findTestObject("Object Repository/valorado/Page_Olva Courier  Confirma tus datos/button_Editar")): Object: 'Object Repository/valorado/Page_Olva Courier  Confirma tus datos/button_Editar' is clicked on

27-11-2024T17:43:33 - [MESSAGE][PASSED] - Object: 'Object Repository/valorado/Page_Olva Courier  Confirma tus datos/button_Editar' is clicked on

27-11-2024T17:43:33 - [TEST_STEP][PASSED] - setText(findTestObject("Object Repository/valorado/Page_Olva Courier  Datos Personales/input_UTILES DE OFICINA_txt_paquete_valor"), "1600"): Text '1600' is set on object 'Object Repository/valorado/Page_Olva Courier  Datos Personales/input_UTILES DE OFICINA_txt_paquete_valor'

27-11-2024T17:43:35 - [MESSAGE][PASSED] - Text '1600' is set on object 'Object Repository/valorado/Page_Olva Courier  Datos Personales/input_UTILES DE OFICINA_txt_paquete_valor'

27-11-2024T17:43:35 - [TEST_STEP][PASSED] - scrollToElement(findTestObject("Object Repository/valorado/Page_Olva Courier  Datos Personales/button_CONTINUAR"), 0): Scroll to object 'Object Repository/valorado/Page_Olva Courier  Datos Personales/button_CONTINUAR' successfully

27-11-2024T17:43:35 - [MESSAGE][WARNING] - Timeout '0' is invalid. Using default page load timeout: '30'

27-11-2024T17:43:36 - [MESSAGE][PASSED] - Scroll to object 'Object Repository/valorado/Page_Olva Courier  Datos Personales/button_CONTINUAR' successfully

27-11-2024T17:43:36 - [TEST_STEP][FAILED] - click(findTestObject("Object Repository/valorado/Page_Olva Courier  Datos Personales/button_CONTINUAR")): Unable to click on object 'Object Repository/valorado/Page_Olva Courier  Datos Personales/button_CONTINUAR' (Root cause: com.kms.katalon.core.exception.StepFailedException: Unable to click on object 'Object Repository/valorado/Page_Olva Courier  Datos Personales/button_CONTINUAR'
	at com.kms.katalon.core.webui.keyword.internal.WebUIKeywordMain.stepFailed(WebUIKeywordMain.groovy:117)
	at com.kms.katalon.core.webui.keyword.internal.WebUIKeywordMain.runKeyword(WebUIKeywordMain.groovy:43)
	at com.kms.katalon.core.webui.keyword.builtin.ClickKeyword.click(ClickKeyword.groovy:74)
	at com.kms.katalon.core.webui.keyword.builtin.ClickKeyword.execute(ClickKeyword.groovy:40)
	at com.kms.katalon.core.keyword.internal.KeywordExecutor.executeKeywordForPlatform(KeywordExecutor.groovy:74)
	at com.kms.katalon.core.webui.keyword.WebUiBuiltInKeywords.click(WebUiBuiltInKeywords.groovy:659)
	at EditarValorado.run(EditarValorado:86)
	at com.kms.katalon.core.main.ScriptEngine.run(ScriptEngine.java:194)
	at com.kms.katalon.core.main.ScriptEngine.runScriptAsRawText(ScriptEngine.java:119)
	at com.kms.katalon.core.main.TestCaseExecutor.runScript(TestCaseExecutor.java:448)
	at com.kms.katalon.core.main.TestCaseExecutor.doExecute(TestCaseExecutor.java:439)
	at com.kms.katalon.core.main.TestCaseExecutor.processExecutionPhase(TestCaseExecutor.java:418)
	at com.kms.katalon.core.main.TestCaseExecutor.accessMainPhase(TestCaseExecutor.java:410)
	at com.kms.katalon.core.main.TestCaseExecutor.execute(TestCaseExecutor.java:285)
	at com.kms.katalon.core.common.CommonExecutor.accessTestCaseMainPhase(CommonExecutor.java:65)
	at com.kms.katalon.core.main.TestSuiteExecutor.accessTestSuiteMainPhase(TestSuiteExecutor.java:150)
	at com.kms.katalon.core.main.TestSuiteExecutor.execute(TestSuiteExecutor.java:106)
	at com.kms.katalon.core.main.TestCaseMain.startTestSuite(TestCaseMain.java:180)
	at TempTestSuite1732745349578.run(TempTestSuite1732745349578.groovy:35)
	at java.base/jdk.internal.reflect.NativeMethodAccessorImpl.invoke0(Native Method)
	at java.base/jdk.internal.reflect.NativeMethodAccessorImpl.invoke(NativeMethodAccessorImpl.java:77)
	at java.base/jdk.internal.reflect.DelegatingMethodAccessorImpl.invoke(DelegatingMethodAccessorImpl.java:43)
Caused by: org.openqa.selenium.ElementClickInterceptedException: Element <button id="btn_guardar_datos_personales" class="btn btn-warning mt-10" type="button"> is not clickable at point (675,376) because another element <div id="myModalMilOficina" class="modal fade modal-notify modal-warning in"> obscures it
Build info: version: '3.141.59', revision: 'unknown', time: 'unknown'
System info: host: 'DESKTOP-RGFFP9A', ip: '10.136.10.6', os.name: 'Windows 11', os.arch: 'amd64', os.version: '10.0', java.version: '17.0.7'
Driver info: com.kms.katalon.core.webui.driver.firefox.CGeckoDriver
Capabilities {acceptInsecureCerts: true, browserName: firefox, browserVersion: 133.0, javascriptEnabled: true, moz:accessibilityChecks: false, moz:buildID: 20241121140525, moz:geckodriverVersion: 0.35.0, moz:headless: false, moz:platformVersion: 10.0, moz:processID: 23860, moz:profile: C:\Users\OLVATI\AppData\Loc..., moz:shutdownTimeout: 60000, moz:webdriverClick: true, moz:windowless: false, pageLoadStrategy: normal, platform: WINDOWS, platformName: WINDOWS, proxy: Proxy(direct), setWindowRect: true, strictFileInteractability: false, timeouts: {implicit: 0, pageLoad: 300000, script: 30000}, unhandledPromptBehavior: dismiss and notify, userAgent: Mozilla/5.0 (Windows NT 10....}
Session ID: 96ee0b00-8fa3-43e7-9169-32563fa48a18
	at jdk.internal.reflect.GeneratedConstructorAccessor32.newInstance(Unknown Source)
	at java.base/jdk.internal.reflect.DelegatingConstructorAccessorImpl.newInstance(DelegatingConstructorAccessorImpl.java:45)
	at org.openqa.selenium.remote.http.W3CHttpResponseCodec.createException(W3CHttpResponseCodec.java:187)
	at org.openqa.selenium.remote.http.W3CHttpResponseCodec.decode(W3CHttpResponseCodec.java:122)
	at org.openqa.selenium.remote.http.W3CHttpResponseCodec.decode(W3CHttpResponseCodec.java:49)
	at org.openqa.selenium.remote.HttpCommandExecutor.execute(HttpCommandExecutor.java:158)
	at org.openqa.selenium.remote.service.DriverCommandExecutor.execute(DriverCommandExecutor.java:83)
	at org.openqa.selenium.remote.RemoteWebDriver.execute(RemoteWebDriver.java:552)
	at com.kms.katalon.selenium.driver.CFirefoxDriver.execute(CFirefoxDriver.java:28)
	at org.openqa.selenium.remote.RemoteWebElement.execute(RemoteWebElement.java:285)
	at org.openqa.selenium.remote.RemoteWebElement.click(RemoteWebElement.java:84)
	at jdk.internal.reflect.GeneratedMethodAccessor10.invoke(Unknown Source)
	at java.base/jdk.internal.reflect.DelegatingMethodAccessorImpl.invoke(DelegatingMethodAccessorImpl.java:43)
	at org.openqa.selenium.support.events.EventFiringWebDriver$EventFiringWebElement.lambda$new$0(EventFiringWebDriver.java:404)
	at jdk.proxy2/jdk.proxy2.$Proxy21.click(Unknown Source)
	at org.openqa.selenium.support.events.EventFiringWebDriver$EventFiringWebElement.click(EventFiringWebDriver.java:417)
	at org.openqa.selenium.WebElement$click.call(Unknown Source)
	at com.kms.katalon.core.webui.keyword.builtin.ClickKeyword.clickUntilSuccessWithTimeout(ClickKeyword.groovy:81)
	at com.kms.katalon.core.webui.keyword.builtin.ClickKeyword.clickUntilSuccessWithTimeout(ClickKeyword.groovy)
	at jdk.internal.reflect.GeneratedMethodAccessor8.invoke(Unknown Source)
	at java.base/jdk.internal.reflect.DelegatingMethodAccessorImpl.invoke(DelegatingMethodAccessorImpl.java:43)
	at com.kms.katalon.core.webui.keyword.builtin.ClickKeyword$_click_closure1.doCall(ClickKeyword.groovy:67)
	at com.kms.katalon.core.webui.keyword.builtin.ClickKeyword$_click_closure1.call(ClickKeyword.groovy)
	at com.kms.katalon.core.webui.keyword.internal.WebUIKeywordMain.runKeyword(WebUIKeywordMain.groovy:35)
	at com.kms.katalon.core.webui.keyword.builtin.ClickKeyword.click(ClickKeyword.groovy:74)
	at com.kms.katalon.core.webui.keyword.builtin.ClickKeyword.execute(ClickKeyword.groovy:40)
	at com.kms.katalon.core.keyword.internal.KeywordExecutor.executeKeywordForPlatform(KeywordExecutor.groovy:74)
	at com.kms.katalon.core.webui.keyword.WebUiBuiltInKeywords.click(WebUiBuiltInKeywords.groovy:659)
	at Script1732089935650.run(Script1732089935650.groovy:86)
	... 15 more
)

27-11-2024T17:44:07 - [MESSAGE][FAILED] - Unable to click on object 'Object Repository/valorado/Page_Olva Courier  Datos Personales/button_CONTINUAR' (Root cause: com.kms.katalon.core.exception.StepFailedException: Unable to click on object 'Object Repository/valorado/Page_Olva Courier  Datos Personales/button_CONTINUAR'
	at com.kms.katalon.core.webui.keyword.internal.WebUIKeywordMain.stepFailed(WebUIKeywordMain.groovy:117)
	at com.kms.katalon.core.webui.keyword.internal.WebUIKeywordMain.runKeyword(WebUIKeywordMain.groovy:43)
	at com.kms.katalon.core.webui.keyword.builtin.ClickKeyword.click(ClickKeyword.groovy:74)
	at com.kms.katalon.core.webui.keyword.builtin.ClickKeyword.execute(ClickKeyword.groovy:40)
	at com.kms.katalon.core.keyword.internal.KeywordExecutor.executeKeywordForPlatform(KeywordExecutor.groovy:74)
	at com.kms.katalon.core.webui.keyword.WebUiBuiltInKeywords.click(WebUiBuiltInKeywords.groovy:659)
	at EditarValorado.run(EditarValorado:86)
	at com.kms.katalon.core.main.ScriptEngine.run(ScriptEngine.java:194)
	at com.kms.katalon.core.main.ScriptEngine.runScriptAsRawText(ScriptEngine.java:119)
	at com.kms.katalon.core.main.TestCaseExecutor.runScript(TestCaseExecutor.java:448)
	at com.kms.katalon.core.main.TestCaseExecutor.doExecute(TestCaseExecutor.java:439)
	at com.kms.katalon.core.main.TestCaseExecutor.processExecutionPhase(TestCaseExecutor.java:418)
	at com.kms.katalon.core.main.TestCaseExecutor.accessMainPhase(TestCaseExecutor.java:410)
	at com.kms.katalon.core.main.TestCaseExecutor.execute(TestCaseExecutor.java:285)
	at com.kms.katalon.core.common.CommonExecutor.accessTestCaseMainPhase(CommonExecutor.java:65)
	at com.kms.katalon.core.main.TestSuiteExecutor.accessTestSuiteMainPhase(TestSuiteExecutor.java:150)
	at com.kms.katalon.core.main.TestSuiteExecutor.execute(TestSuiteExecutor.java:106)
	at com.kms.katalon.core.main.TestCaseMain.startTestSuite(TestCaseMain.java:180)
	at TempTestSuite1732745349578.run(TempTestSuite1732745349578.groovy:35)
	at java.base/jdk.internal.reflect.NativeMethodAccessorImpl.invoke0(Native Method)
	at java.base/jdk.internal.reflect.NativeMethodAccessorImpl.invoke(NativeMethodAccessorImpl.java:77)
	at java.base/jdk.internal.reflect.DelegatingMethodAccessorImpl.invoke(DelegatingMethodAccessorImpl.java:43)
Caused by: org.openqa.selenium.ElementClickInterceptedException: Element <button id="btn_guardar_datos_personales" class="btn btn-warning mt-10" type="button"> is not clickable at point (675,376) because another element <div id="myModalMilOficina" class="modal fade modal-notify modal-warning in"> obscures it
Build info: version: '3.141.59', revision: 'unknown', time: 'unknown'
System info: host: 'DESKTOP-RGFFP9A', ip: '10.136.10.6', os.name: 'Windows 11', os.arch: 'amd64', os.version: '10.0', java.version: '17.0.7'
Driver info: com.kms.katalon.core.webui.driver.firefox.CGeckoDriver
Capabilities {acceptInsecureCerts: true, browserName: firefox, browserVersion: 133.0, javascriptEnabled: true, moz:accessibilityChecks: false, moz:buildID: 20241121140525, moz:geckodriverVersion: 0.35.0, moz:headless: false, moz:platformVersion: 10.0, moz:processID: 23860, moz:profile: C:\Users\OLVATI\AppData\Loc..., moz:shutdownTimeout: 60000, moz:webdriverClick: true, moz:windowless: false, pageLoadStrategy: normal, platform: WINDOWS, platformName: WINDOWS, proxy: Proxy(direct), setWindowRect: true, strictFileInteractability: false, timeouts: {implicit: 0, pageLoad: 300000, script: 30000}, unhandledPromptBehavior: dismiss and notify, userAgent: Mozilla/5.0 (Windows NT 10....}
Session ID: 96ee0b00-8fa3-43e7-9169-32563fa48a18
	at jdk.internal.reflect.GeneratedConstructorAccessor32.newInstance(Unknown Source)
	at java.base/jdk.internal.reflect.DelegatingConstructorAccessorImpl.newInstance(DelegatingConstructorAccessorImpl.java:45)
	at org.openqa.selenium.remote.http.W3CHttpResponseCodec.createException(W3CHttpResponseCodec.java:187)
	at org.openqa.selenium.remote.http.W3CHttpResponseCodec.decode(W3CHttpResponseCodec.java:122)
	at org.openqa.selenium.remote.http.W3CHttpResponseCodec.decode(W3CHttpResponseCodec.java:49)
	at org.openqa.selenium.remote.HttpCommandExecutor.execute(HttpCommandExecutor.java:158)
	at org.openqa.selenium.remote.service.DriverCommandExecutor.execute(DriverCommandExecutor.java:83)
	at org.openqa.selenium.remote.RemoteWebDriver.execute(RemoteWebDriver.java:552)
	at com.kms.katalon.selenium.driver.CFirefoxDriver.execute(CFirefoxDriver.java:28)
	at org.openqa.selenium.remote.RemoteWebElement.execute(RemoteWebElement.java:285)
	at org.openqa.selenium.remote.RemoteWebElement.click(RemoteWebElement.java:84)
	at jdk.internal.reflect.GeneratedMethodAccessor10.invoke(Unknown Source)
	at java.base/jdk.internal.reflect.DelegatingMethodAccessorImpl.invoke(DelegatingMethodAccessorImpl.java:43)
	at org.openqa.selenium.support.events.EventFiringWebDriver$EventFiringWebElement.lambda$new$0(EventFiringWebDriver.java:404)
	at jdk.proxy2/jdk.proxy2.$Proxy21.click(Unknown Source)
	at org.openqa.selenium.support.events.EventFiringWebDriver$EventFiringWebElement.click(EventFiringWebDriver.java:417)
	at org.openqa.selenium.WebElement$click.call(Unknown Source)
	at com.kms.katalon.core.webui.keyword.builtin.ClickKeyword.clickUntilSuccessWithTimeout(ClickKeyword.groovy:81)
	at com.kms.katalon.core.webui.keyword.builtin.ClickKeyword.clickUntilSuccessWithTimeout(ClickKeyword.groovy)
	at jdk.internal.reflect.GeneratedMethodAccessor8.invoke(Unknown Source)
	at java.base/jdk.internal.reflect.DelegatingMethodAccessorImpl.invoke(DelegatingMethodAccessorImpl.java:43)
	at com.kms.katalon.core.webui.keyword.builtin.ClickKeyword$_click_closure1.doCall(ClickKeyword.groovy:67)
	at com.kms.katalon.core.webui.keyword.builtin.ClickKeyword$_click_closure1.call(ClickKeyword.groovy)
	at com.kms.katalon.core.webui.keyword.internal.WebUIKeywordMain.runKeyword(WebUIKeywordMain.groovy:35)
	at com.kms.katalon.core.webui.keyword.builtin.ClickKeyword.click(ClickKeyword.groovy:74)
	at com.kms.katalon.core.webui.keyword.builtin.ClickKeyword.execute(ClickKeyword.groovy:40)
	at com.kms.katalon.core.keyword.internal.KeywordExecutor.executeKeywordForPlatform(KeywordExecutor.groovy:74)
	at com.kms.katalon.core.webui.keyword.WebUiBuiltInKeywords.click(WebUiBuiltInKeywords.groovy:659)
	at Script1732089935650.run(Script1732089935650.groovy:86)
	... 15 more
)]]></system-out>
         <system-err><![CDATA[27-11-2024T17:42:29 - [TEST_CASE][FAILED] - Test Cases/2.Positivos/2.1Paquete/Origen-Lima/2.Valorado/Entrega_Domicilio/EditarValorado: Test Cases/2.Positivos/2.1Paquete/Origen-Lima/2.Valorado/Entrega_Domicilio/EditarValorado FAILED.
Reason:
com.kms.katalon.core.exception.StepFailedException: Unable to click on object 'Object Repository/valorado/Page_Olva Courier  Datos Personales/button_CONTINUAR'
	at com.kms.katalon.core.webui.keyword.internal.WebUIKeywordMain.stepFailed(WebUIKeywordMain.groovy:117)
	at com.kms.katalon.core.webui.keyword.internal.WebUIKeywordMain.runKeyword(WebUIKeywordMain.groovy:43)
	at com.kms.katalon.core.webui.keyword.builtin.ClickKeyword.click(ClickKeyword.groovy:74)
	at com.kms.katalon.core.webui.keyword.builtin.ClickKeyword.execute(ClickKeyword.groovy:40)
	at com.kms.katalon.core.keyword.internal.KeywordExecutor.executeKeywordForPlatform(KeywordExecutor.groovy:74)
	at com.kms.katalon.core.webui.keyword.WebUiBuiltInKeywords.click(WebUiBuiltInKeywords.groovy:659)
	at EditarValorado.run(EditarValorado:86)
	at com.kms.katalon.core.main.ScriptEngine.run(ScriptEngine.java:194)
	at com.kms.katalon.core.main.ScriptEngine.runScriptAsRawText(ScriptEngine.java:119)
	at com.kms.katalon.core.main.TestCaseExecutor.runScript(TestCaseExecutor.java:448)
	at com.kms.katalon.core.main.TestCaseExecutor.doExecute(TestCaseExecutor.java:439)
	at com.kms.katalon.core.main.TestCaseExecutor.processExecutionPhase(TestCaseExecutor.java:418)
	at com.kms.katalon.core.main.TestCaseExecutor.accessMainPhase(TestCaseExecutor.java:410)
	at com.kms.katalon.core.main.TestCaseExecutor.execute(TestCaseExecutor.java:285)
	at com.kms.katalon.core.common.CommonExecutor.accessTestCaseMainPhase(CommonExecutor.java:65)
	at com.kms.katalon.core.main.TestSuiteExecutor.accessTestSuiteMainPhase(TestSuiteExecutor.java:150)
	at com.kms.katalon.core.main.TestSuiteExecutor.execute(TestSuiteExecutor.java:106)
	at com.kms.katalon.core.main.TestCaseMain.startTestSuite(TestCaseMain.java:180)
	at TempTestSuite1732745349578.run(TempTestSuite1732745349578.groovy:35)
	at java.base/jdk.internal.reflect.NativeMethodAccessorImpl.invoke0(Native Method)
	at java.base/jdk.internal.reflect.NativeMethodAccessorImpl.invoke(NativeMethodAccessorImpl.java:77)
	at java.base/jdk.internal.reflect.DelegatingMethodAccessorImpl.invoke(DelegatingMethodAccessorImpl.java:43)
Caused by: org.openqa.selenium.ElementClickInterceptedException: Element <button id="btn_guardar_datos_personales" class="btn btn-warning mt-10" type="button"> is not clickable at point (675,376) because another element <div id="myModalMilOficina" class="modal fade modal-notify modal-warning in"> obscures it
Build info: version: '3.141.59', revision: 'unknown', time: 'unknown'
System info: host: 'DESKTOP-RGFFP9A', ip: '10.136.10.6', os.name: 'Windows 11', os.arch: 'amd64', os.version: '10.0', java.version: '17.0.7'
Driver info: com.kms.katalon.core.webui.driver.firefox.CGeckoDriver
Capabilities {acceptInsecureCerts: true, browserName: firefox, browserVersion: 133.0, javascriptEnabled: true, moz:accessibilityChecks: false, moz:buildID: 20241121140525, moz:geckodriverVersion: 0.35.0, moz:headless: false, moz:platformVersion: 10.0, moz:processID: 23860, moz:profile: C:\Users\OLVATI\AppData\Loc..., moz:shutdownTimeout: 60000, moz:webdriverClick: true, moz:windowless: false, pageLoadStrategy: normal, platform: WINDOWS, platformName: WINDOWS, proxy: Proxy(direct), setWindowRect: true, strictFileInteractability: false, timeouts: {implicit: 0, pageLoad: 300000, script: 30000}, unhandledPromptBehavior: dismiss and notify, userAgent: Mozilla/5.0 (Windows NT 10....}
Session ID: 96ee0b00-8fa3-43e7-9169-32563fa48a18
	at jdk.internal.reflect.GeneratedConstructorAccessor32.newInstance(Unknown Source)
	at java.base/jdk.internal.reflect.DelegatingConstructorAccessorImpl.newInstance(DelegatingConstructorAccessorImpl.java:45)
	at org.openqa.selenium.remote.http.W3CHttpResponseCodec.createException(W3CHttpResponseCodec.java:187)
	at org.openqa.selenium.remote.http.W3CHttpResponseCodec.decode(W3CHttpResponseCodec.java:122)
	at org.openqa.selenium.remote.http.W3CHttpResponseCodec.decode(W3CHttpResponseCodec.java:49)
	at org.openqa.selenium.remote.HttpCommandExecutor.execute(HttpCommandExecutor.java:158)
	at org.openqa.selenium.remote.service.DriverCommandExecutor.execute(DriverCommandExecutor.java:83)
	at org.openqa.selenium.remote.RemoteWebDriver.execute(RemoteWebDriver.java:552)
	at com.kms.katalon.selenium.driver.CFirefoxDriver.execute(CFirefoxDriver.java:28)
	at org.openqa.selenium.remote.RemoteWebElement.execute(RemoteWebElement.java:285)
	at org.openqa.selenium.remote.RemoteWebElement.click(RemoteWebElement.java:84)
	at jdk.internal.reflect.GeneratedMethodAccessor10.invoke(Unknown Source)
	at java.base/jdk.internal.reflect.DelegatingMethodAccessorImpl.invoke(DelegatingMethodAccessorImpl.java:43)
	at org.openqa.selenium.support.events.EventFiringWebDriver$EventFiringWebElement.lambda$new$0(EventFiringWebDriver.java:404)
	at jdk.proxy2/jdk.proxy2.$Proxy21.click(Unknown Source)
	at org.openqa.selenium.support.events.EventFiringWebDriver$EventFiringWebElement.click(EventFiringWebDriver.java:417)
	at org.openqa.selenium.WebElement$click.call(Unknown Source)
	at com.kms.katalon.core.webui.keyword.builtin.ClickKeyword.clickUntilSuccessWithTimeout(ClickKeyword.groovy:81)
	at com.kms.katalon.core.webui.keyword.builtin.ClickKeyword.clickUntilSuccessWithTimeout(ClickKeyword.groovy)
	at jdk.internal.reflect.GeneratedMethodAccessor8.invoke(Unknown Source)
	at java.base/jdk.internal.reflect.DelegatingMethodAccessorImpl.invoke(DelegatingMethodAccessorImpl.java:43)
	at com.kms.katalon.core.webui.keyword.builtin.ClickKeyword$_click_closure1.doCall(ClickKeyword.groovy:67)
	at com.kms.katalon.core.webui.keyword.builtin.ClickKeyword$_click_closure1.call(ClickKeyword.groovy)
	at com.kms.katalon.core.webui.keyword.internal.WebUIKeywordMain.runKeyword(WebUIKeywordMain.groovy:35)
	... 20 more]]></system-err>
      </testcase>
      <testcase name="Test Cases/2.Positivos/2.1Paquete/Origen-Lima/2.Valorado/Entrega_Domicilio/DecJura-Paquete" time="47.001" classname="Test Cases/2.Positivos/2.1Paquete/Origen-Lima/2.Valorado/Entrega_Domicilio/DecJura-Paquete" status="FAILED">
         <failure type="FAILED" message="Test Cases/2.Positivos/2.1Paquete/Origen-Lima/2.Valorado/Entrega_Domicilio/DecJura-Paquete FAILED.&#xa;Reason:&#xa;com.kms.katalon.core.exception.StepFailedException: Actual text '' and expected text 'He leído la' of test object 'Object Repository/valorado/Page_Olva Courier  Confirma tus datos/div_He ledo la (1)' are NOT matched. (Root cause: com.kms.katalon.core.exception.StepFailedException: Actual text '' and expected text 'He leído la' of test object 'Object Repository/valorado/Page_Olva Courier  Confirma tus datos/div_He ledo la (1)' are NOT matched.&#xa;	at com.kms.katalon.core.webui.keyword.internal.WebUIKeywordMain.stepFailed(WebUIKeywordMain.groovy:117)&#xa;	at com.kms.katalon.core.webui.keyword.builtin.VerifyElementTextKeyword$_verifyElementText_closure1.doCall(VerifyElementTextKeyword.groovy:57)&#xa;	at com.kms.katalon.core.webui.keyword.builtin.VerifyElementTextKeyword$_verifyElementText_closure1.call(VerifyElementTextKeyword.groovy)&#xa;	at com.kms.katalon.core.webui.keyword.internal.WebUIKeywordMain.runKeyword(WebUIKeywordMain.groovy:35)&#xa;	at com.kms.katalon.core.webui.keyword.builtin.VerifyElementTextKeyword.verifyElementText(VerifyElementTextKeyword.groovy:72)&#xa;	at com.kms.katalon.core.webui.keyword.builtin.VerifyElementTextKeyword.execute(VerifyElementTextKeyword.groovy:40)&#xa;	at com.kms.katalon.core.keyword.internal.KeywordExecutor.executeKeywordForPlatform(KeywordExecutor.groovy:74)&#xa;	at com.kms.katalon.core.webui.keyword.WebUiBuiltInKeywords.verifyElementText(WebUiBuiltInKeywords.groovy:4819)&#xa;	at DecJura-Paquete.run(DecJura-Paquete:70)&#xa;	at com.kms.katalon.core.main.ScriptEngine.run(ScriptEngine.java:194)&#xa;	at com.kms.katalon.core.main.ScriptEngine.runScriptAsRawText(ScriptEngine.java:119)&#xa;	at com.kms.katalon.core.main.TestCaseExecutor.runScript(TestCaseExecutor.java:448)&#xa;	at com.kms.katalon.core.main.TestCaseExecutor.doExecute(TestCaseExecutor.java:439)&#xa;	at com.kms.katalon.core.main.TestCaseExecutor.processExecutionPhase(TestCaseExecutor.java:418)&#xa;	at com.kms.katalon.core.main.TestCaseExecutor.accessMainPhase(TestCaseExecutor.java:410)&#xa;	at com.kms.katalon.core.main.TestCaseExecutor.execute(TestCaseExecutor.java:285)&#xa;	at com.kms.katalon.core.common.CommonExecutor.accessTestCaseMainPhase(CommonExecutor.java:65)&#xa;	at com.kms.katalon.core.main.TestSuiteExecutor.accessTestSuiteMainPhase(TestSuiteExecutor.java:150)&#xa;	at com.kms.katalon.core.main.TestSuiteExecutor.execute(TestSuiteExecutor.java:106)&#xa;	at com.kms.katalon.core.main.TestCaseMain.startTestSuite(TestCaseMain.java:180)&#xa;	at TempTestSuite1732745349578.run(TempTestSuite1732745349578.groovy:35)&#xa;	at java.base/jdk.internal.reflect.NativeMethodAccessorImpl.invoke0(Native Method)&#xa;	at java.base/jdk.internal.reflect.NativeMethodAccessorImpl.invoke(NativeMethodAccessorImpl.java:77)&#xa;	at java.base/jdk.internal.reflect.DelegatingMethodAccessorImpl.invoke(DelegatingMethodAccessorImpl.java:43)&#xa;)&#xa;	at com.kms.katalon.core.keyword.internal.KeywordMain.stepFailed(KeywordMain.groovy:39)&#xa;	at com.kms.katalon.core.webui.keyword.internal.WebUIKeywordMain.stepFailed(WebUIKeywordMain.groovy:117)&#xa;	at com.kms.katalon.core.webui.keyword.builtin.VerifyElementTextKeyword$_verifyElementText_closure1.doCall(VerifyElementTextKeyword.groovy:57)&#xa;	at com.kms.katalon.core.webui.keyword.builtin.VerifyElementTextKeyword$_verifyElementText_closure1.call(VerifyElementTextKeyword.groovy)&#xa;	at com.kms.katalon.core.webui.keyword.internal.WebUIKeywordMain.runKeyword(WebUIKeywordMain.groovy:35)&#xa;	at com.kms.katalon.core.webui.keyword.builtin.VerifyElementTextKeyword.verifyElementText(VerifyElementTextKeyword.groovy:72)&#xa;	at com.kms.katalon.core.webui.keyword.builtin.VerifyElementTextKeyword.execute(VerifyElementTextKeyword.groovy:40)&#xa;	at com.kms.katalon.core.keyword.internal.KeywordExecutor.executeKeywordForPlatform(KeywordExecutor.groovy:74)&#xa;	at com.kms.katalon.core.webui.keyword.WebUiBuiltInKeywords.verifyElementText(WebUiBuiltInKeywords.groovy:4819)&#xa;	at DecJura-Paquete.run(DecJura-Paquete:70)&#xa;	at com.kms.katalon.core.main.ScriptEngine.run(ScriptEngine.java:194)&#xa;	at com.kms.katalon.core.main.ScriptEngine.runScriptAsRawText(ScriptEngine.java:119)&#xa;	at com.kms.katalon.core.main.TestCaseExecutor.runScript(TestCaseExecutor.java:448)&#xa;	at com.kms.katalon.core.main.TestCaseExecutor.doExecute(TestCaseExecutor.java:439)&#xa;	at com.kms.katalon.core.main.TestCaseExecutor.processExecutionPhase(TestCaseExecutor.java:418)&#xa;	at com.kms.katalon.core.main.TestCaseExecutor.accessMainPhase(TestCaseExecutor.java:410)&#xa;	at com.kms.katalon.core.main.TestCaseExecutor.execute(TestCaseExecutor.java:285)&#xa;	at com.kms.katalon.core.common.CommonExecutor.accessTestCaseMainPhase(CommonExecutor.java:65)&#xa;	at com.kms.katalon.core.main.TestSuiteExecutor.accessTestSuiteMainPhase(TestSuiteExecutor.java:150)&#xa;	at com.kms.katalon.core.main.TestSuiteExecutor.execute(TestSuiteExecutor.java:106)&#xa;	at com.kms.katalon.core.main.TestCaseMain.startTestSuite(TestCaseMain.java:180)&#xa;	at TempTestSuite1732745349578.run(TempTestSuite1732745349578.groovy:35)&#xa;	at java.base/jdk.internal.reflect.NativeMethodAccessorImpl.invoke0(Native Method)&#xa;	at java.base/jdk.internal.reflect.NativeMethodAccessorImpl.invoke(NativeMethodAccessorImpl.java:77)&#xa;	at java.base/jdk.internal.reflect.DelegatingMethodAccessorImpl.invoke(DelegatingMethodAccessorImpl.java:43)&#xa;Caused by: com.kms.katalon.core.exception.StepFailedException: Actual text '' and expected text 'He leído la' of test object 'Object Repository/valorado/Page_Olva Courier  Confirma tus datos/div_He ledo la (1)' are NOT matched.&#xa;	... 24 more&#xa;"/>
         <system-out><![CDATA[27-11-2024T17:44:07 - [TEST_CASE][FAILED] - Test Cases/2.Positivos/2.1Paquete/Origen-Lima/2.Valorado/Entrega_Domicilio/DecJura-Paquete: Test Cases/2.Positivos/2.1Paquete/Origen-Lima/2.Valorado/Entrega_Domicilio/DecJura-Paquete FAILED.
Reason:
com.kms.katalon.core.exception.StepFailedException: Actual text '' and expected text 'He leído la' of test object 'Object Repository/valorado/Page_Olva Courier  Confirma tus datos/div_He ledo la (1)' are NOT matched. (Root cause: com.kms.katalon.core.exception.StepFailedException: Actual text '' and expected text 'He leído la' of test object 'Object Repository/valorado/Page_Olva Courier  Confirma tus datos/div_He ledo la (1)' are NOT matched.
	at com.kms.katalon.core.webui.keyword.internal.WebUIKeywordMain.stepFailed(WebUIKeywordMain.groovy:117)
	at com.kms.katalon.core.webui.keyword.builtin.VerifyElementTextKeyword$_verifyElementText_closure1.doCall(VerifyElementTextKeyword.groovy:57)
	at com.kms.katalon.core.webui.keyword.builtin.VerifyElementTextKeyword$_verifyElementText_closure1.call(VerifyElementTextKeyword.groovy)
	at com.kms.katalon.core.webui.keyword.internal.WebUIKeywordMain.runKeyword(WebUIKeywordMain.groovy:35)
	at com.kms.katalon.core.webui.keyword.builtin.VerifyElementTextKeyword.verifyElementText(VerifyElementTextKeyword.groovy:72)
	at com.kms.katalon.core.webui.keyword.builtin.VerifyElementTextKeyword.execute(VerifyElementTextKeyword.groovy:40)
	at com.kms.katalon.core.keyword.internal.KeywordExecutor.executeKeywordForPlatform(KeywordExecutor.groovy:74)
	at com.kms.katalon.core.webui.keyword.WebUiBuiltInKeywords.verifyElementText(WebUiBuiltInKeywords.groovy:4819)
	at DecJura-Paquete.run(DecJura-Paquete:70)
	at com.kms.katalon.core.main.ScriptEngine.run(ScriptEngine.java:194)
	at com.kms.katalon.core.main.ScriptEngine.runScriptAsRawText(ScriptEngine.java:119)
	at com.kms.katalon.core.main.TestCaseExecutor.runScript(TestCaseExecutor.java:448)
	at com.kms.katalon.core.main.TestCaseExecutor.doExecute(TestCaseExecutor.java:439)
	at com.kms.katalon.core.main.TestCaseExecutor.processExecutionPhase(TestCaseExecutor.java:418)
	at com.kms.katalon.core.main.TestCaseExecutor.accessMainPhase(TestCaseExecutor.java:410)
	at com.kms.katalon.core.main.TestCaseExecutor.execute(TestCaseExecutor.java:285)
	at com.kms.katalon.core.common.CommonExecutor.accessTestCaseMainPhase(CommonExecutor.java:65)
	at com.kms.katalon.core.main.TestSuiteExecutor.accessTestSuiteMainPhase(TestSuiteExecutor.java:150)
	at com.kms.katalon.core.main.TestSuiteExecutor.execute(TestSuiteExecutor.java:106)
	at com.kms.katalon.core.main.TestCaseMain.startTestSuite(TestCaseMain.java:180)
	at TempTestSuite1732745349578.run(TempTestSuite1732745349578.groovy:35)
	at java.base/jdk.internal.reflect.NativeMethodAccessorImpl.invoke0(Native Method)
	at java.base/jdk.internal.reflect.NativeMethodAccessorImpl.invoke(NativeMethodAccessorImpl.java:77)
	at java.base/jdk.internal.reflect.DelegatingMethodAccessorImpl.invoke(DelegatingMethodAccessorImpl.java:43)
)
	at com.kms.katalon.core.keyword.internal.KeywordMain.stepFailed(KeywordMain.groovy:39)
	at com.kms.katalon.core.webui.keyword.internal.WebUIKeywordMain.stepFailed(WebUIKeywordMain.groovy:117)
	at com.kms.katalon.core.webui.keyword.builtin.VerifyElementTextKeyword$_verifyElementText_closure1.doCall(VerifyElementTextKeyword.groovy:57)
	at com.kms.katalon.core.webui.keyword.builtin.VerifyElementTextKeyword$_verifyElementText_closure1.call(VerifyElementTextKeyword.groovy)
	at com.kms.katalon.core.webui.keyword.internal.WebUIKeywordMain.runKeyword(WebUIKeywordMain.groovy:35)
	at com.kms.katalon.core.webui.keyword.builtin.VerifyElementTextKeyword.verifyElementText(VerifyElementTextKeyword.groovy:72)
	at com.kms.katalon.core.webui.keyword.builtin.VerifyElementTextKeyword.execute(VerifyElementTextKeyword.groovy:40)
	at com.kms.katalon.core.keyword.internal.KeywordExecutor.executeKeywordForPlatform(KeywordExecutor.groovy:74)
	at com.kms.katalon.core.webui.keyword.WebUiBuiltInKeywords.verifyElementText(WebUiBuiltInKeywords.groovy:4819)
	at DecJura-Paquete.run(DecJura-Paquete:70)
	at com.kms.katalon.core.main.ScriptEngine.run(ScriptEngine.java:194)
	at com.kms.katalon.core.main.ScriptEngine.runScriptAsRawText(ScriptEngine.java:119)
	at com.kms.katalon.core.main.TestCaseExecutor.runScript(TestCaseExecutor.java:448)
	at com.kms.katalon.core.main.TestCaseExecutor.doExecute(TestCaseExecutor.java:439)
	at com.kms.katalon.core.main.TestCaseExecutor.processExecutionPhase(TestCaseExecutor.java:418)
	at com.kms.katalon.core.main.TestCaseExecutor.accessMainPhase(TestCaseExecutor.java:410)
	at com.kms.katalon.core.main.TestCaseExecutor.execute(TestCaseExecutor.java:285)
	at com.kms.katalon.core.common.CommonExecutor.accessTestCaseMainPhase(CommonExecutor.java:65)
	at com.kms.katalon.core.main.TestSuiteExecutor.accessTestSuiteMainPhase(TestSuiteExecutor.java:150)
	at com.kms.katalon.core.main.TestSuiteExecutor.execute(TestSuiteExecutor.java:106)
	at com.kms.katalon.core.main.TestCaseMain.startTestSuite(TestCaseMain.java:180)
	at TempTestSuite1732745349578.run(TempTestSuite1732745349578.groovy:35)
	at java.base/jdk.internal.reflect.NativeMethodAccessorImpl.invoke0(Native Method)
	at java.base/jdk.internal.reflect.NativeMethodAccessorImpl.invoke(NativeMethodAccessorImpl.java:77)
	at java.base/jdk.internal.reflect.DelegatingMethodAccessorImpl.invoke(DelegatingMethodAccessorImpl.java:43)
Caused by: com.kms.katalon.core.exception.StepFailedException: Actual text '' and expected text 'He leído la' of test object 'Object Repository/valorado/Page_Olva Courier  Confirma tus datos/div_He ledo la (1)' are NOT matched.
	... 24 more


27-11-2024T17:44:08 - [TEST_STEP][PASSED] - callTestCase(findTestCase("1.Inicio/1.1Principal/Principal-home"), [:], STOP_ON_FAILURE): Call Test Case 'Test Cases/1.Inicio/1.1Principal/Principal-home' successfully

27-11-2024T17:44:08 - [TEST_CASE][PASSED] - Test Cases/1.Inicio/1.1Principal/Principal-home: Test Cases/1.Inicio/1.1Principal/Principal-home

27-11-2024T17:44:08 - [TEST_STEP][PASSED] - openBrowser(""): Browser is opened with url: ''

27-11-2024T17:44:08 - [MESSAGE][WARNING] - A browser is already opened. Closing browser and opening a new one

27-11-2024T17:44:10 - [MESSAGE][INFO] - Starting 'Firefox' driver

27-11-2024T17:44:10 - [MESSAGE][INFO] - Action delay is set to 0 milliseconds

27-11-2024T17:44:23 - [MESSAGE][PASSED] - Browser is opened with url: ''

27-11-2024T17:44:23 - [TEST_STEP][PASSED] - navigateToUrl("https://dev01-registrodeenvios.olvacourier.com/principal"): Navigate to 'https://dev01-registrodeenvios.olvacourier.com/principal' successfully

27-11-2024T17:44:24 - [MESSAGE][PASSED] - Navigate to 'https://dev01-registrodeenvios.olvacourier.com/principal' successfully

27-11-2024T17:44:24 - [TEST_STEP][PASSED] - maximizeWindow(): Current window maximized

27-11-2024T17:44:24 - [MESSAGE][PASSED] - Current window maximized

27-11-2024T17:44:24 - [MESSAGE][PASSED] - Call Test Case 'Test Cases/1.Inicio/1.1Principal/Principal-home' successfully

27-11-2024T17:44:24 - [TEST_STEP][PASSED] - callTestCase(findTestCase("1.Inicio/1.1Principal/Selec_paquete"), [:], STOP_ON_FAILURE): Call Test Case 'Test Cases/1.Inicio/1.1Principal/Selec_paquete' successfully

27-11-2024T17:44:24 - [TEST_CASE][PASSED] - Test Cases/1.Inicio/1.1Principal/Selec_paquete: Test Cases/1.Inicio/1.1Principal/Selec_paquete

27-11-2024T17:44:24 - [TEST_STEP][PASSED] - click(findTestObject("Object Repository/Principal/Page_Olva Courier  Home/img_Qu deseas realizar hoy_img_paquete")): Object: 'Object Repository/Principal/Page_Olva Courier  Home/img_Qu deseas realizar hoy_img_paquete' is clicked on

27-11-2024T17:44:25 - [MESSAGE][PASSED] - Object: 'Object Repository/Principal/Page_Olva Courier  Home/img_Qu deseas realizar hoy_img_paquete' is clicked on

27-11-2024T17:44:25 - [TEST_STEP][PASSED] - click(findTestObject("Object Repository/Principal/Page_Olva Courier  Home/span_He ledo y acepto los_checkmark (1)")): Object: 'Object Repository/Principal/Page_Olva Courier  Home/span_He ledo y acepto los_checkmark (1)' is clicked on

27-11-2024T17:44:26 - [MESSAGE][PASSED] - Object: 'Object Repository/Principal/Page_Olva Courier  Home/span_He ledo y acepto los_checkmark (1)' is clicked on

27-11-2024T17:44:26 - [TEST_STEP][PASSED] - click(findTestObject("Object Repository/Principal/Page_Olva Courier  Home/button_CONTINUAR (1)")): Object: 'Object Repository/Principal/Page_Olva Courier  Home/button_CONTINUAR (1)' is clicked on

27-11-2024T17:44:27 - [MESSAGE][PASSED] - Object: 'Object Repository/Principal/Page_Olva Courier  Home/button_CONTINUAR (1)' is clicked on

27-11-2024T17:44:27 - [TEST_STEP][PASSED] - verifyElementPresent(findTestObject("Object Repository/Principal/Page_Olva Courier  Datos Personales/strong_REGISTRO DE ENVOS"), 0): Object 'Object Repository/Principal/Page_Olva Courier  Datos Personales/strong_REGISTRO DE ENVOS' is present

27-11-2024T17:44:27 - [MESSAGE][WARNING] - Timeout '0' is invalid. Using default page load timeout: '30'

27-11-2024T17:44:28 - [MESSAGE][PASSED] - Object 'Object Repository/Principal/Page_Olva Courier  Datos Personales/strong_REGISTRO DE ENVOS' is present

27-11-2024T17:44:28 - [TEST_STEP][PASSED] - verifyElementPresent(findTestObject("Object Repository/Principal/Page_Olva Courier  Datos Personales/span_Regresar (1)"), 0): Object 'Object Repository/Principal/Page_Olva Courier  Datos Personales/span_Regresar (1)' is present

27-11-2024T17:44:28 - [MESSAGE][WARNING] - Timeout '0' is invalid. Using default page load timeout: '30'

27-11-2024T17:44:28 - [MESSAGE][PASSED] - Object 'Object Repository/Principal/Page_Olva Courier  Datos Personales/span_Regresar (1)' is present

27-11-2024T17:44:28 - [TEST_STEP][PASSED] - verifyElementPresent(findTestObject("Object Repository/Principal/Page_Olva Courier  Datos Personales/span_Inicio (1)"), 0): Object 'Object Repository/Principal/Page_Olva Courier  Datos Personales/span_Inicio (1)' is present

27-11-2024T17:44:28 - [MESSAGE][WARNING] - Timeout '0' is invalid. Using default page load timeout: '30'

27-11-2024T17:44:28 - [MESSAGE][PASSED] - Object 'Object Repository/Principal/Page_Olva Courier  Datos Personales/span_Inicio (1)' is present

27-11-2024T17:44:28 - [MESSAGE][PASSED] - Call Test Case 'Test Cases/1.Inicio/1.1Principal/Selec_paquete' successfully

27-11-2024T17:44:28 - [TEST_STEP][PASSED] - callTestCase(findTestCase("1.Inicio/1.2Tipo_Doc/4.CE_Colab"), [:], STOP_ON_FAILURE): Call Test Case 'Test Cases/1.Inicio/1.2Tipo_Doc/4.CE_Colab' successfully

27-11-2024T17:44:28 - [TEST_CASE][PASSED] - Test Cases/1.Inicio/1.2Tipo_Doc/4.CE_Colab: Test Cases/1.Inicio/1.2Tipo_Doc/4.CE_Colab

27-11-2024T17:44:29 - [TEST_STEP][PASSED] - click(findTestObject("Object Repository/Login/Page_Olva Courier  Datos Personales/button_Tipo De Documento")): Object: 'Object Repository/Login/Page_Olva Courier  Datos Personales/button_Tipo De Documento' is clicked on

27-11-2024T17:44:30 - [MESSAGE][PASSED] - Object: 'Object Repository/Login/Page_Olva Courier  Datos Personales/button_Tipo De Documento' is clicked on

27-11-2024T17:44:30 - [TEST_STEP][PASSED] - click(findTestObject("Object Repository/Login/Page_Olva Courier  Datos Personales/span_CARN EXT. (Boleta)")): Object: 'Object Repository/Login/Page_Olva Courier  Datos Personales/span_CARN EXT. (Boleta)' is clicked on

27-11-2024T17:44:30 - [MESSAGE][PASSED] - Object: 'Object Repository/Login/Page_Olva Courier  Datos Personales/span_CARN EXT. (Boleta)' is clicked on

27-11-2024T17:44:30 - [TEST_STEP][PASSED] - setText(findTestObject("Object Repository/Login/Page_Olva Courier  Datos Personales/input_CARN EXT. (Boleta)_txt_documento_cliente"), "003680378"): Text '003680378' is set on object 'Object Repository/Login/Page_Olva Courier  Datos Personales/input_CARN EXT. (Boleta)_txt_documento_cliente'

27-11-2024T17:44:31 - [MESSAGE][PASSED] - Text '003680378' is set on object 'Object Repository/Login/Page_Olva Courier  Datos Personales/input_CARN EXT. (Boleta)_txt_documento_cliente'

27-11-2024T17:44:31 - [TEST_STEP][PASSED] - verifyElementPresent(findTestObject("Object Repository/Login/Page_Olva Courier  Datos Personales/p_PROMO COLABORADOR"), 0): Object 'Object Repository/Login/Page_Olva Courier  Datos Personales/p_PROMO COLABORADOR' is present

27-11-2024T17:44:31 - [MESSAGE][WARNING] - Timeout '0' is invalid. Using default page load timeout: '30'

27-11-2024T17:44:37 - [MESSAGE][PASSED] - Object 'Object Repository/Login/Page_Olva Courier  Datos Personales/p_PROMO COLABORADOR' is present

27-11-2024T17:44:37 - [TEST_STEP][PASSED] - click(findTestObject("Object Repository/Login/Page_Olva Courier  Datos Personales/span_")): Object: 'Object Repository/Login/Page_Olva Courier  Datos Personales/span_' is clicked on

27-11-2024T17:44:38 - [MESSAGE][PASSED] - Object: 'Object Repository/Login/Page_Olva Courier  Datos Personales/span_' is clicked on

27-11-2024T17:44:38 - [MESSAGE][PASSED] - Call Test Case 'Test Cases/1.Inicio/1.2Tipo_Doc/4.CE_Colab' successfully

27-11-2024T17:44:38 - [TEST_STEP][PASSED] - click(findTestObject("Object Repository/valorado/Page_Olva Courier  Datos Personales/button_Seleccionar artculo (2)")): Object: 'Object Repository/valorado/Page_Olva Courier  Datos Personales/button_Seleccionar artculo (2)' is clicked on

27-11-2024T17:44:39 - [MESSAGE][PASSED] - Object: 'Object Repository/valorado/Page_Olva Courier  Datos Personales/button_Seleccionar artculo (2)' is clicked on

27-11-2024T17:44:39 - [TEST_STEP][PASSED] - click(findTestObject("Object Repository/valorado/Page_Olva Courier  Datos Personales/span_ACCESORIOS PARA FIESTAS")): Object: 'Object Repository/valorado/Page_Olva Courier  Datos Personales/span_ACCESORIOS PARA FIESTAS' is clicked on

27-11-2024T17:44:39 - [MESSAGE][PASSED] - Object: 'Object Repository/valorado/Page_Olva Courier  Datos Personales/span_ACCESORIOS PARA FIESTAS' is clicked on

27-11-2024T17:44:39 - [TEST_STEP][PASSED] - setText(findTestObject("Object Repository/valorado/Page_Olva Courier  Datos Personales/input_UTILES DE OFICINA_txt_paquete_articulo (2)"), "FGg"): Text 'FGg' is set on object 'Object Repository/valorado/Page_Olva Courier  Datos Personales/input_UTILES DE OFICINA_txt_paquete_articulo (2)'

27-11-2024T17:44:40 - [MESSAGE][PASSED] - Text 'FGg' is set on object 'Object Repository/valorado/Page_Olva Courier  Datos Personales/input_UTILES DE OFICINA_txt_paquete_articulo (2)'

27-11-2024T17:44:40 - [TEST_STEP][PASSED] - setText(findTestObject("Object Repository/valorado/Page_Olva Courier  Datos Personales/input_UTILES DE OFICINA_txt_paquete_valor (2)"), "100"): Text '100' is set on object 'Object Repository/valorado/Page_Olva Courier  Datos Personales/input_UTILES DE OFICINA_txt_paquete_valor (2)'

27-11-2024T17:44:41 - [MESSAGE][PASSED] - Text '100' is set on object 'Object Repository/valorado/Page_Olva Courier  Datos Personales/input_UTILES DE OFICINA_txt_paquete_valor (2)'

27-11-2024T17:44:41 - [TEST_STEP][PASSED] - click(findTestObject("Object Repository/valorado/Page_Olva Courier  Datos Personales/div_Hasta 2Kg (1)")): Object: 'Object Repository/valorado/Page_Olva Courier  Datos Personales/div_Hasta 2Kg (1)' is clicked on

27-11-2024T17:44:42 - [MESSAGE][PASSED] - Object: 'Object Repository/valorado/Page_Olva Courier  Datos Personales/div_Hasta 2Kg (1)' is clicked on

27-11-2024T17:44:42 - [TEST_STEP][PASSED] - scrollToElement(findTestObject("Object Repository/valorado/Page_Olva Courier  Datos Personales/button_Ingrese el punto de llegada (2)"), 0): Scroll to object 'Object Repository/valorado/Page_Olva Courier  Datos Personales/button_Ingrese el punto de llegada (2)' successfully

27-11-2024T17:44:42 - [MESSAGE][WARNING] - Timeout '0' is invalid. Using default page load timeout: '30'

27-11-2024T17:44:42 - [MESSAGE][PASSED] - Scroll to object 'Object Repository/valorado/Page_Olva Courier  Datos Personales/button_Ingrese el punto de llegada (2)' successfully

27-11-2024T17:44:42 - [TEST_STEP][PASSED] - click(findTestObject("Object Repository/valorado/Page_Olva Courier  Datos Personales/button_Ingrese el punto de llegada (2)")): Object: 'Object Repository/valorado/Page_Olva Courier  Datos Personales/button_Ingrese el punto de llegada (2)' is clicked on

27-11-2024T17:44:43 - [MESSAGE][PASSED] - Object: 'Object Repository/valorado/Page_Olva Courier  Datos Personales/button_Ingrese el punto de llegada (2)' is clicked on

27-11-2024T17:44:43 - [TEST_STEP][PASSED] - click(findTestObject("Object Repository/valorado/Page_Olva Courier  Datos Personales/a_AMAZONAS - BAGUA - BAGUA")): Object: 'Object Repository/valorado/Page_Olva Courier  Datos Personales/a_AMAZONAS - BAGUA - BAGUA' is clicked on

27-11-2024T17:44:44 - [MESSAGE][PASSED] - Object: 'Object Repository/valorado/Page_Olva Courier  Datos Personales/a_AMAZONAS - BAGUA - BAGUA' is clicked on

27-11-2024T17:44:44 - [TEST_STEP][PASSED] - click(findTestObject("Object Repository/valorado/Page_Olva Courier  Datos Personales/button_Tipo de entrega (2)")): Object: 'Object Repository/valorado/Page_Olva Courier  Datos Personales/button_Tipo de entrega (2)' is clicked on

27-11-2024T17:44:45 - [MESSAGE][PASSED] - Object: 'Object Repository/valorado/Page_Olva Courier  Datos Personales/button_Tipo de entrega (2)' is clicked on

27-11-2024T17:44:45 - [TEST_STEP][PASSED] - click(findTestObject("Object Repository/valorado/Page_Olva Courier  Datos Personales/a_Recojo en tienda (2)")): Object: 'Object Repository/valorado/Page_Olva Courier  Datos Personales/a_Recojo en tienda (2)' is clicked on

27-11-2024T17:44:45 - [MESSAGE][PASSED] - Object: 'Object Repository/valorado/Page_Olva Courier  Datos Personales/a_Recojo en tienda (2)' is clicked on

27-11-2024T17:44:45 - [TEST_STEP][PASSED] - click(findTestObject("Object Repository/valorado/Page_Olva Courier  Datos Personales/button_Tienda (1)")): Object: 'Object Repository/valorado/Page_Olva Courier  Datos Personales/button_Tienda (1)' is clicked on

27-11-2024T17:44:46 - [MESSAGE][PASSED] - Object: 'Object Repository/valorado/Page_Olva Courier  Datos Personales/button_Tienda (1)' is clicked on

27-11-2024T17:44:46 - [TEST_STEP][PASSED] - click(findTestObject("Object Repository/valorado/Page_Olva Courier  Datos Personales/span_BAGUA CHICA - BAGUA - PJ ALFONSO UGART_d3a165")): Object: 'Object Repository/valorado/Page_Olva Courier  Datos Personales/span_BAGUA CHICA - BAGUA - PJ ALFONSO UGART_d3a165' is clicked on

27-11-2024T17:44:47 - [MESSAGE][PASSED] - Object: 'Object Repository/valorado/Page_Olva Courier  Datos Personales/span_BAGUA CHICA - BAGUA - PJ ALFONSO UGART_d3a165' is clicked on

27-11-2024T17:44:47 - [TEST_STEP][PASSED] - scrollToElement(findTestObject("Object Repository/valorado/Page_Olva Courier  Datos Personales/button_Tipo De Documento_1 (2)"), 0): Scroll to object 'Object Repository/valorado/Page_Olva Courier  Datos Personales/button_Tipo De Documento_1 (2)' successfully

27-11-2024T17:44:47 - [MESSAGE][WARNING] - Timeout '0' is invalid. Using default page load timeout: '30'

27-11-2024T17:44:47 - [MESSAGE][PASSED] - Scroll to object 'Object Repository/valorado/Page_Olva Courier  Datos Personales/button_Tipo De Documento_1 (2)' successfully

27-11-2024T17:44:47 - [TEST_STEP][PASSED] - click(findTestObject("Object Repository/valorado/Page_Olva Courier  Datos Personales/button_Tipo De Documento_1 (2)")): Object: 'Object Repository/valorado/Page_Olva Courier  Datos Personales/button_Tipo De Documento_1 (2)' is clicked on

27-11-2024T17:44:48 - [MESSAGE][PASSED] - Object: 'Object Repository/valorado/Page_Olva Courier  Datos Personales/button_Tipo De Documento_1 (2)' is clicked on

27-11-2024T17:44:48 - [TEST_STEP][PASSED] - click(findTestObject("Object Repository/valorado/Page_Olva Courier  Datos Personales/a_CARN EXT")): Object: 'Object Repository/valorado/Page_Olva Courier  Datos Personales/a_CARN EXT' is clicked on

27-11-2024T17:44:48 - [MESSAGE][PASSED] - Object: 'Object Repository/valorado/Page_Olva Courier  Datos Personales/a_CARN EXT' is clicked on

27-11-2024T17:44:48 - [TEST_STEP][PASSED] - setText(findTestObject("Object Repository/valorado/Page_Olva Courier  Datos Personales/input_CARN EXT_txt_consignado_dni (2)"), "002691903"): Text '002691903' is set on object 'Object Repository/valorado/Page_Olva Courier  Datos Personales/input_CARN EXT_txt_consignado_dni (2)'

27-11-2024T17:44:49 - [MESSAGE][PASSED] - Text '002691903' is set on object 'Object Repository/valorado/Page_Olva Courier  Datos Personales/input_CARN EXT_txt_consignado_dni (2)'

27-11-2024T17:44:49 - [TEST_STEP][PASSED] - scrollToElement(findTestObject("Object Repository/valorado/Page_Olva Courier  Datos Personales/button_CONTINUAR (2)"), 0): Scroll to object 'Object Repository/valorado/Page_Olva Courier  Datos Personales/button_CONTINUAR (2)' successfully

27-11-2024T17:44:49 - [MESSAGE][WARNING] - Timeout '0' is invalid. Using default page load timeout: '30'

27-11-2024T17:44:50 - [MESSAGE][PASSED] - Scroll to object 'Object Repository/valorado/Page_Olva Courier  Datos Personales/button_CONTINUAR (2)' successfully

27-11-2024T17:44:50 - [TEST_STEP][PASSED] - click(findTestObject("Object Repository/valorado/Page_Olva Courier  Datos Personales/button_CONTINUAR (2)")): Object: 'Object Repository/valorado/Page_Olva Courier  Datos Personales/button_CONTINUAR (2)' is clicked on

27-11-2024T17:44:52 - [MESSAGE][PASSED] - Object: 'Object Repository/valorado/Page_Olva Courier  Datos Personales/button_CONTINUAR (2)' is clicked on

27-11-2024T17:44:52 - [TEST_STEP][PASSED] - click(findTestObject("Object Repository/valorado/Page_Olva Courier  Confirma tus datos/button_IR A PAGAR S 25.68")): Object: 'Object Repository/valorado/Page_Olva Courier  Confirma tus datos/button_IR A PAGAR S 25.68' is clicked on

27-11-2024T17:44:53 - [MESSAGE][PASSED] - Object: 'Object Repository/valorado/Page_Olva Courier  Confirma tus datos/button_IR A PAGAR S 25.68' is clicked on

27-11-2024T17:44:53 - [TEST_STEP][FAILED] - verifyElementText(findTestObject("Object Repository/valorado/Page_Olva Courier  Confirma tus datos/div_He ledo la (1)"), "He leído la", CONTINUE_ON_FAILURE): Actual text '' and expected text 'He leído la' of test object 'Object Repository/valorado/Page_Olva Courier  Confirma tus datos/div_He ledo la (1)' are NOT matched. (Root cause: com.kms.katalon.core.exception.StepFailedException: Actual text '' and expected text 'He leído la' of test object 'Object Repository/valorado/Page_Olva Courier  Confirma tus datos/div_He ledo la (1)' are NOT matched.
	at com.kms.katalon.core.webui.keyword.internal.WebUIKeywordMain.stepFailed(WebUIKeywordMain.groovy:117)
	at com.kms.katalon.core.webui.keyword.builtin.VerifyElementTextKeyword$_verifyElementText_closure1.doCall(VerifyElementTextKeyword.groovy:57)
	at com.kms.katalon.core.webui.keyword.builtin.VerifyElementTextKeyword$_verifyElementText_closure1.call(VerifyElementTextKeyword.groovy)
	at com.kms.katalon.core.webui.keyword.internal.WebUIKeywordMain.runKeyword(WebUIKeywordMain.groovy:35)
	at com.kms.katalon.core.webui.keyword.builtin.VerifyElementTextKeyword.verifyElementText(VerifyElementTextKeyword.groovy:72)
	at com.kms.katalon.core.webui.keyword.builtin.VerifyElementTextKeyword.execute(VerifyElementTextKeyword.groovy:40)
	at com.kms.katalon.core.keyword.internal.KeywordExecutor.executeKeywordForPlatform(KeywordExecutor.groovy:74)
	at com.kms.katalon.core.webui.keyword.WebUiBuiltInKeywords.verifyElementText(WebUiBuiltInKeywords.groovy:4819)
	at DecJura-Paquete.run(DecJura-Paquete:70)
	at com.kms.katalon.core.main.ScriptEngine.run(ScriptEngine.java:194)
	at com.kms.katalon.core.main.ScriptEngine.runScriptAsRawText(ScriptEngine.java:119)
	at com.kms.katalon.core.main.TestCaseExecutor.runScript(TestCaseExecutor.java:448)
	at com.kms.katalon.core.main.TestCaseExecutor.doExecute(TestCaseExecutor.java:439)
	at com.kms.katalon.core.main.TestCaseExecutor.processExecutionPhase(TestCaseExecutor.java:418)
	at com.kms.katalon.core.main.TestCaseExecutor.accessMainPhase(TestCaseExecutor.java:410)
	at com.kms.katalon.core.main.TestCaseExecutor.execute(TestCaseExecutor.java:285)
	at com.kms.katalon.core.common.CommonExecutor.accessTestCaseMainPhase(CommonExecutor.java:65)
	at com.kms.katalon.core.main.TestSuiteExecutor.accessTestSuiteMainPhase(TestSuiteExecutor.java:150)
	at com.kms.katalon.core.main.TestSuiteExecutor.execute(TestSuiteExecutor.java:106)
	at com.kms.katalon.core.main.TestCaseMain.startTestSuite(TestCaseMain.java:180)
	at TempTestSuite1732745349578.run(TempTestSuite1732745349578.groovy:35)
	at java.base/jdk.internal.reflect.NativeMethodAccessorImpl.invoke0(Native Method)
	at java.base/jdk.internal.reflect.NativeMethodAccessorImpl.invoke(NativeMethodAccessorImpl.java:77)
	at java.base/jdk.internal.reflect.DelegatingMethodAccessorImpl.invoke(DelegatingMethodAccessorImpl.java:43)
)

27-11-2024T17:44:54 - [MESSAGE][FAILED] - Actual text '' and expected text 'He leído la' of test object 'Object Repository/valorado/Page_Olva Courier  Confirma tus datos/div_He ledo la (1)' are NOT matched. (Root cause: com.kms.katalon.core.exception.StepFailedException: Actual text '' and expected text 'He leído la' of test object 'Object Repository/valorado/Page_Olva Courier  Confirma tus datos/div_He ledo la (1)' are NOT matched.
	at com.kms.katalon.core.webui.keyword.internal.WebUIKeywordMain.stepFailed(WebUIKeywordMain.groovy:117)
	at com.kms.katalon.core.webui.keyword.builtin.VerifyElementTextKeyword$_verifyElementText_closure1.doCall(VerifyElementTextKeyword.groovy:57)
	at com.kms.katalon.core.webui.keyword.builtin.VerifyElementTextKeyword$_verifyElementText_closure1.call(VerifyElementTextKeyword.groovy)
	at com.kms.katalon.core.webui.keyword.internal.WebUIKeywordMain.runKeyword(WebUIKeywordMain.groovy:35)
	at com.kms.katalon.core.webui.keyword.builtin.VerifyElementTextKeyword.verifyElementText(VerifyElementTextKeyword.groovy:72)
	at com.kms.katalon.core.webui.keyword.builtin.VerifyElementTextKeyword.execute(VerifyElementTextKeyword.groovy:40)
	at com.kms.katalon.core.keyword.internal.KeywordExecutor.executeKeywordForPlatform(KeywordExecutor.groovy:74)
	at com.kms.katalon.core.webui.keyword.WebUiBuiltInKeywords.verifyElementText(WebUiBuiltInKeywords.groovy:4819)
	at DecJura-Paquete.run(DecJura-Paquete:70)
	at com.kms.katalon.core.main.ScriptEngine.run(ScriptEngine.java:194)
	at com.kms.katalon.core.main.ScriptEngine.runScriptAsRawText(ScriptEngine.java:119)
	at com.kms.katalon.core.main.TestCaseExecutor.runScript(TestCaseExecutor.java:448)
	at com.kms.katalon.core.main.TestCaseExecutor.doExecute(TestCaseExecutor.java:439)
	at com.kms.katalon.core.main.TestCaseExecutor.processExecutionPhase(TestCaseExecutor.java:418)
	at com.kms.katalon.core.main.TestCaseExecutor.accessMainPhase(TestCaseExecutor.java:410)
	at com.kms.katalon.core.main.TestCaseExecutor.execute(TestCaseExecutor.java:285)
	at com.kms.katalon.core.common.CommonExecutor.accessTestCaseMainPhase(CommonExecutor.java:65)
	at com.kms.katalon.core.main.TestSuiteExecutor.accessTestSuiteMainPhase(TestSuiteExecutor.java:150)
	at com.kms.katalon.core.main.TestSuiteExecutor.execute(TestSuiteExecutor.java:106)
	at com.kms.katalon.core.main.TestCaseMain.startTestSuite(TestCaseMain.java:180)
	at TempTestSuite1732745349578.run(TempTestSuite1732745349578.groovy:35)
	at java.base/jdk.internal.reflect.NativeMethodAccessorImpl.invoke0(Native Method)
	at java.base/jdk.internal.reflect.NativeMethodAccessorImpl.invoke(NativeMethodAccessorImpl.java:77)
	at java.base/jdk.internal.reflect.DelegatingMethodAccessorImpl.invoke(DelegatingMethodAccessorImpl.java:43)
)

27-11-2024T17:44:54 - [TEST_STEP][FAILED] - click(findTestObject("Object Repository/valorado/Page_Olva Courier  Confirma tus datos/div_He ledo la (1)")): Unable to click on object 'Object Repository/valorado/Page_Olva Courier  Confirma tus datos/div_He ledo la (1)' (Root cause: com.kms.katalon.core.exception.StepFailedException: Unable to click on object 'Object Repository/valorado/Page_Olva Courier  Confirma tus datos/div_He ledo la (1)'
	at com.kms.katalon.core.webui.keyword.internal.WebUIKeywordMain.stepFailed(WebUIKeywordMain.groovy:117)
	at com.kms.katalon.core.webui.keyword.internal.WebUIKeywordMain.runKeyword(WebUIKeywordMain.groovy:43)
	at com.kms.katalon.core.webui.keyword.builtin.ClickKeyword.click(ClickKeyword.groovy:74)
	at com.kms.katalon.core.webui.keyword.builtin.ClickKeyword.execute(ClickKeyword.groovy:40)
	at com.kms.katalon.core.keyword.internal.KeywordExecutor.executeKeywordForPlatform(KeywordExecutor.groovy:74)
	at com.kms.katalon.core.webui.keyword.WebUiBuiltInKeywords.click(WebUiBuiltInKeywords.groovy:659)
	at DecJura-Paquete.run(DecJura-Paquete:73)
	at com.kms.katalon.core.main.ScriptEngine.run(ScriptEngine.java:194)
	at com.kms.katalon.core.main.ScriptEngine.runScriptAsRawText(ScriptEngine.java:119)
	at com.kms.katalon.core.main.TestCaseExecutor.runScript(TestCaseExecutor.java:448)
	at com.kms.katalon.core.main.TestCaseExecutor.doExecute(TestCaseExecutor.java:439)
	at com.kms.katalon.core.main.TestCaseExecutor.processExecutionPhase(TestCaseExecutor.java:418)
	at com.kms.katalon.core.main.TestCaseExecutor.accessMainPhase(TestCaseExecutor.java:410)
	at com.kms.katalon.core.main.TestCaseExecutor.execute(TestCaseExecutor.java:285)
	at com.kms.katalon.core.common.CommonExecutor.accessTestCaseMainPhase(CommonExecutor.java:65)
	at com.kms.katalon.core.main.TestSuiteExecutor.accessTestSuiteMainPhase(TestSuiteExecutor.java:150)
	at com.kms.katalon.core.main.TestSuiteExecutor.execute(TestSuiteExecutor.java:106)
	at com.kms.katalon.core.main.TestCaseMain.startTestSuite(TestCaseMain.java:180)
	at TempTestSuite1732745349578.run(TempTestSuite1732745349578.groovy:35)
	at java.base/jdk.internal.reflect.NativeMethodAccessorImpl.invoke0(Native Method)
	at java.base/jdk.internal.reflect.NativeMethodAccessorImpl.invoke(NativeMethodAccessorImpl.java:77)
	at java.base/jdk.internal.reflect.DelegatingMethodAccessorImpl.invoke(DelegatingMethodAccessorImpl.java:43)
Caused by: org.openqa.selenium.ElementNotInteractableException: Element <div> could not be scrolled into view
Build info: version: '3.141.59', revision: 'unknown', time: 'unknown'
System info: host: 'DESKTOP-RGFFP9A', ip: '10.136.10.6', os.name: 'Windows 11', os.arch: 'amd64', os.version: '10.0', java.version: '17.0.7'
Driver info: com.kms.katalon.core.webui.driver.firefox.CGeckoDriver
Capabilities {acceptInsecureCerts: true, browserName: firefox, browserVersion: 133.0, javascriptEnabled: true, moz:accessibilityChecks: false, moz:buildID: 20241121140525, moz:geckodriverVersion: 0.35.0, moz:headless: false, moz:platformVersion: 10.0, moz:processID: 12264, moz:profile: C:\Users\OLVATI\AppData\Loc..., moz:shutdownTimeout: 60000, moz:webdriverClick: true, moz:windowless: false, pageLoadStrategy: normal, platform: WINDOWS, platformName: WINDOWS, proxy: Proxy(direct), setWindowRect: true, strictFileInteractability: false, timeouts: {implicit: 0, pageLoad: 300000, script: 30000}, unhandledPromptBehavior: dismiss and notify, userAgent: Mozilla/5.0 (Windows NT 10....}
Session ID: 7ed0681e-f4e9-4c10-987c-037dc3f6df3a
	at java.base/jdk.internal.reflect.NativeConstructorAccessorImpl.newInstance0(Native Method)
	at java.base/jdk.internal.reflect.NativeConstructorAccessorImpl.newInstance(NativeConstructorAccessorImpl.java:77)
	at java.base/jdk.internal.reflect.DelegatingConstructorAccessorImpl.newInstance(DelegatingConstructorAccessorImpl.java:45)
	at org.openqa.selenium.remote.http.W3CHttpResponseCodec.createException(W3CHttpResponseCodec.java:187)
	at org.openqa.selenium.remote.http.W3CHttpResponseCodec.decode(W3CHttpResponseCodec.java:122)
	at org.openqa.selenium.remote.http.W3CHttpResponseCodec.decode(W3CHttpResponseCodec.java:49)
	at org.openqa.selenium.remote.HttpCommandExecutor.execute(HttpCommandExecutor.java:158)
	at org.openqa.selenium.remote.service.DriverCommandExecutor.execute(DriverCommandExecutor.java:83)
	at org.openqa.selenium.remote.RemoteWebDriver.execute(RemoteWebDriver.java:552)
	at com.kms.katalon.selenium.driver.CFirefoxDriver.execute(CFirefoxDriver.java:28)
	at org.openqa.selenium.remote.RemoteWebElement.execute(RemoteWebElement.java:285)
	at org.openqa.selenium.remote.RemoteWebElement.click(RemoteWebElement.java:84)
	at jdk.internal.reflect.GeneratedMethodAccessor10.invoke(Unknown Source)
	at java.base/jdk.internal.reflect.DelegatingMethodAccessorImpl.invoke(DelegatingMethodAccessorImpl.java:43)
	at org.openqa.selenium.support.events.EventFiringWebDriver$EventFiringWebElement.lambda$new$0(EventFiringWebDriver.java:404)
	at jdk.proxy2/jdk.proxy2.$Proxy21.click(Unknown Source)
	at org.openqa.selenium.support.events.EventFiringWebDriver$EventFiringWebElement.click(EventFiringWebDriver.java:417)
	at org.openqa.selenium.WebElement$click.call(Unknown Source)
	at com.kms.katalon.core.webui.keyword.builtin.ClickKeyword.clickUntilSuccessWithTimeout(ClickKeyword.groovy:81)
	at com.kms.katalon.core.webui.keyword.builtin.ClickKeyword.clickUntilSuccessWithTimeout(ClickKeyword.groovy)
	at jdk.internal.reflect.GeneratedMethodAccessor8.invoke(Unknown Source)
	at java.base/jdk.internal.reflect.DelegatingMethodAccessorImpl.invoke(DelegatingMethodAccessorImpl.java:43)
	at com.kms.katalon.core.webui.keyword.builtin.ClickKeyword$_click_closure1.doCall(ClickKeyword.groovy:67)
	at com.kms.katalon.core.webui.keyword.builtin.ClickKeyword$_click_closure1.call(ClickKeyword.groovy)
	at com.kms.katalon.core.webui.keyword.internal.WebUIKeywordMain.runKeyword(WebUIKeywordMain.groovy:35)
	at com.kms.katalon.core.webui.keyword.builtin.ClickKeyword.click(ClickKeyword.groovy:74)
	at com.kms.katalon.core.webui.keyword.builtin.ClickKeyword.execute(ClickKeyword.groovy:40)
	at com.kms.katalon.core.keyword.internal.KeywordExecutor.executeKeywordForPlatform(KeywordExecutor.groovy:74)
	at com.kms.katalon.core.webui.keyword.WebUiBuiltInKeywords.click(WebUiBuiltInKeywords.groovy:659)
	at Script1732089875179.run(Script1732089875179.groovy:73)
	... 15 more
)

27-11-2024T17:44:54 - [MESSAGE][FAILED] - Unable to click on object 'Object Repository/valorado/Page_Olva Courier  Confirma tus datos/div_He ledo la (1)' (Root cause: com.kms.katalon.core.exception.StepFailedException: Unable to click on object 'Object Repository/valorado/Page_Olva Courier  Confirma tus datos/div_He ledo la (1)'
	at com.kms.katalon.core.webui.keyword.internal.WebUIKeywordMain.stepFailed(WebUIKeywordMain.groovy:117)
	at com.kms.katalon.core.webui.keyword.internal.WebUIKeywordMain.runKeyword(WebUIKeywordMain.groovy:43)
	at com.kms.katalon.core.webui.keyword.builtin.ClickKeyword.click(ClickKeyword.groovy:74)
	at com.kms.katalon.core.webui.keyword.builtin.ClickKeyword.execute(ClickKeyword.groovy:40)
	at com.kms.katalon.core.keyword.internal.KeywordExecutor.executeKeywordForPlatform(KeywordExecutor.groovy:74)
	at com.kms.katalon.core.webui.keyword.WebUiBuiltInKeywords.click(WebUiBuiltInKeywords.groovy:659)
	at DecJura-Paquete.run(DecJura-Paquete:73)
	at com.kms.katalon.core.main.ScriptEngine.run(ScriptEngine.java:194)
	at com.kms.katalon.core.main.ScriptEngine.runScriptAsRawText(ScriptEngine.java:119)
	at com.kms.katalon.core.main.TestCaseExecutor.runScript(TestCaseExecutor.java:448)
	at com.kms.katalon.core.main.TestCaseExecutor.doExecute(TestCaseExecutor.java:439)
	at com.kms.katalon.core.main.TestCaseExecutor.processExecutionPhase(TestCaseExecutor.java:418)
	at com.kms.katalon.core.main.TestCaseExecutor.accessMainPhase(TestCaseExecutor.java:410)
	at com.kms.katalon.core.main.TestCaseExecutor.execute(TestCaseExecutor.java:285)
	at com.kms.katalon.core.common.CommonExecutor.accessTestCaseMainPhase(CommonExecutor.java:65)
	at com.kms.katalon.core.main.TestSuiteExecutor.accessTestSuiteMainPhase(TestSuiteExecutor.java:150)
	at com.kms.katalon.core.main.TestSuiteExecutor.execute(TestSuiteExecutor.java:106)
	at com.kms.katalon.core.main.TestCaseMain.startTestSuite(TestCaseMain.java:180)
	at TempTestSuite1732745349578.run(TempTestSuite1732745349578.groovy:35)
	at java.base/jdk.internal.reflect.NativeMethodAccessorImpl.invoke0(Native Method)
	at java.base/jdk.internal.reflect.NativeMethodAccessorImpl.invoke(NativeMethodAccessorImpl.java:77)
	at java.base/jdk.internal.reflect.DelegatingMethodAccessorImpl.invoke(DelegatingMethodAccessorImpl.java:43)
Caused by: org.openqa.selenium.ElementNotInteractableException: Element <div> could not be scrolled into view
Build info: version: '3.141.59', revision: 'unknown', time: 'unknown'
System info: host: 'DESKTOP-RGFFP9A', ip: '10.136.10.6', os.name: 'Windows 11', os.arch: 'amd64', os.version: '10.0', java.version: '17.0.7'
Driver info: com.kms.katalon.core.webui.driver.firefox.CGeckoDriver
Capabilities {acceptInsecureCerts: true, browserName: firefox, browserVersion: 133.0, javascriptEnabled: true, moz:accessibilityChecks: false, moz:buildID: 20241121140525, moz:geckodriverVersion: 0.35.0, moz:headless: false, moz:platformVersion: 10.0, moz:processID: 12264, moz:profile: C:\Users\OLVATI\AppData\Loc..., moz:shutdownTimeout: 60000, moz:webdriverClick: true, moz:windowless: false, pageLoadStrategy: normal, platform: WINDOWS, platformName: WINDOWS, proxy: Proxy(direct), setWindowRect: true, strictFileInteractability: false, timeouts: {implicit: 0, pageLoad: 300000, script: 30000}, unhandledPromptBehavior: dismiss and notify, userAgent: Mozilla/5.0 (Windows NT 10....}
Session ID: 7ed0681e-f4e9-4c10-987c-037dc3f6df3a
	at java.base/jdk.internal.reflect.NativeConstructorAccessorImpl.newInstance0(Native Method)
	at java.base/jdk.internal.reflect.NativeConstructorAccessorImpl.newInstance(NativeConstructorAccessorImpl.java:77)
	at java.base/jdk.internal.reflect.DelegatingConstructorAccessorImpl.newInstance(DelegatingConstructorAccessorImpl.java:45)
	at org.openqa.selenium.remote.http.W3CHttpResponseCodec.createException(W3CHttpResponseCodec.java:187)
	at org.openqa.selenium.remote.http.W3CHttpResponseCodec.decode(W3CHttpResponseCodec.java:122)
	at org.openqa.selenium.remote.http.W3CHttpResponseCodec.decode(W3CHttpResponseCodec.java:49)
	at org.openqa.selenium.remote.HttpCommandExecutor.execute(HttpCommandExecutor.java:158)
	at org.openqa.selenium.remote.service.DriverCommandExecutor.execute(DriverCommandExecutor.java:83)
	at org.openqa.selenium.remote.RemoteWebDriver.execute(RemoteWebDriver.java:552)
	at com.kms.katalon.selenium.driver.CFirefoxDriver.execute(CFirefoxDriver.java:28)
	at org.openqa.selenium.remote.RemoteWebElement.execute(RemoteWebElement.java:285)
	at org.openqa.selenium.remote.RemoteWebElement.click(RemoteWebElement.java:84)
	at jdk.internal.reflect.GeneratedMethodAccessor10.invoke(Unknown Source)
	at java.base/jdk.internal.reflect.DelegatingMethodAccessorImpl.invoke(DelegatingMethodAccessorImpl.java:43)
	at org.openqa.selenium.support.events.EventFiringWebDriver$EventFiringWebElement.lambda$new$0(EventFiringWebDriver.java:404)
	at jdk.proxy2/jdk.proxy2.$Proxy21.click(Unknown Source)
	at org.openqa.selenium.support.events.EventFiringWebDriver$EventFiringWebElement.click(EventFiringWebDriver.java:417)
	at org.openqa.selenium.WebElement$click.call(Unknown Source)
	at com.kms.katalon.core.webui.keyword.builtin.ClickKeyword.clickUntilSuccessWithTimeout(ClickKeyword.groovy:81)
	at com.kms.katalon.core.webui.keyword.builtin.ClickKeyword.clickUntilSuccessWithTimeout(ClickKeyword.groovy)
	at jdk.internal.reflect.GeneratedMethodAccessor8.invoke(Unknown Source)
	at java.base/jdk.internal.reflect.DelegatingMethodAccessorImpl.invoke(DelegatingMethodAccessorImpl.java:43)
	at com.kms.katalon.core.webui.keyword.builtin.ClickKeyword$_click_closure1.doCall(ClickKeyword.groovy:67)
	at com.kms.katalon.core.webui.keyword.builtin.ClickKeyword$_click_closure1.call(ClickKeyword.groovy)
	at com.kms.katalon.core.webui.keyword.internal.WebUIKeywordMain.runKeyword(WebUIKeywordMain.groovy:35)
	at com.kms.katalon.core.webui.keyword.builtin.ClickKeyword.click(ClickKeyword.groovy:74)
	at com.kms.katalon.core.webui.keyword.builtin.ClickKeyword.execute(ClickKeyword.groovy:40)
	at com.kms.katalon.core.keyword.internal.KeywordExecutor.executeKeywordForPlatform(KeywordExecutor.groovy:74)
	at com.kms.katalon.core.webui.keyword.WebUiBuiltInKeywords.click(WebUiBuiltInKeywords.groovy:659)
	at Script1732089875179.run(Script1732089875179.groovy:73)
	... 15 more
)]]></system-out>
         <system-err><![CDATA[27-11-2024T17:44:07 - [TEST_CASE][FAILED] - Test Cases/2.Positivos/2.1Paquete/Origen-Lima/2.Valorado/Entrega_Domicilio/DecJura-Paquete: Test Cases/2.Positivos/2.1Paquete/Origen-Lima/2.Valorado/Entrega_Domicilio/DecJura-Paquete FAILED.
Reason:
com.kms.katalon.core.exception.StepFailedException: Actual text '' and expected text 'He leído la' of test object 'Object Repository/valorado/Page_Olva Courier  Confirma tus datos/div_He ledo la (1)' are NOT matched. (Root cause: com.kms.katalon.core.exception.StepFailedException: Actual text '' and expected text 'He leído la' of test object 'Object Repository/valorado/Page_Olva Courier  Confirma tus datos/div_He ledo la (1)' are NOT matched.
	at com.kms.katalon.core.webui.keyword.internal.WebUIKeywordMain.stepFailed(WebUIKeywordMain.groovy:117)
	at com.kms.katalon.core.webui.keyword.builtin.VerifyElementTextKeyword$_verifyElementText_closure1.doCall(VerifyElementTextKeyword.groovy:57)
	at com.kms.katalon.core.webui.keyword.builtin.VerifyElementTextKeyword$_verifyElementText_closure1.call(VerifyElementTextKeyword.groovy)
	at com.kms.katalon.core.webui.keyword.internal.WebUIKeywordMain.runKeyword(WebUIKeywordMain.groovy:35)
	at com.kms.katalon.core.webui.keyword.builtin.VerifyElementTextKeyword.verifyElementText(VerifyElementTextKeyword.groovy:72)
	at com.kms.katalon.core.webui.keyword.builtin.VerifyElementTextKeyword.execute(VerifyElementTextKeyword.groovy:40)
	at com.kms.katalon.core.keyword.internal.KeywordExecutor.executeKeywordForPlatform(KeywordExecutor.groovy:74)
	at com.kms.katalon.core.webui.keyword.WebUiBuiltInKeywords.verifyElementText(WebUiBuiltInKeywords.groovy:4819)
	at DecJura-Paquete.run(DecJura-Paquete:70)
	at com.kms.katalon.core.main.ScriptEngine.run(ScriptEngine.java:194)
	at com.kms.katalon.core.main.ScriptEngine.runScriptAsRawText(ScriptEngine.java:119)
	at com.kms.katalon.core.main.TestCaseExecutor.runScript(TestCaseExecutor.java:448)
	at com.kms.katalon.core.main.TestCaseExecutor.doExecute(TestCaseExecutor.java:439)
	at com.kms.katalon.core.main.TestCaseExecutor.processExecutionPhase(TestCaseExecutor.java:418)
	at com.kms.katalon.core.main.TestCaseExecutor.accessMainPhase(TestCaseExecutor.java:410)
	at com.kms.katalon.core.main.TestCaseExecutor.execute(TestCaseExecutor.java:285)
	at com.kms.katalon.core.common.CommonExecutor.accessTestCaseMainPhase(CommonExecutor.java:65)
	at com.kms.katalon.core.main.TestSuiteExecutor.accessTestSuiteMainPhase(TestSuiteExecutor.java:150)
	at com.kms.katalon.core.main.TestSuiteExecutor.execute(TestSuiteExecutor.java:106)
	at com.kms.katalon.core.main.TestCaseMain.startTestSuite(TestCaseMain.java:180)
	at TempTestSuite1732745349578.run(TempTestSuite1732745349578.groovy:35)
	at java.base/jdk.internal.reflect.NativeMethodAccessorImpl.invoke0(Native Method)
	at java.base/jdk.internal.reflect.NativeMethodAccessorImpl.invoke(NativeMethodAccessorImpl.java:77)
	at java.base/jdk.internal.reflect.DelegatingMethodAccessorImpl.invoke(DelegatingMethodAccessorImpl.java:43)
)
	at com.kms.katalon.core.keyword.internal.KeywordMain.stepFailed(KeywordMain.groovy:39)
	at com.kms.katalon.core.webui.keyword.internal.WebUIKeywordMain.stepFailed(WebUIKeywordMain.groovy:117)
	at com.kms.katalon.core.webui.keyword.builtin.VerifyElementTextKeyword$_verifyElementText_closure1.doCall(VerifyElementTextKeyword.groovy:57)
	at com.kms.katalon.core.webui.keyword.builtin.VerifyElementTextKeyword$_verifyElementText_closure1.call(VerifyElementTextKeyword.groovy)
	at com.kms.katalon.core.webui.keyword.internal.WebUIKeywordMain.runKeyword(WebUIKeywordMain.groovy:35)
	at com.kms.katalon.core.webui.keyword.builtin.VerifyElementTextKeyword.verifyElementText(VerifyElementTextKeyword.groovy:72)
	at com.kms.katalon.core.webui.keyword.builtin.VerifyElementTextKeyword.execute(VerifyElementTextKeyword.groovy:40)
	at com.kms.katalon.core.keyword.internal.KeywordExecutor.executeKeywordForPlatform(KeywordExecutor.groovy:74)
	at com.kms.katalon.core.webui.keyword.WebUiBuiltInKeywords.verifyElementText(WebUiBuiltInKeywords.groovy:4819)
	at DecJura-Paquete.run(DecJura-Paquete:70)
	at com.kms.katalon.core.main.ScriptEngine.run(ScriptEngine.java:194)
	at com.kms.katalon.core.main.ScriptEngine.runScriptAsRawText(ScriptEngine.java:119)
	at com.kms.katalon.core.main.TestCaseExecutor.runScript(TestCaseExecutor.java:448)
	at com.kms.katalon.core.main.TestCaseExecutor.doExecute(TestCaseExecutor.java:439)
	at com.kms.katalon.core.main.TestCaseExecutor.processExecutionPhase(TestCaseExecutor.java:418)
	at com.kms.katalon.core.main.TestCaseExecutor.accessMainPhase(TestCaseExecutor.java:410)
	at com.kms.katalon.core.main.TestCaseExecutor.execute(TestCaseExecutor.java:285)
	at com.kms.katalon.core.common.CommonExecutor.accessTestCaseMainPhase(CommonExecutor.java:65)
	at com.kms.katalon.core.main.TestSuiteExecutor.accessTestSuiteMainPhase(TestSuiteExecutor.java:150)
	at com.kms.katalon.core.main.TestSuiteExecutor.execute(TestSuiteExecutor.java:106)
	at com.kms.katalon.core.main.TestCaseMain.startTestSuite(TestCaseMain.java:180)
	at TempTestSuite1732745349578.run(TempTestSuite1732745349578.groovy:35)
	at java.base/jdk.internal.reflect.NativeMethodAccessorImpl.invoke0(Native Method)
	at java.base/jdk.internal.reflect.NativeMethodAccessorImpl.invoke(NativeMethodAccessorImpl.java:77)
	at java.base/jdk.internal.reflect.DelegatingMethodAccessorImpl.invoke(DelegatingMethodAccessorImpl.java:43)
Caused by: com.kms.katalon.core.exception.StepFailedException: Actual text '' and expected text 'He leído la' of test object 'Object Repository/valorado/Page_Olva Courier  Confirma tus datos/div_He ledo la (1)' are NOT matched.
	... 24 more]]></system-err>
      </testcase>
      <testcase name="Test Cases/2.Positivos/2.1Paquete/Origen-Lima/1.Nuevo-Cliente/RUC" time="0.023" classname="Test Cases/2.Positivos/2.1Paquete/Origen-Lima/1.Nuevo-Cliente/RUC" status="PASSED">
         <system-out><![CDATA[27-11-2024T17:44:54 - [TEST_CASE][PASSED] - Test Cases/2.Positivos/2.1Paquete/Origen-Lima/1.Nuevo-Cliente/RUC: Test Cases/2.Positivos/2.1Paquete/Origen-Lima/1.Nuevo-Cliente/RUC

27-11-2024T17:44:54 - [TEST_STEP][PASSED] - return null: null]]></system-out>
         <system-err><![CDATA[]]></system-err>
      </testcase>
      <testcase name="Test Cases/2.Positivos/2.1Paquete/Origen-Lima/1.Nuevo-Cliente/DNI" time="0.015" classname="Test Cases/2.Positivos/2.1Paquete/Origen-Lima/1.Nuevo-Cliente/DNI" status="PASSED">
         <system-out><![CDATA[27-11-2024T17:44:54 - [TEST_CASE][PASSED] - Test Cases/2.Positivos/2.1Paquete/Origen-Lima/1.Nuevo-Cliente/DNI: Test Cases/2.Positivos/2.1Paquete/Origen-Lima/1.Nuevo-Cliente/DNI

27-11-2024T17:44:54 - [TEST_STEP][PASSED] - return null: null]]></system-out>
         <system-err><![CDATA[]]></system-err>
      </testcase>
      <testcase name="Test Cases/2.Positivos/2.2Sobre/sobre" time="36.876" classname="Test Cases/2.Positivos/2.2Sobre/sobre" status="PASSED">
         <system-out><![CDATA[27-11-2024T17:44:54 - [TEST_CASE][PASSED] - Test Cases/2.Positivos/2.2Sobre/sobre: Test Cases/2.Positivos/2.2Sobre/sobre

27-11-2024T17:44:54 - [TEST_STEP][PASSED] - openBrowser(""): Browser is opened with url: ''

27-11-2024T17:44:54 - [MESSAGE][WARNING] - A browser is already opened. Closing browser and opening a new one

27-11-2024T17:44:57 - [MESSAGE][INFO] - Starting 'Firefox' driver

27-11-2024T17:44:57 - [MESSAGE][INFO] - Action delay is set to 0 milliseconds

27-11-2024T17:45:13 - [MESSAGE][PASSED] - Browser is opened with url: ''

27-11-2024T17:45:13 - [TEST_STEP][PASSED] - navigateToUrl("https://dev02-registrodeenvios.olvacourier.com/principal"): Navigate to 'https://dev02-registrodeenvios.olvacourier.com/principal' successfully

27-11-2024T17:45:15 - [MESSAGE][PASSED] - Navigate to 'https://dev02-registrodeenvios.olvacourier.com/principal' successfully

27-11-2024T17:45:15 - [TEST_STEP][PASSED] - click(findTestObject("Object Repository/sobre/Page_Olva Courier  Home/img_Envo de cajas o paquetescon un peso mxi_37770f")): Object: 'Object Repository/sobre/Page_Olva Courier  Home/img_Envo de cajas o paquetescon un peso mxi_37770f' is clicked on

27-11-2024T17:45:16 - [MESSAGE][PASSED] - Object: 'Object Repository/sobre/Page_Olva Courier  Home/img_Envo de cajas o paquetescon un peso mxi_37770f' is clicked on

27-11-2024T17:45:16 - [TEST_STEP][PASSED] - click(findTestObject("Object Repository/sobre/Page_Olva Courier  Home/span_He ledo y acepto los_checkmark")): Object: 'Object Repository/sobre/Page_Olva Courier  Home/span_He ledo y acepto los_checkmark' is clicked on

27-11-2024T17:45:17 - [MESSAGE][PASSED] - Object: 'Object Repository/sobre/Page_Olva Courier  Home/span_He ledo y acepto los_checkmark' is clicked on

27-11-2024T17:45:17 - [TEST_STEP][PASSED] - click(findTestObject("Object Repository/sobre/Page_Olva Courier  Home/button_CONTINUAR")): Object: 'Object Repository/sobre/Page_Olva Courier  Home/button_CONTINUAR' is clicked on

27-11-2024T17:45:19 - [MESSAGE][PASSED] - Object: 'Object Repository/sobre/Page_Olva Courier  Home/button_CONTINUAR' is clicked on

27-11-2024T17:45:19 - [TEST_STEP][PASSED] - click(findTestObject("Object Repository/sobre/Page_Olva Courier  Datos Personales/button_Tipo De Documento")): Object: 'Object Repository/sobre/Page_Olva Courier  Datos Personales/button_Tipo De Documento' is clicked on

27-11-2024T17:45:19 - [MESSAGE][PASSED] - Object: 'Object Repository/sobre/Page_Olva Courier  Datos Personales/button_Tipo De Documento' is clicked on

27-11-2024T17:45:19 - [TEST_STEP][PASSED] - click(findTestObject("Object Repository/sobre/Page_Olva Courier  Datos Personales/span_DNI (Boleta)")): Object: 'Object Repository/sobre/Page_Olva Courier  Datos Personales/span_DNI (Boleta)' is clicked on

27-11-2024T17:45:20 - [MESSAGE][PASSED] - Object: 'Object Repository/sobre/Page_Olva Courier  Datos Personales/span_DNI (Boleta)' is clicked on

27-11-2024T17:45:20 - [TEST_STEP][PASSED] - setText(findTestObject("Object Repository/sobre/Page_Olva Courier  Datos Personales/input_CARN EXT. (Boleta)_txt_documento_cliente"), "71735785"): Text '71735785' is set on object 'Object Repository/sobre/Page_Olva Courier  Datos Personales/input_CARN EXT. (Boleta)_txt_documento_cliente'

27-11-2024T17:45:21 - [MESSAGE][PASSED] - Text '71735785' is set on object 'Object Repository/sobre/Page_Olva Courier  Datos Personales/input_CARN EXT. (Boleta)_txt_documento_cliente'

27-11-2024T17:45:21 - [TEST_STEP][PASSED] - click(findTestObject("Object Repository/sobre/Page_Olva Courier  Datos Personales/span_")): Object: 'Object Repository/sobre/Page_Olva Courier  Datos Personales/span_' is clicked on

27-11-2024T17:45:28 - [MESSAGE][PASSED] - Object: 'Object Repository/sobre/Page_Olva Courier  Datos Personales/span_' is clicked on

27-11-2024T17:45:28 - [TEST_STEP][PASSED] - setText(findTestObject("Object Repository/sobre/Page_Olva Courier  Datos Personales/input_Qu Envas_input_descripcion"), "PRUEBAS SOBRE"): Text 'PRUEBAS SOBRE' is set on object 'Object Repository/sobre/Page_Olva Courier  Datos Personales/input_Qu Envas_input_descripcion'

27-11-2024T17:45:29 - [MESSAGE][PASSED] - Text 'PRUEBAS SOBRE' is set on object 'Object Repository/sobre/Page_Olva Courier  Datos Personales/input_Qu Envas_input_descripcion'

27-11-2024T17:45:29 - [TEST_STEP][PASSED] - setText(findTestObject("Object Repository/sobre/Page_Olva Courier  Datos Personales/input_Qu Envas_input_valor"), "70"): Text '70' is set on object 'Object Repository/sobre/Page_Olva Courier  Datos Personales/input_Qu Envas_input_valor'

27-11-2024T17:45:30 - [MESSAGE][PASSED] - Text '70' is set on object 'Object Repository/sobre/Page_Olva Courier  Datos Personales/input_Qu Envas_input_valor'

27-11-2024T17:45:30 - [TEST_STEP][PASSED] - click(findTestObject("Object Repository/sobre/Page_Olva Courier  Datos Personales/button_LIMA")): Object: 'Object Repository/sobre/Page_Olva Courier  Datos Personales/button_LIMA' is clicked on

27-11-2024T17:45:31 - [MESSAGE][PASSED] - Object: 'Object Repository/sobre/Page_Olva Courier  Datos Personales/button_LIMA' is clicked on]]></system-out>
         <system-err><![CDATA[]]></system-err>
      </testcase>
      <testcase name="Test Cases/2.Positivos/2.2Sobre/Origen-Provincia/Validar resumen ---" time="29.424" classname="Test Cases/2.Positivos/2.2Sobre/Origen-Provincia/Validar resumen ---" status="FAILED">
         <failure type="FAILED" message="Test Cases/2.Positivos/2.2Sobre/Origen-Provincia/Validar resumen --- FAILED.&#xa;Reason:&#xa;com.kms.katalon.core.exception.StepFailedException: Unable to set text 'PRUEBAS SOBRE' of object 'Object Repository/sobre/Page_Olva Courier  Datos Personales/input_Qu Envas_input_descripcion'&#xa;	at com.kms.katalon.core.webui.keyword.internal.WebUIKeywordMain.stepFailed(WebUIKeywordMain.groovy:117)&#xa;	at com.kms.katalon.core.webui.keyword.internal.WebUIKeywordMain.runKeyword(WebUIKeywordMain.groovy:43)&#xa;	at com.kms.katalon.core.webui.keyword.builtin.SetTextKeyword.setText(SetTextKeyword.groovy:85)&#xa;	at com.kms.katalon.core.webui.keyword.builtin.SetTextKeyword.execute(SetTextKeyword.groovy:39)&#xa;	at com.kms.katalon.core.keyword.internal.KeywordExecutor.executeKeywordForPlatform(KeywordExecutor.groovy:74)&#xa;	at com.kms.katalon.core.webui.keyword.WebUiBuiltInKeywords.setText(WebUiBuiltInKeywords.groovy:1019)&#xa;	at Validar resumen ---.run(Validar resumen ---:28)&#xa;	at com.kms.katalon.core.main.ScriptEngine.run(ScriptEngine.java:194)&#xa;	at com.kms.katalon.core.main.ScriptEngine.runScriptAsRawText(ScriptEngine.java:119)&#xa;	at com.kms.katalon.core.main.TestCaseExecutor.runScript(TestCaseExecutor.java:448)&#xa;	at com.kms.katalon.core.main.TestCaseExecutor.doExecute(TestCaseExecutor.java:439)&#xa;	at com.kms.katalon.core.main.TestCaseExecutor.processExecutionPhase(TestCaseExecutor.java:418)&#xa;	at com.kms.katalon.core.main.TestCaseExecutor.accessMainPhase(TestCaseExecutor.java:410)&#xa;	at com.kms.katalon.core.main.TestCaseExecutor.execute(TestCaseExecutor.java:285)&#xa;	at com.kms.katalon.core.common.CommonExecutor.accessTestCaseMainPhase(CommonExecutor.java:65)&#xa;	at com.kms.katalon.core.main.TestSuiteExecutor.accessTestSuiteMainPhase(TestSuiteExecutor.java:150)&#xa;	at com.kms.katalon.core.main.TestSuiteExecutor.execute(TestSuiteExecutor.java:106)&#xa;	at com.kms.katalon.core.main.TestCaseMain.startTestSuite(TestCaseMain.java:180)&#xa;	at TempTestSuite1732745349578.run(TempTestSuite1732745349578.groovy:35)&#xa;	at java.base/jdk.internal.reflect.NativeMethodAccessorImpl.invoke0(Native Method)&#xa;	at java.base/jdk.internal.reflect.NativeMethodAccessorImpl.invoke(NativeMethodAccessorImpl.java:77)&#xa;	at java.base/jdk.internal.reflect.DelegatingMethodAccessorImpl.invoke(DelegatingMethodAccessorImpl.java:43)&#xa;Caused by: org.openqa.selenium.ElementNotInteractableException: Element &lt;input id=&quot;input_descripcion&quot; class=&quot;f1-first-name form-control msg_alert_tt inputRE&quot; name=&quot;input_descripcion&quot; type=&quot;text&quot;> could not be scrolled into view&#xa;Build info: version: '3.141.59', revision: 'unknown', time: 'unknown'&#xa;System info: host: 'DESKTOP-RGFFP9A', ip: '10.136.10.6', os.name: 'Windows 11', os.arch: 'amd64', os.version: '10.0', java.version: '17.0.7'&#xa;Driver info: com.kms.katalon.core.webui.driver.firefox.CGeckoDriver&#xa;Capabilities {acceptInsecureCerts: true, browserName: firefox, browserVersion: 133.0, javascriptEnabled: true, moz:accessibilityChecks: false, moz:buildID: 20241121140525, moz:geckodriverVersion: 0.35.0, moz:headless: false, moz:platformVersion: 10.0, moz:processID: 32048, moz:profile: C:\Users\OLVATI\AppData\Loc..., moz:shutdownTimeout: 60000, moz:webdriverClick: true, moz:windowless: false, pageLoadStrategy: normal, platform: WINDOWS, platformName: WINDOWS, proxy: Proxy(direct), setWindowRect: true, strictFileInteractability: false, timeouts: {implicit: 0, pageLoad: 300000, script: 30000}, unhandledPromptBehavior: dismiss and notify, userAgent: Mozilla/5.0 (Windows NT 10....}&#xa;Session ID: f290113e-0233-4b09-9424-097d196aaebb&#xa;	at java.base/jdk.internal.reflect.NativeConstructorAccessorImpl.newInstance0(Native Method)&#xa;	at java.base/jdk.internal.reflect.NativeConstructorAccessorImpl.newInstance(NativeConstructorAccessorImpl.java:77)&#xa;	at java.base/jdk.internal.reflect.DelegatingConstructorAccessorImpl.newInstance(DelegatingConstructorAccessorImpl.java:45)&#xa;	at org.openqa.selenium.remote.http.W3CHttpResponseCodec.createException(W3CHttpResponseCodec.java:187)&#xa;	at org.openqa.selenium.remote.http.W3CHttpResponseCodec.decode(W3CHttpResponseCodec.java:122)&#xa;	at org.openqa.selenium.remote.http.W3CHttpResponseCodec.decode(W3CHttpResponseCodec.java:49)&#xa;	at org.openqa.selenium.remote.HttpCommandExecutor.execute(HttpCommandExecutor.java:158)&#xa;	at org.openqa.selenium.remote.service.DriverCommandExecutor.execute(DriverCommandExecutor.java:83)&#xa;	at org.openqa.selenium.remote.RemoteWebDriver.execute(RemoteWebDriver.java:552)&#xa;	at com.kms.katalon.selenium.driver.CFirefoxDriver.execute(CFirefoxDriver.java:28)&#xa;	at org.openqa.selenium.remote.RemoteWebElement.execute(RemoteWebElement.java:285)&#xa;	at org.openqa.selenium.remote.RemoteWebElement.clear(RemoteWebElement.java:124)&#xa;	at jdk.internal.reflect.GeneratedMethodAccessor16.invoke(Unknown Source)&#xa;	at java.base/jdk.internal.reflect.DelegatingMethodAccessorImpl.invoke(DelegatingMethodAccessorImpl.java:43)&#xa;	at org.openqa.selenium.support.events.EventFiringWebDriver$EventFiringWebElement.lambda$new$0(EventFiringWebDriver.java:404)&#xa;	at jdk.proxy2/jdk.proxy2.$Proxy21.clear(Unknown Source)&#xa;	at org.openqa.selenium.support.events.EventFiringWebDriver$EventFiringWebElement.clear(EventFiringWebDriver.java:436)&#xa;	at com.kms.katalon.core.webui.keyword.builtin.SetTextKeyword$_setText_closure1.doCall(SetTextKeyword.groovy:55)&#xa;	at com.kms.katalon.core.webui.keyword.builtin.SetTextKeyword$_setText_closure1.call(SetTextKeyword.groovy)&#xa;	at com.kms.katalon.core.webui.keyword.internal.WebUIKeywordMain.runKeyword(WebUIKeywordMain.groovy:35)&#xa;	... 20 more&#xa;"/>
         <system-out><![CDATA[27-11-2024T17:45:31 - [TEST_CASE][FAILED] - Test Cases/2.Positivos/2.2Sobre/Origen-Provincia/Validar resumen ---: Test Cases/2.Positivos/2.2Sobre/Origen-Provincia/Validar resumen --- FAILED.
Reason:
com.kms.katalon.core.exception.StepFailedException: Unable to set text 'PRUEBAS SOBRE' of object 'Object Repository/sobre/Page_Olva Courier  Datos Personales/input_Qu Envas_input_descripcion'
	at com.kms.katalon.core.webui.keyword.internal.WebUIKeywordMain.stepFailed(WebUIKeywordMain.groovy:117)
	at com.kms.katalon.core.webui.keyword.internal.WebUIKeywordMain.runKeyword(WebUIKeywordMain.groovy:43)
	at com.kms.katalon.core.webui.keyword.builtin.SetTextKeyword.setText(SetTextKeyword.groovy:85)
	at com.kms.katalon.core.webui.keyword.builtin.SetTextKeyword.execute(SetTextKeyword.groovy:39)
	at com.kms.katalon.core.keyword.internal.KeywordExecutor.executeKeywordForPlatform(KeywordExecutor.groovy:74)
	at com.kms.katalon.core.webui.keyword.WebUiBuiltInKeywords.setText(WebUiBuiltInKeywords.groovy:1019)
	at Validar resumen ---.run(Validar resumen ---:28)
	at com.kms.katalon.core.main.ScriptEngine.run(ScriptEngine.java:194)
	at com.kms.katalon.core.main.ScriptEngine.runScriptAsRawText(ScriptEngine.java:119)
	at com.kms.katalon.core.main.TestCaseExecutor.runScript(TestCaseExecutor.java:448)
	at com.kms.katalon.core.main.TestCaseExecutor.doExecute(TestCaseExecutor.java:439)
	at com.kms.katalon.core.main.TestCaseExecutor.processExecutionPhase(TestCaseExecutor.java:418)
	at com.kms.katalon.core.main.TestCaseExecutor.accessMainPhase(TestCaseExecutor.java:410)
	at com.kms.katalon.core.main.TestCaseExecutor.execute(TestCaseExecutor.java:285)
	at com.kms.katalon.core.common.CommonExecutor.accessTestCaseMainPhase(CommonExecutor.java:65)
	at com.kms.katalon.core.main.TestSuiteExecutor.accessTestSuiteMainPhase(TestSuiteExecutor.java:150)
	at com.kms.katalon.core.main.TestSuiteExecutor.execute(TestSuiteExecutor.java:106)
	at com.kms.katalon.core.main.TestCaseMain.startTestSuite(TestCaseMain.java:180)
	at TempTestSuite1732745349578.run(TempTestSuite1732745349578.groovy:35)
	at java.base/jdk.internal.reflect.NativeMethodAccessorImpl.invoke0(Native Method)
	at java.base/jdk.internal.reflect.NativeMethodAccessorImpl.invoke(NativeMethodAccessorImpl.java:77)
	at java.base/jdk.internal.reflect.DelegatingMethodAccessorImpl.invoke(DelegatingMethodAccessorImpl.java:43)
Caused by: org.openqa.selenium.ElementNotInteractableException: Element <input id="input_descripcion" class="f1-first-name form-control msg_alert_tt inputRE" name="input_descripcion" type="text"> could not be scrolled into view
Build info: version: '3.141.59', revision: 'unknown', time: 'unknown'
System info: host: 'DESKTOP-RGFFP9A', ip: '10.136.10.6', os.name: 'Windows 11', os.arch: 'amd64', os.version: '10.0', java.version: '17.0.7'
Driver info: com.kms.katalon.core.webui.driver.firefox.CGeckoDriver
Capabilities {acceptInsecureCerts: true, browserName: firefox, browserVersion: 133.0, javascriptEnabled: true, moz:accessibilityChecks: false, moz:buildID: 20241121140525, moz:geckodriverVersion: 0.35.0, moz:headless: false, moz:platformVersion: 10.0, moz:processID: 32048, moz:profile: C:\Users\OLVATI\AppData\Loc..., moz:shutdownTimeout: 60000, moz:webdriverClick: true, moz:windowless: false, pageLoadStrategy: normal, platform: WINDOWS, platformName: WINDOWS, proxy: Proxy(direct), setWindowRect: true, strictFileInteractability: false, timeouts: {implicit: 0, pageLoad: 300000, script: 30000}, unhandledPromptBehavior: dismiss and notify, userAgent: Mozilla/5.0 (Windows NT 10....}
Session ID: f290113e-0233-4b09-9424-097d196aaebb
	at java.base/jdk.internal.reflect.NativeConstructorAccessorImpl.newInstance0(Native Method)
	at java.base/jdk.internal.reflect.NativeConstructorAccessorImpl.newInstance(NativeConstructorAccessorImpl.java:77)
	at java.base/jdk.internal.reflect.DelegatingConstructorAccessorImpl.newInstance(DelegatingConstructorAccessorImpl.java:45)
	at org.openqa.selenium.remote.http.W3CHttpResponseCodec.createException(W3CHttpResponseCodec.java:187)
	at org.openqa.selenium.remote.http.W3CHttpResponseCodec.decode(W3CHttpResponseCodec.java:122)
	at org.openqa.selenium.remote.http.W3CHttpResponseCodec.decode(W3CHttpResponseCodec.java:49)
	at org.openqa.selenium.remote.HttpCommandExecutor.execute(HttpCommandExecutor.java:158)
	at org.openqa.selenium.remote.service.DriverCommandExecutor.execute(DriverCommandExecutor.java:83)
	at org.openqa.selenium.remote.RemoteWebDriver.execute(RemoteWebDriver.java:552)
	at com.kms.katalon.selenium.driver.CFirefoxDriver.execute(CFirefoxDriver.java:28)
	at org.openqa.selenium.remote.RemoteWebElement.execute(RemoteWebElement.java:285)
	at org.openqa.selenium.remote.RemoteWebElement.clear(RemoteWebElement.java:124)
	at jdk.internal.reflect.GeneratedMethodAccessor16.invoke(Unknown Source)
	at java.base/jdk.internal.reflect.DelegatingMethodAccessorImpl.invoke(DelegatingMethodAccessorImpl.java:43)
	at org.openqa.selenium.support.events.EventFiringWebDriver$EventFiringWebElement.lambda$new$0(EventFiringWebDriver.java:404)
	at jdk.proxy2/jdk.proxy2.$Proxy21.clear(Unknown Source)
	at org.openqa.selenium.support.events.EventFiringWebDriver$EventFiringWebElement.clear(EventFiringWebDriver.java:436)
	at com.kms.katalon.core.webui.keyword.builtin.SetTextKeyword$_setText_closure1.doCall(SetTextKeyword.groovy:55)
	at com.kms.katalon.core.webui.keyword.builtin.SetTextKeyword$_setText_closure1.call(SetTextKeyword.groovy)
	at com.kms.katalon.core.webui.keyword.internal.WebUIKeywordMain.runKeyword(WebUIKeywordMain.groovy:35)
	... 20 more


27-11-2024T17:45:31 - [TEST_STEP][PASSED] - callTestCase(findTestCase("1.Inicio/1.1Principal/Principal-home"), [:], STOP_ON_FAILURE): Call Test Case 'Test Cases/1.Inicio/1.1Principal/Principal-home' successfully

27-11-2024T17:45:32 - [TEST_CASE][PASSED] - Test Cases/1.Inicio/1.1Principal/Principal-home: Test Cases/1.Inicio/1.1Principal/Principal-home

27-11-2024T17:45:32 - [TEST_STEP][PASSED] - openBrowser(""): Browser is opened with url: ''

27-11-2024T17:45:32 - [MESSAGE][WARNING] - A browser is already opened. Closing browser and opening a new one

27-11-2024T17:45:35 - [MESSAGE][INFO] - Starting 'Firefox' driver

27-11-2024T17:45:35 - [MESSAGE][INFO] - Action delay is set to 0 milliseconds

27-11-2024T17:45:46 - [MESSAGE][PASSED] - Browser is opened with url: ''

27-11-2024T17:45:46 - [TEST_STEP][PASSED] - navigateToUrl("https://dev01-registrodeenvios.olvacourier.com/principal"): Navigate to 'https://dev01-registrodeenvios.olvacourier.com/principal' successfully

27-11-2024T17:45:48 - [MESSAGE][PASSED] - Navigate to 'https://dev01-registrodeenvios.olvacourier.com/principal' successfully

27-11-2024T17:45:48 - [TEST_STEP][PASSED] - maximizeWindow(): Current window maximized

27-11-2024T17:45:48 - [MESSAGE][PASSED] - Current window maximized

27-11-2024T17:45:48 - [MESSAGE][PASSED] - Call Test Case 'Test Cases/1.Inicio/1.1Principal/Principal-home' successfully

27-11-2024T17:45:48 - [TEST_STEP][PASSED] - callTestCase(findTestCase("1.Inicio/1.1Principal/Selec_paquete"), [:], STOP_ON_FAILURE): Call Test Case 'Test Cases/1.Inicio/1.1Principal/Selec_paquete' successfully

27-11-2024T17:45:48 - [TEST_CASE][PASSED] - Test Cases/1.Inicio/1.1Principal/Selec_paquete: Test Cases/1.Inicio/1.1Principal/Selec_paquete

27-11-2024T17:45:48 - [TEST_STEP][PASSED] - click(findTestObject("Object Repository/Principal/Page_Olva Courier  Home/img_Qu deseas realizar hoy_img_paquete")): Object: 'Object Repository/Principal/Page_Olva Courier  Home/img_Qu deseas realizar hoy_img_paquete' is clicked on

27-11-2024T17:45:49 - [MESSAGE][PASSED] - Object: 'Object Repository/Principal/Page_Olva Courier  Home/img_Qu deseas realizar hoy_img_paquete' is clicked on

27-11-2024T17:45:49 - [TEST_STEP][PASSED] - click(findTestObject("Object Repository/Principal/Page_Olva Courier  Home/span_He ledo y acepto los_checkmark (1)")): Object: 'Object Repository/Principal/Page_Olva Courier  Home/span_He ledo y acepto los_checkmark (1)' is clicked on

27-11-2024T17:45:49 - [MESSAGE][PASSED] - Object: 'Object Repository/Principal/Page_Olva Courier  Home/span_He ledo y acepto los_checkmark (1)' is clicked on

27-11-2024T17:45:49 - [TEST_STEP][PASSED] - click(findTestObject("Object Repository/Principal/Page_Olva Courier  Home/button_CONTINUAR (1)")): Object: 'Object Repository/Principal/Page_Olva Courier  Home/button_CONTINUAR (1)' is clicked on

27-11-2024T17:45:51 - [MESSAGE][PASSED] - Object: 'Object Repository/Principal/Page_Olva Courier  Home/button_CONTINUAR (1)' is clicked on

27-11-2024T17:45:51 - [TEST_STEP][PASSED] - verifyElementPresent(findTestObject("Object Repository/Principal/Page_Olva Courier  Datos Personales/strong_REGISTRO DE ENVOS"), 0): Object 'Object Repository/Principal/Page_Olva Courier  Datos Personales/strong_REGISTRO DE ENVOS' is present

27-11-2024T17:45:51 - [MESSAGE][WARNING] - Timeout '0' is invalid. Using default page load timeout: '30'

27-11-2024T17:45:52 - [MESSAGE][PASSED] - Object 'Object Repository/Principal/Page_Olva Courier  Datos Personales/strong_REGISTRO DE ENVOS' is present

27-11-2024T17:45:52 - [TEST_STEP][PASSED] - verifyElementPresent(findTestObject("Object Repository/Principal/Page_Olva Courier  Datos Personales/span_Regresar (1)"), 0): Object 'Object Repository/Principal/Page_Olva Courier  Datos Personales/span_Regresar (1)' is present

27-11-2024T17:45:52 - [MESSAGE][WARNING] - Timeout '0' is invalid. Using default page load timeout: '30'

27-11-2024T17:45:52 - [MESSAGE][PASSED] - Object 'Object Repository/Principal/Page_Olva Courier  Datos Personales/span_Regresar (1)' is present

27-11-2024T17:45:52 - [TEST_STEP][PASSED] - verifyElementPresent(findTestObject("Object Repository/Principal/Page_Olva Courier  Datos Personales/span_Inicio (1)"), 0): Object 'Object Repository/Principal/Page_Olva Courier  Datos Personales/span_Inicio (1)' is present

27-11-2024T17:45:52 - [MESSAGE][WARNING] - Timeout '0' is invalid. Using default page load timeout: '30'

27-11-2024T17:45:52 - [MESSAGE][PASSED] - Object 'Object Repository/Principal/Page_Olva Courier  Datos Personales/span_Inicio (1)' is present

27-11-2024T17:45:52 - [MESSAGE][PASSED] - Call Test Case 'Test Cases/1.Inicio/1.1Principal/Selec_paquete' successfully

27-11-2024T17:45:52 - [TEST_STEP][PASSED] - callTestCase(findTestCase("1.Inicio/1.2Tipo_Doc/5.RUC20"), [:], STOP_ON_FAILURE): Call Test Case 'Test Cases/1.Inicio/1.2Tipo_Doc/5.RUC20' successfully

27-11-2024T17:45:53 - [TEST_CASE][PASSED] - Test Cases/1.Inicio/1.2Tipo_Doc/5.RUC20: Test Cases/1.Inicio/1.2Tipo_Doc/5.RUC20

27-11-2024T17:45:53 - [TEST_STEP][PASSED] - click(findTestObject("Object Repository/Login/Page_Olva Courier  Datos Personales/button_Tipo De Documento")): Object: 'Object Repository/Login/Page_Olva Courier  Datos Personales/button_Tipo De Documento' is clicked on

27-11-2024T17:45:53 - [MESSAGE][PASSED] - Object: 'Object Repository/Login/Page_Olva Courier  Datos Personales/button_Tipo De Documento' is clicked on

27-11-2024T17:45:53 - [TEST_STEP][PASSED] - click(findTestObject("Object Repository/Login/Page_Olva Courier  Datos Personales/span_RUC (Factura)")): Object: 'Object Repository/Login/Page_Olva Courier  Datos Personales/span_RUC (Factura)' is clicked on

27-11-2024T17:45:54 - [MESSAGE][PASSED] - Object: 'Object Repository/Login/Page_Olva Courier  Datos Personales/span_RUC (Factura)' is clicked on

27-11-2024T17:45:54 - [TEST_STEP][PASSED] - setText(findTestObject("Object Repository/Login/Page_Olva Courier  Datos Personales/input_CARN EXT. (Boleta)_txt_documento_cliente"), "20100686814"): Text '20100686814' is set on object 'Object Repository/Login/Page_Olva Courier  Datos Personales/input_CARN EXT. (Boleta)_txt_documento_cliente'

27-11-2024T17:45:55 - [MESSAGE][PASSED] - Text '20100686814' is set on object 'Object Repository/Login/Page_Olva Courier  Datos Personales/input_CARN EXT. (Boleta)_txt_documento_cliente'

27-11-2024T17:45:55 - [MESSAGE][PASSED] - Call Test Case 'Test Cases/1.Inicio/1.2Tipo_Doc/5.RUC20' successfully

27-11-2024T17:45:55 - [TEST_STEP][PASSED] - delay(0): Delayed 0 second(s)

27-11-2024T17:45:55 - [MESSAGE][PASSED] - Delayed 0 second(s)

27-11-2024T17:45:55 - [TEST_STEP][FAILED] - setText(findTestObject("Object Repository/sobre/Page_Olva Courier  Datos Personales/input_Qu Envas_input_descripcion"), "PRUEBAS SOBRE"): Unable to set text 'PRUEBAS SOBRE' of object 'Object Repository/sobre/Page_Olva Courier  Datos Personales/input_Qu Envas_input_descripcion' (Root cause: com.kms.katalon.core.exception.StepFailedException: Unable to set text 'PRUEBAS SOBRE' of object 'Object Repository/sobre/Page_Olva Courier  Datos Personales/input_Qu Envas_input_descripcion'
	at com.kms.katalon.core.webui.keyword.internal.WebUIKeywordMain.stepFailed(WebUIKeywordMain.groovy:117)
	at com.kms.katalon.core.webui.keyword.internal.WebUIKeywordMain.runKeyword(WebUIKeywordMain.groovy:43)
	at com.kms.katalon.core.webui.keyword.builtin.SetTextKeyword.setText(SetTextKeyword.groovy:85)
	at com.kms.katalon.core.webui.keyword.builtin.SetTextKeyword.execute(SetTextKeyword.groovy:39)
	at com.kms.katalon.core.keyword.internal.KeywordExecutor.executeKeywordForPlatform(KeywordExecutor.groovy:74)
	at com.kms.katalon.core.webui.keyword.WebUiBuiltInKeywords.setText(WebUiBuiltInKeywords.groovy:1019)
	at Validar resumen ---.run(Validar resumen ---:28)
	at com.kms.katalon.core.main.ScriptEngine.run(ScriptEngine.java:194)
	at com.kms.katalon.core.main.ScriptEngine.runScriptAsRawText(ScriptEngine.java:119)
	at com.kms.katalon.core.main.TestCaseExecutor.runScript(TestCaseExecutor.java:448)
	at com.kms.katalon.core.main.TestCaseExecutor.doExecute(TestCaseExecutor.java:439)
	at com.kms.katalon.core.main.TestCaseExecutor.processExecutionPhase(TestCaseExecutor.java:418)
	at com.kms.katalon.core.main.TestCaseExecutor.accessMainPhase(TestCaseExecutor.java:410)
	at com.kms.katalon.core.main.TestCaseExecutor.execute(TestCaseExecutor.java:285)
	at com.kms.katalon.core.common.CommonExecutor.accessTestCaseMainPhase(CommonExecutor.java:65)
	at com.kms.katalon.core.main.TestSuiteExecutor.accessTestSuiteMainPhase(TestSuiteExecutor.java:150)
	at com.kms.katalon.core.main.TestSuiteExecutor.execute(TestSuiteExecutor.java:106)
	at com.kms.katalon.core.main.TestCaseMain.startTestSuite(TestCaseMain.java:180)
	at TempTestSuite1732745349578.run(TempTestSuite1732745349578.groovy:35)
	at java.base/jdk.internal.reflect.NativeMethodAccessorImpl.invoke0(Native Method)
	at java.base/jdk.internal.reflect.NativeMethodAccessorImpl.invoke(NativeMethodAccessorImpl.java:77)
	at java.base/jdk.internal.reflect.DelegatingMethodAccessorImpl.invoke(DelegatingMethodAccessorImpl.java:43)
Caused by: org.openqa.selenium.ElementNotInteractableException: Element <input id="input_descripcion" class="f1-first-name form-control msg_alert_tt inputRE" name="input_descripcion" type="text"> could not be scrolled into view
Build info: version: '3.141.59', revision: 'unknown', time: 'unknown'
System info: host: 'DESKTOP-RGFFP9A', ip: '10.136.10.6', os.name: 'Windows 11', os.arch: 'amd64', os.version: '10.0', java.version: '17.0.7'
Driver info: com.kms.katalon.core.webui.driver.firefox.CGeckoDriver
Capabilities {acceptInsecureCerts: true, browserName: firefox, browserVersion: 133.0, javascriptEnabled: true, moz:accessibilityChecks: false, moz:buildID: 20241121140525, moz:geckodriverVersion: 0.35.0, moz:headless: false, moz:platformVersion: 10.0, moz:processID: 32048, moz:profile: C:\Users\OLVATI\AppData\Loc..., moz:shutdownTimeout: 60000, moz:webdriverClick: true, moz:windowless: false, pageLoadStrategy: normal, platform: WINDOWS, platformName: WINDOWS, proxy: Proxy(direct), setWindowRect: true, strictFileInteractability: false, timeouts: {implicit: 0, pageLoad: 300000, script: 30000}, unhandledPromptBehavior: dismiss and notify, userAgent: Mozilla/5.0 (Windows NT 10....}
Session ID: f290113e-0233-4b09-9424-097d196aaebb
	at java.base/jdk.internal.reflect.NativeConstructorAccessorImpl.newInstance0(Native Method)
	at java.base/jdk.internal.reflect.NativeConstructorAccessorImpl.newInstance(NativeConstructorAccessorImpl.java:77)
	at java.base/jdk.internal.reflect.DelegatingConstructorAccessorImpl.newInstance(DelegatingConstructorAccessorImpl.java:45)
	at org.openqa.selenium.remote.http.W3CHttpResponseCodec.createException(W3CHttpResponseCodec.java:187)
	at org.openqa.selenium.remote.http.W3CHttpResponseCodec.decode(W3CHttpResponseCodec.java:122)
	at org.openqa.selenium.remote.http.W3CHttpResponseCodec.decode(W3CHttpResponseCodec.java:49)
	at org.openqa.selenium.remote.HttpCommandExecutor.execute(HttpCommandExecutor.java:158)
	at org.openqa.selenium.remote.service.DriverCommandExecutor.execute(DriverCommandExecutor.java:83)
	at org.openqa.selenium.remote.RemoteWebDriver.execute(RemoteWebDriver.java:552)
	at com.kms.katalon.selenium.driver.CFirefoxDriver.execute(CFirefoxDriver.java:28)
	at org.openqa.selenium.remote.RemoteWebElement.execute(RemoteWebElement.java:285)
	at org.openqa.selenium.remote.RemoteWebElement.clear(RemoteWebElement.java:124)
	at jdk.internal.reflect.GeneratedMethodAccessor16.invoke(Unknown Source)
	at java.base/jdk.internal.reflect.DelegatingMethodAccessorImpl.invoke(DelegatingMethodAccessorImpl.java:43)
	at org.openqa.selenium.support.events.EventFiringWebDriver$EventFiringWebElement.lambda$new$0(EventFiringWebDriver.java:404)
	at jdk.proxy2/jdk.proxy2.$Proxy21.clear(Unknown Source)
	at org.openqa.selenium.support.events.EventFiringWebDriver$EventFiringWebElement.clear(EventFiringWebDriver.java:436)
	at com.kms.katalon.core.webui.keyword.builtin.SetTextKeyword$_setText_closure1.doCall(SetTextKeyword.groovy:55)
	at com.kms.katalon.core.webui.keyword.builtin.SetTextKeyword$_setText_closure1.call(SetTextKeyword.groovy)
	at com.kms.katalon.core.webui.keyword.internal.WebUIKeywordMain.runKeyword(WebUIKeywordMain.groovy:35)
	at com.kms.katalon.core.webui.keyword.builtin.SetTextKeyword.setText(SetTextKeyword.groovy:85)
	at com.kms.katalon.core.webui.keyword.builtin.SetTextKeyword.execute(SetTextKeyword.groovy:39)
	at com.kms.katalon.core.keyword.internal.KeywordExecutor.executeKeywordForPlatform(KeywordExecutor.groovy:74)
	at com.kms.katalon.core.webui.keyword.WebUiBuiltInKeywords.setText(WebUiBuiltInKeywords.groovy:1019)
	at Script1732341473737.run(Script1732341473737.groovy:28)
	... 15 more
)

27-11-2024T17:46:00 - [MESSAGE][FAILED] - Unable to set text 'PRUEBAS SOBRE' of object 'Object Repository/sobre/Page_Olva Courier  Datos Personales/input_Qu Envas_input_descripcion' (Root cause: com.kms.katalon.core.exception.StepFailedException: Unable to set text 'PRUEBAS SOBRE' of object 'Object Repository/sobre/Page_Olva Courier  Datos Personales/input_Qu Envas_input_descripcion'
	at com.kms.katalon.core.webui.keyword.internal.WebUIKeywordMain.stepFailed(WebUIKeywordMain.groovy:117)
	at com.kms.katalon.core.webui.keyword.internal.WebUIKeywordMain.runKeyword(WebUIKeywordMain.groovy:43)
	at com.kms.katalon.core.webui.keyword.builtin.SetTextKeyword.setText(SetTextKeyword.groovy:85)
	at com.kms.katalon.core.webui.keyword.builtin.SetTextKeyword.execute(SetTextKeyword.groovy:39)
	at com.kms.katalon.core.keyword.internal.KeywordExecutor.executeKeywordForPlatform(KeywordExecutor.groovy:74)
	at com.kms.katalon.core.webui.keyword.WebUiBuiltInKeywords.setText(WebUiBuiltInKeywords.groovy:1019)
	at Validar resumen ---.run(Validar resumen ---:28)
	at com.kms.katalon.core.main.ScriptEngine.run(ScriptEngine.java:194)
	at com.kms.katalon.core.main.ScriptEngine.runScriptAsRawText(ScriptEngine.java:119)
	at com.kms.katalon.core.main.TestCaseExecutor.runScript(TestCaseExecutor.java:448)
	at com.kms.katalon.core.main.TestCaseExecutor.doExecute(TestCaseExecutor.java:439)
	at com.kms.katalon.core.main.TestCaseExecutor.processExecutionPhase(TestCaseExecutor.java:418)
	at com.kms.katalon.core.main.TestCaseExecutor.accessMainPhase(TestCaseExecutor.java:410)
	at com.kms.katalon.core.main.TestCaseExecutor.execute(TestCaseExecutor.java:285)
	at com.kms.katalon.core.common.CommonExecutor.accessTestCaseMainPhase(CommonExecutor.java:65)
	at com.kms.katalon.core.main.TestSuiteExecutor.accessTestSuiteMainPhase(TestSuiteExecutor.java:150)
	at com.kms.katalon.core.main.TestSuiteExecutor.execute(TestSuiteExecutor.java:106)
	at com.kms.katalon.core.main.TestCaseMain.startTestSuite(TestCaseMain.java:180)
	at TempTestSuite1732745349578.run(TempTestSuite1732745349578.groovy:35)
	at java.base/jdk.internal.reflect.NativeMethodAccessorImpl.invoke0(Native Method)
	at java.base/jdk.internal.reflect.NativeMethodAccessorImpl.invoke(NativeMethodAccessorImpl.java:77)
	at java.base/jdk.internal.reflect.DelegatingMethodAccessorImpl.invoke(DelegatingMethodAccessorImpl.java:43)
Caused by: org.openqa.selenium.ElementNotInteractableException: Element <input id="input_descripcion" class="f1-first-name form-control msg_alert_tt inputRE" name="input_descripcion" type="text"> could not be scrolled into view
Build info: version: '3.141.59', revision: 'unknown', time: 'unknown'
System info: host: 'DESKTOP-RGFFP9A', ip: '10.136.10.6', os.name: 'Windows 11', os.arch: 'amd64', os.version: '10.0', java.version: '17.0.7'
Driver info: com.kms.katalon.core.webui.driver.firefox.CGeckoDriver
Capabilities {acceptInsecureCerts: true, browserName: firefox, browserVersion: 133.0, javascriptEnabled: true, moz:accessibilityChecks: false, moz:buildID: 20241121140525, moz:geckodriverVersion: 0.35.0, moz:headless: false, moz:platformVersion: 10.0, moz:processID: 32048, moz:profile: C:\Users\OLVATI\AppData\Loc..., moz:shutdownTimeout: 60000, moz:webdriverClick: true, moz:windowless: false, pageLoadStrategy: normal, platform: WINDOWS, platformName: WINDOWS, proxy: Proxy(direct), setWindowRect: true, strictFileInteractability: false, timeouts: {implicit: 0, pageLoad: 300000, script: 30000}, unhandledPromptBehavior: dismiss and notify, userAgent: Mozilla/5.0 (Windows NT 10....}
Session ID: f290113e-0233-4b09-9424-097d196aaebb
	at java.base/jdk.internal.reflect.NativeConstructorAccessorImpl.newInstance0(Native Method)
	at java.base/jdk.internal.reflect.NativeConstructorAccessorImpl.newInstance(NativeConstructorAccessorImpl.java:77)
	at java.base/jdk.internal.reflect.DelegatingConstructorAccessorImpl.newInstance(DelegatingConstructorAccessorImpl.java:45)
	at org.openqa.selenium.remote.http.W3CHttpResponseCodec.createException(W3CHttpResponseCodec.java:187)
	at org.openqa.selenium.remote.http.W3CHttpResponseCodec.decode(W3CHttpResponseCodec.java:122)
	at org.openqa.selenium.remote.http.W3CHttpResponseCodec.decode(W3CHttpResponseCodec.java:49)
	at org.openqa.selenium.remote.HttpCommandExecutor.execute(HttpCommandExecutor.java:158)
	at org.openqa.selenium.remote.service.DriverCommandExecutor.execute(DriverCommandExecutor.java:83)
	at org.openqa.selenium.remote.RemoteWebDriver.execute(RemoteWebDriver.java:552)
	at com.kms.katalon.selenium.driver.CFirefoxDriver.execute(CFirefoxDriver.java:28)
	at org.openqa.selenium.remote.RemoteWebElement.execute(RemoteWebElement.java:285)
	at org.openqa.selenium.remote.RemoteWebElement.clear(RemoteWebElement.java:124)
	at jdk.internal.reflect.GeneratedMethodAccessor16.invoke(Unknown Source)
	at java.base/jdk.internal.reflect.DelegatingMethodAccessorImpl.invoke(DelegatingMethodAccessorImpl.java:43)
	at org.openqa.selenium.support.events.EventFiringWebDriver$EventFiringWebElement.lambda$new$0(EventFiringWebDriver.java:404)
	at jdk.proxy2/jdk.proxy2.$Proxy21.clear(Unknown Source)
	at org.openqa.selenium.support.events.EventFiringWebDriver$EventFiringWebElement.clear(EventFiringWebDriver.java:436)
	at com.kms.katalon.core.webui.keyword.builtin.SetTextKeyword$_setText_closure1.doCall(SetTextKeyword.groovy:55)
	at com.kms.katalon.core.webui.keyword.builtin.SetTextKeyword$_setText_closure1.call(SetTextKeyword.groovy)
	at com.kms.katalon.core.webui.keyword.internal.WebUIKeywordMain.runKeyword(WebUIKeywordMain.groovy:35)
	at com.kms.katalon.core.webui.keyword.builtin.SetTextKeyword.setText(SetTextKeyword.groovy:85)
	at com.kms.katalon.core.webui.keyword.builtin.SetTextKeyword.execute(SetTextKeyword.groovy:39)
	at com.kms.katalon.core.keyword.internal.KeywordExecutor.executeKeywordForPlatform(KeywordExecutor.groovy:74)
	at com.kms.katalon.core.webui.keyword.WebUiBuiltInKeywords.setText(WebUiBuiltInKeywords.groovy:1019)
	at Script1732341473737.run(Script1732341473737.groovy:28)
	... 15 more
)]]></system-out>
         <system-err><![CDATA[27-11-2024T17:45:31 - [TEST_CASE][FAILED] - Test Cases/2.Positivos/2.2Sobre/Origen-Provincia/Validar resumen ---: Test Cases/2.Positivos/2.2Sobre/Origen-Provincia/Validar resumen --- FAILED.
Reason:
com.kms.katalon.core.exception.StepFailedException: Unable to set text 'PRUEBAS SOBRE' of object 'Object Repository/sobre/Page_Olva Courier  Datos Personales/input_Qu Envas_input_descripcion'
	at com.kms.katalon.core.webui.keyword.internal.WebUIKeywordMain.stepFailed(WebUIKeywordMain.groovy:117)
	at com.kms.katalon.core.webui.keyword.internal.WebUIKeywordMain.runKeyword(WebUIKeywordMain.groovy:43)
	at com.kms.katalon.core.webui.keyword.builtin.SetTextKeyword.setText(SetTextKeyword.groovy:85)
	at com.kms.katalon.core.webui.keyword.builtin.SetTextKeyword.execute(SetTextKeyword.groovy:39)
	at com.kms.katalon.core.keyword.internal.KeywordExecutor.executeKeywordForPlatform(KeywordExecutor.groovy:74)
	at com.kms.katalon.core.webui.keyword.WebUiBuiltInKeywords.setText(WebUiBuiltInKeywords.groovy:1019)
	at Validar resumen ---.run(Validar resumen ---:28)
	at com.kms.katalon.core.main.ScriptEngine.run(ScriptEngine.java:194)
	at com.kms.katalon.core.main.ScriptEngine.runScriptAsRawText(ScriptEngine.java:119)
	at com.kms.katalon.core.main.TestCaseExecutor.runScript(TestCaseExecutor.java:448)
	at com.kms.katalon.core.main.TestCaseExecutor.doExecute(TestCaseExecutor.java:439)
	at com.kms.katalon.core.main.TestCaseExecutor.processExecutionPhase(TestCaseExecutor.java:418)
	at com.kms.katalon.core.main.TestCaseExecutor.accessMainPhase(TestCaseExecutor.java:410)
	at com.kms.katalon.core.main.TestCaseExecutor.execute(TestCaseExecutor.java:285)
	at com.kms.katalon.core.common.CommonExecutor.accessTestCaseMainPhase(CommonExecutor.java:65)
	at com.kms.katalon.core.main.TestSuiteExecutor.accessTestSuiteMainPhase(TestSuiteExecutor.java:150)
	at com.kms.katalon.core.main.TestSuiteExecutor.execute(TestSuiteExecutor.java:106)
	at com.kms.katalon.core.main.TestCaseMain.startTestSuite(TestCaseMain.java:180)
	at TempTestSuite1732745349578.run(TempTestSuite1732745349578.groovy:35)
	at java.base/jdk.internal.reflect.NativeMethodAccessorImpl.invoke0(Native Method)
	at java.base/jdk.internal.reflect.NativeMethodAccessorImpl.invoke(NativeMethodAccessorImpl.java:77)
	at java.base/jdk.internal.reflect.DelegatingMethodAccessorImpl.invoke(DelegatingMethodAccessorImpl.java:43)
Caused by: org.openqa.selenium.ElementNotInteractableException: Element <input id="input_descripcion" class="f1-first-name form-control msg_alert_tt inputRE" name="input_descripcion" type="text"> could not be scrolled into view
Build info: version: '3.141.59', revision: 'unknown', time: 'unknown'
System info: host: 'DESKTOP-RGFFP9A', ip: '10.136.10.6', os.name: 'Windows 11', os.arch: 'amd64', os.version: '10.0', java.version: '17.0.7'
Driver info: com.kms.katalon.core.webui.driver.firefox.CGeckoDriver
Capabilities {acceptInsecureCerts: true, browserName: firefox, browserVersion: 133.0, javascriptEnabled: true, moz:accessibilityChecks: false, moz:buildID: 20241121140525, moz:geckodriverVersion: 0.35.0, moz:headless: false, moz:platformVersion: 10.0, moz:processID: 32048, moz:profile: C:\Users\OLVATI\AppData\Loc..., moz:shutdownTimeout: 60000, moz:webdriverClick: true, moz:windowless: false, pageLoadStrategy: normal, platform: WINDOWS, platformName: WINDOWS, proxy: Proxy(direct), setWindowRect: true, strictFileInteractability: false, timeouts: {implicit: 0, pageLoad: 300000, script: 30000}, unhandledPromptBehavior: dismiss and notify, userAgent: Mozilla/5.0 (Windows NT 10....}
Session ID: f290113e-0233-4b09-9424-097d196aaebb
	at java.base/jdk.internal.reflect.NativeConstructorAccessorImpl.newInstance0(Native Method)
	at java.base/jdk.internal.reflect.NativeConstructorAccessorImpl.newInstance(NativeConstructorAccessorImpl.java:77)
	at java.base/jdk.internal.reflect.DelegatingConstructorAccessorImpl.newInstance(DelegatingConstructorAccessorImpl.java:45)
	at org.openqa.selenium.remote.http.W3CHttpResponseCodec.createException(W3CHttpResponseCodec.java:187)
	at org.openqa.selenium.remote.http.W3CHttpResponseCodec.decode(W3CHttpResponseCodec.java:122)
	at org.openqa.selenium.remote.http.W3CHttpResponseCodec.decode(W3CHttpResponseCodec.java:49)
	at org.openqa.selenium.remote.HttpCommandExecutor.execute(HttpCommandExecutor.java:158)
	at org.openqa.selenium.remote.service.DriverCommandExecutor.execute(DriverCommandExecutor.java:83)
	at org.openqa.selenium.remote.RemoteWebDriver.execute(RemoteWebDriver.java:552)
	at com.kms.katalon.selenium.driver.CFirefoxDriver.execute(CFirefoxDriver.java:28)
	at org.openqa.selenium.remote.RemoteWebElement.execute(RemoteWebElement.java:285)
	at org.openqa.selenium.remote.RemoteWebElement.clear(RemoteWebElement.java:124)
	at jdk.internal.reflect.GeneratedMethodAccessor16.invoke(Unknown Source)
	at java.base/jdk.internal.reflect.DelegatingMethodAccessorImpl.invoke(DelegatingMethodAccessorImpl.java:43)
	at org.openqa.selenium.support.events.EventFiringWebDriver$EventFiringWebElement.lambda$new$0(EventFiringWebDriver.java:404)
	at jdk.proxy2/jdk.proxy2.$Proxy21.clear(Unknown Source)
	at org.openqa.selenium.support.events.EventFiringWebDriver$EventFiringWebElement.clear(EventFiringWebDriver.java:436)
	at com.kms.katalon.core.webui.keyword.builtin.SetTextKeyword$_setText_closure1.doCall(SetTextKeyword.groovy:55)
	at com.kms.katalon.core.webui.keyword.builtin.SetTextKeyword$_setText_closure1.call(SetTextKeyword.groovy)
	at com.kms.katalon.core.webui.keyword.internal.WebUIKeywordMain.runKeyword(WebUIKeywordMain.groovy:35)
	... 20 more]]></system-err>
      </testcase>
      <testcase name="Test Cases/2.Positivos/2.2Sobre/Origen-Provincia/Editar_Eliminar-Envios" time="31.788" classname="Test Cases/2.Positivos/2.2Sobre/Origen-Provincia/Editar_Eliminar-Envios" status="FAILED">
         <failure type="FAILED" message="Test Cases/2.Positivos/2.2Sobre/Origen-Provincia/Editar_Eliminar-Envios FAILED.&#xa;Reason:&#xa;com.kms.katalon.core.exception.StepFailedException: Unable to set text 'PRUEBAS SOBRE' of object 'Object Repository/sobre/Page_Olva Courier  Datos Personales/input_Qu Envas_input_descripcion'&#xa;	at com.kms.katalon.core.webui.keyword.internal.WebUIKeywordMain.stepFailed(WebUIKeywordMain.groovy:117)&#xa;	at com.kms.katalon.core.webui.keyword.internal.WebUIKeywordMain.runKeyword(WebUIKeywordMain.groovy:43)&#xa;	at com.kms.katalon.core.webui.keyword.builtin.SetTextKeyword.setText(SetTextKeyword.groovy:85)&#xa;	at com.kms.katalon.core.webui.keyword.builtin.SetTextKeyword.execute(SetTextKeyword.groovy:39)&#xa;	at com.kms.katalon.core.keyword.internal.KeywordExecutor.executeKeywordForPlatform(KeywordExecutor.groovy:74)&#xa;	at com.kms.katalon.core.webui.keyword.WebUiBuiltInKeywords.setText(WebUiBuiltInKeywords.groovy:1019)&#xa;	at Editar_Eliminar-Envios.run(Editar_Eliminar-Envios:26)&#xa;	at com.kms.katalon.core.main.ScriptEngine.run(ScriptEngine.java:194)&#xa;	at com.kms.katalon.core.main.ScriptEngine.runScriptAsRawText(ScriptEngine.java:119)&#xa;	at com.kms.katalon.core.main.TestCaseExecutor.runScript(TestCaseExecutor.java:448)&#xa;	at com.kms.katalon.core.main.TestCaseExecutor.doExecute(TestCaseExecutor.java:439)&#xa;	at com.kms.katalon.core.main.TestCaseExecutor.processExecutionPhase(TestCaseExecutor.java:418)&#xa;	at com.kms.katalon.core.main.TestCaseExecutor.accessMainPhase(TestCaseExecutor.java:410)&#xa;	at com.kms.katalon.core.main.TestCaseExecutor.execute(TestCaseExecutor.java:285)&#xa;	at com.kms.katalon.core.common.CommonExecutor.accessTestCaseMainPhase(CommonExecutor.java:65)&#xa;	at com.kms.katalon.core.main.TestSuiteExecutor.accessTestSuiteMainPhase(TestSuiteExecutor.java:150)&#xa;	at com.kms.katalon.core.main.TestSuiteExecutor.execute(TestSuiteExecutor.java:106)&#xa;	at com.kms.katalon.core.main.TestCaseMain.startTestSuite(TestCaseMain.java:180)&#xa;	at TempTestSuite1732745349578.run(TempTestSuite1732745349578.groovy:35)&#xa;	at java.base/jdk.internal.reflect.NativeMethodAccessorImpl.invoke0(Native Method)&#xa;	at java.base/jdk.internal.reflect.NativeMethodAccessorImpl.invoke(NativeMethodAccessorImpl.java:77)&#xa;	at java.base/jdk.internal.reflect.DelegatingMethodAccessorImpl.invoke(DelegatingMethodAccessorImpl.java:43)&#xa;Caused by: org.openqa.selenium.ElementNotInteractableException: Element &lt;input id=&quot;input_descripcion&quot; class=&quot;f1-first-name form-control msg_alert_tt inputRE&quot; name=&quot;input_descripcion&quot; type=&quot;text&quot;> could not be scrolled into view&#xa;Build info: version: '3.141.59', revision: 'unknown', time: 'unknown'&#xa;System info: host: 'DESKTOP-RGFFP9A', ip: '10.136.10.6', os.name: 'Windows 11', os.arch: 'amd64', os.version: '10.0', java.version: '17.0.7'&#xa;Driver info: com.kms.katalon.core.webui.driver.firefox.CGeckoDriver&#xa;Capabilities {acceptInsecureCerts: true, browserName: firefox, browserVersion: 133.0, javascriptEnabled: true, moz:accessibilityChecks: false, moz:buildID: 20241121140525, moz:geckodriverVersion: 0.35.0, moz:headless: false, moz:platformVersion: 10.0, moz:processID: 37032, moz:profile: C:\Users\OLVATI\AppData\Loc..., moz:shutdownTimeout: 60000, moz:webdriverClick: true, moz:windowless: false, pageLoadStrategy: normal, platform: WINDOWS, platformName: WINDOWS, proxy: Proxy(direct), setWindowRect: true, strictFileInteractability: false, timeouts: {implicit: 0, pageLoad: 300000, script: 30000}, unhandledPromptBehavior: dismiss and notify, userAgent: Mozilla/5.0 (Windows NT 10....}&#xa;Session ID: 35731a8c-2d1e-4192-aae1-30df320569eb&#xa;	at java.base/jdk.internal.reflect.NativeConstructorAccessorImpl.newInstance0(Native Method)&#xa;	at java.base/jdk.internal.reflect.NativeConstructorAccessorImpl.newInstance(NativeConstructorAccessorImpl.java:77)&#xa;	at java.base/jdk.internal.reflect.DelegatingConstructorAccessorImpl.newInstance(DelegatingConstructorAccessorImpl.java:45)&#xa;	at org.openqa.selenium.remote.http.W3CHttpResponseCodec.createException(W3CHttpResponseCodec.java:187)&#xa;	at org.openqa.selenium.remote.http.W3CHttpResponseCodec.decode(W3CHttpResponseCodec.java:122)&#xa;	at org.openqa.selenium.remote.http.W3CHttpResponseCodec.decode(W3CHttpResponseCodec.java:49)&#xa;	at org.openqa.selenium.remote.HttpCommandExecutor.execute(HttpCommandExecutor.java:158)&#xa;	at org.openqa.selenium.remote.service.DriverCommandExecutor.execute(DriverCommandExecutor.java:83)&#xa;	at org.openqa.selenium.remote.RemoteWebDriver.execute(RemoteWebDriver.java:552)&#xa;	at com.kms.katalon.selenium.driver.CFirefoxDriver.execute(CFirefoxDriver.java:28)&#xa;	at org.openqa.selenium.remote.RemoteWebElement.execute(RemoteWebElement.java:285)&#xa;	at org.openqa.selenium.remote.RemoteWebElement.clear(RemoteWebElement.java:124)&#xa;	at jdk.internal.reflect.GeneratedMethodAccessor16.invoke(Unknown Source)&#xa;	at java.base/jdk.internal.reflect.DelegatingMethodAccessorImpl.invoke(DelegatingMethodAccessorImpl.java:43)&#xa;	at org.openqa.selenium.support.events.EventFiringWebDriver$EventFiringWebElement.lambda$new$0(EventFiringWebDriver.java:404)&#xa;	at jdk.proxy2/jdk.proxy2.$Proxy21.clear(Unknown Source)&#xa;	at org.openqa.selenium.support.events.EventFiringWebDriver$EventFiringWebElement.clear(EventFiringWebDriver.java:436)&#xa;	at com.kms.katalon.core.webui.keyword.builtin.SetTextKeyword$_setText_closure1.doCall(SetTextKeyword.groovy:55)&#xa;	at com.kms.katalon.core.webui.keyword.builtin.SetTextKeyword$_setText_closure1.call(SetTextKeyword.groovy)&#xa;	at com.kms.katalon.core.webui.keyword.internal.WebUIKeywordMain.runKeyword(WebUIKeywordMain.groovy:35)&#xa;	... 20 more&#xa;"/>
         <system-out><![CDATA[27-11-2024T17:46:00 - [TEST_CASE][FAILED] - Test Cases/2.Positivos/2.2Sobre/Origen-Provincia/Editar_Eliminar-Envios: Test Cases/2.Positivos/2.2Sobre/Origen-Provincia/Editar_Eliminar-Envios FAILED.
Reason:
com.kms.katalon.core.exception.StepFailedException: Unable to set text 'PRUEBAS SOBRE' of object 'Object Repository/sobre/Page_Olva Courier  Datos Personales/input_Qu Envas_input_descripcion'
	at com.kms.katalon.core.webui.keyword.internal.WebUIKeywordMain.stepFailed(WebUIKeywordMain.groovy:117)
	at com.kms.katalon.core.webui.keyword.internal.WebUIKeywordMain.runKeyword(WebUIKeywordMain.groovy:43)
	at com.kms.katalon.core.webui.keyword.builtin.SetTextKeyword.setText(SetTextKeyword.groovy:85)
	at com.kms.katalon.core.webui.keyword.builtin.SetTextKeyword.execute(SetTextKeyword.groovy:39)
	at com.kms.katalon.core.keyword.internal.KeywordExecutor.executeKeywordForPlatform(KeywordExecutor.groovy:74)
	at com.kms.katalon.core.webui.keyword.WebUiBuiltInKeywords.setText(WebUiBuiltInKeywords.groovy:1019)
	at Editar_Eliminar-Envios.run(Editar_Eliminar-Envios:26)
	at com.kms.katalon.core.main.ScriptEngine.run(ScriptEngine.java:194)
	at com.kms.katalon.core.main.ScriptEngine.runScriptAsRawText(ScriptEngine.java:119)
	at com.kms.katalon.core.main.TestCaseExecutor.runScript(TestCaseExecutor.java:448)
	at com.kms.katalon.core.main.TestCaseExecutor.doExecute(TestCaseExecutor.java:439)
	at com.kms.katalon.core.main.TestCaseExecutor.processExecutionPhase(TestCaseExecutor.java:418)
	at com.kms.katalon.core.main.TestCaseExecutor.accessMainPhase(TestCaseExecutor.java:410)
	at com.kms.katalon.core.main.TestCaseExecutor.execute(TestCaseExecutor.java:285)
	at com.kms.katalon.core.common.CommonExecutor.accessTestCaseMainPhase(CommonExecutor.java:65)
	at com.kms.katalon.core.main.TestSuiteExecutor.accessTestSuiteMainPhase(TestSuiteExecutor.java:150)
	at com.kms.katalon.core.main.TestSuiteExecutor.execute(TestSuiteExecutor.java:106)
	at com.kms.katalon.core.main.TestCaseMain.startTestSuite(TestCaseMain.java:180)
	at TempTestSuite1732745349578.run(TempTestSuite1732745349578.groovy:35)
	at java.base/jdk.internal.reflect.NativeMethodAccessorImpl.invoke0(Native Method)
	at java.base/jdk.internal.reflect.NativeMethodAccessorImpl.invoke(NativeMethodAccessorImpl.java:77)
	at java.base/jdk.internal.reflect.DelegatingMethodAccessorImpl.invoke(DelegatingMethodAccessorImpl.java:43)
Caused by: org.openqa.selenium.ElementNotInteractableException: Element <input id="input_descripcion" class="f1-first-name form-control msg_alert_tt inputRE" name="input_descripcion" type="text"> could not be scrolled into view
Build info: version: '3.141.59', revision: 'unknown', time: 'unknown'
System info: host: 'DESKTOP-RGFFP9A', ip: '10.136.10.6', os.name: 'Windows 11', os.arch: 'amd64', os.version: '10.0', java.version: '17.0.7'
Driver info: com.kms.katalon.core.webui.driver.firefox.CGeckoDriver
Capabilities {acceptInsecureCerts: true, browserName: firefox, browserVersion: 133.0, javascriptEnabled: true, moz:accessibilityChecks: false, moz:buildID: 20241121140525, moz:geckodriverVersion: 0.35.0, moz:headless: false, moz:platformVersion: 10.0, moz:processID: 37032, moz:profile: C:\Users\OLVATI\AppData\Loc..., moz:shutdownTimeout: 60000, moz:webdriverClick: true, moz:windowless: false, pageLoadStrategy: normal, platform: WINDOWS, platformName: WINDOWS, proxy: Proxy(direct), setWindowRect: true, strictFileInteractability: false, timeouts: {implicit: 0, pageLoad: 300000, script: 30000}, unhandledPromptBehavior: dismiss and notify, userAgent: Mozilla/5.0 (Windows NT 10....}
Session ID: 35731a8c-2d1e-4192-aae1-30df320569eb
	at java.base/jdk.internal.reflect.NativeConstructorAccessorImpl.newInstance0(Native Method)
	at java.base/jdk.internal.reflect.NativeConstructorAccessorImpl.newInstance(NativeConstructorAccessorImpl.java:77)
	at java.base/jdk.internal.reflect.DelegatingConstructorAccessorImpl.newInstance(DelegatingConstructorAccessorImpl.java:45)
	at org.openqa.selenium.remote.http.W3CHttpResponseCodec.createException(W3CHttpResponseCodec.java:187)
	at org.openqa.selenium.remote.http.W3CHttpResponseCodec.decode(W3CHttpResponseCodec.java:122)
	at org.openqa.selenium.remote.http.W3CHttpResponseCodec.decode(W3CHttpResponseCodec.java:49)
	at org.openqa.selenium.remote.HttpCommandExecutor.execute(HttpCommandExecutor.java:158)
	at org.openqa.selenium.remote.service.DriverCommandExecutor.execute(DriverCommandExecutor.java:83)
	at org.openqa.selenium.remote.RemoteWebDriver.execute(RemoteWebDriver.java:552)
	at com.kms.katalon.selenium.driver.CFirefoxDriver.execute(CFirefoxDriver.java:28)
	at org.openqa.selenium.remote.RemoteWebElement.execute(RemoteWebElement.java:285)
	at org.openqa.selenium.remote.RemoteWebElement.clear(RemoteWebElement.java:124)
	at jdk.internal.reflect.GeneratedMethodAccessor16.invoke(Unknown Source)
	at java.base/jdk.internal.reflect.DelegatingMethodAccessorImpl.invoke(DelegatingMethodAccessorImpl.java:43)
	at org.openqa.selenium.support.events.EventFiringWebDriver$EventFiringWebElement.lambda$new$0(EventFiringWebDriver.java:404)
	at jdk.proxy2/jdk.proxy2.$Proxy21.clear(Unknown Source)
	at org.openqa.selenium.support.events.EventFiringWebDriver$EventFiringWebElement.clear(EventFiringWebDriver.java:436)
	at com.kms.katalon.core.webui.keyword.builtin.SetTextKeyword$_setText_closure1.doCall(SetTextKeyword.groovy:55)
	at com.kms.katalon.core.webui.keyword.builtin.SetTextKeyword$_setText_closure1.call(SetTextKeyword.groovy)
	at com.kms.katalon.core.webui.keyword.internal.WebUIKeywordMain.runKeyword(WebUIKeywordMain.groovy:35)
	... 20 more


27-11-2024T17:46:01 - [TEST_STEP][PASSED] - callTestCase(findTestCase("1.Inicio/1.1Principal/Principal-home"), [:], STOP_ON_FAILURE): Call Test Case 'Test Cases/1.Inicio/1.1Principal/Principal-home' successfully

27-11-2024T17:46:01 - [TEST_CASE][PASSED] - Test Cases/1.Inicio/1.1Principal/Principal-home: Test Cases/1.Inicio/1.1Principal/Principal-home

27-11-2024T17:46:01 - [TEST_STEP][PASSED] - openBrowser(""): Browser is opened with url: ''

27-11-2024T17:46:01 - [MESSAGE][WARNING] - A browser is already opened. Closing browser and opening a new one

27-11-2024T17:46:02 - [MESSAGE][INFO] - Starting 'Firefox' driver

27-11-2024T17:46:02 - [MESSAGE][INFO] - Action delay is set to 0 milliseconds

27-11-2024T17:46:15 - [MESSAGE][PASSED] - Browser is opened with url: ''

27-11-2024T17:46:15 - [TEST_STEP][PASSED] - navigateToUrl("https://dev01-registrodeenvios.olvacourier.com/principal"): Navigate to 'https://dev01-registrodeenvios.olvacourier.com/principal' successfully

27-11-2024T17:46:17 - [MESSAGE][PASSED] - Navigate to 'https://dev01-registrodeenvios.olvacourier.com/principal' successfully

27-11-2024T17:46:17 - [TEST_STEP][PASSED] - maximizeWindow(): Current window maximized

27-11-2024T17:46:17 - [MESSAGE][PASSED] - Current window maximized

27-11-2024T17:46:17 - [MESSAGE][PASSED] - Call Test Case 'Test Cases/1.Inicio/1.1Principal/Principal-home' successfully

27-11-2024T17:46:17 - [TEST_STEP][PASSED] - callTestCase(findTestCase("1.Inicio/1.1Principal/Selec_paquete"), [:], STOP_ON_FAILURE): Call Test Case 'Test Cases/1.Inicio/1.1Principal/Selec_paquete' successfully

27-11-2024T17:46:17 - [TEST_CASE][PASSED] - Test Cases/1.Inicio/1.1Principal/Selec_paquete: Test Cases/1.Inicio/1.1Principal/Selec_paquete

27-11-2024T17:46:17 - [TEST_STEP][PASSED] - click(findTestObject("Object Repository/Principal/Page_Olva Courier  Home/img_Qu deseas realizar hoy_img_paquete")): Object: 'Object Repository/Principal/Page_Olva Courier  Home/img_Qu deseas realizar hoy_img_paquete' is clicked on

27-11-2024T17:46:18 - [MESSAGE][PASSED] - Object: 'Object Repository/Principal/Page_Olva Courier  Home/img_Qu deseas realizar hoy_img_paquete' is clicked on

27-11-2024T17:46:18 - [TEST_STEP][PASSED] - click(findTestObject("Object Repository/Principal/Page_Olva Courier  Home/span_He ledo y acepto los_checkmark (1)")): Object: 'Object Repository/Principal/Page_Olva Courier  Home/span_He ledo y acepto los_checkmark (1)' is clicked on

27-11-2024T17:46:19 - [MESSAGE][PASSED] - Object: 'Object Repository/Principal/Page_Olva Courier  Home/span_He ledo y acepto los_checkmark (1)' is clicked on

27-11-2024T17:46:19 - [TEST_STEP][PASSED] - click(findTestObject("Object Repository/Principal/Page_Olva Courier  Home/button_CONTINUAR (1)")): Object: 'Object Repository/Principal/Page_Olva Courier  Home/button_CONTINUAR (1)' is clicked on

27-11-2024T17:46:21 - [MESSAGE][PASSED] - Object: 'Object Repository/Principal/Page_Olva Courier  Home/button_CONTINUAR (1)' is clicked on

27-11-2024T17:46:21 - [TEST_STEP][PASSED] - verifyElementPresent(findTestObject("Object Repository/Principal/Page_Olva Courier  Datos Personales/strong_REGISTRO DE ENVOS"), 0): Object 'Object Repository/Principal/Page_Olva Courier  Datos Personales/strong_REGISTRO DE ENVOS' is present

27-11-2024T17:46:21 - [MESSAGE][WARNING] - Timeout '0' is invalid. Using default page load timeout: '30'

27-11-2024T17:46:21 - [MESSAGE][PASSED] - Object 'Object Repository/Principal/Page_Olva Courier  Datos Personales/strong_REGISTRO DE ENVOS' is present

27-11-2024T17:46:21 - [TEST_STEP][PASSED] - verifyElementPresent(findTestObject("Object Repository/Principal/Page_Olva Courier  Datos Personales/span_Regresar (1)"), 0): Object 'Object Repository/Principal/Page_Olva Courier  Datos Personales/span_Regresar (1)' is present

27-11-2024T17:46:21 - [MESSAGE][WARNING] - Timeout '0' is invalid. Using default page load timeout: '30'

27-11-2024T17:46:22 - [MESSAGE][PASSED] - Object 'Object Repository/Principal/Page_Olva Courier  Datos Personales/span_Regresar (1)' is present

27-11-2024T17:46:22 - [TEST_STEP][PASSED] - verifyElementPresent(findTestObject("Object Repository/Principal/Page_Olva Courier  Datos Personales/span_Inicio (1)"), 0): Object 'Object Repository/Principal/Page_Olva Courier  Datos Personales/span_Inicio (1)' is present

27-11-2024T17:46:22 - [MESSAGE][WARNING] - Timeout '0' is invalid. Using default page load timeout: '30'

27-11-2024T17:46:22 - [MESSAGE][PASSED] - Object 'Object Repository/Principal/Page_Olva Courier  Datos Personales/span_Inicio (1)' is present

27-11-2024T17:46:22 - [MESSAGE][PASSED] - Call Test Case 'Test Cases/1.Inicio/1.1Principal/Selec_paquete' successfully

27-11-2024T17:46:22 - [TEST_STEP][PASSED] - callTestCase(findTestCase("1.Inicio/1.2Tipo_Doc/3.CE"), [:], STOP_ON_FAILURE): Call Test Case 'Test Cases/1.Inicio/1.2Tipo_Doc/3.CE' successfully

27-11-2024T17:46:22 - [TEST_CASE][PASSED] - Test Cases/1.Inicio/1.2Tipo_Doc/3.CE: Test Cases/1.Inicio/1.2Tipo_Doc/3.CE

27-11-2024T17:46:22 - [TEST_STEP][PASSED] - click(findTestObject("Object Repository/Login/Page_Olva Courier  Datos Personales/button_Tipo De Documento")): Object: 'Object Repository/Login/Page_Olva Courier  Datos Personales/button_Tipo De Documento' is clicked on

27-11-2024T17:46:24 - [MESSAGE][PASSED] - Object: 'Object Repository/Login/Page_Olva Courier  Datos Personales/button_Tipo De Documento' is clicked on

27-11-2024T17:46:24 - [TEST_STEP][PASSED] - click(findTestObject("Object Repository/Login/Page_Olva Courier  Datos Personales/span_CARN EXT. (Boleta)")): Object: 'Object Repository/Login/Page_Olva Courier  Datos Personales/span_CARN EXT. (Boleta)' is clicked on

27-11-2024T17:46:25 - [MESSAGE][PASSED] - Object: 'Object Repository/Login/Page_Olva Courier  Datos Personales/span_CARN EXT. (Boleta)' is clicked on

27-11-2024T17:46:25 - [TEST_STEP][PASSED] - setText(findTestObject("Object Repository/Login/Page_Olva Courier  Datos Personales/input_CARN EXT. (Boleta)_txt_documento_cliente"), "002691903"): Text '002691903' is set on object 'Object Repository/Login/Page_Olva Courier  Datos Personales/input_CARN EXT. (Boleta)_txt_documento_cliente'

27-11-2024T17:46:26 - [MESSAGE][PASSED] - Text '002691903' is set on object 'Object Repository/Login/Page_Olva Courier  Datos Personales/input_CARN EXT. (Boleta)_txt_documento_cliente'

27-11-2024T17:46:26 - [MESSAGE][PASSED] - Call Test Case 'Test Cases/1.Inicio/1.2Tipo_Doc/3.CE' successfully

27-11-2024T17:46:26 - [TEST_STEP][FAILED] - setText(findTestObject("Object Repository/sobre/Page_Olva Courier  Datos Personales/input_Qu Envas_input_descripcion"), "PRUEBAS SOBRE"): Unable to set text 'PRUEBAS SOBRE' of object 'Object Repository/sobre/Page_Olva Courier  Datos Personales/input_Qu Envas_input_descripcion' (Root cause: com.kms.katalon.core.exception.StepFailedException: Unable to set text 'PRUEBAS SOBRE' of object 'Object Repository/sobre/Page_Olva Courier  Datos Personales/input_Qu Envas_input_descripcion'
	at com.kms.katalon.core.webui.keyword.internal.WebUIKeywordMain.stepFailed(WebUIKeywordMain.groovy:117)
	at com.kms.katalon.core.webui.keyword.internal.WebUIKeywordMain.runKeyword(WebUIKeywordMain.groovy:43)
	at com.kms.katalon.core.webui.keyword.builtin.SetTextKeyword.setText(SetTextKeyword.groovy:85)
	at com.kms.katalon.core.webui.keyword.builtin.SetTextKeyword.execute(SetTextKeyword.groovy:39)
	at com.kms.katalon.core.keyword.internal.KeywordExecutor.executeKeywordForPlatform(KeywordExecutor.groovy:74)
	at com.kms.katalon.core.webui.keyword.WebUiBuiltInKeywords.setText(WebUiBuiltInKeywords.groovy:1019)
	at Editar_Eliminar-Envios.run(Editar_Eliminar-Envios:26)
	at com.kms.katalon.core.main.ScriptEngine.run(ScriptEngine.java:194)
	at com.kms.katalon.core.main.ScriptEngine.runScriptAsRawText(ScriptEngine.java:119)
	at com.kms.katalon.core.main.TestCaseExecutor.runScript(TestCaseExecutor.java:448)
	at com.kms.katalon.core.main.TestCaseExecutor.doExecute(TestCaseExecutor.java:439)
	at com.kms.katalon.core.main.TestCaseExecutor.processExecutionPhase(TestCaseExecutor.java:418)
	at com.kms.katalon.core.main.TestCaseExecutor.accessMainPhase(TestCaseExecutor.java:410)
	at com.kms.katalon.core.main.TestCaseExecutor.execute(TestCaseExecutor.java:285)
	at com.kms.katalon.core.common.CommonExecutor.accessTestCaseMainPhase(CommonExecutor.java:65)
	at com.kms.katalon.core.main.TestSuiteExecutor.accessTestSuiteMainPhase(TestSuiteExecutor.java:150)
	at com.kms.katalon.core.main.TestSuiteExecutor.execute(TestSuiteExecutor.java:106)
	at com.kms.katalon.core.main.TestCaseMain.startTestSuite(TestCaseMain.java:180)
	at TempTestSuite1732745349578.run(TempTestSuite1732745349578.groovy:35)
	at java.base/jdk.internal.reflect.NativeMethodAccessorImpl.invoke0(Native Method)
	at java.base/jdk.internal.reflect.NativeMethodAccessorImpl.invoke(NativeMethodAccessorImpl.java:77)
	at java.base/jdk.internal.reflect.DelegatingMethodAccessorImpl.invoke(DelegatingMethodAccessorImpl.java:43)
Caused by: org.openqa.selenium.ElementNotInteractableException: Element <input id="input_descripcion" class="f1-first-name form-control msg_alert_tt inputRE" name="input_descripcion" type="text"> could not be scrolled into view
Build info: version: '3.141.59', revision: 'unknown', time: 'unknown'
System info: host: 'DESKTOP-RGFFP9A', ip: '10.136.10.6', os.name: 'Windows 11', os.arch: 'amd64', os.version: '10.0', java.version: '17.0.7'
Driver info: com.kms.katalon.core.webui.driver.firefox.CGeckoDriver
Capabilities {acceptInsecureCerts: true, browserName: firefox, browserVersion: 133.0, javascriptEnabled: true, moz:accessibilityChecks: false, moz:buildID: 20241121140525, moz:geckodriverVersion: 0.35.0, moz:headless: false, moz:platformVersion: 10.0, moz:processID: 37032, moz:profile: C:\Users\OLVATI\AppData\Loc..., moz:shutdownTimeout: 60000, moz:webdriverClick: true, moz:windowless: false, pageLoadStrategy: normal, platform: WINDOWS, platformName: WINDOWS, proxy: Proxy(direct), setWindowRect: true, strictFileInteractability: false, timeouts: {implicit: 0, pageLoad: 300000, script: 30000}, unhandledPromptBehavior: dismiss and notify, userAgent: Mozilla/5.0 (Windows NT 10....}
Session ID: 35731a8c-2d1e-4192-aae1-30df320569eb
	at java.base/jdk.internal.reflect.NativeConstructorAccessorImpl.newInstance0(Native Method)
	at java.base/jdk.internal.reflect.NativeConstructorAccessorImpl.newInstance(NativeConstructorAccessorImpl.java:77)
	at java.base/jdk.internal.reflect.DelegatingConstructorAccessorImpl.newInstance(DelegatingConstructorAccessorImpl.java:45)
	at org.openqa.selenium.remote.http.W3CHttpResponseCodec.createException(W3CHttpResponseCodec.java:187)
	at org.openqa.selenium.remote.http.W3CHttpResponseCodec.decode(W3CHttpResponseCodec.java:122)
	at org.openqa.selenium.remote.http.W3CHttpResponseCodec.decode(W3CHttpResponseCodec.java:49)
	at org.openqa.selenium.remote.HttpCommandExecutor.execute(HttpCommandExecutor.java:158)
	at org.openqa.selenium.remote.service.DriverCommandExecutor.execute(DriverCommandExecutor.java:83)
	at org.openqa.selenium.remote.RemoteWebDriver.execute(RemoteWebDriver.java:552)
	at com.kms.katalon.selenium.driver.CFirefoxDriver.execute(CFirefoxDriver.java:28)
	at org.openqa.selenium.remote.RemoteWebElement.execute(RemoteWebElement.java:285)
	at org.openqa.selenium.remote.RemoteWebElement.clear(RemoteWebElement.java:124)
	at jdk.internal.reflect.GeneratedMethodAccessor16.invoke(Unknown Source)
	at java.base/jdk.internal.reflect.DelegatingMethodAccessorImpl.invoke(DelegatingMethodAccessorImpl.java:43)
	at org.openqa.selenium.support.events.EventFiringWebDriver$EventFiringWebElement.lambda$new$0(EventFiringWebDriver.java:404)
	at jdk.proxy2/jdk.proxy2.$Proxy21.clear(Unknown Source)
	at org.openqa.selenium.support.events.EventFiringWebDriver$EventFiringWebElement.clear(EventFiringWebDriver.java:436)
	at com.kms.katalon.core.webui.keyword.builtin.SetTextKeyword$_setText_closure1.doCall(SetTextKeyword.groovy:55)
	at com.kms.katalon.core.webui.keyword.builtin.SetTextKeyword$_setText_closure1.call(SetTextKeyword.groovy)
	at com.kms.katalon.core.webui.keyword.internal.WebUIKeywordMain.runKeyword(WebUIKeywordMain.groovy:35)
	at com.kms.katalon.core.webui.keyword.builtin.SetTextKeyword.setText(SetTextKeyword.groovy:85)
	at com.kms.katalon.core.webui.keyword.builtin.SetTextKeyword.execute(SetTextKeyword.groovy:39)
	at com.kms.katalon.core.keyword.internal.KeywordExecutor.executeKeywordForPlatform(KeywordExecutor.groovy:74)
	at com.kms.katalon.core.webui.keyword.WebUiBuiltInKeywords.setText(WebUiBuiltInKeywords.groovy:1019)
	at Script1732341473722.run(Script1732341473722.groovy:26)
	... 15 more
)

27-11-2024T17:46:32 - [MESSAGE][FAILED] - Unable to set text 'PRUEBAS SOBRE' of object 'Object Repository/sobre/Page_Olva Courier  Datos Personales/input_Qu Envas_input_descripcion' (Root cause: com.kms.katalon.core.exception.StepFailedException: Unable to set text 'PRUEBAS SOBRE' of object 'Object Repository/sobre/Page_Olva Courier  Datos Personales/input_Qu Envas_input_descripcion'
	at com.kms.katalon.core.webui.keyword.internal.WebUIKeywordMain.stepFailed(WebUIKeywordMain.groovy:117)
	at com.kms.katalon.core.webui.keyword.internal.WebUIKeywordMain.runKeyword(WebUIKeywordMain.groovy:43)
	at com.kms.katalon.core.webui.keyword.builtin.SetTextKeyword.setText(SetTextKeyword.groovy:85)
	at com.kms.katalon.core.webui.keyword.builtin.SetTextKeyword.execute(SetTextKeyword.groovy:39)
	at com.kms.katalon.core.keyword.internal.KeywordExecutor.executeKeywordForPlatform(KeywordExecutor.groovy:74)
	at com.kms.katalon.core.webui.keyword.WebUiBuiltInKeywords.setText(WebUiBuiltInKeywords.groovy:1019)
	at Editar_Eliminar-Envios.run(Editar_Eliminar-Envios:26)
	at com.kms.katalon.core.main.ScriptEngine.run(ScriptEngine.java:194)
	at com.kms.katalon.core.main.ScriptEngine.runScriptAsRawText(ScriptEngine.java:119)
	at com.kms.katalon.core.main.TestCaseExecutor.runScript(TestCaseExecutor.java:448)
	at com.kms.katalon.core.main.TestCaseExecutor.doExecute(TestCaseExecutor.java:439)
	at com.kms.katalon.core.main.TestCaseExecutor.processExecutionPhase(TestCaseExecutor.java:418)
	at com.kms.katalon.core.main.TestCaseExecutor.accessMainPhase(TestCaseExecutor.java:410)
	at com.kms.katalon.core.main.TestCaseExecutor.execute(TestCaseExecutor.java:285)
	at com.kms.katalon.core.common.CommonExecutor.accessTestCaseMainPhase(CommonExecutor.java:65)
	at com.kms.katalon.core.main.TestSuiteExecutor.accessTestSuiteMainPhase(TestSuiteExecutor.java:150)
	at com.kms.katalon.core.main.TestSuiteExecutor.execute(TestSuiteExecutor.java:106)
	at com.kms.katalon.core.main.TestCaseMain.startTestSuite(TestCaseMain.java:180)
	at TempTestSuite1732745349578.run(TempTestSuite1732745349578.groovy:35)
	at java.base/jdk.internal.reflect.NativeMethodAccessorImpl.invoke0(Native Method)
	at java.base/jdk.internal.reflect.NativeMethodAccessorImpl.invoke(NativeMethodAccessorImpl.java:77)
	at java.base/jdk.internal.reflect.DelegatingMethodAccessorImpl.invoke(DelegatingMethodAccessorImpl.java:43)
Caused by: org.openqa.selenium.ElementNotInteractableException: Element <input id="input_descripcion" class="f1-first-name form-control msg_alert_tt inputRE" name="input_descripcion" type="text"> could not be scrolled into view
Build info: version: '3.141.59', revision: 'unknown', time: 'unknown'
System info: host: 'DESKTOP-RGFFP9A', ip: '10.136.10.6', os.name: 'Windows 11', os.arch: 'amd64', os.version: '10.0', java.version: '17.0.7'
Driver info: com.kms.katalon.core.webui.driver.firefox.CGeckoDriver
Capabilities {acceptInsecureCerts: true, browserName: firefox, browserVersion: 133.0, javascriptEnabled: true, moz:accessibilityChecks: false, moz:buildID: 20241121140525, moz:geckodriverVersion: 0.35.0, moz:headless: false, moz:platformVersion: 10.0, moz:processID: 37032, moz:profile: C:\Users\OLVATI\AppData\Loc..., moz:shutdownTimeout: 60000, moz:webdriverClick: true, moz:windowless: false, pageLoadStrategy: normal, platform: WINDOWS, platformName: WINDOWS, proxy: Proxy(direct), setWindowRect: true, strictFileInteractability: false, timeouts: {implicit: 0, pageLoad: 300000, script: 30000}, unhandledPromptBehavior: dismiss and notify, userAgent: Mozilla/5.0 (Windows NT 10....}
Session ID: 35731a8c-2d1e-4192-aae1-30df320569eb
	at java.base/jdk.internal.reflect.NativeConstructorAccessorImpl.newInstance0(Native Method)
	at java.base/jdk.internal.reflect.NativeConstructorAccessorImpl.newInstance(NativeConstructorAccessorImpl.java:77)
	at java.base/jdk.internal.reflect.DelegatingConstructorAccessorImpl.newInstance(DelegatingConstructorAccessorImpl.java:45)
	at org.openqa.selenium.remote.http.W3CHttpResponseCodec.createException(W3CHttpResponseCodec.java:187)
	at org.openqa.selenium.remote.http.W3CHttpResponseCodec.decode(W3CHttpResponseCodec.java:122)
	at org.openqa.selenium.remote.http.W3CHttpResponseCodec.decode(W3CHttpResponseCodec.java:49)
	at org.openqa.selenium.remote.HttpCommandExecutor.execute(HttpCommandExecutor.java:158)
	at org.openqa.selenium.remote.service.DriverCommandExecutor.execute(DriverCommandExecutor.java:83)
	at org.openqa.selenium.remote.RemoteWebDriver.execute(RemoteWebDriver.java:552)
	at com.kms.katalon.selenium.driver.CFirefoxDriver.execute(CFirefoxDriver.java:28)
	at org.openqa.selenium.remote.RemoteWebElement.execute(RemoteWebElement.java:285)
	at org.openqa.selenium.remote.RemoteWebElement.clear(RemoteWebElement.java:124)
	at jdk.internal.reflect.GeneratedMethodAccessor16.invoke(Unknown Source)
	at java.base/jdk.internal.reflect.DelegatingMethodAccessorImpl.invoke(DelegatingMethodAccessorImpl.java:43)
	at org.openqa.selenium.support.events.EventFiringWebDriver$EventFiringWebElement.lambda$new$0(EventFiringWebDriver.java:404)
	at jdk.proxy2/jdk.proxy2.$Proxy21.clear(Unknown Source)
	at org.openqa.selenium.support.events.EventFiringWebDriver$EventFiringWebElement.clear(EventFiringWebDriver.java:436)
	at com.kms.katalon.core.webui.keyword.builtin.SetTextKeyword$_setText_closure1.doCall(SetTextKeyword.groovy:55)
	at com.kms.katalon.core.webui.keyword.builtin.SetTextKeyword$_setText_closure1.call(SetTextKeyword.groovy)
	at com.kms.katalon.core.webui.keyword.internal.WebUIKeywordMain.runKeyword(WebUIKeywordMain.groovy:35)
	at com.kms.katalon.core.webui.keyword.builtin.SetTextKeyword.setText(SetTextKeyword.groovy:85)
	at com.kms.katalon.core.webui.keyword.builtin.SetTextKeyword.execute(SetTextKeyword.groovy:39)
	at com.kms.katalon.core.keyword.internal.KeywordExecutor.executeKeywordForPlatform(KeywordExecutor.groovy:74)
	at com.kms.katalon.core.webui.keyword.WebUiBuiltInKeywords.setText(WebUiBuiltInKeywords.groovy:1019)
	at Script1732341473722.run(Script1732341473722.groovy:26)
	... 15 more
)]]></system-out>
         <system-err><![CDATA[27-11-2024T17:46:00 - [TEST_CASE][FAILED] - Test Cases/2.Positivos/2.2Sobre/Origen-Provincia/Editar_Eliminar-Envios: Test Cases/2.Positivos/2.2Sobre/Origen-Provincia/Editar_Eliminar-Envios FAILED.
Reason:
com.kms.katalon.core.exception.StepFailedException: Unable to set text 'PRUEBAS SOBRE' of object 'Object Repository/sobre/Page_Olva Courier  Datos Personales/input_Qu Envas_input_descripcion'
	at com.kms.katalon.core.webui.keyword.internal.WebUIKeywordMain.stepFailed(WebUIKeywordMain.groovy:117)
	at com.kms.katalon.core.webui.keyword.internal.WebUIKeywordMain.runKeyword(WebUIKeywordMain.groovy:43)
	at com.kms.katalon.core.webui.keyword.builtin.SetTextKeyword.setText(SetTextKeyword.groovy:85)
	at com.kms.katalon.core.webui.keyword.builtin.SetTextKeyword.execute(SetTextKeyword.groovy:39)
	at com.kms.katalon.core.keyword.internal.KeywordExecutor.executeKeywordForPlatform(KeywordExecutor.groovy:74)
	at com.kms.katalon.core.webui.keyword.WebUiBuiltInKeywords.setText(WebUiBuiltInKeywords.groovy:1019)
	at Editar_Eliminar-Envios.run(Editar_Eliminar-Envios:26)
	at com.kms.katalon.core.main.ScriptEngine.run(ScriptEngine.java:194)
	at com.kms.katalon.core.main.ScriptEngine.runScriptAsRawText(ScriptEngine.java:119)
	at com.kms.katalon.core.main.TestCaseExecutor.runScript(TestCaseExecutor.java:448)
	at com.kms.katalon.core.main.TestCaseExecutor.doExecute(TestCaseExecutor.java:439)
	at com.kms.katalon.core.main.TestCaseExecutor.processExecutionPhase(TestCaseExecutor.java:418)
	at com.kms.katalon.core.main.TestCaseExecutor.accessMainPhase(TestCaseExecutor.java:410)
	at com.kms.katalon.core.main.TestCaseExecutor.execute(TestCaseExecutor.java:285)
	at com.kms.katalon.core.common.CommonExecutor.accessTestCaseMainPhase(CommonExecutor.java:65)
	at com.kms.katalon.core.main.TestSuiteExecutor.accessTestSuiteMainPhase(TestSuiteExecutor.java:150)
	at com.kms.katalon.core.main.TestSuiteExecutor.execute(TestSuiteExecutor.java:106)
	at com.kms.katalon.core.main.TestCaseMain.startTestSuite(TestCaseMain.java:180)
	at TempTestSuite1732745349578.run(TempTestSuite1732745349578.groovy:35)
	at java.base/jdk.internal.reflect.NativeMethodAccessorImpl.invoke0(Native Method)
	at java.base/jdk.internal.reflect.NativeMethodAccessorImpl.invoke(NativeMethodAccessorImpl.java:77)
	at java.base/jdk.internal.reflect.DelegatingMethodAccessorImpl.invoke(DelegatingMethodAccessorImpl.java:43)
Caused by: org.openqa.selenium.ElementNotInteractableException: Element <input id="input_descripcion" class="f1-first-name form-control msg_alert_tt inputRE" name="input_descripcion" type="text"> could not be scrolled into view
Build info: version: '3.141.59', revision: 'unknown', time: 'unknown'
System info: host: 'DESKTOP-RGFFP9A', ip: '10.136.10.6', os.name: 'Windows 11', os.arch: 'amd64', os.version: '10.0', java.version: '17.0.7'
Driver info: com.kms.katalon.core.webui.driver.firefox.CGeckoDriver
Capabilities {acceptInsecureCerts: true, browserName: firefox, browserVersion: 133.0, javascriptEnabled: true, moz:accessibilityChecks: false, moz:buildID: 20241121140525, moz:geckodriverVersion: 0.35.0, moz:headless: false, moz:platformVersion: 10.0, moz:processID: 37032, moz:profile: C:\Users\OLVATI\AppData\Loc..., moz:shutdownTimeout: 60000, moz:webdriverClick: true, moz:windowless: false, pageLoadStrategy: normal, platform: WINDOWS, platformName: WINDOWS, proxy: Proxy(direct), setWindowRect: true, strictFileInteractability: false, timeouts: {implicit: 0, pageLoad: 300000, script: 30000}, unhandledPromptBehavior: dismiss and notify, userAgent: Mozilla/5.0 (Windows NT 10....}
Session ID: 35731a8c-2d1e-4192-aae1-30df320569eb
	at java.base/jdk.internal.reflect.NativeConstructorAccessorImpl.newInstance0(Native Method)
	at java.base/jdk.internal.reflect.NativeConstructorAccessorImpl.newInstance(NativeConstructorAccessorImpl.java:77)
	at java.base/jdk.internal.reflect.DelegatingConstructorAccessorImpl.newInstance(DelegatingConstructorAccessorImpl.java:45)
	at org.openqa.selenium.remote.http.W3CHttpResponseCodec.createException(W3CHttpResponseCodec.java:187)
	at org.openqa.selenium.remote.http.W3CHttpResponseCodec.decode(W3CHttpResponseCodec.java:122)
	at org.openqa.selenium.remote.http.W3CHttpResponseCodec.decode(W3CHttpResponseCodec.java:49)
	at org.openqa.selenium.remote.HttpCommandExecutor.execute(HttpCommandExecutor.java:158)
	at org.openqa.selenium.remote.service.DriverCommandExecutor.execute(DriverCommandExecutor.java:83)
	at org.openqa.selenium.remote.RemoteWebDriver.execute(RemoteWebDriver.java:552)
	at com.kms.katalon.selenium.driver.CFirefoxDriver.execute(CFirefoxDriver.java:28)
	at org.openqa.selenium.remote.RemoteWebElement.execute(RemoteWebElement.java:285)
	at org.openqa.selenium.remote.RemoteWebElement.clear(RemoteWebElement.java:124)
	at jdk.internal.reflect.GeneratedMethodAccessor16.invoke(Unknown Source)
	at java.base/jdk.internal.reflect.DelegatingMethodAccessorImpl.invoke(DelegatingMethodAccessorImpl.java:43)
	at org.openqa.selenium.support.events.EventFiringWebDriver$EventFiringWebElement.lambda$new$0(EventFiringWebDriver.java:404)
	at jdk.proxy2/jdk.proxy2.$Proxy21.clear(Unknown Source)
	at org.openqa.selenium.support.events.EventFiringWebDriver$EventFiringWebElement.clear(EventFiringWebDriver.java:436)
	at com.kms.katalon.core.webui.keyword.builtin.SetTextKeyword$_setText_closure1.doCall(SetTextKeyword.groovy:55)
	at com.kms.katalon.core.webui.keyword.builtin.SetTextKeyword$_setText_closure1.call(SetTextKeyword.groovy)
	at com.kms.katalon.core.webui.keyword.internal.WebUIKeywordMain.runKeyword(WebUIKeywordMain.groovy:35)
	... 20 more]]></system-err>
      </testcase>
      <testcase name="Test Cases/2.Positivos/2.2Sobre/Origen-Provincia/Difuninado-Consignado" time="71.121" classname="Test Cases/2.Positivos/2.2Sobre/Origen-Provincia/Difuninado-Consignado" status="FAILED">
         <failure type="FAILED" message="Test Cases/2.Positivos/2.2Sobre/Origen-Provincia/Difuninado-Consignado FAILED.&#xa;Reason:&#xa;com.kms.katalon.core.exception.StepFailedException: Call Test Case 'Test Cases/1.Inicio/1.1Principal/Selec_sobre' failed&#xa;	at com.kms.katalon.core.keyword.builtin.CallTestCaseKeyword$_callTestCase_closure1.doCall(CallTestCaseKeyword.groovy:63)&#xa;	at com.kms.katalon.core.keyword.builtin.CallTestCaseKeyword$_callTestCase_closure1.call(CallTestCaseKeyword.groovy)&#xa;	at com.kms.katalon.core.keyword.internal.KeywordMain.runKeyword(KeywordMain.groovy:75)&#xa;	at com.kms.katalon.core.keyword.builtin.CallTestCaseKeyword.callTestCase(CallTestCaseKeyword.groovy:81)&#xa;	at com.kms.katalon.core.keyword.builtin.CallTestCaseKeyword.execute(CallTestCaseKeyword.groovy:44)&#xa;	at com.kms.katalon.core.keyword.internal.KeywordExecutor.executeKeywordForPlatform(KeywordExecutor.groovy:74)&#xa;	at com.kms.katalon.core.keyword.BuiltinKeywords.callTestCase(BuiltinKeywords.groovy:310)&#xa;	at jdk.internal.reflect.GeneratedMethodAccessor25.invoke(Unknown Source)&#xa;	at java.base/jdk.internal.reflect.DelegatingMethodAccessorImpl.invoke(DelegatingMethodAccessorImpl.java:43)&#xa;	at Difuninado-Consignado.run(Difuninado-Consignado:22)&#xa;	at com.kms.katalon.core.main.ScriptEngine.run(ScriptEngine.java:194)&#xa;	at com.kms.katalon.core.main.ScriptEngine.runScriptAsRawText(ScriptEngine.java:119)&#xa;	at com.kms.katalon.core.main.TestCaseExecutor.runScript(TestCaseExecutor.java:448)&#xa;	at com.kms.katalon.core.main.TestCaseExecutor.doExecute(TestCaseExecutor.java:439)&#xa;	at com.kms.katalon.core.main.TestCaseExecutor.processExecutionPhase(TestCaseExecutor.java:418)&#xa;	at com.kms.katalon.core.main.TestCaseExecutor.accessMainPhase(TestCaseExecutor.java:410)&#xa;	at com.kms.katalon.core.main.TestCaseExecutor.execute(TestCaseExecutor.java:285)&#xa;	at com.kms.katalon.core.common.CommonExecutor.accessTestCaseMainPhase(CommonExecutor.java:65)&#xa;	at com.kms.katalon.core.main.TestSuiteExecutor.accessTestSuiteMainPhase(TestSuiteExecutor.java:150)&#xa;	at com.kms.katalon.core.main.TestSuiteExecutor.execute(TestSuiteExecutor.java:106)&#xa;	at com.kms.katalon.core.main.TestCaseMain.startTestSuite(TestCaseMain.java:180)&#xa;	at TempTestSuite1732745349578.run(TempTestSuite1732745349578.groovy:35)&#xa;	at java.base/jdk.internal.reflect.NativeMethodAccessorImpl.invoke0(Native Method)&#xa;	at java.base/jdk.internal.reflect.NativeMethodAccessorImpl.invoke(NativeMethodAccessorImpl.java:77)&#xa;	at java.base/jdk.internal.reflect.DelegatingMethodAccessorImpl.invoke(DelegatingMethodAccessorImpl.java:43)&#xa;Caused by: com.kms.katalon.core.exception.StepFailedException: Unable to click on object 'Object Repository/Principal/Page_Olva Courier  Home/button_CONTINUAR (2)'&#xa;	at com.kms.katalon.core.webui.keyword.internal.WebUIKeywordMain.stepFailed(WebUIKeywordMain.groovy:117)&#xa;	at com.kms.katalon.core.webui.keyword.internal.WebUIKeywordMain.runKeyword(WebUIKeywordMain.groovy:43)&#xa;	at com.kms.katalon.core.webui.keyword.builtin.ClickKeyword.click(ClickKeyword.groovy:74)&#xa;	at com.kms.katalon.core.webui.keyword.builtin.ClickKeyword.execute(ClickKeyword.groovy:40)&#xa;	at com.kms.katalon.core.keyword.internal.KeywordExecutor.executeKeywordForPlatform(KeywordExecutor.groovy:74)&#xa;	at com.kms.katalon.core.webui.keyword.WebUiBuiltInKeywords.click(WebUiBuiltInKeywords.groovy:659)&#xa;	at Selec_sobre.run(Selec_sobre:24)&#xa;	at com.kms.katalon.core.main.ScriptEngine.run(ScriptEngine.java:194)&#xa;	at com.kms.katalon.core.main.ScriptEngine.runScriptAsRawText(ScriptEngine.java:119)&#xa;	at com.kms.katalon.core.main.TestCaseExecutor.runScript(TestCaseExecutor.java:448)&#xa;	at com.kms.katalon.core.main.TestCaseExecutor.doExecute(TestCaseExecutor.java:439)&#xa;	at com.kms.katalon.core.main.TestCaseExecutor.processExecutionPhase(TestCaseExecutor.java:418)&#xa;	at com.kms.katalon.core.main.TestCaseExecutor.accessMainPhase(TestCaseExecutor.java:410)&#xa;	at com.kms.katalon.core.main.TestCaseExecutor.execute(TestCaseExecutor.java:285)&#xa;	at com.kms.katalon.core.main.TestCaseMain.runTestCase(TestCaseMain.java:137)&#xa;	at com.kms.katalon.core.keyword.builtin.CallTestCaseKeyword$_callTestCase_closure1.doCall(CallTestCaseKeyword.groovy:59)&#xa;	... 24 more&#xa;Caused by: org.openqa.selenium.ElementClickInterceptedException: Element &lt;button id=&quot;btn_aceptar_tipo_envio&quot; class=&quot;btn disabled&quot; type=&quot;button&quot;> is not clickable at point (675,588) because another element &lt;div class=&quot;modal-footer&quot;> obscures it&#xa;Build info: version: '3.141.59', revision: 'unknown', time: 'unknown'&#xa;System info: host: 'DESKTOP-RGFFP9A', ip: '10.136.10.6', os.name: 'Windows 11', os.arch: 'amd64', os.version: '10.0', java.version: '17.0.7'&#xa;Driver info: com.kms.katalon.core.webui.driver.firefox.CGeckoDriver&#xa;Capabilities {acceptInsecureCerts: true, browserName: firefox, browserVersion: 133.0, javascriptEnabled: true, moz:accessibilityChecks: false, moz:buildID: 20241121140525, moz:geckodriverVersion: 0.35.0, moz:headless: false, moz:platformVersion: 10.0, moz:processID: 22256, moz:profile: C:\Users\OLVATI\AppData\Loc..., moz:shutdownTimeout: 60000, moz:webdriverClick: true, moz:windowless: false, pageLoadStrategy: normal, platform: WINDOWS, platformName: WINDOWS, proxy: Proxy(direct), setWindowRect: true, strictFileInteractability: false, timeouts: {implicit: 0, pageLoad: 300000, script: 30000}, unhandledPromptBehavior: dismiss and notify, userAgent: Mozilla/5.0 (Windows NT 10....}&#xa;Session ID: c0ffd346-f1bf-40e4-bb35-66f489f4bebd&#xa;	at jdk.internal.reflect.GeneratedConstructorAccessor32.newInstance(Unknown Source)&#xa;	at java.base/jdk.internal.reflect.DelegatingConstructorAccessorImpl.newInstance(DelegatingConstructorAccessorImpl.java:45)&#xa;	at org.openqa.selenium.remote.http.W3CHttpResponseCodec.createException(W3CHttpResponseCodec.java:187)&#xa;	at org.openqa.selenium.remote.http.W3CHttpResponseCodec.decode(W3CHttpResponseCodec.java:122)&#xa;	at org.openqa.selenium.remote.http.W3CHttpResponseCodec.decode(W3CHttpResponseCodec.java:49)&#xa;	at org.openqa.selenium.remote.HttpCommandExecutor.execute(HttpCommandExecutor.java:158)&#xa;	at org.openqa.selenium.remote.service.DriverCommandExecutor.execute(DriverCommandExecutor.java:83)&#xa;	at org.openqa.selenium.remote.RemoteWebDriver.execute(RemoteWebDriver.java:552)&#xa;	at com.kms.katalon.selenium.driver.CFirefoxDriver.execute(CFirefoxDriver.java:28)&#xa;	at org.openqa.selenium.remote.RemoteWebElement.execute(RemoteWebElement.java:285)&#xa;	at org.openqa.selenium.remote.RemoteWebElement.click(RemoteWebElement.java:84)&#xa;	at jdk.internal.reflect.GeneratedMethodAccessor10.invoke(Unknown Source)&#xa;	at java.base/jdk.internal.reflect.DelegatingMethodAccessorImpl.invoke(DelegatingMethodAccessorImpl.java:43)&#xa;	at org.openqa.selenium.support.events.EventFiringWebDriver$EventFiringWebElement.lambda$new$0(EventFiringWebDriver.java:404)&#xa;	at jdk.proxy2/jdk.proxy2.$Proxy21.click(Unknown Source)&#xa;	at org.openqa.selenium.support.events.EventFiringWebDriver$EventFiringWebElement.click(EventFiringWebDriver.java:417)&#xa;	at org.openqa.selenium.WebElement$click.call(Unknown Source)&#xa;	at com.kms.katalon.core.webui.keyword.builtin.ClickKeyword.clickUntilSuccessWithTimeout(ClickKeyword.groovy:81)&#xa;	at com.kms.katalon.core.webui.keyword.builtin.ClickKeyword.clickUntilSuccessWithTimeout(ClickKeyword.groovy)&#xa;	at jdk.internal.reflect.GeneratedMethodAccessor8.invoke(Unknown Source)&#xa;	at java.base/jdk.internal.reflect.DelegatingMethodAccessorImpl.invoke(DelegatingMethodAccessorImpl.java:43)&#xa;	at com.kms.katalon.core.webui.keyword.builtin.ClickKeyword$_click_closure1.doCall(ClickKeyword.groovy:67)&#xa;	at com.kms.katalon.core.webui.keyword.builtin.ClickKeyword$_click_closure1.call(ClickKeyword.groovy)&#xa;	at com.kms.katalon.core.webui.keyword.internal.WebUIKeywordMain.runKeyword(WebUIKeywordMain.groovy:35)&#xa;	... 38 more&#xa;"/>
         <system-out><![CDATA[27-11-2024T17:46:32 - [TEST_CASE][FAILED] - Test Cases/2.Positivos/2.2Sobre/Origen-Provincia/Difuninado-Consignado: Test Cases/2.Positivos/2.2Sobre/Origen-Provincia/Difuninado-Consignado FAILED.
Reason:
com.kms.katalon.core.exception.StepFailedException: Call Test Case 'Test Cases/1.Inicio/1.1Principal/Selec_sobre' failed
	at com.kms.katalon.core.keyword.builtin.CallTestCaseKeyword$_callTestCase_closure1.doCall(CallTestCaseKeyword.groovy:63)
	at com.kms.katalon.core.keyword.builtin.CallTestCaseKeyword$_callTestCase_closure1.call(CallTestCaseKeyword.groovy)
	at com.kms.katalon.core.keyword.internal.KeywordMain.runKeyword(KeywordMain.groovy:75)
	at com.kms.katalon.core.keyword.builtin.CallTestCaseKeyword.callTestCase(CallTestCaseKeyword.groovy:81)
	at com.kms.katalon.core.keyword.builtin.CallTestCaseKeyword.execute(CallTestCaseKeyword.groovy:44)
	at com.kms.katalon.core.keyword.internal.KeywordExecutor.executeKeywordForPlatform(KeywordExecutor.groovy:74)
	at com.kms.katalon.core.keyword.BuiltinKeywords.callTestCase(BuiltinKeywords.groovy:310)
	at jdk.internal.reflect.GeneratedMethodAccessor25.invoke(Unknown Source)
	at java.base/jdk.internal.reflect.DelegatingMethodAccessorImpl.invoke(DelegatingMethodAccessorImpl.java:43)
	at Difuninado-Consignado.run(Difuninado-Consignado:22)
	at com.kms.katalon.core.main.ScriptEngine.run(ScriptEngine.java:194)
	at com.kms.katalon.core.main.ScriptEngine.runScriptAsRawText(ScriptEngine.java:119)
	at com.kms.katalon.core.main.TestCaseExecutor.runScript(TestCaseExecutor.java:448)
	at com.kms.katalon.core.main.TestCaseExecutor.doExecute(TestCaseExecutor.java:439)
	at com.kms.katalon.core.main.TestCaseExecutor.processExecutionPhase(TestCaseExecutor.java:418)
	at com.kms.katalon.core.main.TestCaseExecutor.accessMainPhase(TestCaseExecutor.java:410)
	at com.kms.katalon.core.main.TestCaseExecutor.execute(TestCaseExecutor.java:285)
	at com.kms.katalon.core.common.CommonExecutor.accessTestCaseMainPhase(CommonExecutor.java:65)
	at com.kms.katalon.core.main.TestSuiteExecutor.accessTestSuiteMainPhase(TestSuiteExecutor.java:150)
	at com.kms.katalon.core.main.TestSuiteExecutor.execute(TestSuiteExecutor.java:106)
	at com.kms.katalon.core.main.TestCaseMain.startTestSuite(TestCaseMain.java:180)
	at TempTestSuite1732745349578.run(TempTestSuite1732745349578.groovy:35)
	at java.base/jdk.internal.reflect.NativeMethodAccessorImpl.invoke0(Native Method)
	at java.base/jdk.internal.reflect.NativeMethodAccessorImpl.invoke(NativeMethodAccessorImpl.java:77)
	at java.base/jdk.internal.reflect.DelegatingMethodAccessorImpl.invoke(DelegatingMethodAccessorImpl.java:43)
Caused by: com.kms.katalon.core.exception.StepFailedException: Unable to click on object 'Object Repository/Principal/Page_Olva Courier  Home/button_CONTINUAR (2)'
	at com.kms.katalon.core.webui.keyword.internal.WebUIKeywordMain.stepFailed(WebUIKeywordMain.groovy:117)
	at com.kms.katalon.core.webui.keyword.internal.WebUIKeywordMain.runKeyword(WebUIKeywordMain.groovy:43)
	at com.kms.katalon.core.webui.keyword.builtin.ClickKeyword.click(ClickKeyword.groovy:74)
	at com.kms.katalon.core.webui.keyword.builtin.ClickKeyword.execute(ClickKeyword.groovy:40)
	at com.kms.katalon.core.keyword.internal.KeywordExecutor.executeKeywordForPlatform(KeywordExecutor.groovy:74)
	at com.kms.katalon.core.webui.keyword.WebUiBuiltInKeywords.click(WebUiBuiltInKeywords.groovy:659)
	at Selec_sobre.run(Selec_sobre:24)
	at com.kms.katalon.core.main.ScriptEngine.run(ScriptEngine.java:194)
	at com.kms.katalon.core.main.ScriptEngine.runScriptAsRawText(ScriptEngine.java:119)
	at com.kms.katalon.core.main.TestCaseExecutor.runScript(TestCaseExecutor.java:448)
	at com.kms.katalon.core.main.TestCaseExecutor.doExecute(TestCaseExecutor.java:439)
	at com.kms.katalon.core.main.TestCaseExecutor.processExecutionPhase(TestCaseExecutor.java:418)
	at com.kms.katalon.core.main.TestCaseExecutor.accessMainPhase(TestCaseExecutor.java:410)
	at com.kms.katalon.core.main.TestCaseExecutor.execute(TestCaseExecutor.java:285)
	at com.kms.katalon.core.main.TestCaseMain.runTestCase(TestCaseMain.java:137)
	at com.kms.katalon.core.keyword.builtin.CallTestCaseKeyword$_callTestCase_closure1.doCall(CallTestCaseKeyword.groovy:59)
	... 24 more
Caused by: org.openqa.selenium.ElementClickInterceptedException: Element <button id="btn_aceptar_tipo_envio" class="btn disabled" type="button"> is not clickable at point (675,588) because another element <div class="modal-footer"> obscures it
Build info: version: '3.141.59', revision: 'unknown', time: 'unknown'
System info: host: 'DESKTOP-RGFFP9A', ip: '10.136.10.6', os.name: 'Windows 11', os.arch: 'amd64', os.version: '10.0', java.version: '17.0.7'
Driver info: com.kms.katalon.core.webui.driver.firefox.CGeckoDriver
Capabilities {acceptInsecureCerts: true, browserName: firefox, browserVersion: 133.0, javascriptEnabled: true, moz:accessibilityChecks: false, moz:buildID: 20241121140525, moz:geckodriverVersion: 0.35.0, moz:headless: false, moz:platformVersion: 10.0, moz:processID: 22256, moz:profile: C:\Users\OLVATI\AppData\Loc..., moz:shutdownTimeout: 60000, moz:webdriverClick: true, moz:windowless: false, pageLoadStrategy: normal, platform: WINDOWS, platformName: WINDOWS, proxy: Proxy(direct), setWindowRect: true, strictFileInteractability: false, timeouts: {implicit: 0, pageLoad: 300000, script: 30000}, unhandledPromptBehavior: dismiss and notify, userAgent: Mozilla/5.0 (Windows NT 10....}
Session ID: c0ffd346-f1bf-40e4-bb35-66f489f4bebd
	at jdk.internal.reflect.GeneratedConstructorAccessor32.newInstance(Unknown Source)
	at java.base/jdk.internal.reflect.DelegatingConstructorAccessorImpl.newInstance(DelegatingConstructorAccessorImpl.java:45)
	at org.openqa.selenium.remote.http.W3CHttpResponseCodec.createException(W3CHttpResponseCodec.java:187)
	at org.openqa.selenium.remote.http.W3CHttpResponseCodec.decode(W3CHttpResponseCodec.java:122)
	at org.openqa.selenium.remote.http.W3CHttpResponseCodec.decode(W3CHttpResponseCodec.java:49)
	at org.openqa.selenium.remote.HttpCommandExecutor.execute(HttpCommandExecutor.java:158)
	at org.openqa.selenium.remote.service.DriverCommandExecutor.execute(DriverCommandExecutor.java:83)
	at org.openqa.selenium.remote.RemoteWebDriver.execute(RemoteWebDriver.java:552)
	at com.kms.katalon.selenium.driver.CFirefoxDriver.execute(CFirefoxDriver.java:28)
	at org.openqa.selenium.remote.RemoteWebElement.execute(RemoteWebElement.java:285)
	at org.openqa.selenium.remote.RemoteWebElement.click(RemoteWebElement.java:84)
	at jdk.internal.reflect.GeneratedMethodAccessor10.invoke(Unknown Source)
	at java.base/jdk.internal.reflect.DelegatingMethodAccessorImpl.invoke(DelegatingMethodAccessorImpl.java:43)
	at org.openqa.selenium.support.events.EventFiringWebDriver$EventFiringWebElement.lambda$new$0(EventFiringWebDriver.java:404)
	at jdk.proxy2/jdk.proxy2.$Proxy21.click(Unknown Source)
	at org.openqa.selenium.support.events.EventFiringWebDriver$EventFiringWebElement.click(EventFiringWebDriver.java:417)
	at org.openqa.selenium.WebElement$click.call(Unknown Source)
	at com.kms.katalon.core.webui.keyword.builtin.ClickKeyword.clickUntilSuccessWithTimeout(ClickKeyword.groovy:81)
	at com.kms.katalon.core.webui.keyword.builtin.ClickKeyword.clickUntilSuccessWithTimeout(ClickKeyword.groovy)
	at jdk.internal.reflect.GeneratedMethodAccessor8.invoke(Unknown Source)
	at java.base/jdk.internal.reflect.DelegatingMethodAccessorImpl.invoke(DelegatingMethodAccessorImpl.java:43)
	at com.kms.katalon.core.webui.keyword.builtin.ClickKeyword$_click_closure1.doCall(ClickKeyword.groovy:67)
	at com.kms.katalon.core.webui.keyword.builtin.ClickKeyword$_click_closure1.call(ClickKeyword.groovy)
	at com.kms.katalon.core.webui.keyword.internal.WebUIKeywordMain.runKeyword(WebUIKeywordMain.groovy:35)
	... 38 more


27-11-2024T17:46:33 - [TEST_STEP][PASSED] - callTestCase(findTestCase("1.Inicio/1.1Principal/Principal-home"), [:], STOP_ON_FAILURE): Call Test Case 'Test Cases/1.Inicio/1.1Principal/Principal-home' successfully

27-11-2024T17:46:33 - [TEST_CASE][PASSED] - Test Cases/1.Inicio/1.1Principal/Principal-home: Test Cases/1.Inicio/1.1Principal/Principal-home

27-11-2024T17:46:33 - [TEST_STEP][PASSED] - openBrowser(""): Browser is opened with url: ''

27-11-2024T17:46:33 - [MESSAGE][WARNING] - A browser is already opened. Closing browser and opening a new one

27-11-2024T17:46:36 - [MESSAGE][INFO] - Starting 'Firefox' driver

27-11-2024T17:46:36 - [MESSAGE][INFO] - Action delay is set to 0 milliseconds

27-11-2024T17:47:08 - [MESSAGE][PASSED] - Browser is opened with url: ''

27-11-2024T17:47:08 - [TEST_STEP][PASSED] - navigateToUrl("https://dev01-registrodeenvios.olvacourier.com/principal"): Navigate to 'https://dev01-registrodeenvios.olvacourier.com/principal' successfully

27-11-2024T17:47:10 - [MESSAGE][PASSED] - Navigate to 'https://dev01-registrodeenvios.olvacourier.com/principal' successfully

27-11-2024T17:47:10 - [TEST_STEP][PASSED] - maximizeWindow(): Current window maximized

27-11-2024T17:47:11 - [MESSAGE][PASSED] - Current window maximized

27-11-2024T17:47:11 - [MESSAGE][PASSED] - Call Test Case 'Test Cases/1.Inicio/1.1Principal/Principal-home' successfully

27-11-2024T17:47:11 - [TEST_STEP][FAILED] - callTestCase(findTestCase("1.Inicio/1.1Principal/Selec_sobre"), [:], STOP_ON_FAILURE): Unable to call Test Case 'Test Cases/1.Inicio/1.1Principal/Selec_sobre' (Root cause: com.kms.katalon.core.exception.StepFailedException: Call Test Case 'Test Cases/1.Inicio/1.1Principal/Selec_sobre' failed
	at com.kms.katalon.core.keyword.builtin.CallTestCaseKeyword$_callTestCase_closure1.doCall(CallTestCaseKeyword.groovy:63)
	at com.kms.katalon.core.keyword.builtin.CallTestCaseKeyword$_callTestCase_closure1.call(CallTestCaseKeyword.groovy)
	at com.kms.katalon.core.keyword.internal.KeywordMain.runKeyword(KeywordMain.groovy:75)
	at com.kms.katalon.core.keyword.builtin.CallTestCaseKeyword.callTestCase(CallTestCaseKeyword.groovy:81)
	at com.kms.katalon.core.keyword.builtin.CallTestCaseKeyword.execute(CallTestCaseKeyword.groovy:44)
	at com.kms.katalon.core.keyword.internal.KeywordExecutor.executeKeywordForPlatform(KeywordExecutor.groovy:74)
	at com.kms.katalon.core.keyword.BuiltinKeywords.callTestCase(BuiltinKeywords.groovy:310)
	at jdk.internal.reflect.GeneratedMethodAccessor25.invoke(Unknown Source)
	at java.base/jdk.internal.reflect.DelegatingMethodAccessorImpl.invoke(DelegatingMethodAccessorImpl.java:43)
	at Difuninado-Consignado.run(Difuninado-Consignado:22)
	at com.kms.katalon.core.main.ScriptEngine.run(ScriptEngine.java:194)
	at com.kms.katalon.core.main.ScriptEngine.runScriptAsRawText(ScriptEngine.java:119)
	at com.kms.katalon.core.main.TestCaseExecutor.runScript(TestCaseExecutor.java:448)
	at com.kms.katalon.core.main.TestCaseExecutor.doExecute(TestCaseExecutor.java:439)
	at com.kms.katalon.core.main.TestCaseExecutor.processExecutionPhase(TestCaseExecutor.java:418)
	at com.kms.katalon.core.main.TestCaseExecutor.accessMainPhase(TestCaseExecutor.java:410)
	at com.kms.katalon.core.main.TestCaseExecutor.execute(TestCaseExecutor.java:285)
	at com.kms.katalon.core.common.CommonExecutor.accessTestCaseMainPhase(CommonExecutor.java:65)
	at com.kms.katalon.core.main.TestSuiteExecutor.accessTestSuiteMainPhase(TestSuiteExecutor.java:150)
	at com.kms.katalon.core.main.TestSuiteExecutor.execute(TestSuiteExecutor.java:106)
	at com.kms.katalon.core.main.TestCaseMain.startTestSuite(TestCaseMain.java:180)
	at TempTestSuite1732745349578.run(TempTestSuite1732745349578.groovy:35)
	at java.base/jdk.internal.reflect.NativeMethodAccessorImpl.invoke0(Native Method)
	at java.base/jdk.internal.reflect.NativeMethodAccessorImpl.invoke(NativeMethodAccessorImpl.java:77)
	at java.base/jdk.internal.reflect.DelegatingMethodAccessorImpl.invoke(DelegatingMethodAccessorImpl.java:43)
Caused by: com.kms.katalon.core.exception.StepFailedException: Unable to click on object 'Object Repository/Principal/Page_Olva Courier  Home/button_CONTINUAR (2)'
	at com.kms.katalon.core.webui.keyword.internal.WebUIKeywordMain.stepFailed(WebUIKeywordMain.groovy:117)
	at com.kms.katalon.core.webui.keyword.internal.WebUIKeywordMain.runKeyword(WebUIKeywordMain.groovy:43)
	at com.kms.katalon.core.webui.keyword.builtin.ClickKeyword.click(ClickKeyword.groovy:74)
	at com.kms.katalon.core.webui.keyword.builtin.ClickKeyword.execute(ClickKeyword.groovy:40)
	at com.kms.katalon.core.keyword.internal.KeywordExecutor.executeKeywordForPlatform(KeywordExecutor.groovy:74)
	at com.kms.katalon.core.webui.keyword.WebUiBuiltInKeywords.click(WebUiBuiltInKeywords.groovy:659)
	at Selec_sobre.run(Selec_sobre:24)
	at com.kms.katalon.core.main.ScriptEngine.run(ScriptEngine.java:194)
	at com.kms.katalon.core.main.ScriptEngine.runScriptAsRawText(ScriptEngine.java:119)
	at com.kms.katalon.core.main.TestCaseExecutor.runScript(TestCaseExecutor.java:448)
	at com.kms.katalon.core.main.TestCaseExecutor.doExecute(TestCaseExecutor.java:439)
	at com.kms.katalon.core.main.TestCaseExecutor.processExecutionPhase(TestCaseExecutor.java:418)
	at com.kms.katalon.core.main.TestCaseExecutor.accessMainPhase(TestCaseExecutor.java:410)
	at com.kms.katalon.core.main.TestCaseExecutor.execute(TestCaseExecutor.java:285)
	at com.kms.katalon.core.main.TestCaseMain.runTestCase(TestCaseMain.java:137)
	at com.kms.katalon.core.keyword.builtin.CallTestCaseKeyword$_callTestCase_closure1.doCall(CallTestCaseKeyword.groovy:59)
	... 24 more
Caused by: org.openqa.selenium.ElementClickInterceptedException: Element <button id="btn_aceptar_tipo_envio" class="btn disabled" type="button"> is not clickable at point (675,588) because another element <div class="modal-footer"> obscures it
Build info: version: '3.141.59', revision: 'unknown', time: 'unknown'
System info: host: 'DESKTOP-RGFFP9A', ip: '10.136.10.6', os.name: 'Windows 11', os.arch: 'amd64', os.version: '10.0', java.version: '17.0.7'
Driver info: com.kms.katalon.core.webui.driver.firefox.CGeckoDriver
Capabilities {acceptInsecureCerts: true, browserName: firefox, browserVersion: 133.0, javascriptEnabled: true, moz:accessibilityChecks: false, moz:buildID: 20241121140525, moz:geckodriverVersion: 0.35.0, moz:headless: false, moz:platformVersion: 10.0, moz:processID: 22256, moz:profile: C:\Users\OLVATI\AppData\Loc..., moz:shutdownTimeout: 60000, moz:webdriverClick: true, moz:windowless: false, pageLoadStrategy: normal, platform: WINDOWS, platformName: WINDOWS, proxy: Proxy(direct), setWindowRect: true, strictFileInteractability: false, timeouts: {implicit: 0, pageLoad: 300000, script: 30000}, unhandledPromptBehavior: dismiss and notify, userAgent: Mozilla/5.0 (Windows NT 10....}
Session ID: c0ffd346-f1bf-40e4-bb35-66f489f4bebd
	at jdk.internal.reflect.GeneratedConstructorAccessor32.newInstance(Unknown Source)
	at java.base/jdk.internal.reflect.DelegatingConstructorAccessorImpl.newInstance(DelegatingConstructorAccessorImpl.java:45)
	at org.openqa.selenium.remote.http.W3CHttpResponseCodec.createException(W3CHttpResponseCodec.java:187)
	at org.openqa.selenium.remote.http.W3CHttpResponseCodec.decode(W3CHttpResponseCodec.java:122)
	at org.openqa.selenium.remote.http.W3CHttpResponseCodec.decode(W3CHttpResponseCodec.java:49)
	at org.openqa.selenium.remote.HttpCommandExecutor.execute(HttpCommandExecutor.java:158)
	at org.openqa.selenium.remote.service.DriverCommandExecutor.execute(DriverCommandExecutor.java:83)
	at org.openqa.selenium.remote.RemoteWebDriver.execute(RemoteWebDriver.java:552)
	at com.kms.katalon.selenium.driver.CFirefoxDriver.execute(CFirefoxDriver.java:28)
	at org.openqa.selenium.remote.RemoteWebElement.execute(RemoteWebElement.java:285)
	at org.openqa.selenium.remote.RemoteWebElement.click(RemoteWebElement.java:84)
	at jdk.internal.reflect.GeneratedMethodAccessor10.invoke(Unknown Source)
	at java.base/jdk.internal.reflect.DelegatingMethodAccessorImpl.invoke(DelegatingMethodAccessorImpl.java:43)
	at org.openqa.selenium.support.events.EventFiringWebDriver$EventFiringWebElement.lambda$new$0(EventFiringWebDriver.java:404)
	at jdk.proxy2/jdk.proxy2.$Proxy21.click(Unknown Source)
	at org.openqa.selenium.support.events.EventFiringWebDriver$EventFiringWebElement.click(EventFiringWebDriver.java:417)
	at org.openqa.selenium.WebElement$click.call(Unknown Source)
	at com.kms.katalon.core.webui.keyword.builtin.ClickKeyword.clickUntilSuccessWithTimeout(ClickKeyword.groovy:81)
	at com.kms.katalon.core.webui.keyword.builtin.ClickKeyword.clickUntilSuccessWithTimeout(ClickKeyword.groovy)
	at jdk.internal.reflect.GeneratedMethodAccessor8.invoke(Unknown Source)
	at java.base/jdk.internal.reflect.DelegatingMethodAccessorImpl.invoke(DelegatingMethodAccessorImpl.java:43)
	at com.kms.katalon.core.webui.keyword.builtin.ClickKeyword$_click_closure1.doCall(ClickKeyword.groovy:67)
	at com.kms.katalon.core.webui.keyword.builtin.ClickKeyword$_click_closure1.call(ClickKeyword.groovy)
	at com.kms.katalon.core.webui.keyword.internal.WebUIKeywordMain.runKeyword(WebUIKeywordMain.groovy:35)
	... 38 more
)

27-11-2024T17:47:11 - [TEST_CASE][FAILED] - Test Cases/1.Inicio/1.1Principal/Selec_sobre: Test Cases/1.Inicio/1.1Principal/Selec_sobre FAILED.
Reason:
com.kms.katalon.core.exception.StepFailedException: Unable to click on object 'Object Repository/Principal/Page_Olva Courier  Home/button_CONTINUAR (2)'
	at com.kms.katalon.core.webui.keyword.internal.WebUIKeywordMain.stepFailed(WebUIKeywordMain.groovy:117)
	at com.kms.katalon.core.webui.keyword.internal.WebUIKeywordMain.runKeyword(WebUIKeywordMain.groovy:43)
	at com.kms.katalon.core.webui.keyword.builtin.ClickKeyword.click(ClickKeyword.groovy:74)
	at com.kms.katalon.core.webui.keyword.builtin.ClickKeyword.execute(ClickKeyword.groovy:40)
	at com.kms.katalon.core.keyword.internal.KeywordExecutor.executeKeywordForPlatform(KeywordExecutor.groovy:74)
	at com.kms.katalon.core.webui.keyword.WebUiBuiltInKeywords.click(WebUiBuiltInKeywords.groovy:659)
	at Selec_sobre.run(Selec_sobre:24)
	at com.kms.katalon.core.main.ScriptEngine.run(ScriptEngine.java:194)
	at com.kms.katalon.core.main.ScriptEngine.runScriptAsRawText(ScriptEngine.java:119)
	at com.kms.katalon.core.main.TestCaseExecutor.runScript(TestCaseExecutor.java:448)
	at com.kms.katalon.core.main.TestCaseExecutor.doExecute(TestCaseExecutor.java:439)
	at com.kms.katalon.core.main.TestCaseExecutor.processExecutionPhase(TestCaseExecutor.java:418)
	at com.kms.katalon.core.main.TestCaseExecutor.accessMainPhase(TestCaseExecutor.java:410)
	at com.kms.katalon.core.main.TestCaseExecutor.execute(TestCaseExecutor.java:285)
	at com.kms.katalon.core.main.TestCaseMain.runTestCase(TestCaseMain.java:137)
	at com.kms.katalon.core.keyword.builtin.CallTestCaseKeyword$_callTestCase_closure1.doCall(CallTestCaseKeyword.groovy:59)
	at com.kms.katalon.core.keyword.builtin.CallTestCaseKeyword$_callTestCase_closure1.call(CallTestCaseKeyword.groovy)
	at com.kms.katalon.core.keyword.internal.KeywordMain.runKeyword(KeywordMain.groovy:75)
	at com.kms.katalon.core.keyword.builtin.CallTestCaseKeyword.callTestCase(CallTestCaseKeyword.groovy:81)
	at com.kms.katalon.core.keyword.builtin.CallTestCaseKeyword.execute(CallTestCaseKeyword.groovy:44)
	at com.kms.katalon.core.keyword.internal.KeywordExecutor.executeKeywordForPlatform(KeywordExecutor.groovy:74)
	at com.kms.katalon.core.keyword.BuiltinKeywords.callTestCase(BuiltinKeywords.groovy:310)
	at jdk.internal.reflect.GeneratedMethodAccessor25.invoke(Unknown Source)
	at java.base/jdk.internal.reflect.DelegatingMethodAccessorImpl.invoke(DelegatingMethodAccessorImpl.java:43)
	at Difuninado-Consignado.run(Difuninado-Consignado:22)
	at com.kms.katalon.core.main.ScriptEngine.run(ScriptEngine.java:194)
	at com.kms.katalon.core.main.ScriptEngine.runScriptAsRawText(ScriptEngine.java:119)
	at com.kms.katalon.core.main.TestCaseExecutor.runScript(TestCaseExecutor.java:448)
	at com.kms.katalon.core.main.TestCaseExecutor.doExecute(TestCaseExecutor.java:439)
	at com.kms.katalon.core.main.TestCaseExecutor.processExecutionPhase(TestCaseExecutor.java:418)
	at com.kms.katalon.core.main.TestCaseExecutor.accessMainPhase(TestCaseExecutor.java:410)
	at com.kms.katalon.core.main.TestCaseExecutor.execute(TestCaseExecutor.java:285)
	at com.kms.katalon.core.common.CommonExecutor.accessTestCaseMainPhase(CommonExecutor.java:65)
	at com.kms.katalon.core.main.TestSuiteExecutor.accessTestSuiteMainPhase(TestSuiteExecutor.java:150)
	at com.kms.katalon.core.main.TestSuiteExecutor.execute(TestSuiteExecutor.java:106)
	at com.kms.katalon.core.main.TestCaseMain.startTestSuite(TestCaseMain.java:180)
	at TempTestSuite1732745349578.run(TempTestSuite1732745349578.groovy:35)
	at java.base/jdk.internal.reflect.NativeMethodAccessorImpl.invoke0(Native Method)
	at java.base/jdk.internal.reflect.NativeMethodAccessorImpl.invoke(NativeMethodAccessorImpl.java:77)
	at java.base/jdk.internal.reflect.DelegatingMethodAccessorImpl.invoke(DelegatingMethodAccessorImpl.java:43)
Caused by: org.openqa.selenium.ElementClickInterceptedException: Element <button id="btn_aceptar_tipo_envio" class="btn disabled" type="button"> is not clickable at point (675,588) because another element <div class="modal-footer"> obscures it
Build info: version: '3.141.59', revision: 'unknown', time: 'unknown'
System info: host: 'DESKTOP-RGFFP9A', ip: '10.136.10.6', os.name: 'Windows 11', os.arch: 'amd64', os.version: '10.0', java.version: '17.0.7'
Driver info: com.kms.katalon.core.webui.driver.firefox.CGeckoDriver
Capabilities {acceptInsecureCerts: true, browserName: firefox, browserVersion: 133.0, javascriptEnabled: true, moz:accessibilityChecks: false, moz:buildID: 20241121140525, moz:geckodriverVersion: 0.35.0, moz:headless: false, moz:platformVersion: 10.0, moz:processID: 22256, moz:profile: C:\Users\OLVATI\AppData\Loc..., moz:shutdownTimeout: 60000, moz:webdriverClick: true, moz:windowless: false, pageLoadStrategy: normal, platform: WINDOWS, platformName: WINDOWS, proxy: Proxy(direct), setWindowRect: true, strictFileInteractability: false, timeouts: {implicit: 0, pageLoad: 300000, script: 30000}, unhandledPromptBehavior: dismiss and notify, userAgent: Mozilla/5.0 (Windows NT 10....}
Session ID: c0ffd346-f1bf-40e4-bb35-66f489f4bebd
	at jdk.internal.reflect.GeneratedConstructorAccessor32.newInstance(Unknown Source)
	at java.base/jdk.internal.reflect.DelegatingConstructorAccessorImpl.newInstance(DelegatingConstructorAccessorImpl.java:45)
	at org.openqa.selenium.remote.http.W3CHttpResponseCodec.createException(W3CHttpResponseCodec.java:187)
	at org.openqa.selenium.remote.http.W3CHttpResponseCodec.decode(W3CHttpResponseCodec.java:122)
	at org.openqa.selenium.remote.http.W3CHttpResponseCodec.decode(W3CHttpResponseCodec.java:49)
	at org.openqa.selenium.remote.HttpCommandExecutor.execute(HttpCommandExecutor.java:158)
	at org.openqa.selenium.remote.service.DriverCommandExecutor.execute(DriverCommandExecutor.java:83)
	at org.openqa.selenium.remote.RemoteWebDriver.execute(RemoteWebDriver.java:552)
	at com.kms.katalon.selenium.driver.CFirefoxDriver.execute(CFirefoxDriver.java:28)
	at org.openqa.selenium.remote.RemoteWebElement.execute(RemoteWebElement.java:285)
	at org.openqa.selenium.remote.RemoteWebElement.click(RemoteWebElement.java:84)
	at jdk.internal.reflect.GeneratedMethodAccessor10.invoke(Unknown Source)
	at java.base/jdk.internal.reflect.DelegatingMethodAccessorImpl.invoke(DelegatingMethodAccessorImpl.java:43)
	at org.openqa.selenium.support.events.EventFiringWebDriver$EventFiringWebElement.lambda$new$0(EventFiringWebDriver.java:404)
	at jdk.proxy2/jdk.proxy2.$Proxy21.click(Unknown Source)
	at org.openqa.selenium.support.events.EventFiringWebDriver$EventFiringWebElement.click(EventFiringWebDriver.java:417)
	at org.openqa.selenium.WebElement$click.call(Unknown Source)
	at com.kms.katalon.core.webui.keyword.builtin.ClickKeyword.clickUntilSuccessWithTimeout(ClickKeyword.groovy:81)
	at com.kms.katalon.core.webui.keyword.builtin.ClickKeyword.clickUntilSuccessWithTimeout(ClickKeyword.groovy)
	at jdk.internal.reflect.GeneratedMethodAccessor8.invoke(Unknown Source)
	at java.base/jdk.internal.reflect.DelegatingMethodAccessorImpl.invoke(DelegatingMethodAccessorImpl.java:43)
	at com.kms.katalon.core.webui.keyword.builtin.ClickKeyword$_click_closure1.doCall(ClickKeyword.groovy:67)
	at com.kms.katalon.core.webui.keyword.builtin.ClickKeyword$_click_closure1.call(ClickKeyword.groovy)
	at com.kms.katalon.core.webui.keyword.internal.WebUIKeywordMain.runKeyword(WebUIKeywordMain.groovy:35)
	... 38 more


27-11-2024T17:47:11 - [TEST_STEP][PASSED] - click(findTestObject("Object Repository/Principal/Page_Olva Courier  Home/img_Envo de cajas o paquetescon un peso mxi_37770f")): Object: 'Object Repository/Principal/Page_Olva Courier  Home/img_Envo de cajas o paquetescon un peso mxi_37770f' is clicked on

27-11-2024T17:47:12 - [MESSAGE][PASSED] - Object: 'Object Repository/Principal/Page_Olva Courier  Home/img_Envo de cajas o paquetescon un peso mxi_37770f' is clicked on

27-11-2024T17:47:12 - [TEST_STEP][PASSED] - click(findTestObject("Object Repository/Principal/Page_Olva Courier  Home/label_He ledo y acepto los trminos de uso y_adab65")): Object: 'Object Repository/Principal/Page_Olva Courier  Home/label_He ledo y acepto los trminos de uso y_adab65' is clicked on

27-11-2024T17:47:12 - [MESSAGE][PASSED] - Object: 'Object Repository/Principal/Page_Olva Courier  Home/label_He ledo y acepto los trminos de uso y_adab65' is clicked on

27-11-2024T17:47:12 - [TEST_STEP][FAILED] - click(findTestObject("Object Repository/Principal/Page_Olva Courier  Home/button_CONTINUAR (2)")): Unable to click on object 'Object Repository/Principal/Page_Olva Courier  Home/button_CONTINUAR (2)' (Root cause: com.kms.katalon.core.exception.StepFailedException: Unable to click on object 'Object Repository/Principal/Page_Olva Courier  Home/button_CONTINUAR (2)'
	at com.kms.katalon.core.webui.keyword.internal.WebUIKeywordMain.stepFailed(WebUIKeywordMain.groovy:117)
	at com.kms.katalon.core.webui.keyword.internal.WebUIKeywordMain.runKeyword(WebUIKeywordMain.groovy:43)
	at com.kms.katalon.core.webui.keyword.builtin.ClickKeyword.click(ClickKeyword.groovy:74)
	at com.kms.katalon.core.webui.keyword.builtin.ClickKeyword.execute(ClickKeyword.groovy:40)
	at com.kms.katalon.core.keyword.internal.KeywordExecutor.executeKeywordForPlatform(KeywordExecutor.groovy:74)
	at com.kms.katalon.core.webui.keyword.WebUiBuiltInKeywords.click(WebUiBuiltInKeywords.groovy:659)
	at Selec_sobre.run(Selec_sobre:24)
	at com.kms.katalon.core.main.ScriptEngine.run(ScriptEngine.java:194)
	at com.kms.katalon.core.main.ScriptEngine.runScriptAsRawText(ScriptEngine.java:119)
	at com.kms.katalon.core.main.TestCaseExecutor.runScript(TestCaseExecutor.java:448)
	at com.kms.katalon.core.main.TestCaseExecutor.doExecute(TestCaseExecutor.java:439)
	at com.kms.katalon.core.main.TestCaseExecutor.processExecutionPhase(TestCaseExecutor.java:418)
	at com.kms.katalon.core.main.TestCaseExecutor.accessMainPhase(TestCaseExecutor.java:410)
	at com.kms.katalon.core.main.TestCaseExecutor.execute(TestCaseExecutor.java:285)
	at com.kms.katalon.core.main.TestCaseMain.runTestCase(TestCaseMain.java:137)
	at com.kms.katalon.core.keyword.builtin.CallTestCaseKeyword$_callTestCase_closure1.doCall(CallTestCaseKeyword.groovy:59)
	at com.kms.katalon.core.keyword.builtin.CallTestCaseKeyword$_callTestCase_closure1.call(CallTestCaseKeyword.groovy)
	at com.kms.katalon.core.keyword.internal.KeywordMain.runKeyword(KeywordMain.groovy:75)
	at com.kms.katalon.core.keyword.builtin.CallTestCaseKeyword.callTestCase(CallTestCaseKeyword.groovy:81)
	at com.kms.katalon.core.keyword.builtin.CallTestCaseKeyword.execute(CallTestCaseKeyword.groovy:44)
	at com.kms.katalon.core.keyword.internal.KeywordExecutor.executeKeywordForPlatform(KeywordExecutor.groovy:74)
	at com.kms.katalon.core.keyword.BuiltinKeywords.callTestCase(BuiltinKeywords.groovy:310)
	at jdk.internal.reflect.GeneratedMethodAccessor25.invoke(Unknown Source)
	at java.base/jdk.internal.reflect.DelegatingMethodAccessorImpl.invoke(DelegatingMethodAccessorImpl.java:43)
	at Difuninado-Consignado.run(Difuninado-Consignado:22)
	at com.kms.katalon.core.main.ScriptEngine.run(ScriptEngine.java:194)
	at com.kms.katalon.core.main.ScriptEngine.runScriptAsRawText(ScriptEngine.java:119)
	at com.kms.katalon.core.main.TestCaseExecutor.runScript(TestCaseExecutor.java:448)
	at com.kms.katalon.core.main.TestCaseExecutor.doExecute(TestCaseExecutor.java:439)
	at com.kms.katalon.core.main.TestCaseExecutor.processExecutionPhase(TestCaseExecutor.java:418)
	at com.kms.katalon.core.main.TestCaseExecutor.accessMainPhase(TestCaseExecutor.java:410)
	at com.kms.katalon.core.main.TestCaseExecutor.execute(TestCaseExecutor.java:285)
	at com.kms.katalon.core.common.CommonExecutor.accessTestCaseMainPhase(CommonExecutor.java:65)
	at com.kms.katalon.core.main.TestSuiteExecutor.accessTestSuiteMainPhase(TestSuiteExecutor.java:150)
	at com.kms.katalon.core.main.TestSuiteExecutor.execute(TestSuiteExecutor.java:106)
	at com.kms.katalon.core.main.TestCaseMain.startTestSuite(TestCaseMain.java:180)
	at TempTestSuite1732745349578.run(TempTestSuite1732745349578.groovy:35)
	at java.base/jdk.internal.reflect.NativeMethodAccessorImpl.invoke0(Native Method)
	at java.base/jdk.internal.reflect.NativeMethodAccessorImpl.invoke(NativeMethodAccessorImpl.java:77)
	at java.base/jdk.internal.reflect.DelegatingMethodAccessorImpl.invoke(DelegatingMethodAccessorImpl.java:43)
Caused by: org.openqa.selenium.ElementClickInterceptedException: Element <button id="btn_aceptar_tipo_envio" class="btn disabled" type="button"> is not clickable at point (675,588) because another element <div class="modal-footer"> obscures it
Build info: version: '3.141.59', revision: 'unknown', time: 'unknown'
System info: host: 'DESKTOP-RGFFP9A', ip: '10.136.10.6', os.name: 'Windows 11', os.arch: 'amd64', os.version: '10.0', java.version: '17.0.7'
Driver info: com.kms.katalon.core.webui.driver.firefox.CGeckoDriver
Capabilities {acceptInsecureCerts: true, browserName: firefox, browserVersion: 133.0, javascriptEnabled: true, moz:accessibilityChecks: false, moz:buildID: 20241121140525, moz:geckodriverVersion: 0.35.0, moz:headless: false, moz:platformVersion: 10.0, moz:processID: 22256, moz:profile: C:\Users\OLVATI\AppData\Loc..., moz:shutdownTimeout: 60000, moz:webdriverClick: true, moz:windowless: false, pageLoadStrategy: normal, platform: WINDOWS, platformName: WINDOWS, proxy: Proxy(direct), setWindowRect: true, strictFileInteractability: false, timeouts: {implicit: 0, pageLoad: 300000, script: 30000}, unhandledPromptBehavior: dismiss and notify, userAgent: Mozilla/5.0 (Windows NT 10....}
Session ID: c0ffd346-f1bf-40e4-bb35-66f489f4bebd
	at jdk.internal.reflect.GeneratedConstructorAccessor32.newInstance(Unknown Source)
	at java.base/jdk.internal.reflect.DelegatingConstructorAccessorImpl.newInstance(DelegatingConstructorAccessorImpl.java:45)
	at org.openqa.selenium.remote.http.W3CHttpResponseCodec.createException(W3CHttpResponseCodec.java:187)
	at org.openqa.selenium.remote.http.W3CHttpResponseCodec.decode(W3CHttpResponseCodec.java:122)
	at org.openqa.selenium.remote.http.W3CHttpResponseCodec.decode(W3CHttpResponseCodec.java:49)
	at org.openqa.selenium.remote.HttpCommandExecutor.execute(HttpCommandExecutor.java:158)
	at org.openqa.selenium.remote.service.DriverCommandExecutor.execute(DriverCommandExecutor.java:83)
	at org.openqa.selenium.remote.RemoteWebDriver.execute(RemoteWebDriver.java:552)
	at com.kms.katalon.selenium.driver.CFirefoxDriver.execute(CFirefoxDriver.java:28)
	at org.openqa.selenium.remote.RemoteWebElement.execute(RemoteWebElement.java:285)
	at org.openqa.selenium.remote.RemoteWebElement.click(RemoteWebElement.java:84)
	at jdk.internal.reflect.GeneratedMethodAccessor10.invoke(Unknown Source)
	at java.base/jdk.internal.reflect.DelegatingMethodAccessorImpl.invoke(DelegatingMethodAccessorImpl.java:43)
	at org.openqa.selenium.support.events.EventFiringWebDriver$EventFiringWebElement.lambda$new$0(EventFiringWebDriver.java:404)
	at jdk.proxy2/jdk.proxy2.$Proxy21.click(Unknown Source)
	at org.openqa.selenium.support.events.EventFiringWebDriver$EventFiringWebElement.click(EventFiringWebDriver.java:417)
	at org.openqa.selenium.WebElement$click.call(Unknown Source)
	at com.kms.katalon.core.webui.keyword.builtin.ClickKeyword.clickUntilSuccessWithTimeout(ClickKeyword.groovy:81)
	at com.kms.katalon.core.webui.keyword.builtin.ClickKeyword.clickUntilSuccessWithTimeout(ClickKeyword.groovy)
	at jdk.internal.reflect.GeneratedMethodAccessor8.invoke(Unknown Source)
	at java.base/jdk.internal.reflect.DelegatingMethodAccessorImpl.invoke(DelegatingMethodAccessorImpl.java:43)
	at com.kms.katalon.core.webui.keyword.builtin.ClickKeyword$_click_closure1.doCall(ClickKeyword.groovy:67)
	at com.kms.katalon.core.webui.keyword.builtin.ClickKeyword$_click_closure1.call(ClickKeyword.groovy)
	at com.kms.katalon.core.webui.keyword.internal.WebUIKeywordMain.runKeyword(WebUIKeywordMain.groovy:35)
	at com.kms.katalon.core.webui.keyword.builtin.ClickKeyword.click(ClickKeyword.groovy:74)
	at com.kms.katalon.core.webui.keyword.builtin.ClickKeyword.execute(ClickKeyword.groovy:40)
	at com.kms.katalon.core.keyword.internal.KeywordExecutor.executeKeywordForPlatform(KeywordExecutor.groovy:74)
	at com.kms.katalon.core.webui.keyword.WebUiBuiltInKeywords.click(WebUiBuiltInKeywords.groovy:659)
	at Script1732083570761.run(Script1732083570761.groovy:24)
	at com.kms.katalon.core.main.ScriptEngine.run(ScriptEngine.java:194)
	at com.kms.katalon.core.main.ScriptEngine.runScriptAsRawText(ScriptEngine.java:119)
	at com.kms.katalon.core.main.TestCaseExecutor.runScript(TestCaseExecutor.java:448)
	at com.kms.katalon.core.main.TestCaseExecutor.doExecute(TestCaseExecutor.java:439)
	at com.kms.katalon.core.main.TestCaseExecutor.processExecutionPhase(TestCaseExecutor.java:418)
	at com.kms.katalon.core.main.TestCaseExecutor.accessMainPhase(TestCaseExecutor.java:410)
	at com.kms.katalon.core.main.TestCaseExecutor.execute(TestCaseExecutor.java:285)
	at com.kms.katalon.core.main.TestCaseMain.runTestCase(TestCaseMain.java:137)
	at com.kms.katalon.core.keyword.builtin.CallTestCaseKeyword$_callTestCase_closure1.doCall(CallTestCaseKeyword.groovy:59)
	at com.kms.katalon.core.keyword.builtin.CallTestCaseKeyword$_callTestCase_closure1.call(CallTestCaseKeyword.groovy)
	at com.kms.katalon.core.keyword.internal.KeywordMain.runKeyword(KeywordMain.groovy:75)
	at com.kms.katalon.core.keyword.builtin.CallTestCaseKeyword.callTestCase(CallTestCaseKeyword.groovy:81)
	at com.kms.katalon.core.keyword.builtin.CallTestCaseKeyword.execute(CallTestCaseKeyword.groovy:44)
	at com.kms.katalon.core.keyword.internal.KeywordExecutor.executeKeywordForPlatform(KeywordExecutor.groovy:74)
	at com.kms.katalon.core.keyword.BuiltinKeywords.callTestCase(BuiltinKeywords.groovy:310)
	at jdk.internal.reflect.GeneratedMethodAccessor25.invoke(Unknown Source)
	at java.base/jdk.internal.reflect.DelegatingMethodAccessorImpl.invoke(DelegatingMethodAccessorImpl.java:43)
	at Script1732341473711.run(Script1732341473711.groovy:22)
	... 15 more
)

27-11-2024T17:47:43 - [MESSAGE][FAILED] - Unable to click on object 'Object Repository/Principal/Page_Olva Courier  Home/button_CONTINUAR (2)' (Root cause: com.kms.katalon.core.exception.StepFailedException: Unable to click on object 'Object Repository/Principal/Page_Olva Courier  Home/button_CONTINUAR (2)'
	at com.kms.katalon.core.webui.keyword.internal.WebUIKeywordMain.stepFailed(WebUIKeywordMain.groovy:117)
	at com.kms.katalon.core.webui.keyword.internal.WebUIKeywordMain.runKeyword(WebUIKeywordMain.groovy:43)
	at com.kms.katalon.core.webui.keyword.builtin.ClickKeyword.click(ClickKeyword.groovy:74)
	at com.kms.katalon.core.webui.keyword.builtin.ClickKeyword.execute(ClickKeyword.groovy:40)
	at com.kms.katalon.core.keyword.internal.KeywordExecutor.executeKeywordForPlatform(KeywordExecutor.groovy:74)
	at com.kms.katalon.core.webui.keyword.WebUiBuiltInKeywords.click(WebUiBuiltInKeywords.groovy:659)
	at Selec_sobre.run(Selec_sobre:24)
	at com.kms.katalon.core.main.ScriptEngine.run(ScriptEngine.java:194)
	at com.kms.katalon.core.main.ScriptEngine.runScriptAsRawText(ScriptEngine.java:119)
	at com.kms.katalon.core.main.TestCaseExecutor.runScript(TestCaseExecutor.java:448)
	at com.kms.katalon.core.main.TestCaseExecutor.doExecute(TestCaseExecutor.java:439)
	at com.kms.katalon.core.main.TestCaseExecutor.processExecutionPhase(TestCaseExecutor.java:418)
	at com.kms.katalon.core.main.TestCaseExecutor.accessMainPhase(TestCaseExecutor.java:410)
	at com.kms.katalon.core.main.TestCaseExecutor.execute(TestCaseExecutor.java:285)
	at com.kms.katalon.core.main.TestCaseMain.runTestCase(TestCaseMain.java:137)
	at com.kms.katalon.core.keyword.builtin.CallTestCaseKeyword$_callTestCase_closure1.doCall(CallTestCaseKeyword.groovy:59)
	at com.kms.katalon.core.keyword.builtin.CallTestCaseKeyword$_callTestCase_closure1.call(CallTestCaseKeyword.groovy)
	at com.kms.katalon.core.keyword.internal.KeywordMain.runKeyword(KeywordMain.groovy:75)
	at com.kms.katalon.core.keyword.builtin.CallTestCaseKeyword.callTestCase(CallTestCaseKeyword.groovy:81)
	at com.kms.katalon.core.keyword.builtin.CallTestCaseKeyword.execute(CallTestCaseKeyword.groovy:44)
	at com.kms.katalon.core.keyword.internal.KeywordExecutor.executeKeywordForPlatform(KeywordExecutor.groovy:74)
	at com.kms.katalon.core.keyword.BuiltinKeywords.callTestCase(BuiltinKeywords.groovy:310)
	at jdk.internal.reflect.GeneratedMethodAccessor25.invoke(Unknown Source)
	at java.base/jdk.internal.reflect.DelegatingMethodAccessorImpl.invoke(DelegatingMethodAccessorImpl.java:43)
	at Difuninado-Consignado.run(Difuninado-Consignado:22)
	at com.kms.katalon.core.main.ScriptEngine.run(ScriptEngine.java:194)
	at com.kms.katalon.core.main.ScriptEngine.runScriptAsRawText(ScriptEngine.java:119)
	at com.kms.katalon.core.main.TestCaseExecutor.runScript(TestCaseExecutor.java:448)
	at com.kms.katalon.core.main.TestCaseExecutor.doExecute(TestCaseExecutor.java:439)
	at com.kms.katalon.core.main.TestCaseExecutor.processExecutionPhase(TestCaseExecutor.java:418)
	at com.kms.katalon.core.main.TestCaseExecutor.accessMainPhase(TestCaseExecutor.java:410)
	at com.kms.katalon.core.main.TestCaseExecutor.execute(TestCaseExecutor.java:285)
	at com.kms.katalon.core.common.CommonExecutor.accessTestCaseMainPhase(CommonExecutor.java:65)
	at com.kms.katalon.core.main.TestSuiteExecutor.accessTestSuiteMainPhase(TestSuiteExecutor.java:150)
	at com.kms.katalon.core.main.TestSuiteExecutor.execute(TestSuiteExecutor.java:106)
	at com.kms.katalon.core.main.TestCaseMain.startTestSuite(TestCaseMain.java:180)
	at TempTestSuite1732745349578.run(TempTestSuite1732745349578.groovy:35)
	at java.base/jdk.internal.reflect.NativeMethodAccessorImpl.invoke0(Native Method)
	at java.base/jdk.internal.reflect.NativeMethodAccessorImpl.invoke(NativeMethodAccessorImpl.java:77)
	at java.base/jdk.internal.reflect.DelegatingMethodAccessorImpl.invoke(DelegatingMethodAccessorImpl.java:43)
Caused by: org.openqa.selenium.ElementClickInterceptedException: Element <button id="btn_aceptar_tipo_envio" class="btn disabled" type="button"> is not clickable at point (675,588) because another element <div class="modal-footer"> obscures it
Build info: version: '3.141.59', revision: 'unknown', time: 'unknown'
System info: host: 'DESKTOP-RGFFP9A', ip: '10.136.10.6', os.name: 'Windows 11', os.arch: 'amd64', os.version: '10.0', java.version: '17.0.7'
Driver info: com.kms.katalon.core.webui.driver.firefox.CGeckoDriver
Capabilities {acceptInsecureCerts: true, browserName: firefox, browserVersion: 133.0, javascriptEnabled: true, moz:accessibilityChecks: false, moz:buildID: 20241121140525, moz:geckodriverVersion: 0.35.0, moz:headless: false, moz:platformVersion: 10.0, moz:processID: 22256, moz:profile: C:\Users\OLVATI\AppData\Loc..., moz:shutdownTimeout: 60000, moz:webdriverClick: true, moz:windowless: false, pageLoadStrategy: normal, platform: WINDOWS, platformName: WINDOWS, proxy: Proxy(direct), setWindowRect: true, strictFileInteractability: false, timeouts: {implicit: 0, pageLoad: 300000, script: 30000}, unhandledPromptBehavior: dismiss and notify, userAgent: Mozilla/5.0 (Windows NT 10....}
Session ID: c0ffd346-f1bf-40e4-bb35-66f489f4bebd
	at jdk.internal.reflect.GeneratedConstructorAccessor32.newInstance(Unknown Source)
	at java.base/jdk.internal.reflect.DelegatingConstructorAccessorImpl.newInstance(DelegatingConstructorAccessorImpl.java:45)
	at org.openqa.selenium.remote.http.W3CHttpResponseCodec.createException(W3CHttpResponseCodec.java:187)
	at org.openqa.selenium.remote.http.W3CHttpResponseCodec.decode(W3CHttpResponseCodec.java:122)
	at org.openqa.selenium.remote.http.W3CHttpResponseCodec.decode(W3CHttpResponseCodec.java:49)
	at org.openqa.selenium.remote.HttpCommandExecutor.execute(HttpCommandExecutor.java:158)
	at org.openqa.selenium.remote.service.DriverCommandExecutor.execute(DriverCommandExecutor.java:83)
	at org.openqa.selenium.remote.RemoteWebDriver.execute(RemoteWebDriver.java:552)
	at com.kms.katalon.selenium.driver.CFirefoxDriver.execute(CFirefoxDriver.java:28)
	at org.openqa.selenium.remote.RemoteWebElement.execute(RemoteWebElement.java:285)
	at org.openqa.selenium.remote.RemoteWebElement.click(RemoteWebElement.java:84)
	at jdk.internal.reflect.GeneratedMethodAccessor10.invoke(Unknown Source)
	at java.base/jdk.internal.reflect.DelegatingMethodAccessorImpl.invoke(DelegatingMethodAccessorImpl.java:43)
	at org.openqa.selenium.support.events.EventFiringWebDriver$EventFiringWebElement.lambda$new$0(EventFiringWebDriver.java:404)
	at jdk.proxy2/jdk.proxy2.$Proxy21.click(Unknown Source)
	at org.openqa.selenium.support.events.EventFiringWebDriver$EventFiringWebElement.click(EventFiringWebDriver.java:417)
	at org.openqa.selenium.WebElement$click.call(Unknown Source)
	at com.kms.katalon.core.webui.keyword.builtin.ClickKeyword.clickUntilSuccessWithTimeout(ClickKeyword.groovy:81)
	at com.kms.katalon.core.webui.keyword.builtin.ClickKeyword.clickUntilSuccessWithTimeout(ClickKeyword.groovy)
	at jdk.internal.reflect.GeneratedMethodAccessor8.invoke(Unknown Source)
	at java.base/jdk.internal.reflect.DelegatingMethodAccessorImpl.invoke(DelegatingMethodAccessorImpl.java:43)
	at com.kms.katalon.core.webui.keyword.builtin.ClickKeyword$_click_closure1.doCall(ClickKeyword.groovy:67)
	at com.kms.katalon.core.webui.keyword.builtin.ClickKeyword$_click_closure1.call(ClickKeyword.groovy)
	at com.kms.katalon.core.webui.keyword.internal.WebUIKeywordMain.runKeyword(WebUIKeywordMain.groovy:35)
	at com.kms.katalon.core.webui.keyword.builtin.ClickKeyword.click(ClickKeyword.groovy:74)
	at com.kms.katalon.core.webui.keyword.builtin.ClickKeyword.execute(ClickKeyword.groovy:40)
	at com.kms.katalon.core.keyword.internal.KeywordExecutor.executeKeywordForPlatform(KeywordExecutor.groovy:74)
	at com.kms.katalon.core.webui.keyword.WebUiBuiltInKeywords.click(WebUiBuiltInKeywords.groovy:659)
	at Script1732083570761.run(Script1732083570761.groovy:24)
	at com.kms.katalon.core.main.ScriptEngine.run(ScriptEngine.java:194)
	at com.kms.katalon.core.main.ScriptEngine.runScriptAsRawText(ScriptEngine.java:119)
	at com.kms.katalon.core.main.TestCaseExecutor.runScript(TestCaseExecutor.java:448)
	at com.kms.katalon.core.main.TestCaseExecutor.doExecute(TestCaseExecutor.java:439)
	at com.kms.katalon.core.main.TestCaseExecutor.processExecutionPhase(TestCaseExecutor.java:418)
	at com.kms.katalon.core.main.TestCaseExecutor.accessMainPhase(TestCaseExecutor.java:410)
	at com.kms.katalon.core.main.TestCaseExecutor.execute(TestCaseExecutor.java:285)
	at com.kms.katalon.core.main.TestCaseMain.runTestCase(TestCaseMain.java:137)
	at com.kms.katalon.core.keyword.builtin.CallTestCaseKeyword$_callTestCase_closure1.doCall(CallTestCaseKeyword.groovy:59)
	at com.kms.katalon.core.keyword.builtin.CallTestCaseKeyword$_callTestCase_closure1.call(CallTestCaseKeyword.groovy)
	at com.kms.katalon.core.keyword.internal.KeywordMain.runKeyword(KeywordMain.groovy:75)
	at com.kms.katalon.core.keyword.builtin.CallTestCaseKeyword.callTestCase(CallTestCaseKeyword.groovy:81)
	at com.kms.katalon.core.keyword.builtin.CallTestCaseKeyword.execute(CallTestCaseKeyword.groovy:44)
	at com.kms.katalon.core.keyword.internal.KeywordExecutor.executeKeywordForPlatform(KeywordExecutor.groovy:74)
	at com.kms.katalon.core.keyword.BuiltinKeywords.callTestCase(BuiltinKeywords.groovy:310)
	at jdk.internal.reflect.GeneratedMethodAccessor25.invoke(Unknown Source)
	at java.base/jdk.internal.reflect.DelegatingMethodAccessorImpl.invoke(DelegatingMethodAccessorImpl.java:43)
	at Script1732341473711.run(Script1732341473711.groovy:22)
	... 15 more
)

27-11-2024T17:47:43 - [MESSAGE][FAILED] - Unable to call Test Case 'Test Cases/1.Inicio/1.1Principal/Selec_sobre' (Root cause: com.kms.katalon.core.exception.StepFailedException: Call Test Case 'Test Cases/1.Inicio/1.1Principal/Selec_sobre' failed
	at com.kms.katalon.core.keyword.builtin.CallTestCaseKeyword$_callTestCase_closure1.doCall(CallTestCaseKeyword.groovy:63)
	at com.kms.katalon.core.keyword.builtin.CallTestCaseKeyword$_callTestCase_closure1.call(CallTestCaseKeyword.groovy)
	at com.kms.katalon.core.keyword.internal.KeywordMain.runKeyword(KeywordMain.groovy:75)
	at com.kms.katalon.core.keyword.builtin.CallTestCaseKeyword.callTestCase(CallTestCaseKeyword.groovy:81)
	at com.kms.katalon.core.keyword.builtin.CallTestCaseKeyword.execute(CallTestCaseKeyword.groovy:44)
	at com.kms.katalon.core.keyword.internal.KeywordExecutor.executeKeywordForPlatform(KeywordExecutor.groovy:74)
	at com.kms.katalon.core.keyword.BuiltinKeywords.callTestCase(BuiltinKeywords.groovy:310)
	at jdk.internal.reflect.GeneratedMethodAccessor25.invoke(Unknown Source)
	at java.base/jdk.internal.reflect.DelegatingMethodAccessorImpl.invoke(DelegatingMethodAccessorImpl.java:43)
	at Difuninado-Consignado.run(Difuninado-Consignado:22)
	at com.kms.katalon.core.main.ScriptEngine.run(ScriptEngine.java:194)
	at com.kms.katalon.core.main.ScriptEngine.runScriptAsRawText(ScriptEngine.java:119)
	at com.kms.katalon.core.main.TestCaseExecutor.runScript(TestCaseExecutor.java:448)
	at com.kms.katalon.core.main.TestCaseExecutor.doExecute(TestCaseExecutor.java:439)
	at com.kms.katalon.core.main.TestCaseExecutor.processExecutionPhase(TestCaseExecutor.java:418)
	at com.kms.katalon.core.main.TestCaseExecutor.accessMainPhase(TestCaseExecutor.java:410)
	at com.kms.katalon.core.main.TestCaseExecutor.execute(TestCaseExecutor.java:285)
	at com.kms.katalon.core.common.CommonExecutor.accessTestCaseMainPhase(CommonExecutor.java:65)
	at com.kms.katalon.core.main.TestSuiteExecutor.accessTestSuiteMainPhase(TestSuiteExecutor.java:150)
	at com.kms.katalon.core.main.TestSuiteExecutor.execute(TestSuiteExecutor.java:106)
	at com.kms.katalon.core.main.TestCaseMain.startTestSuite(TestCaseMain.java:180)
	at TempTestSuite1732745349578.run(TempTestSuite1732745349578.groovy:35)
	at java.base/jdk.internal.reflect.NativeMethodAccessorImpl.invoke0(Native Method)
	at java.base/jdk.internal.reflect.NativeMethodAccessorImpl.invoke(NativeMethodAccessorImpl.java:77)
	at java.base/jdk.internal.reflect.DelegatingMethodAccessorImpl.invoke(DelegatingMethodAccessorImpl.java:43)
Caused by: com.kms.katalon.core.exception.StepFailedException: Unable to click on object 'Object Repository/Principal/Page_Olva Courier  Home/button_CONTINUAR (2)'
	at com.kms.katalon.core.webui.keyword.internal.WebUIKeywordMain.stepFailed(WebUIKeywordMain.groovy:117)
	at com.kms.katalon.core.webui.keyword.internal.WebUIKeywordMain.runKeyword(WebUIKeywordMain.groovy:43)
	at com.kms.katalon.core.webui.keyword.builtin.ClickKeyword.click(ClickKeyword.groovy:74)
	at com.kms.katalon.core.webui.keyword.builtin.ClickKeyword.execute(ClickKeyword.groovy:40)
	at com.kms.katalon.core.keyword.internal.KeywordExecutor.executeKeywordForPlatform(KeywordExecutor.groovy:74)
	at com.kms.katalon.core.webui.keyword.WebUiBuiltInKeywords.click(WebUiBuiltInKeywords.groovy:659)
	at Selec_sobre.run(Selec_sobre:24)
	at com.kms.katalon.core.main.ScriptEngine.run(ScriptEngine.java:194)
	at com.kms.katalon.core.main.ScriptEngine.runScriptAsRawText(ScriptEngine.java:119)
	at com.kms.katalon.core.main.TestCaseExecutor.runScript(TestCaseExecutor.java:448)
	at com.kms.katalon.core.main.TestCaseExecutor.doExecute(TestCaseExecutor.java:439)
	at com.kms.katalon.core.main.TestCaseExecutor.processExecutionPhase(TestCaseExecutor.java:418)
	at com.kms.katalon.core.main.TestCaseExecutor.accessMainPhase(TestCaseExecutor.java:410)
	at com.kms.katalon.core.main.TestCaseExecutor.execute(TestCaseExecutor.java:285)
	at com.kms.katalon.core.main.TestCaseMain.runTestCase(TestCaseMain.java:137)
	at com.kms.katalon.core.keyword.builtin.CallTestCaseKeyword$_callTestCase_closure1.doCall(CallTestCaseKeyword.groovy:59)
	... 24 more
Caused by: org.openqa.selenium.ElementClickInterceptedException: Element <button id="btn_aceptar_tipo_envio" class="btn disabled" type="button"> is not clickable at point (675,588) because another element <div class="modal-footer"> obscures it
Build info: version: '3.141.59', revision: 'unknown', time: 'unknown'
System info: host: 'DESKTOP-RGFFP9A', ip: '10.136.10.6', os.name: 'Windows 11', os.arch: 'amd64', os.version: '10.0', java.version: '17.0.7'
Driver info: com.kms.katalon.core.webui.driver.firefox.CGeckoDriver
Capabilities {acceptInsecureCerts: true, browserName: firefox, browserVersion: 133.0, javascriptEnabled: true, moz:accessibilityChecks: false, moz:buildID: 20241121140525, moz:geckodriverVersion: 0.35.0, moz:headless: false, moz:platformVersion: 10.0, moz:processID: 22256, moz:profile: C:\Users\OLVATI\AppData\Loc..., moz:shutdownTimeout: 60000, moz:webdriverClick: true, moz:windowless: false, pageLoadStrategy: normal, platform: WINDOWS, platformName: WINDOWS, proxy: Proxy(direct), setWindowRect: true, strictFileInteractability: false, timeouts: {implicit: 0, pageLoad: 300000, script: 30000}, unhandledPromptBehavior: dismiss and notify, userAgent: Mozilla/5.0 (Windows NT 10....}
Session ID: c0ffd346-f1bf-40e4-bb35-66f489f4bebd
	at jdk.internal.reflect.GeneratedConstructorAccessor32.newInstance(Unknown Source)
	at java.base/jdk.internal.reflect.DelegatingConstructorAccessorImpl.newInstance(DelegatingConstructorAccessorImpl.java:45)
	at org.openqa.selenium.remote.http.W3CHttpResponseCodec.createException(W3CHttpResponseCodec.java:187)
	at org.openqa.selenium.remote.http.W3CHttpResponseCodec.decode(W3CHttpResponseCodec.java:122)
	at org.openqa.selenium.remote.http.W3CHttpResponseCodec.decode(W3CHttpResponseCodec.java:49)
	at org.openqa.selenium.remote.HttpCommandExecutor.execute(HttpCommandExecutor.java:158)
	at org.openqa.selenium.remote.service.DriverCommandExecutor.execute(DriverCommandExecutor.java:83)
	at org.openqa.selenium.remote.RemoteWebDriver.execute(RemoteWebDriver.java:552)
	at com.kms.katalon.selenium.driver.CFirefoxDriver.execute(CFirefoxDriver.java:28)
	at org.openqa.selenium.remote.RemoteWebElement.execute(RemoteWebElement.java:285)
	at org.openqa.selenium.remote.RemoteWebElement.click(RemoteWebElement.java:84)
	at jdk.internal.reflect.GeneratedMethodAccessor10.invoke(Unknown Source)
	at java.base/jdk.internal.reflect.DelegatingMethodAccessorImpl.invoke(DelegatingMethodAccessorImpl.java:43)
	at org.openqa.selenium.support.events.EventFiringWebDriver$EventFiringWebElement.lambda$new$0(EventFiringWebDriver.java:404)
	at jdk.proxy2/jdk.proxy2.$Proxy21.click(Unknown Source)
	at org.openqa.selenium.support.events.EventFiringWebDriver$EventFiringWebElement.click(EventFiringWebDriver.java:417)
	at org.openqa.selenium.WebElement$click.call(Unknown Source)
	at com.kms.katalon.core.webui.keyword.builtin.ClickKeyword.clickUntilSuccessWithTimeout(ClickKeyword.groovy:81)
	at com.kms.katalon.core.webui.keyword.builtin.ClickKeyword.clickUntilSuccessWithTimeout(ClickKeyword.groovy)
	at jdk.internal.reflect.GeneratedMethodAccessor8.invoke(Unknown Source)
	at java.base/jdk.internal.reflect.DelegatingMethodAccessorImpl.invoke(DelegatingMethodAccessorImpl.java:43)
	at com.kms.katalon.core.webui.keyword.builtin.ClickKeyword$_click_closure1.doCall(ClickKeyword.groovy:67)
	at com.kms.katalon.core.webui.keyword.builtin.ClickKeyword$_click_closure1.call(ClickKeyword.groovy)
	at com.kms.katalon.core.webui.keyword.internal.WebUIKeywordMain.runKeyword(WebUIKeywordMain.groovy:35)
	... 38 more
)]]></system-out>
         <system-err><![CDATA[27-11-2024T17:46:32 - [TEST_CASE][FAILED] - Test Cases/2.Positivos/2.2Sobre/Origen-Provincia/Difuninado-Consignado: Test Cases/2.Positivos/2.2Sobre/Origen-Provincia/Difuninado-Consignado FAILED.
Reason:
com.kms.katalon.core.exception.StepFailedException: Call Test Case 'Test Cases/1.Inicio/1.1Principal/Selec_sobre' failed
	at com.kms.katalon.core.keyword.builtin.CallTestCaseKeyword$_callTestCase_closure1.doCall(CallTestCaseKeyword.groovy:63)
	at com.kms.katalon.core.keyword.builtin.CallTestCaseKeyword$_callTestCase_closure1.call(CallTestCaseKeyword.groovy)
	at com.kms.katalon.core.keyword.internal.KeywordMain.runKeyword(KeywordMain.groovy:75)
	at com.kms.katalon.core.keyword.builtin.CallTestCaseKeyword.callTestCase(CallTestCaseKeyword.groovy:81)
	at com.kms.katalon.core.keyword.builtin.CallTestCaseKeyword.execute(CallTestCaseKeyword.groovy:44)
	at com.kms.katalon.core.keyword.internal.KeywordExecutor.executeKeywordForPlatform(KeywordExecutor.groovy:74)
	at com.kms.katalon.core.keyword.BuiltinKeywords.callTestCase(BuiltinKeywords.groovy:310)
	at jdk.internal.reflect.GeneratedMethodAccessor25.invoke(Unknown Source)
	at java.base/jdk.internal.reflect.DelegatingMethodAccessorImpl.invoke(DelegatingMethodAccessorImpl.java:43)
	at Difuninado-Consignado.run(Difuninado-Consignado:22)
	at com.kms.katalon.core.main.ScriptEngine.run(ScriptEngine.java:194)
	at com.kms.katalon.core.main.ScriptEngine.runScriptAsRawText(ScriptEngine.java:119)
	at com.kms.katalon.core.main.TestCaseExecutor.runScript(TestCaseExecutor.java:448)
	at com.kms.katalon.core.main.TestCaseExecutor.doExecute(TestCaseExecutor.java:439)
	at com.kms.katalon.core.main.TestCaseExecutor.processExecutionPhase(TestCaseExecutor.java:418)
	at com.kms.katalon.core.main.TestCaseExecutor.accessMainPhase(TestCaseExecutor.java:410)
	at com.kms.katalon.core.main.TestCaseExecutor.execute(TestCaseExecutor.java:285)
	at com.kms.katalon.core.common.CommonExecutor.accessTestCaseMainPhase(CommonExecutor.java:65)
	at com.kms.katalon.core.main.TestSuiteExecutor.accessTestSuiteMainPhase(TestSuiteExecutor.java:150)
	at com.kms.katalon.core.main.TestSuiteExecutor.execute(TestSuiteExecutor.java:106)
	at com.kms.katalon.core.main.TestCaseMain.startTestSuite(TestCaseMain.java:180)
	at TempTestSuite1732745349578.run(TempTestSuite1732745349578.groovy:35)
	at java.base/jdk.internal.reflect.NativeMethodAccessorImpl.invoke0(Native Method)
	at java.base/jdk.internal.reflect.NativeMethodAccessorImpl.invoke(NativeMethodAccessorImpl.java:77)
	at java.base/jdk.internal.reflect.DelegatingMethodAccessorImpl.invoke(DelegatingMethodAccessorImpl.java:43)
Caused by: com.kms.katalon.core.exception.StepFailedException: Unable to click on object 'Object Repository/Principal/Page_Olva Courier  Home/button_CONTINUAR (2)'
	at com.kms.katalon.core.webui.keyword.internal.WebUIKeywordMain.stepFailed(WebUIKeywordMain.groovy:117)
	at com.kms.katalon.core.webui.keyword.internal.WebUIKeywordMain.runKeyword(WebUIKeywordMain.groovy:43)
	at com.kms.katalon.core.webui.keyword.builtin.ClickKeyword.click(ClickKeyword.groovy:74)
	at com.kms.katalon.core.webui.keyword.builtin.ClickKeyword.execute(ClickKeyword.groovy:40)
	at com.kms.katalon.core.keyword.internal.KeywordExecutor.executeKeywordForPlatform(KeywordExecutor.groovy:74)
	at com.kms.katalon.core.webui.keyword.WebUiBuiltInKeywords.click(WebUiBuiltInKeywords.groovy:659)
	at Selec_sobre.run(Selec_sobre:24)
	at com.kms.katalon.core.main.ScriptEngine.run(ScriptEngine.java:194)
	at com.kms.katalon.core.main.ScriptEngine.runScriptAsRawText(ScriptEngine.java:119)
	at com.kms.katalon.core.main.TestCaseExecutor.runScript(TestCaseExecutor.java:448)
	at com.kms.katalon.core.main.TestCaseExecutor.doExecute(TestCaseExecutor.java:439)
	at com.kms.katalon.core.main.TestCaseExecutor.processExecutionPhase(TestCaseExecutor.java:418)
	at com.kms.katalon.core.main.TestCaseExecutor.accessMainPhase(TestCaseExecutor.java:410)
	at com.kms.katalon.core.main.TestCaseExecutor.execute(TestCaseExecutor.java:285)
	at com.kms.katalon.core.main.TestCaseMain.runTestCase(TestCaseMain.java:137)
	at com.kms.katalon.core.keyword.builtin.CallTestCaseKeyword$_callTestCase_closure1.doCall(CallTestCaseKeyword.groovy:59)
	... 24 more
Caused by: org.openqa.selenium.ElementClickInterceptedException: Element <button id="btn_aceptar_tipo_envio" class="btn disabled" type="button"> is not clickable at point (675,588) because another element <div class="modal-footer"> obscures it
Build info: version: '3.141.59', revision: 'unknown', time: 'unknown'
System info: host: 'DESKTOP-RGFFP9A', ip: '10.136.10.6', os.name: 'Windows 11', os.arch: 'amd64', os.version: '10.0', java.version: '17.0.7'
Driver info: com.kms.katalon.core.webui.driver.firefox.CGeckoDriver
Capabilities {acceptInsecureCerts: true, browserName: firefox, browserVersion: 133.0, javascriptEnabled: true, moz:accessibilityChecks: false, moz:buildID: 20241121140525, moz:geckodriverVersion: 0.35.0, moz:headless: false, moz:platformVersion: 10.0, moz:processID: 22256, moz:profile: C:\Users\OLVATI\AppData\Loc..., moz:shutdownTimeout: 60000, moz:webdriverClick: true, moz:windowless: false, pageLoadStrategy: normal, platform: WINDOWS, platformName: WINDOWS, proxy: Proxy(direct), setWindowRect: true, strictFileInteractability: false, timeouts: {implicit: 0, pageLoad: 300000, script: 30000}, unhandledPromptBehavior: dismiss and notify, userAgent: Mozilla/5.0 (Windows NT 10....}
Session ID: c0ffd346-f1bf-40e4-bb35-66f489f4bebd
	at jdk.internal.reflect.GeneratedConstructorAccessor32.newInstance(Unknown Source)
	at java.base/jdk.internal.reflect.DelegatingConstructorAccessorImpl.newInstance(DelegatingConstructorAccessorImpl.java:45)
	at org.openqa.selenium.remote.http.W3CHttpResponseCodec.createException(W3CHttpResponseCodec.java:187)
	at org.openqa.selenium.remote.http.W3CHttpResponseCodec.decode(W3CHttpResponseCodec.java:122)
	at org.openqa.selenium.remote.http.W3CHttpResponseCodec.decode(W3CHttpResponseCodec.java:49)
	at org.openqa.selenium.remote.HttpCommandExecutor.execute(HttpCommandExecutor.java:158)
	at org.openqa.selenium.remote.service.DriverCommandExecutor.execute(DriverCommandExecutor.java:83)
	at org.openqa.selenium.remote.RemoteWebDriver.execute(RemoteWebDriver.java:552)
	at com.kms.katalon.selenium.driver.CFirefoxDriver.execute(CFirefoxDriver.java:28)
	at org.openqa.selenium.remote.RemoteWebElement.execute(RemoteWebElement.java:285)
	at org.openqa.selenium.remote.RemoteWebElement.click(RemoteWebElement.java:84)
	at jdk.internal.reflect.GeneratedMethodAccessor10.invoke(Unknown Source)
	at java.base/jdk.internal.reflect.DelegatingMethodAccessorImpl.invoke(DelegatingMethodAccessorImpl.java:43)
	at org.openqa.selenium.support.events.EventFiringWebDriver$EventFiringWebElement.lambda$new$0(EventFiringWebDriver.java:404)
	at jdk.proxy2/jdk.proxy2.$Proxy21.click(Unknown Source)
	at org.openqa.selenium.support.events.EventFiringWebDriver$EventFiringWebElement.click(EventFiringWebDriver.java:417)
	at org.openqa.selenium.WebElement$click.call(Unknown Source)
	at com.kms.katalon.core.webui.keyword.builtin.ClickKeyword.clickUntilSuccessWithTimeout(ClickKeyword.groovy:81)
	at com.kms.katalon.core.webui.keyword.builtin.ClickKeyword.clickUntilSuccessWithTimeout(ClickKeyword.groovy)
	at jdk.internal.reflect.GeneratedMethodAccessor8.invoke(Unknown Source)
	at java.base/jdk.internal.reflect.DelegatingMethodAccessorImpl.invoke(DelegatingMethodAccessorImpl.java:43)
	at com.kms.katalon.core.webui.keyword.builtin.ClickKeyword$_click_closure1.doCall(ClickKeyword.groovy:67)
	at com.kms.katalon.core.webui.keyword.builtin.ClickKeyword$_click_closure1.call(ClickKeyword.groovy)
	at com.kms.katalon.core.webui.keyword.internal.WebUIKeywordMain.runKeyword(WebUIKeywordMain.groovy:35)
	... 38 more]]></system-err>
      </testcase>
      <testcase name="Test Cases/2.Positivos/2.2Sobre/Origen-Provincia/Agregar-Envios" time="47.174" classname="Test Cases/2.Positivos/2.2Sobre/Origen-Provincia/Agregar-Envios" status="FAILED">
         <failure type="FAILED" message="Test Cases/2.Positivos/2.2Sobre/Origen-Provincia/Agregar-Envios FAILED.&#xa;Reason:&#xa;com.kms.katalon.core.exception.StepFailedException: Call Test Case 'Test Cases/1.Inicio/1.1Principal/Selec_sobre' failed&#xa;	at com.kms.katalon.core.keyword.builtin.CallTestCaseKeyword$_callTestCase_closure1.doCall(CallTestCaseKeyword.groovy:63)&#xa;	at com.kms.katalon.core.keyword.builtin.CallTestCaseKeyword$_callTestCase_closure1.call(CallTestCaseKeyword.groovy)&#xa;	at com.kms.katalon.core.keyword.internal.KeywordMain.runKeyword(KeywordMain.groovy:75)&#xa;	at com.kms.katalon.core.keyword.builtin.CallTestCaseKeyword.callTestCase(CallTestCaseKeyword.groovy:81)&#xa;	at com.kms.katalon.core.keyword.builtin.CallTestCaseKeyword.execute(CallTestCaseKeyword.groovy:44)&#xa;	at com.kms.katalon.core.keyword.internal.KeywordExecutor.executeKeywordForPlatform(KeywordExecutor.groovy:74)&#xa;	at com.kms.katalon.core.keyword.BuiltinKeywords.callTestCase(BuiltinKeywords.groovy:310)&#xa;	at jdk.internal.reflect.GeneratedMethodAccessor25.invoke(Unknown Source)&#xa;	at java.base/jdk.internal.reflect.DelegatingMethodAccessorImpl.invoke(DelegatingMethodAccessorImpl.java:43)&#xa;	at Agregar-Envios.run(Agregar-Envios:22)&#xa;	at com.kms.katalon.core.main.ScriptEngine.run(ScriptEngine.java:194)&#xa;	at com.kms.katalon.core.main.ScriptEngine.runScriptAsRawText(ScriptEngine.java:119)&#xa;	at com.kms.katalon.core.main.TestCaseExecutor.runScript(TestCaseExecutor.java:448)&#xa;	at com.kms.katalon.core.main.TestCaseExecutor.doExecute(TestCaseExecutor.java:439)&#xa;	at com.kms.katalon.core.main.TestCaseExecutor.processExecutionPhase(TestCaseExecutor.java:418)&#xa;	at com.kms.katalon.core.main.TestCaseExecutor.accessMainPhase(TestCaseExecutor.java:410)&#xa;	at com.kms.katalon.core.main.TestCaseExecutor.execute(TestCaseExecutor.java:285)&#xa;	at com.kms.katalon.core.common.CommonExecutor.accessTestCaseMainPhase(CommonExecutor.java:65)&#xa;	at com.kms.katalon.core.main.TestSuiteExecutor.accessTestSuiteMainPhase(TestSuiteExecutor.java:150)&#xa;	at com.kms.katalon.core.main.TestSuiteExecutor.execute(TestSuiteExecutor.java:106)&#xa;	at com.kms.katalon.core.main.TestCaseMain.startTestSuite(TestCaseMain.java:180)&#xa;	at TempTestSuite1732745349578.run(TempTestSuite1732745349578.groovy:35)&#xa;	at java.base/jdk.internal.reflect.NativeMethodAccessorImpl.invoke0(Native Method)&#xa;	at java.base/jdk.internal.reflect.NativeMethodAccessorImpl.invoke(NativeMethodAccessorImpl.java:77)&#xa;	at java.base/jdk.internal.reflect.DelegatingMethodAccessorImpl.invoke(DelegatingMethodAccessorImpl.java:43)&#xa;Caused by: com.kms.katalon.core.exception.StepFailedException: Unable to click on object 'Object Repository/Principal/Page_Olva Courier  Home/button_CONTINUAR (2)'&#xa;	at com.kms.katalon.core.webui.keyword.internal.WebUIKeywordMain.stepFailed(WebUIKeywordMain.groovy:117)&#xa;	at com.kms.katalon.core.webui.keyword.internal.WebUIKeywordMain.runKeyword(WebUIKeywordMain.groovy:43)&#xa;	at com.kms.katalon.core.webui.keyword.builtin.ClickKeyword.click(ClickKeyword.groovy:74)&#xa;	at com.kms.katalon.core.webui.keyword.builtin.ClickKeyword.execute(ClickKeyword.groovy:40)&#xa;	at com.kms.katalon.core.keyword.internal.KeywordExecutor.executeKeywordForPlatform(KeywordExecutor.groovy:74)&#xa;	at com.kms.katalon.core.webui.keyword.WebUiBuiltInKeywords.click(WebUiBuiltInKeywords.groovy:659)&#xa;	at Selec_sobre.run(Selec_sobre:24)&#xa;	at com.kms.katalon.core.main.ScriptEngine.run(ScriptEngine.java:194)&#xa;	at com.kms.katalon.core.main.ScriptEngine.runScriptAsRawText(ScriptEngine.java:119)&#xa;	at com.kms.katalon.core.main.TestCaseExecutor.runScript(TestCaseExecutor.java:448)&#xa;	at com.kms.katalon.core.main.TestCaseExecutor.doExecute(TestCaseExecutor.java:439)&#xa;	at com.kms.katalon.core.main.TestCaseExecutor.processExecutionPhase(TestCaseExecutor.java:418)&#xa;	at com.kms.katalon.core.main.TestCaseExecutor.accessMainPhase(TestCaseExecutor.java:410)&#xa;	at com.kms.katalon.core.main.TestCaseExecutor.execute(TestCaseExecutor.java:285)&#xa;	at com.kms.katalon.core.main.TestCaseMain.runTestCase(TestCaseMain.java:137)&#xa;	at com.kms.katalon.core.keyword.builtin.CallTestCaseKeyword$_callTestCase_closure1.doCall(CallTestCaseKeyword.groovy:59)&#xa;	... 24 more&#xa;Caused by: org.openqa.selenium.ElementClickInterceptedException: Element &lt;button id=&quot;btn_aceptar_tipo_envio&quot; class=&quot;btn disabled&quot; type=&quot;button&quot;> is not clickable at point (675,588) because another element &lt;div class=&quot;modal-footer&quot;> obscures it&#xa;Build info: version: '3.141.59', revision: 'unknown', time: 'unknown'&#xa;System info: host: 'DESKTOP-RGFFP9A', ip: '10.136.10.6', os.name: 'Windows 11', os.arch: 'amd64', os.version: '10.0', java.version: '17.0.7'&#xa;Driver info: com.kms.katalon.core.webui.driver.firefox.CGeckoDriver&#xa;Capabilities {acceptInsecureCerts: true, browserName: firefox, browserVersion: 133.0, javascriptEnabled: true, moz:accessibilityChecks: false, moz:buildID: 20241121140525, moz:geckodriverVersion: 0.35.0, moz:headless: false, moz:platformVersion: 10.0, moz:processID: 37756, moz:profile: C:\Users\OLVATI\AppData\Loc..., moz:shutdownTimeout: 60000, moz:webdriverClick: true, moz:windowless: false, pageLoadStrategy: normal, platform: WINDOWS, platformName: WINDOWS, proxy: Proxy(direct), setWindowRect: true, strictFileInteractability: false, timeouts: {implicit: 0, pageLoad: 300000, script: 30000}, unhandledPromptBehavior: dismiss and notify, userAgent: Mozilla/5.0 (Windows NT 10....}&#xa;Session ID: 784fa8ab-402a-43e6-95a5-b057c6fe4673&#xa;	at jdk.internal.reflect.GeneratedConstructorAccessor32.newInstance(Unknown Source)&#xa;	at java.base/jdk.internal.reflect.DelegatingConstructorAccessorImpl.newInstance(DelegatingConstructorAccessorImpl.java:45)&#xa;	at org.openqa.selenium.remote.http.W3CHttpResponseCodec.createException(W3CHttpResponseCodec.java:187)&#xa;	at org.openqa.selenium.remote.http.W3CHttpResponseCodec.decode(W3CHttpResponseCodec.java:122)&#xa;	at org.openqa.selenium.remote.http.W3CHttpResponseCodec.decode(W3CHttpResponseCodec.java:49)&#xa;	at org.openqa.selenium.remote.HttpCommandExecutor.execute(HttpCommandExecutor.java:158)&#xa;	at org.openqa.selenium.remote.service.DriverCommandExecutor.execute(DriverCommandExecutor.java:83)&#xa;	at org.openqa.selenium.remote.RemoteWebDriver.execute(RemoteWebDriver.java:552)&#xa;	at com.kms.katalon.selenium.driver.CFirefoxDriver.execute(CFirefoxDriver.java:28)&#xa;	at org.openqa.selenium.remote.RemoteWebElement.execute(RemoteWebElement.java:285)&#xa;	at org.openqa.selenium.remote.RemoteWebElement.click(RemoteWebElement.java:84)&#xa;	at jdk.internal.reflect.GeneratedMethodAccessor10.invoke(Unknown Source)&#xa;	at java.base/jdk.internal.reflect.DelegatingMethodAccessorImpl.invoke(DelegatingMethodAccessorImpl.java:43)&#xa;	at org.openqa.selenium.support.events.EventFiringWebDriver$EventFiringWebElement.lambda$new$0(EventFiringWebDriver.java:404)&#xa;	at jdk.proxy2/jdk.proxy2.$Proxy21.click(Unknown Source)&#xa;	at org.openqa.selenium.support.events.EventFiringWebDriver$EventFiringWebElement.click(EventFiringWebDriver.java:417)&#xa;	at org.openqa.selenium.WebElement$click.call(Unknown Source)&#xa;	at com.kms.katalon.core.webui.keyword.builtin.ClickKeyword.clickUntilSuccessWithTimeout(ClickKeyword.groovy:81)&#xa;	at com.kms.katalon.core.webui.keyword.builtin.ClickKeyword.clickUntilSuccessWithTimeout(ClickKeyword.groovy)&#xa;	at jdk.internal.reflect.GeneratedMethodAccessor8.invoke(Unknown Source)&#xa;	at java.base/jdk.internal.reflect.DelegatingMethodAccessorImpl.invoke(DelegatingMethodAccessorImpl.java:43)&#xa;	at com.kms.katalon.core.webui.keyword.builtin.ClickKeyword$_click_closure1.doCall(ClickKeyword.groovy:67)&#xa;	at com.kms.katalon.core.webui.keyword.builtin.ClickKeyword$_click_closure1.call(ClickKeyword.groovy)&#xa;	at com.kms.katalon.core.webui.keyword.internal.WebUIKeywordMain.runKeyword(WebUIKeywordMain.groovy:35)&#xa;	... 38 more&#xa;"/>
         <system-out><![CDATA[27-11-2024T17:47:43 - [TEST_CASE][FAILED] - Test Cases/2.Positivos/2.2Sobre/Origen-Provincia/Agregar-Envios: Test Cases/2.Positivos/2.2Sobre/Origen-Provincia/Agregar-Envios FAILED.
Reason:
com.kms.katalon.core.exception.StepFailedException: Call Test Case 'Test Cases/1.Inicio/1.1Principal/Selec_sobre' failed
	at com.kms.katalon.core.keyword.builtin.CallTestCaseKeyword$_callTestCase_closure1.doCall(CallTestCaseKeyword.groovy:63)
	at com.kms.katalon.core.keyword.builtin.CallTestCaseKeyword$_callTestCase_closure1.call(CallTestCaseKeyword.groovy)
	at com.kms.katalon.core.keyword.internal.KeywordMain.runKeyword(KeywordMain.groovy:75)
	at com.kms.katalon.core.keyword.builtin.CallTestCaseKeyword.callTestCase(CallTestCaseKeyword.groovy:81)
	at com.kms.katalon.core.keyword.builtin.CallTestCaseKeyword.execute(CallTestCaseKeyword.groovy:44)
	at com.kms.katalon.core.keyword.internal.KeywordExecutor.executeKeywordForPlatform(KeywordExecutor.groovy:74)
	at com.kms.katalon.core.keyword.BuiltinKeywords.callTestCase(BuiltinKeywords.groovy:310)
	at jdk.internal.reflect.GeneratedMethodAccessor25.invoke(Unknown Source)
	at java.base/jdk.internal.reflect.DelegatingMethodAccessorImpl.invoke(DelegatingMethodAccessorImpl.java:43)
	at Agregar-Envios.run(Agregar-Envios:22)
	at com.kms.katalon.core.main.ScriptEngine.run(ScriptEngine.java:194)
	at com.kms.katalon.core.main.ScriptEngine.runScriptAsRawText(ScriptEngine.java:119)
	at com.kms.katalon.core.main.TestCaseExecutor.runScript(TestCaseExecutor.java:448)
	at com.kms.katalon.core.main.TestCaseExecutor.doExecute(TestCaseExecutor.java:439)
	at com.kms.katalon.core.main.TestCaseExecutor.processExecutionPhase(TestCaseExecutor.java:418)
	at com.kms.katalon.core.main.TestCaseExecutor.accessMainPhase(TestCaseExecutor.java:410)
	at com.kms.katalon.core.main.TestCaseExecutor.execute(TestCaseExecutor.java:285)
	at com.kms.katalon.core.common.CommonExecutor.accessTestCaseMainPhase(CommonExecutor.java:65)
	at com.kms.katalon.core.main.TestSuiteExecutor.accessTestSuiteMainPhase(TestSuiteExecutor.java:150)
	at com.kms.katalon.core.main.TestSuiteExecutor.execute(TestSuiteExecutor.java:106)
	at com.kms.katalon.core.main.TestCaseMain.startTestSuite(TestCaseMain.java:180)
	at TempTestSuite1732745349578.run(TempTestSuite1732745349578.groovy:35)
	at java.base/jdk.internal.reflect.NativeMethodAccessorImpl.invoke0(Native Method)
	at java.base/jdk.internal.reflect.NativeMethodAccessorImpl.invoke(NativeMethodAccessorImpl.java:77)
	at java.base/jdk.internal.reflect.DelegatingMethodAccessorImpl.invoke(DelegatingMethodAccessorImpl.java:43)
Caused by: com.kms.katalon.core.exception.StepFailedException: Unable to click on object 'Object Repository/Principal/Page_Olva Courier  Home/button_CONTINUAR (2)'
	at com.kms.katalon.core.webui.keyword.internal.WebUIKeywordMain.stepFailed(WebUIKeywordMain.groovy:117)
	at com.kms.katalon.core.webui.keyword.internal.WebUIKeywordMain.runKeyword(WebUIKeywordMain.groovy:43)
	at com.kms.katalon.core.webui.keyword.builtin.ClickKeyword.click(ClickKeyword.groovy:74)
	at com.kms.katalon.core.webui.keyword.builtin.ClickKeyword.execute(ClickKeyword.groovy:40)
	at com.kms.katalon.core.keyword.internal.KeywordExecutor.executeKeywordForPlatform(KeywordExecutor.groovy:74)
	at com.kms.katalon.core.webui.keyword.WebUiBuiltInKeywords.click(WebUiBuiltInKeywords.groovy:659)
	at Selec_sobre.run(Selec_sobre:24)
	at com.kms.katalon.core.main.ScriptEngine.run(ScriptEngine.java:194)
	at com.kms.katalon.core.main.ScriptEngine.runScriptAsRawText(ScriptEngine.java:119)
	at com.kms.katalon.core.main.TestCaseExecutor.runScript(TestCaseExecutor.java:448)
	at com.kms.katalon.core.main.TestCaseExecutor.doExecute(TestCaseExecutor.java:439)
	at com.kms.katalon.core.main.TestCaseExecutor.processExecutionPhase(TestCaseExecutor.java:418)
	at com.kms.katalon.core.main.TestCaseExecutor.accessMainPhase(TestCaseExecutor.java:410)
	at com.kms.katalon.core.main.TestCaseExecutor.execute(TestCaseExecutor.java:285)
	at com.kms.katalon.core.main.TestCaseMain.runTestCase(TestCaseMain.java:137)
	at com.kms.katalon.core.keyword.builtin.CallTestCaseKeyword$_callTestCase_closure1.doCall(CallTestCaseKeyword.groovy:59)
	... 24 more
Caused by: org.openqa.selenium.ElementClickInterceptedException: Element <button id="btn_aceptar_tipo_envio" class="btn disabled" type="button"> is not clickable at point (675,588) because another element <div class="modal-footer"> obscures it
Build info: version: '3.141.59', revision: 'unknown', time: 'unknown'
System info: host: 'DESKTOP-RGFFP9A', ip: '10.136.10.6', os.name: 'Windows 11', os.arch: 'amd64', os.version: '10.0', java.version: '17.0.7'
Driver info: com.kms.katalon.core.webui.driver.firefox.CGeckoDriver
Capabilities {acceptInsecureCerts: true, browserName: firefox, browserVersion: 133.0, javascriptEnabled: true, moz:accessibilityChecks: false, moz:buildID: 20241121140525, moz:geckodriverVersion: 0.35.0, moz:headless: false, moz:platformVersion: 10.0, moz:processID: 37756, moz:profile: C:\Users\OLVATI\AppData\Loc..., moz:shutdownTimeout: 60000, moz:webdriverClick: true, moz:windowless: false, pageLoadStrategy: normal, platform: WINDOWS, platformName: WINDOWS, proxy: Proxy(direct), setWindowRect: true, strictFileInteractability: false, timeouts: {implicit: 0, pageLoad: 300000, script: 30000}, unhandledPromptBehavior: dismiss and notify, userAgent: Mozilla/5.0 (Windows NT 10....}
Session ID: 784fa8ab-402a-43e6-95a5-b057c6fe4673
	at jdk.internal.reflect.GeneratedConstructorAccessor32.newInstance(Unknown Source)
	at java.base/jdk.internal.reflect.DelegatingConstructorAccessorImpl.newInstance(DelegatingConstructorAccessorImpl.java:45)
	at org.openqa.selenium.remote.http.W3CHttpResponseCodec.createException(W3CHttpResponseCodec.java:187)
	at org.openqa.selenium.remote.http.W3CHttpResponseCodec.decode(W3CHttpResponseCodec.java:122)
	at org.openqa.selenium.remote.http.W3CHttpResponseCodec.decode(W3CHttpResponseCodec.java:49)
	at org.openqa.selenium.remote.HttpCommandExecutor.execute(HttpCommandExecutor.java:158)
	at org.openqa.selenium.remote.service.DriverCommandExecutor.execute(DriverCommandExecutor.java:83)
	at org.openqa.selenium.remote.RemoteWebDriver.execute(RemoteWebDriver.java:552)
	at com.kms.katalon.selenium.driver.CFirefoxDriver.execute(CFirefoxDriver.java:28)
	at org.openqa.selenium.remote.RemoteWebElement.execute(RemoteWebElement.java:285)
	at org.openqa.selenium.remote.RemoteWebElement.click(RemoteWebElement.java:84)
	at jdk.internal.reflect.GeneratedMethodAccessor10.invoke(Unknown Source)
	at java.base/jdk.internal.reflect.DelegatingMethodAccessorImpl.invoke(DelegatingMethodAccessorImpl.java:43)
	at org.openqa.selenium.support.events.EventFiringWebDriver$EventFiringWebElement.lambda$new$0(EventFiringWebDriver.java:404)
	at jdk.proxy2/jdk.proxy2.$Proxy21.click(Unknown Source)
	at org.openqa.selenium.support.events.EventFiringWebDriver$EventFiringWebElement.click(EventFiringWebDriver.java:417)
	at org.openqa.selenium.WebElement$click.call(Unknown Source)
	at com.kms.katalon.core.webui.keyword.builtin.ClickKeyword.clickUntilSuccessWithTimeout(ClickKeyword.groovy:81)
	at com.kms.katalon.core.webui.keyword.builtin.ClickKeyword.clickUntilSuccessWithTimeout(ClickKeyword.groovy)
	at jdk.internal.reflect.GeneratedMethodAccessor8.invoke(Unknown Source)
	at java.base/jdk.internal.reflect.DelegatingMethodAccessorImpl.invoke(DelegatingMethodAccessorImpl.java:43)
	at com.kms.katalon.core.webui.keyword.builtin.ClickKeyword$_click_closure1.doCall(ClickKeyword.groovy:67)
	at com.kms.katalon.core.webui.keyword.builtin.ClickKeyword$_click_closure1.call(ClickKeyword.groovy)
	at com.kms.katalon.core.webui.keyword.internal.WebUIKeywordMain.runKeyword(WebUIKeywordMain.groovy:35)
	... 38 more


27-11-2024T17:47:44 - [TEST_STEP][PASSED] - callTestCase(findTestCase("1.Inicio/1.1Principal/Principal-home"), [:], STOP_ON_FAILURE): Call Test Case 'Test Cases/1.Inicio/1.1Principal/Principal-home' successfully

27-11-2024T17:47:44 - [TEST_CASE][PASSED] - Test Cases/1.Inicio/1.1Principal/Principal-home: Test Cases/1.Inicio/1.1Principal/Principal-home

27-11-2024T17:47:44 - [TEST_STEP][PASSED] - openBrowser(""): Browser is opened with url: ''

27-11-2024T17:47:44 - [MESSAGE][WARNING] - A browser is already opened. Closing browser and opening a new one

27-11-2024T17:47:46 - [MESSAGE][INFO] - Starting 'Firefox' driver

27-11-2024T17:47:46 - [MESSAGE][INFO] - Action delay is set to 0 milliseconds

27-11-2024T17:47:56 - [MESSAGE][PASSED] - Browser is opened with url: ''

27-11-2024T17:47:56 - [TEST_STEP][PASSED] - navigateToUrl("https://dev01-registrodeenvios.olvacourier.com/principal"): Navigate to 'https://dev01-registrodeenvios.olvacourier.com/principal' successfully

27-11-2024T17:47:58 - [MESSAGE][PASSED] - Navigate to 'https://dev01-registrodeenvios.olvacourier.com/principal' successfully

27-11-2024T17:47:58 - [TEST_STEP][PASSED] - maximizeWindow(): Current window maximized

27-11-2024T17:47:58 - [MESSAGE][PASSED] - Current window maximized

27-11-2024T17:47:58 - [MESSAGE][PASSED] - Call Test Case 'Test Cases/1.Inicio/1.1Principal/Principal-home' successfully

27-11-2024T17:47:58 - [TEST_STEP][FAILED] - callTestCase(findTestCase("1.Inicio/1.1Principal/Selec_sobre"), [:], STOP_ON_FAILURE): Unable to call Test Case 'Test Cases/1.Inicio/1.1Principal/Selec_sobre' (Root cause: com.kms.katalon.core.exception.StepFailedException: Call Test Case 'Test Cases/1.Inicio/1.1Principal/Selec_sobre' failed
	at com.kms.katalon.core.keyword.builtin.CallTestCaseKeyword$_callTestCase_closure1.doCall(CallTestCaseKeyword.groovy:63)
	at com.kms.katalon.core.keyword.builtin.CallTestCaseKeyword$_callTestCase_closure1.call(CallTestCaseKeyword.groovy)
	at com.kms.katalon.core.keyword.internal.KeywordMain.runKeyword(KeywordMain.groovy:75)
	at com.kms.katalon.core.keyword.builtin.CallTestCaseKeyword.callTestCase(CallTestCaseKeyword.groovy:81)
	at com.kms.katalon.core.keyword.builtin.CallTestCaseKeyword.execute(CallTestCaseKeyword.groovy:44)
	at com.kms.katalon.core.keyword.internal.KeywordExecutor.executeKeywordForPlatform(KeywordExecutor.groovy:74)
	at com.kms.katalon.core.keyword.BuiltinKeywords.callTestCase(BuiltinKeywords.groovy:310)
	at jdk.internal.reflect.GeneratedMethodAccessor25.invoke(Unknown Source)
	at java.base/jdk.internal.reflect.DelegatingMethodAccessorImpl.invoke(DelegatingMethodAccessorImpl.java:43)
	at Agregar-Envios.run(Agregar-Envios:22)
	at com.kms.katalon.core.main.ScriptEngine.run(ScriptEngine.java:194)
	at com.kms.katalon.core.main.ScriptEngine.runScriptAsRawText(ScriptEngine.java:119)
	at com.kms.katalon.core.main.TestCaseExecutor.runScript(TestCaseExecutor.java:448)
	at com.kms.katalon.core.main.TestCaseExecutor.doExecute(TestCaseExecutor.java:439)
	at com.kms.katalon.core.main.TestCaseExecutor.processExecutionPhase(TestCaseExecutor.java:418)
	at com.kms.katalon.core.main.TestCaseExecutor.accessMainPhase(TestCaseExecutor.java:410)
	at com.kms.katalon.core.main.TestCaseExecutor.execute(TestCaseExecutor.java:285)
	at com.kms.katalon.core.common.CommonExecutor.accessTestCaseMainPhase(CommonExecutor.java:65)
	at com.kms.katalon.core.main.TestSuiteExecutor.accessTestSuiteMainPhase(TestSuiteExecutor.java:150)
	at com.kms.katalon.core.main.TestSuiteExecutor.execute(TestSuiteExecutor.java:106)
	at com.kms.katalon.core.main.TestCaseMain.startTestSuite(TestCaseMain.java:180)
	at TempTestSuite1732745349578.run(TempTestSuite1732745349578.groovy:35)
	at java.base/jdk.internal.reflect.NativeMethodAccessorImpl.invoke0(Native Method)
	at java.base/jdk.internal.reflect.NativeMethodAccessorImpl.invoke(NativeMethodAccessorImpl.java:77)
	at java.base/jdk.internal.reflect.DelegatingMethodAccessorImpl.invoke(DelegatingMethodAccessorImpl.java:43)
Caused by: com.kms.katalon.core.exception.StepFailedException: Unable to click on object 'Object Repository/Principal/Page_Olva Courier  Home/button_CONTINUAR (2)'
	at com.kms.katalon.core.webui.keyword.internal.WebUIKeywordMain.stepFailed(WebUIKeywordMain.groovy:117)
	at com.kms.katalon.core.webui.keyword.internal.WebUIKeywordMain.runKeyword(WebUIKeywordMain.groovy:43)
	at com.kms.katalon.core.webui.keyword.builtin.ClickKeyword.click(ClickKeyword.groovy:74)
	at com.kms.katalon.core.webui.keyword.builtin.ClickKeyword.execute(ClickKeyword.groovy:40)
	at com.kms.katalon.core.keyword.internal.KeywordExecutor.executeKeywordForPlatform(KeywordExecutor.groovy:74)
	at com.kms.katalon.core.webui.keyword.WebUiBuiltInKeywords.click(WebUiBuiltInKeywords.groovy:659)
	at Selec_sobre.run(Selec_sobre:24)
	at com.kms.katalon.core.main.ScriptEngine.run(ScriptEngine.java:194)
	at com.kms.katalon.core.main.ScriptEngine.runScriptAsRawText(ScriptEngine.java:119)
	at com.kms.katalon.core.main.TestCaseExecutor.runScript(TestCaseExecutor.java:448)
	at com.kms.katalon.core.main.TestCaseExecutor.doExecute(TestCaseExecutor.java:439)
	at com.kms.katalon.core.main.TestCaseExecutor.processExecutionPhase(TestCaseExecutor.java:418)
	at com.kms.katalon.core.main.TestCaseExecutor.accessMainPhase(TestCaseExecutor.java:410)
	at com.kms.katalon.core.main.TestCaseExecutor.execute(TestCaseExecutor.java:285)
	at com.kms.katalon.core.main.TestCaseMain.runTestCase(TestCaseMain.java:137)
	at com.kms.katalon.core.keyword.builtin.CallTestCaseKeyword$_callTestCase_closure1.doCall(CallTestCaseKeyword.groovy:59)
	... 24 more
Caused by: org.openqa.selenium.ElementClickInterceptedException: Element <button id="btn_aceptar_tipo_envio" class="btn disabled" type="button"> is not clickable at point (675,588) because another element <div class="modal-footer"> obscures it
Build info: version: '3.141.59', revision: 'unknown', time: 'unknown'
System info: host: 'DESKTOP-RGFFP9A', ip: '10.136.10.6', os.name: 'Windows 11', os.arch: 'amd64', os.version: '10.0', java.version: '17.0.7'
Driver info: com.kms.katalon.core.webui.driver.firefox.CGeckoDriver
Capabilities {acceptInsecureCerts: true, browserName: firefox, browserVersion: 133.0, javascriptEnabled: true, moz:accessibilityChecks: false, moz:buildID: 20241121140525, moz:geckodriverVersion: 0.35.0, moz:headless: false, moz:platformVersion: 10.0, moz:processID: 37756, moz:profile: C:\Users\OLVATI\AppData\Loc..., moz:shutdownTimeout: 60000, moz:webdriverClick: true, moz:windowless: false, pageLoadStrategy: normal, platform: WINDOWS, platformName: WINDOWS, proxy: Proxy(direct), setWindowRect: true, strictFileInteractability: false, timeouts: {implicit: 0, pageLoad: 300000, script: 30000}, unhandledPromptBehavior: dismiss and notify, userAgent: Mozilla/5.0 (Windows NT 10....}
Session ID: 784fa8ab-402a-43e6-95a5-b057c6fe4673
	at jdk.internal.reflect.GeneratedConstructorAccessor32.newInstance(Unknown Source)
	at java.base/jdk.internal.reflect.DelegatingConstructorAccessorImpl.newInstance(DelegatingConstructorAccessorImpl.java:45)
	at org.openqa.selenium.remote.http.W3CHttpResponseCodec.createException(W3CHttpResponseCodec.java:187)
	at org.openqa.selenium.remote.http.W3CHttpResponseCodec.decode(W3CHttpResponseCodec.java:122)
	at org.openqa.selenium.remote.http.W3CHttpResponseCodec.decode(W3CHttpResponseCodec.java:49)
	at org.openqa.selenium.remote.HttpCommandExecutor.execute(HttpCommandExecutor.java:158)
	at org.openqa.selenium.remote.service.DriverCommandExecutor.execute(DriverCommandExecutor.java:83)
	at org.openqa.selenium.remote.RemoteWebDriver.execute(RemoteWebDriver.java:552)
	at com.kms.katalon.selenium.driver.CFirefoxDriver.execute(CFirefoxDriver.java:28)
	at org.openqa.selenium.remote.RemoteWebElement.execute(RemoteWebElement.java:285)
	at org.openqa.selenium.remote.RemoteWebElement.click(RemoteWebElement.java:84)
	at jdk.internal.reflect.GeneratedMethodAccessor10.invoke(Unknown Source)
	at java.base/jdk.internal.reflect.DelegatingMethodAccessorImpl.invoke(DelegatingMethodAccessorImpl.java:43)
	at org.openqa.selenium.support.events.EventFiringWebDriver$EventFiringWebElement.lambda$new$0(EventFiringWebDriver.java:404)
	at jdk.proxy2/jdk.proxy2.$Proxy21.click(Unknown Source)
	at org.openqa.selenium.support.events.EventFiringWebDriver$EventFiringWebElement.click(EventFiringWebDriver.java:417)
	at org.openqa.selenium.WebElement$click.call(Unknown Source)
	at com.kms.katalon.core.webui.keyword.builtin.ClickKeyword.clickUntilSuccessWithTimeout(ClickKeyword.groovy:81)
	at com.kms.katalon.core.webui.keyword.builtin.ClickKeyword.clickUntilSuccessWithTimeout(ClickKeyword.groovy)
	at jdk.internal.reflect.GeneratedMethodAccessor8.invoke(Unknown Source)
	at java.base/jdk.internal.reflect.DelegatingMethodAccessorImpl.invoke(DelegatingMethodAccessorImpl.java:43)
	at com.kms.katalon.core.webui.keyword.builtin.ClickKeyword$_click_closure1.doCall(ClickKeyword.groovy:67)
	at com.kms.katalon.core.webui.keyword.builtin.ClickKeyword$_click_closure1.call(ClickKeyword.groovy)
	at com.kms.katalon.core.webui.keyword.internal.WebUIKeywordMain.runKeyword(WebUIKeywordMain.groovy:35)
	... 38 more
)

27-11-2024T17:47:58 - [TEST_CASE][FAILED] - Test Cases/1.Inicio/1.1Principal/Selec_sobre: Test Cases/1.Inicio/1.1Principal/Selec_sobre FAILED.
Reason:
com.kms.katalon.core.exception.StepFailedException: Unable to click on object 'Object Repository/Principal/Page_Olva Courier  Home/button_CONTINUAR (2)'
	at com.kms.katalon.core.webui.keyword.internal.WebUIKeywordMain.stepFailed(WebUIKeywordMain.groovy:117)
	at com.kms.katalon.core.webui.keyword.internal.WebUIKeywordMain.runKeyword(WebUIKeywordMain.groovy:43)
	at com.kms.katalon.core.webui.keyword.builtin.ClickKeyword.click(ClickKeyword.groovy:74)
	at com.kms.katalon.core.webui.keyword.builtin.ClickKeyword.execute(ClickKeyword.groovy:40)
	at com.kms.katalon.core.keyword.internal.KeywordExecutor.executeKeywordForPlatform(KeywordExecutor.groovy:74)
	at com.kms.katalon.core.webui.keyword.WebUiBuiltInKeywords.click(WebUiBuiltInKeywords.groovy:659)
	at Selec_sobre.run(Selec_sobre:24)
	at com.kms.katalon.core.main.ScriptEngine.run(ScriptEngine.java:194)
	at com.kms.katalon.core.main.ScriptEngine.runScriptAsRawText(ScriptEngine.java:119)
	at com.kms.katalon.core.main.TestCaseExecutor.runScript(TestCaseExecutor.java:448)
	at com.kms.katalon.core.main.TestCaseExecutor.doExecute(TestCaseExecutor.java:439)
	at com.kms.katalon.core.main.TestCaseExecutor.processExecutionPhase(TestCaseExecutor.java:418)
	at com.kms.katalon.core.main.TestCaseExecutor.accessMainPhase(TestCaseExecutor.java:410)
	at com.kms.katalon.core.main.TestCaseExecutor.execute(TestCaseExecutor.java:285)
	at com.kms.katalon.core.main.TestCaseMain.runTestCase(TestCaseMain.java:137)
	at com.kms.katalon.core.keyword.builtin.CallTestCaseKeyword$_callTestCase_closure1.doCall(CallTestCaseKeyword.groovy:59)
	at com.kms.katalon.core.keyword.builtin.CallTestCaseKeyword$_callTestCase_closure1.call(CallTestCaseKeyword.groovy)
	at com.kms.katalon.core.keyword.internal.KeywordMain.runKeyword(KeywordMain.groovy:75)
	at com.kms.katalon.core.keyword.builtin.CallTestCaseKeyword.callTestCase(CallTestCaseKeyword.groovy:81)
	at com.kms.katalon.core.keyword.builtin.CallTestCaseKeyword.execute(CallTestCaseKeyword.groovy:44)
	at com.kms.katalon.core.keyword.internal.KeywordExecutor.executeKeywordForPlatform(KeywordExecutor.groovy:74)
	at com.kms.katalon.core.keyword.BuiltinKeywords.callTestCase(BuiltinKeywords.groovy:310)
	at jdk.internal.reflect.GeneratedMethodAccessor25.invoke(Unknown Source)
	at java.base/jdk.internal.reflect.DelegatingMethodAccessorImpl.invoke(DelegatingMethodAccessorImpl.java:43)
	at Agregar-Envios.run(Agregar-Envios:22)
	at com.kms.katalon.core.main.ScriptEngine.run(ScriptEngine.java:194)
	at com.kms.katalon.core.main.ScriptEngine.runScriptAsRawText(ScriptEngine.java:119)
	at com.kms.katalon.core.main.TestCaseExecutor.runScript(TestCaseExecutor.java:448)
	at com.kms.katalon.core.main.TestCaseExecutor.doExecute(TestCaseExecutor.java:439)
	at com.kms.katalon.core.main.TestCaseExecutor.processExecutionPhase(TestCaseExecutor.java:418)
	at com.kms.katalon.core.main.TestCaseExecutor.accessMainPhase(TestCaseExecutor.java:410)
	at com.kms.katalon.core.main.TestCaseExecutor.execute(TestCaseExecutor.java:285)
	at com.kms.katalon.core.common.CommonExecutor.accessTestCaseMainPhase(CommonExecutor.java:65)
	at com.kms.katalon.core.main.TestSuiteExecutor.accessTestSuiteMainPhase(TestSuiteExecutor.java:150)
	at com.kms.katalon.core.main.TestSuiteExecutor.execute(TestSuiteExecutor.java:106)
	at com.kms.katalon.core.main.TestCaseMain.startTestSuite(TestCaseMain.java:180)
	at TempTestSuite1732745349578.run(TempTestSuite1732745349578.groovy:35)
	at java.base/jdk.internal.reflect.NativeMethodAccessorImpl.invoke0(Native Method)
	at java.base/jdk.internal.reflect.NativeMethodAccessorImpl.invoke(NativeMethodAccessorImpl.java:77)
	at java.base/jdk.internal.reflect.DelegatingMethodAccessorImpl.invoke(DelegatingMethodAccessorImpl.java:43)
Caused by: org.openqa.selenium.ElementClickInterceptedException: Element <button id="btn_aceptar_tipo_envio" class="btn disabled" type="button"> is not clickable at point (675,588) because another element <div class="modal-footer"> obscures it
Build info: version: '3.141.59', revision: 'unknown', time: 'unknown'
System info: host: 'DESKTOP-RGFFP9A', ip: '10.136.10.6', os.name: 'Windows 11', os.arch: 'amd64', os.version: '10.0', java.version: '17.0.7'
Driver info: com.kms.katalon.core.webui.driver.firefox.CGeckoDriver
Capabilities {acceptInsecureCerts: true, browserName: firefox, browserVersion: 133.0, javascriptEnabled: true, moz:accessibilityChecks: false, moz:buildID: 20241121140525, moz:geckodriverVersion: 0.35.0, moz:headless: false, moz:platformVersion: 10.0, moz:processID: 37756, moz:profile: C:\Users\OLVATI\AppData\Loc..., moz:shutdownTimeout: 60000, moz:webdriverClick: true, moz:windowless: false, pageLoadStrategy: normal, platform: WINDOWS, platformName: WINDOWS, proxy: Proxy(direct), setWindowRect: true, strictFileInteractability: false, timeouts: {implicit: 0, pageLoad: 300000, script: 30000}, unhandledPromptBehavior: dismiss and notify, userAgent: Mozilla/5.0 (Windows NT 10....}
Session ID: 784fa8ab-402a-43e6-95a5-b057c6fe4673
	at jdk.internal.reflect.GeneratedConstructorAccessor32.newInstance(Unknown Source)
	at java.base/jdk.internal.reflect.DelegatingConstructorAccessorImpl.newInstance(DelegatingConstructorAccessorImpl.java:45)
	at org.openqa.selenium.remote.http.W3CHttpResponseCodec.createException(W3CHttpResponseCodec.java:187)
	at org.openqa.selenium.remote.http.W3CHttpResponseCodec.decode(W3CHttpResponseCodec.java:122)
	at org.openqa.selenium.remote.http.W3CHttpResponseCodec.decode(W3CHttpResponseCodec.java:49)
	at org.openqa.selenium.remote.HttpCommandExecutor.execute(HttpCommandExecutor.java:158)
	at org.openqa.selenium.remote.service.DriverCommandExecutor.execute(DriverCommandExecutor.java:83)
	at org.openqa.selenium.remote.RemoteWebDriver.execute(RemoteWebDriver.java:552)
	at com.kms.katalon.selenium.driver.CFirefoxDriver.execute(CFirefoxDriver.java:28)
	at org.openqa.selenium.remote.RemoteWebElement.execute(RemoteWebElement.java:285)
	at org.openqa.selenium.remote.RemoteWebElement.click(RemoteWebElement.java:84)
	at jdk.internal.reflect.GeneratedMethodAccessor10.invoke(Unknown Source)
	at java.base/jdk.internal.reflect.DelegatingMethodAccessorImpl.invoke(DelegatingMethodAccessorImpl.java:43)
	at org.openqa.selenium.support.events.EventFiringWebDriver$EventFiringWebElement.lambda$new$0(EventFiringWebDriver.java:404)
	at jdk.proxy2/jdk.proxy2.$Proxy21.click(Unknown Source)
	at org.openqa.selenium.support.events.EventFiringWebDriver$EventFiringWebElement.click(EventFiringWebDriver.java:417)
	at org.openqa.selenium.WebElement$click.call(Unknown Source)
	at com.kms.katalon.core.webui.keyword.builtin.ClickKeyword.clickUntilSuccessWithTimeout(ClickKeyword.groovy:81)
	at com.kms.katalon.core.webui.keyword.builtin.ClickKeyword.clickUntilSuccessWithTimeout(ClickKeyword.groovy)
	at jdk.internal.reflect.GeneratedMethodAccessor8.invoke(Unknown Source)
	at java.base/jdk.internal.reflect.DelegatingMethodAccessorImpl.invoke(DelegatingMethodAccessorImpl.java:43)
	at com.kms.katalon.core.webui.keyword.builtin.ClickKeyword$_click_closure1.doCall(ClickKeyword.groovy:67)
	at com.kms.katalon.core.webui.keyword.builtin.ClickKeyword$_click_closure1.call(ClickKeyword.groovy)
	at com.kms.katalon.core.webui.keyword.internal.WebUIKeywordMain.runKeyword(WebUIKeywordMain.groovy:35)
	... 38 more


27-11-2024T17:47:58 - [TEST_STEP][PASSED] - click(findTestObject("Object Repository/Principal/Page_Olva Courier  Home/img_Envo de cajas o paquetescon un peso mxi_37770f")): Object: 'Object Repository/Principal/Page_Olva Courier  Home/img_Envo de cajas o paquetescon un peso mxi_37770f' is clicked on

27-11-2024T17:47:59 - [MESSAGE][PASSED] - Object: 'Object Repository/Principal/Page_Olva Courier  Home/img_Envo de cajas o paquetescon un peso mxi_37770f' is clicked on

27-11-2024T17:47:59 - [TEST_STEP][PASSED] - click(findTestObject("Object Repository/Principal/Page_Olva Courier  Home/label_He ledo y acepto los trminos de uso y_adab65")): Object: 'Object Repository/Principal/Page_Olva Courier  Home/label_He ledo y acepto los trminos de uso y_adab65' is clicked on

27-11-2024T17:47:59 - [MESSAGE][PASSED] - Object: 'Object Repository/Principal/Page_Olva Courier  Home/label_He ledo y acepto los trminos de uso y_adab65' is clicked on

27-11-2024T17:47:59 - [TEST_STEP][FAILED] - click(findTestObject("Object Repository/Principal/Page_Olva Courier  Home/button_CONTINUAR (2)")): Unable to click on object 'Object Repository/Principal/Page_Olva Courier  Home/button_CONTINUAR (2)' (Root cause: com.kms.katalon.core.exception.StepFailedException: Unable to click on object 'Object Repository/Principal/Page_Olva Courier  Home/button_CONTINUAR (2)'
	at com.kms.katalon.core.webui.keyword.internal.WebUIKeywordMain.stepFailed(WebUIKeywordMain.groovy:117)
	at com.kms.katalon.core.webui.keyword.internal.WebUIKeywordMain.runKeyword(WebUIKeywordMain.groovy:43)
	at com.kms.katalon.core.webui.keyword.builtin.ClickKeyword.click(ClickKeyword.groovy:74)
	at com.kms.katalon.core.webui.keyword.builtin.ClickKeyword.execute(ClickKeyword.groovy:40)
	at com.kms.katalon.core.keyword.internal.KeywordExecutor.executeKeywordForPlatform(KeywordExecutor.groovy:74)
	at com.kms.katalon.core.webui.keyword.WebUiBuiltInKeywords.click(WebUiBuiltInKeywords.groovy:659)
	at Selec_sobre.run(Selec_sobre:24)
	at com.kms.katalon.core.main.ScriptEngine.run(ScriptEngine.java:194)
	at com.kms.katalon.core.main.ScriptEngine.runScriptAsRawText(ScriptEngine.java:119)
	at com.kms.katalon.core.main.TestCaseExecutor.runScript(TestCaseExecutor.java:448)
	at com.kms.katalon.core.main.TestCaseExecutor.doExecute(TestCaseExecutor.java:439)
	at com.kms.katalon.core.main.TestCaseExecutor.processExecutionPhase(TestCaseExecutor.java:418)
	at com.kms.katalon.core.main.TestCaseExecutor.accessMainPhase(TestCaseExecutor.java:410)
	at com.kms.katalon.core.main.TestCaseExecutor.execute(TestCaseExecutor.java:285)
	at com.kms.katalon.core.main.TestCaseMain.runTestCase(TestCaseMain.java:137)
	at com.kms.katalon.core.keyword.builtin.CallTestCaseKeyword$_callTestCase_closure1.doCall(CallTestCaseKeyword.groovy:59)
	at com.kms.katalon.core.keyword.builtin.CallTestCaseKeyword$_callTestCase_closure1.call(CallTestCaseKeyword.groovy)
	at com.kms.katalon.core.keyword.internal.KeywordMain.runKeyword(KeywordMain.groovy:75)
	at com.kms.katalon.core.keyword.builtin.CallTestCaseKeyword.callTestCase(CallTestCaseKeyword.groovy:81)
	at com.kms.katalon.core.keyword.builtin.CallTestCaseKeyword.execute(CallTestCaseKeyword.groovy:44)
	at com.kms.katalon.core.keyword.internal.KeywordExecutor.executeKeywordForPlatform(KeywordExecutor.groovy:74)
	at com.kms.katalon.core.keyword.BuiltinKeywords.callTestCase(BuiltinKeywords.groovy:310)
	at jdk.internal.reflect.GeneratedMethodAccessor25.invoke(Unknown Source)
	at java.base/jdk.internal.reflect.DelegatingMethodAccessorImpl.invoke(DelegatingMethodAccessorImpl.java:43)
	at Agregar-Envios.run(Agregar-Envios:22)
	at com.kms.katalon.core.main.ScriptEngine.run(ScriptEngine.java:194)
	at com.kms.katalon.core.main.ScriptEngine.runScriptAsRawText(ScriptEngine.java:119)
	at com.kms.katalon.core.main.TestCaseExecutor.runScript(TestCaseExecutor.java:448)
	at com.kms.katalon.core.main.TestCaseExecutor.doExecute(TestCaseExecutor.java:439)
	at com.kms.katalon.core.main.TestCaseExecutor.processExecutionPhase(TestCaseExecutor.java:418)
	at com.kms.katalon.core.main.TestCaseExecutor.accessMainPhase(TestCaseExecutor.java:410)
	at com.kms.katalon.core.main.TestCaseExecutor.execute(TestCaseExecutor.java:285)
	at com.kms.katalon.core.common.CommonExecutor.accessTestCaseMainPhase(CommonExecutor.java:65)
	at com.kms.katalon.core.main.TestSuiteExecutor.accessTestSuiteMainPhase(TestSuiteExecutor.java:150)
	at com.kms.katalon.core.main.TestSuiteExecutor.execute(TestSuiteExecutor.java:106)
	at com.kms.katalon.core.main.TestCaseMain.startTestSuite(TestCaseMain.java:180)
	at TempTestSuite1732745349578.run(TempTestSuite1732745349578.groovy:35)
	at java.base/jdk.internal.reflect.NativeMethodAccessorImpl.invoke0(Native Method)
	at java.base/jdk.internal.reflect.NativeMethodAccessorImpl.invoke(NativeMethodAccessorImpl.java:77)
	at java.base/jdk.internal.reflect.DelegatingMethodAccessorImpl.invoke(DelegatingMethodAccessorImpl.java:43)
Caused by: org.openqa.selenium.ElementClickInterceptedException: Element <button id="btn_aceptar_tipo_envio" class="btn disabled" type="button"> is not clickable at point (675,588) because another element <div class="modal-footer"> obscures it
Build info: version: '3.141.59', revision: 'unknown', time: 'unknown'
System info: host: 'DESKTOP-RGFFP9A', ip: '10.136.10.6', os.name: 'Windows 11', os.arch: 'amd64', os.version: '10.0', java.version: '17.0.7'
Driver info: com.kms.katalon.core.webui.driver.firefox.CGeckoDriver
Capabilities {acceptInsecureCerts: true, browserName: firefox, browserVersion: 133.0, javascriptEnabled: true, moz:accessibilityChecks: false, moz:buildID: 20241121140525, moz:geckodriverVersion: 0.35.0, moz:headless: false, moz:platformVersion: 10.0, moz:processID: 37756, moz:profile: C:\Users\OLVATI\AppData\Loc..., moz:shutdownTimeout: 60000, moz:webdriverClick: true, moz:windowless: false, pageLoadStrategy: normal, platform: WINDOWS, platformName: WINDOWS, proxy: Proxy(direct), setWindowRect: true, strictFileInteractability: false, timeouts: {implicit: 0, pageLoad: 300000, script: 30000}, unhandledPromptBehavior: dismiss and notify, userAgent: Mozilla/5.0 (Windows NT 10....}
Session ID: 784fa8ab-402a-43e6-95a5-b057c6fe4673
	at jdk.internal.reflect.GeneratedConstructorAccessor32.newInstance(Unknown Source)
	at java.base/jdk.internal.reflect.DelegatingConstructorAccessorImpl.newInstance(DelegatingConstructorAccessorImpl.java:45)
	at org.openqa.selenium.remote.http.W3CHttpResponseCodec.createException(W3CHttpResponseCodec.java:187)
	at org.openqa.selenium.remote.http.W3CHttpResponseCodec.decode(W3CHttpResponseCodec.java:122)
	at org.openqa.selenium.remote.http.W3CHttpResponseCodec.decode(W3CHttpResponseCodec.java:49)
	at org.openqa.selenium.remote.HttpCommandExecutor.execute(HttpCommandExecutor.java:158)
	at org.openqa.selenium.remote.service.DriverCommandExecutor.execute(DriverCommandExecutor.java:83)
	at org.openqa.selenium.remote.RemoteWebDriver.execute(RemoteWebDriver.java:552)
	at com.kms.katalon.selenium.driver.CFirefoxDriver.execute(CFirefoxDriver.java:28)
	at org.openqa.selenium.remote.RemoteWebElement.execute(RemoteWebElement.java:285)
	at org.openqa.selenium.remote.RemoteWebElement.click(RemoteWebElement.java:84)
	at jdk.internal.reflect.GeneratedMethodAccessor10.invoke(Unknown Source)
	at java.base/jdk.internal.reflect.DelegatingMethodAccessorImpl.invoke(DelegatingMethodAccessorImpl.java:43)
	at org.openqa.selenium.support.events.EventFiringWebDriver$EventFiringWebElement.lambda$new$0(EventFiringWebDriver.java:404)
	at jdk.proxy2/jdk.proxy2.$Proxy21.click(Unknown Source)
	at org.openqa.selenium.support.events.EventFiringWebDriver$EventFiringWebElement.click(EventFiringWebDriver.java:417)
	at org.openqa.selenium.WebElement$click.call(Unknown Source)
	at com.kms.katalon.core.webui.keyword.builtin.ClickKeyword.clickUntilSuccessWithTimeout(ClickKeyword.groovy:81)
	at com.kms.katalon.core.webui.keyword.builtin.ClickKeyword.clickUntilSuccessWithTimeout(ClickKeyword.groovy)
	at jdk.internal.reflect.GeneratedMethodAccessor8.invoke(Unknown Source)
	at java.base/jdk.internal.reflect.DelegatingMethodAccessorImpl.invoke(DelegatingMethodAccessorImpl.java:43)
	at com.kms.katalon.core.webui.keyword.builtin.ClickKeyword$_click_closure1.doCall(ClickKeyword.groovy:67)
	at com.kms.katalon.core.webui.keyword.builtin.ClickKeyword$_click_closure1.call(ClickKeyword.groovy)
	at com.kms.katalon.core.webui.keyword.internal.WebUIKeywordMain.runKeyword(WebUIKeywordMain.groovy:35)
	at com.kms.katalon.core.webui.keyword.builtin.ClickKeyword.click(ClickKeyword.groovy:74)
	at com.kms.katalon.core.webui.keyword.builtin.ClickKeyword.execute(ClickKeyword.groovy:40)
	at com.kms.katalon.core.keyword.internal.KeywordExecutor.executeKeywordForPlatform(KeywordExecutor.groovy:74)
	at com.kms.katalon.core.webui.keyword.WebUiBuiltInKeywords.click(WebUiBuiltInKeywords.groovy:659)
	at Script1732083570761.run(Script1732083570761.groovy:24)
	at com.kms.katalon.core.main.ScriptEngine.run(ScriptEngine.java:194)
	at com.kms.katalon.core.main.ScriptEngine.runScriptAsRawText(ScriptEngine.java:119)
	at com.kms.katalon.core.main.TestCaseExecutor.runScript(TestCaseExecutor.java:448)
	at com.kms.katalon.core.main.TestCaseExecutor.doExecute(TestCaseExecutor.java:439)
	at com.kms.katalon.core.main.TestCaseExecutor.processExecutionPhase(TestCaseExecutor.java:418)
	at com.kms.katalon.core.main.TestCaseExecutor.accessMainPhase(TestCaseExecutor.java:410)
	at com.kms.katalon.core.main.TestCaseExecutor.execute(TestCaseExecutor.java:285)
	at com.kms.katalon.core.main.TestCaseMain.runTestCase(TestCaseMain.java:137)
	at com.kms.katalon.core.keyword.builtin.CallTestCaseKeyword$_callTestCase_closure1.doCall(CallTestCaseKeyword.groovy:59)
	at com.kms.katalon.core.keyword.builtin.CallTestCaseKeyword$_callTestCase_closure1.call(CallTestCaseKeyword.groovy)
	at com.kms.katalon.core.keyword.internal.KeywordMain.runKeyword(KeywordMain.groovy:75)
	at com.kms.katalon.core.keyword.builtin.CallTestCaseKeyword.callTestCase(CallTestCaseKeyword.groovy:81)
	at com.kms.katalon.core.keyword.builtin.CallTestCaseKeyword.execute(CallTestCaseKeyword.groovy:44)
	at com.kms.katalon.core.keyword.internal.KeywordExecutor.executeKeywordForPlatform(KeywordExecutor.groovy:74)
	at com.kms.katalon.core.keyword.BuiltinKeywords.callTestCase(BuiltinKeywords.groovy:310)
	at jdk.internal.reflect.GeneratedMethodAccessor25.invoke(Unknown Source)
	at java.base/jdk.internal.reflect.DelegatingMethodAccessorImpl.invoke(DelegatingMethodAccessorImpl.java:43)
	at Script1732341473699.run(Script1732341473699.groovy:22)
	... 15 more
)

27-11-2024T17:48:30 - [MESSAGE][FAILED] - Unable to click on object 'Object Repository/Principal/Page_Olva Courier  Home/button_CONTINUAR (2)' (Root cause: com.kms.katalon.core.exception.StepFailedException: Unable to click on object 'Object Repository/Principal/Page_Olva Courier  Home/button_CONTINUAR (2)'
	at com.kms.katalon.core.webui.keyword.internal.WebUIKeywordMain.stepFailed(WebUIKeywordMain.groovy:117)
	at com.kms.katalon.core.webui.keyword.internal.WebUIKeywordMain.runKeyword(WebUIKeywordMain.groovy:43)
	at com.kms.katalon.core.webui.keyword.builtin.ClickKeyword.click(ClickKeyword.groovy:74)
	at com.kms.katalon.core.webui.keyword.builtin.ClickKeyword.execute(ClickKeyword.groovy:40)
	at com.kms.katalon.core.keyword.internal.KeywordExecutor.executeKeywordForPlatform(KeywordExecutor.groovy:74)
	at com.kms.katalon.core.webui.keyword.WebUiBuiltInKeywords.click(WebUiBuiltInKeywords.groovy:659)
	at Selec_sobre.run(Selec_sobre:24)
	at com.kms.katalon.core.main.ScriptEngine.run(ScriptEngine.java:194)
	at com.kms.katalon.core.main.ScriptEngine.runScriptAsRawText(ScriptEngine.java:119)
	at com.kms.katalon.core.main.TestCaseExecutor.runScript(TestCaseExecutor.java:448)
	at com.kms.katalon.core.main.TestCaseExecutor.doExecute(TestCaseExecutor.java:439)
	at com.kms.katalon.core.main.TestCaseExecutor.processExecutionPhase(TestCaseExecutor.java:418)
	at com.kms.katalon.core.main.TestCaseExecutor.accessMainPhase(TestCaseExecutor.java:410)
	at com.kms.katalon.core.main.TestCaseExecutor.execute(TestCaseExecutor.java:285)
	at com.kms.katalon.core.main.TestCaseMain.runTestCase(TestCaseMain.java:137)
	at com.kms.katalon.core.keyword.builtin.CallTestCaseKeyword$_callTestCase_closure1.doCall(CallTestCaseKeyword.groovy:59)
	at com.kms.katalon.core.keyword.builtin.CallTestCaseKeyword$_callTestCase_closure1.call(CallTestCaseKeyword.groovy)
	at com.kms.katalon.core.keyword.internal.KeywordMain.runKeyword(KeywordMain.groovy:75)
	at com.kms.katalon.core.keyword.builtin.CallTestCaseKeyword.callTestCase(CallTestCaseKeyword.groovy:81)
	at com.kms.katalon.core.keyword.builtin.CallTestCaseKeyword.execute(CallTestCaseKeyword.groovy:44)
	at com.kms.katalon.core.keyword.internal.KeywordExecutor.executeKeywordForPlatform(KeywordExecutor.groovy:74)
	at com.kms.katalon.core.keyword.BuiltinKeywords.callTestCase(BuiltinKeywords.groovy:310)
	at jdk.internal.reflect.GeneratedMethodAccessor25.invoke(Unknown Source)
	at java.base/jdk.internal.reflect.DelegatingMethodAccessorImpl.invoke(DelegatingMethodAccessorImpl.java:43)
	at Agregar-Envios.run(Agregar-Envios:22)
	at com.kms.katalon.core.main.ScriptEngine.run(ScriptEngine.java:194)
	at com.kms.katalon.core.main.ScriptEngine.runScriptAsRawText(ScriptEngine.java:119)
	at com.kms.katalon.core.main.TestCaseExecutor.runScript(TestCaseExecutor.java:448)
	at com.kms.katalon.core.main.TestCaseExecutor.doExecute(TestCaseExecutor.java:439)
	at com.kms.katalon.core.main.TestCaseExecutor.processExecutionPhase(TestCaseExecutor.java:418)
	at com.kms.katalon.core.main.TestCaseExecutor.accessMainPhase(TestCaseExecutor.java:410)
	at com.kms.katalon.core.main.TestCaseExecutor.execute(TestCaseExecutor.java:285)
	at com.kms.katalon.core.common.CommonExecutor.accessTestCaseMainPhase(CommonExecutor.java:65)
	at com.kms.katalon.core.main.TestSuiteExecutor.accessTestSuiteMainPhase(TestSuiteExecutor.java:150)
	at com.kms.katalon.core.main.TestSuiteExecutor.execute(TestSuiteExecutor.java:106)
	at com.kms.katalon.core.main.TestCaseMain.startTestSuite(TestCaseMain.java:180)
	at TempTestSuite1732745349578.run(TempTestSuite1732745349578.groovy:35)
	at java.base/jdk.internal.reflect.NativeMethodAccessorImpl.invoke0(Native Method)
	at java.base/jdk.internal.reflect.NativeMethodAccessorImpl.invoke(NativeMethodAccessorImpl.java:77)
	at java.base/jdk.internal.reflect.DelegatingMethodAccessorImpl.invoke(DelegatingMethodAccessorImpl.java:43)
Caused by: org.openqa.selenium.ElementClickInterceptedException: Element <button id="btn_aceptar_tipo_envio" class="btn disabled" type="button"> is not clickable at point (675,588) because another element <div class="modal-footer"> obscures it
Build info: version: '3.141.59', revision: 'unknown', time: 'unknown'
System info: host: 'DESKTOP-RGFFP9A', ip: '10.136.10.6', os.name: 'Windows 11', os.arch: 'amd64', os.version: '10.0', java.version: '17.0.7'
Driver info: com.kms.katalon.core.webui.driver.firefox.CGeckoDriver
Capabilities {acceptInsecureCerts: true, browserName: firefox, browserVersion: 133.0, javascriptEnabled: true, moz:accessibilityChecks: false, moz:buildID: 20241121140525, moz:geckodriverVersion: 0.35.0, moz:headless: false, moz:platformVersion: 10.0, moz:processID: 37756, moz:profile: C:\Users\OLVATI\AppData\Loc..., moz:shutdownTimeout: 60000, moz:webdriverClick: true, moz:windowless: false, pageLoadStrategy: normal, platform: WINDOWS, platformName: WINDOWS, proxy: Proxy(direct), setWindowRect: true, strictFileInteractability: false, timeouts: {implicit: 0, pageLoad: 300000, script: 30000}, unhandledPromptBehavior: dismiss and notify, userAgent: Mozilla/5.0 (Windows NT 10....}
Session ID: 784fa8ab-402a-43e6-95a5-b057c6fe4673
	at jdk.internal.reflect.GeneratedConstructorAccessor32.newInstance(Unknown Source)
	at java.base/jdk.internal.reflect.DelegatingConstructorAccessorImpl.newInstance(DelegatingConstructorAccessorImpl.java:45)
	at org.openqa.selenium.remote.http.W3CHttpResponseCodec.createException(W3CHttpResponseCodec.java:187)
	at org.openqa.selenium.remote.http.W3CHttpResponseCodec.decode(W3CHttpResponseCodec.java:122)
	at org.openqa.selenium.remote.http.W3CHttpResponseCodec.decode(W3CHttpResponseCodec.java:49)
	at org.openqa.selenium.remote.HttpCommandExecutor.execute(HttpCommandExecutor.java:158)
	at org.openqa.selenium.remote.service.DriverCommandExecutor.execute(DriverCommandExecutor.java:83)
	at org.openqa.selenium.remote.RemoteWebDriver.execute(RemoteWebDriver.java:552)
	at com.kms.katalon.selenium.driver.CFirefoxDriver.execute(CFirefoxDriver.java:28)
	at org.openqa.selenium.remote.RemoteWebElement.execute(RemoteWebElement.java:285)
	at org.openqa.selenium.remote.RemoteWebElement.click(RemoteWebElement.java:84)
	at jdk.internal.reflect.GeneratedMethodAccessor10.invoke(Unknown Source)
	at java.base/jdk.internal.reflect.DelegatingMethodAccessorImpl.invoke(DelegatingMethodAccessorImpl.java:43)
	at org.openqa.selenium.support.events.EventFiringWebDriver$EventFiringWebElement.lambda$new$0(EventFiringWebDriver.java:404)
	at jdk.proxy2/jdk.proxy2.$Proxy21.click(Unknown Source)
	at org.openqa.selenium.support.events.EventFiringWebDriver$EventFiringWebElement.click(EventFiringWebDriver.java:417)
	at org.openqa.selenium.WebElement$click.call(Unknown Source)
	at com.kms.katalon.core.webui.keyword.builtin.ClickKeyword.clickUntilSuccessWithTimeout(ClickKeyword.groovy:81)
	at com.kms.katalon.core.webui.keyword.builtin.ClickKeyword.clickUntilSuccessWithTimeout(ClickKeyword.groovy)
	at jdk.internal.reflect.GeneratedMethodAccessor8.invoke(Unknown Source)
	at java.base/jdk.internal.reflect.DelegatingMethodAccessorImpl.invoke(DelegatingMethodAccessorImpl.java:43)
	at com.kms.katalon.core.webui.keyword.builtin.ClickKeyword$_click_closure1.doCall(ClickKeyword.groovy:67)
	at com.kms.katalon.core.webui.keyword.builtin.ClickKeyword$_click_closure1.call(ClickKeyword.groovy)
	at com.kms.katalon.core.webui.keyword.internal.WebUIKeywordMain.runKeyword(WebUIKeywordMain.groovy:35)
	at com.kms.katalon.core.webui.keyword.builtin.ClickKeyword.click(ClickKeyword.groovy:74)
	at com.kms.katalon.core.webui.keyword.builtin.ClickKeyword.execute(ClickKeyword.groovy:40)
	at com.kms.katalon.core.keyword.internal.KeywordExecutor.executeKeywordForPlatform(KeywordExecutor.groovy:74)
	at com.kms.katalon.core.webui.keyword.WebUiBuiltInKeywords.click(WebUiBuiltInKeywords.groovy:659)
	at Script1732083570761.run(Script1732083570761.groovy:24)
	at com.kms.katalon.core.main.ScriptEngine.run(ScriptEngine.java:194)
	at com.kms.katalon.core.main.ScriptEngine.runScriptAsRawText(ScriptEngine.java:119)
	at com.kms.katalon.core.main.TestCaseExecutor.runScript(TestCaseExecutor.java:448)
	at com.kms.katalon.core.main.TestCaseExecutor.doExecute(TestCaseExecutor.java:439)
	at com.kms.katalon.core.main.TestCaseExecutor.processExecutionPhase(TestCaseExecutor.java:418)
	at com.kms.katalon.core.main.TestCaseExecutor.accessMainPhase(TestCaseExecutor.java:410)
	at com.kms.katalon.core.main.TestCaseExecutor.execute(TestCaseExecutor.java:285)
	at com.kms.katalon.core.main.TestCaseMain.runTestCase(TestCaseMain.java:137)
	at com.kms.katalon.core.keyword.builtin.CallTestCaseKeyword$_callTestCase_closure1.doCall(CallTestCaseKeyword.groovy:59)
	at com.kms.katalon.core.keyword.builtin.CallTestCaseKeyword$_callTestCase_closure1.call(CallTestCaseKeyword.groovy)
	at com.kms.katalon.core.keyword.internal.KeywordMain.runKeyword(KeywordMain.groovy:75)
	at com.kms.katalon.core.keyword.builtin.CallTestCaseKeyword.callTestCase(CallTestCaseKeyword.groovy:81)
	at com.kms.katalon.core.keyword.builtin.CallTestCaseKeyword.execute(CallTestCaseKeyword.groovy:44)
	at com.kms.katalon.core.keyword.internal.KeywordExecutor.executeKeywordForPlatform(KeywordExecutor.groovy:74)
	at com.kms.katalon.core.keyword.BuiltinKeywords.callTestCase(BuiltinKeywords.groovy:310)
	at jdk.internal.reflect.GeneratedMethodAccessor25.invoke(Unknown Source)
	at java.base/jdk.internal.reflect.DelegatingMethodAccessorImpl.invoke(DelegatingMethodAccessorImpl.java:43)
	at Script1732341473699.run(Script1732341473699.groovy:22)
	... 15 more
)

27-11-2024T17:48:30 - [MESSAGE][FAILED] - Unable to call Test Case 'Test Cases/1.Inicio/1.1Principal/Selec_sobre' (Root cause: com.kms.katalon.core.exception.StepFailedException: Call Test Case 'Test Cases/1.Inicio/1.1Principal/Selec_sobre' failed
	at com.kms.katalon.core.keyword.builtin.CallTestCaseKeyword$_callTestCase_closure1.doCall(CallTestCaseKeyword.groovy:63)
	at com.kms.katalon.core.keyword.builtin.CallTestCaseKeyword$_callTestCase_closure1.call(CallTestCaseKeyword.groovy)
	at com.kms.katalon.core.keyword.internal.KeywordMain.runKeyword(KeywordMain.groovy:75)
	at com.kms.katalon.core.keyword.builtin.CallTestCaseKeyword.callTestCase(CallTestCaseKeyword.groovy:81)
	at com.kms.katalon.core.keyword.builtin.CallTestCaseKeyword.execute(CallTestCaseKeyword.groovy:44)
	at com.kms.katalon.core.keyword.internal.KeywordExecutor.executeKeywordForPlatform(KeywordExecutor.groovy:74)
	at com.kms.katalon.core.keyword.BuiltinKeywords.callTestCase(BuiltinKeywords.groovy:310)
	at jdk.internal.reflect.GeneratedMethodAccessor25.invoke(Unknown Source)
	at java.base/jdk.internal.reflect.DelegatingMethodAccessorImpl.invoke(DelegatingMethodAccessorImpl.java:43)
	at Agregar-Envios.run(Agregar-Envios:22)
	at com.kms.katalon.core.main.ScriptEngine.run(ScriptEngine.java:194)
	at com.kms.katalon.core.main.ScriptEngine.runScriptAsRawText(ScriptEngine.java:119)
	at com.kms.katalon.core.main.TestCaseExecutor.runScript(TestCaseExecutor.java:448)
	at com.kms.katalon.core.main.TestCaseExecutor.doExecute(TestCaseExecutor.java:439)
	at com.kms.katalon.core.main.TestCaseExecutor.processExecutionPhase(TestCaseExecutor.java:418)
	at com.kms.katalon.core.main.TestCaseExecutor.accessMainPhase(TestCaseExecutor.java:410)
	at com.kms.katalon.core.main.TestCaseExecutor.execute(TestCaseExecutor.java:285)
	at com.kms.katalon.core.common.CommonExecutor.accessTestCaseMainPhase(CommonExecutor.java:65)
	at com.kms.katalon.core.main.TestSuiteExecutor.accessTestSuiteMainPhase(TestSuiteExecutor.java:150)
	at com.kms.katalon.core.main.TestSuiteExecutor.execute(TestSuiteExecutor.java:106)
	at com.kms.katalon.core.main.TestCaseMain.startTestSuite(TestCaseMain.java:180)
	at TempTestSuite1732745349578.run(TempTestSuite1732745349578.groovy:35)
	at java.base/jdk.internal.reflect.NativeMethodAccessorImpl.invoke0(Native Method)
	at java.base/jdk.internal.reflect.NativeMethodAccessorImpl.invoke(NativeMethodAccessorImpl.java:77)
	at java.base/jdk.internal.reflect.DelegatingMethodAccessorImpl.invoke(DelegatingMethodAccessorImpl.java:43)
Caused by: com.kms.katalon.core.exception.StepFailedException: Unable to click on object 'Object Repository/Principal/Page_Olva Courier  Home/button_CONTINUAR (2)'
	at com.kms.katalon.core.webui.keyword.internal.WebUIKeywordMain.stepFailed(WebUIKeywordMain.groovy:117)
	at com.kms.katalon.core.webui.keyword.internal.WebUIKeywordMain.runKeyword(WebUIKeywordMain.groovy:43)
	at com.kms.katalon.core.webui.keyword.builtin.ClickKeyword.click(ClickKeyword.groovy:74)
	at com.kms.katalon.core.webui.keyword.builtin.ClickKeyword.execute(ClickKeyword.groovy:40)
	at com.kms.katalon.core.keyword.internal.KeywordExecutor.executeKeywordForPlatform(KeywordExecutor.groovy:74)
	at com.kms.katalon.core.webui.keyword.WebUiBuiltInKeywords.click(WebUiBuiltInKeywords.groovy:659)
	at Selec_sobre.run(Selec_sobre:24)
	at com.kms.katalon.core.main.ScriptEngine.run(ScriptEngine.java:194)
	at com.kms.katalon.core.main.ScriptEngine.runScriptAsRawText(ScriptEngine.java:119)
	at com.kms.katalon.core.main.TestCaseExecutor.runScript(TestCaseExecutor.java:448)
	at com.kms.katalon.core.main.TestCaseExecutor.doExecute(TestCaseExecutor.java:439)
	at com.kms.katalon.core.main.TestCaseExecutor.processExecutionPhase(TestCaseExecutor.java:418)
	at com.kms.katalon.core.main.TestCaseExecutor.accessMainPhase(TestCaseExecutor.java:410)
	at com.kms.katalon.core.main.TestCaseExecutor.execute(TestCaseExecutor.java:285)
	at com.kms.katalon.core.main.TestCaseMain.runTestCase(TestCaseMain.java:137)
	at com.kms.katalon.core.keyword.builtin.CallTestCaseKeyword$_callTestCase_closure1.doCall(CallTestCaseKeyword.groovy:59)
	... 24 more
Caused by: org.openqa.selenium.ElementClickInterceptedException: Element <button id="btn_aceptar_tipo_envio" class="btn disabled" type="button"> is not clickable at point (675,588) because another element <div class="modal-footer"> obscures it
Build info: version: '3.141.59', revision: 'unknown', time: 'unknown'
System info: host: 'DESKTOP-RGFFP9A', ip: '10.136.10.6', os.name: 'Windows 11', os.arch: 'amd64', os.version: '10.0', java.version: '17.0.7'
Driver info: com.kms.katalon.core.webui.driver.firefox.CGeckoDriver
Capabilities {acceptInsecureCerts: true, browserName: firefox, browserVersion: 133.0, javascriptEnabled: true, moz:accessibilityChecks: false, moz:buildID: 20241121140525, moz:geckodriverVersion: 0.35.0, moz:headless: false, moz:platformVersion: 10.0, moz:processID: 37756, moz:profile: C:\Users\OLVATI\AppData\Loc..., moz:shutdownTimeout: 60000, moz:webdriverClick: true, moz:windowless: false, pageLoadStrategy: normal, platform: WINDOWS, platformName: WINDOWS, proxy: Proxy(direct), setWindowRect: true, strictFileInteractability: false, timeouts: {implicit: 0, pageLoad: 300000, script: 30000}, unhandledPromptBehavior: dismiss and notify, userAgent: Mozilla/5.0 (Windows NT 10....}
Session ID: 784fa8ab-402a-43e6-95a5-b057c6fe4673
	at jdk.internal.reflect.GeneratedConstructorAccessor32.newInstance(Unknown Source)
	at java.base/jdk.internal.reflect.DelegatingConstructorAccessorImpl.newInstance(DelegatingConstructorAccessorImpl.java:45)
	at org.openqa.selenium.remote.http.W3CHttpResponseCodec.createException(W3CHttpResponseCodec.java:187)
	at org.openqa.selenium.remote.http.W3CHttpResponseCodec.decode(W3CHttpResponseCodec.java:122)
	at org.openqa.selenium.remote.http.W3CHttpResponseCodec.decode(W3CHttpResponseCodec.java:49)
	at org.openqa.selenium.remote.HttpCommandExecutor.execute(HttpCommandExecutor.java:158)
	at org.openqa.selenium.remote.service.DriverCommandExecutor.execute(DriverCommandExecutor.java:83)
	at org.openqa.selenium.remote.RemoteWebDriver.execute(RemoteWebDriver.java:552)
	at com.kms.katalon.selenium.driver.CFirefoxDriver.execute(CFirefoxDriver.java:28)
	at org.openqa.selenium.remote.RemoteWebElement.execute(RemoteWebElement.java:285)
	at org.openqa.selenium.remote.RemoteWebElement.click(RemoteWebElement.java:84)
	at jdk.internal.reflect.GeneratedMethodAccessor10.invoke(Unknown Source)
	at java.base/jdk.internal.reflect.DelegatingMethodAccessorImpl.invoke(DelegatingMethodAccessorImpl.java:43)
	at org.openqa.selenium.support.events.EventFiringWebDriver$EventFiringWebElement.lambda$new$0(EventFiringWebDriver.java:404)
	at jdk.proxy2/jdk.proxy2.$Proxy21.click(Unknown Source)
	at org.openqa.selenium.support.events.EventFiringWebDriver$EventFiringWebElement.click(EventFiringWebDriver.java:417)
	at org.openqa.selenium.WebElement$click.call(Unknown Source)
	at com.kms.katalon.core.webui.keyword.builtin.ClickKeyword.clickUntilSuccessWithTimeout(ClickKeyword.groovy:81)
	at com.kms.katalon.core.webui.keyword.builtin.ClickKeyword.clickUntilSuccessWithTimeout(ClickKeyword.groovy)
	at jdk.internal.reflect.GeneratedMethodAccessor8.invoke(Unknown Source)
	at java.base/jdk.internal.reflect.DelegatingMethodAccessorImpl.invoke(DelegatingMethodAccessorImpl.java:43)
	at com.kms.katalon.core.webui.keyword.builtin.ClickKeyword$_click_closure1.doCall(ClickKeyword.groovy:67)
	at com.kms.katalon.core.webui.keyword.builtin.ClickKeyword$_click_closure1.call(ClickKeyword.groovy)
	at com.kms.katalon.core.webui.keyword.internal.WebUIKeywordMain.runKeyword(WebUIKeywordMain.groovy:35)
	... 38 more
)]]></system-out>
         <system-err><![CDATA[27-11-2024T17:47:43 - [TEST_CASE][FAILED] - Test Cases/2.Positivos/2.2Sobre/Origen-Provincia/Agregar-Envios: Test Cases/2.Positivos/2.2Sobre/Origen-Provincia/Agregar-Envios FAILED.
Reason:
com.kms.katalon.core.exception.StepFailedException: Call Test Case 'Test Cases/1.Inicio/1.1Principal/Selec_sobre' failed
	at com.kms.katalon.core.keyword.builtin.CallTestCaseKeyword$_callTestCase_closure1.doCall(CallTestCaseKeyword.groovy:63)
	at com.kms.katalon.core.keyword.builtin.CallTestCaseKeyword$_callTestCase_closure1.call(CallTestCaseKeyword.groovy)
	at com.kms.katalon.core.keyword.internal.KeywordMain.runKeyword(KeywordMain.groovy:75)
	at com.kms.katalon.core.keyword.builtin.CallTestCaseKeyword.callTestCase(CallTestCaseKeyword.groovy:81)
	at com.kms.katalon.core.keyword.builtin.CallTestCaseKeyword.execute(CallTestCaseKeyword.groovy:44)
	at com.kms.katalon.core.keyword.internal.KeywordExecutor.executeKeywordForPlatform(KeywordExecutor.groovy:74)
	at com.kms.katalon.core.keyword.BuiltinKeywords.callTestCase(BuiltinKeywords.groovy:310)
	at jdk.internal.reflect.GeneratedMethodAccessor25.invoke(Unknown Source)
	at java.base/jdk.internal.reflect.DelegatingMethodAccessorImpl.invoke(DelegatingMethodAccessorImpl.java:43)
	at Agregar-Envios.run(Agregar-Envios:22)
	at com.kms.katalon.core.main.ScriptEngine.run(ScriptEngine.java:194)
	at com.kms.katalon.core.main.ScriptEngine.runScriptAsRawText(ScriptEngine.java:119)
	at com.kms.katalon.core.main.TestCaseExecutor.runScript(TestCaseExecutor.java:448)
	at com.kms.katalon.core.main.TestCaseExecutor.doExecute(TestCaseExecutor.java:439)
	at com.kms.katalon.core.main.TestCaseExecutor.processExecutionPhase(TestCaseExecutor.java:418)
	at com.kms.katalon.core.main.TestCaseExecutor.accessMainPhase(TestCaseExecutor.java:410)
	at com.kms.katalon.core.main.TestCaseExecutor.execute(TestCaseExecutor.java:285)
	at com.kms.katalon.core.common.CommonExecutor.accessTestCaseMainPhase(CommonExecutor.java:65)
	at com.kms.katalon.core.main.TestSuiteExecutor.accessTestSuiteMainPhase(TestSuiteExecutor.java:150)
	at com.kms.katalon.core.main.TestSuiteExecutor.execute(TestSuiteExecutor.java:106)
	at com.kms.katalon.core.main.TestCaseMain.startTestSuite(TestCaseMain.java:180)
	at TempTestSuite1732745349578.run(TempTestSuite1732745349578.groovy:35)
	at java.base/jdk.internal.reflect.NativeMethodAccessorImpl.invoke0(Native Method)
	at java.base/jdk.internal.reflect.NativeMethodAccessorImpl.invoke(NativeMethodAccessorImpl.java:77)
	at java.base/jdk.internal.reflect.DelegatingMethodAccessorImpl.invoke(DelegatingMethodAccessorImpl.java:43)
Caused by: com.kms.katalon.core.exception.StepFailedException: Unable to click on object 'Object Repository/Principal/Page_Olva Courier  Home/button_CONTINUAR (2)'
	at com.kms.katalon.core.webui.keyword.internal.WebUIKeywordMain.stepFailed(WebUIKeywordMain.groovy:117)
	at com.kms.katalon.core.webui.keyword.internal.WebUIKeywordMain.runKeyword(WebUIKeywordMain.groovy:43)
	at com.kms.katalon.core.webui.keyword.builtin.ClickKeyword.click(ClickKeyword.groovy:74)
	at com.kms.katalon.core.webui.keyword.builtin.ClickKeyword.execute(ClickKeyword.groovy:40)
	at com.kms.katalon.core.keyword.internal.KeywordExecutor.executeKeywordForPlatform(KeywordExecutor.groovy:74)
	at com.kms.katalon.core.webui.keyword.WebUiBuiltInKeywords.click(WebUiBuiltInKeywords.groovy:659)
	at Selec_sobre.run(Selec_sobre:24)
	at com.kms.katalon.core.main.ScriptEngine.run(ScriptEngine.java:194)
	at com.kms.katalon.core.main.ScriptEngine.runScriptAsRawText(ScriptEngine.java:119)
	at com.kms.katalon.core.main.TestCaseExecutor.runScript(TestCaseExecutor.java:448)
	at com.kms.katalon.core.main.TestCaseExecutor.doExecute(TestCaseExecutor.java:439)
	at com.kms.katalon.core.main.TestCaseExecutor.processExecutionPhase(TestCaseExecutor.java:418)
	at com.kms.katalon.core.main.TestCaseExecutor.accessMainPhase(TestCaseExecutor.java:410)
	at com.kms.katalon.core.main.TestCaseExecutor.execute(TestCaseExecutor.java:285)
	at com.kms.katalon.core.main.TestCaseMain.runTestCase(TestCaseMain.java:137)
	at com.kms.katalon.core.keyword.builtin.CallTestCaseKeyword$_callTestCase_closure1.doCall(CallTestCaseKeyword.groovy:59)
	... 24 more
Caused by: org.openqa.selenium.ElementClickInterceptedException: Element <button id="btn_aceptar_tipo_envio" class="btn disabled" type="button"> is not clickable at point (675,588) because another element <div class="modal-footer"> obscures it
Build info: version: '3.141.59', revision: 'unknown', time: 'unknown'
System info: host: 'DESKTOP-RGFFP9A', ip: '10.136.10.6', os.name: 'Windows 11', os.arch: 'amd64', os.version: '10.0', java.version: '17.0.7'
Driver info: com.kms.katalon.core.webui.driver.firefox.CGeckoDriver
Capabilities {acceptInsecureCerts: true, browserName: firefox, browserVersion: 133.0, javascriptEnabled: true, moz:accessibilityChecks: false, moz:buildID: 20241121140525, moz:geckodriverVersion: 0.35.0, moz:headless: false, moz:platformVersion: 10.0, moz:processID: 37756, moz:profile: C:\Users\OLVATI\AppData\Loc..., moz:shutdownTimeout: 60000, moz:webdriverClick: true, moz:windowless: false, pageLoadStrategy: normal, platform: WINDOWS, platformName: WINDOWS, proxy: Proxy(direct), setWindowRect: true, strictFileInteractability: false, timeouts: {implicit: 0, pageLoad: 300000, script: 30000}, unhandledPromptBehavior: dismiss and notify, userAgent: Mozilla/5.0 (Windows NT 10....}
Session ID: 784fa8ab-402a-43e6-95a5-b057c6fe4673
	at jdk.internal.reflect.GeneratedConstructorAccessor32.newInstance(Unknown Source)
	at java.base/jdk.internal.reflect.DelegatingConstructorAccessorImpl.newInstance(DelegatingConstructorAccessorImpl.java:45)
	at org.openqa.selenium.remote.http.W3CHttpResponseCodec.createException(W3CHttpResponseCodec.java:187)
	at org.openqa.selenium.remote.http.W3CHttpResponseCodec.decode(W3CHttpResponseCodec.java:122)
	at org.openqa.selenium.remote.http.W3CHttpResponseCodec.decode(W3CHttpResponseCodec.java:49)
	at org.openqa.selenium.remote.HttpCommandExecutor.execute(HttpCommandExecutor.java:158)
	at org.openqa.selenium.remote.service.DriverCommandExecutor.execute(DriverCommandExecutor.java:83)
	at org.openqa.selenium.remote.RemoteWebDriver.execute(RemoteWebDriver.java:552)
	at com.kms.katalon.selenium.driver.CFirefoxDriver.execute(CFirefoxDriver.java:28)
	at org.openqa.selenium.remote.RemoteWebElement.execute(RemoteWebElement.java:285)
	at org.openqa.selenium.remote.RemoteWebElement.click(RemoteWebElement.java:84)
	at jdk.internal.reflect.GeneratedMethodAccessor10.invoke(Unknown Source)
	at java.base/jdk.internal.reflect.DelegatingMethodAccessorImpl.invoke(DelegatingMethodAccessorImpl.java:43)
	at org.openqa.selenium.support.events.EventFiringWebDriver$EventFiringWebElement.lambda$new$0(EventFiringWebDriver.java:404)
	at jdk.proxy2/jdk.proxy2.$Proxy21.click(Unknown Source)
	at org.openqa.selenium.support.events.EventFiringWebDriver$EventFiringWebElement.click(EventFiringWebDriver.java:417)
	at org.openqa.selenium.WebElement$click.call(Unknown Source)
	at com.kms.katalon.core.webui.keyword.builtin.ClickKeyword.clickUntilSuccessWithTimeout(ClickKeyword.groovy:81)
	at com.kms.katalon.core.webui.keyword.builtin.ClickKeyword.clickUntilSuccessWithTimeout(ClickKeyword.groovy)
	at jdk.internal.reflect.GeneratedMethodAccessor8.invoke(Unknown Source)
	at java.base/jdk.internal.reflect.DelegatingMethodAccessorImpl.invoke(DelegatingMethodAccessorImpl.java:43)
	at com.kms.katalon.core.webui.keyword.builtin.ClickKeyword$_click_closure1.doCall(ClickKeyword.groovy:67)
	at com.kms.katalon.core.webui.keyword.builtin.ClickKeyword$_click_closure1.call(ClickKeyword.groovy)
	at com.kms.katalon.core.webui.keyword.internal.WebUIKeywordMain.runKeyword(WebUIKeywordMain.groovy:35)
	... 38 more]]></system-err>
      </testcase>
      <testcase name="Test Cases/2.Positivos/2.2Sobre/Origen-Provincia/3.Destino-D,DO,O/Restricción-O" time="42.984" classname="Test Cases/2.Positivos/2.2Sobre/Origen-Provincia/3.Destino-D,DO,O/Restricción-O" status="FAILED">
         <failure type="FAILED" message="Test Cases/2.Positivos/2.2Sobre/Origen-Provincia/3.Destino-D,DO,O/Restricción-O FAILED.&#xa;Reason:&#xa;com.kms.katalon.core.exception.StepFailedException: Unable to set text 'PRUEBAS SOBRE' of object 'Object Repository/sobre/Page_Olva Courier  Datos Personales/input_Qu Envas_input_descripcion'&#xa;	at com.kms.katalon.core.webui.keyword.internal.WebUIKeywordMain.stepFailed(WebUIKeywordMain.groovy:117)&#xa;	at com.kms.katalon.core.webui.keyword.internal.WebUIKeywordMain.runKeyword(WebUIKeywordMain.groovy:43)&#xa;	at com.kms.katalon.core.webui.keyword.builtin.SetTextKeyword.setText(SetTextKeyword.groovy:85)&#xa;	at com.kms.katalon.core.webui.keyword.builtin.SetTextKeyword.execute(SetTextKeyword.groovy:39)&#xa;	at com.kms.katalon.core.keyword.internal.KeywordExecutor.executeKeywordForPlatform(KeywordExecutor.groovy:74)&#xa;	at com.kms.katalon.core.webui.keyword.WebUiBuiltInKeywords.setText(WebUiBuiltInKeywords.groovy:1019)&#xa;	at Restricción-O.run(Restricción-O:26)&#xa;	at com.kms.katalon.core.main.ScriptEngine.run(ScriptEngine.java:194)&#xa;	at com.kms.katalon.core.main.ScriptEngine.runScriptAsRawText(ScriptEngine.java:119)&#xa;	at com.kms.katalon.core.main.TestCaseExecutor.runScript(TestCaseExecutor.java:448)&#xa;	at com.kms.katalon.core.main.TestCaseExecutor.doExecute(TestCaseExecutor.java:439)&#xa;	at com.kms.katalon.core.main.TestCaseExecutor.processExecutionPhase(TestCaseExecutor.java:418)&#xa;	at com.kms.katalon.core.main.TestCaseExecutor.accessMainPhase(TestCaseExecutor.java:410)&#xa;	at com.kms.katalon.core.main.TestCaseExecutor.execute(TestCaseExecutor.java:285)&#xa;	at com.kms.katalon.core.common.CommonExecutor.accessTestCaseMainPhase(CommonExecutor.java:65)&#xa;	at com.kms.katalon.core.main.TestSuiteExecutor.accessTestSuiteMainPhase(TestSuiteExecutor.java:150)&#xa;	at com.kms.katalon.core.main.TestSuiteExecutor.execute(TestSuiteExecutor.java:106)&#xa;	at com.kms.katalon.core.main.TestCaseMain.startTestSuite(TestCaseMain.java:180)&#xa;	at TempTestSuite1732745349578.run(TempTestSuite1732745349578.groovy:35)&#xa;	at java.base/jdk.internal.reflect.NativeMethodAccessorImpl.invoke0(Native Method)&#xa;	at java.base/jdk.internal.reflect.NativeMethodAccessorImpl.invoke(NativeMethodAccessorImpl.java:77)&#xa;	at java.base/jdk.internal.reflect.DelegatingMethodAccessorImpl.invoke(DelegatingMethodAccessorImpl.java:43)&#xa;Caused by: org.openqa.selenium.ElementNotInteractableException: Element &lt;input id=&quot;input_descripcion&quot; class=&quot;f1-first-name form-control msg_alert_tt inputRE&quot; name=&quot;input_descripcion&quot; type=&quot;text&quot;> could not be scrolled into view&#xa;Build info: version: '3.141.59', revision: 'unknown', time: 'unknown'&#xa;System info: host: 'DESKTOP-RGFFP9A', ip: '10.136.10.6', os.name: 'Windows 11', os.arch: 'amd64', os.version: '10.0', java.version: '17.0.7'&#xa;Driver info: com.kms.katalon.core.webui.driver.firefox.CGeckoDriver&#xa;Capabilities {acceptInsecureCerts: true, browserName: firefox, browserVersion: 133.0, javascriptEnabled: true, moz:accessibilityChecks: false, moz:buildID: 20241121140525, moz:geckodriverVersion: 0.35.0, moz:headless: false, moz:platformVersion: 10.0, moz:processID: 14920, moz:profile: C:\Users\OLVATI\AppData\Loc..., moz:shutdownTimeout: 60000, moz:webdriverClick: true, moz:windowless: false, pageLoadStrategy: normal, platform: WINDOWS, platformName: WINDOWS, proxy: Proxy(direct), setWindowRect: true, strictFileInteractability: false, timeouts: {implicit: 0, pageLoad: 300000, script: 30000}, unhandledPromptBehavior: dismiss and notify, userAgent: Mozilla/5.0 (Windows NT 10....}&#xa;Session ID: 0c33c13c-4355-4411-9d29-4108adde1bbe&#xa;	at java.base/jdk.internal.reflect.NativeConstructorAccessorImpl.newInstance0(Native Method)&#xa;	at java.base/jdk.internal.reflect.NativeConstructorAccessorImpl.newInstance(NativeConstructorAccessorImpl.java:77)&#xa;	at java.base/jdk.internal.reflect.DelegatingConstructorAccessorImpl.newInstance(DelegatingConstructorAccessorImpl.java:45)&#xa;	at org.openqa.selenium.remote.http.W3CHttpResponseCodec.createException(W3CHttpResponseCodec.java:187)&#xa;	at org.openqa.selenium.remote.http.W3CHttpResponseCodec.decode(W3CHttpResponseCodec.java:122)&#xa;	at org.openqa.selenium.remote.http.W3CHttpResponseCodec.decode(W3CHttpResponseCodec.java:49)&#xa;	at org.openqa.selenium.remote.HttpCommandExecutor.execute(HttpCommandExecutor.java:158)&#xa;	at org.openqa.selenium.remote.service.DriverCommandExecutor.execute(DriverCommandExecutor.java:83)&#xa;	at org.openqa.selenium.remote.RemoteWebDriver.execute(RemoteWebDriver.java:552)&#xa;	at com.kms.katalon.selenium.driver.CFirefoxDriver.execute(CFirefoxDriver.java:28)&#xa;	at org.openqa.selenium.remote.RemoteWebElement.execute(RemoteWebElement.java:285)&#xa;	at org.openqa.selenium.remote.RemoteWebElement.clear(RemoteWebElement.java:124)&#xa;	at jdk.internal.reflect.GeneratedMethodAccessor16.invoke(Unknown Source)&#xa;	at java.base/jdk.internal.reflect.DelegatingMethodAccessorImpl.invoke(DelegatingMethodAccessorImpl.java:43)&#xa;	at org.openqa.selenium.support.events.EventFiringWebDriver$EventFiringWebElement.lambda$new$0(EventFiringWebDriver.java:404)&#xa;	at jdk.proxy2/jdk.proxy2.$Proxy21.clear(Unknown Source)&#xa;	at org.openqa.selenium.support.events.EventFiringWebDriver$EventFiringWebElement.clear(EventFiringWebDriver.java:436)&#xa;	at com.kms.katalon.core.webui.keyword.builtin.SetTextKeyword$_setText_closure1.doCall(SetTextKeyword.groovy:55)&#xa;	at com.kms.katalon.core.webui.keyword.builtin.SetTextKeyword$_setText_closure1.call(SetTextKeyword.groovy)&#xa;	at com.kms.katalon.core.webui.keyword.internal.WebUIKeywordMain.runKeyword(WebUIKeywordMain.groovy:35)&#xa;	... 20 more&#xa;"/>
         <system-out><![CDATA[27-11-2024T17:48:30 - [TEST_CASE][FAILED] - Test Cases/2.Positivos/2.2Sobre/Origen-Provincia/3.Destino-D,DO,O/Restricción-O: Test Cases/2.Positivos/2.2Sobre/Origen-Provincia/3.Destino-D,DO,O/Restricción-O FAILED.
Reason:
com.kms.katalon.core.exception.StepFailedException: Unable to set text 'PRUEBAS SOBRE' of object 'Object Repository/sobre/Page_Olva Courier  Datos Personales/input_Qu Envas_input_descripcion'
	at com.kms.katalon.core.webui.keyword.internal.WebUIKeywordMain.stepFailed(WebUIKeywordMain.groovy:117)
	at com.kms.katalon.core.webui.keyword.internal.WebUIKeywordMain.runKeyword(WebUIKeywordMain.groovy:43)
	at com.kms.katalon.core.webui.keyword.builtin.SetTextKeyword.setText(SetTextKeyword.groovy:85)
	at com.kms.katalon.core.webui.keyword.builtin.SetTextKeyword.execute(SetTextKeyword.groovy:39)
	at com.kms.katalon.core.keyword.internal.KeywordExecutor.executeKeywordForPlatform(KeywordExecutor.groovy:74)
	at com.kms.katalon.core.webui.keyword.WebUiBuiltInKeywords.setText(WebUiBuiltInKeywords.groovy:1019)
	at Restricción-O.run(Restricción-O:26)
	at com.kms.katalon.core.main.ScriptEngine.run(ScriptEngine.java:194)
	at com.kms.katalon.core.main.ScriptEngine.runScriptAsRawText(ScriptEngine.java:119)
	at com.kms.katalon.core.main.TestCaseExecutor.runScript(TestCaseExecutor.java:448)
	at com.kms.katalon.core.main.TestCaseExecutor.doExecute(TestCaseExecutor.java:439)
	at com.kms.katalon.core.main.TestCaseExecutor.processExecutionPhase(TestCaseExecutor.java:418)
	at com.kms.katalon.core.main.TestCaseExecutor.accessMainPhase(TestCaseExecutor.java:410)
	at com.kms.katalon.core.main.TestCaseExecutor.execute(TestCaseExecutor.java:285)
	at com.kms.katalon.core.common.CommonExecutor.accessTestCaseMainPhase(CommonExecutor.java:65)
	at com.kms.katalon.core.main.TestSuiteExecutor.accessTestSuiteMainPhase(TestSuiteExecutor.java:150)
	at com.kms.katalon.core.main.TestSuiteExecutor.execute(TestSuiteExecutor.java:106)
	at com.kms.katalon.core.main.TestCaseMain.startTestSuite(TestCaseMain.java:180)
	at TempTestSuite1732745349578.run(TempTestSuite1732745349578.groovy:35)
	at java.base/jdk.internal.reflect.NativeMethodAccessorImpl.invoke0(Native Method)
	at java.base/jdk.internal.reflect.NativeMethodAccessorImpl.invoke(NativeMethodAccessorImpl.java:77)
	at java.base/jdk.internal.reflect.DelegatingMethodAccessorImpl.invoke(DelegatingMethodAccessorImpl.java:43)
Caused by: org.openqa.selenium.ElementNotInteractableException: Element <input id="input_descripcion" class="f1-first-name form-control msg_alert_tt inputRE" name="input_descripcion" type="text"> could not be scrolled into view
Build info: version: '3.141.59', revision: 'unknown', time: 'unknown'
System info: host: 'DESKTOP-RGFFP9A', ip: '10.136.10.6', os.name: 'Windows 11', os.arch: 'amd64', os.version: '10.0', java.version: '17.0.7'
Driver info: com.kms.katalon.core.webui.driver.firefox.CGeckoDriver
Capabilities {acceptInsecureCerts: true, browserName: firefox, browserVersion: 133.0, javascriptEnabled: true, moz:accessibilityChecks: false, moz:buildID: 20241121140525, moz:geckodriverVersion: 0.35.0, moz:headless: false, moz:platformVersion: 10.0, moz:processID: 14920, moz:profile: C:\Users\OLVATI\AppData\Loc..., moz:shutdownTimeout: 60000, moz:webdriverClick: true, moz:windowless: false, pageLoadStrategy: normal, platform: WINDOWS, platformName: WINDOWS, proxy: Proxy(direct), setWindowRect: true, strictFileInteractability: false, timeouts: {implicit: 0, pageLoad: 300000, script: 30000}, unhandledPromptBehavior: dismiss and notify, userAgent: Mozilla/5.0 (Windows NT 10....}
Session ID: 0c33c13c-4355-4411-9d29-4108adde1bbe
	at java.base/jdk.internal.reflect.NativeConstructorAccessorImpl.newInstance0(Native Method)
	at java.base/jdk.internal.reflect.NativeConstructorAccessorImpl.newInstance(NativeConstructorAccessorImpl.java:77)
	at java.base/jdk.internal.reflect.DelegatingConstructorAccessorImpl.newInstance(DelegatingConstructorAccessorImpl.java:45)
	at org.openqa.selenium.remote.http.W3CHttpResponseCodec.createException(W3CHttpResponseCodec.java:187)
	at org.openqa.selenium.remote.http.W3CHttpResponseCodec.decode(W3CHttpResponseCodec.java:122)
	at org.openqa.selenium.remote.http.W3CHttpResponseCodec.decode(W3CHttpResponseCodec.java:49)
	at org.openqa.selenium.remote.HttpCommandExecutor.execute(HttpCommandExecutor.java:158)
	at org.openqa.selenium.remote.service.DriverCommandExecutor.execute(DriverCommandExecutor.java:83)
	at org.openqa.selenium.remote.RemoteWebDriver.execute(RemoteWebDriver.java:552)
	at com.kms.katalon.selenium.driver.CFirefoxDriver.execute(CFirefoxDriver.java:28)
	at org.openqa.selenium.remote.RemoteWebElement.execute(RemoteWebElement.java:285)
	at org.openqa.selenium.remote.RemoteWebElement.clear(RemoteWebElement.java:124)
	at jdk.internal.reflect.GeneratedMethodAccessor16.invoke(Unknown Source)
	at java.base/jdk.internal.reflect.DelegatingMethodAccessorImpl.invoke(DelegatingMethodAccessorImpl.java:43)
	at org.openqa.selenium.support.events.EventFiringWebDriver$EventFiringWebElement.lambda$new$0(EventFiringWebDriver.java:404)
	at jdk.proxy2/jdk.proxy2.$Proxy21.clear(Unknown Source)
	at org.openqa.selenium.support.events.EventFiringWebDriver$EventFiringWebElement.clear(EventFiringWebDriver.java:436)
	at com.kms.katalon.core.webui.keyword.builtin.SetTextKeyword$_setText_closure1.doCall(SetTextKeyword.groovy:55)
	at com.kms.katalon.core.webui.keyword.builtin.SetTextKeyword$_setText_closure1.call(SetTextKeyword.groovy)
	at com.kms.katalon.core.webui.keyword.internal.WebUIKeywordMain.runKeyword(WebUIKeywordMain.groovy:35)
	... 20 more


27-11-2024T17:48:31 - [TEST_STEP][PASSED] - callTestCase(findTestCase("1.Inicio/1.1Principal/Principal-home"), [:], STOP_ON_FAILURE): Call Test Case 'Test Cases/1.Inicio/1.1Principal/Principal-home' successfully

27-11-2024T17:48:31 - [TEST_CASE][PASSED] - Test Cases/1.Inicio/1.1Principal/Principal-home: Test Cases/1.Inicio/1.1Principal/Principal-home

27-11-2024T17:48:31 - [TEST_STEP][PASSED] - openBrowser(""): Browser is opened with url: ''

27-11-2024T17:48:31 - [MESSAGE][WARNING] - A browser is already opened. Closing browser and opening a new one

27-11-2024T17:48:33 - [MESSAGE][INFO] - Starting 'Firefox' driver

27-11-2024T17:48:33 - [MESSAGE][INFO] - Action delay is set to 0 milliseconds

27-11-2024T17:48:46 - [MESSAGE][PASSED] - Browser is opened with url: ''

27-11-2024T17:48:46 - [TEST_STEP][PASSED] - navigateToUrl("https://dev01-registrodeenvios.olvacourier.com/principal"): Navigate to 'https://dev01-registrodeenvios.olvacourier.com/principal' successfully

27-11-2024T17:48:49 - [MESSAGE][PASSED] - Navigate to 'https://dev01-registrodeenvios.olvacourier.com/principal' successfully

27-11-2024T17:48:49 - [TEST_STEP][PASSED] - maximizeWindow(): Current window maximized

27-11-2024T17:48:49 - [MESSAGE][PASSED] - Current window maximized

27-11-2024T17:48:49 - [MESSAGE][PASSED] - Call Test Case 'Test Cases/1.Inicio/1.1Principal/Principal-home' successfully

27-11-2024T17:48:49 - [TEST_STEP][PASSED] - callTestCase(findTestCase("1.Inicio/1.1Principal/Selec_paquete"), [:], STOP_ON_FAILURE): Call Test Case 'Test Cases/1.Inicio/1.1Principal/Selec_paquete' successfully

27-11-2024T17:48:50 - [TEST_CASE][PASSED] - Test Cases/1.Inicio/1.1Principal/Selec_paquete: Test Cases/1.Inicio/1.1Principal/Selec_paquete

27-11-2024T17:48:51 - [TEST_STEP][PASSED] - click(findTestObject("Object Repository/Principal/Page_Olva Courier  Home/img_Qu deseas realizar hoy_img_paquete")): Object: 'Object Repository/Principal/Page_Olva Courier  Home/img_Qu deseas realizar hoy_img_paquete' is clicked on

27-11-2024T17:48:51 - [MESSAGE][PASSED] - Object: 'Object Repository/Principal/Page_Olva Courier  Home/img_Qu deseas realizar hoy_img_paquete' is clicked on

27-11-2024T17:48:51 - [TEST_STEP][PASSED] - click(findTestObject("Object Repository/Principal/Page_Olva Courier  Home/span_He ledo y acepto los_checkmark (1)")): Object: 'Object Repository/Principal/Page_Olva Courier  Home/span_He ledo y acepto los_checkmark (1)' is clicked on

27-11-2024T17:48:52 - [MESSAGE][PASSED] - Object: 'Object Repository/Principal/Page_Olva Courier  Home/span_He ledo y acepto los_checkmark (1)' is clicked on

27-11-2024T17:48:52 - [TEST_STEP][PASSED] - click(findTestObject("Object Repository/Principal/Page_Olva Courier  Home/button_CONTINUAR (1)")): Object: 'Object Repository/Principal/Page_Olva Courier  Home/button_CONTINUAR (1)' is clicked on

27-11-2024T17:48:55 - [MESSAGE][PASSED] - Object: 'Object Repository/Principal/Page_Olva Courier  Home/button_CONTINUAR (1)' is clicked on

27-11-2024T17:48:55 - [TEST_STEP][PASSED] - verifyElementPresent(findTestObject("Object Repository/Principal/Page_Olva Courier  Datos Personales/strong_REGISTRO DE ENVOS"), 0): Object 'Object Repository/Principal/Page_Olva Courier  Datos Personales/strong_REGISTRO DE ENVOS' is present

27-11-2024T17:48:55 - [MESSAGE][WARNING] - Timeout '0' is invalid. Using default page load timeout: '30'

27-11-2024T17:48:56 - [MESSAGE][PASSED] - Object 'Object Repository/Principal/Page_Olva Courier  Datos Personales/strong_REGISTRO DE ENVOS' is present

27-11-2024T17:48:56 - [TEST_STEP][PASSED] - verifyElementPresent(findTestObject("Object Repository/Principal/Page_Olva Courier  Datos Personales/span_Regresar (1)"), 0): Object 'Object Repository/Principal/Page_Olva Courier  Datos Personales/span_Regresar (1)' is present

27-11-2024T17:48:56 - [MESSAGE][WARNING] - Timeout '0' is invalid. Using default page load timeout: '30'

27-11-2024T17:48:57 - [MESSAGE][PASSED] - Object 'Object Repository/Principal/Page_Olva Courier  Datos Personales/span_Regresar (1)' is present

27-11-2024T17:48:57 - [TEST_STEP][PASSED] - verifyElementPresent(findTestObject("Object Repository/Principal/Page_Olva Courier  Datos Personales/span_Inicio (1)"), 0): Object 'Object Repository/Principal/Page_Olva Courier  Datos Personales/span_Inicio (1)' is present

27-11-2024T17:48:57 - [MESSAGE][WARNING] - Timeout '0' is invalid. Using default page load timeout: '30'

27-11-2024T17:48:57 - [MESSAGE][PASSED] - Object 'Object Repository/Principal/Page_Olva Courier  Datos Personales/span_Inicio (1)' is present

27-11-2024T17:48:57 - [MESSAGE][PASSED] - Call Test Case 'Test Cases/1.Inicio/1.1Principal/Selec_paquete' successfully

27-11-2024T17:48:57 - [TEST_STEP][PASSED] - callTestCase(findTestCase("1.Inicio/1.2Tipo_Doc/1.DNI"), [:], STOP_ON_FAILURE): Call Test Case 'Test Cases/1.Inicio/1.2Tipo_Doc/1.DNI' successfully

27-11-2024T17:48:57 - [TEST_CASE][PASSED] - Test Cases/1.Inicio/1.2Tipo_Doc/1.DNI: Test Cases/1.Inicio/1.2Tipo_Doc/1.DNI

27-11-2024T17:48:57 - [TEST_STEP][PASSED] - click(findTestObject("Object Repository/Login/Page_Olva Courier  Datos Personales/button_Tipo De Documento")): Object: 'Object Repository/Login/Page_Olva Courier  Datos Personales/button_Tipo De Documento' is clicked on

27-11-2024T17:48:58 - [MESSAGE][PASSED] - Object: 'Object Repository/Login/Page_Olva Courier  Datos Personales/button_Tipo De Documento' is clicked on

27-11-2024T17:48:58 - [TEST_STEP][PASSED] - click(findTestObject("Object Repository/Login/Page_Olva Courier  Datos Personales/a_DNI (Boleta)")): Object: 'Object Repository/Login/Page_Olva Courier  Datos Personales/a_DNI (Boleta)' is clicked on

27-11-2024T17:48:59 - [MESSAGE][PASSED] - Object: 'Object Repository/Login/Page_Olva Courier  Datos Personales/a_DNI (Boleta)' is clicked on

27-11-2024T17:48:59 - [TEST_STEP][PASSED] - setText(findTestObject("Object Repository/Login/Page_Olva Courier  Datos Personales/input_CARN EXT. (Boleta)_txt_documento_cliente"), "47190321"): Text '47190321' is set on object 'Object Repository/Login/Page_Olva Courier  Datos Personales/input_CARN EXT. (Boleta)_txt_documento_cliente'

27-11-2024T17:48:59 - [MESSAGE][PASSED] - Text '47190321' is set on object 'Object Repository/Login/Page_Olva Courier  Datos Personales/input_CARN EXT. (Boleta)_txt_documento_cliente'

27-11-2024T17:48:59 - [TEST_STEP][PASSED] - setText(findTestObject("Object Repository/Login/Page_Olva Courier  Datos Personales/input_CARN EXT. (Boleta)_txt_telefono_cliente"), "957378086"): Text '957378086' is set on object 'Object Repository/Login/Page_Olva Courier  Datos Personales/input_CARN EXT. (Boleta)_txt_telefono_cliente'

27-11-2024T17:49:12 - [MESSAGE][PASSED] - Text '957378086' is set on object 'Object Repository/Login/Page_Olva Courier  Datos Personales/input_CARN EXT. (Boleta)_txt_telefono_cliente'

27-11-2024T17:49:12 - [TEST_STEP][PASSED] - setText(findTestObject("Object Repository/Login/Page_Olva Courier  Datos Personales/input_Hola,_txt_email_cliente"), "riosalejosjs@gmail.com"): Text 'riosalejosjs@gmail.com' is set on object 'Object Repository/Login/Page_Olva Courier  Datos Personales/input_Hola,_txt_email_cliente'

27-11-2024T17:49:13 - [MESSAGE][PASSED] - Text 'riosalejosjs@gmail.com' is set on object 'Object Repository/Login/Page_Olva Courier  Datos Personales/input_Hola,_txt_email_cliente'

27-11-2024T17:49:13 - [MESSAGE][PASSED] - Call Test Case 'Test Cases/1.Inicio/1.2Tipo_Doc/1.DNI' successfully

27-11-2024T17:49:13 - [TEST_STEP][FAILED] - setText(findTestObject("Object Repository/sobre/Page_Olva Courier  Datos Personales/input_Qu Envas_input_descripcion"), "PRUEBAS SOBRE"): Unable to set text 'PRUEBAS SOBRE' of object 'Object Repository/sobre/Page_Olva Courier  Datos Personales/input_Qu Envas_input_descripcion' (Root cause: com.kms.katalon.core.exception.StepFailedException: Unable to set text 'PRUEBAS SOBRE' of object 'Object Repository/sobre/Page_Olva Courier  Datos Personales/input_Qu Envas_input_descripcion'
	at com.kms.katalon.core.webui.keyword.internal.WebUIKeywordMain.stepFailed(WebUIKeywordMain.groovy:117)
	at com.kms.katalon.core.webui.keyword.internal.WebUIKeywordMain.runKeyword(WebUIKeywordMain.groovy:43)
	at com.kms.katalon.core.webui.keyword.builtin.SetTextKeyword.setText(SetTextKeyword.groovy:85)
	at com.kms.katalon.core.webui.keyword.builtin.SetTextKeyword.execute(SetTextKeyword.groovy:39)
	at com.kms.katalon.core.keyword.internal.KeywordExecutor.executeKeywordForPlatform(KeywordExecutor.groovy:74)
	at com.kms.katalon.core.webui.keyword.WebUiBuiltInKeywords.setText(WebUiBuiltInKeywords.groovy:1019)
	at Restricción-O.run(Restricción-O:26)
	at com.kms.katalon.core.main.ScriptEngine.run(ScriptEngine.java:194)
	at com.kms.katalon.core.main.ScriptEngine.runScriptAsRawText(ScriptEngine.java:119)
	at com.kms.katalon.core.main.TestCaseExecutor.runScript(TestCaseExecutor.java:448)
	at com.kms.katalon.core.main.TestCaseExecutor.doExecute(TestCaseExecutor.java:439)
	at com.kms.katalon.core.main.TestCaseExecutor.processExecutionPhase(TestCaseExecutor.java:418)
	at com.kms.katalon.core.main.TestCaseExecutor.accessMainPhase(TestCaseExecutor.java:410)
	at com.kms.katalon.core.main.TestCaseExecutor.execute(TestCaseExecutor.java:285)
	at com.kms.katalon.core.common.CommonExecutor.accessTestCaseMainPhase(CommonExecutor.java:65)
	at com.kms.katalon.core.main.TestSuiteExecutor.accessTestSuiteMainPhase(TestSuiteExecutor.java:150)
	at com.kms.katalon.core.main.TestSuiteExecutor.execute(TestSuiteExecutor.java:106)
	at com.kms.katalon.core.main.TestCaseMain.startTestSuite(TestCaseMain.java:180)
	at TempTestSuite1732745349578.run(TempTestSuite1732745349578.groovy:35)
	at java.base/jdk.internal.reflect.NativeMethodAccessorImpl.invoke0(Native Method)
	at java.base/jdk.internal.reflect.NativeMethodAccessorImpl.invoke(NativeMethodAccessorImpl.java:77)
	at java.base/jdk.internal.reflect.DelegatingMethodAccessorImpl.invoke(DelegatingMethodAccessorImpl.java:43)
Caused by: org.openqa.selenium.ElementNotInteractableException: Element <input id="input_descripcion" class="f1-first-name form-control msg_alert_tt inputRE" name="input_descripcion" type="text"> could not be scrolled into view
Build info: version: '3.141.59', revision: 'unknown', time: 'unknown'
System info: host: 'DESKTOP-RGFFP9A', ip: '10.136.10.6', os.name: 'Windows 11', os.arch: 'amd64', os.version: '10.0', java.version: '17.0.7'
Driver info: com.kms.katalon.core.webui.driver.firefox.CGeckoDriver
Capabilities {acceptInsecureCerts: true, browserName: firefox, browserVersion: 133.0, javascriptEnabled: true, moz:accessibilityChecks: false, moz:buildID: 20241121140525, moz:geckodriverVersion: 0.35.0, moz:headless: false, moz:platformVersion: 10.0, moz:processID: 14920, moz:profile: C:\Users\OLVATI\AppData\Loc..., moz:shutdownTimeout: 60000, moz:webdriverClick: true, moz:windowless: false, pageLoadStrategy: normal, platform: WINDOWS, platformName: WINDOWS, proxy: Proxy(direct), setWindowRect: true, strictFileInteractability: false, timeouts: {implicit: 0, pageLoad: 300000, script: 30000}, unhandledPromptBehavior: dismiss and notify, userAgent: Mozilla/5.0 (Windows NT 10....}
Session ID: 0c33c13c-4355-4411-9d29-4108adde1bbe
	at java.base/jdk.internal.reflect.NativeConstructorAccessorImpl.newInstance0(Native Method)
	at java.base/jdk.internal.reflect.NativeConstructorAccessorImpl.newInstance(NativeConstructorAccessorImpl.java:77)
	at java.base/jdk.internal.reflect.DelegatingConstructorAccessorImpl.newInstance(DelegatingConstructorAccessorImpl.java:45)
	at org.openqa.selenium.remote.http.W3CHttpResponseCodec.createException(W3CHttpResponseCodec.java:187)
	at org.openqa.selenium.remote.http.W3CHttpResponseCodec.decode(W3CHttpResponseCodec.java:122)
	at org.openqa.selenium.remote.http.W3CHttpResponseCodec.decode(W3CHttpResponseCodec.java:49)
	at org.openqa.selenium.remote.HttpCommandExecutor.execute(HttpCommandExecutor.java:158)
	at org.openqa.selenium.remote.service.DriverCommandExecutor.execute(DriverCommandExecutor.java:83)
	at org.openqa.selenium.remote.RemoteWebDriver.execute(RemoteWebDriver.java:552)
	at com.kms.katalon.selenium.driver.CFirefoxDriver.execute(CFirefoxDriver.java:28)
	at org.openqa.selenium.remote.RemoteWebElement.execute(RemoteWebElement.java:285)
	at org.openqa.selenium.remote.RemoteWebElement.clear(RemoteWebElement.java:124)
	at jdk.internal.reflect.GeneratedMethodAccessor16.invoke(Unknown Source)
	at java.base/jdk.internal.reflect.DelegatingMethodAccessorImpl.invoke(DelegatingMethodAccessorImpl.java:43)
	at org.openqa.selenium.support.events.EventFiringWebDriver$EventFiringWebElement.lambda$new$0(EventFiringWebDriver.java:404)
	at jdk.proxy2/jdk.proxy2.$Proxy21.clear(Unknown Source)
	at org.openqa.selenium.support.events.EventFiringWebDriver$EventFiringWebElement.clear(EventFiringWebDriver.java:436)
	at com.kms.katalon.core.webui.keyword.builtin.SetTextKeyword$_setText_closure1.doCall(SetTextKeyword.groovy:55)
	at com.kms.katalon.core.webui.keyword.builtin.SetTextKeyword$_setText_closure1.call(SetTextKeyword.groovy)
	at com.kms.katalon.core.webui.keyword.internal.WebUIKeywordMain.runKeyword(WebUIKeywordMain.groovy:35)
	at com.kms.katalon.core.webui.keyword.builtin.SetTextKeyword.setText(SetTextKeyword.groovy:85)
	at com.kms.katalon.core.webui.keyword.builtin.SetTextKeyword.execute(SetTextKeyword.groovy:39)
	at com.kms.katalon.core.keyword.internal.KeywordExecutor.executeKeywordForPlatform(KeywordExecutor.groovy:74)
	at com.kms.katalon.core.webui.keyword.WebUiBuiltInKeywords.setText(WebUiBuiltInKeywords.groovy:1019)
	at Script1732341473645.run(Script1732341473645.groovy:26)
	... 15 more
)

27-11-2024T17:49:13 - [MESSAGE][FAILED] - Unable to set text 'PRUEBAS SOBRE' of object 'Object Repository/sobre/Page_Olva Courier  Datos Personales/input_Qu Envas_input_descripcion' (Root cause: com.kms.katalon.core.exception.StepFailedException: Unable to set text 'PRUEBAS SOBRE' of object 'Object Repository/sobre/Page_Olva Courier  Datos Personales/input_Qu Envas_input_descripcion'
	at com.kms.katalon.core.webui.keyword.internal.WebUIKeywordMain.stepFailed(WebUIKeywordMain.groovy:117)
	at com.kms.katalon.core.webui.keyword.internal.WebUIKeywordMain.runKeyword(WebUIKeywordMain.groovy:43)
	at com.kms.katalon.core.webui.keyword.builtin.SetTextKeyword.setText(SetTextKeyword.groovy:85)
	at com.kms.katalon.core.webui.keyword.builtin.SetTextKeyword.execute(SetTextKeyword.groovy:39)
	at com.kms.katalon.core.keyword.internal.KeywordExecutor.executeKeywordForPlatform(KeywordExecutor.groovy:74)
	at com.kms.katalon.core.webui.keyword.WebUiBuiltInKeywords.setText(WebUiBuiltInKeywords.groovy:1019)
	at Restricción-O.run(Restricción-O:26)
	at com.kms.katalon.core.main.ScriptEngine.run(ScriptEngine.java:194)
	at com.kms.katalon.core.main.ScriptEngine.runScriptAsRawText(ScriptEngine.java:119)
	at com.kms.katalon.core.main.TestCaseExecutor.runScript(TestCaseExecutor.java:448)
	at com.kms.katalon.core.main.TestCaseExecutor.doExecute(TestCaseExecutor.java:439)
	at com.kms.katalon.core.main.TestCaseExecutor.processExecutionPhase(TestCaseExecutor.java:418)
	at com.kms.katalon.core.main.TestCaseExecutor.accessMainPhase(TestCaseExecutor.java:410)
	at com.kms.katalon.core.main.TestCaseExecutor.execute(TestCaseExecutor.java:285)
	at com.kms.katalon.core.common.CommonExecutor.accessTestCaseMainPhase(CommonExecutor.java:65)
	at com.kms.katalon.core.main.TestSuiteExecutor.accessTestSuiteMainPhase(TestSuiteExecutor.java:150)
	at com.kms.katalon.core.main.TestSuiteExecutor.execute(TestSuiteExecutor.java:106)
	at com.kms.katalon.core.main.TestCaseMain.startTestSuite(TestCaseMain.java:180)
	at TempTestSuite1732745349578.run(TempTestSuite1732745349578.groovy:35)
	at java.base/jdk.internal.reflect.NativeMethodAccessorImpl.invoke0(Native Method)
	at java.base/jdk.internal.reflect.NativeMethodAccessorImpl.invoke(NativeMethodAccessorImpl.java:77)
	at java.base/jdk.internal.reflect.DelegatingMethodAccessorImpl.invoke(DelegatingMethodAccessorImpl.java:43)
Caused by: org.openqa.selenium.ElementNotInteractableException: Element <input id="input_descripcion" class="f1-first-name form-control msg_alert_tt inputRE" name="input_descripcion" type="text"> could not be scrolled into view
Build info: version: '3.141.59', revision: 'unknown', time: 'unknown'
System info: host: 'DESKTOP-RGFFP9A', ip: '10.136.10.6', os.name: 'Windows 11', os.arch: 'amd64', os.version: '10.0', java.version: '17.0.7'
Driver info: com.kms.katalon.core.webui.driver.firefox.CGeckoDriver
Capabilities {acceptInsecureCerts: true, browserName: firefox, browserVersion: 133.0, javascriptEnabled: true, moz:accessibilityChecks: false, moz:buildID: 20241121140525, moz:geckodriverVersion: 0.35.0, moz:headless: false, moz:platformVersion: 10.0, moz:processID: 14920, moz:profile: C:\Users\OLVATI\AppData\Loc..., moz:shutdownTimeout: 60000, moz:webdriverClick: true, moz:windowless: false, pageLoadStrategy: normal, platform: WINDOWS, platformName: WINDOWS, proxy: Proxy(direct), setWindowRect: true, strictFileInteractability: false, timeouts: {implicit: 0, pageLoad: 300000, script: 30000}, unhandledPromptBehavior: dismiss and notify, userAgent: Mozilla/5.0 (Windows NT 10....}
Session ID: 0c33c13c-4355-4411-9d29-4108adde1bbe
	at java.base/jdk.internal.reflect.NativeConstructorAccessorImpl.newInstance0(Native Method)
	at java.base/jdk.internal.reflect.NativeConstructorAccessorImpl.newInstance(NativeConstructorAccessorImpl.java:77)
	at java.base/jdk.internal.reflect.DelegatingConstructorAccessorImpl.newInstance(DelegatingConstructorAccessorImpl.java:45)
	at org.openqa.selenium.remote.http.W3CHttpResponseCodec.createException(W3CHttpResponseCodec.java:187)
	at org.openqa.selenium.remote.http.W3CHttpResponseCodec.decode(W3CHttpResponseCodec.java:122)
	at org.openqa.selenium.remote.http.W3CHttpResponseCodec.decode(W3CHttpResponseCodec.java:49)
	at org.openqa.selenium.remote.HttpCommandExecutor.execute(HttpCommandExecutor.java:158)
	at org.openqa.selenium.remote.service.DriverCommandExecutor.execute(DriverCommandExecutor.java:83)
	at org.openqa.selenium.remote.RemoteWebDriver.execute(RemoteWebDriver.java:552)
	at com.kms.katalon.selenium.driver.CFirefoxDriver.execute(CFirefoxDriver.java:28)
	at org.openqa.selenium.remote.RemoteWebElement.execute(RemoteWebElement.java:285)
	at org.openqa.selenium.remote.RemoteWebElement.clear(RemoteWebElement.java:124)
	at jdk.internal.reflect.GeneratedMethodAccessor16.invoke(Unknown Source)
	at java.base/jdk.internal.reflect.DelegatingMethodAccessorImpl.invoke(DelegatingMethodAccessorImpl.java:43)
	at org.openqa.selenium.support.events.EventFiringWebDriver$EventFiringWebElement.lambda$new$0(EventFiringWebDriver.java:404)
	at jdk.proxy2/jdk.proxy2.$Proxy21.clear(Unknown Source)
	at org.openqa.selenium.support.events.EventFiringWebDriver$EventFiringWebElement.clear(EventFiringWebDriver.java:436)
	at com.kms.katalon.core.webui.keyword.builtin.SetTextKeyword$_setText_closure1.doCall(SetTextKeyword.groovy:55)
	at com.kms.katalon.core.webui.keyword.builtin.SetTextKeyword$_setText_closure1.call(SetTextKeyword.groovy)
	at com.kms.katalon.core.webui.keyword.internal.WebUIKeywordMain.runKeyword(WebUIKeywordMain.groovy:35)
	at com.kms.katalon.core.webui.keyword.builtin.SetTextKeyword.setText(SetTextKeyword.groovy:85)
	at com.kms.katalon.core.webui.keyword.builtin.SetTextKeyword.execute(SetTextKeyword.groovy:39)
	at com.kms.katalon.core.keyword.internal.KeywordExecutor.executeKeywordForPlatform(KeywordExecutor.groovy:74)
	at com.kms.katalon.core.webui.keyword.WebUiBuiltInKeywords.setText(WebUiBuiltInKeywords.groovy:1019)
	at Script1732341473645.run(Script1732341473645.groovy:26)
	... 15 more
)]]></system-out>
         <system-err><![CDATA[27-11-2024T17:48:30 - [TEST_CASE][FAILED] - Test Cases/2.Positivos/2.2Sobre/Origen-Provincia/3.Destino-D,DO,O/Restricción-O: Test Cases/2.Positivos/2.2Sobre/Origen-Provincia/3.Destino-D,DO,O/Restricción-O FAILED.
Reason:
com.kms.katalon.core.exception.StepFailedException: Unable to set text 'PRUEBAS SOBRE' of object 'Object Repository/sobre/Page_Olva Courier  Datos Personales/input_Qu Envas_input_descripcion'
	at com.kms.katalon.core.webui.keyword.internal.WebUIKeywordMain.stepFailed(WebUIKeywordMain.groovy:117)
	at com.kms.katalon.core.webui.keyword.internal.WebUIKeywordMain.runKeyword(WebUIKeywordMain.groovy:43)
	at com.kms.katalon.core.webui.keyword.builtin.SetTextKeyword.setText(SetTextKeyword.groovy:85)
	at com.kms.katalon.core.webui.keyword.builtin.SetTextKeyword.execute(SetTextKeyword.groovy:39)
	at com.kms.katalon.core.keyword.internal.KeywordExecutor.executeKeywordForPlatform(KeywordExecutor.groovy:74)
	at com.kms.katalon.core.webui.keyword.WebUiBuiltInKeywords.setText(WebUiBuiltInKeywords.groovy:1019)
	at Restricción-O.run(Restricción-O:26)
	at com.kms.katalon.core.main.ScriptEngine.run(ScriptEngine.java:194)
	at com.kms.katalon.core.main.ScriptEngine.runScriptAsRawText(ScriptEngine.java:119)
	at com.kms.katalon.core.main.TestCaseExecutor.runScript(TestCaseExecutor.java:448)
	at com.kms.katalon.core.main.TestCaseExecutor.doExecute(TestCaseExecutor.java:439)
	at com.kms.katalon.core.main.TestCaseExecutor.processExecutionPhase(TestCaseExecutor.java:418)
	at com.kms.katalon.core.main.TestCaseExecutor.accessMainPhase(TestCaseExecutor.java:410)
	at com.kms.katalon.core.main.TestCaseExecutor.execute(TestCaseExecutor.java:285)
	at com.kms.katalon.core.common.CommonExecutor.accessTestCaseMainPhase(CommonExecutor.java:65)
	at com.kms.katalon.core.main.TestSuiteExecutor.accessTestSuiteMainPhase(TestSuiteExecutor.java:150)
	at com.kms.katalon.core.main.TestSuiteExecutor.execute(TestSuiteExecutor.java:106)
	at com.kms.katalon.core.main.TestCaseMain.startTestSuite(TestCaseMain.java:180)
	at TempTestSuite1732745349578.run(TempTestSuite1732745349578.groovy:35)
	at java.base/jdk.internal.reflect.NativeMethodAccessorImpl.invoke0(Native Method)
	at java.base/jdk.internal.reflect.NativeMethodAccessorImpl.invoke(NativeMethodAccessorImpl.java:77)
	at java.base/jdk.internal.reflect.DelegatingMethodAccessorImpl.invoke(DelegatingMethodAccessorImpl.java:43)
Caused by: org.openqa.selenium.ElementNotInteractableException: Element <input id="input_descripcion" class="f1-first-name form-control msg_alert_tt inputRE" name="input_descripcion" type="text"> could not be scrolled into view
Build info: version: '3.141.59', revision: 'unknown', time: 'unknown'
System info: host: 'DESKTOP-RGFFP9A', ip: '10.136.10.6', os.name: 'Windows 11', os.arch: 'amd64', os.version: '10.0', java.version: '17.0.7'
Driver info: com.kms.katalon.core.webui.driver.firefox.CGeckoDriver
Capabilities {acceptInsecureCerts: true, browserName: firefox, browserVersion: 133.0, javascriptEnabled: true, moz:accessibilityChecks: false, moz:buildID: 20241121140525, moz:geckodriverVersion: 0.35.0, moz:headless: false, moz:platformVersion: 10.0, moz:processID: 14920, moz:profile: C:\Users\OLVATI\AppData\Loc..., moz:shutdownTimeout: 60000, moz:webdriverClick: true, moz:windowless: false, pageLoadStrategy: normal, platform: WINDOWS, platformName: WINDOWS, proxy: Proxy(direct), setWindowRect: true, strictFileInteractability: false, timeouts: {implicit: 0, pageLoad: 300000, script: 30000}, unhandledPromptBehavior: dismiss and notify, userAgent: Mozilla/5.0 (Windows NT 10....}
Session ID: 0c33c13c-4355-4411-9d29-4108adde1bbe
	at java.base/jdk.internal.reflect.NativeConstructorAccessorImpl.newInstance0(Native Method)
	at java.base/jdk.internal.reflect.NativeConstructorAccessorImpl.newInstance(NativeConstructorAccessorImpl.java:77)
	at java.base/jdk.internal.reflect.DelegatingConstructorAccessorImpl.newInstance(DelegatingConstructorAccessorImpl.java:45)
	at org.openqa.selenium.remote.http.W3CHttpResponseCodec.createException(W3CHttpResponseCodec.java:187)
	at org.openqa.selenium.remote.http.W3CHttpResponseCodec.decode(W3CHttpResponseCodec.java:122)
	at org.openqa.selenium.remote.http.W3CHttpResponseCodec.decode(W3CHttpResponseCodec.java:49)
	at org.openqa.selenium.remote.HttpCommandExecutor.execute(HttpCommandExecutor.java:158)
	at org.openqa.selenium.remote.service.DriverCommandExecutor.execute(DriverCommandExecutor.java:83)
	at org.openqa.selenium.remote.RemoteWebDriver.execute(RemoteWebDriver.java:552)
	at com.kms.katalon.selenium.driver.CFirefoxDriver.execute(CFirefoxDriver.java:28)
	at org.openqa.selenium.remote.RemoteWebElement.execute(RemoteWebElement.java:285)
	at org.openqa.selenium.remote.RemoteWebElement.clear(RemoteWebElement.java:124)
	at jdk.internal.reflect.GeneratedMethodAccessor16.invoke(Unknown Source)
	at java.base/jdk.internal.reflect.DelegatingMethodAccessorImpl.invoke(DelegatingMethodAccessorImpl.java:43)
	at org.openqa.selenium.support.events.EventFiringWebDriver$EventFiringWebElement.lambda$new$0(EventFiringWebDriver.java:404)
	at jdk.proxy2/jdk.proxy2.$Proxy21.clear(Unknown Source)
	at org.openqa.selenium.support.events.EventFiringWebDriver$EventFiringWebElement.clear(EventFiringWebDriver.java:436)
	at com.kms.katalon.core.webui.keyword.builtin.SetTextKeyword$_setText_closure1.doCall(SetTextKeyword.groovy:55)
	at com.kms.katalon.core.webui.keyword.builtin.SetTextKeyword$_setText_closure1.call(SetTextKeyword.groovy)
	at com.kms.katalon.core.webui.keyword.internal.WebUIKeywordMain.runKeyword(WebUIKeywordMain.groovy:35)
	... 20 more]]></system-err>
      </testcase>
      <testcase name="Test Cases/2.Positivos/2.2Sobre/Origen-Provincia/3.Destino-D,DO,O/Destino-O" time="41.079" classname="Test Cases/2.Positivos/2.2Sobre/Origen-Provincia/3.Destino-D,DO,O/Destino-O" status="FAILED">
         <failure type="FAILED" message="Test Cases/2.Positivos/2.2Sobre/Origen-Provincia/3.Destino-D,DO,O/Destino-O FAILED.&#xa;Reason:&#xa;com.kms.katalon.core.exception.StepFailedException: Unable to set text 'PRUEBAS SOBRE' of object 'Object Repository/sobre/Page_Olva Courier  Datos Personales/input_Qu Envas_input_descripcion'&#xa;	at com.kms.katalon.core.webui.keyword.internal.WebUIKeywordMain.stepFailed(WebUIKeywordMain.groovy:117)&#xa;	at com.kms.katalon.core.webui.keyword.internal.WebUIKeywordMain.runKeyword(WebUIKeywordMain.groovy:43)&#xa;	at com.kms.katalon.core.webui.keyword.builtin.SetTextKeyword.setText(SetTextKeyword.groovy:85)&#xa;	at com.kms.katalon.core.webui.keyword.builtin.SetTextKeyword.execute(SetTextKeyword.groovy:39)&#xa;	at com.kms.katalon.core.keyword.internal.KeywordExecutor.executeKeywordForPlatform(KeywordExecutor.groovy:74)&#xa;	at com.kms.katalon.core.webui.keyword.WebUiBuiltInKeywords.setText(WebUiBuiltInKeywords.groovy:1019)&#xa;	at Destino-O.run(Destino-O:26)&#xa;	at com.kms.katalon.core.main.ScriptEngine.run(ScriptEngine.java:194)&#xa;	at com.kms.katalon.core.main.ScriptEngine.runScriptAsRawText(ScriptEngine.java:119)&#xa;	at com.kms.katalon.core.main.TestCaseExecutor.runScript(TestCaseExecutor.java:448)&#xa;	at com.kms.katalon.core.main.TestCaseExecutor.doExecute(TestCaseExecutor.java:439)&#xa;	at com.kms.katalon.core.main.TestCaseExecutor.processExecutionPhase(TestCaseExecutor.java:418)&#xa;	at com.kms.katalon.core.main.TestCaseExecutor.accessMainPhase(TestCaseExecutor.java:410)&#xa;	at com.kms.katalon.core.main.TestCaseExecutor.execute(TestCaseExecutor.java:285)&#xa;	at com.kms.katalon.core.common.CommonExecutor.accessTestCaseMainPhase(CommonExecutor.java:65)&#xa;	at com.kms.katalon.core.main.TestSuiteExecutor.accessTestSuiteMainPhase(TestSuiteExecutor.java:150)&#xa;	at com.kms.katalon.core.main.TestSuiteExecutor.execute(TestSuiteExecutor.java:106)&#xa;	at com.kms.katalon.core.main.TestCaseMain.startTestSuite(TestCaseMain.java:180)&#xa;	at TempTestSuite1732745349578.run(TempTestSuite1732745349578.groovy:35)&#xa;	at java.base/jdk.internal.reflect.NativeMethodAccessorImpl.invoke0(Native Method)&#xa;	at java.base/jdk.internal.reflect.NativeMethodAccessorImpl.invoke(NativeMethodAccessorImpl.java:77)&#xa;	at java.base/jdk.internal.reflect.DelegatingMethodAccessorImpl.invoke(DelegatingMethodAccessorImpl.java:43)&#xa;Caused by: org.openqa.selenium.ElementNotInteractableException: Element &lt;input id=&quot;input_descripcion&quot; class=&quot;f1-first-name form-control msg_alert_tt inputRE&quot; name=&quot;input_descripcion&quot; type=&quot;text&quot;> could not be scrolled into view&#xa;Build info: version: '3.141.59', revision: 'unknown', time: 'unknown'&#xa;System info: host: 'DESKTOP-RGFFP9A', ip: '10.136.10.6', os.name: 'Windows 11', os.arch: 'amd64', os.version: '10.0', java.version: '17.0.7'&#xa;Driver info: com.kms.katalon.core.webui.driver.firefox.CGeckoDriver&#xa;Capabilities {acceptInsecureCerts: true, browserName: firefox, browserVersion: 133.0, javascriptEnabled: true, moz:accessibilityChecks: false, moz:buildID: 20241121140525, moz:geckodriverVersion: 0.35.0, moz:headless: false, moz:platformVersion: 10.0, moz:processID: 12628, moz:profile: C:\Users\OLVATI\AppData\Loc..., moz:shutdownTimeout: 60000, moz:webdriverClick: true, moz:windowless: false, pageLoadStrategy: normal, platform: WINDOWS, platformName: WINDOWS, proxy: Proxy(direct), setWindowRect: true, strictFileInteractability: false, timeouts: {implicit: 0, pageLoad: 300000, script: 30000}, unhandledPromptBehavior: dismiss and notify, userAgent: Mozilla/5.0 (Windows NT 10....}&#xa;Session ID: be1cd27e-8564-48fe-af09-7f9c4a328578&#xa;	at java.base/jdk.internal.reflect.NativeConstructorAccessorImpl.newInstance0(Native Method)&#xa;	at java.base/jdk.internal.reflect.NativeConstructorAccessorImpl.newInstance(NativeConstructorAccessorImpl.java:77)&#xa;	at java.base/jdk.internal.reflect.DelegatingConstructorAccessorImpl.newInstance(DelegatingConstructorAccessorImpl.java:45)&#xa;	at org.openqa.selenium.remote.http.W3CHttpResponseCodec.createException(W3CHttpResponseCodec.java:187)&#xa;	at org.openqa.selenium.remote.http.W3CHttpResponseCodec.decode(W3CHttpResponseCodec.java:122)&#xa;	at org.openqa.selenium.remote.http.W3CHttpResponseCodec.decode(W3CHttpResponseCodec.java:49)&#xa;	at org.openqa.selenium.remote.HttpCommandExecutor.execute(HttpCommandExecutor.java:158)&#xa;	at org.openqa.selenium.remote.service.DriverCommandExecutor.execute(DriverCommandExecutor.java:83)&#xa;	at org.openqa.selenium.remote.RemoteWebDriver.execute(RemoteWebDriver.java:552)&#xa;	at com.kms.katalon.selenium.driver.CFirefoxDriver.execute(CFirefoxDriver.java:28)&#xa;	at org.openqa.selenium.remote.RemoteWebElement.execute(RemoteWebElement.java:285)&#xa;	at org.openqa.selenium.remote.RemoteWebElement.clear(RemoteWebElement.java:124)&#xa;	at jdk.internal.reflect.GeneratedMethodAccessor16.invoke(Unknown Source)&#xa;	at java.base/jdk.internal.reflect.DelegatingMethodAccessorImpl.invoke(DelegatingMethodAccessorImpl.java:43)&#xa;	at org.openqa.selenium.support.events.EventFiringWebDriver$EventFiringWebElement.lambda$new$0(EventFiringWebDriver.java:404)&#xa;	at jdk.proxy2/jdk.proxy2.$Proxy21.clear(Unknown Source)&#xa;	at org.openqa.selenium.support.events.EventFiringWebDriver$EventFiringWebElement.clear(EventFiringWebDriver.java:436)&#xa;	at com.kms.katalon.core.webui.keyword.builtin.SetTextKeyword$_setText_closure1.doCall(SetTextKeyword.groovy:55)&#xa;	at com.kms.katalon.core.webui.keyword.builtin.SetTextKeyword$_setText_closure1.call(SetTextKeyword.groovy)&#xa;	at com.kms.katalon.core.webui.keyword.internal.WebUIKeywordMain.runKeyword(WebUIKeywordMain.groovy:35)&#xa;	... 20 more&#xa;"/>
         <system-out><![CDATA[27-11-2024T17:49:13 - [TEST_CASE][FAILED] - Test Cases/2.Positivos/2.2Sobre/Origen-Provincia/3.Destino-D,DO,O/Destino-O: Test Cases/2.Positivos/2.2Sobre/Origen-Provincia/3.Destino-D,DO,O/Destino-O FAILED.
Reason:
com.kms.katalon.core.exception.StepFailedException: Unable to set text 'PRUEBAS SOBRE' of object 'Object Repository/sobre/Page_Olva Courier  Datos Personales/input_Qu Envas_input_descripcion'
	at com.kms.katalon.core.webui.keyword.internal.WebUIKeywordMain.stepFailed(WebUIKeywordMain.groovy:117)
	at com.kms.katalon.core.webui.keyword.internal.WebUIKeywordMain.runKeyword(WebUIKeywordMain.groovy:43)
	at com.kms.katalon.core.webui.keyword.builtin.SetTextKeyword.setText(SetTextKeyword.groovy:85)
	at com.kms.katalon.core.webui.keyword.builtin.SetTextKeyword.execute(SetTextKeyword.groovy:39)
	at com.kms.katalon.core.keyword.internal.KeywordExecutor.executeKeywordForPlatform(KeywordExecutor.groovy:74)
	at com.kms.katalon.core.webui.keyword.WebUiBuiltInKeywords.setText(WebUiBuiltInKeywords.groovy:1019)
	at Destino-O.run(Destino-O:26)
	at com.kms.katalon.core.main.ScriptEngine.run(ScriptEngine.java:194)
	at com.kms.katalon.core.main.ScriptEngine.runScriptAsRawText(ScriptEngine.java:119)
	at com.kms.katalon.core.main.TestCaseExecutor.runScript(TestCaseExecutor.java:448)
	at com.kms.katalon.core.main.TestCaseExecutor.doExecute(TestCaseExecutor.java:439)
	at com.kms.katalon.core.main.TestCaseExecutor.processExecutionPhase(TestCaseExecutor.java:418)
	at com.kms.katalon.core.main.TestCaseExecutor.accessMainPhase(TestCaseExecutor.java:410)
	at com.kms.katalon.core.main.TestCaseExecutor.execute(TestCaseExecutor.java:285)
	at com.kms.katalon.core.common.CommonExecutor.accessTestCaseMainPhase(CommonExecutor.java:65)
	at com.kms.katalon.core.main.TestSuiteExecutor.accessTestSuiteMainPhase(TestSuiteExecutor.java:150)
	at com.kms.katalon.core.main.TestSuiteExecutor.execute(TestSuiteExecutor.java:106)
	at com.kms.katalon.core.main.TestCaseMain.startTestSuite(TestCaseMain.java:180)
	at TempTestSuite1732745349578.run(TempTestSuite1732745349578.groovy:35)
	at java.base/jdk.internal.reflect.NativeMethodAccessorImpl.invoke0(Native Method)
	at java.base/jdk.internal.reflect.NativeMethodAccessorImpl.invoke(NativeMethodAccessorImpl.java:77)
	at java.base/jdk.internal.reflect.DelegatingMethodAccessorImpl.invoke(DelegatingMethodAccessorImpl.java:43)
Caused by: org.openqa.selenium.ElementNotInteractableException: Element <input id="input_descripcion" class="f1-first-name form-control msg_alert_tt inputRE" name="input_descripcion" type="text"> could not be scrolled into view
Build info: version: '3.141.59', revision: 'unknown', time: 'unknown'
System info: host: 'DESKTOP-RGFFP9A', ip: '10.136.10.6', os.name: 'Windows 11', os.arch: 'amd64', os.version: '10.0', java.version: '17.0.7'
Driver info: com.kms.katalon.core.webui.driver.firefox.CGeckoDriver
Capabilities {acceptInsecureCerts: true, browserName: firefox, browserVersion: 133.0, javascriptEnabled: true, moz:accessibilityChecks: false, moz:buildID: 20241121140525, moz:geckodriverVersion: 0.35.0, moz:headless: false, moz:platformVersion: 10.0, moz:processID: 12628, moz:profile: C:\Users\OLVATI\AppData\Loc..., moz:shutdownTimeout: 60000, moz:webdriverClick: true, moz:windowless: false, pageLoadStrategy: normal, platform: WINDOWS, platformName: WINDOWS, proxy: Proxy(direct), setWindowRect: true, strictFileInteractability: false, timeouts: {implicit: 0, pageLoad: 300000, script: 30000}, unhandledPromptBehavior: dismiss and notify, userAgent: Mozilla/5.0 (Windows NT 10....}
Session ID: be1cd27e-8564-48fe-af09-7f9c4a328578
	at java.base/jdk.internal.reflect.NativeConstructorAccessorImpl.newInstance0(Native Method)
	at java.base/jdk.internal.reflect.NativeConstructorAccessorImpl.newInstance(NativeConstructorAccessorImpl.java:77)
	at java.base/jdk.internal.reflect.DelegatingConstructorAccessorImpl.newInstance(DelegatingConstructorAccessorImpl.java:45)
	at org.openqa.selenium.remote.http.W3CHttpResponseCodec.createException(W3CHttpResponseCodec.java:187)
	at org.openqa.selenium.remote.http.W3CHttpResponseCodec.decode(W3CHttpResponseCodec.java:122)
	at org.openqa.selenium.remote.http.W3CHttpResponseCodec.decode(W3CHttpResponseCodec.java:49)
	at org.openqa.selenium.remote.HttpCommandExecutor.execute(HttpCommandExecutor.java:158)
	at org.openqa.selenium.remote.service.DriverCommandExecutor.execute(DriverCommandExecutor.java:83)
	at org.openqa.selenium.remote.RemoteWebDriver.execute(RemoteWebDriver.java:552)
	at com.kms.katalon.selenium.driver.CFirefoxDriver.execute(CFirefoxDriver.java:28)
	at org.openqa.selenium.remote.RemoteWebElement.execute(RemoteWebElement.java:285)
	at org.openqa.selenium.remote.RemoteWebElement.clear(RemoteWebElement.java:124)
	at jdk.internal.reflect.GeneratedMethodAccessor16.invoke(Unknown Source)
	at java.base/jdk.internal.reflect.DelegatingMethodAccessorImpl.invoke(DelegatingMethodAccessorImpl.java:43)
	at org.openqa.selenium.support.events.EventFiringWebDriver$EventFiringWebElement.lambda$new$0(EventFiringWebDriver.java:404)
	at jdk.proxy2/jdk.proxy2.$Proxy21.clear(Unknown Source)
	at org.openqa.selenium.support.events.EventFiringWebDriver$EventFiringWebElement.clear(EventFiringWebDriver.java:436)
	at com.kms.katalon.core.webui.keyword.builtin.SetTextKeyword$_setText_closure1.doCall(SetTextKeyword.groovy:55)
	at com.kms.katalon.core.webui.keyword.builtin.SetTextKeyword$_setText_closure1.call(SetTextKeyword.groovy)
	at com.kms.katalon.core.webui.keyword.internal.WebUIKeywordMain.runKeyword(WebUIKeywordMain.groovy:35)
	... 20 more


27-11-2024T17:49:14 - [TEST_STEP][PASSED] - callTestCase(findTestCase("1.Inicio/1.1Principal/Principal-home"), [:], STOP_ON_FAILURE): Call Test Case 'Test Cases/1.Inicio/1.1Principal/Principal-home' successfully

27-11-2024T17:49:14 - [TEST_CASE][PASSED] - Test Cases/1.Inicio/1.1Principal/Principal-home: Test Cases/1.Inicio/1.1Principal/Principal-home

27-11-2024T17:49:14 - [TEST_STEP][PASSED] - openBrowser(""): Browser is opened with url: ''

27-11-2024T17:49:14 - [MESSAGE][WARNING] - A browser is already opened. Closing browser and opening a new one

27-11-2024T17:49:16 - [MESSAGE][INFO] - Starting 'Firefox' driver

27-11-2024T17:49:16 - [MESSAGE][INFO] - Action delay is set to 0 milliseconds

27-11-2024T17:49:27 - [MESSAGE][PASSED] - Browser is opened with url: ''

27-11-2024T17:49:27 - [TEST_STEP][PASSED] - navigateToUrl("https://dev01-registrodeenvios.olvacourier.com/principal"): Navigate to 'https://dev01-registrodeenvios.olvacourier.com/principal' successfully

27-11-2024T17:49:29 - [MESSAGE][PASSED] - Navigate to 'https://dev01-registrodeenvios.olvacourier.com/principal' successfully

27-11-2024T17:49:29 - [TEST_STEP][PASSED] - maximizeWindow(): Current window maximized

27-11-2024T17:49:29 - [MESSAGE][PASSED] - Current window maximized

27-11-2024T17:49:29 - [MESSAGE][PASSED] - Call Test Case 'Test Cases/1.Inicio/1.1Principal/Principal-home' successfully

27-11-2024T17:49:29 - [TEST_STEP][PASSED] - callTestCase(findTestCase("1.Inicio/1.1Principal/Selec_paquete"), [:], STOP_ON_FAILURE): Call Test Case 'Test Cases/1.Inicio/1.1Principal/Selec_paquete' successfully

27-11-2024T17:49:30 - [TEST_CASE][PASSED] - Test Cases/1.Inicio/1.1Principal/Selec_paquete: Test Cases/1.Inicio/1.1Principal/Selec_paquete

27-11-2024T17:49:30 - [TEST_STEP][PASSED] - click(findTestObject("Object Repository/Principal/Page_Olva Courier  Home/img_Qu deseas realizar hoy_img_paquete")): Object: 'Object Repository/Principal/Page_Olva Courier  Home/img_Qu deseas realizar hoy_img_paquete' is clicked on

27-11-2024T17:49:30 - [MESSAGE][PASSED] - Object: 'Object Repository/Principal/Page_Olva Courier  Home/img_Qu deseas realizar hoy_img_paquete' is clicked on

27-11-2024T17:49:30 - [TEST_STEP][PASSED] - click(findTestObject("Object Repository/Principal/Page_Olva Courier  Home/span_He ledo y acepto los_checkmark (1)")): Object: 'Object Repository/Principal/Page_Olva Courier  Home/span_He ledo y acepto los_checkmark (1)' is clicked on

27-11-2024T17:49:31 - [MESSAGE][PASSED] - Object: 'Object Repository/Principal/Page_Olva Courier  Home/span_He ledo y acepto los_checkmark (1)' is clicked on

27-11-2024T17:49:31 - [TEST_STEP][PASSED] - click(findTestObject("Object Repository/Principal/Page_Olva Courier  Home/button_CONTINUAR (1)")): Object: 'Object Repository/Principal/Page_Olva Courier  Home/button_CONTINUAR (1)' is clicked on

27-11-2024T17:49:34 - [MESSAGE][PASSED] - Object: 'Object Repository/Principal/Page_Olva Courier  Home/button_CONTINUAR (1)' is clicked on

27-11-2024T17:49:34 - [TEST_STEP][PASSED] - verifyElementPresent(findTestObject("Object Repository/Principal/Page_Olva Courier  Datos Personales/strong_REGISTRO DE ENVOS"), 0): Object 'Object Repository/Principal/Page_Olva Courier  Datos Personales/strong_REGISTRO DE ENVOS' is present

27-11-2024T17:49:34 - [MESSAGE][WARNING] - Timeout '0' is invalid. Using default page load timeout: '30'

27-11-2024T17:49:35 - [MESSAGE][PASSED] - Object 'Object Repository/Principal/Page_Olva Courier  Datos Personales/strong_REGISTRO DE ENVOS' is present

27-11-2024T17:49:35 - [TEST_STEP][PASSED] - verifyElementPresent(findTestObject("Object Repository/Principal/Page_Olva Courier  Datos Personales/span_Regresar (1)"), 0): Object 'Object Repository/Principal/Page_Olva Courier  Datos Personales/span_Regresar (1)' is present

27-11-2024T17:49:35 - [MESSAGE][WARNING] - Timeout '0' is invalid. Using default page load timeout: '30'

27-11-2024T17:49:35 - [MESSAGE][PASSED] - Object 'Object Repository/Principal/Page_Olva Courier  Datos Personales/span_Regresar (1)' is present

27-11-2024T17:49:35 - [TEST_STEP][PASSED] - verifyElementPresent(findTestObject("Object Repository/Principal/Page_Olva Courier  Datos Personales/span_Inicio (1)"), 0): Object 'Object Repository/Principal/Page_Olva Courier  Datos Personales/span_Inicio (1)' is present

27-11-2024T17:49:35 - [MESSAGE][WARNING] - Timeout '0' is invalid. Using default page load timeout: '30'

27-11-2024T17:49:36 - [MESSAGE][PASSED] - Object 'Object Repository/Principal/Page_Olva Courier  Datos Personales/span_Inicio (1)' is present

27-11-2024T17:49:36 - [MESSAGE][PASSED] - Call Test Case 'Test Cases/1.Inicio/1.1Principal/Selec_paquete' successfully

27-11-2024T17:49:36 - [TEST_STEP][PASSED] - callTestCase(findTestCase("1.Inicio/1.2Tipo_Doc/1.DNI"), [:], STOP_ON_FAILURE): Call Test Case 'Test Cases/1.Inicio/1.2Tipo_Doc/1.DNI' successfully

27-11-2024T17:49:36 - [TEST_CASE][PASSED] - Test Cases/1.Inicio/1.2Tipo_Doc/1.DNI: Test Cases/1.Inicio/1.2Tipo_Doc/1.DNI

27-11-2024T17:49:36 - [TEST_STEP][PASSED] - click(findTestObject("Object Repository/Login/Page_Olva Courier  Datos Personales/button_Tipo De Documento")): Object: 'Object Repository/Login/Page_Olva Courier  Datos Personales/button_Tipo De Documento' is clicked on

27-11-2024T17:49:37 - [MESSAGE][PASSED] - Object: 'Object Repository/Login/Page_Olva Courier  Datos Personales/button_Tipo De Documento' is clicked on

27-11-2024T17:49:37 - [TEST_STEP][PASSED] - click(findTestObject("Object Repository/Login/Page_Olva Courier  Datos Personales/a_DNI (Boleta)")): Object: 'Object Repository/Login/Page_Olva Courier  Datos Personales/a_DNI (Boleta)' is clicked on

27-11-2024T17:49:37 - [MESSAGE][PASSED] - Object: 'Object Repository/Login/Page_Olva Courier  Datos Personales/a_DNI (Boleta)' is clicked on

27-11-2024T17:49:37 - [TEST_STEP][PASSED] - setText(findTestObject("Object Repository/Login/Page_Olva Courier  Datos Personales/input_CARN EXT. (Boleta)_txt_documento_cliente"), "47190321"): Text '47190321' is set on object 'Object Repository/Login/Page_Olva Courier  Datos Personales/input_CARN EXT. (Boleta)_txt_documento_cliente'

27-11-2024T17:49:38 - [MESSAGE][PASSED] - Text '47190321' is set on object 'Object Repository/Login/Page_Olva Courier  Datos Personales/input_CARN EXT. (Boleta)_txt_documento_cliente'

27-11-2024T17:49:38 - [TEST_STEP][PASSED] - setText(findTestObject("Object Repository/Login/Page_Olva Courier  Datos Personales/input_CARN EXT. (Boleta)_txt_telefono_cliente"), "957378086"): Text '957378086' is set on object 'Object Repository/Login/Page_Olva Courier  Datos Personales/input_CARN EXT. (Boleta)_txt_telefono_cliente'

27-11-2024T17:49:52 - [MESSAGE][PASSED] - Text '957378086' is set on object 'Object Repository/Login/Page_Olva Courier  Datos Personales/input_CARN EXT. (Boleta)_txt_telefono_cliente'

27-11-2024T17:49:53 - [TEST_STEP][PASSED] - setText(findTestObject("Object Repository/Login/Page_Olva Courier  Datos Personales/input_Hola,_txt_email_cliente"), "riosalejosjs@gmail.com"): Text 'riosalejosjs@gmail.com' is set on object 'Object Repository/Login/Page_Olva Courier  Datos Personales/input_Hola,_txt_email_cliente'

27-11-2024T17:49:54 - [MESSAGE][PASSED] - Text 'riosalejosjs@gmail.com' is set on object 'Object Repository/Login/Page_Olva Courier  Datos Personales/input_Hola,_txt_email_cliente'

27-11-2024T17:49:54 - [MESSAGE][PASSED] - Call Test Case 'Test Cases/1.Inicio/1.2Tipo_Doc/1.DNI' successfully

27-11-2024T17:49:54 - [TEST_STEP][FAILED] - setText(findTestObject("Object Repository/sobre/Page_Olva Courier  Datos Personales/input_Qu Envas_input_descripcion"), "PRUEBAS SOBRE"): Unable to set text 'PRUEBAS SOBRE' of object 'Object Repository/sobre/Page_Olva Courier  Datos Personales/input_Qu Envas_input_descripcion' (Root cause: com.kms.katalon.core.exception.StepFailedException: Unable to set text 'PRUEBAS SOBRE' of object 'Object Repository/sobre/Page_Olva Courier  Datos Personales/input_Qu Envas_input_descripcion'
	at com.kms.katalon.core.webui.keyword.internal.WebUIKeywordMain.stepFailed(WebUIKeywordMain.groovy:117)
	at com.kms.katalon.core.webui.keyword.internal.WebUIKeywordMain.runKeyword(WebUIKeywordMain.groovy:43)
	at com.kms.katalon.core.webui.keyword.builtin.SetTextKeyword.setText(SetTextKeyword.groovy:85)
	at com.kms.katalon.core.webui.keyword.builtin.SetTextKeyword.execute(SetTextKeyword.groovy:39)
	at com.kms.katalon.core.keyword.internal.KeywordExecutor.executeKeywordForPlatform(KeywordExecutor.groovy:74)
	at com.kms.katalon.core.webui.keyword.WebUiBuiltInKeywords.setText(WebUiBuiltInKeywords.groovy:1019)
	at Destino-O.run(Destino-O:26)
	at com.kms.katalon.core.main.ScriptEngine.run(ScriptEngine.java:194)
	at com.kms.katalon.core.main.ScriptEngine.runScriptAsRawText(ScriptEngine.java:119)
	at com.kms.katalon.core.main.TestCaseExecutor.runScript(TestCaseExecutor.java:448)
	at com.kms.katalon.core.main.TestCaseExecutor.doExecute(TestCaseExecutor.java:439)
	at com.kms.katalon.core.main.TestCaseExecutor.processExecutionPhase(TestCaseExecutor.java:418)
	at com.kms.katalon.core.main.TestCaseExecutor.accessMainPhase(TestCaseExecutor.java:410)
	at com.kms.katalon.core.main.TestCaseExecutor.execute(TestCaseExecutor.java:285)
	at com.kms.katalon.core.common.CommonExecutor.accessTestCaseMainPhase(CommonExecutor.java:65)
	at com.kms.katalon.core.main.TestSuiteExecutor.accessTestSuiteMainPhase(TestSuiteExecutor.java:150)
	at com.kms.katalon.core.main.TestSuiteExecutor.execute(TestSuiteExecutor.java:106)
	at com.kms.katalon.core.main.TestCaseMain.startTestSuite(TestCaseMain.java:180)
	at TempTestSuite1732745349578.run(TempTestSuite1732745349578.groovy:35)
	at java.base/jdk.internal.reflect.NativeMethodAccessorImpl.invoke0(Native Method)
	at java.base/jdk.internal.reflect.NativeMethodAccessorImpl.invoke(NativeMethodAccessorImpl.java:77)
	at java.base/jdk.internal.reflect.DelegatingMethodAccessorImpl.invoke(DelegatingMethodAccessorImpl.java:43)
Caused by: org.openqa.selenium.ElementNotInteractableException: Element <input id="input_descripcion" class="f1-first-name form-control msg_alert_tt inputRE" name="input_descripcion" type="text"> could not be scrolled into view
Build info: version: '3.141.59', revision: 'unknown', time: 'unknown'
System info: host: 'DESKTOP-RGFFP9A', ip: '10.136.10.6', os.name: 'Windows 11', os.arch: 'amd64', os.version: '10.0', java.version: '17.0.7'
Driver info: com.kms.katalon.core.webui.driver.firefox.CGeckoDriver
Capabilities {acceptInsecureCerts: true, browserName: firefox, browserVersion: 133.0, javascriptEnabled: true, moz:accessibilityChecks: false, moz:buildID: 20241121140525, moz:geckodriverVersion: 0.35.0, moz:headless: false, moz:platformVersion: 10.0, moz:processID: 12628, moz:profile: C:\Users\OLVATI\AppData\Loc..., moz:shutdownTimeout: 60000, moz:webdriverClick: true, moz:windowless: false, pageLoadStrategy: normal, platform: WINDOWS, platformName: WINDOWS, proxy: Proxy(direct), setWindowRect: true, strictFileInteractability: false, timeouts: {implicit: 0, pageLoad: 300000, script: 30000}, unhandledPromptBehavior: dismiss and notify, userAgent: Mozilla/5.0 (Windows NT 10....}
Session ID: be1cd27e-8564-48fe-af09-7f9c4a328578
	at java.base/jdk.internal.reflect.NativeConstructorAccessorImpl.newInstance0(Native Method)
	at java.base/jdk.internal.reflect.NativeConstructorAccessorImpl.newInstance(NativeConstructorAccessorImpl.java:77)
	at java.base/jdk.internal.reflect.DelegatingConstructorAccessorImpl.newInstance(DelegatingConstructorAccessorImpl.java:45)
	at org.openqa.selenium.remote.http.W3CHttpResponseCodec.createException(W3CHttpResponseCodec.java:187)
	at org.openqa.selenium.remote.http.W3CHttpResponseCodec.decode(W3CHttpResponseCodec.java:122)
	at org.openqa.selenium.remote.http.W3CHttpResponseCodec.decode(W3CHttpResponseCodec.java:49)
	at org.openqa.selenium.remote.HttpCommandExecutor.execute(HttpCommandExecutor.java:158)
	at org.openqa.selenium.remote.service.DriverCommandExecutor.execute(DriverCommandExecutor.java:83)
	at org.openqa.selenium.remote.RemoteWebDriver.execute(RemoteWebDriver.java:552)
	at com.kms.katalon.selenium.driver.CFirefoxDriver.execute(CFirefoxDriver.java:28)
	at org.openqa.selenium.remote.RemoteWebElement.execute(RemoteWebElement.java:285)
	at org.openqa.selenium.remote.RemoteWebElement.clear(RemoteWebElement.java:124)
	at jdk.internal.reflect.GeneratedMethodAccessor16.invoke(Unknown Source)
	at java.base/jdk.internal.reflect.DelegatingMethodAccessorImpl.invoke(DelegatingMethodAccessorImpl.java:43)
	at org.openqa.selenium.support.events.EventFiringWebDriver$EventFiringWebElement.lambda$new$0(EventFiringWebDriver.java:404)
	at jdk.proxy2/jdk.proxy2.$Proxy21.clear(Unknown Source)
	at org.openqa.selenium.support.events.EventFiringWebDriver$EventFiringWebElement.clear(EventFiringWebDriver.java:436)
	at com.kms.katalon.core.webui.keyword.builtin.SetTextKeyword$_setText_closure1.doCall(SetTextKeyword.groovy:55)
	at com.kms.katalon.core.webui.keyword.builtin.SetTextKeyword$_setText_closure1.call(SetTextKeyword.groovy)
	at com.kms.katalon.core.webui.keyword.internal.WebUIKeywordMain.runKeyword(WebUIKeywordMain.groovy:35)
	at com.kms.katalon.core.webui.keyword.builtin.SetTextKeyword.setText(SetTextKeyword.groovy:85)
	at com.kms.katalon.core.webui.keyword.builtin.SetTextKeyword.execute(SetTextKeyword.groovy:39)
	at com.kms.katalon.core.keyword.internal.KeywordExecutor.executeKeywordForPlatform(KeywordExecutor.groovy:74)
	at com.kms.katalon.core.webui.keyword.WebUiBuiltInKeywords.setText(WebUiBuiltInKeywords.groovy:1019)
	at Script1732341473634.run(Script1732341473634.groovy:26)
	... 15 more
)

27-11-2024T17:49:54 - [MESSAGE][FAILED] - Unable to set text 'PRUEBAS SOBRE' of object 'Object Repository/sobre/Page_Olva Courier  Datos Personales/input_Qu Envas_input_descripcion' (Root cause: com.kms.katalon.core.exception.StepFailedException: Unable to set text 'PRUEBAS SOBRE' of object 'Object Repository/sobre/Page_Olva Courier  Datos Personales/input_Qu Envas_input_descripcion'
	at com.kms.katalon.core.webui.keyword.internal.WebUIKeywordMain.stepFailed(WebUIKeywordMain.groovy:117)
	at com.kms.katalon.core.webui.keyword.internal.WebUIKeywordMain.runKeyword(WebUIKeywordMain.groovy:43)
	at com.kms.katalon.core.webui.keyword.builtin.SetTextKeyword.setText(SetTextKeyword.groovy:85)
	at com.kms.katalon.core.webui.keyword.builtin.SetTextKeyword.execute(SetTextKeyword.groovy:39)
	at com.kms.katalon.core.keyword.internal.KeywordExecutor.executeKeywordForPlatform(KeywordExecutor.groovy:74)
	at com.kms.katalon.core.webui.keyword.WebUiBuiltInKeywords.setText(WebUiBuiltInKeywords.groovy:1019)
	at Destino-O.run(Destino-O:26)
	at com.kms.katalon.core.main.ScriptEngine.run(ScriptEngine.java:194)
	at com.kms.katalon.core.main.ScriptEngine.runScriptAsRawText(ScriptEngine.java:119)
	at com.kms.katalon.core.main.TestCaseExecutor.runScript(TestCaseExecutor.java:448)
	at com.kms.katalon.core.main.TestCaseExecutor.doExecute(TestCaseExecutor.java:439)
	at com.kms.katalon.core.main.TestCaseExecutor.processExecutionPhase(TestCaseExecutor.java:418)
	at com.kms.katalon.core.main.TestCaseExecutor.accessMainPhase(TestCaseExecutor.java:410)
	at com.kms.katalon.core.main.TestCaseExecutor.execute(TestCaseExecutor.java:285)
	at com.kms.katalon.core.common.CommonExecutor.accessTestCaseMainPhase(CommonExecutor.java:65)
	at com.kms.katalon.core.main.TestSuiteExecutor.accessTestSuiteMainPhase(TestSuiteExecutor.java:150)
	at com.kms.katalon.core.main.TestSuiteExecutor.execute(TestSuiteExecutor.java:106)
	at com.kms.katalon.core.main.TestCaseMain.startTestSuite(TestCaseMain.java:180)
	at TempTestSuite1732745349578.run(TempTestSuite1732745349578.groovy:35)
	at java.base/jdk.internal.reflect.NativeMethodAccessorImpl.invoke0(Native Method)
	at java.base/jdk.internal.reflect.NativeMethodAccessorImpl.invoke(NativeMethodAccessorImpl.java:77)
	at java.base/jdk.internal.reflect.DelegatingMethodAccessorImpl.invoke(DelegatingMethodAccessorImpl.java:43)
Caused by: org.openqa.selenium.ElementNotInteractableException: Element <input id="input_descripcion" class="f1-first-name form-control msg_alert_tt inputRE" name="input_descripcion" type="text"> could not be scrolled into view
Build info: version: '3.141.59', revision: 'unknown', time: 'unknown'
System info: host: 'DESKTOP-RGFFP9A', ip: '10.136.10.6', os.name: 'Windows 11', os.arch: 'amd64', os.version: '10.0', java.version: '17.0.7'
Driver info: com.kms.katalon.core.webui.driver.firefox.CGeckoDriver
Capabilities {acceptInsecureCerts: true, browserName: firefox, browserVersion: 133.0, javascriptEnabled: true, moz:accessibilityChecks: false, moz:buildID: 20241121140525, moz:geckodriverVersion: 0.35.0, moz:headless: false, moz:platformVersion: 10.0, moz:processID: 12628, moz:profile: C:\Users\OLVATI\AppData\Loc..., moz:shutdownTimeout: 60000, moz:webdriverClick: true, moz:windowless: false, pageLoadStrategy: normal, platform: WINDOWS, platformName: WINDOWS, proxy: Proxy(direct), setWindowRect: true, strictFileInteractability: false, timeouts: {implicit: 0, pageLoad: 300000, script: 30000}, unhandledPromptBehavior: dismiss and notify, userAgent: Mozilla/5.0 (Windows NT 10....}
Session ID: be1cd27e-8564-48fe-af09-7f9c4a328578
	at java.base/jdk.internal.reflect.NativeConstructorAccessorImpl.newInstance0(Native Method)
	at java.base/jdk.internal.reflect.NativeConstructorAccessorImpl.newInstance(NativeConstructorAccessorImpl.java:77)
	at java.base/jdk.internal.reflect.DelegatingConstructorAccessorImpl.newInstance(DelegatingConstructorAccessorImpl.java:45)
	at org.openqa.selenium.remote.http.W3CHttpResponseCodec.createException(W3CHttpResponseCodec.java:187)
	at org.openqa.selenium.remote.http.W3CHttpResponseCodec.decode(W3CHttpResponseCodec.java:122)
	at org.openqa.selenium.remote.http.W3CHttpResponseCodec.decode(W3CHttpResponseCodec.java:49)
	at org.openqa.selenium.remote.HttpCommandExecutor.execute(HttpCommandExecutor.java:158)
	at org.openqa.selenium.remote.service.DriverCommandExecutor.execute(DriverCommandExecutor.java:83)
	at org.openqa.selenium.remote.RemoteWebDriver.execute(RemoteWebDriver.java:552)
	at com.kms.katalon.selenium.driver.CFirefoxDriver.execute(CFirefoxDriver.java:28)
	at org.openqa.selenium.remote.RemoteWebElement.execute(RemoteWebElement.java:285)
	at org.openqa.selenium.remote.RemoteWebElement.clear(RemoteWebElement.java:124)
	at jdk.internal.reflect.GeneratedMethodAccessor16.invoke(Unknown Source)
	at java.base/jdk.internal.reflect.DelegatingMethodAccessorImpl.invoke(DelegatingMethodAccessorImpl.java:43)
	at org.openqa.selenium.support.events.EventFiringWebDriver$EventFiringWebElement.lambda$new$0(EventFiringWebDriver.java:404)
	at jdk.proxy2/jdk.proxy2.$Proxy21.clear(Unknown Source)
	at org.openqa.selenium.support.events.EventFiringWebDriver$EventFiringWebElement.clear(EventFiringWebDriver.java:436)
	at com.kms.katalon.core.webui.keyword.builtin.SetTextKeyword$_setText_closure1.doCall(SetTextKeyword.groovy:55)
	at com.kms.katalon.core.webui.keyword.builtin.SetTextKeyword$_setText_closure1.call(SetTextKeyword.groovy)
	at com.kms.katalon.core.webui.keyword.internal.WebUIKeywordMain.runKeyword(WebUIKeywordMain.groovy:35)
	at com.kms.katalon.core.webui.keyword.builtin.SetTextKeyword.setText(SetTextKeyword.groovy:85)
	at com.kms.katalon.core.webui.keyword.builtin.SetTextKeyword.execute(SetTextKeyword.groovy:39)
	at com.kms.katalon.core.keyword.internal.KeywordExecutor.executeKeywordForPlatform(KeywordExecutor.groovy:74)
	at com.kms.katalon.core.webui.keyword.WebUiBuiltInKeywords.setText(WebUiBuiltInKeywords.groovy:1019)
	at Script1732341473634.run(Script1732341473634.groovy:26)
	... 15 more
)]]></system-out>
         <system-err><![CDATA[27-11-2024T17:49:13 - [TEST_CASE][FAILED] - Test Cases/2.Positivos/2.2Sobre/Origen-Provincia/3.Destino-D,DO,O/Destino-O: Test Cases/2.Positivos/2.2Sobre/Origen-Provincia/3.Destino-D,DO,O/Destino-O FAILED.
Reason:
com.kms.katalon.core.exception.StepFailedException: Unable to set text 'PRUEBAS SOBRE' of object 'Object Repository/sobre/Page_Olva Courier  Datos Personales/input_Qu Envas_input_descripcion'
	at com.kms.katalon.core.webui.keyword.internal.WebUIKeywordMain.stepFailed(WebUIKeywordMain.groovy:117)
	at com.kms.katalon.core.webui.keyword.internal.WebUIKeywordMain.runKeyword(WebUIKeywordMain.groovy:43)
	at com.kms.katalon.core.webui.keyword.builtin.SetTextKeyword.setText(SetTextKeyword.groovy:85)
	at com.kms.katalon.core.webui.keyword.builtin.SetTextKeyword.execute(SetTextKeyword.groovy:39)
	at com.kms.katalon.core.keyword.internal.KeywordExecutor.executeKeywordForPlatform(KeywordExecutor.groovy:74)
	at com.kms.katalon.core.webui.keyword.WebUiBuiltInKeywords.setText(WebUiBuiltInKeywords.groovy:1019)
	at Destino-O.run(Destino-O:26)
	at com.kms.katalon.core.main.ScriptEngine.run(ScriptEngine.java:194)
	at com.kms.katalon.core.main.ScriptEngine.runScriptAsRawText(ScriptEngine.java:119)
	at com.kms.katalon.core.main.TestCaseExecutor.runScript(TestCaseExecutor.java:448)
	at com.kms.katalon.core.main.TestCaseExecutor.doExecute(TestCaseExecutor.java:439)
	at com.kms.katalon.core.main.TestCaseExecutor.processExecutionPhase(TestCaseExecutor.java:418)
	at com.kms.katalon.core.main.TestCaseExecutor.accessMainPhase(TestCaseExecutor.java:410)
	at com.kms.katalon.core.main.TestCaseExecutor.execute(TestCaseExecutor.java:285)
	at com.kms.katalon.core.common.CommonExecutor.accessTestCaseMainPhase(CommonExecutor.java:65)
	at com.kms.katalon.core.main.TestSuiteExecutor.accessTestSuiteMainPhase(TestSuiteExecutor.java:150)
	at com.kms.katalon.core.main.TestSuiteExecutor.execute(TestSuiteExecutor.java:106)
	at com.kms.katalon.core.main.TestCaseMain.startTestSuite(TestCaseMain.java:180)
	at TempTestSuite1732745349578.run(TempTestSuite1732745349578.groovy:35)
	at java.base/jdk.internal.reflect.NativeMethodAccessorImpl.invoke0(Native Method)
	at java.base/jdk.internal.reflect.NativeMethodAccessorImpl.invoke(NativeMethodAccessorImpl.java:77)
	at java.base/jdk.internal.reflect.DelegatingMethodAccessorImpl.invoke(DelegatingMethodAccessorImpl.java:43)
Caused by: org.openqa.selenium.ElementNotInteractableException: Element <input id="input_descripcion" class="f1-first-name form-control msg_alert_tt inputRE" name="input_descripcion" type="text"> could not be scrolled into view
Build info: version: '3.141.59', revision: 'unknown', time: 'unknown'
System info: host: 'DESKTOP-RGFFP9A', ip: '10.136.10.6', os.name: 'Windows 11', os.arch: 'amd64', os.version: '10.0', java.version: '17.0.7'
Driver info: com.kms.katalon.core.webui.driver.firefox.CGeckoDriver
Capabilities {acceptInsecureCerts: true, browserName: firefox, browserVersion: 133.0, javascriptEnabled: true, moz:accessibilityChecks: false, moz:buildID: 20241121140525, moz:geckodriverVersion: 0.35.0, moz:headless: false, moz:platformVersion: 10.0, moz:processID: 12628, moz:profile: C:\Users\OLVATI\AppData\Loc..., moz:shutdownTimeout: 60000, moz:webdriverClick: true, moz:windowless: false, pageLoadStrategy: normal, platform: WINDOWS, platformName: WINDOWS, proxy: Proxy(direct), setWindowRect: true, strictFileInteractability: false, timeouts: {implicit: 0, pageLoad: 300000, script: 30000}, unhandledPromptBehavior: dismiss and notify, userAgent: Mozilla/5.0 (Windows NT 10....}
Session ID: be1cd27e-8564-48fe-af09-7f9c4a328578
	at java.base/jdk.internal.reflect.NativeConstructorAccessorImpl.newInstance0(Native Method)
	at java.base/jdk.internal.reflect.NativeConstructorAccessorImpl.newInstance(NativeConstructorAccessorImpl.java:77)
	at java.base/jdk.internal.reflect.DelegatingConstructorAccessorImpl.newInstance(DelegatingConstructorAccessorImpl.java:45)
	at org.openqa.selenium.remote.http.W3CHttpResponseCodec.createException(W3CHttpResponseCodec.java:187)
	at org.openqa.selenium.remote.http.W3CHttpResponseCodec.decode(W3CHttpResponseCodec.java:122)
	at org.openqa.selenium.remote.http.W3CHttpResponseCodec.decode(W3CHttpResponseCodec.java:49)
	at org.openqa.selenium.remote.HttpCommandExecutor.execute(HttpCommandExecutor.java:158)
	at org.openqa.selenium.remote.service.DriverCommandExecutor.execute(DriverCommandExecutor.java:83)
	at org.openqa.selenium.remote.RemoteWebDriver.execute(RemoteWebDriver.java:552)
	at com.kms.katalon.selenium.driver.CFirefoxDriver.execute(CFirefoxDriver.java:28)
	at org.openqa.selenium.remote.RemoteWebElement.execute(RemoteWebElement.java:285)
	at org.openqa.selenium.remote.RemoteWebElement.clear(RemoteWebElement.java:124)
	at jdk.internal.reflect.GeneratedMethodAccessor16.invoke(Unknown Source)
	at java.base/jdk.internal.reflect.DelegatingMethodAccessorImpl.invoke(DelegatingMethodAccessorImpl.java:43)
	at org.openqa.selenium.support.events.EventFiringWebDriver$EventFiringWebElement.lambda$new$0(EventFiringWebDriver.java:404)
	at jdk.proxy2/jdk.proxy2.$Proxy21.clear(Unknown Source)
	at org.openqa.selenium.support.events.EventFiringWebDriver$EventFiringWebElement.clear(EventFiringWebDriver.java:436)
	at com.kms.katalon.core.webui.keyword.builtin.SetTextKeyword$_setText_closure1.doCall(SetTextKeyword.groovy:55)
	at com.kms.katalon.core.webui.keyword.builtin.SetTextKeyword$_setText_closure1.call(SetTextKeyword.groovy)
	at com.kms.katalon.core.webui.keyword.internal.WebUIKeywordMain.runKeyword(WebUIKeywordMain.groovy:35)
	... 20 more]]></system-err>
      </testcase>
      <testcase name="Test Cases/2.Positivos/2.2Sobre/Origen-Provincia/3.Destino-D,DO,O/Destino-DO" time="48.913" classname="Test Cases/2.Positivos/2.2Sobre/Origen-Provincia/3.Destino-D,DO,O/Destino-DO" status="FAILED">
         <failure type="FAILED" message="Test Cases/2.Positivos/2.2Sobre/Origen-Provincia/3.Destino-D,DO,O/Destino-DO FAILED.&#xa;Reason:&#xa;com.kms.katalon.core.exception.StepFailedException: Call Test Case 'Test Cases/1.Inicio/1.1Principal/Selec_sobre' failed&#xa;	at com.kms.katalon.core.keyword.builtin.CallTestCaseKeyword$_callTestCase_closure1.doCall(CallTestCaseKeyword.groovy:63)&#xa;	at com.kms.katalon.core.keyword.builtin.CallTestCaseKeyword$_callTestCase_closure1.call(CallTestCaseKeyword.groovy)&#xa;	at com.kms.katalon.core.keyword.internal.KeywordMain.runKeyword(KeywordMain.groovy:75)&#xa;	at com.kms.katalon.core.keyword.builtin.CallTestCaseKeyword.callTestCase(CallTestCaseKeyword.groovy:81)&#xa;	at com.kms.katalon.core.keyword.builtin.CallTestCaseKeyword.execute(CallTestCaseKeyword.groovy:44)&#xa;	at com.kms.katalon.core.keyword.internal.KeywordExecutor.executeKeywordForPlatform(KeywordExecutor.groovy:74)&#xa;	at com.kms.katalon.core.keyword.BuiltinKeywords.callTestCase(BuiltinKeywords.groovy:310)&#xa;	at jdk.internal.reflect.GeneratedMethodAccessor25.invoke(Unknown Source)&#xa;	at java.base/jdk.internal.reflect.DelegatingMethodAccessorImpl.invoke(DelegatingMethodAccessorImpl.java:43)&#xa;	at Destino-DO.run(Destino-DO:22)&#xa;	at com.kms.katalon.core.main.ScriptEngine.run(ScriptEngine.java:194)&#xa;	at com.kms.katalon.core.main.ScriptEngine.runScriptAsRawText(ScriptEngine.java:119)&#xa;	at com.kms.katalon.core.main.TestCaseExecutor.runScript(TestCaseExecutor.java:448)&#xa;	at com.kms.katalon.core.main.TestCaseExecutor.doExecute(TestCaseExecutor.java:439)&#xa;	at com.kms.katalon.core.main.TestCaseExecutor.processExecutionPhase(TestCaseExecutor.java:418)&#xa;	at com.kms.katalon.core.main.TestCaseExecutor.accessMainPhase(TestCaseExecutor.java:410)&#xa;	at com.kms.katalon.core.main.TestCaseExecutor.execute(TestCaseExecutor.java:285)&#xa;	at com.kms.katalon.core.common.CommonExecutor.accessTestCaseMainPhase(CommonExecutor.java:65)&#xa;	at com.kms.katalon.core.main.TestSuiteExecutor.accessTestSuiteMainPhase(TestSuiteExecutor.java:150)&#xa;	at com.kms.katalon.core.main.TestSuiteExecutor.execute(TestSuiteExecutor.java:106)&#xa;	at com.kms.katalon.core.main.TestCaseMain.startTestSuite(TestCaseMain.java:180)&#xa;	at TempTestSuite1732745349578.run(TempTestSuite1732745349578.groovy:35)&#xa;	at java.base/jdk.internal.reflect.NativeMethodAccessorImpl.invoke0(Native Method)&#xa;	at java.base/jdk.internal.reflect.NativeMethodAccessorImpl.invoke(NativeMethodAccessorImpl.java:77)&#xa;	at java.base/jdk.internal.reflect.DelegatingMethodAccessorImpl.invoke(DelegatingMethodAccessorImpl.java:43)&#xa;Caused by: com.kms.katalon.core.exception.StepFailedException: Unable to click on object 'Object Repository/Principal/Page_Olva Courier  Home/button_CONTINUAR (2)'&#xa;	at com.kms.katalon.core.webui.keyword.internal.WebUIKeywordMain.stepFailed(WebUIKeywordMain.groovy:117)&#xa;	at com.kms.katalon.core.webui.keyword.internal.WebUIKeywordMain.runKeyword(WebUIKeywordMain.groovy:43)&#xa;	at com.kms.katalon.core.webui.keyword.builtin.ClickKeyword.click(ClickKeyword.groovy:74)&#xa;	at com.kms.katalon.core.webui.keyword.builtin.ClickKeyword.execute(ClickKeyword.groovy:40)&#xa;	at com.kms.katalon.core.keyword.internal.KeywordExecutor.executeKeywordForPlatform(KeywordExecutor.groovy:74)&#xa;	at com.kms.katalon.core.webui.keyword.WebUiBuiltInKeywords.click(WebUiBuiltInKeywords.groovy:659)&#xa;	at Selec_sobre.run(Selec_sobre:24)&#xa;	at com.kms.katalon.core.main.ScriptEngine.run(ScriptEngine.java:194)&#xa;	at com.kms.katalon.core.main.ScriptEngine.runScriptAsRawText(ScriptEngine.java:119)&#xa;	at com.kms.katalon.core.main.TestCaseExecutor.runScript(TestCaseExecutor.java:448)&#xa;	at com.kms.katalon.core.main.TestCaseExecutor.doExecute(TestCaseExecutor.java:439)&#xa;	at com.kms.katalon.core.main.TestCaseExecutor.processExecutionPhase(TestCaseExecutor.java:418)&#xa;	at com.kms.katalon.core.main.TestCaseExecutor.accessMainPhase(TestCaseExecutor.java:410)&#xa;	at com.kms.katalon.core.main.TestCaseExecutor.execute(TestCaseExecutor.java:285)&#xa;	at com.kms.katalon.core.main.TestCaseMain.runTestCase(TestCaseMain.java:137)&#xa;	at com.kms.katalon.core.keyword.builtin.CallTestCaseKeyword$_callTestCase_closure1.doCall(CallTestCaseKeyword.groovy:59)&#xa;	... 24 more&#xa;Caused by: org.openqa.selenium.ElementClickInterceptedException: Element &lt;button id=&quot;btn_aceptar_tipo_envio&quot; class=&quot;btn disabled&quot; type=&quot;button&quot;> is not clickable at point (675,588) because another element &lt;div class=&quot;modal-footer&quot;> obscures it&#xa;Build info: version: '3.141.59', revision: 'unknown', time: 'unknown'&#xa;System info: host: 'DESKTOP-RGFFP9A', ip: '10.136.10.6', os.name: 'Windows 11', os.arch: 'amd64', os.version: '10.0', java.version: '17.0.7'&#xa;Driver info: com.kms.katalon.core.webui.driver.firefox.CGeckoDriver&#xa;Capabilities {acceptInsecureCerts: true, browserName: firefox, browserVersion: 133.0, javascriptEnabled: true, moz:accessibilityChecks: false, moz:buildID: 20241121140525, moz:geckodriverVersion: 0.35.0, moz:headless: false, moz:platformVersion: 10.0, moz:processID: 1296, moz:profile: C:\Users\OLVATI\AppData\Loc..., moz:shutdownTimeout: 60000, moz:webdriverClick: true, moz:windowless: false, pageLoadStrategy: normal, platform: WINDOWS, platformName: WINDOWS, proxy: Proxy(direct), setWindowRect: true, strictFileInteractability: false, timeouts: {implicit: 0, pageLoad: 300000, script: 30000}, unhandledPromptBehavior: dismiss and notify, userAgent: Mozilla/5.0 (Windows NT 10....}&#xa;Session ID: f029f7a9-ff79-4968-816d-b37fa74d7e1f&#xa;	at jdk.internal.reflect.GeneratedConstructorAccessor32.newInstance(Unknown Source)&#xa;	at java.base/jdk.internal.reflect.DelegatingConstructorAccessorImpl.newInstance(DelegatingConstructorAccessorImpl.java:45)&#xa;	at org.openqa.selenium.remote.http.W3CHttpResponseCodec.createException(W3CHttpResponseCodec.java:187)&#xa;	at org.openqa.selenium.remote.http.W3CHttpResponseCodec.decode(W3CHttpResponseCodec.java:122)&#xa;	at org.openqa.selenium.remote.http.W3CHttpResponseCodec.decode(W3CHttpResponseCodec.java:49)&#xa;	at org.openqa.selenium.remote.HttpCommandExecutor.execute(HttpCommandExecutor.java:158)&#xa;	at org.openqa.selenium.remote.service.DriverCommandExecutor.execute(DriverCommandExecutor.java:83)&#xa;	at org.openqa.selenium.remote.RemoteWebDriver.execute(RemoteWebDriver.java:552)&#xa;	at com.kms.katalon.selenium.driver.CFirefoxDriver.execute(CFirefoxDriver.java:28)&#xa;	at org.openqa.selenium.remote.RemoteWebElement.execute(RemoteWebElement.java:285)&#xa;	at org.openqa.selenium.remote.RemoteWebElement.click(RemoteWebElement.java:84)&#xa;	at jdk.internal.reflect.GeneratedMethodAccessor10.invoke(Unknown Source)&#xa;	at java.base/jdk.internal.reflect.DelegatingMethodAccessorImpl.invoke(DelegatingMethodAccessorImpl.java:43)&#xa;	at org.openqa.selenium.support.events.EventFiringWebDriver$EventFiringWebElement.lambda$new$0(EventFiringWebDriver.java:404)&#xa;	at jdk.proxy2/jdk.proxy2.$Proxy21.click(Unknown Source)&#xa;	at org.openqa.selenium.support.events.EventFiringWebDriver$EventFiringWebElement.click(EventFiringWebDriver.java:417)&#xa;	at org.openqa.selenium.WebElement$click.call(Unknown Source)&#xa;	at com.kms.katalon.core.webui.keyword.builtin.ClickKeyword.clickUntilSuccessWithTimeout(ClickKeyword.groovy:81)&#xa;	at com.kms.katalon.core.webui.keyword.builtin.ClickKeyword.clickUntilSuccessWithTimeout(ClickKeyword.groovy)&#xa;	at jdk.internal.reflect.GeneratedMethodAccessor8.invoke(Unknown Source)&#xa;	at java.base/jdk.internal.reflect.DelegatingMethodAccessorImpl.invoke(DelegatingMethodAccessorImpl.java:43)&#xa;	at com.kms.katalon.core.webui.keyword.builtin.ClickKeyword$_click_closure1.doCall(ClickKeyword.groovy:67)&#xa;	at com.kms.katalon.core.webui.keyword.builtin.ClickKeyword$_click_closure1.call(ClickKeyword.groovy)&#xa;	at com.kms.katalon.core.webui.keyword.internal.WebUIKeywordMain.runKeyword(WebUIKeywordMain.groovy:35)&#xa;	... 38 more&#xa;"/>
         <system-out><![CDATA[27-11-2024T17:49:54 - [TEST_CASE][FAILED] - Test Cases/2.Positivos/2.2Sobre/Origen-Provincia/3.Destino-D,DO,O/Destino-DO: Test Cases/2.Positivos/2.2Sobre/Origen-Provincia/3.Destino-D,DO,O/Destino-DO FAILED.
Reason:
com.kms.katalon.core.exception.StepFailedException: Call Test Case 'Test Cases/1.Inicio/1.1Principal/Selec_sobre' failed
	at com.kms.katalon.core.keyword.builtin.CallTestCaseKeyword$_callTestCase_closure1.doCall(CallTestCaseKeyword.groovy:63)
	at com.kms.katalon.core.keyword.builtin.CallTestCaseKeyword$_callTestCase_closure1.call(CallTestCaseKeyword.groovy)
	at com.kms.katalon.core.keyword.internal.KeywordMain.runKeyword(KeywordMain.groovy:75)
	at com.kms.katalon.core.keyword.builtin.CallTestCaseKeyword.callTestCase(CallTestCaseKeyword.groovy:81)
	at com.kms.katalon.core.keyword.builtin.CallTestCaseKeyword.execute(CallTestCaseKeyword.groovy:44)
	at com.kms.katalon.core.keyword.internal.KeywordExecutor.executeKeywordForPlatform(KeywordExecutor.groovy:74)
	at com.kms.katalon.core.keyword.BuiltinKeywords.callTestCase(BuiltinKeywords.groovy:310)
	at jdk.internal.reflect.GeneratedMethodAccessor25.invoke(Unknown Source)
	at java.base/jdk.internal.reflect.DelegatingMethodAccessorImpl.invoke(DelegatingMethodAccessorImpl.java:43)
	at Destino-DO.run(Destino-DO:22)
	at com.kms.katalon.core.main.ScriptEngine.run(ScriptEngine.java:194)
	at com.kms.katalon.core.main.ScriptEngine.runScriptAsRawText(ScriptEngine.java:119)
	at com.kms.katalon.core.main.TestCaseExecutor.runScript(TestCaseExecutor.java:448)
	at com.kms.katalon.core.main.TestCaseExecutor.doExecute(TestCaseExecutor.java:439)
	at com.kms.katalon.core.main.TestCaseExecutor.processExecutionPhase(TestCaseExecutor.java:418)
	at com.kms.katalon.core.main.TestCaseExecutor.accessMainPhase(TestCaseExecutor.java:410)
	at com.kms.katalon.core.main.TestCaseExecutor.execute(TestCaseExecutor.java:285)
	at com.kms.katalon.core.common.CommonExecutor.accessTestCaseMainPhase(CommonExecutor.java:65)
	at com.kms.katalon.core.main.TestSuiteExecutor.accessTestSuiteMainPhase(TestSuiteExecutor.java:150)
	at com.kms.katalon.core.main.TestSuiteExecutor.execute(TestSuiteExecutor.java:106)
	at com.kms.katalon.core.main.TestCaseMain.startTestSuite(TestCaseMain.java:180)
	at TempTestSuite1732745349578.run(TempTestSuite1732745349578.groovy:35)
	at java.base/jdk.internal.reflect.NativeMethodAccessorImpl.invoke0(Native Method)
	at java.base/jdk.internal.reflect.NativeMethodAccessorImpl.invoke(NativeMethodAccessorImpl.java:77)
	at java.base/jdk.internal.reflect.DelegatingMethodAccessorImpl.invoke(DelegatingMethodAccessorImpl.java:43)
Caused by: com.kms.katalon.core.exception.StepFailedException: Unable to click on object 'Object Repository/Principal/Page_Olva Courier  Home/button_CONTINUAR (2)'
	at com.kms.katalon.core.webui.keyword.internal.WebUIKeywordMain.stepFailed(WebUIKeywordMain.groovy:117)
	at com.kms.katalon.core.webui.keyword.internal.WebUIKeywordMain.runKeyword(WebUIKeywordMain.groovy:43)
	at com.kms.katalon.core.webui.keyword.builtin.ClickKeyword.click(ClickKeyword.groovy:74)
	at com.kms.katalon.core.webui.keyword.builtin.ClickKeyword.execute(ClickKeyword.groovy:40)
	at com.kms.katalon.core.keyword.internal.KeywordExecutor.executeKeywordForPlatform(KeywordExecutor.groovy:74)
	at com.kms.katalon.core.webui.keyword.WebUiBuiltInKeywords.click(WebUiBuiltInKeywords.groovy:659)
	at Selec_sobre.run(Selec_sobre:24)
	at com.kms.katalon.core.main.ScriptEngine.run(ScriptEngine.java:194)
	at com.kms.katalon.core.main.ScriptEngine.runScriptAsRawText(ScriptEngine.java:119)
	at com.kms.katalon.core.main.TestCaseExecutor.runScript(TestCaseExecutor.java:448)
	at com.kms.katalon.core.main.TestCaseExecutor.doExecute(TestCaseExecutor.java:439)
	at com.kms.katalon.core.main.TestCaseExecutor.processExecutionPhase(TestCaseExecutor.java:418)
	at com.kms.katalon.core.main.TestCaseExecutor.accessMainPhase(TestCaseExecutor.java:410)
	at com.kms.katalon.core.main.TestCaseExecutor.execute(TestCaseExecutor.java:285)
	at com.kms.katalon.core.main.TestCaseMain.runTestCase(TestCaseMain.java:137)
	at com.kms.katalon.core.keyword.builtin.CallTestCaseKeyword$_callTestCase_closure1.doCall(CallTestCaseKeyword.groovy:59)
	... 24 more
Caused by: org.openqa.selenium.ElementClickInterceptedException: Element <button id="btn_aceptar_tipo_envio" class="btn disabled" type="button"> is not clickable at point (675,588) because another element <div class="modal-footer"> obscures it
Build info: version: '3.141.59', revision: 'unknown', time: 'unknown'
System info: host: 'DESKTOP-RGFFP9A', ip: '10.136.10.6', os.name: 'Windows 11', os.arch: 'amd64', os.version: '10.0', java.version: '17.0.7'
Driver info: com.kms.katalon.core.webui.driver.firefox.CGeckoDriver
Capabilities {acceptInsecureCerts: true, browserName: firefox, browserVersion: 133.0, javascriptEnabled: true, moz:accessibilityChecks: false, moz:buildID: 20241121140525, moz:geckodriverVersion: 0.35.0, moz:headless: false, moz:platformVersion: 10.0, moz:processID: 1296, moz:profile: C:\Users\OLVATI\AppData\Loc..., moz:shutdownTimeout: 60000, moz:webdriverClick: true, moz:windowless: false, pageLoadStrategy: normal, platform: WINDOWS, platformName: WINDOWS, proxy: Proxy(direct), setWindowRect: true, strictFileInteractability: false, timeouts: {implicit: 0, pageLoad: 300000, script: 30000}, unhandledPromptBehavior: dismiss and notify, userAgent: Mozilla/5.0 (Windows NT 10....}
Session ID: f029f7a9-ff79-4968-816d-b37fa74d7e1f
	at jdk.internal.reflect.GeneratedConstructorAccessor32.newInstance(Unknown Source)
	at java.base/jdk.internal.reflect.DelegatingConstructorAccessorImpl.newInstance(DelegatingConstructorAccessorImpl.java:45)
	at org.openqa.selenium.remote.http.W3CHttpResponseCodec.createException(W3CHttpResponseCodec.java:187)
	at org.openqa.selenium.remote.http.W3CHttpResponseCodec.decode(W3CHttpResponseCodec.java:122)
	at org.openqa.selenium.remote.http.W3CHttpResponseCodec.decode(W3CHttpResponseCodec.java:49)
	at org.openqa.selenium.remote.HttpCommandExecutor.execute(HttpCommandExecutor.java:158)
	at org.openqa.selenium.remote.service.DriverCommandExecutor.execute(DriverCommandExecutor.java:83)
	at org.openqa.selenium.remote.RemoteWebDriver.execute(RemoteWebDriver.java:552)
	at com.kms.katalon.selenium.driver.CFirefoxDriver.execute(CFirefoxDriver.java:28)
	at org.openqa.selenium.remote.RemoteWebElement.execute(RemoteWebElement.java:285)
	at org.openqa.selenium.remote.RemoteWebElement.click(RemoteWebElement.java:84)
	at jdk.internal.reflect.GeneratedMethodAccessor10.invoke(Unknown Source)
	at java.base/jdk.internal.reflect.DelegatingMethodAccessorImpl.invoke(DelegatingMethodAccessorImpl.java:43)
	at org.openqa.selenium.support.events.EventFiringWebDriver$EventFiringWebElement.lambda$new$0(EventFiringWebDriver.java:404)
	at jdk.proxy2/jdk.proxy2.$Proxy21.click(Unknown Source)
	at org.openqa.selenium.support.events.EventFiringWebDriver$EventFiringWebElement.click(EventFiringWebDriver.java:417)
	at org.openqa.selenium.WebElement$click.call(Unknown Source)
	at com.kms.katalon.core.webui.keyword.builtin.ClickKeyword.clickUntilSuccessWithTimeout(ClickKeyword.groovy:81)
	at com.kms.katalon.core.webui.keyword.builtin.ClickKeyword.clickUntilSuccessWithTimeout(ClickKeyword.groovy)
	at jdk.internal.reflect.GeneratedMethodAccessor8.invoke(Unknown Source)
	at java.base/jdk.internal.reflect.DelegatingMethodAccessorImpl.invoke(DelegatingMethodAccessorImpl.java:43)
	at com.kms.katalon.core.webui.keyword.builtin.ClickKeyword$_click_closure1.doCall(ClickKeyword.groovy:67)
	at com.kms.katalon.core.webui.keyword.builtin.ClickKeyword$_click_closure1.call(ClickKeyword.groovy)
	at com.kms.katalon.core.webui.keyword.internal.WebUIKeywordMain.runKeyword(WebUIKeywordMain.groovy:35)
	... 38 more


27-11-2024T17:49:55 - [TEST_STEP][PASSED] - callTestCase(findTestCase("1.Inicio/1.1Principal/Principal-home"), [:], STOP_ON_FAILURE): Call Test Case 'Test Cases/1.Inicio/1.1Principal/Principal-home' successfully

27-11-2024T17:49:55 - [TEST_CASE][PASSED] - Test Cases/1.Inicio/1.1Principal/Principal-home: Test Cases/1.Inicio/1.1Principal/Principal-home

27-11-2024T17:49:55 - [TEST_STEP][PASSED] - openBrowser(""): Browser is opened with url: ''

27-11-2024T17:49:55 - [MESSAGE][WARNING] - A browser is already opened. Closing browser and opening a new one

27-11-2024T17:49:57 - [MESSAGE][INFO] - Starting 'Firefox' driver

27-11-2024T17:49:57 - [MESSAGE][INFO] - Action delay is set to 0 milliseconds

27-11-2024T17:50:09 - [MESSAGE][PASSED] - Browser is opened with url: ''

27-11-2024T17:50:09 - [TEST_STEP][PASSED] - navigateToUrl("https://dev01-registrodeenvios.olvacourier.com/principal"): Navigate to 'https://dev01-registrodeenvios.olvacourier.com/principal' successfully

27-11-2024T17:50:11 - [MESSAGE][PASSED] - Navigate to 'https://dev01-registrodeenvios.olvacourier.com/principal' successfully

27-11-2024T17:50:11 - [TEST_STEP][PASSED] - maximizeWindow(): Current window maximized

27-11-2024T17:50:11 - [MESSAGE][PASSED] - Current window maximized

27-11-2024T17:50:11 - [MESSAGE][PASSED] - Call Test Case 'Test Cases/1.Inicio/1.1Principal/Principal-home' successfully

27-11-2024T17:50:11 - [TEST_STEP][FAILED] - callTestCase(findTestCase("1.Inicio/1.1Principal/Selec_sobre"), [:], STOP_ON_FAILURE): Unable to call Test Case 'Test Cases/1.Inicio/1.1Principal/Selec_sobre' (Root cause: com.kms.katalon.core.exception.StepFailedException: Call Test Case 'Test Cases/1.Inicio/1.1Principal/Selec_sobre' failed
	at com.kms.katalon.core.keyword.builtin.CallTestCaseKeyword$_callTestCase_closure1.doCall(CallTestCaseKeyword.groovy:63)
	at com.kms.katalon.core.keyword.builtin.CallTestCaseKeyword$_callTestCase_closure1.call(CallTestCaseKeyword.groovy)
	at com.kms.katalon.core.keyword.internal.KeywordMain.runKeyword(KeywordMain.groovy:75)
	at com.kms.katalon.core.keyword.builtin.CallTestCaseKeyword.callTestCase(CallTestCaseKeyword.groovy:81)
	at com.kms.katalon.core.keyword.builtin.CallTestCaseKeyword.execute(CallTestCaseKeyword.groovy:44)
	at com.kms.katalon.core.keyword.internal.KeywordExecutor.executeKeywordForPlatform(KeywordExecutor.groovy:74)
	at com.kms.katalon.core.keyword.BuiltinKeywords.callTestCase(BuiltinKeywords.groovy:310)
	at jdk.internal.reflect.GeneratedMethodAccessor25.invoke(Unknown Source)
	at java.base/jdk.internal.reflect.DelegatingMethodAccessorImpl.invoke(DelegatingMethodAccessorImpl.java:43)
	at Destino-DO.run(Destino-DO:22)
	at com.kms.katalon.core.main.ScriptEngine.run(ScriptEngine.java:194)
	at com.kms.katalon.core.main.ScriptEngine.runScriptAsRawText(ScriptEngine.java:119)
	at com.kms.katalon.core.main.TestCaseExecutor.runScript(TestCaseExecutor.java:448)
	at com.kms.katalon.core.main.TestCaseExecutor.doExecute(TestCaseExecutor.java:439)
	at com.kms.katalon.core.main.TestCaseExecutor.processExecutionPhase(TestCaseExecutor.java:418)
	at com.kms.katalon.core.main.TestCaseExecutor.accessMainPhase(TestCaseExecutor.java:410)
	at com.kms.katalon.core.main.TestCaseExecutor.execute(TestCaseExecutor.java:285)
	at com.kms.katalon.core.common.CommonExecutor.accessTestCaseMainPhase(CommonExecutor.java:65)
	at com.kms.katalon.core.main.TestSuiteExecutor.accessTestSuiteMainPhase(TestSuiteExecutor.java:150)
	at com.kms.katalon.core.main.TestSuiteExecutor.execute(TestSuiteExecutor.java:106)
	at com.kms.katalon.core.main.TestCaseMain.startTestSuite(TestCaseMain.java:180)
	at TempTestSuite1732745349578.run(TempTestSuite1732745349578.groovy:35)
	at java.base/jdk.internal.reflect.NativeMethodAccessorImpl.invoke0(Native Method)
	at java.base/jdk.internal.reflect.NativeMethodAccessorImpl.invoke(NativeMethodAccessorImpl.java:77)
	at java.base/jdk.internal.reflect.DelegatingMethodAccessorImpl.invoke(DelegatingMethodAccessorImpl.java:43)
Caused by: com.kms.katalon.core.exception.StepFailedException: Unable to click on object 'Object Repository/Principal/Page_Olva Courier  Home/button_CONTINUAR (2)'
	at com.kms.katalon.core.webui.keyword.internal.WebUIKeywordMain.stepFailed(WebUIKeywordMain.groovy:117)
	at com.kms.katalon.core.webui.keyword.internal.WebUIKeywordMain.runKeyword(WebUIKeywordMain.groovy:43)
	at com.kms.katalon.core.webui.keyword.builtin.ClickKeyword.click(ClickKeyword.groovy:74)
	at com.kms.katalon.core.webui.keyword.builtin.ClickKeyword.execute(ClickKeyword.groovy:40)
	at com.kms.katalon.core.keyword.internal.KeywordExecutor.executeKeywordForPlatform(KeywordExecutor.groovy:74)
	at com.kms.katalon.core.webui.keyword.WebUiBuiltInKeywords.click(WebUiBuiltInKeywords.groovy:659)
	at Selec_sobre.run(Selec_sobre:24)
	at com.kms.katalon.core.main.ScriptEngine.run(ScriptEngine.java:194)
	at com.kms.katalon.core.main.ScriptEngine.runScriptAsRawText(ScriptEngine.java:119)
	at com.kms.katalon.core.main.TestCaseExecutor.runScript(TestCaseExecutor.java:448)
	at com.kms.katalon.core.main.TestCaseExecutor.doExecute(TestCaseExecutor.java:439)
	at com.kms.katalon.core.main.TestCaseExecutor.processExecutionPhase(TestCaseExecutor.java:418)
	at com.kms.katalon.core.main.TestCaseExecutor.accessMainPhase(TestCaseExecutor.java:410)
	at com.kms.katalon.core.main.TestCaseExecutor.execute(TestCaseExecutor.java:285)
	at com.kms.katalon.core.main.TestCaseMain.runTestCase(TestCaseMain.java:137)
	at com.kms.katalon.core.keyword.builtin.CallTestCaseKeyword$_callTestCase_closure1.doCall(CallTestCaseKeyword.groovy:59)
	... 24 more
Caused by: org.openqa.selenium.ElementClickInterceptedException: Element <button id="btn_aceptar_tipo_envio" class="btn disabled" type="button"> is not clickable at point (675,588) because another element <div class="modal-footer"> obscures it
Build info: version: '3.141.59', revision: 'unknown', time: 'unknown'
System info: host: 'DESKTOP-RGFFP9A', ip: '10.136.10.6', os.name: 'Windows 11', os.arch: 'amd64', os.version: '10.0', java.version: '17.0.7'
Driver info: com.kms.katalon.core.webui.driver.firefox.CGeckoDriver
Capabilities {acceptInsecureCerts: true, browserName: firefox, browserVersion: 133.0, javascriptEnabled: true, moz:accessibilityChecks: false, moz:buildID: 20241121140525, moz:geckodriverVersion: 0.35.0, moz:headless: false, moz:platformVersion: 10.0, moz:processID: 1296, moz:profile: C:\Users\OLVATI\AppData\Loc..., moz:shutdownTimeout: 60000, moz:webdriverClick: true, moz:windowless: false, pageLoadStrategy: normal, platform: WINDOWS, platformName: WINDOWS, proxy: Proxy(direct), setWindowRect: true, strictFileInteractability: false, timeouts: {implicit: 0, pageLoad: 300000, script: 30000}, unhandledPromptBehavior: dismiss and notify, userAgent: Mozilla/5.0 (Windows NT 10....}
Session ID: f029f7a9-ff79-4968-816d-b37fa74d7e1f
	at jdk.internal.reflect.GeneratedConstructorAccessor32.newInstance(Unknown Source)
	at java.base/jdk.internal.reflect.DelegatingConstructorAccessorImpl.newInstance(DelegatingConstructorAccessorImpl.java:45)
	at org.openqa.selenium.remote.http.W3CHttpResponseCodec.createException(W3CHttpResponseCodec.java:187)
	at org.openqa.selenium.remote.http.W3CHttpResponseCodec.decode(W3CHttpResponseCodec.java:122)
	at org.openqa.selenium.remote.http.W3CHttpResponseCodec.decode(W3CHttpResponseCodec.java:49)
	at org.openqa.selenium.remote.HttpCommandExecutor.execute(HttpCommandExecutor.java:158)
	at org.openqa.selenium.remote.service.DriverCommandExecutor.execute(DriverCommandExecutor.java:83)
	at org.openqa.selenium.remote.RemoteWebDriver.execute(RemoteWebDriver.java:552)
	at com.kms.katalon.selenium.driver.CFirefoxDriver.execute(CFirefoxDriver.java:28)
	at org.openqa.selenium.remote.RemoteWebElement.execute(RemoteWebElement.java:285)
	at org.openqa.selenium.remote.RemoteWebElement.click(RemoteWebElement.java:84)
	at jdk.internal.reflect.GeneratedMethodAccessor10.invoke(Unknown Source)
	at java.base/jdk.internal.reflect.DelegatingMethodAccessorImpl.invoke(DelegatingMethodAccessorImpl.java:43)
	at org.openqa.selenium.support.events.EventFiringWebDriver$EventFiringWebElement.lambda$new$0(EventFiringWebDriver.java:404)
	at jdk.proxy2/jdk.proxy2.$Proxy21.click(Unknown Source)
	at org.openqa.selenium.support.events.EventFiringWebDriver$EventFiringWebElement.click(EventFiringWebDriver.java:417)
	at org.openqa.selenium.WebElement$click.call(Unknown Source)
	at com.kms.katalon.core.webui.keyword.builtin.ClickKeyword.clickUntilSuccessWithTimeout(ClickKeyword.groovy:81)
	at com.kms.katalon.core.webui.keyword.builtin.ClickKeyword.clickUntilSuccessWithTimeout(ClickKeyword.groovy)
	at jdk.internal.reflect.GeneratedMethodAccessor8.invoke(Unknown Source)
	at java.base/jdk.internal.reflect.DelegatingMethodAccessorImpl.invoke(DelegatingMethodAccessorImpl.java:43)
	at com.kms.katalon.core.webui.keyword.builtin.ClickKeyword$_click_closure1.doCall(ClickKeyword.groovy:67)
	at com.kms.katalon.core.webui.keyword.builtin.ClickKeyword$_click_closure1.call(ClickKeyword.groovy)
	at com.kms.katalon.core.webui.keyword.internal.WebUIKeywordMain.runKeyword(WebUIKeywordMain.groovy:35)
	... 38 more
)

27-11-2024T17:50:11 - [TEST_CASE][FAILED] - Test Cases/1.Inicio/1.1Principal/Selec_sobre: Test Cases/1.Inicio/1.1Principal/Selec_sobre FAILED.
Reason:
com.kms.katalon.core.exception.StepFailedException: Unable to click on object 'Object Repository/Principal/Page_Olva Courier  Home/button_CONTINUAR (2)'
	at com.kms.katalon.core.webui.keyword.internal.WebUIKeywordMain.stepFailed(WebUIKeywordMain.groovy:117)
	at com.kms.katalon.core.webui.keyword.internal.WebUIKeywordMain.runKeyword(WebUIKeywordMain.groovy:43)
	at com.kms.katalon.core.webui.keyword.builtin.ClickKeyword.click(ClickKeyword.groovy:74)
	at com.kms.katalon.core.webui.keyword.builtin.ClickKeyword.execute(ClickKeyword.groovy:40)
	at com.kms.katalon.core.keyword.internal.KeywordExecutor.executeKeywordForPlatform(KeywordExecutor.groovy:74)
	at com.kms.katalon.core.webui.keyword.WebUiBuiltInKeywords.click(WebUiBuiltInKeywords.groovy:659)
	at Selec_sobre.run(Selec_sobre:24)
	at com.kms.katalon.core.main.ScriptEngine.run(ScriptEngine.java:194)
	at com.kms.katalon.core.main.ScriptEngine.runScriptAsRawText(ScriptEngine.java:119)
	at com.kms.katalon.core.main.TestCaseExecutor.runScript(TestCaseExecutor.java:448)
	at com.kms.katalon.core.main.TestCaseExecutor.doExecute(TestCaseExecutor.java:439)
	at com.kms.katalon.core.main.TestCaseExecutor.processExecutionPhase(TestCaseExecutor.java:418)
	at com.kms.katalon.core.main.TestCaseExecutor.accessMainPhase(TestCaseExecutor.java:410)
	at com.kms.katalon.core.main.TestCaseExecutor.execute(TestCaseExecutor.java:285)
	at com.kms.katalon.core.main.TestCaseMain.runTestCase(TestCaseMain.java:137)
	at com.kms.katalon.core.keyword.builtin.CallTestCaseKeyword$_callTestCase_closure1.doCall(CallTestCaseKeyword.groovy:59)
	at com.kms.katalon.core.keyword.builtin.CallTestCaseKeyword$_callTestCase_closure1.call(CallTestCaseKeyword.groovy)
	at com.kms.katalon.core.keyword.internal.KeywordMain.runKeyword(KeywordMain.groovy:75)
	at com.kms.katalon.core.keyword.builtin.CallTestCaseKeyword.callTestCase(CallTestCaseKeyword.groovy:81)
	at com.kms.katalon.core.keyword.builtin.CallTestCaseKeyword.execute(CallTestCaseKeyword.groovy:44)
	at com.kms.katalon.core.keyword.internal.KeywordExecutor.executeKeywordForPlatform(KeywordExecutor.groovy:74)
	at com.kms.katalon.core.keyword.BuiltinKeywords.callTestCase(BuiltinKeywords.groovy:310)
	at jdk.internal.reflect.GeneratedMethodAccessor25.invoke(Unknown Source)
	at java.base/jdk.internal.reflect.DelegatingMethodAccessorImpl.invoke(DelegatingMethodAccessorImpl.java:43)
	at Destino-DO.run(Destino-DO:22)
	at com.kms.katalon.core.main.ScriptEngine.run(ScriptEngine.java:194)
	at com.kms.katalon.core.main.ScriptEngine.runScriptAsRawText(ScriptEngine.java:119)
	at com.kms.katalon.core.main.TestCaseExecutor.runScript(TestCaseExecutor.java:448)
	at com.kms.katalon.core.main.TestCaseExecutor.doExecute(TestCaseExecutor.java:439)
	at com.kms.katalon.core.main.TestCaseExecutor.processExecutionPhase(TestCaseExecutor.java:418)
	at com.kms.katalon.core.main.TestCaseExecutor.accessMainPhase(TestCaseExecutor.java:410)
	at com.kms.katalon.core.main.TestCaseExecutor.execute(TestCaseExecutor.java:285)
	at com.kms.katalon.core.common.CommonExecutor.accessTestCaseMainPhase(CommonExecutor.java:65)
	at com.kms.katalon.core.main.TestSuiteExecutor.accessTestSuiteMainPhase(TestSuiteExecutor.java:150)
	at com.kms.katalon.core.main.TestSuiteExecutor.execute(TestSuiteExecutor.java:106)
	at com.kms.katalon.core.main.TestCaseMain.startTestSuite(TestCaseMain.java:180)
	at TempTestSuite1732745349578.run(TempTestSuite1732745349578.groovy:35)
	at java.base/jdk.internal.reflect.NativeMethodAccessorImpl.invoke0(Native Method)
	at java.base/jdk.internal.reflect.NativeMethodAccessorImpl.invoke(NativeMethodAccessorImpl.java:77)
	at java.base/jdk.internal.reflect.DelegatingMethodAccessorImpl.invoke(DelegatingMethodAccessorImpl.java:43)
Caused by: org.openqa.selenium.ElementClickInterceptedException: Element <button id="btn_aceptar_tipo_envio" class="btn disabled" type="button"> is not clickable at point (675,588) because another element <div class="modal-footer"> obscures it
Build info: version: '3.141.59', revision: 'unknown', time: 'unknown'
System info: host: 'DESKTOP-RGFFP9A', ip: '10.136.10.6', os.name: 'Windows 11', os.arch: 'amd64', os.version: '10.0', java.version: '17.0.7'
Driver info: com.kms.katalon.core.webui.driver.firefox.CGeckoDriver
Capabilities {acceptInsecureCerts: true, browserName: firefox, browserVersion: 133.0, javascriptEnabled: true, moz:accessibilityChecks: false, moz:buildID: 20241121140525, moz:geckodriverVersion: 0.35.0, moz:headless: false, moz:platformVersion: 10.0, moz:processID: 1296, moz:profile: C:\Users\OLVATI\AppData\Loc..., moz:shutdownTimeout: 60000, moz:webdriverClick: true, moz:windowless: false, pageLoadStrategy: normal, platform: WINDOWS, platformName: WINDOWS, proxy: Proxy(direct), setWindowRect: true, strictFileInteractability: false, timeouts: {implicit: 0, pageLoad: 300000, script: 30000}, unhandledPromptBehavior: dismiss and notify, userAgent: Mozilla/5.0 (Windows NT 10....}
Session ID: f029f7a9-ff79-4968-816d-b37fa74d7e1f
	at jdk.internal.reflect.GeneratedConstructorAccessor32.newInstance(Unknown Source)
	at java.base/jdk.internal.reflect.DelegatingConstructorAccessorImpl.newInstance(DelegatingConstructorAccessorImpl.java:45)
	at org.openqa.selenium.remote.http.W3CHttpResponseCodec.createException(W3CHttpResponseCodec.java:187)
	at org.openqa.selenium.remote.http.W3CHttpResponseCodec.decode(W3CHttpResponseCodec.java:122)
	at org.openqa.selenium.remote.http.W3CHttpResponseCodec.decode(W3CHttpResponseCodec.java:49)
	at org.openqa.selenium.remote.HttpCommandExecutor.execute(HttpCommandExecutor.java:158)
	at org.openqa.selenium.remote.service.DriverCommandExecutor.execute(DriverCommandExecutor.java:83)
	at org.openqa.selenium.remote.RemoteWebDriver.execute(RemoteWebDriver.java:552)
	at com.kms.katalon.selenium.driver.CFirefoxDriver.execute(CFirefoxDriver.java:28)
	at org.openqa.selenium.remote.RemoteWebElement.execute(RemoteWebElement.java:285)
	at org.openqa.selenium.remote.RemoteWebElement.click(RemoteWebElement.java:84)
	at jdk.internal.reflect.GeneratedMethodAccessor10.invoke(Unknown Source)
	at java.base/jdk.internal.reflect.DelegatingMethodAccessorImpl.invoke(DelegatingMethodAccessorImpl.java:43)
	at org.openqa.selenium.support.events.EventFiringWebDriver$EventFiringWebElement.lambda$new$0(EventFiringWebDriver.java:404)
	at jdk.proxy2/jdk.proxy2.$Proxy21.click(Unknown Source)
	at org.openqa.selenium.support.events.EventFiringWebDriver$EventFiringWebElement.click(EventFiringWebDriver.java:417)
	at org.openqa.selenium.WebElement$click.call(Unknown Source)
	at com.kms.katalon.core.webui.keyword.builtin.ClickKeyword.clickUntilSuccessWithTimeout(ClickKeyword.groovy:81)
	at com.kms.katalon.core.webui.keyword.builtin.ClickKeyword.clickUntilSuccessWithTimeout(ClickKeyword.groovy)
	at jdk.internal.reflect.GeneratedMethodAccessor8.invoke(Unknown Source)
	at java.base/jdk.internal.reflect.DelegatingMethodAccessorImpl.invoke(DelegatingMethodAccessorImpl.java:43)
	at com.kms.katalon.core.webui.keyword.builtin.ClickKeyword$_click_closure1.doCall(ClickKeyword.groovy:67)
	at com.kms.katalon.core.webui.keyword.builtin.ClickKeyword$_click_closure1.call(ClickKeyword.groovy)
	at com.kms.katalon.core.webui.keyword.internal.WebUIKeywordMain.runKeyword(WebUIKeywordMain.groovy:35)
	... 38 more


27-11-2024T17:50:11 - [TEST_STEP][PASSED] - click(findTestObject("Object Repository/Principal/Page_Olva Courier  Home/img_Envo de cajas o paquetescon un peso mxi_37770f")): Object: 'Object Repository/Principal/Page_Olva Courier  Home/img_Envo de cajas o paquetescon un peso mxi_37770f' is clicked on

27-11-2024T17:50:12 - [MESSAGE][PASSED] - Object: 'Object Repository/Principal/Page_Olva Courier  Home/img_Envo de cajas o paquetescon un peso mxi_37770f' is clicked on

27-11-2024T17:50:12 - [TEST_STEP][PASSED] - click(findTestObject("Object Repository/Principal/Page_Olva Courier  Home/label_He ledo y acepto los trminos de uso y_adab65")): Object: 'Object Repository/Principal/Page_Olva Courier  Home/label_He ledo y acepto los trminos de uso y_adab65' is clicked on

27-11-2024T17:50:12 - [MESSAGE][PASSED] - Object: 'Object Repository/Principal/Page_Olva Courier  Home/label_He ledo y acepto los trminos de uso y_adab65' is clicked on

27-11-2024T17:50:12 - [TEST_STEP][FAILED] - click(findTestObject("Object Repository/Principal/Page_Olva Courier  Home/button_CONTINUAR (2)")): Unable to click on object 'Object Repository/Principal/Page_Olva Courier  Home/button_CONTINUAR (2)' (Root cause: com.kms.katalon.core.exception.StepFailedException: Unable to click on object 'Object Repository/Principal/Page_Olva Courier  Home/button_CONTINUAR (2)'
	at com.kms.katalon.core.webui.keyword.internal.WebUIKeywordMain.stepFailed(WebUIKeywordMain.groovy:117)
	at com.kms.katalon.core.webui.keyword.internal.WebUIKeywordMain.runKeyword(WebUIKeywordMain.groovy:43)
	at com.kms.katalon.core.webui.keyword.builtin.ClickKeyword.click(ClickKeyword.groovy:74)
	at com.kms.katalon.core.webui.keyword.builtin.ClickKeyword.execute(ClickKeyword.groovy:40)
	at com.kms.katalon.core.keyword.internal.KeywordExecutor.executeKeywordForPlatform(KeywordExecutor.groovy:74)
	at com.kms.katalon.core.webui.keyword.WebUiBuiltInKeywords.click(WebUiBuiltInKeywords.groovy:659)
	at Selec_sobre.run(Selec_sobre:24)
	at com.kms.katalon.core.main.ScriptEngine.run(ScriptEngine.java:194)
	at com.kms.katalon.core.main.ScriptEngine.runScriptAsRawText(ScriptEngine.java:119)
	at com.kms.katalon.core.main.TestCaseExecutor.runScript(TestCaseExecutor.java:448)
	at com.kms.katalon.core.main.TestCaseExecutor.doExecute(TestCaseExecutor.java:439)
	at com.kms.katalon.core.main.TestCaseExecutor.processExecutionPhase(TestCaseExecutor.java:418)
	at com.kms.katalon.core.main.TestCaseExecutor.accessMainPhase(TestCaseExecutor.java:410)
	at com.kms.katalon.core.main.TestCaseExecutor.execute(TestCaseExecutor.java:285)
	at com.kms.katalon.core.main.TestCaseMain.runTestCase(TestCaseMain.java:137)
	at com.kms.katalon.core.keyword.builtin.CallTestCaseKeyword$_callTestCase_closure1.doCall(CallTestCaseKeyword.groovy:59)
	at com.kms.katalon.core.keyword.builtin.CallTestCaseKeyword$_callTestCase_closure1.call(CallTestCaseKeyword.groovy)
	at com.kms.katalon.core.keyword.internal.KeywordMain.runKeyword(KeywordMain.groovy:75)
	at com.kms.katalon.core.keyword.builtin.CallTestCaseKeyword.callTestCase(CallTestCaseKeyword.groovy:81)
	at com.kms.katalon.core.keyword.builtin.CallTestCaseKeyword.execute(CallTestCaseKeyword.groovy:44)
	at com.kms.katalon.core.keyword.internal.KeywordExecutor.executeKeywordForPlatform(KeywordExecutor.groovy:74)
	at com.kms.katalon.core.keyword.BuiltinKeywords.callTestCase(BuiltinKeywords.groovy:310)
	at jdk.internal.reflect.GeneratedMethodAccessor25.invoke(Unknown Source)
	at java.base/jdk.internal.reflect.DelegatingMethodAccessorImpl.invoke(DelegatingMethodAccessorImpl.java:43)
	at Destino-DO.run(Destino-DO:22)
	at com.kms.katalon.core.main.ScriptEngine.run(ScriptEngine.java:194)
	at com.kms.katalon.core.main.ScriptEngine.runScriptAsRawText(ScriptEngine.java:119)
	at com.kms.katalon.core.main.TestCaseExecutor.runScript(TestCaseExecutor.java:448)
	at com.kms.katalon.core.main.TestCaseExecutor.doExecute(TestCaseExecutor.java:439)
	at com.kms.katalon.core.main.TestCaseExecutor.processExecutionPhase(TestCaseExecutor.java:418)
	at com.kms.katalon.core.main.TestCaseExecutor.accessMainPhase(TestCaseExecutor.java:410)
	at com.kms.katalon.core.main.TestCaseExecutor.execute(TestCaseExecutor.java:285)
	at com.kms.katalon.core.common.CommonExecutor.accessTestCaseMainPhase(CommonExecutor.java:65)
	at com.kms.katalon.core.main.TestSuiteExecutor.accessTestSuiteMainPhase(TestSuiteExecutor.java:150)
	at com.kms.katalon.core.main.TestSuiteExecutor.execute(TestSuiteExecutor.java:106)
	at com.kms.katalon.core.main.TestCaseMain.startTestSuite(TestCaseMain.java:180)
	at TempTestSuite1732745349578.run(TempTestSuite1732745349578.groovy:35)
	at java.base/jdk.internal.reflect.NativeMethodAccessorImpl.invoke0(Native Method)
	at java.base/jdk.internal.reflect.NativeMethodAccessorImpl.invoke(NativeMethodAccessorImpl.java:77)
	at java.base/jdk.internal.reflect.DelegatingMethodAccessorImpl.invoke(DelegatingMethodAccessorImpl.java:43)
Caused by: org.openqa.selenium.ElementClickInterceptedException: Element <button id="btn_aceptar_tipo_envio" class="btn disabled" type="button"> is not clickable at point (675,588) because another element <div class="modal-footer"> obscures it
Build info: version: '3.141.59', revision: 'unknown', time: 'unknown'
System info: host: 'DESKTOP-RGFFP9A', ip: '10.136.10.6', os.name: 'Windows 11', os.arch: 'amd64', os.version: '10.0', java.version: '17.0.7'
Driver info: com.kms.katalon.core.webui.driver.firefox.CGeckoDriver
Capabilities {acceptInsecureCerts: true, browserName: firefox, browserVersion: 133.0, javascriptEnabled: true, moz:accessibilityChecks: false, moz:buildID: 20241121140525, moz:geckodriverVersion: 0.35.0, moz:headless: false, moz:platformVersion: 10.0, moz:processID: 1296, moz:profile: C:\Users\OLVATI\AppData\Loc..., moz:shutdownTimeout: 60000, moz:webdriverClick: true, moz:windowless: false, pageLoadStrategy: normal, platform: WINDOWS, platformName: WINDOWS, proxy: Proxy(direct), setWindowRect: true, strictFileInteractability: false, timeouts: {implicit: 0, pageLoad: 300000, script: 30000}, unhandledPromptBehavior: dismiss and notify, userAgent: Mozilla/5.0 (Windows NT 10....}
Session ID: f029f7a9-ff79-4968-816d-b37fa74d7e1f
	at jdk.internal.reflect.GeneratedConstructorAccessor32.newInstance(Unknown Source)
	at java.base/jdk.internal.reflect.DelegatingConstructorAccessorImpl.newInstance(DelegatingConstructorAccessorImpl.java:45)
	at org.openqa.selenium.remote.http.W3CHttpResponseCodec.createException(W3CHttpResponseCodec.java:187)
	at org.openqa.selenium.remote.http.W3CHttpResponseCodec.decode(W3CHttpResponseCodec.java:122)
	at org.openqa.selenium.remote.http.W3CHttpResponseCodec.decode(W3CHttpResponseCodec.java:49)
	at org.openqa.selenium.remote.HttpCommandExecutor.execute(HttpCommandExecutor.java:158)
	at org.openqa.selenium.remote.service.DriverCommandExecutor.execute(DriverCommandExecutor.java:83)
	at org.openqa.selenium.remote.RemoteWebDriver.execute(RemoteWebDriver.java:552)
	at com.kms.katalon.selenium.driver.CFirefoxDriver.execute(CFirefoxDriver.java:28)
	at org.openqa.selenium.remote.RemoteWebElement.execute(RemoteWebElement.java:285)
	at org.openqa.selenium.remote.RemoteWebElement.click(RemoteWebElement.java:84)
	at jdk.internal.reflect.GeneratedMethodAccessor10.invoke(Unknown Source)
	at java.base/jdk.internal.reflect.DelegatingMethodAccessorImpl.invoke(DelegatingMethodAccessorImpl.java:43)
	at org.openqa.selenium.support.events.EventFiringWebDriver$EventFiringWebElement.lambda$new$0(EventFiringWebDriver.java:404)
	at jdk.proxy2/jdk.proxy2.$Proxy21.click(Unknown Source)
	at org.openqa.selenium.support.events.EventFiringWebDriver$EventFiringWebElement.click(EventFiringWebDriver.java:417)
	at org.openqa.selenium.WebElement$click.call(Unknown Source)
	at com.kms.katalon.core.webui.keyword.builtin.ClickKeyword.clickUntilSuccessWithTimeout(ClickKeyword.groovy:81)
	at com.kms.katalon.core.webui.keyword.builtin.ClickKeyword.clickUntilSuccessWithTimeout(ClickKeyword.groovy)
	at jdk.internal.reflect.GeneratedMethodAccessor8.invoke(Unknown Source)
	at java.base/jdk.internal.reflect.DelegatingMethodAccessorImpl.invoke(DelegatingMethodAccessorImpl.java:43)
	at com.kms.katalon.core.webui.keyword.builtin.ClickKeyword$_click_closure1.doCall(ClickKeyword.groovy:67)
	at com.kms.katalon.core.webui.keyword.builtin.ClickKeyword$_click_closure1.call(ClickKeyword.groovy)
	at com.kms.katalon.core.webui.keyword.internal.WebUIKeywordMain.runKeyword(WebUIKeywordMain.groovy:35)
	at com.kms.katalon.core.webui.keyword.builtin.ClickKeyword.click(ClickKeyword.groovy:74)
	at com.kms.katalon.core.webui.keyword.builtin.ClickKeyword.execute(ClickKeyword.groovy:40)
	at com.kms.katalon.core.keyword.internal.KeywordExecutor.executeKeywordForPlatform(KeywordExecutor.groovy:74)
	at com.kms.katalon.core.webui.keyword.WebUiBuiltInKeywords.click(WebUiBuiltInKeywords.groovy:659)
	at Script1732083570761.run(Script1732083570761.groovy:24)
	at com.kms.katalon.core.main.ScriptEngine.run(ScriptEngine.java:194)
	at com.kms.katalon.core.main.ScriptEngine.runScriptAsRawText(ScriptEngine.java:119)
	at com.kms.katalon.core.main.TestCaseExecutor.runScript(TestCaseExecutor.java:448)
	at com.kms.katalon.core.main.TestCaseExecutor.doExecute(TestCaseExecutor.java:439)
	at com.kms.katalon.core.main.TestCaseExecutor.processExecutionPhase(TestCaseExecutor.java:418)
	at com.kms.katalon.core.main.TestCaseExecutor.accessMainPhase(TestCaseExecutor.java:410)
	at com.kms.katalon.core.main.TestCaseExecutor.execute(TestCaseExecutor.java:285)
	at com.kms.katalon.core.main.TestCaseMain.runTestCase(TestCaseMain.java:137)
	at com.kms.katalon.core.keyword.builtin.CallTestCaseKeyword$_callTestCase_closure1.doCall(CallTestCaseKeyword.groovy:59)
	at com.kms.katalon.core.keyword.builtin.CallTestCaseKeyword$_callTestCase_closure1.call(CallTestCaseKeyword.groovy)
	at com.kms.katalon.core.keyword.internal.KeywordMain.runKeyword(KeywordMain.groovy:75)
	at com.kms.katalon.core.keyword.builtin.CallTestCaseKeyword.callTestCase(CallTestCaseKeyword.groovy:81)
	at com.kms.katalon.core.keyword.builtin.CallTestCaseKeyword.execute(CallTestCaseKeyword.groovy:44)
	at com.kms.katalon.core.keyword.internal.KeywordExecutor.executeKeywordForPlatform(KeywordExecutor.groovy:74)
	at com.kms.katalon.core.keyword.BuiltinKeywords.callTestCase(BuiltinKeywords.groovy:310)
	at jdk.internal.reflect.GeneratedMethodAccessor25.invoke(Unknown Source)
	at java.base/jdk.internal.reflect.DelegatingMethodAccessorImpl.invoke(DelegatingMethodAccessorImpl.java:43)
	at Script1732341473624.run(Script1732341473624.groovy:22)
	... 15 more
)

27-11-2024T17:50:43 - [MESSAGE][FAILED] - Unable to click on object 'Object Repository/Principal/Page_Olva Courier  Home/button_CONTINUAR (2)' (Root cause: com.kms.katalon.core.exception.StepFailedException: Unable to click on object 'Object Repository/Principal/Page_Olva Courier  Home/button_CONTINUAR (2)'
	at com.kms.katalon.core.webui.keyword.internal.WebUIKeywordMain.stepFailed(WebUIKeywordMain.groovy:117)
	at com.kms.katalon.core.webui.keyword.internal.WebUIKeywordMain.runKeyword(WebUIKeywordMain.groovy:43)
	at com.kms.katalon.core.webui.keyword.builtin.ClickKeyword.click(ClickKeyword.groovy:74)
	at com.kms.katalon.core.webui.keyword.builtin.ClickKeyword.execute(ClickKeyword.groovy:40)
	at com.kms.katalon.core.keyword.internal.KeywordExecutor.executeKeywordForPlatform(KeywordExecutor.groovy:74)
	at com.kms.katalon.core.webui.keyword.WebUiBuiltInKeywords.click(WebUiBuiltInKeywords.groovy:659)
	at Selec_sobre.run(Selec_sobre:24)
	at com.kms.katalon.core.main.ScriptEngine.run(ScriptEngine.java:194)
	at com.kms.katalon.core.main.ScriptEngine.runScriptAsRawText(ScriptEngine.java:119)
	at com.kms.katalon.core.main.TestCaseExecutor.runScript(TestCaseExecutor.java:448)
	at com.kms.katalon.core.main.TestCaseExecutor.doExecute(TestCaseExecutor.java:439)
	at com.kms.katalon.core.main.TestCaseExecutor.processExecutionPhase(TestCaseExecutor.java:418)
	at com.kms.katalon.core.main.TestCaseExecutor.accessMainPhase(TestCaseExecutor.java:410)
	at com.kms.katalon.core.main.TestCaseExecutor.execute(TestCaseExecutor.java:285)
	at com.kms.katalon.core.main.TestCaseMain.runTestCase(TestCaseMain.java:137)
	at com.kms.katalon.core.keyword.builtin.CallTestCaseKeyword$_callTestCase_closure1.doCall(CallTestCaseKeyword.groovy:59)
	at com.kms.katalon.core.keyword.builtin.CallTestCaseKeyword$_callTestCase_closure1.call(CallTestCaseKeyword.groovy)
	at com.kms.katalon.core.keyword.internal.KeywordMain.runKeyword(KeywordMain.groovy:75)
	at com.kms.katalon.core.keyword.builtin.CallTestCaseKeyword.callTestCase(CallTestCaseKeyword.groovy:81)
	at com.kms.katalon.core.keyword.builtin.CallTestCaseKeyword.execute(CallTestCaseKeyword.groovy:44)
	at com.kms.katalon.core.keyword.internal.KeywordExecutor.executeKeywordForPlatform(KeywordExecutor.groovy:74)
	at com.kms.katalon.core.keyword.BuiltinKeywords.callTestCase(BuiltinKeywords.groovy:310)
	at jdk.internal.reflect.GeneratedMethodAccessor25.invoke(Unknown Source)
	at java.base/jdk.internal.reflect.DelegatingMethodAccessorImpl.invoke(DelegatingMethodAccessorImpl.java:43)
	at Destino-DO.run(Destino-DO:22)
	at com.kms.katalon.core.main.ScriptEngine.run(ScriptEngine.java:194)
	at com.kms.katalon.core.main.ScriptEngine.runScriptAsRawText(ScriptEngine.java:119)
	at com.kms.katalon.core.main.TestCaseExecutor.runScript(TestCaseExecutor.java:448)
	at com.kms.katalon.core.main.TestCaseExecutor.doExecute(TestCaseExecutor.java:439)
	at com.kms.katalon.core.main.TestCaseExecutor.processExecutionPhase(TestCaseExecutor.java:418)
	at com.kms.katalon.core.main.TestCaseExecutor.accessMainPhase(TestCaseExecutor.java:410)
	at com.kms.katalon.core.main.TestCaseExecutor.execute(TestCaseExecutor.java:285)
	at com.kms.katalon.core.common.CommonExecutor.accessTestCaseMainPhase(CommonExecutor.java:65)
	at com.kms.katalon.core.main.TestSuiteExecutor.accessTestSuiteMainPhase(TestSuiteExecutor.java:150)
	at com.kms.katalon.core.main.TestSuiteExecutor.execute(TestSuiteExecutor.java:106)
	at com.kms.katalon.core.main.TestCaseMain.startTestSuite(TestCaseMain.java:180)
	at TempTestSuite1732745349578.run(TempTestSuite1732745349578.groovy:35)
	at java.base/jdk.internal.reflect.NativeMethodAccessorImpl.invoke0(Native Method)
	at java.base/jdk.internal.reflect.NativeMethodAccessorImpl.invoke(NativeMethodAccessorImpl.java:77)
	at java.base/jdk.internal.reflect.DelegatingMethodAccessorImpl.invoke(DelegatingMethodAccessorImpl.java:43)
Caused by: org.openqa.selenium.ElementClickInterceptedException: Element <button id="btn_aceptar_tipo_envio" class="btn disabled" type="button"> is not clickable at point (675,588) because another element <div class="modal-footer"> obscures it
Build info: version: '3.141.59', revision: 'unknown', time: 'unknown'
System info: host: 'DESKTOP-RGFFP9A', ip: '10.136.10.6', os.name: 'Windows 11', os.arch: 'amd64', os.version: '10.0', java.version: '17.0.7'
Driver info: com.kms.katalon.core.webui.driver.firefox.CGeckoDriver
Capabilities {acceptInsecureCerts: true, browserName: firefox, browserVersion: 133.0, javascriptEnabled: true, moz:accessibilityChecks: false, moz:buildID: 20241121140525, moz:geckodriverVersion: 0.35.0, moz:headless: false, moz:platformVersion: 10.0, moz:processID: 1296, moz:profile: C:\Users\OLVATI\AppData\Loc..., moz:shutdownTimeout: 60000, moz:webdriverClick: true, moz:windowless: false, pageLoadStrategy: normal, platform: WINDOWS, platformName: WINDOWS, proxy: Proxy(direct), setWindowRect: true, strictFileInteractability: false, timeouts: {implicit: 0, pageLoad: 300000, script: 30000}, unhandledPromptBehavior: dismiss and notify, userAgent: Mozilla/5.0 (Windows NT 10....}
Session ID: f029f7a9-ff79-4968-816d-b37fa74d7e1f
	at jdk.internal.reflect.GeneratedConstructorAccessor32.newInstance(Unknown Source)
	at java.base/jdk.internal.reflect.DelegatingConstructorAccessorImpl.newInstance(DelegatingConstructorAccessorImpl.java:45)
	at org.openqa.selenium.remote.http.W3CHttpResponseCodec.createException(W3CHttpResponseCodec.java:187)
	at org.openqa.selenium.remote.http.W3CHttpResponseCodec.decode(W3CHttpResponseCodec.java:122)
	at org.openqa.selenium.remote.http.W3CHttpResponseCodec.decode(W3CHttpResponseCodec.java:49)
	at org.openqa.selenium.remote.HttpCommandExecutor.execute(HttpCommandExecutor.java:158)
	at org.openqa.selenium.remote.service.DriverCommandExecutor.execute(DriverCommandExecutor.java:83)
	at org.openqa.selenium.remote.RemoteWebDriver.execute(RemoteWebDriver.java:552)
	at com.kms.katalon.selenium.driver.CFirefoxDriver.execute(CFirefoxDriver.java:28)
	at org.openqa.selenium.remote.RemoteWebElement.execute(RemoteWebElement.java:285)
	at org.openqa.selenium.remote.RemoteWebElement.click(RemoteWebElement.java:84)
	at jdk.internal.reflect.GeneratedMethodAccessor10.invoke(Unknown Source)
	at java.base/jdk.internal.reflect.DelegatingMethodAccessorImpl.invoke(DelegatingMethodAccessorImpl.java:43)
	at org.openqa.selenium.support.events.EventFiringWebDriver$EventFiringWebElement.lambda$new$0(EventFiringWebDriver.java:404)
	at jdk.proxy2/jdk.proxy2.$Proxy21.click(Unknown Source)
	at org.openqa.selenium.support.events.EventFiringWebDriver$EventFiringWebElement.click(EventFiringWebDriver.java:417)
	at org.openqa.selenium.WebElement$click.call(Unknown Source)
	at com.kms.katalon.core.webui.keyword.builtin.ClickKeyword.clickUntilSuccessWithTimeout(ClickKeyword.groovy:81)
	at com.kms.katalon.core.webui.keyword.builtin.ClickKeyword.clickUntilSuccessWithTimeout(ClickKeyword.groovy)
	at jdk.internal.reflect.GeneratedMethodAccessor8.invoke(Unknown Source)
	at java.base/jdk.internal.reflect.DelegatingMethodAccessorImpl.invoke(DelegatingMethodAccessorImpl.java:43)
	at com.kms.katalon.core.webui.keyword.builtin.ClickKeyword$_click_closure1.doCall(ClickKeyword.groovy:67)
	at com.kms.katalon.core.webui.keyword.builtin.ClickKeyword$_click_closure1.call(ClickKeyword.groovy)
	at com.kms.katalon.core.webui.keyword.internal.WebUIKeywordMain.runKeyword(WebUIKeywordMain.groovy:35)
	at com.kms.katalon.core.webui.keyword.builtin.ClickKeyword.click(ClickKeyword.groovy:74)
	at com.kms.katalon.core.webui.keyword.builtin.ClickKeyword.execute(ClickKeyword.groovy:40)
	at com.kms.katalon.core.keyword.internal.KeywordExecutor.executeKeywordForPlatform(KeywordExecutor.groovy:74)
	at com.kms.katalon.core.webui.keyword.WebUiBuiltInKeywords.click(WebUiBuiltInKeywords.groovy:659)
	at Script1732083570761.run(Script1732083570761.groovy:24)
	at com.kms.katalon.core.main.ScriptEngine.run(ScriptEngine.java:194)
	at com.kms.katalon.core.main.ScriptEngine.runScriptAsRawText(ScriptEngine.java:119)
	at com.kms.katalon.core.main.TestCaseExecutor.runScript(TestCaseExecutor.java:448)
	at com.kms.katalon.core.main.TestCaseExecutor.doExecute(TestCaseExecutor.java:439)
	at com.kms.katalon.core.main.TestCaseExecutor.processExecutionPhase(TestCaseExecutor.java:418)
	at com.kms.katalon.core.main.TestCaseExecutor.accessMainPhase(TestCaseExecutor.java:410)
	at com.kms.katalon.core.main.TestCaseExecutor.execute(TestCaseExecutor.java:285)
	at com.kms.katalon.core.main.TestCaseMain.runTestCase(TestCaseMain.java:137)
	at com.kms.katalon.core.keyword.builtin.CallTestCaseKeyword$_callTestCase_closure1.doCall(CallTestCaseKeyword.groovy:59)
	at com.kms.katalon.core.keyword.builtin.CallTestCaseKeyword$_callTestCase_closure1.call(CallTestCaseKeyword.groovy)
	at com.kms.katalon.core.keyword.internal.KeywordMain.runKeyword(KeywordMain.groovy:75)
	at com.kms.katalon.core.keyword.builtin.CallTestCaseKeyword.callTestCase(CallTestCaseKeyword.groovy:81)
	at com.kms.katalon.core.keyword.builtin.CallTestCaseKeyword.execute(CallTestCaseKeyword.groovy:44)
	at com.kms.katalon.core.keyword.internal.KeywordExecutor.executeKeywordForPlatform(KeywordExecutor.groovy:74)
	at com.kms.katalon.core.keyword.BuiltinKeywords.callTestCase(BuiltinKeywords.groovy:310)
	at jdk.internal.reflect.GeneratedMethodAccessor25.invoke(Unknown Source)
	at java.base/jdk.internal.reflect.DelegatingMethodAccessorImpl.invoke(DelegatingMethodAccessorImpl.java:43)
	at Script1732341473624.run(Script1732341473624.groovy:22)
	... 15 more
)

27-11-2024T17:50:43 - [MESSAGE][FAILED] - Unable to call Test Case 'Test Cases/1.Inicio/1.1Principal/Selec_sobre' (Root cause: com.kms.katalon.core.exception.StepFailedException: Call Test Case 'Test Cases/1.Inicio/1.1Principal/Selec_sobre' failed
	at com.kms.katalon.core.keyword.builtin.CallTestCaseKeyword$_callTestCase_closure1.doCall(CallTestCaseKeyword.groovy:63)
	at com.kms.katalon.core.keyword.builtin.CallTestCaseKeyword$_callTestCase_closure1.call(CallTestCaseKeyword.groovy)
	at com.kms.katalon.core.keyword.internal.KeywordMain.runKeyword(KeywordMain.groovy:75)
	at com.kms.katalon.core.keyword.builtin.CallTestCaseKeyword.callTestCase(CallTestCaseKeyword.groovy:81)
	at com.kms.katalon.core.keyword.builtin.CallTestCaseKeyword.execute(CallTestCaseKeyword.groovy:44)
	at com.kms.katalon.core.keyword.internal.KeywordExecutor.executeKeywordForPlatform(KeywordExecutor.groovy:74)
	at com.kms.katalon.core.keyword.BuiltinKeywords.callTestCase(BuiltinKeywords.groovy:310)
	at jdk.internal.reflect.GeneratedMethodAccessor25.invoke(Unknown Source)
	at java.base/jdk.internal.reflect.DelegatingMethodAccessorImpl.invoke(DelegatingMethodAccessorImpl.java:43)
	at Destino-DO.run(Destino-DO:22)
	at com.kms.katalon.core.main.ScriptEngine.run(ScriptEngine.java:194)
	at com.kms.katalon.core.main.ScriptEngine.runScriptAsRawText(ScriptEngine.java:119)
	at com.kms.katalon.core.main.TestCaseExecutor.runScript(TestCaseExecutor.java:448)
	at com.kms.katalon.core.main.TestCaseExecutor.doExecute(TestCaseExecutor.java:439)
	at com.kms.katalon.core.main.TestCaseExecutor.processExecutionPhase(TestCaseExecutor.java:418)
	at com.kms.katalon.core.main.TestCaseExecutor.accessMainPhase(TestCaseExecutor.java:410)
	at com.kms.katalon.core.main.TestCaseExecutor.execute(TestCaseExecutor.java:285)
	at com.kms.katalon.core.common.CommonExecutor.accessTestCaseMainPhase(CommonExecutor.java:65)
	at com.kms.katalon.core.main.TestSuiteExecutor.accessTestSuiteMainPhase(TestSuiteExecutor.java:150)
	at com.kms.katalon.core.main.TestSuiteExecutor.execute(TestSuiteExecutor.java:106)
	at com.kms.katalon.core.main.TestCaseMain.startTestSuite(TestCaseMain.java:180)
	at TempTestSuite1732745349578.run(TempTestSuite1732745349578.groovy:35)
	at java.base/jdk.internal.reflect.NativeMethodAccessorImpl.invoke0(Native Method)
	at java.base/jdk.internal.reflect.NativeMethodAccessorImpl.invoke(NativeMethodAccessorImpl.java:77)
	at java.base/jdk.internal.reflect.DelegatingMethodAccessorImpl.invoke(DelegatingMethodAccessorImpl.java:43)
Caused by: com.kms.katalon.core.exception.StepFailedException: Unable to click on object 'Object Repository/Principal/Page_Olva Courier  Home/button_CONTINUAR (2)'
	at com.kms.katalon.core.webui.keyword.internal.WebUIKeywordMain.stepFailed(WebUIKeywordMain.groovy:117)
	at com.kms.katalon.core.webui.keyword.internal.WebUIKeywordMain.runKeyword(WebUIKeywordMain.groovy:43)
	at com.kms.katalon.core.webui.keyword.builtin.ClickKeyword.click(ClickKeyword.groovy:74)
	at com.kms.katalon.core.webui.keyword.builtin.ClickKeyword.execute(ClickKeyword.groovy:40)
	at com.kms.katalon.core.keyword.internal.KeywordExecutor.executeKeywordForPlatform(KeywordExecutor.groovy:74)
	at com.kms.katalon.core.webui.keyword.WebUiBuiltInKeywords.click(WebUiBuiltInKeywords.groovy:659)
	at Selec_sobre.run(Selec_sobre:24)
	at com.kms.katalon.core.main.ScriptEngine.run(ScriptEngine.java:194)
	at com.kms.katalon.core.main.ScriptEngine.runScriptAsRawText(ScriptEngine.java:119)
	at com.kms.katalon.core.main.TestCaseExecutor.runScript(TestCaseExecutor.java:448)
	at com.kms.katalon.core.main.TestCaseExecutor.doExecute(TestCaseExecutor.java:439)
	at com.kms.katalon.core.main.TestCaseExecutor.processExecutionPhase(TestCaseExecutor.java:418)
	at com.kms.katalon.core.main.TestCaseExecutor.accessMainPhase(TestCaseExecutor.java:410)
	at com.kms.katalon.core.main.TestCaseExecutor.execute(TestCaseExecutor.java:285)
	at com.kms.katalon.core.main.TestCaseMain.runTestCase(TestCaseMain.java:137)
	at com.kms.katalon.core.keyword.builtin.CallTestCaseKeyword$_callTestCase_closure1.doCall(CallTestCaseKeyword.groovy:59)
	... 24 more
Caused by: org.openqa.selenium.ElementClickInterceptedException: Element <button id="btn_aceptar_tipo_envio" class="btn disabled" type="button"> is not clickable at point (675,588) because another element <div class="modal-footer"> obscures it
Build info: version: '3.141.59', revision: 'unknown', time: 'unknown'
System info: host: 'DESKTOP-RGFFP9A', ip: '10.136.10.6', os.name: 'Windows 11', os.arch: 'amd64', os.version: '10.0', java.version: '17.0.7'
Driver info: com.kms.katalon.core.webui.driver.firefox.CGeckoDriver
Capabilities {acceptInsecureCerts: true, browserName: firefox, browserVersion: 133.0, javascriptEnabled: true, moz:accessibilityChecks: false, moz:buildID: 20241121140525, moz:geckodriverVersion: 0.35.0, moz:headless: false, moz:platformVersion: 10.0, moz:processID: 1296, moz:profile: C:\Users\OLVATI\AppData\Loc..., moz:shutdownTimeout: 60000, moz:webdriverClick: true, moz:windowless: false, pageLoadStrategy: normal, platform: WINDOWS, platformName: WINDOWS, proxy: Proxy(direct), setWindowRect: true, strictFileInteractability: false, timeouts: {implicit: 0, pageLoad: 300000, script: 30000}, unhandledPromptBehavior: dismiss and notify, userAgent: Mozilla/5.0 (Windows NT 10....}
Session ID: f029f7a9-ff79-4968-816d-b37fa74d7e1f
	at jdk.internal.reflect.GeneratedConstructorAccessor32.newInstance(Unknown Source)
	at java.base/jdk.internal.reflect.DelegatingConstructorAccessorImpl.newInstance(DelegatingConstructorAccessorImpl.java:45)
	at org.openqa.selenium.remote.http.W3CHttpResponseCodec.createException(W3CHttpResponseCodec.java:187)
	at org.openqa.selenium.remote.http.W3CHttpResponseCodec.decode(W3CHttpResponseCodec.java:122)
	at org.openqa.selenium.remote.http.W3CHttpResponseCodec.decode(W3CHttpResponseCodec.java:49)
	at org.openqa.selenium.remote.HttpCommandExecutor.execute(HttpCommandExecutor.java:158)
	at org.openqa.selenium.remote.service.DriverCommandExecutor.execute(DriverCommandExecutor.java:83)
	at org.openqa.selenium.remote.RemoteWebDriver.execute(RemoteWebDriver.java:552)
	at com.kms.katalon.selenium.driver.CFirefoxDriver.execute(CFirefoxDriver.java:28)
	at org.openqa.selenium.remote.RemoteWebElement.execute(RemoteWebElement.java:285)
	at org.openqa.selenium.remote.RemoteWebElement.click(RemoteWebElement.java:84)
	at jdk.internal.reflect.GeneratedMethodAccessor10.invoke(Unknown Source)
	at java.base/jdk.internal.reflect.DelegatingMethodAccessorImpl.invoke(DelegatingMethodAccessorImpl.java:43)
	at org.openqa.selenium.support.events.EventFiringWebDriver$EventFiringWebElement.lambda$new$0(EventFiringWebDriver.java:404)
	at jdk.proxy2/jdk.proxy2.$Proxy21.click(Unknown Source)
	at org.openqa.selenium.support.events.EventFiringWebDriver$EventFiringWebElement.click(EventFiringWebDriver.java:417)
	at org.openqa.selenium.WebElement$click.call(Unknown Source)
	at com.kms.katalon.core.webui.keyword.builtin.ClickKeyword.clickUntilSuccessWithTimeout(ClickKeyword.groovy:81)
	at com.kms.katalon.core.webui.keyword.builtin.ClickKeyword.clickUntilSuccessWithTimeout(ClickKeyword.groovy)
	at jdk.internal.reflect.GeneratedMethodAccessor8.invoke(Unknown Source)
	at java.base/jdk.internal.reflect.DelegatingMethodAccessorImpl.invoke(DelegatingMethodAccessorImpl.java:43)
	at com.kms.katalon.core.webui.keyword.builtin.ClickKeyword$_click_closure1.doCall(ClickKeyword.groovy:67)
	at com.kms.katalon.core.webui.keyword.builtin.ClickKeyword$_click_closure1.call(ClickKeyword.groovy)
	at com.kms.katalon.core.webui.keyword.internal.WebUIKeywordMain.runKeyword(WebUIKeywordMain.groovy:35)
	... 38 more
)]]></system-out>
         <system-err><![CDATA[27-11-2024T17:49:54 - [TEST_CASE][FAILED] - Test Cases/2.Positivos/2.2Sobre/Origen-Provincia/3.Destino-D,DO,O/Destino-DO: Test Cases/2.Positivos/2.2Sobre/Origen-Provincia/3.Destino-D,DO,O/Destino-DO FAILED.
Reason:
com.kms.katalon.core.exception.StepFailedException: Call Test Case 'Test Cases/1.Inicio/1.1Principal/Selec_sobre' failed
	at com.kms.katalon.core.keyword.builtin.CallTestCaseKeyword$_callTestCase_closure1.doCall(CallTestCaseKeyword.groovy:63)
	at com.kms.katalon.core.keyword.builtin.CallTestCaseKeyword$_callTestCase_closure1.call(CallTestCaseKeyword.groovy)
	at com.kms.katalon.core.keyword.internal.KeywordMain.runKeyword(KeywordMain.groovy:75)
	at com.kms.katalon.core.keyword.builtin.CallTestCaseKeyword.callTestCase(CallTestCaseKeyword.groovy:81)
	at com.kms.katalon.core.keyword.builtin.CallTestCaseKeyword.execute(CallTestCaseKeyword.groovy:44)
	at com.kms.katalon.core.keyword.internal.KeywordExecutor.executeKeywordForPlatform(KeywordExecutor.groovy:74)
	at com.kms.katalon.core.keyword.BuiltinKeywords.callTestCase(BuiltinKeywords.groovy:310)
	at jdk.internal.reflect.GeneratedMethodAccessor25.invoke(Unknown Source)
	at java.base/jdk.internal.reflect.DelegatingMethodAccessorImpl.invoke(DelegatingMethodAccessorImpl.java:43)
	at Destino-DO.run(Destino-DO:22)
	at com.kms.katalon.core.main.ScriptEngine.run(ScriptEngine.java:194)
	at com.kms.katalon.core.main.ScriptEngine.runScriptAsRawText(ScriptEngine.java:119)
	at com.kms.katalon.core.main.TestCaseExecutor.runScript(TestCaseExecutor.java:448)
	at com.kms.katalon.core.main.TestCaseExecutor.doExecute(TestCaseExecutor.java:439)
	at com.kms.katalon.core.main.TestCaseExecutor.processExecutionPhase(TestCaseExecutor.java:418)
	at com.kms.katalon.core.main.TestCaseExecutor.accessMainPhase(TestCaseExecutor.java:410)
	at com.kms.katalon.core.main.TestCaseExecutor.execute(TestCaseExecutor.java:285)
	at com.kms.katalon.core.common.CommonExecutor.accessTestCaseMainPhase(CommonExecutor.java:65)
	at com.kms.katalon.core.main.TestSuiteExecutor.accessTestSuiteMainPhase(TestSuiteExecutor.java:150)
	at com.kms.katalon.core.main.TestSuiteExecutor.execute(TestSuiteExecutor.java:106)
	at com.kms.katalon.core.main.TestCaseMain.startTestSuite(TestCaseMain.java:180)
	at TempTestSuite1732745349578.run(TempTestSuite1732745349578.groovy:35)
	at java.base/jdk.internal.reflect.NativeMethodAccessorImpl.invoke0(Native Method)
	at java.base/jdk.internal.reflect.NativeMethodAccessorImpl.invoke(NativeMethodAccessorImpl.java:77)
	at java.base/jdk.internal.reflect.DelegatingMethodAccessorImpl.invoke(DelegatingMethodAccessorImpl.java:43)
Caused by: com.kms.katalon.core.exception.StepFailedException: Unable to click on object 'Object Repository/Principal/Page_Olva Courier  Home/button_CONTINUAR (2)'
	at com.kms.katalon.core.webui.keyword.internal.WebUIKeywordMain.stepFailed(WebUIKeywordMain.groovy:117)
	at com.kms.katalon.core.webui.keyword.internal.WebUIKeywordMain.runKeyword(WebUIKeywordMain.groovy:43)
	at com.kms.katalon.core.webui.keyword.builtin.ClickKeyword.click(ClickKeyword.groovy:74)
	at com.kms.katalon.core.webui.keyword.builtin.ClickKeyword.execute(ClickKeyword.groovy:40)
	at com.kms.katalon.core.keyword.internal.KeywordExecutor.executeKeywordForPlatform(KeywordExecutor.groovy:74)
	at com.kms.katalon.core.webui.keyword.WebUiBuiltInKeywords.click(WebUiBuiltInKeywords.groovy:659)
	at Selec_sobre.run(Selec_sobre:24)
	at com.kms.katalon.core.main.ScriptEngine.run(ScriptEngine.java:194)
	at com.kms.katalon.core.main.ScriptEngine.runScriptAsRawText(ScriptEngine.java:119)
	at com.kms.katalon.core.main.TestCaseExecutor.runScript(TestCaseExecutor.java:448)
	at com.kms.katalon.core.main.TestCaseExecutor.doExecute(TestCaseExecutor.java:439)
	at com.kms.katalon.core.main.TestCaseExecutor.processExecutionPhase(TestCaseExecutor.java:418)
	at com.kms.katalon.core.main.TestCaseExecutor.accessMainPhase(TestCaseExecutor.java:410)
	at com.kms.katalon.core.main.TestCaseExecutor.execute(TestCaseExecutor.java:285)
	at com.kms.katalon.core.main.TestCaseMain.runTestCase(TestCaseMain.java:137)
	at com.kms.katalon.core.keyword.builtin.CallTestCaseKeyword$_callTestCase_closure1.doCall(CallTestCaseKeyword.groovy:59)
	... 24 more
Caused by: org.openqa.selenium.ElementClickInterceptedException: Element <button id="btn_aceptar_tipo_envio" class="btn disabled" type="button"> is not clickable at point (675,588) because another element <div class="modal-footer"> obscures it
Build info: version: '3.141.59', revision: 'unknown', time: 'unknown'
System info: host: 'DESKTOP-RGFFP9A', ip: '10.136.10.6', os.name: 'Windows 11', os.arch: 'amd64', os.version: '10.0', java.version: '17.0.7'
Driver info: com.kms.katalon.core.webui.driver.firefox.CGeckoDriver
Capabilities {acceptInsecureCerts: true, browserName: firefox, browserVersion: 133.0, javascriptEnabled: true, moz:accessibilityChecks: false, moz:buildID: 20241121140525, moz:geckodriverVersion: 0.35.0, moz:headless: false, moz:platformVersion: 10.0, moz:processID: 1296, moz:profile: C:\Users\OLVATI\AppData\Loc..., moz:shutdownTimeout: 60000, moz:webdriverClick: true, moz:windowless: false, pageLoadStrategy: normal, platform: WINDOWS, platformName: WINDOWS, proxy: Proxy(direct), setWindowRect: true, strictFileInteractability: false, timeouts: {implicit: 0, pageLoad: 300000, script: 30000}, unhandledPromptBehavior: dismiss and notify, userAgent: Mozilla/5.0 (Windows NT 10....}
Session ID: f029f7a9-ff79-4968-816d-b37fa74d7e1f
	at jdk.internal.reflect.GeneratedConstructorAccessor32.newInstance(Unknown Source)
	at java.base/jdk.internal.reflect.DelegatingConstructorAccessorImpl.newInstance(DelegatingConstructorAccessorImpl.java:45)
	at org.openqa.selenium.remote.http.W3CHttpResponseCodec.createException(W3CHttpResponseCodec.java:187)
	at org.openqa.selenium.remote.http.W3CHttpResponseCodec.decode(W3CHttpResponseCodec.java:122)
	at org.openqa.selenium.remote.http.W3CHttpResponseCodec.decode(W3CHttpResponseCodec.java:49)
	at org.openqa.selenium.remote.HttpCommandExecutor.execute(HttpCommandExecutor.java:158)
	at org.openqa.selenium.remote.service.DriverCommandExecutor.execute(DriverCommandExecutor.java:83)
	at org.openqa.selenium.remote.RemoteWebDriver.execute(RemoteWebDriver.java:552)
	at com.kms.katalon.selenium.driver.CFirefoxDriver.execute(CFirefoxDriver.java:28)
	at org.openqa.selenium.remote.RemoteWebElement.execute(RemoteWebElement.java:285)
	at org.openqa.selenium.remote.RemoteWebElement.click(RemoteWebElement.java:84)
	at jdk.internal.reflect.GeneratedMethodAccessor10.invoke(Unknown Source)
	at java.base/jdk.internal.reflect.DelegatingMethodAccessorImpl.invoke(DelegatingMethodAccessorImpl.java:43)
	at org.openqa.selenium.support.events.EventFiringWebDriver$EventFiringWebElement.lambda$new$0(EventFiringWebDriver.java:404)
	at jdk.proxy2/jdk.proxy2.$Proxy21.click(Unknown Source)
	at org.openqa.selenium.support.events.EventFiringWebDriver$EventFiringWebElement.click(EventFiringWebDriver.java:417)
	at org.openqa.selenium.WebElement$click.call(Unknown Source)
	at com.kms.katalon.core.webui.keyword.builtin.ClickKeyword.clickUntilSuccessWithTimeout(ClickKeyword.groovy:81)
	at com.kms.katalon.core.webui.keyword.builtin.ClickKeyword.clickUntilSuccessWithTimeout(ClickKeyword.groovy)
	at jdk.internal.reflect.GeneratedMethodAccessor8.invoke(Unknown Source)
	at java.base/jdk.internal.reflect.DelegatingMethodAccessorImpl.invoke(DelegatingMethodAccessorImpl.java:43)
	at com.kms.katalon.core.webui.keyword.builtin.ClickKeyword$_click_closure1.doCall(ClickKeyword.groovy:67)
	at com.kms.katalon.core.webui.keyword.builtin.ClickKeyword$_click_closure1.call(ClickKeyword.groovy)
	at com.kms.katalon.core.webui.keyword.internal.WebUIKeywordMain.runKeyword(WebUIKeywordMain.groovy:35)
	... 38 more]]></system-err>
      </testcase>
      <testcase name="Test Cases/2.Positivos/2.2Sobre/Origen-Provincia/3.Destino-D,DO,O/Destino-D" time="46.796" classname="Test Cases/2.Positivos/2.2Sobre/Origen-Provincia/3.Destino-D,DO,O/Destino-D" status="FAILED">
         <failure type="FAILED" message="Test Cases/2.Positivos/2.2Sobre/Origen-Provincia/3.Destino-D,DO,O/Destino-D FAILED.&#xa;Reason:&#xa;com.kms.katalon.core.exception.StepFailedException: Call Test Case 'Test Cases/1.Inicio/1.1Principal/Selec_sobre' failed&#xa;	at com.kms.katalon.core.keyword.builtin.CallTestCaseKeyword$_callTestCase_closure1.doCall(CallTestCaseKeyword.groovy:63)&#xa;	at com.kms.katalon.core.keyword.builtin.CallTestCaseKeyword$_callTestCase_closure1.call(CallTestCaseKeyword.groovy)&#xa;	at com.kms.katalon.core.keyword.internal.KeywordMain.runKeyword(KeywordMain.groovy:75)&#xa;	at com.kms.katalon.core.keyword.builtin.CallTestCaseKeyword.callTestCase(CallTestCaseKeyword.groovy:81)&#xa;	at com.kms.katalon.core.keyword.builtin.CallTestCaseKeyword.execute(CallTestCaseKeyword.groovy:44)&#xa;	at com.kms.katalon.core.keyword.internal.KeywordExecutor.executeKeywordForPlatform(KeywordExecutor.groovy:74)&#xa;	at com.kms.katalon.core.keyword.BuiltinKeywords.callTestCase(BuiltinKeywords.groovy:310)&#xa;	at jdk.internal.reflect.GeneratedMethodAccessor25.invoke(Unknown Source)&#xa;	at java.base/jdk.internal.reflect.DelegatingMethodAccessorImpl.invoke(DelegatingMethodAccessorImpl.java:43)&#xa;	at Destino-D.run(Destino-D:22)&#xa;	at com.kms.katalon.core.main.ScriptEngine.run(ScriptEngine.java:194)&#xa;	at com.kms.katalon.core.main.ScriptEngine.runScriptAsRawText(ScriptEngine.java:119)&#xa;	at com.kms.katalon.core.main.TestCaseExecutor.runScript(TestCaseExecutor.java:448)&#xa;	at com.kms.katalon.core.main.TestCaseExecutor.doExecute(TestCaseExecutor.java:439)&#xa;	at com.kms.katalon.core.main.TestCaseExecutor.processExecutionPhase(TestCaseExecutor.java:418)&#xa;	at com.kms.katalon.core.main.TestCaseExecutor.accessMainPhase(TestCaseExecutor.java:410)&#xa;	at com.kms.katalon.core.main.TestCaseExecutor.execute(TestCaseExecutor.java:285)&#xa;	at com.kms.katalon.core.common.CommonExecutor.accessTestCaseMainPhase(CommonExecutor.java:65)&#xa;	at com.kms.katalon.core.main.TestSuiteExecutor.accessTestSuiteMainPhase(TestSuiteExecutor.java:150)&#xa;	at com.kms.katalon.core.main.TestSuiteExecutor.execute(TestSuiteExecutor.java:106)&#xa;	at com.kms.katalon.core.main.TestCaseMain.startTestSuite(TestCaseMain.java:180)&#xa;	at TempTestSuite1732745349578.run(TempTestSuite1732745349578.groovy:35)&#xa;	at java.base/jdk.internal.reflect.NativeMethodAccessorImpl.invoke0(Native Method)&#xa;	at java.base/jdk.internal.reflect.NativeMethodAccessorImpl.invoke(NativeMethodAccessorImpl.java:77)&#xa;	at java.base/jdk.internal.reflect.DelegatingMethodAccessorImpl.invoke(DelegatingMethodAccessorImpl.java:43)&#xa;Caused by: com.kms.katalon.core.exception.StepFailedException: Unable to click on object 'Object Repository/Principal/Page_Olva Courier  Home/button_CONTINUAR (2)'&#xa;	at com.kms.katalon.core.webui.keyword.internal.WebUIKeywordMain.stepFailed(WebUIKeywordMain.groovy:117)&#xa;	at com.kms.katalon.core.webui.keyword.internal.WebUIKeywordMain.runKeyword(WebUIKeywordMain.groovy:43)&#xa;	at com.kms.katalon.core.webui.keyword.builtin.ClickKeyword.click(ClickKeyword.groovy:74)&#xa;	at com.kms.katalon.core.webui.keyword.builtin.ClickKeyword.execute(ClickKeyword.groovy:40)&#xa;	at com.kms.katalon.core.keyword.internal.KeywordExecutor.executeKeywordForPlatform(KeywordExecutor.groovy:74)&#xa;	at com.kms.katalon.core.webui.keyword.WebUiBuiltInKeywords.click(WebUiBuiltInKeywords.groovy:659)&#xa;	at Selec_sobre.run(Selec_sobre:24)&#xa;	at com.kms.katalon.core.main.ScriptEngine.run(ScriptEngine.java:194)&#xa;	at com.kms.katalon.core.main.ScriptEngine.runScriptAsRawText(ScriptEngine.java:119)&#xa;	at com.kms.katalon.core.main.TestCaseExecutor.runScript(TestCaseExecutor.java:448)&#xa;	at com.kms.katalon.core.main.TestCaseExecutor.doExecute(TestCaseExecutor.java:439)&#xa;	at com.kms.katalon.core.main.TestCaseExecutor.processExecutionPhase(TestCaseExecutor.java:418)&#xa;	at com.kms.katalon.core.main.TestCaseExecutor.accessMainPhase(TestCaseExecutor.java:410)&#xa;	at com.kms.katalon.core.main.TestCaseExecutor.execute(TestCaseExecutor.java:285)&#xa;	at com.kms.katalon.core.main.TestCaseMain.runTestCase(TestCaseMain.java:137)&#xa;	at com.kms.katalon.core.keyword.builtin.CallTestCaseKeyword$_callTestCase_closure1.doCall(CallTestCaseKeyword.groovy:59)&#xa;	... 24 more&#xa;Caused by: org.openqa.selenium.ElementClickInterceptedException: Element &lt;button id=&quot;btn_aceptar_tipo_envio&quot; class=&quot;btn disabled&quot; type=&quot;button&quot;> is not clickable at point (675,588) because another element &lt;div class=&quot;modal-footer&quot;> obscures it&#xa;Build info: version: '3.141.59', revision: 'unknown', time: 'unknown'&#xa;System info: host: 'DESKTOP-RGFFP9A', ip: '10.136.10.6', os.name: 'Windows 11', os.arch: 'amd64', os.version: '10.0', java.version: '17.0.7'&#xa;Driver info: com.kms.katalon.core.webui.driver.firefox.CGeckoDriver&#xa;Capabilities {acceptInsecureCerts: true, browserName: firefox, browserVersion: 133.0, javascriptEnabled: true, moz:accessibilityChecks: false, moz:buildID: 20241121140525, moz:geckodriverVersion: 0.35.0, moz:headless: false, moz:platformVersion: 10.0, moz:processID: 1236, moz:profile: C:\Users\OLVATI\AppData\Loc..., moz:shutdownTimeout: 60000, moz:webdriverClick: true, moz:windowless: false, pageLoadStrategy: normal, platform: WINDOWS, platformName: WINDOWS, proxy: Proxy(direct), setWindowRect: true, strictFileInteractability: false, timeouts: {implicit: 0, pageLoad: 300000, script: 30000}, unhandledPromptBehavior: dismiss and notify, userAgent: Mozilla/5.0 (Windows NT 10....}&#xa;Session ID: f755b5c9-5544-4d1f-86f8-120f39b6c694&#xa;	at jdk.internal.reflect.GeneratedConstructorAccessor32.newInstance(Unknown Source)&#xa;	at java.base/jdk.internal.reflect.DelegatingConstructorAccessorImpl.newInstance(DelegatingConstructorAccessorImpl.java:45)&#xa;	at org.openqa.selenium.remote.http.W3CHttpResponseCodec.createException(W3CHttpResponseCodec.java:187)&#xa;	at org.openqa.selenium.remote.http.W3CHttpResponseCodec.decode(W3CHttpResponseCodec.java:122)&#xa;	at org.openqa.selenium.remote.http.W3CHttpResponseCodec.decode(W3CHttpResponseCodec.java:49)&#xa;	at org.openqa.selenium.remote.HttpCommandExecutor.execute(HttpCommandExecutor.java:158)&#xa;	at org.openqa.selenium.remote.service.DriverCommandExecutor.execute(DriverCommandExecutor.java:83)&#xa;	at org.openqa.selenium.remote.RemoteWebDriver.execute(RemoteWebDriver.java:552)&#xa;	at com.kms.katalon.selenium.driver.CFirefoxDriver.execute(CFirefoxDriver.java:28)&#xa;	at org.openqa.selenium.remote.RemoteWebElement.execute(RemoteWebElement.java:285)&#xa;	at org.openqa.selenium.remote.RemoteWebElement.click(RemoteWebElement.java:84)&#xa;	at jdk.internal.reflect.GeneratedMethodAccessor10.invoke(Unknown Source)&#xa;	at java.base/jdk.internal.reflect.DelegatingMethodAccessorImpl.invoke(DelegatingMethodAccessorImpl.java:43)&#xa;	at org.openqa.selenium.support.events.EventFiringWebDriver$EventFiringWebElement.lambda$new$0(EventFiringWebDriver.java:404)&#xa;	at jdk.proxy2/jdk.proxy2.$Proxy21.click(Unknown Source)&#xa;	at org.openqa.selenium.support.events.EventFiringWebDriver$EventFiringWebElement.click(EventFiringWebDriver.java:417)&#xa;	at org.openqa.selenium.WebElement$click.call(Unknown Source)&#xa;	at com.kms.katalon.core.webui.keyword.builtin.ClickKeyword.clickUntilSuccessWithTimeout(ClickKeyword.groovy:81)&#xa;	at com.kms.katalon.core.webui.keyword.builtin.ClickKeyword.clickUntilSuccessWithTimeout(ClickKeyword.groovy)&#xa;	at jdk.internal.reflect.GeneratedMethodAccessor8.invoke(Unknown Source)&#xa;	at java.base/jdk.internal.reflect.DelegatingMethodAccessorImpl.invoke(DelegatingMethodAccessorImpl.java:43)&#xa;	at com.kms.katalon.core.webui.keyword.builtin.ClickKeyword$_click_closure1.doCall(ClickKeyword.groovy:67)&#xa;	at com.kms.katalon.core.webui.keyword.builtin.ClickKeyword$_click_closure1.call(ClickKeyword.groovy)&#xa;	at com.kms.katalon.core.webui.keyword.internal.WebUIKeywordMain.runKeyword(WebUIKeywordMain.groovy:35)&#xa;	... 38 more&#xa;"/>
         <system-out><![CDATA[27-11-2024T17:50:43 - [TEST_CASE][FAILED] - Test Cases/2.Positivos/2.2Sobre/Origen-Provincia/3.Destino-D,DO,O/Destino-D: Test Cases/2.Positivos/2.2Sobre/Origen-Provincia/3.Destino-D,DO,O/Destino-D FAILED.
Reason:
com.kms.katalon.core.exception.StepFailedException: Call Test Case 'Test Cases/1.Inicio/1.1Principal/Selec_sobre' failed
	at com.kms.katalon.core.keyword.builtin.CallTestCaseKeyword$_callTestCase_closure1.doCall(CallTestCaseKeyword.groovy:63)
	at com.kms.katalon.core.keyword.builtin.CallTestCaseKeyword$_callTestCase_closure1.call(CallTestCaseKeyword.groovy)
	at com.kms.katalon.core.keyword.internal.KeywordMain.runKeyword(KeywordMain.groovy:75)
	at com.kms.katalon.core.keyword.builtin.CallTestCaseKeyword.callTestCase(CallTestCaseKeyword.groovy:81)
	at com.kms.katalon.core.keyword.builtin.CallTestCaseKeyword.execute(CallTestCaseKeyword.groovy:44)
	at com.kms.katalon.core.keyword.internal.KeywordExecutor.executeKeywordForPlatform(KeywordExecutor.groovy:74)
	at com.kms.katalon.core.keyword.BuiltinKeywords.callTestCase(BuiltinKeywords.groovy:310)
	at jdk.internal.reflect.GeneratedMethodAccessor25.invoke(Unknown Source)
	at java.base/jdk.internal.reflect.DelegatingMethodAccessorImpl.invoke(DelegatingMethodAccessorImpl.java:43)
	at Destino-D.run(Destino-D:22)
	at com.kms.katalon.core.main.ScriptEngine.run(ScriptEngine.java:194)
	at com.kms.katalon.core.main.ScriptEngine.runScriptAsRawText(ScriptEngine.java:119)
	at com.kms.katalon.core.main.TestCaseExecutor.runScript(TestCaseExecutor.java:448)
	at com.kms.katalon.core.main.TestCaseExecutor.doExecute(TestCaseExecutor.java:439)
	at com.kms.katalon.core.main.TestCaseExecutor.processExecutionPhase(TestCaseExecutor.java:418)
	at com.kms.katalon.core.main.TestCaseExecutor.accessMainPhase(TestCaseExecutor.java:410)
	at com.kms.katalon.core.main.TestCaseExecutor.execute(TestCaseExecutor.java:285)
	at com.kms.katalon.core.common.CommonExecutor.accessTestCaseMainPhase(CommonExecutor.java:65)
	at com.kms.katalon.core.main.TestSuiteExecutor.accessTestSuiteMainPhase(TestSuiteExecutor.java:150)
	at com.kms.katalon.core.main.TestSuiteExecutor.execute(TestSuiteExecutor.java:106)
	at com.kms.katalon.core.main.TestCaseMain.startTestSuite(TestCaseMain.java:180)
	at TempTestSuite1732745349578.run(TempTestSuite1732745349578.groovy:35)
	at java.base/jdk.internal.reflect.NativeMethodAccessorImpl.invoke0(Native Method)
	at java.base/jdk.internal.reflect.NativeMethodAccessorImpl.invoke(NativeMethodAccessorImpl.java:77)
	at java.base/jdk.internal.reflect.DelegatingMethodAccessorImpl.invoke(DelegatingMethodAccessorImpl.java:43)
Caused by: com.kms.katalon.core.exception.StepFailedException: Unable to click on object 'Object Repository/Principal/Page_Olva Courier  Home/button_CONTINUAR (2)'
	at com.kms.katalon.core.webui.keyword.internal.WebUIKeywordMain.stepFailed(WebUIKeywordMain.groovy:117)
	at com.kms.katalon.core.webui.keyword.internal.WebUIKeywordMain.runKeyword(WebUIKeywordMain.groovy:43)
	at com.kms.katalon.core.webui.keyword.builtin.ClickKeyword.click(ClickKeyword.groovy:74)
	at com.kms.katalon.core.webui.keyword.builtin.ClickKeyword.execute(ClickKeyword.groovy:40)
	at com.kms.katalon.core.keyword.internal.KeywordExecutor.executeKeywordForPlatform(KeywordExecutor.groovy:74)
	at com.kms.katalon.core.webui.keyword.WebUiBuiltInKeywords.click(WebUiBuiltInKeywords.groovy:659)
	at Selec_sobre.run(Selec_sobre:24)
	at com.kms.katalon.core.main.ScriptEngine.run(ScriptEngine.java:194)
	at com.kms.katalon.core.main.ScriptEngine.runScriptAsRawText(ScriptEngine.java:119)
	at com.kms.katalon.core.main.TestCaseExecutor.runScript(TestCaseExecutor.java:448)
	at com.kms.katalon.core.main.TestCaseExecutor.doExecute(TestCaseExecutor.java:439)
	at com.kms.katalon.core.main.TestCaseExecutor.processExecutionPhase(TestCaseExecutor.java:418)
	at com.kms.katalon.core.main.TestCaseExecutor.accessMainPhase(TestCaseExecutor.java:410)
	at com.kms.katalon.core.main.TestCaseExecutor.execute(TestCaseExecutor.java:285)
	at com.kms.katalon.core.main.TestCaseMain.runTestCase(TestCaseMain.java:137)
	at com.kms.katalon.core.keyword.builtin.CallTestCaseKeyword$_callTestCase_closure1.doCall(CallTestCaseKeyword.groovy:59)
	... 24 more
Caused by: org.openqa.selenium.ElementClickInterceptedException: Element <button id="btn_aceptar_tipo_envio" class="btn disabled" type="button"> is not clickable at point (675,588) because another element <div class="modal-footer"> obscures it
Build info: version: '3.141.59', revision: 'unknown', time: 'unknown'
System info: host: 'DESKTOP-RGFFP9A', ip: '10.136.10.6', os.name: 'Windows 11', os.arch: 'amd64', os.version: '10.0', java.version: '17.0.7'
Driver info: com.kms.katalon.core.webui.driver.firefox.CGeckoDriver
Capabilities {acceptInsecureCerts: true, browserName: firefox, browserVersion: 133.0, javascriptEnabled: true, moz:accessibilityChecks: false, moz:buildID: 20241121140525, moz:geckodriverVersion: 0.35.0, moz:headless: false, moz:platformVersion: 10.0, moz:processID: 1236, moz:profile: C:\Users\OLVATI\AppData\Loc..., moz:shutdownTimeout: 60000, moz:webdriverClick: true, moz:windowless: false, pageLoadStrategy: normal, platform: WINDOWS, platformName: WINDOWS, proxy: Proxy(direct), setWindowRect: true, strictFileInteractability: false, timeouts: {implicit: 0, pageLoad: 300000, script: 30000}, unhandledPromptBehavior: dismiss and notify, userAgent: Mozilla/5.0 (Windows NT 10....}
Session ID: f755b5c9-5544-4d1f-86f8-120f39b6c694
	at jdk.internal.reflect.GeneratedConstructorAccessor32.newInstance(Unknown Source)
	at java.base/jdk.internal.reflect.DelegatingConstructorAccessorImpl.newInstance(DelegatingConstructorAccessorImpl.java:45)
	at org.openqa.selenium.remote.http.W3CHttpResponseCodec.createException(W3CHttpResponseCodec.java:187)
	at org.openqa.selenium.remote.http.W3CHttpResponseCodec.decode(W3CHttpResponseCodec.java:122)
	at org.openqa.selenium.remote.http.W3CHttpResponseCodec.decode(W3CHttpResponseCodec.java:49)
	at org.openqa.selenium.remote.HttpCommandExecutor.execute(HttpCommandExecutor.java:158)
	at org.openqa.selenium.remote.service.DriverCommandExecutor.execute(DriverCommandExecutor.java:83)
	at org.openqa.selenium.remote.RemoteWebDriver.execute(RemoteWebDriver.java:552)
	at com.kms.katalon.selenium.driver.CFirefoxDriver.execute(CFirefoxDriver.java:28)
	at org.openqa.selenium.remote.RemoteWebElement.execute(RemoteWebElement.java:285)
	at org.openqa.selenium.remote.RemoteWebElement.click(RemoteWebElement.java:84)
	at jdk.internal.reflect.GeneratedMethodAccessor10.invoke(Unknown Source)
	at java.base/jdk.internal.reflect.DelegatingMethodAccessorImpl.invoke(DelegatingMethodAccessorImpl.java:43)
	at org.openqa.selenium.support.events.EventFiringWebDriver$EventFiringWebElement.lambda$new$0(EventFiringWebDriver.java:404)
	at jdk.proxy2/jdk.proxy2.$Proxy21.click(Unknown Source)
	at org.openqa.selenium.support.events.EventFiringWebDriver$EventFiringWebElement.click(EventFiringWebDriver.java:417)
	at org.openqa.selenium.WebElement$click.call(Unknown Source)
	at com.kms.katalon.core.webui.keyword.builtin.ClickKeyword.clickUntilSuccessWithTimeout(ClickKeyword.groovy:81)
	at com.kms.katalon.core.webui.keyword.builtin.ClickKeyword.clickUntilSuccessWithTimeout(ClickKeyword.groovy)
	at jdk.internal.reflect.GeneratedMethodAccessor8.invoke(Unknown Source)
	at java.base/jdk.internal.reflect.DelegatingMethodAccessorImpl.invoke(DelegatingMethodAccessorImpl.java:43)
	at com.kms.katalon.core.webui.keyword.builtin.ClickKeyword$_click_closure1.doCall(ClickKeyword.groovy:67)
	at com.kms.katalon.core.webui.keyword.builtin.ClickKeyword$_click_closure1.call(ClickKeyword.groovy)
	at com.kms.katalon.core.webui.keyword.internal.WebUIKeywordMain.runKeyword(WebUIKeywordMain.groovy:35)
	... 38 more


27-11-2024T17:50:44 - [TEST_STEP][PASSED] - callTestCase(findTestCase("1.Inicio/1.1Principal/Principal-home"), [:], STOP_ON_FAILURE): Call Test Case 'Test Cases/1.Inicio/1.1Principal/Principal-home' successfully

27-11-2024T17:50:44 - [TEST_CASE][PASSED] - Test Cases/1.Inicio/1.1Principal/Principal-home: Test Cases/1.Inicio/1.1Principal/Principal-home

27-11-2024T17:50:44 - [TEST_STEP][PASSED] - openBrowser(""): Browser is opened with url: ''

27-11-2024T17:50:44 - [MESSAGE][WARNING] - A browser is already opened. Closing browser and opening a new one

27-11-2024T17:50:46 - [MESSAGE][INFO] - Starting 'Firefox' driver

27-11-2024T17:50:46 - [MESSAGE][INFO] - Action delay is set to 0 milliseconds

27-11-2024T17:50:56 - [MESSAGE][PASSED] - Browser is opened with url: ''

27-11-2024T17:50:56 - [TEST_STEP][PASSED] - navigateToUrl("https://dev01-registrodeenvios.olvacourier.com/principal"): Navigate to 'https://dev01-registrodeenvios.olvacourier.com/principal' successfully

27-11-2024T17:50:58 - [MESSAGE][PASSED] - Navigate to 'https://dev01-registrodeenvios.olvacourier.com/principal' successfully

27-11-2024T17:50:58 - [TEST_STEP][PASSED] - maximizeWindow(): Current window maximized

27-11-2024T17:50:58 - [MESSAGE][PASSED] - Current window maximized

27-11-2024T17:50:58 - [MESSAGE][PASSED] - Call Test Case 'Test Cases/1.Inicio/1.1Principal/Principal-home' successfully

27-11-2024T17:50:58 - [TEST_STEP][FAILED] - callTestCase(findTestCase("1.Inicio/1.1Principal/Selec_sobre"), [:], STOP_ON_FAILURE): Unable to call Test Case 'Test Cases/1.Inicio/1.1Principal/Selec_sobre' (Root cause: com.kms.katalon.core.exception.StepFailedException: Call Test Case 'Test Cases/1.Inicio/1.1Principal/Selec_sobre' failed
	at com.kms.katalon.core.keyword.builtin.CallTestCaseKeyword$_callTestCase_closure1.doCall(CallTestCaseKeyword.groovy:63)
	at com.kms.katalon.core.keyword.builtin.CallTestCaseKeyword$_callTestCase_closure1.call(CallTestCaseKeyword.groovy)
	at com.kms.katalon.core.keyword.internal.KeywordMain.runKeyword(KeywordMain.groovy:75)
	at com.kms.katalon.core.keyword.builtin.CallTestCaseKeyword.callTestCase(CallTestCaseKeyword.groovy:81)
	at com.kms.katalon.core.keyword.builtin.CallTestCaseKeyword.execute(CallTestCaseKeyword.groovy:44)
	at com.kms.katalon.core.keyword.internal.KeywordExecutor.executeKeywordForPlatform(KeywordExecutor.groovy:74)
	at com.kms.katalon.core.keyword.BuiltinKeywords.callTestCase(BuiltinKeywords.groovy:310)
	at jdk.internal.reflect.GeneratedMethodAccessor25.invoke(Unknown Source)
	at java.base/jdk.internal.reflect.DelegatingMethodAccessorImpl.invoke(DelegatingMethodAccessorImpl.java:43)
	at Destino-D.run(Destino-D:22)
	at com.kms.katalon.core.main.ScriptEngine.run(ScriptEngine.java:194)
	at com.kms.katalon.core.main.ScriptEngine.runScriptAsRawText(ScriptEngine.java:119)
	at com.kms.katalon.core.main.TestCaseExecutor.runScript(TestCaseExecutor.java:448)
	at com.kms.katalon.core.main.TestCaseExecutor.doExecute(TestCaseExecutor.java:439)
	at com.kms.katalon.core.main.TestCaseExecutor.processExecutionPhase(TestCaseExecutor.java:418)
	at com.kms.katalon.core.main.TestCaseExecutor.accessMainPhase(TestCaseExecutor.java:410)
	at com.kms.katalon.core.main.TestCaseExecutor.execute(TestCaseExecutor.java:285)
	at com.kms.katalon.core.common.CommonExecutor.accessTestCaseMainPhase(CommonExecutor.java:65)
	at com.kms.katalon.core.main.TestSuiteExecutor.accessTestSuiteMainPhase(TestSuiteExecutor.java:150)
	at com.kms.katalon.core.main.TestSuiteExecutor.execute(TestSuiteExecutor.java:106)
	at com.kms.katalon.core.main.TestCaseMain.startTestSuite(TestCaseMain.java:180)
	at TempTestSuite1732745349578.run(TempTestSuite1732745349578.groovy:35)
	at java.base/jdk.internal.reflect.NativeMethodAccessorImpl.invoke0(Native Method)
	at java.base/jdk.internal.reflect.NativeMethodAccessorImpl.invoke(NativeMethodAccessorImpl.java:77)
	at java.base/jdk.internal.reflect.DelegatingMethodAccessorImpl.invoke(DelegatingMethodAccessorImpl.java:43)
Caused by: com.kms.katalon.core.exception.StepFailedException: Unable to click on object 'Object Repository/Principal/Page_Olva Courier  Home/button_CONTINUAR (2)'
	at com.kms.katalon.core.webui.keyword.internal.WebUIKeywordMain.stepFailed(WebUIKeywordMain.groovy:117)
	at com.kms.katalon.core.webui.keyword.internal.WebUIKeywordMain.runKeyword(WebUIKeywordMain.groovy:43)
	at com.kms.katalon.core.webui.keyword.builtin.ClickKeyword.click(ClickKeyword.groovy:74)
	at com.kms.katalon.core.webui.keyword.builtin.ClickKeyword.execute(ClickKeyword.groovy:40)
	at com.kms.katalon.core.keyword.internal.KeywordExecutor.executeKeywordForPlatform(KeywordExecutor.groovy:74)
	at com.kms.katalon.core.webui.keyword.WebUiBuiltInKeywords.click(WebUiBuiltInKeywords.groovy:659)
	at Selec_sobre.run(Selec_sobre:24)
	at com.kms.katalon.core.main.ScriptEngine.run(ScriptEngine.java:194)
	at com.kms.katalon.core.main.ScriptEngine.runScriptAsRawText(ScriptEngine.java:119)
	at com.kms.katalon.core.main.TestCaseExecutor.runScript(TestCaseExecutor.java:448)
	at com.kms.katalon.core.main.TestCaseExecutor.doExecute(TestCaseExecutor.java:439)
	at com.kms.katalon.core.main.TestCaseExecutor.processExecutionPhase(TestCaseExecutor.java:418)
	at com.kms.katalon.core.main.TestCaseExecutor.accessMainPhase(TestCaseExecutor.java:410)
	at com.kms.katalon.core.main.TestCaseExecutor.execute(TestCaseExecutor.java:285)
	at com.kms.katalon.core.main.TestCaseMain.runTestCase(TestCaseMain.java:137)
	at com.kms.katalon.core.keyword.builtin.CallTestCaseKeyword$_callTestCase_closure1.doCall(CallTestCaseKeyword.groovy:59)
	... 24 more
Caused by: org.openqa.selenium.ElementClickInterceptedException: Element <button id="btn_aceptar_tipo_envio" class="btn disabled" type="button"> is not clickable at point (675,588) because another element <div class="modal-footer"> obscures it
Build info: version: '3.141.59', revision: 'unknown', time: 'unknown'
System info: host: 'DESKTOP-RGFFP9A', ip: '10.136.10.6', os.name: 'Windows 11', os.arch: 'amd64', os.version: '10.0', java.version: '17.0.7'
Driver info: com.kms.katalon.core.webui.driver.firefox.CGeckoDriver
Capabilities {acceptInsecureCerts: true, browserName: firefox, browserVersion: 133.0, javascriptEnabled: true, moz:accessibilityChecks: false, moz:buildID: 20241121140525, moz:geckodriverVersion: 0.35.0, moz:headless: false, moz:platformVersion: 10.0, moz:processID: 1236, moz:profile: C:\Users\OLVATI\AppData\Loc..., moz:shutdownTimeout: 60000, moz:webdriverClick: true, moz:windowless: false, pageLoadStrategy: normal, platform: WINDOWS, platformName: WINDOWS, proxy: Proxy(direct), setWindowRect: true, strictFileInteractability: false, timeouts: {implicit: 0, pageLoad: 300000, script: 30000}, unhandledPromptBehavior: dismiss and notify, userAgent: Mozilla/5.0 (Windows NT 10....}
Session ID: f755b5c9-5544-4d1f-86f8-120f39b6c694
	at jdk.internal.reflect.GeneratedConstructorAccessor32.newInstance(Unknown Source)
	at java.base/jdk.internal.reflect.DelegatingConstructorAccessorImpl.newInstance(DelegatingConstructorAccessorImpl.java:45)
	at org.openqa.selenium.remote.http.W3CHttpResponseCodec.createException(W3CHttpResponseCodec.java:187)
	at org.openqa.selenium.remote.http.W3CHttpResponseCodec.decode(W3CHttpResponseCodec.java:122)
	at org.openqa.selenium.remote.http.W3CHttpResponseCodec.decode(W3CHttpResponseCodec.java:49)
	at org.openqa.selenium.remote.HttpCommandExecutor.execute(HttpCommandExecutor.java:158)
	at org.openqa.selenium.remote.service.DriverCommandExecutor.execute(DriverCommandExecutor.java:83)
	at org.openqa.selenium.remote.RemoteWebDriver.execute(RemoteWebDriver.java:552)
	at com.kms.katalon.selenium.driver.CFirefoxDriver.execute(CFirefoxDriver.java:28)
	at org.openqa.selenium.remote.RemoteWebElement.execute(RemoteWebElement.java:285)
	at org.openqa.selenium.remote.RemoteWebElement.click(RemoteWebElement.java:84)
	at jdk.internal.reflect.GeneratedMethodAccessor10.invoke(Unknown Source)
	at java.base/jdk.internal.reflect.DelegatingMethodAccessorImpl.invoke(DelegatingMethodAccessorImpl.java:43)
	at org.openqa.selenium.support.events.EventFiringWebDriver$EventFiringWebElement.lambda$new$0(EventFiringWebDriver.java:404)
	at jdk.proxy2/jdk.proxy2.$Proxy21.click(Unknown Source)
	at org.openqa.selenium.support.events.EventFiringWebDriver$EventFiringWebElement.click(EventFiringWebDriver.java:417)
	at org.openqa.selenium.WebElement$click.call(Unknown Source)
	at com.kms.katalon.core.webui.keyword.builtin.ClickKeyword.clickUntilSuccessWithTimeout(ClickKeyword.groovy:81)
	at com.kms.katalon.core.webui.keyword.builtin.ClickKeyword.clickUntilSuccessWithTimeout(ClickKeyword.groovy)
	at jdk.internal.reflect.GeneratedMethodAccessor8.invoke(Unknown Source)
	at java.base/jdk.internal.reflect.DelegatingMethodAccessorImpl.invoke(DelegatingMethodAccessorImpl.java:43)
	at com.kms.katalon.core.webui.keyword.builtin.ClickKeyword$_click_closure1.doCall(ClickKeyword.groovy:67)
	at com.kms.katalon.core.webui.keyword.builtin.ClickKeyword$_click_closure1.call(ClickKeyword.groovy)
	at com.kms.katalon.core.webui.keyword.internal.WebUIKeywordMain.runKeyword(WebUIKeywordMain.groovy:35)
	... 38 more
)

27-11-2024T17:50:58 - [TEST_CASE][FAILED] - Test Cases/1.Inicio/1.1Principal/Selec_sobre: Test Cases/1.Inicio/1.1Principal/Selec_sobre FAILED.
Reason:
com.kms.katalon.core.exception.StepFailedException: Unable to click on object 'Object Repository/Principal/Page_Olva Courier  Home/button_CONTINUAR (2)'
	at com.kms.katalon.core.webui.keyword.internal.WebUIKeywordMain.stepFailed(WebUIKeywordMain.groovy:117)
	at com.kms.katalon.core.webui.keyword.internal.WebUIKeywordMain.runKeyword(WebUIKeywordMain.groovy:43)
	at com.kms.katalon.core.webui.keyword.builtin.ClickKeyword.click(ClickKeyword.groovy:74)
	at com.kms.katalon.core.webui.keyword.builtin.ClickKeyword.execute(ClickKeyword.groovy:40)
	at com.kms.katalon.core.keyword.internal.KeywordExecutor.executeKeywordForPlatform(KeywordExecutor.groovy:74)
	at com.kms.katalon.core.webui.keyword.WebUiBuiltInKeywords.click(WebUiBuiltInKeywords.groovy:659)
	at Selec_sobre.run(Selec_sobre:24)
	at com.kms.katalon.core.main.ScriptEngine.run(ScriptEngine.java:194)
	at com.kms.katalon.core.main.ScriptEngine.runScriptAsRawText(ScriptEngine.java:119)
	at com.kms.katalon.core.main.TestCaseExecutor.runScript(TestCaseExecutor.java:448)
	at com.kms.katalon.core.main.TestCaseExecutor.doExecute(TestCaseExecutor.java:439)
	at com.kms.katalon.core.main.TestCaseExecutor.processExecutionPhase(TestCaseExecutor.java:418)
	at com.kms.katalon.core.main.TestCaseExecutor.accessMainPhase(TestCaseExecutor.java:410)
	at com.kms.katalon.core.main.TestCaseExecutor.execute(TestCaseExecutor.java:285)
	at com.kms.katalon.core.main.TestCaseMain.runTestCase(TestCaseMain.java:137)
	at com.kms.katalon.core.keyword.builtin.CallTestCaseKeyword$_callTestCase_closure1.doCall(CallTestCaseKeyword.groovy:59)
	at com.kms.katalon.core.keyword.builtin.CallTestCaseKeyword$_callTestCase_closure1.call(CallTestCaseKeyword.groovy)
	at com.kms.katalon.core.keyword.internal.KeywordMain.runKeyword(KeywordMain.groovy:75)
	at com.kms.katalon.core.keyword.builtin.CallTestCaseKeyword.callTestCase(CallTestCaseKeyword.groovy:81)
	at com.kms.katalon.core.keyword.builtin.CallTestCaseKeyword.execute(CallTestCaseKeyword.groovy:44)
	at com.kms.katalon.core.keyword.internal.KeywordExecutor.executeKeywordForPlatform(KeywordExecutor.groovy:74)
	at com.kms.katalon.core.keyword.BuiltinKeywords.callTestCase(BuiltinKeywords.groovy:310)
	at jdk.internal.reflect.GeneratedMethodAccessor25.invoke(Unknown Source)
	at java.base/jdk.internal.reflect.DelegatingMethodAccessorImpl.invoke(DelegatingMethodAccessorImpl.java:43)
	at Destino-D.run(Destino-D:22)
	at com.kms.katalon.core.main.ScriptEngine.run(ScriptEngine.java:194)
	at com.kms.katalon.core.main.ScriptEngine.runScriptAsRawText(ScriptEngine.java:119)
	at com.kms.katalon.core.main.TestCaseExecutor.runScript(TestCaseExecutor.java:448)
	at com.kms.katalon.core.main.TestCaseExecutor.doExecute(TestCaseExecutor.java:439)
	at com.kms.katalon.core.main.TestCaseExecutor.processExecutionPhase(TestCaseExecutor.java:418)
	at com.kms.katalon.core.main.TestCaseExecutor.accessMainPhase(TestCaseExecutor.java:410)
	at com.kms.katalon.core.main.TestCaseExecutor.execute(TestCaseExecutor.java:285)
	at com.kms.katalon.core.common.CommonExecutor.accessTestCaseMainPhase(CommonExecutor.java:65)
	at com.kms.katalon.core.main.TestSuiteExecutor.accessTestSuiteMainPhase(TestSuiteExecutor.java:150)
	at com.kms.katalon.core.main.TestSuiteExecutor.execute(TestSuiteExecutor.java:106)
	at com.kms.katalon.core.main.TestCaseMain.startTestSuite(TestCaseMain.java:180)
	at TempTestSuite1732745349578.run(TempTestSuite1732745349578.groovy:35)
	at java.base/jdk.internal.reflect.NativeMethodAccessorImpl.invoke0(Native Method)
	at java.base/jdk.internal.reflect.NativeMethodAccessorImpl.invoke(NativeMethodAccessorImpl.java:77)
	at java.base/jdk.internal.reflect.DelegatingMethodAccessorImpl.invoke(DelegatingMethodAccessorImpl.java:43)
Caused by: org.openqa.selenium.ElementClickInterceptedException: Element <button id="btn_aceptar_tipo_envio" class="btn disabled" type="button"> is not clickable at point (675,588) because another element <div class="modal-footer"> obscures it
Build info: version: '3.141.59', revision: 'unknown', time: 'unknown'
System info: host: 'DESKTOP-RGFFP9A', ip: '10.136.10.6', os.name: 'Windows 11', os.arch: 'amd64', os.version: '10.0', java.version: '17.0.7'
Driver info: com.kms.katalon.core.webui.driver.firefox.CGeckoDriver
Capabilities {acceptInsecureCerts: true, browserName: firefox, browserVersion: 133.0, javascriptEnabled: true, moz:accessibilityChecks: false, moz:buildID: 20241121140525, moz:geckodriverVersion: 0.35.0, moz:headless: false, moz:platformVersion: 10.0, moz:processID: 1236, moz:profile: C:\Users\OLVATI\AppData\Loc..., moz:shutdownTimeout: 60000, moz:webdriverClick: true, moz:windowless: false, pageLoadStrategy: normal, platform: WINDOWS, platformName: WINDOWS, proxy: Proxy(direct), setWindowRect: true, strictFileInteractability: false, timeouts: {implicit: 0, pageLoad: 300000, script: 30000}, unhandledPromptBehavior: dismiss and notify, userAgent: Mozilla/5.0 (Windows NT 10....}
Session ID: f755b5c9-5544-4d1f-86f8-120f39b6c694
	at jdk.internal.reflect.GeneratedConstructorAccessor32.newInstance(Unknown Source)
	at java.base/jdk.internal.reflect.DelegatingConstructorAccessorImpl.newInstance(DelegatingConstructorAccessorImpl.java:45)
	at org.openqa.selenium.remote.http.W3CHttpResponseCodec.createException(W3CHttpResponseCodec.java:187)
	at org.openqa.selenium.remote.http.W3CHttpResponseCodec.decode(W3CHttpResponseCodec.java:122)
	at org.openqa.selenium.remote.http.W3CHttpResponseCodec.decode(W3CHttpResponseCodec.java:49)
	at org.openqa.selenium.remote.HttpCommandExecutor.execute(HttpCommandExecutor.java:158)
	at org.openqa.selenium.remote.service.DriverCommandExecutor.execute(DriverCommandExecutor.java:83)
	at org.openqa.selenium.remote.RemoteWebDriver.execute(RemoteWebDriver.java:552)
	at com.kms.katalon.selenium.driver.CFirefoxDriver.execute(CFirefoxDriver.java:28)
	at org.openqa.selenium.remote.RemoteWebElement.execute(RemoteWebElement.java:285)
	at org.openqa.selenium.remote.RemoteWebElement.click(RemoteWebElement.java:84)
	at jdk.internal.reflect.GeneratedMethodAccessor10.invoke(Unknown Source)
	at java.base/jdk.internal.reflect.DelegatingMethodAccessorImpl.invoke(DelegatingMethodAccessorImpl.java:43)
	at org.openqa.selenium.support.events.EventFiringWebDriver$EventFiringWebElement.lambda$new$0(EventFiringWebDriver.java:404)
	at jdk.proxy2/jdk.proxy2.$Proxy21.click(Unknown Source)
	at org.openqa.selenium.support.events.EventFiringWebDriver$EventFiringWebElement.click(EventFiringWebDriver.java:417)
	at org.openqa.selenium.WebElement$click.call(Unknown Source)
	at com.kms.katalon.core.webui.keyword.builtin.ClickKeyword.clickUntilSuccessWithTimeout(ClickKeyword.groovy:81)
	at com.kms.katalon.core.webui.keyword.builtin.ClickKeyword.clickUntilSuccessWithTimeout(ClickKeyword.groovy)
	at jdk.internal.reflect.GeneratedMethodAccessor8.invoke(Unknown Source)
	at java.base/jdk.internal.reflect.DelegatingMethodAccessorImpl.invoke(DelegatingMethodAccessorImpl.java:43)
	at com.kms.katalon.core.webui.keyword.builtin.ClickKeyword$_click_closure1.doCall(ClickKeyword.groovy:67)
	at com.kms.katalon.core.webui.keyword.builtin.ClickKeyword$_click_closure1.call(ClickKeyword.groovy)
	at com.kms.katalon.core.webui.keyword.internal.WebUIKeywordMain.runKeyword(WebUIKeywordMain.groovy:35)
	... 38 more


27-11-2024T17:50:58 - [TEST_STEP][PASSED] - click(findTestObject("Object Repository/Principal/Page_Olva Courier  Home/img_Envo de cajas o paquetescon un peso mxi_37770f")): Object: 'Object Repository/Principal/Page_Olva Courier  Home/img_Envo de cajas o paquetescon un peso mxi_37770f' is clicked on

27-11-2024T17:50:58 - [MESSAGE][PASSED] - Object: 'Object Repository/Principal/Page_Olva Courier  Home/img_Envo de cajas o paquetescon un peso mxi_37770f' is clicked on

27-11-2024T17:50:58 - [TEST_STEP][PASSED] - click(findTestObject("Object Repository/Principal/Page_Olva Courier  Home/label_He ledo y acepto los trminos de uso y_adab65")): Object: 'Object Repository/Principal/Page_Olva Courier  Home/label_He ledo y acepto los trminos de uso y_adab65' is clicked on

27-11-2024T17:50:59 - [MESSAGE][PASSED] - Object: 'Object Repository/Principal/Page_Olva Courier  Home/label_He ledo y acepto los trminos de uso y_adab65' is clicked on

27-11-2024T17:50:59 - [TEST_STEP][FAILED] - click(findTestObject("Object Repository/Principal/Page_Olva Courier  Home/button_CONTINUAR (2)")): Unable to click on object 'Object Repository/Principal/Page_Olva Courier  Home/button_CONTINUAR (2)' (Root cause: com.kms.katalon.core.exception.StepFailedException: Unable to click on object 'Object Repository/Principal/Page_Olva Courier  Home/button_CONTINUAR (2)'
	at com.kms.katalon.core.webui.keyword.internal.WebUIKeywordMain.stepFailed(WebUIKeywordMain.groovy:117)
	at com.kms.katalon.core.webui.keyword.internal.WebUIKeywordMain.runKeyword(WebUIKeywordMain.groovy:43)
	at com.kms.katalon.core.webui.keyword.builtin.ClickKeyword.click(ClickKeyword.groovy:74)
	at com.kms.katalon.core.webui.keyword.builtin.ClickKeyword.execute(ClickKeyword.groovy:40)
	at com.kms.katalon.core.keyword.internal.KeywordExecutor.executeKeywordForPlatform(KeywordExecutor.groovy:74)
	at com.kms.katalon.core.webui.keyword.WebUiBuiltInKeywords.click(WebUiBuiltInKeywords.groovy:659)
	at Selec_sobre.run(Selec_sobre:24)
	at com.kms.katalon.core.main.ScriptEngine.run(ScriptEngine.java:194)
	at com.kms.katalon.core.main.ScriptEngine.runScriptAsRawText(ScriptEngine.java:119)
	at com.kms.katalon.core.main.TestCaseExecutor.runScript(TestCaseExecutor.java:448)
	at com.kms.katalon.core.main.TestCaseExecutor.doExecute(TestCaseExecutor.java:439)
	at com.kms.katalon.core.main.TestCaseExecutor.processExecutionPhase(TestCaseExecutor.java:418)
	at com.kms.katalon.core.main.TestCaseExecutor.accessMainPhase(TestCaseExecutor.java:410)
	at com.kms.katalon.core.main.TestCaseExecutor.execute(TestCaseExecutor.java:285)
	at com.kms.katalon.core.main.TestCaseMain.runTestCase(TestCaseMain.java:137)
	at com.kms.katalon.core.keyword.builtin.CallTestCaseKeyword$_callTestCase_closure1.doCall(CallTestCaseKeyword.groovy:59)
	at com.kms.katalon.core.keyword.builtin.CallTestCaseKeyword$_callTestCase_closure1.call(CallTestCaseKeyword.groovy)
	at com.kms.katalon.core.keyword.internal.KeywordMain.runKeyword(KeywordMain.groovy:75)
	at com.kms.katalon.core.keyword.builtin.CallTestCaseKeyword.callTestCase(CallTestCaseKeyword.groovy:81)
	at com.kms.katalon.core.keyword.builtin.CallTestCaseKeyword.execute(CallTestCaseKeyword.groovy:44)
	at com.kms.katalon.core.keyword.internal.KeywordExecutor.executeKeywordForPlatform(KeywordExecutor.groovy:74)
	at com.kms.katalon.core.keyword.BuiltinKeywords.callTestCase(BuiltinKeywords.groovy:310)
	at jdk.internal.reflect.GeneratedMethodAccessor25.invoke(Unknown Source)
	at java.base/jdk.internal.reflect.DelegatingMethodAccessorImpl.invoke(DelegatingMethodAccessorImpl.java:43)
	at Destino-D.run(Destino-D:22)
	at com.kms.katalon.core.main.ScriptEngine.run(ScriptEngine.java:194)
	at com.kms.katalon.core.main.ScriptEngine.runScriptAsRawText(ScriptEngine.java:119)
	at com.kms.katalon.core.main.TestCaseExecutor.runScript(TestCaseExecutor.java:448)
	at com.kms.katalon.core.main.TestCaseExecutor.doExecute(TestCaseExecutor.java:439)
	at com.kms.katalon.core.main.TestCaseExecutor.processExecutionPhase(TestCaseExecutor.java:418)
	at com.kms.katalon.core.main.TestCaseExecutor.accessMainPhase(TestCaseExecutor.java:410)
	at com.kms.katalon.core.main.TestCaseExecutor.execute(TestCaseExecutor.java:285)
	at com.kms.katalon.core.common.CommonExecutor.accessTestCaseMainPhase(CommonExecutor.java:65)
	at com.kms.katalon.core.main.TestSuiteExecutor.accessTestSuiteMainPhase(TestSuiteExecutor.java:150)
	at com.kms.katalon.core.main.TestSuiteExecutor.execute(TestSuiteExecutor.java:106)
	at com.kms.katalon.core.main.TestCaseMain.startTestSuite(TestCaseMain.java:180)
	at TempTestSuite1732745349578.run(TempTestSuite1732745349578.groovy:35)
	at java.base/jdk.internal.reflect.NativeMethodAccessorImpl.invoke0(Native Method)
	at java.base/jdk.internal.reflect.NativeMethodAccessorImpl.invoke(NativeMethodAccessorImpl.java:77)
	at java.base/jdk.internal.reflect.DelegatingMethodAccessorImpl.invoke(DelegatingMethodAccessorImpl.java:43)
Caused by: org.openqa.selenium.ElementClickInterceptedException: Element <button id="btn_aceptar_tipo_envio" class="btn disabled" type="button"> is not clickable at point (675,588) because another element <div class="modal-footer"> obscures it
Build info: version: '3.141.59', revision: 'unknown', time: 'unknown'
System info: host: 'DESKTOP-RGFFP9A', ip: '10.136.10.6', os.name: 'Windows 11', os.arch: 'amd64', os.version: '10.0', java.version: '17.0.7'
Driver info: com.kms.katalon.core.webui.driver.firefox.CGeckoDriver
Capabilities {acceptInsecureCerts: true, browserName: firefox, browserVersion: 133.0, javascriptEnabled: true, moz:accessibilityChecks: false, moz:buildID: 20241121140525, moz:geckodriverVersion: 0.35.0, moz:headless: false, moz:platformVersion: 10.0, moz:processID: 1236, moz:profile: C:\Users\OLVATI\AppData\Loc..., moz:shutdownTimeout: 60000, moz:webdriverClick: true, moz:windowless: false, pageLoadStrategy: normal, platform: WINDOWS, platformName: WINDOWS, proxy: Proxy(direct), setWindowRect: true, strictFileInteractability: false, timeouts: {implicit: 0, pageLoad: 300000, script: 30000}, unhandledPromptBehavior: dismiss and notify, userAgent: Mozilla/5.0 (Windows NT 10....}
Session ID: f755b5c9-5544-4d1f-86f8-120f39b6c694
	at jdk.internal.reflect.GeneratedConstructorAccessor32.newInstance(Unknown Source)
	at java.base/jdk.internal.reflect.DelegatingConstructorAccessorImpl.newInstance(DelegatingConstructorAccessorImpl.java:45)
	at org.openqa.selenium.remote.http.W3CHttpResponseCodec.createException(W3CHttpResponseCodec.java:187)
	at org.openqa.selenium.remote.http.W3CHttpResponseCodec.decode(W3CHttpResponseCodec.java:122)
	at org.openqa.selenium.remote.http.W3CHttpResponseCodec.decode(W3CHttpResponseCodec.java:49)
	at org.openqa.selenium.remote.HttpCommandExecutor.execute(HttpCommandExecutor.java:158)
	at org.openqa.selenium.remote.service.DriverCommandExecutor.execute(DriverCommandExecutor.java:83)
	at org.openqa.selenium.remote.RemoteWebDriver.execute(RemoteWebDriver.java:552)
	at com.kms.katalon.selenium.driver.CFirefoxDriver.execute(CFirefoxDriver.java:28)
	at org.openqa.selenium.remote.RemoteWebElement.execute(RemoteWebElement.java:285)
	at org.openqa.selenium.remote.RemoteWebElement.click(RemoteWebElement.java:84)
	at jdk.internal.reflect.GeneratedMethodAccessor10.invoke(Unknown Source)
	at java.base/jdk.internal.reflect.DelegatingMethodAccessorImpl.invoke(DelegatingMethodAccessorImpl.java:43)
	at org.openqa.selenium.support.events.EventFiringWebDriver$EventFiringWebElement.lambda$new$0(EventFiringWebDriver.java:404)
	at jdk.proxy2/jdk.proxy2.$Proxy21.click(Unknown Source)
	at org.openqa.selenium.support.events.EventFiringWebDriver$EventFiringWebElement.click(EventFiringWebDriver.java:417)
	at org.openqa.selenium.WebElement$click.call(Unknown Source)
	at com.kms.katalon.core.webui.keyword.builtin.ClickKeyword.clickUntilSuccessWithTimeout(ClickKeyword.groovy:81)
	at com.kms.katalon.core.webui.keyword.builtin.ClickKeyword.clickUntilSuccessWithTimeout(ClickKeyword.groovy)
	at jdk.internal.reflect.GeneratedMethodAccessor8.invoke(Unknown Source)
	at java.base/jdk.internal.reflect.DelegatingMethodAccessorImpl.invoke(DelegatingMethodAccessorImpl.java:43)
	at com.kms.katalon.core.webui.keyword.builtin.ClickKeyword$_click_closure1.doCall(ClickKeyword.groovy:67)
	at com.kms.katalon.core.webui.keyword.builtin.ClickKeyword$_click_closure1.call(ClickKeyword.groovy)
	at com.kms.katalon.core.webui.keyword.internal.WebUIKeywordMain.runKeyword(WebUIKeywordMain.groovy:35)
	at com.kms.katalon.core.webui.keyword.builtin.ClickKeyword.click(ClickKeyword.groovy:74)
	at com.kms.katalon.core.webui.keyword.builtin.ClickKeyword.execute(ClickKeyword.groovy:40)
	at com.kms.katalon.core.keyword.internal.KeywordExecutor.executeKeywordForPlatform(KeywordExecutor.groovy:74)
	at com.kms.katalon.core.webui.keyword.WebUiBuiltInKeywords.click(WebUiBuiltInKeywords.groovy:659)
	at Script1732083570761.run(Script1732083570761.groovy:24)
	at com.kms.katalon.core.main.ScriptEngine.run(ScriptEngine.java:194)
	at com.kms.katalon.core.main.ScriptEngine.runScriptAsRawText(ScriptEngine.java:119)
	at com.kms.katalon.core.main.TestCaseExecutor.runScript(TestCaseExecutor.java:448)
	at com.kms.katalon.core.main.TestCaseExecutor.doExecute(TestCaseExecutor.java:439)
	at com.kms.katalon.core.main.TestCaseExecutor.processExecutionPhase(TestCaseExecutor.java:418)
	at com.kms.katalon.core.main.TestCaseExecutor.accessMainPhase(TestCaseExecutor.java:410)
	at com.kms.katalon.core.main.TestCaseExecutor.execute(TestCaseExecutor.java:285)
	at com.kms.katalon.core.main.TestCaseMain.runTestCase(TestCaseMain.java:137)
	at com.kms.katalon.core.keyword.builtin.CallTestCaseKeyword$_callTestCase_closure1.doCall(CallTestCaseKeyword.groovy:59)
	at com.kms.katalon.core.keyword.builtin.CallTestCaseKeyword$_callTestCase_closure1.call(CallTestCaseKeyword.groovy)
	at com.kms.katalon.core.keyword.internal.KeywordMain.runKeyword(KeywordMain.groovy:75)
	at com.kms.katalon.core.keyword.builtin.CallTestCaseKeyword.callTestCase(CallTestCaseKeyword.groovy:81)
	at com.kms.katalon.core.keyword.builtin.CallTestCaseKeyword.execute(CallTestCaseKeyword.groovy:44)
	at com.kms.katalon.core.keyword.internal.KeywordExecutor.executeKeywordForPlatform(KeywordExecutor.groovy:74)
	at com.kms.katalon.core.keyword.BuiltinKeywords.callTestCase(BuiltinKeywords.groovy:310)
	at jdk.internal.reflect.GeneratedMethodAccessor25.invoke(Unknown Source)
	at java.base/jdk.internal.reflect.DelegatingMethodAccessorImpl.invoke(DelegatingMethodAccessorImpl.java:43)
	at Script1732341473611.run(Script1732341473611.groovy:22)
	... 15 more
)

27-11-2024T17:51:30 - [MESSAGE][FAILED] - Unable to click on object 'Object Repository/Principal/Page_Olva Courier  Home/button_CONTINUAR (2)' (Root cause: com.kms.katalon.core.exception.StepFailedException: Unable to click on object 'Object Repository/Principal/Page_Olva Courier  Home/button_CONTINUAR (2)'
	at com.kms.katalon.core.webui.keyword.internal.WebUIKeywordMain.stepFailed(WebUIKeywordMain.groovy:117)
	at com.kms.katalon.core.webui.keyword.internal.WebUIKeywordMain.runKeyword(WebUIKeywordMain.groovy:43)
	at com.kms.katalon.core.webui.keyword.builtin.ClickKeyword.click(ClickKeyword.groovy:74)
	at com.kms.katalon.core.webui.keyword.builtin.ClickKeyword.execute(ClickKeyword.groovy:40)
	at com.kms.katalon.core.keyword.internal.KeywordExecutor.executeKeywordForPlatform(KeywordExecutor.groovy:74)
	at com.kms.katalon.core.webui.keyword.WebUiBuiltInKeywords.click(WebUiBuiltInKeywords.groovy:659)
	at Selec_sobre.run(Selec_sobre:24)
	at com.kms.katalon.core.main.ScriptEngine.run(ScriptEngine.java:194)
	at com.kms.katalon.core.main.ScriptEngine.runScriptAsRawText(ScriptEngine.java:119)
	at com.kms.katalon.core.main.TestCaseExecutor.runScript(TestCaseExecutor.java:448)
	at com.kms.katalon.core.main.TestCaseExecutor.doExecute(TestCaseExecutor.java:439)
	at com.kms.katalon.core.main.TestCaseExecutor.processExecutionPhase(TestCaseExecutor.java:418)
	at com.kms.katalon.core.main.TestCaseExecutor.accessMainPhase(TestCaseExecutor.java:410)
	at com.kms.katalon.core.main.TestCaseExecutor.execute(TestCaseExecutor.java:285)
	at com.kms.katalon.core.main.TestCaseMain.runTestCase(TestCaseMain.java:137)
	at com.kms.katalon.core.keyword.builtin.CallTestCaseKeyword$_callTestCase_closure1.doCall(CallTestCaseKeyword.groovy:59)
	at com.kms.katalon.core.keyword.builtin.CallTestCaseKeyword$_callTestCase_closure1.call(CallTestCaseKeyword.groovy)
	at com.kms.katalon.core.keyword.internal.KeywordMain.runKeyword(KeywordMain.groovy:75)
	at com.kms.katalon.core.keyword.builtin.CallTestCaseKeyword.callTestCase(CallTestCaseKeyword.groovy:81)
	at com.kms.katalon.core.keyword.builtin.CallTestCaseKeyword.execute(CallTestCaseKeyword.groovy:44)
	at com.kms.katalon.core.keyword.internal.KeywordExecutor.executeKeywordForPlatform(KeywordExecutor.groovy:74)
	at com.kms.katalon.core.keyword.BuiltinKeywords.callTestCase(BuiltinKeywords.groovy:310)
	at jdk.internal.reflect.GeneratedMethodAccessor25.invoke(Unknown Source)
	at java.base/jdk.internal.reflect.DelegatingMethodAccessorImpl.invoke(DelegatingMethodAccessorImpl.java:43)
	at Destino-D.run(Destino-D:22)
	at com.kms.katalon.core.main.ScriptEngine.run(ScriptEngine.java:194)
	at com.kms.katalon.core.main.ScriptEngine.runScriptAsRawText(ScriptEngine.java:119)
	at com.kms.katalon.core.main.TestCaseExecutor.runScript(TestCaseExecutor.java:448)
	at com.kms.katalon.core.main.TestCaseExecutor.doExecute(TestCaseExecutor.java:439)
	at com.kms.katalon.core.main.TestCaseExecutor.processExecutionPhase(TestCaseExecutor.java:418)
	at com.kms.katalon.core.main.TestCaseExecutor.accessMainPhase(TestCaseExecutor.java:410)
	at com.kms.katalon.core.main.TestCaseExecutor.execute(TestCaseExecutor.java:285)
	at com.kms.katalon.core.common.CommonExecutor.accessTestCaseMainPhase(CommonExecutor.java:65)
	at com.kms.katalon.core.main.TestSuiteExecutor.accessTestSuiteMainPhase(TestSuiteExecutor.java:150)
	at com.kms.katalon.core.main.TestSuiteExecutor.execute(TestSuiteExecutor.java:106)
	at com.kms.katalon.core.main.TestCaseMain.startTestSuite(TestCaseMain.java:180)
	at TempTestSuite1732745349578.run(TempTestSuite1732745349578.groovy:35)
	at java.base/jdk.internal.reflect.NativeMethodAccessorImpl.invoke0(Native Method)
	at java.base/jdk.internal.reflect.NativeMethodAccessorImpl.invoke(NativeMethodAccessorImpl.java:77)
	at java.base/jdk.internal.reflect.DelegatingMethodAccessorImpl.invoke(DelegatingMethodAccessorImpl.java:43)
Caused by: org.openqa.selenium.ElementClickInterceptedException: Element <button id="btn_aceptar_tipo_envio" class="btn disabled" type="button"> is not clickable at point (675,588) because another element <div class="modal-footer"> obscures it
Build info: version: '3.141.59', revision: 'unknown', time: 'unknown'
System info: host: 'DESKTOP-RGFFP9A', ip: '10.136.10.6', os.name: 'Windows 11', os.arch: 'amd64', os.version: '10.0', java.version: '17.0.7'
Driver info: com.kms.katalon.core.webui.driver.firefox.CGeckoDriver
Capabilities {acceptInsecureCerts: true, browserName: firefox, browserVersion: 133.0, javascriptEnabled: true, moz:accessibilityChecks: false, moz:buildID: 20241121140525, moz:geckodriverVersion: 0.35.0, moz:headless: false, moz:platformVersion: 10.0, moz:processID: 1236, moz:profile: C:\Users\OLVATI\AppData\Loc..., moz:shutdownTimeout: 60000, moz:webdriverClick: true, moz:windowless: false, pageLoadStrategy: normal, platform: WINDOWS, platformName: WINDOWS, proxy: Proxy(direct), setWindowRect: true, strictFileInteractability: false, timeouts: {implicit: 0, pageLoad: 300000, script: 30000}, unhandledPromptBehavior: dismiss and notify, userAgent: Mozilla/5.0 (Windows NT 10....}
Session ID: f755b5c9-5544-4d1f-86f8-120f39b6c694
	at jdk.internal.reflect.GeneratedConstructorAccessor32.newInstance(Unknown Source)
	at java.base/jdk.internal.reflect.DelegatingConstructorAccessorImpl.newInstance(DelegatingConstructorAccessorImpl.java:45)
	at org.openqa.selenium.remote.http.W3CHttpResponseCodec.createException(W3CHttpResponseCodec.java:187)
	at org.openqa.selenium.remote.http.W3CHttpResponseCodec.decode(W3CHttpResponseCodec.java:122)
	at org.openqa.selenium.remote.http.W3CHttpResponseCodec.decode(W3CHttpResponseCodec.java:49)
	at org.openqa.selenium.remote.HttpCommandExecutor.execute(HttpCommandExecutor.java:158)
	at org.openqa.selenium.remote.service.DriverCommandExecutor.execute(DriverCommandExecutor.java:83)
	at org.openqa.selenium.remote.RemoteWebDriver.execute(RemoteWebDriver.java:552)
	at com.kms.katalon.selenium.driver.CFirefoxDriver.execute(CFirefoxDriver.java:28)
	at org.openqa.selenium.remote.RemoteWebElement.execute(RemoteWebElement.java:285)
	at org.openqa.selenium.remote.RemoteWebElement.click(RemoteWebElement.java:84)
	at jdk.internal.reflect.GeneratedMethodAccessor10.invoke(Unknown Source)
	at java.base/jdk.internal.reflect.DelegatingMethodAccessorImpl.invoke(DelegatingMethodAccessorImpl.java:43)
	at org.openqa.selenium.support.events.EventFiringWebDriver$EventFiringWebElement.lambda$new$0(EventFiringWebDriver.java:404)
	at jdk.proxy2/jdk.proxy2.$Proxy21.click(Unknown Source)
	at org.openqa.selenium.support.events.EventFiringWebDriver$EventFiringWebElement.click(EventFiringWebDriver.java:417)
	at org.openqa.selenium.WebElement$click.call(Unknown Source)
	at com.kms.katalon.core.webui.keyword.builtin.ClickKeyword.clickUntilSuccessWithTimeout(ClickKeyword.groovy:81)
	at com.kms.katalon.core.webui.keyword.builtin.ClickKeyword.clickUntilSuccessWithTimeout(ClickKeyword.groovy)
	at jdk.internal.reflect.GeneratedMethodAccessor8.invoke(Unknown Source)
	at java.base/jdk.internal.reflect.DelegatingMethodAccessorImpl.invoke(DelegatingMethodAccessorImpl.java:43)
	at com.kms.katalon.core.webui.keyword.builtin.ClickKeyword$_click_closure1.doCall(ClickKeyword.groovy:67)
	at com.kms.katalon.core.webui.keyword.builtin.ClickKeyword$_click_closure1.call(ClickKeyword.groovy)
	at com.kms.katalon.core.webui.keyword.internal.WebUIKeywordMain.runKeyword(WebUIKeywordMain.groovy:35)
	at com.kms.katalon.core.webui.keyword.builtin.ClickKeyword.click(ClickKeyword.groovy:74)
	at com.kms.katalon.core.webui.keyword.builtin.ClickKeyword.execute(ClickKeyword.groovy:40)
	at com.kms.katalon.core.keyword.internal.KeywordExecutor.executeKeywordForPlatform(KeywordExecutor.groovy:74)
	at com.kms.katalon.core.webui.keyword.WebUiBuiltInKeywords.click(WebUiBuiltInKeywords.groovy:659)
	at Script1732083570761.run(Script1732083570761.groovy:24)
	at com.kms.katalon.core.main.ScriptEngine.run(ScriptEngine.java:194)
	at com.kms.katalon.core.main.ScriptEngine.runScriptAsRawText(ScriptEngine.java:119)
	at com.kms.katalon.core.main.TestCaseExecutor.runScript(TestCaseExecutor.java:448)
	at com.kms.katalon.core.main.TestCaseExecutor.doExecute(TestCaseExecutor.java:439)
	at com.kms.katalon.core.main.TestCaseExecutor.processExecutionPhase(TestCaseExecutor.java:418)
	at com.kms.katalon.core.main.TestCaseExecutor.accessMainPhase(TestCaseExecutor.java:410)
	at com.kms.katalon.core.main.TestCaseExecutor.execute(TestCaseExecutor.java:285)
	at com.kms.katalon.core.main.TestCaseMain.runTestCase(TestCaseMain.java:137)
	at com.kms.katalon.core.keyword.builtin.CallTestCaseKeyword$_callTestCase_closure1.doCall(CallTestCaseKeyword.groovy:59)
	at com.kms.katalon.core.keyword.builtin.CallTestCaseKeyword$_callTestCase_closure1.call(CallTestCaseKeyword.groovy)
	at com.kms.katalon.core.keyword.internal.KeywordMain.runKeyword(KeywordMain.groovy:75)
	at com.kms.katalon.core.keyword.builtin.CallTestCaseKeyword.callTestCase(CallTestCaseKeyword.groovy:81)
	at com.kms.katalon.core.keyword.builtin.CallTestCaseKeyword.execute(CallTestCaseKeyword.groovy:44)
	at com.kms.katalon.core.keyword.internal.KeywordExecutor.executeKeywordForPlatform(KeywordExecutor.groovy:74)
	at com.kms.katalon.core.keyword.BuiltinKeywords.callTestCase(BuiltinKeywords.groovy:310)
	at jdk.internal.reflect.GeneratedMethodAccessor25.invoke(Unknown Source)
	at java.base/jdk.internal.reflect.DelegatingMethodAccessorImpl.invoke(DelegatingMethodAccessorImpl.java:43)
	at Script1732341473611.run(Script1732341473611.groovy:22)
	... 15 more
)

27-11-2024T17:51:30 - [MESSAGE][FAILED] - Unable to call Test Case 'Test Cases/1.Inicio/1.1Principal/Selec_sobre' (Root cause: com.kms.katalon.core.exception.StepFailedException: Call Test Case 'Test Cases/1.Inicio/1.1Principal/Selec_sobre' failed
	at com.kms.katalon.core.keyword.builtin.CallTestCaseKeyword$_callTestCase_closure1.doCall(CallTestCaseKeyword.groovy:63)
	at com.kms.katalon.core.keyword.builtin.CallTestCaseKeyword$_callTestCase_closure1.call(CallTestCaseKeyword.groovy)
	at com.kms.katalon.core.keyword.internal.KeywordMain.runKeyword(KeywordMain.groovy:75)
	at com.kms.katalon.core.keyword.builtin.CallTestCaseKeyword.callTestCase(CallTestCaseKeyword.groovy:81)
	at com.kms.katalon.core.keyword.builtin.CallTestCaseKeyword.execute(CallTestCaseKeyword.groovy:44)
	at com.kms.katalon.core.keyword.internal.KeywordExecutor.executeKeywordForPlatform(KeywordExecutor.groovy:74)
	at com.kms.katalon.core.keyword.BuiltinKeywords.callTestCase(BuiltinKeywords.groovy:310)
	at jdk.internal.reflect.GeneratedMethodAccessor25.invoke(Unknown Source)
	at java.base/jdk.internal.reflect.DelegatingMethodAccessorImpl.invoke(DelegatingMethodAccessorImpl.java:43)
	at Destino-D.run(Destino-D:22)
	at com.kms.katalon.core.main.ScriptEngine.run(ScriptEngine.java:194)
	at com.kms.katalon.core.main.ScriptEngine.runScriptAsRawText(ScriptEngine.java:119)
	at com.kms.katalon.core.main.TestCaseExecutor.runScript(TestCaseExecutor.java:448)
	at com.kms.katalon.core.main.TestCaseExecutor.doExecute(TestCaseExecutor.java:439)
	at com.kms.katalon.core.main.TestCaseExecutor.processExecutionPhase(TestCaseExecutor.java:418)
	at com.kms.katalon.core.main.TestCaseExecutor.accessMainPhase(TestCaseExecutor.java:410)
	at com.kms.katalon.core.main.TestCaseExecutor.execute(TestCaseExecutor.java:285)
	at com.kms.katalon.core.common.CommonExecutor.accessTestCaseMainPhase(CommonExecutor.java:65)
	at com.kms.katalon.core.main.TestSuiteExecutor.accessTestSuiteMainPhase(TestSuiteExecutor.java:150)
	at com.kms.katalon.core.main.TestSuiteExecutor.execute(TestSuiteExecutor.java:106)
	at com.kms.katalon.core.main.TestCaseMain.startTestSuite(TestCaseMain.java:180)
	at TempTestSuite1732745349578.run(TempTestSuite1732745349578.groovy:35)
	at java.base/jdk.internal.reflect.NativeMethodAccessorImpl.invoke0(Native Method)
	at java.base/jdk.internal.reflect.NativeMethodAccessorImpl.invoke(NativeMethodAccessorImpl.java:77)
	at java.base/jdk.internal.reflect.DelegatingMethodAccessorImpl.invoke(DelegatingMethodAccessorImpl.java:43)
Caused by: com.kms.katalon.core.exception.StepFailedException: Unable to click on object 'Object Repository/Principal/Page_Olva Courier  Home/button_CONTINUAR (2)'
	at com.kms.katalon.core.webui.keyword.internal.WebUIKeywordMain.stepFailed(WebUIKeywordMain.groovy:117)
	at com.kms.katalon.core.webui.keyword.internal.WebUIKeywordMain.runKeyword(WebUIKeywordMain.groovy:43)
	at com.kms.katalon.core.webui.keyword.builtin.ClickKeyword.click(ClickKeyword.groovy:74)
	at com.kms.katalon.core.webui.keyword.builtin.ClickKeyword.execute(ClickKeyword.groovy:40)
	at com.kms.katalon.core.keyword.internal.KeywordExecutor.executeKeywordForPlatform(KeywordExecutor.groovy:74)
	at com.kms.katalon.core.webui.keyword.WebUiBuiltInKeywords.click(WebUiBuiltInKeywords.groovy:659)
	at Selec_sobre.run(Selec_sobre:24)
	at com.kms.katalon.core.main.ScriptEngine.run(ScriptEngine.java:194)
	at com.kms.katalon.core.main.ScriptEngine.runScriptAsRawText(ScriptEngine.java:119)
	at com.kms.katalon.core.main.TestCaseExecutor.runScript(TestCaseExecutor.java:448)
	at com.kms.katalon.core.main.TestCaseExecutor.doExecute(TestCaseExecutor.java:439)
	at com.kms.katalon.core.main.TestCaseExecutor.processExecutionPhase(TestCaseExecutor.java:418)
	at com.kms.katalon.core.main.TestCaseExecutor.accessMainPhase(TestCaseExecutor.java:410)
	at com.kms.katalon.core.main.TestCaseExecutor.execute(TestCaseExecutor.java:285)
	at com.kms.katalon.core.main.TestCaseMain.runTestCase(TestCaseMain.java:137)
	at com.kms.katalon.core.keyword.builtin.CallTestCaseKeyword$_callTestCase_closure1.doCall(CallTestCaseKeyword.groovy:59)
	... 24 more
Caused by: org.openqa.selenium.ElementClickInterceptedException: Element <button id="btn_aceptar_tipo_envio" class="btn disabled" type="button"> is not clickable at point (675,588) because another element <div class="modal-footer"> obscures it
Build info: version: '3.141.59', revision: 'unknown', time: 'unknown'
System info: host: 'DESKTOP-RGFFP9A', ip: '10.136.10.6', os.name: 'Windows 11', os.arch: 'amd64', os.version: '10.0', java.version: '17.0.7'
Driver info: com.kms.katalon.core.webui.driver.firefox.CGeckoDriver
Capabilities {acceptInsecureCerts: true, browserName: firefox, browserVersion: 133.0, javascriptEnabled: true, moz:accessibilityChecks: false, moz:buildID: 20241121140525, moz:geckodriverVersion: 0.35.0, moz:headless: false, moz:platformVersion: 10.0, moz:processID: 1236, moz:profile: C:\Users\OLVATI\AppData\Loc..., moz:shutdownTimeout: 60000, moz:webdriverClick: true, moz:windowless: false, pageLoadStrategy: normal, platform: WINDOWS, platformName: WINDOWS, proxy: Proxy(direct), setWindowRect: true, strictFileInteractability: false, timeouts: {implicit: 0, pageLoad: 300000, script: 30000}, unhandledPromptBehavior: dismiss and notify, userAgent: Mozilla/5.0 (Windows NT 10....}
Session ID: f755b5c9-5544-4d1f-86f8-120f39b6c694
	at jdk.internal.reflect.GeneratedConstructorAccessor32.newInstance(Unknown Source)
	at java.base/jdk.internal.reflect.DelegatingConstructorAccessorImpl.newInstance(DelegatingConstructorAccessorImpl.java:45)
	at org.openqa.selenium.remote.http.W3CHttpResponseCodec.createException(W3CHttpResponseCodec.java:187)
	at org.openqa.selenium.remote.http.W3CHttpResponseCodec.decode(W3CHttpResponseCodec.java:122)
	at org.openqa.selenium.remote.http.W3CHttpResponseCodec.decode(W3CHttpResponseCodec.java:49)
	at org.openqa.selenium.remote.HttpCommandExecutor.execute(HttpCommandExecutor.java:158)
	at org.openqa.selenium.remote.service.DriverCommandExecutor.execute(DriverCommandExecutor.java:83)
	at org.openqa.selenium.remote.RemoteWebDriver.execute(RemoteWebDriver.java:552)
	at com.kms.katalon.selenium.driver.CFirefoxDriver.execute(CFirefoxDriver.java:28)
	at org.openqa.selenium.remote.RemoteWebElement.execute(RemoteWebElement.java:285)
	at org.openqa.selenium.remote.RemoteWebElement.click(RemoteWebElement.java:84)
	at jdk.internal.reflect.GeneratedMethodAccessor10.invoke(Unknown Source)
	at java.base/jdk.internal.reflect.DelegatingMethodAccessorImpl.invoke(DelegatingMethodAccessorImpl.java:43)
	at org.openqa.selenium.support.events.EventFiringWebDriver$EventFiringWebElement.lambda$new$0(EventFiringWebDriver.java:404)
	at jdk.proxy2/jdk.proxy2.$Proxy21.click(Unknown Source)
	at org.openqa.selenium.support.events.EventFiringWebDriver$EventFiringWebElement.click(EventFiringWebDriver.java:417)
	at org.openqa.selenium.WebElement$click.call(Unknown Source)
	at com.kms.katalon.core.webui.keyword.builtin.ClickKeyword.clickUntilSuccessWithTimeout(ClickKeyword.groovy:81)
	at com.kms.katalon.core.webui.keyword.builtin.ClickKeyword.clickUntilSuccessWithTimeout(ClickKeyword.groovy)
	at jdk.internal.reflect.GeneratedMethodAccessor8.invoke(Unknown Source)
	at java.base/jdk.internal.reflect.DelegatingMethodAccessorImpl.invoke(DelegatingMethodAccessorImpl.java:43)
	at com.kms.katalon.core.webui.keyword.builtin.ClickKeyword$_click_closure1.doCall(ClickKeyword.groovy:67)
	at com.kms.katalon.core.webui.keyword.builtin.ClickKeyword$_click_closure1.call(ClickKeyword.groovy)
	at com.kms.katalon.core.webui.keyword.internal.WebUIKeywordMain.runKeyword(WebUIKeywordMain.groovy:35)
	... 38 more
)]]></system-out>
         <system-err><![CDATA[27-11-2024T17:50:43 - [TEST_CASE][FAILED] - Test Cases/2.Positivos/2.2Sobre/Origen-Provincia/3.Destino-D,DO,O/Destino-D: Test Cases/2.Positivos/2.2Sobre/Origen-Provincia/3.Destino-D,DO,O/Destino-D FAILED.
Reason:
com.kms.katalon.core.exception.StepFailedException: Call Test Case 'Test Cases/1.Inicio/1.1Principal/Selec_sobre' failed
	at com.kms.katalon.core.keyword.builtin.CallTestCaseKeyword$_callTestCase_closure1.doCall(CallTestCaseKeyword.groovy:63)
	at com.kms.katalon.core.keyword.builtin.CallTestCaseKeyword$_callTestCase_closure1.call(CallTestCaseKeyword.groovy)
	at com.kms.katalon.core.keyword.internal.KeywordMain.runKeyword(KeywordMain.groovy:75)
	at com.kms.katalon.core.keyword.builtin.CallTestCaseKeyword.callTestCase(CallTestCaseKeyword.groovy:81)
	at com.kms.katalon.core.keyword.builtin.CallTestCaseKeyword.execute(CallTestCaseKeyword.groovy:44)
	at com.kms.katalon.core.keyword.internal.KeywordExecutor.executeKeywordForPlatform(KeywordExecutor.groovy:74)
	at com.kms.katalon.core.keyword.BuiltinKeywords.callTestCase(BuiltinKeywords.groovy:310)
	at jdk.internal.reflect.GeneratedMethodAccessor25.invoke(Unknown Source)
	at java.base/jdk.internal.reflect.DelegatingMethodAccessorImpl.invoke(DelegatingMethodAccessorImpl.java:43)
	at Destino-D.run(Destino-D:22)
	at com.kms.katalon.core.main.ScriptEngine.run(ScriptEngine.java:194)
	at com.kms.katalon.core.main.ScriptEngine.runScriptAsRawText(ScriptEngine.java:119)
	at com.kms.katalon.core.main.TestCaseExecutor.runScript(TestCaseExecutor.java:448)
	at com.kms.katalon.core.main.TestCaseExecutor.doExecute(TestCaseExecutor.java:439)
	at com.kms.katalon.core.main.TestCaseExecutor.processExecutionPhase(TestCaseExecutor.java:418)
	at com.kms.katalon.core.main.TestCaseExecutor.accessMainPhase(TestCaseExecutor.java:410)
	at com.kms.katalon.core.main.TestCaseExecutor.execute(TestCaseExecutor.java:285)
	at com.kms.katalon.core.common.CommonExecutor.accessTestCaseMainPhase(CommonExecutor.java:65)
	at com.kms.katalon.core.main.TestSuiteExecutor.accessTestSuiteMainPhase(TestSuiteExecutor.java:150)
	at com.kms.katalon.core.main.TestSuiteExecutor.execute(TestSuiteExecutor.java:106)
	at com.kms.katalon.core.main.TestCaseMain.startTestSuite(TestCaseMain.java:180)
	at TempTestSuite1732745349578.run(TempTestSuite1732745349578.groovy:35)
	at java.base/jdk.internal.reflect.NativeMethodAccessorImpl.invoke0(Native Method)
	at java.base/jdk.internal.reflect.NativeMethodAccessorImpl.invoke(NativeMethodAccessorImpl.java:77)
	at java.base/jdk.internal.reflect.DelegatingMethodAccessorImpl.invoke(DelegatingMethodAccessorImpl.java:43)
Caused by: com.kms.katalon.core.exception.StepFailedException: Unable to click on object 'Object Repository/Principal/Page_Olva Courier  Home/button_CONTINUAR (2)'
	at com.kms.katalon.core.webui.keyword.internal.WebUIKeywordMain.stepFailed(WebUIKeywordMain.groovy:117)
	at com.kms.katalon.core.webui.keyword.internal.WebUIKeywordMain.runKeyword(WebUIKeywordMain.groovy:43)
	at com.kms.katalon.core.webui.keyword.builtin.ClickKeyword.click(ClickKeyword.groovy:74)
	at com.kms.katalon.core.webui.keyword.builtin.ClickKeyword.execute(ClickKeyword.groovy:40)
	at com.kms.katalon.core.keyword.internal.KeywordExecutor.executeKeywordForPlatform(KeywordExecutor.groovy:74)
	at com.kms.katalon.core.webui.keyword.WebUiBuiltInKeywords.click(WebUiBuiltInKeywords.groovy:659)
	at Selec_sobre.run(Selec_sobre:24)
	at com.kms.katalon.core.main.ScriptEngine.run(ScriptEngine.java:194)
	at com.kms.katalon.core.main.ScriptEngine.runScriptAsRawText(ScriptEngine.java:119)
	at com.kms.katalon.core.main.TestCaseExecutor.runScript(TestCaseExecutor.java:448)
	at com.kms.katalon.core.main.TestCaseExecutor.doExecute(TestCaseExecutor.java:439)
	at com.kms.katalon.core.main.TestCaseExecutor.processExecutionPhase(TestCaseExecutor.java:418)
	at com.kms.katalon.core.main.TestCaseExecutor.accessMainPhase(TestCaseExecutor.java:410)
	at com.kms.katalon.core.main.TestCaseExecutor.execute(TestCaseExecutor.java:285)
	at com.kms.katalon.core.main.TestCaseMain.runTestCase(TestCaseMain.java:137)
	at com.kms.katalon.core.keyword.builtin.CallTestCaseKeyword$_callTestCase_closure1.doCall(CallTestCaseKeyword.groovy:59)
	... 24 more
Caused by: org.openqa.selenium.ElementClickInterceptedException: Element <button id="btn_aceptar_tipo_envio" class="btn disabled" type="button"> is not clickable at point (675,588) because another element <div class="modal-footer"> obscures it
Build info: version: '3.141.59', revision: 'unknown', time: 'unknown'
System info: host: 'DESKTOP-RGFFP9A', ip: '10.136.10.6', os.name: 'Windows 11', os.arch: 'amd64', os.version: '10.0', java.version: '17.0.7'
Driver info: com.kms.katalon.core.webui.driver.firefox.CGeckoDriver
Capabilities {acceptInsecureCerts: true, browserName: firefox, browserVersion: 133.0, javascriptEnabled: true, moz:accessibilityChecks: false, moz:buildID: 20241121140525, moz:geckodriverVersion: 0.35.0, moz:headless: false, moz:platformVersion: 10.0, moz:processID: 1236, moz:profile: C:\Users\OLVATI\AppData\Loc..., moz:shutdownTimeout: 60000, moz:webdriverClick: true, moz:windowless: false, pageLoadStrategy: normal, platform: WINDOWS, platformName: WINDOWS, proxy: Proxy(direct), setWindowRect: true, strictFileInteractability: false, timeouts: {implicit: 0, pageLoad: 300000, script: 30000}, unhandledPromptBehavior: dismiss and notify, userAgent: Mozilla/5.0 (Windows NT 10....}
Session ID: f755b5c9-5544-4d1f-86f8-120f39b6c694
	at jdk.internal.reflect.GeneratedConstructorAccessor32.newInstance(Unknown Source)
	at java.base/jdk.internal.reflect.DelegatingConstructorAccessorImpl.newInstance(DelegatingConstructorAccessorImpl.java:45)
	at org.openqa.selenium.remote.http.W3CHttpResponseCodec.createException(W3CHttpResponseCodec.java:187)
	at org.openqa.selenium.remote.http.W3CHttpResponseCodec.decode(W3CHttpResponseCodec.java:122)
	at org.openqa.selenium.remote.http.W3CHttpResponseCodec.decode(W3CHttpResponseCodec.java:49)
	at org.openqa.selenium.remote.HttpCommandExecutor.execute(HttpCommandExecutor.java:158)
	at org.openqa.selenium.remote.service.DriverCommandExecutor.execute(DriverCommandExecutor.java:83)
	at org.openqa.selenium.remote.RemoteWebDriver.execute(RemoteWebDriver.java:552)
	at com.kms.katalon.selenium.driver.CFirefoxDriver.execute(CFirefoxDriver.java:28)
	at org.openqa.selenium.remote.RemoteWebElement.execute(RemoteWebElement.java:285)
	at org.openqa.selenium.remote.RemoteWebElement.click(RemoteWebElement.java:84)
	at jdk.internal.reflect.GeneratedMethodAccessor10.invoke(Unknown Source)
	at java.base/jdk.internal.reflect.DelegatingMethodAccessorImpl.invoke(DelegatingMethodAccessorImpl.java:43)
	at org.openqa.selenium.support.events.EventFiringWebDriver$EventFiringWebElement.lambda$new$0(EventFiringWebDriver.java:404)
	at jdk.proxy2/jdk.proxy2.$Proxy21.click(Unknown Source)
	at org.openqa.selenium.support.events.EventFiringWebDriver$EventFiringWebElement.click(EventFiringWebDriver.java:417)
	at org.openqa.selenium.WebElement$click.call(Unknown Source)
	at com.kms.katalon.core.webui.keyword.builtin.ClickKeyword.clickUntilSuccessWithTimeout(ClickKeyword.groovy:81)
	at com.kms.katalon.core.webui.keyword.builtin.ClickKeyword.clickUntilSuccessWithTimeout(ClickKeyword.groovy)
	at jdk.internal.reflect.GeneratedMethodAccessor8.invoke(Unknown Source)
	at java.base/jdk.internal.reflect.DelegatingMethodAccessorImpl.invoke(DelegatingMethodAccessorImpl.java:43)
	at com.kms.katalon.core.webui.keyword.builtin.ClickKeyword$_click_closure1.doCall(ClickKeyword.groovy:67)
	at com.kms.katalon.core.webui.keyword.builtin.ClickKeyword$_click_closure1.call(ClickKeyword.groovy)
	at com.kms.katalon.core.webui.keyword.internal.WebUIKeywordMain.runKeyword(WebUIKeywordMain.groovy:35)
	... 38 more]]></system-err>
      </testcase>
      <testcase name="Test Cases/2.Positivos/2.2Sobre/Origen-Provincia/2.Valorado/Entrega_Tienda/Restricion-tienda" time="50.128" classname="Test Cases/2.Positivos/2.2Sobre/Origen-Provincia/2.Valorado/Entrega_Tienda/Restricion-tienda" status="FAILED">
         <failure type="FAILED" message="Test Cases/2.Positivos/2.2Sobre/Origen-Provincia/2.Valorado/Entrega_Tienda/Restricion-tienda FAILED.&#xa;Reason:&#xa;com.kms.katalon.core.exception.StepFailedException: Call Test Case 'Test Cases/1.Inicio/1.1Principal/Selec_sobre' failed&#xa;	at com.kms.katalon.core.keyword.builtin.CallTestCaseKeyword$_callTestCase_closure1.doCall(CallTestCaseKeyword.groovy:63)&#xa;	at com.kms.katalon.core.keyword.builtin.CallTestCaseKeyword$_callTestCase_closure1.call(CallTestCaseKeyword.groovy)&#xa;	at com.kms.katalon.core.keyword.internal.KeywordMain.runKeyword(KeywordMain.groovy:75)&#xa;	at com.kms.katalon.core.keyword.builtin.CallTestCaseKeyword.callTestCase(CallTestCaseKeyword.groovy:81)&#xa;	at com.kms.katalon.core.keyword.builtin.CallTestCaseKeyword.execute(CallTestCaseKeyword.groovy:44)&#xa;	at com.kms.katalon.core.keyword.internal.KeywordExecutor.executeKeywordForPlatform(KeywordExecutor.groovy:74)&#xa;	at com.kms.katalon.core.keyword.BuiltinKeywords.callTestCase(BuiltinKeywords.groovy:310)&#xa;	at jdk.internal.reflect.GeneratedMethodAccessor25.invoke(Unknown Source)&#xa;	at java.base/jdk.internal.reflect.DelegatingMethodAccessorImpl.invoke(DelegatingMethodAccessorImpl.java:43)&#xa;	at Restricion-tienda.run(Restricion-tienda:22)&#xa;	at com.kms.katalon.core.main.ScriptEngine.run(ScriptEngine.java:194)&#xa;	at com.kms.katalon.core.main.ScriptEngine.runScriptAsRawText(ScriptEngine.java:119)&#xa;	at com.kms.katalon.core.main.TestCaseExecutor.runScript(TestCaseExecutor.java:448)&#xa;	at com.kms.katalon.core.main.TestCaseExecutor.doExecute(TestCaseExecutor.java:439)&#xa;	at com.kms.katalon.core.main.TestCaseExecutor.processExecutionPhase(TestCaseExecutor.java:418)&#xa;	at com.kms.katalon.core.main.TestCaseExecutor.accessMainPhase(TestCaseExecutor.java:410)&#xa;	at com.kms.katalon.core.main.TestCaseExecutor.execute(TestCaseExecutor.java:285)&#xa;	at com.kms.katalon.core.common.CommonExecutor.accessTestCaseMainPhase(CommonExecutor.java:65)&#xa;	at com.kms.katalon.core.main.TestSuiteExecutor.accessTestSuiteMainPhase(TestSuiteExecutor.java:150)&#xa;	at com.kms.katalon.core.main.TestSuiteExecutor.execute(TestSuiteExecutor.java:106)&#xa;	at com.kms.katalon.core.main.TestCaseMain.startTestSuite(TestCaseMain.java:180)&#xa;	at TempTestSuite1732745349578.run(TempTestSuite1732745349578.groovy:35)&#xa;	at java.base/jdk.internal.reflect.NativeMethodAccessorImpl.invoke0(Native Method)&#xa;	at java.base/jdk.internal.reflect.NativeMethodAccessorImpl.invoke(NativeMethodAccessorImpl.java:77)&#xa;	at java.base/jdk.internal.reflect.DelegatingMethodAccessorImpl.invoke(DelegatingMethodAccessorImpl.java:43)&#xa;Caused by: com.kms.katalon.core.exception.StepFailedException: Unable to click on object 'Object Repository/Principal/Page_Olva Courier  Home/button_CONTINUAR (2)'&#xa;	at com.kms.katalon.core.webui.keyword.internal.WebUIKeywordMain.stepFailed(WebUIKeywordMain.groovy:117)&#xa;	at com.kms.katalon.core.webui.keyword.internal.WebUIKeywordMain.runKeyword(WebUIKeywordMain.groovy:43)&#xa;	at com.kms.katalon.core.webui.keyword.builtin.ClickKeyword.click(ClickKeyword.groovy:74)&#xa;	at com.kms.katalon.core.webui.keyword.builtin.ClickKeyword.execute(ClickKeyword.groovy:40)&#xa;	at com.kms.katalon.core.keyword.internal.KeywordExecutor.executeKeywordForPlatform(KeywordExecutor.groovy:74)&#xa;	at com.kms.katalon.core.webui.keyword.WebUiBuiltInKeywords.click(WebUiBuiltInKeywords.groovy:659)&#xa;	at Selec_sobre.run(Selec_sobre:24)&#xa;	at com.kms.katalon.core.main.ScriptEngine.run(ScriptEngine.java:194)&#xa;	at com.kms.katalon.core.main.ScriptEngine.runScriptAsRawText(ScriptEngine.java:119)&#xa;	at com.kms.katalon.core.main.TestCaseExecutor.runScript(TestCaseExecutor.java:448)&#xa;	at com.kms.katalon.core.main.TestCaseExecutor.doExecute(TestCaseExecutor.java:439)&#xa;	at com.kms.katalon.core.main.TestCaseExecutor.processExecutionPhase(TestCaseExecutor.java:418)&#xa;	at com.kms.katalon.core.main.TestCaseExecutor.accessMainPhase(TestCaseExecutor.java:410)&#xa;	at com.kms.katalon.core.main.TestCaseExecutor.execute(TestCaseExecutor.java:285)&#xa;	at com.kms.katalon.core.main.TestCaseMain.runTestCase(TestCaseMain.java:137)&#xa;	at com.kms.katalon.core.keyword.builtin.CallTestCaseKeyword$_callTestCase_closure1.doCall(CallTestCaseKeyword.groovy:59)&#xa;	... 24 more&#xa;Caused by: org.openqa.selenium.ElementClickInterceptedException: Element &lt;button id=&quot;btn_aceptar_tipo_envio&quot; class=&quot;btn disabled&quot; type=&quot;button&quot;> is not clickable at point (675,588) because another element &lt;div class=&quot;modal-footer&quot;> obscures it&#xa;Build info: version: '3.141.59', revision: 'unknown', time: 'unknown'&#xa;System info: host: 'DESKTOP-RGFFP9A', ip: '10.136.10.6', os.name: 'Windows 11', os.arch: 'amd64', os.version: '10.0', java.version: '17.0.7'&#xa;Driver info: com.kms.katalon.core.webui.driver.firefox.CGeckoDriver&#xa;Capabilities {acceptInsecureCerts: true, browserName: firefox, browserVersion: 133.0, javascriptEnabled: true, moz:accessibilityChecks: false, moz:buildID: 20241121140525, moz:geckodriverVersion: 0.35.0, moz:headless: false, moz:platformVersion: 10.0, moz:processID: 20464, moz:profile: C:\Users\OLVATI\AppData\Loc..., moz:shutdownTimeout: 60000, moz:webdriverClick: true, moz:windowless: false, pageLoadStrategy: normal, platform: WINDOWS, platformName: WINDOWS, proxy: Proxy(direct), setWindowRect: true, strictFileInteractability: false, timeouts: {implicit: 0, pageLoad: 300000, script: 30000}, unhandledPromptBehavior: dismiss and notify, userAgent: Mozilla/5.0 (Windows NT 10....}&#xa;Session ID: 96ce2141-a245-479e-b508-ed798e89ea9d&#xa;	at jdk.internal.reflect.GeneratedConstructorAccessor32.newInstance(Unknown Source)&#xa;	at java.base/jdk.internal.reflect.DelegatingConstructorAccessorImpl.newInstance(DelegatingConstructorAccessorImpl.java:45)&#xa;	at org.openqa.selenium.remote.http.W3CHttpResponseCodec.createException(W3CHttpResponseCodec.java:187)&#xa;	at org.openqa.selenium.remote.http.W3CHttpResponseCodec.decode(W3CHttpResponseCodec.java:122)&#xa;	at org.openqa.selenium.remote.http.W3CHttpResponseCodec.decode(W3CHttpResponseCodec.java:49)&#xa;	at org.openqa.selenium.remote.HttpCommandExecutor.execute(HttpCommandExecutor.java:158)&#xa;	at org.openqa.selenium.remote.service.DriverCommandExecutor.execute(DriverCommandExecutor.java:83)&#xa;	at org.openqa.selenium.remote.RemoteWebDriver.execute(RemoteWebDriver.java:552)&#xa;	at com.kms.katalon.selenium.driver.CFirefoxDriver.execute(CFirefoxDriver.java:28)&#xa;	at org.openqa.selenium.remote.RemoteWebElement.execute(RemoteWebElement.java:285)&#xa;	at org.openqa.selenium.remote.RemoteWebElement.click(RemoteWebElement.java:84)&#xa;	at jdk.internal.reflect.GeneratedMethodAccessor10.invoke(Unknown Source)&#xa;	at java.base/jdk.internal.reflect.DelegatingMethodAccessorImpl.invoke(DelegatingMethodAccessorImpl.java:43)&#xa;	at org.openqa.selenium.support.events.EventFiringWebDriver$EventFiringWebElement.lambda$new$0(EventFiringWebDriver.java:404)&#xa;	at jdk.proxy2/jdk.proxy2.$Proxy21.click(Unknown Source)&#xa;	at org.openqa.selenium.support.events.EventFiringWebDriver$EventFiringWebElement.click(EventFiringWebDriver.java:417)&#xa;	at org.openqa.selenium.WebElement$click.call(Unknown Source)&#xa;	at com.kms.katalon.core.webui.keyword.builtin.ClickKeyword.clickUntilSuccessWithTimeout(ClickKeyword.groovy:81)&#xa;	at com.kms.katalon.core.webui.keyword.builtin.ClickKeyword.clickUntilSuccessWithTimeout(ClickKeyword.groovy)&#xa;	at jdk.internal.reflect.GeneratedMethodAccessor8.invoke(Unknown Source)&#xa;	at java.base/jdk.internal.reflect.DelegatingMethodAccessorImpl.invoke(DelegatingMethodAccessorImpl.java:43)&#xa;	at com.kms.katalon.core.webui.keyword.builtin.ClickKeyword$_click_closure1.doCall(ClickKeyword.groovy:67)&#xa;	at com.kms.katalon.core.webui.keyword.builtin.ClickKeyword$_click_closure1.call(ClickKeyword.groovy)&#xa;	at com.kms.katalon.core.webui.keyword.internal.WebUIKeywordMain.runKeyword(WebUIKeywordMain.groovy:35)&#xa;	... 38 more&#xa;"/>
         <system-out><![CDATA[27-11-2024T17:51:30 - [TEST_CASE][FAILED] - Test Cases/2.Positivos/2.2Sobre/Origen-Provincia/2.Valorado/Entrega_Tienda/Restricion-tienda: Test Cases/2.Positivos/2.2Sobre/Origen-Provincia/2.Valorado/Entrega_Tienda/Restricion-tienda FAILED.
Reason:
com.kms.katalon.core.exception.StepFailedException: Call Test Case 'Test Cases/1.Inicio/1.1Principal/Selec_sobre' failed
	at com.kms.katalon.core.keyword.builtin.CallTestCaseKeyword$_callTestCase_closure1.doCall(CallTestCaseKeyword.groovy:63)
	at com.kms.katalon.core.keyword.builtin.CallTestCaseKeyword$_callTestCase_closure1.call(CallTestCaseKeyword.groovy)
	at com.kms.katalon.core.keyword.internal.KeywordMain.runKeyword(KeywordMain.groovy:75)
	at com.kms.katalon.core.keyword.builtin.CallTestCaseKeyword.callTestCase(CallTestCaseKeyword.groovy:81)
	at com.kms.katalon.core.keyword.builtin.CallTestCaseKeyword.execute(CallTestCaseKeyword.groovy:44)
	at com.kms.katalon.core.keyword.internal.KeywordExecutor.executeKeywordForPlatform(KeywordExecutor.groovy:74)
	at com.kms.katalon.core.keyword.BuiltinKeywords.callTestCase(BuiltinKeywords.groovy:310)
	at jdk.internal.reflect.GeneratedMethodAccessor25.invoke(Unknown Source)
	at java.base/jdk.internal.reflect.DelegatingMethodAccessorImpl.invoke(DelegatingMethodAccessorImpl.java:43)
	at Restricion-tienda.run(Restricion-tienda:22)
	at com.kms.katalon.core.main.ScriptEngine.run(ScriptEngine.java:194)
	at com.kms.katalon.core.main.ScriptEngine.runScriptAsRawText(ScriptEngine.java:119)
	at com.kms.katalon.core.main.TestCaseExecutor.runScript(TestCaseExecutor.java:448)
	at com.kms.katalon.core.main.TestCaseExecutor.doExecute(TestCaseExecutor.java:439)
	at com.kms.katalon.core.main.TestCaseExecutor.processExecutionPhase(TestCaseExecutor.java:418)
	at com.kms.katalon.core.main.TestCaseExecutor.accessMainPhase(TestCaseExecutor.java:410)
	at com.kms.katalon.core.main.TestCaseExecutor.execute(TestCaseExecutor.java:285)
	at com.kms.katalon.core.common.CommonExecutor.accessTestCaseMainPhase(CommonExecutor.java:65)
	at com.kms.katalon.core.main.TestSuiteExecutor.accessTestSuiteMainPhase(TestSuiteExecutor.java:150)
	at com.kms.katalon.core.main.TestSuiteExecutor.execute(TestSuiteExecutor.java:106)
	at com.kms.katalon.core.main.TestCaseMain.startTestSuite(TestCaseMain.java:180)
	at TempTestSuite1732745349578.run(TempTestSuite1732745349578.groovy:35)
	at java.base/jdk.internal.reflect.NativeMethodAccessorImpl.invoke0(Native Method)
	at java.base/jdk.internal.reflect.NativeMethodAccessorImpl.invoke(NativeMethodAccessorImpl.java:77)
	at java.base/jdk.internal.reflect.DelegatingMethodAccessorImpl.invoke(DelegatingMethodAccessorImpl.java:43)
Caused by: com.kms.katalon.core.exception.StepFailedException: Unable to click on object 'Object Repository/Principal/Page_Olva Courier  Home/button_CONTINUAR (2)'
	at com.kms.katalon.core.webui.keyword.internal.WebUIKeywordMain.stepFailed(WebUIKeywordMain.groovy:117)
	at com.kms.katalon.core.webui.keyword.internal.WebUIKeywordMain.runKeyword(WebUIKeywordMain.groovy:43)
	at com.kms.katalon.core.webui.keyword.builtin.ClickKeyword.click(ClickKeyword.groovy:74)
	at com.kms.katalon.core.webui.keyword.builtin.ClickKeyword.execute(ClickKeyword.groovy:40)
	at com.kms.katalon.core.keyword.internal.KeywordExecutor.executeKeywordForPlatform(KeywordExecutor.groovy:74)
	at com.kms.katalon.core.webui.keyword.WebUiBuiltInKeywords.click(WebUiBuiltInKeywords.groovy:659)
	at Selec_sobre.run(Selec_sobre:24)
	at com.kms.katalon.core.main.ScriptEngine.run(ScriptEngine.java:194)
	at com.kms.katalon.core.main.ScriptEngine.runScriptAsRawText(ScriptEngine.java:119)
	at com.kms.katalon.core.main.TestCaseExecutor.runScript(TestCaseExecutor.java:448)
	at com.kms.katalon.core.main.TestCaseExecutor.doExecute(TestCaseExecutor.java:439)
	at com.kms.katalon.core.main.TestCaseExecutor.processExecutionPhase(TestCaseExecutor.java:418)
	at com.kms.katalon.core.main.TestCaseExecutor.accessMainPhase(TestCaseExecutor.java:410)
	at com.kms.katalon.core.main.TestCaseExecutor.execute(TestCaseExecutor.java:285)
	at com.kms.katalon.core.main.TestCaseMain.runTestCase(TestCaseMain.java:137)
	at com.kms.katalon.core.keyword.builtin.CallTestCaseKeyword$_callTestCase_closure1.doCall(CallTestCaseKeyword.groovy:59)
	... 24 more
Caused by: org.openqa.selenium.ElementClickInterceptedException: Element <button id="btn_aceptar_tipo_envio" class="btn disabled" type="button"> is not clickable at point (675,588) because another element <div class="modal-footer"> obscures it
Build info: version: '3.141.59', revision: 'unknown', time: 'unknown'
System info: host: 'DESKTOP-RGFFP9A', ip: '10.136.10.6', os.name: 'Windows 11', os.arch: 'amd64', os.version: '10.0', java.version: '17.0.7'
Driver info: com.kms.katalon.core.webui.driver.firefox.CGeckoDriver
Capabilities {acceptInsecureCerts: true, browserName: firefox, browserVersion: 133.0, javascriptEnabled: true, moz:accessibilityChecks: false, moz:buildID: 20241121140525, moz:geckodriverVersion: 0.35.0, moz:headless: false, moz:platformVersion: 10.0, moz:processID: 20464, moz:profile: C:\Users\OLVATI\AppData\Loc..., moz:shutdownTimeout: 60000, moz:webdriverClick: true, moz:windowless: false, pageLoadStrategy: normal, platform: WINDOWS, platformName: WINDOWS, proxy: Proxy(direct), setWindowRect: true, strictFileInteractability: false, timeouts: {implicit: 0, pageLoad: 300000, script: 30000}, unhandledPromptBehavior: dismiss and notify, userAgent: Mozilla/5.0 (Windows NT 10....}
Session ID: 96ce2141-a245-479e-b508-ed798e89ea9d
	at jdk.internal.reflect.GeneratedConstructorAccessor32.newInstance(Unknown Source)
	at java.base/jdk.internal.reflect.DelegatingConstructorAccessorImpl.newInstance(DelegatingConstructorAccessorImpl.java:45)
	at org.openqa.selenium.remote.http.W3CHttpResponseCodec.createException(W3CHttpResponseCodec.java:187)
	at org.openqa.selenium.remote.http.W3CHttpResponseCodec.decode(W3CHttpResponseCodec.java:122)
	at org.openqa.selenium.remote.http.W3CHttpResponseCodec.decode(W3CHttpResponseCodec.java:49)
	at org.openqa.selenium.remote.HttpCommandExecutor.execute(HttpCommandExecutor.java:158)
	at org.openqa.selenium.remote.service.DriverCommandExecutor.execute(DriverCommandExecutor.java:83)
	at org.openqa.selenium.remote.RemoteWebDriver.execute(RemoteWebDriver.java:552)
	at com.kms.katalon.selenium.driver.CFirefoxDriver.execute(CFirefoxDriver.java:28)
	at org.openqa.selenium.remote.RemoteWebElement.execute(RemoteWebElement.java:285)
	at org.openqa.selenium.remote.RemoteWebElement.click(RemoteWebElement.java:84)
	at jdk.internal.reflect.GeneratedMethodAccessor10.invoke(Unknown Source)
	at java.base/jdk.internal.reflect.DelegatingMethodAccessorImpl.invoke(DelegatingMethodAccessorImpl.java:43)
	at org.openqa.selenium.support.events.EventFiringWebDriver$EventFiringWebElement.lambda$new$0(EventFiringWebDriver.java:404)
	at jdk.proxy2/jdk.proxy2.$Proxy21.click(Unknown Source)
	at org.openqa.selenium.support.events.EventFiringWebDriver$EventFiringWebElement.click(EventFiringWebDriver.java:417)
	at org.openqa.selenium.WebElement$click.call(Unknown Source)
	at com.kms.katalon.core.webui.keyword.builtin.ClickKeyword.clickUntilSuccessWithTimeout(ClickKeyword.groovy:81)
	at com.kms.katalon.core.webui.keyword.builtin.ClickKeyword.clickUntilSuccessWithTimeout(ClickKeyword.groovy)
	at jdk.internal.reflect.GeneratedMethodAccessor8.invoke(Unknown Source)
	at java.base/jdk.internal.reflect.DelegatingMethodAccessorImpl.invoke(DelegatingMethodAccessorImpl.java:43)
	at com.kms.katalon.core.webui.keyword.builtin.ClickKeyword$_click_closure1.doCall(ClickKeyword.groovy:67)
	at com.kms.katalon.core.webui.keyword.builtin.ClickKeyword$_click_closure1.call(ClickKeyword.groovy)
	at com.kms.katalon.core.webui.keyword.internal.WebUIKeywordMain.runKeyword(WebUIKeywordMain.groovy:35)
	... 38 more


27-11-2024T17:51:30 - [TEST_STEP][PASSED] - callTestCase(findTestCase("1.Inicio/1.1Principal/Principal-home"), [:], STOP_ON_FAILURE): Call Test Case 'Test Cases/1.Inicio/1.1Principal/Principal-home' successfully

27-11-2024T17:51:30 - [TEST_CASE][PASSED] - Test Cases/1.Inicio/1.1Principal/Principal-home: Test Cases/1.Inicio/1.1Principal/Principal-home

27-11-2024T17:51:30 - [TEST_STEP][PASSED] - openBrowser(""): Browser is opened with url: ''

27-11-2024T17:51:30 - [MESSAGE][WARNING] - A browser is already opened. Closing browser and opening a new one

27-11-2024T17:51:32 - [MESSAGE][INFO] - Starting 'Firefox' driver

27-11-2024T17:51:32 - [MESSAGE][INFO] - Action delay is set to 0 milliseconds

27-11-2024T17:51:45 - [MESSAGE][PASSED] - Browser is opened with url: ''

27-11-2024T17:51:45 - [TEST_STEP][PASSED] - navigateToUrl("https://dev01-registrodeenvios.olvacourier.com/principal"): Navigate to 'https://dev01-registrodeenvios.olvacourier.com/principal' successfully

27-11-2024T17:51:48 - [MESSAGE][PASSED] - Navigate to 'https://dev01-registrodeenvios.olvacourier.com/principal' successfully

27-11-2024T17:51:48 - [TEST_STEP][PASSED] - maximizeWindow(): Current window maximized

27-11-2024T17:51:48 - [MESSAGE][PASSED] - Current window maximized

27-11-2024T17:51:48 - [MESSAGE][PASSED] - Call Test Case 'Test Cases/1.Inicio/1.1Principal/Principal-home' successfully

27-11-2024T17:51:48 - [TEST_STEP][FAILED] - callTestCase(findTestCase("1.Inicio/1.1Principal/Selec_sobre"), [:], STOP_ON_FAILURE): Unable to call Test Case 'Test Cases/1.Inicio/1.1Principal/Selec_sobre' (Root cause: com.kms.katalon.core.exception.StepFailedException: Call Test Case 'Test Cases/1.Inicio/1.1Principal/Selec_sobre' failed
	at com.kms.katalon.core.keyword.builtin.CallTestCaseKeyword$_callTestCase_closure1.doCall(CallTestCaseKeyword.groovy:63)
	at com.kms.katalon.core.keyword.builtin.CallTestCaseKeyword$_callTestCase_closure1.call(CallTestCaseKeyword.groovy)
	at com.kms.katalon.core.keyword.internal.KeywordMain.runKeyword(KeywordMain.groovy:75)
	at com.kms.katalon.core.keyword.builtin.CallTestCaseKeyword.callTestCase(CallTestCaseKeyword.groovy:81)
	at com.kms.katalon.core.keyword.builtin.CallTestCaseKeyword.execute(CallTestCaseKeyword.groovy:44)
	at com.kms.katalon.core.keyword.internal.KeywordExecutor.executeKeywordForPlatform(KeywordExecutor.groovy:74)
	at com.kms.katalon.core.keyword.BuiltinKeywords.callTestCase(BuiltinKeywords.groovy:310)
	at jdk.internal.reflect.GeneratedMethodAccessor25.invoke(Unknown Source)
	at java.base/jdk.internal.reflect.DelegatingMethodAccessorImpl.invoke(DelegatingMethodAccessorImpl.java:43)
	at Restricion-tienda.run(Restricion-tienda:22)
	at com.kms.katalon.core.main.ScriptEngine.run(ScriptEngine.java:194)
	at com.kms.katalon.core.main.ScriptEngine.runScriptAsRawText(ScriptEngine.java:119)
	at com.kms.katalon.core.main.TestCaseExecutor.runScript(TestCaseExecutor.java:448)
	at com.kms.katalon.core.main.TestCaseExecutor.doExecute(TestCaseExecutor.java:439)
	at com.kms.katalon.core.main.TestCaseExecutor.processExecutionPhase(TestCaseExecutor.java:418)
	at com.kms.katalon.core.main.TestCaseExecutor.accessMainPhase(TestCaseExecutor.java:410)
	at com.kms.katalon.core.main.TestCaseExecutor.execute(TestCaseExecutor.java:285)
	at com.kms.katalon.core.common.CommonExecutor.accessTestCaseMainPhase(CommonExecutor.java:65)
	at com.kms.katalon.core.main.TestSuiteExecutor.accessTestSuiteMainPhase(TestSuiteExecutor.java:150)
	at com.kms.katalon.core.main.TestSuiteExecutor.execute(TestSuiteExecutor.java:106)
	at com.kms.katalon.core.main.TestCaseMain.startTestSuite(TestCaseMain.java:180)
	at TempTestSuite1732745349578.run(TempTestSuite1732745349578.groovy:35)
	at java.base/jdk.internal.reflect.NativeMethodAccessorImpl.invoke0(Native Method)
	at java.base/jdk.internal.reflect.NativeMethodAccessorImpl.invoke(NativeMethodAccessorImpl.java:77)
	at java.base/jdk.internal.reflect.DelegatingMethodAccessorImpl.invoke(DelegatingMethodAccessorImpl.java:43)
Caused by: com.kms.katalon.core.exception.StepFailedException: Unable to click on object 'Object Repository/Principal/Page_Olva Courier  Home/button_CONTINUAR (2)'
	at com.kms.katalon.core.webui.keyword.internal.WebUIKeywordMain.stepFailed(WebUIKeywordMain.groovy:117)
	at com.kms.katalon.core.webui.keyword.internal.WebUIKeywordMain.runKeyword(WebUIKeywordMain.groovy:43)
	at com.kms.katalon.core.webui.keyword.builtin.ClickKeyword.click(ClickKeyword.groovy:74)
	at com.kms.katalon.core.webui.keyword.builtin.ClickKeyword.execute(ClickKeyword.groovy:40)
	at com.kms.katalon.core.keyword.internal.KeywordExecutor.executeKeywordForPlatform(KeywordExecutor.groovy:74)
	at com.kms.katalon.core.webui.keyword.WebUiBuiltInKeywords.click(WebUiBuiltInKeywords.groovy:659)
	at Selec_sobre.run(Selec_sobre:24)
	at com.kms.katalon.core.main.ScriptEngine.run(ScriptEngine.java:194)
	at com.kms.katalon.core.main.ScriptEngine.runScriptAsRawText(ScriptEngine.java:119)
	at com.kms.katalon.core.main.TestCaseExecutor.runScript(TestCaseExecutor.java:448)
	at com.kms.katalon.core.main.TestCaseExecutor.doExecute(TestCaseExecutor.java:439)
	at com.kms.katalon.core.main.TestCaseExecutor.processExecutionPhase(TestCaseExecutor.java:418)
	at com.kms.katalon.core.main.TestCaseExecutor.accessMainPhase(TestCaseExecutor.java:410)
	at com.kms.katalon.core.main.TestCaseExecutor.execute(TestCaseExecutor.java:285)
	at com.kms.katalon.core.main.TestCaseMain.runTestCase(TestCaseMain.java:137)
	at com.kms.katalon.core.keyword.builtin.CallTestCaseKeyword$_callTestCase_closure1.doCall(CallTestCaseKeyword.groovy:59)
	... 24 more
Caused by: org.openqa.selenium.ElementClickInterceptedException: Element <button id="btn_aceptar_tipo_envio" class="btn disabled" type="button"> is not clickable at point (675,588) because another element <div class="modal-footer"> obscures it
Build info: version: '3.141.59', revision: 'unknown', time: 'unknown'
System info: host: 'DESKTOP-RGFFP9A', ip: '10.136.10.6', os.name: 'Windows 11', os.arch: 'amd64', os.version: '10.0', java.version: '17.0.7'
Driver info: com.kms.katalon.core.webui.driver.firefox.CGeckoDriver
Capabilities {acceptInsecureCerts: true, browserName: firefox, browserVersion: 133.0, javascriptEnabled: true, moz:accessibilityChecks: false, moz:buildID: 20241121140525, moz:geckodriverVersion: 0.35.0, moz:headless: false, moz:platformVersion: 10.0, moz:processID: 20464, moz:profile: C:\Users\OLVATI\AppData\Loc..., moz:shutdownTimeout: 60000, moz:webdriverClick: true, moz:windowless: false, pageLoadStrategy: normal, platform: WINDOWS, platformName: WINDOWS, proxy: Proxy(direct), setWindowRect: true, strictFileInteractability: false, timeouts: {implicit: 0, pageLoad: 300000, script: 30000}, unhandledPromptBehavior: dismiss and notify, userAgent: Mozilla/5.0 (Windows NT 10....}
Session ID: 96ce2141-a245-479e-b508-ed798e89ea9d
	at jdk.internal.reflect.GeneratedConstructorAccessor32.newInstance(Unknown Source)
	at java.base/jdk.internal.reflect.DelegatingConstructorAccessorImpl.newInstance(DelegatingConstructorAccessorImpl.java:45)
	at org.openqa.selenium.remote.http.W3CHttpResponseCodec.createException(W3CHttpResponseCodec.java:187)
	at org.openqa.selenium.remote.http.W3CHttpResponseCodec.decode(W3CHttpResponseCodec.java:122)
	at org.openqa.selenium.remote.http.W3CHttpResponseCodec.decode(W3CHttpResponseCodec.java:49)
	at org.openqa.selenium.remote.HttpCommandExecutor.execute(HttpCommandExecutor.java:158)
	at org.openqa.selenium.remote.service.DriverCommandExecutor.execute(DriverCommandExecutor.java:83)
	at org.openqa.selenium.remote.RemoteWebDriver.execute(RemoteWebDriver.java:552)
	at com.kms.katalon.selenium.driver.CFirefoxDriver.execute(CFirefoxDriver.java:28)
	at org.openqa.selenium.remote.RemoteWebElement.execute(RemoteWebElement.java:285)
	at org.openqa.selenium.remote.RemoteWebElement.click(RemoteWebElement.java:84)
	at jdk.internal.reflect.GeneratedMethodAccessor10.invoke(Unknown Source)
	at java.base/jdk.internal.reflect.DelegatingMethodAccessorImpl.invoke(DelegatingMethodAccessorImpl.java:43)
	at org.openqa.selenium.support.events.EventFiringWebDriver$EventFiringWebElement.lambda$new$0(EventFiringWebDriver.java:404)
	at jdk.proxy2/jdk.proxy2.$Proxy21.click(Unknown Source)
	at org.openqa.selenium.support.events.EventFiringWebDriver$EventFiringWebElement.click(EventFiringWebDriver.java:417)
	at org.openqa.selenium.WebElement$click.call(Unknown Source)
	at com.kms.katalon.core.webui.keyword.builtin.ClickKeyword.clickUntilSuccessWithTimeout(ClickKeyword.groovy:81)
	at com.kms.katalon.core.webui.keyword.builtin.ClickKeyword.clickUntilSuccessWithTimeout(ClickKeyword.groovy)
	at jdk.internal.reflect.GeneratedMethodAccessor8.invoke(Unknown Source)
	at java.base/jdk.internal.reflect.DelegatingMethodAccessorImpl.invoke(DelegatingMethodAccessorImpl.java:43)
	at com.kms.katalon.core.webui.keyword.builtin.ClickKeyword$_click_closure1.doCall(ClickKeyword.groovy:67)
	at com.kms.katalon.core.webui.keyword.builtin.ClickKeyword$_click_closure1.call(ClickKeyword.groovy)
	at com.kms.katalon.core.webui.keyword.internal.WebUIKeywordMain.runKeyword(WebUIKeywordMain.groovy:35)
	... 38 more
)

27-11-2024T17:51:48 - [TEST_CASE][FAILED] - Test Cases/1.Inicio/1.1Principal/Selec_sobre: Test Cases/1.Inicio/1.1Principal/Selec_sobre FAILED.
Reason:
com.kms.katalon.core.exception.StepFailedException: Unable to click on object 'Object Repository/Principal/Page_Olva Courier  Home/button_CONTINUAR (2)'
	at com.kms.katalon.core.webui.keyword.internal.WebUIKeywordMain.stepFailed(WebUIKeywordMain.groovy:117)
	at com.kms.katalon.core.webui.keyword.internal.WebUIKeywordMain.runKeyword(WebUIKeywordMain.groovy:43)
	at com.kms.katalon.core.webui.keyword.builtin.ClickKeyword.click(ClickKeyword.groovy:74)
	at com.kms.katalon.core.webui.keyword.builtin.ClickKeyword.execute(ClickKeyword.groovy:40)
	at com.kms.katalon.core.keyword.internal.KeywordExecutor.executeKeywordForPlatform(KeywordExecutor.groovy:74)
	at com.kms.katalon.core.webui.keyword.WebUiBuiltInKeywords.click(WebUiBuiltInKeywords.groovy:659)
	at Selec_sobre.run(Selec_sobre:24)
	at com.kms.katalon.core.main.ScriptEngine.run(ScriptEngine.java:194)
	at com.kms.katalon.core.main.ScriptEngine.runScriptAsRawText(ScriptEngine.java:119)
	at com.kms.katalon.core.main.TestCaseExecutor.runScript(TestCaseExecutor.java:448)
	at com.kms.katalon.core.main.TestCaseExecutor.doExecute(TestCaseExecutor.java:439)
	at com.kms.katalon.core.main.TestCaseExecutor.processExecutionPhase(TestCaseExecutor.java:418)
	at com.kms.katalon.core.main.TestCaseExecutor.accessMainPhase(TestCaseExecutor.java:410)
	at com.kms.katalon.core.main.TestCaseExecutor.execute(TestCaseExecutor.java:285)
	at com.kms.katalon.core.main.TestCaseMain.runTestCase(TestCaseMain.java:137)
	at com.kms.katalon.core.keyword.builtin.CallTestCaseKeyword$_callTestCase_closure1.doCall(CallTestCaseKeyword.groovy:59)
	at com.kms.katalon.core.keyword.builtin.CallTestCaseKeyword$_callTestCase_closure1.call(CallTestCaseKeyword.groovy)
	at com.kms.katalon.core.keyword.internal.KeywordMain.runKeyword(KeywordMain.groovy:75)
	at com.kms.katalon.core.keyword.builtin.CallTestCaseKeyword.callTestCase(CallTestCaseKeyword.groovy:81)
	at com.kms.katalon.core.keyword.builtin.CallTestCaseKeyword.execute(CallTestCaseKeyword.groovy:44)
	at com.kms.katalon.core.keyword.internal.KeywordExecutor.executeKeywordForPlatform(KeywordExecutor.groovy:74)
	at com.kms.katalon.core.keyword.BuiltinKeywords.callTestCase(BuiltinKeywords.groovy:310)
	at jdk.internal.reflect.GeneratedMethodAccessor25.invoke(Unknown Source)
	at java.base/jdk.internal.reflect.DelegatingMethodAccessorImpl.invoke(DelegatingMethodAccessorImpl.java:43)
	at Restricion-tienda.run(Restricion-tienda:22)
	at com.kms.katalon.core.main.ScriptEngine.run(ScriptEngine.java:194)
	at com.kms.katalon.core.main.ScriptEngine.runScriptAsRawText(ScriptEngine.java:119)
	at com.kms.katalon.core.main.TestCaseExecutor.runScript(TestCaseExecutor.java:448)
	at com.kms.katalon.core.main.TestCaseExecutor.doExecute(TestCaseExecutor.java:439)
	at com.kms.katalon.core.main.TestCaseExecutor.processExecutionPhase(TestCaseExecutor.java:418)
	at com.kms.katalon.core.main.TestCaseExecutor.accessMainPhase(TestCaseExecutor.java:410)
	at com.kms.katalon.core.main.TestCaseExecutor.execute(TestCaseExecutor.java:285)
	at com.kms.katalon.core.common.CommonExecutor.accessTestCaseMainPhase(CommonExecutor.java:65)
	at com.kms.katalon.core.main.TestSuiteExecutor.accessTestSuiteMainPhase(TestSuiteExecutor.java:150)
	at com.kms.katalon.core.main.TestSuiteExecutor.execute(TestSuiteExecutor.java:106)
	at com.kms.katalon.core.main.TestCaseMain.startTestSuite(TestCaseMain.java:180)
	at TempTestSuite1732745349578.run(TempTestSuite1732745349578.groovy:35)
	at java.base/jdk.internal.reflect.NativeMethodAccessorImpl.invoke0(Native Method)
	at java.base/jdk.internal.reflect.NativeMethodAccessorImpl.invoke(NativeMethodAccessorImpl.java:77)
	at java.base/jdk.internal.reflect.DelegatingMethodAccessorImpl.invoke(DelegatingMethodAccessorImpl.java:43)
Caused by: org.openqa.selenium.ElementClickInterceptedException: Element <button id="btn_aceptar_tipo_envio" class="btn disabled" type="button"> is not clickable at point (675,588) because another element <div class="modal-footer"> obscures it
Build info: version: '3.141.59', revision: 'unknown', time: 'unknown'
System info: host: 'DESKTOP-RGFFP9A', ip: '10.136.10.6', os.name: 'Windows 11', os.arch: 'amd64', os.version: '10.0', java.version: '17.0.7'
Driver info: com.kms.katalon.core.webui.driver.firefox.CGeckoDriver
Capabilities {acceptInsecureCerts: true, browserName: firefox, browserVersion: 133.0, javascriptEnabled: true, moz:accessibilityChecks: false, moz:buildID: 20241121140525, moz:geckodriverVersion: 0.35.0, moz:headless: false, moz:platformVersion: 10.0, moz:processID: 20464, moz:profile: C:\Users\OLVATI\AppData\Loc..., moz:shutdownTimeout: 60000, moz:webdriverClick: true, moz:windowless: false, pageLoadStrategy: normal, platform: WINDOWS, platformName: WINDOWS, proxy: Proxy(direct), setWindowRect: true, strictFileInteractability: false, timeouts: {implicit: 0, pageLoad: 300000, script: 30000}, unhandledPromptBehavior: dismiss and notify, userAgent: Mozilla/5.0 (Windows NT 10....}
Session ID: 96ce2141-a245-479e-b508-ed798e89ea9d
	at jdk.internal.reflect.GeneratedConstructorAccessor32.newInstance(Unknown Source)
	at java.base/jdk.internal.reflect.DelegatingConstructorAccessorImpl.newInstance(DelegatingConstructorAccessorImpl.java:45)
	at org.openqa.selenium.remote.http.W3CHttpResponseCodec.createException(W3CHttpResponseCodec.java:187)
	at org.openqa.selenium.remote.http.W3CHttpResponseCodec.decode(W3CHttpResponseCodec.java:122)
	at org.openqa.selenium.remote.http.W3CHttpResponseCodec.decode(W3CHttpResponseCodec.java:49)
	at org.openqa.selenium.remote.HttpCommandExecutor.execute(HttpCommandExecutor.java:158)
	at org.openqa.selenium.remote.service.DriverCommandExecutor.execute(DriverCommandExecutor.java:83)
	at org.openqa.selenium.remote.RemoteWebDriver.execute(RemoteWebDriver.java:552)
	at com.kms.katalon.selenium.driver.CFirefoxDriver.execute(CFirefoxDriver.java:28)
	at org.openqa.selenium.remote.RemoteWebElement.execute(RemoteWebElement.java:285)
	at org.openqa.selenium.remote.RemoteWebElement.click(RemoteWebElement.java:84)
	at jdk.internal.reflect.GeneratedMethodAccessor10.invoke(Unknown Source)
	at java.base/jdk.internal.reflect.DelegatingMethodAccessorImpl.invoke(DelegatingMethodAccessorImpl.java:43)
	at org.openqa.selenium.support.events.EventFiringWebDriver$EventFiringWebElement.lambda$new$0(EventFiringWebDriver.java:404)
	at jdk.proxy2/jdk.proxy2.$Proxy21.click(Unknown Source)
	at org.openqa.selenium.support.events.EventFiringWebDriver$EventFiringWebElement.click(EventFiringWebDriver.java:417)
	at org.openqa.selenium.WebElement$click.call(Unknown Source)
	at com.kms.katalon.core.webui.keyword.builtin.ClickKeyword.clickUntilSuccessWithTimeout(ClickKeyword.groovy:81)
	at com.kms.katalon.core.webui.keyword.builtin.ClickKeyword.clickUntilSuccessWithTimeout(ClickKeyword.groovy)
	at jdk.internal.reflect.GeneratedMethodAccessor8.invoke(Unknown Source)
	at java.base/jdk.internal.reflect.DelegatingMethodAccessorImpl.invoke(DelegatingMethodAccessorImpl.java:43)
	at com.kms.katalon.core.webui.keyword.builtin.ClickKeyword$_click_closure1.doCall(ClickKeyword.groovy:67)
	at com.kms.katalon.core.webui.keyword.builtin.ClickKeyword$_click_closure1.call(ClickKeyword.groovy)
	at com.kms.katalon.core.webui.keyword.internal.WebUIKeywordMain.runKeyword(WebUIKeywordMain.groovy:35)
	... 38 more


27-11-2024T17:51:48 - [TEST_STEP][PASSED] - click(findTestObject("Object Repository/Principal/Page_Olva Courier  Home/img_Envo de cajas o paquetescon un peso mxi_37770f")): Object: 'Object Repository/Principal/Page_Olva Courier  Home/img_Envo de cajas o paquetescon un peso mxi_37770f' is clicked on

27-11-2024T17:51:49 - [MESSAGE][PASSED] - Object: 'Object Repository/Principal/Page_Olva Courier  Home/img_Envo de cajas o paquetescon un peso mxi_37770f' is clicked on

27-11-2024T17:51:49 - [TEST_STEP][PASSED] - click(findTestObject("Object Repository/Principal/Page_Olva Courier  Home/label_He ledo y acepto los trminos de uso y_adab65")): Object: 'Object Repository/Principal/Page_Olva Courier  Home/label_He ledo y acepto los trminos de uso y_adab65' is clicked on

27-11-2024T17:51:49 - [MESSAGE][PASSED] - Object: 'Object Repository/Principal/Page_Olva Courier  Home/label_He ledo y acepto los trminos de uso y_adab65' is clicked on

27-11-2024T17:51:49 - [TEST_STEP][FAILED] - click(findTestObject("Object Repository/Principal/Page_Olva Courier  Home/button_CONTINUAR (2)")): Unable to click on object 'Object Repository/Principal/Page_Olva Courier  Home/button_CONTINUAR (2)' (Root cause: com.kms.katalon.core.exception.StepFailedException: Unable to click on object 'Object Repository/Principal/Page_Olva Courier  Home/button_CONTINUAR (2)'
	at com.kms.katalon.core.webui.keyword.internal.WebUIKeywordMain.stepFailed(WebUIKeywordMain.groovy:117)
	at com.kms.katalon.core.webui.keyword.internal.WebUIKeywordMain.runKeyword(WebUIKeywordMain.groovy:43)
	at com.kms.katalon.core.webui.keyword.builtin.ClickKeyword.click(ClickKeyword.groovy:74)
	at com.kms.katalon.core.webui.keyword.builtin.ClickKeyword.execute(ClickKeyword.groovy:40)
	at com.kms.katalon.core.keyword.internal.KeywordExecutor.executeKeywordForPlatform(KeywordExecutor.groovy:74)
	at com.kms.katalon.core.webui.keyword.WebUiBuiltInKeywords.click(WebUiBuiltInKeywords.groovy:659)
	at Selec_sobre.run(Selec_sobre:24)
	at com.kms.katalon.core.main.ScriptEngine.run(ScriptEngine.java:194)
	at com.kms.katalon.core.main.ScriptEngine.runScriptAsRawText(ScriptEngine.java:119)
	at com.kms.katalon.core.main.TestCaseExecutor.runScript(TestCaseExecutor.java:448)
	at com.kms.katalon.core.main.TestCaseExecutor.doExecute(TestCaseExecutor.java:439)
	at com.kms.katalon.core.main.TestCaseExecutor.processExecutionPhase(TestCaseExecutor.java:418)
	at com.kms.katalon.core.main.TestCaseExecutor.accessMainPhase(TestCaseExecutor.java:410)
	at com.kms.katalon.core.main.TestCaseExecutor.execute(TestCaseExecutor.java:285)
	at com.kms.katalon.core.main.TestCaseMain.runTestCase(TestCaseMain.java:137)
	at com.kms.katalon.core.keyword.builtin.CallTestCaseKeyword$_callTestCase_closure1.doCall(CallTestCaseKeyword.groovy:59)
	at com.kms.katalon.core.keyword.builtin.CallTestCaseKeyword$_callTestCase_closure1.call(CallTestCaseKeyword.groovy)
	at com.kms.katalon.core.keyword.internal.KeywordMain.runKeyword(KeywordMain.groovy:75)
	at com.kms.katalon.core.keyword.builtin.CallTestCaseKeyword.callTestCase(CallTestCaseKeyword.groovy:81)
	at com.kms.katalon.core.keyword.builtin.CallTestCaseKeyword.execute(CallTestCaseKeyword.groovy:44)
	at com.kms.katalon.core.keyword.internal.KeywordExecutor.executeKeywordForPlatform(KeywordExecutor.groovy:74)
	at com.kms.katalon.core.keyword.BuiltinKeywords.callTestCase(BuiltinKeywords.groovy:310)
	at jdk.internal.reflect.GeneratedMethodAccessor25.invoke(Unknown Source)
	at java.base/jdk.internal.reflect.DelegatingMethodAccessorImpl.invoke(DelegatingMethodAccessorImpl.java:43)
	at Restricion-tienda.run(Restricion-tienda:22)
	at com.kms.katalon.core.main.ScriptEngine.run(ScriptEngine.java:194)
	at com.kms.katalon.core.main.ScriptEngine.runScriptAsRawText(ScriptEngine.java:119)
	at com.kms.katalon.core.main.TestCaseExecutor.runScript(TestCaseExecutor.java:448)
	at com.kms.katalon.core.main.TestCaseExecutor.doExecute(TestCaseExecutor.java:439)
	at com.kms.katalon.core.main.TestCaseExecutor.processExecutionPhase(TestCaseExecutor.java:418)
	at com.kms.katalon.core.main.TestCaseExecutor.accessMainPhase(TestCaseExecutor.java:410)
	at com.kms.katalon.core.main.TestCaseExecutor.execute(TestCaseExecutor.java:285)
	at com.kms.katalon.core.common.CommonExecutor.accessTestCaseMainPhase(CommonExecutor.java:65)
	at com.kms.katalon.core.main.TestSuiteExecutor.accessTestSuiteMainPhase(TestSuiteExecutor.java:150)
	at com.kms.katalon.core.main.TestSuiteExecutor.execute(TestSuiteExecutor.java:106)
	at com.kms.katalon.core.main.TestCaseMain.startTestSuite(TestCaseMain.java:180)
	at TempTestSuite1732745349578.run(TempTestSuite1732745349578.groovy:35)
	at java.base/jdk.internal.reflect.NativeMethodAccessorImpl.invoke0(Native Method)
	at java.base/jdk.internal.reflect.NativeMethodAccessorImpl.invoke(NativeMethodAccessorImpl.java:77)
	at java.base/jdk.internal.reflect.DelegatingMethodAccessorImpl.invoke(DelegatingMethodAccessorImpl.java:43)
Caused by: org.openqa.selenium.ElementClickInterceptedException: Element <button id="btn_aceptar_tipo_envio" class="btn disabled" type="button"> is not clickable at point (675,588) because another element <div class="modal-footer"> obscures it
Build info: version: '3.141.59', revision: 'unknown', time: 'unknown'
System info: host: 'DESKTOP-RGFFP9A', ip: '10.136.10.6', os.name: 'Windows 11', os.arch: 'amd64', os.version: '10.0', java.version: '17.0.7'
Driver info: com.kms.katalon.core.webui.driver.firefox.CGeckoDriver
Capabilities {acceptInsecureCerts: true, browserName: firefox, browserVersion: 133.0, javascriptEnabled: true, moz:accessibilityChecks: false, moz:buildID: 20241121140525, moz:geckodriverVersion: 0.35.0, moz:headless: false, moz:platformVersion: 10.0, moz:processID: 20464, moz:profile: C:\Users\OLVATI\AppData\Loc..., moz:shutdownTimeout: 60000, moz:webdriverClick: true, moz:windowless: false, pageLoadStrategy: normal, platform: WINDOWS, platformName: WINDOWS, proxy: Proxy(direct), setWindowRect: true, strictFileInteractability: false, timeouts: {implicit: 0, pageLoad: 300000, script: 30000}, unhandledPromptBehavior: dismiss and notify, userAgent: Mozilla/5.0 (Windows NT 10....}
Session ID: 96ce2141-a245-479e-b508-ed798e89ea9d
	at jdk.internal.reflect.GeneratedConstructorAccessor32.newInstance(Unknown Source)
	at java.base/jdk.internal.reflect.DelegatingConstructorAccessorImpl.newInstance(DelegatingConstructorAccessorImpl.java:45)
	at org.openqa.selenium.remote.http.W3CHttpResponseCodec.createException(W3CHttpResponseCodec.java:187)
	at org.openqa.selenium.remote.http.W3CHttpResponseCodec.decode(W3CHttpResponseCodec.java:122)
	at org.openqa.selenium.remote.http.W3CHttpResponseCodec.decode(W3CHttpResponseCodec.java:49)
	at org.openqa.selenium.remote.HttpCommandExecutor.execute(HttpCommandExecutor.java:158)
	at org.openqa.selenium.remote.service.DriverCommandExecutor.execute(DriverCommandExecutor.java:83)
	at org.openqa.selenium.remote.RemoteWebDriver.execute(RemoteWebDriver.java:552)
	at com.kms.katalon.selenium.driver.CFirefoxDriver.execute(CFirefoxDriver.java:28)
	at org.openqa.selenium.remote.RemoteWebElement.execute(RemoteWebElement.java:285)
	at org.openqa.selenium.remote.RemoteWebElement.click(RemoteWebElement.java:84)
	at jdk.internal.reflect.GeneratedMethodAccessor10.invoke(Unknown Source)
	at java.base/jdk.internal.reflect.DelegatingMethodAccessorImpl.invoke(DelegatingMethodAccessorImpl.java:43)
	at org.openqa.selenium.support.events.EventFiringWebDriver$EventFiringWebElement.lambda$new$0(EventFiringWebDriver.java:404)
	at jdk.proxy2/jdk.proxy2.$Proxy21.click(Unknown Source)
	at org.openqa.selenium.support.events.EventFiringWebDriver$EventFiringWebElement.click(EventFiringWebDriver.java:417)
	at org.openqa.selenium.WebElement$click.call(Unknown Source)
	at com.kms.katalon.core.webui.keyword.builtin.ClickKeyword.clickUntilSuccessWithTimeout(ClickKeyword.groovy:81)
	at com.kms.katalon.core.webui.keyword.builtin.ClickKeyword.clickUntilSuccessWithTimeout(ClickKeyword.groovy)
	at jdk.internal.reflect.GeneratedMethodAccessor8.invoke(Unknown Source)
	at java.base/jdk.internal.reflect.DelegatingMethodAccessorImpl.invoke(DelegatingMethodAccessorImpl.java:43)
	at com.kms.katalon.core.webui.keyword.builtin.ClickKeyword$_click_closure1.doCall(ClickKeyword.groovy:67)
	at com.kms.katalon.core.webui.keyword.builtin.ClickKeyword$_click_closure1.call(ClickKeyword.groovy)
	at com.kms.katalon.core.webui.keyword.internal.WebUIKeywordMain.runKeyword(WebUIKeywordMain.groovy:35)
	at com.kms.katalon.core.webui.keyword.builtin.ClickKeyword.click(ClickKeyword.groovy:74)
	at com.kms.katalon.core.webui.keyword.builtin.ClickKeyword.execute(ClickKeyword.groovy:40)
	at com.kms.katalon.core.keyword.internal.KeywordExecutor.executeKeywordForPlatform(KeywordExecutor.groovy:74)
	at com.kms.katalon.core.webui.keyword.WebUiBuiltInKeywords.click(WebUiBuiltInKeywords.groovy:659)
	at Script1732083570761.run(Script1732083570761.groovy:24)
	at com.kms.katalon.core.main.ScriptEngine.run(ScriptEngine.java:194)
	at com.kms.katalon.core.main.ScriptEngine.runScriptAsRawText(ScriptEngine.java:119)
	at com.kms.katalon.core.main.TestCaseExecutor.runScript(TestCaseExecutor.java:448)
	at com.kms.katalon.core.main.TestCaseExecutor.doExecute(TestCaseExecutor.java:439)
	at com.kms.katalon.core.main.TestCaseExecutor.processExecutionPhase(TestCaseExecutor.java:418)
	at com.kms.katalon.core.main.TestCaseExecutor.accessMainPhase(TestCaseExecutor.java:410)
	at com.kms.katalon.core.main.TestCaseExecutor.execute(TestCaseExecutor.java:285)
	at com.kms.katalon.core.main.TestCaseMain.runTestCase(TestCaseMain.java:137)
	at com.kms.katalon.core.keyword.builtin.CallTestCaseKeyword$_callTestCase_closure1.doCall(CallTestCaseKeyword.groovy:59)
	at com.kms.katalon.core.keyword.builtin.CallTestCaseKeyword$_callTestCase_closure1.call(CallTestCaseKeyword.groovy)
	at com.kms.katalon.core.keyword.internal.KeywordMain.runKeyword(KeywordMain.groovy:75)
	at com.kms.katalon.core.keyword.builtin.CallTestCaseKeyword.callTestCase(CallTestCaseKeyword.groovy:81)
	at com.kms.katalon.core.keyword.builtin.CallTestCaseKeyword.execute(CallTestCaseKeyword.groovy:44)
	at com.kms.katalon.core.keyword.internal.KeywordExecutor.executeKeywordForPlatform(KeywordExecutor.groovy:74)
	at com.kms.katalon.core.keyword.BuiltinKeywords.callTestCase(BuiltinKeywords.groovy:310)
	at jdk.internal.reflect.GeneratedMethodAccessor25.invoke(Unknown Source)
	at java.base/jdk.internal.reflect.DelegatingMethodAccessorImpl.invoke(DelegatingMethodAccessorImpl.java:43)
	at Script1732341473586.run(Script1732341473586.groovy:22)
	... 15 more
)

27-11-2024T17:52:20 - [MESSAGE][FAILED] - Unable to click on object 'Object Repository/Principal/Page_Olva Courier  Home/button_CONTINUAR (2)' (Root cause: com.kms.katalon.core.exception.StepFailedException: Unable to click on object 'Object Repository/Principal/Page_Olva Courier  Home/button_CONTINUAR (2)'
	at com.kms.katalon.core.webui.keyword.internal.WebUIKeywordMain.stepFailed(WebUIKeywordMain.groovy:117)
	at com.kms.katalon.core.webui.keyword.internal.WebUIKeywordMain.runKeyword(WebUIKeywordMain.groovy:43)
	at com.kms.katalon.core.webui.keyword.builtin.ClickKeyword.click(ClickKeyword.groovy:74)
	at com.kms.katalon.core.webui.keyword.builtin.ClickKeyword.execute(ClickKeyword.groovy:40)
	at com.kms.katalon.core.keyword.internal.KeywordExecutor.executeKeywordForPlatform(KeywordExecutor.groovy:74)
	at com.kms.katalon.core.webui.keyword.WebUiBuiltInKeywords.click(WebUiBuiltInKeywords.groovy:659)
	at Selec_sobre.run(Selec_sobre:24)
	at com.kms.katalon.core.main.ScriptEngine.run(ScriptEngine.java:194)
	at com.kms.katalon.core.main.ScriptEngine.runScriptAsRawText(ScriptEngine.java:119)
	at com.kms.katalon.core.main.TestCaseExecutor.runScript(TestCaseExecutor.java:448)
	at com.kms.katalon.core.main.TestCaseExecutor.doExecute(TestCaseExecutor.java:439)
	at com.kms.katalon.core.main.TestCaseExecutor.processExecutionPhase(TestCaseExecutor.java:418)
	at com.kms.katalon.core.main.TestCaseExecutor.accessMainPhase(TestCaseExecutor.java:410)
	at com.kms.katalon.core.main.TestCaseExecutor.execute(TestCaseExecutor.java:285)
	at com.kms.katalon.core.main.TestCaseMain.runTestCase(TestCaseMain.java:137)
	at com.kms.katalon.core.keyword.builtin.CallTestCaseKeyword$_callTestCase_closure1.doCall(CallTestCaseKeyword.groovy:59)
	at com.kms.katalon.core.keyword.builtin.CallTestCaseKeyword$_callTestCase_closure1.call(CallTestCaseKeyword.groovy)
	at com.kms.katalon.core.keyword.internal.KeywordMain.runKeyword(KeywordMain.groovy:75)
	at com.kms.katalon.core.keyword.builtin.CallTestCaseKeyword.callTestCase(CallTestCaseKeyword.groovy:81)
	at com.kms.katalon.core.keyword.builtin.CallTestCaseKeyword.execute(CallTestCaseKeyword.groovy:44)
	at com.kms.katalon.core.keyword.internal.KeywordExecutor.executeKeywordForPlatform(KeywordExecutor.groovy:74)
	at com.kms.katalon.core.keyword.BuiltinKeywords.callTestCase(BuiltinKeywords.groovy:310)
	at jdk.internal.reflect.GeneratedMethodAccessor25.invoke(Unknown Source)
	at java.base/jdk.internal.reflect.DelegatingMethodAccessorImpl.invoke(DelegatingMethodAccessorImpl.java:43)
	at Restricion-tienda.run(Restricion-tienda:22)
	at com.kms.katalon.core.main.ScriptEngine.run(ScriptEngine.java:194)
	at com.kms.katalon.core.main.ScriptEngine.runScriptAsRawText(ScriptEngine.java:119)
	at com.kms.katalon.core.main.TestCaseExecutor.runScript(TestCaseExecutor.java:448)
	at com.kms.katalon.core.main.TestCaseExecutor.doExecute(TestCaseExecutor.java:439)
	at com.kms.katalon.core.main.TestCaseExecutor.processExecutionPhase(TestCaseExecutor.java:418)
	at com.kms.katalon.core.main.TestCaseExecutor.accessMainPhase(TestCaseExecutor.java:410)
	at com.kms.katalon.core.main.TestCaseExecutor.execute(TestCaseExecutor.java:285)
	at com.kms.katalon.core.common.CommonExecutor.accessTestCaseMainPhase(CommonExecutor.java:65)
	at com.kms.katalon.core.main.TestSuiteExecutor.accessTestSuiteMainPhase(TestSuiteExecutor.java:150)
	at com.kms.katalon.core.main.TestSuiteExecutor.execute(TestSuiteExecutor.java:106)
	at com.kms.katalon.core.main.TestCaseMain.startTestSuite(TestCaseMain.java:180)
	at TempTestSuite1732745349578.run(TempTestSuite1732745349578.groovy:35)
	at java.base/jdk.internal.reflect.NativeMethodAccessorImpl.invoke0(Native Method)
	at java.base/jdk.internal.reflect.NativeMethodAccessorImpl.invoke(NativeMethodAccessorImpl.java:77)
	at java.base/jdk.internal.reflect.DelegatingMethodAccessorImpl.invoke(DelegatingMethodAccessorImpl.java:43)
Caused by: org.openqa.selenium.ElementClickInterceptedException: Element <button id="btn_aceptar_tipo_envio" class="btn disabled" type="button"> is not clickable at point (675,588) because another element <div class="modal-footer"> obscures it
Build info: version: '3.141.59', revision: 'unknown', time: 'unknown'
System info: host: 'DESKTOP-RGFFP9A', ip: '10.136.10.6', os.name: 'Windows 11', os.arch: 'amd64', os.version: '10.0', java.version: '17.0.7'
Driver info: com.kms.katalon.core.webui.driver.firefox.CGeckoDriver
Capabilities {acceptInsecureCerts: true, browserName: firefox, browserVersion: 133.0, javascriptEnabled: true, moz:accessibilityChecks: false, moz:buildID: 20241121140525, moz:geckodriverVersion: 0.35.0, moz:headless: false, moz:platformVersion: 10.0, moz:processID: 20464, moz:profile: C:\Users\OLVATI\AppData\Loc..., moz:shutdownTimeout: 60000, moz:webdriverClick: true, moz:windowless: false, pageLoadStrategy: normal, platform: WINDOWS, platformName: WINDOWS, proxy: Proxy(direct), setWindowRect: true, strictFileInteractability: false, timeouts: {implicit: 0, pageLoad: 300000, script: 30000}, unhandledPromptBehavior: dismiss and notify, userAgent: Mozilla/5.0 (Windows NT 10....}
Session ID: 96ce2141-a245-479e-b508-ed798e89ea9d
	at jdk.internal.reflect.GeneratedConstructorAccessor32.newInstance(Unknown Source)
	at java.base/jdk.internal.reflect.DelegatingConstructorAccessorImpl.newInstance(DelegatingConstructorAccessorImpl.java:45)
	at org.openqa.selenium.remote.http.W3CHttpResponseCodec.createException(W3CHttpResponseCodec.java:187)
	at org.openqa.selenium.remote.http.W3CHttpResponseCodec.decode(W3CHttpResponseCodec.java:122)
	at org.openqa.selenium.remote.http.W3CHttpResponseCodec.decode(W3CHttpResponseCodec.java:49)
	at org.openqa.selenium.remote.HttpCommandExecutor.execute(HttpCommandExecutor.java:158)
	at org.openqa.selenium.remote.service.DriverCommandExecutor.execute(DriverCommandExecutor.java:83)
	at org.openqa.selenium.remote.RemoteWebDriver.execute(RemoteWebDriver.java:552)
	at com.kms.katalon.selenium.driver.CFirefoxDriver.execute(CFirefoxDriver.java:28)
	at org.openqa.selenium.remote.RemoteWebElement.execute(RemoteWebElement.java:285)
	at org.openqa.selenium.remote.RemoteWebElement.click(RemoteWebElement.java:84)
	at jdk.internal.reflect.GeneratedMethodAccessor10.invoke(Unknown Source)
	at java.base/jdk.internal.reflect.DelegatingMethodAccessorImpl.invoke(DelegatingMethodAccessorImpl.java:43)
	at org.openqa.selenium.support.events.EventFiringWebDriver$EventFiringWebElement.lambda$new$0(EventFiringWebDriver.java:404)
	at jdk.proxy2/jdk.proxy2.$Proxy21.click(Unknown Source)
	at org.openqa.selenium.support.events.EventFiringWebDriver$EventFiringWebElement.click(EventFiringWebDriver.java:417)
	at org.openqa.selenium.WebElement$click.call(Unknown Source)
	at com.kms.katalon.core.webui.keyword.builtin.ClickKeyword.clickUntilSuccessWithTimeout(ClickKeyword.groovy:81)
	at com.kms.katalon.core.webui.keyword.builtin.ClickKeyword.clickUntilSuccessWithTimeout(ClickKeyword.groovy)
	at jdk.internal.reflect.GeneratedMethodAccessor8.invoke(Unknown Source)
	at java.base/jdk.internal.reflect.DelegatingMethodAccessorImpl.invoke(DelegatingMethodAccessorImpl.java:43)
	at com.kms.katalon.core.webui.keyword.builtin.ClickKeyword$_click_closure1.doCall(ClickKeyword.groovy:67)
	at com.kms.katalon.core.webui.keyword.builtin.ClickKeyword$_click_closure1.call(ClickKeyword.groovy)
	at com.kms.katalon.core.webui.keyword.internal.WebUIKeywordMain.runKeyword(WebUIKeywordMain.groovy:35)
	at com.kms.katalon.core.webui.keyword.builtin.ClickKeyword.click(ClickKeyword.groovy:74)
	at com.kms.katalon.core.webui.keyword.builtin.ClickKeyword.execute(ClickKeyword.groovy:40)
	at com.kms.katalon.core.keyword.internal.KeywordExecutor.executeKeywordForPlatform(KeywordExecutor.groovy:74)
	at com.kms.katalon.core.webui.keyword.WebUiBuiltInKeywords.click(WebUiBuiltInKeywords.groovy:659)
	at Script1732083570761.run(Script1732083570761.groovy:24)
	at com.kms.katalon.core.main.ScriptEngine.run(ScriptEngine.java:194)
	at com.kms.katalon.core.main.ScriptEngine.runScriptAsRawText(ScriptEngine.java:119)
	at com.kms.katalon.core.main.TestCaseExecutor.runScript(TestCaseExecutor.java:448)
	at com.kms.katalon.core.main.TestCaseExecutor.doExecute(TestCaseExecutor.java:439)
	at com.kms.katalon.core.main.TestCaseExecutor.processExecutionPhase(TestCaseExecutor.java:418)
	at com.kms.katalon.core.main.TestCaseExecutor.accessMainPhase(TestCaseExecutor.java:410)
	at com.kms.katalon.core.main.TestCaseExecutor.execute(TestCaseExecutor.java:285)
	at com.kms.katalon.core.main.TestCaseMain.runTestCase(TestCaseMain.java:137)
	at com.kms.katalon.core.keyword.builtin.CallTestCaseKeyword$_callTestCase_closure1.doCall(CallTestCaseKeyword.groovy:59)
	at com.kms.katalon.core.keyword.builtin.CallTestCaseKeyword$_callTestCase_closure1.call(CallTestCaseKeyword.groovy)
	at com.kms.katalon.core.keyword.internal.KeywordMain.runKeyword(KeywordMain.groovy:75)
	at com.kms.katalon.core.keyword.builtin.CallTestCaseKeyword.callTestCase(CallTestCaseKeyword.groovy:81)
	at com.kms.katalon.core.keyword.builtin.CallTestCaseKeyword.execute(CallTestCaseKeyword.groovy:44)
	at com.kms.katalon.core.keyword.internal.KeywordExecutor.executeKeywordForPlatform(KeywordExecutor.groovy:74)
	at com.kms.katalon.core.keyword.BuiltinKeywords.callTestCase(BuiltinKeywords.groovy:310)
	at jdk.internal.reflect.GeneratedMethodAccessor25.invoke(Unknown Source)
	at java.base/jdk.internal.reflect.DelegatingMethodAccessorImpl.invoke(DelegatingMethodAccessorImpl.java:43)
	at Script1732341473586.run(Script1732341473586.groovy:22)
	... 15 more
)

27-11-2024T17:52:20 - [MESSAGE][FAILED] - Unable to call Test Case 'Test Cases/1.Inicio/1.1Principal/Selec_sobre' (Root cause: com.kms.katalon.core.exception.StepFailedException: Call Test Case 'Test Cases/1.Inicio/1.1Principal/Selec_sobre' failed
	at com.kms.katalon.core.keyword.builtin.CallTestCaseKeyword$_callTestCase_closure1.doCall(CallTestCaseKeyword.groovy:63)
	at com.kms.katalon.core.keyword.builtin.CallTestCaseKeyword$_callTestCase_closure1.call(CallTestCaseKeyword.groovy)
	at com.kms.katalon.core.keyword.internal.KeywordMain.runKeyword(KeywordMain.groovy:75)
	at com.kms.katalon.core.keyword.builtin.CallTestCaseKeyword.callTestCase(CallTestCaseKeyword.groovy:81)
	at com.kms.katalon.core.keyword.builtin.CallTestCaseKeyword.execute(CallTestCaseKeyword.groovy:44)
	at com.kms.katalon.core.keyword.internal.KeywordExecutor.executeKeywordForPlatform(KeywordExecutor.groovy:74)
	at com.kms.katalon.core.keyword.BuiltinKeywords.callTestCase(BuiltinKeywords.groovy:310)
	at jdk.internal.reflect.GeneratedMethodAccessor25.invoke(Unknown Source)
	at java.base/jdk.internal.reflect.DelegatingMethodAccessorImpl.invoke(DelegatingMethodAccessorImpl.java:43)
	at Restricion-tienda.run(Restricion-tienda:22)
	at com.kms.katalon.core.main.ScriptEngine.run(ScriptEngine.java:194)
	at com.kms.katalon.core.main.ScriptEngine.runScriptAsRawText(ScriptEngine.java:119)
	at com.kms.katalon.core.main.TestCaseExecutor.runScript(TestCaseExecutor.java:448)
	at com.kms.katalon.core.main.TestCaseExecutor.doExecute(TestCaseExecutor.java:439)
	at com.kms.katalon.core.main.TestCaseExecutor.processExecutionPhase(TestCaseExecutor.java:418)
	at com.kms.katalon.core.main.TestCaseExecutor.accessMainPhase(TestCaseExecutor.java:410)
	at com.kms.katalon.core.main.TestCaseExecutor.execute(TestCaseExecutor.java:285)
	at com.kms.katalon.core.common.CommonExecutor.accessTestCaseMainPhase(CommonExecutor.java:65)
	at com.kms.katalon.core.main.TestSuiteExecutor.accessTestSuiteMainPhase(TestSuiteExecutor.java:150)
	at com.kms.katalon.core.main.TestSuiteExecutor.execute(TestSuiteExecutor.java:106)
	at com.kms.katalon.core.main.TestCaseMain.startTestSuite(TestCaseMain.java:180)
	at TempTestSuite1732745349578.run(TempTestSuite1732745349578.groovy:35)
	at java.base/jdk.internal.reflect.NativeMethodAccessorImpl.invoke0(Native Method)
	at java.base/jdk.internal.reflect.NativeMethodAccessorImpl.invoke(NativeMethodAccessorImpl.java:77)
	at java.base/jdk.internal.reflect.DelegatingMethodAccessorImpl.invoke(DelegatingMethodAccessorImpl.java:43)
Caused by: com.kms.katalon.core.exception.StepFailedException: Unable to click on object 'Object Repository/Principal/Page_Olva Courier  Home/button_CONTINUAR (2)'
	at com.kms.katalon.core.webui.keyword.internal.WebUIKeywordMain.stepFailed(WebUIKeywordMain.groovy:117)
	at com.kms.katalon.core.webui.keyword.internal.WebUIKeywordMain.runKeyword(WebUIKeywordMain.groovy:43)
	at com.kms.katalon.core.webui.keyword.builtin.ClickKeyword.click(ClickKeyword.groovy:74)
	at com.kms.katalon.core.webui.keyword.builtin.ClickKeyword.execute(ClickKeyword.groovy:40)
	at com.kms.katalon.core.keyword.internal.KeywordExecutor.executeKeywordForPlatform(KeywordExecutor.groovy:74)
	at com.kms.katalon.core.webui.keyword.WebUiBuiltInKeywords.click(WebUiBuiltInKeywords.groovy:659)
	at Selec_sobre.run(Selec_sobre:24)
	at com.kms.katalon.core.main.ScriptEngine.run(ScriptEngine.java:194)
	at com.kms.katalon.core.main.ScriptEngine.runScriptAsRawText(ScriptEngine.java:119)
	at com.kms.katalon.core.main.TestCaseExecutor.runScript(TestCaseExecutor.java:448)
	at com.kms.katalon.core.main.TestCaseExecutor.doExecute(TestCaseExecutor.java:439)
	at com.kms.katalon.core.main.TestCaseExecutor.processExecutionPhase(TestCaseExecutor.java:418)
	at com.kms.katalon.core.main.TestCaseExecutor.accessMainPhase(TestCaseExecutor.java:410)
	at com.kms.katalon.core.main.TestCaseExecutor.execute(TestCaseExecutor.java:285)
	at com.kms.katalon.core.main.TestCaseMain.runTestCase(TestCaseMain.java:137)
	at com.kms.katalon.core.keyword.builtin.CallTestCaseKeyword$_callTestCase_closure1.doCall(CallTestCaseKeyword.groovy:59)
	... 24 more
Caused by: org.openqa.selenium.ElementClickInterceptedException: Element <button id="btn_aceptar_tipo_envio" class="btn disabled" type="button"> is not clickable at point (675,588) because another element <div class="modal-footer"> obscures it
Build info: version: '3.141.59', revision: 'unknown', time: 'unknown'
System info: host: 'DESKTOP-RGFFP9A', ip: '10.136.10.6', os.name: 'Windows 11', os.arch: 'amd64', os.version: '10.0', java.version: '17.0.7'
Driver info: com.kms.katalon.core.webui.driver.firefox.CGeckoDriver
Capabilities {acceptInsecureCerts: true, browserName: firefox, browserVersion: 133.0, javascriptEnabled: true, moz:accessibilityChecks: false, moz:buildID: 20241121140525, moz:geckodriverVersion: 0.35.0, moz:headless: false, moz:platformVersion: 10.0, moz:processID: 20464, moz:profile: C:\Users\OLVATI\AppData\Loc..., moz:shutdownTimeout: 60000, moz:webdriverClick: true, moz:windowless: false, pageLoadStrategy: normal, platform: WINDOWS, platformName: WINDOWS, proxy: Proxy(direct), setWindowRect: true, strictFileInteractability: false, timeouts: {implicit: 0, pageLoad: 300000, script: 30000}, unhandledPromptBehavior: dismiss and notify, userAgent: Mozilla/5.0 (Windows NT 10....}
Session ID: 96ce2141-a245-479e-b508-ed798e89ea9d
	at jdk.internal.reflect.GeneratedConstructorAccessor32.newInstance(Unknown Source)
	at java.base/jdk.internal.reflect.DelegatingConstructorAccessorImpl.newInstance(DelegatingConstructorAccessorImpl.java:45)
	at org.openqa.selenium.remote.http.W3CHttpResponseCodec.createException(W3CHttpResponseCodec.java:187)
	at org.openqa.selenium.remote.http.W3CHttpResponseCodec.decode(W3CHttpResponseCodec.java:122)
	at org.openqa.selenium.remote.http.W3CHttpResponseCodec.decode(W3CHttpResponseCodec.java:49)
	at org.openqa.selenium.remote.HttpCommandExecutor.execute(HttpCommandExecutor.java:158)
	at org.openqa.selenium.remote.service.DriverCommandExecutor.execute(DriverCommandExecutor.java:83)
	at org.openqa.selenium.remote.RemoteWebDriver.execute(RemoteWebDriver.java:552)
	at com.kms.katalon.selenium.driver.CFirefoxDriver.execute(CFirefoxDriver.java:28)
	at org.openqa.selenium.remote.RemoteWebElement.execute(RemoteWebElement.java:285)
	at org.openqa.selenium.remote.RemoteWebElement.click(RemoteWebElement.java:84)
	at jdk.internal.reflect.GeneratedMethodAccessor10.invoke(Unknown Source)
	at java.base/jdk.internal.reflect.DelegatingMethodAccessorImpl.invoke(DelegatingMethodAccessorImpl.java:43)
	at org.openqa.selenium.support.events.EventFiringWebDriver$EventFiringWebElement.lambda$new$0(EventFiringWebDriver.java:404)
	at jdk.proxy2/jdk.proxy2.$Proxy21.click(Unknown Source)
	at org.openqa.selenium.support.events.EventFiringWebDriver$EventFiringWebElement.click(EventFiringWebDriver.java:417)
	at org.openqa.selenium.WebElement$click.call(Unknown Source)
	at com.kms.katalon.core.webui.keyword.builtin.ClickKeyword.clickUntilSuccessWithTimeout(ClickKeyword.groovy:81)
	at com.kms.katalon.core.webui.keyword.builtin.ClickKeyword.clickUntilSuccessWithTimeout(ClickKeyword.groovy)
	at jdk.internal.reflect.GeneratedMethodAccessor8.invoke(Unknown Source)
	at java.base/jdk.internal.reflect.DelegatingMethodAccessorImpl.invoke(DelegatingMethodAccessorImpl.java:43)
	at com.kms.katalon.core.webui.keyword.builtin.ClickKeyword$_click_closure1.doCall(ClickKeyword.groovy:67)
	at com.kms.katalon.core.webui.keyword.builtin.ClickKeyword$_click_closure1.call(ClickKeyword.groovy)
	at com.kms.katalon.core.webui.keyword.internal.WebUIKeywordMain.runKeyword(WebUIKeywordMain.groovy:35)
	... 38 more
)]]></system-out>
         <system-err><![CDATA[27-11-2024T17:51:30 - [TEST_CASE][FAILED] - Test Cases/2.Positivos/2.2Sobre/Origen-Provincia/2.Valorado/Entrega_Tienda/Restricion-tienda: Test Cases/2.Positivos/2.2Sobre/Origen-Provincia/2.Valorado/Entrega_Tienda/Restricion-tienda FAILED.
Reason:
com.kms.katalon.core.exception.StepFailedException: Call Test Case 'Test Cases/1.Inicio/1.1Principal/Selec_sobre' failed
	at com.kms.katalon.core.keyword.builtin.CallTestCaseKeyword$_callTestCase_closure1.doCall(CallTestCaseKeyword.groovy:63)
	at com.kms.katalon.core.keyword.builtin.CallTestCaseKeyword$_callTestCase_closure1.call(CallTestCaseKeyword.groovy)
	at com.kms.katalon.core.keyword.internal.KeywordMain.runKeyword(KeywordMain.groovy:75)
	at com.kms.katalon.core.keyword.builtin.CallTestCaseKeyword.callTestCase(CallTestCaseKeyword.groovy:81)
	at com.kms.katalon.core.keyword.builtin.CallTestCaseKeyword.execute(CallTestCaseKeyword.groovy:44)
	at com.kms.katalon.core.keyword.internal.KeywordExecutor.executeKeywordForPlatform(KeywordExecutor.groovy:74)
	at com.kms.katalon.core.keyword.BuiltinKeywords.callTestCase(BuiltinKeywords.groovy:310)
	at jdk.internal.reflect.GeneratedMethodAccessor25.invoke(Unknown Source)
	at java.base/jdk.internal.reflect.DelegatingMethodAccessorImpl.invoke(DelegatingMethodAccessorImpl.java:43)
	at Restricion-tienda.run(Restricion-tienda:22)
	at com.kms.katalon.core.main.ScriptEngine.run(ScriptEngine.java:194)
	at com.kms.katalon.core.main.ScriptEngine.runScriptAsRawText(ScriptEngine.java:119)
	at com.kms.katalon.core.main.TestCaseExecutor.runScript(TestCaseExecutor.java:448)
	at com.kms.katalon.core.main.TestCaseExecutor.doExecute(TestCaseExecutor.java:439)
	at com.kms.katalon.core.main.TestCaseExecutor.processExecutionPhase(TestCaseExecutor.java:418)
	at com.kms.katalon.core.main.TestCaseExecutor.accessMainPhase(TestCaseExecutor.java:410)
	at com.kms.katalon.core.main.TestCaseExecutor.execute(TestCaseExecutor.java:285)
	at com.kms.katalon.core.common.CommonExecutor.accessTestCaseMainPhase(CommonExecutor.java:65)
	at com.kms.katalon.core.main.TestSuiteExecutor.accessTestSuiteMainPhase(TestSuiteExecutor.java:150)
	at com.kms.katalon.core.main.TestSuiteExecutor.execute(TestSuiteExecutor.java:106)
	at com.kms.katalon.core.main.TestCaseMain.startTestSuite(TestCaseMain.java:180)
	at TempTestSuite1732745349578.run(TempTestSuite1732745349578.groovy:35)
	at java.base/jdk.internal.reflect.NativeMethodAccessorImpl.invoke0(Native Method)
	at java.base/jdk.internal.reflect.NativeMethodAccessorImpl.invoke(NativeMethodAccessorImpl.java:77)
	at java.base/jdk.internal.reflect.DelegatingMethodAccessorImpl.invoke(DelegatingMethodAccessorImpl.java:43)
Caused by: com.kms.katalon.core.exception.StepFailedException: Unable to click on object 'Object Repository/Principal/Page_Olva Courier  Home/button_CONTINUAR (2)'
	at com.kms.katalon.core.webui.keyword.internal.WebUIKeywordMain.stepFailed(WebUIKeywordMain.groovy:117)
	at com.kms.katalon.core.webui.keyword.internal.WebUIKeywordMain.runKeyword(WebUIKeywordMain.groovy:43)
	at com.kms.katalon.core.webui.keyword.builtin.ClickKeyword.click(ClickKeyword.groovy:74)
	at com.kms.katalon.core.webui.keyword.builtin.ClickKeyword.execute(ClickKeyword.groovy:40)
	at com.kms.katalon.core.keyword.internal.KeywordExecutor.executeKeywordForPlatform(KeywordExecutor.groovy:74)
	at com.kms.katalon.core.webui.keyword.WebUiBuiltInKeywords.click(WebUiBuiltInKeywords.groovy:659)
	at Selec_sobre.run(Selec_sobre:24)
	at com.kms.katalon.core.main.ScriptEngine.run(ScriptEngine.java:194)
	at com.kms.katalon.core.main.ScriptEngine.runScriptAsRawText(ScriptEngine.java:119)
	at com.kms.katalon.core.main.TestCaseExecutor.runScript(TestCaseExecutor.java:448)
	at com.kms.katalon.core.main.TestCaseExecutor.doExecute(TestCaseExecutor.java:439)
	at com.kms.katalon.core.main.TestCaseExecutor.processExecutionPhase(TestCaseExecutor.java:418)
	at com.kms.katalon.core.main.TestCaseExecutor.accessMainPhase(TestCaseExecutor.java:410)
	at com.kms.katalon.core.main.TestCaseExecutor.execute(TestCaseExecutor.java:285)
	at com.kms.katalon.core.main.TestCaseMain.runTestCase(TestCaseMain.java:137)
	at com.kms.katalon.core.keyword.builtin.CallTestCaseKeyword$_callTestCase_closure1.doCall(CallTestCaseKeyword.groovy:59)
	... 24 more
Caused by: org.openqa.selenium.ElementClickInterceptedException: Element <button id="btn_aceptar_tipo_envio" class="btn disabled" type="button"> is not clickable at point (675,588) because another element <div class="modal-footer"> obscures it
Build info: version: '3.141.59', revision: 'unknown', time: 'unknown'
System info: host: 'DESKTOP-RGFFP9A', ip: '10.136.10.6', os.name: 'Windows 11', os.arch: 'amd64', os.version: '10.0', java.version: '17.0.7'
Driver info: com.kms.katalon.core.webui.driver.firefox.CGeckoDriver
Capabilities {acceptInsecureCerts: true, browserName: firefox, browserVersion: 133.0, javascriptEnabled: true, moz:accessibilityChecks: false, moz:buildID: 20241121140525, moz:geckodriverVersion: 0.35.0, moz:headless: false, moz:platformVersion: 10.0, moz:processID: 20464, moz:profile: C:\Users\OLVATI\AppData\Loc..., moz:shutdownTimeout: 60000, moz:webdriverClick: true, moz:windowless: false, pageLoadStrategy: normal, platform: WINDOWS, platformName: WINDOWS, proxy: Proxy(direct), setWindowRect: true, strictFileInteractability: false, timeouts: {implicit: 0, pageLoad: 300000, script: 30000}, unhandledPromptBehavior: dismiss and notify, userAgent: Mozilla/5.0 (Windows NT 10....}
Session ID: 96ce2141-a245-479e-b508-ed798e89ea9d
	at jdk.internal.reflect.GeneratedConstructorAccessor32.newInstance(Unknown Source)
	at java.base/jdk.internal.reflect.DelegatingConstructorAccessorImpl.newInstance(DelegatingConstructorAccessorImpl.java:45)
	at org.openqa.selenium.remote.http.W3CHttpResponseCodec.createException(W3CHttpResponseCodec.java:187)
	at org.openqa.selenium.remote.http.W3CHttpResponseCodec.decode(W3CHttpResponseCodec.java:122)
	at org.openqa.selenium.remote.http.W3CHttpResponseCodec.decode(W3CHttpResponseCodec.java:49)
	at org.openqa.selenium.remote.HttpCommandExecutor.execute(HttpCommandExecutor.java:158)
	at org.openqa.selenium.remote.service.DriverCommandExecutor.execute(DriverCommandExecutor.java:83)
	at org.openqa.selenium.remote.RemoteWebDriver.execute(RemoteWebDriver.java:552)
	at com.kms.katalon.selenium.driver.CFirefoxDriver.execute(CFirefoxDriver.java:28)
	at org.openqa.selenium.remote.RemoteWebElement.execute(RemoteWebElement.java:285)
	at org.openqa.selenium.remote.RemoteWebElement.click(RemoteWebElement.java:84)
	at jdk.internal.reflect.GeneratedMethodAccessor10.invoke(Unknown Source)
	at java.base/jdk.internal.reflect.DelegatingMethodAccessorImpl.invoke(DelegatingMethodAccessorImpl.java:43)
	at org.openqa.selenium.support.events.EventFiringWebDriver$EventFiringWebElement.lambda$new$0(EventFiringWebDriver.java:404)
	at jdk.proxy2/jdk.proxy2.$Proxy21.click(Unknown Source)
	at org.openqa.selenium.support.events.EventFiringWebDriver$EventFiringWebElement.click(EventFiringWebDriver.java:417)
	at org.openqa.selenium.WebElement$click.call(Unknown Source)
	at com.kms.katalon.core.webui.keyword.builtin.ClickKeyword.clickUntilSuccessWithTimeout(ClickKeyword.groovy:81)
	at com.kms.katalon.core.webui.keyword.builtin.ClickKeyword.clickUntilSuccessWithTimeout(ClickKeyword.groovy)
	at jdk.internal.reflect.GeneratedMethodAccessor8.invoke(Unknown Source)
	at java.base/jdk.internal.reflect.DelegatingMethodAccessorImpl.invoke(DelegatingMethodAccessorImpl.java:43)
	at com.kms.katalon.core.webui.keyword.builtin.ClickKeyword$_click_closure1.doCall(ClickKeyword.groovy:67)
	at com.kms.katalon.core.webui.keyword.builtin.ClickKeyword$_click_closure1.call(ClickKeyword.groovy)
	at com.kms.katalon.core.webui.keyword.internal.WebUIKeywordMain.runKeyword(WebUIKeywordMain.groovy:35)
	... 38 more]]></system-err>
      </testcase>
      <testcase name="Test Cases/2.Positivos/2.2Sobre/Origen-Provincia/2.Valorado/Entrega_Domicilio/Valorado 501" time="47.659" classname="Test Cases/2.Positivos/2.2Sobre/Origen-Provincia/2.Valorado/Entrega_Domicilio/Valorado 501" status="FAILED">
         <failure type="FAILED" message="Test Cases/2.Positivos/2.2Sobre/Origen-Provincia/2.Valorado/Entrega_Domicilio/Valorado 501 FAILED.&#xa;Reason:&#xa;com.kms.katalon.core.exception.StepFailedException: Call Test Case 'Test Cases/1.Inicio/1.1Principal/Selec_sobre' failed&#xa;	at com.kms.katalon.core.keyword.builtin.CallTestCaseKeyword$_callTestCase_closure1.doCall(CallTestCaseKeyword.groovy:63)&#xa;	at com.kms.katalon.core.keyword.builtin.CallTestCaseKeyword$_callTestCase_closure1.call(CallTestCaseKeyword.groovy)&#xa;	at com.kms.katalon.core.keyword.internal.KeywordMain.runKeyword(KeywordMain.groovy:75)&#xa;	at com.kms.katalon.core.keyword.builtin.CallTestCaseKeyword.callTestCase(CallTestCaseKeyword.groovy:81)&#xa;	at com.kms.katalon.core.keyword.builtin.CallTestCaseKeyword.execute(CallTestCaseKeyword.groovy:44)&#xa;	at com.kms.katalon.core.keyword.internal.KeywordExecutor.executeKeywordForPlatform(KeywordExecutor.groovy:74)&#xa;	at com.kms.katalon.core.keyword.BuiltinKeywords.callTestCase(BuiltinKeywords.groovy:310)&#xa;	at jdk.internal.reflect.GeneratedMethodAccessor25.invoke(Unknown Source)&#xa;	at java.base/jdk.internal.reflect.DelegatingMethodAccessorImpl.invoke(DelegatingMethodAccessorImpl.java:43)&#xa;	at Valorado 501.run(Valorado 501:22)&#xa;	at com.kms.katalon.core.main.ScriptEngine.run(ScriptEngine.java:194)&#xa;	at com.kms.katalon.core.main.ScriptEngine.runScriptAsRawText(ScriptEngine.java:119)&#xa;	at com.kms.katalon.core.main.TestCaseExecutor.runScript(TestCaseExecutor.java:448)&#xa;	at com.kms.katalon.core.main.TestCaseExecutor.doExecute(TestCaseExecutor.java:439)&#xa;	at com.kms.katalon.core.main.TestCaseExecutor.processExecutionPhase(TestCaseExecutor.java:418)&#xa;	at com.kms.katalon.core.main.TestCaseExecutor.accessMainPhase(TestCaseExecutor.java:410)&#xa;	at com.kms.katalon.core.main.TestCaseExecutor.execute(TestCaseExecutor.java:285)&#xa;	at com.kms.katalon.core.common.CommonExecutor.accessTestCaseMainPhase(CommonExecutor.java:65)&#xa;	at com.kms.katalon.core.main.TestSuiteExecutor.accessTestSuiteMainPhase(TestSuiteExecutor.java:150)&#xa;	at com.kms.katalon.core.main.TestSuiteExecutor.execute(TestSuiteExecutor.java:106)&#xa;	at com.kms.katalon.core.main.TestCaseMain.startTestSuite(TestCaseMain.java:180)&#xa;	at TempTestSuite1732745349578.run(TempTestSuite1732745349578.groovy:35)&#xa;	at java.base/jdk.internal.reflect.NativeMethodAccessorImpl.invoke0(Native Method)&#xa;	at java.base/jdk.internal.reflect.NativeMethodAccessorImpl.invoke(NativeMethodAccessorImpl.java:77)&#xa;	at java.base/jdk.internal.reflect.DelegatingMethodAccessorImpl.invoke(DelegatingMethodAccessorImpl.java:43)&#xa;Caused by: com.kms.katalon.core.exception.StepFailedException: Unable to click on object 'Object Repository/Principal/Page_Olva Courier  Home/button_CONTINUAR (2)'&#xa;	at com.kms.katalon.core.webui.keyword.internal.WebUIKeywordMain.stepFailed(WebUIKeywordMain.groovy:117)&#xa;	at com.kms.katalon.core.webui.keyword.internal.WebUIKeywordMain.runKeyword(WebUIKeywordMain.groovy:43)&#xa;	at com.kms.katalon.core.webui.keyword.builtin.ClickKeyword.click(ClickKeyword.groovy:74)&#xa;	at com.kms.katalon.core.webui.keyword.builtin.ClickKeyword.execute(ClickKeyword.groovy:40)&#xa;	at com.kms.katalon.core.keyword.internal.KeywordExecutor.executeKeywordForPlatform(KeywordExecutor.groovy:74)&#xa;	at com.kms.katalon.core.webui.keyword.WebUiBuiltInKeywords.click(WebUiBuiltInKeywords.groovy:659)&#xa;	at Selec_sobre.run(Selec_sobre:24)&#xa;	at com.kms.katalon.core.main.ScriptEngine.run(ScriptEngine.java:194)&#xa;	at com.kms.katalon.core.main.ScriptEngine.runScriptAsRawText(ScriptEngine.java:119)&#xa;	at com.kms.katalon.core.main.TestCaseExecutor.runScript(TestCaseExecutor.java:448)&#xa;	at com.kms.katalon.core.main.TestCaseExecutor.doExecute(TestCaseExecutor.java:439)&#xa;	at com.kms.katalon.core.main.TestCaseExecutor.processExecutionPhase(TestCaseExecutor.java:418)&#xa;	at com.kms.katalon.core.main.TestCaseExecutor.accessMainPhase(TestCaseExecutor.java:410)&#xa;	at com.kms.katalon.core.main.TestCaseExecutor.execute(TestCaseExecutor.java:285)&#xa;	at com.kms.katalon.core.main.TestCaseMain.runTestCase(TestCaseMain.java:137)&#xa;	at com.kms.katalon.core.keyword.builtin.CallTestCaseKeyword$_callTestCase_closure1.doCall(CallTestCaseKeyword.groovy:59)&#xa;	... 24 more&#xa;Caused by: org.openqa.selenium.ElementClickInterceptedException: Element &lt;button id=&quot;btn_aceptar_tipo_envio&quot; class=&quot;btn disabled&quot; type=&quot;button&quot;> is not clickable at point (675,588) because another element &lt;div class=&quot;modal-footer&quot;> obscures it&#xa;Build info: version: '3.141.59', revision: 'unknown', time: 'unknown'&#xa;System info: host: 'DESKTOP-RGFFP9A', ip: '10.136.10.6', os.name: 'Windows 11', os.arch: 'amd64', os.version: '10.0', java.version: '17.0.7'&#xa;Driver info: com.kms.katalon.core.webui.driver.firefox.CGeckoDriver&#xa;Capabilities {acceptInsecureCerts: true, browserName: firefox, browserVersion: 133.0, javascriptEnabled: true, moz:accessibilityChecks: false, moz:buildID: 20241121140525, moz:geckodriverVersion: 0.35.0, moz:headless: false, moz:platformVersion: 10.0, moz:processID: 9744, moz:profile: C:\Users\OLVATI\AppData\Loc..., moz:shutdownTimeout: 60000, moz:webdriverClick: true, moz:windowless: false, pageLoadStrategy: normal, platform: WINDOWS, platformName: WINDOWS, proxy: Proxy(direct), setWindowRect: true, strictFileInteractability: false, timeouts: {implicit: 0, pageLoad: 300000, script: 30000}, unhandledPromptBehavior: dismiss and notify, userAgent: Mozilla/5.0 (Windows NT 10....}&#xa;Session ID: 7d829323-d3f5-4707-8378-1f88a9260c3b&#xa;	at jdk.internal.reflect.GeneratedConstructorAccessor32.newInstance(Unknown Source)&#xa;	at java.base/jdk.internal.reflect.DelegatingConstructorAccessorImpl.newInstance(DelegatingConstructorAccessorImpl.java:45)&#xa;	at org.openqa.selenium.remote.http.W3CHttpResponseCodec.createException(W3CHttpResponseCodec.java:187)&#xa;	at org.openqa.selenium.remote.http.W3CHttpResponseCodec.decode(W3CHttpResponseCodec.java:122)&#xa;	at org.openqa.selenium.remote.http.W3CHttpResponseCodec.decode(W3CHttpResponseCodec.java:49)&#xa;	at org.openqa.selenium.remote.HttpCommandExecutor.execute(HttpCommandExecutor.java:158)&#xa;	at org.openqa.selenium.remote.service.DriverCommandExecutor.execute(DriverCommandExecutor.java:83)&#xa;	at org.openqa.selenium.remote.RemoteWebDriver.execute(RemoteWebDriver.java:552)&#xa;	at com.kms.katalon.selenium.driver.CFirefoxDriver.execute(CFirefoxDriver.java:28)&#xa;	at org.openqa.selenium.remote.RemoteWebElement.execute(RemoteWebElement.java:285)&#xa;	at org.openqa.selenium.remote.RemoteWebElement.click(RemoteWebElement.java:84)&#xa;	at jdk.internal.reflect.GeneratedMethodAccessor10.invoke(Unknown Source)&#xa;	at java.base/jdk.internal.reflect.DelegatingMethodAccessorImpl.invoke(DelegatingMethodAccessorImpl.java:43)&#xa;	at org.openqa.selenium.support.events.EventFiringWebDriver$EventFiringWebElement.lambda$new$0(EventFiringWebDriver.java:404)&#xa;	at jdk.proxy2/jdk.proxy2.$Proxy21.click(Unknown Source)&#xa;	at org.openqa.selenium.support.events.EventFiringWebDriver$EventFiringWebElement.click(EventFiringWebDriver.java:417)&#xa;	at org.openqa.selenium.WebElement$click.call(Unknown Source)&#xa;	at com.kms.katalon.core.webui.keyword.builtin.ClickKeyword.clickUntilSuccessWithTimeout(ClickKeyword.groovy:81)&#xa;	at com.kms.katalon.core.webui.keyword.builtin.ClickKeyword.clickUntilSuccessWithTimeout(ClickKeyword.groovy)&#xa;	at jdk.internal.reflect.GeneratedMethodAccessor8.invoke(Unknown Source)&#xa;	at java.base/jdk.internal.reflect.DelegatingMethodAccessorImpl.invoke(DelegatingMethodAccessorImpl.java:43)&#xa;	at com.kms.katalon.core.webui.keyword.builtin.ClickKeyword$_click_closure1.doCall(ClickKeyword.groovy:67)&#xa;	at com.kms.katalon.core.webui.keyword.builtin.ClickKeyword$_click_closure1.call(ClickKeyword.groovy)&#xa;	at com.kms.katalon.core.webui.keyword.internal.WebUIKeywordMain.runKeyword(WebUIKeywordMain.groovy:35)&#xa;	... 38 more&#xa;"/>
         <system-out><![CDATA[27-11-2024T17:52:20 - [TEST_CASE][FAILED] - Test Cases/2.Positivos/2.2Sobre/Origen-Provincia/2.Valorado/Entrega_Domicilio/Valorado 501: Test Cases/2.Positivos/2.2Sobre/Origen-Provincia/2.Valorado/Entrega_Domicilio/Valorado 501 FAILED.
Reason:
com.kms.katalon.core.exception.StepFailedException: Call Test Case 'Test Cases/1.Inicio/1.1Principal/Selec_sobre' failed
	at com.kms.katalon.core.keyword.builtin.CallTestCaseKeyword$_callTestCase_closure1.doCall(CallTestCaseKeyword.groovy:63)
	at com.kms.katalon.core.keyword.builtin.CallTestCaseKeyword$_callTestCase_closure1.call(CallTestCaseKeyword.groovy)
	at com.kms.katalon.core.keyword.internal.KeywordMain.runKeyword(KeywordMain.groovy:75)
	at com.kms.katalon.core.keyword.builtin.CallTestCaseKeyword.callTestCase(CallTestCaseKeyword.groovy:81)
	at com.kms.katalon.core.keyword.builtin.CallTestCaseKeyword.execute(CallTestCaseKeyword.groovy:44)
	at com.kms.katalon.core.keyword.internal.KeywordExecutor.executeKeywordForPlatform(KeywordExecutor.groovy:74)
	at com.kms.katalon.core.keyword.BuiltinKeywords.callTestCase(BuiltinKeywords.groovy:310)
	at jdk.internal.reflect.GeneratedMethodAccessor25.invoke(Unknown Source)
	at java.base/jdk.internal.reflect.DelegatingMethodAccessorImpl.invoke(DelegatingMethodAccessorImpl.java:43)
	at Valorado 501.run(Valorado 501:22)
	at com.kms.katalon.core.main.ScriptEngine.run(ScriptEngine.java:194)
	at com.kms.katalon.core.main.ScriptEngine.runScriptAsRawText(ScriptEngine.java:119)
	at com.kms.katalon.core.main.TestCaseExecutor.runScript(TestCaseExecutor.java:448)
	at com.kms.katalon.core.main.TestCaseExecutor.doExecute(TestCaseExecutor.java:439)
	at com.kms.katalon.core.main.TestCaseExecutor.processExecutionPhase(TestCaseExecutor.java:418)
	at com.kms.katalon.core.main.TestCaseExecutor.accessMainPhase(TestCaseExecutor.java:410)
	at com.kms.katalon.core.main.TestCaseExecutor.execute(TestCaseExecutor.java:285)
	at com.kms.katalon.core.common.CommonExecutor.accessTestCaseMainPhase(CommonExecutor.java:65)
	at com.kms.katalon.core.main.TestSuiteExecutor.accessTestSuiteMainPhase(TestSuiteExecutor.java:150)
	at com.kms.katalon.core.main.TestSuiteExecutor.execute(TestSuiteExecutor.java:106)
	at com.kms.katalon.core.main.TestCaseMain.startTestSuite(TestCaseMain.java:180)
	at TempTestSuite1732745349578.run(TempTestSuite1732745349578.groovy:35)
	at java.base/jdk.internal.reflect.NativeMethodAccessorImpl.invoke0(Native Method)
	at java.base/jdk.internal.reflect.NativeMethodAccessorImpl.invoke(NativeMethodAccessorImpl.java:77)
	at java.base/jdk.internal.reflect.DelegatingMethodAccessorImpl.invoke(DelegatingMethodAccessorImpl.java:43)
Caused by: com.kms.katalon.core.exception.StepFailedException: Unable to click on object 'Object Repository/Principal/Page_Olva Courier  Home/button_CONTINUAR (2)'
	at com.kms.katalon.core.webui.keyword.internal.WebUIKeywordMain.stepFailed(WebUIKeywordMain.groovy:117)
	at com.kms.katalon.core.webui.keyword.internal.WebUIKeywordMain.runKeyword(WebUIKeywordMain.groovy:43)
	at com.kms.katalon.core.webui.keyword.builtin.ClickKeyword.click(ClickKeyword.groovy:74)
	at com.kms.katalon.core.webui.keyword.builtin.ClickKeyword.execute(ClickKeyword.groovy:40)
	at com.kms.katalon.core.keyword.internal.KeywordExecutor.executeKeywordForPlatform(KeywordExecutor.groovy:74)
	at com.kms.katalon.core.webui.keyword.WebUiBuiltInKeywords.click(WebUiBuiltInKeywords.groovy:659)
	at Selec_sobre.run(Selec_sobre:24)
	at com.kms.katalon.core.main.ScriptEngine.run(ScriptEngine.java:194)
	at com.kms.katalon.core.main.ScriptEngine.runScriptAsRawText(ScriptEngine.java:119)
	at com.kms.katalon.core.main.TestCaseExecutor.runScript(TestCaseExecutor.java:448)
	at com.kms.katalon.core.main.TestCaseExecutor.doExecute(TestCaseExecutor.java:439)
	at com.kms.katalon.core.main.TestCaseExecutor.processExecutionPhase(TestCaseExecutor.java:418)
	at com.kms.katalon.core.main.TestCaseExecutor.accessMainPhase(TestCaseExecutor.java:410)
	at com.kms.katalon.core.main.TestCaseExecutor.execute(TestCaseExecutor.java:285)
	at com.kms.katalon.core.main.TestCaseMain.runTestCase(TestCaseMain.java:137)
	at com.kms.katalon.core.keyword.builtin.CallTestCaseKeyword$_callTestCase_closure1.doCall(CallTestCaseKeyword.groovy:59)
	... 24 more
Caused by: org.openqa.selenium.ElementClickInterceptedException: Element <button id="btn_aceptar_tipo_envio" class="btn disabled" type="button"> is not clickable at point (675,588) because another element <div class="modal-footer"> obscures it
Build info: version: '3.141.59', revision: 'unknown', time: 'unknown'
System info: host: 'DESKTOP-RGFFP9A', ip: '10.136.10.6', os.name: 'Windows 11', os.arch: 'amd64', os.version: '10.0', java.version: '17.0.7'
Driver info: com.kms.katalon.core.webui.driver.firefox.CGeckoDriver
Capabilities {acceptInsecureCerts: true, browserName: firefox, browserVersion: 133.0, javascriptEnabled: true, moz:accessibilityChecks: false, moz:buildID: 20241121140525, moz:geckodriverVersion: 0.35.0, moz:headless: false, moz:platformVersion: 10.0, moz:processID: 9744, moz:profile: C:\Users\OLVATI\AppData\Loc..., moz:shutdownTimeout: 60000, moz:webdriverClick: true, moz:windowless: false, pageLoadStrategy: normal, platform: WINDOWS, platformName: WINDOWS, proxy: Proxy(direct), setWindowRect: true, strictFileInteractability: false, timeouts: {implicit: 0, pageLoad: 300000, script: 30000}, unhandledPromptBehavior: dismiss and notify, userAgent: Mozilla/5.0 (Windows NT 10....}
Session ID: 7d829323-d3f5-4707-8378-1f88a9260c3b
	at jdk.internal.reflect.GeneratedConstructorAccessor32.newInstance(Unknown Source)
	at java.base/jdk.internal.reflect.DelegatingConstructorAccessorImpl.newInstance(DelegatingConstructorAccessorImpl.java:45)
	at org.openqa.selenium.remote.http.W3CHttpResponseCodec.createException(W3CHttpResponseCodec.java:187)
	at org.openqa.selenium.remote.http.W3CHttpResponseCodec.decode(W3CHttpResponseCodec.java:122)
	at org.openqa.selenium.remote.http.W3CHttpResponseCodec.decode(W3CHttpResponseCodec.java:49)
	at org.openqa.selenium.remote.HttpCommandExecutor.execute(HttpCommandExecutor.java:158)
	at org.openqa.selenium.remote.service.DriverCommandExecutor.execute(DriverCommandExecutor.java:83)
	at org.openqa.selenium.remote.RemoteWebDriver.execute(RemoteWebDriver.java:552)
	at com.kms.katalon.selenium.driver.CFirefoxDriver.execute(CFirefoxDriver.java:28)
	at org.openqa.selenium.remote.RemoteWebElement.execute(RemoteWebElement.java:285)
	at org.openqa.selenium.remote.RemoteWebElement.click(RemoteWebElement.java:84)
	at jdk.internal.reflect.GeneratedMethodAccessor10.invoke(Unknown Source)
	at java.base/jdk.internal.reflect.DelegatingMethodAccessorImpl.invoke(DelegatingMethodAccessorImpl.java:43)
	at org.openqa.selenium.support.events.EventFiringWebDriver$EventFiringWebElement.lambda$new$0(EventFiringWebDriver.java:404)
	at jdk.proxy2/jdk.proxy2.$Proxy21.click(Unknown Source)
	at org.openqa.selenium.support.events.EventFiringWebDriver$EventFiringWebElement.click(EventFiringWebDriver.java:417)
	at org.openqa.selenium.WebElement$click.call(Unknown Source)
	at com.kms.katalon.core.webui.keyword.builtin.ClickKeyword.clickUntilSuccessWithTimeout(ClickKeyword.groovy:81)
	at com.kms.katalon.core.webui.keyword.builtin.ClickKeyword.clickUntilSuccessWithTimeout(ClickKeyword.groovy)
	at jdk.internal.reflect.GeneratedMethodAccessor8.invoke(Unknown Source)
	at java.base/jdk.internal.reflect.DelegatingMethodAccessorImpl.invoke(DelegatingMethodAccessorImpl.java:43)
	at com.kms.katalon.core.webui.keyword.builtin.ClickKeyword$_click_closure1.doCall(ClickKeyword.groovy:67)
	at com.kms.katalon.core.webui.keyword.builtin.ClickKeyword$_click_closure1.call(ClickKeyword.groovy)
	at com.kms.katalon.core.webui.keyword.internal.WebUIKeywordMain.runKeyword(WebUIKeywordMain.groovy:35)
	... 38 more


27-11-2024T17:52:20 - [TEST_STEP][PASSED] - callTestCase(findTestCase("1.Inicio/1.1Principal/Principal-home"), [:], STOP_ON_FAILURE): Call Test Case 'Test Cases/1.Inicio/1.1Principal/Principal-home' successfully

27-11-2024T17:52:21 - [TEST_CASE][PASSED] - Test Cases/1.Inicio/1.1Principal/Principal-home: Test Cases/1.Inicio/1.1Principal/Principal-home

27-11-2024T17:52:21 - [TEST_STEP][PASSED] - openBrowser(""): Browser is opened with url: ''

27-11-2024T17:52:21 - [MESSAGE][WARNING] - A browser is already opened. Closing browser and opening a new one

27-11-2024T17:52:22 - [MESSAGE][INFO] - Starting 'Firefox' driver

27-11-2024T17:52:22 - [MESSAGE][INFO] - Action delay is set to 0 milliseconds

27-11-2024T17:52:33 - [MESSAGE][PASSED] - Browser is opened with url: ''

27-11-2024T17:52:33 - [TEST_STEP][PASSED] - navigateToUrl("https://dev01-registrodeenvios.olvacourier.com/principal"): Navigate to 'https://dev01-registrodeenvios.olvacourier.com/principal' successfully

27-11-2024T17:52:35 - [MESSAGE][PASSED] - Navigate to 'https://dev01-registrodeenvios.olvacourier.com/principal' successfully

27-11-2024T17:52:35 - [TEST_STEP][PASSED] - maximizeWindow(): Current window maximized

27-11-2024T17:52:35 - [MESSAGE][PASSED] - Current window maximized

27-11-2024T17:52:35 - [MESSAGE][PASSED] - Call Test Case 'Test Cases/1.Inicio/1.1Principal/Principal-home' successfully

27-11-2024T17:52:35 - [TEST_STEP][FAILED] - callTestCase(findTestCase("1.Inicio/1.1Principal/Selec_sobre"), [:], STOP_ON_FAILURE): Unable to call Test Case 'Test Cases/1.Inicio/1.1Principal/Selec_sobre' (Root cause: com.kms.katalon.core.exception.StepFailedException: Call Test Case 'Test Cases/1.Inicio/1.1Principal/Selec_sobre' failed
	at com.kms.katalon.core.keyword.builtin.CallTestCaseKeyword$_callTestCase_closure1.doCall(CallTestCaseKeyword.groovy:63)
	at com.kms.katalon.core.keyword.builtin.CallTestCaseKeyword$_callTestCase_closure1.call(CallTestCaseKeyword.groovy)
	at com.kms.katalon.core.keyword.internal.KeywordMain.runKeyword(KeywordMain.groovy:75)
	at com.kms.katalon.core.keyword.builtin.CallTestCaseKeyword.callTestCase(CallTestCaseKeyword.groovy:81)
	at com.kms.katalon.core.keyword.builtin.CallTestCaseKeyword.execute(CallTestCaseKeyword.groovy:44)
	at com.kms.katalon.core.keyword.internal.KeywordExecutor.executeKeywordForPlatform(KeywordExecutor.groovy:74)
	at com.kms.katalon.core.keyword.BuiltinKeywords.callTestCase(BuiltinKeywords.groovy:310)
	at jdk.internal.reflect.GeneratedMethodAccessor25.invoke(Unknown Source)
	at java.base/jdk.internal.reflect.DelegatingMethodAccessorImpl.invoke(DelegatingMethodAccessorImpl.java:43)
	at Valorado 501.run(Valorado 501:22)
	at com.kms.katalon.core.main.ScriptEngine.run(ScriptEngine.java:194)
	at com.kms.katalon.core.main.ScriptEngine.runScriptAsRawText(ScriptEngine.java:119)
	at com.kms.katalon.core.main.TestCaseExecutor.runScript(TestCaseExecutor.java:448)
	at com.kms.katalon.core.main.TestCaseExecutor.doExecute(TestCaseExecutor.java:439)
	at com.kms.katalon.core.main.TestCaseExecutor.processExecutionPhase(TestCaseExecutor.java:418)
	at com.kms.katalon.core.main.TestCaseExecutor.accessMainPhase(TestCaseExecutor.java:410)
	at com.kms.katalon.core.main.TestCaseExecutor.execute(TestCaseExecutor.java:285)
	at com.kms.katalon.core.common.CommonExecutor.accessTestCaseMainPhase(CommonExecutor.java:65)
	at com.kms.katalon.core.main.TestSuiteExecutor.accessTestSuiteMainPhase(TestSuiteExecutor.java:150)
	at com.kms.katalon.core.main.TestSuiteExecutor.execute(TestSuiteExecutor.java:106)
	at com.kms.katalon.core.main.TestCaseMain.startTestSuite(TestCaseMain.java:180)
	at TempTestSuite1732745349578.run(TempTestSuite1732745349578.groovy:35)
	at java.base/jdk.internal.reflect.NativeMethodAccessorImpl.invoke0(Native Method)
	at java.base/jdk.internal.reflect.NativeMethodAccessorImpl.invoke(NativeMethodAccessorImpl.java:77)
	at java.base/jdk.internal.reflect.DelegatingMethodAccessorImpl.invoke(DelegatingMethodAccessorImpl.java:43)
Caused by: com.kms.katalon.core.exception.StepFailedException: Unable to click on object 'Object Repository/Principal/Page_Olva Courier  Home/button_CONTINUAR (2)'
	at com.kms.katalon.core.webui.keyword.internal.WebUIKeywordMain.stepFailed(WebUIKeywordMain.groovy:117)
	at com.kms.katalon.core.webui.keyword.internal.WebUIKeywordMain.runKeyword(WebUIKeywordMain.groovy:43)
	at com.kms.katalon.core.webui.keyword.builtin.ClickKeyword.click(ClickKeyword.groovy:74)
	at com.kms.katalon.core.webui.keyword.builtin.ClickKeyword.execute(ClickKeyword.groovy:40)
	at com.kms.katalon.core.keyword.internal.KeywordExecutor.executeKeywordForPlatform(KeywordExecutor.groovy:74)
	at com.kms.katalon.core.webui.keyword.WebUiBuiltInKeywords.click(WebUiBuiltInKeywords.groovy:659)
	at Selec_sobre.run(Selec_sobre:24)
	at com.kms.katalon.core.main.ScriptEngine.run(ScriptEngine.java:194)
	at com.kms.katalon.core.main.ScriptEngine.runScriptAsRawText(ScriptEngine.java:119)
	at com.kms.katalon.core.main.TestCaseExecutor.runScript(TestCaseExecutor.java:448)
	at com.kms.katalon.core.main.TestCaseExecutor.doExecute(TestCaseExecutor.java:439)
	at com.kms.katalon.core.main.TestCaseExecutor.processExecutionPhase(TestCaseExecutor.java:418)
	at com.kms.katalon.core.main.TestCaseExecutor.accessMainPhase(TestCaseExecutor.java:410)
	at com.kms.katalon.core.main.TestCaseExecutor.execute(TestCaseExecutor.java:285)
	at com.kms.katalon.core.main.TestCaseMain.runTestCase(TestCaseMain.java:137)
	at com.kms.katalon.core.keyword.builtin.CallTestCaseKeyword$_callTestCase_closure1.doCall(CallTestCaseKeyword.groovy:59)
	... 24 more
Caused by: org.openqa.selenium.ElementClickInterceptedException: Element <button id="btn_aceptar_tipo_envio" class="btn disabled" type="button"> is not clickable at point (675,588) because another element <div class="modal-footer"> obscures it
Build info: version: '3.141.59', revision: 'unknown', time: 'unknown'
System info: host: 'DESKTOP-RGFFP9A', ip: '10.136.10.6', os.name: 'Windows 11', os.arch: 'amd64', os.version: '10.0', java.version: '17.0.7'
Driver info: com.kms.katalon.core.webui.driver.firefox.CGeckoDriver
Capabilities {acceptInsecureCerts: true, browserName: firefox, browserVersion: 133.0, javascriptEnabled: true, moz:accessibilityChecks: false, moz:buildID: 20241121140525, moz:geckodriverVersion: 0.35.0, moz:headless: false, moz:platformVersion: 10.0, moz:processID: 9744, moz:profile: C:\Users\OLVATI\AppData\Loc..., moz:shutdownTimeout: 60000, moz:webdriverClick: true, moz:windowless: false, pageLoadStrategy: normal, platform: WINDOWS, platformName: WINDOWS, proxy: Proxy(direct), setWindowRect: true, strictFileInteractability: false, timeouts: {implicit: 0, pageLoad: 300000, script: 30000}, unhandledPromptBehavior: dismiss and notify, userAgent: Mozilla/5.0 (Windows NT 10....}
Session ID: 7d829323-d3f5-4707-8378-1f88a9260c3b
	at jdk.internal.reflect.GeneratedConstructorAccessor32.newInstance(Unknown Source)
	at java.base/jdk.internal.reflect.DelegatingConstructorAccessorImpl.newInstance(DelegatingConstructorAccessorImpl.java:45)
	at org.openqa.selenium.remote.http.W3CHttpResponseCodec.createException(W3CHttpResponseCodec.java:187)
	at org.openqa.selenium.remote.http.W3CHttpResponseCodec.decode(W3CHttpResponseCodec.java:122)
	at org.openqa.selenium.remote.http.W3CHttpResponseCodec.decode(W3CHttpResponseCodec.java:49)
	at org.openqa.selenium.remote.HttpCommandExecutor.execute(HttpCommandExecutor.java:158)
	at org.openqa.selenium.remote.service.DriverCommandExecutor.execute(DriverCommandExecutor.java:83)
	at org.openqa.selenium.remote.RemoteWebDriver.execute(RemoteWebDriver.java:552)
	at com.kms.katalon.selenium.driver.CFirefoxDriver.execute(CFirefoxDriver.java:28)
	at org.openqa.selenium.remote.RemoteWebElement.execute(RemoteWebElement.java:285)
	at org.openqa.selenium.remote.RemoteWebElement.click(RemoteWebElement.java:84)
	at jdk.internal.reflect.GeneratedMethodAccessor10.invoke(Unknown Source)
	at java.base/jdk.internal.reflect.DelegatingMethodAccessorImpl.invoke(DelegatingMethodAccessorImpl.java:43)
	at org.openqa.selenium.support.events.EventFiringWebDriver$EventFiringWebElement.lambda$new$0(EventFiringWebDriver.java:404)
	at jdk.proxy2/jdk.proxy2.$Proxy21.click(Unknown Source)
	at org.openqa.selenium.support.events.EventFiringWebDriver$EventFiringWebElement.click(EventFiringWebDriver.java:417)
	at org.openqa.selenium.WebElement$click.call(Unknown Source)
	at com.kms.katalon.core.webui.keyword.builtin.ClickKeyword.clickUntilSuccessWithTimeout(ClickKeyword.groovy:81)
	at com.kms.katalon.core.webui.keyword.builtin.ClickKeyword.clickUntilSuccessWithTimeout(ClickKeyword.groovy)
	at jdk.internal.reflect.GeneratedMethodAccessor8.invoke(Unknown Source)
	at java.base/jdk.internal.reflect.DelegatingMethodAccessorImpl.invoke(DelegatingMethodAccessorImpl.java:43)
	at com.kms.katalon.core.webui.keyword.builtin.ClickKeyword$_click_closure1.doCall(ClickKeyword.groovy:67)
	at com.kms.katalon.core.webui.keyword.builtin.ClickKeyword$_click_closure1.call(ClickKeyword.groovy)
	at com.kms.katalon.core.webui.keyword.internal.WebUIKeywordMain.runKeyword(WebUIKeywordMain.groovy:35)
	... 38 more
)

27-11-2024T17:52:35 - [TEST_CASE][FAILED] - Test Cases/1.Inicio/1.1Principal/Selec_sobre: Test Cases/1.Inicio/1.1Principal/Selec_sobre FAILED.
Reason:
com.kms.katalon.core.exception.StepFailedException: Unable to click on object 'Object Repository/Principal/Page_Olva Courier  Home/button_CONTINUAR (2)'
	at com.kms.katalon.core.webui.keyword.internal.WebUIKeywordMain.stepFailed(WebUIKeywordMain.groovy:117)
	at com.kms.katalon.core.webui.keyword.internal.WebUIKeywordMain.runKeyword(WebUIKeywordMain.groovy:43)
	at com.kms.katalon.core.webui.keyword.builtin.ClickKeyword.click(ClickKeyword.groovy:74)
	at com.kms.katalon.core.webui.keyword.builtin.ClickKeyword.execute(ClickKeyword.groovy:40)
	at com.kms.katalon.core.keyword.internal.KeywordExecutor.executeKeywordForPlatform(KeywordExecutor.groovy:74)
	at com.kms.katalon.core.webui.keyword.WebUiBuiltInKeywords.click(WebUiBuiltInKeywords.groovy:659)
	at Selec_sobre.run(Selec_sobre:24)
	at com.kms.katalon.core.main.ScriptEngine.run(ScriptEngine.java:194)
	at com.kms.katalon.core.main.ScriptEngine.runScriptAsRawText(ScriptEngine.java:119)
	at com.kms.katalon.core.main.TestCaseExecutor.runScript(TestCaseExecutor.java:448)
	at com.kms.katalon.core.main.TestCaseExecutor.doExecute(TestCaseExecutor.java:439)
	at com.kms.katalon.core.main.TestCaseExecutor.processExecutionPhase(TestCaseExecutor.java:418)
	at com.kms.katalon.core.main.TestCaseExecutor.accessMainPhase(TestCaseExecutor.java:410)
	at com.kms.katalon.core.main.TestCaseExecutor.execute(TestCaseExecutor.java:285)
	at com.kms.katalon.core.main.TestCaseMain.runTestCase(TestCaseMain.java:137)
	at com.kms.katalon.core.keyword.builtin.CallTestCaseKeyword$_callTestCase_closure1.doCall(CallTestCaseKeyword.groovy:59)
	at com.kms.katalon.core.keyword.builtin.CallTestCaseKeyword$_callTestCase_closure1.call(CallTestCaseKeyword.groovy)
	at com.kms.katalon.core.keyword.internal.KeywordMain.runKeyword(KeywordMain.groovy:75)
	at com.kms.katalon.core.keyword.builtin.CallTestCaseKeyword.callTestCase(CallTestCaseKeyword.groovy:81)
	at com.kms.katalon.core.keyword.builtin.CallTestCaseKeyword.execute(CallTestCaseKeyword.groovy:44)
	at com.kms.katalon.core.keyword.internal.KeywordExecutor.executeKeywordForPlatform(KeywordExecutor.groovy:74)
	at com.kms.katalon.core.keyword.BuiltinKeywords.callTestCase(BuiltinKeywords.groovy:310)
	at jdk.internal.reflect.GeneratedMethodAccessor25.invoke(Unknown Source)
	at java.base/jdk.internal.reflect.DelegatingMethodAccessorImpl.invoke(DelegatingMethodAccessorImpl.java:43)
	at Valorado 501.run(Valorado 501:22)
	at com.kms.katalon.core.main.ScriptEngine.run(ScriptEngine.java:194)
	at com.kms.katalon.core.main.ScriptEngine.runScriptAsRawText(ScriptEngine.java:119)
	at com.kms.katalon.core.main.TestCaseExecutor.runScript(TestCaseExecutor.java:448)
	at com.kms.katalon.core.main.TestCaseExecutor.doExecute(TestCaseExecutor.java:439)
	at com.kms.katalon.core.main.TestCaseExecutor.processExecutionPhase(TestCaseExecutor.java:418)
	at com.kms.katalon.core.main.TestCaseExecutor.accessMainPhase(TestCaseExecutor.java:410)
	at com.kms.katalon.core.main.TestCaseExecutor.execute(TestCaseExecutor.java:285)
	at com.kms.katalon.core.common.CommonExecutor.accessTestCaseMainPhase(CommonExecutor.java:65)
	at com.kms.katalon.core.main.TestSuiteExecutor.accessTestSuiteMainPhase(TestSuiteExecutor.java:150)
	at com.kms.katalon.core.main.TestSuiteExecutor.execute(TestSuiteExecutor.java:106)
	at com.kms.katalon.core.main.TestCaseMain.startTestSuite(TestCaseMain.java:180)
	at TempTestSuite1732745349578.run(TempTestSuite1732745349578.groovy:35)
	at java.base/jdk.internal.reflect.NativeMethodAccessorImpl.invoke0(Native Method)
	at java.base/jdk.internal.reflect.NativeMethodAccessorImpl.invoke(NativeMethodAccessorImpl.java:77)
	at java.base/jdk.internal.reflect.DelegatingMethodAccessorImpl.invoke(DelegatingMethodAccessorImpl.java:43)
Caused by: org.openqa.selenium.ElementClickInterceptedException: Element <button id="btn_aceptar_tipo_envio" class="btn disabled" type="button"> is not clickable at point (675,588) because another element <div class="modal-footer"> obscures it
Build info: version: '3.141.59', revision: 'unknown', time: 'unknown'
System info: host: 'DESKTOP-RGFFP9A', ip: '10.136.10.6', os.name: 'Windows 11', os.arch: 'amd64', os.version: '10.0', java.version: '17.0.7'
Driver info: com.kms.katalon.core.webui.driver.firefox.CGeckoDriver
Capabilities {acceptInsecureCerts: true, browserName: firefox, browserVersion: 133.0, javascriptEnabled: true, moz:accessibilityChecks: false, moz:buildID: 20241121140525, moz:geckodriverVersion: 0.35.0, moz:headless: false, moz:platformVersion: 10.0, moz:processID: 9744, moz:profile: C:\Users\OLVATI\AppData\Loc..., moz:shutdownTimeout: 60000, moz:webdriverClick: true, moz:windowless: false, pageLoadStrategy: normal, platform: WINDOWS, platformName: WINDOWS, proxy: Proxy(direct), setWindowRect: true, strictFileInteractability: false, timeouts: {implicit: 0, pageLoad: 300000, script: 30000}, unhandledPromptBehavior: dismiss and notify, userAgent: Mozilla/5.0 (Windows NT 10....}
Session ID: 7d829323-d3f5-4707-8378-1f88a9260c3b
	at jdk.internal.reflect.GeneratedConstructorAccessor32.newInstance(Unknown Source)
	at java.base/jdk.internal.reflect.DelegatingConstructorAccessorImpl.newInstance(DelegatingConstructorAccessorImpl.java:45)
	at org.openqa.selenium.remote.http.W3CHttpResponseCodec.createException(W3CHttpResponseCodec.java:187)
	at org.openqa.selenium.remote.http.W3CHttpResponseCodec.decode(W3CHttpResponseCodec.java:122)
	at org.openqa.selenium.remote.http.W3CHttpResponseCodec.decode(W3CHttpResponseCodec.java:49)
	at org.openqa.selenium.remote.HttpCommandExecutor.execute(HttpCommandExecutor.java:158)
	at org.openqa.selenium.remote.service.DriverCommandExecutor.execute(DriverCommandExecutor.java:83)
	at org.openqa.selenium.remote.RemoteWebDriver.execute(RemoteWebDriver.java:552)
	at com.kms.katalon.selenium.driver.CFirefoxDriver.execute(CFirefoxDriver.java:28)
	at org.openqa.selenium.remote.RemoteWebElement.execute(RemoteWebElement.java:285)
	at org.openqa.selenium.remote.RemoteWebElement.click(RemoteWebElement.java:84)
	at jdk.internal.reflect.GeneratedMethodAccessor10.invoke(Unknown Source)
	at java.base/jdk.internal.reflect.DelegatingMethodAccessorImpl.invoke(DelegatingMethodAccessorImpl.java:43)
	at org.openqa.selenium.support.events.EventFiringWebDriver$EventFiringWebElement.lambda$new$0(EventFiringWebDriver.java:404)
	at jdk.proxy2/jdk.proxy2.$Proxy21.click(Unknown Source)
	at org.openqa.selenium.support.events.EventFiringWebDriver$EventFiringWebElement.click(EventFiringWebDriver.java:417)
	at org.openqa.selenium.WebElement$click.call(Unknown Source)
	at com.kms.katalon.core.webui.keyword.builtin.ClickKeyword.clickUntilSuccessWithTimeout(ClickKeyword.groovy:81)
	at com.kms.katalon.core.webui.keyword.builtin.ClickKeyword.clickUntilSuccessWithTimeout(ClickKeyword.groovy)
	at jdk.internal.reflect.GeneratedMethodAccessor8.invoke(Unknown Source)
	at java.base/jdk.internal.reflect.DelegatingMethodAccessorImpl.invoke(DelegatingMethodAccessorImpl.java:43)
	at com.kms.katalon.core.webui.keyword.builtin.ClickKeyword$_click_closure1.doCall(ClickKeyword.groovy:67)
	at com.kms.katalon.core.webui.keyword.builtin.ClickKeyword$_click_closure1.call(ClickKeyword.groovy)
	at com.kms.katalon.core.webui.keyword.internal.WebUIKeywordMain.runKeyword(WebUIKeywordMain.groovy:35)
	... 38 more


27-11-2024T17:52:35 - [TEST_STEP][PASSED] - click(findTestObject("Object Repository/Principal/Page_Olva Courier  Home/img_Envo de cajas o paquetescon un peso mxi_37770f")): Object: 'Object Repository/Principal/Page_Olva Courier  Home/img_Envo de cajas o paquetescon un peso mxi_37770f' is clicked on

27-11-2024T17:52:36 - [MESSAGE][PASSED] - Object: 'Object Repository/Principal/Page_Olva Courier  Home/img_Envo de cajas o paquetescon un peso mxi_37770f' is clicked on

27-11-2024T17:52:36 - [TEST_STEP][PASSED] - click(findTestObject("Object Repository/Principal/Page_Olva Courier  Home/label_He ledo y acepto los trminos de uso y_adab65")): Object: 'Object Repository/Principal/Page_Olva Courier  Home/label_He ledo y acepto los trminos de uso y_adab65' is clicked on

27-11-2024T17:52:37 - [MESSAGE][PASSED] - Object: 'Object Repository/Principal/Page_Olva Courier  Home/label_He ledo y acepto los trminos de uso y_adab65' is clicked on

27-11-2024T17:52:37 - [TEST_STEP][FAILED] - click(findTestObject("Object Repository/Principal/Page_Olva Courier  Home/button_CONTINUAR (2)")): Unable to click on object 'Object Repository/Principal/Page_Olva Courier  Home/button_CONTINUAR (2)' (Root cause: com.kms.katalon.core.exception.StepFailedException: Unable to click on object 'Object Repository/Principal/Page_Olva Courier  Home/button_CONTINUAR (2)'
	at com.kms.katalon.core.webui.keyword.internal.WebUIKeywordMain.stepFailed(WebUIKeywordMain.groovy:117)
	at com.kms.katalon.core.webui.keyword.internal.WebUIKeywordMain.runKeyword(WebUIKeywordMain.groovy:43)
	at com.kms.katalon.core.webui.keyword.builtin.ClickKeyword.click(ClickKeyword.groovy:74)
	at com.kms.katalon.core.webui.keyword.builtin.ClickKeyword.execute(ClickKeyword.groovy:40)
	at com.kms.katalon.core.keyword.internal.KeywordExecutor.executeKeywordForPlatform(KeywordExecutor.groovy:74)
	at com.kms.katalon.core.webui.keyword.WebUiBuiltInKeywords.click(WebUiBuiltInKeywords.groovy:659)
	at Selec_sobre.run(Selec_sobre:24)
	at com.kms.katalon.core.main.ScriptEngine.run(ScriptEngine.java:194)
	at com.kms.katalon.core.main.ScriptEngine.runScriptAsRawText(ScriptEngine.java:119)
	at com.kms.katalon.core.main.TestCaseExecutor.runScript(TestCaseExecutor.java:448)
	at com.kms.katalon.core.main.TestCaseExecutor.doExecute(TestCaseExecutor.java:439)
	at com.kms.katalon.core.main.TestCaseExecutor.processExecutionPhase(TestCaseExecutor.java:418)
	at com.kms.katalon.core.main.TestCaseExecutor.accessMainPhase(TestCaseExecutor.java:410)
	at com.kms.katalon.core.main.TestCaseExecutor.execute(TestCaseExecutor.java:285)
	at com.kms.katalon.core.main.TestCaseMain.runTestCase(TestCaseMain.java:137)
	at com.kms.katalon.core.keyword.builtin.CallTestCaseKeyword$_callTestCase_closure1.doCall(CallTestCaseKeyword.groovy:59)
	at com.kms.katalon.core.keyword.builtin.CallTestCaseKeyword$_callTestCase_closure1.call(CallTestCaseKeyword.groovy)
	at com.kms.katalon.core.keyword.internal.KeywordMain.runKeyword(KeywordMain.groovy:75)
	at com.kms.katalon.core.keyword.builtin.CallTestCaseKeyword.callTestCase(CallTestCaseKeyword.groovy:81)
	at com.kms.katalon.core.keyword.builtin.CallTestCaseKeyword.execute(CallTestCaseKeyword.groovy:44)
	at com.kms.katalon.core.keyword.internal.KeywordExecutor.executeKeywordForPlatform(KeywordExecutor.groovy:74)
	at com.kms.katalon.core.keyword.BuiltinKeywords.callTestCase(BuiltinKeywords.groovy:310)
	at jdk.internal.reflect.GeneratedMethodAccessor25.invoke(Unknown Source)
	at java.base/jdk.internal.reflect.DelegatingMethodAccessorImpl.invoke(DelegatingMethodAccessorImpl.java:43)
	at Valorado 501.run(Valorado 501:22)
	at com.kms.katalon.core.main.ScriptEngine.run(ScriptEngine.java:194)
	at com.kms.katalon.core.main.ScriptEngine.runScriptAsRawText(ScriptEngine.java:119)
	at com.kms.katalon.core.main.TestCaseExecutor.runScript(TestCaseExecutor.java:448)
	at com.kms.katalon.core.main.TestCaseExecutor.doExecute(TestCaseExecutor.java:439)
	at com.kms.katalon.core.main.TestCaseExecutor.processExecutionPhase(TestCaseExecutor.java:418)
	at com.kms.katalon.core.main.TestCaseExecutor.accessMainPhase(TestCaseExecutor.java:410)
	at com.kms.katalon.core.main.TestCaseExecutor.execute(TestCaseExecutor.java:285)
	at com.kms.katalon.core.common.CommonExecutor.accessTestCaseMainPhase(CommonExecutor.java:65)
	at com.kms.katalon.core.main.TestSuiteExecutor.accessTestSuiteMainPhase(TestSuiteExecutor.java:150)
	at com.kms.katalon.core.main.TestSuiteExecutor.execute(TestSuiteExecutor.java:106)
	at com.kms.katalon.core.main.TestCaseMain.startTestSuite(TestCaseMain.java:180)
	at TempTestSuite1732745349578.run(TempTestSuite1732745349578.groovy:35)
	at java.base/jdk.internal.reflect.NativeMethodAccessorImpl.invoke0(Native Method)
	at java.base/jdk.internal.reflect.NativeMethodAccessorImpl.invoke(NativeMethodAccessorImpl.java:77)
	at java.base/jdk.internal.reflect.DelegatingMethodAccessorImpl.invoke(DelegatingMethodAccessorImpl.java:43)
Caused by: org.openqa.selenium.ElementClickInterceptedException: Element <button id="btn_aceptar_tipo_envio" class="btn disabled" type="button"> is not clickable at point (675,588) because another element <div class="modal-footer"> obscures it
Build info: version: '3.141.59', revision: 'unknown', time: 'unknown'
System info: host: 'DESKTOP-RGFFP9A', ip: '10.136.10.6', os.name: 'Windows 11', os.arch: 'amd64', os.version: '10.0', java.version: '17.0.7'
Driver info: com.kms.katalon.core.webui.driver.firefox.CGeckoDriver
Capabilities {acceptInsecureCerts: true, browserName: firefox, browserVersion: 133.0, javascriptEnabled: true, moz:accessibilityChecks: false, moz:buildID: 20241121140525, moz:geckodriverVersion: 0.35.0, moz:headless: false, moz:platformVersion: 10.0, moz:processID: 9744, moz:profile: C:\Users\OLVATI\AppData\Loc..., moz:shutdownTimeout: 60000, moz:webdriverClick: true, moz:windowless: false, pageLoadStrategy: normal, platform: WINDOWS, platformName: WINDOWS, proxy: Proxy(direct), setWindowRect: true, strictFileInteractability: false, timeouts: {implicit: 0, pageLoad: 300000, script: 30000}, unhandledPromptBehavior: dismiss and notify, userAgent: Mozilla/5.0 (Windows NT 10....}
Session ID: 7d829323-d3f5-4707-8378-1f88a9260c3b
	at jdk.internal.reflect.GeneratedConstructorAccessor32.newInstance(Unknown Source)
	at java.base/jdk.internal.reflect.DelegatingConstructorAccessorImpl.newInstance(DelegatingConstructorAccessorImpl.java:45)
	at org.openqa.selenium.remote.http.W3CHttpResponseCodec.createException(W3CHttpResponseCodec.java:187)
	at org.openqa.selenium.remote.http.W3CHttpResponseCodec.decode(W3CHttpResponseCodec.java:122)
	at org.openqa.selenium.remote.http.W3CHttpResponseCodec.decode(W3CHttpResponseCodec.java:49)
	at org.openqa.selenium.remote.HttpCommandExecutor.execute(HttpCommandExecutor.java:158)
	at org.openqa.selenium.remote.service.DriverCommandExecutor.execute(DriverCommandExecutor.java:83)
	at org.openqa.selenium.remote.RemoteWebDriver.execute(RemoteWebDriver.java:552)
	at com.kms.katalon.selenium.driver.CFirefoxDriver.execute(CFirefoxDriver.java:28)
	at org.openqa.selenium.remote.RemoteWebElement.execute(RemoteWebElement.java:285)
	at org.openqa.selenium.remote.RemoteWebElement.click(RemoteWebElement.java:84)
	at jdk.internal.reflect.GeneratedMethodAccessor10.invoke(Unknown Source)
	at java.base/jdk.internal.reflect.DelegatingMethodAccessorImpl.invoke(DelegatingMethodAccessorImpl.java:43)
	at org.openqa.selenium.support.events.EventFiringWebDriver$EventFiringWebElement.lambda$new$0(EventFiringWebDriver.java:404)
	at jdk.proxy2/jdk.proxy2.$Proxy21.click(Unknown Source)
	at org.openqa.selenium.support.events.EventFiringWebDriver$EventFiringWebElement.click(EventFiringWebDriver.java:417)
	at org.openqa.selenium.WebElement$click.call(Unknown Source)
	at com.kms.katalon.core.webui.keyword.builtin.ClickKeyword.clickUntilSuccessWithTimeout(ClickKeyword.groovy:81)
	at com.kms.katalon.core.webui.keyword.builtin.ClickKeyword.clickUntilSuccessWithTimeout(ClickKeyword.groovy)
	at jdk.internal.reflect.GeneratedMethodAccessor8.invoke(Unknown Source)
	at java.base/jdk.internal.reflect.DelegatingMethodAccessorImpl.invoke(DelegatingMethodAccessorImpl.java:43)
	at com.kms.katalon.core.webui.keyword.builtin.ClickKeyword$_click_closure1.doCall(ClickKeyword.groovy:67)
	at com.kms.katalon.core.webui.keyword.builtin.ClickKeyword$_click_closure1.call(ClickKeyword.groovy)
	at com.kms.katalon.core.webui.keyword.internal.WebUIKeywordMain.runKeyword(WebUIKeywordMain.groovy:35)
	at com.kms.katalon.core.webui.keyword.builtin.ClickKeyword.click(ClickKeyword.groovy:74)
	at com.kms.katalon.core.webui.keyword.builtin.ClickKeyword.execute(ClickKeyword.groovy:40)
	at com.kms.katalon.core.keyword.internal.KeywordExecutor.executeKeywordForPlatform(KeywordExecutor.groovy:74)
	at com.kms.katalon.core.webui.keyword.WebUiBuiltInKeywords.click(WebUiBuiltInKeywords.groovy:659)
	at Script1732083570761.run(Script1732083570761.groovy:24)
	at com.kms.katalon.core.main.ScriptEngine.run(ScriptEngine.java:194)
	at com.kms.katalon.core.main.ScriptEngine.runScriptAsRawText(ScriptEngine.java:119)
	at com.kms.katalon.core.main.TestCaseExecutor.runScript(TestCaseExecutor.java:448)
	at com.kms.katalon.core.main.TestCaseExecutor.doExecute(TestCaseExecutor.java:439)
	at com.kms.katalon.core.main.TestCaseExecutor.processExecutionPhase(TestCaseExecutor.java:418)
	at com.kms.katalon.core.main.TestCaseExecutor.accessMainPhase(TestCaseExecutor.java:410)
	at com.kms.katalon.core.main.TestCaseExecutor.execute(TestCaseExecutor.java:285)
	at com.kms.katalon.core.main.TestCaseMain.runTestCase(TestCaseMain.java:137)
	at com.kms.katalon.core.keyword.builtin.CallTestCaseKeyword$_callTestCase_closure1.doCall(CallTestCaseKeyword.groovy:59)
	at com.kms.katalon.core.keyword.builtin.CallTestCaseKeyword$_callTestCase_closure1.call(CallTestCaseKeyword.groovy)
	at com.kms.katalon.core.keyword.internal.KeywordMain.runKeyword(KeywordMain.groovy:75)
	at com.kms.katalon.core.keyword.builtin.CallTestCaseKeyword.callTestCase(CallTestCaseKeyword.groovy:81)
	at com.kms.katalon.core.keyword.builtin.CallTestCaseKeyword.execute(CallTestCaseKeyword.groovy:44)
	at com.kms.katalon.core.keyword.internal.KeywordExecutor.executeKeywordForPlatform(KeywordExecutor.groovy:74)
	at com.kms.katalon.core.keyword.BuiltinKeywords.callTestCase(BuiltinKeywords.groovy:310)
	at jdk.internal.reflect.GeneratedMethodAccessor25.invoke(Unknown Source)
	at java.base/jdk.internal.reflect.DelegatingMethodAccessorImpl.invoke(DelegatingMethodAccessorImpl.java:43)
	at Script1732341473570.run(Script1732341473570.groovy:22)
	... 15 more
)

27-11-2024T17:53:08 - [MESSAGE][FAILED] - Unable to click on object 'Object Repository/Principal/Page_Olva Courier  Home/button_CONTINUAR (2)' (Root cause: com.kms.katalon.core.exception.StepFailedException: Unable to click on object 'Object Repository/Principal/Page_Olva Courier  Home/button_CONTINUAR (2)'
	at com.kms.katalon.core.webui.keyword.internal.WebUIKeywordMain.stepFailed(WebUIKeywordMain.groovy:117)
	at com.kms.katalon.core.webui.keyword.internal.WebUIKeywordMain.runKeyword(WebUIKeywordMain.groovy:43)
	at com.kms.katalon.core.webui.keyword.builtin.ClickKeyword.click(ClickKeyword.groovy:74)
	at com.kms.katalon.core.webui.keyword.builtin.ClickKeyword.execute(ClickKeyword.groovy:40)
	at com.kms.katalon.core.keyword.internal.KeywordExecutor.executeKeywordForPlatform(KeywordExecutor.groovy:74)
	at com.kms.katalon.core.webui.keyword.WebUiBuiltInKeywords.click(WebUiBuiltInKeywords.groovy:659)
	at Selec_sobre.run(Selec_sobre:24)
	at com.kms.katalon.core.main.ScriptEngine.run(ScriptEngine.java:194)
	at com.kms.katalon.core.main.ScriptEngine.runScriptAsRawText(ScriptEngine.java:119)
	at com.kms.katalon.core.main.TestCaseExecutor.runScript(TestCaseExecutor.java:448)
	at com.kms.katalon.core.main.TestCaseExecutor.doExecute(TestCaseExecutor.java:439)
	at com.kms.katalon.core.main.TestCaseExecutor.processExecutionPhase(TestCaseExecutor.java:418)
	at com.kms.katalon.core.main.TestCaseExecutor.accessMainPhase(TestCaseExecutor.java:410)
	at com.kms.katalon.core.main.TestCaseExecutor.execute(TestCaseExecutor.java:285)
	at com.kms.katalon.core.main.TestCaseMain.runTestCase(TestCaseMain.java:137)
	at com.kms.katalon.core.keyword.builtin.CallTestCaseKeyword$_callTestCase_closure1.doCall(CallTestCaseKeyword.groovy:59)
	at com.kms.katalon.core.keyword.builtin.CallTestCaseKeyword$_callTestCase_closure1.call(CallTestCaseKeyword.groovy)
	at com.kms.katalon.core.keyword.internal.KeywordMain.runKeyword(KeywordMain.groovy:75)
	at com.kms.katalon.core.keyword.builtin.CallTestCaseKeyword.callTestCase(CallTestCaseKeyword.groovy:81)
	at com.kms.katalon.core.keyword.builtin.CallTestCaseKeyword.execute(CallTestCaseKeyword.groovy:44)
	at com.kms.katalon.core.keyword.internal.KeywordExecutor.executeKeywordForPlatform(KeywordExecutor.groovy:74)
	at com.kms.katalon.core.keyword.BuiltinKeywords.callTestCase(BuiltinKeywords.groovy:310)
	at jdk.internal.reflect.GeneratedMethodAccessor25.invoke(Unknown Source)
	at java.base/jdk.internal.reflect.DelegatingMethodAccessorImpl.invoke(DelegatingMethodAccessorImpl.java:43)
	at Valorado 501.run(Valorado 501:22)
	at com.kms.katalon.core.main.ScriptEngine.run(ScriptEngine.java:194)
	at com.kms.katalon.core.main.ScriptEngine.runScriptAsRawText(ScriptEngine.java:119)
	at com.kms.katalon.core.main.TestCaseExecutor.runScript(TestCaseExecutor.java:448)
	at com.kms.katalon.core.main.TestCaseExecutor.doExecute(TestCaseExecutor.java:439)
	at com.kms.katalon.core.main.TestCaseExecutor.processExecutionPhase(TestCaseExecutor.java:418)
	at com.kms.katalon.core.main.TestCaseExecutor.accessMainPhase(TestCaseExecutor.java:410)
	at com.kms.katalon.core.main.TestCaseExecutor.execute(TestCaseExecutor.java:285)
	at com.kms.katalon.core.common.CommonExecutor.accessTestCaseMainPhase(CommonExecutor.java:65)
	at com.kms.katalon.core.main.TestSuiteExecutor.accessTestSuiteMainPhase(TestSuiteExecutor.java:150)
	at com.kms.katalon.core.main.TestSuiteExecutor.execute(TestSuiteExecutor.java:106)
	at com.kms.katalon.core.main.TestCaseMain.startTestSuite(TestCaseMain.java:180)
	at TempTestSuite1732745349578.run(TempTestSuite1732745349578.groovy:35)
	at java.base/jdk.internal.reflect.NativeMethodAccessorImpl.invoke0(Native Method)
	at java.base/jdk.internal.reflect.NativeMethodAccessorImpl.invoke(NativeMethodAccessorImpl.java:77)
	at java.base/jdk.internal.reflect.DelegatingMethodAccessorImpl.invoke(DelegatingMethodAccessorImpl.java:43)
Caused by: org.openqa.selenium.ElementClickInterceptedException: Element <button id="btn_aceptar_tipo_envio" class="btn disabled" type="button"> is not clickable at point (675,588) because another element <div class="modal-footer"> obscures it
Build info: version: '3.141.59', revision: 'unknown', time: 'unknown'
System info: host: 'DESKTOP-RGFFP9A', ip: '10.136.10.6', os.name: 'Windows 11', os.arch: 'amd64', os.version: '10.0', java.version: '17.0.7'
Driver info: com.kms.katalon.core.webui.driver.firefox.CGeckoDriver
Capabilities {acceptInsecureCerts: true, browserName: firefox, browserVersion: 133.0, javascriptEnabled: true, moz:accessibilityChecks: false, moz:buildID: 20241121140525, moz:geckodriverVersion: 0.35.0, moz:headless: false, moz:platformVersion: 10.0, moz:processID: 9744, moz:profile: C:\Users\OLVATI\AppData\Loc..., moz:shutdownTimeout: 60000, moz:webdriverClick: true, moz:windowless: false, pageLoadStrategy: normal, platform: WINDOWS, platformName: WINDOWS, proxy: Proxy(direct), setWindowRect: true, strictFileInteractability: false, timeouts: {implicit: 0, pageLoad: 300000, script: 30000}, unhandledPromptBehavior: dismiss and notify, userAgent: Mozilla/5.0 (Windows NT 10....}
Session ID: 7d829323-d3f5-4707-8378-1f88a9260c3b
	at jdk.internal.reflect.GeneratedConstructorAccessor32.newInstance(Unknown Source)
	at java.base/jdk.internal.reflect.DelegatingConstructorAccessorImpl.newInstance(DelegatingConstructorAccessorImpl.java:45)
	at org.openqa.selenium.remote.http.W3CHttpResponseCodec.createException(W3CHttpResponseCodec.java:187)
	at org.openqa.selenium.remote.http.W3CHttpResponseCodec.decode(W3CHttpResponseCodec.java:122)
	at org.openqa.selenium.remote.http.W3CHttpResponseCodec.decode(W3CHttpResponseCodec.java:49)
	at org.openqa.selenium.remote.HttpCommandExecutor.execute(HttpCommandExecutor.java:158)
	at org.openqa.selenium.remote.service.DriverCommandExecutor.execute(DriverCommandExecutor.java:83)
	at org.openqa.selenium.remote.RemoteWebDriver.execute(RemoteWebDriver.java:552)
	at com.kms.katalon.selenium.driver.CFirefoxDriver.execute(CFirefoxDriver.java:28)
	at org.openqa.selenium.remote.RemoteWebElement.execute(RemoteWebElement.java:285)
	at org.openqa.selenium.remote.RemoteWebElement.click(RemoteWebElement.java:84)
	at jdk.internal.reflect.GeneratedMethodAccessor10.invoke(Unknown Source)
	at java.base/jdk.internal.reflect.DelegatingMethodAccessorImpl.invoke(DelegatingMethodAccessorImpl.java:43)
	at org.openqa.selenium.support.events.EventFiringWebDriver$EventFiringWebElement.lambda$new$0(EventFiringWebDriver.java:404)
	at jdk.proxy2/jdk.proxy2.$Proxy21.click(Unknown Source)
	at org.openqa.selenium.support.events.EventFiringWebDriver$EventFiringWebElement.click(EventFiringWebDriver.java:417)
	at org.openqa.selenium.WebElement$click.call(Unknown Source)
	at com.kms.katalon.core.webui.keyword.builtin.ClickKeyword.clickUntilSuccessWithTimeout(ClickKeyword.groovy:81)
	at com.kms.katalon.core.webui.keyword.builtin.ClickKeyword.clickUntilSuccessWithTimeout(ClickKeyword.groovy)
	at jdk.internal.reflect.GeneratedMethodAccessor8.invoke(Unknown Source)
	at java.base/jdk.internal.reflect.DelegatingMethodAccessorImpl.invoke(DelegatingMethodAccessorImpl.java:43)
	at com.kms.katalon.core.webui.keyword.builtin.ClickKeyword$_click_closure1.doCall(ClickKeyword.groovy:67)
	at com.kms.katalon.core.webui.keyword.builtin.ClickKeyword$_click_closure1.call(ClickKeyword.groovy)
	at com.kms.katalon.core.webui.keyword.internal.WebUIKeywordMain.runKeyword(WebUIKeywordMain.groovy:35)
	at com.kms.katalon.core.webui.keyword.builtin.ClickKeyword.click(ClickKeyword.groovy:74)
	at com.kms.katalon.core.webui.keyword.builtin.ClickKeyword.execute(ClickKeyword.groovy:40)
	at com.kms.katalon.core.keyword.internal.KeywordExecutor.executeKeywordForPlatform(KeywordExecutor.groovy:74)
	at com.kms.katalon.core.webui.keyword.WebUiBuiltInKeywords.click(WebUiBuiltInKeywords.groovy:659)
	at Script1732083570761.run(Script1732083570761.groovy:24)
	at com.kms.katalon.core.main.ScriptEngine.run(ScriptEngine.java:194)
	at com.kms.katalon.core.main.ScriptEngine.runScriptAsRawText(ScriptEngine.java:119)
	at com.kms.katalon.core.main.TestCaseExecutor.runScript(TestCaseExecutor.java:448)
	at com.kms.katalon.core.main.TestCaseExecutor.doExecute(TestCaseExecutor.java:439)
	at com.kms.katalon.core.main.TestCaseExecutor.processExecutionPhase(TestCaseExecutor.java:418)
	at com.kms.katalon.core.main.TestCaseExecutor.accessMainPhase(TestCaseExecutor.java:410)
	at com.kms.katalon.core.main.TestCaseExecutor.execute(TestCaseExecutor.java:285)
	at com.kms.katalon.core.main.TestCaseMain.runTestCase(TestCaseMain.java:137)
	at com.kms.katalon.core.keyword.builtin.CallTestCaseKeyword$_callTestCase_closure1.doCall(CallTestCaseKeyword.groovy:59)
	at com.kms.katalon.core.keyword.builtin.CallTestCaseKeyword$_callTestCase_closure1.call(CallTestCaseKeyword.groovy)
	at com.kms.katalon.core.keyword.internal.KeywordMain.runKeyword(KeywordMain.groovy:75)
	at com.kms.katalon.core.keyword.builtin.CallTestCaseKeyword.callTestCase(CallTestCaseKeyword.groovy:81)
	at com.kms.katalon.core.keyword.builtin.CallTestCaseKeyword.execute(CallTestCaseKeyword.groovy:44)
	at com.kms.katalon.core.keyword.internal.KeywordExecutor.executeKeywordForPlatform(KeywordExecutor.groovy:74)
	at com.kms.katalon.core.keyword.BuiltinKeywords.callTestCase(BuiltinKeywords.groovy:310)
	at jdk.internal.reflect.GeneratedMethodAccessor25.invoke(Unknown Source)
	at java.base/jdk.internal.reflect.DelegatingMethodAccessorImpl.invoke(DelegatingMethodAccessorImpl.java:43)
	at Script1732341473570.run(Script1732341473570.groovy:22)
	... 15 more
)

27-11-2024T17:53:08 - [MESSAGE][FAILED] - Unable to call Test Case 'Test Cases/1.Inicio/1.1Principal/Selec_sobre' (Root cause: com.kms.katalon.core.exception.StepFailedException: Call Test Case 'Test Cases/1.Inicio/1.1Principal/Selec_sobre' failed
	at com.kms.katalon.core.keyword.builtin.CallTestCaseKeyword$_callTestCase_closure1.doCall(CallTestCaseKeyword.groovy:63)
	at com.kms.katalon.core.keyword.builtin.CallTestCaseKeyword$_callTestCase_closure1.call(CallTestCaseKeyword.groovy)
	at com.kms.katalon.core.keyword.internal.KeywordMain.runKeyword(KeywordMain.groovy:75)
	at com.kms.katalon.core.keyword.builtin.CallTestCaseKeyword.callTestCase(CallTestCaseKeyword.groovy:81)
	at com.kms.katalon.core.keyword.builtin.CallTestCaseKeyword.execute(CallTestCaseKeyword.groovy:44)
	at com.kms.katalon.core.keyword.internal.KeywordExecutor.executeKeywordForPlatform(KeywordExecutor.groovy:74)
	at com.kms.katalon.core.keyword.BuiltinKeywords.callTestCase(BuiltinKeywords.groovy:310)
	at jdk.internal.reflect.GeneratedMethodAccessor25.invoke(Unknown Source)
	at java.base/jdk.internal.reflect.DelegatingMethodAccessorImpl.invoke(DelegatingMethodAccessorImpl.java:43)
	at Valorado 501.run(Valorado 501:22)
	at com.kms.katalon.core.main.ScriptEngine.run(ScriptEngine.java:194)
	at com.kms.katalon.core.main.ScriptEngine.runScriptAsRawText(ScriptEngine.java:119)
	at com.kms.katalon.core.main.TestCaseExecutor.runScript(TestCaseExecutor.java:448)
	at com.kms.katalon.core.main.TestCaseExecutor.doExecute(TestCaseExecutor.java:439)
	at com.kms.katalon.core.main.TestCaseExecutor.processExecutionPhase(TestCaseExecutor.java:418)
	at com.kms.katalon.core.main.TestCaseExecutor.accessMainPhase(TestCaseExecutor.java:410)
	at com.kms.katalon.core.main.TestCaseExecutor.execute(TestCaseExecutor.java:285)
	at com.kms.katalon.core.common.CommonExecutor.accessTestCaseMainPhase(CommonExecutor.java:65)
	at com.kms.katalon.core.main.TestSuiteExecutor.accessTestSuiteMainPhase(TestSuiteExecutor.java:150)
	at com.kms.katalon.core.main.TestSuiteExecutor.execute(TestSuiteExecutor.java:106)
	at com.kms.katalon.core.main.TestCaseMain.startTestSuite(TestCaseMain.java:180)
	at TempTestSuite1732745349578.run(TempTestSuite1732745349578.groovy:35)
	at java.base/jdk.internal.reflect.NativeMethodAccessorImpl.invoke0(Native Method)
	at java.base/jdk.internal.reflect.NativeMethodAccessorImpl.invoke(NativeMethodAccessorImpl.java:77)
	at java.base/jdk.internal.reflect.DelegatingMethodAccessorImpl.invoke(DelegatingMethodAccessorImpl.java:43)
Caused by: com.kms.katalon.core.exception.StepFailedException: Unable to click on object 'Object Repository/Principal/Page_Olva Courier  Home/button_CONTINUAR (2)'
	at com.kms.katalon.core.webui.keyword.internal.WebUIKeywordMain.stepFailed(WebUIKeywordMain.groovy:117)
	at com.kms.katalon.core.webui.keyword.internal.WebUIKeywordMain.runKeyword(WebUIKeywordMain.groovy:43)
	at com.kms.katalon.core.webui.keyword.builtin.ClickKeyword.click(ClickKeyword.groovy:74)
	at com.kms.katalon.core.webui.keyword.builtin.ClickKeyword.execute(ClickKeyword.groovy:40)
	at com.kms.katalon.core.keyword.internal.KeywordExecutor.executeKeywordForPlatform(KeywordExecutor.groovy:74)
	at com.kms.katalon.core.webui.keyword.WebUiBuiltInKeywords.click(WebUiBuiltInKeywords.groovy:659)
	at Selec_sobre.run(Selec_sobre:24)
	at com.kms.katalon.core.main.ScriptEngine.run(ScriptEngine.java:194)
	at com.kms.katalon.core.main.ScriptEngine.runScriptAsRawText(ScriptEngine.java:119)
	at com.kms.katalon.core.main.TestCaseExecutor.runScript(TestCaseExecutor.java:448)
	at com.kms.katalon.core.main.TestCaseExecutor.doExecute(TestCaseExecutor.java:439)
	at com.kms.katalon.core.main.TestCaseExecutor.processExecutionPhase(TestCaseExecutor.java:418)
	at com.kms.katalon.core.main.TestCaseExecutor.accessMainPhase(TestCaseExecutor.java:410)
	at com.kms.katalon.core.main.TestCaseExecutor.execute(TestCaseExecutor.java:285)
	at com.kms.katalon.core.main.TestCaseMain.runTestCase(TestCaseMain.java:137)
	at com.kms.katalon.core.keyword.builtin.CallTestCaseKeyword$_callTestCase_closure1.doCall(CallTestCaseKeyword.groovy:59)
	... 24 more
Caused by: org.openqa.selenium.ElementClickInterceptedException: Element <button id="btn_aceptar_tipo_envio" class="btn disabled" type="button"> is not clickable at point (675,588) because another element <div class="modal-footer"> obscures it
Build info: version: '3.141.59', revision: 'unknown', time: 'unknown'
System info: host: 'DESKTOP-RGFFP9A', ip: '10.136.10.6', os.name: 'Windows 11', os.arch: 'amd64', os.version: '10.0', java.version: '17.0.7'
Driver info: com.kms.katalon.core.webui.driver.firefox.CGeckoDriver
Capabilities {acceptInsecureCerts: true, browserName: firefox, browserVersion: 133.0, javascriptEnabled: true, moz:accessibilityChecks: false, moz:buildID: 20241121140525, moz:geckodriverVersion: 0.35.0, moz:headless: false, moz:platformVersion: 10.0, moz:processID: 9744, moz:profile: C:\Users\OLVATI\AppData\Loc..., moz:shutdownTimeout: 60000, moz:webdriverClick: true, moz:windowless: false, pageLoadStrategy: normal, platform: WINDOWS, platformName: WINDOWS, proxy: Proxy(direct), setWindowRect: true, strictFileInteractability: false, timeouts: {implicit: 0, pageLoad: 300000, script: 30000}, unhandledPromptBehavior: dismiss and notify, userAgent: Mozilla/5.0 (Windows NT 10....}
Session ID: 7d829323-d3f5-4707-8378-1f88a9260c3b
	at jdk.internal.reflect.GeneratedConstructorAccessor32.newInstance(Unknown Source)
	at java.base/jdk.internal.reflect.DelegatingConstructorAccessorImpl.newInstance(DelegatingConstructorAccessorImpl.java:45)
	at org.openqa.selenium.remote.http.W3CHttpResponseCodec.createException(W3CHttpResponseCodec.java:187)
	at org.openqa.selenium.remote.http.W3CHttpResponseCodec.decode(W3CHttpResponseCodec.java:122)
	at org.openqa.selenium.remote.http.W3CHttpResponseCodec.decode(W3CHttpResponseCodec.java:49)
	at org.openqa.selenium.remote.HttpCommandExecutor.execute(HttpCommandExecutor.java:158)
	at org.openqa.selenium.remote.service.DriverCommandExecutor.execute(DriverCommandExecutor.java:83)
	at org.openqa.selenium.remote.RemoteWebDriver.execute(RemoteWebDriver.java:552)
	at com.kms.katalon.selenium.driver.CFirefoxDriver.execute(CFirefoxDriver.java:28)
	at org.openqa.selenium.remote.RemoteWebElement.execute(RemoteWebElement.java:285)
	at org.openqa.selenium.remote.RemoteWebElement.click(RemoteWebElement.java:84)
	at jdk.internal.reflect.GeneratedMethodAccessor10.invoke(Unknown Source)
	at java.base/jdk.internal.reflect.DelegatingMethodAccessorImpl.invoke(DelegatingMethodAccessorImpl.java:43)
	at org.openqa.selenium.support.events.EventFiringWebDriver$EventFiringWebElement.lambda$new$0(EventFiringWebDriver.java:404)
	at jdk.proxy2/jdk.proxy2.$Proxy21.click(Unknown Source)
	at org.openqa.selenium.support.events.EventFiringWebDriver$EventFiringWebElement.click(EventFiringWebDriver.java:417)
	at org.openqa.selenium.WebElement$click.call(Unknown Source)
	at com.kms.katalon.core.webui.keyword.builtin.ClickKeyword.clickUntilSuccessWithTimeout(ClickKeyword.groovy:81)
	at com.kms.katalon.core.webui.keyword.builtin.ClickKeyword.clickUntilSuccessWithTimeout(ClickKeyword.groovy)
	at jdk.internal.reflect.GeneratedMethodAccessor8.invoke(Unknown Source)
	at java.base/jdk.internal.reflect.DelegatingMethodAccessorImpl.invoke(DelegatingMethodAccessorImpl.java:43)
	at com.kms.katalon.core.webui.keyword.builtin.ClickKeyword$_click_closure1.doCall(ClickKeyword.groovy:67)
	at com.kms.katalon.core.webui.keyword.builtin.ClickKeyword$_click_closure1.call(ClickKeyword.groovy)
	at com.kms.katalon.core.webui.keyword.internal.WebUIKeywordMain.runKeyword(WebUIKeywordMain.groovy:35)
	... 38 more
)]]></system-out>
         <system-err><![CDATA[27-11-2024T17:52:20 - [TEST_CASE][FAILED] - Test Cases/2.Positivos/2.2Sobre/Origen-Provincia/2.Valorado/Entrega_Domicilio/Valorado 501: Test Cases/2.Positivos/2.2Sobre/Origen-Provincia/2.Valorado/Entrega_Domicilio/Valorado 501 FAILED.
Reason:
com.kms.katalon.core.exception.StepFailedException: Call Test Case 'Test Cases/1.Inicio/1.1Principal/Selec_sobre' failed
	at com.kms.katalon.core.keyword.builtin.CallTestCaseKeyword$_callTestCase_closure1.doCall(CallTestCaseKeyword.groovy:63)
	at com.kms.katalon.core.keyword.builtin.CallTestCaseKeyword$_callTestCase_closure1.call(CallTestCaseKeyword.groovy)
	at com.kms.katalon.core.keyword.internal.KeywordMain.runKeyword(KeywordMain.groovy:75)
	at com.kms.katalon.core.keyword.builtin.CallTestCaseKeyword.callTestCase(CallTestCaseKeyword.groovy:81)
	at com.kms.katalon.core.keyword.builtin.CallTestCaseKeyword.execute(CallTestCaseKeyword.groovy:44)
	at com.kms.katalon.core.keyword.internal.KeywordExecutor.executeKeywordForPlatform(KeywordExecutor.groovy:74)
	at com.kms.katalon.core.keyword.BuiltinKeywords.callTestCase(BuiltinKeywords.groovy:310)
	at jdk.internal.reflect.GeneratedMethodAccessor25.invoke(Unknown Source)
	at java.base/jdk.internal.reflect.DelegatingMethodAccessorImpl.invoke(DelegatingMethodAccessorImpl.java:43)
	at Valorado 501.run(Valorado 501:22)
	at com.kms.katalon.core.main.ScriptEngine.run(ScriptEngine.java:194)
	at com.kms.katalon.core.main.ScriptEngine.runScriptAsRawText(ScriptEngine.java:119)
	at com.kms.katalon.core.main.TestCaseExecutor.runScript(TestCaseExecutor.java:448)
	at com.kms.katalon.core.main.TestCaseExecutor.doExecute(TestCaseExecutor.java:439)
	at com.kms.katalon.core.main.TestCaseExecutor.processExecutionPhase(TestCaseExecutor.java:418)
	at com.kms.katalon.core.main.TestCaseExecutor.accessMainPhase(TestCaseExecutor.java:410)
	at com.kms.katalon.core.main.TestCaseExecutor.execute(TestCaseExecutor.java:285)
	at com.kms.katalon.core.common.CommonExecutor.accessTestCaseMainPhase(CommonExecutor.java:65)
	at com.kms.katalon.core.main.TestSuiteExecutor.accessTestSuiteMainPhase(TestSuiteExecutor.java:150)
	at com.kms.katalon.core.main.TestSuiteExecutor.execute(TestSuiteExecutor.java:106)
	at com.kms.katalon.core.main.TestCaseMain.startTestSuite(TestCaseMain.java:180)
	at TempTestSuite1732745349578.run(TempTestSuite1732745349578.groovy:35)
	at java.base/jdk.internal.reflect.NativeMethodAccessorImpl.invoke0(Native Method)
	at java.base/jdk.internal.reflect.NativeMethodAccessorImpl.invoke(NativeMethodAccessorImpl.java:77)
	at java.base/jdk.internal.reflect.DelegatingMethodAccessorImpl.invoke(DelegatingMethodAccessorImpl.java:43)
Caused by: com.kms.katalon.core.exception.StepFailedException: Unable to click on object 'Object Repository/Principal/Page_Olva Courier  Home/button_CONTINUAR (2)'
	at com.kms.katalon.core.webui.keyword.internal.WebUIKeywordMain.stepFailed(WebUIKeywordMain.groovy:117)
	at com.kms.katalon.core.webui.keyword.internal.WebUIKeywordMain.runKeyword(WebUIKeywordMain.groovy:43)
	at com.kms.katalon.core.webui.keyword.builtin.ClickKeyword.click(ClickKeyword.groovy:74)
	at com.kms.katalon.core.webui.keyword.builtin.ClickKeyword.execute(ClickKeyword.groovy:40)
	at com.kms.katalon.core.keyword.internal.KeywordExecutor.executeKeywordForPlatform(KeywordExecutor.groovy:74)
	at com.kms.katalon.core.webui.keyword.WebUiBuiltInKeywords.click(WebUiBuiltInKeywords.groovy:659)
	at Selec_sobre.run(Selec_sobre:24)
	at com.kms.katalon.core.main.ScriptEngine.run(ScriptEngine.java:194)
	at com.kms.katalon.core.main.ScriptEngine.runScriptAsRawText(ScriptEngine.java:119)
	at com.kms.katalon.core.main.TestCaseExecutor.runScript(TestCaseExecutor.java:448)
	at com.kms.katalon.core.main.TestCaseExecutor.doExecute(TestCaseExecutor.java:439)
	at com.kms.katalon.core.main.TestCaseExecutor.processExecutionPhase(TestCaseExecutor.java:418)
	at com.kms.katalon.core.main.TestCaseExecutor.accessMainPhase(TestCaseExecutor.java:410)
	at com.kms.katalon.core.main.TestCaseExecutor.execute(TestCaseExecutor.java:285)
	at com.kms.katalon.core.main.TestCaseMain.runTestCase(TestCaseMain.java:137)
	at com.kms.katalon.core.keyword.builtin.CallTestCaseKeyword$_callTestCase_closure1.doCall(CallTestCaseKeyword.groovy:59)
	... 24 more
Caused by: org.openqa.selenium.ElementClickInterceptedException: Element <button id="btn_aceptar_tipo_envio" class="btn disabled" type="button"> is not clickable at point (675,588) because another element <div class="modal-footer"> obscures it
Build info: version: '3.141.59', revision: 'unknown', time: 'unknown'
System info: host: 'DESKTOP-RGFFP9A', ip: '10.136.10.6', os.name: 'Windows 11', os.arch: 'amd64', os.version: '10.0', java.version: '17.0.7'
Driver info: com.kms.katalon.core.webui.driver.firefox.CGeckoDriver
Capabilities {acceptInsecureCerts: true, browserName: firefox, browserVersion: 133.0, javascriptEnabled: true, moz:accessibilityChecks: false, moz:buildID: 20241121140525, moz:geckodriverVersion: 0.35.0, moz:headless: false, moz:platformVersion: 10.0, moz:processID: 9744, moz:profile: C:\Users\OLVATI\AppData\Loc..., moz:shutdownTimeout: 60000, moz:webdriverClick: true, moz:windowless: false, pageLoadStrategy: normal, platform: WINDOWS, platformName: WINDOWS, proxy: Proxy(direct), setWindowRect: true, strictFileInteractability: false, timeouts: {implicit: 0, pageLoad: 300000, script: 30000}, unhandledPromptBehavior: dismiss and notify, userAgent: Mozilla/5.0 (Windows NT 10....}
Session ID: 7d829323-d3f5-4707-8378-1f88a9260c3b
	at jdk.internal.reflect.GeneratedConstructorAccessor32.newInstance(Unknown Source)
	at java.base/jdk.internal.reflect.DelegatingConstructorAccessorImpl.newInstance(DelegatingConstructorAccessorImpl.java:45)
	at org.openqa.selenium.remote.http.W3CHttpResponseCodec.createException(W3CHttpResponseCodec.java:187)
	at org.openqa.selenium.remote.http.W3CHttpResponseCodec.decode(W3CHttpResponseCodec.java:122)
	at org.openqa.selenium.remote.http.W3CHttpResponseCodec.decode(W3CHttpResponseCodec.java:49)
	at org.openqa.selenium.remote.HttpCommandExecutor.execute(HttpCommandExecutor.java:158)
	at org.openqa.selenium.remote.service.DriverCommandExecutor.execute(DriverCommandExecutor.java:83)
	at org.openqa.selenium.remote.RemoteWebDriver.execute(RemoteWebDriver.java:552)
	at com.kms.katalon.selenium.driver.CFirefoxDriver.execute(CFirefoxDriver.java:28)
	at org.openqa.selenium.remote.RemoteWebElement.execute(RemoteWebElement.java:285)
	at org.openqa.selenium.remote.RemoteWebElement.click(RemoteWebElement.java:84)
	at jdk.internal.reflect.GeneratedMethodAccessor10.invoke(Unknown Source)
	at java.base/jdk.internal.reflect.DelegatingMethodAccessorImpl.invoke(DelegatingMethodAccessorImpl.java:43)
	at org.openqa.selenium.support.events.EventFiringWebDriver$EventFiringWebElement.lambda$new$0(EventFiringWebDriver.java:404)
	at jdk.proxy2/jdk.proxy2.$Proxy21.click(Unknown Source)
	at org.openqa.selenium.support.events.EventFiringWebDriver$EventFiringWebElement.click(EventFiringWebDriver.java:417)
	at org.openqa.selenium.WebElement$click.call(Unknown Source)
	at com.kms.katalon.core.webui.keyword.builtin.ClickKeyword.clickUntilSuccessWithTimeout(ClickKeyword.groovy:81)
	at com.kms.katalon.core.webui.keyword.builtin.ClickKeyword.clickUntilSuccessWithTimeout(ClickKeyword.groovy)
	at jdk.internal.reflect.GeneratedMethodAccessor8.invoke(Unknown Source)
	at java.base/jdk.internal.reflect.DelegatingMethodAccessorImpl.invoke(DelegatingMethodAccessorImpl.java:43)
	at com.kms.katalon.core.webui.keyword.builtin.ClickKeyword$_click_closure1.doCall(ClickKeyword.groovy:67)
	at com.kms.katalon.core.webui.keyword.builtin.ClickKeyword$_click_closure1.call(ClickKeyword.groovy)
	at com.kms.katalon.core.webui.keyword.internal.WebUIKeywordMain.runKeyword(WebUIKeywordMain.groovy:35)
	... 38 more]]></system-err>
      </testcase>
      <testcase name="Test Cases/2.Positivos/2.2Sobre/Origen-Provincia/2.Valorado/Entrega_Domicilio/EditarValorado" time="57.101" classname="Test Cases/2.Positivos/2.2Sobre/Origen-Provincia/2.Valorado/Entrega_Domicilio/EditarValorado" status="FAILED">
         <failure type="FAILED" message="Test Cases/2.Positivos/2.2Sobre/Origen-Provincia/2.Valorado/Entrega_Domicilio/EditarValorado FAILED.&#xa;Reason:&#xa;com.kms.katalon.core.exception.StepFailedException: Call Test Case 'Test Cases/1.Inicio/1.1Principal/Selec_sobre' failed&#xa;	at com.kms.katalon.core.keyword.builtin.CallTestCaseKeyword$_callTestCase_closure1.doCall(CallTestCaseKeyword.groovy:63)&#xa;	at com.kms.katalon.core.keyword.builtin.CallTestCaseKeyword$_callTestCase_closure1.call(CallTestCaseKeyword.groovy)&#xa;	at com.kms.katalon.core.keyword.internal.KeywordMain.runKeyword(KeywordMain.groovy:75)&#xa;	at com.kms.katalon.core.keyword.builtin.CallTestCaseKeyword.callTestCase(CallTestCaseKeyword.groovy:81)&#xa;	at com.kms.katalon.core.keyword.builtin.CallTestCaseKeyword.execute(CallTestCaseKeyword.groovy:44)&#xa;	at com.kms.katalon.core.keyword.internal.KeywordExecutor.executeKeywordForPlatform(KeywordExecutor.groovy:74)&#xa;	at com.kms.katalon.core.keyword.BuiltinKeywords.callTestCase(BuiltinKeywords.groovy:310)&#xa;	at jdk.internal.reflect.GeneratedMethodAccessor25.invoke(Unknown Source)&#xa;	at java.base/jdk.internal.reflect.DelegatingMethodAccessorImpl.invoke(DelegatingMethodAccessorImpl.java:43)&#xa;	at EditarValorado.run(EditarValorado:22)&#xa;	at com.kms.katalon.core.main.ScriptEngine.run(ScriptEngine.java:194)&#xa;	at com.kms.katalon.core.main.ScriptEngine.runScriptAsRawText(ScriptEngine.java:119)&#xa;	at com.kms.katalon.core.main.TestCaseExecutor.runScript(TestCaseExecutor.java:448)&#xa;	at com.kms.katalon.core.main.TestCaseExecutor.doExecute(TestCaseExecutor.java:439)&#xa;	at com.kms.katalon.core.main.TestCaseExecutor.processExecutionPhase(TestCaseExecutor.java:418)&#xa;	at com.kms.katalon.core.main.TestCaseExecutor.accessMainPhase(TestCaseExecutor.java:410)&#xa;	at com.kms.katalon.core.main.TestCaseExecutor.execute(TestCaseExecutor.java:285)&#xa;	at com.kms.katalon.core.common.CommonExecutor.accessTestCaseMainPhase(CommonExecutor.java:65)&#xa;	at com.kms.katalon.core.main.TestSuiteExecutor.accessTestSuiteMainPhase(TestSuiteExecutor.java:150)&#xa;	at com.kms.katalon.core.main.TestSuiteExecutor.execute(TestSuiteExecutor.java:106)&#xa;	at com.kms.katalon.core.main.TestCaseMain.startTestSuite(TestCaseMain.java:180)&#xa;	at TempTestSuite1732745349578.run(TempTestSuite1732745349578.groovy:35)&#xa;	at java.base/jdk.internal.reflect.NativeMethodAccessorImpl.invoke0(Native Method)&#xa;	at java.base/jdk.internal.reflect.NativeMethodAccessorImpl.invoke(NativeMethodAccessorImpl.java:77)&#xa;	at java.base/jdk.internal.reflect.DelegatingMethodAccessorImpl.invoke(DelegatingMethodAccessorImpl.java:43)&#xa;Caused by: com.kms.katalon.core.exception.StepFailedException: Unable to click on object 'Object Repository/Principal/Page_Olva Courier  Home/button_CONTINUAR (2)'&#xa;	at com.kms.katalon.core.webui.keyword.internal.WebUIKeywordMain.stepFailed(WebUIKeywordMain.groovy:117)&#xa;	at com.kms.katalon.core.webui.keyword.internal.WebUIKeywordMain.runKeyword(WebUIKeywordMain.groovy:43)&#xa;	at com.kms.katalon.core.webui.keyword.builtin.ClickKeyword.click(ClickKeyword.groovy:74)&#xa;	at com.kms.katalon.core.webui.keyword.builtin.ClickKeyword.execute(ClickKeyword.groovy:40)&#xa;	at com.kms.katalon.core.keyword.internal.KeywordExecutor.executeKeywordForPlatform(KeywordExecutor.groovy:74)&#xa;	at com.kms.katalon.core.webui.keyword.WebUiBuiltInKeywords.click(WebUiBuiltInKeywords.groovy:659)&#xa;	at Selec_sobre.run(Selec_sobre:24)&#xa;	at com.kms.katalon.core.main.ScriptEngine.run(ScriptEngine.java:194)&#xa;	at com.kms.katalon.core.main.ScriptEngine.runScriptAsRawText(ScriptEngine.java:119)&#xa;	at com.kms.katalon.core.main.TestCaseExecutor.runScript(TestCaseExecutor.java:448)&#xa;	at com.kms.katalon.core.main.TestCaseExecutor.doExecute(TestCaseExecutor.java:439)&#xa;	at com.kms.katalon.core.main.TestCaseExecutor.processExecutionPhase(TestCaseExecutor.java:418)&#xa;	at com.kms.katalon.core.main.TestCaseExecutor.accessMainPhase(TestCaseExecutor.java:410)&#xa;	at com.kms.katalon.core.main.TestCaseExecutor.execute(TestCaseExecutor.java:285)&#xa;	at com.kms.katalon.core.main.TestCaseMain.runTestCase(TestCaseMain.java:137)&#xa;	at com.kms.katalon.core.keyword.builtin.CallTestCaseKeyword$_callTestCase_closure1.doCall(CallTestCaseKeyword.groovy:59)&#xa;	... 24 more&#xa;Caused by: org.openqa.selenium.ElementClickInterceptedException: Element &lt;button id=&quot;btn_aceptar_tipo_envio&quot; class=&quot;btn disabled&quot; type=&quot;button&quot;> is not clickable at point (675,588) because another element &lt;div class=&quot;modal-footer&quot;> obscures it&#xa;Build info: version: '3.141.59', revision: 'unknown', time: 'unknown'&#xa;System info: host: 'DESKTOP-RGFFP9A', ip: '10.136.10.6', os.name: 'Windows 11', os.arch: 'amd64', os.version: '10.0', java.version: '17.0.7'&#xa;Driver info: com.kms.katalon.core.webui.driver.firefox.CGeckoDriver&#xa;Capabilities {acceptInsecureCerts: true, browserName: firefox, browserVersion: 133.0, javascriptEnabled: true, moz:accessibilityChecks: false, moz:buildID: 20241121140525, moz:geckodriverVersion: 0.35.0, moz:headless: false, moz:platformVersion: 10.0, moz:processID: 35200, moz:profile: C:\Users\OLVATI\AppData\Loc..., moz:shutdownTimeout: 60000, moz:webdriverClick: true, moz:windowless: false, pageLoadStrategy: normal, platform: WINDOWS, platformName: WINDOWS, proxy: Proxy(direct), setWindowRect: true, strictFileInteractability: false, timeouts: {implicit: 0, pageLoad: 300000, script: 30000}, unhandledPromptBehavior: dismiss and notify, userAgent: Mozilla/5.0 (Windows NT 10....}&#xa;Session ID: d8513eb0-0db0-4f42-a921-be4301b1411c&#xa;	at jdk.internal.reflect.GeneratedConstructorAccessor32.newInstance(Unknown Source)&#xa;	at java.base/jdk.internal.reflect.DelegatingConstructorAccessorImpl.newInstance(DelegatingConstructorAccessorImpl.java:45)&#xa;	at org.openqa.selenium.remote.http.W3CHttpResponseCodec.createException(W3CHttpResponseCodec.java:187)&#xa;	at org.openqa.selenium.remote.http.W3CHttpResponseCodec.decode(W3CHttpResponseCodec.java:122)&#xa;	at org.openqa.selenium.remote.http.W3CHttpResponseCodec.decode(W3CHttpResponseCodec.java:49)&#xa;	at org.openqa.selenium.remote.HttpCommandExecutor.execute(HttpCommandExecutor.java:158)&#xa;	at org.openqa.selenium.remote.service.DriverCommandExecutor.execute(DriverCommandExecutor.java:83)&#xa;	at org.openqa.selenium.remote.RemoteWebDriver.execute(RemoteWebDriver.java:552)&#xa;	at com.kms.katalon.selenium.driver.CFirefoxDriver.execute(CFirefoxDriver.java:28)&#xa;	at org.openqa.selenium.remote.RemoteWebElement.execute(RemoteWebElement.java:285)&#xa;	at org.openqa.selenium.remote.RemoteWebElement.click(RemoteWebElement.java:84)&#xa;	at jdk.internal.reflect.GeneratedMethodAccessor10.invoke(Unknown Source)&#xa;	at java.base/jdk.internal.reflect.DelegatingMethodAccessorImpl.invoke(DelegatingMethodAccessorImpl.java:43)&#xa;	at org.openqa.selenium.support.events.EventFiringWebDriver$EventFiringWebElement.lambda$new$0(EventFiringWebDriver.java:404)&#xa;	at jdk.proxy2/jdk.proxy2.$Proxy21.click(Unknown Source)&#xa;	at org.openqa.selenium.support.events.EventFiringWebDriver$EventFiringWebElement.click(EventFiringWebDriver.java:417)&#xa;	at org.openqa.selenium.WebElement$click.call(Unknown Source)&#xa;	at com.kms.katalon.core.webui.keyword.builtin.ClickKeyword.clickUntilSuccessWithTimeout(ClickKeyword.groovy:81)&#xa;	at com.kms.katalon.core.webui.keyword.builtin.ClickKeyword.clickUntilSuccessWithTimeout(ClickKeyword.groovy)&#xa;	at jdk.internal.reflect.GeneratedMethodAccessor8.invoke(Unknown Source)&#xa;	at java.base/jdk.internal.reflect.DelegatingMethodAccessorImpl.invoke(DelegatingMethodAccessorImpl.java:43)&#xa;	at com.kms.katalon.core.webui.keyword.builtin.ClickKeyword$_click_closure1.doCall(ClickKeyword.groovy:67)&#xa;	at com.kms.katalon.core.webui.keyword.builtin.ClickKeyword$_click_closure1.call(ClickKeyword.groovy)&#xa;	at com.kms.katalon.core.webui.keyword.internal.WebUIKeywordMain.runKeyword(WebUIKeywordMain.groovy:35)&#xa;	... 38 more&#xa;"/>
         <system-out><![CDATA[27-11-2024T17:53:08 - [TEST_CASE][FAILED] - Test Cases/2.Positivos/2.2Sobre/Origen-Provincia/2.Valorado/Entrega_Domicilio/EditarValorado: Test Cases/2.Positivos/2.2Sobre/Origen-Provincia/2.Valorado/Entrega_Domicilio/EditarValorado FAILED.
Reason:
com.kms.katalon.core.exception.StepFailedException: Call Test Case 'Test Cases/1.Inicio/1.1Principal/Selec_sobre' failed
	at com.kms.katalon.core.keyword.builtin.CallTestCaseKeyword$_callTestCase_closure1.doCall(CallTestCaseKeyword.groovy:63)
	at com.kms.katalon.core.keyword.builtin.CallTestCaseKeyword$_callTestCase_closure1.call(CallTestCaseKeyword.groovy)
	at com.kms.katalon.core.keyword.internal.KeywordMain.runKeyword(KeywordMain.groovy:75)
	at com.kms.katalon.core.keyword.builtin.CallTestCaseKeyword.callTestCase(CallTestCaseKeyword.groovy:81)
	at com.kms.katalon.core.keyword.builtin.CallTestCaseKeyword.execute(CallTestCaseKeyword.groovy:44)
	at com.kms.katalon.core.keyword.internal.KeywordExecutor.executeKeywordForPlatform(KeywordExecutor.groovy:74)
	at com.kms.katalon.core.keyword.BuiltinKeywords.callTestCase(BuiltinKeywords.groovy:310)
	at jdk.internal.reflect.GeneratedMethodAccessor25.invoke(Unknown Source)
	at java.base/jdk.internal.reflect.DelegatingMethodAccessorImpl.invoke(DelegatingMethodAccessorImpl.java:43)
	at EditarValorado.run(EditarValorado:22)
	at com.kms.katalon.core.main.ScriptEngine.run(ScriptEngine.java:194)
	at com.kms.katalon.core.main.ScriptEngine.runScriptAsRawText(ScriptEngine.java:119)
	at com.kms.katalon.core.main.TestCaseExecutor.runScript(TestCaseExecutor.java:448)
	at com.kms.katalon.core.main.TestCaseExecutor.doExecute(TestCaseExecutor.java:439)
	at com.kms.katalon.core.main.TestCaseExecutor.processExecutionPhase(TestCaseExecutor.java:418)
	at com.kms.katalon.core.main.TestCaseExecutor.accessMainPhase(TestCaseExecutor.java:410)
	at com.kms.katalon.core.main.TestCaseExecutor.execute(TestCaseExecutor.java:285)
	at com.kms.katalon.core.common.CommonExecutor.accessTestCaseMainPhase(CommonExecutor.java:65)
	at com.kms.katalon.core.main.TestSuiteExecutor.accessTestSuiteMainPhase(TestSuiteExecutor.java:150)
	at com.kms.katalon.core.main.TestSuiteExecutor.execute(TestSuiteExecutor.java:106)
	at com.kms.katalon.core.main.TestCaseMain.startTestSuite(TestCaseMain.java:180)
	at TempTestSuite1732745349578.run(TempTestSuite1732745349578.groovy:35)
	at java.base/jdk.internal.reflect.NativeMethodAccessorImpl.invoke0(Native Method)
	at java.base/jdk.internal.reflect.NativeMethodAccessorImpl.invoke(NativeMethodAccessorImpl.java:77)
	at java.base/jdk.internal.reflect.DelegatingMethodAccessorImpl.invoke(DelegatingMethodAccessorImpl.java:43)
Caused by: com.kms.katalon.core.exception.StepFailedException: Unable to click on object 'Object Repository/Principal/Page_Olva Courier  Home/button_CONTINUAR (2)'
	at com.kms.katalon.core.webui.keyword.internal.WebUIKeywordMain.stepFailed(WebUIKeywordMain.groovy:117)
	at com.kms.katalon.core.webui.keyword.internal.WebUIKeywordMain.runKeyword(WebUIKeywordMain.groovy:43)
	at com.kms.katalon.core.webui.keyword.builtin.ClickKeyword.click(ClickKeyword.groovy:74)
	at com.kms.katalon.core.webui.keyword.builtin.ClickKeyword.execute(ClickKeyword.groovy:40)
	at com.kms.katalon.core.keyword.internal.KeywordExecutor.executeKeywordForPlatform(KeywordExecutor.groovy:74)
	at com.kms.katalon.core.webui.keyword.WebUiBuiltInKeywords.click(WebUiBuiltInKeywords.groovy:659)
	at Selec_sobre.run(Selec_sobre:24)
	at com.kms.katalon.core.main.ScriptEngine.run(ScriptEngine.java:194)
	at com.kms.katalon.core.main.ScriptEngine.runScriptAsRawText(ScriptEngine.java:119)
	at com.kms.katalon.core.main.TestCaseExecutor.runScript(TestCaseExecutor.java:448)
	at com.kms.katalon.core.main.TestCaseExecutor.doExecute(TestCaseExecutor.java:439)
	at com.kms.katalon.core.main.TestCaseExecutor.processExecutionPhase(TestCaseExecutor.java:418)
	at com.kms.katalon.core.main.TestCaseExecutor.accessMainPhase(TestCaseExecutor.java:410)
	at com.kms.katalon.core.main.TestCaseExecutor.execute(TestCaseExecutor.java:285)
	at com.kms.katalon.core.main.TestCaseMain.runTestCase(TestCaseMain.java:137)
	at com.kms.katalon.core.keyword.builtin.CallTestCaseKeyword$_callTestCase_closure1.doCall(CallTestCaseKeyword.groovy:59)
	... 24 more
Caused by: org.openqa.selenium.ElementClickInterceptedException: Element <button id="btn_aceptar_tipo_envio" class="btn disabled" type="button"> is not clickable at point (675,588) because another element <div class="modal-footer"> obscures it
Build info: version: '3.141.59', revision: 'unknown', time: 'unknown'
System info: host: 'DESKTOP-RGFFP9A', ip: '10.136.10.6', os.name: 'Windows 11', os.arch: 'amd64', os.version: '10.0', java.version: '17.0.7'
Driver info: com.kms.katalon.core.webui.driver.firefox.CGeckoDriver
Capabilities {acceptInsecureCerts: true, browserName: firefox, browserVersion: 133.0, javascriptEnabled: true, moz:accessibilityChecks: false, moz:buildID: 20241121140525, moz:geckodriverVersion: 0.35.0, moz:headless: false, moz:platformVersion: 10.0, moz:processID: 35200, moz:profile: C:\Users\OLVATI\AppData\Loc..., moz:shutdownTimeout: 60000, moz:webdriverClick: true, moz:windowless: false, pageLoadStrategy: normal, platform: WINDOWS, platformName: WINDOWS, proxy: Proxy(direct), setWindowRect: true, strictFileInteractability: false, timeouts: {implicit: 0, pageLoad: 300000, script: 30000}, unhandledPromptBehavior: dismiss and notify, userAgent: Mozilla/5.0 (Windows NT 10....}
Session ID: d8513eb0-0db0-4f42-a921-be4301b1411c
	at jdk.internal.reflect.GeneratedConstructorAccessor32.newInstance(Unknown Source)
	at java.base/jdk.internal.reflect.DelegatingConstructorAccessorImpl.newInstance(DelegatingConstructorAccessorImpl.java:45)
	at org.openqa.selenium.remote.http.W3CHttpResponseCodec.createException(W3CHttpResponseCodec.java:187)
	at org.openqa.selenium.remote.http.W3CHttpResponseCodec.decode(W3CHttpResponseCodec.java:122)
	at org.openqa.selenium.remote.http.W3CHttpResponseCodec.decode(W3CHttpResponseCodec.java:49)
	at org.openqa.selenium.remote.HttpCommandExecutor.execute(HttpCommandExecutor.java:158)
	at org.openqa.selenium.remote.service.DriverCommandExecutor.execute(DriverCommandExecutor.java:83)
	at org.openqa.selenium.remote.RemoteWebDriver.execute(RemoteWebDriver.java:552)
	at com.kms.katalon.selenium.driver.CFirefoxDriver.execute(CFirefoxDriver.java:28)
	at org.openqa.selenium.remote.RemoteWebElement.execute(RemoteWebElement.java:285)
	at org.openqa.selenium.remote.RemoteWebElement.click(RemoteWebElement.java:84)
	at jdk.internal.reflect.GeneratedMethodAccessor10.invoke(Unknown Source)
	at java.base/jdk.internal.reflect.DelegatingMethodAccessorImpl.invoke(DelegatingMethodAccessorImpl.java:43)
	at org.openqa.selenium.support.events.EventFiringWebDriver$EventFiringWebElement.lambda$new$0(EventFiringWebDriver.java:404)
	at jdk.proxy2/jdk.proxy2.$Proxy21.click(Unknown Source)
	at org.openqa.selenium.support.events.EventFiringWebDriver$EventFiringWebElement.click(EventFiringWebDriver.java:417)
	at org.openqa.selenium.WebElement$click.call(Unknown Source)
	at com.kms.katalon.core.webui.keyword.builtin.ClickKeyword.clickUntilSuccessWithTimeout(ClickKeyword.groovy:81)
	at com.kms.katalon.core.webui.keyword.builtin.ClickKeyword.clickUntilSuccessWithTimeout(ClickKeyword.groovy)
	at jdk.internal.reflect.GeneratedMethodAccessor8.invoke(Unknown Source)
	at java.base/jdk.internal.reflect.DelegatingMethodAccessorImpl.invoke(DelegatingMethodAccessorImpl.java:43)
	at com.kms.katalon.core.webui.keyword.builtin.ClickKeyword$_click_closure1.doCall(ClickKeyword.groovy:67)
	at com.kms.katalon.core.webui.keyword.builtin.ClickKeyword$_click_closure1.call(ClickKeyword.groovy)
	at com.kms.katalon.core.webui.keyword.internal.WebUIKeywordMain.runKeyword(WebUIKeywordMain.groovy:35)
	... 38 more


27-11-2024T17:53:08 - [TEST_STEP][PASSED] - callTestCase(findTestCase("1.Inicio/1.1Principal/Principal-home"), [:], STOP_ON_FAILURE): Call Test Case 'Test Cases/1.Inicio/1.1Principal/Principal-home' successfully

27-11-2024T17:53:08 - [TEST_CASE][PASSED] - Test Cases/1.Inicio/1.1Principal/Principal-home: Test Cases/1.Inicio/1.1Principal/Principal-home

27-11-2024T17:53:08 - [TEST_STEP][PASSED] - openBrowser(""): Browser is opened with url: ''

27-11-2024T17:53:08 - [MESSAGE][WARNING] - A browser is already opened. Closing browser and opening a new one

27-11-2024T17:53:11 - [MESSAGE][INFO] - Starting 'Firefox' driver

27-11-2024T17:53:11 - [MESSAGE][INFO] - Action delay is set to 0 milliseconds

27-11-2024T17:53:29 - [MESSAGE][PASSED] - Browser is opened with url: ''

27-11-2024T17:53:29 - [TEST_STEP][PASSED] - navigateToUrl("https://dev01-registrodeenvios.olvacourier.com/principal"): Navigate to 'https://dev01-registrodeenvios.olvacourier.com/principal' successfully

27-11-2024T17:53:32 - [MESSAGE][PASSED] - Navigate to 'https://dev01-registrodeenvios.olvacourier.com/principal' successfully

27-11-2024T17:53:32 - [TEST_STEP][PASSED] - maximizeWindow(): Current window maximized

27-11-2024T17:53:32 - [MESSAGE][PASSED] - Current window maximized

27-11-2024T17:53:32 - [MESSAGE][PASSED] - Call Test Case 'Test Cases/1.Inicio/1.1Principal/Principal-home' successfully

27-11-2024T17:53:32 - [TEST_STEP][FAILED] - callTestCase(findTestCase("1.Inicio/1.1Principal/Selec_sobre"), [:], STOP_ON_FAILURE): Unable to call Test Case 'Test Cases/1.Inicio/1.1Principal/Selec_sobre' (Root cause: com.kms.katalon.core.exception.StepFailedException: Call Test Case 'Test Cases/1.Inicio/1.1Principal/Selec_sobre' failed
	at com.kms.katalon.core.keyword.builtin.CallTestCaseKeyword$_callTestCase_closure1.doCall(CallTestCaseKeyword.groovy:63)
	at com.kms.katalon.core.keyword.builtin.CallTestCaseKeyword$_callTestCase_closure1.call(CallTestCaseKeyword.groovy)
	at com.kms.katalon.core.keyword.internal.KeywordMain.runKeyword(KeywordMain.groovy:75)
	at com.kms.katalon.core.keyword.builtin.CallTestCaseKeyword.callTestCase(CallTestCaseKeyword.groovy:81)
	at com.kms.katalon.core.keyword.builtin.CallTestCaseKeyword.execute(CallTestCaseKeyword.groovy:44)
	at com.kms.katalon.core.keyword.internal.KeywordExecutor.executeKeywordForPlatform(KeywordExecutor.groovy:74)
	at com.kms.katalon.core.keyword.BuiltinKeywords.callTestCase(BuiltinKeywords.groovy:310)
	at jdk.internal.reflect.GeneratedMethodAccessor25.invoke(Unknown Source)
	at java.base/jdk.internal.reflect.DelegatingMethodAccessorImpl.invoke(DelegatingMethodAccessorImpl.java:43)
	at EditarValorado.run(EditarValorado:22)
	at com.kms.katalon.core.main.ScriptEngine.run(ScriptEngine.java:194)
	at com.kms.katalon.core.main.ScriptEngine.runScriptAsRawText(ScriptEngine.java:119)
	at com.kms.katalon.core.main.TestCaseExecutor.runScript(TestCaseExecutor.java:448)
	at com.kms.katalon.core.main.TestCaseExecutor.doExecute(TestCaseExecutor.java:439)
	at com.kms.katalon.core.main.TestCaseExecutor.processExecutionPhase(TestCaseExecutor.java:418)
	at com.kms.katalon.core.main.TestCaseExecutor.accessMainPhase(TestCaseExecutor.java:410)
	at com.kms.katalon.core.main.TestCaseExecutor.execute(TestCaseExecutor.java:285)
	at com.kms.katalon.core.common.CommonExecutor.accessTestCaseMainPhase(CommonExecutor.java:65)
	at com.kms.katalon.core.main.TestSuiteExecutor.accessTestSuiteMainPhase(TestSuiteExecutor.java:150)
	at com.kms.katalon.core.main.TestSuiteExecutor.execute(TestSuiteExecutor.java:106)
	at com.kms.katalon.core.main.TestCaseMain.startTestSuite(TestCaseMain.java:180)
	at TempTestSuite1732745349578.run(TempTestSuite1732745349578.groovy:35)
	at java.base/jdk.internal.reflect.NativeMethodAccessorImpl.invoke0(Native Method)
	at java.base/jdk.internal.reflect.NativeMethodAccessorImpl.invoke(NativeMethodAccessorImpl.java:77)
	at java.base/jdk.internal.reflect.DelegatingMethodAccessorImpl.invoke(DelegatingMethodAccessorImpl.java:43)
Caused by: com.kms.katalon.core.exception.StepFailedException: Unable to click on object 'Object Repository/Principal/Page_Olva Courier  Home/button_CONTINUAR (2)'
	at com.kms.katalon.core.webui.keyword.internal.WebUIKeywordMain.stepFailed(WebUIKeywordMain.groovy:117)
	at com.kms.katalon.core.webui.keyword.internal.WebUIKeywordMain.runKeyword(WebUIKeywordMain.groovy:43)
	at com.kms.katalon.core.webui.keyword.builtin.ClickKeyword.click(ClickKeyword.groovy:74)
	at com.kms.katalon.core.webui.keyword.builtin.ClickKeyword.execute(ClickKeyword.groovy:40)
	at com.kms.katalon.core.keyword.internal.KeywordExecutor.executeKeywordForPlatform(KeywordExecutor.groovy:74)
	at com.kms.katalon.core.webui.keyword.WebUiBuiltInKeywords.click(WebUiBuiltInKeywords.groovy:659)
	at Selec_sobre.run(Selec_sobre:24)
	at com.kms.katalon.core.main.ScriptEngine.run(ScriptEngine.java:194)
	at com.kms.katalon.core.main.ScriptEngine.runScriptAsRawText(ScriptEngine.java:119)
	at com.kms.katalon.core.main.TestCaseExecutor.runScript(TestCaseExecutor.java:448)
	at com.kms.katalon.core.main.TestCaseExecutor.doExecute(TestCaseExecutor.java:439)
	at com.kms.katalon.core.main.TestCaseExecutor.processExecutionPhase(TestCaseExecutor.java:418)
	at com.kms.katalon.core.main.TestCaseExecutor.accessMainPhase(TestCaseExecutor.java:410)
	at com.kms.katalon.core.main.TestCaseExecutor.execute(TestCaseExecutor.java:285)
	at com.kms.katalon.core.main.TestCaseMain.runTestCase(TestCaseMain.java:137)
	at com.kms.katalon.core.keyword.builtin.CallTestCaseKeyword$_callTestCase_closure1.doCall(CallTestCaseKeyword.groovy:59)
	... 24 more
Caused by: org.openqa.selenium.ElementClickInterceptedException: Element <button id="btn_aceptar_tipo_envio" class="btn disabled" type="button"> is not clickable at point (675,588) because another element <div class="modal-footer"> obscures it
Build info: version: '3.141.59', revision: 'unknown', time: 'unknown'
System info: host: 'DESKTOP-RGFFP9A', ip: '10.136.10.6', os.name: 'Windows 11', os.arch: 'amd64', os.version: '10.0', java.version: '17.0.7'
Driver info: com.kms.katalon.core.webui.driver.firefox.CGeckoDriver
Capabilities {acceptInsecureCerts: true, browserName: firefox, browserVersion: 133.0, javascriptEnabled: true, moz:accessibilityChecks: false, moz:buildID: 20241121140525, moz:geckodriverVersion: 0.35.0, moz:headless: false, moz:platformVersion: 10.0, moz:processID: 35200, moz:profile: C:\Users\OLVATI\AppData\Loc..., moz:shutdownTimeout: 60000, moz:webdriverClick: true, moz:windowless: false, pageLoadStrategy: normal, platform: WINDOWS, platformName: WINDOWS, proxy: Proxy(direct), setWindowRect: true, strictFileInteractability: false, timeouts: {implicit: 0, pageLoad: 300000, script: 30000}, unhandledPromptBehavior: dismiss and notify, userAgent: Mozilla/5.0 (Windows NT 10....}
Session ID: d8513eb0-0db0-4f42-a921-be4301b1411c
	at jdk.internal.reflect.GeneratedConstructorAccessor32.newInstance(Unknown Source)
	at java.base/jdk.internal.reflect.DelegatingConstructorAccessorImpl.newInstance(DelegatingConstructorAccessorImpl.java:45)
	at org.openqa.selenium.remote.http.W3CHttpResponseCodec.createException(W3CHttpResponseCodec.java:187)
	at org.openqa.selenium.remote.http.W3CHttpResponseCodec.decode(W3CHttpResponseCodec.java:122)
	at org.openqa.selenium.remote.http.W3CHttpResponseCodec.decode(W3CHttpResponseCodec.java:49)
	at org.openqa.selenium.remote.HttpCommandExecutor.execute(HttpCommandExecutor.java:158)
	at org.openqa.selenium.remote.service.DriverCommandExecutor.execute(DriverCommandExecutor.java:83)
	at org.openqa.selenium.remote.RemoteWebDriver.execute(RemoteWebDriver.java:552)
	at com.kms.katalon.selenium.driver.CFirefoxDriver.execute(CFirefoxDriver.java:28)
	at org.openqa.selenium.remote.RemoteWebElement.execute(RemoteWebElement.java:285)
	at org.openqa.selenium.remote.RemoteWebElement.click(RemoteWebElement.java:84)
	at jdk.internal.reflect.GeneratedMethodAccessor10.invoke(Unknown Source)
	at java.base/jdk.internal.reflect.DelegatingMethodAccessorImpl.invoke(DelegatingMethodAccessorImpl.java:43)
	at org.openqa.selenium.support.events.EventFiringWebDriver$EventFiringWebElement.lambda$new$0(EventFiringWebDriver.java:404)
	at jdk.proxy2/jdk.proxy2.$Proxy21.click(Unknown Source)
	at org.openqa.selenium.support.events.EventFiringWebDriver$EventFiringWebElement.click(EventFiringWebDriver.java:417)
	at org.openqa.selenium.WebElement$click.call(Unknown Source)
	at com.kms.katalon.core.webui.keyword.builtin.ClickKeyword.clickUntilSuccessWithTimeout(ClickKeyword.groovy:81)
	at com.kms.katalon.core.webui.keyword.builtin.ClickKeyword.clickUntilSuccessWithTimeout(ClickKeyword.groovy)
	at jdk.internal.reflect.GeneratedMethodAccessor8.invoke(Unknown Source)
	at java.base/jdk.internal.reflect.DelegatingMethodAccessorImpl.invoke(DelegatingMethodAccessorImpl.java:43)
	at com.kms.katalon.core.webui.keyword.builtin.ClickKeyword$_click_closure1.doCall(ClickKeyword.groovy:67)
	at com.kms.katalon.core.webui.keyword.builtin.ClickKeyword$_click_closure1.call(ClickKeyword.groovy)
	at com.kms.katalon.core.webui.keyword.internal.WebUIKeywordMain.runKeyword(WebUIKeywordMain.groovy:35)
	... 38 more
)

27-11-2024T17:53:32 - [TEST_CASE][FAILED] - Test Cases/1.Inicio/1.1Principal/Selec_sobre: Test Cases/1.Inicio/1.1Principal/Selec_sobre FAILED.
Reason:
com.kms.katalon.core.exception.StepFailedException: Unable to click on object 'Object Repository/Principal/Page_Olva Courier  Home/button_CONTINUAR (2)'
	at com.kms.katalon.core.webui.keyword.internal.WebUIKeywordMain.stepFailed(WebUIKeywordMain.groovy:117)
	at com.kms.katalon.core.webui.keyword.internal.WebUIKeywordMain.runKeyword(WebUIKeywordMain.groovy:43)
	at com.kms.katalon.core.webui.keyword.builtin.ClickKeyword.click(ClickKeyword.groovy:74)
	at com.kms.katalon.core.webui.keyword.builtin.ClickKeyword.execute(ClickKeyword.groovy:40)
	at com.kms.katalon.core.keyword.internal.KeywordExecutor.executeKeywordForPlatform(KeywordExecutor.groovy:74)
	at com.kms.katalon.core.webui.keyword.WebUiBuiltInKeywords.click(WebUiBuiltInKeywords.groovy:659)
	at Selec_sobre.run(Selec_sobre:24)
	at com.kms.katalon.core.main.ScriptEngine.run(ScriptEngine.java:194)
	at com.kms.katalon.core.main.ScriptEngine.runScriptAsRawText(ScriptEngine.java:119)
	at com.kms.katalon.core.main.TestCaseExecutor.runScript(TestCaseExecutor.java:448)
	at com.kms.katalon.core.main.TestCaseExecutor.doExecute(TestCaseExecutor.java:439)
	at com.kms.katalon.core.main.TestCaseExecutor.processExecutionPhase(TestCaseExecutor.java:418)
	at com.kms.katalon.core.main.TestCaseExecutor.accessMainPhase(TestCaseExecutor.java:410)
	at com.kms.katalon.core.main.TestCaseExecutor.execute(TestCaseExecutor.java:285)
	at com.kms.katalon.core.main.TestCaseMain.runTestCase(TestCaseMain.java:137)
	at com.kms.katalon.core.keyword.builtin.CallTestCaseKeyword$_callTestCase_closure1.doCall(CallTestCaseKeyword.groovy:59)
	at com.kms.katalon.core.keyword.builtin.CallTestCaseKeyword$_callTestCase_closure1.call(CallTestCaseKeyword.groovy)
	at com.kms.katalon.core.keyword.internal.KeywordMain.runKeyword(KeywordMain.groovy:75)
	at com.kms.katalon.core.keyword.builtin.CallTestCaseKeyword.callTestCase(CallTestCaseKeyword.groovy:81)
	at com.kms.katalon.core.keyword.builtin.CallTestCaseKeyword.execute(CallTestCaseKeyword.groovy:44)
	at com.kms.katalon.core.keyword.internal.KeywordExecutor.executeKeywordForPlatform(KeywordExecutor.groovy:74)
	at com.kms.katalon.core.keyword.BuiltinKeywords.callTestCase(BuiltinKeywords.groovy:310)
	at jdk.internal.reflect.GeneratedMethodAccessor25.invoke(Unknown Source)
	at java.base/jdk.internal.reflect.DelegatingMethodAccessorImpl.invoke(DelegatingMethodAccessorImpl.java:43)
	at EditarValorado.run(EditarValorado:22)
	at com.kms.katalon.core.main.ScriptEngine.run(ScriptEngine.java:194)
	at com.kms.katalon.core.main.ScriptEngine.runScriptAsRawText(ScriptEngine.java:119)
	at com.kms.katalon.core.main.TestCaseExecutor.runScript(TestCaseExecutor.java:448)
	at com.kms.katalon.core.main.TestCaseExecutor.doExecute(TestCaseExecutor.java:439)
	at com.kms.katalon.core.main.TestCaseExecutor.processExecutionPhase(TestCaseExecutor.java:418)
	at com.kms.katalon.core.main.TestCaseExecutor.accessMainPhase(TestCaseExecutor.java:410)
	at com.kms.katalon.core.main.TestCaseExecutor.execute(TestCaseExecutor.java:285)
	at com.kms.katalon.core.common.CommonExecutor.accessTestCaseMainPhase(CommonExecutor.java:65)
	at com.kms.katalon.core.main.TestSuiteExecutor.accessTestSuiteMainPhase(TestSuiteExecutor.java:150)
	at com.kms.katalon.core.main.TestSuiteExecutor.execute(TestSuiteExecutor.java:106)
	at com.kms.katalon.core.main.TestCaseMain.startTestSuite(TestCaseMain.java:180)
	at TempTestSuite1732745349578.run(TempTestSuite1732745349578.groovy:35)
	at java.base/jdk.internal.reflect.NativeMethodAccessorImpl.invoke0(Native Method)
	at java.base/jdk.internal.reflect.NativeMethodAccessorImpl.invoke(NativeMethodAccessorImpl.java:77)
	at java.base/jdk.internal.reflect.DelegatingMethodAccessorImpl.invoke(DelegatingMethodAccessorImpl.java:43)
Caused by: org.openqa.selenium.ElementClickInterceptedException: Element <button id="btn_aceptar_tipo_envio" class="btn disabled" type="button"> is not clickable at point (675,588) because another element <div class="modal-footer"> obscures it
Build info: version: '3.141.59', revision: 'unknown', time: 'unknown'
System info: host: 'DESKTOP-RGFFP9A', ip: '10.136.10.6', os.name: 'Windows 11', os.arch: 'amd64', os.version: '10.0', java.version: '17.0.7'
Driver info: com.kms.katalon.core.webui.driver.firefox.CGeckoDriver
Capabilities {acceptInsecureCerts: true, browserName: firefox, browserVersion: 133.0, javascriptEnabled: true, moz:accessibilityChecks: false, moz:buildID: 20241121140525, moz:geckodriverVersion: 0.35.0, moz:headless: false, moz:platformVersion: 10.0, moz:processID: 35200, moz:profile: C:\Users\OLVATI\AppData\Loc..., moz:shutdownTimeout: 60000, moz:webdriverClick: true, moz:windowless: false, pageLoadStrategy: normal, platform: WINDOWS, platformName: WINDOWS, proxy: Proxy(direct), setWindowRect: true, strictFileInteractability: false, timeouts: {implicit: 0, pageLoad: 300000, script: 30000}, unhandledPromptBehavior: dismiss and notify, userAgent: Mozilla/5.0 (Windows NT 10....}
Session ID: d8513eb0-0db0-4f42-a921-be4301b1411c
	at jdk.internal.reflect.GeneratedConstructorAccessor32.newInstance(Unknown Source)
	at java.base/jdk.internal.reflect.DelegatingConstructorAccessorImpl.newInstance(DelegatingConstructorAccessorImpl.java:45)
	at org.openqa.selenium.remote.http.W3CHttpResponseCodec.createException(W3CHttpResponseCodec.java:187)
	at org.openqa.selenium.remote.http.W3CHttpResponseCodec.decode(W3CHttpResponseCodec.java:122)
	at org.openqa.selenium.remote.http.W3CHttpResponseCodec.decode(W3CHttpResponseCodec.java:49)
	at org.openqa.selenium.remote.HttpCommandExecutor.execute(HttpCommandExecutor.java:158)
	at org.openqa.selenium.remote.service.DriverCommandExecutor.execute(DriverCommandExecutor.java:83)
	at org.openqa.selenium.remote.RemoteWebDriver.execute(RemoteWebDriver.java:552)
	at com.kms.katalon.selenium.driver.CFirefoxDriver.execute(CFirefoxDriver.java:28)
	at org.openqa.selenium.remote.RemoteWebElement.execute(RemoteWebElement.java:285)
	at org.openqa.selenium.remote.RemoteWebElement.click(RemoteWebElement.java:84)
	at jdk.internal.reflect.GeneratedMethodAccessor10.invoke(Unknown Source)
	at java.base/jdk.internal.reflect.DelegatingMethodAccessorImpl.invoke(DelegatingMethodAccessorImpl.java:43)
	at org.openqa.selenium.support.events.EventFiringWebDriver$EventFiringWebElement.lambda$new$0(EventFiringWebDriver.java:404)
	at jdk.proxy2/jdk.proxy2.$Proxy21.click(Unknown Source)
	at org.openqa.selenium.support.events.EventFiringWebDriver$EventFiringWebElement.click(EventFiringWebDriver.java:417)
	at org.openqa.selenium.WebElement$click.call(Unknown Source)
	at com.kms.katalon.core.webui.keyword.builtin.ClickKeyword.clickUntilSuccessWithTimeout(ClickKeyword.groovy:81)
	at com.kms.katalon.core.webui.keyword.builtin.ClickKeyword.clickUntilSuccessWithTimeout(ClickKeyword.groovy)
	at jdk.internal.reflect.GeneratedMethodAccessor8.invoke(Unknown Source)
	at java.base/jdk.internal.reflect.DelegatingMethodAccessorImpl.invoke(DelegatingMethodAccessorImpl.java:43)
	at com.kms.katalon.core.webui.keyword.builtin.ClickKeyword$_click_closure1.doCall(ClickKeyword.groovy:67)
	at com.kms.katalon.core.webui.keyword.builtin.ClickKeyword$_click_closure1.call(ClickKeyword.groovy)
	at com.kms.katalon.core.webui.keyword.internal.WebUIKeywordMain.runKeyword(WebUIKeywordMain.groovy:35)
	... 38 more


27-11-2024T17:53:32 - [TEST_STEP][PASSED] - click(findTestObject("Object Repository/Principal/Page_Olva Courier  Home/img_Envo de cajas o paquetescon un peso mxi_37770f")): Object: 'Object Repository/Principal/Page_Olva Courier  Home/img_Envo de cajas o paquetescon un peso mxi_37770f' is clicked on

27-11-2024T17:53:33 - [MESSAGE][PASSED] - Object: 'Object Repository/Principal/Page_Olva Courier  Home/img_Envo de cajas o paquetescon un peso mxi_37770f' is clicked on

27-11-2024T17:53:33 - [TEST_STEP][PASSED] - click(findTestObject("Object Repository/Principal/Page_Olva Courier  Home/label_He ledo y acepto los trminos de uso y_adab65")): Object: 'Object Repository/Principal/Page_Olva Courier  Home/label_He ledo y acepto los trminos de uso y_adab65' is clicked on

27-11-2024T17:53:34 - [MESSAGE][PASSED] - Object: 'Object Repository/Principal/Page_Olva Courier  Home/label_He ledo y acepto los trminos de uso y_adab65' is clicked on

27-11-2024T17:53:34 - [TEST_STEP][FAILED] - click(findTestObject("Object Repository/Principal/Page_Olva Courier  Home/button_CONTINUAR (2)")): Unable to click on object 'Object Repository/Principal/Page_Olva Courier  Home/button_CONTINUAR (2)' (Root cause: com.kms.katalon.core.exception.StepFailedException: Unable to click on object 'Object Repository/Principal/Page_Olva Courier  Home/button_CONTINUAR (2)'
	at com.kms.katalon.core.webui.keyword.internal.WebUIKeywordMain.stepFailed(WebUIKeywordMain.groovy:117)
	at com.kms.katalon.core.webui.keyword.internal.WebUIKeywordMain.runKeyword(WebUIKeywordMain.groovy:43)
	at com.kms.katalon.core.webui.keyword.builtin.ClickKeyword.click(ClickKeyword.groovy:74)
	at com.kms.katalon.core.webui.keyword.builtin.ClickKeyword.execute(ClickKeyword.groovy:40)
	at com.kms.katalon.core.keyword.internal.KeywordExecutor.executeKeywordForPlatform(KeywordExecutor.groovy:74)
	at com.kms.katalon.core.webui.keyword.WebUiBuiltInKeywords.click(WebUiBuiltInKeywords.groovy:659)
	at Selec_sobre.run(Selec_sobre:24)
	at com.kms.katalon.core.main.ScriptEngine.run(ScriptEngine.java:194)
	at com.kms.katalon.core.main.ScriptEngine.runScriptAsRawText(ScriptEngine.java:119)
	at com.kms.katalon.core.main.TestCaseExecutor.runScript(TestCaseExecutor.java:448)
	at com.kms.katalon.core.main.TestCaseExecutor.doExecute(TestCaseExecutor.java:439)
	at com.kms.katalon.core.main.TestCaseExecutor.processExecutionPhase(TestCaseExecutor.java:418)
	at com.kms.katalon.core.main.TestCaseExecutor.accessMainPhase(TestCaseExecutor.java:410)
	at com.kms.katalon.core.main.TestCaseExecutor.execute(TestCaseExecutor.java:285)
	at com.kms.katalon.core.main.TestCaseMain.runTestCase(TestCaseMain.java:137)
	at com.kms.katalon.core.keyword.builtin.CallTestCaseKeyword$_callTestCase_closure1.doCall(CallTestCaseKeyword.groovy:59)
	at com.kms.katalon.core.keyword.builtin.CallTestCaseKeyword$_callTestCase_closure1.call(CallTestCaseKeyword.groovy)
	at com.kms.katalon.core.keyword.internal.KeywordMain.runKeyword(KeywordMain.groovy:75)
	at com.kms.katalon.core.keyword.builtin.CallTestCaseKeyword.callTestCase(CallTestCaseKeyword.groovy:81)
	at com.kms.katalon.core.keyword.builtin.CallTestCaseKeyword.execute(CallTestCaseKeyword.groovy:44)
	at com.kms.katalon.core.keyword.internal.KeywordExecutor.executeKeywordForPlatform(KeywordExecutor.groovy:74)
	at com.kms.katalon.core.keyword.BuiltinKeywords.callTestCase(BuiltinKeywords.groovy:310)
	at jdk.internal.reflect.GeneratedMethodAccessor25.invoke(Unknown Source)
	at java.base/jdk.internal.reflect.DelegatingMethodAccessorImpl.invoke(DelegatingMethodAccessorImpl.java:43)
	at EditarValorado.run(EditarValorado:22)
	at com.kms.katalon.core.main.ScriptEngine.run(ScriptEngine.java:194)
	at com.kms.katalon.core.main.ScriptEngine.runScriptAsRawText(ScriptEngine.java:119)
	at com.kms.katalon.core.main.TestCaseExecutor.runScript(TestCaseExecutor.java:448)
	at com.kms.katalon.core.main.TestCaseExecutor.doExecute(TestCaseExecutor.java:439)
	at com.kms.katalon.core.main.TestCaseExecutor.processExecutionPhase(TestCaseExecutor.java:418)
	at com.kms.katalon.core.main.TestCaseExecutor.accessMainPhase(TestCaseExecutor.java:410)
	at com.kms.katalon.core.main.TestCaseExecutor.execute(TestCaseExecutor.java:285)
	at com.kms.katalon.core.common.CommonExecutor.accessTestCaseMainPhase(CommonExecutor.java:65)
	at com.kms.katalon.core.main.TestSuiteExecutor.accessTestSuiteMainPhase(TestSuiteExecutor.java:150)
	at com.kms.katalon.core.main.TestSuiteExecutor.execute(TestSuiteExecutor.java:106)
	at com.kms.katalon.core.main.TestCaseMain.startTestSuite(TestCaseMain.java:180)
	at TempTestSuite1732745349578.run(TempTestSuite1732745349578.groovy:35)
	at java.base/jdk.internal.reflect.NativeMethodAccessorImpl.invoke0(Native Method)
	at java.base/jdk.internal.reflect.NativeMethodAccessorImpl.invoke(NativeMethodAccessorImpl.java:77)
	at java.base/jdk.internal.reflect.DelegatingMethodAccessorImpl.invoke(DelegatingMethodAccessorImpl.java:43)
Caused by: org.openqa.selenium.ElementClickInterceptedException: Element <button id="btn_aceptar_tipo_envio" class="btn disabled" type="button"> is not clickable at point (675,588) because another element <div class="modal-footer"> obscures it
Build info: version: '3.141.59', revision: 'unknown', time: 'unknown'
System info: host: 'DESKTOP-RGFFP9A', ip: '10.136.10.6', os.name: 'Windows 11', os.arch: 'amd64', os.version: '10.0', java.version: '17.0.7'
Driver info: com.kms.katalon.core.webui.driver.firefox.CGeckoDriver
Capabilities {acceptInsecureCerts: true, browserName: firefox, browserVersion: 133.0, javascriptEnabled: true, moz:accessibilityChecks: false, moz:buildID: 20241121140525, moz:geckodriverVersion: 0.35.0, moz:headless: false, moz:platformVersion: 10.0, moz:processID: 35200, moz:profile: C:\Users\OLVATI\AppData\Loc..., moz:shutdownTimeout: 60000, moz:webdriverClick: true, moz:windowless: false, pageLoadStrategy: normal, platform: WINDOWS, platformName: WINDOWS, proxy: Proxy(direct), setWindowRect: true, strictFileInteractability: false, timeouts: {implicit: 0, pageLoad: 300000, script: 30000}, unhandledPromptBehavior: dismiss and notify, userAgent: Mozilla/5.0 (Windows NT 10....}
Session ID: d8513eb0-0db0-4f42-a921-be4301b1411c
	at jdk.internal.reflect.GeneratedConstructorAccessor32.newInstance(Unknown Source)
	at java.base/jdk.internal.reflect.DelegatingConstructorAccessorImpl.newInstance(DelegatingConstructorAccessorImpl.java:45)
	at org.openqa.selenium.remote.http.W3CHttpResponseCodec.createException(W3CHttpResponseCodec.java:187)
	at org.openqa.selenium.remote.http.W3CHttpResponseCodec.decode(W3CHttpResponseCodec.java:122)
	at org.openqa.selenium.remote.http.W3CHttpResponseCodec.decode(W3CHttpResponseCodec.java:49)
	at org.openqa.selenium.remote.HttpCommandExecutor.execute(HttpCommandExecutor.java:158)
	at org.openqa.selenium.remote.service.DriverCommandExecutor.execute(DriverCommandExecutor.java:83)
	at org.openqa.selenium.remote.RemoteWebDriver.execute(RemoteWebDriver.java:552)
	at com.kms.katalon.selenium.driver.CFirefoxDriver.execute(CFirefoxDriver.java:28)
	at org.openqa.selenium.remote.RemoteWebElement.execute(RemoteWebElement.java:285)
	at org.openqa.selenium.remote.RemoteWebElement.click(RemoteWebElement.java:84)
	at jdk.internal.reflect.GeneratedMethodAccessor10.invoke(Unknown Source)
	at java.base/jdk.internal.reflect.DelegatingMethodAccessorImpl.invoke(DelegatingMethodAccessorImpl.java:43)
	at org.openqa.selenium.support.events.EventFiringWebDriver$EventFiringWebElement.lambda$new$0(EventFiringWebDriver.java:404)
	at jdk.proxy2/jdk.proxy2.$Proxy21.click(Unknown Source)
	at org.openqa.selenium.support.events.EventFiringWebDriver$EventFiringWebElement.click(EventFiringWebDriver.java:417)
	at org.openqa.selenium.WebElement$click.call(Unknown Source)
	at com.kms.katalon.core.webui.keyword.builtin.ClickKeyword.clickUntilSuccessWithTimeout(ClickKeyword.groovy:81)
	at com.kms.katalon.core.webui.keyword.builtin.ClickKeyword.clickUntilSuccessWithTimeout(ClickKeyword.groovy)
	at jdk.internal.reflect.GeneratedMethodAccessor8.invoke(Unknown Source)
	at java.base/jdk.internal.reflect.DelegatingMethodAccessorImpl.invoke(DelegatingMethodAccessorImpl.java:43)
	at com.kms.katalon.core.webui.keyword.builtin.ClickKeyword$_click_closure1.doCall(ClickKeyword.groovy:67)
	at com.kms.katalon.core.webui.keyword.builtin.ClickKeyword$_click_closure1.call(ClickKeyword.groovy)
	at com.kms.katalon.core.webui.keyword.internal.WebUIKeywordMain.runKeyword(WebUIKeywordMain.groovy:35)
	at com.kms.katalon.core.webui.keyword.builtin.ClickKeyword.click(ClickKeyword.groovy:74)
	at com.kms.katalon.core.webui.keyword.builtin.ClickKeyword.execute(ClickKeyword.groovy:40)
	at com.kms.katalon.core.keyword.internal.KeywordExecutor.executeKeywordForPlatform(KeywordExecutor.groovy:74)
	at com.kms.katalon.core.webui.keyword.WebUiBuiltInKeywords.click(WebUiBuiltInKeywords.groovy:659)
	at Script1732083570761.run(Script1732083570761.groovy:24)
	at com.kms.katalon.core.main.ScriptEngine.run(ScriptEngine.java:194)
	at com.kms.katalon.core.main.ScriptEngine.runScriptAsRawText(ScriptEngine.java:119)
	at com.kms.katalon.core.main.TestCaseExecutor.runScript(TestCaseExecutor.java:448)
	at com.kms.katalon.core.main.TestCaseExecutor.doExecute(TestCaseExecutor.java:439)
	at com.kms.katalon.core.main.TestCaseExecutor.processExecutionPhase(TestCaseExecutor.java:418)
	at com.kms.katalon.core.main.TestCaseExecutor.accessMainPhase(TestCaseExecutor.java:410)
	at com.kms.katalon.core.main.TestCaseExecutor.execute(TestCaseExecutor.java:285)
	at com.kms.katalon.core.main.TestCaseMain.runTestCase(TestCaseMain.java:137)
	at com.kms.katalon.core.keyword.builtin.CallTestCaseKeyword$_callTestCase_closure1.doCall(CallTestCaseKeyword.groovy:59)
	at com.kms.katalon.core.keyword.builtin.CallTestCaseKeyword$_callTestCase_closure1.call(CallTestCaseKeyword.groovy)
	at com.kms.katalon.core.keyword.internal.KeywordMain.runKeyword(KeywordMain.groovy:75)
	at com.kms.katalon.core.keyword.builtin.CallTestCaseKeyword.callTestCase(CallTestCaseKeyword.groovy:81)
	at com.kms.katalon.core.keyword.builtin.CallTestCaseKeyword.execute(CallTestCaseKeyword.groovy:44)
	at com.kms.katalon.core.keyword.internal.KeywordExecutor.executeKeywordForPlatform(KeywordExecutor.groovy:74)
	at com.kms.katalon.core.keyword.BuiltinKeywords.callTestCase(BuiltinKeywords.groovy:310)
	at jdk.internal.reflect.GeneratedMethodAccessor25.invoke(Unknown Source)
	at java.base/jdk.internal.reflect.DelegatingMethodAccessorImpl.invoke(DelegatingMethodAccessorImpl.java:43)
	at Script1732341473555.run(Script1732341473555.groovy:22)
	... 15 more
)

27-11-2024T17:54:05 - [MESSAGE][FAILED] - Unable to click on object 'Object Repository/Principal/Page_Olva Courier  Home/button_CONTINUAR (2)' (Root cause: com.kms.katalon.core.exception.StepFailedException: Unable to click on object 'Object Repository/Principal/Page_Olva Courier  Home/button_CONTINUAR (2)'
	at com.kms.katalon.core.webui.keyword.internal.WebUIKeywordMain.stepFailed(WebUIKeywordMain.groovy:117)
	at com.kms.katalon.core.webui.keyword.internal.WebUIKeywordMain.runKeyword(WebUIKeywordMain.groovy:43)
	at com.kms.katalon.core.webui.keyword.builtin.ClickKeyword.click(ClickKeyword.groovy:74)
	at com.kms.katalon.core.webui.keyword.builtin.ClickKeyword.execute(ClickKeyword.groovy:40)
	at com.kms.katalon.core.keyword.internal.KeywordExecutor.executeKeywordForPlatform(KeywordExecutor.groovy:74)
	at com.kms.katalon.core.webui.keyword.WebUiBuiltInKeywords.click(WebUiBuiltInKeywords.groovy:659)
	at Selec_sobre.run(Selec_sobre:24)
	at com.kms.katalon.core.main.ScriptEngine.run(ScriptEngine.java:194)
	at com.kms.katalon.core.main.ScriptEngine.runScriptAsRawText(ScriptEngine.java:119)
	at com.kms.katalon.core.main.TestCaseExecutor.runScript(TestCaseExecutor.java:448)
	at com.kms.katalon.core.main.TestCaseExecutor.doExecute(TestCaseExecutor.java:439)
	at com.kms.katalon.core.main.TestCaseExecutor.processExecutionPhase(TestCaseExecutor.java:418)
	at com.kms.katalon.core.main.TestCaseExecutor.accessMainPhase(TestCaseExecutor.java:410)
	at com.kms.katalon.core.main.TestCaseExecutor.execute(TestCaseExecutor.java:285)
	at com.kms.katalon.core.main.TestCaseMain.runTestCase(TestCaseMain.java:137)
	at com.kms.katalon.core.keyword.builtin.CallTestCaseKeyword$_callTestCase_closure1.doCall(CallTestCaseKeyword.groovy:59)
	at com.kms.katalon.core.keyword.builtin.CallTestCaseKeyword$_callTestCase_closure1.call(CallTestCaseKeyword.groovy)
	at com.kms.katalon.core.keyword.internal.KeywordMain.runKeyword(KeywordMain.groovy:75)
	at com.kms.katalon.core.keyword.builtin.CallTestCaseKeyword.callTestCase(CallTestCaseKeyword.groovy:81)
	at com.kms.katalon.core.keyword.builtin.CallTestCaseKeyword.execute(CallTestCaseKeyword.groovy:44)
	at com.kms.katalon.core.keyword.internal.KeywordExecutor.executeKeywordForPlatform(KeywordExecutor.groovy:74)
	at com.kms.katalon.core.keyword.BuiltinKeywords.callTestCase(BuiltinKeywords.groovy:310)
	at jdk.internal.reflect.GeneratedMethodAccessor25.invoke(Unknown Source)
	at java.base/jdk.internal.reflect.DelegatingMethodAccessorImpl.invoke(DelegatingMethodAccessorImpl.java:43)
	at EditarValorado.run(EditarValorado:22)
	at com.kms.katalon.core.main.ScriptEngine.run(ScriptEngine.java:194)
	at com.kms.katalon.core.main.ScriptEngine.runScriptAsRawText(ScriptEngine.java:119)
	at com.kms.katalon.core.main.TestCaseExecutor.runScript(TestCaseExecutor.java:448)
	at com.kms.katalon.core.main.TestCaseExecutor.doExecute(TestCaseExecutor.java:439)
	at com.kms.katalon.core.main.TestCaseExecutor.processExecutionPhase(TestCaseExecutor.java:418)
	at com.kms.katalon.core.main.TestCaseExecutor.accessMainPhase(TestCaseExecutor.java:410)
	at com.kms.katalon.core.main.TestCaseExecutor.execute(TestCaseExecutor.java:285)
	at com.kms.katalon.core.common.CommonExecutor.accessTestCaseMainPhase(CommonExecutor.java:65)
	at com.kms.katalon.core.main.TestSuiteExecutor.accessTestSuiteMainPhase(TestSuiteExecutor.java:150)
	at com.kms.katalon.core.main.TestSuiteExecutor.execute(TestSuiteExecutor.java:106)
	at com.kms.katalon.core.main.TestCaseMain.startTestSuite(TestCaseMain.java:180)
	at TempTestSuite1732745349578.run(TempTestSuite1732745349578.groovy:35)
	at java.base/jdk.internal.reflect.NativeMethodAccessorImpl.invoke0(Native Method)
	at java.base/jdk.internal.reflect.NativeMethodAccessorImpl.invoke(NativeMethodAccessorImpl.java:77)
	at java.base/jdk.internal.reflect.DelegatingMethodAccessorImpl.invoke(DelegatingMethodAccessorImpl.java:43)
Caused by: org.openqa.selenium.ElementClickInterceptedException: Element <button id="btn_aceptar_tipo_envio" class="btn disabled" type="button"> is not clickable at point (675,588) because another element <div class="modal-footer"> obscures it
Build info: version: '3.141.59', revision: 'unknown', time: 'unknown'
System info: host: 'DESKTOP-RGFFP9A', ip: '10.136.10.6', os.name: 'Windows 11', os.arch: 'amd64', os.version: '10.0', java.version: '17.0.7'
Driver info: com.kms.katalon.core.webui.driver.firefox.CGeckoDriver
Capabilities {acceptInsecureCerts: true, browserName: firefox, browserVersion: 133.0, javascriptEnabled: true, moz:accessibilityChecks: false, moz:buildID: 20241121140525, moz:geckodriverVersion: 0.35.0, moz:headless: false, moz:platformVersion: 10.0, moz:processID: 35200, moz:profile: C:\Users\OLVATI\AppData\Loc..., moz:shutdownTimeout: 60000, moz:webdriverClick: true, moz:windowless: false, pageLoadStrategy: normal, platform: WINDOWS, platformName: WINDOWS, proxy: Proxy(direct), setWindowRect: true, strictFileInteractability: false, timeouts: {implicit: 0, pageLoad: 300000, script: 30000}, unhandledPromptBehavior: dismiss and notify, userAgent: Mozilla/5.0 (Windows NT 10....}
Session ID: d8513eb0-0db0-4f42-a921-be4301b1411c
	at jdk.internal.reflect.GeneratedConstructorAccessor32.newInstance(Unknown Source)
	at java.base/jdk.internal.reflect.DelegatingConstructorAccessorImpl.newInstance(DelegatingConstructorAccessorImpl.java:45)
	at org.openqa.selenium.remote.http.W3CHttpResponseCodec.createException(W3CHttpResponseCodec.java:187)
	at org.openqa.selenium.remote.http.W3CHttpResponseCodec.decode(W3CHttpResponseCodec.java:122)
	at org.openqa.selenium.remote.http.W3CHttpResponseCodec.decode(W3CHttpResponseCodec.java:49)
	at org.openqa.selenium.remote.HttpCommandExecutor.execute(HttpCommandExecutor.java:158)
	at org.openqa.selenium.remote.service.DriverCommandExecutor.execute(DriverCommandExecutor.java:83)
	at org.openqa.selenium.remote.RemoteWebDriver.execute(RemoteWebDriver.java:552)
	at com.kms.katalon.selenium.driver.CFirefoxDriver.execute(CFirefoxDriver.java:28)
	at org.openqa.selenium.remote.RemoteWebElement.execute(RemoteWebElement.java:285)
	at org.openqa.selenium.remote.RemoteWebElement.click(RemoteWebElement.java:84)
	at jdk.internal.reflect.GeneratedMethodAccessor10.invoke(Unknown Source)
	at java.base/jdk.internal.reflect.DelegatingMethodAccessorImpl.invoke(DelegatingMethodAccessorImpl.java:43)
	at org.openqa.selenium.support.events.EventFiringWebDriver$EventFiringWebElement.lambda$new$0(EventFiringWebDriver.java:404)
	at jdk.proxy2/jdk.proxy2.$Proxy21.click(Unknown Source)
	at org.openqa.selenium.support.events.EventFiringWebDriver$EventFiringWebElement.click(EventFiringWebDriver.java:417)
	at org.openqa.selenium.WebElement$click.call(Unknown Source)
	at com.kms.katalon.core.webui.keyword.builtin.ClickKeyword.clickUntilSuccessWithTimeout(ClickKeyword.groovy:81)
	at com.kms.katalon.core.webui.keyword.builtin.ClickKeyword.clickUntilSuccessWithTimeout(ClickKeyword.groovy)
	at jdk.internal.reflect.GeneratedMethodAccessor8.invoke(Unknown Source)
	at java.base/jdk.internal.reflect.DelegatingMethodAccessorImpl.invoke(DelegatingMethodAccessorImpl.java:43)
	at com.kms.katalon.core.webui.keyword.builtin.ClickKeyword$_click_closure1.doCall(ClickKeyword.groovy:67)
	at com.kms.katalon.core.webui.keyword.builtin.ClickKeyword$_click_closure1.call(ClickKeyword.groovy)
	at com.kms.katalon.core.webui.keyword.internal.WebUIKeywordMain.runKeyword(WebUIKeywordMain.groovy:35)
	at com.kms.katalon.core.webui.keyword.builtin.ClickKeyword.click(ClickKeyword.groovy:74)
	at com.kms.katalon.core.webui.keyword.builtin.ClickKeyword.execute(ClickKeyword.groovy:40)
	at com.kms.katalon.core.keyword.internal.KeywordExecutor.executeKeywordForPlatform(KeywordExecutor.groovy:74)
	at com.kms.katalon.core.webui.keyword.WebUiBuiltInKeywords.click(WebUiBuiltInKeywords.groovy:659)
	at Script1732083570761.run(Script1732083570761.groovy:24)
	at com.kms.katalon.core.main.ScriptEngine.run(ScriptEngine.java:194)
	at com.kms.katalon.core.main.ScriptEngine.runScriptAsRawText(ScriptEngine.java:119)
	at com.kms.katalon.core.main.TestCaseExecutor.runScript(TestCaseExecutor.java:448)
	at com.kms.katalon.core.main.TestCaseExecutor.doExecute(TestCaseExecutor.java:439)
	at com.kms.katalon.core.main.TestCaseExecutor.processExecutionPhase(TestCaseExecutor.java:418)
	at com.kms.katalon.core.main.TestCaseExecutor.accessMainPhase(TestCaseExecutor.java:410)
	at com.kms.katalon.core.main.TestCaseExecutor.execute(TestCaseExecutor.java:285)
	at com.kms.katalon.core.main.TestCaseMain.runTestCase(TestCaseMain.java:137)
	at com.kms.katalon.core.keyword.builtin.CallTestCaseKeyword$_callTestCase_closure1.doCall(CallTestCaseKeyword.groovy:59)
	at com.kms.katalon.core.keyword.builtin.CallTestCaseKeyword$_callTestCase_closure1.call(CallTestCaseKeyword.groovy)
	at com.kms.katalon.core.keyword.internal.KeywordMain.runKeyword(KeywordMain.groovy:75)
	at com.kms.katalon.core.keyword.builtin.CallTestCaseKeyword.callTestCase(CallTestCaseKeyword.groovy:81)
	at com.kms.katalon.core.keyword.builtin.CallTestCaseKeyword.execute(CallTestCaseKeyword.groovy:44)
	at com.kms.katalon.core.keyword.internal.KeywordExecutor.executeKeywordForPlatform(KeywordExecutor.groovy:74)
	at com.kms.katalon.core.keyword.BuiltinKeywords.callTestCase(BuiltinKeywords.groovy:310)
	at jdk.internal.reflect.GeneratedMethodAccessor25.invoke(Unknown Source)
	at java.base/jdk.internal.reflect.DelegatingMethodAccessorImpl.invoke(DelegatingMethodAccessorImpl.java:43)
	at Script1732341473555.run(Script1732341473555.groovy:22)
	... 15 more
)

27-11-2024T17:54:05 - [MESSAGE][FAILED] - Unable to call Test Case 'Test Cases/1.Inicio/1.1Principal/Selec_sobre' (Root cause: com.kms.katalon.core.exception.StepFailedException: Call Test Case 'Test Cases/1.Inicio/1.1Principal/Selec_sobre' failed
	at com.kms.katalon.core.keyword.builtin.CallTestCaseKeyword$_callTestCase_closure1.doCall(CallTestCaseKeyword.groovy:63)
	at com.kms.katalon.core.keyword.builtin.CallTestCaseKeyword$_callTestCase_closure1.call(CallTestCaseKeyword.groovy)
	at com.kms.katalon.core.keyword.internal.KeywordMain.runKeyword(KeywordMain.groovy:75)
	at com.kms.katalon.core.keyword.builtin.CallTestCaseKeyword.callTestCase(CallTestCaseKeyword.groovy:81)
	at com.kms.katalon.core.keyword.builtin.CallTestCaseKeyword.execute(CallTestCaseKeyword.groovy:44)
	at com.kms.katalon.core.keyword.internal.KeywordExecutor.executeKeywordForPlatform(KeywordExecutor.groovy:74)
	at com.kms.katalon.core.keyword.BuiltinKeywords.callTestCase(BuiltinKeywords.groovy:310)
	at jdk.internal.reflect.GeneratedMethodAccessor25.invoke(Unknown Source)
	at java.base/jdk.internal.reflect.DelegatingMethodAccessorImpl.invoke(DelegatingMethodAccessorImpl.java:43)
	at EditarValorado.run(EditarValorado:22)
	at com.kms.katalon.core.main.ScriptEngine.run(ScriptEngine.java:194)
	at com.kms.katalon.core.main.ScriptEngine.runScriptAsRawText(ScriptEngine.java:119)
	at com.kms.katalon.core.main.TestCaseExecutor.runScript(TestCaseExecutor.java:448)
	at com.kms.katalon.core.main.TestCaseExecutor.doExecute(TestCaseExecutor.java:439)
	at com.kms.katalon.core.main.TestCaseExecutor.processExecutionPhase(TestCaseExecutor.java:418)
	at com.kms.katalon.core.main.TestCaseExecutor.accessMainPhase(TestCaseExecutor.java:410)
	at com.kms.katalon.core.main.TestCaseExecutor.execute(TestCaseExecutor.java:285)
	at com.kms.katalon.core.common.CommonExecutor.accessTestCaseMainPhase(CommonExecutor.java:65)
	at com.kms.katalon.core.main.TestSuiteExecutor.accessTestSuiteMainPhase(TestSuiteExecutor.java:150)
	at com.kms.katalon.core.main.TestSuiteExecutor.execute(TestSuiteExecutor.java:106)
	at com.kms.katalon.core.main.TestCaseMain.startTestSuite(TestCaseMain.java:180)
	at TempTestSuite1732745349578.run(TempTestSuite1732745349578.groovy:35)
	at java.base/jdk.internal.reflect.NativeMethodAccessorImpl.invoke0(Native Method)
	at java.base/jdk.internal.reflect.NativeMethodAccessorImpl.invoke(NativeMethodAccessorImpl.java:77)
	at java.base/jdk.internal.reflect.DelegatingMethodAccessorImpl.invoke(DelegatingMethodAccessorImpl.java:43)
Caused by: com.kms.katalon.core.exception.StepFailedException: Unable to click on object 'Object Repository/Principal/Page_Olva Courier  Home/button_CONTINUAR (2)'
	at com.kms.katalon.core.webui.keyword.internal.WebUIKeywordMain.stepFailed(WebUIKeywordMain.groovy:117)
	at com.kms.katalon.core.webui.keyword.internal.WebUIKeywordMain.runKeyword(WebUIKeywordMain.groovy:43)
	at com.kms.katalon.core.webui.keyword.builtin.ClickKeyword.click(ClickKeyword.groovy:74)
	at com.kms.katalon.core.webui.keyword.builtin.ClickKeyword.execute(ClickKeyword.groovy:40)
	at com.kms.katalon.core.keyword.internal.KeywordExecutor.executeKeywordForPlatform(KeywordExecutor.groovy:74)
	at com.kms.katalon.core.webui.keyword.WebUiBuiltInKeywords.click(WebUiBuiltInKeywords.groovy:659)
	at Selec_sobre.run(Selec_sobre:24)
	at com.kms.katalon.core.main.ScriptEngine.run(ScriptEngine.java:194)
	at com.kms.katalon.core.main.ScriptEngine.runScriptAsRawText(ScriptEngine.java:119)
	at com.kms.katalon.core.main.TestCaseExecutor.runScript(TestCaseExecutor.java:448)
	at com.kms.katalon.core.main.TestCaseExecutor.doExecute(TestCaseExecutor.java:439)
	at com.kms.katalon.core.main.TestCaseExecutor.processExecutionPhase(TestCaseExecutor.java:418)
	at com.kms.katalon.core.main.TestCaseExecutor.accessMainPhase(TestCaseExecutor.java:410)
	at com.kms.katalon.core.main.TestCaseExecutor.execute(TestCaseExecutor.java:285)
	at com.kms.katalon.core.main.TestCaseMain.runTestCase(TestCaseMain.java:137)
	at com.kms.katalon.core.keyword.builtin.CallTestCaseKeyword$_callTestCase_closure1.doCall(CallTestCaseKeyword.groovy:59)
	... 24 more
Caused by: org.openqa.selenium.ElementClickInterceptedException: Element <button id="btn_aceptar_tipo_envio" class="btn disabled" type="button"> is not clickable at point (675,588) because another element <div class="modal-footer"> obscures it
Build info: version: '3.141.59', revision: 'unknown', time: 'unknown'
System info: host: 'DESKTOP-RGFFP9A', ip: '10.136.10.6', os.name: 'Windows 11', os.arch: 'amd64', os.version: '10.0', java.version: '17.0.7'
Driver info: com.kms.katalon.core.webui.driver.firefox.CGeckoDriver
Capabilities {acceptInsecureCerts: true, browserName: firefox, browserVersion: 133.0, javascriptEnabled: true, moz:accessibilityChecks: false, moz:buildID: 20241121140525, moz:geckodriverVersion: 0.35.0, moz:headless: false, moz:platformVersion: 10.0, moz:processID: 35200, moz:profile: C:\Users\OLVATI\AppData\Loc..., moz:shutdownTimeout: 60000, moz:webdriverClick: true, moz:windowless: false, pageLoadStrategy: normal, platform: WINDOWS, platformName: WINDOWS, proxy: Proxy(direct), setWindowRect: true, strictFileInteractability: false, timeouts: {implicit: 0, pageLoad: 300000, script: 30000}, unhandledPromptBehavior: dismiss and notify, userAgent: Mozilla/5.0 (Windows NT 10....}
Session ID: d8513eb0-0db0-4f42-a921-be4301b1411c
	at jdk.internal.reflect.GeneratedConstructorAccessor32.newInstance(Unknown Source)
	at java.base/jdk.internal.reflect.DelegatingConstructorAccessorImpl.newInstance(DelegatingConstructorAccessorImpl.java:45)
	at org.openqa.selenium.remote.http.W3CHttpResponseCodec.createException(W3CHttpResponseCodec.java:187)
	at org.openqa.selenium.remote.http.W3CHttpResponseCodec.decode(W3CHttpResponseCodec.java:122)
	at org.openqa.selenium.remote.http.W3CHttpResponseCodec.decode(W3CHttpResponseCodec.java:49)
	at org.openqa.selenium.remote.HttpCommandExecutor.execute(HttpCommandExecutor.java:158)
	at org.openqa.selenium.remote.service.DriverCommandExecutor.execute(DriverCommandExecutor.java:83)
	at org.openqa.selenium.remote.RemoteWebDriver.execute(RemoteWebDriver.java:552)
	at com.kms.katalon.selenium.driver.CFirefoxDriver.execute(CFirefoxDriver.java:28)
	at org.openqa.selenium.remote.RemoteWebElement.execute(RemoteWebElement.java:285)
	at org.openqa.selenium.remote.RemoteWebElement.click(RemoteWebElement.java:84)
	at jdk.internal.reflect.GeneratedMethodAccessor10.invoke(Unknown Source)
	at java.base/jdk.internal.reflect.DelegatingMethodAccessorImpl.invoke(DelegatingMethodAccessorImpl.java:43)
	at org.openqa.selenium.support.events.EventFiringWebDriver$EventFiringWebElement.lambda$new$0(EventFiringWebDriver.java:404)
	at jdk.proxy2/jdk.proxy2.$Proxy21.click(Unknown Source)
	at org.openqa.selenium.support.events.EventFiringWebDriver$EventFiringWebElement.click(EventFiringWebDriver.java:417)
	at org.openqa.selenium.WebElement$click.call(Unknown Source)
	at com.kms.katalon.core.webui.keyword.builtin.ClickKeyword.clickUntilSuccessWithTimeout(ClickKeyword.groovy:81)
	at com.kms.katalon.core.webui.keyword.builtin.ClickKeyword.clickUntilSuccessWithTimeout(ClickKeyword.groovy)
	at jdk.internal.reflect.GeneratedMethodAccessor8.invoke(Unknown Source)
	at java.base/jdk.internal.reflect.DelegatingMethodAccessorImpl.invoke(DelegatingMethodAccessorImpl.java:43)
	at com.kms.katalon.core.webui.keyword.builtin.ClickKeyword$_click_closure1.doCall(ClickKeyword.groovy:67)
	at com.kms.katalon.core.webui.keyword.builtin.ClickKeyword$_click_closure1.call(ClickKeyword.groovy)
	at com.kms.katalon.core.webui.keyword.internal.WebUIKeywordMain.runKeyword(WebUIKeywordMain.groovy:35)
	... 38 more
)]]></system-out>
         <system-err><![CDATA[27-11-2024T17:53:08 - [TEST_CASE][FAILED] - Test Cases/2.Positivos/2.2Sobre/Origen-Provincia/2.Valorado/Entrega_Domicilio/EditarValorado: Test Cases/2.Positivos/2.2Sobre/Origen-Provincia/2.Valorado/Entrega_Domicilio/EditarValorado FAILED.
Reason:
com.kms.katalon.core.exception.StepFailedException: Call Test Case 'Test Cases/1.Inicio/1.1Principal/Selec_sobre' failed
	at com.kms.katalon.core.keyword.builtin.CallTestCaseKeyword$_callTestCase_closure1.doCall(CallTestCaseKeyword.groovy:63)
	at com.kms.katalon.core.keyword.builtin.CallTestCaseKeyword$_callTestCase_closure1.call(CallTestCaseKeyword.groovy)
	at com.kms.katalon.core.keyword.internal.KeywordMain.runKeyword(KeywordMain.groovy:75)
	at com.kms.katalon.core.keyword.builtin.CallTestCaseKeyword.callTestCase(CallTestCaseKeyword.groovy:81)
	at com.kms.katalon.core.keyword.builtin.CallTestCaseKeyword.execute(CallTestCaseKeyword.groovy:44)
	at com.kms.katalon.core.keyword.internal.KeywordExecutor.executeKeywordForPlatform(KeywordExecutor.groovy:74)
	at com.kms.katalon.core.keyword.BuiltinKeywords.callTestCase(BuiltinKeywords.groovy:310)
	at jdk.internal.reflect.GeneratedMethodAccessor25.invoke(Unknown Source)
	at java.base/jdk.internal.reflect.DelegatingMethodAccessorImpl.invoke(DelegatingMethodAccessorImpl.java:43)
	at EditarValorado.run(EditarValorado:22)
	at com.kms.katalon.core.main.ScriptEngine.run(ScriptEngine.java:194)
	at com.kms.katalon.core.main.ScriptEngine.runScriptAsRawText(ScriptEngine.java:119)
	at com.kms.katalon.core.main.TestCaseExecutor.runScript(TestCaseExecutor.java:448)
	at com.kms.katalon.core.main.TestCaseExecutor.doExecute(TestCaseExecutor.java:439)
	at com.kms.katalon.core.main.TestCaseExecutor.processExecutionPhase(TestCaseExecutor.java:418)
	at com.kms.katalon.core.main.TestCaseExecutor.accessMainPhase(TestCaseExecutor.java:410)
	at com.kms.katalon.core.main.TestCaseExecutor.execute(TestCaseExecutor.java:285)
	at com.kms.katalon.core.common.CommonExecutor.accessTestCaseMainPhase(CommonExecutor.java:65)
	at com.kms.katalon.core.main.TestSuiteExecutor.accessTestSuiteMainPhase(TestSuiteExecutor.java:150)
	at com.kms.katalon.core.main.TestSuiteExecutor.execute(TestSuiteExecutor.java:106)
	at com.kms.katalon.core.main.TestCaseMain.startTestSuite(TestCaseMain.java:180)
	at TempTestSuite1732745349578.run(TempTestSuite1732745349578.groovy:35)
	at java.base/jdk.internal.reflect.NativeMethodAccessorImpl.invoke0(Native Method)
	at java.base/jdk.internal.reflect.NativeMethodAccessorImpl.invoke(NativeMethodAccessorImpl.java:77)
	at java.base/jdk.internal.reflect.DelegatingMethodAccessorImpl.invoke(DelegatingMethodAccessorImpl.java:43)
Caused by: com.kms.katalon.core.exception.StepFailedException: Unable to click on object 'Object Repository/Principal/Page_Olva Courier  Home/button_CONTINUAR (2)'
	at com.kms.katalon.core.webui.keyword.internal.WebUIKeywordMain.stepFailed(WebUIKeywordMain.groovy:117)
	at com.kms.katalon.core.webui.keyword.internal.WebUIKeywordMain.runKeyword(WebUIKeywordMain.groovy:43)
	at com.kms.katalon.core.webui.keyword.builtin.ClickKeyword.click(ClickKeyword.groovy:74)
	at com.kms.katalon.core.webui.keyword.builtin.ClickKeyword.execute(ClickKeyword.groovy:40)
	at com.kms.katalon.core.keyword.internal.KeywordExecutor.executeKeywordForPlatform(KeywordExecutor.groovy:74)
	at com.kms.katalon.core.webui.keyword.WebUiBuiltInKeywords.click(WebUiBuiltInKeywords.groovy:659)
	at Selec_sobre.run(Selec_sobre:24)
	at com.kms.katalon.core.main.ScriptEngine.run(ScriptEngine.java:194)
	at com.kms.katalon.core.main.ScriptEngine.runScriptAsRawText(ScriptEngine.java:119)
	at com.kms.katalon.core.main.TestCaseExecutor.runScript(TestCaseExecutor.java:448)
	at com.kms.katalon.core.main.TestCaseExecutor.doExecute(TestCaseExecutor.java:439)
	at com.kms.katalon.core.main.TestCaseExecutor.processExecutionPhase(TestCaseExecutor.java:418)
	at com.kms.katalon.core.main.TestCaseExecutor.accessMainPhase(TestCaseExecutor.java:410)
	at com.kms.katalon.core.main.TestCaseExecutor.execute(TestCaseExecutor.java:285)
	at com.kms.katalon.core.main.TestCaseMain.runTestCase(TestCaseMain.java:137)
	at com.kms.katalon.core.keyword.builtin.CallTestCaseKeyword$_callTestCase_closure1.doCall(CallTestCaseKeyword.groovy:59)
	... 24 more
Caused by: org.openqa.selenium.ElementClickInterceptedException: Element <button id="btn_aceptar_tipo_envio" class="btn disabled" type="button"> is not clickable at point (675,588) because another element <div class="modal-footer"> obscures it
Build info: version: '3.141.59', revision: 'unknown', time: 'unknown'
System info: host: 'DESKTOP-RGFFP9A', ip: '10.136.10.6', os.name: 'Windows 11', os.arch: 'amd64', os.version: '10.0', java.version: '17.0.7'
Driver info: com.kms.katalon.core.webui.driver.firefox.CGeckoDriver
Capabilities {acceptInsecureCerts: true, browserName: firefox, browserVersion: 133.0, javascriptEnabled: true, moz:accessibilityChecks: false, moz:buildID: 20241121140525, moz:geckodriverVersion: 0.35.0, moz:headless: false, moz:platformVersion: 10.0, moz:processID: 35200, moz:profile: C:\Users\OLVATI\AppData\Loc..., moz:shutdownTimeout: 60000, moz:webdriverClick: true, moz:windowless: false, pageLoadStrategy: normal, platform: WINDOWS, platformName: WINDOWS, proxy: Proxy(direct), setWindowRect: true, strictFileInteractability: false, timeouts: {implicit: 0, pageLoad: 300000, script: 30000}, unhandledPromptBehavior: dismiss and notify, userAgent: Mozilla/5.0 (Windows NT 10....}
Session ID: d8513eb0-0db0-4f42-a921-be4301b1411c
	at jdk.internal.reflect.GeneratedConstructorAccessor32.newInstance(Unknown Source)
	at java.base/jdk.internal.reflect.DelegatingConstructorAccessorImpl.newInstance(DelegatingConstructorAccessorImpl.java:45)
	at org.openqa.selenium.remote.http.W3CHttpResponseCodec.createException(W3CHttpResponseCodec.java:187)
	at org.openqa.selenium.remote.http.W3CHttpResponseCodec.decode(W3CHttpResponseCodec.java:122)
	at org.openqa.selenium.remote.http.W3CHttpResponseCodec.decode(W3CHttpResponseCodec.java:49)
	at org.openqa.selenium.remote.HttpCommandExecutor.execute(HttpCommandExecutor.java:158)
	at org.openqa.selenium.remote.service.DriverCommandExecutor.execute(DriverCommandExecutor.java:83)
	at org.openqa.selenium.remote.RemoteWebDriver.execute(RemoteWebDriver.java:552)
	at com.kms.katalon.selenium.driver.CFirefoxDriver.execute(CFirefoxDriver.java:28)
	at org.openqa.selenium.remote.RemoteWebElement.execute(RemoteWebElement.java:285)
	at org.openqa.selenium.remote.RemoteWebElement.click(RemoteWebElement.java:84)
	at jdk.internal.reflect.GeneratedMethodAccessor10.invoke(Unknown Source)
	at java.base/jdk.internal.reflect.DelegatingMethodAccessorImpl.invoke(DelegatingMethodAccessorImpl.java:43)
	at org.openqa.selenium.support.events.EventFiringWebDriver$EventFiringWebElement.lambda$new$0(EventFiringWebDriver.java:404)
	at jdk.proxy2/jdk.proxy2.$Proxy21.click(Unknown Source)
	at org.openqa.selenium.support.events.EventFiringWebDriver$EventFiringWebElement.click(EventFiringWebDriver.java:417)
	at org.openqa.selenium.WebElement$click.call(Unknown Source)
	at com.kms.katalon.core.webui.keyword.builtin.ClickKeyword.clickUntilSuccessWithTimeout(ClickKeyword.groovy:81)
	at com.kms.katalon.core.webui.keyword.builtin.ClickKeyword.clickUntilSuccessWithTimeout(ClickKeyword.groovy)
	at jdk.internal.reflect.GeneratedMethodAccessor8.invoke(Unknown Source)
	at java.base/jdk.internal.reflect.DelegatingMethodAccessorImpl.invoke(DelegatingMethodAccessorImpl.java:43)
	at com.kms.katalon.core.webui.keyword.builtin.ClickKeyword$_click_closure1.doCall(ClickKeyword.groovy:67)
	at com.kms.katalon.core.webui.keyword.builtin.ClickKeyword$_click_closure1.call(ClickKeyword.groovy)
	at com.kms.katalon.core.webui.keyword.internal.WebUIKeywordMain.runKeyword(WebUIKeywordMain.groovy:35)
	... 38 more]]></system-err>
      </testcase>
      <testcase name="Test Cases/2.Positivos/2.2Sobre/Origen-Provincia/2.Valorado/Entrega_Domicilio/DecJura-Paquete" time="54.407" classname="Test Cases/2.Positivos/2.2Sobre/Origen-Provincia/2.Valorado/Entrega_Domicilio/DecJura-Paquete" status="FAILED">
         <failure type="FAILED" message="Test Cases/2.Positivos/2.2Sobre/Origen-Provincia/2.Valorado/Entrega_Domicilio/DecJura-Paquete FAILED.&#xa;Reason:&#xa;com.kms.katalon.core.exception.StepFailedException: Call Test Case 'Test Cases/1.Inicio/1.1Principal/Selec_sobre' failed&#xa;	at com.kms.katalon.core.keyword.builtin.CallTestCaseKeyword$_callTestCase_closure1.doCall(CallTestCaseKeyword.groovy:63)&#xa;	at com.kms.katalon.core.keyword.builtin.CallTestCaseKeyword$_callTestCase_closure1.call(CallTestCaseKeyword.groovy)&#xa;	at com.kms.katalon.core.keyword.internal.KeywordMain.runKeyword(KeywordMain.groovy:75)&#xa;	at com.kms.katalon.core.keyword.builtin.CallTestCaseKeyword.callTestCase(CallTestCaseKeyword.groovy:81)&#xa;	at com.kms.katalon.core.keyword.builtin.CallTestCaseKeyword.execute(CallTestCaseKeyword.groovy:44)&#xa;	at com.kms.katalon.core.keyword.internal.KeywordExecutor.executeKeywordForPlatform(KeywordExecutor.groovy:74)&#xa;	at com.kms.katalon.core.keyword.BuiltinKeywords.callTestCase(BuiltinKeywords.groovy:310)&#xa;	at jdk.internal.reflect.GeneratedMethodAccessor25.invoke(Unknown Source)&#xa;	at java.base/jdk.internal.reflect.DelegatingMethodAccessorImpl.invoke(DelegatingMethodAccessorImpl.java:43)&#xa;	at DecJura-Paquete.run(DecJura-Paquete:22)&#xa;	at com.kms.katalon.core.main.ScriptEngine.run(ScriptEngine.java:194)&#xa;	at com.kms.katalon.core.main.ScriptEngine.runScriptAsRawText(ScriptEngine.java:119)&#xa;	at com.kms.katalon.core.main.TestCaseExecutor.runScript(TestCaseExecutor.java:448)&#xa;	at com.kms.katalon.core.main.TestCaseExecutor.doExecute(TestCaseExecutor.java:439)&#xa;	at com.kms.katalon.core.main.TestCaseExecutor.processExecutionPhase(TestCaseExecutor.java:418)&#xa;	at com.kms.katalon.core.main.TestCaseExecutor.accessMainPhase(TestCaseExecutor.java:410)&#xa;	at com.kms.katalon.core.main.TestCaseExecutor.execute(TestCaseExecutor.java:285)&#xa;	at com.kms.katalon.core.common.CommonExecutor.accessTestCaseMainPhase(CommonExecutor.java:65)&#xa;	at com.kms.katalon.core.main.TestSuiteExecutor.accessTestSuiteMainPhase(TestSuiteExecutor.java:150)&#xa;	at com.kms.katalon.core.main.TestSuiteExecutor.execute(TestSuiteExecutor.java:106)&#xa;	at com.kms.katalon.core.main.TestCaseMain.startTestSuite(TestCaseMain.java:180)&#xa;	at TempTestSuite1732745349578.run(TempTestSuite1732745349578.groovy:35)&#xa;	at java.base/jdk.internal.reflect.NativeMethodAccessorImpl.invoke0(Native Method)&#xa;	at java.base/jdk.internal.reflect.NativeMethodAccessorImpl.invoke(NativeMethodAccessorImpl.java:77)&#xa;	at java.base/jdk.internal.reflect.DelegatingMethodAccessorImpl.invoke(DelegatingMethodAccessorImpl.java:43)&#xa;Caused by: com.kms.katalon.core.exception.StepFailedException: Unable to click on object 'Object Repository/Principal/Page_Olva Courier  Home/button_CONTINUAR (2)'&#xa;	at com.kms.katalon.core.webui.keyword.internal.WebUIKeywordMain.stepFailed(WebUIKeywordMain.groovy:117)&#xa;	at com.kms.katalon.core.webui.keyword.internal.WebUIKeywordMain.runKeyword(WebUIKeywordMain.groovy:43)&#xa;	at com.kms.katalon.core.webui.keyword.builtin.ClickKeyword.click(ClickKeyword.groovy:74)&#xa;	at com.kms.katalon.core.webui.keyword.builtin.ClickKeyword.execute(ClickKeyword.groovy:40)&#xa;	at com.kms.katalon.core.keyword.internal.KeywordExecutor.executeKeywordForPlatform(KeywordExecutor.groovy:74)&#xa;	at com.kms.katalon.core.webui.keyword.WebUiBuiltInKeywords.click(WebUiBuiltInKeywords.groovy:659)&#xa;	at Selec_sobre.run(Selec_sobre:24)&#xa;	at com.kms.katalon.core.main.ScriptEngine.run(ScriptEngine.java:194)&#xa;	at com.kms.katalon.core.main.ScriptEngine.runScriptAsRawText(ScriptEngine.java:119)&#xa;	at com.kms.katalon.core.main.TestCaseExecutor.runScript(TestCaseExecutor.java:448)&#xa;	at com.kms.katalon.core.main.TestCaseExecutor.doExecute(TestCaseExecutor.java:439)&#xa;	at com.kms.katalon.core.main.TestCaseExecutor.processExecutionPhase(TestCaseExecutor.java:418)&#xa;	at com.kms.katalon.core.main.TestCaseExecutor.accessMainPhase(TestCaseExecutor.java:410)&#xa;	at com.kms.katalon.core.main.TestCaseExecutor.execute(TestCaseExecutor.java:285)&#xa;	at com.kms.katalon.core.main.TestCaseMain.runTestCase(TestCaseMain.java:137)&#xa;	at com.kms.katalon.core.keyword.builtin.CallTestCaseKeyword$_callTestCase_closure1.doCall(CallTestCaseKeyword.groovy:59)&#xa;	... 24 more&#xa;Caused by: org.openqa.selenium.ElementClickInterceptedException: Element &lt;button id=&quot;btn_aceptar_tipo_envio&quot; class=&quot;btn disabled&quot; type=&quot;button&quot;> is not clickable at point (675,588) because another element &lt;div class=&quot;modal-footer&quot;> obscures it&#xa;Build info: version: '3.141.59', revision: 'unknown', time: 'unknown'&#xa;System info: host: 'DESKTOP-RGFFP9A', ip: '10.136.10.6', os.name: 'Windows 11', os.arch: 'amd64', os.version: '10.0', java.version: '17.0.7'&#xa;Driver info: com.kms.katalon.core.webui.driver.firefox.CGeckoDriver&#xa;Capabilities {acceptInsecureCerts: true, browserName: firefox, browserVersion: 133.0, javascriptEnabled: true, moz:accessibilityChecks: false, moz:buildID: 20241121140525, moz:geckodriverVersion: 0.35.0, moz:headless: false, moz:platformVersion: 10.0, moz:processID: 16608, moz:profile: C:\Users\OLVATI\AppData\Loc..., moz:shutdownTimeout: 60000, moz:webdriverClick: true, moz:windowless: false, pageLoadStrategy: normal, platform: WINDOWS, platformName: WINDOWS, proxy: Proxy(direct), setWindowRect: true, strictFileInteractability: false, timeouts: {implicit: 0, pageLoad: 300000, script: 30000}, unhandledPromptBehavior: dismiss and notify, userAgent: Mozilla/5.0 (Windows NT 10....}&#xa;Session ID: a821885e-1deb-4fd2-b650-8016aadfbf17&#xa;	at jdk.internal.reflect.GeneratedConstructorAccessor32.newInstance(Unknown Source)&#xa;	at java.base/jdk.internal.reflect.DelegatingConstructorAccessorImpl.newInstance(DelegatingConstructorAccessorImpl.java:45)&#xa;	at org.openqa.selenium.remote.http.W3CHttpResponseCodec.createException(W3CHttpResponseCodec.java:187)&#xa;	at org.openqa.selenium.remote.http.W3CHttpResponseCodec.decode(W3CHttpResponseCodec.java:122)&#xa;	at org.openqa.selenium.remote.http.W3CHttpResponseCodec.decode(W3CHttpResponseCodec.java:49)&#xa;	at org.openqa.selenium.remote.HttpCommandExecutor.execute(HttpCommandExecutor.java:158)&#xa;	at org.openqa.selenium.remote.service.DriverCommandExecutor.execute(DriverCommandExecutor.java:83)&#xa;	at org.openqa.selenium.remote.RemoteWebDriver.execute(RemoteWebDriver.java:552)&#xa;	at com.kms.katalon.selenium.driver.CFirefoxDriver.execute(CFirefoxDriver.java:28)&#xa;	at org.openqa.selenium.remote.RemoteWebElement.execute(RemoteWebElement.java:285)&#xa;	at org.openqa.selenium.remote.RemoteWebElement.click(RemoteWebElement.java:84)&#xa;	at jdk.internal.reflect.GeneratedMethodAccessor10.invoke(Unknown Source)&#xa;	at java.base/jdk.internal.reflect.DelegatingMethodAccessorImpl.invoke(DelegatingMethodAccessorImpl.java:43)&#xa;	at org.openqa.selenium.support.events.EventFiringWebDriver$EventFiringWebElement.lambda$new$0(EventFiringWebDriver.java:404)&#xa;	at jdk.proxy2/jdk.proxy2.$Proxy21.click(Unknown Source)&#xa;	at org.openqa.selenium.support.events.EventFiringWebDriver$EventFiringWebElement.click(EventFiringWebDriver.java:417)&#xa;	at org.openqa.selenium.WebElement$click.call(Unknown Source)&#xa;	at com.kms.katalon.core.webui.keyword.builtin.ClickKeyword.clickUntilSuccessWithTimeout(ClickKeyword.groovy:81)&#xa;	at com.kms.katalon.core.webui.keyword.builtin.ClickKeyword.clickUntilSuccessWithTimeout(ClickKeyword.groovy)&#xa;	at jdk.internal.reflect.GeneratedMethodAccessor8.invoke(Unknown Source)&#xa;	at java.base/jdk.internal.reflect.DelegatingMethodAccessorImpl.invoke(DelegatingMethodAccessorImpl.java:43)&#xa;	at com.kms.katalon.core.webui.keyword.builtin.ClickKeyword$_click_closure1.doCall(ClickKeyword.groovy:67)&#xa;	at com.kms.katalon.core.webui.keyword.builtin.ClickKeyword$_click_closure1.call(ClickKeyword.groovy)&#xa;	at com.kms.katalon.core.webui.keyword.internal.WebUIKeywordMain.runKeyword(WebUIKeywordMain.groovy:35)&#xa;	... 38 more&#xa;"/>
         <system-out><![CDATA[27-11-2024T17:54:05 - [TEST_CASE][FAILED] - Test Cases/2.Positivos/2.2Sobre/Origen-Provincia/2.Valorado/Entrega_Domicilio/DecJura-Paquete: Test Cases/2.Positivos/2.2Sobre/Origen-Provincia/2.Valorado/Entrega_Domicilio/DecJura-Paquete FAILED.
Reason:
com.kms.katalon.core.exception.StepFailedException: Call Test Case 'Test Cases/1.Inicio/1.1Principal/Selec_sobre' failed
	at com.kms.katalon.core.keyword.builtin.CallTestCaseKeyword$_callTestCase_closure1.doCall(CallTestCaseKeyword.groovy:63)
	at com.kms.katalon.core.keyword.builtin.CallTestCaseKeyword$_callTestCase_closure1.call(CallTestCaseKeyword.groovy)
	at com.kms.katalon.core.keyword.internal.KeywordMain.runKeyword(KeywordMain.groovy:75)
	at com.kms.katalon.core.keyword.builtin.CallTestCaseKeyword.callTestCase(CallTestCaseKeyword.groovy:81)
	at com.kms.katalon.core.keyword.builtin.CallTestCaseKeyword.execute(CallTestCaseKeyword.groovy:44)
	at com.kms.katalon.core.keyword.internal.KeywordExecutor.executeKeywordForPlatform(KeywordExecutor.groovy:74)
	at com.kms.katalon.core.keyword.BuiltinKeywords.callTestCase(BuiltinKeywords.groovy:310)
	at jdk.internal.reflect.GeneratedMethodAccessor25.invoke(Unknown Source)
	at java.base/jdk.internal.reflect.DelegatingMethodAccessorImpl.invoke(DelegatingMethodAccessorImpl.java:43)
	at DecJura-Paquete.run(DecJura-Paquete:22)
	at com.kms.katalon.core.main.ScriptEngine.run(ScriptEngine.java:194)
	at com.kms.katalon.core.main.ScriptEngine.runScriptAsRawText(ScriptEngine.java:119)
	at com.kms.katalon.core.main.TestCaseExecutor.runScript(TestCaseExecutor.java:448)
	at com.kms.katalon.core.main.TestCaseExecutor.doExecute(TestCaseExecutor.java:439)
	at com.kms.katalon.core.main.TestCaseExecutor.processExecutionPhase(TestCaseExecutor.java:418)
	at com.kms.katalon.core.main.TestCaseExecutor.accessMainPhase(TestCaseExecutor.java:410)
	at com.kms.katalon.core.main.TestCaseExecutor.execute(TestCaseExecutor.java:285)
	at com.kms.katalon.core.common.CommonExecutor.accessTestCaseMainPhase(CommonExecutor.java:65)
	at com.kms.katalon.core.main.TestSuiteExecutor.accessTestSuiteMainPhase(TestSuiteExecutor.java:150)
	at com.kms.katalon.core.main.TestSuiteExecutor.execute(TestSuiteExecutor.java:106)
	at com.kms.katalon.core.main.TestCaseMain.startTestSuite(TestCaseMain.java:180)
	at TempTestSuite1732745349578.run(TempTestSuite1732745349578.groovy:35)
	at java.base/jdk.internal.reflect.NativeMethodAccessorImpl.invoke0(Native Method)
	at java.base/jdk.internal.reflect.NativeMethodAccessorImpl.invoke(NativeMethodAccessorImpl.java:77)
	at java.base/jdk.internal.reflect.DelegatingMethodAccessorImpl.invoke(DelegatingMethodAccessorImpl.java:43)
Caused by: com.kms.katalon.core.exception.StepFailedException: Unable to click on object 'Object Repository/Principal/Page_Olva Courier  Home/button_CONTINUAR (2)'
	at com.kms.katalon.core.webui.keyword.internal.WebUIKeywordMain.stepFailed(WebUIKeywordMain.groovy:117)
	at com.kms.katalon.core.webui.keyword.internal.WebUIKeywordMain.runKeyword(WebUIKeywordMain.groovy:43)
	at com.kms.katalon.core.webui.keyword.builtin.ClickKeyword.click(ClickKeyword.groovy:74)
	at com.kms.katalon.core.webui.keyword.builtin.ClickKeyword.execute(ClickKeyword.groovy:40)
	at com.kms.katalon.core.keyword.internal.KeywordExecutor.executeKeywordForPlatform(KeywordExecutor.groovy:74)
	at com.kms.katalon.core.webui.keyword.WebUiBuiltInKeywords.click(WebUiBuiltInKeywords.groovy:659)
	at Selec_sobre.run(Selec_sobre:24)
	at com.kms.katalon.core.main.ScriptEngine.run(ScriptEngine.java:194)
	at com.kms.katalon.core.main.ScriptEngine.runScriptAsRawText(ScriptEngine.java:119)
	at com.kms.katalon.core.main.TestCaseExecutor.runScript(TestCaseExecutor.java:448)
	at com.kms.katalon.core.main.TestCaseExecutor.doExecute(TestCaseExecutor.java:439)
	at com.kms.katalon.core.main.TestCaseExecutor.processExecutionPhase(TestCaseExecutor.java:418)
	at com.kms.katalon.core.main.TestCaseExecutor.accessMainPhase(TestCaseExecutor.java:410)
	at com.kms.katalon.core.main.TestCaseExecutor.execute(TestCaseExecutor.java:285)
	at com.kms.katalon.core.main.TestCaseMain.runTestCase(TestCaseMain.java:137)
	at com.kms.katalon.core.keyword.builtin.CallTestCaseKeyword$_callTestCase_closure1.doCall(CallTestCaseKeyword.groovy:59)
	... 24 more
Caused by: org.openqa.selenium.ElementClickInterceptedException: Element <button id="btn_aceptar_tipo_envio" class="btn disabled" type="button"> is not clickable at point (675,588) because another element <div class="modal-footer"> obscures it
Build info: version: '3.141.59', revision: 'unknown', time: 'unknown'
System info: host: 'DESKTOP-RGFFP9A', ip: '10.136.10.6', os.name: 'Windows 11', os.arch: 'amd64', os.version: '10.0', java.version: '17.0.7'
Driver info: com.kms.katalon.core.webui.driver.firefox.CGeckoDriver
Capabilities {acceptInsecureCerts: true, browserName: firefox, browserVersion: 133.0, javascriptEnabled: true, moz:accessibilityChecks: false, moz:buildID: 20241121140525, moz:geckodriverVersion: 0.35.0, moz:headless: false, moz:platformVersion: 10.0, moz:processID: 16608, moz:profile: C:\Users\OLVATI\AppData\Loc..., moz:shutdownTimeout: 60000, moz:webdriverClick: true, moz:windowless: false, pageLoadStrategy: normal, platform: WINDOWS, platformName: WINDOWS, proxy: Proxy(direct), setWindowRect: true, strictFileInteractability: false, timeouts: {implicit: 0, pageLoad: 300000, script: 30000}, unhandledPromptBehavior: dismiss and notify, userAgent: Mozilla/5.0 (Windows NT 10....}
Session ID: a821885e-1deb-4fd2-b650-8016aadfbf17
	at jdk.internal.reflect.GeneratedConstructorAccessor32.newInstance(Unknown Source)
	at java.base/jdk.internal.reflect.DelegatingConstructorAccessorImpl.newInstance(DelegatingConstructorAccessorImpl.java:45)
	at org.openqa.selenium.remote.http.W3CHttpResponseCodec.createException(W3CHttpResponseCodec.java:187)
	at org.openqa.selenium.remote.http.W3CHttpResponseCodec.decode(W3CHttpResponseCodec.java:122)
	at org.openqa.selenium.remote.http.W3CHttpResponseCodec.decode(W3CHttpResponseCodec.java:49)
	at org.openqa.selenium.remote.HttpCommandExecutor.execute(HttpCommandExecutor.java:158)
	at org.openqa.selenium.remote.service.DriverCommandExecutor.execute(DriverCommandExecutor.java:83)
	at org.openqa.selenium.remote.RemoteWebDriver.execute(RemoteWebDriver.java:552)
	at com.kms.katalon.selenium.driver.CFirefoxDriver.execute(CFirefoxDriver.java:28)
	at org.openqa.selenium.remote.RemoteWebElement.execute(RemoteWebElement.java:285)
	at org.openqa.selenium.remote.RemoteWebElement.click(RemoteWebElement.java:84)
	at jdk.internal.reflect.GeneratedMethodAccessor10.invoke(Unknown Source)
	at java.base/jdk.internal.reflect.DelegatingMethodAccessorImpl.invoke(DelegatingMethodAccessorImpl.java:43)
	at org.openqa.selenium.support.events.EventFiringWebDriver$EventFiringWebElement.lambda$new$0(EventFiringWebDriver.java:404)
	at jdk.proxy2/jdk.proxy2.$Proxy21.click(Unknown Source)
	at org.openqa.selenium.support.events.EventFiringWebDriver$EventFiringWebElement.click(EventFiringWebDriver.java:417)
	at org.openqa.selenium.WebElement$click.call(Unknown Source)
	at com.kms.katalon.core.webui.keyword.builtin.ClickKeyword.clickUntilSuccessWithTimeout(ClickKeyword.groovy:81)
	at com.kms.katalon.core.webui.keyword.builtin.ClickKeyword.clickUntilSuccessWithTimeout(ClickKeyword.groovy)
	at jdk.internal.reflect.GeneratedMethodAccessor8.invoke(Unknown Source)
	at java.base/jdk.internal.reflect.DelegatingMethodAccessorImpl.invoke(DelegatingMethodAccessorImpl.java:43)
	at com.kms.katalon.core.webui.keyword.builtin.ClickKeyword$_click_closure1.doCall(ClickKeyword.groovy:67)
	at com.kms.katalon.core.webui.keyword.builtin.ClickKeyword$_click_closure1.call(ClickKeyword.groovy)
	at com.kms.katalon.core.webui.keyword.internal.WebUIKeywordMain.runKeyword(WebUIKeywordMain.groovy:35)
	... 38 more


27-11-2024T17:54:06 - [TEST_STEP][PASSED] - callTestCase(findTestCase("1.Inicio/1.1Principal/Principal-home"), [:], STOP_ON_FAILURE): Call Test Case 'Test Cases/1.Inicio/1.1Principal/Principal-home' successfully

27-11-2024T17:54:06 - [TEST_CASE][PASSED] - Test Cases/1.Inicio/1.1Principal/Principal-home: Test Cases/1.Inicio/1.1Principal/Principal-home

27-11-2024T17:54:06 - [TEST_STEP][PASSED] - openBrowser(""): Browser is opened with url: ''

27-11-2024T17:54:06 - [MESSAGE][WARNING] - A browser is already opened. Closing browser and opening a new one

27-11-2024T17:54:08 - [MESSAGE][INFO] - Starting 'Firefox' driver

27-11-2024T17:54:08 - [MESSAGE][INFO] - Action delay is set to 0 milliseconds

27-11-2024T17:54:24 - [MESSAGE][PASSED] - Browser is opened with url: ''

27-11-2024T17:54:24 - [TEST_STEP][PASSED] - navigateToUrl("https://dev01-registrodeenvios.olvacourier.com/principal"): Navigate to 'https://dev01-registrodeenvios.olvacourier.com/principal' successfully

27-11-2024T17:54:27 - [MESSAGE][PASSED] - Navigate to 'https://dev01-registrodeenvios.olvacourier.com/principal' successfully

27-11-2024T17:54:27 - [TEST_STEP][PASSED] - maximizeWindow(): Current window maximized

27-11-2024T17:54:28 - [MESSAGE][PASSED] - Current window maximized

27-11-2024T17:54:28 - [MESSAGE][PASSED] - Call Test Case 'Test Cases/1.Inicio/1.1Principal/Principal-home' successfully

27-11-2024T17:54:28 - [TEST_STEP][FAILED] - callTestCase(findTestCase("1.Inicio/1.1Principal/Selec_sobre"), [:], STOP_ON_FAILURE): Unable to call Test Case 'Test Cases/1.Inicio/1.1Principal/Selec_sobre' (Root cause: com.kms.katalon.core.exception.StepFailedException: Call Test Case 'Test Cases/1.Inicio/1.1Principal/Selec_sobre' failed
	at com.kms.katalon.core.keyword.builtin.CallTestCaseKeyword$_callTestCase_closure1.doCall(CallTestCaseKeyword.groovy:63)
	at com.kms.katalon.core.keyword.builtin.CallTestCaseKeyword$_callTestCase_closure1.call(CallTestCaseKeyword.groovy)
	at com.kms.katalon.core.keyword.internal.KeywordMain.runKeyword(KeywordMain.groovy:75)
	at com.kms.katalon.core.keyword.builtin.CallTestCaseKeyword.callTestCase(CallTestCaseKeyword.groovy:81)
	at com.kms.katalon.core.keyword.builtin.CallTestCaseKeyword.execute(CallTestCaseKeyword.groovy:44)
	at com.kms.katalon.core.keyword.internal.KeywordExecutor.executeKeywordForPlatform(KeywordExecutor.groovy:74)
	at com.kms.katalon.core.keyword.BuiltinKeywords.callTestCase(BuiltinKeywords.groovy:310)
	at jdk.internal.reflect.GeneratedMethodAccessor25.invoke(Unknown Source)
	at java.base/jdk.internal.reflect.DelegatingMethodAccessorImpl.invoke(DelegatingMethodAccessorImpl.java:43)
	at DecJura-Paquete.run(DecJura-Paquete:22)
	at com.kms.katalon.core.main.ScriptEngine.run(ScriptEngine.java:194)
	at com.kms.katalon.core.main.ScriptEngine.runScriptAsRawText(ScriptEngine.java:119)
	at com.kms.katalon.core.main.TestCaseExecutor.runScript(TestCaseExecutor.java:448)
	at com.kms.katalon.core.main.TestCaseExecutor.doExecute(TestCaseExecutor.java:439)
	at com.kms.katalon.core.main.TestCaseExecutor.processExecutionPhase(TestCaseExecutor.java:418)
	at com.kms.katalon.core.main.TestCaseExecutor.accessMainPhase(TestCaseExecutor.java:410)
	at com.kms.katalon.core.main.TestCaseExecutor.execute(TestCaseExecutor.java:285)
	at com.kms.katalon.core.common.CommonExecutor.accessTestCaseMainPhase(CommonExecutor.java:65)
	at com.kms.katalon.core.main.TestSuiteExecutor.accessTestSuiteMainPhase(TestSuiteExecutor.java:150)
	at com.kms.katalon.core.main.TestSuiteExecutor.execute(TestSuiteExecutor.java:106)
	at com.kms.katalon.core.main.TestCaseMain.startTestSuite(TestCaseMain.java:180)
	at TempTestSuite1732745349578.run(TempTestSuite1732745349578.groovy:35)
	at java.base/jdk.internal.reflect.NativeMethodAccessorImpl.invoke0(Native Method)
	at java.base/jdk.internal.reflect.NativeMethodAccessorImpl.invoke(NativeMethodAccessorImpl.java:77)
	at java.base/jdk.internal.reflect.DelegatingMethodAccessorImpl.invoke(DelegatingMethodAccessorImpl.java:43)
Caused by: com.kms.katalon.core.exception.StepFailedException: Unable to click on object 'Object Repository/Principal/Page_Olva Courier  Home/button_CONTINUAR (2)'
	at com.kms.katalon.core.webui.keyword.internal.WebUIKeywordMain.stepFailed(WebUIKeywordMain.groovy:117)
	at com.kms.katalon.core.webui.keyword.internal.WebUIKeywordMain.runKeyword(WebUIKeywordMain.groovy:43)
	at com.kms.katalon.core.webui.keyword.builtin.ClickKeyword.click(ClickKeyword.groovy:74)
	at com.kms.katalon.core.webui.keyword.builtin.ClickKeyword.execute(ClickKeyword.groovy:40)
	at com.kms.katalon.core.keyword.internal.KeywordExecutor.executeKeywordForPlatform(KeywordExecutor.groovy:74)
	at com.kms.katalon.core.webui.keyword.WebUiBuiltInKeywords.click(WebUiBuiltInKeywords.groovy:659)
	at Selec_sobre.run(Selec_sobre:24)
	at com.kms.katalon.core.main.ScriptEngine.run(ScriptEngine.java:194)
	at com.kms.katalon.core.main.ScriptEngine.runScriptAsRawText(ScriptEngine.java:119)
	at com.kms.katalon.core.main.TestCaseExecutor.runScript(TestCaseExecutor.java:448)
	at com.kms.katalon.core.main.TestCaseExecutor.doExecute(TestCaseExecutor.java:439)
	at com.kms.katalon.core.main.TestCaseExecutor.processExecutionPhase(TestCaseExecutor.java:418)
	at com.kms.katalon.core.main.TestCaseExecutor.accessMainPhase(TestCaseExecutor.java:410)
	at com.kms.katalon.core.main.TestCaseExecutor.execute(TestCaseExecutor.java:285)
	at com.kms.katalon.core.main.TestCaseMain.runTestCase(TestCaseMain.java:137)
	at com.kms.katalon.core.keyword.builtin.CallTestCaseKeyword$_callTestCase_closure1.doCall(CallTestCaseKeyword.groovy:59)
	... 24 more
Caused by: org.openqa.selenium.ElementClickInterceptedException: Element <button id="btn_aceptar_tipo_envio" class="btn disabled" type="button"> is not clickable at point (675,588) because another element <div class="modal-footer"> obscures it
Build info: version: '3.141.59', revision: 'unknown', time: 'unknown'
System info: host: 'DESKTOP-RGFFP9A', ip: '10.136.10.6', os.name: 'Windows 11', os.arch: 'amd64', os.version: '10.0', java.version: '17.0.7'
Driver info: com.kms.katalon.core.webui.driver.firefox.CGeckoDriver
Capabilities {acceptInsecureCerts: true, browserName: firefox, browserVersion: 133.0, javascriptEnabled: true, moz:accessibilityChecks: false, moz:buildID: 20241121140525, moz:geckodriverVersion: 0.35.0, moz:headless: false, moz:platformVersion: 10.0, moz:processID: 16608, moz:profile: C:\Users\OLVATI\AppData\Loc..., moz:shutdownTimeout: 60000, moz:webdriverClick: true, moz:windowless: false, pageLoadStrategy: normal, platform: WINDOWS, platformName: WINDOWS, proxy: Proxy(direct), setWindowRect: true, strictFileInteractability: false, timeouts: {implicit: 0, pageLoad: 300000, script: 30000}, unhandledPromptBehavior: dismiss and notify, userAgent: Mozilla/5.0 (Windows NT 10....}
Session ID: a821885e-1deb-4fd2-b650-8016aadfbf17
	at jdk.internal.reflect.GeneratedConstructorAccessor32.newInstance(Unknown Source)
	at java.base/jdk.internal.reflect.DelegatingConstructorAccessorImpl.newInstance(DelegatingConstructorAccessorImpl.java:45)
	at org.openqa.selenium.remote.http.W3CHttpResponseCodec.createException(W3CHttpResponseCodec.java:187)
	at org.openqa.selenium.remote.http.W3CHttpResponseCodec.decode(W3CHttpResponseCodec.java:122)
	at org.openqa.selenium.remote.http.W3CHttpResponseCodec.decode(W3CHttpResponseCodec.java:49)
	at org.openqa.selenium.remote.HttpCommandExecutor.execute(HttpCommandExecutor.java:158)
	at org.openqa.selenium.remote.service.DriverCommandExecutor.execute(DriverCommandExecutor.java:83)
	at org.openqa.selenium.remote.RemoteWebDriver.execute(RemoteWebDriver.java:552)
	at com.kms.katalon.selenium.driver.CFirefoxDriver.execute(CFirefoxDriver.java:28)
	at org.openqa.selenium.remote.RemoteWebElement.execute(RemoteWebElement.java:285)
	at org.openqa.selenium.remote.RemoteWebElement.click(RemoteWebElement.java:84)
	at jdk.internal.reflect.GeneratedMethodAccessor10.invoke(Unknown Source)
	at java.base/jdk.internal.reflect.DelegatingMethodAccessorImpl.invoke(DelegatingMethodAccessorImpl.java:43)
	at org.openqa.selenium.support.events.EventFiringWebDriver$EventFiringWebElement.lambda$new$0(EventFiringWebDriver.java:404)
	at jdk.proxy2/jdk.proxy2.$Proxy21.click(Unknown Source)
	at org.openqa.selenium.support.events.EventFiringWebDriver$EventFiringWebElement.click(EventFiringWebDriver.java:417)
	at org.openqa.selenium.WebElement$click.call(Unknown Source)
	at com.kms.katalon.core.webui.keyword.builtin.ClickKeyword.clickUntilSuccessWithTimeout(ClickKeyword.groovy:81)
	at com.kms.katalon.core.webui.keyword.builtin.ClickKeyword.clickUntilSuccessWithTimeout(ClickKeyword.groovy)
	at jdk.internal.reflect.GeneratedMethodAccessor8.invoke(Unknown Source)
	at java.base/jdk.internal.reflect.DelegatingMethodAccessorImpl.invoke(DelegatingMethodAccessorImpl.java:43)
	at com.kms.katalon.core.webui.keyword.builtin.ClickKeyword$_click_closure1.doCall(ClickKeyword.groovy:67)
	at com.kms.katalon.core.webui.keyword.builtin.ClickKeyword$_click_closure1.call(ClickKeyword.groovy)
	at com.kms.katalon.core.webui.keyword.internal.WebUIKeywordMain.runKeyword(WebUIKeywordMain.groovy:35)
	... 38 more
)

27-11-2024T17:54:28 - [TEST_CASE][FAILED] - Test Cases/1.Inicio/1.1Principal/Selec_sobre: Test Cases/1.Inicio/1.1Principal/Selec_sobre FAILED.
Reason:
com.kms.katalon.core.exception.StepFailedException: Unable to click on object 'Object Repository/Principal/Page_Olva Courier  Home/button_CONTINUAR (2)'
	at com.kms.katalon.core.webui.keyword.internal.WebUIKeywordMain.stepFailed(WebUIKeywordMain.groovy:117)
	at com.kms.katalon.core.webui.keyword.internal.WebUIKeywordMain.runKeyword(WebUIKeywordMain.groovy:43)
	at com.kms.katalon.core.webui.keyword.builtin.ClickKeyword.click(ClickKeyword.groovy:74)
	at com.kms.katalon.core.webui.keyword.builtin.ClickKeyword.execute(ClickKeyword.groovy:40)
	at com.kms.katalon.core.keyword.internal.KeywordExecutor.executeKeywordForPlatform(KeywordExecutor.groovy:74)
	at com.kms.katalon.core.webui.keyword.WebUiBuiltInKeywords.click(WebUiBuiltInKeywords.groovy:659)
	at Selec_sobre.run(Selec_sobre:24)
	at com.kms.katalon.core.main.ScriptEngine.run(ScriptEngine.java:194)
	at com.kms.katalon.core.main.ScriptEngine.runScriptAsRawText(ScriptEngine.java:119)
	at com.kms.katalon.core.main.TestCaseExecutor.runScript(TestCaseExecutor.java:448)
	at com.kms.katalon.core.main.TestCaseExecutor.doExecute(TestCaseExecutor.java:439)
	at com.kms.katalon.core.main.TestCaseExecutor.processExecutionPhase(TestCaseExecutor.java:418)
	at com.kms.katalon.core.main.TestCaseExecutor.accessMainPhase(TestCaseExecutor.java:410)
	at com.kms.katalon.core.main.TestCaseExecutor.execute(TestCaseExecutor.java:285)
	at com.kms.katalon.core.main.TestCaseMain.runTestCase(TestCaseMain.java:137)
	at com.kms.katalon.core.keyword.builtin.CallTestCaseKeyword$_callTestCase_closure1.doCall(CallTestCaseKeyword.groovy:59)
	at com.kms.katalon.core.keyword.builtin.CallTestCaseKeyword$_callTestCase_closure1.call(CallTestCaseKeyword.groovy)
	at com.kms.katalon.core.keyword.internal.KeywordMain.runKeyword(KeywordMain.groovy:75)
	at com.kms.katalon.core.keyword.builtin.CallTestCaseKeyword.callTestCase(CallTestCaseKeyword.groovy:81)
	at com.kms.katalon.core.keyword.builtin.CallTestCaseKeyword.execute(CallTestCaseKeyword.groovy:44)
	at com.kms.katalon.core.keyword.internal.KeywordExecutor.executeKeywordForPlatform(KeywordExecutor.groovy:74)
	at com.kms.katalon.core.keyword.BuiltinKeywords.callTestCase(BuiltinKeywords.groovy:310)
	at jdk.internal.reflect.GeneratedMethodAccessor25.invoke(Unknown Source)
	at java.base/jdk.internal.reflect.DelegatingMethodAccessorImpl.invoke(DelegatingMethodAccessorImpl.java:43)
	at DecJura-Paquete.run(DecJura-Paquete:22)
	at com.kms.katalon.core.main.ScriptEngine.run(ScriptEngine.java:194)
	at com.kms.katalon.core.main.ScriptEngine.runScriptAsRawText(ScriptEngine.java:119)
	at com.kms.katalon.core.main.TestCaseExecutor.runScript(TestCaseExecutor.java:448)
	at com.kms.katalon.core.main.TestCaseExecutor.doExecute(TestCaseExecutor.java:439)
	at com.kms.katalon.core.main.TestCaseExecutor.processExecutionPhase(TestCaseExecutor.java:418)
	at com.kms.katalon.core.main.TestCaseExecutor.accessMainPhase(TestCaseExecutor.java:410)
	at com.kms.katalon.core.main.TestCaseExecutor.execute(TestCaseExecutor.java:285)
	at com.kms.katalon.core.common.CommonExecutor.accessTestCaseMainPhase(CommonExecutor.java:65)
	at com.kms.katalon.core.main.TestSuiteExecutor.accessTestSuiteMainPhase(TestSuiteExecutor.java:150)
	at com.kms.katalon.core.main.TestSuiteExecutor.execute(TestSuiteExecutor.java:106)
	at com.kms.katalon.core.main.TestCaseMain.startTestSuite(TestCaseMain.java:180)
	at TempTestSuite1732745349578.run(TempTestSuite1732745349578.groovy:35)
	at java.base/jdk.internal.reflect.NativeMethodAccessorImpl.invoke0(Native Method)
	at java.base/jdk.internal.reflect.NativeMethodAccessorImpl.invoke(NativeMethodAccessorImpl.java:77)
	at java.base/jdk.internal.reflect.DelegatingMethodAccessorImpl.invoke(DelegatingMethodAccessorImpl.java:43)
Caused by: org.openqa.selenium.ElementClickInterceptedException: Element <button id="btn_aceptar_tipo_envio" class="btn disabled" type="button"> is not clickable at point (675,588) because another element <div class="modal-footer"> obscures it
Build info: version: '3.141.59', revision: 'unknown', time: 'unknown'
System info: host: 'DESKTOP-RGFFP9A', ip: '10.136.10.6', os.name: 'Windows 11', os.arch: 'amd64', os.version: '10.0', java.version: '17.0.7'
Driver info: com.kms.katalon.core.webui.driver.firefox.CGeckoDriver
Capabilities {acceptInsecureCerts: true, browserName: firefox, browserVersion: 133.0, javascriptEnabled: true, moz:accessibilityChecks: false, moz:buildID: 20241121140525, moz:geckodriverVersion: 0.35.0, moz:headless: false, moz:platformVersion: 10.0, moz:processID: 16608, moz:profile: C:\Users\OLVATI\AppData\Loc..., moz:shutdownTimeout: 60000, moz:webdriverClick: true, moz:windowless: false, pageLoadStrategy: normal, platform: WINDOWS, platformName: WINDOWS, proxy: Proxy(direct), setWindowRect: true, strictFileInteractability: false, timeouts: {implicit: 0, pageLoad: 300000, script: 30000}, unhandledPromptBehavior: dismiss and notify, userAgent: Mozilla/5.0 (Windows NT 10....}
Session ID: a821885e-1deb-4fd2-b650-8016aadfbf17
	at jdk.internal.reflect.GeneratedConstructorAccessor32.newInstance(Unknown Source)
	at java.base/jdk.internal.reflect.DelegatingConstructorAccessorImpl.newInstance(DelegatingConstructorAccessorImpl.java:45)
	at org.openqa.selenium.remote.http.W3CHttpResponseCodec.createException(W3CHttpResponseCodec.java:187)
	at org.openqa.selenium.remote.http.W3CHttpResponseCodec.decode(W3CHttpResponseCodec.java:122)
	at org.openqa.selenium.remote.http.W3CHttpResponseCodec.decode(W3CHttpResponseCodec.java:49)
	at org.openqa.selenium.remote.HttpCommandExecutor.execute(HttpCommandExecutor.java:158)
	at org.openqa.selenium.remote.service.DriverCommandExecutor.execute(DriverCommandExecutor.java:83)
	at org.openqa.selenium.remote.RemoteWebDriver.execute(RemoteWebDriver.java:552)
	at com.kms.katalon.selenium.driver.CFirefoxDriver.execute(CFirefoxDriver.java:28)
	at org.openqa.selenium.remote.RemoteWebElement.execute(RemoteWebElement.java:285)
	at org.openqa.selenium.remote.RemoteWebElement.click(RemoteWebElement.java:84)
	at jdk.internal.reflect.GeneratedMethodAccessor10.invoke(Unknown Source)
	at java.base/jdk.internal.reflect.DelegatingMethodAccessorImpl.invoke(DelegatingMethodAccessorImpl.java:43)
	at org.openqa.selenium.support.events.EventFiringWebDriver$EventFiringWebElement.lambda$new$0(EventFiringWebDriver.java:404)
	at jdk.proxy2/jdk.proxy2.$Proxy21.click(Unknown Source)
	at org.openqa.selenium.support.events.EventFiringWebDriver$EventFiringWebElement.click(EventFiringWebDriver.java:417)
	at org.openqa.selenium.WebElement$click.call(Unknown Source)
	at com.kms.katalon.core.webui.keyword.builtin.ClickKeyword.clickUntilSuccessWithTimeout(ClickKeyword.groovy:81)
	at com.kms.katalon.core.webui.keyword.builtin.ClickKeyword.clickUntilSuccessWithTimeout(ClickKeyword.groovy)
	at jdk.internal.reflect.GeneratedMethodAccessor8.invoke(Unknown Source)
	at java.base/jdk.internal.reflect.DelegatingMethodAccessorImpl.invoke(DelegatingMethodAccessorImpl.java:43)
	at com.kms.katalon.core.webui.keyword.builtin.ClickKeyword$_click_closure1.doCall(ClickKeyword.groovy:67)
	at com.kms.katalon.core.webui.keyword.builtin.ClickKeyword$_click_closure1.call(ClickKeyword.groovy)
	at com.kms.katalon.core.webui.keyword.internal.WebUIKeywordMain.runKeyword(WebUIKeywordMain.groovy:35)
	... 38 more


27-11-2024T17:54:28 - [TEST_STEP][PASSED] - click(findTestObject("Object Repository/Principal/Page_Olva Courier  Home/img_Envo de cajas o paquetescon un peso mxi_37770f")): Object: 'Object Repository/Principal/Page_Olva Courier  Home/img_Envo de cajas o paquetescon un peso mxi_37770f' is clicked on

27-11-2024T17:54:28 - [MESSAGE][PASSED] - Object: 'Object Repository/Principal/Page_Olva Courier  Home/img_Envo de cajas o paquetescon un peso mxi_37770f' is clicked on

27-11-2024T17:54:28 - [TEST_STEP][PASSED] - click(findTestObject("Object Repository/Principal/Page_Olva Courier  Home/label_He ledo y acepto los trminos de uso y_adab65")): Object: 'Object Repository/Principal/Page_Olva Courier  Home/label_He ledo y acepto los trminos de uso y_adab65' is clicked on

27-11-2024T17:54:29 - [MESSAGE][PASSED] - Object: 'Object Repository/Principal/Page_Olva Courier  Home/label_He ledo y acepto los trminos de uso y_adab65' is clicked on

27-11-2024T17:54:29 - [TEST_STEP][FAILED] - click(findTestObject("Object Repository/Principal/Page_Olva Courier  Home/button_CONTINUAR (2)")): Unable to click on object 'Object Repository/Principal/Page_Olva Courier  Home/button_CONTINUAR (2)' (Root cause: com.kms.katalon.core.exception.StepFailedException: Unable to click on object 'Object Repository/Principal/Page_Olva Courier  Home/button_CONTINUAR (2)'
	at com.kms.katalon.core.webui.keyword.internal.WebUIKeywordMain.stepFailed(WebUIKeywordMain.groovy:117)
	at com.kms.katalon.core.webui.keyword.internal.WebUIKeywordMain.runKeyword(WebUIKeywordMain.groovy:43)
	at com.kms.katalon.core.webui.keyword.builtin.ClickKeyword.click(ClickKeyword.groovy:74)
	at com.kms.katalon.core.webui.keyword.builtin.ClickKeyword.execute(ClickKeyword.groovy:40)
	at com.kms.katalon.core.keyword.internal.KeywordExecutor.executeKeywordForPlatform(KeywordExecutor.groovy:74)
	at com.kms.katalon.core.webui.keyword.WebUiBuiltInKeywords.click(WebUiBuiltInKeywords.groovy:659)
	at Selec_sobre.run(Selec_sobre:24)
	at com.kms.katalon.core.main.ScriptEngine.run(ScriptEngine.java:194)
	at com.kms.katalon.core.main.ScriptEngine.runScriptAsRawText(ScriptEngine.java:119)
	at com.kms.katalon.core.main.TestCaseExecutor.runScript(TestCaseExecutor.java:448)
	at com.kms.katalon.core.main.TestCaseExecutor.doExecute(TestCaseExecutor.java:439)
	at com.kms.katalon.core.main.TestCaseExecutor.processExecutionPhase(TestCaseExecutor.java:418)
	at com.kms.katalon.core.main.TestCaseExecutor.accessMainPhase(TestCaseExecutor.java:410)
	at com.kms.katalon.core.main.TestCaseExecutor.execute(TestCaseExecutor.java:285)
	at com.kms.katalon.core.main.TestCaseMain.runTestCase(TestCaseMain.java:137)
	at com.kms.katalon.core.keyword.builtin.CallTestCaseKeyword$_callTestCase_closure1.doCall(CallTestCaseKeyword.groovy:59)
	at com.kms.katalon.core.keyword.builtin.CallTestCaseKeyword$_callTestCase_closure1.call(CallTestCaseKeyword.groovy)
	at com.kms.katalon.core.keyword.internal.KeywordMain.runKeyword(KeywordMain.groovy:75)
	at com.kms.katalon.core.keyword.builtin.CallTestCaseKeyword.callTestCase(CallTestCaseKeyword.groovy:81)
	at com.kms.katalon.core.keyword.builtin.CallTestCaseKeyword.execute(CallTestCaseKeyword.groovy:44)
	at com.kms.katalon.core.keyword.internal.KeywordExecutor.executeKeywordForPlatform(KeywordExecutor.groovy:74)
	at com.kms.katalon.core.keyword.BuiltinKeywords.callTestCase(BuiltinKeywords.groovy:310)
	at jdk.internal.reflect.GeneratedMethodAccessor25.invoke(Unknown Source)
	at java.base/jdk.internal.reflect.DelegatingMethodAccessorImpl.invoke(DelegatingMethodAccessorImpl.java:43)
	at DecJura-Paquete.run(DecJura-Paquete:22)
	at com.kms.katalon.core.main.ScriptEngine.run(ScriptEngine.java:194)
	at com.kms.katalon.core.main.ScriptEngine.runScriptAsRawText(ScriptEngine.java:119)
	at com.kms.katalon.core.main.TestCaseExecutor.runScript(TestCaseExecutor.java:448)
	at com.kms.katalon.core.main.TestCaseExecutor.doExecute(TestCaseExecutor.java:439)
	at com.kms.katalon.core.main.TestCaseExecutor.processExecutionPhase(TestCaseExecutor.java:418)
	at com.kms.katalon.core.main.TestCaseExecutor.accessMainPhase(TestCaseExecutor.java:410)
	at com.kms.katalon.core.main.TestCaseExecutor.execute(TestCaseExecutor.java:285)
	at com.kms.katalon.core.common.CommonExecutor.accessTestCaseMainPhase(CommonExecutor.java:65)
	at com.kms.katalon.core.main.TestSuiteExecutor.accessTestSuiteMainPhase(TestSuiteExecutor.java:150)
	at com.kms.katalon.core.main.TestSuiteExecutor.execute(TestSuiteExecutor.java:106)
	at com.kms.katalon.core.main.TestCaseMain.startTestSuite(TestCaseMain.java:180)
	at TempTestSuite1732745349578.run(TempTestSuite1732745349578.groovy:35)
	at java.base/jdk.internal.reflect.NativeMethodAccessorImpl.invoke0(Native Method)
	at java.base/jdk.internal.reflect.NativeMethodAccessorImpl.invoke(NativeMethodAccessorImpl.java:77)
	at java.base/jdk.internal.reflect.DelegatingMethodAccessorImpl.invoke(DelegatingMethodAccessorImpl.java:43)
Caused by: org.openqa.selenium.ElementClickInterceptedException: Element <button id="btn_aceptar_tipo_envio" class="btn disabled" type="button"> is not clickable at point (675,588) because another element <div class="modal-footer"> obscures it
Build info: version: '3.141.59', revision: 'unknown', time: 'unknown'
System info: host: 'DESKTOP-RGFFP9A', ip: '10.136.10.6', os.name: 'Windows 11', os.arch: 'amd64', os.version: '10.0', java.version: '17.0.7'
Driver info: com.kms.katalon.core.webui.driver.firefox.CGeckoDriver
Capabilities {acceptInsecureCerts: true, browserName: firefox, browserVersion: 133.0, javascriptEnabled: true, moz:accessibilityChecks: false, moz:buildID: 20241121140525, moz:geckodriverVersion: 0.35.0, moz:headless: false, moz:platformVersion: 10.0, moz:processID: 16608, moz:profile: C:\Users\OLVATI\AppData\Loc..., moz:shutdownTimeout: 60000, moz:webdriverClick: true, moz:windowless: false, pageLoadStrategy: normal, platform: WINDOWS, platformName: WINDOWS, proxy: Proxy(direct), setWindowRect: true, strictFileInteractability: false, timeouts: {implicit: 0, pageLoad: 300000, script: 30000}, unhandledPromptBehavior: dismiss and notify, userAgent: Mozilla/5.0 (Windows NT 10....}
Session ID: a821885e-1deb-4fd2-b650-8016aadfbf17
	at jdk.internal.reflect.GeneratedConstructorAccessor32.newInstance(Unknown Source)
	at java.base/jdk.internal.reflect.DelegatingConstructorAccessorImpl.newInstance(DelegatingConstructorAccessorImpl.java:45)
	at org.openqa.selenium.remote.http.W3CHttpResponseCodec.createException(W3CHttpResponseCodec.java:187)
	at org.openqa.selenium.remote.http.W3CHttpResponseCodec.decode(W3CHttpResponseCodec.java:122)
	at org.openqa.selenium.remote.http.W3CHttpResponseCodec.decode(W3CHttpResponseCodec.java:49)
	at org.openqa.selenium.remote.HttpCommandExecutor.execute(HttpCommandExecutor.java:158)
	at org.openqa.selenium.remote.service.DriverCommandExecutor.execute(DriverCommandExecutor.java:83)
	at org.openqa.selenium.remote.RemoteWebDriver.execute(RemoteWebDriver.java:552)
	at com.kms.katalon.selenium.driver.CFirefoxDriver.execute(CFirefoxDriver.java:28)
	at org.openqa.selenium.remote.RemoteWebElement.execute(RemoteWebElement.java:285)
	at org.openqa.selenium.remote.RemoteWebElement.click(RemoteWebElement.java:84)
	at jdk.internal.reflect.GeneratedMethodAccessor10.invoke(Unknown Source)
	at java.base/jdk.internal.reflect.DelegatingMethodAccessorImpl.invoke(DelegatingMethodAccessorImpl.java:43)
	at org.openqa.selenium.support.events.EventFiringWebDriver$EventFiringWebElement.lambda$new$0(EventFiringWebDriver.java:404)
	at jdk.proxy2/jdk.proxy2.$Proxy21.click(Unknown Source)
	at org.openqa.selenium.support.events.EventFiringWebDriver$EventFiringWebElement.click(EventFiringWebDriver.java:417)
	at org.openqa.selenium.WebElement$click.call(Unknown Source)
	at com.kms.katalon.core.webui.keyword.builtin.ClickKeyword.clickUntilSuccessWithTimeout(ClickKeyword.groovy:81)
	at com.kms.katalon.core.webui.keyword.builtin.ClickKeyword.clickUntilSuccessWithTimeout(ClickKeyword.groovy)
	at jdk.internal.reflect.GeneratedMethodAccessor8.invoke(Unknown Source)
	at java.base/jdk.internal.reflect.DelegatingMethodAccessorImpl.invoke(DelegatingMethodAccessorImpl.java:43)
	at com.kms.katalon.core.webui.keyword.builtin.ClickKeyword$_click_closure1.doCall(ClickKeyword.groovy:67)
	at com.kms.katalon.core.webui.keyword.builtin.ClickKeyword$_click_closure1.call(ClickKeyword.groovy)
	at com.kms.katalon.core.webui.keyword.internal.WebUIKeywordMain.runKeyword(WebUIKeywordMain.groovy:35)
	at com.kms.katalon.core.webui.keyword.builtin.ClickKeyword.click(ClickKeyword.groovy:74)
	at com.kms.katalon.core.webui.keyword.builtin.ClickKeyword.execute(ClickKeyword.groovy:40)
	at com.kms.katalon.core.keyword.internal.KeywordExecutor.executeKeywordForPlatform(KeywordExecutor.groovy:74)
	at com.kms.katalon.core.webui.keyword.WebUiBuiltInKeywords.click(WebUiBuiltInKeywords.groovy:659)
	at Script1732083570761.run(Script1732083570761.groovy:24)
	at com.kms.katalon.core.main.ScriptEngine.run(ScriptEngine.java:194)
	at com.kms.katalon.core.main.ScriptEngine.runScriptAsRawText(ScriptEngine.java:119)
	at com.kms.katalon.core.main.TestCaseExecutor.runScript(TestCaseExecutor.java:448)
	at com.kms.katalon.core.main.TestCaseExecutor.doExecute(TestCaseExecutor.java:439)
	at com.kms.katalon.core.main.TestCaseExecutor.processExecutionPhase(TestCaseExecutor.java:418)
	at com.kms.katalon.core.main.TestCaseExecutor.accessMainPhase(TestCaseExecutor.java:410)
	at com.kms.katalon.core.main.TestCaseExecutor.execute(TestCaseExecutor.java:285)
	at com.kms.katalon.core.main.TestCaseMain.runTestCase(TestCaseMain.java:137)
	at com.kms.katalon.core.keyword.builtin.CallTestCaseKeyword$_callTestCase_closure1.doCall(CallTestCaseKeyword.groovy:59)
	at com.kms.katalon.core.keyword.builtin.CallTestCaseKeyword$_callTestCase_closure1.call(CallTestCaseKeyword.groovy)
	at com.kms.katalon.core.keyword.internal.KeywordMain.runKeyword(KeywordMain.groovy:75)
	at com.kms.katalon.core.keyword.builtin.CallTestCaseKeyword.callTestCase(CallTestCaseKeyword.groovy:81)
	at com.kms.katalon.core.keyword.builtin.CallTestCaseKeyword.execute(CallTestCaseKeyword.groovy:44)
	at com.kms.katalon.core.keyword.internal.KeywordExecutor.executeKeywordForPlatform(KeywordExecutor.groovy:74)
	at com.kms.katalon.core.keyword.BuiltinKeywords.callTestCase(BuiltinKeywords.groovy:310)
	at jdk.internal.reflect.GeneratedMethodAccessor25.invoke(Unknown Source)
	at java.base/jdk.internal.reflect.DelegatingMethodAccessorImpl.invoke(DelegatingMethodAccessorImpl.java:43)
	at Script1732341473542.run(Script1732341473542.groovy:22)
	... 15 more
)

27-11-2024T17:54:59 - [MESSAGE][FAILED] - Unable to click on object 'Object Repository/Principal/Page_Olva Courier  Home/button_CONTINUAR (2)' (Root cause: com.kms.katalon.core.exception.StepFailedException: Unable to click on object 'Object Repository/Principal/Page_Olva Courier  Home/button_CONTINUAR (2)'
	at com.kms.katalon.core.webui.keyword.internal.WebUIKeywordMain.stepFailed(WebUIKeywordMain.groovy:117)
	at com.kms.katalon.core.webui.keyword.internal.WebUIKeywordMain.runKeyword(WebUIKeywordMain.groovy:43)
	at com.kms.katalon.core.webui.keyword.builtin.ClickKeyword.click(ClickKeyword.groovy:74)
	at com.kms.katalon.core.webui.keyword.builtin.ClickKeyword.execute(ClickKeyword.groovy:40)
	at com.kms.katalon.core.keyword.internal.KeywordExecutor.executeKeywordForPlatform(KeywordExecutor.groovy:74)
	at com.kms.katalon.core.webui.keyword.WebUiBuiltInKeywords.click(WebUiBuiltInKeywords.groovy:659)
	at Selec_sobre.run(Selec_sobre:24)
	at com.kms.katalon.core.main.ScriptEngine.run(ScriptEngine.java:194)
	at com.kms.katalon.core.main.ScriptEngine.runScriptAsRawText(ScriptEngine.java:119)
	at com.kms.katalon.core.main.TestCaseExecutor.runScript(TestCaseExecutor.java:448)
	at com.kms.katalon.core.main.TestCaseExecutor.doExecute(TestCaseExecutor.java:439)
	at com.kms.katalon.core.main.TestCaseExecutor.processExecutionPhase(TestCaseExecutor.java:418)
	at com.kms.katalon.core.main.TestCaseExecutor.accessMainPhase(TestCaseExecutor.java:410)
	at com.kms.katalon.core.main.TestCaseExecutor.execute(TestCaseExecutor.java:285)
	at com.kms.katalon.core.main.TestCaseMain.runTestCase(TestCaseMain.java:137)
	at com.kms.katalon.core.keyword.builtin.CallTestCaseKeyword$_callTestCase_closure1.doCall(CallTestCaseKeyword.groovy:59)
	at com.kms.katalon.core.keyword.builtin.CallTestCaseKeyword$_callTestCase_closure1.call(CallTestCaseKeyword.groovy)
	at com.kms.katalon.core.keyword.internal.KeywordMain.runKeyword(KeywordMain.groovy:75)
	at com.kms.katalon.core.keyword.builtin.CallTestCaseKeyword.callTestCase(CallTestCaseKeyword.groovy:81)
	at com.kms.katalon.core.keyword.builtin.CallTestCaseKeyword.execute(CallTestCaseKeyword.groovy:44)
	at com.kms.katalon.core.keyword.internal.KeywordExecutor.executeKeywordForPlatform(KeywordExecutor.groovy:74)
	at com.kms.katalon.core.keyword.BuiltinKeywords.callTestCase(BuiltinKeywords.groovy:310)
	at jdk.internal.reflect.GeneratedMethodAccessor25.invoke(Unknown Source)
	at java.base/jdk.internal.reflect.DelegatingMethodAccessorImpl.invoke(DelegatingMethodAccessorImpl.java:43)
	at DecJura-Paquete.run(DecJura-Paquete:22)
	at com.kms.katalon.core.main.ScriptEngine.run(ScriptEngine.java:194)
	at com.kms.katalon.core.main.ScriptEngine.runScriptAsRawText(ScriptEngine.java:119)
	at com.kms.katalon.core.main.TestCaseExecutor.runScript(TestCaseExecutor.java:448)
	at com.kms.katalon.core.main.TestCaseExecutor.doExecute(TestCaseExecutor.java:439)
	at com.kms.katalon.core.main.TestCaseExecutor.processExecutionPhase(TestCaseExecutor.java:418)
	at com.kms.katalon.core.main.TestCaseExecutor.accessMainPhase(TestCaseExecutor.java:410)
	at com.kms.katalon.core.main.TestCaseExecutor.execute(TestCaseExecutor.java:285)
	at com.kms.katalon.core.common.CommonExecutor.accessTestCaseMainPhase(CommonExecutor.java:65)
	at com.kms.katalon.core.main.TestSuiteExecutor.accessTestSuiteMainPhase(TestSuiteExecutor.java:150)
	at com.kms.katalon.core.main.TestSuiteExecutor.execute(TestSuiteExecutor.java:106)
	at com.kms.katalon.core.main.TestCaseMain.startTestSuite(TestCaseMain.java:180)
	at TempTestSuite1732745349578.run(TempTestSuite1732745349578.groovy:35)
	at java.base/jdk.internal.reflect.NativeMethodAccessorImpl.invoke0(Native Method)
	at java.base/jdk.internal.reflect.NativeMethodAccessorImpl.invoke(NativeMethodAccessorImpl.java:77)
	at java.base/jdk.internal.reflect.DelegatingMethodAccessorImpl.invoke(DelegatingMethodAccessorImpl.java:43)
Caused by: org.openqa.selenium.ElementClickInterceptedException: Element <button id="btn_aceptar_tipo_envio" class="btn disabled" type="button"> is not clickable at point (675,588) because another element <div class="modal-footer"> obscures it
Build info: version: '3.141.59', revision: 'unknown', time: 'unknown'
System info: host: 'DESKTOP-RGFFP9A', ip: '10.136.10.6', os.name: 'Windows 11', os.arch: 'amd64', os.version: '10.0', java.version: '17.0.7'
Driver info: com.kms.katalon.core.webui.driver.firefox.CGeckoDriver
Capabilities {acceptInsecureCerts: true, browserName: firefox, browserVersion: 133.0, javascriptEnabled: true, moz:accessibilityChecks: false, moz:buildID: 20241121140525, moz:geckodriverVersion: 0.35.0, moz:headless: false, moz:platformVersion: 10.0, moz:processID: 16608, moz:profile: C:\Users\OLVATI\AppData\Loc..., moz:shutdownTimeout: 60000, moz:webdriverClick: true, moz:windowless: false, pageLoadStrategy: normal, platform: WINDOWS, platformName: WINDOWS, proxy: Proxy(direct), setWindowRect: true, strictFileInteractability: false, timeouts: {implicit: 0, pageLoad: 300000, script: 30000}, unhandledPromptBehavior: dismiss and notify, userAgent: Mozilla/5.0 (Windows NT 10....}
Session ID: a821885e-1deb-4fd2-b650-8016aadfbf17
	at jdk.internal.reflect.GeneratedConstructorAccessor32.newInstance(Unknown Source)
	at java.base/jdk.internal.reflect.DelegatingConstructorAccessorImpl.newInstance(DelegatingConstructorAccessorImpl.java:45)
	at org.openqa.selenium.remote.http.W3CHttpResponseCodec.createException(W3CHttpResponseCodec.java:187)
	at org.openqa.selenium.remote.http.W3CHttpResponseCodec.decode(W3CHttpResponseCodec.java:122)
	at org.openqa.selenium.remote.http.W3CHttpResponseCodec.decode(W3CHttpResponseCodec.java:49)
	at org.openqa.selenium.remote.HttpCommandExecutor.execute(HttpCommandExecutor.java:158)
	at org.openqa.selenium.remote.service.DriverCommandExecutor.execute(DriverCommandExecutor.java:83)
	at org.openqa.selenium.remote.RemoteWebDriver.execute(RemoteWebDriver.java:552)
	at com.kms.katalon.selenium.driver.CFirefoxDriver.execute(CFirefoxDriver.java:28)
	at org.openqa.selenium.remote.RemoteWebElement.execute(RemoteWebElement.java:285)
	at org.openqa.selenium.remote.RemoteWebElement.click(RemoteWebElement.java:84)
	at jdk.internal.reflect.GeneratedMethodAccessor10.invoke(Unknown Source)
	at java.base/jdk.internal.reflect.DelegatingMethodAccessorImpl.invoke(DelegatingMethodAccessorImpl.java:43)
	at org.openqa.selenium.support.events.EventFiringWebDriver$EventFiringWebElement.lambda$new$0(EventFiringWebDriver.java:404)
	at jdk.proxy2/jdk.proxy2.$Proxy21.click(Unknown Source)
	at org.openqa.selenium.support.events.EventFiringWebDriver$EventFiringWebElement.click(EventFiringWebDriver.java:417)
	at org.openqa.selenium.WebElement$click.call(Unknown Source)
	at com.kms.katalon.core.webui.keyword.builtin.ClickKeyword.clickUntilSuccessWithTimeout(ClickKeyword.groovy:81)
	at com.kms.katalon.core.webui.keyword.builtin.ClickKeyword.clickUntilSuccessWithTimeout(ClickKeyword.groovy)
	at jdk.internal.reflect.GeneratedMethodAccessor8.invoke(Unknown Source)
	at java.base/jdk.internal.reflect.DelegatingMethodAccessorImpl.invoke(DelegatingMethodAccessorImpl.java:43)
	at com.kms.katalon.core.webui.keyword.builtin.ClickKeyword$_click_closure1.doCall(ClickKeyword.groovy:67)
	at com.kms.katalon.core.webui.keyword.builtin.ClickKeyword$_click_closure1.call(ClickKeyword.groovy)
	at com.kms.katalon.core.webui.keyword.internal.WebUIKeywordMain.runKeyword(WebUIKeywordMain.groovy:35)
	at com.kms.katalon.core.webui.keyword.builtin.ClickKeyword.click(ClickKeyword.groovy:74)
	at com.kms.katalon.core.webui.keyword.builtin.ClickKeyword.execute(ClickKeyword.groovy:40)
	at com.kms.katalon.core.keyword.internal.KeywordExecutor.executeKeywordForPlatform(KeywordExecutor.groovy:74)
	at com.kms.katalon.core.webui.keyword.WebUiBuiltInKeywords.click(WebUiBuiltInKeywords.groovy:659)
	at Script1732083570761.run(Script1732083570761.groovy:24)
	at com.kms.katalon.core.main.ScriptEngine.run(ScriptEngine.java:194)
	at com.kms.katalon.core.main.ScriptEngine.runScriptAsRawText(ScriptEngine.java:119)
	at com.kms.katalon.core.main.TestCaseExecutor.runScript(TestCaseExecutor.java:448)
	at com.kms.katalon.core.main.TestCaseExecutor.doExecute(TestCaseExecutor.java:439)
	at com.kms.katalon.core.main.TestCaseExecutor.processExecutionPhase(TestCaseExecutor.java:418)
	at com.kms.katalon.core.main.TestCaseExecutor.accessMainPhase(TestCaseExecutor.java:410)
	at com.kms.katalon.core.main.TestCaseExecutor.execute(TestCaseExecutor.java:285)
	at com.kms.katalon.core.main.TestCaseMain.runTestCase(TestCaseMain.java:137)
	at com.kms.katalon.core.keyword.builtin.CallTestCaseKeyword$_callTestCase_closure1.doCall(CallTestCaseKeyword.groovy:59)
	at com.kms.katalon.core.keyword.builtin.CallTestCaseKeyword$_callTestCase_closure1.call(CallTestCaseKeyword.groovy)
	at com.kms.katalon.core.keyword.internal.KeywordMain.runKeyword(KeywordMain.groovy:75)
	at com.kms.katalon.core.keyword.builtin.CallTestCaseKeyword.callTestCase(CallTestCaseKeyword.groovy:81)
	at com.kms.katalon.core.keyword.builtin.CallTestCaseKeyword.execute(CallTestCaseKeyword.groovy:44)
	at com.kms.katalon.core.keyword.internal.KeywordExecutor.executeKeywordForPlatform(KeywordExecutor.groovy:74)
	at com.kms.katalon.core.keyword.BuiltinKeywords.callTestCase(BuiltinKeywords.groovy:310)
	at jdk.internal.reflect.GeneratedMethodAccessor25.invoke(Unknown Source)
	at java.base/jdk.internal.reflect.DelegatingMethodAccessorImpl.invoke(DelegatingMethodAccessorImpl.java:43)
	at Script1732341473542.run(Script1732341473542.groovy:22)
	... 15 more
)

27-11-2024T17:54:59 - [MESSAGE][FAILED] - Unable to call Test Case 'Test Cases/1.Inicio/1.1Principal/Selec_sobre' (Root cause: com.kms.katalon.core.exception.StepFailedException: Call Test Case 'Test Cases/1.Inicio/1.1Principal/Selec_sobre' failed
	at com.kms.katalon.core.keyword.builtin.CallTestCaseKeyword$_callTestCase_closure1.doCall(CallTestCaseKeyword.groovy:63)
	at com.kms.katalon.core.keyword.builtin.CallTestCaseKeyword$_callTestCase_closure1.call(CallTestCaseKeyword.groovy)
	at com.kms.katalon.core.keyword.internal.KeywordMain.runKeyword(KeywordMain.groovy:75)
	at com.kms.katalon.core.keyword.builtin.CallTestCaseKeyword.callTestCase(CallTestCaseKeyword.groovy:81)
	at com.kms.katalon.core.keyword.builtin.CallTestCaseKeyword.execute(CallTestCaseKeyword.groovy:44)
	at com.kms.katalon.core.keyword.internal.KeywordExecutor.executeKeywordForPlatform(KeywordExecutor.groovy:74)
	at com.kms.katalon.core.keyword.BuiltinKeywords.callTestCase(BuiltinKeywords.groovy:310)
	at jdk.internal.reflect.GeneratedMethodAccessor25.invoke(Unknown Source)
	at java.base/jdk.internal.reflect.DelegatingMethodAccessorImpl.invoke(DelegatingMethodAccessorImpl.java:43)
	at DecJura-Paquete.run(DecJura-Paquete:22)
	at com.kms.katalon.core.main.ScriptEngine.run(ScriptEngine.java:194)
	at com.kms.katalon.core.main.ScriptEngine.runScriptAsRawText(ScriptEngine.java:119)
	at com.kms.katalon.core.main.TestCaseExecutor.runScript(TestCaseExecutor.java:448)
	at com.kms.katalon.core.main.TestCaseExecutor.doExecute(TestCaseExecutor.java:439)
	at com.kms.katalon.core.main.TestCaseExecutor.processExecutionPhase(TestCaseExecutor.java:418)
	at com.kms.katalon.core.main.TestCaseExecutor.accessMainPhase(TestCaseExecutor.java:410)
	at com.kms.katalon.core.main.TestCaseExecutor.execute(TestCaseExecutor.java:285)
	at com.kms.katalon.core.common.CommonExecutor.accessTestCaseMainPhase(CommonExecutor.java:65)
	at com.kms.katalon.core.main.TestSuiteExecutor.accessTestSuiteMainPhase(TestSuiteExecutor.java:150)
	at com.kms.katalon.core.main.TestSuiteExecutor.execute(TestSuiteExecutor.java:106)
	at com.kms.katalon.core.main.TestCaseMain.startTestSuite(TestCaseMain.java:180)
	at TempTestSuite1732745349578.run(TempTestSuite1732745349578.groovy:35)
	at java.base/jdk.internal.reflect.NativeMethodAccessorImpl.invoke0(Native Method)
	at java.base/jdk.internal.reflect.NativeMethodAccessorImpl.invoke(NativeMethodAccessorImpl.java:77)
	at java.base/jdk.internal.reflect.DelegatingMethodAccessorImpl.invoke(DelegatingMethodAccessorImpl.java:43)
Caused by: com.kms.katalon.core.exception.StepFailedException: Unable to click on object 'Object Repository/Principal/Page_Olva Courier  Home/button_CONTINUAR (2)'
	at com.kms.katalon.core.webui.keyword.internal.WebUIKeywordMain.stepFailed(WebUIKeywordMain.groovy:117)
	at com.kms.katalon.core.webui.keyword.internal.WebUIKeywordMain.runKeyword(WebUIKeywordMain.groovy:43)
	at com.kms.katalon.core.webui.keyword.builtin.ClickKeyword.click(ClickKeyword.groovy:74)
	at com.kms.katalon.core.webui.keyword.builtin.ClickKeyword.execute(ClickKeyword.groovy:40)
	at com.kms.katalon.core.keyword.internal.KeywordExecutor.executeKeywordForPlatform(KeywordExecutor.groovy:74)
	at com.kms.katalon.core.webui.keyword.WebUiBuiltInKeywords.click(WebUiBuiltInKeywords.groovy:659)
	at Selec_sobre.run(Selec_sobre:24)
	at com.kms.katalon.core.main.ScriptEngine.run(ScriptEngine.java:194)
	at com.kms.katalon.core.main.ScriptEngine.runScriptAsRawText(ScriptEngine.java:119)
	at com.kms.katalon.core.main.TestCaseExecutor.runScript(TestCaseExecutor.java:448)
	at com.kms.katalon.core.main.TestCaseExecutor.doExecute(TestCaseExecutor.java:439)
	at com.kms.katalon.core.main.TestCaseExecutor.processExecutionPhase(TestCaseExecutor.java:418)
	at com.kms.katalon.core.main.TestCaseExecutor.accessMainPhase(TestCaseExecutor.java:410)
	at com.kms.katalon.core.main.TestCaseExecutor.execute(TestCaseExecutor.java:285)
	at com.kms.katalon.core.main.TestCaseMain.runTestCase(TestCaseMain.java:137)
	at com.kms.katalon.core.keyword.builtin.CallTestCaseKeyword$_callTestCase_closure1.doCall(CallTestCaseKeyword.groovy:59)
	... 24 more
Caused by: org.openqa.selenium.ElementClickInterceptedException: Element <button id="btn_aceptar_tipo_envio" class="btn disabled" type="button"> is not clickable at point (675,588) because another element <div class="modal-footer"> obscures it
Build info: version: '3.141.59', revision: 'unknown', time: 'unknown'
System info: host: 'DESKTOP-RGFFP9A', ip: '10.136.10.6', os.name: 'Windows 11', os.arch: 'amd64', os.version: '10.0', java.version: '17.0.7'
Driver info: com.kms.katalon.core.webui.driver.firefox.CGeckoDriver
Capabilities {acceptInsecureCerts: true, browserName: firefox, browserVersion: 133.0, javascriptEnabled: true, moz:accessibilityChecks: false, moz:buildID: 20241121140525, moz:geckodriverVersion: 0.35.0, moz:headless: false, moz:platformVersion: 10.0, moz:processID: 16608, moz:profile: C:\Users\OLVATI\AppData\Loc..., moz:shutdownTimeout: 60000, moz:webdriverClick: true, moz:windowless: false, pageLoadStrategy: normal, platform: WINDOWS, platformName: WINDOWS, proxy: Proxy(direct), setWindowRect: true, strictFileInteractability: false, timeouts: {implicit: 0, pageLoad: 300000, script: 30000}, unhandledPromptBehavior: dismiss and notify, userAgent: Mozilla/5.0 (Windows NT 10....}
Session ID: a821885e-1deb-4fd2-b650-8016aadfbf17
	at jdk.internal.reflect.GeneratedConstructorAccessor32.newInstance(Unknown Source)
	at java.base/jdk.internal.reflect.DelegatingConstructorAccessorImpl.newInstance(DelegatingConstructorAccessorImpl.java:45)
	at org.openqa.selenium.remote.http.W3CHttpResponseCodec.createException(W3CHttpResponseCodec.java:187)
	at org.openqa.selenium.remote.http.W3CHttpResponseCodec.decode(W3CHttpResponseCodec.java:122)
	at org.openqa.selenium.remote.http.W3CHttpResponseCodec.decode(W3CHttpResponseCodec.java:49)
	at org.openqa.selenium.remote.HttpCommandExecutor.execute(HttpCommandExecutor.java:158)
	at org.openqa.selenium.remote.service.DriverCommandExecutor.execute(DriverCommandExecutor.java:83)
	at org.openqa.selenium.remote.RemoteWebDriver.execute(RemoteWebDriver.java:552)
	at com.kms.katalon.selenium.driver.CFirefoxDriver.execute(CFirefoxDriver.java:28)
	at org.openqa.selenium.remote.RemoteWebElement.execute(RemoteWebElement.java:285)
	at org.openqa.selenium.remote.RemoteWebElement.click(RemoteWebElement.java:84)
	at jdk.internal.reflect.GeneratedMethodAccessor10.invoke(Unknown Source)
	at java.base/jdk.internal.reflect.DelegatingMethodAccessorImpl.invoke(DelegatingMethodAccessorImpl.java:43)
	at org.openqa.selenium.support.events.EventFiringWebDriver$EventFiringWebElement.lambda$new$0(EventFiringWebDriver.java:404)
	at jdk.proxy2/jdk.proxy2.$Proxy21.click(Unknown Source)
	at org.openqa.selenium.support.events.EventFiringWebDriver$EventFiringWebElement.click(EventFiringWebDriver.java:417)
	at org.openqa.selenium.WebElement$click.call(Unknown Source)
	at com.kms.katalon.core.webui.keyword.builtin.ClickKeyword.clickUntilSuccessWithTimeout(ClickKeyword.groovy:81)
	at com.kms.katalon.core.webui.keyword.builtin.ClickKeyword.clickUntilSuccessWithTimeout(ClickKeyword.groovy)
	at jdk.internal.reflect.GeneratedMethodAccessor8.invoke(Unknown Source)
	at java.base/jdk.internal.reflect.DelegatingMethodAccessorImpl.invoke(DelegatingMethodAccessorImpl.java:43)
	at com.kms.katalon.core.webui.keyword.builtin.ClickKeyword$_click_closure1.doCall(ClickKeyword.groovy:67)
	at com.kms.katalon.core.webui.keyword.builtin.ClickKeyword$_click_closure1.call(ClickKeyword.groovy)
	at com.kms.katalon.core.webui.keyword.internal.WebUIKeywordMain.runKeyword(WebUIKeywordMain.groovy:35)
	... 38 more
)]]></system-out>
         <system-err><![CDATA[27-11-2024T17:54:05 - [TEST_CASE][FAILED] - Test Cases/2.Positivos/2.2Sobre/Origen-Provincia/2.Valorado/Entrega_Domicilio/DecJura-Paquete: Test Cases/2.Positivos/2.2Sobre/Origen-Provincia/2.Valorado/Entrega_Domicilio/DecJura-Paquete FAILED.
Reason:
com.kms.katalon.core.exception.StepFailedException: Call Test Case 'Test Cases/1.Inicio/1.1Principal/Selec_sobre' failed
	at com.kms.katalon.core.keyword.builtin.CallTestCaseKeyword$_callTestCase_closure1.doCall(CallTestCaseKeyword.groovy:63)
	at com.kms.katalon.core.keyword.builtin.CallTestCaseKeyword$_callTestCase_closure1.call(CallTestCaseKeyword.groovy)
	at com.kms.katalon.core.keyword.internal.KeywordMain.runKeyword(KeywordMain.groovy:75)
	at com.kms.katalon.core.keyword.builtin.CallTestCaseKeyword.callTestCase(CallTestCaseKeyword.groovy:81)
	at com.kms.katalon.core.keyword.builtin.CallTestCaseKeyword.execute(CallTestCaseKeyword.groovy:44)
	at com.kms.katalon.core.keyword.internal.KeywordExecutor.executeKeywordForPlatform(KeywordExecutor.groovy:74)
	at com.kms.katalon.core.keyword.BuiltinKeywords.callTestCase(BuiltinKeywords.groovy:310)
	at jdk.internal.reflect.GeneratedMethodAccessor25.invoke(Unknown Source)
	at java.base/jdk.internal.reflect.DelegatingMethodAccessorImpl.invoke(DelegatingMethodAccessorImpl.java:43)
	at DecJura-Paquete.run(DecJura-Paquete:22)
	at com.kms.katalon.core.main.ScriptEngine.run(ScriptEngine.java:194)
	at com.kms.katalon.core.main.ScriptEngine.runScriptAsRawText(ScriptEngine.java:119)
	at com.kms.katalon.core.main.TestCaseExecutor.runScript(TestCaseExecutor.java:448)
	at com.kms.katalon.core.main.TestCaseExecutor.doExecute(TestCaseExecutor.java:439)
	at com.kms.katalon.core.main.TestCaseExecutor.processExecutionPhase(TestCaseExecutor.java:418)
	at com.kms.katalon.core.main.TestCaseExecutor.accessMainPhase(TestCaseExecutor.java:410)
	at com.kms.katalon.core.main.TestCaseExecutor.execute(TestCaseExecutor.java:285)
	at com.kms.katalon.core.common.CommonExecutor.accessTestCaseMainPhase(CommonExecutor.java:65)
	at com.kms.katalon.core.main.TestSuiteExecutor.accessTestSuiteMainPhase(TestSuiteExecutor.java:150)
	at com.kms.katalon.core.main.TestSuiteExecutor.execute(TestSuiteExecutor.java:106)
	at com.kms.katalon.core.main.TestCaseMain.startTestSuite(TestCaseMain.java:180)
	at TempTestSuite1732745349578.run(TempTestSuite1732745349578.groovy:35)
	at java.base/jdk.internal.reflect.NativeMethodAccessorImpl.invoke0(Native Method)
	at java.base/jdk.internal.reflect.NativeMethodAccessorImpl.invoke(NativeMethodAccessorImpl.java:77)
	at java.base/jdk.internal.reflect.DelegatingMethodAccessorImpl.invoke(DelegatingMethodAccessorImpl.java:43)
Caused by: com.kms.katalon.core.exception.StepFailedException: Unable to click on object 'Object Repository/Principal/Page_Olva Courier  Home/button_CONTINUAR (2)'
	at com.kms.katalon.core.webui.keyword.internal.WebUIKeywordMain.stepFailed(WebUIKeywordMain.groovy:117)
	at com.kms.katalon.core.webui.keyword.internal.WebUIKeywordMain.runKeyword(WebUIKeywordMain.groovy:43)
	at com.kms.katalon.core.webui.keyword.builtin.ClickKeyword.click(ClickKeyword.groovy:74)
	at com.kms.katalon.core.webui.keyword.builtin.ClickKeyword.execute(ClickKeyword.groovy:40)
	at com.kms.katalon.core.keyword.internal.KeywordExecutor.executeKeywordForPlatform(KeywordExecutor.groovy:74)
	at com.kms.katalon.core.webui.keyword.WebUiBuiltInKeywords.click(WebUiBuiltInKeywords.groovy:659)
	at Selec_sobre.run(Selec_sobre:24)
	at com.kms.katalon.core.main.ScriptEngine.run(ScriptEngine.java:194)
	at com.kms.katalon.core.main.ScriptEngine.runScriptAsRawText(ScriptEngine.java:119)
	at com.kms.katalon.core.main.TestCaseExecutor.runScript(TestCaseExecutor.java:448)
	at com.kms.katalon.core.main.TestCaseExecutor.doExecute(TestCaseExecutor.java:439)
	at com.kms.katalon.core.main.TestCaseExecutor.processExecutionPhase(TestCaseExecutor.java:418)
	at com.kms.katalon.core.main.TestCaseExecutor.accessMainPhase(TestCaseExecutor.java:410)
	at com.kms.katalon.core.main.TestCaseExecutor.execute(TestCaseExecutor.java:285)
	at com.kms.katalon.core.main.TestCaseMain.runTestCase(TestCaseMain.java:137)
	at com.kms.katalon.core.keyword.builtin.CallTestCaseKeyword$_callTestCase_closure1.doCall(CallTestCaseKeyword.groovy:59)
	... 24 more
Caused by: org.openqa.selenium.ElementClickInterceptedException: Element <button id="btn_aceptar_tipo_envio" class="btn disabled" type="button"> is not clickable at point (675,588) because another element <div class="modal-footer"> obscures it
Build info: version: '3.141.59', revision: 'unknown', time: 'unknown'
System info: host: 'DESKTOP-RGFFP9A', ip: '10.136.10.6', os.name: 'Windows 11', os.arch: 'amd64', os.version: '10.0', java.version: '17.0.7'
Driver info: com.kms.katalon.core.webui.driver.firefox.CGeckoDriver
Capabilities {acceptInsecureCerts: true, browserName: firefox, browserVersion: 133.0, javascriptEnabled: true, moz:accessibilityChecks: false, moz:buildID: 20241121140525, moz:geckodriverVersion: 0.35.0, moz:headless: false, moz:platformVersion: 10.0, moz:processID: 16608, moz:profile: C:\Users\OLVATI\AppData\Loc..., moz:shutdownTimeout: 60000, moz:webdriverClick: true, moz:windowless: false, pageLoadStrategy: normal, platform: WINDOWS, platformName: WINDOWS, proxy: Proxy(direct), setWindowRect: true, strictFileInteractability: false, timeouts: {implicit: 0, pageLoad: 300000, script: 30000}, unhandledPromptBehavior: dismiss and notify, userAgent: Mozilla/5.0 (Windows NT 10....}
Session ID: a821885e-1deb-4fd2-b650-8016aadfbf17
	at jdk.internal.reflect.GeneratedConstructorAccessor32.newInstance(Unknown Source)
	at java.base/jdk.internal.reflect.DelegatingConstructorAccessorImpl.newInstance(DelegatingConstructorAccessorImpl.java:45)
	at org.openqa.selenium.remote.http.W3CHttpResponseCodec.createException(W3CHttpResponseCodec.java:187)
	at org.openqa.selenium.remote.http.W3CHttpResponseCodec.decode(W3CHttpResponseCodec.java:122)
	at org.openqa.selenium.remote.http.W3CHttpResponseCodec.decode(W3CHttpResponseCodec.java:49)
	at org.openqa.selenium.remote.HttpCommandExecutor.execute(HttpCommandExecutor.java:158)
	at org.openqa.selenium.remote.service.DriverCommandExecutor.execute(DriverCommandExecutor.java:83)
	at org.openqa.selenium.remote.RemoteWebDriver.execute(RemoteWebDriver.java:552)
	at com.kms.katalon.selenium.driver.CFirefoxDriver.execute(CFirefoxDriver.java:28)
	at org.openqa.selenium.remote.RemoteWebElement.execute(RemoteWebElement.java:285)
	at org.openqa.selenium.remote.RemoteWebElement.click(RemoteWebElement.java:84)
	at jdk.internal.reflect.GeneratedMethodAccessor10.invoke(Unknown Source)
	at java.base/jdk.internal.reflect.DelegatingMethodAccessorImpl.invoke(DelegatingMethodAccessorImpl.java:43)
	at org.openqa.selenium.support.events.EventFiringWebDriver$EventFiringWebElement.lambda$new$0(EventFiringWebDriver.java:404)
	at jdk.proxy2/jdk.proxy2.$Proxy21.click(Unknown Source)
	at org.openqa.selenium.support.events.EventFiringWebDriver$EventFiringWebElement.click(EventFiringWebDriver.java:417)
	at org.openqa.selenium.WebElement$click.call(Unknown Source)
	at com.kms.katalon.core.webui.keyword.builtin.ClickKeyword.clickUntilSuccessWithTimeout(ClickKeyword.groovy:81)
	at com.kms.katalon.core.webui.keyword.builtin.ClickKeyword.clickUntilSuccessWithTimeout(ClickKeyword.groovy)
	at jdk.internal.reflect.GeneratedMethodAccessor8.invoke(Unknown Source)
	at java.base/jdk.internal.reflect.DelegatingMethodAccessorImpl.invoke(DelegatingMethodAccessorImpl.java:43)
	at com.kms.katalon.core.webui.keyword.builtin.ClickKeyword$_click_closure1.doCall(ClickKeyword.groovy:67)
	at com.kms.katalon.core.webui.keyword.builtin.ClickKeyword$_click_closure1.call(ClickKeyword.groovy)
	at com.kms.katalon.core.webui.keyword.internal.WebUIKeywordMain.runKeyword(WebUIKeywordMain.groovy:35)
	... 38 more]]></system-err>
      </testcase>
      <testcase name="Test Cases/2.Positivos/2.2Sobre/Origen-Provincia/1.Nuevo-Cliente/RUC" time="0.037" classname="Test Cases/2.Positivos/2.2Sobre/Origen-Provincia/1.Nuevo-Cliente/RUC" status="PASSED">
         <system-out><![CDATA[27-11-2024T17:55:00 - [TEST_CASE][PASSED] - Test Cases/2.Positivos/2.2Sobre/Origen-Provincia/1.Nuevo-Cliente/RUC: Test Cases/2.Positivos/2.2Sobre/Origen-Provincia/1.Nuevo-Cliente/RUC

27-11-2024T17:55:00 - [TEST_STEP][PASSED] - return null: null]]></system-out>
         <system-err><![CDATA[]]></system-err>
      </testcase>
      <testcase name="Test Cases/2.Positivos/2.2Sobre/Origen-Provincia/1.Nuevo-Cliente/DNI" time="0.049" classname="Test Cases/2.Positivos/2.2Sobre/Origen-Provincia/1.Nuevo-Cliente/DNI" status="PASSED">
         <system-out><![CDATA[27-11-2024T17:55:00 - [TEST_CASE][PASSED] - Test Cases/2.Positivos/2.2Sobre/Origen-Provincia/1.Nuevo-Cliente/DNI: Test Cases/2.Positivos/2.2Sobre/Origen-Provincia/1.Nuevo-Cliente/DNI

27-11-2024T17:55:00 - [TEST_STEP][PASSED] - return null: null]]></system-out>
         <system-err><![CDATA[]]></system-err>
      </testcase>
      <testcase name="Test Cases/2.Positivos/2.2Sobre/Origen-Provincia/1.Nuevo-Cliente/CE" time="0.018" classname="Test Cases/2.Positivos/2.2Sobre/Origen-Provincia/1.Nuevo-Cliente/CE" status="PASSED">
         <system-out><![CDATA[27-11-2024T17:55:00 - [TEST_CASE][PASSED] - Test Cases/2.Positivos/2.2Sobre/Origen-Provincia/1.Nuevo-Cliente/CE: Test Cases/2.Positivos/2.2Sobre/Origen-Provincia/1.Nuevo-Cliente/CE

27-11-2024T17:55:00 - [TEST_STEP][PASSED] - return null: null]]></system-out>
         <system-err><![CDATA[]]></system-err>
      </testcase>
      <testcase name="Test Cases/2.Positivos/2.2Sobre/Origen-Lima/Validar resumen ---" time="58.576" classname="Test Cases/2.Positivos/2.2Sobre/Origen-Lima/Validar resumen ---" status="FAILED">
         <failure type="FAILED" message="Test Cases/2.Positivos/2.2Sobre/Origen-Lima/Validar resumen --- FAILED.&#xa;Reason:&#xa;com.kms.katalon.core.exception.StepFailedException: Call Test Case 'Test Cases/1.Inicio/1.1Principal/Selec_sobre' failed&#xa;	at com.kms.katalon.core.keyword.builtin.CallTestCaseKeyword$_callTestCase_closure1.doCall(CallTestCaseKeyword.groovy:63)&#xa;	at com.kms.katalon.core.keyword.builtin.CallTestCaseKeyword$_callTestCase_closure1.call(CallTestCaseKeyword.groovy)&#xa;	at com.kms.katalon.core.keyword.internal.KeywordMain.runKeyword(KeywordMain.groovy:75)&#xa;	at com.kms.katalon.core.keyword.builtin.CallTestCaseKeyword.callTestCase(CallTestCaseKeyword.groovy:81)&#xa;	at com.kms.katalon.core.keyword.builtin.CallTestCaseKeyword.execute(CallTestCaseKeyword.groovy:44)&#xa;	at com.kms.katalon.core.keyword.internal.KeywordExecutor.executeKeywordForPlatform(KeywordExecutor.groovy:74)&#xa;	at com.kms.katalon.core.keyword.BuiltinKeywords.callTestCase(BuiltinKeywords.groovy:310)&#xa;	at jdk.internal.reflect.GeneratedMethodAccessor25.invoke(Unknown Source)&#xa;	at java.base/jdk.internal.reflect.DelegatingMethodAccessorImpl.invoke(DelegatingMethodAccessorImpl.java:43)&#xa;	at Validar resumen ---.run(Validar resumen ---:22)&#xa;	at com.kms.katalon.core.main.ScriptEngine.run(ScriptEngine.java:194)&#xa;	at com.kms.katalon.core.main.ScriptEngine.runScriptAsRawText(ScriptEngine.java:119)&#xa;	at com.kms.katalon.core.main.TestCaseExecutor.runScript(TestCaseExecutor.java:448)&#xa;	at com.kms.katalon.core.main.TestCaseExecutor.doExecute(TestCaseExecutor.java:439)&#xa;	at com.kms.katalon.core.main.TestCaseExecutor.processExecutionPhase(TestCaseExecutor.java:418)&#xa;	at com.kms.katalon.core.main.TestCaseExecutor.accessMainPhase(TestCaseExecutor.java:410)&#xa;	at com.kms.katalon.core.main.TestCaseExecutor.execute(TestCaseExecutor.java:285)&#xa;	at com.kms.katalon.core.common.CommonExecutor.accessTestCaseMainPhase(CommonExecutor.java:65)&#xa;	at com.kms.katalon.core.main.TestSuiteExecutor.accessTestSuiteMainPhase(TestSuiteExecutor.java:150)&#xa;	at com.kms.katalon.core.main.TestSuiteExecutor.execute(TestSuiteExecutor.java:106)&#xa;	at com.kms.katalon.core.main.TestCaseMain.startTestSuite(TestCaseMain.java:180)&#xa;	at TempTestSuite1732745349578.run(TempTestSuite1732745349578.groovy:35)&#xa;	at java.base/jdk.internal.reflect.NativeMethodAccessorImpl.invoke0(Native Method)&#xa;	at java.base/jdk.internal.reflect.NativeMethodAccessorImpl.invoke(NativeMethodAccessorImpl.java:77)&#xa;	at java.base/jdk.internal.reflect.DelegatingMethodAccessorImpl.invoke(DelegatingMethodAccessorImpl.java:43)&#xa;Caused by: com.kms.katalon.core.exception.StepFailedException: Unable to click on object 'Object Repository/Principal/Page_Olva Courier  Home/button_CONTINUAR (2)'&#xa;	at com.kms.katalon.core.webui.keyword.internal.WebUIKeywordMain.stepFailed(WebUIKeywordMain.groovy:117)&#xa;	at com.kms.katalon.core.webui.keyword.internal.WebUIKeywordMain.runKeyword(WebUIKeywordMain.groovy:43)&#xa;	at com.kms.katalon.core.webui.keyword.builtin.ClickKeyword.click(ClickKeyword.groovy:74)&#xa;	at com.kms.katalon.core.webui.keyword.builtin.ClickKeyword.execute(ClickKeyword.groovy:40)&#xa;	at com.kms.katalon.core.keyword.internal.KeywordExecutor.executeKeywordForPlatform(KeywordExecutor.groovy:74)&#xa;	at com.kms.katalon.core.webui.keyword.WebUiBuiltInKeywords.click(WebUiBuiltInKeywords.groovy:659)&#xa;	at Selec_sobre.run(Selec_sobre:24)&#xa;	at com.kms.katalon.core.main.ScriptEngine.run(ScriptEngine.java:194)&#xa;	at com.kms.katalon.core.main.ScriptEngine.runScriptAsRawText(ScriptEngine.java:119)&#xa;	at com.kms.katalon.core.main.TestCaseExecutor.runScript(TestCaseExecutor.java:448)&#xa;	at com.kms.katalon.core.main.TestCaseExecutor.doExecute(TestCaseExecutor.java:439)&#xa;	at com.kms.katalon.core.main.TestCaseExecutor.processExecutionPhase(TestCaseExecutor.java:418)&#xa;	at com.kms.katalon.core.main.TestCaseExecutor.accessMainPhase(TestCaseExecutor.java:410)&#xa;	at com.kms.katalon.core.main.TestCaseExecutor.execute(TestCaseExecutor.java:285)&#xa;	at com.kms.katalon.core.main.TestCaseMain.runTestCase(TestCaseMain.java:137)&#xa;	at com.kms.katalon.core.keyword.builtin.CallTestCaseKeyword$_callTestCase_closure1.doCall(CallTestCaseKeyword.groovy:59)&#xa;	... 24 more&#xa;Caused by: org.openqa.selenium.ElementClickInterceptedException: Element &lt;button id=&quot;btn_aceptar_tipo_envio&quot; class=&quot;btn disabled&quot; type=&quot;button&quot;> is not clickable at point (675,588) because another element &lt;div class=&quot;modal-footer&quot;> obscures it&#xa;Build info: version: '3.141.59', revision: 'unknown', time: 'unknown'&#xa;System info: host: 'DESKTOP-RGFFP9A', ip: '10.136.10.6', os.name: 'Windows 11', os.arch: 'amd64', os.version: '10.0', java.version: '17.0.7'&#xa;Driver info: com.kms.katalon.core.webui.driver.firefox.CGeckoDriver&#xa;Capabilities {acceptInsecureCerts: true, browserName: firefox, browserVersion: 133.0, javascriptEnabled: true, moz:accessibilityChecks: false, moz:buildID: 20241121140525, moz:geckodriverVersion: 0.35.0, moz:headless: false, moz:platformVersion: 10.0, moz:processID: 23948, moz:profile: C:\Users\OLVATI\AppData\Loc..., moz:shutdownTimeout: 60000, moz:webdriverClick: true, moz:windowless: false, pageLoadStrategy: normal, platform: WINDOWS, platformName: WINDOWS, proxy: Proxy(direct), setWindowRect: true, strictFileInteractability: false, timeouts: {implicit: 0, pageLoad: 300000, script: 30000}, unhandledPromptBehavior: dismiss and notify, userAgent: Mozilla/5.0 (Windows NT 10....}&#xa;Session ID: 486f094e-e709-4450-b451-d5b34dae824c&#xa;	at jdk.internal.reflect.GeneratedConstructorAccessor32.newInstance(Unknown Source)&#xa;	at java.base/jdk.internal.reflect.DelegatingConstructorAccessorImpl.newInstance(DelegatingConstructorAccessorImpl.java:45)&#xa;	at org.openqa.selenium.remote.http.W3CHttpResponseCodec.createException(W3CHttpResponseCodec.java:187)&#xa;	at org.openqa.selenium.remote.http.W3CHttpResponseCodec.decode(W3CHttpResponseCodec.java:122)&#xa;	at org.openqa.selenium.remote.http.W3CHttpResponseCodec.decode(W3CHttpResponseCodec.java:49)&#xa;	at org.openqa.selenium.remote.HttpCommandExecutor.execute(HttpCommandExecutor.java:158)&#xa;	at org.openqa.selenium.remote.service.DriverCommandExecutor.execute(DriverCommandExecutor.java:83)&#xa;	at org.openqa.selenium.remote.RemoteWebDriver.execute(RemoteWebDriver.java:552)&#xa;	at com.kms.katalon.selenium.driver.CFirefoxDriver.execute(CFirefoxDriver.java:28)&#xa;	at org.openqa.selenium.remote.RemoteWebElement.execute(RemoteWebElement.java:285)&#xa;	at org.openqa.selenium.remote.RemoteWebElement.click(RemoteWebElement.java:84)&#xa;	at jdk.internal.reflect.GeneratedMethodAccessor10.invoke(Unknown Source)&#xa;	at java.base/jdk.internal.reflect.DelegatingMethodAccessorImpl.invoke(DelegatingMethodAccessorImpl.java:43)&#xa;	at org.openqa.selenium.support.events.EventFiringWebDriver$EventFiringWebElement.lambda$new$0(EventFiringWebDriver.java:404)&#xa;	at jdk.proxy2/jdk.proxy2.$Proxy21.click(Unknown Source)&#xa;	at org.openqa.selenium.support.events.EventFiringWebDriver$EventFiringWebElement.click(EventFiringWebDriver.java:417)&#xa;	at org.openqa.selenium.WebElement$click.call(Unknown Source)&#xa;	at com.kms.katalon.core.webui.keyword.builtin.ClickKeyword.clickUntilSuccessWithTimeout(ClickKeyword.groovy:81)&#xa;	at com.kms.katalon.core.webui.keyword.builtin.ClickKeyword.clickUntilSuccessWithTimeout(ClickKeyword.groovy)&#xa;	at jdk.internal.reflect.GeneratedMethodAccessor8.invoke(Unknown Source)&#xa;	at java.base/jdk.internal.reflect.DelegatingMethodAccessorImpl.invoke(DelegatingMethodAccessorImpl.java:43)&#xa;	at com.kms.katalon.core.webui.keyword.builtin.ClickKeyword$_click_closure1.doCall(ClickKeyword.groovy:67)&#xa;	at com.kms.katalon.core.webui.keyword.builtin.ClickKeyword$_click_closure1.call(ClickKeyword.groovy)&#xa;	at com.kms.katalon.core.webui.keyword.internal.WebUIKeywordMain.runKeyword(WebUIKeywordMain.groovy:35)&#xa;	... 38 more&#xa;"/>
         <system-out><![CDATA[27-11-2024T17:55:00 - [TEST_CASE][FAILED] - Test Cases/2.Positivos/2.2Sobre/Origen-Lima/Validar resumen ---: Test Cases/2.Positivos/2.2Sobre/Origen-Lima/Validar resumen --- FAILED.
Reason:
com.kms.katalon.core.exception.StepFailedException: Call Test Case 'Test Cases/1.Inicio/1.1Principal/Selec_sobre' failed
	at com.kms.katalon.core.keyword.builtin.CallTestCaseKeyword$_callTestCase_closure1.doCall(CallTestCaseKeyword.groovy:63)
	at com.kms.katalon.core.keyword.builtin.CallTestCaseKeyword$_callTestCase_closure1.call(CallTestCaseKeyword.groovy)
	at com.kms.katalon.core.keyword.internal.KeywordMain.runKeyword(KeywordMain.groovy:75)
	at com.kms.katalon.core.keyword.builtin.CallTestCaseKeyword.callTestCase(CallTestCaseKeyword.groovy:81)
	at com.kms.katalon.core.keyword.builtin.CallTestCaseKeyword.execute(CallTestCaseKeyword.groovy:44)
	at com.kms.katalon.core.keyword.internal.KeywordExecutor.executeKeywordForPlatform(KeywordExecutor.groovy:74)
	at com.kms.katalon.core.keyword.BuiltinKeywords.callTestCase(BuiltinKeywords.groovy:310)
	at jdk.internal.reflect.GeneratedMethodAccessor25.invoke(Unknown Source)
	at java.base/jdk.internal.reflect.DelegatingMethodAccessorImpl.invoke(DelegatingMethodAccessorImpl.java:43)
	at Validar resumen ---.run(Validar resumen ---:22)
	at com.kms.katalon.core.main.ScriptEngine.run(ScriptEngine.java:194)
	at com.kms.katalon.core.main.ScriptEngine.runScriptAsRawText(ScriptEngine.java:119)
	at com.kms.katalon.core.main.TestCaseExecutor.runScript(TestCaseExecutor.java:448)
	at com.kms.katalon.core.main.TestCaseExecutor.doExecute(TestCaseExecutor.java:439)
	at com.kms.katalon.core.main.TestCaseExecutor.processExecutionPhase(TestCaseExecutor.java:418)
	at com.kms.katalon.core.main.TestCaseExecutor.accessMainPhase(TestCaseExecutor.java:410)
	at com.kms.katalon.core.main.TestCaseExecutor.execute(TestCaseExecutor.java:285)
	at com.kms.katalon.core.common.CommonExecutor.accessTestCaseMainPhase(CommonExecutor.java:65)
	at com.kms.katalon.core.main.TestSuiteExecutor.accessTestSuiteMainPhase(TestSuiteExecutor.java:150)
	at com.kms.katalon.core.main.TestSuiteExecutor.execute(TestSuiteExecutor.java:106)
	at com.kms.katalon.core.main.TestCaseMain.startTestSuite(TestCaseMain.java:180)
	at TempTestSuite1732745349578.run(TempTestSuite1732745349578.groovy:35)
	at java.base/jdk.internal.reflect.NativeMethodAccessorImpl.invoke0(Native Method)
	at java.base/jdk.internal.reflect.NativeMethodAccessorImpl.invoke(NativeMethodAccessorImpl.java:77)
	at java.base/jdk.internal.reflect.DelegatingMethodAccessorImpl.invoke(DelegatingMethodAccessorImpl.java:43)
Caused by: com.kms.katalon.core.exception.StepFailedException: Unable to click on object 'Object Repository/Principal/Page_Olva Courier  Home/button_CONTINUAR (2)'
	at com.kms.katalon.core.webui.keyword.internal.WebUIKeywordMain.stepFailed(WebUIKeywordMain.groovy:117)
	at com.kms.katalon.core.webui.keyword.internal.WebUIKeywordMain.runKeyword(WebUIKeywordMain.groovy:43)
	at com.kms.katalon.core.webui.keyword.builtin.ClickKeyword.click(ClickKeyword.groovy:74)
	at com.kms.katalon.core.webui.keyword.builtin.ClickKeyword.execute(ClickKeyword.groovy:40)
	at com.kms.katalon.core.keyword.internal.KeywordExecutor.executeKeywordForPlatform(KeywordExecutor.groovy:74)
	at com.kms.katalon.core.webui.keyword.WebUiBuiltInKeywords.click(WebUiBuiltInKeywords.groovy:659)
	at Selec_sobre.run(Selec_sobre:24)
	at com.kms.katalon.core.main.ScriptEngine.run(ScriptEngine.java:194)
	at com.kms.katalon.core.main.ScriptEngine.runScriptAsRawText(ScriptEngine.java:119)
	at com.kms.katalon.core.main.TestCaseExecutor.runScript(TestCaseExecutor.java:448)
	at com.kms.katalon.core.main.TestCaseExecutor.doExecute(TestCaseExecutor.java:439)
	at com.kms.katalon.core.main.TestCaseExecutor.processExecutionPhase(TestCaseExecutor.java:418)
	at com.kms.katalon.core.main.TestCaseExecutor.accessMainPhase(TestCaseExecutor.java:410)
	at com.kms.katalon.core.main.TestCaseExecutor.execute(TestCaseExecutor.java:285)
	at com.kms.katalon.core.main.TestCaseMain.runTestCase(TestCaseMain.java:137)
	at com.kms.katalon.core.keyword.builtin.CallTestCaseKeyword$_callTestCase_closure1.doCall(CallTestCaseKeyword.groovy:59)
	... 24 more
Caused by: org.openqa.selenium.ElementClickInterceptedException: Element <button id="btn_aceptar_tipo_envio" class="btn disabled" type="button"> is not clickable at point (675,588) because another element <div class="modal-footer"> obscures it
Build info: version: '3.141.59', revision: 'unknown', time: 'unknown'
System info: host: 'DESKTOP-RGFFP9A', ip: '10.136.10.6', os.name: 'Windows 11', os.arch: 'amd64', os.version: '10.0', java.version: '17.0.7'
Driver info: com.kms.katalon.core.webui.driver.firefox.CGeckoDriver
Capabilities {acceptInsecureCerts: true, browserName: firefox, browserVersion: 133.0, javascriptEnabled: true, moz:accessibilityChecks: false, moz:buildID: 20241121140525, moz:geckodriverVersion: 0.35.0, moz:headless: false, moz:platformVersion: 10.0, moz:processID: 23948, moz:profile: C:\Users\OLVATI\AppData\Loc..., moz:shutdownTimeout: 60000, moz:webdriverClick: true, moz:windowless: false, pageLoadStrategy: normal, platform: WINDOWS, platformName: WINDOWS, proxy: Proxy(direct), setWindowRect: true, strictFileInteractability: false, timeouts: {implicit: 0, pageLoad: 300000, script: 30000}, unhandledPromptBehavior: dismiss and notify, userAgent: Mozilla/5.0 (Windows NT 10....}
Session ID: 486f094e-e709-4450-b451-d5b34dae824c
	at jdk.internal.reflect.GeneratedConstructorAccessor32.newInstance(Unknown Source)
	at java.base/jdk.internal.reflect.DelegatingConstructorAccessorImpl.newInstance(DelegatingConstructorAccessorImpl.java:45)
	at org.openqa.selenium.remote.http.W3CHttpResponseCodec.createException(W3CHttpResponseCodec.java:187)
	at org.openqa.selenium.remote.http.W3CHttpResponseCodec.decode(W3CHttpResponseCodec.java:122)
	at org.openqa.selenium.remote.http.W3CHttpResponseCodec.decode(W3CHttpResponseCodec.java:49)
	at org.openqa.selenium.remote.HttpCommandExecutor.execute(HttpCommandExecutor.java:158)
	at org.openqa.selenium.remote.service.DriverCommandExecutor.execute(DriverCommandExecutor.java:83)
	at org.openqa.selenium.remote.RemoteWebDriver.execute(RemoteWebDriver.java:552)
	at com.kms.katalon.selenium.driver.CFirefoxDriver.execute(CFirefoxDriver.java:28)
	at org.openqa.selenium.remote.RemoteWebElement.execute(RemoteWebElement.java:285)
	at org.openqa.selenium.remote.RemoteWebElement.click(RemoteWebElement.java:84)
	at jdk.internal.reflect.GeneratedMethodAccessor10.invoke(Unknown Source)
	at java.base/jdk.internal.reflect.DelegatingMethodAccessorImpl.invoke(DelegatingMethodAccessorImpl.java:43)
	at org.openqa.selenium.support.events.EventFiringWebDriver$EventFiringWebElement.lambda$new$0(EventFiringWebDriver.java:404)
	at jdk.proxy2/jdk.proxy2.$Proxy21.click(Unknown Source)
	at org.openqa.selenium.support.events.EventFiringWebDriver$EventFiringWebElement.click(EventFiringWebDriver.java:417)
	at org.openqa.selenium.WebElement$click.call(Unknown Source)
	at com.kms.katalon.core.webui.keyword.builtin.ClickKeyword.clickUntilSuccessWithTimeout(ClickKeyword.groovy:81)
	at com.kms.katalon.core.webui.keyword.builtin.ClickKeyword.clickUntilSuccessWithTimeout(ClickKeyword.groovy)
	at jdk.internal.reflect.GeneratedMethodAccessor8.invoke(Unknown Source)
	at java.base/jdk.internal.reflect.DelegatingMethodAccessorImpl.invoke(DelegatingMethodAccessorImpl.java:43)
	at com.kms.katalon.core.webui.keyword.builtin.ClickKeyword$_click_closure1.doCall(ClickKeyword.groovy:67)
	at com.kms.katalon.core.webui.keyword.builtin.ClickKeyword$_click_closure1.call(ClickKeyword.groovy)
	at com.kms.katalon.core.webui.keyword.internal.WebUIKeywordMain.runKeyword(WebUIKeywordMain.groovy:35)
	... 38 more


27-11-2024T17:55:00 - [TEST_STEP][PASSED] - callTestCase(findTestCase("1.Inicio/1.1Principal/Principal-home"), [:], STOP_ON_FAILURE): Call Test Case 'Test Cases/1.Inicio/1.1Principal/Principal-home' successfully

27-11-2024T17:55:00 - [TEST_CASE][PASSED] - Test Cases/1.Inicio/1.1Principal/Principal-home: Test Cases/1.Inicio/1.1Principal/Principal-home

27-11-2024T17:55:00 - [TEST_STEP][PASSED] - openBrowser(""): Browser is opened with url: ''

27-11-2024T17:55:00 - [MESSAGE][WARNING] - A browser is already opened. Closing browser and opening a new one

27-11-2024T17:55:03 - [MESSAGE][INFO] - Starting 'Firefox' driver

27-11-2024T17:55:03 - [MESSAGE][INFO] - Action delay is set to 0 milliseconds

27-11-2024T17:55:24 - [MESSAGE][PASSED] - Browser is opened with url: ''

27-11-2024T17:55:24 - [TEST_STEP][PASSED] - navigateToUrl("https://dev01-registrodeenvios.olvacourier.com/principal"): Navigate to 'https://dev01-registrodeenvios.olvacourier.com/principal' successfully

27-11-2024T17:55:26 - [MESSAGE][PASSED] - Navigate to 'https://dev01-registrodeenvios.olvacourier.com/principal' successfully

27-11-2024T17:55:26 - [TEST_STEP][PASSED] - maximizeWindow(): Current window maximized

27-11-2024T17:55:26 - [MESSAGE][PASSED] - Current window maximized

27-11-2024T17:55:26 - [MESSAGE][PASSED] - Call Test Case 'Test Cases/1.Inicio/1.1Principal/Principal-home' successfully

27-11-2024T17:55:26 - [TEST_STEP][FAILED] - callTestCase(findTestCase("1.Inicio/1.1Principal/Selec_sobre"), [:], STOP_ON_FAILURE): Unable to call Test Case 'Test Cases/1.Inicio/1.1Principal/Selec_sobre' (Root cause: com.kms.katalon.core.exception.StepFailedException: Call Test Case 'Test Cases/1.Inicio/1.1Principal/Selec_sobre' failed
	at com.kms.katalon.core.keyword.builtin.CallTestCaseKeyword$_callTestCase_closure1.doCall(CallTestCaseKeyword.groovy:63)
	at com.kms.katalon.core.keyword.builtin.CallTestCaseKeyword$_callTestCase_closure1.call(CallTestCaseKeyword.groovy)
	at com.kms.katalon.core.keyword.internal.KeywordMain.runKeyword(KeywordMain.groovy:75)
	at com.kms.katalon.core.keyword.builtin.CallTestCaseKeyword.callTestCase(CallTestCaseKeyword.groovy:81)
	at com.kms.katalon.core.keyword.builtin.CallTestCaseKeyword.execute(CallTestCaseKeyword.groovy:44)
	at com.kms.katalon.core.keyword.internal.KeywordExecutor.executeKeywordForPlatform(KeywordExecutor.groovy:74)
	at com.kms.katalon.core.keyword.BuiltinKeywords.callTestCase(BuiltinKeywords.groovy:310)
	at jdk.internal.reflect.GeneratedMethodAccessor25.invoke(Unknown Source)
	at java.base/jdk.internal.reflect.DelegatingMethodAccessorImpl.invoke(DelegatingMethodAccessorImpl.java:43)
	at Validar resumen ---.run(Validar resumen ---:22)
	at com.kms.katalon.core.main.ScriptEngine.run(ScriptEngine.java:194)
	at com.kms.katalon.core.main.ScriptEngine.runScriptAsRawText(ScriptEngine.java:119)
	at com.kms.katalon.core.main.TestCaseExecutor.runScript(TestCaseExecutor.java:448)
	at com.kms.katalon.core.main.TestCaseExecutor.doExecute(TestCaseExecutor.java:439)
	at com.kms.katalon.core.main.TestCaseExecutor.processExecutionPhase(TestCaseExecutor.java:418)
	at com.kms.katalon.core.main.TestCaseExecutor.accessMainPhase(TestCaseExecutor.java:410)
	at com.kms.katalon.core.main.TestCaseExecutor.execute(TestCaseExecutor.java:285)
	at com.kms.katalon.core.common.CommonExecutor.accessTestCaseMainPhase(CommonExecutor.java:65)
	at com.kms.katalon.core.main.TestSuiteExecutor.accessTestSuiteMainPhase(TestSuiteExecutor.java:150)
	at com.kms.katalon.core.main.TestSuiteExecutor.execute(TestSuiteExecutor.java:106)
	at com.kms.katalon.core.main.TestCaseMain.startTestSuite(TestCaseMain.java:180)
	at TempTestSuite1732745349578.run(TempTestSuite1732745349578.groovy:35)
	at java.base/jdk.internal.reflect.NativeMethodAccessorImpl.invoke0(Native Method)
	at java.base/jdk.internal.reflect.NativeMethodAccessorImpl.invoke(NativeMethodAccessorImpl.java:77)
	at java.base/jdk.internal.reflect.DelegatingMethodAccessorImpl.invoke(DelegatingMethodAccessorImpl.java:43)
Caused by: com.kms.katalon.core.exception.StepFailedException: Unable to click on object 'Object Repository/Principal/Page_Olva Courier  Home/button_CONTINUAR (2)'
	at com.kms.katalon.core.webui.keyword.internal.WebUIKeywordMain.stepFailed(WebUIKeywordMain.groovy:117)
	at com.kms.katalon.core.webui.keyword.internal.WebUIKeywordMain.runKeyword(WebUIKeywordMain.groovy:43)
	at com.kms.katalon.core.webui.keyword.builtin.ClickKeyword.click(ClickKeyword.groovy:74)
	at com.kms.katalon.core.webui.keyword.builtin.ClickKeyword.execute(ClickKeyword.groovy:40)
	at com.kms.katalon.core.keyword.internal.KeywordExecutor.executeKeywordForPlatform(KeywordExecutor.groovy:74)
	at com.kms.katalon.core.webui.keyword.WebUiBuiltInKeywords.click(WebUiBuiltInKeywords.groovy:659)
	at Selec_sobre.run(Selec_sobre:24)
	at com.kms.katalon.core.main.ScriptEngine.run(ScriptEngine.java:194)
	at com.kms.katalon.core.main.ScriptEngine.runScriptAsRawText(ScriptEngine.java:119)
	at com.kms.katalon.core.main.TestCaseExecutor.runScript(TestCaseExecutor.java:448)
	at com.kms.katalon.core.main.TestCaseExecutor.doExecute(TestCaseExecutor.java:439)
	at com.kms.katalon.core.main.TestCaseExecutor.processExecutionPhase(TestCaseExecutor.java:418)
	at com.kms.katalon.core.main.TestCaseExecutor.accessMainPhase(TestCaseExecutor.java:410)
	at com.kms.katalon.core.main.TestCaseExecutor.execute(TestCaseExecutor.java:285)
	at com.kms.katalon.core.main.TestCaseMain.runTestCase(TestCaseMain.java:137)
	at com.kms.katalon.core.keyword.builtin.CallTestCaseKeyword$_callTestCase_closure1.doCall(CallTestCaseKeyword.groovy:59)
	... 24 more
Caused by: org.openqa.selenium.ElementClickInterceptedException: Element <button id="btn_aceptar_tipo_envio" class="btn disabled" type="button"> is not clickable at point (675,588) because another element <div class="modal-footer"> obscures it
Build info: version: '3.141.59', revision: 'unknown', time: 'unknown'
System info: host: 'DESKTOP-RGFFP9A', ip: '10.136.10.6', os.name: 'Windows 11', os.arch: 'amd64', os.version: '10.0', java.version: '17.0.7'
Driver info: com.kms.katalon.core.webui.driver.firefox.CGeckoDriver
Capabilities {acceptInsecureCerts: true, browserName: firefox, browserVersion: 133.0, javascriptEnabled: true, moz:accessibilityChecks: false, moz:buildID: 20241121140525, moz:geckodriverVersion: 0.35.0, moz:headless: false, moz:platformVersion: 10.0, moz:processID: 23948, moz:profile: C:\Users\OLVATI\AppData\Loc..., moz:shutdownTimeout: 60000, moz:webdriverClick: true, moz:windowless: false, pageLoadStrategy: normal, platform: WINDOWS, platformName: WINDOWS, proxy: Proxy(direct), setWindowRect: true, strictFileInteractability: false, timeouts: {implicit: 0, pageLoad: 300000, script: 30000}, unhandledPromptBehavior: dismiss and notify, userAgent: Mozilla/5.0 (Windows NT 10....}
Session ID: 486f094e-e709-4450-b451-d5b34dae824c
	at jdk.internal.reflect.GeneratedConstructorAccessor32.newInstance(Unknown Source)
	at java.base/jdk.internal.reflect.DelegatingConstructorAccessorImpl.newInstance(DelegatingConstructorAccessorImpl.java:45)
	at org.openqa.selenium.remote.http.W3CHttpResponseCodec.createException(W3CHttpResponseCodec.java:187)
	at org.openqa.selenium.remote.http.W3CHttpResponseCodec.decode(W3CHttpResponseCodec.java:122)
	at org.openqa.selenium.remote.http.W3CHttpResponseCodec.decode(W3CHttpResponseCodec.java:49)
	at org.openqa.selenium.remote.HttpCommandExecutor.execute(HttpCommandExecutor.java:158)
	at org.openqa.selenium.remote.service.DriverCommandExecutor.execute(DriverCommandExecutor.java:83)
	at org.openqa.selenium.remote.RemoteWebDriver.execute(RemoteWebDriver.java:552)
	at com.kms.katalon.selenium.driver.CFirefoxDriver.execute(CFirefoxDriver.java:28)
	at org.openqa.selenium.remote.RemoteWebElement.execute(RemoteWebElement.java:285)
	at org.openqa.selenium.remote.RemoteWebElement.click(RemoteWebElement.java:84)
	at jdk.internal.reflect.GeneratedMethodAccessor10.invoke(Unknown Source)
	at java.base/jdk.internal.reflect.DelegatingMethodAccessorImpl.invoke(DelegatingMethodAccessorImpl.java:43)
	at org.openqa.selenium.support.events.EventFiringWebDriver$EventFiringWebElement.lambda$new$0(EventFiringWebDriver.java:404)
	at jdk.proxy2/jdk.proxy2.$Proxy21.click(Unknown Source)
	at org.openqa.selenium.support.events.EventFiringWebDriver$EventFiringWebElement.click(EventFiringWebDriver.java:417)
	at org.openqa.selenium.WebElement$click.call(Unknown Source)
	at com.kms.katalon.core.webui.keyword.builtin.ClickKeyword.clickUntilSuccessWithTimeout(ClickKeyword.groovy:81)
	at com.kms.katalon.core.webui.keyword.builtin.ClickKeyword.clickUntilSuccessWithTimeout(ClickKeyword.groovy)
	at jdk.internal.reflect.GeneratedMethodAccessor8.invoke(Unknown Source)
	at java.base/jdk.internal.reflect.DelegatingMethodAccessorImpl.invoke(DelegatingMethodAccessorImpl.java:43)
	at com.kms.katalon.core.webui.keyword.builtin.ClickKeyword$_click_closure1.doCall(ClickKeyword.groovy:67)
	at com.kms.katalon.core.webui.keyword.builtin.ClickKeyword$_click_closure1.call(ClickKeyword.groovy)
	at com.kms.katalon.core.webui.keyword.internal.WebUIKeywordMain.runKeyword(WebUIKeywordMain.groovy:35)
	... 38 more
)

27-11-2024T17:55:26 - [TEST_CASE][FAILED] - Test Cases/1.Inicio/1.1Principal/Selec_sobre: Test Cases/1.Inicio/1.1Principal/Selec_sobre FAILED.
Reason:
com.kms.katalon.core.exception.StepFailedException: Unable to click on object 'Object Repository/Principal/Page_Olva Courier  Home/button_CONTINUAR (2)'
	at com.kms.katalon.core.webui.keyword.internal.WebUIKeywordMain.stepFailed(WebUIKeywordMain.groovy:117)
	at com.kms.katalon.core.webui.keyword.internal.WebUIKeywordMain.runKeyword(WebUIKeywordMain.groovy:43)
	at com.kms.katalon.core.webui.keyword.builtin.ClickKeyword.click(ClickKeyword.groovy:74)
	at com.kms.katalon.core.webui.keyword.builtin.ClickKeyword.execute(ClickKeyword.groovy:40)
	at com.kms.katalon.core.keyword.internal.KeywordExecutor.executeKeywordForPlatform(KeywordExecutor.groovy:74)
	at com.kms.katalon.core.webui.keyword.WebUiBuiltInKeywords.click(WebUiBuiltInKeywords.groovy:659)
	at Selec_sobre.run(Selec_sobre:24)
	at com.kms.katalon.core.main.ScriptEngine.run(ScriptEngine.java:194)
	at com.kms.katalon.core.main.ScriptEngine.runScriptAsRawText(ScriptEngine.java:119)
	at com.kms.katalon.core.main.TestCaseExecutor.runScript(TestCaseExecutor.java:448)
	at com.kms.katalon.core.main.TestCaseExecutor.doExecute(TestCaseExecutor.java:439)
	at com.kms.katalon.core.main.TestCaseExecutor.processExecutionPhase(TestCaseExecutor.java:418)
	at com.kms.katalon.core.main.TestCaseExecutor.accessMainPhase(TestCaseExecutor.java:410)
	at com.kms.katalon.core.main.TestCaseExecutor.execute(TestCaseExecutor.java:285)
	at com.kms.katalon.core.main.TestCaseMain.runTestCase(TestCaseMain.java:137)
	at com.kms.katalon.core.keyword.builtin.CallTestCaseKeyword$_callTestCase_closure1.doCall(CallTestCaseKeyword.groovy:59)
	at com.kms.katalon.core.keyword.builtin.CallTestCaseKeyword$_callTestCase_closure1.call(CallTestCaseKeyword.groovy)
	at com.kms.katalon.core.keyword.internal.KeywordMain.runKeyword(KeywordMain.groovy:75)
	at com.kms.katalon.core.keyword.builtin.CallTestCaseKeyword.callTestCase(CallTestCaseKeyword.groovy:81)
	at com.kms.katalon.core.keyword.builtin.CallTestCaseKeyword.execute(CallTestCaseKeyword.groovy:44)
	at com.kms.katalon.core.keyword.internal.KeywordExecutor.executeKeywordForPlatform(KeywordExecutor.groovy:74)
	at com.kms.katalon.core.keyword.BuiltinKeywords.callTestCase(BuiltinKeywords.groovy:310)
	at jdk.internal.reflect.GeneratedMethodAccessor25.invoke(Unknown Source)
	at java.base/jdk.internal.reflect.DelegatingMethodAccessorImpl.invoke(DelegatingMethodAccessorImpl.java:43)
	at Validar resumen ---.run(Validar resumen ---:22)
	at com.kms.katalon.core.main.ScriptEngine.run(ScriptEngine.java:194)
	at com.kms.katalon.core.main.ScriptEngine.runScriptAsRawText(ScriptEngine.java:119)
	at com.kms.katalon.core.main.TestCaseExecutor.runScript(TestCaseExecutor.java:448)
	at com.kms.katalon.core.main.TestCaseExecutor.doExecute(TestCaseExecutor.java:439)
	at com.kms.katalon.core.main.TestCaseExecutor.processExecutionPhase(TestCaseExecutor.java:418)
	at com.kms.katalon.core.main.TestCaseExecutor.accessMainPhase(TestCaseExecutor.java:410)
	at com.kms.katalon.core.main.TestCaseExecutor.execute(TestCaseExecutor.java:285)
	at com.kms.katalon.core.common.CommonExecutor.accessTestCaseMainPhase(CommonExecutor.java:65)
	at com.kms.katalon.core.main.TestSuiteExecutor.accessTestSuiteMainPhase(TestSuiteExecutor.java:150)
	at com.kms.katalon.core.main.TestSuiteExecutor.execute(TestSuiteExecutor.java:106)
	at com.kms.katalon.core.main.TestCaseMain.startTestSuite(TestCaseMain.java:180)
	at TempTestSuite1732745349578.run(TempTestSuite1732745349578.groovy:35)
	at java.base/jdk.internal.reflect.NativeMethodAccessorImpl.invoke0(Native Method)
	at java.base/jdk.internal.reflect.NativeMethodAccessorImpl.invoke(NativeMethodAccessorImpl.java:77)
	at java.base/jdk.internal.reflect.DelegatingMethodAccessorImpl.invoke(DelegatingMethodAccessorImpl.java:43)
Caused by: org.openqa.selenium.ElementClickInterceptedException: Element <button id="btn_aceptar_tipo_envio" class="btn disabled" type="button"> is not clickable at point (675,588) because another element <div class="modal-footer"> obscures it
Build info: version: '3.141.59', revision: 'unknown', time: 'unknown'
System info: host: 'DESKTOP-RGFFP9A', ip: '10.136.10.6', os.name: 'Windows 11', os.arch: 'amd64', os.version: '10.0', java.version: '17.0.7'
Driver info: com.kms.katalon.core.webui.driver.firefox.CGeckoDriver
Capabilities {acceptInsecureCerts: true, browserName: firefox, browserVersion: 133.0, javascriptEnabled: true, moz:accessibilityChecks: false, moz:buildID: 20241121140525, moz:geckodriverVersion: 0.35.0, moz:headless: false, moz:platformVersion: 10.0, moz:processID: 23948, moz:profile: C:\Users\OLVATI\AppData\Loc..., moz:shutdownTimeout: 60000, moz:webdriverClick: true, moz:windowless: false, pageLoadStrategy: normal, platform: WINDOWS, platformName: WINDOWS, proxy: Proxy(direct), setWindowRect: true, strictFileInteractability: false, timeouts: {implicit: 0, pageLoad: 300000, script: 30000}, unhandledPromptBehavior: dismiss and notify, userAgent: Mozilla/5.0 (Windows NT 10....}
Session ID: 486f094e-e709-4450-b451-d5b34dae824c
	at jdk.internal.reflect.GeneratedConstructorAccessor32.newInstance(Unknown Source)
	at java.base/jdk.internal.reflect.DelegatingConstructorAccessorImpl.newInstance(DelegatingConstructorAccessorImpl.java:45)
	at org.openqa.selenium.remote.http.W3CHttpResponseCodec.createException(W3CHttpResponseCodec.java:187)
	at org.openqa.selenium.remote.http.W3CHttpResponseCodec.decode(W3CHttpResponseCodec.java:122)
	at org.openqa.selenium.remote.http.W3CHttpResponseCodec.decode(W3CHttpResponseCodec.java:49)
	at org.openqa.selenium.remote.HttpCommandExecutor.execute(HttpCommandExecutor.java:158)
	at org.openqa.selenium.remote.service.DriverCommandExecutor.execute(DriverCommandExecutor.java:83)
	at org.openqa.selenium.remote.RemoteWebDriver.execute(RemoteWebDriver.java:552)
	at com.kms.katalon.selenium.driver.CFirefoxDriver.execute(CFirefoxDriver.java:28)
	at org.openqa.selenium.remote.RemoteWebElement.execute(RemoteWebElement.java:285)
	at org.openqa.selenium.remote.RemoteWebElement.click(RemoteWebElement.java:84)
	at jdk.internal.reflect.GeneratedMethodAccessor10.invoke(Unknown Source)
	at java.base/jdk.internal.reflect.DelegatingMethodAccessorImpl.invoke(DelegatingMethodAccessorImpl.java:43)
	at org.openqa.selenium.support.events.EventFiringWebDriver$EventFiringWebElement.lambda$new$0(EventFiringWebDriver.java:404)
	at jdk.proxy2/jdk.proxy2.$Proxy21.click(Unknown Source)
	at org.openqa.selenium.support.events.EventFiringWebDriver$EventFiringWebElement.click(EventFiringWebDriver.java:417)
	at org.openqa.selenium.WebElement$click.call(Unknown Source)
	at com.kms.katalon.core.webui.keyword.builtin.ClickKeyword.clickUntilSuccessWithTimeout(ClickKeyword.groovy:81)
	at com.kms.katalon.core.webui.keyword.builtin.ClickKeyword.clickUntilSuccessWithTimeout(ClickKeyword.groovy)
	at jdk.internal.reflect.GeneratedMethodAccessor8.invoke(Unknown Source)
	at java.base/jdk.internal.reflect.DelegatingMethodAccessorImpl.invoke(DelegatingMethodAccessorImpl.java:43)
	at com.kms.katalon.core.webui.keyword.builtin.ClickKeyword$_click_closure1.doCall(ClickKeyword.groovy:67)
	at com.kms.katalon.core.webui.keyword.builtin.ClickKeyword$_click_closure1.call(ClickKeyword.groovy)
	at com.kms.katalon.core.webui.keyword.internal.WebUIKeywordMain.runKeyword(WebUIKeywordMain.groovy:35)
	... 38 more


27-11-2024T17:55:26 - [TEST_STEP][PASSED] - click(findTestObject("Object Repository/Principal/Page_Olva Courier  Home/img_Envo de cajas o paquetescon un peso mxi_37770f")): Object: 'Object Repository/Principal/Page_Olva Courier  Home/img_Envo de cajas o paquetescon un peso mxi_37770f' is clicked on

27-11-2024T17:55:27 - [MESSAGE][PASSED] - Object: 'Object Repository/Principal/Page_Olva Courier  Home/img_Envo de cajas o paquetescon un peso mxi_37770f' is clicked on

27-11-2024T17:55:27 - [TEST_STEP][PASSED] - click(findTestObject("Object Repository/Principal/Page_Olva Courier  Home/label_He ledo y acepto los trminos de uso y_adab65")): Object: 'Object Repository/Principal/Page_Olva Courier  Home/label_He ledo y acepto los trminos de uso y_adab65' is clicked on

27-11-2024T17:55:27 - [MESSAGE][PASSED] - Object: 'Object Repository/Principal/Page_Olva Courier  Home/label_He ledo y acepto los trminos de uso y_adab65' is clicked on

27-11-2024T17:55:27 - [TEST_STEP][FAILED] - click(findTestObject("Object Repository/Principal/Page_Olva Courier  Home/button_CONTINUAR (2)")): Unable to click on object 'Object Repository/Principal/Page_Olva Courier  Home/button_CONTINUAR (2)' (Root cause: com.kms.katalon.core.exception.StepFailedException: Unable to click on object 'Object Repository/Principal/Page_Olva Courier  Home/button_CONTINUAR (2)'
	at com.kms.katalon.core.webui.keyword.internal.WebUIKeywordMain.stepFailed(WebUIKeywordMain.groovy:117)
	at com.kms.katalon.core.webui.keyword.internal.WebUIKeywordMain.runKeyword(WebUIKeywordMain.groovy:43)
	at com.kms.katalon.core.webui.keyword.builtin.ClickKeyword.click(ClickKeyword.groovy:74)
	at com.kms.katalon.core.webui.keyword.builtin.ClickKeyword.execute(ClickKeyword.groovy:40)
	at com.kms.katalon.core.keyword.internal.KeywordExecutor.executeKeywordForPlatform(KeywordExecutor.groovy:74)
	at com.kms.katalon.core.webui.keyword.WebUiBuiltInKeywords.click(WebUiBuiltInKeywords.groovy:659)
	at Selec_sobre.run(Selec_sobre:24)
	at com.kms.katalon.core.main.ScriptEngine.run(ScriptEngine.java:194)
	at com.kms.katalon.core.main.ScriptEngine.runScriptAsRawText(ScriptEngine.java:119)
	at com.kms.katalon.core.main.TestCaseExecutor.runScript(TestCaseExecutor.java:448)
	at com.kms.katalon.core.main.TestCaseExecutor.doExecute(TestCaseExecutor.java:439)
	at com.kms.katalon.core.main.TestCaseExecutor.processExecutionPhase(TestCaseExecutor.java:418)
	at com.kms.katalon.core.main.TestCaseExecutor.accessMainPhase(TestCaseExecutor.java:410)
	at com.kms.katalon.core.main.TestCaseExecutor.execute(TestCaseExecutor.java:285)
	at com.kms.katalon.core.main.TestCaseMain.runTestCase(TestCaseMain.java:137)
	at com.kms.katalon.core.keyword.builtin.CallTestCaseKeyword$_callTestCase_closure1.doCall(CallTestCaseKeyword.groovy:59)
	at com.kms.katalon.core.keyword.builtin.CallTestCaseKeyword$_callTestCase_closure1.call(CallTestCaseKeyword.groovy)
	at com.kms.katalon.core.keyword.internal.KeywordMain.runKeyword(KeywordMain.groovy:75)
	at com.kms.katalon.core.keyword.builtin.CallTestCaseKeyword.callTestCase(CallTestCaseKeyword.groovy:81)
	at com.kms.katalon.core.keyword.builtin.CallTestCaseKeyword.execute(CallTestCaseKeyword.groovy:44)
	at com.kms.katalon.core.keyword.internal.KeywordExecutor.executeKeywordForPlatform(KeywordExecutor.groovy:74)
	at com.kms.katalon.core.keyword.BuiltinKeywords.callTestCase(BuiltinKeywords.groovy:310)
	at jdk.internal.reflect.GeneratedMethodAccessor25.invoke(Unknown Source)
	at java.base/jdk.internal.reflect.DelegatingMethodAccessorImpl.invoke(DelegatingMethodAccessorImpl.java:43)
	at Validar resumen ---.run(Validar resumen ---:22)
	at com.kms.katalon.core.main.ScriptEngine.run(ScriptEngine.java:194)
	at com.kms.katalon.core.main.ScriptEngine.runScriptAsRawText(ScriptEngine.java:119)
	at com.kms.katalon.core.main.TestCaseExecutor.runScript(TestCaseExecutor.java:448)
	at com.kms.katalon.core.main.TestCaseExecutor.doExecute(TestCaseExecutor.java:439)
	at com.kms.katalon.core.main.TestCaseExecutor.processExecutionPhase(TestCaseExecutor.java:418)
	at com.kms.katalon.core.main.TestCaseExecutor.accessMainPhase(TestCaseExecutor.java:410)
	at com.kms.katalon.core.main.TestCaseExecutor.execute(TestCaseExecutor.java:285)
	at com.kms.katalon.core.common.CommonExecutor.accessTestCaseMainPhase(CommonExecutor.java:65)
	at com.kms.katalon.core.main.TestSuiteExecutor.accessTestSuiteMainPhase(TestSuiteExecutor.java:150)
	at com.kms.katalon.core.main.TestSuiteExecutor.execute(TestSuiteExecutor.java:106)
	at com.kms.katalon.core.main.TestCaseMain.startTestSuite(TestCaseMain.java:180)
	at TempTestSuite1732745349578.run(TempTestSuite1732745349578.groovy:35)
	at java.base/jdk.internal.reflect.NativeMethodAccessorImpl.invoke0(Native Method)
	at java.base/jdk.internal.reflect.NativeMethodAccessorImpl.invoke(NativeMethodAccessorImpl.java:77)
	at java.base/jdk.internal.reflect.DelegatingMethodAccessorImpl.invoke(DelegatingMethodAccessorImpl.java:43)
Caused by: org.openqa.selenium.ElementClickInterceptedException: Element <button id="btn_aceptar_tipo_envio" class="btn disabled" type="button"> is not clickable at point (675,588) because another element <div class="modal-footer"> obscures it
Build info: version: '3.141.59', revision: 'unknown', time: 'unknown'
System info: host: 'DESKTOP-RGFFP9A', ip: '10.136.10.6', os.name: 'Windows 11', os.arch: 'amd64', os.version: '10.0', java.version: '17.0.7'
Driver info: com.kms.katalon.core.webui.driver.firefox.CGeckoDriver
Capabilities {acceptInsecureCerts: true, browserName: firefox, browserVersion: 133.0, javascriptEnabled: true, moz:accessibilityChecks: false, moz:buildID: 20241121140525, moz:geckodriverVersion: 0.35.0, moz:headless: false, moz:platformVersion: 10.0, moz:processID: 23948, moz:profile: C:\Users\OLVATI\AppData\Loc..., moz:shutdownTimeout: 60000, moz:webdriverClick: true, moz:windowless: false, pageLoadStrategy: normal, platform: WINDOWS, platformName: WINDOWS, proxy: Proxy(direct), setWindowRect: true, strictFileInteractability: false, timeouts: {implicit: 0, pageLoad: 300000, script: 30000}, unhandledPromptBehavior: dismiss and notify, userAgent: Mozilla/5.0 (Windows NT 10....}
Session ID: 486f094e-e709-4450-b451-d5b34dae824c
	at jdk.internal.reflect.GeneratedConstructorAccessor32.newInstance(Unknown Source)
	at java.base/jdk.internal.reflect.DelegatingConstructorAccessorImpl.newInstance(DelegatingConstructorAccessorImpl.java:45)
	at org.openqa.selenium.remote.http.W3CHttpResponseCodec.createException(W3CHttpResponseCodec.java:187)
	at org.openqa.selenium.remote.http.W3CHttpResponseCodec.decode(W3CHttpResponseCodec.java:122)
	at org.openqa.selenium.remote.http.W3CHttpResponseCodec.decode(W3CHttpResponseCodec.java:49)
	at org.openqa.selenium.remote.HttpCommandExecutor.execute(HttpCommandExecutor.java:158)
	at org.openqa.selenium.remote.service.DriverCommandExecutor.execute(DriverCommandExecutor.java:83)
	at org.openqa.selenium.remote.RemoteWebDriver.execute(RemoteWebDriver.java:552)
	at com.kms.katalon.selenium.driver.CFirefoxDriver.execute(CFirefoxDriver.java:28)
	at org.openqa.selenium.remote.RemoteWebElement.execute(RemoteWebElement.java:285)
	at org.openqa.selenium.remote.RemoteWebElement.click(RemoteWebElement.java:84)
	at jdk.internal.reflect.GeneratedMethodAccessor10.invoke(Unknown Source)
	at java.base/jdk.internal.reflect.DelegatingMethodAccessorImpl.invoke(DelegatingMethodAccessorImpl.java:43)
	at org.openqa.selenium.support.events.EventFiringWebDriver$EventFiringWebElement.lambda$new$0(EventFiringWebDriver.java:404)
	at jdk.proxy2/jdk.proxy2.$Proxy21.click(Unknown Source)
	at org.openqa.selenium.support.events.EventFiringWebDriver$EventFiringWebElement.click(EventFiringWebDriver.java:417)
	at org.openqa.selenium.WebElement$click.call(Unknown Source)
	at com.kms.katalon.core.webui.keyword.builtin.ClickKeyword.clickUntilSuccessWithTimeout(ClickKeyword.groovy:81)
	at com.kms.katalon.core.webui.keyword.builtin.ClickKeyword.clickUntilSuccessWithTimeout(ClickKeyword.groovy)
	at jdk.internal.reflect.GeneratedMethodAccessor8.invoke(Unknown Source)
	at java.base/jdk.internal.reflect.DelegatingMethodAccessorImpl.invoke(DelegatingMethodAccessorImpl.java:43)
	at com.kms.katalon.core.webui.keyword.builtin.ClickKeyword$_click_closure1.doCall(ClickKeyword.groovy:67)
	at com.kms.katalon.core.webui.keyword.builtin.ClickKeyword$_click_closure1.call(ClickKeyword.groovy)
	at com.kms.katalon.core.webui.keyword.internal.WebUIKeywordMain.runKeyword(WebUIKeywordMain.groovy:35)
	at com.kms.katalon.core.webui.keyword.builtin.ClickKeyword.click(ClickKeyword.groovy:74)
	at com.kms.katalon.core.webui.keyword.builtin.ClickKeyword.execute(ClickKeyword.groovy:40)
	at com.kms.katalon.core.keyword.internal.KeywordExecutor.executeKeywordForPlatform(KeywordExecutor.groovy:74)
	at com.kms.katalon.core.webui.keyword.WebUiBuiltInKeywords.click(WebUiBuiltInKeywords.groovy:659)
	at Script1732083570761.run(Script1732083570761.groovy:24)
	at com.kms.katalon.core.main.ScriptEngine.run(ScriptEngine.java:194)
	at com.kms.katalon.core.main.ScriptEngine.runScriptAsRawText(ScriptEngine.java:119)
	at com.kms.katalon.core.main.TestCaseExecutor.runScript(TestCaseExecutor.java:448)
	at com.kms.katalon.core.main.TestCaseExecutor.doExecute(TestCaseExecutor.java:439)
	at com.kms.katalon.core.main.TestCaseExecutor.processExecutionPhase(TestCaseExecutor.java:418)
	at com.kms.katalon.core.main.TestCaseExecutor.accessMainPhase(TestCaseExecutor.java:410)
	at com.kms.katalon.core.main.TestCaseExecutor.execute(TestCaseExecutor.java:285)
	at com.kms.katalon.core.main.TestCaseMain.runTestCase(TestCaseMain.java:137)
	at com.kms.katalon.core.keyword.builtin.CallTestCaseKeyword$_callTestCase_closure1.doCall(CallTestCaseKeyword.groovy:59)
	at com.kms.katalon.core.keyword.builtin.CallTestCaseKeyword$_callTestCase_closure1.call(CallTestCaseKeyword.groovy)
	at com.kms.katalon.core.keyword.internal.KeywordMain.runKeyword(KeywordMain.groovy:75)
	at com.kms.katalon.core.keyword.builtin.CallTestCaseKeyword.callTestCase(CallTestCaseKeyword.groovy:81)
	at com.kms.katalon.core.keyword.builtin.CallTestCaseKeyword.execute(CallTestCaseKeyword.groovy:44)
	at com.kms.katalon.core.keyword.internal.KeywordExecutor.executeKeywordForPlatform(KeywordExecutor.groovy:74)
	at com.kms.katalon.core.keyword.BuiltinKeywords.callTestCase(BuiltinKeywords.groovy:310)
	at jdk.internal.reflect.GeneratedMethodAccessor25.invoke(Unknown Source)
	at java.base/jdk.internal.reflect.DelegatingMethodAccessorImpl.invoke(DelegatingMethodAccessorImpl.java:43)
	at Script1732341471851.run(Script1732341471851.groovy:22)
	... 15 more
)

27-11-2024T17:55:58 - [MESSAGE][FAILED] - Unable to click on object 'Object Repository/Principal/Page_Olva Courier  Home/button_CONTINUAR (2)' (Root cause: com.kms.katalon.core.exception.StepFailedException: Unable to click on object 'Object Repository/Principal/Page_Olva Courier  Home/button_CONTINUAR (2)'
	at com.kms.katalon.core.webui.keyword.internal.WebUIKeywordMain.stepFailed(WebUIKeywordMain.groovy:117)
	at com.kms.katalon.core.webui.keyword.internal.WebUIKeywordMain.runKeyword(WebUIKeywordMain.groovy:43)
	at com.kms.katalon.core.webui.keyword.builtin.ClickKeyword.click(ClickKeyword.groovy:74)
	at com.kms.katalon.core.webui.keyword.builtin.ClickKeyword.execute(ClickKeyword.groovy:40)
	at com.kms.katalon.core.keyword.internal.KeywordExecutor.executeKeywordForPlatform(KeywordExecutor.groovy:74)
	at com.kms.katalon.core.webui.keyword.WebUiBuiltInKeywords.click(WebUiBuiltInKeywords.groovy:659)
	at Selec_sobre.run(Selec_sobre:24)
	at com.kms.katalon.core.main.ScriptEngine.run(ScriptEngine.java:194)
	at com.kms.katalon.core.main.ScriptEngine.runScriptAsRawText(ScriptEngine.java:119)
	at com.kms.katalon.core.main.TestCaseExecutor.runScript(TestCaseExecutor.java:448)
	at com.kms.katalon.core.main.TestCaseExecutor.doExecute(TestCaseExecutor.java:439)
	at com.kms.katalon.core.main.TestCaseExecutor.processExecutionPhase(TestCaseExecutor.java:418)
	at com.kms.katalon.core.main.TestCaseExecutor.accessMainPhase(TestCaseExecutor.java:410)
	at com.kms.katalon.core.main.TestCaseExecutor.execute(TestCaseExecutor.java:285)
	at com.kms.katalon.core.main.TestCaseMain.runTestCase(TestCaseMain.java:137)
	at com.kms.katalon.core.keyword.builtin.CallTestCaseKeyword$_callTestCase_closure1.doCall(CallTestCaseKeyword.groovy:59)
	at com.kms.katalon.core.keyword.builtin.CallTestCaseKeyword$_callTestCase_closure1.call(CallTestCaseKeyword.groovy)
	at com.kms.katalon.core.keyword.internal.KeywordMain.runKeyword(KeywordMain.groovy:75)
	at com.kms.katalon.core.keyword.builtin.CallTestCaseKeyword.callTestCase(CallTestCaseKeyword.groovy:81)
	at com.kms.katalon.core.keyword.builtin.CallTestCaseKeyword.execute(CallTestCaseKeyword.groovy:44)
	at com.kms.katalon.core.keyword.internal.KeywordExecutor.executeKeywordForPlatform(KeywordExecutor.groovy:74)
	at com.kms.katalon.core.keyword.BuiltinKeywords.callTestCase(BuiltinKeywords.groovy:310)
	at jdk.internal.reflect.GeneratedMethodAccessor25.invoke(Unknown Source)
	at java.base/jdk.internal.reflect.DelegatingMethodAccessorImpl.invoke(DelegatingMethodAccessorImpl.java:43)
	at Validar resumen ---.run(Validar resumen ---:22)
	at com.kms.katalon.core.main.ScriptEngine.run(ScriptEngine.java:194)
	at com.kms.katalon.core.main.ScriptEngine.runScriptAsRawText(ScriptEngine.java:119)
	at com.kms.katalon.core.main.TestCaseExecutor.runScript(TestCaseExecutor.java:448)
	at com.kms.katalon.core.main.TestCaseExecutor.doExecute(TestCaseExecutor.java:439)
	at com.kms.katalon.core.main.TestCaseExecutor.processExecutionPhase(TestCaseExecutor.java:418)
	at com.kms.katalon.core.main.TestCaseExecutor.accessMainPhase(TestCaseExecutor.java:410)
	at com.kms.katalon.core.main.TestCaseExecutor.execute(TestCaseExecutor.java:285)
	at com.kms.katalon.core.common.CommonExecutor.accessTestCaseMainPhase(CommonExecutor.java:65)
	at com.kms.katalon.core.main.TestSuiteExecutor.accessTestSuiteMainPhase(TestSuiteExecutor.java:150)
	at com.kms.katalon.core.main.TestSuiteExecutor.execute(TestSuiteExecutor.java:106)
	at com.kms.katalon.core.main.TestCaseMain.startTestSuite(TestCaseMain.java:180)
	at TempTestSuite1732745349578.run(TempTestSuite1732745349578.groovy:35)
	at java.base/jdk.internal.reflect.NativeMethodAccessorImpl.invoke0(Native Method)
	at java.base/jdk.internal.reflect.NativeMethodAccessorImpl.invoke(NativeMethodAccessorImpl.java:77)
	at java.base/jdk.internal.reflect.DelegatingMethodAccessorImpl.invoke(DelegatingMethodAccessorImpl.java:43)
Caused by: org.openqa.selenium.ElementClickInterceptedException: Element <button id="btn_aceptar_tipo_envio" class="btn disabled" type="button"> is not clickable at point (675,588) because another element <div class="modal-footer"> obscures it
Build info: version: '3.141.59', revision: 'unknown', time: 'unknown'
System info: host: 'DESKTOP-RGFFP9A', ip: '10.136.10.6', os.name: 'Windows 11', os.arch: 'amd64', os.version: '10.0', java.version: '17.0.7'
Driver info: com.kms.katalon.core.webui.driver.firefox.CGeckoDriver
Capabilities {acceptInsecureCerts: true, browserName: firefox, browserVersion: 133.0, javascriptEnabled: true, moz:accessibilityChecks: false, moz:buildID: 20241121140525, moz:geckodriverVersion: 0.35.0, moz:headless: false, moz:platformVersion: 10.0, moz:processID: 23948, moz:profile: C:\Users\OLVATI\AppData\Loc..., moz:shutdownTimeout: 60000, moz:webdriverClick: true, moz:windowless: false, pageLoadStrategy: normal, platform: WINDOWS, platformName: WINDOWS, proxy: Proxy(direct), setWindowRect: true, strictFileInteractability: false, timeouts: {implicit: 0, pageLoad: 300000, script: 30000}, unhandledPromptBehavior: dismiss and notify, userAgent: Mozilla/5.0 (Windows NT 10....}
Session ID: 486f094e-e709-4450-b451-d5b34dae824c
	at jdk.internal.reflect.GeneratedConstructorAccessor32.newInstance(Unknown Source)
	at java.base/jdk.internal.reflect.DelegatingConstructorAccessorImpl.newInstance(DelegatingConstructorAccessorImpl.java:45)
	at org.openqa.selenium.remote.http.W3CHttpResponseCodec.createException(W3CHttpResponseCodec.java:187)
	at org.openqa.selenium.remote.http.W3CHttpResponseCodec.decode(W3CHttpResponseCodec.java:122)
	at org.openqa.selenium.remote.http.W3CHttpResponseCodec.decode(W3CHttpResponseCodec.java:49)
	at org.openqa.selenium.remote.HttpCommandExecutor.execute(HttpCommandExecutor.java:158)
	at org.openqa.selenium.remote.service.DriverCommandExecutor.execute(DriverCommandExecutor.java:83)
	at org.openqa.selenium.remote.RemoteWebDriver.execute(RemoteWebDriver.java:552)
	at com.kms.katalon.selenium.driver.CFirefoxDriver.execute(CFirefoxDriver.java:28)
	at org.openqa.selenium.remote.RemoteWebElement.execute(RemoteWebElement.java:285)
	at org.openqa.selenium.remote.RemoteWebElement.click(RemoteWebElement.java:84)
	at jdk.internal.reflect.GeneratedMethodAccessor10.invoke(Unknown Source)
	at java.base/jdk.internal.reflect.DelegatingMethodAccessorImpl.invoke(DelegatingMethodAccessorImpl.java:43)
	at org.openqa.selenium.support.events.EventFiringWebDriver$EventFiringWebElement.lambda$new$0(EventFiringWebDriver.java:404)
	at jdk.proxy2/jdk.proxy2.$Proxy21.click(Unknown Source)
	at org.openqa.selenium.support.events.EventFiringWebDriver$EventFiringWebElement.click(EventFiringWebDriver.java:417)
	at org.openqa.selenium.WebElement$click.call(Unknown Source)
	at com.kms.katalon.core.webui.keyword.builtin.ClickKeyword.clickUntilSuccessWithTimeout(ClickKeyword.groovy:81)
	at com.kms.katalon.core.webui.keyword.builtin.ClickKeyword.clickUntilSuccessWithTimeout(ClickKeyword.groovy)
	at jdk.internal.reflect.GeneratedMethodAccessor8.invoke(Unknown Source)
	at java.base/jdk.internal.reflect.DelegatingMethodAccessorImpl.invoke(DelegatingMethodAccessorImpl.java:43)
	at com.kms.katalon.core.webui.keyword.builtin.ClickKeyword$_click_closure1.doCall(ClickKeyword.groovy:67)
	at com.kms.katalon.core.webui.keyword.builtin.ClickKeyword$_click_closure1.call(ClickKeyword.groovy)
	at com.kms.katalon.core.webui.keyword.internal.WebUIKeywordMain.runKeyword(WebUIKeywordMain.groovy:35)
	at com.kms.katalon.core.webui.keyword.builtin.ClickKeyword.click(ClickKeyword.groovy:74)
	at com.kms.katalon.core.webui.keyword.builtin.ClickKeyword.execute(ClickKeyword.groovy:40)
	at com.kms.katalon.core.keyword.internal.KeywordExecutor.executeKeywordForPlatform(KeywordExecutor.groovy:74)
	at com.kms.katalon.core.webui.keyword.WebUiBuiltInKeywords.click(WebUiBuiltInKeywords.groovy:659)
	at Script1732083570761.run(Script1732083570761.groovy:24)
	at com.kms.katalon.core.main.ScriptEngine.run(ScriptEngine.java:194)
	at com.kms.katalon.core.main.ScriptEngine.runScriptAsRawText(ScriptEngine.java:119)
	at com.kms.katalon.core.main.TestCaseExecutor.runScript(TestCaseExecutor.java:448)
	at com.kms.katalon.core.main.TestCaseExecutor.doExecute(TestCaseExecutor.java:439)
	at com.kms.katalon.core.main.TestCaseExecutor.processExecutionPhase(TestCaseExecutor.java:418)
	at com.kms.katalon.core.main.TestCaseExecutor.accessMainPhase(TestCaseExecutor.java:410)
	at com.kms.katalon.core.main.TestCaseExecutor.execute(TestCaseExecutor.java:285)
	at com.kms.katalon.core.main.TestCaseMain.runTestCase(TestCaseMain.java:137)
	at com.kms.katalon.core.keyword.builtin.CallTestCaseKeyword$_callTestCase_closure1.doCall(CallTestCaseKeyword.groovy:59)
	at com.kms.katalon.core.keyword.builtin.CallTestCaseKeyword$_callTestCase_closure1.call(CallTestCaseKeyword.groovy)
	at com.kms.katalon.core.keyword.internal.KeywordMain.runKeyword(KeywordMain.groovy:75)
	at com.kms.katalon.core.keyword.builtin.CallTestCaseKeyword.callTestCase(CallTestCaseKeyword.groovy:81)
	at com.kms.katalon.core.keyword.builtin.CallTestCaseKeyword.execute(CallTestCaseKeyword.groovy:44)
	at com.kms.katalon.core.keyword.internal.KeywordExecutor.executeKeywordForPlatform(KeywordExecutor.groovy:74)
	at com.kms.katalon.core.keyword.BuiltinKeywords.callTestCase(BuiltinKeywords.groovy:310)
	at jdk.internal.reflect.GeneratedMethodAccessor25.invoke(Unknown Source)
	at java.base/jdk.internal.reflect.DelegatingMethodAccessorImpl.invoke(DelegatingMethodAccessorImpl.java:43)
	at Script1732341471851.run(Script1732341471851.groovy:22)
	... 15 more
)

27-11-2024T17:55:58 - [MESSAGE][FAILED] - Unable to call Test Case 'Test Cases/1.Inicio/1.1Principal/Selec_sobre' (Root cause: com.kms.katalon.core.exception.StepFailedException: Call Test Case 'Test Cases/1.Inicio/1.1Principal/Selec_sobre' failed
	at com.kms.katalon.core.keyword.builtin.CallTestCaseKeyword$_callTestCase_closure1.doCall(CallTestCaseKeyword.groovy:63)
	at com.kms.katalon.core.keyword.builtin.CallTestCaseKeyword$_callTestCase_closure1.call(CallTestCaseKeyword.groovy)
	at com.kms.katalon.core.keyword.internal.KeywordMain.runKeyword(KeywordMain.groovy:75)
	at com.kms.katalon.core.keyword.builtin.CallTestCaseKeyword.callTestCase(CallTestCaseKeyword.groovy:81)
	at com.kms.katalon.core.keyword.builtin.CallTestCaseKeyword.execute(CallTestCaseKeyword.groovy:44)
	at com.kms.katalon.core.keyword.internal.KeywordExecutor.executeKeywordForPlatform(KeywordExecutor.groovy:74)
	at com.kms.katalon.core.keyword.BuiltinKeywords.callTestCase(BuiltinKeywords.groovy:310)
	at jdk.internal.reflect.GeneratedMethodAccessor25.invoke(Unknown Source)
	at java.base/jdk.internal.reflect.DelegatingMethodAccessorImpl.invoke(DelegatingMethodAccessorImpl.java:43)
	at Validar resumen ---.run(Validar resumen ---:22)
	at com.kms.katalon.core.main.ScriptEngine.run(ScriptEngine.java:194)
	at com.kms.katalon.core.main.ScriptEngine.runScriptAsRawText(ScriptEngine.java:119)
	at com.kms.katalon.core.main.TestCaseExecutor.runScript(TestCaseExecutor.java:448)
	at com.kms.katalon.core.main.TestCaseExecutor.doExecute(TestCaseExecutor.java:439)
	at com.kms.katalon.core.main.TestCaseExecutor.processExecutionPhase(TestCaseExecutor.java:418)
	at com.kms.katalon.core.main.TestCaseExecutor.accessMainPhase(TestCaseExecutor.java:410)
	at com.kms.katalon.core.main.TestCaseExecutor.execute(TestCaseExecutor.java:285)
	at com.kms.katalon.core.common.CommonExecutor.accessTestCaseMainPhase(CommonExecutor.java:65)
	at com.kms.katalon.core.main.TestSuiteExecutor.accessTestSuiteMainPhase(TestSuiteExecutor.java:150)
	at com.kms.katalon.core.main.TestSuiteExecutor.execute(TestSuiteExecutor.java:106)
	at com.kms.katalon.core.main.TestCaseMain.startTestSuite(TestCaseMain.java:180)
	at TempTestSuite1732745349578.run(TempTestSuite1732745349578.groovy:35)
	at java.base/jdk.internal.reflect.NativeMethodAccessorImpl.invoke0(Native Method)
	at java.base/jdk.internal.reflect.NativeMethodAccessorImpl.invoke(NativeMethodAccessorImpl.java:77)
	at java.base/jdk.internal.reflect.DelegatingMethodAccessorImpl.invoke(DelegatingMethodAccessorImpl.java:43)
Caused by: com.kms.katalon.core.exception.StepFailedException: Unable to click on object 'Object Repository/Principal/Page_Olva Courier  Home/button_CONTINUAR (2)'
	at com.kms.katalon.core.webui.keyword.internal.WebUIKeywordMain.stepFailed(WebUIKeywordMain.groovy:117)
	at com.kms.katalon.core.webui.keyword.internal.WebUIKeywordMain.runKeyword(WebUIKeywordMain.groovy:43)
	at com.kms.katalon.core.webui.keyword.builtin.ClickKeyword.click(ClickKeyword.groovy:74)
	at com.kms.katalon.core.webui.keyword.builtin.ClickKeyword.execute(ClickKeyword.groovy:40)
	at com.kms.katalon.core.keyword.internal.KeywordExecutor.executeKeywordForPlatform(KeywordExecutor.groovy:74)
	at com.kms.katalon.core.webui.keyword.WebUiBuiltInKeywords.click(WebUiBuiltInKeywords.groovy:659)
	at Selec_sobre.run(Selec_sobre:24)
	at com.kms.katalon.core.main.ScriptEngine.run(ScriptEngine.java:194)
	at com.kms.katalon.core.main.ScriptEngine.runScriptAsRawText(ScriptEngine.java:119)
	at com.kms.katalon.core.main.TestCaseExecutor.runScript(TestCaseExecutor.java:448)
	at com.kms.katalon.core.main.TestCaseExecutor.doExecute(TestCaseExecutor.java:439)
	at com.kms.katalon.core.main.TestCaseExecutor.processExecutionPhase(TestCaseExecutor.java:418)
	at com.kms.katalon.core.main.TestCaseExecutor.accessMainPhase(TestCaseExecutor.java:410)
	at com.kms.katalon.core.main.TestCaseExecutor.execute(TestCaseExecutor.java:285)
	at com.kms.katalon.core.main.TestCaseMain.runTestCase(TestCaseMain.java:137)
	at com.kms.katalon.core.keyword.builtin.CallTestCaseKeyword$_callTestCase_closure1.doCall(CallTestCaseKeyword.groovy:59)
	... 24 more
Caused by: org.openqa.selenium.ElementClickInterceptedException: Element <button id="btn_aceptar_tipo_envio" class="btn disabled" type="button"> is not clickable at point (675,588) because another element <div class="modal-footer"> obscures it
Build info: version: '3.141.59', revision: 'unknown', time: 'unknown'
System info: host: 'DESKTOP-RGFFP9A', ip: '10.136.10.6', os.name: 'Windows 11', os.arch: 'amd64', os.version: '10.0', java.version: '17.0.7'
Driver info: com.kms.katalon.core.webui.driver.firefox.CGeckoDriver
Capabilities {acceptInsecureCerts: true, browserName: firefox, browserVersion: 133.0, javascriptEnabled: true, moz:accessibilityChecks: false, moz:buildID: 20241121140525, moz:geckodriverVersion: 0.35.0, moz:headless: false, moz:platformVersion: 10.0, moz:processID: 23948, moz:profile: C:\Users\OLVATI\AppData\Loc..., moz:shutdownTimeout: 60000, moz:webdriverClick: true, moz:windowless: false, pageLoadStrategy: normal, platform: WINDOWS, platformName: WINDOWS, proxy: Proxy(direct), setWindowRect: true, strictFileInteractability: false, timeouts: {implicit: 0, pageLoad: 300000, script: 30000}, unhandledPromptBehavior: dismiss and notify, userAgent: Mozilla/5.0 (Windows NT 10....}
Session ID: 486f094e-e709-4450-b451-d5b34dae824c
	at jdk.internal.reflect.GeneratedConstructorAccessor32.newInstance(Unknown Source)
	at java.base/jdk.internal.reflect.DelegatingConstructorAccessorImpl.newInstance(DelegatingConstructorAccessorImpl.java:45)
	at org.openqa.selenium.remote.http.W3CHttpResponseCodec.createException(W3CHttpResponseCodec.java:187)
	at org.openqa.selenium.remote.http.W3CHttpResponseCodec.decode(W3CHttpResponseCodec.java:122)
	at org.openqa.selenium.remote.http.W3CHttpResponseCodec.decode(W3CHttpResponseCodec.java:49)
	at org.openqa.selenium.remote.HttpCommandExecutor.execute(HttpCommandExecutor.java:158)
	at org.openqa.selenium.remote.service.DriverCommandExecutor.execute(DriverCommandExecutor.java:83)
	at org.openqa.selenium.remote.RemoteWebDriver.execute(RemoteWebDriver.java:552)
	at com.kms.katalon.selenium.driver.CFirefoxDriver.execute(CFirefoxDriver.java:28)
	at org.openqa.selenium.remote.RemoteWebElement.execute(RemoteWebElement.java:285)
	at org.openqa.selenium.remote.RemoteWebElement.click(RemoteWebElement.java:84)
	at jdk.internal.reflect.GeneratedMethodAccessor10.invoke(Unknown Source)
	at java.base/jdk.internal.reflect.DelegatingMethodAccessorImpl.invoke(DelegatingMethodAccessorImpl.java:43)
	at org.openqa.selenium.support.events.EventFiringWebDriver$EventFiringWebElement.lambda$new$0(EventFiringWebDriver.java:404)
	at jdk.proxy2/jdk.proxy2.$Proxy21.click(Unknown Source)
	at org.openqa.selenium.support.events.EventFiringWebDriver$EventFiringWebElement.click(EventFiringWebDriver.java:417)
	at org.openqa.selenium.WebElement$click.call(Unknown Source)
	at com.kms.katalon.core.webui.keyword.builtin.ClickKeyword.clickUntilSuccessWithTimeout(ClickKeyword.groovy:81)
	at com.kms.katalon.core.webui.keyword.builtin.ClickKeyword.clickUntilSuccessWithTimeout(ClickKeyword.groovy)
	at jdk.internal.reflect.GeneratedMethodAccessor8.invoke(Unknown Source)
	at java.base/jdk.internal.reflect.DelegatingMethodAccessorImpl.invoke(DelegatingMethodAccessorImpl.java:43)
	at com.kms.katalon.core.webui.keyword.builtin.ClickKeyword$_click_closure1.doCall(ClickKeyword.groovy:67)
	at com.kms.katalon.core.webui.keyword.builtin.ClickKeyword$_click_closure1.call(ClickKeyword.groovy)
	at com.kms.katalon.core.webui.keyword.internal.WebUIKeywordMain.runKeyword(WebUIKeywordMain.groovy:35)
	... 38 more
)]]></system-out>
         <system-err><![CDATA[27-11-2024T17:55:00 - [TEST_CASE][FAILED] - Test Cases/2.Positivos/2.2Sobre/Origen-Lima/Validar resumen ---: Test Cases/2.Positivos/2.2Sobre/Origen-Lima/Validar resumen --- FAILED.
Reason:
com.kms.katalon.core.exception.StepFailedException: Call Test Case 'Test Cases/1.Inicio/1.1Principal/Selec_sobre' failed
	at com.kms.katalon.core.keyword.builtin.CallTestCaseKeyword$_callTestCase_closure1.doCall(CallTestCaseKeyword.groovy:63)
	at com.kms.katalon.core.keyword.builtin.CallTestCaseKeyword$_callTestCase_closure1.call(CallTestCaseKeyword.groovy)
	at com.kms.katalon.core.keyword.internal.KeywordMain.runKeyword(KeywordMain.groovy:75)
	at com.kms.katalon.core.keyword.builtin.CallTestCaseKeyword.callTestCase(CallTestCaseKeyword.groovy:81)
	at com.kms.katalon.core.keyword.builtin.CallTestCaseKeyword.execute(CallTestCaseKeyword.groovy:44)
	at com.kms.katalon.core.keyword.internal.KeywordExecutor.executeKeywordForPlatform(KeywordExecutor.groovy:74)
	at com.kms.katalon.core.keyword.BuiltinKeywords.callTestCase(BuiltinKeywords.groovy:310)
	at jdk.internal.reflect.GeneratedMethodAccessor25.invoke(Unknown Source)
	at java.base/jdk.internal.reflect.DelegatingMethodAccessorImpl.invoke(DelegatingMethodAccessorImpl.java:43)
	at Validar resumen ---.run(Validar resumen ---:22)
	at com.kms.katalon.core.main.ScriptEngine.run(ScriptEngine.java:194)
	at com.kms.katalon.core.main.ScriptEngine.runScriptAsRawText(ScriptEngine.java:119)
	at com.kms.katalon.core.main.TestCaseExecutor.runScript(TestCaseExecutor.java:448)
	at com.kms.katalon.core.main.TestCaseExecutor.doExecute(TestCaseExecutor.java:439)
	at com.kms.katalon.core.main.TestCaseExecutor.processExecutionPhase(TestCaseExecutor.java:418)
	at com.kms.katalon.core.main.TestCaseExecutor.accessMainPhase(TestCaseExecutor.java:410)
	at com.kms.katalon.core.main.TestCaseExecutor.execute(TestCaseExecutor.java:285)
	at com.kms.katalon.core.common.CommonExecutor.accessTestCaseMainPhase(CommonExecutor.java:65)
	at com.kms.katalon.core.main.TestSuiteExecutor.accessTestSuiteMainPhase(TestSuiteExecutor.java:150)
	at com.kms.katalon.core.main.TestSuiteExecutor.execute(TestSuiteExecutor.java:106)
	at com.kms.katalon.core.main.TestCaseMain.startTestSuite(TestCaseMain.java:180)
	at TempTestSuite1732745349578.run(TempTestSuite1732745349578.groovy:35)
	at java.base/jdk.internal.reflect.NativeMethodAccessorImpl.invoke0(Native Method)
	at java.base/jdk.internal.reflect.NativeMethodAccessorImpl.invoke(NativeMethodAccessorImpl.java:77)
	at java.base/jdk.internal.reflect.DelegatingMethodAccessorImpl.invoke(DelegatingMethodAccessorImpl.java:43)
Caused by: com.kms.katalon.core.exception.StepFailedException: Unable to click on object 'Object Repository/Principal/Page_Olva Courier  Home/button_CONTINUAR (2)'
	at com.kms.katalon.core.webui.keyword.internal.WebUIKeywordMain.stepFailed(WebUIKeywordMain.groovy:117)
	at com.kms.katalon.core.webui.keyword.internal.WebUIKeywordMain.runKeyword(WebUIKeywordMain.groovy:43)
	at com.kms.katalon.core.webui.keyword.builtin.ClickKeyword.click(ClickKeyword.groovy:74)
	at com.kms.katalon.core.webui.keyword.builtin.ClickKeyword.execute(ClickKeyword.groovy:40)
	at com.kms.katalon.core.keyword.internal.KeywordExecutor.executeKeywordForPlatform(KeywordExecutor.groovy:74)
	at com.kms.katalon.core.webui.keyword.WebUiBuiltInKeywords.click(WebUiBuiltInKeywords.groovy:659)
	at Selec_sobre.run(Selec_sobre:24)
	at com.kms.katalon.core.main.ScriptEngine.run(ScriptEngine.java:194)
	at com.kms.katalon.core.main.ScriptEngine.runScriptAsRawText(ScriptEngine.java:119)
	at com.kms.katalon.core.main.TestCaseExecutor.runScript(TestCaseExecutor.java:448)
	at com.kms.katalon.core.main.TestCaseExecutor.doExecute(TestCaseExecutor.java:439)
	at com.kms.katalon.core.main.TestCaseExecutor.processExecutionPhase(TestCaseExecutor.java:418)
	at com.kms.katalon.core.main.TestCaseExecutor.accessMainPhase(TestCaseExecutor.java:410)
	at com.kms.katalon.core.main.TestCaseExecutor.execute(TestCaseExecutor.java:285)
	at com.kms.katalon.core.main.TestCaseMain.runTestCase(TestCaseMain.java:137)
	at com.kms.katalon.core.keyword.builtin.CallTestCaseKeyword$_callTestCase_closure1.doCall(CallTestCaseKeyword.groovy:59)
	... 24 more
Caused by: org.openqa.selenium.ElementClickInterceptedException: Element <button id="btn_aceptar_tipo_envio" class="btn disabled" type="button"> is not clickable at point (675,588) because another element <div class="modal-footer"> obscures it
Build info: version: '3.141.59', revision: 'unknown', time: 'unknown'
System info: host: 'DESKTOP-RGFFP9A', ip: '10.136.10.6', os.name: 'Windows 11', os.arch: 'amd64', os.version: '10.0', java.version: '17.0.7'
Driver info: com.kms.katalon.core.webui.driver.firefox.CGeckoDriver
Capabilities {acceptInsecureCerts: true, browserName: firefox, browserVersion: 133.0, javascriptEnabled: true, moz:accessibilityChecks: false, moz:buildID: 20241121140525, moz:geckodriverVersion: 0.35.0, moz:headless: false, moz:platformVersion: 10.0, moz:processID: 23948, moz:profile: C:\Users\OLVATI\AppData\Loc..., moz:shutdownTimeout: 60000, moz:webdriverClick: true, moz:windowless: false, pageLoadStrategy: normal, platform: WINDOWS, platformName: WINDOWS, proxy: Proxy(direct), setWindowRect: true, strictFileInteractability: false, timeouts: {implicit: 0, pageLoad: 300000, script: 30000}, unhandledPromptBehavior: dismiss and notify, userAgent: Mozilla/5.0 (Windows NT 10....}
Session ID: 486f094e-e709-4450-b451-d5b34dae824c
	at jdk.internal.reflect.GeneratedConstructorAccessor32.newInstance(Unknown Source)
	at java.base/jdk.internal.reflect.DelegatingConstructorAccessorImpl.newInstance(DelegatingConstructorAccessorImpl.java:45)
	at org.openqa.selenium.remote.http.W3CHttpResponseCodec.createException(W3CHttpResponseCodec.java:187)
	at org.openqa.selenium.remote.http.W3CHttpResponseCodec.decode(W3CHttpResponseCodec.java:122)
	at org.openqa.selenium.remote.http.W3CHttpResponseCodec.decode(W3CHttpResponseCodec.java:49)
	at org.openqa.selenium.remote.HttpCommandExecutor.execute(HttpCommandExecutor.java:158)
	at org.openqa.selenium.remote.service.DriverCommandExecutor.execute(DriverCommandExecutor.java:83)
	at org.openqa.selenium.remote.RemoteWebDriver.execute(RemoteWebDriver.java:552)
	at com.kms.katalon.selenium.driver.CFirefoxDriver.execute(CFirefoxDriver.java:28)
	at org.openqa.selenium.remote.RemoteWebElement.execute(RemoteWebElement.java:285)
	at org.openqa.selenium.remote.RemoteWebElement.click(RemoteWebElement.java:84)
	at jdk.internal.reflect.GeneratedMethodAccessor10.invoke(Unknown Source)
	at java.base/jdk.internal.reflect.DelegatingMethodAccessorImpl.invoke(DelegatingMethodAccessorImpl.java:43)
	at org.openqa.selenium.support.events.EventFiringWebDriver$EventFiringWebElement.lambda$new$0(EventFiringWebDriver.java:404)
	at jdk.proxy2/jdk.proxy2.$Proxy21.click(Unknown Source)
	at org.openqa.selenium.support.events.EventFiringWebDriver$EventFiringWebElement.click(EventFiringWebDriver.java:417)
	at org.openqa.selenium.WebElement$click.call(Unknown Source)
	at com.kms.katalon.core.webui.keyword.builtin.ClickKeyword.clickUntilSuccessWithTimeout(ClickKeyword.groovy:81)
	at com.kms.katalon.core.webui.keyword.builtin.ClickKeyword.clickUntilSuccessWithTimeout(ClickKeyword.groovy)
	at jdk.internal.reflect.GeneratedMethodAccessor8.invoke(Unknown Source)
	at java.base/jdk.internal.reflect.DelegatingMethodAccessorImpl.invoke(DelegatingMethodAccessorImpl.java:43)
	at com.kms.katalon.core.webui.keyword.builtin.ClickKeyword$_click_closure1.doCall(ClickKeyword.groovy:67)
	at com.kms.katalon.core.webui.keyword.builtin.ClickKeyword$_click_closure1.call(ClickKeyword.groovy)
	at com.kms.katalon.core.webui.keyword.internal.WebUIKeywordMain.runKeyword(WebUIKeywordMain.groovy:35)
	... 38 more]]></system-err>
      </testcase>
      <testcase name="Test Cases/2.Positivos/2.2Sobre/Origen-Lima/Editar_Eliminar-Envios" time="56.408" classname="Test Cases/2.Positivos/2.2Sobre/Origen-Lima/Editar_Eliminar-Envios" status="FAILED">
         <failure type="FAILED" message="Test Cases/2.Positivos/2.2Sobre/Origen-Lima/Editar_Eliminar-Envios FAILED.&#xa;Reason:&#xa;com.kms.katalon.core.exception.StepFailedException: Call Test Case 'Test Cases/1.Inicio/1.1Principal/Selec_sobre' failed&#xa;	at com.kms.katalon.core.keyword.builtin.CallTestCaseKeyword$_callTestCase_closure1.doCall(CallTestCaseKeyword.groovy:63)&#xa;	at com.kms.katalon.core.keyword.builtin.CallTestCaseKeyword$_callTestCase_closure1.call(CallTestCaseKeyword.groovy)&#xa;	at com.kms.katalon.core.keyword.internal.KeywordMain.runKeyword(KeywordMain.groovy:75)&#xa;	at com.kms.katalon.core.keyword.builtin.CallTestCaseKeyword.callTestCase(CallTestCaseKeyword.groovy:81)&#xa;	at com.kms.katalon.core.keyword.builtin.CallTestCaseKeyword.execute(CallTestCaseKeyword.groovy:44)&#xa;	at com.kms.katalon.core.keyword.internal.KeywordExecutor.executeKeywordForPlatform(KeywordExecutor.groovy:74)&#xa;	at com.kms.katalon.core.keyword.BuiltinKeywords.callTestCase(BuiltinKeywords.groovy:310)&#xa;	at jdk.internal.reflect.GeneratedMethodAccessor25.invoke(Unknown Source)&#xa;	at java.base/jdk.internal.reflect.DelegatingMethodAccessorImpl.invoke(DelegatingMethodAccessorImpl.java:43)&#xa;	at Editar_Eliminar-Envios.run(Editar_Eliminar-Envios:22)&#xa;	at com.kms.katalon.core.main.ScriptEngine.run(ScriptEngine.java:194)&#xa;	at com.kms.katalon.core.main.ScriptEngine.runScriptAsRawText(ScriptEngine.java:119)&#xa;	at com.kms.katalon.core.main.TestCaseExecutor.runScript(TestCaseExecutor.java:448)&#xa;	at com.kms.katalon.core.main.TestCaseExecutor.doExecute(TestCaseExecutor.java:439)&#xa;	at com.kms.katalon.core.main.TestCaseExecutor.processExecutionPhase(TestCaseExecutor.java:418)&#xa;	at com.kms.katalon.core.main.TestCaseExecutor.accessMainPhase(TestCaseExecutor.java:410)&#xa;	at com.kms.katalon.core.main.TestCaseExecutor.execute(TestCaseExecutor.java:285)&#xa;	at com.kms.katalon.core.common.CommonExecutor.accessTestCaseMainPhase(CommonExecutor.java:65)&#xa;	at com.kms.katalon.core.main.TestSuiteExecutor.accessTestSuiteMainPhase(TestSuiteExecutor.java:150)&#xa;	at com.kms.katalon.core.main.TestSuiteExecutor.execute(TestSuiteExecutor.java:106)&#xa;	at com.kms.katalon.core.main.TestCaseMain.startTestSuite(TestCaseMain.java:180)&#xa;	at TempTestSuite1732745349578.run(TempTestSuite1732745349578.groovy:35)&#xa;	at java.base/jdk.internal.reflect.NativeMethodAccessorImpl.invoke0(Native Method)&#xa;	at java.base/jdk.internal.reflect.NativeMethodAccessorImpl.invoke(NativeMethodAccessorImpl.java:77)&#xa;	at java.base/jdk.internal.reflect.DelegatingMethodAccessorImpl.invoke(DelegatingMethodAccessorImpl.java:43)&#xa;Caused by: com.kms.katalon.core.exception.StepFailedException: Unable to click on object 'Object Repository/Principal/Page_Olva Courier  Home/button_CONTINUAR (2)'&#xa;	at com.kms.katalon.core.webui.keyword.internal.WebUIKeywordMain.stepFailed(WebUIKeywordMain.groovy:117)&#xa;	at com.kms.katalon.core.webui.keyword.internal.WebUIKeywordMain.runKeyword(WebUIKeywordMain.groovy:43)&#xa;	at com.kms.katalon.core.webui.keyword.builtin.ClickKeyword.click(ClickKeyword.groovy:74)&#xa;	at com.kms.katalon.core.webui.keyword.builtin.ClickKeyword.execute(ClickKeyword.groovy:40)&#xa;	at com.kms.katalon.core.keyword.internal.KeywordExecutor.executeKeywordForPlatform(KeywordExecutor.groovy:74)&#xa;	at com.kms.katalon.core.webui.keyword.WebUiBuiltInKeywords.click(WebUiBuiltInKeywords.groovy:659)&#xa;	at Selec_sobre.run(Selec_sobre:24)&#xa;	at com.kms.katalon.core.main.ScriptEngine.run(ScriptEngine.java:194)&#xa;	at com.kms.katalon.core.main.ScriptEngine.runScriptAsRawText(ScriptEngine.java:119)&#xa;	at com.kms.katalon.core.main.TestCaseExecutor.runScript(TestCaseExecutor.java:448)&#xa;	at com.kms.katalon.core.main.TestCaseExecutor.doExecute(TestCaseExecutor.java:439)&#xa;	at com.kms.katalon.core.main.TestCaseExecutor.processExecutionPhase(TestCaseExecutor.java:418)&#xa;	at com.kms.katalon.core.main.TestCaseExecutor.accessMainPhase(TestCaseExecutor.java:410)&#xa;	at com.kms.katalon.core.main.TestCaseExecutor.execute(TestCaseExecutor.java:285)&#xa;	at com.kms.katalon.core.main.TestCaseMain.runTestCase(TestCaseMain.java:137)&#xa;	at com.kms.katalon.core.keyword.builtin.CallTestCaseKeyword$_callTestCase_closure1.doCall(CallTestCaseKeyword.groovy:59)&#xa;	... 24 more&#xa;Caused by: org.openqa.selenium.ElementClickInterceptedException: Element &lt;button id=&quot;btn_aceptar_tipo_envio&quot; class=&quot;btn disabled&quot; type=&quot;button&quot;> is not clickable at point (675,588) because another element &lt;div class=&quot;modal-footer&quot;> obscures it&#xa;Build info: version: '3.141.59', revision: 'unknown', time: 'unknown'&#xa;System info: host: 'DESKTOP-RGFFP9A', ip: '10.136.10.6', os.name: 'Windows 11', os.arch: 'amd64', os.version: '10.0', java.version: '17.0.7'&#xa;Driver info: com.kms.katalon.core.webui.driver.firefox.CGeckoDriver&#xa;Capabilities {acceptInsecureCerts: true, browserName: firefox, browserVersion: 133.0, javascriptEnabled: true, moz:accessibilityChecks: false, moz:buildID: 20241121140525, moz:geckodriverVersion: 0.35.0, moz:headless: false, moz:platformVersion: 10.0, moz:processID: 3760, moz:profile: C:\Users\OLVATI\AppData\Loc..., moz:shutdownTimeout: 60000, moz:webdriverClick: true, moz:windowless: false, pageLoadStrategy: normal, platform: WINDOWS, platformName: WINDOWS, proxy: Proxy(direct), setWindowRect: true, strictFileInteractability: false, timeouts: {implicit: 0, pageLoad: 300000, script: 30000}, unhandledPromptBehavior: dismiss and notify, userAgent: Mozilla/5.0 (Windows NT 10....}&#xa;Session ID: 49f781c0-cab9-4e31-b82f-299893542481&#xa;	at jdk.internal.reflect.GeneratedConstructorAccessor32.newInstance(Unknown Source)&#xa;	at java.base/jdk.internal.reflect.DelegatingConstructorAccessorImpl.newInstance(DelegatingConstructorAccessorImpl.java:45)&#xa;	at org.openqa.selenium.remote.http.W3CHttpResponseCodec.createException(W3CHttpResponseCodec.java:187)&#xa;	at org.openqa.selenium.remote.http.W3CHttpResponseCodec.decode(W3CHttpResponseCodec.java:122)&#xa;	at org.openqa.selenium.remote.http.W3CHttpResponseCodec.decode(W3CHttpResponseCodec.java:49)&#xa;	at org.openqa.selenium.remote.HttpCommandExecutor.execute(HttpCommandExecutor.java:158)&#xa;	at org.openqa.selenium.remote.service.DriverCommandExecutor.execute(DriverCommandExecutor.java:83)&#xa;	at org.openqa.selenium.remote.RemoteWebDriver.execute(RemoteWebDriver.java:552)&#xa;	at com.kms.katalon.selenium.driver.CFirefoxDriver.execute(CFirefoxDriver.java:28)&#xa;	at org.openqa.selenium.remote.RemoteWebElement.execute(RemoteWebElement.java:285)&#xa;	at org.openqa.selenium.remote.RemoteWebElement.click(RemoteWebElement.java:84)&#xa;	at jdk.internal.reflect.GeneratedMethodAccessor10.invoke(Unknown Source)&#xa;	at java.base/jdk.internal.reflect.DelegatingMethodAccessorImpl.invoke(DelegatingMethodAccessorImpl.java:43)&#xa;	at org.openqa.selenium.support.events.EventFiringWebDriver$EventFiringWebElement.lambda$new$0(EventFiringWebDriver.java:404)&#xa;	at jdk.proxy2/jdk.proxy2.$Proxy21.click(Unknown Source)&#xa;	at org.openqa.selenium.support.events.EventFiringWebDriver$EventFiringWebElement.click(EventFiringWebDriver.java:417)&#xa;	at org.openqa.selenium.WebElement$click.call(Unknown Source)&#xa;	at com.kms.katalon.core.webui.keyword.builtin.ClickKeyword.clickUntilSuccessWithTimeout(ClickKeyword.groovy:81)&#xa;	at com.kms.katalon.core.webui.keyword.builtin.ClickKeyword.clickUntilSuccessWithTimeout(ClickKeyword.groovy)&#xa;	at jdk.internal.reflect.GeneratedMethodAccessor8.invoke(Unknown Source)&#xa;	at java.base/jdk.internal.reflect.DelegatingMethodAccessorImpl.invoke(DelegatingMethodAccessorImpl.java:43)&#xa;	at com.kms.katalon.core.webui.keyword.builtin.ClickKeyword$_click_closure1.doCall(ClickKeyword.groovy:67)&#xa;	at com.kms.katalon.core.webui.keyword.builtin.ClickKeyword$_click_closure1.call(ClickKeyword.groovy)&#xa;	at com.kms.katalon.core.webui.keyword.internal.WebUIKeywordMain.runKeyword(WebUIKeywordMain.groovy:35)&#xa;	... 38 more&#xa;"/>
         <system-out><![CDATA[27-11-2024T17:55:58 - [TEST_CASE][FAILED] - Test Cases/2.Positivos/2.2Sobre/Origen-Lima/Editar_Eliminar-Envios: Test Cases/2.Positivos/2.2Sobre/Origen-Lima/Editar_Eliminar-Envios FAILED.
Reason:
com.kms.katalon.core.exception.StepFailedException: Call Test Case 'Test Cases/1.Inicio/1.1Principal/Selec_sobre' failed
	at com.kms.katalon.core.keyword.builtin.CallTestCaseKeyword$_callTestCase_closure1.doCall(CallTestCaseKeyword.groovy:63)
	at com.kms.katalon.core.keyword.builtin.CallTestCaseKeyword$_callTestCase_closure1.call(CallTestCaseKeyword.groovy)
	at com.kms.katalon.core.keyword.internal.KeywordMain.runKeyword(KeywordMain.groovy:75)
	at com.kms.katalon.core.keyword.builtin.CallTestCaseKeyword.callTestCase(CallTestCaseKeyword.groovy:81)
	at com.kms.katalon.core.keyword.builtin.CallTestCaseKeyword.execute(CallTestCaseKeyword.groovy:44)
	at com.kms.katalon.core.keyword.internal.KeywordExecutor.executeKeywordForPlatform(KeywordExecutor.groovy:74)
	at com.kms.katalon.core.keyword.BuiltinKeywords.callTestCase(BuiltinKeywords.groovy:310)
	at jdk.internal.reflect.GeneratedMethodAccessor25.invoke(Unknown Source)
	at java.base/jdk.internal.reflect.DelegatingMethodAccessorImpl.invoke(DelegatingMethodAccessorImpl.java:43)
	at Editar_Eliminar-Envios.run(Editar_Eliminar-Envios:22)
	at com.kms.katalon.core.main.ScriptEngine.run(ScriptEngine.java:194)
	at com.kms.katalon.core.main.ScriptEngine.runScriptAsRawText(ScriptEngine.java:119)
	at com.kms.katalon.core.main.TestCaseExecutor.runScript(TestCaseExecutor.java:448)
	at com.kms.katalon.core.main.TestCaseExecutor.doExecute(TestCaseExecutor.java:439)
	at com.kms.katalon.core.main.TestCaseExecutor.processExecutionPhase(TestCaseExecutor.java:418)
	at com.kms.katalon.core.main.TestCaseExecutor.accessMainPhase(TestCaseExecutor.java:410)
	at com.kms.katalon.core.main.TestCaseExecutor.execute(TestCaseExecutor.java:285)
	at com.kms.katalon.core.common.CommonExecutor.accessTestCaseMainPhase(CommonExecutor.java:65)
	at com.kms.katalon.core.main.TestSuiteExecutor.accessTestSuiteMainPhase(TestSuiteExecutor.java:150)
	at com.kms.katalon.core.main.TestSuiteExecutor.execute(TestSuiteExecutor.java:106)
	at com.kms.katalon.core.main.TestCaseMain.startTestSuite(TestCaseMain.java:180)
	at TempTestSuite1732745349578.run(TempTestSuite1732745349578.groovy:35)
	at java.base/jdk.internal.reflect.NativeMethodAccessorImpl.invoke0(Native Method)
	at java.base/jdk.internal.reflect.NativeMethodAccessorImpl.invoke(NativeMethodAccessorImpl.java:77)
	at java.base/jdk.internal.reflect.DelegatingMethodAccessorImpl.invoke(DelegatingMethodAccessorImpl.java:43)
Caused by: com.kms.katalon.core.exception.StepFailedException: Unable to click on object 'Object Repository/Principal/Page_Olva Courier  Home/button_CONTINUAR (2)'
	at com.kms.katalon.core.webui.keyword.internal.WebUIKeywordMain.stepFailed(WebUIKeywordMain.groovy:117)
	at com.kms.katalon.core.webui.keyword.internal.WebUIKeywordMain.runKeyword(WebUIKeywordMain.groovy:43)
	at com.kms.katalon.core.webui.keyword.builtin.ClickKeyword.click(ClickKeyword.groovy:74)
	at com.kms.katalon.core.webui.keyword.builtin.ClickKeyword.execute(ClickKeyword.groovy:40)
	at com.kms.katalon.core.keyword.internal.KeywordExecutor.executeKeywordForPlatform(KeywordExecutor.groovy:74)
	at com.kms.katalon.core.webui.keyword.WebUiBuiltInKeywords.click(WebUiBuiltInKeywords.groovy:659)
	at Selec_sobre.run(Selec_sobre:24)
	at com.kms.katalon.core.main.ScriptEngine.run(ScriptEngine.java:194)
	at com.kms.katalon.core.main.ScriptEngine.runScriptAsRawText(ScriptEngine.java:119)
	at com.kms.katalon.core.main.TestCaseExecutor.runScript(TestCaseExecutor.java:448)
	at com.kms.katalon.core.main.TestCaseExecutor.doExecute(TestCaseExecutor.java:439)
	at com.kms.katalon.core.main.TestCaseExecutor.processExecutionPhase(TestCaseExecutor.java:418)
	at com.kms.katalon.core.main.TestCaseExecutor.accessMainPhase(TestCaseExecutor.java:410)
	at com.kms.katalon.core.main.TestCaseExecutor.execute(TestCaseExecutor.java:285)
	at com.kms.katalon.core.main.TestCaseMain.runTestCase(TestCaseMain.java:137)
	at com.kms.katalon.core.keyword.builtin.CallTestCaseKeyword$_callTestCase_closure1.doCall(CallTestCaseKeyword.groovy:59)
	... 24 more
Caused by: org.openqa.selenium.ElementClickInterceptedException: Element <button id="btn_aceptar_tipo_envio" class="btn disabled" type="button"> is not clickable at point (675,588) because another element <div class="modal-footer"> obscures it
Build info: version: '3.141.59', revision: 'unknown', time: 'unknown'
System info: host: 'DESKTOP-RGFFP9A', ip: '10.136.10.6', os.name: 'Windows 11', os.arch: 'amd64', os.version: '10.0', java.version: '17.0.7'
Driver info: com.kms.katalon.core.webui.driver.firefox.CGeckoDriver
Capabilities {acceptInsecureCerts: true, browserName: firefox, browserVersion: 133.0, javascriptEnabled: true, moz:accessibilityChecks: false, moz:buildID: 20241121140525, moz:geckodriverVersion: 0.35.0, moz:headless: false, moz:platformVersion: 10.0, moz:processID: 3760, moz:profile: C:\Users\OLVATI\AppData\Loc..., moz:shutdownTimeout: 60000, moz:webdriverClick: true, moz:windowless: false, pageLoadStrategy: normal, platform: WINDOWS, platformName: WINDOWS, proxy: Proxy(direct), setWindowRect: true, strictFileInteractability: false, timeouts: {implicit: 0, pageLoad: 300000, script: 30000}, unhandledPromptBehavior: dismiss and notify, userAgent: Mozilla/5.0 (Windows NT 10....}
Session ID: 49f781c0-cab9-4e31-b82f-299893542481
	at jdk.internal.reflect.GeneratedConstructorAccessor32.newInstance(Unknown Source)
	at java.base/jdk.internal.reflect.DelegatingConstructorAccessorImpl.newInstance(DelegatingConstructorAccessorImpl.java:45)
	at org.openqa.selenium.remote.http.W3CHttpResponseCodec.createException(W3CHttpResponseCodec.java:187)
	at org.openqa.selenium.remote.http.W3CHttpResponseCodec.decode(W3CHttpResponseCodec.java:122)
	at org.openqa.selenium.remote.http.W3CHttpResponseCodec.decode(W3CHttpResponseCodec.java:49)
	at org.openqa.selenium.remote.HttpCommandExecutor.execute(HttpCommandExecutor.java:158)
	at org.openqa.selenium.remote.service.DriverCommandExecutor.execute(DriverCommandExecutor.java:83)
	at org.openqa.selenium.remote.RemoteWebDriver.execute(RemoteWebDriver.java:552)
	at com.kms.katalon.selenium.driver.CFirefoxDriver.execute(CFirefoxDriver.java:28)
	at org.openqa.selenium.remote.RemoteWebElement.execute(RemoteWebElement.java:285)
	at org.openqa.selenium.remote.RemoteWebElement.click(RemoteWebElement.java:84)
	at jdk.internal.reflect.GeneratedMethodAccessor10.invoke(Unknown Source)
	at java.base/jdk.internal.reflect.DelegatingMethodAccessorImpl.invoke(DelegatingMethodAccessorImpl.java:43)
	at org.openqa.selenium.support.events.EventFiringWebDriver$EventFiringWebElement.lambda$new$0(EventFiringWebDriver.java:404)
	at jdk.proxy2/jdk.proxy2.$Proxy21.click(Unknown Source)
	at org.openqa.selenium.support.events.EventFiringWebDriver$EventFiringWebElement.click(EventFiringWebDriver.java:417)
	at org.openqa.selenium.WebElement$click.call(Unknown Source)
	at com.kms.katalon.core.webui.keyword.builtin.ClickKeyword.clickUntilSuccessWithTimeout(ClickKeyword.groovy:81)
	at com.kms.katalon.core.webui.keyword.builtin.ClickKeyword.clickUntilSuccessWithTimeout(ClickKeyword.groovy)
	at jdk.internal.reflect.GeneratedMethodAccessor8.invoke(Unknown Source)
	at java.base/jdk.internal.reflect.DelegatingMethodAccessorImpl.invoke(DelegatingMethodAccessorImpl.java:43)
	at com.kms.katalon.core.webui.keyword.builtin.ClickKeyword$_click_closure1.doCall(ClickKeyword.groovy:67)
	at com.kms.katalon.core.webui.keyword.builtin.ClickKeyword$_click_closure1.call(ClickKeyword.groovy)
	at com.kms.katalon.core.webui.keyword.internal.WebUIKeywordMain.runKeyword(WebUIKeywordMain.groovy:35)
	... 38 more


27-11-2024T17:55:59 - [TEST_STEP][PASSED] - callTestCase(findTestCase("1.Inicio/1.1Principal/Principal-home"), [:], STOP_ON_FAILURE): Call Test Case 'Test Cases/1.Inicio/1.1Principal/Principal-home' successfully

27-11-2024T17:55:59 - [TEST_CASE][PASSED] - Test Cases/1.Inicio/1.1Principal/Principal-home: Test Cases/1.Inicio/1.1Principal/Principal-home

27-11-2024T17:55:59 - [TEST_STEP][PASSED] - openBrowser(""): Browser is opened with url: ''

27-11-2024T17:55:59 - [MESSAGE][WARNING] - A browser is already opened. Closing browser and opening a new one

27-11-2024T17:56:02 - [MESSAGE][INFO] - Starting 'Firefox' driver

27-11-2024T17:56:02 - [MESSAGE][INFO] - Action delay is set to 0 milliseconds

27-11-2024T17:56:19 - [MESSAGE][PASSED] - Browser is opened with url: ''

27-11-2024T17:56:19 - [TEST_STEP][PASSED] - navigateToUrl("https://dev01-registrodeenvios.olvacourier.com/principal"): Navigate to 'https://dev01-registrodeenvios.olvacourier.com/principal' successfully

27-11-2024T17:56:22 - [MESSAGE][PASSED] - Navigate to 'https://dev01-registrodeenvios.olvacourier.com/principal' successfully

27-11-2024T17:56:22 - [TEST_STEP][PASSED] - maximizeWindow(): Current window maximized

27-11-2024T17:56:22 - [MESSAGE][PASSED] - Current window maximized

27-11-2024T17:56:22 - [MESSAGE][PASSED] - Call Test Case 'Test Cases/1.Inicio/1.1Principal/Principal-home' successfully

27-11-2024T17:56:22 - [TEST_STEP][FAILED] - callTestCase(findTestCase("1.Inicio/1.1Principal/Selec_sobre"), [:], STOP_ON_FAILURE): Unable to call Test Case 'Test Cases/1.Inicio/1.1Principal/Selec_sobre' (Root cause: com.kms.katalon.core.exception.StepFailedException: Call Test Case 'Test Cases/1.Inicio/1.1Principal/Selec_sobre' failed
	at com.kms.katalon.core.keyword.builtin.CallTestCaseKeyword$_callTestCase_closure1.doCall(CallTestCaseKeyword.groovy:63)
	at com.kms.katalon.core.keyword.builtin.CallTestCaseKeyword$_callTestCase_closure1.call(CallTestCaseKeyword.groovy)
	at com.kms.katalon.core.keyword.internal.KeywordMain.runKeyword(KeywordMain.groovy:75)
	at com.kms.katalon.core.keyword.builtin.CallTestCaseKeyword.callTestCase(CallTestCaseKeyword.groovy:81)
	at com.kms.katalon.core.keyword.builtin.CallTestCaseKeyword.execute(CallTestCaseKeyword.groovy:44)
	at com.kms.katalon.core.keyword.internal.KeywordExecutor.executeKeywordForPlatform(KeywordExecutor.groovy:74)
	at com.kms.katalon.core.keyword.BuiltinKeywords.callTestCase(BuiltinKeywords.groovy:310)
	at jdk.internal.reflect.GeneratedMethodAccessor25.invoke(Unknown Source)
	at java.base/jdk.internal.reflect.DelegatingMethodAccessorImpl.invoke(DelegatingMethodAccessorImpl.java:43)
	at Editar_Eliminar-Envios.run(Editar_Eliminar-Envios:22)
	at com.kms.katalon.core.main.ScriptEngine.run(ScriptEngine.java:194)
	at com.kms.katalon.core.main.ScriptEngine.runScriptAsRawText(ScriptEngine.java:119)
	at com.kms.katalon.core.main.TestCaseExecutor.runScript(TestCaseExecutor.java:448)
	at com.kms.katalon.core.main.TestCaseExecutor.doExecute(TestCaseExecutor.java:439)
	at com.kms.katalon.core.main.TestCaseExecutor.processExecutionPhase(TestCaseExecutor.java:418)
	at com.kms.katalon.core.main.TestCaseExecutor.accessMainPhase(TestCaseExecutor.java:410)
	at com.kms.katalon.core.main.TestCaseExecutor.execute(TestCaseExecutor.java:285)
	at com.kms.katalon.core.common.CommonExecutor.accessTestCaseMainPhase(CommonExecutor.java:65)
	at com.kms.katalon.core.main.TestSuiteExecutor.accessTestSuiteMainPhase(TestSuiteExecutor.java:150)
	at com.kms.katalon.core.main.TestSuiteExecutor.execute(TestSuiteExecutor.java:106)
	at com.kms.katalon.core.main.TestCaseMain.startTestSuite(TestCaseMain.java:180)
	at TempTestSuite1732745349578.run(TempTestSuite1732745349578.groovy:35)
	at java.base/jdk.internal.reflect.NativeMethodAccessorImpl.invoke0(Native Method)
	at java.base/jdk.internal.reflect.NativeMethodAccessorImpl.invoke(NativeMethodAccessorImpl.java:77)
	at java.base/jdk.internal.reflect.DelegatingMethodAccessorImpl.invoke(DelegatingMethodAccessorImpl.java:43)
Caused by: com.kms.katalon.core.exception.StepFailedException: Unable to click on object 'Object Repository/Principal/Page_Olva Courier  Home/button_CONTINUAR (2)'
	at com.kms.katalon.core.webui.keyword.internal.WebUIKeywordMain.stepFailed(WebUIKeywordMain.groovy:117)
	at com.kms.katalon.core.webui.keyword.internal.WebUIKeywordMain.runKeyword(WebUIKeywordMain.groovy:43)
	at com.kms.katalon.core.webui.keyword.builtin.ClickKeyword.click(ClickKeyword.groovy:74)
	at com.kms.katalon.core.webui.keyword.builtin.ClickKeyword.execute(ClickKeyword.groovy:40)
	at com.kms.katalon.core.keyword.internal.KeywordExecutor.executeKeywordForPlatform(KeywordExecutor.groovy:74)
	at com.kms.katalon.core.webui.keyword.WebUiBuiltInKeywords.click(WebUiBuiltInKeywords.groovy:659)
	at Selec_sobre.run(Selec_sobre:24)
	at com.kms.katalon.core.main.ScriptEngine.run(ScriptEngine.java:194)
	at com.kms.katalon.core.main.ScriptEngine.runScriptAsRawText(ScriptEngine.java:119)
	at com.kms.katalon.core.main.TestCaseExecutor.runScript(TestCaseExecutor.java:448)
	at com.kms.katalon.core.main.TestCaseExecutor.doExecute(TestCaseExecutor.java:439)
	at com.kms.katalon.core.main.TestCaseExecutor.processExecutionPhase(TestCaseExecutor.java:418)
	at com.kms.katalon.core.main.TestCaseExecutor.accessMainPhase(TestCaseExecutor.java:410)
	at com.kms.katalon.core.main.TestCaseExecutor.execute(TestCaseExecutor.java:285)
	at com.kms.katalon.core.main.TestCaseMain.runTestCase(TestCaseMain.java:137)
	at com.kms.katalon.core.keyword.builtin.CallTestCaseKeyword$_callTestCase_closure1.doCall(CallTestCaseKeyword.groovy:59)
	... 24 more
Caused by: org.openqa.selenium.ElementClickInterceptedException: Element <button id="btn_aceptar_tipo_envio" class="btn disabled" type="button"> is not clickable at point (675,588) because another element <div class="modal-footer"> obscures it
Build info: version: '3.141.59', revision: 'unknown', time: 'unknown'
System info: host: 'DESKTOP-RGFFP9A', ip: '10.136.10.6', os.name: 'Windows 11', os.arch: 'amd64', os.version: '10.0', java.version: '17.0.7'
Driver info: com.kms.katalon.core.webui.driver.firefox.CGeckoDriver
Capabilities {acceptInsecureCerts: true, browserName: firefox, browserVersion: 133.0, javascriptEnabled: true, moz:accessibilityChecks: false, moz:buildID: 20241121140525, moz:geckodriverVersion: 0.35.0, moz:headless: false, moz:platformVersion: 10.0, moz:processID: 3760, moz:profile: C:\Users\OLVATI\AppData\Loc..., moz:shutdownTimeout: 60000, moz:webdriverClick: true, moz:windowless: false, pageLoadStrategy: normal, platform: WINDOWS, platformName: WINDOWS, proxy: Proxy(direct), setWindowRect: true, strictFileInteractability: false, timeouts: {implicit: 0, pageLoad: 300000, script: 30000}, unhandledPromptBehavior: dismiss and notify, userAgent: Mozilla/5.0 (Windows NT 10....}
Session ID: 49f781c0-cab9-4e31-b82f-299893542481
	at jdk.internal.reflect.GeneratedConstructorAccessor32.newInstance(Unknown Source)
	at java.base/jdk.internal.reflect.DelegatingConstructorAccessorImpl.newInstance(DelegatingConstructorAccessorImpl.java:45)
	at org.openqa.selenium.remote.http.W3CHttpResponseCodec.createException(W3CHttpResponseCodec.java:187)
	at org.openqa.selenium.remote.http.W3CHttpResponseCodec.decode(W3CHttpResponseCodec.java:122)
	at org.openqa.selenium.remote.http.W3CHttpResponseCodec.decode(W3CHttpResponseCodec.java:49)
	at org.openqa.selenium.remote.HttpCommandExecutor.execute(HttpCommandExecutor.java:158)
	at org.openqa.selenium.remote.service.DriverCommandExecutor.execute(DriverCommandExecutor.java:83)
	at org.openqa.selenium.remote.RemoteWebDriver.execute(RemoteWebDriver.java:552)
	at com.kms.katalon.selenium.driver.CFirefoxDriver.execute(CFirefoxDriver.java:28)
	at org.openqa.selenium.remote.RemoteWebElement.execute(RemoteWebElement.java:285)
	at org.openqa.selenium.remote.RemoteWebElement.click(RemoteWebElement.java:84)
	at jdk.internal.reflect.GeneratedMethodAccessor10.invoke(Unknown Source)
	at java.base/jdk.internal.reflect.DelegatingMethodAccessorImpl.invoke(DelegatingMethodAccessorImpl.java:43)
	at org.openqa.selenium.support.events.EventFiringWebDriver$EventFiringWebElement.lambda$new$0(EventFiringWebDriver.java:404)
	at jdk.proxy2/jdk.proxy2.$Proxy21.click(Unknown Source)
	at org.openqa.selenium.support.events.EventFiringWebDriver$EventFiringWebElement.click(EventFiringWebDriver.java:417)
	at org.openqa.selenium.WebElement$click.call(Unknown Source)
	at com.kms.katalon.core.webui.keyword.builtin.ClickKeyword.clickUntilSuccessWithTimeout(ClickKeyword.groovy:81)
	at com.kms.katalon.core.webui.keyword.builtin.ClickKeyword.clickUntilSuccessWithTimeout(ClickKeyword.groovy)
	at jdk.internal.reflect.GeneratedMethodAccessor8.invoke(Unknown Source)
	at java.base/jdk.internal.reflect.DelegatingMethodAccessorImpl.invoke(DelegatingMethodAccessorImpl.java:43)
	at com.kms.katalon.core.webui.keyword.builtin.ClickKeyword$_click_closure1.doCall(ClickKeyword.groovy:67)
	at com.kms.katalon.core.webui.keyword.builtin.ClickKeyword$_click_closure1.call(ClickKeyword.groovy)
	at com.kms.katalon.core.webui.keyword.internal.WebUIKeywordMain.runKeyword(WebUIKeywordMain.groovy:35)
	... 38 more
)

27-11-2024T17:56:22 - [TEST_CASE][FAILED] - Test Cases/1.Inicio/1.1Principal/Selec_sobre: Test Cases/1.Inicio/1.1Principal/Selec_sobre FAILED.
Reason:
com.kms.katalon.core.exception.StepFailedException: Unable to click on object 'Object Repository/Principal/Page_Olva Courier  Home/button_CONTINUAR (2)'
	at com.kms.katalon.core.webui.keyword.internal.WebUIKeywordMain.stepFailed(WebUIKeywordMain.groovy:117)
	at com.kms.katalon.core.webui.keyword.internal.WebUIKeywordMain.runKeyword(WebUIKeywordMain.groovy:43)
	at com.kms.katalon.core.webui.keyword.builtin.ClickKeyword.click(ClickKeyword.groovy:74)
	at com.kms.katalon.core.webui.keyword.builtin.ClickKeyword.execute(ClickKeyword.groovy:40)
	at com.kms.katalon.core.keyword.internal.KeywordExecutor.executeKeywordForPlatform(KeywordExecutor.groovy:74)
	at com.kms.katalon.core.webui.keyword.WebUiBuiltInKeywords.click(WebUiBuiltInKeywords.groovy:659)
	at Selec_sobre.run(Selec_sobre:24)
	at com.kms.katalon.core.main.ScriptEngine.run(ScriptEngine.java:194)
	at com.kms.katalon.core.main.ScriptEngine.runScriptAsRawText(ScriptEngine.java:119)
	at com.kms.katalon.core.main.TestCaseExecutor.runScript(TestCaseExecutor.java:448)
	at com.kms.katalon.core.main.TestCaseExecutor.doExecute(TestCaseExecutor.java:439)
	at com.kms.katalon.core.main.TestCaseExecutor.processExecutionPhase(TestCaseExecutor.java:418)
	at com.kms.katalon.core.main.TestCaseExecutor.accessMainPhase(TestCaseExecutor.java:410)
	at com.kms.katalon.core.main.TestCaseExecutor.execute(TestCaseExecutor.java:285)
	at com.kms.katalon.core.main.TestCaseMain.runTestCase(TestCaseMain.java:137)
	at com.kms.katalon.core.keyword.builtin.CallTestCaseKeyword$_callTestCase_closure1.doCall(CallTestCaseKeyword.groovy:59)
	at com.kms.katalon.core.keyword.builtin.CallTestCaseKeyword$_callTestCase_closure1.call(CallTestCaseKeyword.groovy)
	at com.kms.katalon.core.keyword.internal.KeywordMain.runKeyword(KeywordMain.groovy:75)
	at com.kms.katalon.core.keyword.builtin.CallTestCaseKeyword.callTestCase(CallTestCaseKeyword.groovy:81)
	at com.kms.katalon.core.keyword.builtin.CallTestCaseKeyword.execute(CallTestCaseKeyword.groovy:44)
	at com.kms.katalon.core.keyword.internal.KeywordExecutor.executeKeywordForPlatform(KeywordExecutor.groovy:74)
	at com.kms.katalon.core.keyword.BuiltinKeywords.callTestCase(BuiltinKeywords.groovy:310)
	at jdk.internal.reflect.GeneratedMethodAccessor25.invoke(Unknown Source)
	at java.base/jdk.internal.reflect.DelegatingMethodAccessorImpl.invoke(DelegatingMethodAccessorImpl.java:43)
	at Editar_Eliminar-Envios.run(Editar_Eliminar-Envios:22)
	at com.kms.katalon.core.main.ScriptEngine.run(ScriptEngine.java:194)
	at com.kms.katalon.core.main.ScriptEngine.runScriptAsRawText(ScriptEngine.java:119)
	at com.kms.katalon.core.main.TestCaseExecutor.runScript(TestCaseExecutor.java:448)
	at com.kms.katalon.core.main.TestCaseExecutor.doExecute(TestCaseExecutor.java:439)
	at com.kms.katalon.core.main.TestCaseExecutor.processExecutionPhase(TestCaseExecutor.java:418)
	at com.kms.katalon.core.main.TestCaseExecutor.accessMainPhase(TestCaseExecutor.java:410)
	at com.kms.katalon.core.main.TestCaseExecutor.execute(TestCaseExecutor.java:285)
	at com.kms.katalon.core.common.CommonExecutor.accessTestCaseMainPhase(CommonExecutor.java:65)
	at com.kms.katalon.core.main.TestSuiteExecutor.accessTestSuiteMainPhase(TestSuiteExecutor.java:150)
	at com.kms.katalon.core.main.TestSuiteExecutor.execute(TestSuiteExecutor.java:106)
	at com.kms.katalon.core.main.TestCaseMain.startTestSuite(TestCaseMain.java:180)
	at TempTestSuite1732745349578.run(TempTestSuite1732745349578.groovy:35)
	at java.base/jdk.internal.reflect.NativeMethodAccessorImpl.invoke0(Native Method)
	at java.base/jdk.internal.reflect.NativeMethodAccessorImpl.invoke(NativeMethodAccessorImpl.java:77)
	at java.base/jdk.internal.reflect.DelegatingMethodAccessorImpl.invoke(DelegatingMethodAccessorImpl.java:43)
Caused by: org.openqa.selenium.ElementClickInterceptedException: Element <button id="btn_aceptar_tipo_envio" class="btn disabled" type="button"> is not clickable at point (675,588) because another element <div class="modal-footer"> obscures it
Build info: version: '3.141.59', revision: 'unknown', time: 'unknown'
System info: host: 'DESKTOP-RGFFP9A', ip: '10.136.10.6', os.name: 'Windows 11', os.arch: 'amd64', os.version: '10.0', java.version: '17.0.7'
Driver info: com.kms.katalon.core.webui.driver.firefox.CGeckoDriver
Capabilities {acceptInsecureCerts: true, browserName: firefox, browserVersion: 133.0, javascriptEnabled: true, moz:accessibilityChecks: false, moz:buildID: 20241121140525, moz:geckodriverVersion: 0.35.0, moz:headless: false, moz:platformVersion: 10.0, moz:processID: 3760, moz:profile: C:\Users\OLVATI\AppData\Loc..., moz:shutdownTimeout: 60000, moz:webdriverClick: true, moz:windowless: false, pageLoadStrategy: normal, platform: WINDOWS, platformName: WINDOWS, proxy: Proxy(direct), setWindowRect: true, strictFileInteractability: false, timeouts: {implicit: 0, pageLoad: 300000, script: 30000}, unhandledPromptBehavior: dismiss and notify, userAgent: Mozilla/5.0 (Windows NT 10....}
Session ID: 49f781c0-cab9-4e31-b82f-299893542481
	at jdk.internal.reflect.GeneratedConstructorAccessor32.newInstance(Unknown Source)
	at java.base/jdk.internal.reflect.DelegatingConstructorAccessorImpl.newInstance(DelegatingConstructorAccessorImpl.java:45)
	at org.openqa.selenium.remote.http.W3CHttpResponseCodec.createException(W3CHttpResponseCodec.java:187)
	at org.openqa.selenium.remote.http.W3CHttpResponseCodec.decode(W3CHttpResponseCodec.java:122)
	at org.openqa.selenium.remote.http.W3CHttpResponseCodec.decode(W3CHttpResponseCodec.java:49)
	at org.openqa.selenium.remote.HttpCommandExecutor.execute(HttpCommandExecutor.java:158)
	at org.openqa.selenium.remote.service.DriverCommandExecutor.execute(DriverCommandExecutor.java:83)
	at org.openqa.selenium.remote.RemoteWebDriver.execute(RemoteWebDriver.java:552)
	at com.kms.katalon.selenium.driver.CFirefoxDriver.execute(CFirefoxDriver.java:28)
	at org.openqa.selenium.remote.RemoteWebElement.execute(RemoteWebElement.java:285)
	at org.openqa.selenium.remote.RemoteWebElement.click(RemoteWebElement.java:84)
	at jdk.internal.reflect.GeneratedMethodAccessor10.invoke(Unknown Source)
	at java.base/jdk.internal.reflect.DelegatingMethodAccessorImpl.invoke(DelegatingMethodAccessorImpl.java:43)
	at org.openqa.selenium.support.events.EventFiringWebDriver$EventFiringWebElement.lambda$new$0(EventFiringWebDriver.java:404)
	at jdk.proxy2/jdk.proxy2.$Proxy21.click(Unknown Source)
	at org.openqa.selenium.support.events.EventFiringWebDriver$EventFiringWebElement.click(EventFiringWebDriver.java:417)
	at org.openqa.selenium.WebElement$click.call(Unknown Source)
	at com.kms.katalon.core.webui.keyword.builtin.ClickKeyword.clickUntilSuccessWithTimeout(ClickKeyword.groovy:81)
	at com.kms.katalon.core.webui.keyword.builtin.ClickKeyword.clickUntilSuccessWithTimeout(ClickKeyword.groovy)
	at jdk.internal.reflect.GeneratedMethodAccessor8.invoke(Unknown Source)
	at java.base/jdk.internal.reflect.DelegatingMethodAccessorImpl.invoke(DelegatingMethodAccessorImpl.java:43)
	at com.kms.katalon.core.webui.keyword.builtin.ClickKeyword$_click_closure1.doCall(ClickKeyword.groovy:67)
	at com.kms.katalon.core.webui.keyword.builtin.ClickKeyword$_click_closure1.call(ClickKeyword.groovy)
	at com.kms.katalon.core.webui.keyword.internal.WebUIKeywordMain.runKeyword(WebUIKeywordMain.groovy:35)
	... 38 more


27-11-2024T17:56:22 - [TEST_STEP][PASSED] - click(findTestObject("Object Repository/Principal/Page_Olva Courier  Home/img_Envo de cajas o paquetescon un peso mxi_37770f")): Object: 'Object Repository/Principal/Page_Olva Courier  Home/img_Envo de cajas o paquetescon un peso mxi_37770f' is clicked on

27-11-2024T17:56:23 - [MESSAGE][PASSED] - Object: 'Object Repository/Principal/Page_Olva Courier  Home/img_Envo de cajas o paquetescon un peso mxi_37770f' is clicked on

27-11-2024T17:56:23 - [TEST_STEP][PASSED] - click(findTestObject("Object Repository/Principal/Page_Olva Courier  Home/label_He ledo y acepto los trminos de uso y_adab65")): Object: 'Object Repository/Principal/Page_Olva Courier  Home/label_He ledo y acepto los trminos de uso y_adab65' is clicked on

27-11-2024T17:56:23 - [MESSAGE][PASSED] - Object: 'Object Repository/Principal/Page_Olva Courier  Home/label_He ledo y acepto los trminos de uso y_adab65' is clicked on

27-11-2024T17:56:23 - [TEST_STEP][FAILED] - click(findTestObject("Object Repository/Principal/Page_Olva Courier  Home/button_CONTINUAR (2)")): Unable to click on object 'Object Repository/Principal/Page_Olva Courier  Home/button_CONTINUAR (2)' (Root cause: com.kms.katalon.core.exception.StepFailedException: Unable to click on object 'Object Repository/Principal/Page_Olva Courier  Home/button_CONTINUAR (2)'
	at com.kms.katalon.core.webui.keyword.internal.WebUIKeywordMain.stepFailed(WebUIKeywordMain.groovy:117)
	at com.kms.katalon.core.webui.keyword.internal.WebUIKeywordMain.runKeyword(WebUIKeywordMain.groovy:43)
	at com.kms.katalon.core.webui.keyword.builtin.ClickKeyword.click(ClickKeyword.groovy:74)
	at com.kms.katalon.core.webui.keyword.builtin.ClickKeyword.execute(ClickKeyword.groovy:40)
	at com.kms.katalon.core.keyword.internal.KeywordExecutor.executeKeywordForPlatform(KeywordExecutor.groovy:74)
	at com.kms.katalon.core.webui.keyword.WebUiBuiltInKeywords.click(WebUiBuiltInKeywords.groovy:659)
	at Selec_sobre.run(Selec_sobre:24)
	at com.kms.katalon.core.main.ScriptEngine.run(ScriptEngine.java:194)
	at com.kms.katalon.core.main.ScriptEngine.runScriptAsRawText(ScriptEngine.java:119)
	at com.kms.katalon.core.main.TestCaseExecutor.runScript(TestCaseExecutor.java:448)
	at com.kms.katalon.core.main.TestCaseExecutor.doExecute(TestCaseExecutor.java:439)
	at com.kms.katalon.core.main.TestCaseExecutor.processExecutionPhase(TestCaseExecutor.java:418)
	at com.kms.katalon.core.main.TestCaseExecutor.accessMainPhase(TestCaseExecutor.java:410)
	at com.kms.katalon.core.main.TestCaseExecutor.execute(TestCaseExecutor.java:285)
	at com.kms.katalon.core.main.TestCaseMain.runTestCase(TestCaseMain.java:137)
	at com.kms.katalon.core.keyword.builtin.CallTestCaseKeyword$_callTestCase_closure1.doCall(CallTestCaseKeyword.groovy:59)
	at com.kms.katalon.core.keyword.builtin.CallTestCaseKeyword$_callTestCase_closure1.call(CallTestCaseKeyword.groovy)
	at com.kms.katalon.core.keyword.internal.KeywordMain.runKeyword(KeywordMain.groovy:75)
	at com.kms.katalon.core.keyword.builtin.CallTestCaseKeyword.callTestCase(CallTestCaseKeyword.groovy:81)
	at com.kms.katalon.core.keyword.builtin.CallTestCaseKeyword.execute(CallTestCaseKeyword.groovy:44)
	at com.kms.katalon.core.keyword.internal.KeywordExecutor.executeKeywordForPlatform(KeywordExecutor.groovy:74)
	at com.kms.katalon.core.keyword.BuiltinKeywords.callTestCase(BuiltinKeywords.groovy:310)
	at jdk.internal.reflect.GeneratedMethodAccessor25.invoke(Unknown Source)
	at java.base/jdk.internal.reflect.DelegatingMethodAccessorImpl.invoke(DelegatingMethodAccessorImpl.java:43)
	at Editar_Eliminar-Envios.run(Editar_Eliminar-Envios:22)
	at com.kms.katalon.core.main.ScriptEngine.run(ScriptEngine.java:194)
	at com.kms.katalon.core.main.ScriptEngine.runScriptAsRawText(ScriptEngine.java:119)
	at com.kms.katalon.core.main.TestCaseExecutor.runScript(TestCaseExecutor.java:448)
	at com.kms.katalon.core.main.TestCaseExecutor.doExecute(TestCaseExecutor.java:439)
	at com.kms.katalon.core.main.TestCaseExecutor.processExecutionPhase(TestCaseExecutor.java:418)
	at com.kms.katalon.core.main.TestCaseExecutor.accessMainPhase(TestCaseExecutor.java:410)
	at com.kms.katalon.core.main.TestCaseExecutor.execute(TestCaseExecutor.java:285)
	at com.kms.katalon.core.common.CommonExecutor.accessTestCaseMainPhase(CommonExecutor.java:65)
	at com.kms.katalon.core.main.TestSuiteExecutor.accessTestSuiteMainPhase(TestSuiteExecutor.java:150)
	at com.kms.katalon.core.main.TestSuiteExecutor.execute(TestSuiteExecutor.java:106)
	at com.kms.katalon.core.main.TestCaseMain.startTestSuite(TestCaseMain.java:180)
	at TempTestSuite1732745349578.run(TempTestSuite1732745349578.groovy:35)
	at java.base/jdk.internal.reflect.NativeMethodAccessorImpl.invoke0(Native Method)
	at java.base/jdk.internal.reflect.NativeMethodAccessorImpl.invoke(NativeMethodAccessorImpl.java:77)
	at java.base/jdk.internal.reflect.DelegatingMethodAccessorImpl.invoke(DelegatingMethodAccessorImpl.java:43)
Caused by: org.openqa.selenium.ElementClickInterceptedException: Element <button id="btn_aceptar_tipo_envio" class="btn disabled" type="button"> is not clickable at point (675,588) because another element <div class="modal-footer"> obscures it
Build info: version: '3.141.59', revision: 'unknown', time: 'unknown'
System info: host: 'DESKTOP-RGFFP9A', ip: '10.136.10.6', os.name: 'Windows 11', os.arch: 'amd64', os.version: '10.0', java.version: '17.0.7'
Driver info: com.kms.katalon.core.webui.driver.firefox.CGeckoDriver
Capabilities {acceptInsecureCerts: true, browserName: firefox, browserVersion: 133.0, javascriptEnabled: true, moz:accessibilityChecks: false, moz:buildID: 20241121140525, moz:geckodriverVersion: 0.35.0, moz:headless: false, moz:platformVersion: 10.0, moz:processID: 3760, moz:profile: C:\Users\OLVATI\AppData\Loc..., moz:shutdownTimeout: 60000, moz:webdriverClick: true, moz:windowless: false, pageLoadStrategy: normal, platform: WINDOWS, platformName: WINDOWS, proxy: Proxy(direct), setWindowRect: true, strictFileInteractability: false, timeouts: {implicit: 0, pageLoad: 300000, script: 30000}, unhandledPromptBehavior: dismiss and notify, userAgent: Mozilla/5.0 (Windows NT 10....}
Session ID: 49f781c0-cab9-4e31-b82f-299893542481
	at jdk.internal.reflect.GeneratedConstructorAccessor32.newInstance(Unknown Source)
	at java.base/jdk.internal.reflect.DelegatingConstructorAccessorImpl.newInstance(DelegatingConstructorAccessorImpl.java:45)
	at org.openqa.selenium.remote.http.W3CHttpResponseCodec.createException(W3CHttpResponseCodec.java:187)
	at org.openqa.selenium.remote.http.W3CHttpResponseCodec.decode(W3CHttpResponseCodec.java:122)
	at org.openqa.selenium.remote.http.W3CHttpResponseCodec.decode(W3CHttpResponseCodec.java:49)
	at org.openqa.selenium.remote.HttpCommandExecutor.execute(HttpCommandExecutor.java:158)
	at org.openqa.selenium.remote.service.DriverCommandExecutor.execute(DriverCommandExecutor.java:83)
	at org.openqa.selenium.remote.RemoteWebDriver.execute(RemoteWebDriver.java:552)
	at com.kms.katalon.selenium.driver.CFirefoxDriver.execute(CFirefoxDriver.java:28)
	at org.openqa.selenium.remote.RemoteWebElement.execute(RemoteWebElement.java:285)
	at org.openqa.selenium.remote.RemoteWebElement.click(RemoteWebElement.java:84)
	at jdk.internal.reflect.GeneratedMethodAccessor10.invoke(Unknown Source)
	at java.base/jdk.internal.reflect.DelegatingMethodAccessorImpl.invoke(DelegatingMethodAccessorImpl.java:43)
	at org.openqa.selenium.support.events.EventFiringWebDriver$EventFiringWebElement.lambda$new$0(EventFiringWebDriver.java:404)
	at jdk.proxy2/jdk.proxy2.$Proxy21.click(Unknown Source)
	at org.openqa.selenium.support.events.EventFiringWebDriver$EventFiringWebElement.click(EventFiringWebDriver.java:417)
	at org.openqa.selenium.WebElement$click.call(Unknown Source)
	at com.kms.katalon.core.webui.keyword.builtin.ClickKeyword.clickUntilSuccessWithTimeout(ClickKeyword.groovy:81)
	at com.kms.katalon.core.webui.keyword.builtin.ClickKeyword.clickUntilSuccessWithTimeout(ClickKeyword.groovy)
	at jdk.internal.reflect.GeneratedMethodAccessor8.invoke(Unknown Source)
	at java.base/jdk.internal.reflect.DelegatingMethodAccessorImpl.invoke(DelegatingMethodAccessorImpl.java:43)
	at com.kms.katalon.core.webui.keyword.builtin.ClickKeyword$_click_closure1.doCall(ClickKeyword.groovy:67)
	at com.kms.katalon.core.webui.keyword.builtin.ClickKeyword$_click_closure1.call(ClickKeyword.groovy)
	at com.kms.katalon.core.webui.keyword.internal.WebUIKeywordMain.runKeyword(WebUIKeywordMain.groovy:35)
	at com.kms.katalon.core.webui.keyword.builtin.ClickKeyword.click(ClickKeyword.groovy:74)
	at com.kms.katalon.core.webui.keyword.builtin.ClickKeyword.execute(ClickKeyword.groovy:40)
	at com.kms.katalon.core.keyword.internal.KeywordExecutor.executeKeywordForPlatform(KeywordExecutor.groovy:74)
	at com.kms.katalon.core.webui.keyword.WebUiBuiltInKeywords.click(WebUiBuiltInKeywords.groovy:659)
	at Script1732083570761.run(Script1732083570761.groovy:24)
	at com.kms.katalon.core.main.ScriptEngine.run(ScriptEngine.java:194)
	at com.kms.katalon.core.main.ScriptEngine.runScriptAsRawText(ScriptEngine.java:119)
	at com.kms.katalon.core.main.TestCaseExecutor.runScript(TestCaseExecutor.java:448)
	at com.kms.katalon.core.main.TestCaseExecutor.doExecute(TestCaseExecutor.java:439)
	at com.kms.katalon.core.main.TestCaseExecutor.processExecutionPhase(TestCaseExecutor.java:418)
	at com.kms.katalon.core.main.TestCaseExecutor.accessMainPhase(TestCaseExecutor.java:410)
	at com.kms.katalon.core.main.TestCaseExecutor.execute(TestCaseExecutor.java:285)
	at com.kms.katalon.core.main.TestCaseMain.runTestCase(TestCaseMain.java:137)
	at com.kms.katalon.core.keyword.builtin.CallTestCaseKeyword$_callTestCase_closure1.doCall(CallTestCaseKeyword.groovy:59)
	at com.kms.katalon.core.keyword.builtin.CallTestCaseKeyword$_callTestCase_closure1.call(CallTestCaseKeyword.groovy)
	at com.kms.katalon.core.keyword.internal.KeywordMain.runKeyword(KeywordMain.groovy:75)
	at com.kms.katalon.core.keyword.builtin.CallTestCaseKeyword.callTestCase(CallTestCaseKeyword.groovy:81)
	at com.kms.katalon.core.keyword.builtin.CallTestCaseKeyword.execute(CallTestCaseKeyword.groovy:44)
	at com.kms.katalon.core.keyword.internal.KeywordExecutor.executeKeywordForPlatform(KeywordExecutor.groovy:74)
	at com.kms.katalon.core.keyword.BuiltinKeywords.callTestCase(BuiltinKeywords.groovy:310)
	at jdk.internal.reflect.GeneratedMethodAccessor25.invoke(Unknown Source)
	at java.base/jdk.internal.reflect.DelegatingMethodAccessorImpl.invoke(DelegatingMethodAccessorImpl.java:43)
	at Script1732341471838.run(Script1732341471838.groovy:22)
	... 15 more
)

27-11-2024T17:56:55 - [MESSAGE][FAILED] - Unable to click on object 'Object Repository/Principal/Page_Olva Courier  Home/button_CONTINUAR (2)' (Root cause: com.kms.katalon.core.exception.StepFailedException: Unable to click on object 'Object Repository/Principal/Page_Olva Courier  Home/button_CONTINUAR (2)'
	at com.kms.katalon.core.webui.keyword.internal.WebUIKeywordMain.stepFailed(WebUIKeywordMain.groovy:117)
	at com.kms.katalon.core.webui.keyword.internal.WebUIKeywordMain.runKeyword(WebUIKeywordMain.groovy:43)
	at com.kms.katalon.core.webui.keyword.builtin.ClickKeyword.click(ClickKeyword.groovy:74)
	at com.kms.katalon.core.webui.keyword.builtin.ClickKeyword.execute(ClickKeyword.groovy:40)
	at com.kms.katalon.core.keyword.internal.KeywordExecutor.executeKeywordForPlatform(KeywordExecutor.groovy:74)
	at com.kms.katalon.core.webui.keyword.WebUiBuiltInKeywords.click(WebUiBuiltInKeywords.groovy:659)
	at Selec_sobre.run(Selec_sobre:24)
	at com.kms.katalon.core.main.ScriptEngine.run(ScriptEngine.java:194)
	at com.kms.katalon.core.main.ScriptEngine.runScriptAsRawText(ScriptEngine.java:119)
	at com.kms.katalon.core.main.TestCaseExecutor.runScript(TestCaseExecutor.java:448)
	at com.kms.katalon.core.main.TestCaseExecutor.doExecute(TestCaseExecutor.java:439)
	at com.kms.katalon.core.main.TestCaseExecutor.processExecutionPhase(TestCaseExecutor.java:418)
	at com.kms.katalon.core.main.TestCaseExecutor.accessMainPhase(TestCaseExecutor.java:410)
	at com.kms.katalon.core.main.TestCaseExecutor.execute(TestCaseExecutor.java:285)
	at com.kms.katalon.core.main.TestCaseMain.runTestCase(TestCaseMain.java:137)
	at com.kms.katalon.core.keyword.builtin.CallTestCaseKeyword$_callTestCase_closure1.doCall(CallTestCaseKeyword.groovy:59)
	at com.kms.katalon.core.keyword.builtin.CallTestCaseKeyword$_callTestCase_closure1.call(CallTestCaseKeyword.groovy)
	at com.kms.katalon.core.keyword.internal.KeywordMain.runKeyword(KeywordMain.groovy:75)
	at com.kms.katalon.core.keyword.builtin.CallTestCaseKeyword.callTestCase(CallTestCaseKeyword.groovy:81)
	at com.kms.katalon.core.keyword.builtin.CallTestCaseKeyword.execute(CallTestCaseKeyword.groovy:44)
	at com.kms.katalon.core.keyword.internal.KeywordExecutor.executeKeywordForPlatform(KeywordExecutor.groovy:74)
	at com.kms.katalon.core.keyword.BuiltinKeywords.callTestCase(BuiltinKeywords.groovy:310)
	at jdk.internal.reflect.GeneratedMethodAccessor25.invoke(Unknown Source)
	at java.base/jdk.internal.reflect.DelegatingMethodAccessorImpl.invoke(DelegatingMethodAccessorImpl.java:43)
	at Editar_Eliminar-Envios.run(Editar_Eliminar-Envios:22)
	at com.kms.katalon.core.main.ScriptEngine.run(ScriptEngine.java:194)
	at com.kms.katalon.core.main.ScriptEngine.runScriptAsRawText(ScriptEngine.java:119)
	at com.kms.katalon.core.main.TestCaseExecutor.runScript(TestCaseExecutor.java:448)
	at com.kms.katalon.core.main.TestCaseExecutor.doExecute(TestCaseExecutor.java:439)
	at com.kms.katalon.core.main.TestCaseExecutor.processExecutionPhase(TestCaseExecutor.java:418)
	at com.kms.katalon.core.main.TestCaseExecutor.accessMainPhase(TestCaseExecutor.java:410)
	at com.kms.katalon.core.main.TestCaseExecutor.execute(TestCaseExecutor.java:285)
	at com.kms.katalon.core.common.CommonExecutor.accessTestCaseMainPhase(CommonExecutor.java:65)
	at com.kms.katalon.core.main.TestSuiteExecutor.accessTestSuiteMainPhase(TestSuiteExecutor.java:150)
	at com.kms.katalon.core.main.TestSuiteExecutor.execute(TestSuiteExecutor.java:106)
	at com.kms.katalon.core.main.TestCaseMain.startTestSuite(TestCaseMain.java:180)
	at TempTestSuite1732745349578.run(TempTestSuite1732745349578.groovy:35)
	at java.base/jdk.internal.reflect.NativeMethodAccessorImpl.invoke0(Native Method)
	at java.base/jdk.internal.reflect.NativeMethodAccessorImpl.invoke(NativeMethodAccessorImpl.java:77)
	at java.base/jdk.internal.reflect.DelegatingMethodAccessorImpl.invoke(DelegatingMethodAccessorImpl.java:43)
Caused by: org.openqa.selenium.ElementClickInterceptedException: Element <button id="btn_aceptar_tipo_envio" class="btn disabled" type="button"> is not clickable at point (675,588) because another element <div class="modal-footer"> obscures it
Build info: version: '3.141.59', revision: 'unknown', time: 'unknown'
System info: host: 'DESKTOP-RGFFP9A', ip: '10.136.10.6', os.name: 'Windows 11', os.arch: 'amd64', os.version: '10.0', java.version: '17.0.7'
Driver info: com.kms.katalon.core.webui.driver.firefox.CGeckoDriver
Capabilities {acceptInsecureCerts: true, browserName: firefox, browserVersion: 133.0, javascriptEnabled: true, moz:accessibilityChecks: false, moz:buildID: 20241121140525, moz:geckodriverVersion: 0.35.0, moz:headless: false, moz:platformVersion: 10.0, moz:processID: 3760, moz:profile: C:\Users\OLVATI\AppData\Loc..., moz:shutdownTimeout: 60000, moz:webdriverClick: true, moz:windowless: false, pageLoadStrategy: normal, platform: WINDOWS, platformName: WINDOWS, proxy: Proxy(direct), setWindowRect: true, strictFileInteractability: false, timeouts: {implicit: 0, pageLoad: 300000, script: 30000}, unhandledPromptBehavior: dismiss and notify, userAgent: Mozilla/5.0 (Windows NT 10....}
Session ID: 49f781c0-cab9-4e31-b82f-299893542481
	at jdk.internal.reflect.GeneratedConstructorAccessor32.newInstance(Unknown Source)
	at java.base/jdk.internal.reflect.DelegatingConstructorAccessorImpl.newInstance(DelegatingConstructorAccessorImpl.java:45)
	at org.openqa.selenium.remote.http.W3CHttpResponseCodec.createException(W3CHttpResponseCodec.java:187)
	at org.openqa.selenium.remote.http.W3CHttpResponseCodec.decode(W3CHttpResponseCodec.java:122)
	at org.openqa.selenium.remote.http.W3CHttpResponseCodec.decode(W3CHttpResponseCodec.java:49)
	at org.openqa.selenium.remote.HttpCommandExecutor.execute(HttpCommandExecutor.java:158)
	at org.openqa.selenium.remote.service.DriverCommandExecutor.execute(DriverCommandExecutor.java:83)
	at org.openqa.selenium.remote.RemoteWebDriver.execute(RemoteWebDriver.java:552)
	at com.kms.katalon.selenium.driver.CFirefoxDriver.execute(CFirefoxDriver.java:28)
	at org.openqa.selenium.remote.RemoteWebElement.execute(RemoteWebElement.java:285)
	at org.openqa.selenium.remote.RemoteWebElement.click(RemoteWebElement.java:84)
	at jdk.internal.reflect.GeneratedMethodAccessor10.invoke(Unknown Source)
	at java.base/jdk.internal.reflect.DelegatingMethodAccessorImpl.invoke(DelegatingMethodAccessorImpl.java:43)
	at org.openqa.selenium.support.events.EventFiringWebDriver$EventFiringWebElement.lambda$new$0(EventFiringWebDriver.java:404)
	at jdk.proxy2/jdk.proxy2.$Proxy21.click(Unknown Source)
	at org.openqa.selenium.support.events.EventFiringWebDriver$EventFiringWebElement.click(EventFiringWebDriver.java:417)
	at org.openqa.selenium.WebElement$click.call(Unknown Source)
	at com.kms.katalon.core.webui.keyword.builtin.ClickKeyword.clickUntilSuccessWithTimeout(ClickKeyword.groovy:81)
	at com.kms.katalon.core.webui.keyword.builtin.ClickKeyword.clickUntilSuccessWithTimeout(ClickKeyword.groovy)
	at jdk.internal.reflect.GeneratedMethodAccessor8.invoke(Unknown Source)
	at java.base/jdk.internal.reflect.DelegatingMethodAccessorImpl.invoke(DelegatingMethodAccessorImpl.java:43)
	at com.kms.katalon.core.webui.keyword.builtin.ClickKeyword$_click_closure1.doCall(ClickKeyword.groovy:67)
	at com.kms.katalon.core.webui.keyword.builtin.ClickKeyword$_click_closure1.call(ClickKeyword.groovy)
	at com.kms.katalon.core.webui.keyword.internal.WebUIKeywordMain.runKeyword(WebUIKeywordMain.groovy:35)
	at com.kms.katalon.core.webui.keyword.builtin.ClickKeyword.click(ClickKeyword.groovy:74)
	at com.kms.katalon.core.webui.keyword.builtin.ClickKeyword.execute(ClickKeyword.groovy:40)
	at com.kms.katalon.core.keyword.internal.KeywordExecutor.executeKeywordForPlatform(KeywordExecutor.groovy:74)
	at com.kms.katalon.core.webui.keyword.WebUiBuiltInKeywords.click(WebUiBuiltInKeywords.groovy:659)
	at Script1732083570761.run(Script1732083570761.groovy:24)
	at com.kms.katalon.core.main.ScriptEngine.run(ScriptEngine.java:194)
	at com.kms.katalon.core.main.ScriptEngine.runScriptAsRawText(ScriptEngine.java:119)
	at com.kms.katalon.core.main.TestCaseExecutor.runScript(TestCaseExecutor.java:448)
	at com.kms.katalon.core.main.TestCaseExecutor.doExecute(TestCaseExecutor.java:439)
	at com.kms.katalon.core.main.TestCaseExecutor.processExecutionPhase(TestCaseExecutor.java:418)
	at com.kms.katalon.core.main.TestCaseExecutor.accessMainPhase(TestCaseExecutor.java:410)
	at com.kms.katalon.core.main.TestCaseExecutor.execute(TestCaseExecutor.java:285)
	at com.kms.katalon.core.main.TestCaseMain.runTestCase(TestCaseMain.java:137)
	at com.kms.katalon.core.keyword.builtin.CallTestCaseKeyword$_callTestCase_closure1.doCall(CallTestCaseKeyword.groovy:59)
	at com.kms.katalon.core.keyword.builtin.CallTestCaseKeyword$_callTestCase_closure1.call(CallTestCaseKeyword.groovy)
	at com.kms.katalon.core.keyword.internal.KeywordMain.runKeyword(KeywordMain.groovy:75)
	at com.kms.katalon.core.keyword.builtin.CallTestCaseKeyword.callTestCase(CallTestCaseKeyword.groovy:81)
	at com.kms.katalon.core.keyword.builtin.CallTestCaseKeyword.execute(CallTestCaseKeyword.groovy:44)
	at com.kms.katalon.core.keyword.internal.KeywordExecutor.executeKeywordForPlatform(KeywordExecutor.groovy:74)
	at com.kms.katalon.core.keyword.BuiltinKeywords.callTestCase(BuiltinKeywords.groovy:310)
	at jdk.internal.reflect.GeneratedMethodAccessor25.invoke(Unknown Source)
	at java.base/jdk.internal.reflect.DelegatingMethodAccessorImpl.invoke(DelegatingMethodAccessorImpl.java:43)
	at Script1732341471838.run(Script1732341471838.groovy:22)
	... 15 more
)

27-11-2024T17:56:55 - [MESSAGE][FAILED] - Unable to call Test Case 'Test Cases/1.Inicio/1.1Principal/Selec_sobre' (Root cause: com.kms.katalon.core.exception.StepFailedException: Call Test Case 'Test Cases/1.Inicio/1.1Principal/Selec_sobre' failed
	at com.kms.katalon.core.keyword.builtin.CallTestCaseKeyword$_callTestCase_closure1.doCall(CallTestCaseKeyword.groovy:63)
	at com.kms.katalon.core.keyword.builtin.CallTestCaseKeyword$_callTestCase_closure1.call(CallTestCaseKeyword.groovy)
	at com.kms.katalon.core.keyword.internal.KeywordMain.runKeyword(KeywordMain.groovy:75)
	at com.kms.katalon.core.keyword.builtin.CallTestCaseKeyword.callTestCase(CallTestCaseKeyword.groovy:81)
	at com.kms.katalon.core.keyword.builtin.CallTestCaseKeyword.execute(CallTestCaseKeyword.groovy:44)
	at com.kms.katalon.core.keyword.internal.KeywordExecutor.executeKeywordForPlatform(KeywordExecutor.groovy:74)
	at com.kms.katalon.core.keyword.BuiltinKeywords.callTestCase(BuiltinKeywords.groovy:310)
	at jdk.internal.reflect.GeneratedMethodAccessor25.invoke(Unknown Source)
	at java.base/jdk.internal.reflect.DelegatingMethodAccessorImpl.invoke(DelegatingMethodAccessorImpl.java:43)
	at Editar_Eliminar-Envios.run(Editar_Eliminar-Envios:22)
	at com.kms.katalon.core.main.ScriptEngine.run(ScriptEngine.java:194)
	at com.kms.katalon.core.main.ScriptEngine.runScriptAsRawText(ScriptEngine.java:119)
	at com.kms.katalon.core.main.TestCaseExecutor.runScript(TestCaseExecutor.java:448)
	at com.kms.katalon.core.main.TestCaseExecutor.doExecute(TestCaseExecutor.java:439)
	at com.kms.katalon.core.main.TestCaseExecutor.processExecutionPhase(TestCaseExecutor.java:418)
	at com.kms.katalon.core.main.TestCaseExecutor.accessMainPhase(TestCaseExecutor.java:410)
	at com.kms.katalon.core.main.TestCaseExecutor.execute(TestCaseExecutor.java:285)
	at com.kms.katalon.core.common.CommonExecutor.accessTestCaseMainPhase(CommonExecutor.java:65)
	at com.kms.katalon.core.main.TestSuiteExecutor.accessTestSuiteMainPhase(TestSuiteExecutor.java:150)
	at com.kms.katalon.core.main.TestSuiteExecutor.execute(TestSuiteExecutor.java:106)
	at com.kms.katalon.core.main.TestCaseMain.startTestSuite(TestCaseMain.java:180)
	at TempTestSuite1732745349578.run(TempTestSuite1732745349578.groovy:35)
	at java.base/jdk.internal.reflect.NativeMethodAccessorImpl.invoke0(Native Method)
	at java.base/jdk.internal.reflect.NativeMethodAccessorImpl.invoke(NativeMethodAccessorImpl.java:77)
	at java.base/jdk.internal.reflect.DelegatingMethodAccessorImpl.invoke(DelegatingMethodAccessorImpl.java:43)
Caused by: com.kms.katalon.core.exception.StepFailedException: Unable to click on object 'Object Repository/Principal/Page_Olva Courier  Home/button_CONTINUAR (2)'
	at com.kms.katalon.core.webui.keyword.internal.WebUIKeywordMain.stepFailed(WebUIKeywordMain.groovy:117)
	at com.kms.katalon.core.webui.keyword.internal.WebUIKeywordMain.runKeyword(WebUIKeywordMain.groovy:43)
	at com.kms.katalon.core.webui.keyword.builtin.ClickKeyword.click(ClickKeyword.groovy:74)
	at com.kms.katalon.core.webui.keyword.builtin.ClickKeyword.execute(ClickKeyword.groovy:40)
	at com.kms.katalon.core.keyword.internal.KeywordExecutor.executeKeywordForPlatform(KeywordExecutor.groovy:74)
	at com.kms.katalon.core.webui.keyword.WebUiBuiltInKeywords.click(WebUiBuiltInKeywords.groovy:659)
	at Selec_sobre.run(Selec_sobre:24)
	at com.kms.katalon.core.main.ScriptEngine.run(ScriptEngine.java:194)
	at com.kms.katalon.core.main.ScriptEngine.runScriptAsRawText(ScriptEngine.java:119)
	at com.kms.katalon.core.main.TestCaseExecutor.runScript(TestCaseExecutor.java:448)
	at com.kms.katalon.core.main.TestCaseExecutor.doExecute(TestCaseExecutor.java:439)
	at com.kms.katalon.core.main.TestCaseExecutor.processExecutionPhase(TestCaseExecutor.java:418)
	at com.kms.katalon.core.main.TestCaseExecutor.accessMainPhase(TestCaseExecutor.java:410)
	at com.kms.katalon.core.main.TestCaseExecutor.execute(TestCaseExecutor.java:285)
	at com.kms.katalon.core.main.TestCaseMain.runTestCase(TestCaseMain.java:137)
	at com.kms.katalon.core.keyword.builtin.CallTestCaseKeyword$_callTestCase_closure1.doCall(CallTestCaseKeyword.groovy:59)
	... 24 more
Caused by: org.openqa.selenium.ElementClickInterceptedException: Element <button id="btn_aceptar_tipo_envio" class="btn disabled" type="button"> is not clickable at point (675,588) because another element <div class="modal-footer"> obscures it
Build info: version: '3.141.59', revision: 'unknown', time: 'unknown'
System info: host: 'DESKTOP-RGFFP9A', ip: '10.136.10.6', os.name: 'Windows 11', os.arch: 'amd64', os.version: '10.0', java.version: '17.0.7'
Driver info: com.kms.katalon.core.webui.driver.firefox.CGeckoDriver
Capabilities {acceptInsecureCerts: true, browserName: firefox, browserVersion: 133.0, javascriptEnabled: true, moz:accessibilityChecks: false, moz:buildID: 20241121140525, moz:geckodriverVersion: 0.35.0, moz:headless: false, moz:platformVersion: 10.0, moz:processID: 3760, moz:profile: C:\Users\OLVATI\AppData\Loc..., moz:shutdownTimeout: 60000, moz:webdriverClick: true, moz:windowless: false, pageLoadStrategy: normal, platform: WINDOWS, platformName: WINDOWS, proxy: Proxy(direct), setWindowRect: true, strictFileInteractability: false, timeouts: {implicit: 0, pageLoad: 300000, script: 30000}, unhandledPromptBehavior: dismiss and notify, userAgent: Mozilla/5.0 (Windows NT 10....}
Session ID: 49f781c0-cab9-4e31-b82f-299893542481
	at jdk.internal.reflect.GeneratedConstructorAccessor32.newInstance(Unknown Source)
	at java.base/jdk.internal.reflect.DelegatingConstructorAccessorImpl.newInstance(DelegatingConstructorAccessorImpl.java:45)
	at org.openqa.selenium.remote.http.W3CHttpResponseCodec.createException(W3CHttpResponseCodec.java:187)
	at org.openqa.selenium.remote.http.W3CHttpResponseCodec.decode(W3CHttpResponseCodec.java:122)
	at org.openqa.selenium.remote.http.W3CHttpResponseCodec.decode(W3CHttpResponseCodec.java:49)
	at org.openqa.selenium.remote.HttpCommandExecutor.execute(HttpCommandExecutor.java:158)
	at org.openqa.selenium.remote.service.DriverCommandExecutor.execute(DriverCommandExecutor.java:83)
	at org.openqa.selenium.remote.RemoteWebDriver.execute(RemoteWebDriver.java:552)
	at com.kms.katalon.selenium.driver.CFirefoxDriver.execute(CFirefoxDriver.java:28)
	at org.openqa.selenium.remote.RemoteWebElement.execute(RemoteWebElement.java:285)
	at org.openqa.selenium.remote.RemoteWebElement.click(RemoteWebElement.java:84)
	at jdk.internal.reflect.GeneratedMethodAccessor10.invoke(Unknown Source)
	at java.base/jdk.internal.reflect.DelegatingMethodAccessorImpl.invoke(DelegatingMethodAccessorImpl.java:43)
	at org.openqa.selenium.support.events.EventFiringWebDriver$EventFiringWebElement.lambda$new$0(EventFiringWebDriver.java:404)
	at jdk.proxy2/jdk.proxy2.$Proxy21.click(Unknown Source)
	at org.openqa.selenium.support.events.EventFiringWebDriver$EventFiringWebElement.click(EventFiringWebDriver.java:417)
	at org.openqa.selenium.WebElement$click.call(Unknown Source)
	at com.kms.katalon.core.webui.keyword.builtin.ClickKeyword.clickUntilSuccessWithTimeout(ClickKeyword.groovy:81)
	at com.kms.katalon.core.webui.keyword.builtin.ClickKeyword.clickUntilSuccessWithTimeout(ClickKeyword.groovy)
	at jdk.internal.reflect.GeneratedMethodAccessor8.invoke(Unknown Source)
	at java.base/jdk.internal.reflect.DelegatingMethodAccessorImpl.invoke(DelegatingMethodAccessorImpl.java:43)
	at com.kms.katalon.core.webui.keyword.builtin.ClickKeyword$_click_closure1.doCall(ClickKeyword.groovy:67)
	at com.kms.katalon.core.webui.keyword.builtin.ClickKeyword$_click_closure1.call(ClickKeyword.groovy)
	at com.kms.katalon.core.webui.keyword.internal.WebUIKeywordMain.runKeyword(WebUIKeywordMain.groovy:35)
	... 38 more
)]]></system-out>
         <system-err><![CDATA[27-11-2024T17:55:58 - [TEST_CASE][FAILED] - Test Cases/2.Positivos/2.2Sobre/Origen-Lima/Editar_Eliminar-Envios: Test Cases/2.Positivos/2.2Sobre/Origen-Lima/Editar_Eliminar-Envios FAILED.
Reason:
com.kms.katalon.core.exception.StepFailedException: Call Test Case 'Test Cases/1.Inicio/1.1Principal/Selec_sobre' failed
	at com.kms.katalon.core.keyword.builtin.CallTestCaseKeyword$_callTestCase_closure1.doCall(CallTestCaseKeyword.groovy:63)
	at com.kms.katalon.core.keyword.builtin.CallTestCaseKeyword$_callTestCase_closure1.call(CallTestCaseKeyword.groovy)
	at com.kms.katalon.core.keyword.internal.KeywordMain.runKeyword(KeywordMain.groovy:75)
	at com.kms.katalon.core.keyword.builtin.CallTestCaseKeyword.callTestCase(CallTestCaseKeyword.groovy:81)
	at com.kms.katalon.core.keyword.builtin.CallTestCaseKeyword.execute(CallTestCaseKeyword.groovy:44)
	at com.kms.katalon.core.keyword.internal.KeywordExecutor.executeKeywordForPlatform(KeywordExecutor.groovy:74)
	at com.kms.katalon.core.keyword.BuiltinKeywords.callTestCase(BuiltinKeywords.groovy:310)
	at jdk.internal.reflect.GeneratedMethodAccessor25.invoke(Unknown Source)
	at java.base/jdk.internal.reflect.DelegatingMethodAccessorImpl.invoke(DelegatingMethodAccessorImpl.java:43)
	at Editar_Eliminar-Envios.run(Editar_Eliminar-Envios:22)
	at com.kms.katalon.core.main.ScriptEngine.run(ScriptEngine.java:194)
	at com.kms.katalon.core.main.ScriptEngine.runScriptAsRawText(ScriptEngine.java:119)
	at com.kms.katalon.core.main.TestCaseExecutor.runScript(TestCaseExecutor.java:448)
	at com.kms.katalon.core.main.TestCaseExecutor.doExecute(TestCaseExecutor.java:439)
	at com.kms.katalon.core.main.TestCaseExecutor.processExecutionPhase(TestCaseExecutor.java:418)
	at com.kms.katalon.core.main.TestCaseExecutor.accessMainPhase(TestCaseExecutor.java:410)
	at com.kms.katalon.core.main.TestCaseExecutor.execute(TestCaseExecutor.java:285)
	at com.kms.katalon.core.common.CommonExecutor.accessTestCaseMainPhase(CommonExecutor.java:65)
	at com.kms.katalon.core.main.TestSuiteExecutor.accessTestSuiteMainPhase(TestSuiteExecutor.java:150)
	at com.kms.katalon.core.main.TestSuiteExecutor.execute(TestSuiteExecutor.java:106)
	at com.kms.katalon.core.main.TestCaseMain.startTestSuite(TestCaseMain.java:180)
	at TempTestSuite1732745349578.run(TempTestSuite1732745349578.groovy:35)
	at java.base/jdk.internal.reflect.NativeMethodAccessorImpl.invoke0(Native Method)
	at java.base/jdk.internal.reflect.NativeMethodAccessorImpl.invoke(NativeMethodAccessorImpl.java:77)
	at java.base/jdk.internal.reflect.DelegatingMethodAccessorImpl.invoke(DelegatingMethodAccessorImpl.java:43)
Caused by: com.kms.katalon.core.exception.StepFailedException: Unable to click on object 'Object Repository/Principal/Page_Olva Courier  Home/button_CONTINUAR (2)'
	at com.kms.katalon.core.webui.keyword.internal.WebUIKeywordMain.stepFailed(WebUIKeywordMain.groovy:117)
	at com.kms.katalon.core.webui.keyword.internal.WebUIKeywordMain.runKeyword(WebUIKeywordMain.groovy:43)
	at com.kms.katalon.core.webui.keyword.builtin.ClickKeyword.click(ClickKeyword.groovy:74)
	at com.kms.katalon.core.webui.keyword.builtin.ClickKeyword.execute(ClickKeyword.groovy:40)
	at com.kms.katalon.core.keyword.internal.KeywordExecutor.executeKeywordForPlatform(KeywordExecutor.groovy:74)
	at com.kms.katalon.core.webui.keyword.WebUiBuiltInKeywords.click(WebUiBuiltInKeywords.groovy:659)
	at Selec_sobre.run(Selec_sobre:24)
	at com.kms.katalon.core.main.ScriptEngine.run(ScriptEngine.java:194)
	at com.kms.katalon.core.main.ScriptEngine.runScriptAsRawText(ScriptEngine.java:119)
	at com.kms.katalon.core.main.TestCaseExecutor.runScript(TestCaseExecutor.java:448)
	at com.kms.katalon.core.main.TestCaseExecutor.doExecute(TestCaseExecutor.java:439)
	at com.kms.katalon.core.main.TestCaseExecutor.processExecutionPhase(TestCaseExecutor.java:418)
	at com.kms.katalon.core.main.TestCaseExecutor.accessMainPhase(TestCaseExecutor.java:410)
	at com.kms.katalon.core.main.TestCaseExecutor.execute(TestCaseExecutor.java:285)
	at com.kms.katalon.core.main.TestCaseMain.runTestCase(TestCaseMain.java:137)
	at com.kms.katalon.core.keyword.builtin.CallTestCaseKeyword$_callTestCase_closure1.doCall(CallTestCaseKeyword.groovy:59)
	... 24 more
Caused by: org.openqa.selenium.ElementClickInterceptedException: Element <button id="btn_aceptar_tipo_envio" class="btn disabled" type="button"> is not clickable at point (675,588) because another element <div class="modal-footer"> obscures it
Build info: version: '3.141.59', revision: 'unknown', time: 'unknown'
System info: host: 'DESKTOP-RGFFP9A', ip: '10.136.10.6', os.name: 'Windows 11', os.arch: 'amd64', os.version: '10.0', java.version: '17.0.7'
Driver info: com.kms.katalon.core.webui.driver.firefox.CGeckoDriver
Capabilities {acceptInsecureCerts: true, browserName: firefox, browserVersion: 133.0, javascriptEnabled: true, moz:accessibilityChecks: false, moz:buildID: 20241121140525, moz:geckodriverVersion: 0.35.0, moz:headless: false, moz:platformVersion: 10.0, moz:processID: 3760, moz:profile: C:\Users\OLVATI\AppData\Loc..., moz:shutdownTimeout: 60000, moz:webdriverClick: true, moz:windowless: false, pageLoadStrategy: normal, platform: WINDOWS, platformName: WINDOWS, proxy: Proxy(direct), setWindowRect: true, strictFileInteractability: false, timeouts: {implicit: 0, pageLoad: 300000, script: 30000}, unhandledPromptBehavior: dismiss and notify, userAgent: Mozilla/5.0 (Windows NT 10....}
Session ID: 49f781c0-cab9-4e31-b82f-299893542481
	at jdk.internal.reflect.GeneratedConstructorAccessor32.newInstance(Unknown Source)
	at java.base/jdk.internal.reflect.DelegatingConstructorAccessorImpl.newInstance(DelegatingConstructorAccessorImpl.java:45)
	at org.openqa.selenium.remote.http.W3CHttpResponseCodec.createException(W3CHttpResponseCodec.java:187)
	at org.openqa.selenium.remote.http.W3CHttpResponseCodec.decode(W3CHttpResponseCodec.java:122)
	at org.openqa.selenium.remote.http.W3CHttpResponseCodec.decode(W3CHttpResponseCodec.java:49)
	at org.openqa.selenium.remote.HttpCommandExecutor.execute(HttpCommandExecutor.java:158)
	at org.openqa.selenium.remote.service.DriverCommandExecutor.execute(DriverCommandExecutor.java:83)
	at org.openqa.selenium.remote.RemoteWebDriver.execute(RemoteWebDriver.java:552)
	at com.kms.katalon.selenium.driver.CFirefoxDriver.execute(CFirefoxDriver.java:28)
	at org.openqa.selenium.remote.RemoteWebElement.execute(RemoteWebElement.java:285)
	at org.openqa.selenium.remote.RemoteWebElement.click(RemoteWebElement.java:84)
	at jdk.internal.reflect.GeneratedMethodAccessor10.invoke(Unknown Source)
	at java.base/jdk.internal.reflect.DelegatingMethodAccessorImpl.invoke(DelegatingMethodAccessorImpl.java:43)
	at org.openqa.selenium.support.events.EventFiringWebDriver$EventFiringWebElement.lambda$new$0(EventFiringWebDriver.java:404)
	at jdk.proxy2/jdk.proxy2.$Proxy21.click(Unknown Source)
	at org.openqa.selenium.support.events.EventFiringWebDriver$EventFiringWebElement.click(EventFiringWebDriver.java:417)
	at org.openqa.selenium.WebElement$click.call(Unknown Source)
	at com.kms.katalon.core.webui.keyword.builtin.ClickKeyword.clickUntilSuccessWithTimeout(ClickKeyword.groovy:81)
	at com.kms.katalon.core.webui.keyword.builtin.ClickKeyword.clickUntilSuccessWithTimeout(ClickKeyword.groovy)
	at jdk.internal.reflect.GeneratedMethodAccessor8.invoke(Unknown Source)
	at java.base/jdk.internal.reflect.DelegatingMethodAccessorImpl.invoke(DelegatingMethodAccessorImpl.java:43)
	at com.kms.katalon.core.webui.keyword.builtin.ClickKeyword$_click_closure1.doCall(ClickKeyword.groovy:67)
	at com.kms.katalon.core.webui.keyword.builtin.ClickKeyword$_click_closure1.call(ClickKeyword.groovy)
	at com.kms.katalon.core.webui.keyword.internal.WebUIKeywordMain.runKeyword(WebUIKeywordMain.groovy:35)
	... 38 more]]></system-err>
      </testcase>
      <testcase name="Test Cases/2.Positivos/2.2Sobre/Origen-Lima/Difuninado-Consignado" time="48.464" classname="Test Cases/2.Positivos/2.2Sobre/Origen-Lima/Difuninado-Consignado" status="FAILED">
         <failure type="FAILED" message="Test Cases/2.Positivos/2.2Sobre/Origen-Lima/Difuninado-Consignado FAILED.&#xa;Reason:&#xa;com.kms.katalon.core.exception.StepFailedException: Call Test Case 'Test Cases/1.Inicio/1.1Principal/Selec_sobre' failed&#xa;	at com.kms.katalon.core.keyword.builtin.CallTestCaseKeyword$_callTestCase_closure1.doCall(CallTestCaseKeyword.groovy:63)&#xa;	at com.kms.katalon.core.keyword.builtin.CallTestCaseKeyword$_callTestCase_closure1.call(CallTestCaseKeyword.groovy)&#xa;	at com.kms.katalon.core.keyword.internal.KeywordMain.runKeyword(KeywordMain.groovy:75)&#xa;	at com.kms.katalon.core.keyword.builtin.CallTestCaseKeyword.callTestCase(CallTestCaseKeyword.groovy:81)&#xa;	at com.kms.katalon.core.keyword.builtin.CallTestCaseKeyword.execute(CallTestCaseKeyword.groovy:44)&#xa;	at com.kms.katalon.core.keyword.internal.KeywordExecutor.executeKeywordForPlatform(KeywordExecutor.groovy:74)&#xa;	at com.kms.katalon.core.keyword.BuiltinKeywords.callTestCase(BuiltinKeywords.groovy:310)&#xa;	at jdk.internal.reflect.GeneratedMethodAccessor25.invoke(Unknown Source)&#xa;	at java.base/jdk.internal.reflect.DelegatingMethodAccessorImpl.invoke(DelegatingMethodAccessorImpl.java:43)&#xa;	at Difuninado-Consignado.run(Difuninado-Consignado:22)&#xa;	at com.kms.katalon.core.main.ScriptEngine.run(ScriptEngine.java:194)&#xa;	at com.kms.katalon.core.main.ScriptEngine.runScriptAsRawText(ScriptEngine.java:119)&#xa;	at com.kms.katalon.core.main.TestCaseExecutor.runScript(TestCaseExecutor.java:448)&#xa;	at com.kms.katalon.core.main.TestCaseExecutor.doExecute(TestCaseExecutor.java:439)&#xa;	at com.kms.katalon.core.main.TestCaseExecutor.processExecutionPhase(TestCaseExecutor.java:418)&#xa;	at com.kms.katalon.core.main.TestCaseExecutor.accessMainPhase(TestCaseExecutor.java:410)&#xa;	at com.kms.katalon.core.main.TestCaseExecutor.execute(TestCaseExecutor.java:285)&#xa;	at com.kms.katalon.core.common.CommonExecutor.accessTestCaseMainPhase(CommonExecutor.java:65)&#xa;	at com.kms.katalon.core.main.TestSuiteExecutor.accessTestSuiteMainPhase(TestSuiteExecutor.java:150)&#xa;	at com.kms.katalon.core.main.TestSuiteExecutor.execute(TestSuiteExecutor.java:106)&#xa;	at com.kms.katalon.core.main.TestCaseMain.startTestSuite(TestCaseMain.java:180)&#xa;	at TempTestSuite1732745349578.run(TempTestSuite1732745349578.groovy:35)&#xa;	at java.base/jdk.internal.reflect.NativeMethodAccessorImpl.invoke0(Native Method)&#xa;	at java.base/jdk.internal.reflect.NativeMethodAccessorImpl.invoke(NativeMethodAccessorImpl.java:77)&#xa;	at java.base/jdk.internal.reflect.DelegatingMethodAccessorImpl.invoke(DelegatingMethodAccessorImpl.java:43)&#xa;Caused by: com.kms.katalon.core.exception.StepFailedException: Unable to click on object 'Object Repository/Principal/Page_Olva Courier  Home/button_CONTINUAR (2)'&#xa;	at com.kms.katalon.core.webui.keyword.internal.WebUIKeywordMain.stepFailed(WebUIKeywordMain.groovy:117)&#xa;	at com.kms.katalon.core.webui.keyword.internal.WebUIKeywordMain.runKeyword(WebUIKeywordMain.groovy:43)&#xa;	at com.kms.katalon.core.webui.keyword.builtin.ClickKeyword.click(ClickKeyword.groovy:74)&#xa;	at com.kms.katalon.core.webui.keyword.builtin.ClickKeyword.execute(ClickKeyword.groovy:40)&#xa;	at com.kms.katalon.core.keyword.internal.KeywordExecutor.executeKeywordForPlatform(KeywordExecutor.groovy:74)&#xa;	at com.kms.katalon.core.webui.keyword.WebUiBuiltInKeywords.click(WebUiBuiltInKeywords.groovy:659)&#xa;	at Selec_sobre.run(Selec_sobre:24)&#xa;	at com.kms.katalon.core.main.ScriptEngine.run(ScriptEngine.java:194)&#xa;	at com.kms.katalon.core.main.ScriptEngine.runScriptAsRawText(ScriptEngine.java:119)&#xa;	at com.kms.katalon.core.main.TestCaseExecutor.runScript(TestCaseExecutor.java:448)&#xa;	at com.kms.katalon.core.main.TestCaseExecutor.doExecute(TestCaseExecutor.java:439)&#xa;	at com.kms.katalon.core.main.TestCaseExecutor.processExecutionPhase(TestCaseExecutor.java:418)&#xa;	at com.kms.katalon.core.main.TestCaseExecutor.accessMainPhase(TestCaseExecutor.java:410)&#xa;	at com.kms.katalon.core.main.TestCaseExecutor.execute(TestCaseExecutor.java:285)&#xa;	at com.kms.katalon.core.main.TestCaseMain.runTestCase(TestCaseMain.java:137)&#xa;	at com.kms.katalon.core.keyword.builtin.CallTestCaseKeyword$_callTestCase_closure1.doCall(CallTestCaseKeyword.groovy:59)&#xa;	... 24 more&#xa;Caused by: org.openqa.selenium.ElementClickInterceptedException: Element &lt;button id=&quot;btn_aceptar_tipo_envio&quot; class=&quot;btn disabled&quot; type=&quot;button&quot;> is not clickable at point (675,588) because another element &lt;div class=&quot;modal-footer&quot;> obscures it&#xa;Build info: version: '3.141.59', revision: 'unknown', time: 'unknown'&#xa;System info: host: 'DESKTOP-RGFFP9A', ip: '10.136.10.6', os.name: 'Windows 11', os.arch: 'amd64', os.version: '10.0', java.version: '17.0.7'&#xa;Driver info: com.kms.katalon.core.webui.driver.firefox.CGeckoDriver&#xa;Capabilities {acceptInsecureCerts: true, browserName: firefox, browserVersion: 133.0, javascriptEnabled: true, moz:accessibilityChecks: false, moz:buildID: 20241121140525, moz:geckodriverVersion: 0.35.0, moz:headless: false, moz:platformVersion: 10.0, moz:processID: 30780, moz:profile: C:\Users\OLVATI\AppData\Loc..., moz:shutdownTimeout: 60000, moz:webdriverClick: true, moz:windowless: false, pageLoadStrategy: normal, platform: WINDOWS, platformName: WINDOWS, proxy: Proxy(direct), setWindowRect: true, strictFileInteractability: false, timeouts: {implicit: 0, pageLoad: 300000, script: 30000}, unhandledPromptBehavior: dismiss and notify, userAgent: Mozilla/5.0 (Windows NT 10....}&#xa;Session ID: da6bc708-1c70-4dbf-bb8f-2efd3a0eb4ec&#xa;	at jdk.internal.reflect.GeneratedConstructorAccessor32.newInstance(Unknown Source)&#xa;	at java.base/jdk.internal.reflect.DelegatingConstructorAccessorImpl.newInstance(DelegatingConstructorAccessorImpl.java:45)&#xa;	at org.openqa.selenium.remote.http.W3CHttpResponseCodec.createException(W3CHttpResponseCodec.java:187)&#xa;	at org.openqa.selenium.remote.http.W3CHttpResponseCodec.decode(W3CHttpResponseCodec.java:122)&#xa;	at org.openqa.selenium.remote.http.W3CHttpResponseCodec.decode(W3CHttpResponseCodec.java:49)&#xa;	at org.openqa.selenium.remote.HttpCommandExecutor.execute(HttpCommandExecutor.java:158)&#xa;	at org.openqa.selenium.remote.service.DriverCommandExecutor.execute(DriverCommandExecutor.java:83)&#xa;	at org.openqa.selenium.remote.RemoteWebDriver.execute(RemoteWebDriver.java:552)&#xa;	at com.kms.katalon.selenium.driver.CFirefoxDriver.execute(CFirefoxDriver.java:28)&#xa;	at org.openqa.selenium.remote.RemoteWebElement.execute(RemoteWebElement.java:285)&#xa;	at org.openqa.selenium.remote.RemoteWebElement.click(RemoteWebElement.java:84)&#xa;	at jdk.internal.reflect.GeneratedMethodAccessor10.invoke(Unknown Source)&#xa;	at java.base/jdk.internal.reflect.DelegatingMethodAccessorImpl.invoke(DelegatingMethodAccessorImpl.java:43)&#xa;	at org.openqa.selenium.support.events.EventFiringWebDriver$EventFiringWebElement.lambda$new$0(EventFiringWebDriver.java:404)&#xa;	at jdk.proxy2/jdk.proxy2.$Proxy21.click(Unknown Source)&#xa;	at org.openqa.selenium.support.events.EventFiringWebDriver$EventFiringWebElement.click(EventFiringWebDriver.java:417)&#xa;	at org.openqa.selenium.WebElement$click.call(Unknown Source)&#xa;	at com.kms.katalon.core.webui.keyword.builtin.ClickKeyword.clickUntilSuccessWithTimeout(ClickKeyword.groovy:81)&#xa;	at com.kms.katalon.core.webui.keyword.builtin.ClickKeyword.clickUntilSuccessWithTimeout(ClickKeyword.groovy)&#xa;	at jdk.internal.reflect.GeneratedMethodAccessor8.invoke(Unknown Source)&#xa;	at java.base/jdk.internal.reflect.DelegatingMethodAccessorImpl.invoke(DelegatingMethodAccessorImpl.java:43)&#xa;	at com.kms.katalon.core.webui.keyword.builtin.ClickKeyword$_click_closure1.doCall(ClickKeyword.groovy:67)&#xa;	at com.kms.katalon.core.webui.keyword.builtin.ClickKeyword$_click_closure1.call(ClickKeyword.groovy)&#xa;	at com.kms.katalon.core.webui.keyword.internal.WebUIKeywordMain.runKeyword(WebUIKeywordMain.groovy:35)&#xa;	... 38 more&#xa;"/>
         <system-out><![CDATA[27-11-2024T17:56:55 - [TEST_CASE][FAILED] - Test Cases/2.Positivos/2.2Sobre/Origen-Lima/Difuninado-Consignado: Test Cases/2.Positivos/2.2Sobre/Origen-Lima/Difuninado-Consignado FAILED.
Reason:
com.kms.katalon.core.exception.StepFailedException: Call Test Case 'Test Cases/1.Inicio/1.1Principal/Selec_sobre' failed
	at com.kms.katalon.core.keyword.builtin.CallTestCaseKeyword$_callTestCase_closure1.doCall(CallTestCaseKeyword.groovy:63)
	at com.kms.katalon.core.keyword.builtin.CallTestCaseKeyword$_callTestCase_closure1.call(CallTestCaseKeyword.groovy)
	at com.kms.katalon.core.keyword.internal.KeywordMain.runKeyword(KeywordMain.groovy:75)
	at com.kms.katalon.core.keyword.builtin.CallTestCaseKeyword.callTestCase(CallTestCaseKeyword.groovy:81)
	at com.kms.katalon.core.keyword.builtin.CallTestCaseKeyword.execute(CallTestCaseKeyword.groovy:44)
	at com.kms.katalon.core.keyword.internal.KeywordExecutor.executeKeywordForPlatform(KeywordExecutor.groovy:74)
	at com.kms.katalon.core.keyword.BuiltinKeywords.callTestCase(BuiltinKeywords.groovy:310)
	at jdk.internal.reflect.GeneratedMethodAccessor25.invoke(Unknown Source)
	at java.base/jdk.internal.reflect.DelegatingMethodAccessorImpl.invoke(DelegatingMethodAccessorImpl.java:43)
	at Difuninado-Consignado.run(Difuninado-Consignado:22)
	at com.kms.katalon.core.main.ScriptEngine.run(ScriptEngine.java:194)
	at com.kms.katalon.core.main.ScriptEngine.runScriptAsRawText(ScriptEngine.java:119)
	at com.kms.katalon.core.main.TestCaseExecutor.runScript(TestCaseExecutor.java:448)
	at com.kms.katalon.core.main.TestCaseExecutor.doExecute(TestCaseExecutor.java:439)
	at com.kms.katalon.core.main.TestCaseExecutor.processExecutionPhase(TestCaseExecutor.java:418)
	at com.kms.katalon.core.main.TestCaseExecutor.accessMainPhase(TestCaseExecutor.java:410)
	at com.kms.katalon.core.main.TestCaseExecutor.execute(TestCaseExecutor.java:285)
	at com.kms.katalon.core.common.CommonExecutor.accessTestCaseMainPhase(CommonExecutor.java:65)
	at com.kms.katalon.core.main.TestSuiteExecutor.accessTestSuiteMainPhase(TestSuiteExecutor.java:150)
	at com.kms.katalon.core.main.TestSuiteExecutor.execute(TestSuiteExecutor.java:106)
	at com.kms.katalon.core.main.TestCaseMain.startTestSuite(TestCaseMain.java:180)
	at TempTestSuite1732745349578.run(TempTestSuite1732745349578.groovy:35)
	at java.base/jdk.internal.reflect.NativeMethodAccessorImpl.invoke0(Native Method)
	at java.base/jdk.internal.reflect.NativeMethodAccessorImpl.invoke(NativeMethodAccessorImpl.java:77)
	at java.base/jdk.internal.reflect.DelegatingMethodAccessorImpl.invoke(DelegatingMethodAccessorImpl.java:43)
Caused by: com.kms.katalon.core.exception.StepFailedException: Unable to click on object 'Object Repository/Principal/Page_Olva Courier  Home/button_CONTINUAR (2)'
	at com.kms.katalon.core.webui.keyword.internal.WebUIKeywordMain.stepFailed(WebUIKeywordMain.groovy:117)
	at com.kms.katalon.core.webui.keyword.internal.WebUIKeywordMain.runKeyword(WebUIKeywordMain.groovy:43)
	at com.kms.katalon.core.webui.keyword.builtin.ClickKeyword.click(ClickKeyword.groovy:74)
	at com.kms.katalon.core.webui.keyword.builtin.ClickKeyword.execute(ClickKeyword.groovy:40)
	at com.kms.katalon.core.keyword.internal.KeywordExecutor.executeKeywordForPlatform(KeywordExecutor.groovy:74)
	at com.kms.katalon.core.webui.keyword.WebUiBuiltInKeywords.click(WebUiBuiltInKeywords.groovy:659)
	at Selec_sobre.run(Selec_sobre:24)
	at com.kms.katalon.core.main.ScriptEngine.run(ScriptEngine.java:194)
	at com.kms.katalon.core.main.ScriptEngine.runScriptAsRawText(ScriptEngine.java:119)
	at com.kms.katalon.core.main.TestCaseExecutor.runScript(TestCaseExecutor.java:448)
	at com.kms.katalon.core.main.TestCaseExecutor.doExecute(TestCaseExecutor.java:439)
	at com.kms.katalon.core.main.TestCaseExecutor.processExecutionPhase(TestCaseExecutor.java:418)
	at com.kms.katalon.core.main.TestCaseExecutor.accessMainPhase(TestCaseExecutor.java:410)
	at com.kms.katalon.core.main.TestCaseExecutor.execute(TestCaseExecutor.java:285)
	at com.kms.katalon.core.main.TestCaseMain.runTestCase(TestCaseMain.java:137)
	at com.kms.katalon.core.keyword.builtin.CallTestCaseKeyword$_callTestCase_closure1.doCall(CallTestCaseKeyword.groovy:59)
	... 24 more
Caused by: org.openqa.selenium.ElementClickInterceptedException: Element <button id="btn_aceptar_tipo_envio" class="btn disabled" type="button"> is not clickable at point (675,588) because another element <div class="modal-footer"> obscures it
Build info: version: '3.141.59', revision: 'unknown', time: 'unknown'
System info: host: 'DESKTOP-RGFFP9A', ip: '10.136.10.6', os.name: 'Windows 11', os.arch: 'amd64', os.version: '10.0', java.version: '17.0.7'
Driver info: com.kms.katalon.core.webui.driver.firefox.CGeckoDriver
Capabilities {acceptInsecureCerts: true, browserName: firefox, browserVersion: 133.0, javascriptEnabled: true, moz:accessibilityChecks: false, moz:buildID: 20241121140525, moz:geckodriverVersion: 0.35.0, moz:headless: false, moz:platformVersion: 10.0, moz:processID: 30780, moz:profile: C:\Users\OLVATI\AppData\Loc..., moz:shutdownTimeout: 60000, moz:webdriverClick: true, moz:windowless: false, pageLoadStrategy: normal, platform: WINDOWS, platformName: WINDOWS, proxy: Proxy(direct), setWindowRect: true, strictFileInteractability: false, timeouts: {implicit: 0, pageLoad: 300000, script: 30000}, unhandledPromptBehavior: dismiss and notify, userAgent: Mozilla/5.0 (Windows NT 10....}
Session ID: da6bc708-1c70-4dbf-bb8f-2efd3a0eb4ec
	at jdk.internal.reflect.GeneratedConstructorAccessor32.newInstance(Unknown Source)
	at java.base/jdk.internal.reflect.DelegatingConstructorAccessorImpl.newInstance(DelegatingConstructorAccessorImpl.java:45)
	at org.openqa.selenium.remote.http.W3CHttpResponseCodec.createException(W3CHttpResponseCodec.java:187)
	at org.openqa.selenium.remote.http.W3CHttpResponseCodec.decode(W3CHttpResponseCodec.java:122)
	at org.openqa.selenium.remote.http.W3CHttpResponseCodec.decode(W3CHttpResponseCodec.java:49)
	at org.openqa.selenium.remote.HttpCommandExecutor.execute(HttpCommandExecutor.java:158)
	at org.openqa.selenium.remote.service.DriverCommandExecutor.execute(DriverCommandExecutor.java:83)
	at org.openqa.selenium.remote.RemoteWebDriver.execute(RemoteWebDriver.java:552)
	at com.kms.katalon.selenium.driver.CFirefoxDriver.execute(CFirefoxDriver.java:28)
	at org.openqa.selenium.remote.RemoteWebElement.execute(RemoteWebElement.java:285)
	at org.openqa.selenium.remote.RemoteWebElement.click(RemoteWebElement.java:84)
	at jdk.internal.reflect.GeneratedMethodAccessor10.invoke(Unknown Source)
	at java.base/jdk.internal.reflect.DelegatingMethodAccessorImpl.invoke(DelegatingMethodAccessorImpl.java:43)
	at org.openqa.selenium.support.events.EventFiringWebDriver$EventFiringWebElement.lambda$new$0(EventFiringWebDriver.java:404)
	at jdk.proxy2/jdk.proxy2.$Proxy21.click(Unknown Source)
	at org.openqa.selenium.support.events.EventFiringWebDriver$EventFiringWebElement.click(EventFiringWebDriver.java:417)
	at org.openqa.selenium.WebElement$click.call(Unknown Source)
	at com.kms.katalon.core.webui.keyword.builtin.ClickKeyword.clickUntilSuccessWithTimeout(ClickKeyword.groovy:81)
	at com.kms.katalon.core.webui.keyword.builtin.ClickKeyword.clickUntilSuccessWithTimeout(ClickKeyword.groovy)
	at jdk.internal.reflect.GeneratedMethodAccessor8.invoke(Unknown Source)
	at java.base/jdk.internal.reflect.DelegatingMethodAccessorImpl.invoke(DelegatingMethodAccessorImpl.java:43)
	at com.kms.katalon.core.webui.keyword.builtin.ClickKeyword$_click_closure1.doCall(ClickKeyword.groovy:67)
	at com.kms.katalon.core.webui.keyword.builtin.ClickKeyword$_click_closure1.call(ClickKeyword.groovy)
	at com.kms.katalon.core.webui.keyword.internal.WebUIKeywordMain.runKeyword(WebUIKeywordMain.groovy:35)
	... 38 more


27-11-2024T17:56:55 - [TEST_STEP][PASSED] - callTestCase(findTestCase("1.Inicio/1.1Principal/Principal-home"), [:], STOP_ON_FAILURE): Call Test Case 'Test Cases/1.Inicio/1.1Principal/Principal-home' successfully

27-11-2024T17:56:55 - [TEST_CASE][PASSED] - Test Cases/1.Inicio/1.1Principal/Principal-home: Test Cases/1.Inicio/1.1Principal/Principal-home

27-11-2024T17:56:55 - [TEST_STEP][PASSED] - openBrowser(""): Browser is opened with url: ''

27-11-2024T17:56:55 - [MESSAGE][WARNING] - A browser is already opened. Closing browser and opening a new one

27-11-2024T17:56:57 - [MESSAGE][INFO] - Starting 'Firefox' driver

27-11-2024T17:56:57 - [MESSAGE][INFO] - Action delay is set to 0 milliseconds

27-11-2024T17:57:09 - [MESSAGE][PASSED] - Browser is opened with url: ''

27-11-2024T17:57:09 - [TEST_STEP][PASSED] - navigateToUrl("https://dev01-registrodeenvios.olvacourier.com/principal"): Navigate to 'https://dev01-registrodeenvios.olvacourier.com/principal' successfully

27-11-2024T17:57:11 - [MESSAGE][PASSED] - Navigate to 'https://dev01-registrodeenvios.olvacourier.com/principal' successfully

27-11-2024T17:57:11 - [TEST_STEP][PASSED] - maximizeWindow(): Current window maximized

27-11-2024T17:57:11 - [MESSAGE][PASSED] - Current window maximized

27-11-2024T17:57:11 - [MESSAGE][PASSED] - Call Test Case 'Test Cases/1.Inicio/1.1Principal/Principal-home' successfully

27-11-2024T17:57:11 - [TEST_STEP][FAILED] - callTestCase(findTestCase("1.Inicio/1.1Principal/Selec_sobre"), [:], STOP_ON_FAILURE): Unable to call Test Case 'Test Cases/1.Inicio/1.1Principal/Selec_sobre' (Root cause: com.kms.katalon.core.exception.StepFailedException: Call Test Case 'Test Cases/1.Inicio/1.1Principal/Selec_sobre' failed
	at com.kms.katalon.core.keyword.builtin.CallTestCaseKeyword$_callTestCase_closure1.doCall(CallTestCaseKeyword.groovy:63)
	at com.kms.katalon.core.keyword.builtin.CallTestCaseKeyword$_callTestCase_closure1.call(CallTestCaseKeyword.groovy)
	at com.kms.katalon.core.keyword.internal.KeywordMain.runKeyword(KeywordMain.groovy:75)
	at com.kms.katalon.core.keyword.builtin.CallTestCaseKeyword.callTestCase(CallTestCaseKeyword.groovy:81)
	at com.kms.katalon.core.keyword.builtin.CallTestCaseKeyword.execute(CallTestCaseKeyword.groovy:44)
	at com.kms.katalon.core.keyword.internal.KeywordExecutor.executeKeywordForPlatform(KeywordExecutor.groovy:74)
	at com.kms.katalon.core.keyword.BuiltinKeywords.callTestCase(BuiltinKeywords.groovy:310)
	at jdk.internal.reflect.GeneratedMethodAccessor25.invoke(Unknown Source)
	at java.base/jdk.internal.reflect.DelegatingMethodAccessorImpl.invoke(DelegatingMethodAccessorImpl.java:43)
	at Difuninado-Consignado.run(Difuninado-Consignado:22)
	at com.kms.katalon.core.main.ScriptEngine.run(ScriptEngine.java:194)
	at com.kms.katalon.core.main.ScriptEngine.runScriptAsRawText(ScriptEngine.java:119)
	at com.kms.katalon.core.main.TestCaseExecutor.runScript(TestCaseExecutor.java:448)
	at com.kms.katalon.core.main.TestCaseExecutor.doExecute(TestCaseExecutor.java:439)
	at com.kms.katalon.core.main.TestCaseExecutor.processExecutionPhase(TestCaseExecutor.java:418)
	at com.kms.katalon.core.main.TestCaseExecutor.accessMainPhase(TestCaseExecutor.java:410)
	at com.kms.katalon.core.main.TestCaseExecutor.execute(TestCaseExecutor.java:285)
	at com.kms.katalon.core.common.CommonExecutor.accessTestCaseMainPhase(CommonExecutor.java:65)
	at com.kms.katalon.core.main.TestSuiteExecutor.accessTestSuiteMainPhase(TestSuiteExecutor.java:150)
	at com.kms.katalon.core.main.TestSuiteExecutor.execute(TestSuiteExecutor.java:106)
	at com.kms.katalon.core.main.TestCaseMain.startTestSuite(TestCaseMain.java:180)
	at TempTestSuite1732745349578.run(TempTestSuite1732745349578.groovy:35)
	at java.base/jdk.internal.reflect.NativeMethodAccessorImpl.invoke0(Native Method)
	at java.base/jdk.internal.reflect.NativeMethodAccessorImpl.invoke(NativeMethodAccessorImpl.java:77)
	at java.base/jdk.internal.reflect.DelegatingMethodAccessorImpl.invoke(DelegatingMethodAccessorImpl.java:43)
Caused by: com.kms.katalon.core.exception.StepFailedException: Unable to click on object 'Object Repository/Principal/Page_Olva Courier  Home/button_CONTINUAR (2)'
	at com.kms.katalon.core.webui.keyword.internal.WebUIKeywordMain.stepFailed(WebUIKeywordMain.groovy:117)
	at com.kms.katalon.core.webui.keyword.internal.WebUIKeywordMain.runKeyword(WebUIKeywordMain.groovy:43)
	at com.kms.katalon.core.webui.keyword.builtin.ClickKeyword.click(ClickKeyword.groovy:74)
	at com.kms.katalon.core.webui.keyword.builtin.ClickKeyword.execute(ClickKeyword.groovy:40)
	at com.kms.katalon.core.keyword.internal.KeywordExecutor.executeKeywordForPlatform(KeywordExecutor.groovy:74)
	at com.kms.katalon.core.webui.keyword.WebUiBuiltInKeywords.click(WebUiBuiltInKeywords.groovy:659)
	at Selec_sobre.run(Selec_sobre:24)
	at com.kms.katalon.core.main.ScriptEngine.run(ScriptEngine.java:194)
	at com.kms.katalon.core.main.ScriptEngine.runScriptAsRawText(ScriptEngine.java:119)
	at com.kms.katalon.core.main.TestCaseExecutor.runScript(TestCaseExecutor.java:448)
	at com.kms.katalon.core.main.TestCaseExecutor.doExecute(TestCaseExecutor.java:439)
	at com.kms.katalon.core.main.TestCaseExecutor.processExecutionPhase(TestCaseExecutor.java:418)
	at com.kms.katalon.core.main.TestCaseExecutor.accessMainPhase(TestCaseExecutor.java:410)
	at com.kms.katalon.core.main.TestCaseExecutor.execute(TestCaseExecutor.java:285)
	at com.kms.katalon.core.main.TestCaseMain.runTestCase(TestCaseMain.java:137)
	at com.kms.katalon.core.keyword.builtin.CallTestCaseKeyword$_callTestCase_closure1.doCall(CallTestCaseKeyword.groovy:59)
	... 24 more
Caused by: org.openqa.selenium.ElementClickInterceptedException: Element <button id="btn_aceptar_tipo_envio" class="btn disabled" type="button"> is not clickable at point (675,588) because another element <div class="modal-footer"> obscures it
Build info: version: '3.141.59', revision: 'unknown', time: 'unknown'
System info: host: 'DESKTOP-RGFFP9A', ip: '10.136.10.6', os.name: 'Windows 11', os.arch: 'amd64', os.version: '10.0', java.version: '17.0.7'
Driver info: com.kms.katalon.core.webui.driver.firefox.CGeckoDriver
Capabilities {acceptInsecureCerts: true, browserName: firefox, browserVersion: 133.0, javascriptEnabled: true, moz:accessibilityChecks: false, moz:buildID: 20241121140525, moz:geckodriverVersion: 0.35.0, moz:headless: false, moz:platformVersion: 10.0, moz:processID: 30780, moz:profile: C:\Users\OLVATI\AppData\Loc..., moz:shutdownTimeout: 60000, moz:webdriverClick: true, moz:windowless: false, pageLoadStrategy: normal, platform: WINDOWS, platformName: WINDOWS, proxy: Proxy(direct), setWindowRect: true, strictFileInteractability: false, timeouts: {implicit: 0, pageLoad: 300000, script: 30000}, unhandledPromptBehavior: dismiss and notify, userAgent: Mozilla/5.0 (Windows NT 10....}
Session ID: da6bc708-1c70-4dbf-bb8f-2efd3a0eb4ec
	at jdk.internal.reflect.GeneratedConstructorAccessor32.newInstance(Unknown Source)
	at java.base/jdk.internal.reflect.DelegatingConstructorAccessorImpl.newInstance(DelegatingConstructorAccessorImpl.java:45)
	at org.openqa.selenium.remote.http.W3CHttpResponseCodec.createException(W3CHttpResponseCodec.java:187)
	at org.openqa.selenium.remote.http.W3CHttpResponseCodec.decode(W3CHttpResponseCodec.java:122)
	at org.openqa.selenium.remote.http.W3CHttpResponseCodec.decode(W3CHttpResponseCodec.java:49)
	at org.openqa.selenium.remote.HttpCommandExecutor.execute(HttpCommandExecutor.java:158)
	at org.openqa.selenium.remote.service.DriverCommandExecutor.execute(DriverCommandExecutor.java:83)
	at org.openqa.selenium.remote.RemoteWebDriver.execute(RemoteWebDriver.java:552)
	at com.kms.katalon.selenium.driver.CFirefoxDriver.execute(CFirefoxDriver.java:28)
	at org.openqa.selenium.remote.RemoteWebElement.execute(RemoteWebElement.java:285)
	at org.openqa.selenium.remote.RemoteWebElement.click(RemoteWebElement.java:84)
	at jdk.internal.reflect.GeneratedMethodAccessor10.invoke(Unknown Source)
	at java.base/jdk.internal.reflect.DelegatingMethodAccessorImpl.invoke(DelegatingMethodAccessorImpl.java:43)
	at org.openqa.selenium.support.events.EventFiringWebDriver$EventFiringWebElement.lambda$new$0(EventFiringWebDriver.java:404)
	at jdk.proxy2/jdk.proxy2.$Proxy21.click(Unknown Source)
	at org.openqa.selenium.support.events.EventFiringWebDriver$EventFiringWebElement.click(EventFiringWebDriver.java:417)
	at org.openqa.selenium.WebElement$click.call(Unknown Source)
	at com.kms.katalon.core.webui.keyword.builtin.ClickKeyword.clickUntilSuccessWithTimeout(ClickKeyword.groovy:81)
	at com.kms.katalon.core.webui.keyword.builtin.ClickKeyword.clickUntilSuccessWithTimeout(ClickKeyword.groovy)
	at jdk.internal.reflect.GeneratedMethodAccessor8.invoke(Unknown Source)
	at java.base/jdk.internal.reflect.DelegatingMethodAccessorImpl.invoke(DelegatingMethodAccessorImpl.java:43)
	at com.kms.katalon.core.webui.keyword.builtin.ClickKeyword$_click_closure1.doCall(ClickKeyword.groovy:67)
	at com.kms.katalon.core.webui.keyword.builtin.ClickKeyword$_click_closure1.call(ClickKeyword.groovy)
	at com.kms.katalon.core.webui.keyword.internal.WebUIKeywordMain.runKeyword(WebUIKeywordMain.groovy:35)
	... 38 more
)

27-11-2024T17:57:11 - [TEST_CASE][FAILED] - Test Cases/1.Inicio/1.1Principal/Selec_sobre: Test Cases/1.Inicio/1.1Principal/Selec_sobre FAILED.
Reason:
com.kms.katalon.core.exception.StepFailedException: Unable to click on object 'Object Repository/Principal/Page_Olva Courier  Home/button_CONTINUAR (2)'
	at com.kms.katalon.core.webui.keyword.internal.WebUIKeywordMain.stepFailed(WebUIKeywordMain.groovy:117)
	at com.kms.katalon.core.webui.keyword.internal.WebUIKeywordMain.runKeyword(WebUIKeywordMain.groovy:43)
	at com.kms.katalon.core.webui.keyword.builtin.ClickKeyword.click(ClickKeyword.groovy:74)
	at com.kms.katalon.core.webui.keyword.builtin.ClickKeyword.execute(ClickKeyword.groovy:40)
	at com.kms.katalon.core.keyword.internal.KeywordExecutor.executeKeywordForPlatform(KeywordExecutor.groovy:74)
	at com.kms.katalon.core.webui.keyword.WebUiBuiltInKeywords.click(WebUiBuiltInKeywords.groovy:659)
	at Selec_sobre.run(Selec_sobre:24)
	at com.kms.katalon.core.main.ScriptEngine.run(ScriptEngine.java:194)
	at com.kms.katalon.core.main.ScriptEngine.runScriptAsRawText(ScriptEngine.java:119)
	at com.kms.katalon.core.main.TestCaseExecutor.runScript(TestCaseExecutor.java:448)
	at com.kms.katalon.core.main.TestCaseExecutor.doExecute(TestCaseExecutor.java:439)
	at com.kms.katalon.core.main.TestCaseExecutor.processExecutionPhase(TestCaseExecutor.java:418)
	at com.kms.katalon.core.main.TestCaseExecutor.accessMainPhase(TestCaseExecutor.java:410)
	at com.kms.katalon.core.main.TestCaseExecutor.execute(TestCaseExecutor.java:285)
	at com.kms.katalon.core.main.TestCaseMain.runTestCase(TestCaseMain.java:137)
	at com.kms.katalon.core.keyword.builtin.CallTestCaseKeyword$_callTestCase_closure1.doCall(CallTestCaseKeyword.groovy:59)
	at com.kms.katalon.core.keyword.builtin.CallTestCaseKeyword$_callTestCase_closure1.call(CallTestCaseKeyword.groovy)
	at com.kms.katalon.core.keyword.internal.KeywordMain.runKeyword(KeywordMain.groovy:75)
	at com.kms.katalon.core.keyword.builtin.CallTestCaseKeyword.callTestCase(CallTestCaseKeyword.groovy:81)
	at com.kms.katalon.core.keyword.builtin.CallTestCaseKeyword.execute(CallTestCaseKeyword.groovy:44)
	at com.kms.katalon.core.keyword.internal.KeywordExecutor.executeKeywordForPlatform(KeywordExecutor.groovy:74)
	at com.kms.katalon.core.keyword.BuiltinKeywords.callTestCase(BuiltinKeywords.groovy:310)
	at jdk.internal.reflect.GeneratedMethodAccessor25.invoke(Unknown Source)
	at java.base/jdk.internal.reflect.DelegatingMethodAccessorImpl.invoke(DelegatingMethodAccessorImpl.java:43)
	at Difuninado-Consignado.run(Difuninado-Consignado:22)
	at com.kms.katalon.core.main.ScriptEngine.run(ScriptEngine.java:194)
	at com.kms.katalon.core.main.ScriptEngine.runScriptAsRawText(ScriptEngine.java:119)
	at com.kms.katalon.core.main.TestCaseExecutor.runScript(TestCaseExecutor.java:448)
	at com.kms.katalon.core.main.TestCaseExecutor.doExecute(TestCaseExecutor.java:439)
	at com.kms.katalon.core.main.TestCaseExecutor.processExecutionPhase(TestCaseExecutor.java:418)
	at com.kms.katalon.core.main.TestCaseExecutor.accessMainPhase(TestCaseExecutor.java:410)
	at com.kms.katalon.core.main.TestCaseExecutor.execute(TestCaseExecutor.java:285)
	at com.kms.katalon.core.common.CommonExecutor.accessTestCaseMainPhase(CommonExecutor.java:65)
	at com.kms.katalon.core.main.TestSuiteExecutor.accessTestSuiteMainPhase(TestSuiteExecutor.java:150)
	at com.kms.katalon.core.main.TestSuiteExecutor.execute(TestSuiteExecutor.java:106)
	at com.kms.katalon.core.main.TestCaseMain.startTestSuite(TestCaseMain.java:180)
	at TempTestSuite1732745349578.run(TempTestSuite1732745349578.groovy:35)
	at java.base/jdk.internal.reflect.NativeMethodAccessorImpl.invoke0(Native Method)
	at java.base/jdk.internal.reflect.NativeMethodAccessorImpl.invoke(NativeMethodAccessorImpl.java:77)
	at java.base/jdk.internal.reflect.DelegatingMethodAccessorImpl.invoke(DelegatingMethodAccessorImpl.java:43)
Caused by: org.openqa.selenium.ElementClickInterceptedException: Element <button id="btn_aceptar_tipo_envio" class="btn disabled" type="button"> is not clickable at point (675,588) because another element <div class="modal-footer"> obscures it
Build info: version: '3.141.59', revision: 'unknown', time: 'unknown'
System info: host: 'DESKTOP-RGFFP9A', ip: '10.136.10.6', os.name: 'Windows 11', os.arch: 'amd64', os.version: '10.0', java.version: '17.0.7'
Driver info: com.kms.katalon.core.webui.driver.firefox.CGeckoDriver
Capabilities {acceptInsecureCerts: true, browserName: firefox, browserVersion: 133.0, javascriptEnabled: true, moz:accessibilityChecks: false, moz:buildID: 20241121140525, moz:geckodriverVersion: 0.35.0, moz:headless: false, moz:platformVersion: 10.0, moz:processID: 30780, moz:profile: C:\Users\OLVATI\AppData\Loc..., moz:shutdownTimeout: 60000, moz:webdriverClick: true, moz:windowless: false, pageLoadStrategy: normal, platform: WINDOWS, platformName: WINDOWS, proxy: Proxy(direct), setWindowRect: true, strictFileInteractability: false, timeouts: {implicit: 0, pageLoad: 300000, script: 30000}, unhandledPromptBehavior: dismiss and notify, userAgent: Mozilla/5.0 (Windows NT 10....}
Session ID: da6bc708-1c70-4dbf-bb8f-2efd3a0eb4ec
	at jdk.internal.reflect.GeneratedConstructorAccessor32.newInstance(Unknown Source)
	at java.base/jdk.internal.reflect.DelegatingConstructorAccessorImpl.newInstance(DelegatingConstructorAccessorImpl.java:45)
	at org.openqa.selenium.remote.http.W3CHttpResponseCodec.createException(W3CHttpResponseCodec.java:187)
	at org.openqa.selenium.remote.http.W3CHttpResponseCodec.decode(W3CHttpResponseCodec.java:122)
	at org.openqa.selenium.remote.http.W3CHttpResponseCodec.decode(W3CHttpResponseCodec.java:49)
	at org.openqa.selenium.remote.HttpCommandExecutor.execute(HttpCommandExecutor.java:158)
	at org.openqa.selenium.remote.service.DriverCommandExecutor.execute(DriverCommandExecutor.java:83)
	at org.openqa.selenium.remote.RemoteWebDriver.execute(RemoteWebDriver.java:552)
	at com.kms.katalon.selenium.driver.CFirefoxDriver.execute(CFirefoxDriver.java:28)
	at org.openqa.selenium.remote.RemoteWebElement.execute(RemoteWebElement.java:285)
	at org.openqa.selenium.remote.RemoteWebElement.click(RemoteWebElement.java:84)
	at jdk.internal.reflect.GeneratedMethodAccessor10.invoke(Unknown Source)
	at java.base/jdk.internal.reflect.DelegatingMethodAccessorImpl.invoke(DelegatingMethodAccessorImpl.java:43)
	at org.openqa.selenium.support.events.EventFiringWebDriver$EventFiringWebElement.lambda$new$0(EventFiringWebDriver.java:404)
	at jdk.proxy2/jdk.proxy2.$Proxy21.click(Unknown Source)
	at org.openqa.selenium.support.events.EventFiringWebDriver$EventFiringWebElement.click(EventFiringWebDriver.java:417)
	at org.openqa.selenium.WebElement$click.call(Unknown Source)
	at com.kms.katalon.core.webui.keyword.builtin.ClickKeyword.clickUntilSuccessWithTimeout(ClickKeyword.groovy:81)
	at com.kms.katalon.core.webui.keyword.builtin.ClickKeyword.clickUntilSuccessWithTimeout(ClickKeyword.groovy)
	at jdk.internal.reflect.GeneratedMethodAccessor8.invoke(Unknown Source)
	at java.base/jdk.internal.reflect.DelegatingMethodAccessorImpl.invoke(DelegatingMethodAccessorImpl.java:43)
	at com.kms.katalon.core.webui.keyword.builtin.ClickKeyword$_click_closure1.doCall(ClickKeyword.groovy:67)
	at com.kms.katalon.core.webui.keyword.builtin.ClickKeyword$_click_closure1.call(ClickKeyword.groovy)
	at com.kms.katalon.core.webui.keyword.internal.WebUIKeywordMain.runKeyword(WebUIKeywordMain.groovy:35)
	... 38 more


27-11-2024T17:57:11 - [TEST_STEP][PASSED] - click(findTestObject("Object Repository/Principal/Page_Olva Courier  Home/img_Envo de cajas o paquetescon un peso mxi_37770f")): Object: 'Object Repository/Principal/Page_Olva Courier  Home/img_Envo de cajas o paquetescon un peso mxi_37770f' is clicked on

27-11-2024T17:57:12 - [MESSAGE][PASSED] - Object: 'Object Repository/Principal/Page_Olva Courier  Home/img_Envo de cajas o paquetescon un peso mxi_37770f' is clicked on

27-11-2024T17:57:12 - [TEST_STEP][PASSED] - click(findTestObject("Object Repository/Principal/Page_Olva Courier  Home/label_He ledo y acepto los trminos de uso y_adab65")): Object: 'Object Repository/Principal/Page_Olva Courier  Home/label_He ledo y acepto los trminos de uso y_adab65' is clicked on

27-11-2024T17:57:12 - [MESSAGE][PASSED] - Object: 'Object Repository/Principal/Page_Olva Courier  Home/label_He ledo y acepto los trminos de uso y_adab65' is clicked on

27-11-2024T17:57:12 - [TEST_STEP][FAILED] - click(findTestObject("Object Repository/Principal/Page_Olva Courier  Home/button_CONTINUAR (2)")): Unable to click on object 'Object Repository/Principal/Page_Olva Courier  Home/button_CONTINUAR (2)' (Root cause: com.kms.katalon.core.exception.StepFailedException: Unable to click on object 'Object Repository/Principal/Page_Olva Courier  Home/button_CONTINUAR (2)'
	at com.kms.katalon.core.webui.keyword.internal.WebUIKeywordMain.stepFailed(WebUIKeywordMain.groovy:117)
	at com.kms.katalon.core.webui.keyword.internal.WebUIKeywordMain.runKeyword(WebUIKeywordMain.groovy:43)
	at com.kms.katalon.core.webui.keyword.builtin.ClickKeyword.click(ClickKeyword.groovy:74)
	at com.kms.katalon.core.webui.keyword.builtin.ClickKeyword.execute(ClickKeyword.groovy:40)
	at com.kms.katalon.core.keyword.internal.KeywordExecutor.executeKeywordForPlatform(KeywordExecutor.groovy:74)
	at com.kms.katalon.core.webui.keyword.WebUiBuiltInKeywords.click(WebUiBuiltInKeywords.groovy:659)
	at Selec_sobre.run(Selec_sobre:24)
	at com.kms.katalon.core.main.ScriptEngine.run(ScriptEngine.java:194)
	at com.kms.katalon.core.main.ScriptEngine.runScriptAsRawText(ScriptEngine.java:119)
	at com.kms.katalon.core.main.TestCaseExecutor.runScript(TestCaseExecutor.java:448)
	at com.kms.katalon.core.main.TestCaseExecutor.doExecute(TestCaseExecutor.java:439)
	at com.kms.katalon.core.main.TestCaseExecutor.processExecutionPhase(TestCaseExecutor.java:418)
	at com.kms.katalon.core.main.TestCaseExecutor.accessMainPhase(TestCaseExecutor.java:410)
	at com.kms.katalon.core.main.TestCaseExecutor.execute(TestCaseExecutor.java:285)
	at com.kms.katalon.core.main.TestCaseMain.runTestCase(TestCaseMain.java:137)
	at com.kms.katalon.core.keyword.builtin.CallTestCaseKeyword$_callTestCase_closure1.doCall(CallTestCaseKeyword.groovy:59)
	at com.kms.katalon.core.keyword.builtin.CallTestCaseKeyword$_callTestCase_closure1.call(CallTestCaseKeyword.groovy)
	at com.kms.katalon.core.keyword.internal.KeywordMain.runKeyword(KeywordMain.groovy:75)
	at com.kms.katalon.core.keyword.builtin.CallTestCaseKeyword.callTestCase(CallTestCaseKeyword.groovy:81)
	at com.kms.katalon.core.keyword.builtin.CallTestCaseKeyword.execute(CallTestCaseKeyword.groovy:44)
	at com.kms.katalon.core.keyword.internal.KeywordExecutor.executeKeywordForPlatform(KeywordExecutor.groovy:74)
	at com.kms.katalon.core.keyword.BuiltinKeywords.callTestCase(BuiltinKeywords.groovy:310)
	at jdk.internal.reflect.GeneratedMethodAccessor25.invoke(Unknown Source)
	at java.base/jdk.internal.reflect.DelegatingMethodAccessorImpl.invoke(DelegatingMethodAccessorImpl.java:43)
	at Difuninado-Consignado.run(Difuninado-Consignado:22)
	at com.kms.katalon.core.main.ScriptEngine.run(ScriptEngine.java:194)
	at com.kms.katalon.core.main.ScriptEngine.runScriptAsRawText(ScriptEngine.java:119)
	at com.kms.katalon.core.main.TestCaseExecutor.runScript(TestCaseExecutor.java:448)
	at com.kms.katalon.core.main.TestCaseExecutor.doExecute(TestCaseExecutor.java:439)
	at com.kms.katalon.core.main.TestCaseExecutor.processExecutionPhase(TestCaseExecutor.java:418)
	at com.kms.katalon.core.main.TestCaseExecutor.accessMainPhase(TestCaseExecutor.java:410)
	at com.kms.katalon.core.main.TestCaseExecutor.execute(TestCaseExecutor.java:285)
	at com.kms.katalon.core.common.CommonExecutor.accessTestCaseMainPhase(CommonExecutor.java:65)
	at com.kms.katalon.core.main.TestSuiteExecutor.accessTestSuiteMainPhase(TestSuiteExecutor.java:150)
	at com.kms.katalon.core.main.TestSuiteExecutor.execute(TestSuiteExecutor.java:106)
	at com.kms.katalon.core.main.TestCaseMain.startTestSuite(TestCaseMain.java:180)
	at TempTestSuite1732745349578.run(TempTestSuite1732745349578.groovy:35)
	at java.base/jdk.internal.reflect.NativeMethodAccessorImpl.invoke0(Native Method)
	at java.base/jdk.internal.reflect.NativeMethodAccessorImpl.invoke(NativeMethodAccessorImpl.java:77)
	at java.base/jdk.internal.reflect.DelegatingMethodAccessorImpl.invoke(DelegatingMethodAccessorImpl.java:43)
Caused by: org.openqa.selenium.ElementClickInterceptedException: Element <button id="btn_aceptar_tipo_envio" class="btn disabled" type="button"> is not clickable at point (675,588) because another element <div class="modal-footer"> obscures it
Build info: version: '3.141.59', revision: 'unknown', time: 'unknown'
System info: host: 'DESKTOP-RGFFP9A', ip: '10.136.10.6', os.name: 'Windows 11', os.arch: 'amd64', os.version: '10.0', java.version: '17.0.7'
Driver info: com.kms.katalon.core.webui.driver.firefox.CGeckoDriver
Capabilities {acceptInsecureCerts: true, browserName: firefox, browserVersion: 133.0, javascriptEnabled: true, moz:accessibilityChecks: false, moz:buildID: 20241121140525, moz:geckodriverVersion: 0.35.0, moz:headless: false, moz:platformVersion: 10.0, moz:processID: 30780, moz:profile: C:\Users\OLVATI\AppData\Loc..., moz:shutdownTimeout: 60000, moz:webdriverClick: true, moz:windowless: false, pageLoadStrategy: normal, platform: WINDOWS, platformName: WINDOWS, proxy: Proxy(direct), setWindowRect: true, strictFileInteractability: false, timeouts: {implicit: 0, pageLoad: 300000, script: 30000}, unhandledPromptBehavior: dismiss and notify, userAgent: Mozilla/5.0 (Windows NT 10....}
Session ID: da6bc708-1c70-4dbf-bb8f-2efd3a0eb4ec
	at jdk.internal.reflect.GeneratedConstructorAccessor32.newInstance(Unknown Source)
	at java.base/jdk.internal.reflect.DelegatingConstructorAccessorImpl.newInstance(DelegatingConstructorAccessorImpl.java:45)
	at org.openqa.selenium.remote.http.W3CHttpResponseCodec.createException(W3CHttpResponseCodec.java:187)
	at org.openqa.selenium.remote.http.W3CHttpResponseCodec.decode(W3CHttpResponseCodec.java:122)
	at org.openqa.selenium.remote.http.W3CHttpResponseCodec.decode(W3CHttpResponseCodec.java:49)
	at org.openqa.selenium.remote.HttpCommandExecutor.execute(HttpCommandExecutor.java:158)
	at org.openqa.selenium.remote.service.DriverCommandExecutor.execute(DriverCommandExecutor.java:83)
	at org.openqa.selenium.remote.RemoteWebDriver.execute(RemoteWebDriver.java:552)
	at com.kms.katalon.selenium.driver.CFirefoxDriver.execute(CFirefoxDriver.java:28)
	at org.openqa.selenium.remote.RemoteWebElement.execute(RemoteWebElement.java:285)
	at org.openqa.selenium.remote.RemoteWebElement.click(RemoteWebElement.java:84)
	at jdk.internal.reflect.GeneratedMethodAccessor10.invoke(Unknown Source)
	at java.base/jdk.internal.reflect.DelegatingMethodAccessorImpl.invoke(DelegatingMethodAccessorImpl.java:43)
	at org.openqa.selenium.support.events.EventFiringWebDriver$EventFiringWebElement.lambda$new$0(EventFiringWebDriver.java:404)
	at jdk.proxy2/jdk.proxy2.$Proxy21.click(Unknown Source)
	at org.openqa.selenium.support.events.EventFiringWebDriver$EventFiringWebElement.click(EventFiringWebDriver.java:417)
	at org.openqa.selenium.WebElement$click.call(Unknown Source)
	at com.kms.katalon.core.webui.keyword.builtin.ClickKeyword.clickUntilSuccessWithTimeout(ClickKeyword.groovy:81)
	at com.kms.katalon.core.webui.keyword.builtin.ClickKeyword.clickUntilSuccessWithTimeout(ClickKeyword.groovy)
	at jdk.internal.reflect.GeneratedMethodAccessor8.invoke(Unknown Source)
	at java.base/jdk.internal.reflect.DelegatingMethodAccessorImpl.invoke(DelegatingMethodAccessorImpl.java:43)
	at com.kms.katalon.core.webui.keyword.builtin.ClickKeyword$_click_closure1.doCall(ClickKeyword.groovy:67)
	at com.kms.katalon.core.webui.keyword.builtin.ClickKeyword$_click_closure1.call(ClickKeyword.groovy)
	at com.kms.katalon.core.webui.keyword.internal.WebUIKeywordMain.runKeyword(WebUIKeywordMain.groovy:35)
	at com.kms.katalon.core.webui.keyword.builtin.ClickKeyword.click(ClickKeyword.groovy:74)
	at com.kms.katalon.core.webui.keyword.builtin.ClickKeyword.execute(ClickKeyword.groovy:40)
	at com.kms.katalon.core.keyword.internal.KeywordExecutor.executeKeywordForPlatform(KeywordExecutor.groovy:74)
	at com.kms.katalon.core.webui.keyword.WebUiBuiltInKeywords.click(WebUiBuiltInKeywords.groovy:659)
	at Script1732083570761.run(Script1732083570761.groovy:24)
	at com.kms.katalon.core.main.ScriptEngine.run(ScriptEngine.java:194)
	at com.kms.katalon.core.main.ScriptEngine.runScriptAsRawText(ScriptEngine.java:119)
	at com.kms.katalon.core.main.TestCaseExecutor.runScript(TestCaseExecutor.java:448)
	at com.kms.katalon.core.main.TestCaseExecutor.doExecute(TestCaseExecutor.java:439)
	at com.kms.katalon.core.main.TestCaseExecutor.processExecutionPhase(TestCaseExecutor.java:418)
	at com.kms.katalon.core.main.TestCaseExecutor.accessMainPhase(TestCaseExecutor.java:410)
	at com.kms.katalon.core.main.TestCaseExecutor.execute(TestCaseExecutor.java:285)
	at com.kms.katalon.core.main.TestCaseMain.runTestCase(TestCaseMain.java:137)
	at com.kms.katalon.core.keyword.builtin.CallTestCaseKeyword$_callTestCase_closure1.doCall(CallTestCaseKeyword.groovy:59)
	at com.kms.katalon.core.keyword.builtin.CallTestCaseKeyword$_callTestCase_closure1.call(CallTestCaseKeyword.groovy)
	at com.kms.katalon.core.keyword.internal.KeywordMain.runKeyword(KeywordMain.groovy:75)
	at com.kms.katalon.core.keyword.builtin.CallTestCaseKeyword.callTestCase(CallTestCaseKeyword.groovy:81)
	at com.kms.katalon.core.keyword.builtin.CallTestCaseKeyword.execute(CallTestCaseKeyword.groovy:44)
	at com.kms.katalon.core.keyword.internal.KeywordExecutor.executeKeywordForPlatform(KeywordExecutor.groovy:74)
	at com.kms.katalon.core.keyword.BuiltinKeywords.callTestCase(BuiltinKeywords.groovy:310)
	at jdk.internal.reflect.GeneratedMethodAccessor25.invoke(Unknown Source)
	at java.base/jdk.internal.reflect.DelegatingMethodAccessorImpl.invoke(DelegatingMethodAccessorImpl.java:43)
	at Script1732341471829.run(Script1732341471829.groovy:22)
	... 15 more
)

27-11-2024T17:57:43 - [MESSAGE][FAILED] - Unable to click on object 'Object Repository/Principal/Page_Olva Courier  Home/button_CONTINUAR (2)' (Root cause: com.kms.katalon.core.exception.StepFailedException: Unable to click on object 'Object Repository/Principal/Page_Olva Courier  Home/button_CONTINUAR (2)'
	at com.kms.katalon.core.webui.keyword.internal.WebUIKeywordMain.stepFailed(WebUIKeywordMain.groovy:117)
	at com.kms.katalon.core.webui.keyword.internal.WebUIKeywordMain.runKeyword(WebUIKeywordMain.groovy:43)
	at com.kms.katalon.core.webui.keyword.builtin.ClickKeyword.click(ClickKeyword.groovy:74)
	at com.kms.katalon.core.webui.keyword.builtin.ClickKeyword.execute(ClickKeyword.groovy:40)
	at com.kms.katalon.core.keyword.internal.KeywordExecutor.executeKeywordForPlatform(KeywordExecutor.groovy:74)
	at com.kms.katalon.core.webui.keyword.WebUiBuiltInKeywords.click(WebUiBuiltInKeywords.groovy:659)
	at Selec_sobre.run(Selec_sobre:24)
	at com.kms.katalon.core.main.ScriptEngine.run(ScriptEngine.java:194)
	at com.kms.katalon.core.main.ScriptEngine.runScriptAsRawText(ScriptEngine.java:119)
	at com.kms.katalon.core.main.TestCaseExecutor.runScript(TestCaseExecutor.java:448)
	at com.kms.katalon.core.main.TestCaseExecutor.doExecute(TestCaseExecutor.java:439)
	at com.kms.katalon.core.main.TestCaseExecutor.processExecutionPhase(TestCaseExecutor.java:418)
	at com.kms.katalon.core.main.TestCaseExecutor.accessMainPhase(TestCaseExecutor.java:410)
	at com.kms.katalon.core.main.TestCaseExecutor.execute(TestCaseExecutor.java:285)
	at com.kms.katalon.core.main.TestCaseMain.runTestCase(TestCaseMain.java:137)
	at com.kms.katalon.core.keyword.builtin.CallTestCaseKeyword$_callTestCase_closure1.doCall(CallTestCaseKeyword.groovy:59)
	at com.kms.katalon.core.keyword.builtin.CallTestCaseKeyword$_callTestCase_closure1.call(CallTestCaseKeyword.groovy)
	at com.kms.katalon.core.keyword.internal.KeywordMain.runKeyword(KeywordMain.groovy:75)
	at com.kms.katalon.core.keyword.builtin.CallTestCaseKeyword.callTestCase(CallTestCaseKeyword.groovy:81)
	at com.kms.katalon.core.keyword.builtin.CallTestCaseKeyword.execute(CallTestCaseKeyword.groovy:44)
	at com.kms.katalon.core.keyword.internal.KeywordExecutor.executeKeywordForPlatform(KeywordExecutor.groovy:74)
	at com.kms.katalon.core.keyword.BuiltinKeywords.callTestCase(BuiltinKeywords.groovy:310)
	at jdk.internal.reflect.GeneratedMethodAccessor25.invoke(Unknown Source)
	at java.base/jdk.internal.reflect.DelegatingMethodAccessorImpl.invoke(DelegatingMethodAccessorImpl.java:43)
	at Difuninado-Consignado.run(Difuninado-Consignado:22)
	at com.kms.katalon.core.main.ScriptEngine.run(ScriptEngine.java:194)
	at com.kms.katalon.core.main.ScriptEngine.runScriptAsRawText(ScriptEngine.java:119)
	at com.kms.katalon.core.main.TestCaseExecutor.runScript(TestCaseExecutor.java:448)
	at com.kms.katalon.core.main.TestCaseExecutor.doExecute(TestCaseExecutor.java:439)
	at com.kms.katalon.core.main.TestCaseExecutor.processExecutionPhase(TestCaseExecutor.java:418)
	at com.kms.katalon.core.main.TestCaseExecutor.accessMainPhase(TestCaseExecutor.java:410)
	at com.kms.katalon.core.main.TestCaseExecutor.execute(TestCaseExecutor.java:285)
	at com.kms.katalon.core.common.CommonExecutor.accessTestCaseMainPhase(CommonExecutor.java:65)
	at com.kms.katalon.core.main.TestSuiteExecutor.accessTestSuiteMainPhase(TestSuiteExecutor.java:150)
	at com.kms.katalon.core.main.TestSuiteExecutor.execute(TestSuiteExecutor.java:106)
	at com.kms.katalon.core.main.TestCaseMain.startTestSuite(TestCaseMain.java:180)
	at TempTestSuite1732745349578.run(TempTestSuite1732745349578.groovy:35)
	at java.base/jdk.internal.reflect.NativeMethodAccessorImpl.invoke0(Native Method)
	at java.base/jdk.internal.reflect.NativeMethodAccessorImpl.invoke(NativeMethodAccessorImpl.java:77)
	at java.base/jdk.internal.reflect.DelegatingMethodAccessorImpl.invoke(DelegatingMethodAccessorImpl.java:43)
Caused by: org.openqa.selenium.ElementClickInterceptedException: Element <button id="btn_aceptar_tipo_envio" class="btn disabled" type="button"> is not clickable at point (675,588) because another element <div class="modal-footer"> obscures it
Build info: version: '3.141.59', revision: 'unknown', time: 'unknown'
System info: host: 'DESKTOP-RGFFP9A', ip: '10.136.10.6', os.name: 'Windows 11', os.arch: 'amd64', os.version: '10.0', java.version: '17.0.7'
Driver info: com.kms.katalon.core.webui.driver.firefox.CGeckoDriver
Capabilities {acceptInsecureCerts: true, browserName: firefox, browserVersion: 133.0, javascriptEnabled: true, moz:accessibilityChecks: false, moz:buildID: 20241121140525, moz:geckodriverVersion: 0.35.0, moz:headless: false, moz:platformVersion: 10.0, moz:processID: 30780, moz:profile: C:\Users\OLVATI\AppData\Loc..., moz:shutdownTimeout: 60000, moz:webdriverClick: true, moz:windowless: false, pageLoadStrategy: normal, platform: WINDOWS, platformName: WINDOWS, proxy: Proxy(direct), setWindowRect: true, strictFileInteractability: false, timeouts: {implicit: 0, pageLoad: 300000, script: 30000}, unhandledPromptBehavior: dismiss and notify, userAgent: Mozilla/5.0 (Windows NT 10....}
Session ID: da6bc708-1c70-4dbf-bb8f-2efd3a0eb4ec
	at jdk.internal.reflect.GeneratedConstructorAccessor32.newInstance(Unknown Source)
	at java.base/jdk.internal.reflect.DelegatingConstructorAccessorImpl.newInstance(DelegatingConstructorAccessorImpl.java:45)
	at org.openqa.selenium.remote.http.W3CHttpResponseCodec.createException(W3CHttpResponseCodec.java:187)
	at org.openqa.selenium.remote.http.W3CHttpResponseCodec.decode(W3CHttpResponseCodec.java:122)
	at org.openqa.selenium.remote.http.W3CHttpResponseCodec.decode(W3CHttpResponseCodec.java:49)
	at org.openqa.selenium.remote.HttpCommandExecutor.execute(HttpCommandExecutor.java:158)
	at org.openqa.selenium.remote.service.DriverCommandExecutor.execute(DriverCommandExecutor.java:83)
	at org.openqa.selenium.remote.RemoteWebDriver.execute(RemoteWebDriver.java:552)
	at com.kms.katalon.selenium.driver.CFirefoxDriver.execute(CFirefoxDriver.java:28)
	at org.openqa.selenium.remote.RemoteWebElement.execute(RemoteWebElement.java:285)
	at org.openqa.selenium.remote.RemoteWebElement.click(RemoteWebElement.java:84)
	at jdk.internal.reflect.GeneratedMethodAccessor10.invoke(Unknown Source)
	at java.base/jdk.internal.reflect.DelegatingMethodAccessorImpl.invoke(DelegatingMethodAccessorImpl.java:43)
	at org.openqa.selenium.support.events.EventFiringWebDriver$EventFiringWebElement.lambda$new$0(EventFiringWebDriver.java:404)
	at jdk.proxy2/jdk.proxy2.$Proxy21.click(Unknown Source)
	at org.openqa.selenium.support.events.EventFiringWebDriver$EventFiringWebElement.click(EventFiringWebDriver.java:417)
	at org.openqa.selenium.WebElement$click.call(Unknown Source)
	at com.kms.katalon.core.webui.keyword.builtin.ClickKeyword.clickUntilSuccessWithTimeout(ClickKeyword.groovy:81)
	at com.kms.katalon.core.webui.keyword.builtin.ClickKeyword.clickUntilSuccessWithTimeout(ClickKeyword.groovy)
	at jdk.internal.reflect.GeneratedMethodAccessor8.invoke(Unknown Source)
	at java.base/jdk.internal.reflect.DelegatingMethodAccessorImpl.invoke(DelegatingMethodAccessorImpl.java:43)
	at com.kms.katalon.core.webui.keyword.builtin.ClickKeyword$_click_closure1.doCall(ClickKeyword.groovy:67)
	at com.kms.katalon.core.webui.keyword.builtin.ClickKeyword$_click_closure1.call(ClickKeyword.groovy)
	at com.kms.katalon.core.webui.keyword.internal.WebUIKeywordMain.runKeyword(WebUIKeywordMain.groovy:35)
	at com.kms.katalon.core.webui.keyword.builtin.ClickKeyword.click(ClickKeyword.groovy:74)
	at com.kms.katalon.core.webui.keyword.builtin.ClickKeyword.execute(ClickKeyword.groovy:40)
	at com.kms.katalon.core.keyword.internal.KeywordExecutor.executeKeywordForPlatform(KeywordExecutor.groovy:74)
	at com.kms.katalon.core.webui.keyword.WebUiBuiltInKeywords.click(WebUiBuiltInKeywords.groovy:659)
	at Script1732083570761.run(Script1732083570761.groovy:24)
	at com.kms.katalon.core.main.ScriptEngine.run(ScriptEngine.java:194)
	at com.kms.katalon.core.main.ScriptEngine.runScriptAsRawText(ScriptEngine.java:119)
	at com.kms.katalon.core.main.TestCaseExecutor.runScript(TestCaseExecutor.java:448)
	at com.kms.katalon.core.main.TestCaseExecutor.doExecute(TestCaseExecutor.java:439)
	at com.kms.katalon.core.main.TestCaseExecutor.processExecutionPhase(TestCaseExecutor.java:418)
	at com.kms.katalon.core.main.TestCaseExecutor.accessMainPhase(TestCaseExecutor.java:410)
	at com.kms.katalon.core.main.TestCaseExecutor.execute(TestCaseExecutor.java:285)
	at com.kms.katalon.core.main.TestCaseMain.runTestCase(TestCaseMain.java:137)
	at com.kms.katalon.core.keyword.builtin.CallTestCaseKeyword$_callTestCase_closure1.doCall(CallTestCaseKeyword.groovy:59)
	at com.kms.katalon.core.keyword.builtin.CallTestCaseKeyword$_callTestCase_closure1.call(CallTestCaseKeyword.groovy)
	at com.kms.katalon.core.keyword.internal.KeywordMain.runKeyword(KeywordMain.groovy:75)
	at com.kms.katalon.core.keyword.builtin.CallTestCaseKeyword.callTestCase(CallTestCaseKeyword.groovy:81)
	at com.kms.katalon.core.keyword.builtin.CallTestCaseKeyword.execute(CallTestCaseKeyword.groovy:44)
	at com.kms.katalon.core.keyword.internal.KeywordExecutor.executeKeywordForPlatform(KeywordExecutor.groovy:74)
	at com.kms.katalon.core.keyword.BuiltinKeywords.callTestCase(BuiltinKeywords.groovy:310)
	at jdk.internal.reflect.GeneratedMethodAccessor25.invoke(Unknown Source)
	at java.base/jdk.internal.reflect.DelegatingMethodAccessorImpl.invoke(DelegatingMethodAccessorImpl.java:43)
	at Script1732341471829.run(Script1732341471829.groovy:22)
	... 15 more
)

27-11-2024T17:57:43 - [MESSAGE][FAILED] - Unable to call Test Case 'Test Cases/1.Inicio/1.1Principal/Selec_sobre' (Root cause: com.kms.katalon.core.exception.StepFailedException: Call Test Case 'Test Cases/1.Inicio/1.1Principal/Selec_sobre' failed
	at com.kms.katalon.core.keyword.builtin.CallTestCaseKeyword$_callTestCase_closure1.doCall(CallTestCaseKeyword.groovy:63)
	at com.kms.katalon.core.keyword.builtin.CallTestCaseKeyword$_callTestCase_closure1.call(CallTestCaseKeyword.groovy)
	at com.kms.katalon.core.keyword.internal.KeywordMain.runKeyword(KeywordMain.groovy:75)
	at com.kms.katalon.core.keyword.builtin.CallTestCaseKeyword.callTestCase(CallTestCaseKeyword.groovy:81)
	at com.kms.katalon.core.keyword.builtin.CallTestCaseKeyword.execute(CallTestCaseKeyword.groovy:44)
	at com.kms.katalon.core.keyword.internal.KeywordExecutor.executeKeywordForPlatform(KeywordExecutor.groovy:74)
	at com.kms.katalon.core.keyword.BuiltinKeywords.callTestCase(BuiltinKeywords.groovy:310)
	at jdk.internal.reflect.GeneratedMethodAccessor25.invoke(Unknown Source)
	at java.base/jdk.internal.reflect.DelegatingMethodAccessorImpl.invoke(DelegatingMethodAccessorImpl.java:43)
	at Difuninado-Consignado.run(Difuninado-Consignado:22)
	at com.kms.katalon.core.main.ScriptEngine.run(ScriptEngine.java:194)
	at com.kms.katalon.core.main.ScriptEngine.runScriptAsRawText(ScriptEngine.java:119)
	at com.kms.katalon.core.main.TestCaseExecutor.runScript(TestCaseExecutor.java:448)
	at com.kms.katalon.core.main.TestCaseExecutor.doExecute(TestCaseExecutor.java:439)
	at com.kms.katalon.core.main.TestCaseExecutor.processExecutionPhase(TestCaseExecutor.java:418)
	at com.kms.katalon.core.main.TestCaseExecutor.accessMainPhase(TestCaseExecutor.java:410)
	at com.kms.katalon.core.main.TestCaseExecutor.execute(TestCaseExecutor.java:285)
	at com.kms.katalon.core.common.CommonExecutor.accessTestCaseMainPhase(CommonExecutor.java:65)
	at com.kms.katalon.core.main.TestSuiteExecutor.accessTestSuiteMainPhase(TestSuiteExecutor.java:150)
	at com.kms.katalon.core.main.TestSuiteExecutor.execute(TestSuiteExecutor.java:106)
	at com.kms.katalon.core.main.TestCaseMain.startTestSuite(TestCaseMain.java:180)
	at TempTestSuite1732745349578.run(TempTestSuite1732745349578.groovy:35)
	at java.base/jdk.internal.reflect.NativeMethodAccessorImpl.invoke0(Native Method)
	at java.base/jdk.internal.reflect.NativeMethodAccessorImpl.invoke(NativeMethodAccessorImpl.java:77)
	at java.base/jdk.internal.reflect.DelegatingMethodAccessorImpl.invoke(DelegatingMethodAccessorImpl.java:43)
Caused by: com.kms.katalon.core.exception.StepFailedException: Unable to click on object 'Object Repository/Principal/Page_Olva Courier  Home/button_CONTINUAR (2)'
	at com.kms.katalon.core.webui.keyword.internal.WebUIKeywordMain.stepFailed(WebUIKeywordMain.groovy:117)
	at com.kms.katalon.core.webui.keyword.internal.WebUIKeywordMain.runKeyword(WebUIKeywordMain.groovy:43)
	at com.kms.katalon.core.webui.keyword.builtin.ClickKeyword.click(ClickKeyword.groovy:74)
	at com.kms.katalon.core.webui.keyword.builtin.ClickKeyword.execute(ClickKeyword.groovy:40)
	at com.kms.katalon.core.keyword.internal.KeywordExecutor.executeKeywordForPlatform(KeywordExecutor.groovy:74)
	at com.kms.katalon.core.webui.keyword.WebUiBuiltInKeywords.click(WebUiBuiltInKeywords.groovy:659)
	at Selec_sobre.run(Selec_sobre:24)
	at com.kms.katalon.core.main.ScriptEngine.run(ScriptEngine.java:194)
	at com.kms.katalon.core.main.ScriptEngine.runScriptAsRawText(ScriptEngine.java:119)
	at com.kms.katalon.core.main.TestCaseExecutor.runScript(TestCaseExecutor.java:448)
	at com.kms.katalon.core.main.TestCaseExecutor.doExecute(TestCaseExecutor.java:439)
	at com.kms.katalon.core.main.TestCaseExecutor.processExecutionPhase(TestCaseExecutor.java:418)
	at com.kms.katalon.core.main.TestCaseExecutor.accessMainPhase(TestCaseExecutor.java:410)
	at com.kms.katalon.core.main.TestCaseExecutor.execute(TestCaseExecutor.java:285)
	at com.kms.katalon.core.main.TestCaseMain.runTestCase(TestCaseMain.java:137)
	at com.kms.katalon.core.keyword.builtin.CallTestCaseKeyword$_callTestCase_closure1.doCall(CallTestCaseKeyword.groovy:59)
	... 24 more
Caused by: org.openqa.selenium.ElementClickInterceptedException: Element <button id="btn_aceptar_tipo_envio" class="btn disabled" type="button"> is not clickable at point (675,588) because another element <div class="modal-footer"> obscures it
Build info: version: '3.141.59', revision: 'unknown', time: 'unknown'
System info: host: 'DESKTOP-RGFFP9A', ip: '10.136.10.6', os.name: 'Windows 11', os.arch: 'amd64', os.version: '10.0', java.version: '17.0.7'
Driver info: com.kms.katalon.core.webui.driver.firefox.CGeckoDriver
Capabilities {acceptInsecureCerts: true, browserName: firefox, browserVersion: 133.0, javascriptEnabled: true, moz:accessibilityChecks: false, moz:buildID: 20241121140525, moz:geckodriverVersion: 0.35.0, moz:headless: false, moz:platformVersion: 10.0, moz:processID: 30780, moz:profile: C:\Users\OLVATI\AppData\Loc..., moz:shutdownTimeout: 60000, moz:webdriverClick: true, moz:windowless: false, pageLoadStrategy: normal, platform: WINDOWS, platformName: WINDOWS, proxy: Proxy(direct), setWindowRect: true, strictFileInteractability: false, timeouts: {implicit: 0, pageLoad: 300000, script: 30000}, unhandledPromptBehavior: dismiss and notify, userAgent: Mozilla/5.0 (Windows NT 10....}
Session ID: da6bc708-1c70-4dbf-bb8f-2efd3a0eb4ec
	at jdk.internal.reflect.GeneratedConstructorAccessor32.newInstance(Unknown Source)
	at java.base/jdk.internal.reflect.DelegatingConstructorAccessorImpl.newInstance(DelegatingConstructorAccessorImpl.java:45)
	at org.openqa.selenium.remote.http.W3CHttpResponseCodec.createException(W3CHttpResponseCodec.java:187)
	at org.openqa.selenium.remote.http.W3CHttpResponseCodec.decode(W3CHttpResponseCodec.java:122)
	at org.openqa.selenium.remote.http.W3CHttpResponseCodec.decode(W3CHttpResponseCodec.java:49)
	at org.openqa.selenium.remote.HttpCommandExecutor.execute(HttpCommandExecutor.java:158)
	at org.openqa.selenium.remote.service.DriverCommandExecutor.execute(DriverCommandExecutor.java:83)
	at org.openqa.selenium.remote.RemoteWebDriver.execute(RemoteWebDriver.java:552)
	at com.kms.katalon.selenium.driver.CFirefoxDriver.execute(CFirefoxDriver.java:28)
	at org.openqa.selenium.remote.RemoteWebElement.execute(RemoteWebElement.java:285)
	at org.openqa.selenium.remote.RemoteWebElement.click(RemoteWebElement.java:84)
	at jdk.internal.reflect.GeneratedMethodAccessor10.invoke(Unknown Source)
	at java.base/jdk.internal.reflect.DelegatingMethodAccessorImpl.invoke(DelegatingMethodAccessorImpl.java:43)
	at org.openqa.selenium.support.events.EventFiringWebDriver$EventFiringWebElement.lambda$new$0(EventFiringWebDriver.java:404)
	at jdk.proxy2/jdk.proxy2.$Proxy21.click(Unknown Source)
	at org.openqa.selenium.support.events.EventFiringWebDriver$EventFiringWebElement.click(EventFiringWebDriver.java:417)
	at org.openqa.selenium.WebElement$click.call(Unknown Source)
	at com.kms.katalon.core.webui.keyword.builtin.ClickKeyword.clickUntilSuccessWithTimeout(ClickKeyword.groovy:81)
	at com.kms.katalon.core.webui.keyword.builtin.ClickKeyword.clickUntilSuccessWithTimeout(ClickKeyword.groovy)
	at jdk.internal.reflect.GeneratedMethodAccessor8.invoke(Unknown Source)
	at java.base/jdk.internal.reflect.DelegatingMethodAccessorImpl.invoke(DelegatingMethodAccessorImpl.java:43)
	at com.kms.katalon.core.webui.keyword.builtin.ClickKeyword$_click_closure1.doCall(ClickKeyword.groovy:67)
	at com.kms.katalon.core.webui.keyword.builtin.ClickKeyword$_click_closure1.call(ClickKeyword.groovy)
	at com.kms.katalon.core.webui.keyword.internal.WebUIKeywordMain.runKeyword(WebUIKeywordMain.groovy:35)
	... 38 more
)]]></system-out>
         <system-err><![CDATA[27-11-2024T17:56:55 - [TEST_CASE][FAILED] - Test Cases/2.Positivos/2.2Sobre/Origen-Lima/Difuninado-Consignado: Test Cases/2.Positivos/2.2Sobre/Origen-Lima/Difuninado-Consignado FAILED.
Reason:
com.kms.katalon.core.exception.StepFailedException: Call Test Case 'Test Cases/1.Inicio/1.1Principal/Selec_sobre' failed
	at com.kms.katalon.core.keyword.builtin.CallTestCaseKeyword$_callTestCase_closure1.doCall(CallTestCaseKeyword.groovy:63)
	at com.kms.katalon.core.keyword.builtin.CallTestCaseKeyword$_callTestCase_closure1.call(CallTestCaseKeyword.groovy)
	at com.kms.katalon.core.keyword.internal.KeywordMain.runKeyword(KeywordMain.groovy:75)
	at com.kms.katalon.core.keyword.builtin.CallTestCaseKeyword.callTestCase(CallTestCaseKeyword.groovy:81)
	at com.kms.katalon.core.keyword.builtin.CallTestCaseKeyword.execute(CallTestCaseKeyword.groovy:44)
	at com.kms.katalon.core.keyword.internal.KeywordExecutor.executeKeywordForPlatform(KeywordExecutor.groovy:74)
	at com.kms.katalon.core.keyword.BuiltinKeywords.callTestCase(BuiltinKeywords.groovy:310)
	at jdk.internal.reflect.GeneratedMethodAccessor25.invoke(Unknown Source)
	at java.base/jdk.internal.reflect.DelegatingMethodAccessorImpl.invoke(DelegatingMethodAccessorImpl.java:43)
	at Difuninado-Consignado.run(Difuninado-Consignado:22)
	at com.kms.katalon.core.main.ScriptEngine.run(ScriptEngine.java:194)
	at com.kms.katalon.core.main.ScriptEngine.runScriptAsRawText(ScriptEngine.java:119)
	at com.kms.katalon.core.main.TestCaseExecutor.runScript(TestCaseExecutor.java:448)
	at com.kms.katalon.core.main.TestCaseExecutor.doExecute(TestCaseExecutor.java:439)
	at com.kms.katalon.core.main.TestCaseExecutor.processExecutionPhase(TestCaseExecutor.java:418)
	at com.kms.katalon.core.main.TestCaseExecutor.accessMainPhase(TestCaseExecutor.java:410)
	at com.kms.katalon.core.main.TestCaseExecutor.execute(TestCaseExecutor.java:285)
	at com.kms.katalon.core.common.CommonExecutor.accessTestCaseMainPhase(CommonExecutor.java:65)
	at com.kms.katalon.core.main.TestSuiteExecutor.accessTestSuiteMainPhase(TestSuiteExecutor.java:150)
	at com.kms.katalon.core.main.TestSuiteExecutor.execute(TestSuiteExecutor.java:106)
	at com.kms.katalon.core.main.TestCaseMain.startTestSuite(TestCaseMain.java:180)
	at TempTestSuite1732745349578.run(TempTestSuite1732745349578.groovy:35)
	at java.base/jdk.internal.reflect.NativeMethodAccessorImpl.invoke0(Native Method)
	at java.base/jdk.internal.reflect.NativeMethodAccessorImpl.invoke(NativeMethodAccessorImpl.java:77)
	at java.base/jdk.internal.reflect.DelegatingMethodAccessorImpl.invoke(DelegatingMethodAccessorImpl.java:43)
Caused by: com.kms.katalon.core.exception.StepFailedException: Unable to click on object 'Object Repository/Principal/Page_Olva Courier  Home/button_CONTINUAR (2)'
	at com.kms.katalon.core.webui.keyword.internal.WebUIKeywordMain.stepFailed(WebUIKeywordMain.groovy:117)
	at com.kms.katalon.core.webui.keyword.internal.WebUIKeywordMain.runKeyword(WebUIKeywordMain.groovy:43)
	at com.kms.katalon.core.webui.keyword.builtin.ClickKeyword.click(ClickKeyword.groovy:74)
	at com.kms.katalon.core.webui.keyword.builtin.ClickKeyword.execute(ClickKeyword.groovy:40)
	at com.kms.katalon.core.keyword.internal.KeywordExecutor.executeKeywordForPlatform(KeywordExecutor.groovy:74)
	at com.kms.katalon.core.webui.keyword.WebUiBuiltInKeywords.click(WebUiBuiltInKeywords.groovy:659)
	at Selec_sobre.run(Selec_sobre:24)
	at com.kms.katalon.core.main.ScriptEngine.run(ScriptEngine.java:194)
	at com.kms.katalon.core.main.ScriptEngine.runScriptAsRawText(ScriptEngine.java:119)
	at com.kms.katalon.core.main.TestCaseExecutor.runScript(TestCaseExecutor.java:448)
	at com.kms.katalon.core.main.TestCaseExecutor.doExecute(TestCaseExecutor.java:439)
	at com.kms.katalon.core.main.TestCaseExecutor.processExecutionPhase(TestCaseExecutor.java:418)
	at com.kms.katalon.core.main.TestCaseExecutor.accessMainPhase(TestCaseExecutor.java:410)
	at com.kms.katalon.core.main.TestCaseExecutor.execute(TestCaseExecutor.java:285)
	at com.kms.katalon.core.main.TestCaseMain.runTestCase(TestCaseMain.java:137)
	at com.kms.katalon.core.keyword.builtin.CallTestCaseKeyword$_callTestCase_closure1.doCall(CallTestCaseKeyword.groovy:59)
	... 24 more
Caused by: org.openqa.selenium.ElementClickInterceptedException: Element <button id="btn_aceptar_tipo_envio" class="btn disabled" type="button"> is not clickable at point (675,588) because another element <div class="modal-footer"> obscures it
Build info: version: '3.141.59', revision: 'unknown', time: 'unknown'
System info: host: 'DESKTOP-RGFFP9A', ip: '10.136.10.6', os.name: 'Windows 11', os.arch: 'amd64', os.version: '10.0', java.version: '17.0.7'
Driver info: com.kms.katalon.core.webui.driver.firefox.CGeckoDriver
Capabilities {acceptInsecureCerts: true, browserName: firefox, browserVersion: 133.0, javascriptEnabled: true, moz:accessibilityChecks: false, moz:buildID: 20241121140525, moz:geckodriverVersion: 0.35.0, moz:headless: false, moz:platformVersion: 10.0, moz:processID: 30780, moz:profile: C:\Users\OLVATI\AppData\Loc..., moz:shutdownTimeout: 60000, moz:webdriverClick: true, moz:windowless: false, pageLoadStrategy: normal, platform: WINDOWS, platformName: WINDOWS, proxy: Proxy(direct), setWindowRect: true, strictFileInteractability: false, timeouts: {implicit: 0, pageLoad: 300000, script: 30000}, unhandledPromptBehavior: dismiss and notify, userAgent: Mozilla/5.0 (Windows NT 10....}
Session ID: da6bc708-1c70-4dbf-bb8f-2efd3a0eb4ec
	at jdk.internal.reflect.GeneratedConstructorAccessor32.newInstance(Unknown Source)
	at java.base/jdk.internal.reflect.DelegatingConstructorAccessorImpl.newInstance(DelegatingConstructorAccessorImpl.java:45)
	at org.openqa.selenium.remote.http.W3CHttpResponseCodec.createException(W3CHttpResponseCodec.java:187)
	at org.openqa.selenium.remote.http.W3CHttpResponseCodec.decode(W3CHttpResponseCodec.java:122)
	at org.openqa.selenium.remote.http.W3CHttpResponseCodec.decode(W3CHttpResponseCodec.java:49)
	at org.openqa.selenium.remote.HttpCommandExecutor.execute(HttpCommandExecutor.java:158)
	at org.openqa.selenium.remote.service.DriverCommandExecutor.execute(DriverCommandExecutor.java:83)
	at org.openqa.selenium.remote.RemoteWebDriver.execute(RemoteWebDriver.java:552)
	at com.kms.katalon.selenium.driver.CFirefoxDriver.execute(CFirefoxDriver.java:28)
	at org.openqa.selenium.remote.RemoteWebElement.execute(RemoteWebElement.java:285)
	at org.openqa.selenium.remote.RemoteWebElement.click(RemoteWebElement.java:84)
	at jdk.internal.reflect.GeneratedMethodAccessor10.invoke(Unknown Source)
	at java.base/jdk.internal.reflect.DelegatingMethodAccessorImpl.invoke(DelegatingMethodAccessorImpl.java:43)
	at org.openqa.selenium.support.events.EventFiringWebDriver$EventFiringWebElement.lambda$new$0(EventFiringWebDriver.java:404)
	at jdk.proxy2/jdk.proxy2.$Proxy21.click(Unknown Source)
	at org.openqa.selenium.support.events.EventFiringWebDriver$EventFiringWebElement.click(EventFiringWebDriver.java:417)
	at org.openqa.selenium.WebElement$click.call(Unknown Source)
	at com.kms.katalon.core.webui.keyword.builtin.ClickKeyword.clickUntilSuccessWithTimeout(ClickKeyword.groovy:81)
	at com.kms.katalon.core.webui.keyword.builtin.ClickKeyword.clickUntilSuccessWithTimeout(ClickKeyword.groovy)
	at jdk.internal.reflect.GeneratedMethodAccessor8.invoke(Unknown Source)
	at java.base/jdk.internal.reflect.DelegatingMethodAccessorImpl.invoke(DelegatingMethodAccessorImpl.java:43)
	at com.kms.katalon.core.webui.keyword.builtin.ClickKeyword$_click_closure1.doCall(ClickKeyword.groovy:67)
	at com.kms.katalon.core.webui.keyword.builtin.ClickKeyword$_click_closure1.call(ClickKeyword.groovy)
	at com.kms.katalon.core.webui.keyword.internal.WebUIKeywordMain.runKeyword(WebUIKeywordMain.groovy:35)
	... 38 more]]></system-err>
      </testcase>
      <testcase name="Test Cases/2.Positivos/2.2Sobre/Origen-Lima/Agregar-Envios" time="47.933" classname="Test Cases/2.Positivos/2.2Sobre/Origen-Lima/Agregar-Envios" status="FAILED">
         <failure type="FAILED" message="Test Cases/2.Positivos/2.2Sobre/Origen-Lima/Agregar-Envios FAILED.&#xa;Reason:&#xa;com.kms.katalon.core.exception.StepFailedException: Call Test Case 'Test Cases/1.Inicio/1.1Principal/Selec_sobre' failed&#xa;	at com.kms.katalon.core.keyword.builtin.CallTestCaseKeyword$_callTestCase_closure1.doCall(CallTestCaseKeyword.groovy:63)&#xa;	at com.kms.katalon.core.keyword.builtin.CallTestCaseKeyword$_callTestCase_closure1.call(CallTestCaseKeyword.groovy)&#xa;	at com.kms.katalon.core.keyword.internal.KeywordMain.runKeyword(KeywordMain.groovy:75)&#xa;	at com.kms.katalon.core.keyword.builtin.CallTestCaseKeyword.callTestCase(CallTestCaseKeyword.groovy:81)&#xa;	at com.kms.katalon.core.keyword.builtin.CallTestCaseKeyword.execute(CallTestCaseKeyword.groovy:44)&#xa;	at com.kms.katalon.core.keyword.internal.KeywordExecutor.executeKeywordForPlatform(KeywordExecutor.groovy:74)&#xa;	at com.kms.katalon.core.keyword.BuiltinKeywords.callTestCase(BuiltinKeywords.groovy:310)&#xa;	at jdk.internal.reflect.GeneratedMethodAccessor25.invoke(Unknown Source)&#xa;	at java.base/jdk.internal.reflect.DelegatingMethodAccessorImpl.invoke(DelegatingMethodAccessorImpl.java:43)&#xa;	at Agregar-Envios.run(Agregar-Envios:22)&#xa;	at com.kms.katalon.core.main.ScriptEngine.run(ScriptEngine.java:194)&#xa;	at com.kms.katalon.core.main.ScriptEngine.runScriptAsRawText(ScriptEngine.java:119)&#xa;	at com.kms.katalon.core.main.TestCaseExecutor.runScript(TestCaseExecutor.java:448)&#xa;	at com.kms.katalon.core.main.TestCaseExecutor.doExecute(TestCaseExecutor.java:439)&#xa;	at com.kms.katalon.core.main.TestCaseExecutor.processExecutionPhase(TestCaseExecutor.java:418)&#xa;	at com.kms.katalon.core.main.TestCaseExecutor.accessMainPhase(TestCaseExecutor.java:410)&#xa;	at com.kms.katalon.core.main.TestCaseExecutor.execute(TestCaseExecutor.java:285)&#xa;	at com.kms.katalon.core.common.CommonExecutor.accessTestCaseMainPhase(CommonExecutor.java:65)&#xa;	at com.kms.katalon.core.main.TestSuiteExecutor.accessTestSuiteMainPhase(TestSuiteExecutor.java:150)&#xa;	at com.kms.katalon.core.main.TestSuiteExecutor.execute(TestSuiteExecutor.java:106)&#xa;	at com.kms.katalon.core.main.TestCaseMain.startTestSuite(TestCaseMain.java:180)&#xa;	at TempTestSuite1732745349578.run(TempTestSuite1732745349578.groovy:35)&#xa;	at java.base/jdk.internal.reflect.NativeMethodAccessorImpl.invoke0(Native Method)&#xa;	at java.base/jdk.internal.reflect.NativeMethodAccessorImpl.invoke(NativeMethodAccessorImpl.java:77)&#xa;	at java.base/jdk.internal.reflect.DelegatingMethodAccessorImpl.invoke(DelegatingMethodAccessorImpl.java:43)&#xa;Caused by: com.kms.katalon.core.exception.StepFailedException: Unable to click on object 'Object Repository/Principal/Page_Olva Courier  Home/button_CONTINUAR (2)'&#xa;	at com.kms.katalon.core.webui.keyword.internal.WebUIKeywordMain.stepFailed(WebUIKeywordMain.groovy:117)&#xa;	at com.kms.katalon.core.webui.keyword.internal.WebUIKeywordMain.runKeyword(WebUIKeywordMain.groovy:43)&#xa;	at com.kms.katalon.core.webui.keyword.builtin.ClickKeyword.click(ClickKeyword.groovy:74)&#xa;	at com.kms.katalon.core.webui.keyword.builtin.ClickKeyword.execute(ClickKeyword.groovy:40)&#xa;	at com.kms.katalon.core.keyword.internal.KeywordExecutor.executeKeywordForPlatform(KeywordExecutor.groovy:74)&#xa;	at com.kms.katalon.core.webui.keyword.WebUiBuiltInKeywords.click(WebUiBuiltInKeywords.groovy:659)&#xa;	at Selec_sobre.run(Selec_sobre:24)&#xa;	at com.kms.katalon.core.main.ScriptEngine.run(ScriptEngine.java:194)&#xa;	at com.kms.katalon.core.main.ScriptEngine.runScriptAsRawText(ScriptEngine.java:119)&#xa;	at com.kms.katalon.core.main.TestCaseExecutor.runScript(TestCaseExecutor.java:448)&#xa;	at com.kms.katalon.core.main.TestCaseExecutor.doExecute(TestCaseExecutor.java:439)&#xa;	at com.kms.katalon.core.main.TestCaseExecutor.processExecutionPhase(TestCaseExecutor.java:418)&#xa;	at com.kms.katalon.core.main.TestCaseExecutor.accessMainPhase(TestCaseExecutor.java:410)&#xa;	at com.kms.katalon.core.main.TestCaseExecutor.execute(TestCaseExecutor.java:285)&#xa;	at com.kms.katalon.core.main.TestCaseMain.runTestCase(TestCaseMain.java:137)&#xa;	at com.kms.katalon.core.keyword.builtin.CallTestCaseKeyword$_callTestCase_closure1.doCall(CallTestCaseKeyword.groovy:59)&#xa;	... 24 more&#xa;Caused by: org.openqa.selenium.ElementClickInterceptedException: Element &lt;button id=&quot;btn_aceptar_tipo_envio&quot; class=&quot;btn disabled&quot; type=&quot;button&quot;> is not clickable at point (675,588) because another element &lt;div class=&quot;modal-footer&quot;> obscures it&#xa;Build info: version: '3.141.59', revision: 'unknown', time: 'unknown'&#xa;System info: host: 'DESKTOP-RGFFP9A', ip: '10.136.10.6', os.name: 'Windows 11', os.arch: 'amd64', os.version: '10.0', java.version: '17.0.7'&#xa;Driver info: com.kms.katalon.core.webui.driver.firefox.CGeckoDriver&#xa;Capabilities {acceptInsecureCerts: true, browserName: firefox, browserVersion: 133.0, javascriptEnabled: true, moz:accessibilityChecks: false, moz:buildID: 20241121140525, moz:geckodriverVersion: 0.35.0, moz:headless: false, moz:platformVersion: 10.0, moz:processID: 19504, moz:profile: C:\Users\OLVATI\AppData\Loc..., moz:shutdownTimeout: 60000, moz:webdriverClick: true, moz:windowless: false, pageLoadStrategy: normal, platform: WINDOWS, platformName: WINDOWS, proxy: Proxy(direct), setWindowRect: true, strictFileInteractability: false, timeouts: {implicit: 0, pageLoad: 300000, script: 30000}, unhandledPromptBehavior: dismiss and notify, userAgent: Mozilla/5.0 (Windows NT 10....}&#xa;Session ID: 62759193-6ed5-47cc-9d2b-8ba096ea4dd6&#xa;	at jdk.internal.reflect.GeneratedConstructorAccessor32.newInstance(Unknown Source)&#xa;	at java.base/jdk.internal.reflect.DelegatingConstructorAccessorImpl.newInstance(DelegatingConstructorAccessorImpl.java:45)&#xa;	at org.openqa.selenium.remote.http.W3CHttpResponseCodec.createException(W3CHttpResponseCodec.java:187)&#xa;	at org.openqa.selenium.remote.http.W3CHttpResponseCodec.decode(W3CHttpResponseCodec.java:122)&#xa;	at org.openqa.selenium.remote.http.W3CHttpResponseCodec.decode(W3CHttpResponseCodec.java:49)&#xa;	at org.openqa.selenium.remote.HttpCommandExecutor.execute(HttpCommandExecutor.java:158)&#xa;	at org.openqa.selenium.remote.service.DriverCommandExecutor.execute(DriverCommandExecutor.java:83)&#xa;	at org.openqa.selenium.remote.RemoteWebDriver.execute(RemoteWebDriver.java:552)&#xa;	at com.kms.katalon.selenium.driver.CFirefoxDriver.execute(CFirefoxDriver.java:28)&#xa;	at org.openqa.selenium.remote.RemoteWebElement.execute(RemoteWebElement.java:285)&#xa;	at org.openqa.selenium.remote.RemoteWebElement.click(RemoteWebElement.java:84)&#xa;	at jdk.internal.reflect.GeneratedMethodAccessor10.invoke(Unknown Source)&#xa;	at java.base/jdk.internal.reflect.DelegatingMethodAccessorImpl.invoke(DelegatingMethodAccessorImpl.java:43)&#xa;	at org.openqa.selenium.support.events.EventFiringWebDriver$EventFiringWebElement.lambda$new$0(EventFiringWebDriver.java:404)&#xa;	at jdk.proxy2/jdk.proxy2.$Proxy21.click(Unknown Source)&#xa;	at org.openqa.selenium.support.events.EventFiringWebDriver$EventFiringWebElement.click(EventFiringWebDriver.java:417)&#xa;	at org.openqa.selenium.WebElement$click.call(Unknown Source)&#xa;	at com.kms.katalon.core.webui.keyword.builtin.ClickKeyword.clickUntilSuccessWithTimeout(ClickKeyword.groovy:81)&#xa;	at com.kms.katalon.core.webui.keyword.builtin.ClickKeyword.clickUntilSuccessWithTimeout(ClickKeyword.groovy)&#xa;	at jdk.internal.reflect.GeneratedMethodAccessor8.invoke(Unknown Source)&#xa;	at java.base/jdk.internal.reflect.DelegatingMethodAccessorImpl.invoke(DelegatingMethodAccessorImpl.java:43)&#xa;	at com.kms.katalon.core.webui.keyword.builtin.ClickKeyword$_click_closure1.doCall(ClickKeyword.groovy:67)&#xa;	at com.kms.katalon.core.webui.keyword.builtin.ClickKeyword$_click_closure1.call(ClickKeyword.groovy)&#xa;	at com.kms.katalon.core.webui.keyword.internal.WebUIKeywordMain.runKeyword(WebUIKeywordMain.groovy:35)&#xa;	... 38 more&#xa;"/>
         <system-out><![CDATA[27-11-2024T17:57:43 - [TEST_CASE][FAILED] - Test Cases/2.Positivos/2.2Sobre/Origen-Lima/Agregar-Envios: Test Cases/2.Positivos/2.2Sobre/Origen-Lima/Agregar-Envios FAILED.
Reason:
com.kms.katalon.core.exception.StepFailedException: Call Test Case 'Test Cases/1.Inicio/1.1Principal/Selec_sobre' failed
	at com.kms.katalon.core.keyword.builtin.CallTestCaseKeyword$_callTestCase_closure1.doCall(CallTestCaseKeyword.groovy:63)
	at com.kms.katalon.core.keyword.builtin.CallTestCaseKeyword$_callTestCase_closure1.call(CallTestCaseKeyword.groovy)
	at com.kms.katalon.core.keyword.internal.KeywordMain.runKeyword(KeywordMain.groovy:75)
	at com.kms.katalon.core.keyword.builtin.CallTestCaseKeyword.callTestCase(CallTestCaseKeyword.groovy:81)
	at com.kms.katalon.core.keyword.builtin.CallTestCaseKeyword.execute(CallTestCaseKeyword.groovy:44)
	at com.kms.katalon.core.keyword.internal.KeywordExecutor.executeKeywordForPlatform(KeywordExecutor.groovy:74)
	at com.kms.katalon.core.keyword.BuiltinKeywords.callTestCase(BuiltinKeywords.groovy:310)
	at jdk.internal.reflect.GeneratedMethodAccessor25.invoke(Unknown Source)
	at java.base/jdk.internal.reflect.DelegatingMethodAccessorImpl.invoke(DelegatingMethodAccessorImpl.java:43)
	at Agregar-Envios.run(Agregar-Envios:22)
	at com.kms.katalon.core.main.ScriptEngine.run(ScriptEngine.java:194)
	at com.kms.katalon.core.main.ScriptEngine.runScriptAsRawText(ScriptEngine.java:119)
	at com.kms.katalon.core.main.TestCaseExecutor.runScript(TestCaseExecutor.java:448)
	at com.kms.katalon.core.main.TestCaseExecutor.doExecute(TestCaseExecutor.java:439)
	at com.kms.katalon.core.main.TestCaseExecutor.processExecutionPhase(TestCaseExecutor.java:418)
	at com.kms.katalon.core.main.TestCaseExecutor.accessMainPhase(TestCaseExecutor.java:410)
	at com.kms.katalon.core.main.TestCaseExecutor.execute(TestCaseExecutor.java:285)
	at com.kms.katalon.core.common.CommonExecutor.accessTestCaseMainPhase(CommonExecutor.java:65)
	at com.kms.katalon.core.main.TestSuiteExecutor.accessTestSuiteMainPhase(TestSuiteExecutor.java:150)
	at com.kms.katalon.core.main.TestSuiteExecutor.execute(TestSuiteExecutor.java:106)
	at com.kms.katalon.core.main.TestCaseMain.startTestSuite(TestCaseMain.java:180)
	at TempTestSuite1732745349578.run(TempTestSuite1732745349578.groovy:35)
	at java.base/jdk.internal.reflect.NativeMethodAccessorImpl.invoke0(Native Method)
	at java.base/jdk.internal.reflect.NativeMethodAccessorImpl.invoke(NativeMethodAccessorImpl.java:77)
	at java.base/jdk.internal.reflect.DelegatingMethodAccessorImpl.invoke(DelegatingMethodAccessorImpl.java:43)
Caused by: com.kms.katalon.core.exception.StepFailedException: Unable to click on object 'Object Repository/Principal/Page_Olva Courier  Home/button_CONTINUAR (2)'
	at com.kms.katalon.core.webui.keyword.internal.WebUIKeywordMain.stepFailed(WebUIKeywordMain.groovy:117)
	at com.kms.katalon.core.webui.keyword.internal.WebUIKeywordMain.runKeyword(WebUIKeywordMain.groovy:43)
	at com.kms.katalon.core.webui.keyword.builtin.ClickKeyword.click(ClickKeyword.groovy:74)
	at com.kms.katalon.core.webui.keyword.builtin.ClickKeyword.execute(ClickKeyword.groovy:40)
	at com.kms.katalon.core.keyword.internal.KeywordExecutor.executeKeywordForPlatform(KeywordExecutor.groovy:74)
	at com.kms.katalon.core.webui.keyword.WebUiBuiltInKeywords.click(WebUiBuiltInKeywords.groovy:659)
	at Selec_sobre.run(Selec_sobre:24)
	at com.kms.katalon.core.main.ScriptEngine.run(ScriptEngine.java:194)
	at com.kms.katalon.core.main.ScriptEngine.runScriptAsRawText(ScriptEngine.java:119)
	at com.kms.katalon.core.main.TestCaseExecutor.runScript(TestCaseExecutor.java:448)
	at com.kms.katalon.core.main.TestCaseExecutor.doExecute(TestCaseExecutor.java:439)
	at com.kms.katalon.core.main.TestCaseExecutor.processExecutionPhase(TestCaseExecutor.java:418)
	at com.kms.katalon.core.main.TestCaseExecutor.accessMainPhase(TestCaseExecutor.java:410)
	at com.kms.katalon.core.main.TestCaseExecutor.execute(TestCaseExecutor.java:285)
	at com.kms.katalon.core.main.TestCaseMain.runTestCase(TestCaseMain.java:137)
	at com.kms.katalon.core.keyword.builtin.CallTestCaseKeyword$_callTestCase_closure1.doCall(CallTestCaseKeyword.groovy:59)
	... 24 more
Caused by: org.openqa.selenium.ElementClickInterceptedException: Element <button id="btn_aceptar_tipo_envio" class="btn disabled" type="button"> is not clickable at point (675,588) because another element <div class="modal-footer"> obscures it
Build info: version: '3.141.59', revision: 'unknown', time: 'unknown'
System info: host: 'DESKTOP-RGFFP9A', ip: '10.136.10.6', os.name: 'Windows 11', os.arch: 'amd64', os.version: '10.0', java.version: '17.0.7'
Driver info: com.kms.katalon.core.webui.driver.firefox.CGeckoDriver
Capabilities {acceptInsecureCerts: true, browserName: firefox, browserVersion: 133.0, javascriptEnabled: true, moz:accessibilityChecks: false, moz:buildID: 20241121140525, moz:geckodriverVersion: 0.35.0, moz:headless: false, moz:platformVersion: 10.0, moz:processID: 19504, moz:profile: C:\Users\OLVATI\AppData\Loc..., moz:shutdownTimeout: 60000, moz:webdriverClick: true, moz:windowless: false, pageLoadStrategy: normal, platform: WINDOWS, platformName: WINDOWS, proxy: Proxy(direct), setWindowRect: true, strictFileInteractability: false, timeouts: {implicit: 0, pageLoad: 300000, script: 30000}, unhandledPromptBehavior: dismiss and notify, userAgent: Mozilla/5.0 (Windows NT 10....}
Session ID: 62759193-6ed5-47cc-9d2b-8ba096ea4dd6
	at jdk.internal.reflect.GeneratedConstructorAccessor32.newInstance(Unknown Source)
	at java.base/jdk.internal.reflect.DelegatingConstructorAccessorImpl.newInstance(DelegatingConstructorAccessorImpl.java:45)
	at org.openqa.selenium.remote.http.W3CHttpResponseCodec.createException(W3CHttpResponseCodec.java:187)
	at org.openqa.selenium.remote.http.W3CHttpResponseCodec.decode(W3CHttpResponseCodec.java:122)
	at org.openqa.selenium.remote.http.W3CHttpResponseCodec.decode(W3CHttpResponseCodec.java:49)
	at org.openqa.selenium.remote.HttpCommandExecutor.execute(HttpCommandExecutor.java:158)
	at org.openqa.selenium.remote.service.DriverCommandExecutor.execute(DriverCommandExecutor.java:83)
	at org.openqa.selenium.remote.RemoteWebDriver.execute(RemoteWebDriver.java:552)
	at com.kms.katalon.selenium.driver.CFirefoxDriver.execute(CFirefoxDriver.java:28)
	at org.openqa.selenium.remote.RemoteWebElement.execute(RemoteWebElement.java:285)
	at org.openqa.selenium.remote.RemoteWebElement.click(RemoteWebElement.java:84)
	at jdk.internal.reflect.GeneratedMethodAccessor10.invoke(Unknown Source)
	at java.base/jdk.internal.reflect.DelegatingMethodAccessorImpl.invoke(DelegatingMethodAccessorImpl.java:43)
	at org.openqa.selenium.support.events.EventFiringWebDriver$EventFiringWebElement.lambda$new$0(EventFiringWebDriver.java:404)
	at jdk.proxy2/jdk.proxy2.$Proxy21.click(Unknown Source)
	at org.openqa.selenium.support.events.EventFiringWebDriver$EventFiringWebElement.click(EventFiringWebDriver.java:417)
	at org.openqa.selenium.WebElement$click.call(Unknown Source)
	at com.kms.katalon.core.webui.keyword.builtin.ClickKeyword.clickUntilSuccessWithTimeout(ClickKeyword.groovy:81)
	at com.kms.katalon.core.webui.keyword.builtin.ClickKeyword.clickUntilSuccessWithTimeout(ClickKeyword.groovy)
	at jdk.internal.reflect.GeneratedMethodAccessor8.invoke(Unknown Source)
	at java.base/jdk.internal.reflect.DelegatingMethodAccessorImpl.invoke(DelegatingMethodAccessorImpl.java:43)
	at com.kms.katalon.core.webui.keyword.builtin.ClickKeyword$_click_closure1.doCall(ClickKeyword.groovy:67)
	at com.kms.katalon.core.webui.keyword.builtin.ClickKeyword$_click_closure1.call(ClickKeyword.groovy)
	at com.kms.katalon.core.webui.keyword.internal.WebUIKeywordMain.runKeyword(WebUIKeywordMain.groovy:35)
	... 38 more


27-11-2024T17:57:43 - [TEST_STEP][PASSED] - callTestCase(findTestCase("1.Inicio/1.1Principal/Principal-home"), [:], STOP_ON_FAILURE): Call Test Case 'Test Cases/1.Inicio/1.1Principal/Principal-home' successfully

27-11-2024T17:57:43 - [TEST_CASE][PASSED] - Test Cases/1.Inicio/1.1Principal/Principal-home: Test Cases/1.Inicio/1.1Principal/Principal-home

27-11-2024T17:57:43 - [TEST_STEP][PASSED] - openBrowser(""): Browser is opened with url: ''

27-11-2024T17:57:43 - [MESSAGE][WARNING] - A browser is already opened. Closing browser and opening a new one

27-11-2024T17:57:45 - [MESSAGE][INFO] - Starting 'Firefox' driver

27-11-2024T17:57:45 - [MESSAGE][INFO] - Action delay is set to 0 milliseconds

27-11-2024T17:57:56 - [MESSAGE][PASSED] - Browser is opened with url: ''

27-11-2024T17:57:56 - [TEST_STEP][PASSED] - navigateToUrl("https://dev01-registrodeenvios.olvacourier.com/principal"): Navigate to 'https://dev01-registrodeenvios.olvacourier.com/principal' successfully

27-11-2024T17:57:58 - [MESSAGE][PASSED] - Navigate to 'https://dev01-registrodeenvios.olvacourier.com/principal' successfully

27-11-2024T17:57:58 - [TEST_STEP][PASSED] - maximizeWindow(): Current window maximized

27-11-2024T17:57:58 - [MESSAGE][PASSED] - Current window maximized

27-11-2024T17:57:58 - [MESSAGE][PASSED] - Call Test Case 'Test Cases/1.Inicio/1.1Principal/Principal-home' successfully

27-11-2024T17:57:58 - [TEST_STEP][FAILED] - callTestCase(findTestCase("1.Inicio/1.1Principal/Selec_sobre"), [:], STOP_ON_FAILURE): Unable to call Test Case 'Test Cases/1.Inicio/1.1Principal/Selec_sobre' (Root cause: com.kms.katalon.core.exception.StepFailedException: Call Test Case 'Test Cases/1.Inicio/1.1Principal/Selec_sobre' failed
	at com.kms.katalon.core.keyword.builtin.CallTestCaseKeyword$_callTestCase_closure1.doCall(CallTestCaseKeyword.groovy:63)
	at com.kms.katalon.core.keyword.builtin.CallTestCaseKeyword$_callTestCase_closure1.call(CallTestCaseKeyword.groovy)
	at com.kms.katalon.core.keyword.internal.KeywordMain.runKeyword(KeywordMain.groovy:75)
	at com.kms.katalon.core.keyword.builtin.CallTestCaseKeyword.callTestCase(CallTestCaseKeyword.groovy:81)
	at com.kms.katalon.core.keyword.builtin.CallTestCaseKeyword.execute(CallTestCaseKeyword.groovy:44)
	at com.kms.katalon.core.keyword.internal.KeywordExecutor.executeKeywordForPlatform(KeywordExecutor.groovy:74)
	at com.kms.katalon.core.keyword.BuiltinKeywords.callTestCase(BuiltinKeywords.groovy:310)
	at jdk.internal.reflect.GeneratedMethodAccessor25.invoke(Unknown Source)
	at java.base/jdk.internal.reflect.DelegatingMethodAccessorImpl.invoke(DelegatingMethodAccessorImpl.java:43)
	at Agregar-Envios.run(Agregar-Envios:22)
	at com.kms.katalon.core.main.ScriptEngine.run(ScriptEngine.java:194)
	at com.kms.katalon.core.main.ScriptEngine.runScriptAsRawText(ScriptEngine.java:119)
	at com.kms.katalon.core.main.TestCaseExecutor.runScript(TestCaseExecutor.java:448)
	at com.kms.katalon.core.main.TestCaseExecutor.doExecute(TestCaseExecutor.java:439)
	at com.kms.katalon.core.main.TestCaseExecutor.processExecutionPhase(TestCaseExecutor.java:418)
	at com.kms.katalon.core.main.TestCaseExecutor.accessMainPhase(TestCaseExecutor.java:410)
	at com.kms.katalon.core.main.TestCaseExecutor.execute(TestCaseExecutor.java:285)
	at com.kms.katalon.core.common.CommonExecutor.accessTestCaseMainPhase(CommonExecutor.java:65)
	at com.kms.katalon.core.main.TestSuiteExecutor.accessTestSuiteMainPhase(TestSuiteExecutor.java:150)
	at com.kms.katalon.core.main.TestSuiteExecutor.execute(TestSuiteExecutor.java:106)
	at com.kms.katalon.core.main.TestCaseMain.startTestSuite(TestCaseMain.java:180)
	at TempTestSuite1732745349578.run(TempTestSuite1732745349578.groovy:35)
	at java.base/jdk.internal.reflect.NativeMethodAccessorImpl.invoke0(Native Method)
	at java.base/jdk.internal.reflect.NativeMethodAccessorImpl.invoke(NativeMethodAccessorImpl.java:77)
	at java.base/jdk.internal.reflect.DelegatingMethodAccessorImpl.invoke(DelegatingMethodAccessorImpl.java:43)
Caused by: com.kms.katalon.core.exception.StepFailedException: Unable to click on object 'Object Repository/Principal/Page_Olva Courier  Home/button_CONTINUAR (2)'
	at com.kms.katalon.core.webui.keyword.internal.WebUIKeywordMain.stepFailed(WebUIKeywordMain.groovy:117)
	at com.kms.katalon.core.webui.keyword.internal.WebUIKeywordMain.runKeyword(WebUIKeywordMain.groovy:43)
	at com.kms.katalon.core.webui.keyword.builtin.ClickKeyword.click(ClickKeyword.groovy:74)
	at com.kms.katalon.core.webui.keyword.builtin.ClickKeyword.execute(ClickKeyword.groovy:40)
	at com.kms.katalon.core.keyword.internal.KeywordExecutor.executeKeywordForPlatform(KeywordExecutor.groovy:74)
	at com.kms.katalon.core.webui.keyword.WebUiBuiltInKeywords.click(WebUiBuiltInKeywords.groovy:659)
	at Selec_sobre.run(Selec_sobre:24)
	at com.kms.katalon.core.main.ScriptEngine.run(ScriptEngine.java:194)
	at com.kms.katalon.core.main.ScriptEngine.runScriptAsRawText(ScriptEngine.java:119)
	at com.kms.katalon.core.main.TestCaseExecutor.runScript(TestCaseExecutor.java:448)
	at com.kms.katalon.core.main.TestCaseExecutor.doExecute(TestCaseExecutor.java:439)
	at com.kms.katalon.core.main.TestCaseExecutor.processExecutionPhase(TestCaseExecutor.java:418)
	at com.kms.katalon.core.main.TestCaseExecutor.accessMainPhase(TestCaseExecutor.java:410)
	at com.kms.katalon.core.main.TestCaseExecutor.execute(TestCaseExecutor.java:285)
	at com.kms.katalon.core.main.TestCaseMain.runTestCase(TestCaseMain.java:137)
	at com.kms.katalon.core.keyword.builtin.CallTestCaseKeyword$_callTestCase_closure1.doCall(CallTestCaseKeyword.groovy:59)
	... 24 more
Caused by: org.openqa.selenium.ElementClickInterceptedException: Element <button id="btn_aceptar_tipo_envio" class="btn disabled" type="button"> is not clickable at point (675,588) because another element <div class="modal-footer"> obscures it
Build info: version: '3.141.59', revision: 'unknown', time: 'unknown'
System info: host: 'DESKTOP-RGFFP9A', ip: '10.136.10.6', os.name: 'Windows 11', os.arch: 'amd64', os.version: '10.0', java.version: '17.0.7'
Driver info: com.kms.katalon.core.webui.driver.firefox.CGeckoDriver
Capabilities {acceptInsecureCerts: true, browserName: firefox, browserVersion: 133.0, javascriptEnabled: true, moz:accessibilityChecks: false, moz:buildID: 20241121140525, moz:geckodriverVersion: 0.35.0, moz:headless: false, moz:platformVersion: 10.0, moz:processID: 19504, moz:profile: C:\Users\OLVATI\AppData\Loc..., moz:shutdownTimeout: 60000, moz:webdriverClick: true, moz:windowless: false, pageLoadStrategy: normal, platform: WINDOWS, platformName: WINDOWS, proxy: Proxy(direct), setWindowRect: true, strictFileInteractability: false, timeouts: {implicit: 0, pageLoad: 300000, script: 30000}, unhandledPromptBehavior: dismiss and notify, userAgent: Mozilla/5.0 (Windows NT 10....}
Session ID: 62759193-6ed5-47cc-9d2b-8ba096ea4dd6
	at jdk.internal.reflect.GeneratedConstructorAccessor32.newInstance(Unknown Source)
	at java.base/jdk.internal.reflect.DelegatingConstructorAccessorImpl.newInstance(DelegatingConstructorAccessorImpl.java:45)
	at org.openqa.selenium.remote.http.W3CHttpResponseCodec.createException(W3CHttpResponseCodec.java:187)
	at org.openqa.selenium.remote.http.W3CHttpResponseCodec.decode(W3CHttpResponseCodec.java:122)
	at org.openqa.selenium.remote.http.W3CHttpResponseCodec.decode(W3CHttpResponseCodec.java:49)
	at org.openqa.selenium.remote.HttpCommandExecutor.execute(HttpCommandExecutor.java:158)
	at org.openqa.selenium.remote.service.DriverCommandExecutor.execute(DriverCommandExecutor.java:83)
	at org.openqa.selenium.remote.RemoteWebDriver.execute(RemoteWebDriver.java:552)
	at com.kms.katalon.selenium.driver.CFirefoxDriver.execute(CFirefoxDriver.java:28)
	at org.openqa.selenium.remote.RemoteWebElement.execute(RemoteWebElement.java:285)
	at org.openqa.selenium.remote.RemoteWebElement.click(RemoteWebElement.java:84)
	at jdk.internal.reflect.GeneratedMethodAccessor10.invoke(Unknown Source)
	at java.base/jdk.internal.reflect.DelegatingMethodAccessorImpl.invoke(DelegatingMethodAccessorImpl.java:43)
	at org.openqa.selenium.support.events.EventFiringWebDriver$EventFiringWebElement.lambda$new$0(EventFiringWebDriver.java:404)
	at jdk.proxy2/jdk.proxy2.$Proxy21.click(Unknown Source)
	at org.openqa.selenium.support.events.EventFiringWebDriver$EventFiringWebElement.click(EventFiringWebDriver.java:417)
	at org.openqa.selenium.WebElement$click.call(Unknown Source)
	at com.kms.katalon.core.webui.keyword.builtin.ClickKeyword.clickUntilSuccessWithTimeout(ClickKeyword.groovy:81)
	at com.kms.katalon.core.webui.keyword.builtin.ClickKeyword.clickUntilSuccessWithTimeout(ClickKeyword.groovy)
	at jdk.internal.reflect.GeneratedMethodAccessor8.invoke(Unknown Source)
	at java.base/jdk.internal.reflect.DelegatingMethodAccessorImpl.invoke(DelegatingMethodAccessorImpl.java:43)
	at com.kms.katalon.core.webui.keyword.builtin.ClickKeyword$_click_closure1.doCall(ClickKeyword.groovy:67)
	at com.kms.katalon.core.webui.keyword.builtin.ClickKeyword$_click_closure1.call(ClickKeyword.groovy)
	at com.kms.katalon.core.webui.keyword.internal.WebUIKeywordMain.runKeyword(WebUIKeywordMain.groovy:35)
	... 38 more
)

27-11-2024T17:57:58 - [TEST_CASE][FAILED] - Test Cases/1.Inicio/1.1Principal/Selec_sobre: Test Cases/1.Inicio/1.1Principal/Selec_sobre FAILED.
Reason:
com.kms.katalon.core.exception.StepFailedException: Unable to click on object 'Object Repository/Principal/Page_Olva Courier  Home/button_CONTINUAR (2)'
	at com.kms.katalon.core.webui.keyword.internal.WebUIKeywordMain.stepFailed(WebUIKeywordMain.groovy:117)
	at com.kms.katalon.core.webui.keyword.internal.WebUIKeywordMain.runKeyword(WebUIKeywordMain.groovy:43)
	at com.kms.katalon.core.webui.keyword.builtin.ClickKeyword.click(ClickKeyword.groovy:74)
	at com.kms.katalon.core.webui.keyword.builtin.ClickKeyword.execute(ClickKeyword.groovy:40)
	at com.kms.katalon.core.keyword.internal.KeywordExecutor.executeKeywordForPlatform(KeywordExecutor.groovy:74)
	at com.kms.katalon.core.webui.keyword.WebUiBuiltInKeywords.click(WebUiBuiltInKeywords.groovy:659)
	at Selec_sobre.run(Selec_sobre:24)
	at com.kms.katalon.core.main.ScriptEngine.run(ScriptEngine.java:194)
	at com.kms.katalon.core.main.ScriptEngine.runScriptAsRawText(ScriptEngine.java:119)
	at com.kms.katalon.core.main.TestCaseExecutor.runScript(TestCaseExecutor.java:448)
	at com.kms.katalon.core.main.TestCaseExecutor.doExecute(TestCaseExecutor.java:439)
	at com.kms.katalon.core.main.TestCaseExecutor.processExecutionPhase(TestCaseExecutor.java:418)
	at com.kms.katalon.core.main.TestCaseExecutor.accessMainPhase(TestCaseExecutor.java:410)
	at com.kms.katalon.core.main.TestCaseExecutor.execute(TestCaseExecutor.java:285)
	at com.kms.katalon.core.main.TestCaseMain.runTestCase(TestCaseMain.java:137)
	at com.kms.katalon.core.keyword.builtin.CallTestCaseKeyword$_callTestCase_closure1.doCall(CallTestCaseKeyword.groovy:59)
	at com.kms.katalon.core.keyword.builtin.CallTestCaseKeyword$_callTestCase_closure1.call(CallTestCaseKeyword.groovy)
	at com.kms.katalon.core.keyword.internal.KeywordMain.runKeyword(KeywordMain.groovy:75)
	at com.kms.katalon.core.keyword.builtin.CallTestCaseKeyword.callTestCase(CallTestCaseKeyword.groovy:81)
	at com.kms.katalon.core.keyword.builtin.CallTestCaseKeyword.execute(CallTestCaseKeyword.groovy:44)
	at com.kms.katalon.core.keyword.internal.KeywordExecutor.executeKeywordForPlatform(KeywordExecutor.groovy:74)
	at com.kms.katalon.core.keyword.BuiltinKeywords.callTestCase(BuiltinKeywords.groovy:310)
	at jdk.internal.reflect.GeneratedMethodAccessor25.invoke(Unknown Source)
	at java.base/jdk.internal.reflect.DelegatingMethodAccessorImpl.invoke(DelegatingMethodAccessorImpl.java:43)
	at Agregar-Envios.run(Agregar-Envios:22)
	at com.kms.katalon.core.main.ScriptEngine.run(ScriptEngine.java:194)
	at com.kms.katalon.core.main.ScriptEngine.runScriptAsRawText(ScriptEngine.java:119)
	at com.kms.katalon.core.main.TestCaseExecutor.runScript(TestCaseExecutor.java:448)
	at com.kms.katalon.core.main.TestCaseExecutor.doExecute(TestCaseExecutor.java:439)
	at com.kms.katalon.core.main.TestCaseExecutor.processExecutionPhase(TestCaseExecutor.java:418)
	at com.kms.katalon.core.main.TestCaseExecutor.accessMainPhase(TestCaseExecutor.java:410)
	at com.kms.katalon.core.main.TestCaseExecutor.execute(TestCaseExecutor.java:285)
	at com.kms.katalon.core.common.CommonExecutor.accessTestCaseMainPhase(CommonExecutor.java:65)
	at com.kms.katalon.core.main.TestSuiteExecutor.accessTestSuiteMainPhase(TestSuiteExecutor.java:150)
	at com.kms.katalon.core.main.TestSuiteExecutor.execute(TestSuiteExecutor.java:106)
	at com.kms.katalon.core.main.TestCaseMain.startTestSuite(TestCaseMain.java:180)
	at TempTestSuite1732745349578.run(TempTestSuite1732745349578.groovy:35)
	at java.base/jdk.internal.reflect.NativeMethodAccessorImpl.invoke0(Native Method)
	at java.base/jdk.internal.reflect.NativeMethodAccessorImpl.invoke(NativeMethodAccessorImpl.java:77)
	at java.base/jdk.internal.reflect.DelegatingMethodAccessorImpl.invoke(DelegatingMethodAccessorImpl.java:43)
Caused by: org.openqa.selenium.ElementClickInterceptedException: Element <button id="btn_aceptar_tipo_envio" class="btn disabled" type="button"> is not clickable at point (675,588) because another element <div class="modal-footer"> obscures it
Build info: version: '3.141.59', revision: 'unknown', time: 'unknown'
System info: host: 'DESKTOP-RGFFP9A', ip: '10.136.10.6', os.name: 'Windows 11', os.arch: 'amd64', os.version: '10.0', java.version: '17.0.7'
Driver info: com.kms.katalon.core.webui.driver.firefox.CGeckoDriver
Capabilities {acceptInsecureCerts: true, browserName: firefox, browserVersion: 133.0, javascriptEnabled: true, moz:accessibilityChecks: false, moz:buildID: 20241121140525, moz:geckodriverVersion: 0.35.0, moz:headless: false, moz:platformVersion: 10.0, moz:processID: 19504, moz:profile: C:\Users\OLVATI\AppData\Loc..., moz:shutdownTimeout: 60000, moz:webdriverClick: true, moz:windowless: false, pageLoadStrategy: normal, platform: WINDOWS, platformName: WINDOWS, proxy: Proxy(direct), setWindowRect: true, strictFileInteractability: false, timeouts: {implicit: 0, pageLoad: 300000, script: 30000}, unhandledPromptBehavior: dismiss and notify, userAgent: Mozilla/5.0 (Windows NT 10....}
Session ID: 62759193-6ed5-47cc-9d2b-8ba096ea4dd6
	at jdk.internal.reflect.GeneratedConstructorAccessor32.newInstance(Unknown Source)
	at java.base/jdk.internal.reflect.DelegatingConstructorAccessorImpl.newInstance(DelegatingConstructorAccessorImpl.java:45)
	at org.openqa.selenium.remote.http.W3CHttpResponseCodec.createException(W3CHttpResponseCodec.java:187)
	at org.openqa.selenium.remote.http.W3CHttpResponseCodec.decode(W3CHttpResponseCodec.java:122)
	at org.openqa.selenium.remote.http.W3CHttpResponseCodec.decode(W3CHttpResponseCodec.java:49)
	at org.openqa.selenium.remote.HttpCommandExecutor.execute(HttpCommandExecutor.java:158)
	at org.openqa.selenium.remote.service.DriverCommandExecutor.execute(DriverCommandExecutor.java:83)
	at org.openqa.selenium.remote.RemoteWebDriver.execute(RemoteWebDriver.java:552)
	at com.kms.katalon.selenium.driver.CFirefoxDriver.execute(CFirefoxDriver.java:28)
	at org.openqa.selenium.remote.RemoteWebElement.execute(RemoteWebElement.java:285)
	at org.openqa.selenium.remote.RemoteWebElement.click(RemoteWebElement.java:84)
	at jdk.internal.reflect.GeneratedMethodAccessor10.invoke(Unknown Source)
	at java.base/jdk.internal.reflect.DelegatingMethodAccessorImpl.invoke(DelegatingMethodAccessorImpl.java:43)
	at org.openqa.selenium.support.events.EventFiringWebDriver$EventFiringWebElement.lambda$new$0(EventFiringWebDriver.java:404)
	at jdk.proxy2/jdk.proxy2.$Proxy21.click(Unknown Source)
	at org.openqa.selenium.support.events.EventFiringWebDriver$EventFiringWebElement.click(EventFiringWebDriver.java:417)
	at org.openqa.selenium.WebElement$click.call(Unknown Source)
	at com.kms.katalon.core.webui.keyword.builtin.ClickKeyword.clickUntilSuccessWithTimeout(ClickKeyword.groovy:81)
	at com.kms.katalon.core.webui.keyword.builtin.ClickKeyword.clickUntilSuccessWithTimeout(ClickKeyword.groovy)
	at jdk.internal.reflect.GeneratedMethodAccessor8.invoke(Unknown Source)
	at java.base/jdk.internal.reflect.DelegatingMethodAccessorImpl.invoke(DelegatingMethodAccessorImpl.java:43)
	at com.kms.katalon.core.webui.keyword.builtin.ClickKeyword$_click_closure1.doCall(ClickKeyword.groovy:67)
	at com.kms.katalon.core.webui.keyword.builtin.ClickKeyword$_click_closure1.call(ClickKeyword.groovy)
	at com.kms.katalon.core.webui.keyword.internal.WebUIKeywordMain.runKeyword(WebUIKeywordMain.groovy:35)
	... 38 more


27-11-2024T17:57:58 - [TEST_STEP][PASSED] - click(findTestObject("Object Repository/Principal/Page_Olva Courier  Home/img_Envo de cajas o paquetescon un peso mxi_37770f")): Object: 'Object Repository/Principal/Page_Olva Courier  Home/img_Envo de cajas o paquetescon un peso mxi_37770f' is clicked on

27-11-2024T17:57:59 - [MESSAGE][PASSED] - Object: 'Object Repository/Principal/Page_Olva Courier  Home/img_Envo de cajas o paquetescon un peso mxi_37770f' is clicked on

27-11-2024T17:57:59 - [TEST_STEP][PASSED] - click(findTestObject("Object Repository/Principal/Page_Olva Courier  Home/label_He ledo y acepto los trminos de uso y_adab65")): Object: 'Object Repository/Principal/Page_Olva Courier  Home/label_He ledo y acepto los trminos de uso y_adab65' is clicked on

27-11-2024T17:58:00 - [MESSAGE][PASSED] - Object: 'Object Repository/Principal/Page_Olva Courier  Home/label_He ledo y acepto los trminos de uso y_adab65' is clicked on

27-11-2024T17:58:00 - [TEST_STEP][FAILED] - click(findTestObject("Object Repository/Principal/Page_Olva Courier  Home/button_CONTINUAR (2)")): Unable to click on object 'Object Repository/Principal/Page_Olva Courier  Home/button_CONTINUAR (2)' (Root cause: com.kms.katalon.core.exception.StepFailedException: Unable to click on object 'Object Repository/Principal/Page_Olva Courier  Home/button_CONTINUAR (2)'
	at com.kms.katalon.core.webui.keyword.internal.WebUIKeywordMain.stepFailed(WebUIKeywordMain.groovy:117)
	at com.kms.katalon.core.webui.keyword.internal.WebUIKeywordMain.runKeyword(WebUIKeywordMain.groovy:43)
	at com.kms.katalon.core.webui.keyword.builtin.ClickKeyword.click(ClickKeyword.groovy:74)
	at com.kms.katalon.core.webui.keyword.builtin.ClickKeyword.execute(ClickKeyword.groovy:40)
	at com.kms.katalon.core.keyword.internal.KeywordExecutor.executeKeywordForPlatform(KeywordExecutor.groovy:74)
	at com.kms.katalon.core.webui.keyword.WebUiBuiltInKeywords.click(WebUiBuiltInKeywords.groovy:659)
	at Selec_sobre.run(Selec_sobre:24)
	at com.kms.katalon.core.main.ScriptEngine.run(ScriptEngine.java:194)
	at com.kms.katalon.core.main.ScriptEngine.runScriptAsRawText(ScriptEngine.java:119)
	at com.kms.katalon.core.main.TestCaseExecutor.runScript(TestCaseExecutor.java:448)
	at com.kms.katalon.core.main.TestCaseExecutor.doExecute(TestCaseExecutor.java:439)
	at com.kms.katalon.core.main.TestCaseExecutor.processExecutionPhase(TestCaseExecutor.java:418)
	at com.kms.katalon.core.main.TestCaseExecutor.accessMainPhase(TestCaseExecutor.java:410)
	at com.kms.katalon.core.main.TestCaseExecutor.execute(TestCaseExecutor.java:285)
	at com.kms.katalon.core.main.TestCaseMain.runTestCase(TestCaseMain.java:137)
	at com.kms.katalon.core.keyword.builtin.CallTestCaseKeyword$_callTestCase_closure1.doCall(CallTestCaseKeyword.groovy:59)
	at com.kms.katalon.core.keyword.builtin.CallTestCaseKeyword$_callTestCase_closure1.call(CallTestCaseKeyword.groovy)
	at com.kms.katalon.core.keyword.internal.KeywordMain.runKeyword(KeywordMain.groovy:75)
	at com.kms.katalon.core.keyword.builtin.CallTestCaseKeyword.callTestCase(CallTestCaseKeyword.groovy:81)
	at com.kms.katalon.core.keyword.builtin.CallTestCaseKeyword.execute(CallTestCaseKeyword.groovy:44)
	at com.kms.katalon.core.keyword.internal.KeywordExecutor.executeKeywordForPlatform(KeywordExecutor.groovy:74)
	at com.kms.katalon.core.keyword.BuiltinKeywords.callTestCase(BuiltinKeywords.groovy:310)
	at jdk.internal.reflect.GeneratedMethodAccessor25.invoke(Unknown Source)
	at java.base/jdk.internal.reflect.DelegatingMethodAccessorImpl.invoke(DelegatingMethodAccessorImpl.java:43)
	at Agregar-Envios.run(Agregar-Envios:22)
	at com.kms.katalon.core.main.ScriptEngine.run(ScriptEngine.java:194)
	at com.kms.katalon.core.main.ScriptEngine.runScriptAsRawText(ScriptEngine.java:119)
	at com.kms.katalon.core.main.TestCaseExecutor.runScript(TestCaseExecutor.java:448)
	at com.kms.katalon.core.main.TestCaseExecutor.doExecute(TestCaseExecutor.java:439)
	at com.kms.katalon.core.main.TestCaseExecutor.processExecutionPhase(TestCaseExecutor.java:418)
	at com.kms.katalon.core.main.TestCaseExecutor.accessMainPhase(TestCaseExecutor.java:410)
	at com.kms.katalon.core.main.TestCaseExecutor.execute(TestCaseExecutor.java:285)
	at com.kms.katalon.core.common.CommonExecutor.accessTestCaseMainPhase(CommonExecutor.java:65)
	at com.kms.katalon.core.main.TestSuiteExecutor.accessTestSuiteMainPhase(TestSuiteExecutor.java:150)
	at com.kms.katalon.core.main.TestSuiteExecutor.execute(TestSuiteExecutor.java:106)
	at com.kms.katalon.core.main.TestCaseMain.startTestSuite(TestCaseMain.java:180)
	at TempTestSuite1732745349578.run(TempTestSuite1732745349578.groovy:35)
	at java.base/jdk.internal.reflect.NativeMethodAccessorImpl.invoke0(Native Method)
	at java.base/jdk.internal.reflect.NativeMethodAccessorImpl.invoke(NativeMethodAccessorImpl.java:77)
	at java.base/jdk.internal.reflect.DelegatingMethodAccessorImpl.invoke(DelegatingMethodAccessorImpl.java:43)
Caused by: org.openqa.selenium.ElementClickInterceptedException: Element <button id="btn_aceptar_tipo_envio" class="btn disabled" type="button"> is not clickable at point (675,588) because another element <div class="modal-footer"> obscures it
Build info: version: '3.141.59', revision: 'unknown', time: 'unknown'
System info: host: 'DESKTOP-RGFFP9A', ip: '10.136.10.6', os.name: 'Windows 11', os.arch: 'amd64', os.version: '10.0', java.version: '17.0.7'
Driver info: com.kms.katalon.core.webui.driver.firefox.CGeckoDriver
Capabilities {acceptInsecureCerts: true, browserName: firefox, browserVersion: 133.0, javascriptEnabled: true, moz:accessibilityChecks: false, moz:buildID: 20241121140525, moz:geckodriverVersion: 0.35.0, moz:headless: false, moz:platformVersion: 10.0, moz:processID: 19504, moz:profile: C:\Users\OLVATI\AppData\Loc..., moz:shutdownTimeout: 60000, moz:webdriverClick: true, moz:windowless: false, pageLoadStrategy: normal, platform: WINDOWS, platformName: WINDOWS, proxy: Proxy(direct), setWindowRect: true, strictFileInteractability: false, timeouts: {implicit: 0, pageLoad: 300000, script: 30000}, unhandledPromptBehavior: dismiss and notify, userAgent: Mozilla/5.0 (Windows NT 10....}
Session ID: 62759193-6ed5-47cc-9d2b-8ba096ea4dd6
	at jdk.internal.reflect.GeneratedConstructorAccessor32.newInstance(Unknown Source)
	at java.base/jdk.internal.reflect.DelegatingConstructorAccessorImpl.newInstance(DelegatingConstructorAccessorImpl.java:45)
	at org.openqa.selenium.remote.http.W3CHttpResponseCodec.createException(W3CHttpResponseCodec.java:187)
	at org.openqa.selenium.remote.http.W3CHttpResponseCodec.decode(W3CHttpResponseCodec.java:122)
	at org.openqa.selenium.remote.http.W3CHttpResponseCodec.decode(W3CHttpResponseCodec.java:49)
	at org.openqa.selenium.remote.HttpCommandExecutor.execute(HttpCommandExecutor.java:158)
	at org.openqa.selenium.remote.service.DriverCommandExecutor.execute(DriverCommandExecutor.java:83)
	at org.openqa.selenium.remote.RemoteWebDriver.execute(RemoteWebDriver.java:552)
	at com.kms.katalon.selenium.driver.CFirefoxDriver.execute(CFirefoxDriver.java:28)
	at org.openqa.selenium.remote.RemoteWebElement.execute(RemoteWebElement.java:285)
	at org.openqa.selenium.remote.RemoteWebElement.click(RemoteWebElement.java:84)
	at jdk.internal.reflect.GeneratedMethodAccessor10.invoke(Unknown Source)
	at java.base/jdk.internal.reflect.DelegatingMethodAccessorImpl.invoke(DelegatingMethodAccessorImpl.java:43)
	at org.openqa.selenium.support.events.EventFiringWebDriver$EventFiringWebElement.lambda$new$0(EventFiringWebDriver.java:404)
	at jdk.proxy2/jdk.proxy2.$Proxy21.click(Unknown Source)
	at org.openqa.selenium.support.events.EventFiringWebDriver$EventFiringWebElement.click(EventFiringWebDriver.java:417)
	at org.openqa.selenium.WebElement$click.call(Unknown Source)
	at com.kms.katalon.core.webui.keyword.builtin.ClickKeyword.clickUntilSuccessWithTimeout(ClickKeyword.groovy:81)
	at com.kms.katalon.core.webui.keyword.builtin.ClickKeyword.clickUntilSuccessWithTimeout(ClickKeyword.groovy)
	at jdk.internal.reflect.GeneratedMethodAccessor8.invoke(Unknown Source)
	at java.base/jdk.internal.reflect.DelegatingMethodAccessorImpl.invoke(DelegatingMethodAccessorImpl.java:43)
	at com.kms.katalon.core.webui.keyword.builtin.ClickKeyword$_click_closure1.doCall(ClickKeyword.groovy:67)
	at com.kms.katalon.core.webui.keyword.builtin.ClickKeyword$_click_closure1.call(ClickKeyword.groovy)
	at com.kms.katalon.core.webui.keyword.internal.WebUIKeywordMain.runKeyword(WebUIKeywordMain.groovy:35)
	at com.kms.katalon.core.webui.keyword.builtin.ClickKeyword.click(ClickKeyword.groovy:74)
	at com.kms.katalon.core.webui.keyword.builtin.ClickKeyword.execute(ClickKeyword.groovy:40)
	at com.kms.katalon.core.keyword.internal.KeywordExecutor.executeKeywordForPlatform(KeywordExecutor.groovy:74)
	at com.kms.katalon.core.webui.keyword.WebUiBuiltInKeywords.click(WebUiBuiltInKeywords.groovy:659)
	at Script1732083570761.run(Script1732083570761.groovy:24)
	at com.kms.katalon.core.main.ScriptEngine.run(ScriptEngine.java:194)
	at com.kms.katalon.core.main.ScriptEngine.runScriptAsRawText(ScriptEngine.java:119)
	at com.kms.katalon.core.main.TestCaseExecutor.runScript(TestCaseExecutor.java:448)
	at com.kms.katalon.core.main.TestCaseExecutor.doExecute(TestCaseExecutor.java:439)
	at com.kms.katalon.core.main.TestCaseExecutor.processExecutionPhase(TestCaseExecutor.java:418)
	at com.kms.katalon.core.main.TestCaseExecutor.accessMainPhase(TestCaseExecutor.java:410)
	at com.kms.katalon.core.main.TestCaseExecutor.execute(TestCaseExecutor.java:285)
	at com.kms.katalon.core.main.TestCaseMain.runTestCase(TestCaseMain.java:137)
	at com.kms.katalon.core.keyword.builtin.CallTestCaseKeyword$_callTestCase_closure1.doCall(CallTestCaseKeyword.groovy:59)
	at com.kms.katalon.core.keyword.builtin.CallTestCaseKeyword$_callTestCase_closure1.call(CallTestCaseKeyword.groovy)
	at com.kms.katalon.core.keyword.internal.KeywordMain.runKeyword(KeywordMain.groovy:75)
	at com.kms.katalon.core.keyword.builtin.CallTestCaseKeyword.callTestCase(CallTestCaseKeyword.groovy:81)
	at com.kms.katalon.core.keyword.builtin.CallTestCaseKeyword.execute(CallTestCaseKeyword.groovy:44)
	at com.kms.katalon.core.keyword.internal.KeywordExecutor.executeKeywordForPlatform(KeywordExecutor.groovy:74)
	at com.kms.katalon.core.keyword.BuiltinKeywords.callTestCase(BuiltinKeywords.groovy:310)
	at jdk.internal.reflect.GeneratedMethodAccessor25.invoke(Unknown Source)
	at java.base/jdk.internal.reflect.DelegatingMethodAccessorImpl.invoke(DelegatingMethodAccessorImpl.java:43)
	at Script1732341471822.run(Script1732341471822.groovy:22)
	... 15 more
)

27-11-2024T17:58:31 - [MESSAGE][FAILED] - Unable to click on object 'Object Repository/Principal/Page_Olva Courier  Home/button_CONTINUAR (2)' (Root cause: com.kms.katalon.core.exception.StepFailedException: Unable to click on object 'Object Repository/Principal/Page_Olva Courier  Home/button_CONTINUAR (2)'
	at com.kms.katalon.core.webui.keyword.internal.WebUIKeywordMain.stepFailed(WebUIKeywordMain.groovy:117)
	at com.kms.katalon.core.webui.keyword.internal.WebUIKeywordMain.runKeyword(WebUIKeywordMain.groovy:43)
	at com.kms.katalon.core.webui.keyword.builtin.ClickKeyword.click(ClickKeyword.groovy:74)
	at com.kms.katalon.core.webui.keyword.builtin.ClickKeyword.execute(ClickKeyword.groovy:40)
	at com.kms.katalon.core.keyword.internal.KeywordExecutor.executeKeywordForPlatform(KeywordExecutor.groovy:74)
	at com.kms.katalon.core.webui.keyword.WebUiBuiltInKeywords.click(WebUiBuiltInKeywords.groovy:659)
	at Selec_sobre.run(Selec_sobre:24)
	at com.kms.katalon.core.main.ScriptEngine.run(ScriptEngine.java:194)
	at com.kms.katalon.core.main.ScriptEngine.runScriptAsRawText(ScriptEngine.java:119)
	at com.kms.katalon.core.main.TestCaseExecutor.runScript(TestCaseExecutor.java:448)
	at com.kms.katalon.core.main.TestCaseExecutor.doExecute(TestCaseExecutor.java:439)
	at com.kms.katalon.core.main.TestCaseExecutor.processExecutionPhase(TestCaseExecutor.java:418)
	at com.kms.katalon.core.main.TestCaseExecutor.accessMainPhase(TestCaseExecutor.java:410)
	at com.kms.katalon.core.main.TestCaseExecutor.execute(TestCaseExecutor.java:285)
	at com.kms.katalon.core.main.TestCaseMain.runTestCase(TestCaseMain.java:137)
	at com.kms.katalon.core.keyword.builtin.CallTestCaseKeyword$_callTestCase_closure1.doCall(CallTestCaseKeyword.groovy:59)
	at com.kms.katalon.core.keyword.builtin.CallTestCaseKeyword$_callTestCase_closure1.call(CallTestCaseKeyword.groovy)
	at com.kms.katalon.core.keyword.internal.KeywordMain.runKeyword(KeywordMain.groovy:75)
	at com.kms.katalon.core.keyword.builtin.CallTestCaseKeyword.callTestCase(CallTestCaseKeyword.groovy:81)
	at com.kms.katalon.core.keyword.builtin.CallTestCaseKeyword.execute(CallTestCaseKeyword.groovy:44)
	at com.kms.katalon.core.keyword.internal.KeywordExecutor.executeKeywordForPlatform(KeywordExecutor.groovy:74)
	at com.kms.katalon.core.keyword.BuiltinKeywords.callTestCase(BuiltinKeywords.groovy:310)
	at jdk.internal.reflect.GeneratedMethodAccessor25.invoke(Unknown Source)
	at java.base/jdk.internal.reflect.DelegatingMethodAccessorImpl.invoke(DelegatingMethodAccessorImpl.java:43)
	at Agregar-Envios.run(Agregar-Envios:22)
	at com.kms.katalon.core.main.ScriptEngine.run(ScriptEngine.java:194)
	at com.kms.katalon.core.main.ScriptEngine.runScriptAsRawText(ScriptEngine.java:119)
	at com.kms.katalon.core.main.TestCaseExecutor.runScript(TestCaseExecutor.java:448)
	at com.kms.katalon.core.main.TestCaseExecutor.doExecute(TestCaseExecutor.java:439)
	at com.kms.katalon.core.main.TestCaseExecutor.processExecutionPhase(TestCaseExecutor.java:418)
	at com.kms.katalon.core.main.TestCaseExecutor.accessMainPhase(TestCaseExecutor.java:410)
	at com.kms.katalon.core.main.TestCaseExecutor.execute(TestCaseExecutor.java:285)
	at com.kms.katalon.core.common.CommonExecutor.accessTestCaseMainPhase(CommonExecutor.java:65)
	at com.kms.katalon.core.main.TestSuiteExecutor.accessTestSuiteMainPhase(TestSuiteExecutor.java:150)
	at com.kms.katalon.core.main.TestSuiteExecutor.execute(TestSuiteExecutor.java:106)
	at com.kms.katalon.core.main.TestCaseMain.startTestSuite(TestCaseMain.java:180)
	at TempTestSuite1732745349578.run(TempTestSuite1732745349578.groovy:35)
	at java.base/jdk.internal.reflect.NativeMethodAccessorImpl.invoke0(Native Method)
	at java.base/jdk.internal.reflect.NativeMethodAccessorImpl.invoke(NativeMethodAccessorImpl.java:77)
	at java.base/jdk.internal.reflect.DelegatingMethodAccessorImpl.invoke(DelegatingMethodAccessorImpl.java:43)
Caused by: org.openqa.selenium.ElementClickInterceptedException: Element <button id="btn_aceptar_tipo_envio" class="btn disabled" type="button"> is not clickable at point (675,588) because another element <div class="modal-footer"> obscures it
Build info: version: '3.141.59', revision: 'unknown', time: 'unknown'
System info: host: 'DESKTOP-RGFFP9A', ip: '10.136.10.6', os.name: 'Windows 11', os.arch: 'amd64', os.version: '10.0', java.version: '17.0.7'
Driver info: com.kms.katalon.core.webui.driver.firefox.CGeckoDriver
Capabilities {acceptInsecureCerts: true, browserName: firefox, browserVersion: 133.0, javascriptEnabled: true, moz:accessibilityChecks: false, moz:buildID: 20241121140525, moz:geckodriverVersion: 0.35.0, moz:headless: false, moz:platformVersion: 10.0, moz:processID: 19504, moz:profile: C:\Users\OLVATI\AppData\Loc..., moz:shutdownTimeout: 60000, moz:webdriverClick: true, moz:windowless: false, pageLoadStrategy: normal, platform: WINDOWS, platformName: WINDOWS, proxy: Proxy(direct), setWindowRect: true, strictFileInteractability: false, timeouts: {implicit: 0, pageLoad: 300000, script: 30000}, unhandledPromptBehavior: dismiss and notify, userAgent: Mozilla/5.0 (Windows NT 10....}
Session ID: 62759193-6ed5-47cc-9d2b-8ba096ea4dd6
	at jdk.internal.reflect.GeneratedConstructorAccessor32.newInstance(Unknown Source)
	at java.base/jdk.internal.reflect.DelegatingConstructorAccessorImpl.newInstance(DelegatingConstructorAccessorImpl.java:45)
	at org.openqa.selenium.remote.http.W3CHttpResponseCodec.createException(W3CHttpResponseCodec.java:187)
	at org.openqa.selenium.remote.http.W3CHttpResponseCodec.decode(W3CHttpResponseCodec.java:122)
	at org.openqa.selenium.remote.http.W3CHttpResponseCodec.decode(W3CHttpResponseCodec.java:49)
	at org.openqa.selenium.remote.HttpCommandExecutor.execute(HttpCommandExecutor.java:158)
	at org.openqa.selenium.remote.service.DriverCommandExecutor.execute(DriverCommandExecutor.java:83)
	at org.openqa.selenium.remote.RemoteWebDriver.execute(RemoteWebDriver.java:552)
	at com.kms.katalon.selenium.driver.CFirefoxDriver.execute(CFirefoxDriver.java:28)
	at org.openqa.selenium.remote.RemoteWebElement.execute(RemoteWebElement.java:285)
	at org.openqa.selenium.remote.RemoteWebElement.click(RemoteWebElement.java:84)
	at jdk.internal.reflect.GeneratedMethodAccessor10.invoke(Unknown Source)
	at java.base/jdk.internal.reflect.DelegatingMethodAccessorImpl.invoke(DelegatingMethodAccessorImpl.java:43)
	at org.openqa.selenium.support.events.EventFiringWebDriver$EventFiringWebElement.lambda$new$0(EventFiringWebDriver.java:404)
	at jdk.proxy2/jdk.proxy2.$Proxy21.click(Unknown Source)
	at org.openqa.selenium.support.events.EventFiringWebDriver$EventFiringWebElement.click(EventFiringWebDriver.java:417)
	at org.openqa.selenium.WebElement$click.call(Unknown Source)
	at com.kms.katalon.core.webui.keyword.builtin.ClickKeyword.clickUntilSuccessWithTimeout(ClickKeyword.groovy:81)
	at com.kms.katalon.core.webui.keyword.builtin.ClickKeyword.clickUntilSuccessWithTimeout(ClickKeyword.groovy)
	at jdk.internal.reflect.GeneratedMethodAccessor8.invoke(Unknown Source)
	at java.base/jdk.internal.reflect.DelegatingMethodAccessorImpl.invoke(DelegatingMethodAccessorImpl.java:43)
	at com.kms.katalon.core.webui.keyword.builtin.ClickKeyword$_click_closure1.doCall(ClickKeyword.groovy:67)
	at com.kms.katalon.core.webui.keyword.builtin.ClickKeyword$_click_closure1.call(ClickKeyword.groovy)
	at com.kms.katalon.core.webui.keyword.internal.WebUIKeywordMain.runKeyword(WebUIKeywordMain.groovy:35)
	at com.kms.katalon.core.webui.keyword.builtin.ClickKeyword.click(ClickKeyword.groovy:74)
	at com.kms.katalon.core.webui.keyword.builtin.ClickKeyword.execute(ClickKeyword.groovy:40)
	at com.kms.katalon.core.keyword.internal.KeywordExecutor.executeKeywordForPlatform(KeywordExecutor.groovy:74)
	at com.kms.katalon.core.webui.keyword.WebUiBuiltInKeywords.click(WebUiBuiltInKeywords.groovy:659)
	at Script1732083570761.run(Script1732083570761.groovy:24)
	at com.kms.katalon.core.main.ScriptEngine.run(ScriptEngine.java:194)
	at com.kms.katalon.core.main.ScriptEngine.runScriptAsRawText(ScriptEngine.java:119)
	at com.kms.katalon.core.main.TestCaseExecutor.runScript(TestCaseExecutor.java:448)
	at com.kms.katalon.core.main.TestCaseExecutor.doExecute(TestCaseExecutor.java:439)
	at com.kms.katalon.core.main.TestCaseExecutor.processExecutionPhase(TestCaseExecutor.java:418)
	at com.kms.katalon.core.main.TestCaseExecutor.accessMainPhase(TestCaseExecutor.java:410)
	at com.kms.katalon.core.main.TestCaseExecutor.execute(TestCaseExecutor.java:285)
	at com.kms.katalon.core.main.TestCaseMain.runTestCase(TestCaseMain.java:137)
	at com.kms.katalon.core.keyword.builtin.CallTestCaseKeyword$_callTestCase_closure1.doCall(CallTestCaseKeyword.groovy:59)
	at com.kms.katalon.core.keyword.builtin.CallTestCaseKeyword$_callTestCase_closure1.call(CallTestCaseKeyword.groovy)
	at com.kms.katalon.core.keyword.internal.KeywordMain.runKeyword(KeywordMain.groovy:75)
	at com.kms.katalon.core.keyword.builtin.CallTestCaseKeyword.callTestCase(CallTestCaseKeyword.groovy:81)
	at com.kms.katalon.core.keyword.builtin.CallTestCaseKeyword.execute(CallTestCaseKeyword.groovy:44)
	at com.kms.katalon.core.keyword.internal.KeywordExecutor.executeKeywordForPlatform(KeywordExecutor.groovy:74)
	at com.kms.katalon.core.keyword.BuiltinKeywords.callTestCase(BuiltinKeywords.groovy:310)
	at jdk.internal.reflect.GeneratedMethodAccessor25.invoke(Unknown Source)
	at java.base/jdk.internal.reflect.DelegatingMethodAccessorImpl.invoke(DelegatingMethodAccessorImpl.java:43)
	at Script1732341471822.run(Script1732341471822.groovy:22)
	... 15 more
)

27-11-2024T17:58:31 - [MESSAGE][FAILED] - Unable to call Test Case 'Test Cases/1.Inicio/1.1Principal/Selec_sobre' (Root cause: com.kms.katalon.core.exception.StepFailedException: Call Test Case 'Test Cases/1.Inicio/1.1Principal/Selec_sobre' failed
	at com.kms.katalon.core.keyword.builtin.CallTestCaseKeyword$_callTestCase_closure1.doCall(CallTestCaseKeyword.groovy:63)
	at com.kms.katalon.core.keyword.builtin.CallTestCaseKeyword$_callTestCase_closure1.call(CallTestCaseKeyword.groovy)
	at com.kms.katalon.core.keyword.internal.KeywordMain.runKeyword(KeywordMain.groovy:75)
	at com.kms.katalon.core.keyword.builtin.CallTestCaseKeyword.callTestCase(CallTestCaseKeyword.groovy:81)
	at com.kms.katalon.core.keyword.builtin.CallTestCaseKeyword.execute(CallTestCaseKeyword.groovy:44)
	at com.kms.katalon.core.keyword.internal.KeywordExecutor.executeKeywordForPlatform(KeywordExecutor.groovy:74)
	at com.kms.katalon.core.keyword.BuiltinKeywords.callTestCase(BuiltinKeywords.groovy:310)
	at jdk.internal.reflect.GeneratedMethodAccessor25.invoke(Unknown Source)
	at java.base/jdk.internal.reflect.DelegatingMethodAccessorImpl.invoke(DelegatingMethodAccessorImpl.java:43)
	at Agregar-Envios.run(Agregar-Envios:22)
	at com.kms.katalon.core.main.ScriptEngine.run(ScriptEngine.java:194)
	at com.kms.katalon.core.main.ScriptEngine.runScriptAsRawText(ScriptEngine.java:119)
	at com.kms.katalon.core.main.TestCaseExecutor.runScript(TestCaseExecutor.java:448)
	at com.kms.katalon.core.main.TestCaseExecutor.doExecute(TestCaseExecutor.java:439)
	at com.kms.katalon.core.main.TestCaseExecutor.processExecutionPhase(TestCaseExecutor.java:418)
	at com.kms.katalon.core.main.TestCaseExecutor.accessMainPhase(TestCaseExecutor.java:410)
	at com.kms.katalon.core.main.TestCaseExecutor.execute(TestCaseExecutor.java:285)
	at com.kms.katalon.core.common.CommonExecutor.accessTestCaseMainPhase(CommonExecutor.java:65)
	at com.kms.katalon.core.main.TestSuiteExecutor.accessTestSuiteMainPhase(TestSuiteExecutor.java:150)
	at com.kms.katalon.core.main.TestSuiteExecutor.execute(TestSuiteExecutor.java:106)
	at com.kms.katalon.core.main.TestCaseMain.startTestSuite(TestCaseMain.java:180)
	at TempTestSuite1732745349578.run(TempTestSuite1732745349578.groovy:35)
	at java.base/jdk.internal.reflect.NativeMethodAccessorImpl.invoke0(Native Method)
	at java.base/jdk.internal.reflect.NativeMethodAccessorImpl.invoke(NativeMethodAccessorImpl.java:77)
	at java.base/jdk.internal.reflect.DelegatingMethodAccessorImpl.invoke(DelegatingMethodAccessorImpl.java:43)
Caused by: com.kms.katalon.core.exception.StepFailedException: Unable to click on object 'Object Repository/Principal/Page_Olva Courier  Home/button_CONTINUAR (2)'
	at com.kms.katalon.core.webui.keyword.internal.WebUIKeywordMain.stepFailed(WebUIKeywordMain.groovy:117)
	at com.kms.katalon.core.webui.keyword.internal.WebUIKeywordMain.runKeyword(WebUIKeywordMain.groovy:43)
	at com.kms.katalon.core.webui.keyword.builtin.ClickKeyword.click(ClickKeyword.groovy:74)
	at com.kms.katalon.core.webui.keyword.builtin.ClickKeyword.execute(ClickKeyword.groovy:40)
	at com.kms.katalon.core.keyword.internal.KeywordExecutor.executeKeywordForPlatform(KeywordExecutor.groovy:74)
	at com.kms.katalon.core.webui.keyword.WebUiBuiltInKeywords.click(WebUiBuiltInKeywords.groovy:659)
	at Selec_sobre.run(Selec_sobre:24)
	at com.kms.katalon.core.main.ScriptEngine.run(ScriptEngine.java:194)
	at com.kms.katalon.core.main.ScriptEngine.runScriptAsRawText(ScriptEngine.java:119)
	at com.kms.katalon.core.main.TestCaseExecutor.runScript(TestCaseExecutor.java:448)
	at com.kms.katalon.core.main.TestCaseExecutor.doExecute(TestCaseExecutor.java:439)
	at com.kms.katalon.core.main.TestCaseExecutor.processExecutionPhase(TestCaseExecutor.java:418)
	at com.kms.katalon.core.main.TestCaseExecutor.accessMainPhase(TestCaseExecutor.java:410)
	at com.kms.katalon.core.main.TestCaseExecutor.execute(TestCaseExecutor.java:285)
	at com.kms.katalon.core.main.TestCaseMain.runTestCase(TestCaseMain.java:137)
	at com.kms.katalon.core.keyword.builtin.CallTestCaseKeyword$_callTestCase_closure1.doCall(CallTestCaseKeyword.groovy:59)
	... 24 more
Caused by: org.openqa.selenium.ElementClickInterceptedException: Element <button id="btn_aceptar_tipo_envio" class="btn disabled" type="button"> is not clickable at point (675,588) because another element <div class="modal-footer"> obscures it
Build info: version: '3.141.59', revision: 'unknown', time: 'unknown'
System info: host: 'DESKTOP-RGFFP9A', ip: '10.136.10.6', os.name: 'Windows 11', os.arch: 'amd64', os.version: '10.0', java.version: '17.0.7'
Driver info: com.kms.katalon.core.webui.driver.firefox.CGeckoDriver
Capabilities {acceptInsecureCerts: true, browserName: firefox, browserVersion: 133.0, javascriptEnabled: true, moz:accessibilityChecks: false, moz:buildID: 20241121140525, moz:geckodriverVersion: 0.35.0, moz:headless: false, moz:platformVersion: 10.0, moz:processID: 19504, moz:profile: C:\Users\OLVATI\AppData\Loc..., moz:shutdownTimeout: 60000, moz:webdriverClick: true, moz:windowless: false, pageLoadStrategy: normal, platform: WINDOWS, platformName: WINDOWS, proxy: Proxy(direct), setWindowRect: true, strictFileInteractability: false, timeouts: {implicit: 0, pageLoad: 300000, script: 30000}, unhandledPromptBehavior: dismiss and notify, userAgent: Mozilla/5.0 (Windows NT 10....}
Session ID: 62759193-6ed5-47cc-9d2b-8ba096ea4dd6
	at jdk.internal.reflect.GeneratedConstructorAccessor32.newInstance(Unknown Source)
	at java.base/jdk.internal.reflect.DelegatingConstructorAccessorImpl.newInstance(DelegatingConstructorAccessorImpl.java:45)
	at org.openqa.selenium.remote.http.W3CHttpResponseCodec.createException(W3CHttpResponseCodec.java:187)
	at org.openqa.selenium.remote.http.W3CHttpResponseCodec.decode(W3CHttpResponseCodec.java:122)
	at org.openqa.selenium.remote.http.W3CHttpResponseCodec.decode(W3CHttpResponseCodec.java:49)
	at org.openqa.selenium.remote.HttpCommandExecutor.execute(HttpCommandExecutor.java:158)
	at org.openqa.selenium.remote.service.DriverCommandExecutor.execute(DriverCommandExecutor.java:83)
	at org.openqa.selenium.remote.RemoteWebDriver.execute(RemoteWebDriver.java:552)
	at com.kms.katalon.selenium.driver.CFirefoxDriver.execute(CFirefoxDriver.java:28)
	at org.openqa.selenium.remote.RemoteWebElement.execute(RemoteWebElement.java:285)
	at org.openqa.selenium.remote.RemoteWebElement.click(RemoteWebElement.java:84)
	at jdk.internal.reflect.GeneratedMethodAccessor10.invoke(Unknown Source)
	at java.base/jdk.internal.reflect.DelegatingMethodAccessorImpl.invoke(DelegatingMethodAccessorImpl.java:43)
	at org.openqa.selenium.support.events.EventFiringWebDriver$EventFiringWebElement.lambda$new$0(EventFiringWebDriver.java:404)
	at jdk.proxy2/jdk.proxy2.$Proxy21.click(Unknown Source)
	at org.openqa.selenium.support.events.EventFiringWebDriver$EventFiringWebElement.click(EventFiringWebDriver.java:417)
	at org.openqa.selenium.WebElement$click.call(Unknown Source)
	at com.kms.katalon.core.webui.keyword.builtin.ClickKeyword.clickUntilSuccessWithTimeout(ClickKeyword.groovy:81)
	at com.kms.katalon.core.webui.keyword.builtin.ClickKeyword.clickUntilSuccessWithTimeout(ClickKeyword.groovy)
	at jdk.internal.reflect.GeneratedMethodAccessor8.invoke(Unknown Source)
	at java.base/jdk.internal.reflect.DelegatingMethodAccessorImpl.invoke(DelegatingMethodAccessorImpl.java:43)
	at com.kms.katalon.core.webui.keyword.builtin.ClickKeyword$_click_closure1.doCall(ClickKeyword.groovy:67)
	at com.kms.katalon.core.webui.keyword.builtin.ClickKeyword$_click_closure1.call(ClickKeyword.groovy)
	at com.kms.katalon.core.webui.keyword.internal.WebUIKeywordMain.runKeyword(WebUIKeywordMain.groovy:35)
	... 38 more
)]]></system-out>
         <system-err><![CDATA[27-11-2024T17:57:43 - [TEST_CASE][FAILED] - Test Cases/2.Positivos/2.2Sobre/Origen-Lima/Agregar-Envios: Test Cases/2.Positivos/2.2Sobre/Origen-Lima/Agregar-Envios FAILED.
Reason:
com.kms.katalon.core.exception.StepFailedException: Call Test Case 'Test Cases/1.Inicio/1.1Principal/Selec_sobre' failed
	at com.kms.katalon.core.keyword.builtin.CallTestCaseKeyword$_callTestCase_closure1.doCall(CallTestCaseKeyword.groovy:63)
	at com.kms.katalon.core.keyword.builtin.CallTestCaseKeyword$_callTestCase_closure1.call(CallTestCaseKeyword.groovy)
	at com.kms.katalon.core.keyword.internal.KeywordMain.runKeyword(KeywordMain.groovy:75)
	at com.kms.katalon.core.keyword.builtin.CallTestCaseKeyword.callTestCase(CallTestCaseKeyword.groovy:81)
	at com.kms.katalon.core.keyword.builtin.CallTestCaseKeyword.execute(CallTestCaseKeyword.groovy:44)
	at com.kms.katalon.core.keyword.internal.KeywordExecutor.executeKeywordForPlatform(KeywordExecutor.groovy:74)
	at com.kms.katalon.core.keyword.BuiltinKeywords.callTestCase(BuiltinKeywords.groovy:310)
	at jdk.internal.reflect.GeneratedMethodAccessor25.invoke(Unknown Source)
	at java.base/jdk.internal.reflect.DelegatingMethodAccessorImpl.invoke(DelegatingMethodAccessorImpl.java:43)
	at Agregar-Envios.run(Agregar-Envios:22)
	at com.kms.katalon.core.main.ScriptEngine.run(ScriptEngine.java:194)
	at com.kms.katalon.core.main.ScriptEngine.runScriptAsRawText(ScriptEngine.java:119)
	at com.kms.katalon.core.main.TestCaseExecutor.runScript(TestCaseExecutor.java:448)
	at com.kms.katalon.core.main.TestCaseExecutor.doExecute(TestCaseExecutor.java:439)
	at com.kms.katalon.core.main.TestCaseExecutor.processExecutionPhase(TestCaseExecutor.java:418)
	at com.kms.katalon.core.main.TestCaseExecutor.accessMainPhase(TestCaseExecutor.java:410)
	at com.kms.katalon.core.main.TestCaseExecutor.execute(TestCaseExecutor.java:285)
	at com.kms.katalon.core.common.CommonExecutor.accessTestCaseMainPhase(CommonExecutor.java:65)
	at com.kms.katalon.core.main.TestSuiteExecutor.accessTestSuiteMainPhase(TestSuiteExecutor.java:150)
	at com.kms.katalon.core.main.TestSuiteExecutor.execute(TestSuiteExecutor.java:106)
	at com.kms.katalon.core.main.TestCaseMain.startTestSuite(TestCaseMain.java:180)
	at TempTestSuite1732745349578.run(TempTestSuite1732745349578.groovy:35)
	at java.base/jdk.internal.reflect.NativeMethodAccessorImpl.invoke0(Native Method)
	at java.base/jdk.internal.reflect.NativeMethodAccessorImpl.invoke(NativeMethodAccessorImpl.java:77)
	at java.base/jdk.internal.reflect.DelegatingMethodAccessorImpl.invoke(DelegatingMethodAccessorImpl.java:43)
Caused by: com.kms.katalon.core.exception.StepFailedException: Unable to click on object 'Object Repository/Principal/Page_Olva Courier  Home/button_CONTINUAR (2)'
	at com.kms.katalon.core.webui.keyword.internal.WebUIKeywordMain.stepFailed(WebUIKeywordMain.groovy:117)
	at com.kms.katalon.core.webui.keyword.internal.WebUIKeywordMain.runKeyword(WebUIKeywordMain.groovy:43)
	at com.kms.katalon.core.webui.keyword.builtin.ClickKeyword.click(ClickKeyword.groovy:74)
	at com.kms.katalon.core.webui.keyword.builtin.ClickKeyword.execute(ClickKeyword.groovy:40)
	at com.kms.katalon.core.keyword.internal.KeywordExecutor.executeKeywordForPlatform(KeywordExecutor.groovy:74)
	at com.kms.katalon.core.webui.keyword.WebUiBuiltInKeywords.click(WebUiBuiltInKeywords.groovy:659)
	at Selec_sobre.run(Selec_sobre:24)
	at com.kms.katalon.core.main.ScriptEngine.run(ScriptEngine.java:194)
	at com.kms.katalon.core.main.ScriptEngine.runScriptAsRawText(ScriptEngine.java:119)
	at com.kms.katalon.core.main.TestCaseExecutor.runScript(TestCaseExecutor.java:448)
	at com.kms.katalon.core.main.TestCaseExecutor.doExecute(TestCaseExecutor.java:439)
	at com.kms.katalon.core.main.TestCaseExecutor.processExecutionPhase(TestCaseExecutor.java:418)
	at com.kms.katalon.core.main.TestCaseExecutor.accessMainPhase(TestCaseExecutor.java:410)
	at com.kms.katalon.core.main.TestCaseExecutor.execute(TestCaseExecutor.java:285)
	at com.kms.katalon.core.main.TestCaseMain.runTestCase(TestCaseMain.java:137)
	at com.kms.katalon.core.keyword.builtin.CallTestCaseKeyword$_callTestCase_closure1.doCall(CallTestCaseKeyword.groovy:59)
	... 24 more
Caused by: org.openqa.selenium.ElementClickInterceptedException: Element <button id="btn_aceptar_tipo_envio" class="btn disabled" type="button"> is not clickable at point (675,588) because another element <div class="modal-footer"> obscures it
Build info: version: '3.141.59', revision: 'unknown', time: 'unknown'
System info: host: 'DESKTOP-RGFFP9A', ip: '10.136.10.6', os.name: 'Windows 11', os.arch: 'amd64', os.version: '10.0', java.version: '17.0.7'
Driver info: com.kms.katalon.core.webui.driver.firefox.CGeckoDriver
Capabilities {acceptInsecureCerts: true, browserName: firefox, browserVersion: 133.0, javascriptEnabled: true, moz:accessibilityChecks: false, moz:buildID: 20241121140525, moz:geckodriverVersion: 0.35.0, moz:headless: false, moz:platformVersion: 10.0, moz:processID: 19504, moz:profile: C:\Users\OLVATI\AppData\Loc..., moz:shutdownTimeout: 60000, moz:webdriverClick: true, moz:windowless: false, pageLoadStrategy: normal, platform: WINDOWS, platformName: WINDOWS, proxy: Proxy(direct), setWindowRect: true, strictFileInteractability: false, timeouts: {implicit: 0, pageLoad: 300000, script: 30000}, unhandledPromptBehavior: dismiss and notify, userAgent: Mozilla/5.0 (Windows NT 10....}
Session ID: 62759193-6ed5-47cc-9d2b-8ba096ea4dd6
	at jdk.internal.reflect.GeneratedConstructorAccessor32.newInstance(Unknown Source)
	at java.base/jdk.internal.reflect.DelegatingConstructorAccessorImpl.newInstance(DelegatingConstructorAccessorImpl.java:45)
	at org.openqa.selenium.remote.http.W3CHttpResponseCodec.createException(W3CHttpResponseCodec.java:187)
	at org.openqa.selenium.remote.http.W3CHttpResponseCodec.decode(W3CHttpResponseCodec.java:122)
	at org.openqa.selenium.remote.http.W3CHttpResponseCodec.decode(W3CHttpResponseCodec.java:49)
	at org.openqa.selenium.remote.HttpCommandExecutor.execute(HttpCommandExecutor.java:158)
	at org.openqa.selenium.remote.service.DriverCommandExecutor.execute(DriverCommandExecutor.java:83)
	at org.openqa.selenium.remote.RemoteWebDriver.execute(RemoteWebDriver.java:552)
	at com.kms.katalon.selenium.driver.CFirefoxDriver.execute(CFirefoxDriver.java:28)
	at org.openqa.selenium.remote.RemoteWebElement.execute(RemoteWebElement.java:285)
	at org.openqa.selenium.remote.RemoteWebElement.click(RemoteWebElement.java:84)
	at jdk.internal.reflect.GeneratedMethodAccessor10.invoke(Unknown Source)
	at java.base/jdk.internal.reflect.DelegatingMethodAccessorImpl.invoke(DelegatingMethodAccessorImpl.java:43)
	at org.openqa.selenium.support.events.EventFiringWebDriver$EventFiringWebElement.lambda$new$0(EventFiringWebDriver.java:404)
	at jdk.proxy2/jdk.proxy2.$Proxy21.click(Unknown Source)
	at org.openqa.selenium.support.events.EventFiringWebDriver$EventFiringWebElement.click(EventFiringWebDriver.java:417)
	at org.openqa.selenium.WebElement$click.call(Unknown Source)
	at com.kms.katalon.core.webui.keyword.builtin.ClickKeyword.clickUntilSuccessWithTimeout(ClickKeyword.groovy:81)
	at com.kms.katalon.core.webui.keyword.builtin.ClickKeyword.clickUntilSuccessWithTimeout(ClickKeyword.groovy)
	at jdk.internal.reflect.GeneratedMethodAccessor8.invoke(Unknown Source)
	at java.base/jdk.internal.reflect.DelegatingMethodAccessorImpl.invoke(DelegatingMethodAccessorImpl.java:43)
	at com.kms.katalon.core.webui.keyword.builtin.ClickKeyword$_click_closure1.doCall(ClickKeyword.groovy:67)
	at com.kms.katalon.core.webui.keyword.builtin.ClickKeyword$_click_closure1.call(ClickKeyword.groovy)
	at com.kms.katalon.core.webui.keyword.internal.WebUIKeywordMain.runKeyword(WebUIKeywordMain.groovy:35)
	... 38 more]]></system-err>
      </testcase>
      <testcase name="Test Cases/2.Positivos/2.2Sobre/Origen-Lima/3.Destino-D,DO,O/Restricción-O" time="54.715" classname="Test Cases/2.Positivos/2.2Sobre/Origen-Lima/3.Destino-D,DO,O/Restricción-O" status="FAILED">
         <failure type="FAILED" message="Test Cases/2.Positivos/2.2Sobre/Origen-Lima/3.Destino-D,DO,O/Restricción-O FAILED.&#xa;Reason:&#xa;com.kms.katalon.core.exception.StepFailedException: Call Test Case 'Test Cases/1.Inicio/1.1Principal/Selec_sobre' failed&#xa;	at com.kms.katalon.core.keyword.builtin.CallTestCaseKeyword$_callTestCase_closure1.doCall(CallTestCaseKeyword.groovy:63)&#xa;	at com.kms.katalon.core.keyword.builtin.CallTestCaseKeyword$_callTestCase_closure1.call(CallTestCaseKeyword.groovy)&#xa;	at com.kms.katalon.core.keyword.internal.KeywordMain.runKeyword(KeywordMain.groovy:75)&#xa;	at com.kms.katalon.core.keyword.builtin.CallTestCaseKeyword.callTestCase(CallTestCaseKeyword.groovy:81)&#xa;	at com.kms.katalon.core.keyword.builtin.CallTestCaseKeyword.execute(CallTestCaseKeyword.groovy:44)&#xa;	at com.kms.katalon.core.keyword.internal.KeywordExecutor.executeKeywordForPlatform(KeywordExecutor.groovy:74)&#xa;	at com.kms.katalon.core.keyword.BuiltinKeywords.callTestCase(BuiltinKeywords.groovy:310)&#xa;	at jdk.internal.reflect.GeneratedMethodAccessor25.invoke(Unknown Source)&#xa;	at java.base/jdk.internal.reflect.DelegatingMethodAccessorImpl.invoke(DelegatingMethodAccessorImpl.java:43)&#xa;	at Restricción-O.run(Restricción-O:22)&#xa;	at com.kms.katalon.core.main.ScriptEngine.run(ScriptEngine.java:194)&#xa;	at com.kms.katalon.core.main.ScriptEngine.runScriptAsRawText(ScriptEngine.java:119)&#xa;	at com.kms.katalon.core.main.TestCaseExecutor.runScript(TestCaseExecutor.java:448)&#xa;	at com.kms.katalon.core.main.TestCaseExecutor.doExecute(TestCaseExecutor.java:439)&#xa;	at com.kms.katalon.core.main.TestCaseExecutor.processExecutionPhase(TestCaseExecutor.java:418)&#xa;	at com.kms.katalon.core.main.TestCaseExecutor.accessMainPhase(TestCaseExecutor.java:410)&#xa;	at com.kms.katalon.core.main.TestCaseExecutor.execute(TestCaseExecutor.java:285)&#xa;	at com.kms.katalon.core.common.CommonExecutor.accessTestCaseMainPhase(CommonExecutor.java:65)&#xa;	at com.kms.katalon.core.main.TestSuiteExecutor.accessTestSuiteMainPhase(TestSuiteExecutor.java:150)&#xa;	at com.kms.katalon.core.main.TestSuiteExecutor.execute(TestSuiteExecutor.java:106)&#xa;	at com.kms.katalon.core.main.TestCaseMain.startTestSuite(TestCaseMain.java:180)&#xa;	at TempTestSuite1732745349578.run(TempTestSuite1732745349578.groovy:35)&#xa;	at java.base/jdk.internal.reflect.NativeMethodAccessorImpl.invoke0(Native Method)&#xa;	at java.base/jdk.internal.reflect.NativeMethodAccessorImpl.invoke(NativeMethodAccessorImpl.java:77)&#xa;	at java.base/jdk.internal.reflect.DelegatingMethodAccessorImpl.invoke(DelegatingMethodAccessorImpl.java:43)&#xa;Caused by: com.kms.katalon.core.exception.StepFailedException: Unable to click on object 'Object Repository/Principal/Page_Olva Courier  Home/button_CONTINUAR (2)'&#xa;	at com.kms.katalon.core.webui.keyword.internal.WebUIKeywordMain.stepFailed(WebUIKeywordMain.groovy:117)&#xa;	at com.kms.katalon.core.webui.keyword.internal.WebUIKeywordMain.runKeyword(WebUIKeywordMain.groovy:43)&#xa;	at com.kms.katalon.core.webui.keyword.builtin.ClickKeyword.click(ClickKeyword.groovy:74)&#xa;	at com.kms.katalon.core.webui.keyword.builtin.ClickKeyword.execute(ClickKeyword.groovy:40)&#xa;	at com.kms.katalon.core.keyword.internal.KeywordExecutor.executeKeywordForPlatform(KeywordExecutor.groovy:74)&#xa;	at com.kms.katalon.core.webui.keyword.WebUiBuiltInKeywords.click(WebUiBuiltInKeywords.groovy:659)&#xa;	at Selec_sobre.run(Selec_sobre:24)&#xa;	at com.kms.katalon.core.main.ScriptEngine.run(ScriptEngine.java:194)&#xa;	at com.kms.katalon.core.main.ScriptEngine.runScriptAsRawText(ScriptEngine.java:119)&#xa;	at com.kms.katalon.core.main.TestCaseExecutor.runScript(TestCaseExecutor.java:448)&#xa;	at com.kms.katalon.core.main.TestCaseExecutor.doExecute(TestCaseExecutor.java:439)&#xa;	at com.kms.katalon.core.main.TestCaseExecutor.processExecutionPhase(TestCaseExecutor.java:418)&#xa;	at com.kms.katalon.core.main.TestCaseExecutor.accessMainPhase(TestCaseExecutor.java:410)&#xa;	at com.kms.katalon.core.main.TestCaseExecutor.execute(TestCaseExecutor.java:285)&#xa;	at com.kms.katalon.core.main.TestCaseMain.runTestCase(TestCaseMain.java:137)&#xa;	at com.kms.katalon.core.keyword.builtin.CallTestCaseKeyword$_callTestCase_closure1.doCall(CallTestCaseKeyword.groovy:59)&#xa;	... 24 more&#xa;Caused by: org.openqa.selenium.ElementClickInterceptedException: Element &lt;button id=&quot;btn_aceptar_tipo_envio&quot; class=&quot;btn disabled&quot; type=&quot;button&quot;> is not clickable at point (675,588) because another element &lt;div class=&quot;modal-footer&quot;> obscures it&#xa;Build info: version: '3.141.59', revision: 'unknown', time: 'unknown'&#xa;System info: host: 'DESKTOP-RGFFP9A', ip: '10.136.10.6', os.name: 'Windows 11', os.arch: 'amd64', os.version: '10.0', java.version: '17.0.7'&#xa;Driver info: com.kms.katalon.core.webui.driver.firefox.CGeckoDriver&#xa;Capabilities {acceptInsecureCerts: true, browserName: firefox, browserVersion: 133.0, javascriptEnabled: true, moz:accessibilityChecks: false, moz:buildID: 20241121140525, moz:geckodriverVersion: 0.35.0, moz:headless: false, moz:platformVersion: 10.0, moz:processID: 18664, moz:profile: C:\Users\OLVATI\AppData\Loc..., moz:shutdownTimeout: 60000, moz:webdriverClick: true, moz:windowless: false, pageLoadStrategy: normal, platform: WINDOWS, platformName: WINDOWS, proxy: Proxy(direct), setWindowRect: true, strictFileInteractability: false, timeouts: {implicit: 0, pageLoad: 300000, script: 30000}, unhandledPromptBehavior: dismiss and notify, userAgent: Mozilla/5.0 (Windows NT 10....}&#xa;Session ID: 9be26cc9-76bf-4eb9-bcf9-70082c6a52af&#xa;	at jdk.internal.reflect.GeneratedConstructorAccessor32.newInstance(Unknown Source)&#xa;	at java.base/jdk.internal.reflect.DelegatingConstructorAccessorImpl.newInstance(DelegatingConstructorAccessorImpl.java:45)&#xa;	at org.openqa.selenium.remote.http.W3CHttpResponseCodec.createException(W3CHttpResponseCodec.java:187)&#xa;	at org.openqa.selenium.remote.http.W3CHttpResponseCodec.decode(W3CHttpResponseCodec.java:122)&#xa;	at org.openqa.selenium.remote.http.W3CHttpResponseCodec.decode(W3CHttpResponseCodec.java:49)&#xa;	at org.openqa.selenium.remote.HttpCommandExecutor.execute(HttpCommandExecutor.java:158)&#xa;	at org.openqa.selenium.remote.service.DriverCommandExecutor.execute(DriverCommandExecutor.java:83)&#xa;	at org.openqa.selenium.remote.RemoteWebDriver.execute(RemoteWebDriver.java:552)&#xa;	at com.kms.katalon.selenium.driver.CFirefoxDriver.execute(CFirefoxDriver.java:28)&#xa;	at org.openqa.selenium.remote.RemoteWebElement.execute(RemoteWebElement.java:285)&#xa;	at org.openqa.selenium.remote.RemoteWebElement.click(RemoteWebElement.java:84)&#xa;	at jdk.internal.reflect.GeneratedMethodAccessor10.invoke(Unknown Source)&#xa;	at java.base/jdk.internal.reflect.DelegatingMethodAccessorImpl.invoke(DelegatingMethodAccessorImpl.java:43)&#xa;	at org.openqa.selenium.support.events.EventFiringWebDriver$EventFiringWebElement.lambda$new$0(EventFiringWebDriver.java:404)&#xa;	at jdk.proxy2/jdk.proxy2.$Proxy21.click(Unknown Source)&#xa;	at org.openqa.selenium.support.events.EventFiringWebDriver$EventFiringWebElement.click(EventFiringWebDriver.java:417)&#xa;	at org.openqa.selenium.WebElement$click.call(Unknown Source)&#xa;	at com.kms.katalon.core.webui.keyword.builtin.ClickKeyword.clickUntilSuccessWithTimeout(ClickKeyword.groovy:81)&#xa;	at com.kms.katalon.core.webui.keyword.builtin.ClickKeyword.clickUntilSuccessWithTimeout(ClickKeyword.groovy)&#xa;	at jdk.internal.reflect.GeneratedMethodAccessor8.invoke(Unknown Source)&#xa;	at java.base/jdk.internal.reflect.DelegatingMethodAccessorImpl.invoke(DelegatingMethodAccessorImpl.java:43)&#xa;	at com.kms.katalon.core.webui.keyword.builtin.ClickKeyword$_click_closure1.doCall(ClickKeyword.groovy:67)&#xa;	at com.kms.katalon.core.webui.keyword.builtin.ClickKeyword$_click_closure1.call(ClickKeyword.groovy)&#xa;	at com.kms.katalon.core.webui.keyword.internal.WebUIKeywordMain.runKeyword(WebUIKeywordMain.groovy:35)&#xa;	... 38 more&#xa;"/>
         <system-out><![CDATA[27-11-2024T17:58:31 - [TEST_CASE][FAILED] - Test Cases/2.Positivos/2.2Sobre/Origen-Lima/3.Destino-D,DO,O/Restricción-O: Test Cases/2.Positivos/2.2Sobre/Origen-Lima/3.Destino-D,DO,O/Restricción-O FAILED.
Reason:
com.kms.katalon.core.exception.StepFailedException: Call Test Case 'Test Cases/1.Inicio/1.1Principal/Selec_sobre' failed
	at com.kms.katalon.core.keyword.builtin.CallTestCaseKeyword$_callTestCase_closure1.doCall(CallTestCaseKeyword.groovy:63)
	at com.kms.katalon.core.keyword.builtin.CallTestCaseKeyword$_callTestCase_closure1.call(CallTestCaseKeyword.groovy)
	at com.kms.katalon.core.keyword.internal.KeywordMain.runKeyword(KeywordMain.groovy:75)
	at com.kms.katalon.core.keyword.builtin.CallTestCaseKeyword.callTestCase(CallTestCaseKeyword.groovy:81)
	at com.kms.katalon.core.keyword.builtin.CallTestCaseKeyword.execute(CallTestCaseKeyword.groovy:44)
	at com.kms.katalon.core.keyword.internal.KeywordExecutor.executeKeywordForPlatform(KeywordExecutor.groovy:74)
	at com.kms.katalon.core.keyword.BuiltinKeywords.callTestCase(BuiltinKeywords.groovy:310)
	at jdk.internal.reflect.GeneratedMethodAccessor25.invoke(Unknown Source)
	at java.base/jdk.internal.reflect.DelegatingMethodAccessorImpl.invoke(DelegatingMethodAccessorImpl.java:43)
	at Restricción-O.run(Restricción-O:22)
	at com.kms.katalon.core.main.ScriptEngine.run(ScriptEngine.java:194)
	at com.kms.katalon.core.main.ScriptEngine.runScriptAsRawText(ScriptEngine.java:119)
	at com.kms.katalon.core.main.TestCaseExecutor.runScript(TestCaseExecutor.java:448)
	at com.kms.katalon.core.main.TestCaseExecutor.doExecute(TestCaseExecutor.java:439)
	at com.kms.katalon.core.main.TestCaseExecutor.processExecutionPhase(TestCaseExecutor.java:418)
	at com.kms.katalon.core.main.TestCaseExecutor.accessMainPhase(TestCaseExecutor.java:410)
	at com.kms.katalon.core.main.TestCaseExecutor.execute(TestCaseExecutor.java:285)
	at com.kms.katalon.core.common.CommonExecutor.accessTestCaseMainPhase(CommonExecutor.java:65)
	at com.kms.katalon.core.main.TestSuiteExecutor.accessTestSuiteMainPhase(TestSuiteExecutor.java:150)
	at com.kms.katalon.core.main.TestSuiteExecutor.execute(TestSuiteExecutor.java:106)
	at com.kms.katalon.core.main.TestCaseMain.startTestSuite(TestCaseMain.java:180)
	at TempTestSuite1732745349578.run(TempTestSuite1732745349578.groovy:35)
	at java.base/jdk.internal.reflect.NativeMethodAccessorImpl.invoke0(Native Method)
	at java.base/jdk.internal.reflect.NativeMethodAccessorImpl.invoke(NativeMethodAccessorImpl.java:77)
	at java.base/jdk.internal.reflect.DelegatingMethodAccessorImpl.invoke(DelegatingMethodAccessorImpl.java:43)
Caused by: com.kms.katalon.core.exception.StepFailedException: Unable to click on object 'Object Repository/Principal/Page_Olva Courier  Home/button_CONTINUAR (2)'
	at com.kms.katalon.core.webui.keyword.internal.WebUIKeywordMain.stepFailed(WebUIKeywordMain.groovy:117)
	at com.kms.katalon.core.webui.keyword.internal.WebUIKeywordMain.runKeyword(WebUIKeywordMain.groovy:43)
	at com.kms.katalon.core.webui.keyword.builtin.ClickKeyword.click(ClickKeyword.groovy:74)
	at com.kms.katalon.core.webui.keyword.builtin.ClickKeyword.execute(ClickKeyword.groovy:40)
	at com.kms.katalon.core.keyword.internal.KeywordExecutor.executeKeywordForPlatform(KeywordExecutor.groovy:74)
	at com.kms.katalon.core.webui.keyword.WebUiBuiltInKeywords.click(WebUiBuiltInKeywords.groovy:659)
	at Selec_sobre.run(Selec_sobre:24)
	at com.kms.katalon.core.main.ScriptEngine.run(ScriptEngine.java:194)
	at com.kms.katalon.core.main.ScriptEngine.runScriptAsRawText(ScriptEngine.java:119)
	at com.kms.katalon.core.main.TestCaseExecutor.runScript(TestCaseExecutor.java:448)
	at com.kms.katalon.core.main.TestCaseExecutor.doExecute(TestCaseExecutor.java:439)
	at com.kms.katalon.core.main.TestCaseExecutor.processExecutionPhase(TestCaseExecutor.java:418)
	at com.kms.katalon.core.main.TestCaseExecutor.accessMainPhase(TestCaseExecutor.java:410)
	at com.kms.katalon.core.main.TestCaseExecutor.execute(TestCaseExecutor.java:285)
	at com.kms.katalon.core.main.TestCaseMain.runTestCase(TestCaseMain.java:137)
	at com.kms.katalon.core.keyword.builtin.CallTestCaseKeyword$_callTestCase_closure1.doCall(CallTestCaseKeyword.groovy:59)
	... 24 more
Caused by: org.openqa.selenium.ElementClickInterceptedException: Element <button id="btn_aceptar_tipo_envio" class="btn disabled" type="button"> is not clickable at point (675,588) because another element <div class="modal-footer"> obscures it
Build info: version: '3.141.59', revision: 'unknown', time: 'unknown'
System info: host: 'DESKTOP-RGFFP9A', ip: '10.136.10.6', os.name: 'Windows 11', os.arch: 'amd64', os.version: '10.0', java.version: '17.0.7'
Driver info: com.kms.katalon.core.webui.driver.firefox.CGeckoDriver
Capabilities {acceptInsecureCerts: true, browserName: firefox, browserVersion: 133.0, javascriptEnabled: true, moz:accessibilityChecks: false, moz:buildID: 20241121140525, moz:geckodriverVersion: 0.35.0, moz:headless: false, moz:platformVersion: 10.0, moz:processID: 18664, moz:profile: C:\Users\OLVATI\AppData\Loc..., moz:shutdownTimeout: 60000, moz:webdriverClick: true, moz:windowless: false, pageLoadStrategy: normal, platform: WINDOWS, platformName: WINDOWS, proxy: Proxy(direct), setWindowRect: true, strictFileInteractability: false, timeouts: {implicit: 0, pageLoad: 300000, script: 30000}, unhandledPromptBehavior: dismiss and notify, userAgent: Mozilla/5.0 (Windows NT 10....}
Session ID: 9be26cc9-76bf-4eb9-bcf9-70082c6a52af
	at jdk.internal.reflect.GeneratedConstructorAccessor32.newInstance(Unknown Source)
	at java.base/jdk.internal.reflect.DelegatingConstructorAccessorImpl.newInstance(DelegatingConstructorAccessorImpl.java:45)
	at org.openqa.selenium.remote.http.W3CHttpResponseCodec.createException(W3CHttpResponseCodec.java:187)
	at org.openqa.selenium.remote.http.W3CHttpResponseCodec.decode(W3CHttpResponseCodec.java:122)
	at org.openqa.selenium.remote.http.W3CHttpResponseCodec.decode(W3CHttpResponseCodec.java:49)
	at org.openqa.selenium.remote.HttpCommandExecutor.execute(HttpCommandExecutor.java:158)
	at org.openqa.selenium.remote.service.DriverCommandExecutor.execute(DriverCommandExecutor.java:83)
	at org.openqa.selenium.remote.RemoteWebDriver.execute(RemoteWebDriver.java:552)
	at com.kms.katalon.selenium.driver.CFirefoxDriver.execute(CFirefoxDriver.java:28)
	at org.openqa.selenium.remote.RemoteWebElement.execute(RemoteWebElement.java:285)
	at org.openqa.selenium.remote.RemoteWebElement.click(RemoteWebElement.java:84)
	at jdk.internal.reflect.GeneratedMethodAccessor10.invoke(Unknown Source)
	at java.base/jdk.internal.reflect.DelegatingMethodAccessorImpl.invoke(DelegatingMethodAccessorImpl.java:43)
	at org.openqa.selenium.support.events.EventFiringWebDriver$EventFiringWebElement.lambda$new$0(EventFiringWebDriver.java:404)
	at jdk.proxy2/jdk.proxy2.$Proxy21.click(Unknown Source)
	at org.openqa.selenium.support.events.EventFiringWebDriver$EventFiringWebElement.click(EventFiringWebDriver.java:417)
	at org.openqa.selenium.WebElement$click.call(Unknown Source)
	at com.kms.katalon.core.webui.keyword.builtin.ClickKeyword.clickUntilSuccessWithTimeout(ClickKeyword.groovy:81)
	at com.kms.katalon.core.webui.keyword.builtin.ClickKeyword.clickUntilSuccessWithTimeout(ClickKeyword.groovy)
	at jdk.internal.reflect.GeneratedMethodAccessor8.invoke(Unknown Source)
	at java.base/jdk.internal.reflect.DelegatingMethodAccessorImpl.invoke(DelegatingMethodAccessorImpl.java:43)
	at com.kms.katalon.core.webui.keyword.builtin.ClickKeyword$_click_closure1.doCall(ClickKeyword.groovy:67)
	at com.kms.katalon.core.webui.keyword.builtin.ClickKeyword$_click_closure1.call(ClickKeyword.groovy)
	at com.kms.katalon.core.webui.keyword.internal.WebUIKeywordMain.runKeyword(WebUIKeywordMain.groovy:35)
	... 38 more


27-11-2024T17:58:31 - [TEST_STEP][PASSED] - callTestCase(findTestCase("1.Inicio/1.1Principal/Principal-home"), [:], STOP_ON_FAILURE): Call Test Case 'Test Cases/1.Inicio/1.1Principal/Principal-home' successfully

27-11-2024T17:58:32 - [TEST_CASE][PASSED] - Test Cases/1.Inicio/1.1Principal/Principal-home: Test Cases/1.Inicio/1.1Principal/Principal-home

27-11-2024T17:58:32 - [TEST_STEP][PASSED] - openBrowser(""): Browser is opened with url: ''

27-11-2024T17:58:32 - [MESSAGE][WARNING] - A browser is already opened. Closing browser and opening a new one

27-11-2024T17:58:33 - [MESSAGE][INFO] - Starting 'Firefox' driver

27-11-2024T17:58:33 - [MESSAGE][INFO] - Action delay is set to 0 milliseconds

27-11-2024T17:58:50 - [MESSAGE][PASSED] - Browser is opened with url: ''

27-11-2024T17:58:50 - [TEST_STEP][PASSED] - navigateToUrl("https://dev01-registrodeenvios.olvacourier.com/principal"): Navigate to 'https://dev01-registrodeenvios.olvacourier.com/principal' successfully

27-11-2024T17:58:53 - [MESSAGE][PASSED] - Navigate to 'https://dev01-registrodeenvios.olvacourier.com/principal' successfully

27-11-2024T17:58:53 - [TEST_STEP][PASSED] - maximizeWindow(): Current window maximized

27-11-2024T17:58:53 - [MESSAGE][PASSED] - Current window maximized

27-11-2024T17:58:53 - [MESSAGE][PASSED] - Call Test Case 'Test Cases/1.Inicio/1.1Principal/Principal-home' successfully

27-11-2024T17:58:53 - [TEST_STEP][FAILED] - callTestCase(findTestCase("1.Inicio/1.1Principal/Selec_sobre"), [:], STOP_ON_FAILURE): Unable to call Test Case 'Test Cases/1.Inicio/1.1Principal/Selec_sobre' (Root cause: com.kms.katalon.core.exception.StepFailedException: Call Test Case 'Test Cases/1.Inicio/1.1Principal/Selec_sobre' failed
	at com.kms.katalon.core.keyword.builtin.CallTestCaseKeyword$_callTestCase_closure1.doCall(CallTestCaseKeyword.groovy:63)
	at com.kms.katalon.core.keyword.builtin.CallTestCaseKeyword$_callTestCase_closure1.call(CallTestCaseKeyword.groovy)
	at com.kms.katalon.core.keyword.internal.KeywordMain.runKeyword(KeywordMain.groovy:75)
	at com.kms.katalon.core.keyword.builtin.CallTestCaseKeyword.callTestCase(CallTestCaseKeyword.groovy:81)
	at com.kms.katalon.core.keyword.builtin.CallTestCaseKeyword.execute(CallTestCaseKeyword.groovy:44)
	at com.kms.katalon.core.keyword.internal.KeywordExecutor.executeKeywordForPlatform(KeywordExecutor.groovy:74)
	at com.kms.katalon.core.keyword.BuiltinKeywords.callTestCase(BuiltinKeywords.groovy:310)
	at jdk.internal.reflect.GeneratedMethodAccessor25.invoke(Unknown Source)
	at java.base/jdk.internal.reflect.DelegatingMethodAccessorImpl.invoke(DelegatingMethodAccessorImpl.java:43)
	at Restricción-O.run(Restricción-O:22)
	at com.kms.katalon.core.main.ScriptEngine.run(ScriptEngine.java:194)
	at com.kms.katalon.core.main.ScriptEngine.runScriptAsRawText(ScriptEngine.java:119)
	at com.kms.katalon.core.main.TestCaseExecutor.runScript(TestCaseExecutor.java:448)
	at com.kms.katalon.core.main.TestCaseExecutor.doExecute(TestCaseExecutor.java:439)
	at com.kms.katalon.core.main.TestCaseExecutor.processExecutionPhase(TestCaseExecutor.java:418)
	at com.kms.katalon.core.main.TestCaseExecutor.accessMainPhase(TestCaseExecutor.java:410)
	at com.kms.katalon.core.main.TestCaseExecutor.execute(TestCaseExecutor.java:285)
	at com.kms.katalon.core.common.CommonExecutor.accessTestCaseMainPhase(CommonExecutor.java:65)
	at com.kms.katalon.core.main.TestSuiteExecutor.accessTestSuiteMainPhase(TestSuiteExecutor.java:150)
	at com.kms.katalon.core.main.TestSuiteExecutor.execute(TestSuiteExecutor.java:106)
	at com.kms.katalon.core.main.TestCaseMain.startTestSuite(TestCaseMain.java:180)
	at TempTestSuite1732745349578.run(TempTestSuite1732745349578.groovy:35)
	at java.base/jdk.internal.reflect.NativeMethodAccessorImpl.invoke0(Native Method)
	at java.base/jdk.internal.reflect.NativeMethodAccessorImpl.invoke(NativeMethodAccessorImpl.java:77)
	at java.base/jdk.internal.reflect.DelegatingMethodAccessorImpl.invoke(DelegatingMethodAccessorImpl.java:43)
Caused by: com.kms.katalon.core.exception.StepFailedException: Unable to click on object 'Object Repository/Principal/Page_Olva Courier  Home/button_CONTINUAR (2)'
	at com.kms.katalon.core.webui.keyword.internal.WebUIKeywordMain.stepFailed(WebUIKeywordMain.groovy:117)
	at com.kms.katalon.core.webui.keyword.internal.WebUIKeywordMain.runKeyword(WebUIKeywordMain.groovy:43)
	at com.kms.katalon.core.webui.keyword.builtin.ClickKeyword.click(ClickKeyword.groovy:74)
	at com.kms.katalon.core.webui.keyword.builtin.ClickKeyword.execute(ClickKeyword.groovy:40)
	at com.kms.katalon.core.keyword.internal.KeywordExecutor.executeKeywordForPlatform(KeywordExecutor.groovy:74)
	at com.kms.katalon.core.webui.keyword.WebUiBuiltInKeywords.click(WebUiBuiltInKeywords.groovy:659)
	at Selec_sobre.run(Selec_sobre:24)
	at com.kms.katalon.core.main.ScriptEngine.run(ScriptEngine.java:194)
	at com.kms.katalon.core.main.ScriptEngine.runScriptAsRawText(ScriptEngine.java:119)
	at com.kms.katalon.core.main.TestCaseExecutor.runScript(TestCaseExecutor.java:448)
	at com.kms.katalon.core.main.TestCaseExecutor.doExecute(TestCaseExecutor.java:439)
	at com.kms.katalon.core.main.TestCaseExecutor.processExecutionPhase(TestCaseExecutor.java:418)
	at com.kms.katalon.core.main.TestCaseExecutor.accessMainPhase(TestCaseExecutor.java:410)
	at com.kms.katalon.core.main.TestCaseExecutor.execute(TestCaseExecutor.java:285)
	at com.kms.katalon.core.main.TestCaseMain.runTestCase(TestCaseMain.java:137)
	at com.kms.katalon.core.keyword.builtin.CallTestCaseKeyword$_callTestCase_closure1.doCall(CallTestCaseKeyword.groovy:59)
	... 24 more
Caused by: org.openqa.selenium.ElementClickInterceptedException: Element <button id="btn_aceptar_tipo_envio" class="btn disabled" type="button"> is not clickable at point (675,588) because another element <div class="modal-footer"> obscures it
Build info: version: '3.141.59', revision: 'unknown', time: 'unknown'
System info: host: 'DESKTOP-RGFFP9A', ip: '10.136.10.6', os.name: 'Windows 11', os.arch: 'amd64', os.version: '10.0', java.version: '17.0.7'
Driver info: com.kms.katalon.core.webui.driver.firefox.CGeckoDriver
Capabilities {acceptInsecureCerts: true, browserName: firefox, browserVersion: 133.0, javascriptEnabled: true, moz:accessibilityChecks: false, moz:buildID: 20241121140525, moz:geckodriverVersion: 0.35.0, moz:headless: false, moz:platformVersion: 10.0, moz:processID: 18664, moz:profile: C:\Users\OLVATI\AppData\Loc..., moz:shutdownTimeout: 60000, moz:webdriverClick: true, moz:windowless: false, pageLoadStrategy: normal, platform: WINDOWS, platformName: WINDOWS, proxy: Proxy(direct), setWindowRect: true, strictFileInteractability: false, timeouts: {implicit: 0, pageLoad: 300000, script: 30000}, unhandledPromptBehavior: dismiss and notify, userAgent: Mozilla/5.0 (Windows NT 10....}
Session ID: 9be26cc9-76bf-4eb9-bcf9-70082c6a52af
	at jdk.internal.reflect.GeneratedConstructorAccessor32.newInstance(Unknown Source)
	at java.base/jdk.internal.reflect.DelegatingConstructorAccessorImpl.newInstance(DelegatingConstructorAccessorImpl.java:45)
	at org.openqa.selenium.remote.http.W3CHttpResponseCodec.createException(W3CHttpResponseCodec.java:187)
	at org.openqa.selenium.remote.http.W3CHttpResponseCodec.decode(W3CHttpResponseCodec.java:122)
	at org.openqa.selenium.remote.http.W3CHttpResponseCodec.decode(W3CHttpResponseCodec.java:49)
	at org.openqa.selenium.remote.HttpCommandExecutor.execute(HttpCommandExecutor.java:158)
	at org.openqa.selenium.remote.service.DriverCommandExecutor.execute(DriverCommandExecutor.java:83)
	at org.openqa.selenium.remote.RemoteWebDriver.execute(RemoteWebDriver.java:552)
	at com.kms.katalon.selenium.driver.CFirefoxDriver.execute(CFirefoxDriver.java:28)
	at org.openqa.selenium.remote.RemoteWebElement.execute(RemoteWebElement.java:285)
	at org.openqa.selenium.remote.RemoteWebElement.click(RemoteWebElement.java:84)
	at jdk.internal.reflect.GeneratedMethodAccessor10.invoke(Unknown Source)
	at java.base/jdk.internal.reflect.DelegatingMethodAccessorImpl.invoke(DelegatingMethodAccessorImpl.java:43)
	at org.openqa.selenium.support.events.EventFiringWebDriver$EventFiringWebElement.lambda$new$0(EventFiringWebDriver.java:404)
	at jdk.proxy2/jdk.proxy2.$Proxy21.click(Unknown Source)
	at org.openqa.selenium.support.events.EventFiringWebDriver$EventFiringWebElement.click(EventFiringWebDriver.java:417)
	at org.openqa.selenium.WebElement$click.call(Unknown Source)
	at com.kms.katalon.core.webui.keyword.builtin.ClickKeyword.clickUntilSuccessWithTimeout(ClickKeyword.groovy:81)
	at com.kms.katalon.core.webui.keyword.builtin.ClickKeyword.clickUntilSuccessWithTimeout(ClickKeyword.groovy)
	at jdk.internal.reflect.GeneratedMethodAccessor8.invoke(Unknown Source)
	at java.base/jdk.internal.reflect.DelegatingMethodAccessorImpl.invoke(DelegatingMethodAccessorImpl.java:43)
	at com.kms.katalon.core.webui.keyword.builtin.ClickKeyword$_click_closure1.doCall(ClickKeyword.groovy:67)
	at com.kms.katalon.core.webui.keyword.builtin.ClickKeyword$_click_closure1.call(ClickKeyword.groovy)
	at com.kms.katalon.core.webui.keyword.internal.WebUIKeywordMain.runKeyword(WebUIKeywordMain.groovy:35)
	... 38 more
)

27-11-2024T17:58:53 - [TEST_CASE][FAILED] - Test Cases/1.Inicio/1.1Principal/Selec_sobre: Test Cases/1.Inicio/1.1Principal/Selec_sobre FAILED.
Reason:
com.kms.katalon.core.exception.StepFailedException: Unable to click on object 'Object Repository/Principal/Page_Olva Courier  Home/button_CONTINUAR (2)'
	at com.kms.katalon.core.webui.keyword.internal.WebUIKeywordMain.stepFailed(WebUIKeywordMain.groovy:117)
	at com.kms.katalon.core.webui.keyword.internal.WebUIKeywordMain.runKeyword(WebUIKeywordMain.groovy:43)
	at com.kms.katalon.core.webui.keyword.builtin.ClickKeyword.click(ClickKeyword.groovy:74)
	at com.kms.katalon.core.webui.keyword.builtin.ClickKeyword.execute(ClickKeyword.groovy:40)
	at com.kms.katalon.core.keyword.internal.KeywordExecutor.executeKeywordForPlatform(KeywordExecutor.groovy:74)
	at com.kms.katalon.core.webui.keyword.WebUiBuiltInKeywords.click(WebUiBuiltInKeywords.groovy:659)
	at Selec_sobre.run(Selec_sobre:24)
	at com.kms.katalon.core.main.ScriptEngine.run(ScriptEngine.java:194)
	at com.kms.katalon.core.main.ScriptEngine.runScriptAsRawText(ScriptEngine.java:119)
	at com.kms.katalon.core.main.TestCaseExecutor.runScript(TestCaseExecutor.java:448)
	at com.kms.katalon.core.main.TestCaseExecutor.doExecute(TestCaseExecutor.java:439)
	at com.kms.katalon.core.main.TestCaseExecutor.processExecutionPhase(TestCaseExecutor.java:418)
	at com.kms.katalon.core.main.TestCaseExecutor.accessMainPhase(TestCaseExecutor.java:410)
	at com.kms.katalon.core.main.TestCaseExecutor.execute(TestCaseExecutor.java:285)
	at com.kms.katalon.core.main.TestCaseMain.runTestCase(TestCaseMain.java:137)
	at com.kms.katalon.core.keyword.builtin.CallTestCaseKeyword$_callTestCase_closure1.doCall(CallTestCaseKeyword.groovy:59)
	at com.kms.katalon.core.keyword.builtin.CallTestCaseKeyword$_callTestCase_closure1.call(CallTestCaseKeyword.groovy)
	at com.kms.katalon.core.keyword.internal.KeywordMain.runKeyword(KeywordMain.groovy:75)
	at com.kms.katalon.core.keyword.builtin.CallTestCaseKeyword.callTestCase(CallTestCaseKeyword.groovy:81)
	at com.kms.katalon.core.keyword.builtin.CallTestCaseKeyword.execute(CallTestCaseKeyword.groovy:44)
	at com.kms.katalon.core.keyword.internal.KeywordExecutor.executeKeywordForPlatform(KeywordExecutor.groovy:74)
	at com.kms.katalon.core.keyword.BuiltinKeywords.callTestCase(BuiltinKeywords.groovy:310)
	at jdk.internal.reflect.GeneratedMethodAccessor25.invoke(Unknown Source)
	at java.base/jdk.internal.reflect.DelegatingMethodAccessorImpl.invoke(DelegatingMethodAccessorImpl.java:43)
	at Restricción-O.run(Restricción-O:22)
	at com.kms.katalon.core.main.ScriptEngine.run(ScriptEngine.java:194)
	at com.kms.katalon.core.main.ScriptEngine.runScriptAsRawText(ScriptEngine.java:119)
	at com.kms.katalon.core.main.TestCaseExecutor.runScript(TestCaseExecutor.java:448)
	at com.kms.katalon.core.main.TestCaseExecutor.doExecute(TestCaseExecutor.java:439)
	at com.kms.katalon.core.main.TestCaseExecutor.processExecutionPhase(TestCaseExecutor.java:418)
	at com.kms.katalon.core.main.TestCaseExecutor.accessMainPhase(TestCaseExecutor.java:410)
	at com.kms.katalon.core.main.TestCaseExecutor.execute(TestCaseExecutor.java:285)
	at com.kms.katalon.core.common.CommonExecutor.accessTestCaseMainPhase(CommonExecutor.java:65)
	at com.kms.katalon.core.main.TestSuiteExecutor.accessTestSuiteMainPhase(TestSuiteExecutor.java:150)
	at com.kms.katalon.core.main.TestSuiteExecutor.execute(TestSuiteExecutor.java:106)
	at com.kms.katalon.core.main.TestCaseMain.startTestSuite(TestCaseMain.java:180)
	at TempTestSuite1732745349578.run(TempTestSuite1732745349578.groovy:35)
	at java.base/jdk.internal.reflect.NativeMethodAccessorImpl.invoke0(Native Method)
	at java.base/jdk.internal.reflect.NativeMethodAccessorImpl.invoke(NativeMethodAccessorImpl.java:77)
	at java.base/jdk.internal.reflect.DelegatingMethodAccessorImpl.invoke(DelegatingMethodAccessorImpl.java:43)
Caused by: org.openqa.selenium.ElementClickInterceptedException: Element <button id="btn_aceptar_tipo_envio" class="btn disabled" type="button"> is not clickable at point (675,588) because another element <div class="modal-footer"> obscures it
Build info: version: '3.141.59', revision: 'unknown', time: 'unknown'
System info: host: 'DESKTOP-RGFFP9A', ip: '10.136.10.6', os.name: 'Windows 11', os.arch: 'amd64', os.version: '10.0', java.version: '17.0.7'
Driver info: com.kms.katalon.core.webui.driver.firefox.CGeckoDriver
Capabilities {acceptInsecureCerts: true, browserName: firefox, browserVersion: 133.0, javascriptEnabled: true, moz:accessibilityChecks: false, moz:buildID: 20241121140525, moz:geckodriverVersion: 0.35.0, moz:headless: false, moz:platformVersion: 10.0, moz:processID: 18664, moz:profile: C:\Users\OLVATI\AppData\Loc..., moz:shutdownTimeout: 60000, moz:webdriverClick: true, moz:windowless: false, pageLoadStrategy: normal, platform: WINDOWS, platformName: WINDOWS, proxy: Proxy(direct), setWindowRect: true, strictFileInteractability: false, timeouts: {implicit: 0, pageLoad: 300000, script: 30000}, unhandledPromptBehavior: dismiss and notify, userAgent: Mozilla/5.0 (Windows NT 10....}
Session ID: 9be26cc9-76bf-4eb9-bcf9-70082c6a52af
	at jdk.internal.reflect.GeneratedConstructorAccessor32.newInstance(Unknown Source)
	at java.base/jdk.internal.reflect.DelegatingConstructorAccessorImpl.newInstance(DelegatingConstructorAccessorImpl.java:45)
	at org.openqa.selenium.remote.http.W3CHttpResponseCodec.createException(W3CHttpResponseCodec.java:187)
	at org.openqa.selenium.remote.http.W3CHttpResponseCodec.decode(W3CHttpResponseCodec.java:122)
	at org.openqa.selenium.remote.http.W3CHttpResponseCodec.decode(W3CHttpResponseCodec.java:49)
	at org.openqa.selenium.remote.HttpCommandExecutor.execute(HttpCommandExecutor.java:158)
	at org.openqa.selenium.remote.service.DriverCommandExecutor.execute(DriverCommandExecutor.java:83)
	at org.openqa.selenium.remote.RemoteWebDriver.execute(RemoteWebDriver.java:552)
	at com.kms.katalon.selenium.driver.CFirefoxDriver.execute(CFirefoxDriver.java:28)
	at org.openqa.selenium.remote.RemoteWebElement.execute(RemoteWebElement.java:285)
	at org.openqa.selenium.remote.RemoteWebElement.click(RemoteWebElement.java:84)
	at jdk.internal.reflect.GeneratedMethodAccessor10.invoke(Unknown Source)
	at java.base/jdk.internal.reflect.DelegatingMethodAccessorImpl.invoke(DelegatingMethodAccessorImpl.java:43)
	at org.openqa.selenium.support.events.EventFiringWebDriver$EventFiringWebElement.lambda$new$0(EventFiringWebDriver.java:404)
	at jdk.proxy2/jdk.proxy2.$Proxy21.click(Unknown Source)
	at org.openqa.selenium.support.events.EventFiringWebDriver$EventFiringWebElement.click(EventFiringWebDriver.java:417)
	at org.openqa.selenium.WebElement$click.call(Unknown Source)
	at com.kms.katalon.core.webui.keyword.builtin.ClickKeyword.clickUntilSuccessWithTimeout(ClickKeyword.groovy:81)
	at com.kms.katalon.core.webui.keyword.builtin.ClickKeyword.clickUntilSuccessWithTimeout(ClickKeyword.groovy)
	at jdk.internal.reflect.GeneratedMethodAccessor8.invoke(Unknown Source)
	at java.base/jdk.internal.reflect.DelegatingMethodAccessorImpl.invoke(DelegatingMethodAccessorImpl.java:43)
	at com.kms.katalon.core.webui.keyword.builtin.ClickKeyword$_click_closure1.doCall(ClickKeyword.groovy:67)
	at com.kms.katalon.core.webui.keyword.builtin.ClickKeyword$_click_closure1.call(ClickKeyword.groovy)
	at com.kms.katalon.core.webui.keyword.internal.WebUIKeywordMain.runKeyword(WebUIKeywordMain.groovy:35)
	... 38 more


27-11-2024T17:58:53 - [TEST_STEP][PASSED] - click(findTestObject("Object Repository/Principal/Page_Olva Courier  Home/img_Envo de cajas o paquetescon un peso mxi_37770f")): Object: 'Object Repository/Principal/Page_Olva Courier  Home/img_Envo de cajas o paquetescon un peso mxi_37770f' is clicked on

27-11-2024T17:58:54 - [MESSAGE][PASSED] - Object: 'Object Repository/Principal/Page_Olva Courier  Home/img_Envo de cajas o paquetescon un peso mxi_37770f' is clicked on

27-11-2024T17:58:54 - [TEST_STEP][PASSED] - click(findTestObject("Object Repository/Principal/Page_Olva Courier  Home/label_He ledo y acepto los trminos de uso y_adab65")): Object: 'Object Repository/Principal/Page_Olva Courier  Home/label_He ledo y acepto los trminos de uso y_adab65' is clicked on

27-11-2024T17:58:54 - [MESSAGE][PASSED] - Object: 'Object Repository/Principal/Page_Olva Courier  Home/label_He ledo y acepto los trminos de uso y_adab65' is clicked on

27-11-2024T17:58:54 - [TEST_STEP][FAILED] - click(findTestObject("Object Repository/Principal/Page_Olva Courier  Home/button_CONTINUAR (2)")): Unable to click on object 'Object Repository/Principal/Page_Olva Courier  Home/button_CONTINUAR (2)' (Root cause: com.kms.katalon.core.exception.StepFailedException: Unable to click on object 'Object Repository/Principal/Page_Olva Courier  Home/button_CONTINUAR (2)'
	at com.kms.katalon.core.webui.keyword.internal.WebUIKeywordMain.stepFailed(WebUIKeywordMain.groovy:117)
	at com.kms.katalon.core.webui.keyword.internal.WebUIKeywordMain.runKeyword(WebUIKeywordMain.groovy:43)
	at com.kms.katalon.core.webui.keyword.builtin.ClickKeyword.click(ClickKeyword.groovy:74)
	at com.kms.katalon.core.webui.keyword.builtin.ClickKeyword.execute(ClickKeyword.groovy:40)
	at com.kms.katalon.core.keyword.internal.KeywordExecutor.executeKeywordForPlatform(KeywordExecutor.groovy:74)
	at com.kms.katalon.core.webui.keyword.WebUiBuiltInKeywords.click(WebUiBuiltInKeywords.groovy:659)
	at Selec_sobre.run(Selec_sobre:24)
	at com.kms.katalon.core.main.ScriptEngine.run(ScriptEngine.java:194)
	at com.kms.katalon.core.main.ScriptEngine.runScriptAsRawText(ScriptEngine.java:119)
	at com.kms.katalon.core.main.TestCaseExecutor.runScript(TestCaseExecutor.java:448)
	at com.kms.katalon.core.main.TestCaseExecutor.doExecute(TestCaseExecutor.java:439)
	at com.kms.katalon.core.main.TestCaseExecutor.processExecutionPhase(TestCaseExecutor.java:418)
	at com.kms.katalon.core.main.TestCaseExecutor.accessMainPhase(TestCaseExecutor.java:410)
	at com.kms.katalon.core.main.TestCaseExecutor.execute(TestCaseExecutor.java:285)
	at com.kms.katalon.core.main.TestCaseMain.runTestCase(TestCaseMain.java:137)
	at com.kms.katalon.core.keyword.builtin.CallTestCaseKeyword$_callTestCase_closure1.doCall(CallTestCaseKeyword.groovy:59)
	at com.kms.katalon.core.keyword.builtin.CallTestCaseKeyword$_callTestCase_closure1.call(CallTestCaseKeyword.groovy)
	at com.kms.katalon.core.keyword.internal.KeywordMain.runKeyword(KeywordMain.groovy:75)
	at com.kms.katalon.core.keyword.builtin.CallTestCaseKeyword.callTestCase(CallTestCaseKeyword.groovy:81)
	at com.kms.katalon.core.keyword.builtin.CallTestCaseKeyword.execute(CallTestCaseKeyword.groovy:44)
	at com.kms.katalon.core.keyword.internal.KeywordExecutor.executeKeywordForPlatform(KeywordExecutor.groovy:74)
	at com.kms.katalon.core.keyword.BuiltinKeywords.callTestCase(BuiltinKeywords.groovy:310)
	at jdk.internal.reflect.GeneratedMethodAccessor25.invoke(Unknown Source)
	at java.base/jdk.internal.reflect.DelegatingMethodAccessorImpl.invoke(DelegatingMethodAccessorImpl.java:43)
	at Restricción-O.run(Restricción-O:22)
	at com.kms.katalon.core.main.ScriptEngine.run(ScriptEngine.java:194)
	at com.kms.katalon.core.main.ScriptEngine.runScriptAsRawText(ScriptEngine.java:119)
	at com.kms.katalon.core.main.TestCaseExecutor.runScript(TestCaseExecutor.java:448)
	at com.kms.katalon.core.main.TestCaseExecutor.doExecute(TestCaseExecutor.java:439)
	at com.kms.katalon.core.main.TestCaseExecutor.processExecutionPhase(TestCaseExecutor.java:418)
	at com.kms.katalon.core.main.TestCaseExecutor.accessMainPhase(TestCaseExecutor.java:410)
	at com.kms.katalon.core.main.TestCaseExecutor.execute(TestCaseExecutor.java:285)
	at com.kms.katalon.core.common.CommonExecutor.accessTestCaseMainPhase(CommonExecutor.java:65)
	at com.kms.katalon.core.main.TestSuiteExecutor.accessTestSuiteMainPhase(TestSuiteExecutor.java:150)
	at com.kms.katalon.core.main.TestSuiteExecutor.execute(TestSuiteExecutor.java:106)
	at com.kms.katalon.core.main.TestCaseMain.startTestSuite(TestCaseMain.java:180)
	at TempTestSuite1732745349578.run(TempTestSuite1732745349578.groovy:35)
	at java.base/jdk.internal.reflect.NativeMethodAccessorImpl.invoke0(Native Method)
	at java.base/jdk.internal.reflect.NativeMethodAccessorImpl.invoke(NativeMethodAccessorImpl.java:77)
	at java.base/jdk.internal.reflect.DelegatingMethodAccessorImpl.invoke(DelegatingMethodAccessorImpl.java:43)
Caused by: org.openqa.selenium.ElementClickInterceptedException: Element <button id="btn_aceptar_tipo_envio" class="btn disabled" type="button"> is not clickable at point (675,588) because another element <div class="modal-footer"> obscures it
Build info: version: '3.141.59', revision: 'unknown', time: 'unknown'
System info: host: 'DESKTOP-RGFFP9A', ip: '10.136.10.6', os.name: 'Windows 11', os.arch: 'amd64', os.version: '10.0', java.version: '17.0.7'
Driver info: com.kms.katalon.core.webui.driver.firefox.CGeckoDriver
Capabilities {acceptInsecureCerts: true, browserName: firefox, browserVersion: 133.0, javascriptEnabled: true, moz:accessibilityChecks: false, moz:buildID: 20241121140525, moz:geckodriverVersion: 0.35.0, moz:headless: false, moz:platformVersion: 10.0, moz:processID: 18664, moz:profile: C:\Users\OLVATI\AppData\Loc..., moz:shutdownTimeout: 60000, moz:webdriverClick: true, moz:windowless: false, pageLoadStrategy: normal, platform: WINDOWS, platformName: WINDOWS, proxy: Proxy(direct), setWindowRect: true, strictFileInteractability: false, timeouts: {implicit: 0, pageLoad: 300000, script: 30000}, unhandledPromptBehavior: dismiss and notify, userAgent: Mozilla/5.0 (Windows NT 10....}
Session ID: 9be26cc9-76bf-4eb9-bcf9-70082c6a52af
	at jdk.internal.reflect.GeneratedConstructorAccessor32.newInstance(Unknown Source)
	at java.base/jdk.internal.reflect.DelegatingConstructorAccessorImpl.newInstance(DelegatingConstructorAccessorImpl.java:45)
	at org.openqa.selenium.remote.http.W3CHttpResponseCodec.createException(W3CHttpResponseCodec.java:187)
	at org.openqa.selenium.remote.http.W3CHttpResponseCodec.decode(W3CHttpResponseCodec.java:122)
	at org.openqa.selenium.remote.http.W3CHttpResponseCodec.decode(W3CHttpResponseCodec.java:49)
	at org.openqa.selenium.remote.HttpCommandExecutor.execute(HttpCommandExecutor.java:158)
	at org.openqa.selenium.remote.service.DriverCommandExecutor.execute(DriverCommandExecutor.java:83)
	at org.openqa.selenium.remote.RemoteWebDriver.execute(RemoteWebDriver.java:552)
	at com.kms.katalon.selenium.driver.CFirefoxDriver.execute(CFirefoxDriver.java:28)
	at org.openqa.selenium.remote.RemoteWebElement.execute(RemoteWebElement.java:285)
	at org.openqa.selenium.remote.RemoteWebElement.click(RemoteWebElement.java:84)
	at jdk.internal.reflect.GeneratedMethodAccessor10.invoke(Unknown Source)
	at java.base/jdk.internal.reflect.DelegatingMethodAccessorImpl.invoke(DelegatingMethodAccessorImpl.java:43)
	at org.openqa.selenium.support.events.EventFiringWebDriver$EventFiringWebElement.lambda$new$0(EventFiringWebDriver.java:404)
	at jdk.proxy2/jdk.proxy2.$Proxy21.click(Unknown Source)
	at org.openqa.selenium.support.events.EventFiringWebDriver$EventFiringWebElement.click(EventFiringWebDriver.java:417)
	at org.openqa.selenium.WebElement$click.call(Unknown Source)
	at com.kms.katalon.core.webui.keyword.builtin.ClickKeyword.clickUntilSuccessWithTimeout(ClickKeyword.groovy:81)
	at com.kms.katalon.core.webui.keyword.builtin.ClickKeyword.clickUntilSuccessWithTimeout(ClickKeyword.groovy)
	at jdk.internal.reflect.GeneratedMethodAccessor8.invoke(Unknown Source)
	at java.base/jdk.internal.reflect.DelegatingMethodAccessorImpl.invoke(DelegatingMethodAccessorImpl.java:43)
	at com.kms.katalon.core.webui.keyword.builtin.ClickKeyword$_click_closure1.doCall(ClickKeyword.groovy:67)
	at com.kms.katalon.core.webui.keyword.builtin.ClickKeyword$_click_closure1.call(ClickKeyword.groovy)
	at com.kms.katalon.core.webui.keyword.internal.WebUIKeywordMain.runKeyword(WebUIKeywordMain.groovy:35)
	at com.kms.katalon.core.webui.keyword.builtin.ClickKeyword.click(ClickKeyword.groovy:74)
	at com.kms.katalon.core.webui.keyword.builtin.ClickKeyword.execute(ClickKeyword.groovy:40)
	at com.kms.katalon.core.keyword.internal.KeywordExecutor.executeKeywordForPlatform(KeywordExecutor.groovy:74)
	at com.kms.katalon.core.webui.keyword.WebUiBuiltInKeywords.click(WebUiBuiltInKeywords.groovy:659)
	at Script1732083570761.run(Script1732083570761.groovy:24)
	at com.kms.katalon.core.main.ScriptEngine.run(ScriptEngine.java:194)
	at com.kms.katalon.core.main.ScriptEngine.runScriptAsRawText(ScriptEngine.java:119)
	at com.kms.katalon.core.main.TestCaseExecutor.runScript(TestCaseExecutor.java:448)
	at com.kms.katalon.core.main.TestCaseExecutor.doExecute(TestCaseExecutor.java:439)
	at com.kms.katalon.core.main.TestCaseExecutor.processExecutionPhase(TestCaseExecutor.java:418)
	at com.kms.katalon.core.main.TestCaseExecutor.accessMainPhase(TestCaseExecutor.java:410)
	at com.kms.katalon.core.main.TestCaseExecutor.execute(TestCaseExecutor.java:285)
	at com.kms.katalon.core.main.TestCaseMain.runTestCase(TestCaseMain.java:137)
	at com.kms.katalon.core.keyword.builtin.CallTestCaseKeyword$_callTestCase_closure1.doCall(CallTestCaseKeyword.groovy:59)
	at com.kms.katalon.core.keyword.builtin.CallTestCaseKeyword$_callTestCase_closure1.call(CallTestCaseKeyword.groovy)
	at com.kms.katalon.core.keyword.internal.KeywordMain.runKeyword(KeywordMain.groovy:75)
	at com.kms.katalon.core.keyword.builtin.CallTestCaseKeyword.callTestCase(CallTestCaseKeyword.groovy:81)
	at com.kms.katalon.core.keyword.builtin.CallTestCaseKeyword.execute(CallTestCaseKeyword.groovy:44)
	at com.kms.katalon.core.keyword.internal.KeywordExecutor.executeKeywordForPlatform(KeywordExecutor.groovy:74)
	at com.kms.katalon.core.keyword.BuiltinKeywords.callTestCase(BuiltinKeywords.groovy:310)
	at jdk.internal.reflect.GeneratedMethodAccessor25.invoke(Unknown Source)
	at java.base/jdk.internal.reflect.DelegatingMethodAccessorImpl.invoke(DelegatingMethodAccessorImpl.java:43)
	at Script1732341471778.run(Script1732341471778.groovy:22)
	... 15 more
)

27-11-2024T17:59:26 - [MESSAGE][FAILED] - Unable to click on object 'Object Repository/Principal/Page_Olva Courier  Home/button_CONTINUAR (2)' (Root cause: com.kms.katalon.core.exception.StepFailedException: Unable to click on object 'Object Repository/Principal/Page_Olva Courier  Home/button_CONTINUAR (2)'
	at com.kms.katalon.core.webui.keyword.internal.WebUIKeywordMain.stepFailed(WebUIKeywordMain.groovy:117)
	at com.kms.katalon.core.webui.keyword.internal.WebUIKeywordMain.runKeyword(WebUIKeywordMain.groovy:43)
	at com.kms.katalon.core.webui.keyword.builtin.ClickKeyword.click(ClickKeyword.groovy:74)
	at com.kms.katalon.core.webui.keyword.builtin.ClickKeyword.execute(ClickKeyword.groovy:40)
	at com.kms.katalon.core.keyword.internal.KeywordExecutor.executeKeywordForPlatform(KeywordExecutor.groovy:74)
	at com.kms.katalon.core.webui.keyword.WebUiBuiltInKeywords.click(WebUiBuiltInKeywords.groovy:659)
	at Selec_sobre.run(Selec_sobre:24)
	at com.kms.katalon.core.main.ScriptEngine.run(ScriptEngine.java:194)
	at com.kms.katalon.core.main.ScriptEngine.runScriptAsRawText(ScriptEngine.java:119)
	at com.kms.katalon.core.main.TestCaseExecutor.runScript(TestCaseExecutor.java:448)
	at com.kms.katalon.core.main.TestCaseExecutor.doExecute(TestCaseExecutor.java:439)
	at com.kms.katalon.core.main.TestCaseExecutor.processExecutionPhase(TestCaseExecutor.java:418)
	at com.kms.katalon.core.main.TestCaseExecutor.accessMainPhase(TestCaseExecutor.java:410)
	at com.kms.katalon.core.main.TestCaseExecutor.execute(TestCaseExecutor.java:285)
	at com.kms.katalon.core.main.TestCaseMain.runTestCase(TestCaseMain.java:137)
	at com.kms.katalon.core.keyword.builtin.CallTestCaseKeyword$_callTestCase_closure1.doCall(CallTestCaseKeyword.groovy:59)
	at com.kms.katalon.core.keyword.builtin.CallTestCaseKeyword$_callTestCase_closure1.call(CallTestCaseKeyword.groovy)
	at com.kms.katalon.core.keyword.internal.KeywordMain.runKeyword(KeywordMain.groovy:75)
	at com.kms.katalon.core.keyword.builtin.CallTestCaseKeyword.callTestCase(CallTestCaseKeyword.groovy:81)
	at com.kms.katalon.core.keyword.builtin.CallTestCaseKeyword.execute(CallTestCaseKeyword.groovy:44)
	at com.kms.katalon.core.keyword.internal.KeywordExecutor.executeKeywordForPlatform(KeywordExecutor.groovy:74)
	at com.kms.katalon.core.keyword.BuiltinKeywords.callTestCase(BuiltinKeywords.groovy:310)
	at jdk.internal.reflect.GeneratedMethodAccessor25.invoke(Unknown Source)
	at java.base/jdk.internal.reflect.DelegatingMethodAccessorImpl.invoke(DelegatingMethodAccessorImpl.java:43)
	at Restricción-O.run(Restricción-O:22)
	at com.kms.katalon.core.main.ScriptEngine.run(ScriptEngine.java:194)
	at com.kms.katalon.core.main.ScriptEngine.runScriptAsRawText(ScriptEngine.java:119)
	at com.kms.katalon.core.main.TestCaseExecutor.runScript(TestCaseExecutor.java:448)
	at com.kms.katalon.core.main.TestCaseExecutor.doExecute(TestCaseExecutor.java:439)
	at com.kms.katalon.core.main.TestCaseExecutor.processExecutionPhase(TestCaseExecutor.java:418)
	at com.kms.katalon.core.main.TestCaseExecutor.accessMainPhase(TestCaseExecutor.java:410)
	at com.kms.katalon.core.main.TestCaseExecutor.execute(TestCaseExecutor.java:285)
	at com.kms.katalon.core.common.CommonExecutor.accessTestCaseMainPhase(CommonExecutor.java:65)
	at com.kms.katalon.core.main.TestSuiteExecutor.accessTestSuiteMainPhase(TestSuiteExecutor.java:150)
	at com.kms.katalon.core.main.TestSuiteExecutor.execute(TestSuiteExecutor.java:106)
	at com.kms.katalon.core.main.TestCaseMain.startTestSuite(TestCaseMain.java:180)
	at TempTestSuite1732745349578.run(TempTestSuite1732745349578.groovy:35)
	at java.base/jdk.internal.reflect.NativeMethodAccessorImpl.invoke0(Native Method)
	at java.base/jdk.internal.reflect.NativeMethodAccessorImpl.invoke(NativeMethodAccessorImpl.java:77)
	at java.base/jdk.internal.reflect.DelegatingMethodAccessorImpl.invoke(DelegatingMethodAccessorImpl.java:43)
Caused by: org.openqa.selenium.ElementClickInterceptedException: Element <button id="btn_aceptar_tipo_envio" class="btn disabled" type="button"> is not clickable at point (675,588) because another element <div class="modal-footer"> obscures it
Build info: version: '3.141.59', revision: 'unknown', time: 'unknown'
System info: host: 'DESKTOP-RGFFP9A', ip: '10.136.10.6', os.name: 'Windows 11', os.arch: 'amd64', os.version: '10.0', java.version: '17.0.7'
Driver info: com.kms.katalon.core.webui.driver.firefox.CGeckoDriver
Capabilities {acceptInsecureCerts: true, browserName: firefox, browserVersion: 133.0, javascriptEnabled: true, moz:accessibilityChecks: false, moz:buildID: 20241121140525, moz:geckodriverVersion: 0.35.0, moz:headless: false, moz:platformVersion: 10.0, moz:processID: 18664, moz:profile: C:\Users\OLVATI\AppData\Loc..., moz:shutdownTimeout: 60000, moz:webdriverClick: true, moz:windowless: false, pageLoadStrategy: normal, platform: WINDOWS, platformName: WINDOWS, proxy: Proxy(direct), setWindowRect: true, strictFileInteractability: false, timeouts: {implicit: 0, pageLoad: 300000, script: 30000}, unhandledPromptBehavior: dismiss and notify, userAgent: Mozilla/5.0 (Windows NT 10....}
Session ID: 9be26cc9-76bf-4eb9-bcf9-70082c6a52af
	at jdk.internal.reflect.GeneratedConstructorAccessor32.newInstance(Unknown Source)
	at java.base/jdk.internal.reflect.DelegatingConstructorAccessorImpl.newInstance(DelegatingConstructorAccessorImpl.java:45)
	at org.openqa.selenium.remote.http.W3CHttpResponseCodec.createException(W3CHttpResponseCodec.java:187)
	at org.openqa.selenium.remote.http.W3CHttpResponseCodec.decode(W3CHttpResponseCodec.java:122)
	at org.openqa.selenium.remote.http.W3CHttpResponseCodec.decode(W3CHttpResponseCodec.java:49)
	at org.openqa.selenium.remote.HttpCommandExecutor.execute(HttpCommandExecutor.java:158)
	at org.openqa.selenium.remote.service.DriverCommandExecutor.execute(DriverCommandExecutor.java:83)
	at org.openqa.selenium.remote.RemoteWebDriver.execute(RemoteWebDriver.java:552)
	at com.kms.katalon.selenium.driver.CFirefoxDriver.execute(CFirefoxDriver.java:28)
	at org.openqa.selenium.remote.RemoteWebElement.execute(RemoteWebElement.java:285)
	at org.openqa.selenium.remote.RemoteWebElement.click(RemoteWebElement.java:84)
	at jdk.internal.reflect.GeneratedMethodAccessor10.invoke(Unknown Source)
	at java.base/jdk.internal.reflect.DelegatingMethodAccessorImpl.invoke(DelegatingMethodAccessorImpl.java:43)
	at org.openqa.selenium.support.events.EventFiringWebDriver$EventFiringWebElement.lambda$new$0(EventFiringWebDriver.java:404)
	at jdk.proxy2/jdk.proxy2.$Proxy21.click(Unknown Source)
	at org.openqa.selenium.support.events.EventFiringWebDriver$EventFiringWebElement.click(EventFiringWebDriver.java:417)
	at org.openqa.selenium.WebElement$click.call(Unknown Source)
	at com.kms.katalon.core.webui.keyword.builtin.ClickKeyword.clickUntilSuccessWithTimeout(ClickKeyword.groovy:81)
	at com.kms.katalon.core.webui.keyword.builtin.ClickKeyword.clickUntilSuccessWithTimeout(ClickKeyword.groovy)
	at jdk.internal.reflect.GeneratedMethodAccessor8.invoke(Unknown Source)
	at java.base/jdk.internal.reflect.DelegatingMethodAccessorImpl.invoke(DelegatingMethodAccessorImpl.java:43)
	at com.kms.katalon.core.webui.keyword.builtin.ClickKeyword$_click_closure1.doCall(ClickKeyword.groovy:67)
	at com.kms.katalon.core.webui.keyword.builtin.ClickKeyword$_click_closure1.call(ClickKeyword.groovy)
	at com.kms.katalon.core.webui.keyword.internal.WebUIKeywordMain.runKeyword(WebUIKeywordMain.groovy:35)
	at com.kms.katalon.core.webui.keyword.builtin.ClickKeyword.click(ClickKeyword.groovy:74)
	at com.kms.katalon.core.webui.keyword.builtin.ClickKeyword.execute(ClickKeyword.groovy:40)
	at com.kms.katalon.core.keyword.internal.KeywordExecutor.executeKeywordForPlatform(KeywordExecutor.groovy:74)
	at com.kms.katalon.core.webui.keyword.WebUiBuiltInKeywords.click(WebUiBuiltInKeywords.groovy:659)
	at Script1732083570761.run(Script1732083570761.groovy:24)
	at com.kms.katalon.core.main.ScriptEngine.run(ScriptEngine.java:194)
	at com.kms.katalon.core.main.ScriptEngine.runScriptAsRawText(ScriptEngine.java:119)
	at com.kms.katalon.core.main.TestCaseExecutor.runScript(TestCaseExecutor.java:448)
	at com.kms.katalon.core.main.TestCaseExecutor.doExecute(TestCaseExecutor.java:439)
	at com.kms.katalon.core.main.TestCaseExecutor.processExecutionPhase(TestCaseExecutor.java:418)
	at com.kms.katalon.core.main.TestCaseExecutor.accessMainPhase(TestCaseExecutor.java:410)
	at com.kms.katalon.core.main.TestCaseExecutor.execute(TestCaseExecutor.java:285)
	at com.kms.katalon.core.main.TestCaseMain.runTestCase(TestCaseMain.java:137)
	at com.kms.katalon.core.keyword.builtin.CallTestCaseKeyword$_callTestCase_closure1.doCall(CallTestCaseKeyword.groovy:59)
	at com.kms.katalon.core.keyword.builtin.CallTestCaseKeyword$_callTestCase_closure1.call(CallTestCaseKeyword.groovy)
	at com.kms.katalon.core.keyword.internal.KeywordMain.runKeyword(KeywordMain.groovy:75)
	at com.kms.katalon.core.keyword.builtin.CallTestCaseKeyword.callTestCase(CallTestCaseKeyword.groovy:81)
	at com.kms.katalon.core.keyword.builtin.CallTestCaseKeyword.execute(CallTestCaseKeyword.groovy:44)
	at com.kms.katalon.core.keyword.internal.KeywordExecutor.executeKeywordForPlatform(KeywordExecutor.groovy:74)
	at com.kms.katalon.core.keyword.BuiltinKeywords.callTestCase(BuiltinKeywords.groovy:310)
	at jdk.internal.reflect.GeneratedMethodAccessor25.invoke(Unknown Source)
	at java.base/jdk.internal.reflect.DelegatingMethodAccessorImpl.invoke(DelegatingMethodAccessorImpl.java:43)
	at Script1732341471778.run(Script1732341471778.groovy:22)
	... 15 more
)

27-11-2024T17:59:26 - [MESSAGE][FAILED] - Unable to call Test Case 'Test Cases/1.Inicio/1.1Principal/Selec_sobre' (Root cause: com.kms.katalon.core.exception.StepFailedException: Call Test Case 'Test Cases/1.Inicio/1.1Principal/Selec_sobre' failed
	at com.kms.katalon.core.keyword.builtin.CallTestCaseKeyword$_callTestCase_closure1.doCall(CallTestCaseKeyword.groovy:63)
	at com.kms.katalon.core.keyword.builtin.CallTestCaseKeyword$_callTestCase_closure1.call(CallTestCaseKeyword.groovy)
	at com.kms.katalon.core.keyword.internal.KeywordMain.runKeyword(KeywordMain.groovy:75)
	at com.kms.katalon.core.keyword.builtin.CallTestCaseKeyword.callTestCase(CallTestCaseKeyword.groovy:81)
	at com.kms.katalon.core.keyword.builtin.CallTestCaseKeyword.execute(CallTestCaseKeyword.groovy:44)
	at com.kms.katalon.core.keyword.internal.KeywordExecutor.executeKeywordForPlatform(KeywordExecutor.groovy:74)
	at com.kms.katalon.core.keyword.BuiltinKeywords.callTestCase(BuiltinKeywords.groovy:310)
	at jdk.internal.reflect.GeneratedMethodAccessor25.invoke(Unknown Source)
	at java.base/jdk.internal.reflect.DelegatingMethodAccessorImpl.invoke(DelegatingMethodAccessorImpl.java:43)
	at Restricción-O.run(Restricción-O:22)
	at com.kms.katalon.core.main.ScriptEngine.run(ScriptEngine.java:194)
	at com.kms.katalon.core.main.ScriptEngine.runScriptAsRawText(ScriptEngine.java:119)
	at com.kms.katalon.core.main.TestCaseExecutor.runScript(TestCaseExecutor.java:448)
	at com.kms.katalon.core.main.TestCaseExecutor.doExecute(TestCaseExecutor.java:439)
	at com.kms.katalon.core.main.TestCaseExecutor.processExecutionPhase(TestCaseExecutor.java:418)
	at com.kms.katalon.core.main.TestCaseExecutor.accessMainPhase(TestCaseExecutor.java:410)
	at com.kms.katalon.core.main.TestCaseExecutor.execute(TestCaseExecutor.java:285)
	at com.kms.katalon.core.common.CommonExecutor.accessTestCaseMainPhase(CommonExecutor.java:65)
	at com.kms.katalon.core.main.TestSuiteExecutor.accessTestSuiteMainPhase(TestSuiteExecutor.java:150)
	at com.kms.katalon.core.main.TestSuiteExecutor.execute(TestSuiteExecutor.java:106)
	at com.kms.katalon.core.main.TestCaseMain.startTestSuite(TestCaseMain.java:180)
	at TempTestSuite1732745349578.run(TempTestSuite1732745349578.groovy:35)
	at java.base/jdk.internal.reflect.NativeMethodAccessorImpl.invoke0(Native Method)
	at java.base/jdk.internal.reflect.NativeMethodAccessorImpl.invoke(NativeMethodAccessorImpl.java:77)
	at java.base/jdk.internal.reflect.DelegatingMethodAccessorImpl.invoke(DelegatingMethodAccessorImpl.java:43)
Caused by: com.kms.katalon.core.exception.StepFailedException: Unable to click on object 'Object Repository/Principal/Page_Olva Courier  Home/button_CONTINUAR (2)'
	at com.kms.katalon.core.webui.keyword.internal.WebUIKeywordMain.stepFailed(WebUIKeywordMain.groovy:117)
	at com.kms.katalon.core.webui.keyword.internal.WebUIKeywordMain.runKeyword(WebUIKeywordMain.groovy:43)
	at com.kms.katalon.core.webui.keyword.builtin.ClickKeyword.click(ClickKeyword.groovy:74)
	at com.kms.katalon.core.webui.keyword.builtin.ClickKeyword.execute(ClickKeyword.groovy:40)
	at com.kms.katalon.core.keyword.internal.KeywordExecutor.executeKeywordForPlatform(KeywordExecutor.groovy:74)
	at com.kms.katalon.core.webui.keyword.WebUiBuiltInKeywords.click(WebUiBuiltInKeywords.groovy:659)
	at Selec_sobre.run(Selec_sobre:24)
	at com.kms.katalon.core.main.ScriptEngine.run(ScriptEngine.java:194)
	at com.kms.katalon.core.main.ScriptEngine.runScriptAsRawText(ScriptEngine.java:119)
	at com.kms.katalon.core.main.TestCaseExecutor.runScript(TestCaseExecutor.java:448)
	at com.kms.katalon.core.main.TestCaseExecutor.doExecute(TestCaseExecutor.java:439)
	at com.kms.katalon.core.main.TestCaseExecutor.processExecutionPhase(TestCaseExecutor.java:418)
	at com.kms.katalon.core.main.TestCaseExecutor.accessMainPhase(TestCaseExecutor.java:410)
	at com.kms.katalon.core.main.TestCaseExecutor.execute(TestCaseExecutor.java:285)
	at com.kms.katalon.core.main.TestCaseMain.runTestCase(TestCaseMain.java:137)
	at com.kms.katalon.core.keyword.builtin.CallTestCaseKeyword$_callTestCase_closure1.doCall(CallTestCaseKeyword.groovy:59)
	... 24 more
Caused by: org.openqa.selenium.ElementClickInterceptedException: Element <button id="btn_aceptar_tipo_envio" class="btn disabled" type="button"> is not clickable at point (675,588) because another element <div class="modal-footer"> obscures it
Build info: version: '3.141.59', revision: 'unknown', time: 'unknown'
System info: host: 'DESKTOP-RGFFP9A', ip: '10.136.10.6', os.name: 'Windows 11', os.arch: 'amd64', os.version: '10.0', java.version: '17.0.7'
Driver info: com.kms.katalon.core.webui.driver.firefox.CGeckoDriver
Capabilities {acceptInsecureCerts: true, browserName: firefox, browserVersion: 133.0, javascriptEnabled: true, moz:accessibilityChecks: false, moz:buildID: 20241121140525, moz:geckodriverVersion: 0.35.0, moz:headless: false, moz:platformVersion: 10.0, moz:processID: 18664, moz:profile: C:\Users\OLVATI\AppData\Loc..., moz:shutdownTimeout: 60000, moz:webdriverClick: true, moz:windowless: false, pageLoadStrategy: normal, platform: WINDOWS, platformName: WINDOWS, proxy: Proxy(direct), setWindowRect: true, strictFileInteractability: false, timeouts: {implicit: 0, pageLoad: 300000, script: 30000}, unhandledPromptBehavior: dismiss and notify, userAgent: Mozilla/5.0 (Windows NT 10....}
Session ID: 9be26cc9-76bf-4eb9-bcf9-70082c6a52af
	at jdk.internal.reflect.GeneratedConstructorAccessor32.newInstance(Unknown Source)
	at java.base/jdk.internal.reflect.DelegatingConstructorAccessorImpl.newInstance(DelegatingConstructorAccessorImpl.java:45)
	at org.openqa.selenium.remote.http.W3CHttpResponseCodec.createException(W3CHttpResponseCodec.java:187)
	at org.openqa.selenium.remote.http.W3CHttpResponseCodec.decode(W3CHttpResponseCodec.java:122)
	at org.openqa.selenium.remote.http.W3CHttpResponseCodec.decode(W3CHttpResponseCodec.java:49)
	at org.openqa.selenium.remote.HttpCommandExecutor.execute(HttpCommandExecutor.java:158)
	at org.openqa.selenium.remote.service.DriverCommandExecutor.execute(DriverCommandExecutor.java:83)
	at org.openqa.selenium.remote.RemoteWebDriver.execute(RemoteWebDriver.java:552)
	at com.kms.katalon.selenium.driver.CFirefoxDriver.execute(CFirefoxDriver.java:28)
	at org.openqa.selenium.remote.RemoteWebElement.execute(RemoteWebElement.java:285)
	at org.openqa.selenium.remote.RemoteWebElement.click(RemoteWebElement.java:84)
	at jdk.internal.reflect.GeneratedMethodAccessor10.invoke(Unknown Source)
	at java.base/jdk.internal.reflect.DelegatingMethodAccessorImpl.invoke(DelegatingMethodAccessorImpl.java:43)
	at org.openqa.selenium.support.events.EventFiringWebDriver$EventFiringWebElement.lambda$new$0(EventFiringWebDriver.java:404)
	at jdk.proxy2/jdk.proxy2.$Proxy21.click(Unknown Source)
	at org.openqa.selenium.support.events.EventFiringWebDriver$EventFiringWebElement.click(EventFiringWebDriver.java:417)
	at org.openqa.selenium.WebElement$click.call(Unknown Source)
	at com.kms.katalon.core.webui.keyword.builtin.ClickKeyword.clickUntilSuccessWithTimeout(ClickKeyword.groovy:81)
	at com.kms.katalon.core.webui.keyword.builtin.ClickKeyword.clickUntilSuccessWithTimeout(ClickKeyword.groovy)
	at jdk.internal.reflect.GeneratedMethodAccessor8.invoke(Unknown Source)
	at java.base/jdk.internal.reflect.DelegatingMethodAccessorImpl.invoke(DelegatingMethodAccessorImpl.java:43)
	at com.kms.katalon.core.webui.keyword.builtin.ClickKeyword$_click_closure1.doCall(ClickKeyword.groovy:67)
	at com.kms.katalon.core.webui.keyword.builtin.ClickKeyword$_click_closure1.call(ClickKeyword.groovy)
	at com.kms.katalon.core.webui.keyword.internal.WebUIKeywordMain.runKeyword(WebUIKeywordMain.groovy:35)
	... 38 more
)]]></system-out>
         <system-err><![CDATA[27-11-2024T17:58:31 - [TEST_CASE][FAILED] - Test Cases/2.Positivos/2.2Sobre/Origen-Lima/3.Destino-D,DO,O/Restricción-O: Test Cases/2.Positivos/2.2Sobre/Origen-Lima/3.Destino-D,DO,O/Restricción-O FAILED.
Reason:
com.kms.katalon.core.exception.StepFailedException: Call Test Case 'Test Cases/1.Inicio/1.1Principal/Selec_sobre' failed
	at com.kms.katalon.core.keyword.builtin.CallTestCaseKeyword$_callTestCase_closure1.doCall(CallTestCaseKeyword.groovy:63)
	at com.kms.katalon.core.keyword.builtin.CallTestCaseKeyword$_callTestCase_closure1.call(CallTestCaseKeyword.groovy)
	at com.kms.katalon.core.keyword.internal.KeywordMain.runKeyword(KeywordMain.groovy:75)
	at com.kms.katalon.core.keyword.builtin.CallTestCaseKeyword.callTestCase(CallTestCaseKeyword.groovy:81)
	at com.kms.katalon.core.keyword.builtin.CallTestCaseKeyword.execute(CallTestCaseKeyword.groovy:44)
	at com.kms.katalon.core.keyword.internal.KeywordExecutor.executeKeywordForPlatform(KeywordExecutor.groovy:74)
	at com.kms.katalon.core.keyword.BuiltinKeywords.callTestCase(BuiltinKeywords.groovy:310)
	at jdk.internal.reflect.GeneratedMethodAccessor25.invoke(Unknown Source)
	at java.base/jdk.internal.reflect.DelegatingMethodAccessorImpl.invoke(DelegatingMethodAccessorImpl.java:43)
	at Restricción-O.run(Restricción-O:22)
	at com.kms.katalon.core.main.ScriptEngine.run(ScriptEngine.java:194)
	at com.kms.katalon.core.main.ScriptEngine.runScriptAsRawText(ScriptEngine.java:119)
	at com.kms.katalon.core.main.TestCaseExecutor.runScript(TestCaseExecutor.java:448)
	at com.kms.katalon.core.main.TestCaseExecutor.doExecute(TestCaseExecutor.java:439)
	at com.kms.katalon.core.main.TestCaseExecutor.processExecutionPhase(TestCaseExecutor.java:418)
	at com.kms.katalon.core.main.TestCaseExecutor.accessMainPhase(TestCaseExecutor.java:410)
	at com.kms.katalon.core.main.TestCaseExecutor.execute(TestCaseExecutor.java:285)
	at com.kms.katalon.core.common.CommonExecutor.accessTestCaseMainPhase(CommonExecutor.java:65)
	at com.kms.katalon.core.main.TestSuiteExecutor.accessTestSuiteMainPhase(TestSuiteExecutor.java:150)
	at com.kms.katalon.core.main.TestSuiteExecutor.execute(TestSuiteExecutor.java:106)
	at com.kms.katalon.core.main.TestCaseMain.startTestSuite(TestCaseMain.java:180)
	at TempTestSuite1732745349578.run(TempTestSuite1732745349578.groovy:35)
	at java.base/jdk.internal.reflect.NativeMethodAccessorImpl.invoke0(Native Method)
	at java.base/jdk.internal.reflect.NativeMethodAccessorImpl.invoke(NativeMethodAccessorImpl.java:77)
	at java.base/jdk.internal.reflect.DelegatingMethodAccessorImpl.invoke(DelegatingMethodAccessorImpl.java:43)
Caused by: com.kms.katalon.core.exception.StepFailedException: Unable to click on object 'Object Repository/Principal/Page_Olva Courier  Home/button_CONTINUAR (2)'
	at com.kms.katalon.core.webui.keyword.internal.WebUIKeywordMain.stepFailed(WebUIKeywordMain.groovy:117)
	at com.kms.katalon.core.webui.keyword.internal.WebUIKeywordMain.runKeyword(WebUIKeywordMain.groovy:43)
	at com.kms.katalon.core.webui.keyword.builtin.ClickKeyword.click(ClickKeyword.groovy:74)
	at com.kms.katalon.core.webui.keyword.builtin.ClickKeyword.execute(ClickKeyword.groovy:40)
	at com.kms.katalon.core.keyword.internal.KeywordExecutor.executeKeywordForPlatform(KeywordExecutor.groovy:74)
	at com.kms.katalon.core.webui.keyword.WebUiBuiltInKeywords.click(WebUiBuiltInKeywords.groovy:659)
	at Selec_sobre.run(Selec_sobre:24)
	at com.kms.katalon.core.main.ScriptEngine.run(ScriptEngine.java:194)
	at com.kms.katalon.core.main.ScriptEngine.runScriptAsRawText(ScriptEngine.java:119)
	at com.kms.katalon.core.main.TestCaseExecutor.runScript(TestCaseExecutor.java:448)
	at com.kms.katalon.core.main.TestCaseExecutor.doExecute(TestCaseExecutor.java:439)
	at com.kms.katalon.core.main.TestCaseExecutor.processExecutionPhase(TestCaseExecutor.java:418)
	at com.kms.katalon.core.main.TestCaseExecutor.accessMainPhase(TestCaseExecutor.java:410)
	at com.kms.katalon.core.main.TestCaseExecutor.execute(TestCaseExecutor.java:285)
	at com.kms.katalon.core.main.TestCaseMain.runTestCase(TestCaseMain.java:137)
	at com.kms.katalon.core.keyword.builtin.CallTestCaseKeyword$_callTestCase_closure1.doCall(CallTestCaseKeyword.groovy:59)
	... 24 more
Caused by: org.openqa.selenium.ElementClickInterceptedException: Element <button id="btn_aceptar_tipo_envio" class="btn disabled" type="button"> is not clickable at point (675,588) because another element <div class="modal-footer"> obscures it
Build info: version: '3.141.59', revision: 'unknown', time: 'unknown'
System info: host: 'DESKTOP-RGFFP9A', ip: '10.136.10.6', os.name: 'Windows 11', os.arch: 'amd64', os.version: '10.0', java.version: '17.0.7'
Driver info: com.kms.katalon.core.webui.driver.firefox.CGeckoDriver
Capabilities {acceptInsecureCerts: true, browserName: firefox, browserVersion: 133.0, javascriptEnabled: true, moz:accessibilityChecks: false, moz:buildID: 20241121140525, moz:geckodriverVersion: 0.35.0, moz:headless: false, moz:platformVersion: 10.0, moz:processID: 18664, moz:profile: C:\Users\OLVATI\AppData\Loc..., moz:shutdownTimeout: 60000, moz:webdriverClick: true, moz:windowless: false, pageLoadStrategy: normal, platform: WINDOWS, platformName: WINDOWS, proxy: Proxy(direct), setWindowRect: true, strictFileInteractability: false, timeouts: {implicit: 0, pageLoad: 300000, script: 30000}, unhandledPromptBehavior: dismiss and notify, userAgent: Mozilla/5.0 (Windows NT 10....}
Session ID: 9be26cc9-76bf-4eb9-bcf9-70082c6a52af
	at jdk.internal.reflect.GeneratedConstructorAccessor32.newInstance(Unknown Source)
	at java.base/jdk.internal.reflect.DelegatingConstructorAccessorImpl.newInstance(DelegatingConstructorAccessorImpl.java:45)
	at org.openqa.selenium.remote.http.W3CHttpResponseCodec.createException(W3CHttpResponseCodec.java:187)
	at org.openqa.selenium.remote.http.W3CHttpResponseCodec.decode(W3CHttpResponseCodec.java:122)
	at org.openqa.selenium.remote.http.W3CHttpResponseCodec.decode(W3CHttpResponseCodec.java:49)
	at org.openqa.selenium.remote.HttpCommandExecutor.execute(HttpCommandExecutor.java:158)
	at org.openqa.selenium.remote.service.DriverCommandExecutor.execute(DriverCommandExecutor.java:83)
	at org.openqa.selenium.remote.RemoteWebDriver.execute(RemoteWebDriver.java:552)
	at com.kms.katalon.selenium.driver.CFirefoxDriver.execute(CFirefoxDriver.java:28)
	at org.openqa.selenium.remote.RemoteWebElement.execute(RemoteWebElement.java:285)
	at org.openqa.selenium.remote.RemoteWebElement.click(RemoteWebElement.java:84)
	at jdk.internal.reflect.GeneratedMethodAccessor10.invoke(Unknown Source)
	at java.base/jdk.internal.reflect.DelegatingMethodAccessorImpl.invoke(DelegatingMethodAccessorImpl.java:43)
	at org.openqa.selenium.support.events.EventFiringWebDriver$EventFiringWebElement.lambda$new$0(EventFiringWebDriver.java:404)
	at jdk.proxy2/jdk.proxy2.$Proxy21.click(Unknown Source)
	at org.openqa.selenium.support.events.EventFiringWebDriver$EventFiringWebElement.click(EventFiringWebDriver.java:417)
	at org.openqa.selenium.WebElement$click.call(Unknown Source)
	at com.kms.katalon.core.webui.keyword.builtin.ClickKeyword.clickUntilSuccessWithTimeout(ClickKeyword.groovy:81)
	at com.kms.katalon.core.webui.keyword.builtin.ClickKeyword.clickUntilSuccessWithTimeout(ClickKeyword.groovy)
	at jdk.internal.reflect.GeneratedMethodAccessor8.invoke(Unknown Source)
	at java.base/jdk.internal.reflect.DelegatingMethodAccessorImpl.invoke(DelegatingMethodAccessorImpl.java:43)
	at com.kms.katalon.core.webui.keyword.builtin.ClickKeyword$_click_closure1.doCall(ClickKeyword.groovy:67)
	at com.kms.katalon.core.webui.keyword.builtin.ClickKeyword$_click_closure1.call(ClickKeyword.groovy)
	at com.kms.katalon.core.webui.keyword.internal.WebUIKeywordMain.runKeyword(WebUIKeywordMain.groovy:35)
	... 38 more]]></system-err>
      </testcase>
      <testcase name="Test Cases/2.Positivos/2.2Sobre/Origen-Lima/3.Destino-D,DO,O/Destino-O" time="67.545" classname="Test Cases/2.Positivos/2.2Sobre/Origen-Lima/3.Destino-D,DO,O/Destino-O" status="FAILED">
         <failure type="FAILED" message="Test Cases/2.Positivos/2.2Sobre/Origen-Lima/3.Destino-D,DO,O/Destino-O FAILED.&#xa;Reason:&#xa;com.kms.katalon.core.exception.StepFailedException: Call Test Case 'Test Cases/1.Inicio/1.1Principal/Selec_sobre' failed&#xa;	at com.kms.katalon.core.keyword.builtin.CallTestCaseKeyword$_callTestCase_closure1.doCall(CallTestCaseKeyword.groovy:63)&#xa;	at com.kms.katalon.core.keyword.builtin.CallTestCaseKeyword$_callTestCase_closure1.call(CallTestCaseKeyword.groovy)&#xa;	at com.kms.katalon.core.keyword.internal.KeywordMain.runKeyword(KeywordMain.groovy:75)&#xa;	at com.kms.katalon.core.keyword.builtin.CallTestCaseKeyword.callTestCase(CallTestCaseKeyword.groovy:81)&#xa;	at com.kms.katalon.core.keyword.builtin.CallTestCaseKeyword.execute(CallTestCaseKeyword.groovy:44)&#xa;	at com.kms.katalon.core.keyword.internal.KeywordExecutor.executeKeywordForPlatform(KeywordExecutor.groovy:74)&#xa;	at com.kms.katalon.core.keyword.BuiltinKeywords.callTestCase(BuiltinKeywords.groovy:310)&#xa;	at jdk.internal.reflect.GeneratedMethodAccessor25.invoke(Unknown Source)&#xa;	at java.base/jdk.internal.reflect.DelegatingMethodAccessorImpl.invoke(DelegatingMethodAccessorImpl.java:43)&#xa;	at Destino-O.run(Destino-O:22)&#xa;	at com.kms.katalon.core.main.ScriptEngine.run(ScriptEngine.java:194)&#xa;	at com.kms.katalon.core.main.ScriptEngine.runScriptAsRawText(ScriptEngine.java:119)&#xa;	at com.kms.katalon.core.main.TestCaseExecutor.runScript(TestCaseExecutor.java:448)&#xa;	at com.kms.katalon.core.main.TestCaseExecutor.doExecute(TestCaseExecutor.java:439)&#xa;	at com.kms.katalon.core.main.TestCaseExecutor.processExecutionPhase(TestCaseExecutor.java:418)&#xa;	at com.kms.katalon.core.main.TestCaseExecutor.accessMainPhase(TestCaseExecutor.java:410)&#xa;	at com.kms.katalon.core.main.TestCaseExecutor.execute(TestCaseExecutor.java:285)&#xa;	at com.kms.katalon.core.common.CommonExecutor.accessTestCaseMainPhase(CommonExecutor.java:65)&#xa;	at com.kms.katalon.core.main.TestSuiteExecutor.accessTestSuiteMainPhase(TestSuiteExecutor.java:150)&#xa;	at com.kms.katalon.core.main.TestSuiteExecutor.execute(TestSuiteExecutor.java:106)&#xa;	at com.kms.katalon.core.main.TestCaseMain.startTestSuite(TestCaseMain.java:180)&#xa;	at TempTestSuite1732745349578.run(TempTestSuite1732745349578.groovy:35)&#xa;	at java.base/jdk.internal.reflect.NativeMethodAccessorImpl.invoke0(Native Method)&#xa;	at java.base/jdk.internal.reflect.NativeMethodAccessorImpl.invoke(NativeMethodAccessorImpl.java:77)&#xa;	at java.base/jdk.internal.reflect.DelegatingMethodAccessorImpl.invoke(DelegatingMethodAccessorImpl.java:43)&#xa;Caused by: com.kms.katalon.core.exception.StepFailedException: Unable to click on object 'Object Repository/Principal/Page_Olva Courier  Home/button_CONTINUAR (2)'&#xa;	at com.kms.katalon.core.webui.keyword.internal.WebUIKeywordMain.stepFailed(WebUIKeywordMain.groovy:117)&#xa;	at com.kms.katalon.core.webui.keyword.internal.WebUIKeywordMain.runKeyword(WebUIKeywordMain.groovy:43)&#xa;	at com.kms.katalon.core.webui.keyword.builtin.ClickKeyword.click(ClickKeyword.groovy:74)&#xa;	at com.kms.katalon.core.webui.keyword.builtin.ClickKeyword.execute(ClickKeyword.groovy:40)&#xa;	at com.kms.katalon.core.keyword.internal.KeywordExecutor.executeKeywordForPlatform(KeywordExecutor.groovy:74)&#xa;	at com.kms.katalon.core.webui.keyword.WebUiBuiltInKeywords.click(WebUiBuiltInKeywords.groovy:659)&#xa;	at Selec_sobre.run(Selec_sobre:24)&#xa;	at com.kms.katalon.core.main.ScriptEngine.run(ScriptEngine.java:194)&#xa;	at com.kms.katalon.core.main.ScriptEngine.runScriptAsRawText(ScriptEngine.java:119)&#xa;	at com.kms.katalon.core.main.TestCaseExecutor.runScript(TestCaseExecutor.java:448)&#xa;	at com.kms.katalon.core.main.TestCaseExecutor.doExecute(TestCaseExecutor.java:439)&#xa;	at com.kms.katalon.core.main.TestCaseExecutor.processExecutionPhase(TestCaseExecutor.java:418)&#xa;	at com.kms.katalon.core.main.TestCaseExecutor.accessMainPhase(TestCaseExecutor.java:410)&#xa;	at com.kms.katalon.core.main.TestCaseExecutor.execute(TestCaseExecutor.java:285)&#xa;	at com.kms.katalon.core.main.TestCaseMain.runTestCase(TestCaseMain.java:137)&#xa;	at com.kms.katalon.core.keyword.builtin.CallTestCaseKeyword$_callTestCase_closure1.doCall(CallTestCaseKeyword.groovy:59)&#xa;	... 24 more&#xa;Caused by: org.openqa.selenium.ElementClickInterceptedException: Element &lt;button id=&quot;btn_aceptar_tipo_envio&quot; class=&quot;btn disabled&quot; type=&quot;button&quot;> is not clickable at point (675,588) because another element &lt;div class=&quot;modal-footer&quot;> obscures it&#xa;Build info: version: '3.141.59', revision: 'unknown', time: 'unknown'&#xa;System info: host: 'DESKTOP-RGFFP9A', ip: '10.136.10.6', os.name: 'Windows 11', os.arch: 'amd64', os.version: '10.0', java.version: '17.0.7'&#xa;Driver info: com.kms.katalon.core.webui.driver.firefox.CGeckoDriver&#xa;Capabilities {acceptInsecureCerts: true, browserName: firefox, browserVersion: 133.0, javascriptEnabled: true, moz:accessibilityChecks: false, moz:buildID: 20241121140525, moz:geckodriverVersion: 0.35.0, moz:headless: false, moz:platformVersion: 10.0, moz:processID: 3104, moz:profile: C:\Users\OLVATI\AppData\Loc..., moz:shutdownTimeout: 60000, moz:webdriverClick: true, moz:windowless: false, pageLoadStrategy: normal, platform: WINDOWS, platformName: WINDOWS, proxy: Proxy(direct), setWindowRect: true, strictFileInteractability: false, timeouts: {implicit: 0, pageLoad: 300000, script: 30000}, unhandledPromptBehavior: dismiss and notify, userAgent: Mozilla/5.0 (Windows NT 10....}&#xa;Session ID: 4ab64383-6048-494e-bf81-87febab90f17&#xa;	at jdk.internal.reflect.GeneratedConstructorAccessor32.newInstance(Unknown Source)&#xa;	at java.base/jdk.internal.reflect.DelegatingConstructorAccessorImpl.newInstance(DelegatingConstructorAccessorImpl.java:45)&#xa;	at org.openqa.selenium.remote.http.W3CHttpResponseCodec.createException(W3CHttpResponseCodec.java:187)&#xa;	at org.openqa.selenium.remote.http.W3CHttpResponseCodec.decode(W3CHttpResponseCodec.java:122)&#xa;	at org.openqa.selenium.remote.http.W3CHttpResponseCodec.decode(W3CHttpResponseCodec.java:49)&#xa;	at org.openqa.selenium.remote.HttpCommandExecutor.execute(HttpCommandExecutor.java:158)&#xa;	at org.openqa.selenium.remote.service.DriverCommandExecutor.execute(DriverCommandExecutor.java:83)&#xa;	at org.openqa.selenium.remote.RemoteWebDriver.execute(RemoteWebDriver.java:552)&#xa;	at com.kms.katalon.selenium.driver.CFirefoxDriver.execute(CFirefoxDriver.java:28)&#xa;	at org.openqa.selenium.remote.RemoteWebElement.execute(RemoteWebElement.java:285)&#xa;	at org.openqa.selenium.remote.RemoteWebElement.click(RemoteWebElement.java:84)&#xa;	at jdk.internal.reflect.GeneratedMethodAccessor10.invoke(Unknown Source)&#xa;	at java.base/jdk.internal.reflect.DelegatingMethodAccessorImpl.invoke(DelegatingMethodAccessorImpl.java:43)&#xa;	at org.openqa.selenium.support.events.EventFiringWebDriver$EventFiringWebElement.lambda$new$0(EventFiringWebDriver.java:404)&#xa;	at jdk.proxy2/jdk.proxy2.$Proxy21.click(Unknown Source)&#xa;	at org.openqa.selenium.support.events.EventFiringWebDriver$EventFiringWebElement.click(EventFiringWebDriver.java:417)&#xa;	at org.openqa.selenium.WebElement$click.call(Unknown Source)&#xa;	at com.kms.katalon.core.webui.keyword.builtin.ClickKeyword.clickUntilSuccessWithTimeout(ClickKeyword.groovy:81)&#xa;	at com.kms.katalon.core.webui.keyword.builtin.ClickKeyword.clickUntilSuccessWithTimeout(ClickKeyword.groovy)&#xa;	at jdk.internal.reflect.GeneratedMethodAccessor8.invoke(Unknown Source)&#xa;	at java.base/jdk.internal.reflect.DelegatingMethodAccessorImpl.invoke(DelegatingMethodAccessorImpl.java:43)&#xa;	at com.kms.katalon.core.webui.keyword.builtin.ClickKeyword$_click_closure1.doCall(ClickKeyword.groovy:67)&#xa;	at com.kms.katalon.core.webui.keyword.builtin.ClickKeyword$_click_closure1.call(ClickKeyword.groovy)&#xa;	at com.kms.katalon.core.webui.keyword.internal.WebUIKeywordMain.runKeyword(WebUIKeywordMain.groovy:35)&#xa;	... 38 more&#xa;"/>
         <system-out><![CDATA[27-11-2024T17:59:26 - [TEST_CASE][FAILED] - Test Cases/2.Positivos/2.2Sobre/Origen-Lima/3.Destino-D,DO,O/Destino-O: Test Cases/2.Positivos/2.2Sobre/Origen-Lima/3.Destino-D,DO,O/Destino-O FAILED.
Reason:
com.kms.katalon.core.exception.StepFailedException: Call Test Case 'Test Cases/1.Inicio/1.1Principal/Selec_sobre' failed
	at com.kms.katalon.core.keyword.builtin.CallTestCaseKeyword$_callTestCase_closure1.doCall(CallTestCaseKeyword.groovy:63)
	at com.kms.katalon.core.keyword.builtin.CallTestCaseKeyword$_callTestCase_closure1.call(CallTestCaseKeyword.groovy)
	at com.kms.katalon.core.keyword.internal.KeywordMain.runKeyword(KeywordMain.groovy:75)
	at com.kms.katalon.core.keyword.builtin.CallTestCaseKeyword.callTestCase(CallTestCaseKeyword.groovy:81)
	at com.kms.katalon.core.keyword.builtin.CallTestCaseKeyword.execute(CallTestCaseKeyword.groovy:44)
	at com.kms.katalon.core.keyword.internal.KeywordExecutor.executeKeywordForPlatform(KeywordExecutor.groovy:74)
	at com.kms.katalon.core.keyword.BuiltinKeywords.callTestCase(BuiltinKeywords.groovy:310)
	at jdk.internal.reflect.GeneratedMethodAccessor25.invoke(Unknown Source)
	at java.base/jdk.internal.reflect.DelegatingMethodAccessorImpl.invoke(DelegatingMethodAccessorImpl.java:43)
	at Destino-O.run(Destino-O:22)
	at com.kms.katalon.core.main.ScriptEngine.run(ScriptEngine.java:194)
	at com.kms.katalon.core.main.ScriptEngine.runScriptAsRawText(ScriptEngine.java:119)
	at com.kms.katalon.core.main.TestCaseExecutor.runScript(TestCaseExecutor.java:448)
	at com.kms.katalon.core.main.TestCaseExecutor.doExecute(TestCaseExecutor.java:439)
	at com.kms.katalon.core.main.TestCaseExecutor.processExecutionPhase(TestCaseExecutor.java:418)
	at com.kms.katalon.core.main.TestCaseExecutor.accessMainPhase(TestCaseExecutor.java:410)
	at com.kms.katalon.core.main.TestCaseExecutor.execute(TestCaseExecutor.java:285)
	at com.kms.katalon.core.common.CommonExecutor.accessTestCaseMainPhase(CommonExecutor.java:65)
	at com.kms.katalon.core.main.TestSuiteExecutor.accessTestSuiteMainPhase(TestSuiteExecutor.java:150)
	at com.kms.katalon.core.main.TestSuiteExecutor.execute(TestSuiteExecutor.java:106)
	at com.kms.katalon.core.main.TestCaseMain.startTestSuite(TestCaseMain.java:180)
	at TempTestSuite1732745349578.run(TempTestSuite1732745349578.groovy:35)
	at java.base/jdk.internal.reflect.NativeMethodAccessorImpl.invoke0(Native Method)
	at java.base/jdk.internal.reflect.NativeMethodAccessorImpl.invoke(NativeMethodAccessorImpl.java:77)
	at java.base/jdk.internal.reflect.DelegatingMethodAccessorImpl.invoke(DelegatingMethodAccessorImpl.java:43)
Caused by: com.kms.katalon.core.exception.StepFailedException: Unable to click on object 'Object Repository/Principal/Page_Olva Courier  Home/button_CONTINUAR (2)'
	at com.kms.katalon.core.webui.keyword.internal.WebUIKeywordMain.stepFailed(WebUIKeywordMain.groovy:117)
	at com.kms.katalon.core.webui.keyword.internal.WebUIKeywordMain.runKeyword(WebUIKeywordMain.groovy:43)
	at com.kms.katalon.core.webui.keyword.builtin.ClickKeyword.click(ClickKeyword.groovy:74)
	at com.kms.katalon.core.webui.keyword.builtin.ClickKeyword.execute(ClickKeyword.groovy:40)
	at com.kms.katalon.core.keyword.internal.KeywordExecutor.executeKeywordForPlatform(KeywordExecutor.groovy:74)
	at com.kms.katalon.core.webui.keyword.WebUiBuiltInKeywords.click(WebUiBuiltInKeywords.groovy:659)
	at Selec_sobre.run(Selec_sobre:24)
	at com.kms.katalon.core.main.ScriptEngine.run(ScriptEngine.java:194)
	at com.kms.katalon.core.main.ScriptEngine.runScriptAsRawText(ScriptEngine.java:119)
	at com.kms.katalon.core.main.TestCaseExecutor.runScript(TestCaseExecutor.java:448)
	at com.kms.katalon.core.main.TestCaseExecutor.doExecute(TestCaseExecutor.java:439)
	at com.kms.katalon.core.main.TestCaseExecutor.processExecutionPhase(TestCaseExecutor.java:418)
	at com.kms.katalon.core.main.TestCaseExecutor.accessMainPhase(TestCaseExecutor.java:410)
	at com.kms.katalon.core.main.TestCaseExecutor.execute(TestCaseExecutor.java:285)
	at com.kms.katalon.core.main.TestCaseMain.runTestCase(TestCaseMain.java:137)
	at com.kms.katalon.core.keyword.builtin.CallTestCaseKeyword$_callTestCase_closure1.doCall(CallTestCaseKeyword.groovy:59)
	... 24 more
Caused by: org.openqa.selenium.ElementClickInterceptedException: Element <button id="btn_aceptar_tipo_envio" class="btn disabled" type="button"> is not clickable at point (675,588) because another element <div class="modal-footer"> obscures it
Build info: version: '3.141.59', revision: 'unknown', time: 'unknown'
System info: host: 'DESKTOP-RGFFP9A', ip: '10.136.10.6', os.name: 'Windows 11', os.arch: 'amd64', os.version: '10.0', java.version: '17.0.7'
Driver info: com.kms.katalon.core.webui.driver.firefox.CGeckoDriver
Capabilities {acceptInsecureCerts: true, browserName: firefox, browserVersion: 133.0, javascriptEnabled: true, moz:accessibilityChecks: false, moz:buildID: 20241121140525, moz:geckodriverVersion: 0.35.0, moz:headless: false, moz:platformVersion: 10.0, moz:processID: 3104, moz:profile: C:\Users\OLVATI\AppData\Loc..., moz:shutdownTimeout: 60000, moz:webdriverClick: true, moz:windowless: false, pageLoadStrategy: normal, platform: WINDOWS, platformName: WINDOWS, proxy: Proxy(direct), setWindowRect: true, strictFileInteractability: false, timeouts: {implicit: 0, pageLoad: 300000, script: 30000}, unhandledPromptBehavior: dismiss and notify, userAgent: Mozilla/5.0 (Windows NT 10....}
Session ID: 4ab64383-6048-494e-bf81-87febab90f17
	at jdk.internal.reflect.GeneratedConstructorAccessor32.newInstance(Unknown Source)
	at java.base/jdk.internal.reflect.DelegatingConstructorAccessorImpl.newInstance(DelegatingConstructorAccessorImpl.java:45)
	at org.openqa.selenium.remote.http.W3CHttpResponseCodec.createException(W3CHttpResponseCodec.java:187)
	at org.openqa.selenium.remote.http.W3CHttpResponseCodec.decode(W3CHttpResponseCodec.java:122)
	at org.openqa.selenium.remote.http.W3CHttpResponseCodec.decode(W3CHttpResponseCodec.java:49)
	at org.openqa.selenium.remote.HttpCommandExecutor.execute(HttpCommandExecutor.java:158)
	at org.openqa.selenium.remote.service.DriverCommandExecutor.execute(DriverCommandExecutor.java:83)
	at org.openqa.selenium.remote.RemoteWebDriver.execute(RemoteWebDriver.java:552)
	at com.kms.katalon.selenium.driver.CFirefoxDriver.execute(CFirefoxDriver.java:28)
	at org.openqa.selenium.remote.RemoteWebElement.execute(RemoteWebElement.java:285)
	at org.openqa.selenium.remote.RemoteWebElement.click(RemoteWebElement.java:84)
	at jdk.internal.reflect.GeneratedMethodAccessor10.invoke(Unknown Source)
	at java.base/jdk.internal.reflect.DelegatingMethodAccessorImpl.invoke(DelegatingMethodAccessorImpl.java:43)
	at org.openqa.selenium.support.events.EventFiringWebDriver$EventFiringWebElement.lambda$new$0(EventFiringWebDriver.java:404)
	at jdk.proxy2/jdk.proxy2.$Proxy21.click(Unknown Source)
	at org.openqa.selenium.support.events.EventFiringWebDriver$EventFiringWebElement.click(EventFiringWebDriver.java:417)
	at org.openqa.selenium.WebElement$click.call(Unknown Source)
	at com.kms.katalon.core.webui.keyword.builtin.ClickKeyword.clickUntilSuccessWithTimeout(ClickKeyword.groovy:81)
	at com.kms.katalon.core.webui.keyword.builtin.ClickKeyword.clickUntilSuccessWithTimeout(ClickKeyword.groovy)
	at jdk.internal.reflect.GeneratedMethodAccessor8.invoke(Unknown Source)
	at java.base/jdk.internal.reflect.DelegatingMethodAccessorImpl.invoke(DelegatingMethodAccessorImpl.java:43)
	at com.kms.katalon.core.webui.keyword.builtin.ClickKeyword$_click_closure1.doCall(ClickKeyword.groovy:67)
	at com.kms.katalon.core.webui.keyword.builtin.ClickKeyword$_click_closure1.call(ClickKeyword.groovy)
	at com.kms.katalon.core.webui.keyword.internal.WebUIKeywordMain.runKeyword(WebUIKeywordMain.groovy:35)
	... 38 more


27-11-2024T17:59:28 - [TEST_STEP][PASSED] - callTestCase(findTestCase("1.Inicio/1.1Principal/Principal-home"), [:], STOP_ON_FAILURE): Call Test Case 'Test Cases/1.Inicio/1.1Principal/Principal-home' successfully

27-11-2024T17:59:28 - [TEST_CASE][PASSED] - Test Cases/1.Inicio/1.1Principal/Principal-home: Test Cases/1.Inicio/1.1Principal/Principal-home

27-11-2024T17:59:28 - [TEST_STEP][PASSED] - openBrowser(""): Browser is opened with url: ''

27-11-2024T17:59:28 - [MESSAGE][WARNING] - A browser is already opened. Closing browser and opening a new one

27-11-2024T17:59:34 - [MESSAGE][INFO] - Starting 'Firefox' driver

27-11-2024T17:59:34 - [MESSAGE][INFO] - Action delay is set to 0 milliseconds

27-11-2024T17:59:52 - [MESSAGE][PASSED] - Browser is opened with url: ''

27-11-2024T17:59:52 - [TEST_STEP][PASSED] - navigateToUrl("https://dev01-registrodeenvios.olvacourier.com/principal"): Navigate to 'https://dev01-registrodeenvios.olvacourier.com/principal' successfully

27-11-2024T17:59:59 - [MESSAGE][PASSED] - Navigate to 'https://dev01-registrodeenvios.olvacourier.com/principal' successfully

27-11-2024T17:59:59 - [TEST_STEP][PASSED] - maximizeWindow(): Current window maximized

27-11-2024T18:00:00 - [MESSAGE][PASSED] - Current window maximized

27-11-2024T18:00:00 - [MESSAGE][PASSED] - Call Test Case 'Test Cases/1.Inicio/1.1Principal/Principal-home' successfully

27-11-2024T18:00:00 - [TEST_STEP][FAILED] - callTestCase(findTestCase("1.Inicio/1.1Principal/Selec_sobre"), [:], STOP_ON_FAILURE): Unable to call Test Case 'Test Cases/1.Inicio/1.1Principal/Selec_sobre' (Root cause: com.kms.katalon.core.exception.StepFailedException: Call Test Case 'Test Cases/1.Inicio/1.1Principal/Selec_sobre' failed
	at com.kms.katalon.core.keyword.builtin.CallTestCaseKeyword$_callTestCase_closure1.doCall(CallTestCaseKeyword.groovy:63)
	at com.kms.katalon.core.keyword.builtin.CallTestCaseKeyword$_callTestCase_closure1.call(CallTestCaseKeyword.groovy)
	at com.kms.katalon.core.keyword.internal.KeywordMain.runKeyword(KeywordMain.groovy:75)
	at com.kms.katalon.core.keyword.builtin.CallTestCaseKeyword.callTestCase(CallTestCaseKeyword.groovy:81)
	at com.kms.katalon.core.keyword.builtin.CallTestCaseKeyword.execute(CallTestCaseKeyword.groovy:44)
	at com.kms.katalon.core.keyword.internal.KeywordExecutor.executeKeywordForPlatform(KeywordExecutor.groovy:74)
	at com.kms.katalon.core.keyword.BuiltinKeywords.callTestCase(BuiltinKeywords.groovy:310)
	at jdk.internal.reflect.GeneratedMethodAccessor25.invoke(Unknown Source)
	at java.base/jdk.internal.reflect.DelegatingMethodAccessorImpl.invoke(DelegatingMethodAccessorImpl.java:43)
	at Destino-O.run(Destino-O:22)
	at com.kms.katalon.core.main.ScriptEngine.run(ScriptEngine.java:194)
	at com.kms.katalon.core.main.ScriptEngine.runScriptAsRawText(ScriptEngine.java:119)
	at com.kms.katalon.core.main.TestCaseExecutor.runScript(TestCaseExecutor.java:448)
	at com.kms.katalon.core.main.TestCaseExecutor.doExecute(TestCaseExecutor.java:439)
	at com.kms.katalon.core.main.TestCaseExecutor.processExecutionPhase(TestCaseExecutor.java:418)
	at com.kms.katalon.core.main.TestCaseExecutor.accessMainPhase(TestCaseExecutor.java:410)
	at com.kms.katalon.core.main.TestCaseExecutor.execute(TestCaseExecutor.java:285)
	at com.kms.katalon.core.common.CommonExecutor.accessTestCaseMainPhase(CommonExecutor.java:65)
	at com.kms.katalon.core.main.TestSuiteExecutor.accessTestSuiteMainPhase(TestSuiteExecutor.java:150)
	at com.kms.katalon.core.main.TestSuiteExecutor.execute(TestSuiteExecutor.java:106)
	at com.kms.katalon.core.main.TestCaseMain.startTestSuite(TestCaseMain.java:180)
	at TempTestSuite1732745349578.run(TempTestSuite1732745349578.groovy:35)
	at java.base/jdk.internal.reflect.NativeMethodAccessorImpl.invoke0(Native Method)
	at java.base/jdk.internal.reflect.NativeMethodAccessorImpl.invoke(NativeMethodAccessorImpl.java:77)
	at java.base/jdk.internal.reflect.DelegatingMethodAccessorImpl.invoke(DelegatingMethodAccessorImpl.java:43)
Caused by: com.kms.katalon.core.exception.StepFailedException: Unable to click on object 'Object Repository/Principal/Page_Olva Courier  Home/button_CONTINUAR (2)'
	at com.kms.katalon.core.webui.keyword.internal.WebUIKeywordMain.stepFailed(WebUIKeywordMain.groovy:117)
	at com.kms.katalon.core.webui.keyword.internal.WebUIKeywordMain.runKeyword(WebUIKeywordMain.groovy:43)
	at com.kms.katalon.core.webui.keyword.builtin.ClickKeyword.click(ClickKeyword.groovy:74)
	at com.kms.katalon.core.webui.keyword.builtin.ClickKeyword.execute(ClickKeyword.groovy:40)
	at com.kms.katalon.core.keyword.internal.KeywordExecutor.executeKeywordForPlatform(KeywordExecutor.groovy:74)
	at com.kms.katalon.core.webui.keyword.WebUiBuiltInKeywords.click(WebUiBuiltInKeywords.groovy:659)
	at Selec_sobre.run(Selec_sobre:24)
	at com.kms.katalon.core.main.ScriptEngine.run(ScriptEngine.java:194)
	at com.kms.katalon.core.main.ScriptEngine.runScriptAsRawText(ScriptEngine.java:119)
	at com.kms.katalon.core.main.TestCaseExecutor.runScript(TestCaseExecutor.java:448)
	at com.kms.katalon.core.main.TestCaseExecutor.doExecute(TestCaseExecutor.java:439)
	at com.kms.katalon.core.main.TestCaseExecutor.processExecutionPhase(TestCaseExecutor.java:418)
	at com.kms.katalon.core.main.TestCaseExecutor.accessMainPhase(TestCaseExecutor.java:410)
	at com.kms.katalon.core.main.TestCaseExecutor.execute(TestCaseExecutor.java:285)
	at com.kms.katalon.core.main.TestCaseMain.runTestCase(TestCaseMain.java:137)
	at com.kms.katalon.core.keyword.builtin.CallTestCaseKeyword$_callTestCase_closure1.doCall(CallTestCaseKeyword.groovy:59)
	... 24 more
Caused by: org.openqa.selenium.ElementClickInterceptedException: Element <button id="btn_aceptar_tipo_envio" class="btn disabled" type="button"> is not clickable at point (675,588) because another element <div class="modal-footer"> obscures it
Build info: version: '3.141.59', revision: 'unknown', time: 'unknown'
System info: host: 'DESKTOP-RGFFP9A', ip: '10.136.10.6', os.name: 'Windows 11', os.arch: 'amd64', os.version: '10.0', java.version: '17.0.7'
Driver info: com.kms.katalon.core.webui.driver.firefox.CGeckoDriver
Capabilities {acceptInsecureCerts: true, browserName: firefox, browserVersion: 133.0, javascriptEnabled: true, moz:accessibilityChecks: false, moz:buildID: 20241121140525, moz:geckodriverVersion: 0.35.0, moz:headless: false, moz:platformVersion: 10.0, moz:processID: 3104, moz:profile: C:\Users\OLVATI\AppData\Loc..., moz:shutdownTimeout: 60000, moz:webdriverClick: true, moz:windowless: false, pageLoadStrategy: normal, platform: WINDOWS, platformName: WINDOWS, proxy: Proxy(direct), setWindowRect: true, strictFileInteractability: false, timeouts: {implicit: 0, pageLoad: 300000, script: 30000}, unhandledPromptBehavior: dismiss and notify, userAgent: Mozilla/5.0 (Windows NT 10....}
Session ID: 4ab64383-6048-494e-bf81-87febab90f17
	at jdk.internal.reflect.GeneratedConstructorAccessor32.newInstance(Unknown Source)
	at java.base/jdk.internal.reflect.DelegatingConstructorAccessorImpl.newInstance(DelegatingConstructorAccessorImpl.java:45)
	at org.openqa.selenium.remote.http.W3CHttpResponseCodec.createException(W3CHttpResponseCodec.java:187)
	at org.openqa.selenium.remote.http.W3CHttpResponseCodec.decode(W3CHttpResponseCodec.java:122)
	at org.openqa.selenium.remote.http.W3CHttpResponseCodec.decode(W3CHttpResponseCodec.java:49)
	at org.openqa.selenium.remote.HttpCommandExecutor.execute(HttpCommandExecutor.java:158)
	at org.openqa.selenium.remote.service.DriverCommandExecutor.execute(DriverCommandExecutor.java:83)
	at org.openqa.selenium.remote.RemoteWebDriver.execute(RemoteWebDriver.java:552)
	at com.kms.katalon.selenium.driver.CFirefoxDriver.execute(CFirefoxDriver.java:28)
	at org.openqa.selenium.remote.RemoteWebElement.execute(RemoteWebElement.java:285)
	at org.openqa.selenium.remote.RemoteWebElement.click(RemoteWebElement.java:84)
	at jdk.internal.reflect.GeneratedMethodAccessor10.invoke(Unknown Source)
	at java.base/jdk.internal.reflect.DelegatingMethodAccessorImpl.invoke(DelegatingMethodAccessorImpl.java:43)
	at org.openqa.selenium.support.events.EventFiringWebDriver$EventFiringWebElement.lambda$new$0(EventFiringWebDriver.java:404)
	at jdk.proxy2/jdk.proxy2.$Proxy21.click(Unknown Source)
	at org.openqa.selenium.support.events.EventFiringWebDriver$EventFiringWebElement.click(EventFiringWebDriver.java:417)
	at org.openqa.selenium.WebElement$click.call(Unknown Source)
	at com.kms.katalon.core.webui.keyword.builtin.ClickKeyword.clickUntilSuccessWithTimeout(ClickKeyword.groovy:81)
	at com.kms.katalon.core.webui.keyword.builtin.ClickKeyword.clickUntilSuccessWithTimeout(ClickKeyword.groovy)
	at jdk.internal.reflect.GeneratedMethodAccessor8.invoke(Unknown Source)
	at java.base/jdk.internal.reflect.DelegatingMethodAccessorImpl.invoke(DelegatingMethodAccessorImpl.java:43)
	at com.kms.katalon.core.webui.keyword.builtin.ClickKeyword$_click_closure1.doCall(ClickKeyword.groovy:67)
	at com.kms.katalon.core.webui.keyword.builtin.ClickKeyword$_click_closure1.call(ClickKeyword.groovy)
	at com.kms.katalon.core.webui.keyword.internal.WebUIKeywordMain.runKeyword(WebUIKeywordMain.groovy:35)
	... 38 more
)

27-11-2024T18:00:01 - [TEST_CASE][FAILED] - Test Cases/1.Inicio/1.1Principal/Selec_sobre: Test Cases/1.Inicio/1.1Principal/Selec_sobre FAILED.
Reason:
com.kms.katalon.core.exception.StepFailedException: Unable to click on object 'Object Repository/Principal/Page_Olva Courier  Home/button_CONTINUAR (2)'
	at com.kms.katalon.core.webui.keyword.internal.WebUIKeywordMain.stepFailed(WebUIKeywordMain.groovy:117)
	at com.kms.katalon.core.webui.keyword.internal.WebUIKeywordMain.runKeyword(WebUIKeywordMain.groovy:43)
	at com.kms.katalon.core.webui.keyword.builtin.ClickKeyword.click(ClickKeyword.groovy:74)
	at com.kms.katalon.core.webui.keyword.builtin.ClickKeyword.execute(ClickKeyword.groovy:40)
	at com.kms.katalon.core.keyword.internal.KeywordExecutor.executeKeywordForPlatform(KeywordExecutor.groovy:74)
	at com.kms.katalon.core.webui.keyword.WebUiBuiltInKeywords.click(WebUiBuiltInKeywords.groovy:659)
	at Selec_sobre.run(Selec_sobre:24)
	at com.kms.katalon.core.main.ScriptEngine.run(ScriptEngine.java:194)
	at com.kms.katalon.core.main.ScriptEngine.runScriptAsRawText(ScriptEngine.java:119)
	at com.kms.katalon.core.main.TestCaseExecutor.runScript(TestCaseExecutor.java:448)
	at com.kms.katalon.core.main.TestCaseExecutor.doExecute(TestCaseExecutor.java:439)
	at com.kms.katalon.core.main.TestCaseExecutor.processExecutionPhase(TestCaseExecutor.java:418)
	at com.kms.katalon.core.main.TestCaseExecutor.accessMainPhase(TestCaseExecutor.java:410)
	at com.kms.katalon.core.main.TestCaseExecutor.execute(TestCaseExecutor.java:285)
	at com.kms.katalon.core.main.TestCaseMain.runTestCase(TestCaseMain.java:137)
	at com.kms.katalon.core.keyword.builtin.CallTestCaseKeyword$_callTestCase_closure1.doCall(CallTestCaseKeyword.groovy:59)
	at com.kms.katalon.core.keyword.builtin.CallTestCaseKeyword$_callTestCase_closure1.call(CallTestCaseKeyword.groovy)
	at com.kms.katalon.core.keyword.internal.KeywordMain.runKeyword(KeywordMain.groovy:75)
	at com.kms.katalon.core.keyword.builtin.CallTestCaseKeyword.callTestCase(CallTestCaseKeyword.groovy:81)
	at com.kms.katalon.core.keyword.builtin.CallTestCaseKeyword.execute(CallTestCaseKeyword.groovy:44)
	at com.kms.katalon.core.keyword.internal.KeywordExecutor.executeKeywordForPlatform(KeywordExecutor.groovy:74)
	at com.kms.katalon.core.keyword.BuiltinKeywords.callTestCase(BuiltinKeywords.groovy:310)
	at jdk.internal.reflect.GeneratedMethodAccessor25.invoke(Unknown Source)
	at java.base/jdk.internal.reflect.DelegatingMethodAccessorImpl.invoke(DelegatingMethodAccessorImpl.java:43)
	at Destino-O.run(Destino-O:22)
	at com.kms.katalon.core.main.ScriptEngine.run(ScriptEngine.java:194)
	at com.kms.katalon.core.main.ScriptEngine.runScriptAsRawText(ScriptEngine.java:119)
	at com.kms.katalon.core.main.TestCaseExecutor.runScript(TestCaseExecutor.java:448)
	at com.kms.katalon.core.main.TestCaseExecutor.doExecute(TestCaseExecutor.java:439)
	at com.kms.katalon.core.main.TestCaseExecutor.processExecutionPhase(TestCaseExecutor.java:418)
	at com.kms.katalon.core.main.TestCaseExecutor.accessMainPhase(TestCaseExecutor.java:410)
	at com.kms.katalon.core.main.TestCaseExecutor.execute(TestCaseExecutor.java:285)
	at com.kms.katalon.core.common.CommonExecutor.accessTestCaseMainPhase(CommonExecutor.java:65)
	at com.kms.katalon.core.main.TestSuiteExecutor.accessTestSuiteMainPhase(TestSuiteExecutor.java:150)
	at com.kms.katalon.core.main.TestSuiteExecutor.execute(TestSuiteExecutor.java:106)
	at com.kms.katalon.core.main.TestCaseMain.startTestSuite(TestCaseMain.java:180)
	at TempTestSuite1732745349578.run(TempTestSuite1732745349578.groovy:35)
	at java.base/jdk.internal.reflect.NativeMethodAccessorImpl.invoke0(Native Method)
	at java.base/jdk.internal.reflect.NativeMethodAccessorImpl.invoke(NativeMethodAccessorImpl.java:77)
	at java.base/jdk.internal.reflect.DelegatingMethodAccessorImpl.invoke(DelegatingMethodAccessorImpl.java:43)
Caused by: org.openqa.selenium.ElementClickInterceptedException: Element <button id="btn_aceptar_tipo_envio" class="btn disabled" type="button"> is not clickable at point (675,588) because another element <div class="modal-footer"> obscures it
Build info: version: '3.141.59', revision: 'unknown', time: 'unknown'
System info: host: 'DESKTOP-RGFFP9A', ip: '10.136.10.6', os.name: 'Windows 11', os.arch: 'amd64', os.version: '10.0', java.version: '17.0.7'
Driver info: com.kms.katalon.core.webui.driver.firefox.CGeckoDriver
Capabilities {acceptInsecureCerts: true, browserName: firefox, browserVersion: 133.0, javascriptEnabled: true, moz:accessibilityChecks: false, moz:buildID: 20241121140525, moz:geckodriverVersion: 0.35.0, moz:headless: false, moz:platformVersion: 10.0, moz:processID: 3104, moz:profile: C:\Users\OLVATI\AppData\Loc..., moz:shutdownTimeout: 60000, moz:webdriverClick: true, moz:windowless: false, pageLoadStrategy: normal, platform: WINDOWS, platformName: WINDOWS, proxy: Proxy(direct), setWindowRect: true, strictFileInteractability: false, timeouts: {implicit: 0, pageLoad: 300000, script: 30000}, unhandledPromptBehavior: dismiss and notify, userAgent: Mozilla/5.0 (Windows NT 10....}
Session ID: 4ab64383-6048-494e-bf81-87febab90f17
	at jdk.internal.reflect.GeneratedConstructorAccessor32.newInstance(Unknown Source)
	at java.base/jdk.internal.reflect.DelegatingConstructorAccessorImpl.newInstance(DelegatingConstructorAccessorImpl.java:45)
	at org.openqa.selenium.remote.http.W3CHttpResponseCodec.createException(W3CHttpResponseCodec.java:187)
	at org.openqa.selenium.remote.http.W3CHttpResponseCodec.decode(W3CHttpResponseCodec.java:122)
	at org.openqa.selenium.remote.http.W3CHttpResponseCodec.decode(W3CHttpResponseCodec.java:49)
	at org.openqa.selenium.remote.HttpCommandExecutor.execute(HttpCommandExecutor.java:158)
	at org.openqa.selenium.remote.service.DriverCommandExecutor.execute(DriverCommandExecutor.java:83)
	at org.openqa.selenium.remote.RemoteWebDriver.execute(RemoteWebDriver.java:552)
	at com.kms.katalon.selenium.driver.CFirefoxDriver.execute(CFirefoxDriver.java:28)
	at org.openqa.selenium.remote.RemoteWebElement.execute(RemoteWebElement.java:285)
	at org.openqa.selenium.remote.RemoteWebElement.click(RemoteWebElement.java:84)
	at jdk.internal.reflect.GeneratedMethodAccessor10.invoke(Unknown Source)
	at java.base/jdk.internal.reflect.DelegatingMethodAccessorImpl.invoke(DelegatingMethodAccessorImpl.java:43)
	at org.openqa.selenium.support.events.EventFiringWebDriver$EventFiringWebElement.lambda$new$0(EventFiringWebDriver.java:404)
	at jdk.proxy2/jdk.proxy2.$Proxy21.click(Unknown Source)
	at org.openqa.selenium.support.events.EventFiringWebDriver$EventFiringWebElement.click(EventFiringWebDriver.java:417)
	at org.openqa.selenium.WebElement$click.call(Unknown Source)
	at com.kms.katalon.core.webui.keyword.builtin.ClickKeyword.clickUntilSuccessWithTimeout(ClickKeyword.groovy:81)
	at com.kms.katalon.core.webui.keyword.builtin.ClickKeyword.clickUntilSuccessWithTimeout(ClickKeyword.groovy)
	at jdk.internal.reflect.GeneratedMethodAccessor8.invoke(Unknown Source)
	at java.base/jdk.internal.reflect.DelegatingMethodAccessorImpl.invoke(DelegatingMethodAccessorImpl.java:43)
	at com.kms.katalon.core.webui.keyword.builtin.ClickKeyword$_click_closure1.doCall(ClickKeyword.groovy:67)
	at com.kms.katalon.core.webui.keyword.builtin.ClickKeyword$_click_closure1.call(ClickKeyword.groovy)
	at com.kms.katalon.core.webui.keyword.internal.WebUIKeywordMain.runKeyword(WebUIKeywordMain.groovy:35)
	... 38 more


27-11-2024T18:00:01 - [TEST_STEP][PASSED] - click(findTestObject("Object Repository/Principal/Page_Olva Courier  Home/img_Envo de cajas o paquetescon un peso mxi_37770f")): Object: 'Object Repository/Principal/Page_Olva Courier  Home/img_Envo de cajas o paquetescon un peso mxi_37770f' is clicked on

27-11-2024T18:00:01 - [MESSAGE][PASSED] - Object: 'Object Repository/Principal/Page_Olva Courier  Home/img_Envo de cajas o paquetescon un peso mxi_37770f' is clicked on

27-11-2024T18:00:01 - [TEST_STEP][PASSED] - click(findTestObject("Object Repository/Principal/Page_Olva Courier  Home/label_He ledo y acepto los trminos de uso y_adab65")): Object: 'Object Repository/Principal/Page_Olva Courier  Home/label_He ledo y acepto los trminos de uso y_adab65' is clicked on

27-11-2024T18:00:03 - [MESSAGE][PASSED] - Object: 'Object Repository/Principal/Page_Olva Courier  Home/label_He ledo y acepto los trminos de uso y_adab65' is clicked on

27-11-2024T18:00:03 - [TEST_STEP][FAILED] - click(findTestObject("Object Repository/Principal/Page_Olva Courier  Home/button_CONTINUAR (2)")): Unable to click on object 'Object Repository/Principal/Page_Olva Courier  Home/button_CONTINUAR (2)' (Root cause: com.kms.katalon.core.exception.StepFailedException: Unable to click on object 'Object Repository/Principal/Page_Olva Courier  Home/button_CONTINUAR (2)'
	at com.kms.katalon.core.webui.keyword.internal.WebUIKeywordMain.stepFailed(WebUIKeywordMain.groovy:117)
	at com.kms.katalon.core.webui.keyword.internal.WebUIKeywordMain.runKeyword(WebUIKeywordMain.groovy:43)
	at com.kms.katalon.core.webui.keyword.builtin.ClickKeyword.click(ClickKeyword.groovy:74)
	at com.kms.katalon.core.webui.keyword.builtin.ClickKeyword.execute(ClickKeyword.groovy:40)
	at com.kms.katalon.core.keyword.internal.KeywordExecutor.executeKeywordForPlatform(KeywordExecutor.groovy:74)
	at com.kms.katalon.core.webui.keyword.WebUiBuiltInKeywords.click(WebUiBuiltInKeywords.groovy:659)
	at Selec_sobre.run(Selec_sobre:24)
	at com.kms.katalon.core.main.ScriptEngine.run(ScriptEngine.java:194)
	at com.kms.katalon.core.main.ScriptEngine.runScriptAsRawText(ScriptEngine.java:119)
	at com.kms.katalon.core.main.TestCaseExecutor.runScript(TestCaseExecutor.java:448)
	at com.kms.katalon.core.main.TestCaseExecutor.doExecute(TestCaseExecutor.java:439)
	at com.kms.katalon.core.main.TestCaseExecutor.processExecutionPhase(TestCaseExecutor.java:418)
	at com.kms.katalon.core.main.TestCaseExecutor.accessMainPhase(TestCaseExecutor.java:410)
	at com.kms.katalon.core.main.TestCaseExecutor.execute(TestCaseExecutor.java:285)
	at com.kms.katalon.core.main.TestCaseMain.runTestCase(TestCaseMain.java:137)
	at com.kms.katalon.core.keyword.builtin.CallTestCaseKeyword$_callTestCase_closure1.doCall(CallTestCaseKeyword.groovy:59)
	at com.kms.katalon.core.keyword.builtin.CallTestCaseKeyword$_callTestCase_closure1.call(CallTestCaseKeyword.groovy)
	at com.kms.katalon.core.keyword.internal.KeywordMain.runKeyword(KeywordMain.groovy:75)
	at com.kms.katalon.core.keyword.builtin.CallTestCaseKeyword.callTestCase(CallTestCaseKeyword.groovy:81)
	at com.kms.katalon.core.keyword.builtin.CallTestCaseKeyword.execute(CallTestCaseKeyword.groovy:44)
	at com.kms.katalon.core.keyword.internal.KeywordExecutor.executeKeywordForPlatform(KeywordExecutor.groovy:74)
	at com.kms.katalon.core.keyword.BuiltinKeywords.callTestCase(BuiltinKeywords.groovy:310)
	at jdk.internal.reflect.GeneratedMethodAccessor25.invoke(Unknown Source)
	at java.base/jdk.internal.reflect.DelegatingMethodAccessorImpl.invoke(DelegatingMethodAccessorImpl.java:43)
	at Destino-O.run(Destino-O:22)
	at com.kms.katalon.core.main.ScriptEngine.run(ScriptEngine.java:194)
	at com.kms.katalon.core.main.ScriptEngine.runScriptAsRawText(ScriptEngine.java:119)
	at com.kms.katalon.core.main.TestCaseExecutor.runScript(TestCaseExecutor.java:448)
	at com.kms.katalon.core.main.TestCaseExecutor.doExecute(TestCaseExecutor.java:439)
	at com.kms.katalon.core.main.TestCaseExecutor.processExecutionPhase(TestCaseExecutor.java:418)
	at com.kms.katalon.core.main.TestCaseExecutor.accessMainPhase(TestCaseExecutor.java:410)
	at com.kms.katalon.core.main.TestCaseExecutor.execute(TestCaseExecutor.java:285)
	at com.kms.katalon.core.common.CommonExecutor.accessTestCaseMainPhase(CommonExecutor.java:65)
	at com.kms.katalon.core.main.TestSuiteExecutor.accessTestSuiteMainPhase(TestSuiteExecutor.java:150)
	at com.kms.katalon.core.main.TestSuiteExecutor.execute(TestSuiteExecutor.java:106)
	at com.kms.katalon.core.main.TestCaseMain.startTestSuite(TestCaseMain.java:180)
	at TempTestSuite1732745349578.run(TempTestSuite1732745349578.groovy:35)
	at java.base/jdk.internal.reflect.NativeMethodAccessorImpl.invoke0(Native Method)
	at java.base/jdk.internal.reflect.NativeMethodAccessorImpl.invoke(NativeMethodAccessorImpl.java:77)
	at java.base/jdk.internal.reflect.DelegatingMethodAccessorImpl.invoke(DelegatingMethodAccessorImpl.java:43)
Caused by: org.openqa.selenium.ElementClickInterceptedException: Element <button id="btn_aceptar_tipo_envio" class="btn disabled" type="button"> is not clickable at point (675,588) because another element <div class="modal-footer"> obscures it
Build info: version: '3.141.59', revision: 'unknown', time: 'unknown'
System info: host: 'DESKTOP-RGFFP9A', ip: '10.136.10.6', os.name: 'Windows 11', os.arch: 'amd64', os.version: '10.0', java.version: '17.0.7'
Driver info: com.kms.katalon.core.webui.driver.firefox.CGeckoDriver
Capabilities {acceptInsecureCerts: true, browserName: firefox, browserVersion: 133.0, javascriptEnabled: true, moz:accessibilityChecks: false, moz:buildID: 20241121140525, moz:geckodriverVersion: 0.35.0, moz:headless: false, moz:platformVersion: 10.0, moz:processID: 3104, moz:profile: C:\Users\OLVATI\AppData\Loc..., moz:shutdownTimeout: 60000, moz:webdriverClick: true, moz:windowless: false, pageLoadStrategy: normal, platform: WINDOWS, platformName: WINDOWS, proxy: Proxy(direct), setWindowRect: true, strictFileInteractability: false, timeouts: {implicit: 0, pageLoad: 300000, script: 30000}, unhandledPromptBehavior: dismiss and notify, userAgent: Mozilla/5.0 (Windows NT 10....}
Session ID: 4ab64383-6048-494e-bf81-87febab90f17
	at jdk.internal.reflect.GeneratedConstructorAccessor32.newInstance(Unknown Source)
	at java.base/jdk.internal.reflect.DelegatingConstructorAccessorImpl.newInstance(DelegatingConstructorAccessorImpl.java:45)
	at org.openqa.selenium.remote.http.W3CHttpResponseCodec.createException(W3CHttpResponseCodec.java:187)
	at org.openqa.selenium.remote.http.W3CHttpResponseCodec.decode(W3CHttpResponseCodec.java:122)
	at org.openqa.selenium.remote.http.W3CHttpResponseCodec.decode(W3CHttpResponseCodec.java:49)
	at org.openqa.selenium.remote.HttpCommandExecutor.execute(HttpCommandExecutor.java:158)
	at org.openqa.selenium.remote.service.DriverCommandExecutor.execute(DriverCommandExecutor.java:83)
	at org.openqa.selenium.remote.RemoteWebDriver.execute(RemoteWebDriver.java:552)
	at com.kms.katalon.selenium.driver.CFirefoxDriver.execute(CFirefoxDriver.java:28)
	at org.openqa.selenium.remote.RemoteWebElement.execute(RemoteWebElement.java:285)
	at org.openqa.selenium.remote.RemoteWebElement.click(RemoteWebElement.java:84)
	at jdk.internal.reflect.GeneratedMethodAccessor10.invoke(Unknown Source)
	at java.base/jdk.internal.reflect.DelegatingMethodAccessorImpl.invoke(DelegatingMethodAccessorImpl.java:43)
	at org.openqa.selenium.support.events.EventFiringWebDriver$EventFiringWebElement.lambda$new$0(EventFiringWebDriver.java:404)
	at jdk.proxy2/jdk.proxy2.$Proxy21.click(Unknown Source)
	at org.openqa.selenium.support.events.EventFiringWebDriver$EventFiringWebElement.click(EventFiringWebDriver.java:417)
	at org.openqa.selenium.WebElement$click.call(Unknown Source)
	at com.kms.katalon.core.webui.keyword.builtin.ClickKeyword.clickUntilSuccessWithTimeout(ClickKeyword.groovy:81)
	at com.kms.katalon.core.webui.keyword.builtin.ClickKeyword.clickUntilSuccessWithTimeout(ClickKeyword.groovy)
	at jdk.internal.reflect.GeneratedMethodAccessor8.invoke(Unknown Source)
	at java.base/jdk.internal.reflect.DelegatingMethodAccessorImpl.invoke(DelegatingMethodAccessorImpl.java:43)
	at com.kms.katalon.core.webui.keyword.builtin.ClickKeyword$_click_closure1.doCall(ClickKeyword.groovy:67)
	at com.kms.katalon.core.webui.keyword.builtin.ClickKeyword$_click_closure1.call(ClickKeyword.groovy)
	at com.kms.katalon.core.webui.keyword.internal.WebUIKeywordMain.runKeyword(WebUIKeywordMain.groovy:35)
	at com.kms.katalon.core.webui.keyword.builtin.ClickKeyword.click(ClickKeyword.groovy:74)
	at com.kms.katalon.core.webui.keyword.builtin.ClickKeyword.execute(ClickKeyword.groovy:40)
	at com.kms.katalon.core.keyword.internal.KeywordExecutor.executeKeywordForPlatform(KeywordExecutor.groovy:74)
	at com.kms.katalon.core.webui.keyword.WebUiBuiltInKeywords.click(WebUiBuiltInKeywords.groovy:659)
	at Script1732083570761.run(Script1732083570761.groovy:24)
	at com.kms.katalon.core.main.ScriptEngine.run(ScriptEngine.java:194)
	at com.kms.katalon.core.main.ScriptEngine.runScriptAsRawText(ScriptEngine.java:119)
	at com.kms.katalon.core.main.TestCaseExecutor.runScript(TestCaseExecutor.java:448)
	at com.kms.katalon.core.main.TestCaseExecutor.doExecute(TestCaseExecutor.java:439)
	at com.kms.katalon.core.main.TestCaseExecutor.processExecutionPhase(TestCaseExecutor.java:418)
	at com.kms.katalon.core.main.TestCaseExecutor.accessMainPhase(TestCaseExecutor.java:410)
	at com.kms.katalon.core.main.TestCaseExecutor.execute(TestCaseExecutor.java:285)
	at com.kms.katalon.core.main.TestCaseMain.runTestCase(TestCaseMain.java:137)
	at com.kms.katalon.core.keyword.builtin.CallTestCaseKeyword$_callTestCase_closure1.doCall(CallTestCaseKeyword.groovy:59)
	at com.kms.katalon.core.keyword.builtin.CallTestCaseKeyword$_callTestCase_closure1.call(CallTestCaseKeyword.groovy)
	at com.kms.katalon.core.keyword.internal.KeywordMain.runKeyword(KeywordMain.groovy:75)
	at com.kms.katalon.core.keyword.builtin.CallTestCaseKeyword.callTestCase(CallTestCaseKeyword.groovy:81)
	at com.kms.katalon.core.keyword.builtin.CallTestCaseKeyword.execute(CallTestCaseKeyword.groovy:44)
	at com.kms.katalon.core.keyword.internal.KeywordExecutor.executeKeywordForPlatform(KeywordExecutor.groovy:74)
	at com.kms.katalon.core.keyword.BuiltinKeywords.callTestCase(BuiltinKeywords.groovy:310)
	at jdk.internal.reflect.GeneratedMethodAccessor25.invoke(Unknown Source)
	at java.base/jdk.internal.reflect.DelegatingMethodAccessorImpl.invoke(DelegatingMethodAccessorImpl.java:43)
	at Script1732341471767.run(Script1732341471767.groovy:22)
	... 15 more
)

27-11-2024T18:00:34 - [MESSAGE][FAILED] - Unable to click on object 'Object Repository/Principal/Page_Olva Courier  Home/button_CONTINUAR (2)' (Root cause: com.kms.katalon.core.exception.StepFailedException: Unable to click on object 'Object Repository/Principal/Page_Olva Courier  Home/button_CONTINUAR (2)'
	at com.kms.katalon.core.webui.keyword.internal.WebUIKeywordMain.stepFailed(WebUIKeywordMain.groovy:117)
	at com.kms.katalon.core.webui.keyword.internal.WebUIKeywordMain.runKeyword(WebUIKeywordMain.groovy:43)
	at com.kms.katalon.core.webui.keyword.builtin.ClickKeyword.click(ClickKeyword.groovy:74)
	at com.kms.katalon.core.webui.keyword.builtin.ClickKeyword.execute(ClickKeyword.groovy:40)
	at com.kms.katalon.core.keyword.internal.KeywordExecutor.executeKeywordForPlatform(KeywordExecutor.groovy:74)
	at com.kms.katalon.core.webui.keyword.WebUiBuiltInKeywords.click(WebUiBuiltInKeywords.groovy:659)
	at Selec_sobre.run(Selec_sobre:24)
	at com.kms.katalon.core.main.ScriptEngine.run(ScriptEngine.java:194)
	at com.kms.katalon.core.main.ScriptEngine.runScriptAsRawText(ScriptEngine.java:119)
	at com.kms.katalon.core.main.TestCaseExecutor.runScript(TestCaseExecutor.java:448)
	at com.kms.katalon.core.main.TestCaseExecutor.doExecute(TestCaseExecutor.java:439)
	at com.kms.katalon.core.main.TestCaseExecutor.processExecutionPhase(TestCaseExecutor.java:418)
	at com.kms.katalon.core.main.TestCaseExecutor.accessMainPhase(TestCaseExecutor.java:410)
	at com.kms.katalon.core.main.TestCaseExecutor.execute(TestCaseExecutor.java:285)
	at com.kms.katalon.core.main.TestCaseMain.runTestCase(TestCaseMain.java:137)
	at com.kms.katalon.core.keyword.builtin.CallTestCaseKeyword$_callTestCase_closure1.doCall(CallTestCaseKeyword.groovy:59)
	at com.kms.katalon.core.keyword.builtin.CallTestCaseKeyword$_callTestCase_closure1.call(CallTestCaseKeyword.groovy)
	at com.kms.katalon.core.keyword.internal.KeywordMain.runKeyword(KeywordMain.groovy:75)
	at com.kms.katalon.core.keyword.builtin.CallTestCaseKeyword.callTestCase(CallTestCaseKeyword.groovy:81)
	at com.kms.katalon.core.keyword.builtin.CallTestCaseKeyword.execute(CallTestCaseKeyword.groovy:44)
	at com.kms.katalon.core.keyword.internal.KeywordExecutor.executeKeywordForPlatform(KeywordExecutor.groovy:74)
	at com.kms.katalon.core.keyword.BuiltinKeywords.callTestCase(BuiltinKeywords.groovy:310)
	at jdk.internal.reflect.GeneratedMethodAccessor25.invoke(Unknown Source)
	at java.base/jdk.internal.reflect.DelegatingMethodAccessorImpl.invoke(DelegatingMethodAccessorImpl.java:43)
	at Destino-O.run(Destino-O:22)
	at com.kms.katalon.core.main.ScriptEngine.run(ScriptEngine.java:194)
	at com.kms.katalon.core.main.ScriptEngine.runScriptAsRawText(ScriptEngine.java:119)
	at com.kms.katalon.core.main.TestCaseExecutor.runScript(TestCaseExecutor.java:448)
	at com.kms.katalon.core.main.TestCaseExecutor.doExecute(TestCaseExecutor.java:439)
	at com.kms.katalon.core.main.TestCaseExecutor.processExecutionPhase(TestCaseExecutor.java:418)
	at com.kms.katalon.core.main.TestCaseExecutor.accessMainPhase(TestCaseExecutor.java:410)
	at com.kms.katalon.core.main.TestCaseExecutor.execute(TestCaseExecutor.java:285)
	at com.kms.katalon.core.common.CommonExecutor.accessTestCaseMainPhase(CommonExecutor.java:65)
	at com.kms.katalon.core.main.TestSuiteExecutor.accessTestSuiteMainPhase(TestSuiteExecutor.java:150)
	at com.kms.katalon.core.main.TestSuiteExecutor.execute(TestSuiteExecutor.java:106)
	at com.kms.katalon.core.main.TestCaseMain.startTestSuite(TestCaseMain.java:180)
	at TempTestSuite1732745349578.run(TempTestSuite1732745349578.groovy:35)
	at java.base/jdk.internal.reflect.NativeMethodAccessorImpl.invoke0(Native Method)
	at java.base/jdk.internal.reflect.NativeMethodAccessorImpl.invoke(NativeMethodAccessorImpl.java:77)
	at java.base/jdk.internal.reflect.DelegatingMethodAccessorImpl.invoke(DelegatingMethodAccessorImpl.java:43)
Caused by: org.openqa.selenium.ElementClickInterceptedException: Element <button id="btn_aceptar_tipo_envio" class="btn disabled" type="button"> is not clickable at point (675,588) because another element <div class="modal-footer"> obscures it
Build info: version: '3.141.59', revision: 'unknown', time: 'unknown'
System info: host: 'DESKTOP-RGFFP9A', ip: '10.136.10.6', os.name: 'Windows 11', os.arch: 'amd64', os.version: '10.0', java.version: '17.0.7'
Driver info: com.kms.katalon.core.webui.driver.firefox.CGeckoDriver
Capabilities {acceptInsecureCerts: true, browserName: firefox, browserVersion: 133.0, javascriptEnabled: true, moz:accessibilityChecks: false, moz:buildID: 20241121140525, moz:geckodriverVersion: 0.35.0, moz:headless: false, moz:platformVersion: 10.0, moz:processID: 3104, moz:profile: C:\Users\OLVATI\AppData\Loc..., moz:shutdownTimeout: 60000, moz:webdriverClick: true, moz:windowless: false, pageLoadStrategy: normal, platform: WINDOWS, platformName: WINDOWS, proxy: Proxy(direct), setWindowRect: true, strictFileInteractability: false, timeouts: {implicit: 0, pageLoad: 300000, script: 30000}, unhandledPromptBehavior: dismiss and notify, userAgent: Mozilla/5.0 (Windows NT 10....}
Session ID: 4ab64383-6048-494e-bf81-87febab90f17
	at jdk.internal.reflect.GeneratedConstructorAccessor32.newInstance(Unknown Source)
	at java.base/jdk.internal.reflect.DelegatingConstructorAccessorImpl.newInstance(DelegatingConstructorAccessorImpl.java:45)
	at org.openqa.selenium.remote.http.W3CHttpResponseCodec.createException(W3CHttpResponseCodec.java:187)
	at org.openqa.selenium.remote.http.W3CHttpResponseCodec.decode(W3CHttpResponseCodec.java:122)
	at org.openqa.selenium.remote.http.W3CHttpResponseCodec.decode(W3CHttpResponseCodec.java:49)
	at org.openqa.selenium.remote.HttpCommandExecutor.execute(HttpCommandExecutor.java:158)
	at org.openqa.selenium.remote.service.DriverCommandExecutor.execute(DriverCommandExecutor.java:83)
	at org.openqa.selenium.remote.RemoteWebDriver.execute(RemoteWebDriver.java:552)
	at com.kms.katalon.selenium.driver.CFirefoxDriver.execute(CFirefoxDriver.java:28)
	at org.openqa.selenium.remote.RemoteWebElement.execute(RemoteWebElement.java:285)
	at org.openqa.selenium.remote.RemoteWebElement.click(RemoteWebElement.java:84)
	at jdk.internal.reflect.GeneratedMethodAccessor10.invoke(Unknown Source)
	at java.base/jdk.internal.reflect.DelegatingMethodAccessorImpl.invoke(DelegatingMethodAccessorImpl.java:43)
	at org.openqa.selenium.support.events.EventFiringWebDriver$EventFiringWebElement.lambda$new$0(EventFiringWebDriver.java:404)
	at jdk.proxy2/jdk.proxy2.$Proxy21.click(Unknown Source)
	at org.openqa.selenium.support.events.EventFiringWebDriver$EventFiringWebElement.click(EventFiringWebDriver.java:417)
	at org.openqa.selenium.WebElement$click.call(Unknown Source)
	at com.kms.katalon.core.webui.keyword.builtin.ClickKeyword.clickUntilSuccessWithTimeout(ClickKeyword.groovy:81)
	at com.kms.katalon.core.webui.keyword.builtin.ClickKeyword.clickUntilSuccessWithTimeout(ClickKeyword.groovy)
	at jdk.internal.reflect.GeneratedMethodAccessor8.invoke(Unknown Source)
	at java.base/jdk.internal.reflect.DelegatingMethodAccessorImpl.invoke(DelegatingMethodAccessorImpl.java:43)
	at com.kms.katalon.core.webui.keyword.builtin.ClickKeyword$_click_closure1.doCall(ClickKeyword.groovy:67)
	at com.kms.katalon.core.webui.keyword.builtin.ClickKeyword$_click_closure1.call(ClickKeyword.groovy)
	at com.kms.katalon.core.webui.keyword.internal.WebUIKeywordMain.runKeyword(WebUIKeywordMain.groovy:35)
	at com.kms.katalon.core.webui.keyword.builtin.ClickKeyword.click(ClickKeyword.groovy:74)
	at com.kms.katalon.core.webui.keyword.builtin.ClickKeyword.execute(ClickKeyword.groovy:40)
	at com.kms.katalon.core.keyword.internal.KeywordExecutor.executeKeywordForPlatform(KeywordExecutor.groovy:74)
	at com.kms.katalon.core.webui.keyword.WebUiBuiltInKeywords.click(WebUiBuiltInKeywords.groovy:659)
	at Script1732083570761.run(Script1732083570761.groovy:24)
	at com.kms.katalon.core.main.ScriptEngine.run(ScriptEngine.java:194)
	at com.kms.katalon.core.main.ScriptEngine.runScriptAsRawText(ScriptEngine.java:119)
	at com.kms.katalon.core.main.TestCaseExecutor.runScript(TestCaseExecutor.java:448)
	at com.kms.katalon.core.main.TestCaseExecutor.doExecute(TestCaseExecutor.java:439)
	at com.kms.katalon.core.main.TestCaseExecutor.processExecutionPhase(TestCaseExecutor.java:418)
	at com.kms.katalon.core.main.TestCaseExecutor.accessMainPhase(TestCaseExecutor.java:410)
	at com.kms.katalon.core.main.TestCaseExecutor.execute(TestCaseExecutor.java:285)
	at com.kms.katalon.core.main.TestCaseMain.runTestCase(TestCaseMain.java:137)
	at com.kms.katalon.core.keyword.builtin.CallTestCaseKeyword$_callTestCase_closure1.doCall(CallTestCaseKeyword.groovy:59)
	at com.kms.katalon.core.keyword.builtin.CallTestCaseKeyword$_callTestCase_closure1.call(CallTestCaseKeyword.groovy)
	at com.kms.katalon.core.keyword.internal.KeywordMain.runKeyword(KeywordMain.groovy:75)
	at com.kms.katalon.core.keyword.builtin.CallTestCaseKeyword.callTestCase(CallTestCaseKeyword.groovy:81)
	at com.kms.katalon.core.keyword.builtin.CallTestCaseKeyword.execute(CallTestCaseKeyword.groovy:44)
	at com.kms.katalon.core.keyword.internal.KeywordExecutor.executeKeywordForPlatform(KeywordExecutor.groovy:74)
	at com.kms.katalon.core.keyword.BuiltinKeywords.callTestCase(BuiltinKeywords.groovy:310)
	at jdk.internal.reflect.GeneratedMethodAccessor25.invoke(Unknown Source)
	at java.base/jdk.internal.reflect.DelegatingMethodAccessorImpl.invoke(DelegatingMethodAccessorImpl.java:43)
	at Script1732341471767.run(Script1732341471767.groovy:22)
	... 15 more
)

27-11-2024T18:00:34 - [MESSAGE][FAILED] - Unable to call Test Case 'Test Cases/1.Inicio/1.1Principal/Selec_sobre' (Root cause: com.kms.katalon.core.exception.StepFailedException: Call Test Case 'Test Cases/1.Inicio/1.1Principal/Selec_sobre' failed
	at com.kms.katalon.core.keyword.builtin.CallTestCaseKeyword$_callTestCase_closure1.doCall(CallTestCaseKeyword.groovy:63)
	at com.kms.katalon.core.keyword.builtin.CallTestCaseKeyword$_callTestCase_closure1.call(CallTestCaseKeyword.groovy)
	at com.kms.katalon.core.keyword.internal.KeywordMain.runKeyword(KeywordMain.groovy:75)
	at com.kms.katalon.core.keyword.builtin.CallTestCaseKeyword.callTestCase(CallTestCaseKeyword.groovy:81)
	at com.kms.katalon.core.keyword.builtin.CallTestCaseKeyword.execute(CallTestCaseKeyword.groovy:44)
	at com.kms.katalon.core.keyword.internal.KeywordExecutor.executeKeywordForPlatform(KeywordExecutor.groovy:74)
	at com.kms.katalon.core.keyword.BuiltinKeywords.callTestCase(BuiltinKeywords.groovy:310)
	at jdk.internal.reflect.GeneratedMethodAccessor25.invoke(Unknown Source)
	at java.base/jdk.internal.reflect.DelegatingMethodAccessorImpl.invoke(DelegatingMethodAccessorImpl.java:43)
	at Destino-O.run(Destino-O:22)
	at com.kms.katalon.core.main.ScriptEngine.run(ScriptEngine.java:194)
	at com.kms.katalon.core.main.ScriptEngine.runScriptAsRawText(ScriptEngine.java:119)
	at com.kms.katalon.core.main.TestCaseExecutor.runScript(TestCaseExecutor.java:448)
	at com.kms.katalon.core.main.TestCaseExecutor.doExecute(TestCaseExecutor.java:439)
	at com.kms.katalon.core.main.TestCaseExecutor.processExecutionPhase(TestCaseExecutor.java:418)
	at com.kms.katalon.core.main.TestCaseExecutor.accessMainPhase(TestCaseExecutor.java:410)
	at com.kms.katalon.core.main.TestCaseExecutor.execute(TestCaseExecutor.java:285)
	at com.kms.katalon.core.common.CommonExecutor.accessTestCaseMainPhase(CommonExecutor.java:65)
	at com.kms.katalon.core.main.TestSuiteExecutor.accessTestSuiteMainPhase(TestSuiteExecutor.java:150)
	at com.kms.katalon.core.main.TestSuiteExecutor.execute(TestSuiteExecutor.java:106)
	at com.kms.katalon.core.main.TestCaseMain.startTestSuite(TestCaseMain.java:180)
	at TempTestSuite1732745349578.run(TempTestSuite1732745349578.groovy:35)
	at java.base/jdk.internal.reflect.NativeMethodAccessorImpl.invoke0(Native Method)
	at java.base/jdk.internal.reflect.NativeMethodAccessorImpl.invoke(NativeMethodAccessorImpl.java:77)
	at java.base/jdk.internal.reflect.DelegatingMethodAccessorImpl.invoke(DelegatingMethodAccessorImpl.java:43)
Caused by: com.kms.katalon.core.exception.StepFailedException: Unable to click on object 'Object Repository/Principal/Page_Olva Courier  Home/button_CONTINUAR (2)'
	at com.kms.katalon.core.webui.keyword.internal.WebUIKeywordMain.stepFailed(WebUIKeywordMain.groovy:117)
	at com.kms.katalon.core.webui.keyword.internal.WebUIKeywordMain.runKeyword(WebUIKeywordMain.groovy:43)
	at com.kms.katalon.core.webui.keyword.builtin.ClickKeyword.click(ClickKeyword.groovy:74)
	at com.kms.katalon.core.webui.keyword.builtin.ClickKeyword.execute(ClickKeyword.groovy:40)
	at com.kms.katalon.core.keyword.internal.KeywordExecutor.executeKeywordForPlatform(KeywordExecutor.groovy:74)
	at com.kms.katalon.core.webui.keyword.WebUiBuiltInKeywords.click(WebUiBuiltInKeywords.groovy:659)
	at Selec_sobre.run(Selec_sobre:24)
	at com.kms.katalon.core.main.ScriptEngine.run(ScriptEngine.java:194)
	at com.kms.katalon.core.main.ScriptEngine.runScriptAsRawText(ScriptEngine.java:119)
	at com.kms.katalon.core.main.TestCaseExecutor.runScript(TestCaseExecutor.java:448)
	at com.kms.katalon.core.main.TestCaseExecutor.doExecute(TestCaseExecutor.java:439)
	at com.kms.katalon.core.main.TestCaseExecutor.processExecutionPhase(TestCaseExecutor.java:418)
	at com.kms.katalon.core.main.TestCaseExecutor.accessMainPhase(TestCaseExecutor.java:410)
	at com.kms.katalon.core.main.TestCaseExecutor.execute(TestCaseExecutor.java:285)
	at com.kms.katalon.core.main.TestCaseMain.runTestCase(TestCaseMain.java:137)
	at com.kms.katalon.core.keyword.builtin.CallTestCaseKeyword$_callTestCase_closure1.doCall(CallTestCaseKeyword.groovy:59)
	... 24 more
Caused by: org.openqa.selenium.ElementClickInterceptedException: Element <button id="btn_aceptar_tipo_envio" class="btn disabled" type="button"> is not clickable at point (675,588) because another element <div class="modal-footer"> obscures it
Build info: version: '3.141.59', revision: 'unknown', time: 'unknown'
System info: host: 'DESKTOP-RGFFP9A', ip: '10.136.10.6', os.name: 'Windows 11', os.arch: 'amd64', os.version: '10.0', java.version: '17.0.7'
Driver info: com.kms.katalon.core.webui.driver.firefox.CGeckoDriver
Capabilities {acceptInsecureCerts: true, browserName: firefox, browserVersion: 133.0, javascriptEnabled: true, moz:accessibilityChecks: false, moz:buildID: 20241121140525, moz:geckodriverVersion: 0.35.0, moz:headless: false, moz:platformVersion: 10.0, moz:processID: 3104, moz:profile: C:\Users\OLVATI\AppData\Loc..., moz:shutdownTimeout: 60000, moz:webdriverClick: true, moz:windowless: false, pageLoadStrategy: normal, platform: WINDOWS, platformName: WINDOWS, proxy: Proxy(direct), setWindowRect: true, strictFileInteractability: false, timeouts: {implicit: 0, pageLoad: 300000, script: 30000}, unhandledPromptBehavior: dismiss and notify, userAgent: Mozilla/5.0 (Windows NT 10....}
Session ID: 4ab64383-6048-494e-bf81-87febab90f17
	at jdk.internal.reflect.GeneratedConstructorAccessor32.newInstance(Unknown Source)
	at java.base/jdk.internal.reflect.DelegatingConstructorAccessorImpl.newInstance(DelegatingConstructorAccessorImpl.java:45)
	at org.openqa.selenium.remote.http.W3CHttpResponseCodec.createException(W3CHttpResponseCodec.java:187)
	at org.openqa.selenium.remote.http.W3CHttpResponseCodec.decode(W3CHttpResponseCodec.java:122)
	at org.openqa.selenium.remote.http.W3CHttpResponseCodec.decode(W3CHttpResponseCodec.java:49)
	at org.openqa.selenium.remote.HttpCommandExecutor.execute(HttpCommandExecutor.java:158)
	at org.openqa.selenium.remote.service.DriverCommandExecutor.execute(DriverCommandExecutor.java:83)
	at org.openqa.selenium.remote.RemoteWebDriver.execute(RemoteWebDriver.java:552)
	at com.kms.katalon.selenium.driver.CFirefoxDriver.execute(CFirefoxDriver.java:28)
	at org.openqa.selenium.remote.RemoteWebElement.execute(RemoteWebElement.java:285)
	at org.openqa.selenium.remote.RemoteWebElement.click(RemoteWebElement.java:84)
	at jdk.internal.reflect.GeneratedMethodAccessor10.invoke(Unknown Source)
	at java.base/jdk.internal.reflect.DelegatingMethodAccessorImpl.invoke(DelegatingMethodAccessorImpl.java:43)
	at org.openqa.selenium.support.events.EventFiringWebDriver$EventFiringWebElement.lambda$new$0(EventFiringWebDriver.java:404)
	at jdk.proxy2/jdk.proxy2.$Proxy21.click(Unknown Source)
	at org.openqa.selenium.support.events.EventFiringWebDriver$EventFiringWebElement.click(EventFiringWebDriver.java:417)
	at org.openqa.selenium.WebElement$click.call(Unknown Source)
	at com.kms.katalon.core.webui.keyword.builtin.ClickKeyword.clickUntilSuccessWithTimeout(ClickKeyword.groovy:81)
	at com.kms.katalon.core.webui.keyword.builtin.ClickKeyword.clickUntilSuccessWithTimeout(ClickKeyword.groovy)
	at jdk.internal.reflect.GeneratedMethodAccessor8.invoke(Unknown Source)
	at java.base/jdk.internal.reflect.DelegatingMethodAccessorImpl.invoke(DelegatingMethodAccessorImpl.java:43)
	at com.kms.katalon.core.webui.keyword.builtin.ClickKeyword$_click_closure1.doCall(ClickKeyword.groovy:67)
	at com.kms.katalon.core.webui.keyword.builtin.ClickKeyword$_click_closure1.call(ClickKeyword.groovy)
	at com.kms.katalon.core.webui.keyword.internal.WebUIKeywordMain.runKeyword(WebUIKeywordMain.groovy:35)
	... 38 more
)]]></system-out>
         <system-err><![CDATA[27-11-2024T17:59:26 - [TEST_CASE][FAILED] - Test Cases/2.Positivos/2.2Sobre/Origen-Lima/3.Destino-D,DO,O/Destino-O: Test Cases/2.Positivos/2.2Sobre/Origen-Lima/3.Destino-D,DO,O/Destino-O FAILED.
Reason:
com.kms.katalon.core.exception.StepFailedException: Call Test Case 'Test Cases/1.Inicio/1.1Principal/Selec_sobre' failed
	at com.kms.katalon.core.keyword.builtin.CallTestCaseKeyword$_callTestCase_closure1.doCall(CallTestCaseKeyword.groovy:63)
	at com.kms.katalon.core.keyword.builtin.CallTestCaseKeyword$_callTestCase_closure1.call(CallTestCaseKeyword.groovy)
	at com.kms.katalon.core.keyword.internal.KeywordMain.runKeyword(KeywordMain.groovy:75)
	at com.kms.katalon.core.keyword.builtin.CallTestCaseKeyword.callTestCase(CallTestCaseKeyword.groovy:81)
	at com.kms.katalon.core.keyword.builtin.CallTestCaseKeyword.execute(CallTestCaseKeyword.groovy:44)
	at com.kms.katalon.core.keyword.internal.KeywordExecutor.executeKeywordForPlatform(KeywordExecutor.groovy:74)
	at com.kms.katalon.core.keyword.BuiltinKeywords.callTestCase(BuiltinKeywords.groovy:310)
	at jdk.internal.reflect.GeneratedMethodAccessor25.invoke(Unknown Source)
	at java.base/jdk.internal.reflect.DelegatingMethodAccessorImpl.invoke(DelegatingMethodAccessorImpl.java:43)
	at Destino-O.run(Destino-O:22)
	at com.kms.katalon.core.main.ScriptEngine.run(ScriptEngine.java:194)
	at com.kms.katalon.core.main.ScriptEngine.runScriptAsRawText(ScriptEngine.java:119)
	at com.kms.katalon.core.main.TestCaseExecutor.runScript(TestCaseExecutor.java:448)
	at com.kms.katalon.core.main.TestCaseExecutor.doExecute(TestCaseExecutor.java:439)
	at com.kms.katalon.core.main.TestCaseExecutor.processExecutionPhase(TestCaseExecutor.java:418)
	at com.kms.katalon.core.main.TestCaseExecutor.accessMainPhase(TestCaseExecutor.java:410)
	at com.kms.katalon.core.main.TestCaseExecutor.execute(TestCaseExecutor.java:285)
	at com.kms.katalon.core.common.CommonExecutor.accessTestCaseMainPhase(CommonExecutor.java:65)
	at com.kms.katalon.core.main.TestSuiteExecutor.accessTestSuiteMainPhase(TestSuiteExecutor.java:150)
	at com.kms.katalon.core.main.TestSuiteExecutor.execute(TestSuiteExecutor.java:106)
	at com.kms.katalon.core.main.TestCaseMain.startTestSuite(TestCaseMain.java:180)
	at TempTestSuite1732745349578.run(TempTestSuite1732745349578.groovy:35)
	at java.base/jdk.internal.reflect.NativeMethodAccessorImpl.invoke0(Native Method)
	at java.base/jdk.internal.reflect.NativeMethodAccessorImpl.invoke(NativeMethodAccessorImpl.java:77)
	at java.base/jdk.internal.reflect.DelegatingMethodAccessorImpl.invoke(DelegatingMethodAccessorImpl.java:43)
Caused by: com.kms.katalon.core.exception.StepFailedException: Unable to click on object 'Object Repository/Principal/Page_Olva Courier  Home/button_CONTINUAR (2)'
	at com.kms.katalon.core.webui.keyword.internal.WebUIKeywordMain.stepFailed(WebUIKeywordMain.groovy:117)
	at com.kms.katalon.core.webui.keyword.internal.WebUIKeywordMain.runKeyword(WebUIKeywordMain.groovy:43)
	at com.kms.katalon.core.webui.keyword.builtin.ClickKeyword.click(ClickKeyword.groovy:74)
	at com.kms.katalon.core.webui.keyword.builtin.ClickKeyword.execute(ClickKeyword.groovy:40)
	at com.kms.katalon.core.keyword.internal.KeywordExecutor.executeKeywordForPlatform(KeywordExecutor.groovy:74)
	at com.kms.katalon.core.webui.keyword.WebUiBuiltInKeywords.click(WebUiBuiltInKeywords.groovy:659)
	at Selec_sobre.run(Selec_sobre:24)
	at com.kms.katalon.core.main.ScriptEngine.run(ScriptEngine.java:194)
	at com.kms.katalon.core.main.ScriptEngine.runScriptAsRawText(ScriptEngine.java:119)
	at com.kms.katalon.core.main.TestCaseExecutor.runScript(TestCaseExecutor.java:448)
	at com.kms.katalon.core.main.TestCaseExecutor.doExecute(TestCaseExecutor.java:439)
	at com.kms.katalon.core.main.TestCaseExecutor.processExecutionPhase(TestCaseExecutor.java:418)
	at com.kms.katalon.core.main.TestCaseExecutor.accessMainPhase(TestCaseExecutor.java:410)
	at com.kms.katalon.core.main.TestCaseExecutor.execute(TestCaseExecutor.java:285)
	at com.kms.katalon.core.main.TestCaseMain.runTestCase(TestCaseMain.java:137)
	at com.kms.katalon.core.keyword.builtin.CallTestCaseKeyword$_callTestCase_closure1.doCall(CallTestCaseKeyword.groovy:59)
	... 24 more
Caused by: org.openqa.selenium.ElementClickInterceptedException: Element <button id="btn_aceptar_tipo_envio" class="btn disabled" type="button"> is not clickable at point (675,588) because another element <div class="modal-footer"> obscures it
Build info: version: '3.141.59', revision: 'unknown', time: 'unknown'
System info: host: 'DESKTOP-RGFFP9A', ip: '10.136.10.6', os.name: 'Windows 11', os.arch: 'amd64', os.version: '10.0', java.version: '17.0.7'
Driver info: com.kms.katalon.core.webui.driver.firefox.CGeckoDriver
Capabilities {acceptInsecureCerts: true, browserName: firefox, browserVersion: 133.0, javascriptEnabled: true, moz:accessibilityChecks: false, moz:buildID: 20241121140525, moz:geckodriverVersion: 0.35.0, moz:headless: false, moz:platformVersion: 10.0, moz:processID: 3104, moz:profile: C:\Users\OLVATI\AppData\Loc..., moz:shutdownTimeout: 60000, moz:webdriverClick: true, moz:windowless: false, pageLoadStrategy: normal, platform: WINDOWS, platformName: WINDOWS, proxy: Proxy(direct), setWindowRect: true, strictFileInteractability: false, timeouts: {implicit: 0, pageLoad: 300000, script: 30000}, unhandledPromptBehavior: dismiss and notify, userAgent: Mozilla/5.0 (Windows NT 10....}
Session ID: 4ab64383-6048-494e-bf81-87febab90f17
	at jdk.internal.reflect.GeneratedConstructorAccessor32.newInstance(Unknown Source)
	at java.base/jdk.internal.reflect.DelegatingConstructorAccessorImpl.newInstance(DelegatingConstructorAccessorImpl.java:45)
	at org.openqa.selenium.remote.http.W3CHttpResponseCodec.createException(W3CHttpResponseCodec.java:187)
	at org.openqa.selenium.remote.http.W3CHttpResponseCodec.decode(W3CHttpResponseCodec.java:122)
	at org.openqa.selenium.remote.http.W3CHttpResponseCodec.decode(W3CHttpResponseCodec.java:49)
	at org.openqa.selenium.remote.HttpCommandExecutor.execute(HttpCommandExecutor.java:158)
	at org.openqa.selenium.remote.service.DriverCommandExecutor.execute(DriverCommandExecutor.java:83)
	at org.openqa.selenium.remote.RemoteWebDriver.execute(RemoteWebDriver.java:552)
	at com.kms.katalon.selenium.driver.CFirefoxDriver.execute(CFirefoxDriver.java:28)
	at org.openqa.selenium.remote.RemoteWebElement.execute(RemoteWebElement.java:285)
	at org.openqa.selenium.remote.RemoteWebElement.click(RemoteWebElement.java:84)
	at jdk.internal.reflect.GeneratedMethodAccessor10.invoke(Unknown Source)
	at java.base/jdk.internal.reflect.DelegatingMethodAccessorImpl.invoke(DelegatingMethodAccessorImpl.java:43)
	at org.openqa.selenium.support.events.EventFiringWebDriver$EventFiringWebElement.lambda$new$0(EventFiringWebDriver.java:404)
	at jdk.proxy2/jdk.proxy2.$Proxy21.click(Unknown Source)
	at org.openqa.selenium.support.events.EventFiringWebDriver$EventFiringWebElement.click(EventFiringWebDriver.java:417)
	at org.openqa.selenium.WebElement$click.call(Unknown Source)
	at com.kms.katalon.core.webui.keyword.builtin.ClickKeyword.clickUntilSuccessWithTimeout(ClickKeyword.groovy:81)
	at com.kms.katalon.core.webui.keyword.builtin.ClickKeyword.clickUntilSuccessWithTimeout(ClickKeyword.groovy)
	at jdk.internal.reflect.GeneratedMethodAccessor8.invoke(Unknown Source)
	at java.base/jdk.internal.reflect.DelegatingMethodAccessorImpl.invoke(DelegatingMethodAccessorImpl.java:43)
	at com.kms.katalon.core.webui.keyword.builtin.ClickKeyword$_click_closure1.doCall(ClickKeyword.groovy:67)
	at com.kms.katalon.core.webui.keyword.builtin.ClickKeyword$_click_closure1.call(ClickKeyword.groovy)
	at com.kms.katalon.core.webui.keyword.internal.WebUIKeywordMain.runKeyword(WebUIKeywordMain.groovy:35)
	... 38 more]]></system-err>
      </testcase>
      <testcase name="Test Cases/2.Positivos/2.2Sobre/Origen-Lima/3.Destino-D,DO,O/Destino-DO" time="97.515" classname="Test Cases/2.Positivos/2.2Sobre/Origen-Lima/3.Destino-D,DO,O/Destino-DO" status="PASSED">
         <system-out><![CDATA[27-11-2024T18:00:34 - [TEST_CASE][PASSED] - Test Cases/2.Positivos/2.2Sobre/Origen-Lima/3.Destino-D,DO,O/Destino-DO: Test Cases/2.Positivos/2.2Sobre/Origen-Lima/3.Destino-D,DO,O/Destino-DO

27-11-2024T18:00:35 - [TEST_STEP][PASSED] - callTestCase(findTestCase("1.Inicio/1.1Principal/Principal-home"), [:], STOP_ON_FAILURE): Call Test Case 'Test Cases/1.Inicio/1.1Principal/Principal-home' successfully

27-11-2024T18:00:35 - [TEST_CASE][PASSED] - Test Cases/1.Inicio/1.1Principal/Principal-home: Test Cases/1.Inicio/1.1Principal/Principal-home

27-11-2024T18:00:35 - [TEST_STEP][PASSED] - openBrowser(""): Browser is opened with url: ''

27-11-2024T18:00:35 - [MESSAGE][WARNING] - A browser is already opened. Closing browser and opening a new one

27-11-2024T18:00:36 - [MESSAGE][INFO] - Starting 'Firefox' driver

27-11-2024T18:00:36 - [MESSAGE][INFO] - Action delay is set to 0 milliseconds

27-11-2024T18:00:49 - [MESSAGE][PASSED] - Browser is opened with url: ''

27-11-2024T18:00:49 - [TEST_STEP][PASSED] - navigateToUrl("https://dev01-registrodeenvios.olvacourier.com/principal"): Navigate to 'https://dev01-registrodeenvios.olvacourier.com/principal' successfully

27-11-2024T18:00:51 - [MESSAGE][PASSED] - Navigate to 'https://dev01-registrodeenvios.olvacourier.com/principal' successfully

27-11-2024T18:00:51 - [TEST_STEP][PASSED] - maximizeWindow(): Current window maximized

27-11-2024T18:00:51 - [MESSAGE][PASSED] - Current window maximized

27-11-2024T18:00:51 - [MESSAGE][PASSED] - Call Test Case 'Test Cases/1.Inicio/1.1Principal/Principal-home' successfully

27-11-2024T18:00:51 - [TEST_STEP][PASSED] - callTestCase(findTestCase("1.Inicio/1.1Principal/Selec_sobre"), [:], STOP_ON_FAILURE): Call Test Case 'Test Cases/1.Inicio/1.1Principal/Selec_sobre' successfully

27-11-2024T18:00:51 - [TEST_CASE][PASSED] - Test Cases/1.Inicio/1.1Principal/Selec_sobre: Test Cases/1.Inicio/1.1Principal/Selec_sobre

27-11-2024T18:00:51 - [TEST_STEP][PASSED] - click(findTestObject("Object Repository/Principal/Page_Olva Courier  Home/img_Envo de cajas o paquetescon un peso mxi_37770f")): Object: 'Object Repository/Principal/Page_Olva Courier  Home/img_Envo de cajas o paquetescon un peso mxi_37770f' is clicked on

27-11-2024T18:00:51 - [MESSAGE][PASSED] - Object: 'Object Repository/Principal/Page_Olva Courier  Home/img_Envo de cajas o paquetescon un peso mxi_37770f' is clicked on

27-11-2024T18:00:51 - [TEST_STEP][PASSED] - click(findTestObject("Object Repository/Principal/Page_Olva Courier  Home/label_He ledo y acepto los trminos de uso y_adab65")): Object: 'Object Repository/Principal/Page_Olva Courier  Home/label_He ledo y acepto los trminos de uso y_adab65' is clicked on

27-11-2024T18:00:52 - [MESSAGE][PASSED] - Object: 'Object Repository/Principal/Page_Olva Courier  Home/label_He ledo y acepto los trminos de uso y_adab65' is clicked on

27-11-2024T18:00:52 - [TEST_STEP][PASSED] - click(findTestObject("Object Repository/Principal/Page_Olva Courier  Home/button_CONTINUAR (2)")): Object: 'Object Repository/Principal/Page_Olva Courier  Home/button_CONTINUAR (2)' is clicked on

27-11-2024T18:01:00 - [MESSAGE][PASSED] - Object: 'Object Repository/Principal/Page_Olva Courier  Home/button_CONTINUAR (2)' is clicked on

27-11-2024T18:01:00 - [TEST_STEP][PASSED] - verifyElementPresent(findTestObject("Object Repository/Principal/Page_Olva Courier  Datos Personales/strong_REGISTRO DE ENVOS (1)"), 0): Object 'Object Repository/Principal/Page_Olva Courier  Datos Personales/strong_REGISTRO DE ENVOS (1)' is present

27-11-2024T18:01:00 - [MESSAGE][WARNING] - Timeout '0' is invalid. Using default page load timeout: '30'

27-11-2024T18:01:01 - [MESSAGE][PASSED] - Object 'Object Repository/Principal/Page_Olva Courier  Datos Personales/strong_REGISTRO DE ENVOS (1)' is present

27-11-2024T18:01:01 - [TEST_STEP][PASSED] - rightClick(findTestObject("Object Repository/Principal/Page_Olva Courier  Datos Personales/i_REGISTRO DE ENVOS_fa fa-home pd-2")): Object: 'Object Repository/Principal/Page_Olva Courier  Datos Personales/i_REGISTRO DE ENVOS_fa fa-home pd-2' is right clicked on

27-11-2024T18:01:02 - [MESSAGE][PASSED] - Object: 'Object Repository/Principal/Page_Olva Courier  Datos Personales/i_REGISTRO DE ENVOS_fa fa-home pd-2' is right clicked on

27-11-2024T18:01:02 - [TEST_STEP][PASSED] - verifyElementPresent(findTestObject("Object Repository/Principal/Page_Olva Courier  Datos Personales/span_Inicio (2)"), 0): Object 'Object Repository/Principal/Page_Olva Courier  Datos Personales/span_Inicio (2)' is present

27-11-2024T18:01:02 - [MESSAGE][WARNING] - Timeout '0' is invalid. Using default page load timeout: '30'

27-11-2024T18:01:02 - [MESSAGE][PASSED] - Object 'Object Repository/Principal/Page_Olva Courier  Datos Personales/span_Inicio (2)' is present

27-11-2024T18:01:02 - [TEST_STEP][PASSED] - verifyElementPresent(findTestObject("Object Repository/Principal/Page_Olva Courier  Datos Personales/span_Regresar (2)"), 0): Object 'Object Repository/Principal/Page_Olva Courier  Datos Personales/span_Regresar (2)' is present

27-11-2024T18:01:02 - [MESSAGE][WARNING] - Timeout '0' is invalid. Using default page load timeout: '30'

27-11-2024T18:01:02 - [MESSAGE][PASSED] - Object 'Object Repository/Principal/Page_Olva Courier  Datos Personales/span_Regresar (2)' is present

27-11-2024T18:01:02 - [MESSAGE][PASSED] - Call Test Case 'Test Cases/1.Inicio/1.1Principal/Selec_sobre' successfully

27-11-2024T18:01:02 - [TEST_STEP][PASSED] - callTestCase(findTestCase("1.Inicio/1.2Tipo_Doc/1.DNI"), [:], STOP_ON_FAILURE): Call Test Case 'Test Cases/1.Inicio/1.2Tipo_Doc/1.DNI' successfully

27-11-2024T18:01:03 - [TEST_CASE][PASSED] - Test Cases/1.Inicio/1.2Tipo_Doc/1.DNI: Test Cases/1.Inicio/1.2Tipo_Doc/1.DNI

27-11-2024T18:01:03 - [TEST_STEP][PASSED] - click(findTestObject("Object Repository/Login/Page_Olva Courier  Datos Personales/button_Tipo De Documento")): Object: 'Object Repository/Login/Page_Olva Courier  Datos Personales/button_Tipo De Documento' is clicked on

27-11-2024T18:01:03 - [MESSAGE][PASSED] - Object: 'Object Repository/Login/Page_Olva Courier  Datos Personales/button_Tipo De Documento' is clicked on

27-11-2024T18:01:03 - [TEST_STEP][PASSED] - click(findTestObject("Object Repository/Login/Page_Olva Courier  Datos Personales/a_DNI (Boleta)")): Object: 'Object Repository/Login/Page_Olva Courier  Datos Personales/a_DNI (Boleta)' is clicked on

27-11-2024T18:01:04 - [MESSAGE][PASSED] - Object: 'Object Repository/Login/Page_Olva Courier  Datos Personales/a_DNI (Boleta)' is clicked on

27-11-2024T18:01:04 - [TEST_STEP][PASSED] - setText(findTestObject("Object Repository/Login/Page_Olva Courier  Datos Personales/input_CARN EXT. (Boleta)_txt_documento_cliente"), "47190321"): Text '47190321' is set on object 'Object Repository/Login/Page_Olva Courier  Datos Personales/input_CARN EXT. (Boleta)_txt_documento_cliente'

27-11-2024T18:01:05 - [MESSAGE][PASSED] - Text '47190321' is set on object 'Object Repository/Login/Page_Olva Courier  Datos Personales/input_CARN EXT. (Boleta)_txt_documento_cliente'

27-11-2024T18:01:05 - [TEST_STEP][PASSED] - setText(findTestObject("Object Repository/Login/Page_Olva Courier  Datos Personales/input_CARN EXT. (Boleta)_txt_telefono_cliente"), "957378086"): Text '957378086' is set on object 'Object Repository/Login/Page_Olva Courier  Datos Personales/input_CARN EXT. (Boleta)_txt_telefono_cliente'

27-11-2024T18:01:11 - [MESSAGE][PASSED] - Text '957378086' is set on object 'Object Repository/Login/Page_Olva Courier  Datos Personales/input_CARN EXT. (Boleta)_txt_telefono_cliente'

27-11-2024T18:01:11 - [TEST_STEP][PASSED] - setText(findTestObject("Object Repository/Login/Page_Olva Courier  Datos Personales/input_Hola,_txt_email_cliente"), "riosalejosjs@gmail.com"): Text 'riosalejosjs@gmail.com' is set on object 'Object Repository/Login/Page_Olva Courier  Datos Personales/input_Hola,_txt_email_cliente'

27-11-2024T18:01:12 - [MESSAGE][PASSED] - Text 'riosalejosjs@gmail.com' is set on object 'Object Repository/Login/Page_Olva Courier  Datos Personales/input_Hola,_txt_email_cliente'

27-11-2024T18:01:12 - [MESSAGE][PASSED] - Call Test Case 'Test Cases/1.Inicio/1.2Tipo_Doc/1.DNI' successfully

27-11-2024T18:01:12 - [TEST_STEP][PASSED] - setText(findTestObject("Object Repository/sobre/Page_Olva Courier  Datos Personales/input_Qu Envas_input_descripcion"), "PRUEBAS SOBRE"): Text 'PRUEBAS SOBRE' is set on object 'Object Repository/sobre/Page_Olva Courier  Datos Personales/input_Qu Envas_input_descripcion'

27-11-2024T18:01:12 - [MESSAGE][PASSED] - Text 'PRUEBAS SOBRE' is set on object 'Object Repository/sobre/Page_Olva Courier  Datos Personales/input_Qu Envas_input_descripcion'

27-11-2024T18:01:12 - [TEST_STEP][PASSED] - setText(findTestObject("Object Repository/sobre/Page_Olva Courier  Datos Personales/input_Qu Envas_input_valor"), "70"): Text '70' is set on object 'Object Repository/sobre/Page_Olva Courier  Datos Personales/input_Qu Envas_input_valor'

27-11-2024T18:01:13 - [MESSAGE][PASSED] - Text '70' is set on object 'Object Repository/sobre/Page_Olva Courier  Datos Personales/input_Qu Envas_input_valor'

27-11-2024T18:01:13 - [TEST_STEP][PASSED] - scrollToElement(findTestObject("Object Repository/Destinos/Page_Olva Courier  Datos Personales/button_Ingrese el punto de llegada (1)"), 0): Scroll to object 'Object Repository/Destinos/Page_Olva Courier  Datos Personales/button_Ingrese el punto de llegada (1)' successfully

27-11-2024T18:01:13 - [MESSAGE][WARNING] - Timeout '0' is invalid. Using default page load timeout: '30'

27-11-2024T18:01:13 - [MESSAGE][PASSED] - Scroll to object 'Object Repository/Destinos/Page_Olva Courier  Datos Personales/button_Ingrese el punto de llegada (1)' successfully

27-11-2024T18:01:13 - [TEST_STEP][PASSED] - click(findTestObject("Object Repository/Destinos/Page_Olva Courier  Datos Personales/button_Ingrese el punto de llegada (1)")): Object: 'Object Repository/Destinos/Page_Olva Courier  Datos Personales/button_Ingrese el punto de llegada (1)' is clicked on

27-11-2024T18:01:14 - [MESSAGE][PASSED] - Object: 'Object Repository/Destinos/Page_Olva Courier  Datos Personales/button_Ingrese el punto de llegada (1)' is clicked on

27-11-2024T18:01:14 - [TEST_STEP][PASSED] - click(findTestObject("Object Repository/Destinos/Page_Olva Courier  Datos Personales/span_AMAZONAS - BAGUA - BAGUA")): Object: 'Object Repository/Destinos/Page_Olva Courier  Datos Personales/span_AMAZONAS - BAGUA - BAGUA' is clicked on

27-11-2024T18:01:14 - [MESSAGE][PASSED] - Object: 'Object Repository/Destinos/Page_Olva Courier  Datos Personales/span_AMAZONAS - BAGUA - BAGUA' is clicked on

27-11-2024T18:01:14 - [TEST_STEP][PASSED] - delay(3): Delayed 3 second(s)

27-11-2024T18:01:17 - [MESSAGE][PASSED] - Delayed 3 second(s)

27-11-2024T18:01:17 - [TEST_STEP][PASSED] - click(findTestObject("Object Repository/Destinos/Page_Olva Courier  Datos Personales/button_Tipo de entrega (1)")): Object: 'Object Repository/Destinos/Page_Olva Courier  Datos Personales/button_Tipo de entrega (1)' is clicked on

27-11-2024T18:01:18 - [MESSAGE][PASSED] - Object: 'Object Repository/Destinos/Page_Olva Courier  Datos Personales/button_Tipo de entrega (1)' is clicked on

27-11-2024T18:01:18 - [TEST_STEP][PASSED] - delay(3): Delayed 3 second(s)

27-11-2024T18:01:21 - [MESSAGE][PASSED] - Delayed 3 second(s)

27-11-2024T18:01:21 - [TEST_STEP][PASSED] - click(findTestObject("Object Repository/Destinos/Page_Olva Courier  Datos Personales/a_Entrega a domicilio (1)")): Object: 'Object Repository/Destinos/Page_Olva Courier  Datos Personales/a_Entrega a domicilio (1)' is clicked on

27-11-2024T18:01:24 - [MESSAGE][PASSED] - Object: 'Object Repository/Destinos/Page_Olva Courier  Datos Personales/a_Entrega a domicilio (1)' is clicked on

27-11-2024T18:01:24 - [TEST_STEP][PASSED] - delay(3): Delayed 3 second(s)

27-11-2024T18:01:27 - [MESSAGE][PASSED] - Delayed 3 second(s)

27-11-2024T18:01:27 - [TEST_STEP][PASSED] - scrollToElement(findTestObject("Object Repository/Destinos/Page_Olva Courier  Datos Personales/button_Tipo De Documento_1 (1)"), 0): Scroll to object 'Object Repository/Destinos/Page_Olva Courier  Datos Personales/button_Tipo De Documento_1 (1)' successfully

27-11-2024T18:01:27 - [MESSAGE][WARNING] - Timeout '0' is invalid. Using default page load timeout: '30'

27-11-2024T18:01:27 - [MESSAGE][PASSED] - Scroll to object 'Object Repository/Destinos/Page_Olva Courier  Datos Personales/button_Tipo De Documento_1 (1)' successfully

27-11-2024T18:01:27 - [TEST_STEP][PASSED] - click(findTestObject("Object Repository/Destinos/Page_Olva Courier  Datos Personales/button_Tipo De Documento_1 (1)")): Object: 'Object Repository/Destinos/Page_Olva Courier  Datos Personales/button_Tipo De Documento_1 (1)' is clicked on

27-11-2024T18:01:28 - [MESSAGE][PASSED] - Object: 'Object Repository/Destinos/Page_Olva Courier  Datos Personales/button_Tipo De Documento_1 (1)' is clicked on

27-11-2024T18:01:28 - [TEST_STEP][PASSED] - click(findTestObject("Object Repository/Destinos/Page_Olva Courier  Datos Personales/a_DNI (1)")): Object: 'Object Repository/Destinos/Page_Olva Courier  Datos Personales/a_DNI (1)' is clicked on

27-11-2024T18:01:28 - [MESSAGE][PASSED] - Object: 'Object Repository/Destinos/Page_Olva Courier  Datos Personales/a_DNI (1)' is clicked on

27-11-2024T18:01:28 - [TEST_STEP][PASSED] - setText(findTestObject("Object Repository/Destinos/Page_Olva Courier  Datos Personales/input_CARN EXT_txt_consignado_dni (1)"), "71735786"): Text '71735786' is set on object 'Object Repository/Destinos/Page_Olva Courier  Datos Personales/input_CARN EXT_txt_consignado_dni (1)'

27-11-2024T18:01:29 - [MESSAGE][PASSED] - Text '71735786' is set on object 'Object Repository/Destinos/Page_Olva Courier  Datos Personales/input_CARN EXT_txt_consignado_dni (1)'

27-11-2024T18:01:29 - [TEST_STEP][PASSED] - scrollToElement(findTestObject("Object Repository/Destinos/Page_Olva Courier  Datos Personales/button_CONTINUAR (1)"), 0): Scroll to object 'Object Repository/Destinos/Page_Olva Courier  Datos Personales/button_CONTINUAR (1)' successfully

27-11-2024T18:01:29 - [MESSAGE][WARNING] - Timeout '0' is invalid. Using default page load timeout: '30'

27-11-2024T18:01:30 - [MESSAGE][PASSED] - Scroll to object 'Object Repository/Destinos/Page_Olva Courier  Datos Personales/button_CONTINUAR (1)' successfully

27-11-2024T18:01:30 - [TEST_STEP][PASSED] - click(findTestObject("Object Repository/Destinos/Page_Olva Courier  Datos Personales/button_CONTINUAR (1)")): Object: 'Object Repository/Destinos/Page_Olva Courier  Datos Personales/button_CONTINUAR (1)' is clicked on

27-11-2024T18:01:30 - [MESSAGE][PASSED] - Object: 'Object Repository/Destinos/Page_Olva Courier  Datos Personales/button_CONTINUAR (1)' is clicked on

27-11-2024T18:01:30 - [TEST_STEP][PASSED] - click(findTestObject("Object Repository/Destinos/Page_Olva Courier  Confirma tus datos/a_AGREGAR ENVOS (1)")): Object: 'Object Repository/Destinos/Page_Olva Courier  Confirma tus datos/a_AGREGAR ENVOS (1)' is clicked on

27-11-2024T18:01:35 - [MESSAGE][PASSED] - Object: 'Object Repository/Destinos/Page_Olva Courier  Confirma tus datos/a_AGREGAR ENVOS (1)' is clicked on

27-11-2024T18:01:35 - [TEST_STEP][PASSED] - click(findTestObject("Object Repository/Destinos/Page_Olva Courier  Home/img_Envo de cajas o paquetescon un peso mxi_37770f (1)")): Object: 'Object Repository/Destinos/Page_Olva Courier  Home/img_Envo de cajas o paquetescon un peso mxi_37770f (1)' is clicked on

27-11-2024T18:01:36 - [MESSAGE][PASSED] - Object: 'Object Repository/Destinos/Page_Olva Courier  Home/img_Envo de cajas o paquetescon un peso mxi_37770f (1)' is clicked on

27-11-2024T18:01:36 - [TEST_STEP][PASSED] - scrollToElement(findTestObject("Object Repository/Destinos/Page_Olva Courier  Home/button_CONTINUAR (1)"), 0): Scroll to object 'Object Repository/Destinos/Page_Olva Courier  Home/button_CONTINUAR (1)' successfully

27-11-2024T18:01:36 - [MESSAGE][WARNING] - Timeout '0' is invalid. Using default page load timeout: '30'

27-11-2024T18:01:36 - [MESSAGE][PASSED] - Scroll to object 'Object Repository/Destinos/Page_Olva Courier  Home/button_CONTINUAR (1)' successfully

27-11-2024T18:01:36 - [TEST_STEP][PASSED] - click(findTestObject("Object Repository/Destinos/Page_Olva Courier  Home/button_CONTINUAR (1)")): Object: 'Object Repository/Destinos/Page_Olva Courier  Home/button_CONTINUAR (1)' is clicked on

27-11-2024T18:01:37 - [MESSAGE][PASSED] - Object: 'Object Repository/Destinos/Page_Olva Courier  Home/button_CONTINUAR (1)' is clicked on

27-11-2024T18:01:37 - [TEST_STEP][PASSED] - setText(findTestObject("Object Repository/Destinos/Page_Olva Courier  Datos Personales/input_Qu Envas_input_descripcion (1)"), "Fty"): Text 'Fty' is set on object 'Object Repository/Destinos/Page_Olva Courier  Datos Personales/input_Qu Envas_input_descripcion (1)'

27-11-2024T18:01:41 - [MESSAGE][PASSED] - Text 'Fty' is set on object 'Object Repository/Destinos/Page_Olva Courier  Datos Personales/input_Qu Envas_input_descripcion (1)'

27-11-2024T18:01:41 - [TEST_STEP][PASSED] - setText(findTestObject("Object Repository/Destinos/Page_Olva Courier  Datos Personales/input_Qu Envas_input_valor (1)"), "50"): Text '50' is set on object 'Object Repository/Destinos/Page_Olva Courier  Datos Personales/input_Qu Envas_input_valor (1)'

27-11-2024T18:01:42 - [MESSAGE][PASSED] - Text '50' is set on object 'Object Repository/Destinos/Page_Olva Courier  Datos Personales/input_Qu Envas_input_valor (1)'

27-11-2024T18:01:42 - [TEST_STEP][PASSED] - scrollToElement(findTestObject("Object Repository/Destinos/Page_Olva Courier  Datos Personales/button_Ingrese el punto de llegada (1)"), 0): Scroll to object 'Object Repository/Destinos/Page_Olva Courier  Datos Personales/button_Ingrese el punto de llegada (1)' successfully

27-11-2024T18:01:42 - [MESSAGE][WARNING] - Timeout '0' is invalid. Using default page load timeout: '30'

27-11-2024T18:01:42 - [MESSAGE][PASSED] - Scroll to object 'Object Repository/Destinos/Page_Olva Courier  Datos Personales/button_Ingrese el punto de llegada (1)' successfully

27-11-2024T18:01:42 - [TEST_STEP][PASSED] - click(findTestObject("Object Repository/Destinos/Page_Olva Courier  Datos Personales/button_Ingrese el punto de llegada (1)")): Object: 'Object Repository/Destinos/Page_Olva Courier  Datos Personales/button_Ingrese el punto de llegada (1)' is clicked on

27-11-2024T18:01:43 - [MESSAGE][PASSED] - Object: 'Object Repository/Destinos/Page_Olva Courier  Datos Personales/button_Ingrese el punto de llegada (1)' is clicked on

27-11-2024T18:01:43 - [TEST_STEP][PASSED] - click(findTestObject("Object Repository/Destinos/Page_Olva Courier  Datos Personales/a_ANCASH - HUARAZ - HUARAZ")): Object: 'Object Repository/Destinos/Page_Olva Courier  Datos Personales/a_ANCASH - HUARAZ - HUARAZ' is clicked on

27-11-2024T18:01:44 - [MESSAGE][PASSED] - Object: 'Object Repository/Destinos/Page_Olva Courier  Datos Personales/a_ANCASH - HUARAZ - HUARAZ' is clicked on

27-11-2024T18:01:44 - [TEST_STEP][PASSED] - click(findTestObject("Object Repository/Destinos/Page_Olva Courier  Datos Personales/button_Tipo de entrega (1)")): Object: 'Object Repository/Destinos/Page_Olva Courier  Datos Personales/button_Tipo de entrega (1)' is clicked on

27-11-2024T18:01:45 - [MESSAGE][PASSED] - Object: 'Object Repository/Destinos/Page_Olva Courier  Datos Personales/button_Tipo de entrega (1)' is clicked on

27-11-2024T18:01:45 - [TEST_STEP][PASSED] - click(findTestObject("Object Repository/Destinos/Page_Olva Courier  Datos Personales/a_Recojo en tienda (1)")): Object: 'Object Repository/Destinos/Page_Olva Courier  Datos Personales/a_Recojo en tienda (1)' is clicked on

27-11-2024T18:01:46 - [MESSAGE][PASSED] - Object: 'Object Repository/Destinos/Page_Olva Courier  Datos Personales/a_Recojo en tienda (1)' is clicked on

27-11-2024T18:01:46 - [TEST_STEP][PASSED] - click(findTestObject("Object Repository/Destinos/Page_Olva Courier  Datos Personales/button_Tienda (1)")): Object: 'Object Repository/Destinos/Page_Olva Courier  Datos Personales/button_Tienda (1)' is clicked on

27-11-2024T18:01:47 - [MESSAGE][PASSED] - Object: 'Object Repository/Destinos/Page_Olva Courier  Datos Personales/button_Tienda (1)' is clicked on

27-11-2024T18:01:47 - [TEST_STEP][PASSED] - click(findTestObject("Object Repository/Destinos/Page_Olva Courier  Datos Personales/span_TIENDA HUARAZ - HUARAZ - AV MARISCAL A_1d6adb")): Object: 'Object Repository/Destinos/Page_Olva Courier  Datos Personales/span_TIENDA HUARAZ - HUARAZ - AV MARISCAL A_1d6adb' is clicked on

27-11-2024T18:01:47 - [MESSAGE][PASSED] - Object: 'Object Repository/Destinos/Page_Olva Courier  Datos Personales/span_TIENDA HUARAZ - HUARAZ - AV MARISCAL A_1d6adb' is clicked on

27-11-2024T18:01:47 - [TEST_STEP][PASSED] - scrollToElement(findTestObject("Object Repository/Destinos/Page_Olva Courier  Datos Personales/button_Tipo De Documento_1 (1)"), 0): Scroll to object 'Object Repository/Destinos/Page_Olva Courier  Datos Personales/button_Tipo De Documento_1 (1)' successfully

27-11-2024T18:01:47 - [MESSAGE][WARNING] - Timeout '0' is invalid. Using default page load timeout: '30'

27-11-2024T18:01:48 - [MESSAGE][PASSED] - Scroll to object 'Object Repository/Destinos/Page_Olva Courier  Datos Personales/button_Tipo De Documento_1 (1)' successfully

27-11-2024T18:01:48 - [TEST_STEP][PASSED] - click(findTestObject("Object Repository/Destinos/Page_Olva Courier  Datos Personales/button_Tipo De Documento_1 (1)")): Object: 'Object Repository/Destinos/Page_Olva Courier  Datos Personales/button_Tipo De Documento_1 (1)' is clicked on

27-11-2024T18:01:48 - [MESSAGE][PASSED] - Object: 'Object Repository/Destinos/Page_Olva Courier  Datos Personales/button_Tipo De Documento_1 (1)' is clicked on

27-11-2024T18:01:48 - [TEST_STEP][PASSED] - click(findTestObject("Object Repository/Destinos/Page_Olva Courier  Datos Personales/span_DNI")): Object: 'Object Repository/Destinos/Page_Olva Courier  Datos Personales/span_DNI' is clicked on

27-11-2024T18:01:49 - [MESSAGE][PASSED] - Object: 'Object Repository/Destinos/Page_Olva Courier  Datos Personales/span_DNI' is clicked on

27-11-2024T18:01:49 - [TEST_STEP][PASSED] - setText(findTestObject("Object Repository/Destinos/Page_Olva Courier  Datos Personales/input_CARN EXT_txt_consignado_dni (1)"), "71735785"): Text '71735785' is set on object 'Object Repository/Destinos/Page_Olva Courier  Datos Personales/input_CARN EXT_txt_consignado_dni (1)'

27-11-2024T18:01:49 - [MESSAGE][PASSED] - Text '71735785' is set on object 'Object Repository/Destinos/Page_Olva Courier  Datos Personales/input_CARN EXT_txt_consignado_dni (1)'

27-11-2024T18:01:49 - [TEST_STEP][PASSED] - scrollToElement(findTestObject("Object Repository/Destinos/Page_Olva Courier  Datos Personales/button_CONTINUAR (1)"), 0): Scroll to object 'Object Repository/Destinos/Page_Olva Courier  Datos Personales/button_CONTINUAR (1)' successfully

27-11-2024T18:01:49 - [MESSAGE][WARNING] - Timeout '0' is invalid. Using default page load timeout: '30'

27-11-2024T18:01:50 - [MESSAGE][PASSED] - Scroll to object 'Object Repository/Destinos/Page_Olva Courier  Datos Personales/button_CONTINUAR (1)' successfully

27-11-2024T18:01:50 - [TEST_STEP][PASSED] - click(findTestObject("Object Repository/Destinos/Page_Olva Courier  Datos Personales/button_CONTINUAR (1)")): Object: 'Object Repository/Destinos/Page_Olva Courier  Datos Personales/button_CONTINUAR (1)' is clicked on

27-11-2024T18:01:51 - [MESSAGE][PASSED] - Object: 'Object Repository/Destinos/Page_Olva Courier  Datos Personales/button_CONTINUAR (1)' is clicked on

27-11-2024T18:01:51 - [TEST_STEP][PASSED] - click(findTestObject("Object Repository/Destinos/Page_Olva Courier  Confirma tus datos/button_IR A PAGAR S 27.90 (1)")): Object: 'Object Repository/Destinos/Page_Olva Courier  Confirma tus datos/button_IR A PAGAR S 27.90 (1)' is clicked on

27-11-2024T18:01:54 - [MESSAGE][PASSED] - Object: 'Object Repository/Destinos/Page_Olva Courier  Confirma tus datos/button_IR A PAGAR S 27.90 (1)' is clicked on

27-11-2024T18:01:54 - [TEST_STEP][PASSED] - delay(3): Delayed 3 second(s)

27-11-2024T18:01:57 - [MESSAGE][PASSED] - Delayed 3 second(s)

27-11-2024T18:01:57 - [TEST_STEP][PASSED] - setText(findTestObject("Object Repository/Destinos/Page_Olva Courier  Confirma tus datos/input_Tienes envos con recojo en tienda, se_b85f5d (1)"), "1"): Text '1' is set on object 'Object Repository/Destinos/Page_Olva Courier  Confirma tus datos/input_Tienes envos con recojo en tienda, se_b85f5d (1)'

27-11-2024T18:01:58 - [MESSAGE][PASSED] - Text '1' is set on object 'Object Repository/Destinos/Page_Olva Courier  Confirma tus datos/input_Tienes envos con recojo en tienda, se_b85f5d (1)'

27-11-2024T18:01:58 - [TEST_STEP][PASSED] - setText(findTestObject("Object Repository/Destinos/Page_Olva Courier  Confirma tus datos/input_Tienes envos con recojo en tienda, se_af5936 (1)"), "1"): Text '1' is set on object 'Object Repository/Destinos/Page_Olva Courier  Confirma tus datos/input_Tienes envos con recojo en tienda, se_af5936 (1)'

27-11-2024T18:01:59 - [MESSAGE][PASSED] - Text '1' is set on object 'Object Repository/Destinos/Page_Olva Courier  Confirma tus datos/input_Tienes envos con recojo en tienda, se_af5936 (1)'

27-11-2024T18:01:59 - [TEST_STEP][PASSED] - setText(findTestObject("Object Repository/Destinos/Page_Olva Courier  Confirma tus datos/input_Tienes envos con recojo en tienda, se_653975 (1)"), "1"): Text '1' is set on object 'Object Repository/Destinos/Page_Olva Courier  Confirma tus datos/input_Tienes envos con recojo en tienda, se_653975 (1)'

27-11-2024T18:02:00 - [MESSAGE][PASSED] - Text '1' is set on object 'Object Repository/Destinos/Page_Olva Courier  Confirma tus datos/input_Tienes envos con recojo en tienda, se_653975 (1)'

27-11-2024T18:02:00 - [TEST_STEP][PASSED] - setText(findTestObject("Object Repository/Destinos/Page_Olva Courier  Confirma tus datos/input_Tienes envos con recojo en tienda, se_8615a0 (1)"), "1"): Text '1' is set on object 'Object Repository/Destinos/Page_Olva Courier  Confirma tus datos/input_Tienes envos con recojo en tienda, se_8615a0 (1)'

27-11-2024T18:02:01 - [MESSAGE][PASSED] - Text '1' is set on object 'Object Repository/Destinos/Page_Olva Courier  Confirma tus datos/input_Tienes envos con recojo en tienda, se_8615a0 (1)'

27-11-2024T18:02:01 - [TEST_STEP][PASSED] - click(findTestObject("Object Repository/Destinos/Page_Olva Courier  Confirma tus datos/div_Aceptar (1)")): Object: 'Object Repository/Destinos/Page_Olva Courier  Confirma tus datos/div_Aceptar (1)' is clicked on

27-11-2024T18:02:01 - [MESSAGE][PASSED] - Object: 'Object Repository/Destinos/Page_Olva Courier  Confirma tus datos/div_Aceptar (1)' is clicked on

27-11-2024T18:02:01 - [TEST_STEP][PASSED] - verifyElementPresent(findTestObject("Object Repository/Destinos/Page_Olva Courier  Medios de pago/button_PAGAR (1)"), 0): Object 'Object Repository/Destinos/Page_Olva Courier  Medios de pago/button_PAGAR (1)' is present

27-11-2024T18:02:01 - [MESSAGE][WARNING] - Timeout '0' is invalid. Using default page load timeout: '30'

27-11-2024T18:02:04 - [MESSAGE][PASSED] - Object 'Object Repository/Destinos/Page_Olva Courier  Medios de pago/button_PAGAR (1)' is present

27-11-2024T18:02:04 - [TEST_STEP][PASSED] - callTestCase(findTestCase("1.Inicio/1.3Pago_POS/Pago-exitoso"), [:], STOP_ON_FAILURE): Call Test Case 'Test Cases/1.Inicio/1.3Pago_POS/Pago-exitoso' successfully

27-11-2024T18:02:04 - [TEST_CASE][PASSED] - Test Cases/1.Inicio/1.3Pago_POS/Pago-exitoso: Test Cases/1.Inicio/1.3Pago_POS/Pago-exitoso

27-11-2024T18:02:05 - [TEST_STEP][PASSED] - verifyElementPresent(findTestObject("Object Repository/pago/Page_Olva Courier  Medios de pago/div_Pago con tarjeta de crdito, dbito y Yape"), 0): Object 'Object Repository/pago/Page_Olva Courier  Medios de pago/div_Pago con tarjeta de crdito, dbito y Yape' is present

27-11-2024T18:02:05 - [MESSAGE][WARNING] - Timeout '0' is invalid. Using default page load timeout: '30'

27-11-2024T18:02:06 - [MESSAGE][PASSED] - Object 'Object Repository/pago/Page_Olva Courier  Medios de pago/div_Pago con tarjeta de crdito, dbito y Yape' is present

27-11-2024T18:02:06 - [TEST_STEP][PASSED] - verifyElementPresent(findTestObject("Object Repository/pago/Page_Olva Courier  Medios de pago/td_S"), 0): Object 'Object Repository/pago/Page_Olva Courier  Medios de pago/td_S' is present

27-11-2024T18:02:06 - [MESSAGE][WARNING] - Timeout '0' is invalid. Using default page load timeout: '30'

27-11-2024T18:02:06 - [MESSAGE][PASSED] - Object 'Object Repository/pago/Page_Olva Courier  Medios de pago/td_S' is present

27-11-2024T18:02:06 - [TEST_STEP][PASSED] - delay(1): Delayed 1 second(s)

27-11-2024T18:02:07 - [MESSAGE][PASSED] - Delayed 1 second(s)

27-11-2024T18:02:07 - [TEST_STEP][PASSED] - scrollToElement(findTestObject("Object Repository/pago/Page_Olva Courier  Medios de pago/button_PAGAR"), 0): Scroll to object 'Object Repository/pago/Page_Olva Courier  Medios de pago/button_PAGAR' successfully

27-11-2024T18:02:07 - [MESSAGE][WARNING] - Timeout '0' is invalid. Using default page load timeout: '30'

27-11-2024T18:02:07 - [MESSAGE][PASSED] - Scroll to object 'Object Repository/pago/Page_Olva Courier  Medios de pago/button_PAGAR' successfully

27-11-2024T18:02:07 - [TEST_STEP][PASSED] - click(findTestObject("Object Repository/pago/Page_Olva Courier  Medios de pago/button_PAGAR")): Object: 'Object Repository/pago/Page_Olva Courier  Medios de pago/button_PAGAR' is clicked on

27-11-2024T18:02:09 - [MESSAGE][PASSED] - Object: 'Object Repository/pago/Page_Olva Courier  Medios de pago/button_PAGAR' is clicked on

27-11-2024T18:02:09 - [TEST_STEP][PASSED] - delay(2): Delayed 2 second(s)

27-11-2024T18:02:11 - [MESSAGE][PASSED] - Delayed 2 second(s)

27-11-2024T18:02:11 - [TEST_STEP][PASSED] - verifyElementText(findTestObject("Object Repository/pago/Page_Olva Courier  Pago Exitoso/div_Aprobado y completado con exito"), "Aprobado y completado con exito"): Actual text and expected text of test object 'Object Repository/pago/Page_Olva Courier  Pago Exitoso/div_Aprobado y completado con exito' are matched.

27-11-2024T18:02:11 - [MESSAGE][PASSED] - Actual text and expected text of test object 'Object Repository/pago/Page_Olva Courier  Pago Exitoso/div_Aprobado y completado con exito' are matched.

27-11-2024T18:02:11 - [TEST_STEP][PASSED] - verifyElementPresent(findTestObject("Object Repository/pago/Page_Olva Courier  Pago Exitoso/b_nroPreventa"), 0): Object 'Object Repository/pago/Page_Olva Courier  Pago Exitoso/b_nroPreventa' is present

27-11-2024T18:02:11 - [MESSAGE][WARNING] - Timeout '0' is invalid. Using default page load timeout: '30'

27-11-2024T18:02:12 - [MESSAGE][PASSED] - Object 'Object Repository/pago/Page_Olva Courier  Pago Exitoso/b_nroPreventa' is present

27-11-2024T18:02:12 - [MESSAGE][PASSED] - Call Test Case 'Test Cases/1.Inicio/1.3Pago_POS/Pago-exitoso' successfully]]></system-out>
         <system-err><![CDATA[]]></system-err>
      </testcase>
      <testcase name="Test Cases/2.Positivos/2.2Sobre/Origen-Lima/3.Destino-D,DO,O/Destino-D" time="56.546" classname="Test Cases/2.Positivos/2.2Sobre/Origen-Lima/3.Destino-D,DO,O/Destino-D" status="FAILED">
         <failure type="FAILED" message="Test Cases/2.Positivos/2.2Sobre/Origen-Lima/3.Destino-D,DO,O/Destino-D FAILED.&#xa;Reason:&#xa;com.kms.katalon.core.exception.StepFailedException: Call Test Case 'Test Cases/1.Inicio/1.1Principal/Selec_sobre' failed&#xa;	at com.kms.katalon.core.keyword.builtin.CallTestCaseKeyword$_callTestCase_closure1.doCall(CallTestCaseKeyword.groovy:63)&#xa;	at com.kms.katalon.core.keyword.builtin.CallTestCaseKeyword$_callTestCase_closure1.call(CallTestCaseKeyword.groovy)&#xa;	at com.kms.katalon.core.keyword.internal.KeywordMain.runKeyword(KeywordMain.groovy:75)&#xa;	at com.kms.katalon.core.keyword.builtin.CallTestCaseKeyword.callTestCase(CallTestCaseKeyword.groovy:81)&#xa;	at com.kms.katalon.core.keyword.builtin.CallTestCaseKeyword.execute(CallTestCaseKeyword.groovy:44)&#xa;	at com.kms.katalon.core.keyword.internal.KeywordExecutor.executeKeywordForPlatform(KeywordExecutor.groovy:74)&#xa;	at com.kms.katalon.core.keyword.BuiltinKeywords.callTestCase(BuiltinKeywords.groovy:310)&#xa;	at jdk.internal.reflect.GeneratedMethodAccessor25.invoke(Unknown Source)&#xa;	at java.base/jdk.internal.reflect.DelegatingMethodAccessorImpl.invoke(DelegatingMethodAccessorImpl.java:43)&#xa;	at Destino-D.run(Destino-D:22)&#xa;	at com.kms.katalon.core.main.ScriptEngine.run(ScriptEngine.java:194)&#xa;	at com.kms.katalon.core.main.ScriptEngine.runScriptAsRawText(ScriptEngine.java:119)&#xa;	at com.kms.katalon.core.main.TestCaseExecutor.runScript(TestCaseExecutor.java:448)&#xa;	at com.kms.katalon.core.main.TestCaseExecutor.doExecute(TestCaseExecutor.java:439)&#xa;	at com.kms.katalon.core.main.TestCaseExecutor.processExecutionPhase(TestCaseExecutor.java:418)&#xa;	at com.kms.katalon.core.main.TestCaseExecutor.accessMainPhase(TestCaseExecutor.java:410)&#xa;	at com.kms.katalon.core.main.TestCaseExecutor.execute(TestCaseExecutor.java:285)&#xa;	at com.kms.katalon.core.common.CommonExecutor.accessTestCaseMainPhase(CommonExecutor.java:65)&#xa;	at com.kms.katalon.core.main.TestSuiteExecutor.accessTestSuiteMainPhase(TestSuiteExecutor.java:150)&#xa;	at com.kms.katalon.core.main.TestSuiteExecutor.execute(TestSuiteExecutor.java:106)&#xa;	at com.kms.katalon.core.main.TestCaseMain.startTestSuite(TestCaseMain.java:180)&#xa;	at TempTestSuite1732745349578.run(TempTestSuite1732745349578.groovy:35)&#xa;	at java.base/jdk.internal.reflect.NativeMethodAccessorImpl.invoke0(Native Method)&#xa;	at java.base/jdk.internal.reflect.NativeMethodAccessorImpl.invoke(NativeMethodAccessorImpl.java:77)&#xa;	at java.base/jdk.internal.reflect.DelegatingMethodAccessorImpl.invoke(DelegatingMethodAccessorImpl.java:43)&#xa;Caused by: com.kms.katalon.core.exception.StepFailedException: Unable to click on object 'Object Repository/Principal/Page_Olva Courier  Home/button_CONTINUAR (2)'&#xa;	at com.kms.katalon.core.webui.keyword.internal.WebUIKeywordMain.stepFailed(WebUIKeywordMain.groovy:117)&#xa;	at com.kms.katalon.core.webui.keyword.internal.WebUIKeywordMain.runKeyword(WebUIKeywordMain.groovy:43)&#xa;	at com.kms.katalon.core.webui.keyword.builtin.ClickKeyword.click(ClickKeyword.groovy:74)&#xa;	at com.kms.katalon.core.webui.keyword.builtin.ClickKeyword.execute(ClickKeyword.groovy:40)&#xa;	at com.kms.katalon.core.keyword.internal.KeywordExecutor.executeKeywordForPlatform(KeywordExecutor.groovy:74)&#xa;	at com.kms.katalon.core.webui.keyword.WebUiBuiltInKeywords.click(WebUiBuiltInKeywords.groovy:659)&#xa;	at Selec_sobre.run(Selec_sobre:24)&#xa;	at com.kms.katalon.core.main.ScriptEngine.run(ScriptEngine.java:194)&#xa;	at com.kms.katalon.core.main.ScriptEngine.runScriptAsRawText(ScriptEngine.java:119)&#xa;	at com.kms.katalon.core.main.TestCaseExecutor.runScript(TestCaseExecutor.java:448)&#xa;	at com.kms.katalon.core.main.TestCaseExecutor.doExecute(TestCaseExecutor.java:439)&#xa;	at com.kms.katalon.core.main.TestCaseExecutor.processExecutionPhase(TestCaseExecutor.java:418)&#xa;	at com.kms.katalon.core.main.TestCaseExecutor.accessMainPhase(TestCaseExecutor.java:410)&#xa;	at com.kms.katalon.core.main.TestCaseExecutor.execute(TestCaseExecutor.java:285)&#xa;	at com.kms.katalon.core.main.TestCaseMain.runTestCase(TestCaseMain.java:137)&#xa;	at com.kms.katalon.core.keyword.builtin.CallTestCaseKeyword$_callTestCase_closure1.doCall(CallTestCaseKeyword.groovy:59)&#xa;	... 24 more&#xa;Caused by: org.openqa.selenium.ElementClickInterceptedException: Element &lt;button id=&quot;btn_aceptar_tipo_envio&quot; class=&quot;btn disabled&quot; type=&quot;button&quot;> is not clickable at point (675,588) because another element &lt;div class=&quot;modal-footer&quot;> obscures it&#xa;Build info: version: '3.141.59', revision: 'unknown', time: 'unknown'&#xa;System info: host: 'DESKTOP-RGFFP9A', ip: '10.136.10.6', os.name: 'Windows 11', os.arch: 'amd64', os.version: '10.0', java.version: '17.0.7'&#xa;Driver info: com.kms.katalon.core.webui.driver.firefox.CGeckoDriver&#xa;Capabilities {acceptInsecureCerts: true, browserName: firefox, browserVersion: 133.0, javascriptEnabled: true, moz:accessibilityChecks: false, moz:buildID: 20241121140525, moz:geckodriverVersion: 0.35.0, moz:headless: false, moz:platformVersion: 10.0, moz:processID: 40472, moz:profile: C:\Users\OLVATI\AppData\Loc..., moz:shutdownTimeout: 60000, moz:webdriverClick: true, moz:windowless: false, pageLoadStrategy: normal, platform: WINDOWS, platformName: WINDOWS, proxy: Proxy(direct), setWindowRect: true, strictFileInteractability: false, timeouts: {implicit: 0, pageLoad: 300000, script: 30000}, unhandledPromptBehavior: dismiss and notify, userAgent: Mozilla/5.0 (Windows NT 10....}&#xa;Session ID: 0ba82a3f-724a-4b90-abe2-2ac5b36888cd&#xa;	at jdk.internal.reflect.GeneratedConstructorAccessor32.newInstance(Unknown Source)&#xa;	at java.base/jdk.internal.reflect.DelegatingConstructorAccessorImpl.newInstance(DelegatingConstructorAccessorImpl.java:45)&#xa;	at org.openqa.selenium.remote.http.W3CHttpResponseCodec.createException(W3CHttpResponseCodec.java:187)&#xa;	at org.openqa.selenium.remote.http.W3CHttpResponseCodec.decode(W3CHttpResponseCodec.java:122)&#xa;	at org.openqa.selenium.remote.http.W3CHttpResponseCodec.decode(W3CHttpResponseCodec.java:49)&#xa;	at org.openqa.selenium.remote.HttpCommandExecutor.execute(HttpCommandExecutor.java:158)&#xa;	at org.openqa.selenium.remote.service.DriverCommandExecutor.execute(DriverCommandExecutor.java:83)&#xa;	at org.openqa.selenium.remote.RemoteWebDriver.execute(RemoteWebDriver.java:552)&#xa;	at com.kms.katalon.selenium.driver.CFirefoxDriver.execute(CFirefoxDriver.java:28)&#xa;	at org.openqa.selenium.remote.RemoteWebElement.execute(RemoteWebElement.java:285)&#xa;	at org.openqa.selenium.remote.RemoteWebElement.click(RemoteWebElement.java:84)&#xa;	at jdk.internal.reflect.GeneratedMethodAccessor10.invoke(Unknown Source)&#xa;	at java.base/jdk.internal.reflect.DelegatingMethodAccessorImpl.invoke(DelegatingMethodAccessorImpl.java:43)&#xa;	at org.openqa.selenium.support.events.EventFiringWebDriver$EventFiringWebElement.lambda$new$0(EventFiringWebDriver.java:404)&#xa;	at jdk.proxy2/jdk.proxy2.$Proxy21.click(Unknown Source)&#xa;	at org.openqa.selenium.support.events.EventFiringWebDriver$EventFiringWebElement.click(EventFiringWebDriver.java:417)&#xa;	at org.openqa.selenium.WebElement$click.call(Unknown Source)&#xa;	at com.kms.katalon.core.webui.keyword.builtin.ClickKeyword.clickUntilSuccessWithTimeout(ClickKeyword.groovy:81)&#xa;	at com.kms.katalon.core.webui.keyword.builtin.ClickKeyword.clickUntilSuccessWithTimeout(ClickKeyword.groovy)&#xa;	at jdk.internal.reflect.GeneratedMethodAccessor8.invoke(Unknown Source)&#xa;	at java.base/jdk.internal.reflect.DelegatingMethodAccessorImpl.invoke(DelegatingMethodAccessorImpl.java:43)&#xa;	at com.kms.katalon.core.webui.keyword.builtin.ClickKeyword$_click_closure1.doCall(ClickKeyword.groovy:67)&#xa;	at com.kms.katalon.core.webui.keyword.builtin.ClickKeyword$_click_closure1.call(ClickKeyword.groovy)&#xa;	at com.kms.katalon.core.webui.keyword.internal.WebUIKeywordMain.runKeyword(WebUIKeywordMain.groovy:35)&#xa;	... 38 more&#xa;"/>
         <system-out><![CDATA[27-11-2024T18:02:12 - [TEST_CASE][FAILED] - Test Cases/2.Positivos/2.2Sobre/Origen-Lima/3.Destino-D,DO,O/Destino-D: Test Cases/2.Positivos/2.2Sobre/Origen-Lima/3.Destino-D,DO,O/Destino-D FAILED.
Reason:
com.kms.katalon.core.exception.StepFailedException: Call Test Case 'Test Cases/1.Inicio/1.1Principal/Selec_sobre' failed
	at com.kms.katalon.core.keyword.builtin.CallTestCaseKeyword$_callTestCase_closure1.doCall(CallTestCaseKeyword.groovy:63)
	at com.kms.katalon.core.keyword.builtin.CallTestCaseKeyword$_callTestCase_closure1.call(CallTestCaseKeyword.groovy)
	at com.kms.katalon.core.keyword.internal.KeywordMain.runKeyword(KeywordMain.groovy:75)
	at com.kms.katalon.core.keyword.builtin.CallTestCaseKeyword.callTestCase(CallTestCaseKeyword.groovy:81)
	at com.kms.katalon.core.keyword.builtin.CallTestCaseKeyword.execute(CallTestCaseKeyword.groovy:44)
	at com.kms.katalon.core.keyword.internal.KeywordExecutor.executeKeywordForPlatform(KeywordExecutor.groovy:74)
	at com.kms.katalon.core.keyword.BuiltinKeywords.callTestCase(BuiltinKeywords.groovy:310)
	at jdk.internal.reflect.GeneratedMethodAccessor25.invoke(Unknown Source)
	at java.base/jdk.internal.reflect.DelegatingMethodAccessorImpl.invoke(DelegatingMethodAccessorImpl.java:43)
	at Destino-D.run(Destino-D:22)
	at com.kms.katalon.core.main.ScriptEngine.run(ScriptEngine.java:194)
	at com.kms.katalon.core.main.ScriptEngine.runScriptAsRawText(ScriptEngine.java:119)
	at com.kms.katalon.core.main.TestCaseExecutor.runScript(TestCaseExecutor.java:448)
	at com.kms.katalon.core.main.TestCaseExecutor.doExecute(TestCaseExecutor.java:439)
	at com.kms.katalon.core.main.TestCaseExecutor.processExecutionPhase(TestCaseExecutor.java:418)
	at com.kms.katalon.core.main.TestCaseExecutor.accessMainPhase(TestCaseExecutor.java:410)
	at com.kms.katalon.core.main.TestCaseExecutor.execute(TestCaseExecutor.java:285)
	at com.kms.katalon.core.common.CommonExecutor.accessTestCaseMainPhase(CommonExecutor.java:65)
	at com.kms.katalon.core.main.TestSuiteExecutor.accessTestSuiteMainPhase(TestSuiteExecutor.java:150)
	at com.kms.katalon.core.main.TestSuiteExecutor.execute(TestSuiteExecutor.java:106)
	at com.kms.katalon.core.main.TestCaseMain.startTestSuite(TestCaseMain.java:180)
	at TempTestSuite1732745349578.run(TempTestSuite1732745349578.groovy:35)
	at java.base/jdk.internal.reflect.NativeMethodAccessorImpl.invoke0(Native Method)
	at java.base/jdk.internal.reflect.NativeMethodAccessorImpl.invoke(NativeMethodAccessorImpl.java:77)
	at java.base/jdk.internal.reflect.DelegatingMethodAccessorImpl.invoke(DelegatingMethodAccessorImpl.java:43)
Caused by: com.kms.katalon.core.exception.StepFailedException: Unable to click on object 'Object Repository/Principal/Page_Olva Courier  Home/button_CONTINUAR (2)'
	at com.kms.katalon.core.webui.keyword.internal.WebUIKeywordMain.stepFailed(WebUIKeywordMain.groovy:117)
	at com.kms.katalon.core.webui.keyword.internal.WebUIKeywordMain.runKeyword(WebUIKeywordMain.groovy:43)
	at com.kms.katalon.core.webui.keyword.builtin.ClickKeyword.click(ClickKeyword.groovy:74)
	at com.kms.katalon.core.webui.keyword.builtin.ClickKeyword.execute(ClickKeyword.groovy:40)
	at com.kms.katalon.core.keyword.internal.KeywordExecutor.executeKeywordForPlatform(KeywordExecutor.groovy:74)
	at com.kms.katalon.core.webui.keyword.WebUiBuiltInKeywords.click(WebUiBuiltInKeywords.groovy:659)
	at Selec_sobre.run(Selec_sobre:24)
	at com.kms.katalon.core.main.ScriptEngine.run(ScriptEngine.java:194)
	at com.kms.katalon.core.main.ScriptEngine.runScriptAsRawText(ScriptEngine.java:119)
	at com.kms.katalon.core.main.TestCaseExecutor.runScript(TestCaseExecutor.java:448)
	at com.kms.katalon.core.main.TestCaseExecutor.doExecute(TestCaseExecutor.java:439)
	at com.kms.katalon.core.main.TestCaseExecutor.processExecutionPhase(TestCaseExecutor.java:418)
	at com.kms.katalon.core.main.TestCaseExecutor.accessMainPhase(TestCaseExecutor.java:410)
	at com.kms.katalon.core.main.TestCaseExecutor.execute(TestCaseExecutor.java:285)
	at com.kms.katalon.core.main.TestCaseMain.runTestCase(TestCaseMain.java:137)
	at com.kms.katalon.core.keyword.builtin.CallTestCaseKeyword$_callTestCase_closure1.doCall(CallTestCaseKeyword.groovy:59)
	... 24 more
Caused by: org.openqa.selenium.ElementClickInterceptedException: Element <button id="btn_aceptar_tipo_envio" class="btn disabled" type="button"> is not clickable at point (675,588) because another element <div class="modal-footer"> obscures it
Build info: version: '3.141.59', revision: 'unknown', time: 'unknown'
System info: host: 'DESKTOP-RGFFP9A', ip: '10.136.10.6', os.name: 'Windows 11', os.arch: 'amd64', os.version: '10.0', java.version: '17.0.7'
Driver info: com.kms.katalon.core.webui.driver.firefox.CGeckoDriver
Capabilities {acceptInsecureCerts: true, browserName: firefox, browserVersion: 133.0, javascriptEnabled: true, moz:accessibilityChecks: false, moz:buildID: 20241121140525, moz:geckodriverVersion: 0.35.0, moz:headless: false, moz:platformVersion: 10.0, moz:processID: 40472, moz:profile: C:\Users\OLVATI\AppData\Loc..., moz:shutdownTimeout: 60000, moz:webdriverClick: true, moz:windowless: false, pageLoadStrategy: normal, platform: WINDOWS, platformName: WINDOWS, proxy: Proxy(direct), setWindowRect: true, strictFileInteractability: false, timeouts: {implicit: 0, pageLoad: 300000, script: 30000}, unhandledPromptBehavior: dismiss and notify, userAgent: Mozilla/5.0 (Windows NT 10....}
Session ID: 0ba82a3f-724a-4b90-abe2-2ac5b36888cd
	at jdk.internal.reflect.GeneratedConstructorAccessor32.newInstance(Unknown Source)
	at java.base/jdk.internal.reflect.DelegatingConstructorAccessorImpl.newInstance(DelegatingConstructorAccessorImpl.java:45)
	at org.openqa.selenium.remote.http.W3CHttpResponseCodec.createException(W3CHttpResponseCodec.java:187)
	at org.openqa.selenium.remote.http.W3CHttpResponseCodec.decode(W3CHttpResponseCodec.java:122)
	at org.openqa.selenium.remote.http.W3CHttpResponseCodec.decode(W3CHttpResponseCodec.java:49)
	at org.openqa.selenium.remote.HttpCommandExecutor.execute(HttpCommandExecutor.java:158)
	at org.openqa.selenium.remote.service.DriverCommandExecutor.execute(DriverCommandExecutor.java:83)
	at org.openqa.selenium.remote.RemoteWebDriver.execute(RemoteWebDriver.java:552)
	at com.kms.katalon.selenium.driver.CFirefoxDriver.execute(CFirefoxDriver.java:28)
	at org.openqa.selenium.remote.RemoteWebElement.execute(RemoteWebElement.java:285)
	at org.openqa.selenium.remote.RemoteWebElement.click(RemoteWebElement.java:84)
	at jdk.internal.reflect.GeneratedMethodAccessor10.invoke(Unknown Source)
	at java.base/jdk.internal.reflect.DelegatingMethodAccessorImpl.invoke(DelegatingMethodAccessorImpl.java:43)
	at org.openqa.selenium.support.events.EventFiringWebDriver$EventFiringWebElement.lambda$new$0(EventFiringWebDriver.java:404)
	at jdk.proxy2/jdk.proxy2.$Proxy21.click(Unknown Source)
	at org.openqa.selenium.support.events.EventFiringWebDriver$EventFiringWebElement.click(EventFiringWebDriver.java:417)
	at org.openqa.selenium.WebElement$click.call(Unknown Source)
	at com.kms.katalon.core.webui.keyword.builtin.ClickKeyword.clickUntilSuccessWithTimeout(ClickKeyword.groovy:81)
	at com.kms.katalon.core.webui.keyword.builtin.ClickKeyword.clickUntilSuccessWithTimeout(ClickKeyword.groovy)
	at jdk.internal.reflect.GeneratedMethodAccessor8.invoke(Unknown Source)
	at java.base/jdk.internal.reflect.DelegatingMethodAccessorImpl.invoke(DelegatingMethodAccessorImpl.java:43)
	at com.kms.katalon.core.webui.keyword.builtin.ClickKeyword$_click_closure1.doCall(ClickKeyword.groovy:67)
	at com.kms.katalon.core.webui.keyword.builtin.ClickKeyword$_click_closure1.call(ClickKeyword.groovy)
	at com.kms.katalon.core.webui.keyword.internal.WebUIKeywordMain.runKeyword(WebUIKeywordMain.groovy:35)
	... 38 more


27-11-2024T18:02:12 - [TEST_STEP][PASSED] - callTestCase(findTestCase("1.Inicio/1.1Principal/Principal-home"), [:], STOP_ON_FAILURE): Call Test Case 'Test Cases/1.Inicio/1.1Principal/Principal-home' successfully

27-11-2024T18:02:12 - [TEST_CASE][PASSED] - Test Cases/1.Inicio/1.1Principal/Principal-home: Test Cases/1.Inicio/1.1Principal/Principal-home

27-11-2024T18:02:12 - [TEST_STEP][PASSED] - openBrowser(""): Browser is opened with url: ''

27-11-2024T18:02:12 - [MESSAGE][WARNING] - A browser is already opened. Closing browser and opening a new one

27-11-2024T18:02:16 - [MESSAGE][INFO] - Starting 'Firefox' driver

27-11-2024T18:02:16 - [MESSAGE][INFO] - Action delay is set to 0 milliseconds

27-11-2024T18:02:33 - [MESSAGE][PASSED] - Browser is opened with url: ''

27-11-2024T18:02:33 - [TEST_STEP][PASSED] - navigateToUrl("https://dev01-registrodeenvios.olvacourier.com/principal"): Navigate to 'https://dev01-registrodeenvios.olvacourier.com/principal' successfully

27-11-2024T18:02:35 - [MESSAGE][PASSED] - Navigate to 'https://dev01-registrodeenvios.olvacourier.com/principal' successfully

27-11-2024T18:02:35 - [TEST_STEP][PASSED] - maximizeWindow(): Current window maximized

27-11-2024T18:02:35 - [MESSAGE][PASSED] - Current window maximized

27-11-2024T18:02:35 - [MESSAGE][PASSED] - Call Test Case 'Test Cases/1.Inicio/1.1Principal/Principal-home' successfully

27-11-2024T18:02:35 - [TEST_STEP][FAILED] - callTestCase(findTestCase("1.Inicio/1.1Principal/Selec_sobre"), [:], STOP_ON_FAILURE): Unable to call Test Case 'Test Cases/1.Inicio/1.1Principal/Selec_sobre' (Root cause: com.kms.katalon.core.exception.StepFailedException: Call Test Case 'Test Cases/1.Inicio/1.1Principal/Selec_sobre' failed
	at com.kms.katalon.core.keyword.builtin.CallTestCaseKeyword$_callTestCase_closure1.doCall(CallTestCaseKeyword.groovy:63)
	at com.kms.katalon.core.keyword.builtin.CallTestCaseKeyword$_callTestCase_closure1.call(CallTestCaseKeyword.groovy)
	at com.kms.katalon.core.keyword.internal.KeywordMain.runKeyword(KeywordMain.groovy:75)
	at com.kms.katalon.core.keyword.builtin.CallTestCaseKeyword.callTestCase(CallTestCaseKeyword.groovy:81)
	at com.kms.katalon.core.keyword.builtin.CallTestCaseKeyword.execute(CallTestCaseKeyword.groovy:44)
	at com.kms.katalon.core.keyword.internal.KeywordExecutor.executeKeywordForPlatform(KeywordExecutor.groovy:74)
	at com.kms.katalon.core.keyword.BuiltinKeywords.callTestCase(BuiltinKeywords.groovy:310)
	at jdk.internal.reflect.GeneratedMethodAccessor25.invoke(Unknown Source)
	at java.base/jdk.internal.reflect.DelegatingMethodAccessorImpl.invoke(DelegatingMethodAccessorImpl.java:43)
	at Destino-D.run(Destino-D:22)
	at com.kms.katalon.core.main.ScriptEngine.run(ScriptEngine.java:194)
	at com.kms.katalon.core.main.ScriptEngine.runScriptAsRawText(ScriptEngine.java:119)
	at com.kms.katalon.core.main.TestCaseExecutor.runScript(TestCaseExecutor.java:448)
	at com.kms.katalon.core.main.TestCaseExecutor.doExecute(TestCaseExecutor.java:439)
	at com.kms.katalon.core.main.TestCaseExecutor.processExecutionPhase(TestCaseExecutor.java:418)
	at com.kms.katalon.core.main.TestCaseExecutor.accessMainPhase(TestCaseExecutor.java:410)
	at com.kms.katalon.core.main.TestCaseExecutor.execute(TestCaseExecutor.java:285)
	at com.kms.katalon.core.common.CommonExecutor.accessTestCaseMainPhase(CommonExecutor.java:65)
	at com.kms.katalon.core.main.TestSuiteExecutor.accessTestSuiteMainPhase(TestSuiteExecutor.java:150)
	at com.kms.katalon.core.main.TestSuiteExecutor.execute(TestSuiteExecutor.java:106)
	at com.kms.katalon.core.main.TestCaseMain.startTestSuite(TestCaseMain.java:180)
	at TempTestSuite1732745349578.run(TempTestSuite1732745349578.groovy:35)
	at java.base/jdk.internal.reflect.NativeMethodAccessorImpl.invoke0(Native Method)
	at java.base/jdk.internal.reflect.NativeMethodAccessorImpl.invoke(NativeMethodAccessorImpl.java:77)
	at java.base/jdk.internal.reflect.DelegatingMethodAccessorImpl.invoke(DelegatingMethodAccessorImpl.java:43)
Caused by: com.kms.katalon.core.exception.StepFailedException: Unable to click on object 'Object Repository/Principal/Page_Olva Courier  Home/button_CONTINUAR (2)'
	at com.kms.katalon.core.webui.keyword.internal.WebUIKeywordMain.stepFailed(WebUIKeywordMain.groovy:117)
	at com.kms.katalon.core.webui.keyword.internal.WebUIKeywordMain.runKeyword(WebUIKeywordMain.groovy:43)
	at com.kms.katalon.core.webui.keyword.builtin.ClickKeyword.click(ClickKeyword.groovy:74)
	at com.kms.katalon.core.webui.keyword.builtin.ClickKeyword.execute(ClickKeyword.groovy:40)
	at com.kms.katalon.core.keyword.internal.KeywordExecutor.executeKeywordForPlatform(KeywordExecutor.groovy:74)
	at com.kms.katalon.core.webui.keyword.WebUiBuiltInKeywords.click(WebUiBuiltInKeywords.groovy:659)
	at Selec_sobre.run(Selec_sobre:24)
	at com.kms.katalon.core.main.ScriptEngine.run(ScriptEngine.java:194)
	at com.kms.katalon.core.main.ScriptEngine.runScriptAsRawText(ScriptEngine.java:119)
	at com.kms.katalon.core.main.TestCaseExecutor.runScript(TestCaseExecutor.java:448)
	at com.kms.katalon.core.main.TestCaseExecutor.doExecute(TestCaseExecutor.java:439)
	at com.kms.katalon.core.main.TestCaseExecutor.processExecutionPhase(TestCaseExecutor.java:418)
	at com.kms.katalon.core.main.TestCaseExecutor.accessMainPhase(TestCaseExecutor.java:410)
	at com.kms.katalon.core.main.TestCaseExecutor.execute(TestCaseExecutor.java:285)
	at com.kms.katalon.core.main.TestCaseMain.runTestCase(TestCaseMain.java:137)
	at com.kms.katalon.core.keyword.builtin.CallTestCaseKeyword$_callTestCase_closure1.doCall(CallTestCaseKeyword.groovy:59)
	... 24 more
Caused by: org.openqa.selenium.ElementClickInterceptedException: Element <button id="btn_aceptar_tipo_envio" class="btn disabled" type="button"> is not clickable at point (675,588) because another element <div class="modal-footer"> obscures it
Build info: version: '3.141.59', revision: 'unknown', time: 'unknown'
System info: host: 'DESKTOP-RGFFP9A', ip: '10.136.10.6', os.name: 'Windows 11', os.arch: 'amd64', os.version: '10.0', java.version: '17.0.7'
Driver info: com.kms.katalon.core.webui.driver.firefox.CGeckoDriver
Capabilities {acceptInsecureCerts: true, browserName: firefox, browserVersion: 133.0, javascriptEnabled: true, moz:accessibilityChecks: false, moz:buildID: 20241121140525, moz:geckodriverVersion: 0.35.0, moz:headless: false, moz:platformVersion: 10.0, moz:processID: 40472, moz:profile: C:\Users\OLVATI\AppData\Loc..., moz:shutdownTimeout: 60000, moz:webdriverClick: true, moz:windowless: false, pageLoadStrategy: normal, platform: WINDOWS, platformName: WINDOWS, proxy: Proxy(direct), setWindowRect: true, strictFileInteractability: false, timeouts: {implicit: 0, pageLoad: 300000, script: 30000}, unhandledPromptBehavior: dismiss and notify, userAgent: Mozilla/5.0 (Windows NT 10....}
Session ID: 0ba82a3f-724a-4b90-abe2-2ac5b36888cd
	at jdk.internal.reflect.GeneratedConstructorAccessor32.newInstance(Unknown Source)
	at java.base/jdk.internal.reflect.DelegatingConstructorAccessorImpl.newInstance(DelegatingConstructorAccessorImpl.java:45)
	at org.openqa.selenium.remote.http.W3CHttpResponseCodec.createException(W3CHttpResponseCodec.java:187)
	at org.openqa.selenium.remote.http.W3CHttpResponseCodec.decode(W3CHttpResponseCodec.java:122)
	at org.openqa.selenium.remote.http.W3CHttpResponseCodec.decode(W3CHttpResponseCodec.java:49)
	at org.openqa.selenium.remote.HttpCommandExecutor.execute(HttpCommandExecutor.java:158)
	at org.openqa.selenium.remote.service.DriverCommandExecutor.execute(DriverCommandExecutor.java:83)
	at org.openqa.selenium.remote.RemoteWebDriver.execute(RemoteWebDriver.java:552)
	at com.kms.katalon.selenium.driver.CFirefoxDriver.execute(CFirefoxDriver.java:28)
	at org.openqa.selenium.remote.RemoteWebElement.execute(RemoteWebElement.java:285)
	at org.openqa.selenium.remote.RemoteWebElement.click(RemoteWebElement.java:84)
	at jdk.internal.reflect.GeneratedMethodAccessor10.invoke(Unknown Source)
	at java.base/jdk.internal.reflect.DelegatingMethodAccessorImpl.invoke(DelegatingMethodAccessorImpl.java:43)
	at org.openqa.selenium.support.events.EventFiringWebDriver$EventFiringWebElement.lambda$new$0(EventFiringWebDriver.java:404)
	at jdk.proxy2/jdk.proxy2.$Proxy21.click(Unknown Source)
	at org.openqa.selenium.support.events.EventFiringWebDriver$EventFiringWebElement.click(EventFiringWebDriver.java:417)
	at org.openqa.selenium.WebElement$click.call(Unknown Source)
	at com.kms.katalon.core.webui.keyword.builtin.ClickKeyword.clickUntilSuccessWithTimeout(ClickKeyword.groovy:81)
	at com.kms.katalon.core.webui.keyword.builtin.ClickKeyword.clickUntilSuccessWithTimeout(ClickKeyword.groovy)
	at jdk.internal.reflect.GeneratedMethodAccessor8.invoke(Unknown Source)
	at java.base/jdk.internal.reflect.DelegatingMethodAccessorImpl.invoke(DelegatingMethodAccessorImpl.java:43)
	at com.kms.katalon.core.webui.keyword.builtin.ClickKeyword$_click_closure1.doCall(ClickKeyword.groovy:67)
	at com.kms.katalon.core.webui.keyword.builtin.ClickKeyword$_click_closure1.call(ClickKeyword.groovy)
	at com.kms.katalon.core.webui.keyword.internal.WebUIKeywordMain.runKeyword(WebUIKeywordMain.groovy:35)
	... 38 more
)

27-11-2024T18:02:35 - [TEST_CASE][FAILED] - Test Cases/1.Inicio/1.1Principal/Selec_sobre: Test Cases/1.Inicio/1.1Principal/Selec_sobre FAILED.
Reason:
com.kms.katalon.core.exception.StepFailedException: Unable to click on object 'Object Repository/Principal/Page_Olva Courier  Home/button_CONTINUAR (2)'
	at com.kms.katalon.core.webui.keyword.internal.WebUIKeywordMain.stepFailed(WebUIKeywordMain.groovy:117)
	at com.kms.katalon.core.webui.keyword.internal.WebUIKeywordMain.runKeyword(WebUIKeywordMain.groovy:43)
	at com.kms.katalon.core.webui.keyword.builtin.ClickKeyword.click(ClickKeyword.groovy:74)
	at com.kms.katalon.core.webui.keyword.builtin.ClickKeyword.execute(ClickKeyword.groovy:40)
	at com.kms.katalon.core.keyword.internal.KeywordExecutor.executeKeywordForPlatform(KeywordExecutor.groovy:74)
	at com.kms.katalon.core.webui.keyword.WebUiBuiltInKeywords.click(WebUiBuiltInKeywords.groovy:659)
	at Selec_sobre.run(Selec_sobre:24)
	at com.kms.katalon.core.main.ScriptEngine.run(ScriptEngine.java:194)
	at com.kms.katalon.core.main.ScriptEngine.runScriptAsRawText(ScriptEngine.java:119)
	at com.kms.katalon.core.main.TestCaseExecutor.runScript(TestCaseExecutor.java:448)
	at com.kms.katalon.core.main.TestCaseExecutor.doExecute(TestCaseExecutor.java:439)
	at com.kms.katalon.core.main.TestCaseExecutor.processExecutionPhase(TestCaseExecutor.java:418)
	at com.kms.katalon.core.main.TestCaseExecutor.accessMainPhase(TestCaseExecutor.java:410)
	at com.kms.katalon.core.main.TestCaseExecutor.execute(TestCaseExecutor.java:285)
	at com.kms.katalon.core.main.TestCaseMain.runTestCase(TestCaseMain.java:137)
	at com.kms.katalon.core.keyword.builtin.CallTestCaseKeyword$_callTestCase_closure1.doCall(CallTestCaseKeyword.groovy:59)
	at com.kms.katalon.core.keyword.builtin.CallTestCaseKeyword$_callTestCase_closure1.call(CallTestCaseKeyword.groovy)
	at com.kms.katalon.core.keyword.internal.KeywordMain.runKeyword(KeywordMain.groovy:75)
	at com.kms.katalon.core.keyword.builtin.CallTestCaseKeyword.callTestCase(CallTestCaseKeyword.groovy:81)
	at com.kms.katalon.core.keyword.builtin.CallTestCaseKeyword.execute(CallTestCaseKeyword.groovy:44)
	at com.kms.katalon.core.keyword.internal.KeywordExecutor.executeKeywordForPlatform(KeywordExecutor.groovy:74)
	at com.kms.katalon.core.keyword.BuiltinKeywords.callTestCase(BuiltinKeywords.groovy:310)
	at jdk.internal.reflect.GeneratedMethodAccessor25.invoke(Unknown Source)
	at java.base/jdk.internal.reflect.DelegatingMethodAccessorImpl.invoke(DelegatingMethodAccessorImpl.java:43)
	at Destino-D.run(Destino-D:22)
	at com.kms.katalon.core.main.ScriptEngine.run(ScriptEngine.java:194)
	at com.kms.katalon.core.main.ScriptEngine.runScriptAsRawText(ScriptEngine.java:119)
	at com.kms.katalon.core.main.TestCaseExecutor.runScript(TestCaseExecutor.java:448)
	at com.kms.katalon.core.main.TestCaseExecutor.doExecute(TestCaseExecutor.java:439)
	at com.kms.katalon.core.main.TestCaseExecutor.processExecutionPhase(TestCaseExecutor.java:418)
	at com.kms.katalon.core.main.TestCaseExecutor.accessMainPhase(TestCaseExecutor.java:410)
	at com.kms.katalon.core.main.TestCaseExecutor.execute(TestCaseExecutor.java:285)
	at com.kms.katalon.core.common.CommonExecutor.accessTestCaseMainPhase(CommonExecutor.java:65)
	at com.kms.katalon.core.main.TestSuiteExecutor.accessTestSuiteMainPhase(TestSuiteExecutor.java:150)
	at com.kms.katalon.core.main.TestSuiteExecutor.execute(TestSuiteExecutor.java:106)
	at com.kms.katalon.core.main.TestCaseMain.startTestSuite(TestCaseMain.java:180)
	at TempTestSuite1732745349578.run(TempTestSuite1732745349578.groovy:35)
	at java.base/jdk.internal.reflect.NativeMethodAccessorImpl.invoke0(Native Method)
	at java.base/jdk.internal.reflect.NativeMethodAccessorImpl.invoke(NativeMethodAccessorImpl.java:77)
	at java.base/jdk.internal.reflect.DelegatingMethodAccessorImpl.invoke(DelegatingMethodAccessorImpl.java:43)
Caused by: org.openqa.selenium.ElementClickInterceptedException: Element <button id="btn_aceptar_tipo_envio" class="btn disabled" type="button"> is not clickable at point (675,588) because another element <div class="modal-footer"> obscures it
Build info: version: '3.141.59', revision: 'unknown', time: 'unknown'
System info: host: 'DESKTOP-RGFFP9A', ip: '10.136.10.6', os.name: 'Windows 11', os.arch: 'amd64', os.version: '10.0', java.version: '17.0.7'
Driver info: com.kms.katalon.core.webui.driver.firefox.CGeckoDriver
Capabilities {acceptInsecureCerts: true, browserName: firefox, browserVersion: 133.0, javascriptEnabled: true, moz:accessibilityChecks: false, moz:buildID: 20241121140525, moz:geckodriverVersion: 0.35.0, moz:headless: false, moz:platformVersion: 10.0, moz:processID: 40472, moz:profile: C:\Users\OLVATI\AppData\Loc..., moz:shutdownTimeout: 60000, moz:webdriverClick: true, moz:windowless: false, pageLoadStrategy: normal, platform: WINDOWS, platformName: WINDOWS, proxy: Proxy(direct), setWindowRect: true, strictFileInteractability: false, timeouts: {implicit: 0, pageLoad: 300000, script: 30000}, unhandledPromptBehavior: dismiss and notify, userAgent: Mozilla/5.0 (Windows NT 10....}
Session ID: 0ba82a3f-724a-4b90-abe2-2ac5b36888cd
	at jdk.internal.reflect.GeneratedConstructorAccessor32.newInstance(Unknown Source)
	at java.base/jdk.internal.reflect.DelegatingConstructorAccessorImpl.newInstance(DelegatingConstructorAccessorImpl.java:45)
	at org.openqa.selenium.remote.http.W3CHttpResponseCodec.createException(W3CHttpResponseCodec.java:187)
	at org.openqa.selenium.remote.http.W3CHttpResponseCodec.decode(W3CHttpResponseCodec.java:122)
	at org.openqa.selenium.remote.http.W3CHttpResponseCodec.decode(W3CHttpResponseCodec.java:49)
	at org.openqa.selenium.remote.HttpCommandExecutor.execute(HttpCommandExecutor.java:158)
	at org.openqa.selenium.remote.service.DriverCommandExecutor.execute(DriverCommandExecutor.java:83)
	at org.openqa.selenium.remote.RemoteWebDriver.execute(RemoteWebDriver.java:552)
	at com.kms.katalon.selenium.driver.CFirefoxDriver.execute(CFirefoxDriver.java:28)
	at org.openqa.selenium.remote.RemoteWebElement.execute(RemoteWebElement.java:285)
	at org.openqa.selenium.remote.RemoteWebElement.click(RemoteWebElement.java:84)
	at jdk.internal.reflect.GeneratedMethodAccessor10.invoke(Unknown Source)
	at java.base/jdk.internal.reflect.DelegatingMethodAccessorImpl.invoke(DelegatingMethodAccessorImpl.java:43)
	at org.openqa.selenium.support.events.EventFiringWebDriver$EventFiringWebElement.lambda$new$0(EventFiringWebDriver.java:404)
	at jdk.proxy2/jdk.proxy2.$Proxy21.click(Unknown Source)
	at org.openqa.selenium.support.events.EventFiringWebDriver$EventFiringWebElement.click(EventFiringWebDriver.java:417)
	at org.openqa.selenium.WebElement$click.call(Unknown Source)
	at com.kms.katalon.core.webui.keyword.builtin.ClickKeyword.clickUntilSuccessWithTimeout(ClickKeyword.groovy:81)
	at com.kms.katalon.core.webui.keyword.builtin.ClickKeyword.clickUntilSuccessWithTimeout(ClickKeyword.groovy)
	at jdk.internal.reflect.GeneratedMethodAccessor8.invoke(Unknown Source)
	at java.base/jdk.internal.reflect.DelegatingMethodAccessorImpl.invoke(DelegatingMethodAccessorImpl.java:43)
	at com.kms.katalon.core.webui.keyword.builtin.ClickKeyword$_click_closure1.doCall(ClickKeyword.groovy:67)
	at com.kms.katalon.core.webui.keyword.builtin.ClickKeyword$_click_closure1.call(ClickKeyword.groovy)
	at com.kms.katalon.core.webui.keyword.internal.WebUIKeywordMain.runKeyword(WebUIKeywordMain.groovy:35)
	... 38 more


27-11-2024T18:02:35 - [TEST_STEP][PASSED] - click(findTestObject("Object Repository/Principal/Page_Olva Courier  Home/img_Envo de cajas o paquetescon un peso mxi_37770f")): Object: 'Object Repository/Principal/Page_Olva Courier  Home/img_Envo de cajas o paquetescon un peso mxi_37770f' is clicked on

27-11-2024T18:02:36 - [MESSAGE][PASSED] - Object: 'Object Repository/Principal/Page_Olva Courier  Home/img_Envo de cajas o paquetescon un peso mxi_37770f' is clicked on

27-11-2024T18:02:36 - [TEST_STEP][PASSED] - click(findTestObject("Object Repository/Principal/Page_Olva Courier  Home/label_He ledo y acepto los trminos de uso y_adab65")): Object: 'Object Repository/Principal/Page_Olva Courier  Home/label_He ledo y acepto los trminos de uso y_adab65' is clicked on

27-11-2024T18:02:37 - [MESSAGE][PASSED] - Object: 'Object Repository/Principal/Page_Olva Courier  Home/label_He ledo y acepto los trminos de uso y_adab65' is clicked on

27-11-2024T18:02:37 - [TEST_STEP][FAILED] - click(findTestObject("Object Repository/Principal/Page_Olva Courier  Home/button_CONTINUAR (2)")): Unable to click on object 'Object Repository/Principal/Page_Olva Courier  Home/button_CONTINUAR (2)' (Root cause: com.kms.katalon.core.exception.StepFailedException: Unable to click on object 'Object Repository/Principal/Page_Olva Courier  Home/button_CONTINUAR (2)'
	at com.kms.katalon.core.webui.keyword.internal.WebUIKeywordMain.stepFailed(WebUIKeywordMain.groovy:117)
	at com.kms.katalon.core.webui.keyword.internal.WebUIKeywordMain.runKeyword(WebUIKeywordMain.groovy:43)
	at com.kms.katalon.core.webui.keyword.builtin.ClickKeyword.click(ClickKeyword.groovy:74)
	at com.kms.katalon.core.webui.keyword.builtin.ClickKeyword.execute(ClickKeyword.groovy:40)
	at com.kms.katalon.core.keyword.internal.KeywordExecutor.executeKeywordForPlatform(KeywordExecutor.groovy:74)
	at com.kms.katalon.core.webui.keyword.WebUiBuiltInKeywords.click(WebUiBuiltInKeywords.groovy:659)
	at Selec_sobre.run(Selec_sobre:24)
	at com.kms.katalon.core.main.ScriptEngine.run(ScriptEngine.java:194)
	at com.kms.katalon.core.main.ScriptEngine.runScriptAsRawText(ScriptEngine.java:119)
	at com.kms.katalon.core.main.TestCaseExecutor.runScript(TestCaseExecutor.java:448)
	at com.kms.katalon.core.main.TestCaseExecutor.doExecute(TestCaseExecutor.java:439)
	at com.kms.katalon.core.main.TestCaseExecutor.processExecutionPhase(TestCaseExecutor.java:418)
	at com.kms.katalon.core.main.TestCaseExecutor.accessMainPhase(TestCaseExecutor.java:410)
	at com.kms.katalon.core.main.TestCaseExecutor.execute(TestCaseExecutor.java:285)
	at com.kms.katalon.core.main.TestCaseMain.runTestCase(TestCaseMain.java:137)
	at com.kms.katalon.core.keyword.builtin.CallTestCaseKeyword$_callTestCase_closure1.doCall(CallTestCaseKeyword.groovy:59)
	at com.kms.katalon.core.keyword.builtin.CallTestCaseKeyword$_callTestCase_closure1.call(CallTestCaseKeyword.groovy)
	at com.kms.katalon.core.keyword.internal.KeywordMain.runKeyword(KeywordMain.groovy:75)
	at com.kms.katalon.core.keyword.builtin.CallTestCaseKeyword.callTestCase(CallTestCaseKeyword.groovy:81)
	at com.kms.katalon.core.keyword.builtin.CallTestCaseKeyword.execute(CallTestCaseKeyword.groovy:44)
	at com.kms.katalon.core.keyword.internal.KeywordExecutor.executeKeywordForPlatform(KeywordExecutor.groovy:74)
	at com.kms.katalon.core.keyword.BuiltinKeywords.callTestCase(BuiltinKeywords.groovy:310)
	at jdk.internal.reflect.GeneratedMethodAccessor25.invoke(Unknown Source)
	at java.base/jdk.internal.reflect.DelegatingMethodAccessorImpl.invoke(DelegatingMethodAccessorImpl.java:43)
	at Destino-D.run(Destino-D:22)
	at com.kms.katalon.core.main.ScriptEngine.run(ScriptEngine.java:194)
	at com.kms.katalon.core.main.ScriptEngine.runScriptAsRawText(ScriptEngine.java:119)
	at com.kms.katalon.core.main.TestCaseExecutor.runScript(TestCaseExecutor.java:448)
	at com.kms.katalon.core.main.TestCaseExecutor.doExecute(TestCaseExecutor.java:439)
	at com.kms.katalon.core.main.TestCaseExecutor.processExecutionPhase(TestCaseExecutor.java:418)
	at com.kms.katalon.core.main.TestCaseExecutor.accessMainPhase(TestCaseExecutor.java:410)
	at com.kms.katalon.core.main.TestCaseExecutor.execute(TestCaseExecutor.java:285)
	at com.kms.katalon.core.common.CommonExecutor.accessTestCaseMainPhase(CommonExecutor.java:65)
	at com.kms.katalon.core.main.TestSuiteExecutor.accessTestSuiteMainPhase(TestSuiteExecutor.java:150)
	at com.kms.katalon.core.main.TestSuiteExecutor.execute(TestSuiteExecutor.java:106)
	at com.kms.katalon.core.main.TestCaseMain.startTestSuite(TestCaseMain.java:180)
	at TempTestSuite1732745349578.run(TempTestSuite1732745349578.groovy:35)
	at java.base/jdk.internal.reflect.NativeMethodAccessorImpl.invoke0(Native Method)
	at java.base/jdk.internal.reflect.NativeMethodAccessorImpl.invoke(NativeMethodAccessorImpl.java:77)
	at java.base/jdk.internal.reflect.DelegatingMethodAccessorImpl.invoke(DelegatingMethodAccessorImpl.java:43)
Caused by: org.openqa.selenium.ElementClickInterceptedException: Element <button id="btn_aceptar_tipo_envio" class="btn disabled" type="button"> is not clickable at point (675,588) because another element <div class="modal-footer"> obscures it
Build info: version: '3.141.59', revision: 'unknown', time: 'unknown'
System info: host: 'DESKTOP-RGFFP9A', ip: '10.136.10.6', os.name: 'Windows 11', os.arch: 'amd64', os.version: '10.0', java.version: '17.0.7'
Driver info: com.kms.katalon.core.webui.driver.firefox.CGeckoDriver
Capabilities {acceptInsecureCerts: true, browserName: firefox, browserVersion: 133.0, javascriptEnabled: true, moz:accessibilityChecks: false, moz:buildID: 20241121140525, moz:geckodriverVersion: 0.35.0, moz:headless: false, moz:platformVersion: 10.0, moz:processID: 40472, moz:profile: C:\Users\OLVATI\AppData\Loc..., moz:shutdownTimeout: 60000, moz:webdriverClick: true, moz:windowless: false, pageLoadStrategy: normal, platform: WINDOWS, platformName: WINDOWS, proxy: Proxy(direct), setWindowRect: true, strictFileInteractability: false, timeouts: {implicit: 0, pageLoad: 300000, script: 30000}, unhandledPromptBehavior: dismiss and notify, userAgent: Mozilla/5.0 (Windows NT 10....}
Session ID: 0ba82a3f-724a-4b90-abe2-2ac5b36888cd
	at jdk.internal.reflect.GeneratedConstructorAccessor32.newInstance(Unknown Source)
	at java.base/jdk.internal.reflect.DelegatingConstructorAccessorImpl.newInstance(DelegatingConstructorAccessorImpl.java:45)
	at org.openqa.selenium.remote.http.W3CHttpResponseCodec.createException(W3CHttpResponseCodec.java:187)
	at org.openqa.selenium.remote.http.W3CHttpResponseCodec.decode(W3CHttpResponseCodec.java:122)
	at org.openqa.selenium.remote.http.W3CHttpResponseCodec.decode(W3CHttpResponseCodec.java:49)
	at org.openqa.selenium.remote.HttpCommandExecutor.execute(HttpCommandExecutor.java:158)
	at org.openqa.selenium.remote.service.DriverCommandExecutor.execute(DriverCommandExecutor.java:83)
	at org.openqa.selenium.remote.RemoteWebDriver.execute(RemoteWebDriver.java:552)
	at com.kms.katalon.selenium.driver.CFirefoxDriver.execute(CFirefoxDriver.java:28)
	at org.openqa.selenium.remote.RemoteWebElement.execute(RemoteWebElement.java:285)
	at org.openqa.selenium.remote.RemoteWebElement.click(RemoteWebElement.java:84)
	at jdk.internal.reflect.GeneratedMethodAccessor10.invoke(Unknown Source)
	at java.base/jdk.internal.reflect.DelegatingMethodAccessorImpl.invoke(DelegatingMethodAccessorImpl.java:43)
	at org.openqa.selenium.support.events.EventFiringWebDriver$EventFiringWebElement.lambda$new$0(EventFiringWebDriver.java:404)
	at jdk.proxy2/jdk.proxy2.$Proxy21.click(Unknown Source)
	at org.openqa.selenium.support.events.EventFiringWebDriver$EventFiringWebElement.click(EventFiringWebDriver.java:417)
	at org.openqa.selenium.WebElement$click.call(Unknown Source)
	at com.kms.katalon.core.webui.keyword.builtin.ClickKeyword.clickUntilSuccessWithTimeout(ClickKeyword.groovy:81)
	at com.kms.katalon.core.webui.keyword.builtin.ClickKeyword.clickUntilSuccessWithTimeout(ClickKeyword.groovy)
	at jdk.internal.reflect.GeneratedMethodAccessor8.invoke(Unknown Source)
	at java.base/jdk.internal.reflect.DelegatingMethodAccessorImpl.invoke(DelegatingMethodAccessorImpl.java:43)
	at com.kms.katalon.core.webui.keyword.builtin.ClickKeyword$_click_closure1.doCall(ClickKeyword.groovy:67)
	at com.kms.katalon.core.webui.keyword.builtin.ClickKeyword$_click_closure1.call(ClickKeyword.groovy)
	at com.kms.katalon.core.webui.keyword.internal.WebUIKeywordMain.runKeyword(WebUIKeywordMain.groovy:35)
	at com.kms.katalon.core.webui.keyword.builtin.ClickKeyword.click(ClickKeyword.groovy:74)
	at com.kms.katalon.core.webui.keyword.builtin.ClickKeyword.execute(ClickKeyword.groovy:40)
	at com.kms.katalon.core.keyword.internal.KeywordExecutor.executeKeywordForPlatform(KeywordExecutor.groovy:74)
	at com.kms.katalon.core.webui.keyword.WebUiBuiltInKeywords.click(WebUiBuiltInKeywords.groovy:659)
	at Script1732083570761.run(Script1732083570761.groovy:24)
	at com.kms.katalon.core.main.ScriptEngine.run(ScriptEngine.java:194)
	at com.kms.katalon.core.main.ScriptEngine.runScriptAsRawText(ScriptEngine.java:119)
	at com.kms.katalon.core.main.TestCaseExecutor.runScript(TestCaseExecutor.java:448)
	at com.kms.katalon.core.main.TestCaseExecutor.doExecute(TestCaseExecutor.java:439)
	at com.kms.katalon.core.main.TestCaseExecutor.processExecutionPhase(TestCaseExecutor.java:418)
	at com.kms.katalon.core.main.TestCaseExecutor.accessMainPhase(TestCaseExecutor.java:410)
	at com.kms.katalon.core.main.TestCaseExecutor.execute(TestCaseExecutor.java:285)
	at com.kms.katalon.core.main.TestCaseMain.runTestCase(TestCaseMain.java:137)
	at com.kms.katalon.core.keyword.builtin.CallTestCaseKeyword$_callTestCase_closure1.doCall(CallTestCaseKeyword.groovy:59)
	at com.kms.katalon.core.keyword.builtin.CallTestCaseKeyword$_callTestCase_closure1.call(CallTestCaseKeyword.groovy)
	at com.kms.katalon.core.keyword.internal.KeywordMain.runKeyword(KeywordMain.groovy:75)
	at com.kms.katalon.core.keyword.builtin.CallTestCaseKeyword.callTestCase(CallTestCaseKeyword.groovy:81)
	at com.kms.katalon.core.keyword.builtin.CallTestCaseKeyword.execute(CallTestCaseKeyword.groovy:44)
	at com.kms.katalon.core.keyword.internal.KeywordExecutor.executeKeywordForPlatform(KeywordExecutor.groovy:74)
	at com.kms.katalon.core.keyword.BuiltinKeywords.callTestCase(BuiltinKeywords.groovy:310)
	at jdk.internal.reflect.GeneratedMethodAccessor25.invoke(Unknown Source)
	at java.base/jdk.internal.reflect.DelegatingMethodAccessorImpl.invoke(DelegatingMethodAccessorImpl.java:43)
	at Script1732341471741.run(Script1732341471741.groovy:22)
	... 15 more
)

27-11-2024T18:03:08 - [MESSAGE][FAILED] - Unable to click on object 'Object Repository/Principal/Page_Olva Courier  Home/button_CONTINUAR (2)' (Root cause: com.kms.katalon.core.exception.StepFailedException: Unable to click on object 'Object Repository/Principal/Page_Olva Courier  Home/button_CONTINUAR (2)'
	at com.kms.katalon.core.webui.keyword.internal.WebUIKeywordMain.stepFailed(WebUIKeywordMain.groovy:117)
	at com.kms.katalon.core.webui.keyword.internal.WebUIKeywordMain.runKeyword(WebUIKeywordMain.groovy:43)
	at com.kms.katalon.core.webui.keyword.builtin.ClickKeyword.click(ClickKeyword.groovy:74)
	at com.kms.katalon.core.webui.keyword.builtin.ClickKeyword.execute(ClickKeyword.groovy:40)
	at com.kms.katalon.core.keyword.internal.KeywordExecutor.executeKeywordForPlatform(KeywordExecutor.groovy:74)
	at com.kms.katalon.core.webui.keyword.WebUiBuiltInKeywords.click(WebUiBuiltInKeywords.groovy:659)
	at Selec_sobre.run(Selec_sobre:24)
	at com.kms.katalon.core.main.ScriptEngine.run(ScriptEngine.java:194)
	at com.kms.katalon.core.main.ScriptEngine.runScriptAsRawText(ScriptEngine.java:119)
	at com.kms.katalon.core.main.TestCaseExecutor.runScript(TestCaseExecutor.java:448)
	at com.kms.katalon.core.main.TestCaseExecutor.doExecute(TestCaseExecutor.java:439)
	at com.kms.katalon.core.main.TestCaseExecutor.processExecutionPhase(TestCaseExecutor.java:418)
	at com.kms.katalon.core.main.TestCaseExecutor.accessMainPhase(TestCaseExecutor.java:410)
	at com.kms.katalon.core.main.TestCaseExecutor.execute(TestCaseExecutor.java:285)
	at com.kms.katalon.core.main.TestCaseMain.runTestCase(TestCaseMain.java:137)
	at com.kms.katalon.core.keyword.builtin.CallTestCaseKeyword$_callTestCase_closure1.doCall(CallTestCaseKeyword.groovy:59)
	at com.kms.katalon.core.keyword.builtin.CallTestCaseKeyword$_callTestCase_closure1.call(CallTestCaseKeyword.groovy)
	at com.kms.katalon.core.keyword.internal.KeywordMain.runKeyword(KeywordMain.groovy:75)
	at com.kms.katalon.core.keyword.builtin.CallTestCaseKeyword.callTestCase(CallTestCaseKeyword.groovy:81)
	at com.kms.katalon.core.keyword.builtin.CallTestCaseKeyword.execute(CallTestCaseKeyword.groovy:44)
	at com.kms.katalon.core.keyword.internal.KeywordExecutor.executeKeywordForPlatform(KeywordExecutor.groovy:74)
	at com.kms.katalon.core.keyword.BuiltinKeywords.callTestCase(BuiltinKeywords.groovy:310)
	at jdk.internal.reflect.GeneratedMethodAccessor25.invoke(Unknown Source)
	at java.base/jdk.internal.reflect.DelegatingMethodAccessorImpl.invoke(DelegatingMethodAccessorImpl.java:43)
	at Destino-D.run(Destino-D:22)
	at com.kms.katalon.core.main.ScriptEngine.run(ScriptEngine.java:194)
	at com.kms.katalon.core.main.ScriptEngine.runScriptAsRawText(ScriptEngine.java:119)
	at com.kms.katalon.core.main.TestCaseExecutor.runScript(TestCaseExecutor.java:448)
	at com.kms.katalon.core.main.TestCaseExecutor.doExecute(TestCaseExecutor.java:439)
	at com.kms.katalon.core.main.TestCaseExecutor.processExecutionPhase(TestCaseExecutor.java:418)
	at com.kms.katalon.core.main.TestCaseExecutor.accessMainPhase(TestCaseExecutor.java:410)
	at com.kms.katalon.core.main.TestCaseExecutor.execute(TestCaseExecutor.java:285)
	at com.kms.katalon.core.common.CommonExecutor.accessTestCaseMainPhase(CommonExecutor.java:65)
	at com.kms.katalon.core.main.TestSuiteExecutor.accessTestSuiteMainPhase(TestSuiteExecutor.java:150)
	at com.kms.katalon.core.main.TestSuiteExecutor.execute(TestSuiteExecutor.java:106)
	at com.kms.katalon.core.main.TestCaseMain.startTestSuite(TestCaseMain.java:180)
	at TempTestSuite1732745349578.run(TempTestSuite1732745349578.groovy:35)
	at java.base/jdk.internal.reflect.NativeMethodAccessorImpl.invoke0(Native Method)
	at java.base/jdk.internal.reflect.NativeMethodAccessorImpl.invoke(NativeMethodAccessorImpl.java:77)
	at java.base/jdk.internal.reflect.DelegatingMethodAccessorImpl.invoke(DelegatingMethodAccessorImpl.java:43)
Caused by: org.openqa.selenium.ElementClickInterceptedException: Element <button id="btn_aceptar_tipo_envio" class="btn disabled" type="button"> is not clickable at point (675,588) because another element <div class="modal-footer"> obscures it
Build info: version: '3.141.59', revision: 'unknown', time: 'unknown'
System info: host: 'DESKTOP-RGFFP9A', ip: '10.136.10.6', os.name: 'Windows 11', os.arch: 'amd64', os.version: '10.0', java.version: '17.0.7'
Driver info: com.kms.katalon.core.webui.driver.firefox.CGeckoDriver
Capabilities {acceptInsecureCerts: true, browserName: firefox, browserVersion: 133.0, javascriptEnabled: true, moz:accessibilityChecks: false, moz:buildID: 20241121140525, moz:geckodriverVersion: 0.35.0, moz:headless: false, moz:platformVersion: 10.0, moz:processID: 40472, moz:profile: C:\Users\OLVATI\AppData\Loc..., moz:shutdownTimeout: 60000, moz:webdriverClick: true, moz:windowless: false, pageLoadStrategy: normal, platform: WINDOWS, platformName: WINDOWS, proxy: Proxy(direct), setWindowRect: true, strictFileInteractability: false, timeouts: {implicit: 0, pageLoad: 300000, script: 30000}, unhandledPromptBehavior: dismiss and notify, userAgent: Mozilla/5.0 (Windows NT 10....}
Session ID: 0ba82a3f-724a-4b90-abe2-2ac5b36888cd
	at jdk.internal.reflect.GeneratedConstructorAccessor32.newInstance(Unknown Source)
	at java.base/jdk.internal.reflect.DelegatingConstructorAccessorImpl.newInstance(DelegatingConstructorAccessorImpl.java:45)
	at org.openqa.selenium.remote.http.W3CHttpResponseCodec.createException(W3CHttpResponseCodec.java:187)
	at org.openqa.selenium.remote.http.W3CHttpResponseCodec.decode(W3CHttpResponseCodec.java:122)
	at org.openqa.selenium.remote.http.W3CHttpResponseCodec.decode(W3CHttpResponseCodec.java:49)
	at org.openqa.selenium.remote.HttpCommandExecutor.execute(HttpCommandExecutor.java:158)
	at org.openqa.selenium.remote.service.DriverCommandExecutor.execute(DriverCommandExecutor.java:83)
	at org.openqa.selenium.remote.RemoteWebDriver.execute(RemoteWebDriver.java:552)
	at com.kms.katalon.selenium.driver.CFirefoxDriver.execute(CFirefoxDriver.java:28)
	at org.openqa.selenium.remote.RemoteWebElement.execute(RemoteWebElement.java:285)
	at org.openqa.selenium.remote.RemoteWebElement.click(RemoteWebElement.java:84)
	at jdk.internal.reflect.GeneratedMethodAccessor10.invoke(Unknown Source)
	at java.base/jdk.internal.reflect.DelegatingMethodAccessorImpl.invoke(DelegatingMethodAccessorImpl.java:43)
	at org.openqa.selenium.support.events.EventFiringWebDriver$EventFiringWebElement.lambda$new$0(EventFiringWebDriver.java:404)
	at jdk.proxy2/jdk.proxy2.$Proxy21.click(Unknown Source)
	at org.openqa.selenium.support.events.EventFiringWebDriver$EventFiringWebElement.click(EventFiringWebDriver.java:417)
	at org.openqa.selenium.WebElement$click.call(Unknown Source)
	at com.kms.katalon.core.webui.keyword.builtin.ClickKeyword.clickUntilSuccessWithTimeout(ClickKeyword.groovy:81)
	at com.kms.katalon.core.webui.keyword.builtin.ClickKeyword.clickUntilSuccessWithTimeout(ClickKeyword.groovy)
	at jdk.internal.reflect.GeneratedMethodAccessor8.invoke(Unknown Source)
	at java.base/jdk.internal.reflect.DelegatingMethodAccessorImpl.invoke(DelegatingMethodAccessorImpl.java:43)
	at com.kms.katalon.core.webui.keyword.builtin.ClickKeyword$_click_closure1.doCall(ClickKeyword.groovy:67)
	at com.kms.katalon.core.webui.keyword.builtin.ClickKeyword$_click_closure1.call(ClickKeyword.groovy)
	at com.kms.katalon.core.webui.keyword.internal.WebUIKeywordMain.runKeyword(WebUIKeywordMain.groovy:35)
	at com.kms.katalon.core.webui.keyword.builtin.ClickKeyword.click(ClickKeyword.groovy:74)
	at com.kms.katalon.core.webui.keyword.builtin.ClickKeyword.execute(ClickKeyword.groovy:40)
	at com.kms.katalon.core.keyword.internal.KeywordExecutor.executeKeywordForPlatform(KeywordExecutor.groovy:74)
	at com.kms.katalon.core.webui.keyword.WebUiBuiltInKeywords.click(WebUiBuiltInKeywords.groovy:659)
	at Script1732083570761.run(Script1732083570761.groovy:24)
	at com.kms.katalon.core.main.ScriptEngine.run(ScriptEngine.java:194)
	at com.kms.katalon.core.main.ScriptEngine.runScriptAsRawText(ScriptEngine.java:119)
	at com.kms.katalon.core.main.TestCaseExecutor.runScript(TestCaseExecutor.java:448)
	at com.kms.katalon.core.main.TestCaseExecutor.doExecute(TestCaseExecutor.java:439)
	at com.kms.katalon.core.main.TestCaseExecutor.processExecutionPhase(TestCaseExecutor.java:418)
	at com.kms.katalon.core.main.TestCaseExecutor.accessMainPhase(TestCaseExecutor.java:410)
	at com.kms.katalon.core.main.TestCaseExecutor.execute(TestCaseExecutor.java:285)
	at com.kms.katalon.core.main.TestCaseMain.runTestCase(TestCaseMain.java:137)
	at com.kms.katalon.core.keyword.builtin.CallTestCaseKeyword$_callTestCase_closure1.doCall(CallTestCaseKeyword.groovy:59)
	at com.kms.katalon.core.keyword.builtin.CallTestCaseKeyword$_callTestCase_closure1.call(CallTestCaseKeyword.groovy)
	at com.kms.katalon.core.keyword.internal.KeywordMain.runKeyword(KeywordMain.groovy:75)
	at com.kms.katalon.core.keyword.builtin.CallTestCaseKeyword.callTestCase(CallTestCaseKeyword.groovy:81)
	at com.kms.katalon.core.keyword.builtin.CallTestCaseKeyword.execute(CallTestCaseKeyword.groovy:44)
	at com.kms.katalon.core.keyword.internal.KeywordExecutor.executeKeywordForPlatform(KeywordExecutor.groovy:74)
	at com.kms.katalon.core.keyword.BuiltinKeywords.callTestCase(BuiltinKeywords.groovy:310)
	at jdk.internal.reflect.GeneratedMethodAccessor25.invoke(Unknown Source)
	at java.base/jdk.internal.reflect.DelegatingMethodAccessorImpl.invoke(DelegatingMethodAccessorImpl.java:43)
	at Script1732341471741.run(Script1732341471741.groovy:22)
	... 15 more
)

27-11-2024T18:03:08 - [MESSAGE][FAILED] - Unable to call Test Case 'Test Cases/1.Inicio/1.1Principal/Selec_sobre' (Root cause: com.kms.katalon.core.exception.StepFailedException: Call Test Case 'Test Cases/1.Inicio/1.1Principal/Selec_sobre' failed
	at com.kms.katalon.core.keyword.builtin.CallTestCaseKeyword$_callTestCase_closure1.doCall(CallTestCaseKeyword.groovy:63)
	at com.kms.katalon.core.keyword.builtin.CallTestCaseKeyword$_callTestCase_closure1.call(CallTestCaseKeyword.groovy)
	at com.kms.katalon.core.keyword.internal.KeywordMain.runKeyword(KeywordMain.groovy:75)
	at com.kms.katalon.core.keyword.builtin.CallTestCaseKeyword.callTestCase(CallTestCaseKeyword.groovy:81)
	at com.kms.katalon.core.keyword.builtin.CallTestCaseKeyword.execute(CallTestCaseKeyword.groovy:44)
	at com.kms.katalon.core.keyword.internal.KeywordExecutor.executeKeywordForPlatform(KeywordExecutor.groovy:74)
	at com.kms.katalon.core.keyword.BuiltinKeywords.callTestCase(BuiltinKeywords.groovy:310)
	at jdk.internal.reflect.GeneratedMethodAccessor25.invoke(Unknown Source)
	at java.base/jdk.internal.reflect.DelegatingMethodAccessorImpl.invoke(DelegatingMethodAccessorImpl.java:43)
	at Destino-D.run(Destino-D:22)
	at com.kms.katalon.core.main.ScriptEngine.run(ScriptEngine.java:194)
	at com.kms.katalon.core.main.ScriptEngine.runScriptAsRawText(ScriptEngine.java:119)
	at com.kms.katalon.core.main.TestCaseExecutor.runScript(TestCaseExecutor.java:448)
	at com.kms.katalon.core.main.TestCaseExecutor.doExecute(TestCaseExecutor.java:439)
	at com.kms.katalon.core.main.TestCaseExecutor.processExecutionPhase(TestCaseExecutor.java:418)
	at com.kms.katalon.core.main.TestCaseExecutor.accessMainPhase(TestCaseExecutor.java:410)
	at com.kms.katalon.core.main.TestCaseExecutor.execute(TestCaseExecutor.java:285)
	at com.kms.katalon.core.common.CommonExecutor.accessTestCaseMainPhase(CommonExecutor.java:65)
	at com.kms.katalon.core.main.TestSuiteExecutor.accessTestSuiteMainPhase(TestSuiteExecutor.java:150)
	at com.kms.katalon.core.main.TestSuiteExecutor.execute(TestSuiteExecutor.java:106)
	at com.kms.katalon.core.main.TestCaseMain.startTestSuite(TestCaseMain.java:180)
	at TempTestSuite1732745349578.run(TempTestSuite1732745349578.groovy:35)
	at java.base/jdk.internal.reflect.NativeMethodAccessorImpl.invoke0(Native Method)
	at java.base/jdk.internal.reflect.NativeMethodAccessorImpl.invoke(NativeMethodAccessorImpl.java:77)
	at java.base/jdk.internal.reflect.DelegatingMethodAccessorImpl.invoke(DelegatingMethodAccessorImpl.java:43)
Caused by: com.kms.katalon.core.exception.StepFailedException: Unable to click on object 'Object Repository/Principal/Page_Olva Courier  Home/button_CONTINUAR (2)'
	at com.kms.katalon.core.webui.keyword.internal.WebUIKeywordMain.stepFailed(WebUIKeywordMain.groovy:117)
	at com.kms.katalon.core.webui.keyword.internal.WebUIKeywordMain.runKeyword(WebUIKeywordMain.groovy:43)
	at com.kms.katalon.core.webui.keyword.builtin.ClickKeyword.click(ClickKeyword.groovy:74)
	at com.kms.katalon.core.webui.keyword.builtin.ClickKeyword.execute(ClickKeyword.groovy:40)
	at com.kms.katalon.core.keyword.internal.KeywordExecutor.executeKeywordForPlatform(KeywordExecutor.groovy:74)
	at com.kms.katalon.core.webui.keyword.WebUiBuiltInKeywords.click(WebUiBuiltInKeywords.groovy:659)
	at Selec_sobre.run(Selec_sobre:24)
	at com.kms.katalon.core.main.ScriptEngine.run(ScriptEngine.java:194)
	at com.kms.katalon.core.main.ScriptEngine.runScriptAsRawText(ScriptEngine.java:119)
	at com.kms.katalon.core.main.TestCaseExecutor.runScript(TestCaseExecutor.java:448)
	at com.kms.katalon.core.main.TestCaseExecutor.doExecute(TestCaseExecutor.java:439)
	at com.kms.katalon.core.main.TestCaseExecutor.processExecutionPhase(TestCaseExecutor.java:418)
	at com.kms.katalon.core.main.TestCaseExecutor.accessMainPhase(TestCaseExecutor.java:410)
	at com.kms.katalon.core.main.TestCaseExecutor.execute(TestCaseExecutor.java:285)
	at com.kms.katalon.core.main.TestCaseMain.runTestCase(TestCaseMain.java:137)
	at com.kms.katalon.core.keyword.builtin.CallTestCaseKeyword$_callTestCase_closure1.doCall(CallTestCaseKeyword.groovy:59)
	... 24 more
Caused by: org.openqa.selenium.ElementClickInterceptedException: Element <button id="btn_aceptar_tipo_envio" class="btn disabled" type="button"> is not clickable at point (675,588) because another element <div class="modal-footer"> obscures it
Build info: version: '3.141.59', revision: 'unknown', time: 'unknown'
System info: host: 'DESKTOP-RGFFP9A', ip: '10.136.10.6', os.name: 'Windows 11', os.arch: 'amd64', os.version: '10.0', java.version: '17.0.7'
Driver info: com.kms.katalon.core.webui.driver.firefox.CGeckoDriver
Capabilities {acceptInsecureCerts: true, browserName: firefox, browserVersion: 133.0, javascriptEnabled: true, moz:accessibilityChecks: false, moz:buildID: 20241121140525, moz:geckodriverVersion: 0.35.0, moz:headless: false, moz:platformVersion: 10.0, moz:processID: 40472, moz:profile: C:\Users\OLVATI\AppData\Loc..., moz:shutdownTimeout: 60000, moz:webdriverClick: true, moz:windowless: false, pageLoadStrategy: normal, platform: WINDOWS, platformName: WINDOWS, proxy: Proxy(direct), setWindowRect: true, strictFileInteractability: false, timeouts: {implicit: 0, pageLoad: 300000, script: 30000}, unhandledPromptBehavior: dismiss and notify, userAgent: Mozilla/5.0 (Windows NT 10....}
Session ID: 0ba82a3f-724a-4b90-abe2-2ac5b36888cd
	at jdk.internal.reflect.GeneratedConstructorAccessor32.newInstance(Unknown Source)
	at java.base/jdk.internal.reflect.DelegatingConstructorAccessorImpl.newInstance(DelegatingConstructorAccessorImpl.java:45)
	at org.openqa.selenium.remote.http.W3CHttpResponseCodec.createException(W3CHttpResponseCodec.java:187)
	at org.openqa.selenium.remote.http.W3CHttpResponseCodec.decode(W3CHttpResponseCodec.java:122)
	at org.openqa.selenium.remote.http.W3CHttpResponseCodec.decode(W3CHttpResponseCodec.java:49)
	at org.openqa.selenium.remote.HttpCommandExecutor.execute(HttpCommandExecutor.java:158)
	at org.openqa.selenium.remote.service.DriverCommandExecutor.execute(DriverCommandExecutor.java:83)
	at org.openqa.selenium.remote.RemoteWebDriver.execute(RemoteWebDriver.java:552)
	at com.kms.katalon.selenium.driver.CFirefoxDriver.execute(CFirefoxDriver.java:28)
	at org.openqa.selenium.remote.RemoteWebElement.execute(RemoteWebElement.java:285)
	at org.openqa.selenium.remote.RemoteWebElement.click(RemoteWebElement.java:84)
	at jdk.internal.reflect.GeneratedMethodAccessor10.invoke(Unknown Source)
	at java.base/jdk.internal.reflect.DelegatingMethodAccessorImpl.invoke(DelegatingMethodAccessorImpl.java:43)
	at org.openqa.selenium.support.events.EventFiringWebDriver$EventFiringWebElement.lambda$new$0(EventFiringWebDriver.java:404)
	at jdk.proxy2/jdk.proxy2.$Proxy21.click(Unknown Source)
	at org.openqa.selenium.support.events.EventFiringWebDriver$EventFiringWebElement.click(EventFiringWebDriver.java:417)
	at org.openqa.selenium.WebElement$click.call(Unknown Source)
	at com.kms.katalon.core.webui.keyword.builtin.ClickKeyword.clickUntilSuccessWithTimeout(ClickKeyword.groovy:81)
	at com.kms.katalon.core.webui.keyword.builtin.ClickKeyword.clickUntilSuccessWithTimeout(ClickKeyword.groovy)
	at jdk.internal.reflect.GeneratedMethodAccessor8.invoke(Unknown Source)
	at java.base/jdk.internal.reflect.DelegatingMethodAccessorImpl.invoke(DelegatingMethodAccessorImpl.java:43)
	at com.kms.katalon.core.webui.keyword.builtin.ClickKeyword$_click_closure1.doCall(ClickKeyword.groovy:67)
	at com.kms.katalon.core.webui.keyword.builtin.ClickKeyword$_click_closure1.call(ClickKeyword.groovy)
	at com.kms.katalon.core.webui.keyword.internal.WebUIKeywordMain.runKeyword(WebUIKeywordMain.groovy:35)
	... 38 more
)]]></system-out>
         <system-err><![CDATA[27-11-2024T18:02:12 - [TEST_CASE][FAILED] - Test Cases/2.Positivos/2.2Sobre/Origen-Lima/3.Destino-D,DO,O/Destino-D: Test Cases/2.Positivos/2.2Sobre/Origen-Lima/3.Destino-D,DO,O/Destino-D FAILED.
Reason:
com.kms.katalon.core.exception.StepFailedException: Call Test Case 'Test Cases/1.Inicio/1.1Principal/Selec_sobre' failed
	at com.kms.katalon.core.keyword.builtin.CallTestCaseKeyword$_callTestCase_closure1.doCall(CallTestCaseKeyword.groovy:63)
	at com.kms.katalon.core.keyword.builtin.CallTestCaseKeyword$_callTestCase_closure1.call(CallTestCaseKeyword.groovy)
	at com.kms.katalon.core.keyword.internal.KeywordMain.runKeyword(KeywordMain.groovy:75)
	at com.kms.katalon.core.keyword.builtin.CallTestCaseKeyword.callTestCase(CallTestCaseKeyword.groovy:81)
	at com.kms.katalon.core.keyword.builtin.CallTestCaseKeyword.execute(CallTestCaseKeyword.groovy:44)
	at com.kms.katalon.core.keyword.internal.KeywordExecutor.executeKeywordForPlatform(KeywordExecutor.groovy:74)
	at com.kms.katalon.core.keyword.BuiltinKeywords.callTestCase(BuiltinKeywords.groovy:310)
	at jdk.internal.reflect.GeneratedMethodAccessor25.invoke(Unknown Source)
	at java.base/jdk.internal.reflect.DelegatingMethodAccessorImpl.invoke(DelegatingMethodAccessorImpl.java:43)
	at Destino-D.run(Destino-D:22)
	at com.kms.katalon.core.main.ScriptEngine.run(ScriptEngine.java:194)
	at com.kms.katalon.core.main.ScriptEngine.runScriptAsRawText(ScriptEngine.java:119)
	at com.kms.katalon.core.main.TestCaseExecutor.runScript(TestCaseExecutor.java:448)
	at com.kms.katalon.core.main.TestCaseExecutor.doExecute(TestCaseExecutor.java:439)
	at com.kms.katalon.core.main.TestCaseExecutor.processExecutionPhase(TestCaseExecutor.java:418)
	at com.kms.katalon.core.main.TestCaseExecutor.accessMainPhase(TestCaseExecutor.java:410)
	at com.kms.katalon.core.main.TestCaseExecutor.execute(TestCaseExecutor.java:285)
	at com.kms.katalon.core.common.CommonExecutor.accessTestCaseMainPhase(CommonExecutor.java:65)
	at com.kms.katalon.core.main.TestSuiteExecutor.accessTestSuiteMainPhase(TestSuiteExecutor.java:150)
	at com.kms.katalon.core.main.TestSuiteExecutor.execute(TestSuiteExecutor.java:106)
	at com.kms.katalon.core.main.TestCaseMain.startTestSuite(TestCaseMain.java:180)
	at TempTestSuite1732745349578.run(TempTestSuite1732745349578.groovy:35)
	at java.base/jdk.internal.reflect.NativeMethodAccessorImpl.invoke0(Native Method)
	at java.base/jdk.internal.reflect.NativeMethodAccessorImpl.invoke(NativeMethodAccessorImpl.java:77)
	at java.base/jdk.internal.reflect.DelegatingMethodAccessorImpl.invoke(DelegatingMethodAccessorImpl.java:43)
Caused by: com.kms.katalon.core.exception.StepFailedException: Unable to click on object 'Object Repository/Principal/Page_Olva Courier  Home/button_CONTINUAR (2)'
	at com.kms.katalon.core.webui.keyword.internal.WebUIKeywordMain.stepFailed(WebUIKeywordMain.groovy:117)
	at com.kms.katalon.core.webui.keyword.internal.WebUIKeywordMain.runKeyword(WebUIKeywordMain.groovy:43)
	at com.kms.katalon.core.webui.keyword.builtin.ClickKeyword.click(ClickKeyword.groovy:74)
	at com.kms.katalon.core.webui.keyword.builtin.ClickKeyword.execute(ClickKeyword.groovy:40)
	at com.kms.katalon.core.keyword.internal.KeywordExecutor.executeKeywordForPlatform(KeywordExecutor.groovy:74)
	at com.kms.katalon.core.webui.keyword.WebUiBuiltInKeywords.click(WebUiBuiltInKeywords.groovy:659)
	at Selec_sobre.run(Selec_sobre:24)
	at com.kms.katalon.core.main.ScriptEngine.run(ScriptEngine.java:194)
	at com.kms.katalon.core.main.ScriptEngine.runScriptAsRawText(ScriptEngine.java:119)
	at com.kms.katalon.core.main.TestCaseExecutor.runScript(TestCaseExecutor.java:448)
	at com.kms.katalon.core.main.TestCaseExecutor.doExecute(TestCaseExecutor.java:439)
	at com.kms.katalon.core.main.TestCaseExecutor.processExecutionPhase(TestCaseExecutor.java:418)
	at com.kms.katalon.core.main.TestCaseExecutor.accessMainPhase(TestCaseExecutor.java:410)
	at com.kms.katalon.core.main.TestCaseExecutor.execute(TestCaseExecutor.java:285)
	at com.kms.katalon.core.main.TestCaseMain.runTestCase(TestCaseMain.java:137)
	at com.kms.katalon.core.keyword.builtin.CallTestCaseKeyword$_callTestCase_closure1.doCall(CallTestCaseKeyword.groovy:59)
	... 24 more
Caused by: org.openqa.selenium.ElementClickInterceptedException: Element <button id="btn_aceptar_tipo_envio" class="btn disabled" type="button"> is not clickable at point (675,588) because another element <div class="modal-footer"> obscures it
Build info: version: '3.141.59', revision: 'unknown', time: 'unknown'
System info: host: 'DESKTOP-RGFFP9A', ip: '10.136.10.6', os.name: 'Windows 11', os.arch: 'amd64', os.version: '10.0', java.version: '17.0.7'
Driver info: com.kms.katalon.core.webui.driver.firefox.CGeckoDriver
Capabilities {acceptInsecureCerts: true, browserName: firefox, browserVersion: 133.0, javascriptEnabled: true, moz:accessibilityChecks: false, moz:buildID: 20241121140525, moz:geckodriverVersion: 0.35.0, moz:headless: false, moz:platformVersion: 10.0, moz:processID: 40472, moz:profile: C:\Users\OLVATI\AppData\Loc..., moz:shutdownTimeout: 60000, moz:webdriverClick: true, moz:windowless: false, pageLoadStrategy: normal, platform: WINDOWS, platformName: WINDOWS, proxy: Proxy(direct), setWindowRect: true, strictFileInteractability: false, timeouts: {implicit: 0, pageLoad: 300000, script: 30000}, unhandledPromptBehavior: dismiss and notify, userAgent: Mozilla/5.0 (Windows NT 10....}
Session ID: 0ba82a3f-724a-4b90-abe2-2ac5b36888cd
	at jdk.internal.reflect.GeneratedConstructorAccessor32.newInstance(Unknown Source)
	at java.base/jdk.internal.reflect.DelegatingConstructorAccessorImpl.newInstance(DelegatingConstructorAccessorImpl.java:45)
	at org.openqa.selenium.remote.http.W3CHttpResponseCodec.createException(W3CHttpResponseCodec.java:187)
	at org.openqa.selenium.remote.http.W3CHttpResponseCodec.decode(W3CHttpResponseCodec.java:122)
	at org.openqa.selenium.remote.http.W3CHttpResponseCodec.decode(W3CHttpResponseCodec.java:49)
	at org.openqa.selenium.remote.HttpCommandExecutor.execute(HttpCommandExecutor.java:158)
	at org.openqa.selenium.remote.service.DriverCommandExecutor.execute(DriverCommandExecutor.java:83)
	at org.openqa.selenium.remote.RemoteWebDriver.execute(RemoteWebDriver.java:552)
	at com.kms.katalon.selenium.driver.CFirefoxDriver.execute(CFirefoxDriver.java:28)
	at org.openqa.selenium.remote.RemoteWebElement.execute(RemoteWebElement.java:285)
	at org.openqa.selenium.remote.RemoteWebElement.click(RemoteWebElement.java:84)
	at jdk.internal.reflect.GeneratedMethodAccessor10.invoke(Unknown Source)
	at java.base/jdk.internal.reflect.DelegatingMethodAccessorImpl.invoke(DelegatingMethodAccessorImpl.java:43)
	at org.openqa.selenium.support.events.EventFiringWebDriver$EventFiringWebElement.lambda$new$0(EventFiringWebDriver.java:404)
	at jdk.proxy2/jdk.proxy2.$Proxy21.click(Unknown Source)
	at org.openqa.selenium.support.events.EventFiringWebDriver$EventFiringWebElement.click(EventFiringWebDriver.java:417)
	at org.openqa.selenium.WebElement$click.call(Unknown Source)
	at com.kms.katalon.core.webui.keyword.builtin.ClickKeyword.clickUntilSuccessWithTimeout(ClickKeyword.groovy:81)
	at com.kms.katalon.core.webui.keyword.builtin.ClickKeyword.clickUntilSuccessWithTimeout(ClickKeyword.groovy)
	at jdk.internal.reflect.GeneratedMethodAccessor8.invoke(Unknown Source)
	at java.base/jdk.internal.reflect.DelegatingMethodAccessorImpl.invoke(DelegatingMethodAccessorImpl.java:43)
	at com.kms.katalon.core.webui.keyword.builtin.ClickKeyword$_click_closure1.doCall(ClickKeyword.groovy:67)
	at com.kms.katalon.core.webui.keyword.builtin.ClickKeyword$_click_closure1.call(ClickKeyword.groovy)
	at com.kms.katalon.core.webui.keyword.internal.WebUIKeywordMain.runKeyword(WebUIKeywordMain.groovy:35)
	... 38 more]]></system-err>
      </testcase>
      <testcase name="Test Cases/2.Positivos/2.2Sobre/Origen-Lima/2.Valorado/Entrega_Tienda/Restricion-tienda" time="49.316" classname="Test Cases/2.Positivos/2.2Sobre/Origen-Lima/2.Valorado/Entrega_Tienda/Restricion-tienda" status="FAILED">
         <failure type="FAILED" message="Test Cases/2.Positivos/2.2Sobre/Origen-Lima/2.Valorado/Entrega_Tienda/Restricion-tienda FAILED.&#xa;Reason:&#xa;com.kms.katalon.core.exception.StepFailedException: Call Test Case 'Test Cases/1.Inicio/1.1Principal/Selec_sobre' failed&#xa;	at com.kms.katalon.core.keyword.builtin.CallTestCaseKeyword$_callTestCase_closure1.doCall(CallTestCaseKeyword.groovy:63)&#xa;	at com.kms.katalon.core.keyword.builtin.CallTestCaseKeyword$_callTestCase_closure1.call(CallTestCaseKeyword.groovy)&#xa;	at com.kms.katalon.core.keyword.internal.KeywordMain.runKeyword(KeywordMain.groovy:75)&#xa;	at com.kms.katalon.core.keyword.builtin.CallTestCaseKeyword.callTestCase(CallTestCaseKeyword.groovy:81)&#xa;	at com.kms.katalon.core.keyword.builtin.CallTestCaseKeyword.execute(CallTestCaseKeyword.groovy:44)&#xa;	at com.kms.katalon.core.keyword.internal.KeywordExecutor.executeKeywordForPlatform(KeywordExecutor.groovy:74)&#xa;	at com.kms.katalon.core.keyword.BuiltinKeywords.callTestCase(BuiltinKeywords.groovy:310)&#xa;	at jdk.internal.reflect.GeneratedMethodAccessor25.invoke(Unknown Source)&#xa;	at java.base/jdk.internal.reflect.DelegatingMethodAccessorImpl.invoke(DelegatingMethodAccessorImpl.java:43)&#xa;	at Restricion-tienda.run(Restricion-tienda:22)&#xa;	at com.kms.katalon.core.main.ScriptEngine.run(ScriptEngine.java:194)&#xa;	at com.kms.katalon.core.main.ScriptEngine.runScriptAsRawText(ScriptEngine.java:119)&#xa;	at com.kms.katalon.core.main.TestCaseExecutor.runScript(TestCaseExecutor.java:448)&#xa;	at com.kms.katalon.core.main.TestCaseExecutor.doExecute(TestCaseExecutor.java:439)&#xa;	at com.kms.katalon.core.main.TestCaseExecutor.processExecutionPhase(TestCaseExecutor.java:418)&#xa;	at com.kms.katalon.core.main.TestCaseExecutor.accessMainPhase(TestCaseExecutor.java:410)&#xa;	at com.kms.katalon.core.main.TestCaseExecutor.execute(TestCaseExecutor.java:285)&#xa;	at com.kms.katalon.core.common.CommonExecutor.accessTestCaseMainPhase(CommonExecutor.java:65)&#xa;	at com.kms.katalon.core.main.TestSuiteExecutor.accessTestSuiteMainPhase(TestSuiteExecutor.java:150)&#xa;	at com.kms.katalon.core.main.TestSuiteExecutor.execute(TestSuiteExecutor.java:106)&#xa;	at com.kms.katalon.core.main.TestCaseMain.startTestSuite(TestCaseMain.java:180)&#xa;	at TempTestSuite1732745349578.run(TempTestSuite1732745349578.groovy:35)&#xa;	at java.base/jdk.internal.reflect.NativeMethodAccessorImpl.invoke0(Native Method)&#xa;	at java.base/jdk.internal.reflect.NativeMethodAccessorImpl.invoke(NativeMethodAccessorImpl.java:77)&#xa;	at java.base/jdk.internal.reflect.DelegatingMethodAccessorImpl.invoke(DelegatingMethodAccessorImpl.java:43)&#xa;Caused by: com.kms.katalon.core.exception.StepFailedException: Unable to click on object 'Object Repository/Principal/Page_Olva Courier  Home/button_CONTINUAR (2)'&#xa;	at com.kms.katalon.core.webui.keyword.internal.WebUIKeywordMain.stepFailed(WebUIKeywordMain.groovy:117)&#xa;	at com.kms.katalon.core.webui.keyword.internal.WebUIKeywordMain.runKeyword(WebUIKeywordMain.groovy:43)&#xa;	at com.kms.katalon.core.webui.keyword.builtin.ClickKeyword.click(ClickKeyword.groovy:74)&#xa;	at com.kms.katalon.core.webui.keyword.builtin.ClickKeyword.execute(ClickKeyword.groovy:40)&#xa;	at com.kms.katalon.core.keyword.internal.KeywordExecutor.executeKeywordForPlatform(KeywordExecutor.groovy:74)&#xa;	at com.kms.katalon.core.webui.keyword.WebUiBuiltInKeywords.click(WebUiBuiltInKeywords.groovy:659)&#xa;	at Selec_sobre.run(Selec_sobre:24)&#xa;	at com.kms.katalon.core.main.ScriptEngine.run(ScriptEngine.java:194)&#xa;	at com.kms.katalon.core.main.ScriptEngine.runScriptAsRawText(ScriptEngine.java:119)&#xa;	at com.kms.katalon.core.main.TestCaseExecutor.runScript(TestCaseExecutor.java:448)&#xa;	at com.kms.katalon.core.main.TestCaseExecutor.doExecute(TestCaseExecutor.java:439)&#xa;	at com.kms.katalon.core.main.TestCaseExecutor.processExecutionPhase(TestCaseExecutor.java:418)&#xa;	at com.kms.katalon.core.main.TestCaseExecutor.accessMainPhase(TestCaseExecutor.java:410)&#xa;	at com.kms.katalon.core.main.TestCaseExecutor.execute(TestCaseExecutor.java:285)&#xa;	at com.kms.katalon.core.main.TestCaseMain.runTestCase(TestCaseMain.java:137)&#xa;	at com.kms.katalon.core.keyword.builtin.CallTestCaseKeyword$_callTestCase_closure1.doCall(CallTestCaseKeyword.groovy:59)&#xa;	... 24 more&#xa;Caused by: org.openqa.selenium.ElementClickInterceptedException: Element &lt;button id=&quot;btn_aceptar_tipo_envio&quot; class=&quot;btn disabled&quot; type=&quot;button&quot;> is not clickable at point (675,588) because another element &lt;div class=&quot;modal-footer&quot;> obscures it&#xa;Build info: version: '3.141.59', revision: 'unknown', time: 'unknown'&#xa;System info: host: 'DESKTOP-RGFFP9A', ip: '10.136.10.6', os.name: 'Windows 11', os.arch: 'amd64', os.version: '10.0', java.version: '17.0.7'&#xa;Driver info: com.kms.katalon.core.webui.driver.firefox.CGeckoDriver&#xa;Capabilities {acceptInsecureCerts: true, browserName: firefox, browserVersion: 133.0, javascriptEnabled: true, moz:accessibilityChecks: false, moz:buildID: 20241121140525, moz:geckodriverVersion: 0.35.0, moz:headless: false, moz:platformVersion: 10.0, moz:processID: 18504, moz:profile: C:\Users\OLVATI\AppData\Loc..., moz:shutdownTimeout: 60000, moz:webdriverClick: true, moz:windowless: false, pageLoadStrategy: normal, platform: WINDOWS, platformName: WINDOWS, proxy: Proxy(direct), setWindowRect: true, strictFileInteractability: false, timeouts: {implicit: 0, pageLoad: 300000, script: 30000}, unhandledPromptBehavior: dismiss and notify, userAgent: Mozilla/5.0 (Windows NT 10....}&#xa;Session ID: 63b5b0a1-7014-44b7-a029-1b966cadd98e&#xa;	at jdk.internal.reflect.GeneratedConstructorAccessor32.newInstance(Unknown Source)&#xa;	at java.base/jdk.internal.reflect.DelegatingConstructorAccessorImpl.newInstance(DelegatingConstructorAccessorImpl.java:45)&#xa;	at org.openqa.selenium.remote.http.W3CHttpResponseCodec.createException(W3CHttpResponseCodec.java:187)&#xa;	at org.openqa.selenium.remote.http.W3CHttpResponseCodec.decode(W3CHttpResponseCodec.java:122)&#xa;	at org.openqa.selenium.remote.http.W3CHttpResponseCodec.decode(W3CHttpResponseCodec.java:49)&#xa;	at org.openqa.selenium.remote.HttpCommandExecutor.execute(HttpCommandExecutor.java:158)&#xa;	at org.openqa.selenium.remote.service.DriverCommandExecutor.execute(DriverCommandExecutor.java:83)&#xa;	at org.openqa.selenium.remote.RemoteWebDriver.execute(RemoteWebDriver.java:552)&#xa;	at com.kms.katalon.selenium.driver.CFirefoxDriver.execute(CFirefoxDriver.java:28)&#xa;	at org.openqa.selenium.remote.RemoteWebElement.execute(RemoteWebElement.java:285)&#xa;	at org.openqa.selenium.remote.RemoteWebElement.click(RemoteWebElement.java:84)&#xa;	at jdk.internal.reflect.GeneratedMethodAccessor10.invoke(Unknown Source)&#xa;	at java.base/jdk.internal.reflect.DelegatingMethodAccessorImpl.invoke(DelegatingMethodAccessorImpl.java:43)&#xa;	at org.openqa.selenium.support.events.EventFiringWebDriver$EventFiringWebElement.lambda$new$0(EventFiringWebDriver.java:404)&#xa;	at jdk.proxy2/jdk.proxy2.$Proxy21.click(Unknown Source)&#xa;	at org.openqa.selenium.support.events.EventFiringWebDriver$EventFiringWebElement.click(EventFiringWebDriver.java:417)&#xa;	at org.openqa.selenium.WebElement$click.call(Unknown Source)&#xa;	at com.kms.katalon.core.webui.keyword.builtin.ClickKeyword.clickUntilSuccessWithTimeout(ClickKeyword.groovy:81)&#xa;	at com.kms.katalon.core.webui.keyword.builtin.ClickKeyword.clickUntilSuccessWithTimeout(ClickKeyword.groovy)&#xa;	at jdk.internal.reflect.GeneratedMethodAccessor8.invoke(Unknown Source)&#xa;	at java.base/jdk.internal.reflect.DelegatingMethodAccessorImpl.invoke(DelegatingMethodAccessorImpl.java:43)&#xa;	at com.kms.katalon.core.webui.keyword.builtin.ClickKeyword$_click_closure1.doCall(ClickKeyword.groovy:67)&#xa;	at com.kms.katalon.core.webui.keyword.builtin.ClickKeyword$_click_closure1.call(ClickKeyword.groovy)&#xa;	at com.kms.katalon.core.webui.keyword.internal.WebUIKeywordMain.runKeyword(WebUIKeywordMain.groovy:35)&#xa;	... 38 more&#xa;"/>
         <system-out><![CDATA[27-11-2024T18:03:08 - [TEST_CASE][FAILED] - Test Cases/2.Positivos/2.2Sobre/Origen-Lima/2.Valorado/Entrega_Tienda/Restricion-tienda: Test Cases/2.Positivos/2.2Sobre/Origen-Lima/2.Valorado/Entrega_Tienda/Restricion-tienda FAILED.
Reason:
com.kms.katalon.core.exception.StepFailedException: Call Test Case 'Test Cases/1.Inicio/1.1Principal/Selec_sobre' failed
	at com.kms.katalon.core.keyword.builtin.CallTestCaseKeyword$_callTestCase_closure1.doCall(CallTestCaseKeyword.groovy:63)
	at com.kms.katalon.core.keyword.builtin.CallTestCaseKeyword$_callTestCase_closure1.call(CallTestCaseKeyword.groovy)
	at com.kms.katalon.core.keyword.internal.KeywordMain.runKeyword(KeywordMain.groovy:75)
	at com.kms.katalon.core.keyword.builtin.CallTestCaseKeyword.callTestCase(CallTestCaseKeyword.groovy:81)
	at com.kms.katalon.core.keyword.builtin.CallTestCaseKeyword.execute(CallTestCaseKeyword.groovy:44)
	at com.kms.katalon.core.keyword.internal.KeywordExecutor.executeKeywordForPlatform(KeywordExecutor.groovy:74)
	at com.kms.katalon.core.keyword.BuiltinKeywords.callTestCase(BuiltinKeywords.groovy:310)
	at jdk.internal.reflect.GeneratedMethodAccessor25.invoke(Unknown Source)
	at java.base/jdk.internal.reflect.DelegatingMethodAccessorImpl.invoke(DelegatingMethodAccessorImpl.java:43)
	at Restricion-tienda.run(Restricion-tienda:22)
	at com.kms.katalon.core.main.ScriptEngine.run(ScriptEngine.java:194)
	at com.kms.katalon.core.main.ScriptEngine.runScriptAsRawText(ScriptEngine.java:119)
	at com.kms.katalon.core.main.TestCaseExecutor.runScript(TestCaseExecutor.java:448)
	at com.kms.katalon.core.main.TestCaseExecutor.doExecute(TestCaseExecutor.java:439)
	at com.kms.katalon.core.main.TestCaseExecutor.processExecutionPhase(TestCaseExecutor.java:418)
	at com.kms.katalon.core.main.TestCaseExecutor.accessMainPhase(TestCaseExecutor.java:410)
	at com.kms.katalon.core.main.TestCaseExecutor.execute(TestCaseExecutor.java:285)
	at com.kms.katalon.core.common.CommonExecutor.accessTestCaseMainPhase(CommonExecutor.java:65)
	at com.kms.katalon.core.main.TestSuiteExecutor.accessTestSuiteMainPhase(TestSuiteExecutor.java:150)
	at com.kms.katalon.core.main.TestSuiteExecutor.execute(TestSuiteExecutor.java:106)
	at com.kms.katalon.core.main.TestCaseMain.startTestSuite(TestCaseMain.java:180)
	at TempTestSuite1732745349578.run(TempTestSuite1732745349578.groovy:35)
	at java.base/jdk.internal.reflect.NativeMethodAccessorImpl.invoke0(Native Method)
	at java.base/jdk.internal.reflect.NativeMethodAccessorImpl.invoke(NativeMethodAccessorImpl.java:77)
	at java.base/jdk.internal.reflect.DelegatingMethodAccessorImpl.invoke(DelegatingMethodAccessorImpl.java:43)
Caused by: com.kms.katalon.core.exception.StepFailedException: Unable to click on object 'Object Repository/Principal/Page_Olva Courier  Home/button_CONTINUAR (2)'
	at com.kms.katalon.core.webui.keyword.internal.WebUIKeywordMain.stepFailed(WebUIKeywordMain.groovy:117)
	at com.kms.katalon.core.webui.keyword.internal.WebUIKeywordMain.runKeyword(WebUIKeywordMain.groovy:43)
	at com.kms.katalon.core.webui.keyword.builtin.ClickKeyword.click(ClickKeyword.groovy:74)
	at com.kms.katalon.core.webui.keyword.builtin.ClickKeyword.execute(ClickKeyword.groovy:40)
	at com.kms.katalon.core.keyword.internal.KeywordExecutor.executeKeywordForPlatform(KeywordExecutor.groovy:74)
	at com.kms.katalon.core.webui.keyword.WebUiBuiltInKeywords.click(WebUiBuiltInKeywords.groovy:659)
	at Selec_sobre.run(Selec_sobre:24)
	at com.kms.katalon.core.main.ScriptEngine.run(ScriptEngine.java:194)
	at com.kms.katalon.core.main.ScriptEngine.runScriptAsRawText(ScriptEngine.java:119)
	at com.kms.katalon.core.main.TestCaseExecutor.runScript(TestCaseExecutor.java:448)
	at com.kms.katalon.core.main.TestCaseExecutor.doExecute(TestCaseExecutor.java:439)
	at com.kms.katalon.core.main.TestCaseExecutor.processExecutionPhase(TestCaseExecutor.java:418)
	at com.kms.katalon.core.main.TestCaseExecutor.accessMainPhase(TestCaseExecutor.java:410)
	at com.kms.katalon.core.main.TestCaseExecutor.execute(TestCaseExecutor.java:285)
	at com.kms.katalon.core.main.TestCaseMain.runTestCase(TestCaseMain.java:137)
	at com.kms.katalon.core.keyword.builtin.CallTestCaseKeyword$_callTestCase_closure1.doCall(CallTestCaseKeyword.groovy:59)
	... 24 more
Caused by: org.openqa.selenium.ElementClickInterceptedException: Element <button id="btn_aceptar_tipo_envio" class="btn disabled" type="button"> is not clickable at point (675,588) because another element <div class="modal-footer"> obscures it
Build info: version: '3.141.59', revision: 'unknown', time: 'unknown'
System info: host: 'DESKTOP-RGFFP9A', ip: '10.136.10.6', os.name: 'Windows 11', os.arch: 'amd64', os.version: '10.0', java.version: '17.0.7'
Driver info: com.kms.katalon.core.webui.driver.firefox.CGeckoDriver
Capabilities {acceptInsecureCerts: true, browserName: firefox, browserVersion: 133.0, javascriptEnabled: true, moz:accessibilityChecks: false, moz:buildID: 20241121140525, moz:geckodriverVersion: 0.35.0, moz:headless: false, moz:platformVersion: 10.0, moz:processID: 18504, moz:profile: C:\Users\OLVATI\AppData\Loc..., moz:shutdownTimeout: 60000, moz:webdriverClick: true, moz:windowless: false, pageLoadStrategy: normal, platform: WINDOWS, platformName: WINDOWS, proxy: Proxy(direct), setWindowRect: true, strictFileInteractability: false, timeouts: {implicit: 0, pageLoad: 300000, script: 30000}, unhandledPromptBehavior: dismiss and notify, userAgent: Mozilla/5.0 (Windows NT 10....}
Session ID: 63b5b0a1-7014-44b7-a029-1b966cadd98e
	at jdk.internal.reflect.GeneratedConstructorAccessor32.newInstance(Unknown Source)
	at java.base/jdk.internal.reflect.DelegatingConstructorAccessorImpl.newInstance(DelegatingConstructorAccessorImpl.java:45)
	at org.openqa.selenium.remote.http.W3CHttpResponseCodec.createException(W3CHttpResponseCodec.java:187)
	at org.openqa.selenium.remote.http.W3CHttpResponseCodec.decode(W3CHttpResponseCodec.java:122)
	at org.openqa.selenium.remote.http.W3CHttpResponseCodec.decode(W3CHttpResponseCodec.java:49)
	at org.openqa.selenium.remote.HttpCommandExecutor.execute(HttpCommandExecutor.java:158)
	at org.openqa.selenium.remote.service.DriverCommandExecutor.execute(DriverCommandExecutor.java:83)
	at org.openqa.selenium.remote.RemoteWebDriver.execute(RemoteWebDriver.java:552)
	at com.kms.katalon.selenium.driver.CFirefoxDriver.execute(CFirefoxDriver.java:28)
	at org.openqa.selenium.remote.RemoteWebElement.execute(RemoteWebElement.java:285)
	at org.openqa.selenium.remote.RemoteWebElement.click(RemoteWebElement.java:84)
	at jdk.internal.reflect.GeneratedMethodAccessor10.invoke(Unknown Source)
	at java.base/jdk.internal.reflect.DelegatingMethodAccessorImpl.invoke(DelegatingMethodAccessorImpl.java:43)
	at org.openqa.selenium.support.events.EventFiringWebDriver$EventFiringWebElement.lambda$new$0(EventFiringWebDriver.java:404)
	at jdk.proxy2/jdk.proxy2.$Proxy21.click(Unknown Source)
	at org.openqa.selenium.support.events.EventFiringWebDriver$EventFiringWebElement.click(EventFiringWebDriver.java:417)
	at org.openqa.selenium.WebElement$click.call(Unknown Source)
	at com.kms.katalon.core.webui.keyword.builtin.ClickKeyword.clickUntilSuccessWithTimeout(ClickKeyword.groovy:81)
	at com.kms.katalon.core.webui.keyword.builtin.ClickKeyword.clickUntilSuccessWithTimeout(ClickKeyword.groovy)
	at jdk.internal.reflect.GeneratedMethodAccessor8.invoke(Unknown Source)
	at java.base/jdk.internal.reflect.DelegatingMethodAccessorImpl.invoke(DelegatingMethodAccessorImpl.java:43)
	at com.kms.katalon.core.webui.keyword.builtin.ClickKeyword$_click_closure1.doCall(ClickKeyword.groovy:67)
	at com.kms.katalon.core.webui.keyword.builtin.ClickKeyword$_click_closure1.call(ClickKeyword.groovy)
	at com.kms.katalon.core.webui.keyword.internal.WebUIKeywordMain.runKeyword(WebUIKeywordMain.groovy:35)
	... 38 more


27-11-2024T18:03:09 - [TEST_STEP][PASSED] - callTestCase(findTestCase("1.Inicio/1.1Principal/Principal-home"), [:], STOP_ON_FAILURE): Call Test Case 'Test Cases/1.Inicio/1.1Principal/Principal-home' successfully

27-11-2024T18:03:09 - [TEST_CASE][PASSED] - Test Cases/1.Inicio/1.1Principal/Principal-home: Test Cases/1.Inicio/1.1Principal/Principal-home

27-11-2024T18:03:09 - [TEST_STEP][PASSED] - openBrowser(""): Browser is opened with url: ''

27-11-2024T18:03:09 - [MESSAGE][WARNING] - A browser is already opened. Closing browser and opening a new one

27-11-2024T18:03:11 - [MESSAGE][INFO] - Starting 'Firefox' driver

27-11-2024T18:03:11 - [MESSAGE][INFO] - Action delay is set to 0 milliseconds

27-11-2024T18:03:22 - [MESSAGE][PASSED] - Browser is opened with url: ''

27-11-2024T18:03:22 - [TEST_STEP][PASSED] - navigateToUrl("https://dev01-registrodeenvios.olvacourier.com/principal"): Navigate to 'https://dev01-registrodeenvios.olvacourier.com/principal' successfully

27-11-2024T18:03:24 - [MESSAGE][PASSED] - Navigate to 'https://dev01-registrodeenvios.olvacourier.com/principal' successfully

27-11-2024T18:03:24 - [TEST_STEP][PASSED] - maximizeWindow(): Current window maximized

27-11-2024T18:03:25 - [MESSAGE][PASSED] - Current window maximized

27-11-2024T18:03:25 - [MESSAGE][PASSED] - Call Test Case 'Test Cases/1.Inicio/1.1Principal/Principal-home' successfully

27-11-2024T18:03:25 - [TEST_STEP][FAILED] - callTestCase(findTestCase("1.Inicio/1.1Principal/Selec_sobre"), [:], STOP_ON_FAILURE): Unable to call Test Case 'Test Cases/1.Inicio/1.1Principal/Selec_sobre' (Root cause: com.kms.katalon.core.exception.StepFailedException: Call Test Case 'Test Cases/1.Inicio/1.1Principal/Selec_sobre' failed
	at com.kms.katalon.core.keyword.builtin.CallTestCaseKeyword$_callTestCase_closure1.doCall(CallTestCaseKeyword.groovy:63)
	at com.kms.katalon.core.keyword.builtin.CallTestCaseKeyword$_callTestCase_closure1.call(CallTestCaseKeyword.groovy)
	at com.kms.katalon.core.keyword.internal.KeywordMain.runKeyword(KeywordMain.groovy:75)
	at com.kms.katalon.core.keyword.builtin.CallTestCaseKeyword.callTestCase(CallTestCaseKeyword.groovy:81)
	at com.kms.katalon.core.keyword.builtin.CallTestCaseKeyword.execute(CallTestCaseKeyword.groovy:44)
	at com.kms.katalon.core.keyword.internal.KeywordExecutor.executeKeywordForPlatform(KeywordExecutor.groovy:74)
	at com.kms.katalon.core.keyword.BuiltinKeywords.callTestCase(BuiltinKeywords.groovy:310)
	at jdk.internal.reflect.GeneratedMethodAccessor25.invoke(Unknown Source)
	at java.base/jdk.internal.reflect.DelegatingMethodAccessorImpl.invoke(DelegatingMethodAccessorImpl.java:43)
	at Restricion-tienda.run(Restricion-tienda:22)
	at com.kms.katalon.core.main.ScriptEngine.run(ScriptEngine.java:194)
	at com.kms.katalon.core.main.ScriptEngine.runScriptAsRawText(ScriptEngine.java:119)
	at com.kms.katalon.core.main.TestCaseExecutor.runScript(TestCaseExecutor.java:448)
	at com.kms.katalon.core.main.TestCaseExecutor.doExecute(TestCaseExecutor.java:439)
	at com.kms.katalon.core.main.TestCaseExecutor.processExecutionPhase(TestCaseExecutor.java:418)
	at com.kms.katalon.core.main.TestCaseExecutor.accessMainPhase(TestCaseExecutor.java:410)
	at com.kms.katalon.core.main.TestCaseExecutor.execute(TestCaseExecutor.java:285)
	at com.kms.katalon.core.common.CommonExecutor.accessTestCaseMainPhase(CommonExecutor.java:65)
	at com.kms.katalon.core.main.TestSuiteExecutor.accessTestSuiteMainPhase(TestSuiteExecutor.java:150)
	at com.kms.katalon.core.main.TestSuiteExecutor.execute(TestSuiteExecutor.java:106)
	at com.kms.katalon.core.main.TestCaseMain.startTestSuite(TestCaseMain.java:180)
	at TempTestSuite1732745349578.run(TempTestSuite1732745349578.groovy:35)
	at java.base/jdk.internal.reflect.NativeMethodAccessorImpl.invoke0(Native Method)
	at java.base/jdk.internal.reflect.NativeMethodAccessorImpl.invoke(NativeMethodAccessorImpl.java:77)
	at java.base/jdk.internal.reflect.DelegatingMethodAccessorImpl.invoke(DelegatingMethodAccessorImpl.java:43)
Caused by: com.kms.katalon.core.exception.StepFailedException: Unable to click on object 'Object Repository/Principal/Page_Olva Courier  Home/button_CONTINUAR (2)'
	at com.kms.katalon.core.webui.keyword.internal.WebUIKeywordMain.stepFailed(WebUIKeywordMain.groovy:117)
	at com.kms.katalon.core.webui.keyword.internal.WebUIKeywordMain.runKeyword(WebUIKeywordMain.groovy:43)
	at com.kms.katalon.core.webui.keyword.builtin.ClickKeyword.click(ClickKeyword.groovy:74)
	at com.kms.katalon.core.webui.keyword.builtin.ClickKeyword.execute(ClickKeyword.groovy:40)
	at com.kms.katalon.core.keyword.internal.KeywordExecutor.executeKeywordForPlatform(KeywordExecutor.groovy:74)
	at com.kms.katalon.core.webui.keyword.WebUiBuiltInKeywords.click(WebUiBuiltInKeywords.groovy:659)
	at Selec_sobre.run(Selec_sobre:24)
	at com.kms.katalon.core.main.ScriptEngine.run(ScriptEngine.java:194)
	at com.kms.katalon.core.main.ScriptEngine.runScriptAsRawText(ScriptEngine.java:119)
	at com.kms.katalon.core.main.TestCaseExecutor.runScript(TestCaseExecutor.java:448)
	at com.kms.katalon.core.main.TestCaseExecutor.doExecute(TestCaseExecutor.java:439)
	at com.kms.katalon.core.main.TestCaseExecutor.processExecutionPhase(TestCaseExecutor.java:418)
	at com.kms.katalon.core.main.TestCaseExecutor.accessMainPhase(TestCaseExecutor.java:410)
	at com.kms.katalon.core.main.TestCaseExecutor.execute(TestCaseExecutor.java:285)
	at com.kms.katalon.core.main.TestCaseMain.runTestCase(TestCaseMain.java:137)
	at com.kms.katalon.core.keyword.builtin.CallTestCaseKeyword$_callTestCase_closure1.doCall(CallTestCaseKeyword.groovy:59)
	... 24 more
Caused by: org.openqa.selenium.ElementClickInterceptedException: Element <button id="btn_aceptar_tipo_envio" class="btn disabled" type="button"> is not clickable at point (675,588) because another element <div class="modal-footer"> obscures it
Build info: version: '3.141.59', revision: 'unknown', time: 'unknown'
System info: host: 'DESKTOP-RGFFP9A', ip: '10.136.10.6', os.name: 'Windows 11', os.arch: 'amd64', os.version: '10.0', java.version: '17.0.7'
Driver info: com.kms.katalon.core.webui.driver.firefox.CGeckoDriver
Capabilities {acceptInsecureCerts: true, browserName: firefox, browserVersion: 133.0, javascriptEnabled: true, moz:accessibilityChecks: false, moz:buildID: 20241121140525, moz:geckodriverVersion: 0.35.0, moz:headless: false, moz:platformVersion: 10.0, moz:processID: 18504, moz:profile: C:\Users\OLVATI\AppData\Loc..., moz:shutdownTimeout: 60000, moz:webdriverClick: true, moz:windowless: false, pageLoadStrategy: normal, platform: WINDOWS, platformName: WINDOWS, proxy: Proxy(direct), setWindowRect: true, strictFileInteractability: false, timeouts: {implicit: 0, pageLoad: 300000, script: 30000}, unhandledPromptBehavior: dismiss and notify, userAgent: Mozilla/5.0 (Windows NT 10....}
Session ID: 63b5b0a1-7014-44b7-a029-1b966cadd98e
	at jdk.internal.reflect.GeneratedConstructorAccessor32.newInstance(Unknown Source)
	at java.base/jdk.internal.reflect.DelegatingConstructorAccessorImpl.newInstance(DelegatingConstructorAccessorImpl.java:45)
	at org.openqa.selenium.remote.http.W3CHttpResponseCodec.createException(W3CHttpResponseCodec.java:187)
	at org.openqa.selenium.remote.http.W3CHttpResponseCodec.decode(W3CHttpResponseCodec.java:122)
	at org.openqa.selenium.remote.http.W3CHttpResponseCodec.decode(W3CHttpResponseCodec.java:49)
	at org.openqa.selenium.remote.HttpCommandExecutor.execute(HttpCommandExecutor.java:158)
	at org.openqa.selenium.remote.service.DriverCommandExecutor.execute(DriverCommandExecutor.java:83)
	at org.openqa.selenium.remote.RemoteWebDriver.execute(RemoteWebDriver.java:552)
	at com.kms.katalon.selenium.driver.CFirefoxDriver.execute(CFirefoxDriver.java:28)
	at org.openqa.selenium.remote.RemoteWebElement.execute(RemoteWebElement.java:285)
	at org.openqa.selenium.remote.RemoteWebElement.click(RemoteWebElement.java:84)
	at jdk.internal.reflect.GeneratedMethodAccessor10.invoke(Unknown Source)
	at java.base/jdk.internal.reflect.DelegatingMethodAccessorImpl.invoke(DelegatingMethodAccessorImpl.java:43)
	at org.openqa.selenium.support.events.EventFiringWebDriver$EventFiringWebElement.lambda$new$0(EventFiringWebDriver.java:404)
	at jdk.proxy2/jdk.proxy2.$Proxy21.click(Unknown Source)
	at org.openqa.selenium.support.events.EventFiringWebDriver$EventFiringWebElement.click(EventFiringWebDriver.java:417)
	at org.openqa.selenium.WebElement$click.call(Unknown Source)
	at com.kms.katalon.core.webui.keyword.builtin.ClickKeyword.clickUntilSuccessWithTimeout(ClickKeyword.groovy:81)
	at com.kms.katalon.core.webui.keyword.builtin.ClickKeyword.clickUntilSuccessWithTimeout(ClickKeyword.groovy)
	at jdk.internal.reflect.GeneratedMethodAccessor8.invoke(Unknown Source)
	at java.base/jdk.internal.reflect.DelegatingMethodAccessorImpl.invoke(DelegatingMethodAccessorImpl.java:43)
	at com.kms.katalon.core.webui.keyword.builtin.ClickKeyword$_click_closure1.doCall(ClickKeyword.groovy:67)
	at com.kms.katalon.core.webui.keyword.builtin.ClickKeyword$_click_closure1.call(ClickKeyword.groovy)
	at com.kms.katalon.core.webui.keyword.internal.WebUIKeywordMain.runKeyword(WebUIKeywordMain.groovy:35)
	... 38 more
)

27-11-2024T18:03:25 - [TEST_CASE][FAILED] - Test Cases/1.Inicio/1.1Principal/Selec_sobre: Test Cases/1.Inicio/1.1Principal/Selec_sobre FAILED.
Reason:
com.kms.katalon.core.exception.StepFailedException: Unable to click on object 'Object Repository/Principal/Page_Olva Courier  Home/button_CONTINUAR (2)'
	at com.kms.katalon.core.webui.keyword.internal.WebUIKeywordMain.stepFailed(WebUIKeywordMain.groovy:117)
	at com.kms.katalon.core.webui.keyword.internal.WebUIKeywordMain.runKeyword(WebUIKeywordMain.groovy:43)
	at com.kms.katalon.core.webui.keyword.builtin.ClickKeyword.click(ClickKeyword.groovy:74)
	at com.kms.katalon.core.webui.keyword.builtin.ClickKeyword.execute(ClickKeyword.groovy:40)
	at com.kms.katalon.core.keyword.internal.KeywordExecutor.executeKeywordForPlatform(KeywordExecutor.groovy:74)
	at com.kms.katalon.core.webui.keyword.WebUiBuiltInKeywords.click(WebUiBuiltInKeywords.groovy:659)
	at Selec_sobre.run(Selec_sobre:24)
	at com.kms.katalon.core.main.ScriptEngine.run(ScriptEngine.java:194)
	at com.kms.katalon.core.main.ScriptEngine.runScriptAsRawText(ScriptEngine.java:119)
	at com.kms.katalon.core.main.TestCaseExecutor.runScript(TestCaseExecutor.java:448)
	at com.kms.katalon.core.main.TestCaseExecutor.doExecute(TestCaseExecutor.java:439)
	at com.kms.katalon.core.main.TestCaseExecutor.processExecutionPhase(TestCaseExecutor.java:418)
	at com.kms.katalon.core.main.TestCaseExecutor.accessMainPhase(TestCaseExecutor.java:410)
	at com.kms.katalon.core.main.TestCaseExecutor.execute(TestCaseExecutor.java:285)
	at com.kms.katalon.core.main.TestCaseMain.runTestCase(TestCaseMain.java:137)
	at com.kms.katalon.core.keyword.builtin.CallTestCaseKeyword$_callTestCase_closure1.doCall(CallTestCaseKeyword.groovy:59)
	at com.kms.katalon.core.keyword.builtin.CallTestCaseKeyword$_callTestCase_closure1.call(CallTestCaseKeyword.groovy)
	at com.kms.katalon.core.keyword.internal.KeywordMain.runKeyword(KeywordMain.groovy:75)
	at com.kms.katalon.core.keyword.builtin.CallTestCaseKeyword.callTestCase(CallTestCaseKeyword.groovy:81)
	at com.kms.katalon.core.keyword.builtin.CallTestCaseKeyword.execute(CallTestCaseKeyword.groovy:44)
	at com.kms.katalon.core.keyword.internal.KeywordExecutor.executeKeywordForPlatform(KeywordExecutor.groovy:74)
	at com.kms.katalon.core.keyword.BuiltinKeywords.callTestCase(BuiltinKeywords.groovy:310)
	at jdk.internal.reflect.GeneratedMethodAccessor25.invoke(Unknown Source)
	at java.base/jdk.internal.reflect.DelegatingMethodAccessorImpl.invoke(DelegatingMethodAccessorImpl.java:43)
	at Restricion-tienda.run(Restricion-tienda:22)
	at com.kms.katalon.core.main.ScriptEngine.run(ScriptEngine.java:194)
	at com.kms.katalon.core.main.ScriptEngine.runScriptAsRawText(ScriptEngine.java:119)
	at com.kms.katalon.core.main.TestCaseExecutor.runScript(TestCaseExecutor.java:448)
	at com.kms.katalon.core.main.TestCaseExecutor.doExecute(TestCaseExecutor.java:439)
	at com.kms.katalon.core.main.TestCaseExecutor.processExecutionPhase(TestCaseExecutor.java:418)
	at com.kms.katalon.core.main.TestCaseExecutor.accessMainPhase(TestCaseExecutor.java:410)
	at com.kms.katalon.core.main.TestCaseExecutor.execute(TestCaseExecutor.java:285)
	at com.kms.katalon.core.common.CommonExecutor.accessTestCaseMainPhase(CommonExecutor.java:65)
	at com.kms.katalon.core.main.TestSuiteExecutor.accessTestSuiteMainPhase(TestSuiteExecutor.java:150)
	at com.kms.katalon.core.main.TestSuiteExecutor.execute(TestSuiteExecutor.java:106)
	at com.kms.katalon.core.main.TestCaseMain.startTestSuite(TestCaseMain.java:180)
	at TempTestSuite1732745349578.run(TempTestSuite1732745349578.groovy:35)
	at java.base/jdk.internal.reflect.NativeMethodAccessorImpl.invoke0(Native Method)
	at java.base/jdk.internal.reflect.NativeMethodAccessorImpl.invoke(NativeMethodAccessorImpl.java:77)
	at java.base/jdk.internal.reflect.DelegatingMethodAccessorImpl.invoke(DelegatingMethodAccessorImpl.java:43)
Caused by: org.openqa.selenium.ElementClickInterceptedException: Element <button id="btn_aceptar_tipo_envio" class="btn disabled" type="button"> is not clickable at point (675,588) because another element <div class="modal-footer"> obscures it
Build info: version: '3.141.59', revision: 'unknown', time: 'unknown'
System info: host: 'DESKTOP-RGFFP9A', ip: '10.136.10.6', os.name: 'Windows 11', os.arch: 'amd64', os.version: '10.0', java.version: '17.0.7'
Driver info: com.kms.katalon.core.webui.driver.firefox.CGeckoDriver
Capabilities {acceptInsecureCerts: true, browserName: firefox, browserVersion: 133.0, javascriptEnabled: true, moz:accessibilityChecks: false, moz:buildID: 20241121140525, moz:geckodriverVersion: 0.35.0, moz:headless: false, moz:platformVersion: 10.0, moz:processID: 18504, moz:profile: C:\Users\OLVATI\AppData\Loc..., moz:shutdownTimeout: 60000, moz:webdriverClick: true, moz:windowless: false, pageLoadStrategy: normal, platform: WINDOWS, platformName: WINDOWS, proxy: Proxy(direct), setWindowRect: true, strictFileInteractability: false, timeouts: {implicit: 0, pageLoad: 300000, script: 30000}, unhandledPromptBehavior: dismiss and notify, userAgent: Mozilla/5.0 (Windows NT 10....}
Session ID: 63b5b0a1-7014-44b7-a029-1b966cadd98e
	at jdk.internal.reflect.GeneratedConstructorAccessor32.newInstance(Unknown Source)
	at java.base/jdk.internal.reflect.DelegatingConstructorAccessorImpl.newInstance(DelegatingConstructorAccessorImpl.java:45)
	at org.openqa.selenium.remote.http.W3CHttpResponseCodec.createException(W3CHttpResponseCodec.java:187)
	at org.openqa.selenium.remote.http.W3CHttpResponseCodec.decode(W3CHttpResponseCodec.java:122)
	at org.openqa.selenium.remote.http.W3CHttpResponseCodec.decode(W3CHttpResponseCodec.java:49)
	at org.openqa.selenium.remote.HttpCommandExecutor.execute(HttpCommandExecutor.java:158)
	at org.openqa.selenium.remote.service.DriverCommandExecutor.execute(DriverCommandExecutor.java:83)
	at org.openqa.selenium.remote.RemoteWebDriver.execute(RemoteWebDriver.java:552)
	at com.kms.katalon.selenium.driver.CFirefoxDriver.execute(CFirefoxDriver.java:28)
	at org.openqa.selenium.remote.RemoteWebElement.execute(RemoteWebElement.java:285)
	at org.openqa.selenium.remote.RemoteWebElement.click(RemoteWebElement.java:84)
	at jdk.internal.reflect.GeneratedMethodAccessor10.invoke(Unknown Source)
	at java.base/jdk.internal.reflect.DelegatingMethodAccessorImpl.invoke(DelegatingMethodAccessorImpl.java:43)
	at org.openqa.selenium.support.events.EventFiringWebDriver$EventFiringWebElement.lambda$new$0(EventFiringWebDriver.java:404)
	at jdk.proxy2/jdk.proxy2.$Proxy21.click(Unknown Source)
	at org.openqa.selenium.support.events.EventFiringWebDriver$EventFiringWebElement.click(EventFiringWebDriver.java:417)
	at org.openqa.selenium.WebElement$click.call(Unknown Source)
	at com.kms.katalon.core.webui.keyword.builtin.ClickKeyword.clickUntilSuccessWithTimeout(ClickKeyword.groovy:81)
	at com.kms.katalon.core.webui.keyword.builtin.ClickKeyword.clickUntilSuccessWithTimeout(ClickKeyword.groovy)
	at jdk.internal.reflect.GeneratedMethodAccessor8.invoke(Unknown Source)
	at java.base/jdk.internal.reflect.DelegatingMethodAccessorImpl.invoke(DelegatingMethodAccessorImpl.java:43)
	at com.kms.katalon.core.webui.keyword.builtin.ClickKeyword$_click_closure1.doCall(ClickKeyword.groovy:67)
	at com.kms.katalon.core.webui.keyword.builtin.ClickKeyword$_click_closure1.call(ClickKeyword.groovy)
	at com.kms.katalon.core.webui.keyword.internal.WebUIKeywordMain.runKeyword(WebUIKeywordMain.groovy:35)
	... 38 more


27-11-2024T18:03:25 - [TEST_STEP][PASSED] - click(findTestObject("Object Repository/Principal/Page_Olva Courier  Home/img_Envo de cajas o paquetescon un peso mxi_37770f")): Object: 'Object Repository/Principal/Page_Olva Courier  Home/img_Envo de cajas o paquetescon un peso mxi_37770f' is clicked on

27-11-2024T18:03:25 - [MESSAGE][PASSED] - Object: 'Object Repository/Principal/Page_Olva Courier  Home/img_Envo de cajas o paquetescon un peso mxi_37770f' is clicked on

27-11-2024T18:03:25 - [TEST_STEP][PASSED] - click(findTestObject("Object Repository/Principal/Page_Olva Courier  Home/label_He ledo y acepto los trminos de uso y_adab65")): Object: 'Object Repository/Principal/Page_Olva Courier  Home/label_He ledo y acepto los trminos de uso y_adab65' is clicked on

27-11-2024T18:03:26 - [MESSAGE][PASSED] - Object: 'Object Repository/Principal/Page_Olva Courier  Home/label_He ledo y acepto los trminos de uso y_adab65' is clicked on

27-11-2024T18:03:26 - [TEST_STEP][FAILED] - click(findTestObject("Object Repository/Principal/Page_Olva Courier  Home/button_CONTINUAR (2)")): Unable to click on object 'Object Repository/Principal/Page_Olva Courier  Home/button_CONTINUAR (2)' (Root cause: com.kms.katalon.core.exception.StepFailedException: Unable to click on object 'Object Repository/Principal/Page_Olva Courier  Home/button_CONTINUAR (2)'
	at com.kms.katalon.core.webui.keyword.internal.WebUIKeywordMain.stepFailed(WebUIKeywordMain.groovy:117)
	at com.kms.katalon.core.webui.keyword.internal.WebUIKeywordMain.runKeyword(WebUIKeywordMain.groovy:43)
	at com.kms.katalon.core.webui.keyword.builtin.ClickKeyword.click(ClickKeyword.groovy:74)
	at com.kms.katalon.core.webui.keyword.builtin.ClickKeyword.execute(ClickKeyword.groovy:40)
	at com.kms.katalon.core.keyword.internal.KeywordExecutor.executeKeywordForPlatform(KeywordExecutor.groovy:74)
	at com.kms.katalon.core.webui.keyword.WebUiBuiltInKeywords.click(WebUiBuiltInKeywords.groovy:659)
	at Selec_sobre.run(Selec_sobre:24)
	at com.kms.katalon.core.main.ScriptEngine.run(ScriptEngine.java:194)
	at com.kms.katalon.core.main.ScriptEngine.runScriptAsRawText(ScriptEngine.java:119)
	at com.kms.katalon.core.main.TestCaseExecutor.runScript(TestCaseExecutor.java:448)
	at com.kms.katalon.core.main.TestCaseExecutor.doExecute(TestCaseExecutor.java:439)
	at com.kms.katalon.core.main.TestCaseExecutor.processExecutionPhase(TestCaseExecutor.java:418)
	at com.kms.katalon.core.main.TestCaseExecutor.accessMainPhase(TestCaseExecutor.java:410)
	at com.kms.katalon.core.main.TestCaseExecutor.execute(TestCaseExecutor.java:285)
	at com.kms.katalon.core.main.TestCaseMain.runTestCase(TestCaseMain.java:137)
	at com.kms.katalon.core.keyword.builtin.CallTestCaseKeyword$_callTestCase_closure1.doCall(CallTestCaseKeyword.groovy:59)
	at com.kms.katalon.core.keyword.builtin.CallTestCaseKeyword$_callTestCase_closure1.call(CallTestCaseKeyword.groovy)
	at com.kms.katalon.core.keyword.internal.KeywordMain.runKeyword(KeywordMain.groovy:75)
	at com.kms.katalon.core.keyword.builtin.CallTestCaseKeyword.callTestCase(CallTestCaseKeyword.groovy:81)
	at com.kms.katalon.core.keyword.builtin.CallTestCaseKeyword.execute(CallTestCaseKeyword.groovy:44)
	at com.kms.katalon.core.keyword.internal.KeywordExecutor.executeKeywordForPlatform(KeywordExecutor.groovy:74)
	at com.kms.katalon.core.keyword.BuiltinKeywords.callTestCase(BuiltinKeywords.groovy:310)
	at jdk.internal.reflect.GeneratedMethodAccessor25.invoke(Unknown Source)
	at java.base/jdk.internal.reflect.DelegatingMethodAccessorImpl.invoke(DelegatingMethodAccessorImpl.java:43)
	at Restricion-tienda.run(Restricion-tienda:22)
	at com.kms.katalon.core.main.ScriptEngine.run(ScriptEngine.java:194)
	at com.kms.katalon.core.main.ScriptEngine.runScriptAsRawText(ScriptEngine.java:119)
	at com.kms.katalon.core.main.TestCaseExecutor.runScript(TestCaseExecutor.java:448)
	at com.kms.katalon.core.main.TestCaseExecutor.doExecute(TestCaseExecutor.java:439)
	at com.kms.katalon.core.main.TestCaseExecutor.processExecutionPhase(TestCaseExecutor.java:418)
	at com.kms.katalon.core.main.TestCaseExecutor.accessMainPhase(TestCaseExecutor.java:410)
	at com.kms.katalon.core.main.TestCaseExecutor.execute(TestCaseExecutor.java:285)
	at com.kms.katalon.core.common.CommonExecutor.accessTestCaseMainPhase(CommonExecutor.java:65)
	at com.kms.katalon.core.main.TestSuiteExecutor.accessTestSuiteMainPhase(TestSuiteExecutor.java:150)
	at com.kms.katalon.core.main.TestSuiteExecutor.execute(TestSuiteExecutor.java:106)
	at com.kms.katalon.core.main.TestCaseMain.startTestSuite(TestCaseMain.java:180)
	at TempTestSuite1732745349578.run(TempTestSuite1732745349578.groovy:35)
	at java.base/jdk.internal.reflect.NativeMethodAccessorImpl.invoke0(Native Method)
	at java.base/jdk.internal.reflect.NativeMethodAccessorImpl.invoke(NativeMethodAccessorImpl.java:77)
	at java.base/jdk.internal.reflect.DelegatingMethodAccessorImpl.invoke(DelegatingMethodAccessorImpl.java:43)
Caused by: org.openqa.selenium.ElementClickInterceptedException: Element <button id="btn_aceptar_tipo_envio" class="btn disabled" type="button"> is not clickable at point (675,588) because another element <div class="modal-footer"> obscures it
Build info: version: '3.141.59', revision: 'unknown', time: 'unknown'
System info: host: 'DESKTOP-RGFFP9A', ip: '10.136.10.6', os.name: 'Windows 11', os.arch: 'amd64', os.version: '10.0', java.version: '17.0.7'
Driver info: com.kms.katalon.core.webui.driver.firefox.CGeckoDriver
Capabilities {acceptInsecureCerts: true, browserName: firefox, browserVersion: 133.0, javascriptEnabled: true, moz:accessibilityChecks: false, moz:buildID: 20241121140525, moz:geckodriverVersion: 0.35.0, moz:headless: false, moz:platformVersion: 10.0, moz:processID: 18504, moz:profile: C:\Users\OLVATI\AppData\Loc..., moz:shutdownTimeout: 60000, moz:webdriverClick: true, moz:windowless: false, pageLoadStrategy: normal, platform: WINDOWS, platformName: WINDOWS, proxy: Proxy(direct), setWindowRect: true, strictFileInteractability: false, timeouts: {implicit: 0, pageLoad: 300000, script: 30000}, unhandledPromptBehavior: dismiss and notify, userAgent: Mozilla/5.0 (Windows NT 10....}
Session ID: 63b5b0a1-7014-44b7-a029-1b966cadd98e
	at jdk.internal.reflect.GeneratedConstructorAccessor32.newInstance(Unknown Source)
	at java.base/jdk.internal.reflect.DelegatingConstructorAccessorImpl.newInstance(DelegatingConstructorAccessorImpl.java:45)
	at org.openqa.selenium.remote.http.W3CHttpResponseCodec.createException(W3CHttpResponseCodec.java:187)
	at org.openqa.selenium.remote.http.W3CHttpResponseCodec.decode(W3CHttpResponseCodec.java:122)
	at org.openqa.selenium.remote.http.W3CHttpResponseCodec.decode(W3CHttpResponseCodec.java:49)
	at org.openqa.selenium.remote.HttpCommandExecutor.execute(HttpCommandExecutor.java:158)
	at org.openqa.selenium.remote.service.DriverCommandExecutor.execute(DriverCommandExecutor.java:83)
	at org.openqa.selenium.remote.RemoteWebDriver.execute(RemoteWebDriver.java:552)
	at com.kms.katalon.selenium.driver.CFirefoxDriver.execute(CFirefoxDriver.java:28)
	at org.openqa.selenium.remote.RemoteWebElement.execute(RemoteWebElement.java:285)
	at org.openqa.selenium.remote.RemoteWebElement.click(RemoteWebElement.java:84)
	at jdk.internal.reflect.GeneratedMethodAccessor10.invoke(Unknown Source)
	at java.base/jdk.internal.reflect.DelegatingMethodAccessorImpl.invoke(DelegatingMethodAccessorImpl.java:43)
	at org.openqa.selenium.support.events.EventFiringWebDriver$EventFiringWebElement.lambda$new$0(EventFiringWebDriver.java:404)
	at jdk.proxy2/jdk.proxy2.$Proxy21.click(Unknown Source)
	at org.openqa.selenium.support.events.EventFiringWebDriver$EventFiringWebElement.click(EventFiringWebDriver.java:417)
	at org.openqa.selenium.WebElement$click.call(Unknown Source)
	at com.kms.katalon.core.webui.keyword.builtin.ClickKeyword.clickUntilSuccessWithTimeout(ClickKeyword.groovy:81)
	at com.kms.katalon.core.webui.keyword.builtin.ClickKeyword.clickUntilSuccessWithTimeout(ClickKeyword.groovy)
	at jdk.internal.reflect.GeneratedMethodAccessor8.invoke(Unknown Source)
	at java.base/jdk.internal.reflect.DelegatingMethodAccessorImpl.invoke(DelegatingMethodAccessorImpl.java:43)
	at com.kms.katalon.core.webui.keyword.builtin.ClickKeyword$_click_closure1.doCall(ClickKeyword.groovy:67)
	at com.kms.katalon.core.webui.keyword.builtin.ClickKeyword$_click_closure1.call(ClickKeyword.groovy)
	at com.kms.katalon.core.webui.keyword.internal.WebUIKeywordMain.runKeyword(WebUIKeywordMain.groovy:35)
	at com.kms.katalon.core.webui.keyword.builtin.ClickKeyword.click(ClickKeyword.groovy:74)
	at com.kms.katalon.core.webui.keyword.builtin.ClickKeyword.execute(ClickKeyword.groovy:40)
	at com.kms.katalon.core.keyword.internal.KeywordExecutor.executeKeywordForPlatform(KeywordExecutor.groovy:74)
	at com.kms.katalon.core.webui.keyword.WebUiBuiltInKeywords.click(WebUiBuiltInKeywords.groovy:659)
	at Script1732083570761.run(Script1732083570761.groovy:24)
	at com.kms.katalon.core.main.ScriptEngine.run(ScriptEngine.java:194)
	at com.kms.katalon.core.main.ScriptEngine.runScriptAsRawText(ScriptEngine.java:119)
	at com.kms.katalon.core.main.TestCaseExecutor.runScript(TestCaseExecutor.java:448)
	at com.kms.katalon.core.main.TestCaseExecutor.doExecute(TestCaseExecutor.java:439)
	at com.kms.katalon.core.main.TestCaseExecutor.processExecutionPhase(TestCaseExecutor.java:418)
	at com.kms.katalon.core.main.TestCaseExecutor.accessMainPhase(TestCaseExecutor.java:410)
	at com.kms.katalon.core.main.TestCaseExecutor.execute(TestCaseExecutor.java:285)
	at com.kms.katalon.core.main.TestCaseMain.runTestCase(TestCaseMain.java:137)
	at com.kms.katalon.core.keyword.builtin.CallTestCaseKeyword$_callTestCase_closure1.doCall(CallTestCaseKeyword.groovy:59)
	at com.kms.katalon.core.keyword.builtin.CallTestCaseKeyword$_callTestCase_closure1.call(CallTestCaseKeyword.groovy)
	at com.kms.katalon.core.keyword.internal.KeywordMain.runKeyword(KeywordMain.groovy:75)
	at com.kms.katalon.core.keyword.builtin.CallTestCaseKeyword.callTestCase(CallTestCaseKeyword.groovy:81)
	at com.kms.katalon.core.keyword.builtin.CallTestCaseKeyword.execute(CallTestCaseKeyword.groovy:44)
	at com.kms.katalon.core.keyword.internal.KeywordExecutor.executeKeywordForPlatform(KeywordExecutor.groovy:74)
	at com.kms.katalon.core.keyword.BuiltinKeywords.callTestCase(BuiltinKeywords.groovy:310)
	at jdk.internal.reflect.GeneratedMethodAccessor25.invoke(Unknown Source)
	at java.base/jdk.internal.reflect.DelegatingMethodAccessorImpl.invoke(DelegatingMethodAccessorImpl.java:43)
	at Script1732341471717.run(Script1732341471717.groovy:22)
	... 15 more
)

27-11-2024T18:03:57 - [MESSAGE][FAILED] - Unable to click on object 'Object Repository/Principal/Page_Olva Courier  Home/button_CONTINUAR (2)' (Root cause: com.kms.katalon.core.exception.StepFailedException: Unable to click on object 'Object Repository/Principal/Page_Olva Courier  Home/button_CONTINUAR (2)'
	at com.kms.katalon.core.webui.keyword.internal.WebUIKeywordMain.stepFailed(WebUIKeywordMain.groovy:117)
	at com.kms.katalon.core.webui.keyword.internal.WebUIKeywordMain.runKeyword(WebUIKeywordMain.groovy:43)
	at com.kms.katalon.core.webui.keyword.builtin.ClickKeyword.click(ClickKeyword.groovy:74)
	at com.kms.katalon.core.webui.keyword.builtin.ClickKeyword.execute(ClickKeyword.groovy:40)
	at com.kms.katalon.core.keyword.internal.KeywordExecutor.executeKeywordForPlatform(KeywordExecutor.groovy:74)
	at com.kms.katalon.core.webui.keyword.WebUiBuiltInKeywords.click(WebUiBuiltInKeywords.groovy:659)
	at Selec_sobre.run(Selec_sobre:24)
	at com.kms.katalon.core.main.ScriptEngine.run(ScriptEngine.java:194)
	at com.kms.katalon.core.main.ScriptEngine.runScriptAsRawText(ScriptEngine.java:119)
	at com.kms.katalon.core.main.TestCaseExecutor.runScript(TestCaseExecutor.java:448)
	at com.kms.katalon.core.main.TestCaseExecutor.doExecute(TestCaseExecutor.java:439)
	at com.kms.katalon.core.main.TestCaseExecutor.processExecutionPhase(TestCaseExecutor.java:418)
	at com.kms.katalon.core.main.TestCaseExecutor.accessMainPhase(TestCaseExecutor.java:410)
	at com.kms.katalon.core.main.TestCaseExecutor.execute(TestCaseExecutor.java:285)
	at com.kms.katalon.core.main.TestCaseMain.runTestCase(TestCaseMain.java:137)
	at com.kms.katalon.core.keyword.builtin.CallTestCaseKeyword$_callTestCase_closure1.doCall(CallTestCaseKeyword.groovy:59)
	at com.kms.katalon.core.keyword.builtin.CallTestCaseKeyword$_callTestCase_closure1.call(CallTestCaseKeyword.groovy)
	at com.kms.katalon.core.keyword.internal.KeywordMain.runKeyword(KeywordMain.groovy:75)
	at com.kms.katalon.core.keyword.builtin.CallTestCaseKeyword.callTestCase(CallTestCaseKeyword.groovy:81)
	at com.kms.katalon.core.keyword.builtin.CallTestCaseKeyword.execute(CallTestCaseKeyword.groovy:44)
	at com.kms.katalon.core.keyword.internal.KeywordExecutor.executeKeywordForPlatform(KeywordExecutor.groovy:74)
	at com.kms.katalon.core.keyword.BuiltinKeywords.callTestCase(BuiltinKeywords.groovy:310)
	at jdk.internal.reflect.GeneratedMethodAccessor25.invoke(Unknown Source)
	at java.base/jdk.internal.reflect.DelegatingMethodAccessorImpl.invoke(DelegatingMethodAccessorImpl.java:43)
	at Restricion-tienda.run(Restricion-tienda:22)
	at com.kms.katalon.core.main.ScriptEngine.run(ScriptEngine.java:194)
	at com.kms.katalon.core.main.ScriptEngine.runScriptAsRawText(ScriptEngine.java:119)
	at com.kms.katalon.core.main.TestCaseExecutor.runScript(TestCaseExecutor.java:448)
	at com.kms.katalon.core.main.TestCaseExecutor.doExecute(TestCaseExecutor.java:439)
	at com.kms.katalon.core.main.TestCaseExecutor.processExecutionPhase(TestCaseExecutor.java:418)
	at com.kms.katalon.core.main.TestCaseExecutor.accessMainPhase(TestCaseExecutor.java:410)
	at com.kms.katalon.core.main.TestCaseExecutor.execute(TestCaseExecutor.java:285)
	at com.kms.katalon.core.common.CommonExecutor.accessTestCaseMainPhase(CommonExecutor.java:65)
	at com.kms.katalon.core.main.TestSuiteExecutor.accessTestSuiteMainPhase(TestSuiteExecutor.java:150)
	at com.kms.katalon.core.main.TestSuiteExecutor.execute(TestSuiteExecutor.java:106)
	at com.kms.katalon.core.main.TestCaseMain.startTestSuite(TestCaseMain.java:180)
	at TempTestSuite1732745349578.run(TempTestSuite1732745349578.groovy:35)
	at java.base/jdk.internal.reflect.NativeMethodAccessorImpl.invoke0(Native Method)
	at java.base/jdk.internal.reflect.NativeMethodAccessorImpl.invoke(NativeMethodAccessorImpl.java:77)
	at java.base/jdk.internal.reflect.DelegatingMethodAccessorImpl.invoke(DelegatingMethodAccessorImpl.java:43)
Caused by: org.openqa.selenium.ElementClickInterceptedException: Element <button id="btn_aceptar_tipo_envio" class="btn disabled" type="button"> is not clickable at point (675,588) because another element <div class="modal-footer"> obscures it
Build info: version: '3.141.59', revision: 'unknown', time: 'unknown'
System info: host: 'DESKTOP-RGFFP9A', ip: '10.136.10.6', os.name: 'Windows 11', os.arch: 'amd64', os.version: '10.0', java.version: '17.0.7'
Driver info: com.kms.katalon.core.webui.driver.firefox.CGeckoDriver
Capabilities {acceptInsecureCerts: true, browserName: firefox, browserVersion: 133.0, javascriptEnabled: true, moz:accessibilityChecks: false, moz:buildID: 20241121140525, moz:geckodriverVersion: 0.35.0, moz:headless: false, moz:platformVersion: 10.0, moz:processID: 18504, moz:profile: C:\Users\OLVATI\AppData\Loc..., moz:shutdownTimeout: 60000, moz:webdriverClick: true, moz:windowless: false, pageLoadStrategy: normal, platform: WINDOWS, platformName: WINDOWS, proxy: Proxy(direct), setWindowRect: true, strictFileInteractability: false, timeouts: {implicit: 0, pageLoad: 300000, script: 30000}, unhandledPromptBehavior: dismiss and notify, userAgent: Mozilla/5.0 (Windows NT 10....}
Session ID: 63b5b0a1-7014-44b7-a029-1b966cadd98e
	at jdk.internal.reflect.GeneratedConstructorAccessor32.newInstance(Unknown Source)
	at java.base/jdk.internal.reflect.DelegatingConstructorAccessorImpl.newInstance(DelegatingConstructorAccessorImpl.java:45)
	at org.openqa.selenium.remote.http.W3CHttpResponseCodec.createException(W3CHttpResponseCodec.java:187)
	at org.openqa.selenium.remote.http.W3CHttpResponseCodec.decode(W3CHttpResponseCodec.java:122)
	at org.openqa.selenium.remote.http.W3CHttpResponseCodec.decode(W3CHttpResponseCodec.java:49)
	at org.openqa.selenium.remote.HttpCommandExecutor.execute(HttpCommandExecutor.java:158)
	at org.openqa.selenium.remote.service.DriverCommandExecutor.execute(DriverCommandExecutor.java:83)
	at org.openqa.selenium.remote.RemoteWebDriver.execute(RemoteWebDriver.java:552)
	at com.kms.katalon.selenium.driver.CFirefoxDriver.execute(CFirefoxDriver.java:28)
	at org.openqa.selenium.remote.RemoteWebElement.execute(RemoteWebElement.java:285)
	at org.openqa.selenium.remote.RemoteWebElement.click(RemoteWebElement.java:84)
	at jdk.internal.reflect.GeneratedMethodAccessor10.invoke(Unknown Source)
	at java.base/jdk.internal.reflect.DelegatingMethodAccessorImpl.invoke(DelegatingMethodAccessorImpl.java:43)
	at org.openqa.selenium.support.events.EventFiringWebDriver$EventFiringWebElement.lambda$new$0(EventFiringWebDriver.java:404)
	at jdk.proxy2/jdk.proxy2.$Proxy21.click(Unknown Source)
	at org.openqa.selenium.support.events.EventFiringWebDriver$EventFiringWebElement.click(EventFiringWebDriver.java:417)
	at org.openqa.selenium.WebElement$click.call(Unknown Source)
	at com.kms.katalon.core.webui.keyword.builtin.ClickKeyword.clickUntilSuccessWithTimeout(ClickKeyword.groovy:81)
	at com.kms.katalon.core.webui.keyword.builtin.ClickKeyword.clickUntilSuccessWithTimeout(ClickKeyword.groovy)
	at jdk.internal.reflect.GeneratedMethodAccessor8.invoke(Unknown Source)
	at java.base/jdk.internal.reflect.DelegatingMethodAccessorImpl.invoke(DelegatingMethodAccessorImpl.java:43)
	at com.kms.katalon.core.webui.keyword.builtin.ClickKeyword$_click_closure1.doCall(ClickKeyword.groovy:67)
	at com.kms.katalon.core.webui.keyword.builtin.ClickKeyword$_click_closure1.call(ClickKeyword.groovy)
	at com.kms.katalon.core.webui.keyword.internal.WebUIKeywordMain.runKeyword(WebUIKeywordMain.groovy:35)
	at com.kms.katalon.core.webui.keyword.builtin.ClickKeyword.click(ClickKeyword.groovy:74)
	at com.kms.katalon.core.webui.keyword.builtin.ClickKeyword.execute(ClickKeyword.groovy:40)
	at com.kms.katalon.core.keyword.internal.KeywordExecutor.executeKeywordForPlatform(KeywordExecutor.groovy:74)
	at com.kms.katalon.core.webui.keyword.WebUiBuiltInKeywords.click(WebUiBuiltInKeywords.groovy:659)
	at Script1732083570761.run(Script1732083570761.groovy:24)
	at com.kms.katalon.core.main.ScriptEngine.run(ScriptEngine.java:194)
	at com.kms.katalon.core.main.ScriptEngine.runScriptAsRawText(ScriptEngine.java:119)
	at com.kms.katalon.core.main.TestCaseExecutor.runScript(TestCaseExecutor.java:448)
	at com.kms.katalon.core.main.TestCaseExecutor.doExecute(TestCaseExecutor.java:439)
	at com.kms.katalon.core.main.TestCaseExecutor.processExecutionPhase(TestCaseExecutor.java:418)
	at com.kms.katalon.core.main.TestCaseExecutor.accessMainPhase(TestCaseExecutor.java:410)
	at com.kms.katalon.core.main.TestCaseExecutor.execute(TestCaseExecutor.java:285)
	at com.kms.katalon.core.main.TestCaseMain.runTestCase(TestCaseMain.java:137)
	at com.kms.katalon.core.keyword.builtin.CallTestCaseKeyword$_callTestCase_closure1.doCall(CallTestCaseKeyword.groovy:59)
	at com.kms.katalon.core.keyword.builtin.CallTestCaseKeyword$_callTestCase_closure1.call(CallTestCaseKeyword.groovy)
	at com.kms.katalon.core.keyword.internal.KeywordMain.runKeyword(KeywordMain.groovy:75)
	at com.kms.katalon.core.keyword.builtin.CallTestCaseKeyword.callTestCase(CallTestCaseKeyword.groovy:81)
	at com.kms.katalon.core.keyword.builtin.CallTestCaseKeyword.execute(CallTestCaseKeyword.groovy:44)
	at com.kms.katalon.core.keyword.internal.KeywordExecutor.executeKeywordForPlatform(KeywordExecutor.groovy:74)
	at com.kms.katalon.core.keyword.BuiltinKeywords.callTestCase(BuiltinKeywords.groovy:310)
	at jdk.internal.reflect.GeneratedMethodAccessor25.invoke(Unknown Source)
	at java.base/jdk.internal.reflect.DelegatingMethodAccessorImpl.invoke(DelegatingMethodAccessorImpl.java:43)
	at Script1732341471717.run(Script1732341471717.groovy:22)
	... 15 more
)

27-11-2024T18:03:57 - [MESSAGE][FAILED] - Unable to call Test Case 'Test Cases/1.Inicio/1.1Principal/Selec_sobre' (Root cause: com.kms.katalon.core.exception.StepFailedException: Call Test Case 'Test Cases/1.Inicio/1.1Principal/Selec_sobre' failed
	at com.kms.katalon.core.keyword.builtin.CallTestCaseKeyword$_callTestCase_closure1.doCall(CallTestCaseKeyword.groovy:63)
	at com.kms.katalon.core.keyword.builtin.CallTestCaseKeyword$_callTestCase_closure1.call(CallTestCaseKeyword.groovy)
	at com.kms.katalon.core.keyword.internal.KeywordMain.runKeyword(KeywordMain.groovy:75)
	at com.kms.katalon.core.keyword.builtin.CallTestCaseKeyword.callTestCase(CallTestCaseKeyword.groovy:81)
	at com.kms.katalon.core.keyword.builtin.CallTestCaseKeyword.execute(CallTestCaseKeyword.groovy:44)
	at com.kms.katalon.core.keyword.internal.KeywordExecutor.executeKeywordForPlatform(KeywordExecutor.groovy:74)
	at com.kms.katalon.core.keyword.BuiltinKeywords.callTestCase(BuiltinKeywords.groovy:310)
	at jdk.internal.reflect.GeneratedMethodAccessor25.invoke(Unknown Source)
	at java.base/jdk.internal.reflect.DelegatingMethodAccessorImpl.invoke(DelegatingMethodAccessorImpl.java:43)
	at Restricion-tienda.run(Restricion-tienda:22)
	at com.kms.katalon.core.main.ScriptEngine.run(ScriptEngine.java:194)
	at com.kms.katalon.core.main.ScriptEngine.runScriptAsRawText(ScriptEngine.java:119)
	at com.kms.katalon.core.main.TestCaseExecutor.runScript(TestCaseExecutor.java:448)
	at com.kms.katalon.core.main.TestCaseExecutor.doExecute(TestCaseExecutor.java:439)
	at com.kms.katalon.core.main.TestCaseExecutor.processExecutionPhase(TestCaseExecutor.java:418)
	at com.kms.katalon.core.main.TestCaseExecutor.accessMainPhase(TestCaseExecutor.java:410)
	at com.kms.katalon.core.main.TestCaseExecutor.execute(TestCaseExecutor.java:285)
	at com.kms.katalon.core.common.CommonExecutor.accessTestCaseMainPhase(CommonExecutor.java:65)
	at com.kms.katalon.core.main.TestSuiteExecutor.accessTestSuiteMainPhase(TestSuiteExecutor.java:150)
	at com.kms.katalon.core.main.TestSuiteExecutor.execute(TestSuiteExecutor.java:106)
	at com.kms.katalon.core.main.TestCaseMain.startTestSuite(TestCaseMain.java:180)
	at TempTestSuite1732745349578.run(TempTestSuite1732745349578.groovy:35)
	at java.base/jdk.internal.reflect.NativeMethodAccessorImpl.invoke0(Native Method)
	at java.base/jdk.internal.reflect.NativeMethodAccessorImpl.invoke(NativeMethodAccessorImpl.java:77)
	at java.base/jdk.internal.reflect.DelegatingMethodAccessorImpl.invoke(DelegatingMethodAccessorImpl.java:43)
Caused by: com.kms.katalon.core.exception.StepFailedException: Unable to click on object 'Object Repository/Principal/Page_Olva Courier  Home/button_CONTINUAR (2)'
	at com.kms.katalon.core.webui.keyword.internal.WebUIKeywordMain.stepFailed(WebUIKeywordMain.groovy:117)
	at com.kms.katalon.core.webui.keyword.internal.WebUIKeywordMain.runKeyword(WebUIKeywordMain.groovy:43)
	at com.kms.katalon.core.webui.keyword.builtin.ClickKeyword.click(ClickKeyword.groovy:74)
	at com.kms.katalon.core.webui.keyword.builtin.ClickKeyword.execute(ClickKeyword.groovy:40)
	at com.kms.katalon.core.keyword.internal.KeywordExecutor.executeKeywordForPlatform(KeywordExecutor.groovy:74)
	at com.kms.katalon.core.webui.keyword.WebUiBuiltInKeywords.click(WebUiBuiltInKeywords.groovy:659)
	at Selec_sobre.run(Selec_sobre:24)
	at com.kms.katalon.core.main.ScriptEngine.run(ScriptEngine.java:194)
	at com.kms.katalon.core.main.ScriptEngine.runScriptAsRawText(ScriptEngine.java:119)
	at com.kms.katalon.core.main.TestCaseExecutor.runScript(TestCaseExecutor.java:448)
	at com.kms.katalon.core.main.TestCaseExecutor.doExecute(TestCaseExecutor.java:439)
	at com.kms.katalon.core.main.TestCaseExecutor.processExecutionPhase(TestCaseExecutor.java:418)
	at com.kms.katalon.core.main.TestCaseExecutor.accessMainPhase(TestCaseExecutor.java:410)
	at com.kms.katalon.core.main.TestCaseExecutor.execute(TestCaseExecutor.java:285)
	at com.kms.katalon.core.main.TestCaseMain.runTestCase(TestCaseMain.java:137)
	at com.kms.katalon.core.keyword.builtin.CallTestCaseKeyword$_callTestCase_closure1.doCall(CallTestCaseKeyword.groovy:59)
	... 24 more
Caused by: org.openqa.selenium.ElementClickInterceptedException: Element <button id="btn_aceptar_tipo_envio" class="btn disabled" type="button"> is not clickable at point (675,588) because another element <div class="modal-footer"> obscures it
Build info: version: '3.141.59', revision: 'unknown', time: 'unknown'
System info: host: 'DESKTOP-RGFFP9A', ip: '10.136.10.6', os.name: 'Windows 11', os.arch: 'amd64', os.version: '10.0', java.version: '17.0.7'
Driver info: com.kms.katalon.core.webui.driver.firefox.CGeckoDriver
Capabilities {acceptInsecureCerts: true, browserName: firefox, browserVersion: 133.0, javascriptEnabled: true, moz:accessibilityChecks: false, moz:buildID: 20241121140525, moz:geckodriverVersion: 0.35.0, moz:headless: false, moz:platformVersion: 10.0, moz:processID: 18504, moz:profile: C:\Users\OLVATI\AppData\Loc..., moz:shutdownTimeout: 60000, moz:webdriverClick: true, moz:windowless: false, pageLoadStrategy: normal, platform: WINDOWS, platformName: WINDOWS, proxy: Proxy(direct), setWindowRect: true, strictFileInteractability: false, timeouts: {implicit: 0, pageLoad: 300000, script: 30000}, unhandledPromptBehavior: dismiss and notify, userAgent: Mozilla/5.0 (Windows NT 10....}
Session ID: 63b5b0a1-7014-44b7-a029-1b966cadd98e
	at jdk.internal.reflect.GeneratedConstructorAccessor32.newInstance(Unknown Source)
	at java.base/jdk.internal.reflect.DelegatingConstructorAccessorImpl.newInstance(DelegatingConstructorAccessorImpl.java:45)
	at org.openqa.selenium.remote.http.W3CHttpResponseCodec.createException(W3CHttpResponseCodec.java:187)
	at org.openqa.selenium.remote.http.W3CHttpResponseCodec.decode(W3CHttpResponseCodec.java:122)
	at org.openqa.selenium.remote.http.W3CHttpResponseCodec.decode(W3CHttpResponseCodec.java:49)
	at org.openqa.selenium.remote.HttpCommandExecutor.execute(HttpCommandExecutor.java:158)
	at org.openqa.selenium.remote.service.DriverCommandExecutor.execute(DriverCommandExecutor.java:83)
	at org.openqa.selenium.remote.RemoteWebDriver.execute(RemoteWebDriver.java:552)
	at com.kms.katalon.selenium.driver.CFirefoxDriver.execute(CFirefoxDriver.java:28)
	at org.openqa.selenium.remote.RemoteWebElement.execute(RemoteWebElement.java:285)
	at org.openqa.selenium.remote.RemoteWebElement.click(RemoteWebElement.java:84)
	at jdk.internal.reflect.GeneratedMethodAccessor10.invoke(Unknown Source)
	at java.base/jdk.internal.reflect.DelegatingMethodAccessorImpl.invoke(DelegatingMethodAccessorImpl.java:43)
	at org.openqa.selenium.support.events.EventFiringWebDriver$EventFiringWebElement.lambda$new$0(EventFiringWebDriver.java:404)
	at jdk.proxy2/jdk.proxy2.$Proxy21.click(Unknown Source)
	at org.openqa.selenium.support.events.EventFiringWebDriver$EventFiringWebElement.click(EventFiringWebDriver.java:417)
	at org.openqa.selenium.WebElement$click.call(Unknown Source)
	at com.kms.katalon.core.webui.keyword.builtin.ClickKeyword.clickUntilSuccessWithTimeout(ClickKeyword.groovy:81)
	at com.kms.katalon.core.webui.keyword.builtin.ClickKeyword.clickUntilSuccessWithTimeout(ClickKeyword.groovy)
	at jdk.internal.reflect.GeneratedMethodAccessor8.invoke(Unknown Source)
	at java.base/jdk.internal.reflect.DelegatingMethodAccessorImpl.invoke(DelegatingMethodAccessorImpl.java:43)
	at com.kms.katalon.core.webui.keyword.builtin.ClickKeyword$_click_closure1.doCall(ClickKeyword.groovy:67)
	at com.kms.katalon.core.webui.keyword.builtin.ClickKeyword$_click_closure1.call(ClickKeyword.groovy)
	at com.kms.katalon.core.webui.keyword.internal.WebUIKeywordMain.runKeyword(WebUIKeywordMain.groovy:35)
	... 38 more
)]]></system-out>
         <system-err><![CDATA[27-11-2024T18:03:08 - [TEST_CASE][FAILED] - Test Cases/2.Positivos/2.2Sobre/Origen-Lima/2.Valorado/Entrega_Tienda/Restricion-tienda: Test Cases/2.Positivos/2.2Sobre/Origen-Lima/2.Valorado/Entrega_Tienda/Restricion-tienda FAILED.
Reason:
com.kms.katalon.core.exception.StepFailedException: Call Test Case 'Test Cases/1.Inicio/1.1Principal/Selec_sobre' failed
	at com.kms.katalon.core.keyword.builtin.CallTestCaseKeyword$_callTestCase_closure1.doCall(CallTestCaseKeyword.groovy:63)
	at com.kms.katalon.core.keyword.builtin.CallTestCaseKeyword$_callTestCase_closure1.call(CallTestCaseKeyword.groovy)
	at com.kms.katalon.core.keyword.internal.KeywordMain.runKeyword(KeywordMain.groovy:75)
	at com.kms.katalon.core.keyword.builtin.CallTestCaseKeyword.callTestCase(CallTestCaseKeyword.groovy:81)
	at com.kms.katalon.core.keyword.builtin.CallTestCaseKeyword.execute(CallTestCaseKeyword.groovy:44)
	at com.kms.katalon.core.keyword.internal.KeywordExecutor.executeKeywordForPlatform(KeywordExecutor.groovy:74)
	at com.kms.katalon.core.keyword.BuiltinKeywords.callTestCase(BuiltinKeywords.groovy:310)
	at jdk.internal.reflect.GeneratedMethodAccessor25.invoke(Unknown Source)
	at java.base/jdk.internal.reflect.DelegatingMethodAccessorImpl.invoke(DelegatingMethodAccessorImpl.java:43)
	at Restricion-tienda.run(Restricion-tienda:22)
	at com.kms.katalon.core.main.ScriptEngine.run(ScriptEngine.java:194)
	at com.kms.katalon.core.main.ScriptEngine.runScriptAsRawText(ScriptEngine.java:119)
	at com.kms.katalon.core.main.TestCaseExecutor.runScript(TestCaseExecutor.java:448)
	at com.kms.katalon.core.main.TestCaseExecutor.doExecute(TestCaseExecutor.java:439)
	at com.kms.katalon.core.main.TestCaseExecutor.processExecutionPhase(TestCaseExecutor.java:418)
	at com.kms.katalon.core.main.TestCaseExecutor.accessMainPhase(TestCaseExecutor.java:410)
	at com.kms.katalon.core.main.TestCaseExecutor.execute(TestCaseExecutor.java:285)
	at com.kms.katalon.core.common.CommonExecutor.accessTestCaseMainPhase(CommonExecutor.java:65)
	at com.kms.katalon.core.main.TestSuiteExecutor.accessTestSuiteMainPhase(TestSuiteExecutor.java:150)
	at com.kms.katalon.core.main.TestSuiteExecutor.execute(TestSuiteExecutor.java:106)
	at com.kms.katalon.core.main.TestCaseMain.startTestSuite(TestCaseMain.java:180)
	at TempTestSuite1732745349578.run(TempTestSuite1732745349578.groovy:35)
	at java.base/jdk.internal.reflect.NativeMethodAccessorImpl.invoke0(Native Method)
	at java.base/jdk.internal.reflect.NativeMethodAccessorImpl.invoke(NativeMethodAccessorImpl.java:77)
	at java.base/jdk.internal.reflect.DelegatingMethodAccessorImpl.invoke(DelegatingMethodAccessorImpl.java:43)
Caused by: com.kms.katalon.core.exception.StepFailedException: Unable to click on object 'Object Repository/Principal/Page_Olva Courier  Home/button_CONTINUAR (2)'
	at com.kms.katalon.core.webui.keyword.internal.WebUIKeywordMain.stepFailed(WebUIKeywordMain.groovy:117)
	at com.kms.katalon.core.webui.keyword.internal.WebUIKeywordMain.runKeyword(WebUIKeywordMain.groovy:43)
	at com.kms.katalon.core.webui.keyword.builtin.ClickKeyword.click(ClickKeyword.groovy:74)
	at com.kms.katalon.core.webui.keyword.builtin.ClickKeyword.execute(ClickKeyword.groovy:40)
	at com.kms.katalon.core.keyword.internal.KeywordExecutor.executeKeywordForPlatform(KeywordExecutor.groovy:74)
	at com.kms.katalon.core.webui.keyword.WebUiBuiltInKeywords.click(WebUiBuiltInKeywords.groovy:659)
	at Selec_sobre.run(Selec_sobre:24)
	at com.kms.katalon.core.main.ScriptEngine.run(ScriptEngine.java:194)
	at com.kms.katalon.core.main.ScriptEngine.runScriptAsRawText(ScriptEngine.java:119)
	at com.kms.katalon.core.main.TestCaseExecutor.runScript(TestCaseExecutor.java:448)
	at com.kms.katalon.core.main.TestCaseExecutor.doExecute(TestCaseExecutor.java:439)
	at com.kms.katalon.core.main.TestCaseExecutor.processExecutionPhase(TestCaseExecutor.java:418)
	at com.kms.katalon.core.main.TestCaseExecutor.accessMainPhase(TestCaseExecutor.java:410)
	at com.kms.katalon.core.main.TestCaseExecutor.execute(TestCaseExecutor.java:285)
	at com.kms.katalon.core.main.TestCaseMain.runTestCase(TestCaseMain.java:137)
	at com.kms.katalon.core.keyword.builtin.CallTestCaseKeyword$_callTestCase_closure1.doCall(CallTestCaseKeyword.groovy:59)
	... 24 more
Caused by: org.openqa.selenium.ElementClickInterceptedException: Element <button id="btn_aceptar_tipo_envio" class="btn disabled" type="button"> is not clickable at point (675,588) because another element <div class="modal-footer"> obscures it
Build info: version: '3.141.59', revision: 'unknown', time: 'unknown'
System info: host: 'DESKTOP-RGFFP9A', ip: '10.136.10.6', os.name: 'Windows 11', os.arch: 'amd64', os.version: '10.0', java.version: '17.0.7'
Driver info: com.kms.katalon.core.webui.driver.firefox.CGeckoDriver
Capabilities {acceptInsecureCerts: true, browserName: firefox, browserVersion: 133.0, javascriptEnabled: true, moz:accessibilityChecks: false, moz:buildID: 20241121140525, moz:geckodriverVersion: 0.35.0, moz:headless: false, moz:platformVersion: 10.0, moz:processID: 18504, moz:profile: C:\Users\OLVATI\AppData\Loc..., moz:shutdownTimeout: 60000, moz:webdriverClick: true, moz:windowless: false, pageLoadStrategy: normal, platform: WINDOWS, platformName: WINDOWS, proxy: Proxy(direct), setWindowRect: true, strictFileInteractability: false, timeouts: {implicit: 0, pageLoad: 300000, script: 30000}, unhandledPromptBehavior: dismiss and notify, userAgent: Mozilla/5.0 (Windows NT 10....}
Session ID: 63b5b0a1-7014-44b7-a029-1b966cadd98e
	at jdk.internal.reflect.GeneratedConstructorAccessor32.newInstance(Unknown Source)
	at java.base/jdk.internal.reflect.DelegatingConstructorAccessorImpl.newInstance(DelegatingConstructorAccessorImpl.java:45)
	at org.openqa.selenium.remote.http.W3CHttpResponseCodec.createException(W3CHttpResponseCodec.java:187)
	at org.openqa.selenium.remote.http.W3CHttpResponseCodec.decode(W3CHttpResponseCodec.java:122)
	at org.openqa.selenium.remote.http.W3CHttpResponseCodec.decode(W3CHttpResponseCodec.java:49)
	at org.openqa.selenium.remote.HttpCommandExecutor.execute(HttpCommandExecutor.java:158)
	at org.openqa.selenium.remote.service.DriverCommandExecutor.execute(DriverCommandExecutor.java:83)
	at org.openqa.selenium.remote.RemoteWebDriver.execute(RemoteWebDriver.java:552)
	at com.kms.katalon.selenium.driver.CFirefoxDriver.execute(CFirefoxDriver.java:28)
	at org.openqa.selenium.remote.RemoteWebElement.execute(RemoteWebElement.java:285)
	at org.openqa.selenium.remote.RemoteWebElement.click(RemoteWebElement.java:84)
	at jdk.internal.reflect.GeneratedMethodAccessor10.invoke(Unknown Source)
	at java.base/jdk.internal.reflect.DelegatingMethodAccessorImpl.invoke(DelegatingMethodAccessorImpl.java:43)
	at org.openqa.selenium.support.events.EventFiringWebDriver$EventFiringWebElement.lambda$new$0(EventFiringWebDriver.java:404)
	at jdk.proxy2/jdk.proxy2.$Proxy21.click(Unknown Source)
	at org.openqa.selenium.support.events.EventFiringWebDriver$EventFiringWebElement.click(EventFiringWebDriver.java:417)
	at org.openqa.selenium.WebElement$click.call(Unknown Source)
	at com.kms.katalon.core.webui.keyword.builtin.ClickKeyword.clickUntilSuccessWithTimeout(ClickKeyword.groovy:81)
	at com.kms.katalon.core.webui.keyword.builtin.ClickKeyword.clickUntilSuccessWithTimeout(ClickKeyword.groovy)
	at jdk.internal.reflect.GeneratedMethodAccessor8.invoke(Unknown Source)
	at java.base/jdk.internal.reflect.DelegatingMethodAccessorImpl.invoke(DelegatingMethodAccessorImpl.java:43)
	at com.kms.katalon.core.webui.keyword.builtin.ClickKeyword$_click_closure1.doCall(ClickKeyword.groovy:67)
	at com.kms.katalon.core.webui.keyword.builtin.ClickKeyword$_click_closure1.call(ClickKeyword.groovy)
	at com.kms.katalon.core.webui.keyword.internal.WebUIKeywordMain.runKeyword(WebUIKeywordMain.groovy:35)
	... 38 more]]></system-err>
      </testcase>
      <testcase name="Test Cases/2.Positivos/2.2Sobre/Origen-Lima/2.Valorado/Entrega_Domicilio/Valorado 501" time="58.955" classname="Test Cases/2.Positivos/2.2Sobre/Origen-Lima/2.Valorado/Entrega_Domicilio/Valorado 501" status="FAILED">
         <failure type="FAILED" message="Test Cases/2.Positivos/2.2Sobre/Origen-Lima/2.Valorado/Entrega_Domicilio/Valorado 501 FAILED.&#xa;Reason:&#xa;com.kms.katalon.core.exception.StepFailedException: Call Test Case 'Test Cases/1.Inicio/1.1Principal/Selec_sobre' failed&#xa;	at com.kms.katalon.core.keyword.builtin.CallTestCaseKeyword$_callTestCase_closure1.doCall(CallTestCaseKeyword.groovy:63)&#xa;	at com.kms.katalon.core.keyword.builtin.CallTestCaseKeyword$_callTestCase_closure1.call(CallTestCaseKeyword.groovy)&#xa;	at com.kms.katalon.core.keyword.internal.KeywordMain.runKeyword(KeywordMain.groovy:75)&#xa;	at com.kms.katalon.core.keyword.builtin.CallTestCaseKeyword.callTestCase(CallTestCaseKeyword.groovy:81)&#xa;	at com.kms.katalon.core.keyword.builtin.CallTestCaseKeyword.execute(CallTestCaseKeyword.groovy:44)&#xa;	at com.kms.katalon.core.keyword.internal.KeywordExecutor.executeKeywordForPlatform(KeywordExecutor.groovy:74)&#xa;	at com.kms.katalon.core.keyword.BuiltinKeywords.callTestCase(BuiltinKeywords.groovy:310)&#xa;	at jdk.internal.reflect.GeneratedMethodAccessor25.invoke(Unknown Source)&#xa;	at java.base/jdk.internal.reflect.DelegatingMethodAccessorImpl.invoke(DelegatingMethodAccessorImpl.java:43)&#xa;	at Valorado 501.run(Valorado 501:22)&#xa;	at com.kms.katalon.core.main.ScriptEngine.run(ScriptEngine.java:194)&#xa;	at com.kms.katalon.core.main.ScriptEngine.runScriptAsRawText(ScriptEngine.java:119)&#xa;	at com.kms.katalon.core.main.TestCaseExecutor.runScript(TestCaseExecutor.java:448)&#xa;	at com.kms.katalon.core.main.TestCaseExecutor.doExecute(TestCaseExecutor.java:439)&#xa;	at com.kms.katalon.core.main.TestCaseExecutor.processExecutionPhase(TestCaseExecutor.java:418)&#xa;	at com.kms.katalon.core.main.TestCaseExecutor.accessMainPhase(TestCaseExecutor.java:410)&#xa;	at com.kms.katalon.core.main.TestCaseExecutor.execute(TestCaseExecutor.java:285)&#xa;	at com.kms.katalon.core.common.CommonExecutor.accessTestCaseMainPhase(CommonExecutor.java:65)&#xa;	at com.kms.katalon.core.main.TestSuiteExecutor.accessTestSuiteMainPhase(TestSuiteExecutor.java:150)&#xa;	at com.kms.katalon.core.main.TestSuiteExecutor.execute(TestSuiteExecutor.java:106)&#xa;	at com.kms.katalon.core.main.TestCaseMain.startTestSuite(TestCaseMain.java:180)&#xa;	at TempTestSuite1732745349578.run(TempTestSuite1732745349578.groovy:35)&#xa;	at java.base/jdk.internal.reflect.NativeMethodAccessorImpl.invoke0(Native Method)&#xa;	at java.base/jdk.internal.reflect.NativeMethodAccessorImpl.invoke(NativeMethodAccessorImpl.java:77)&#xa;	at java.base/jdk.internal.reflect.DelegatingMethodAccessorImpl.invoke(DelegatingMethodAccessorImpl.java:43)&#xa;Caused by: com.kms.katalon.core.exception.StepFailedException: Unable to click on object 'Object Repository/Principal/Page_Olva Courier  Home/button_CONTINUAR (2)'&#xa;	at com.kms.katalon.core.webui.keyword.internal.WebUIKeywordMain.stepFailed(WebUIKeywordMain.groovy:117)&#xa;	at com.kms.katalon.core.webui.keyword.internal.WebUIKeywordMain.runKeyword(WebUIKeywordMain.groovy:43)&#xa;	at com.kms.katalon.core.webui.keyword.builtin.ClickKeyword.click(ClickKeyword.groovy:74)&#xa;	at com.kms.katalon.core.webui.keyword.builtin.ClickKeyword.execute(ClickKeyword.groovy:40)&#xa;	at com.kms.katalon.core.keyword.internal.KeywordExecutor.executeKeywordForPlatform(KeywordExecutor.groovy:74)&#xa;	at com.kms.katalon.core.webui.keyword.WebUiBuiltInKeywords.click(WebUiBuiltInKeywords.groovy:659)&#xa;	at Selec_sobre.run(Selec_sobre:24)&#xa;	at com.kms.katalon.core.main.ScriptEngine.run(ScriptEngine.java:194)&#xa;	at com.kms.katalon.core.main.ScriptEngine.runScriptAsRawText(ScriptEngine.java:119)&#xa;	at com.kms.katalon.core.main.TestCaseExecutor.runScript(TestCaseExecutor.java:448)&#xa;	at com.kms.katalon.core.main.TestCaseExecutor.doExecute(TestCaseExecutor.java:439)&#xa;	at com.kms.katalon.core.main.TestCaseExecutor.processExecutionPhase(TestCaseExecutor.java:418)&#xa;	at com.kms.katalon.core.main.TestCaseExecutor.accessMainPhase(TestCaseExecutor.java:410)&#xa;	at com.kms.katalon.core.main.TestCaseExecutor.execute(TestCaseExecutor.java:285)&#xa;	at com.kms.katalon.core.main.TestCaseMain.runTestCase(TestCaseMain.java:137)&#xa;	at com.kms.katalon.core.keyword.builtin.CallTestCaseKeyword$_callTestCase_closure1.doCall(CallTestCaseKeyword.groovy:59)&#xa;	... 24 more&#xa;Caused by: org.openqa.selenium.ElementClickInterceptedException: Element &lt;button id=&quot;btn_aceptar_tipo_envio&quot; class=&quot;btn disabled&quot; type=&quot;button&quot;> is not clickable at point (683,588) because another element &lt;form id=&quot;form_tipo_envio&quot; class=&quot;registr_form&quot; name=&quot;form_tipo_envio&quot;> obscures it&#xa;Build info: version: '3.141.59', revision: 'unknown', time: 'unknown'&#xa;System info: host: 'DESKTOP-RGFFP9A', ip: '10.136.10.6', os.name: 'Windows 11', os.arch: 'amd64', os.version: '10.0', java.version: '17.0.7'&#xa;Driver info: com.kms.katalon.core.webui.driver.firefox.CGeckoDriver&#xa;Capabilities {acceptInsecureCerts: true, browserName: firefox, browserVersion: 133.0, javascriptEnabled: true, moz:accessibilityChecks: false, moz:buildID: 20241121140525, moz:geckodriverVersion: 0.35.0, moz:headless: false, moz:platformVersion: 10.0, moz:processID: 37372, moz:profile: C:\Users\OLVATI\AppData\Loc..., moz:shutdownTimeout: 60000, moz:webdriverClick: true, moz:windowless: false, pageLoadStrategy: normal, platform: WINDOWS, platformName: WINDOWS, proxy: Proxy(direct), setWindowRect: true, strictFileInteractability: false, timeouts: {implicit: 0, pageLoad: 300000, script: 30000}, unhandledPromptBehavior: dismiss and notify, userAgent: Mozilla/5.0 (Windows NT 10....}&#xa;Session ID: 91762db3-87f1-477b-a5cb-1cc30aec4f56&#xa;	at jdk.internal.reflect.GeneratedConstructorAccessor32.newInstance(Unknown Source)&#xa;	at java.base/jdk.internal.reflect.DelegatingConstructorAccessorImpl.newInstance(DelegatingConstructorAccessorImpl.java:45)&#xa;	at org.openqa.selenium.remote.http.W3CHttpResponseCodec.createException(W3CHttpResponseCodec.java:187)&#xa;	at org.openqa.selenium.remote.http.W3CHttpResponseCodec.decode(W3CHttpResponseCodec.java:122)&#xa;	at org.openqa.selenium.remote.http.W3CHttpResponseCodec.decode(W3CHttpResponseCodec.java:49)&#xa;	at org.openqa.selenium.remote.HttpCommandExecutor.execute(HttpCommandExecutor.java:158)&#xa;	at org.openqa.selenium.remote.service.DriverCommandExecutor.execute(DriverCommandExecutor.java:83)&#xa;	at org.openqa.selenium.remote.RemoteWebDriver.execute(RemoteWebDriver.java:552)&#xa;	at com.kms.katalon.selenium.driver.CFirefoxDriver.execute(CFirefoxDriver.java:28)&#xa;	at org.openqa.selenium.remote.RemoteWebElement.execute(RemoteWebElement.java:285)&#xa;	at org.openqa.selenium.remote.RemoteWebElement.click(RemoteWebElement.java:84)&#xa;	at jdk.internal.reflect.GeneratedMethodAccessor10.invoke(Unknown Source)&#xa;	at java.base/jdk.internal.reflect.DelegatingMethodAccessorImpl.invoke(DelegatingMethodAccessorImpl.java:43)&#xa;	at org.openqa.selenium.support.events.EventFiringWebDriver$EventFiringWebElement.lambda$new$0(EventFiringWebDriver.java:404)&#xa;	at jdk.proxy2/jdk.proxy2.$Proxy21.click(Unknown Source)&#xa;	at org.openqa.selenium.support.events.EventFiringWebDriver$EventFiringWebElement.click(EventFiringWebDriver.java:417)&#xa;	at org.openqa.selenium.WebElement$click.call(Unknown Source)&#xa;	at com.kms.katalon.core.webui.keyword.builtin.ClickKeyword.clickUntilSuccessWithTimeout(ClickKeyword.groovy:81)&#xa;	at com.kms.katalon.core.webui.keyword.builtin.ClickKeyword.clickUntilSuccessWithTimeout(ClickKeyword.groovy)&#xa;	at jdk.internal.reflect.GeneratedMethodAccessor8.invoke(Unknown Source)&#xa;	at java.base/jdk.internal.reflect.DelegatingMethodAccessorImpl.invoke(DelegatingMethodAccessorImpl.java:43)&#xa;	at com.kms.katalon.core.webui.keyword.builtin.ClickKeyword$_click_closure1.doCall(ClickKeyword.groovy:67)&#xa;	at com.kms.katalon.core.webui.keyword.builtin.ClickKeyword$_click_closure1.call(ClickKeyword.groovy)&#xa;	at com.kms.katalon.core.webui.keyword.internal.WebUIKeywordMain.runKeyword(WebUIKeywordMain.groovy:35)&#xa;	... 38 more&#xa;"/>
         <system-out><![CDATA[27-11-2024T18:03:57 - [TEST_CASE][FAILED] - Test Cases/2.Positivos/2.2Sobre/Origen-Lima/2.Valorado/Entrega_Domicilio/Valorado 501: Test Cases/2.Positivos/2.2Sobre/Origen-Lima/2.Valorado/Entrega_Domicilio/Valorado 501 FAILED.
Reason:
com.kms.katalon.core.exception.StepFailedException: Call Test Case 'Test Cases/1.Inicio/1.1Principal/Selec_sobre' failed
	at com.kms.katalon.core.keyword.builtin.CallTestCaseKeyword$_callTestCase_closure1.doCall(CallTestCaseKeyword.groovy:63)
	at com.kms.katalon.core.keyword.builtin.CallTestCaseKeyword$_callTestCase_closure1.call(CallTestCaseKeyword.groovy)
	at com.kms.katalon.core.keyword.internal.KeywordMain.runKeyword(KeywordMain.groovy:75)
	at com.kms.katalon.core.keyword.builtin.CallTestCaseKeyword.callTestCase(CallTestCaseKeyword.groovy:81)
	at com.kms.katalon.core.keyword.builtin.CallTestCaseKeyword.execute(CallTestCaseKeyword.groovy:44)
	at com.kms.katalon.core.keyword.internal.KeywordExecutor.executeKeywordForPlatform(KeywordExecutor.groovy:74)
	at com.kms.katalon.core.keyword.BuiltinKeywords.callTestCase(BuiltinKeywords.groovy:310)
	at jdk.internal.reflect.GeneratedMethodAccessor25.invoke(Unknown Source)
	at java.base/jdk.internal.reflect.DelegatingMethodAccessorImpl.invoke(DelegatingMethodAccessorImpl.java:43)
	at Valorado 501.run(Valorado 501:22)
	at com.kms.katalon.core.main.ScriptEngine.run(ScriptEngine.java:194)
	at com.kms.katalon.core.main.ScriptEngine.runScriptAsRawText(ScriptEngine.java:119)
	at com.kms.katalon.core.main.TestCaseExecutor.runScript(TestCaseExecutor.java:448)
	at com.kms.katalon.core.main.TestCaseExecutor.doExecute(TestCaseExecutor.java:439)
	at com.kms.katalon.core.main.TestCaseExecutor.processExecutionPhase(TestCaseExecutor.java:418)
	at com.kms.katalon.core.main.TestCaseExecutor.accessMainPhase(TestCaseExecutor.java:410)
	at com.kms.katalon.core.main.TestCaseExecutor.execute(TestCaseExecutor.java:285)
	at com.kms.katalon.core.common.CommonExecutor.accessTestCaseMainPhase(CommonExecutor.java:65)
	at com.kms.katalon.core.main.TestSuiteExecutor.accessTestSuiteMainPhase(TestSuiteExecutor.java:150)
	at com.kms.katalon.core.main.TestSuiteExecutor.execute(TestSuiteExecutor.java:106)
	at com.kms.katalon.core.main.TestCaseMain.startTestSuite(TestCaseMain.java:180)
	at TempTestSuite1732745349578.run(TempTestSuite1732745349578.groovy:35)
	at java.base/jdk.internal.reflect.NativeMethodAccessorImpl.invoke0(Native Method)
	at java.base/jdk.internal.reflect.NativeMethodAccessorImpl.invoke(NativeMethodAccessorImpl.java:77)
	at java.base/jdk.internal.reflect.DelegatingMethodAccessorImpl.invoke(DelegatingMethodAccessorImpl.java:43)
Caused by: com.kms.katalon.core.exception.StepFailedException: Unable to click on object 'Object Repository/Principal/Page_Olva Courier  Home/button_CONTINUAR (2)'
	at com.kms.katalon.core.webui.keyword.internal.WebUIKeywordMain.stepFailed(WebUIKeywordMain.groovy:117)
	at com.kms.katalon.core.webui.keyword.internal.WebUIKeywordMain.runKeyword(WebUIKeywordMain.groovy:43)
	at com.kms.katalon.core.webui.keyword.builtin.ClickKeyword.click(ClickKeyword.groovy:74)
	at com.kms.katalon.core.webui.keyword.builtin.ClickKeyword.execute(ClickKeyword.groovy:40)
	at com.kms.katalon.core.keyword.internal.KeywordExecutor.executeKeywordForPlatform(KeywordExecutor.groovy:74)
	at com.kms.katalon.core.webui.keyword.WebUiBuiltInKeywords.click(WebUiBuiltInKeywords.groovy:659)
	at Selec_sobre.run(Selec_sobre:24)
	at com.kms.katalon.core.main.ScriptEngine.run(ScriptEngine.java:194)
	at com.kms.katalon.core.main.ScriptEngine.runScriptAsRawText(ScriptEngine.java:119)
	at com.kms.katalon.core.main.TestCaseExecutor.runScript(TestCaseExecutor.java:448)
	at com.kms.katalon.core.main.TestCaseExecutor.doExecute(TestCaseExecutor.java:439)
	at com.kms.katalon.core.main.TestCaseExecutor.processExecutionPhase(TestCaseExecutor.java:418)
	at com.kms.katalon.core.main.TestCaseExecutor.accessMainPhase(TestCaseExecutor.java:410)
	at com.kms.katalon.core.main.TestCaseExecutor.execute(TestCaseExecutor.java:285)
	at com.kms.katalon.core.main.TestCaseMain.runTestCase(TestCaseMain.java:137)
	at com.kms.katalon.core.keyword.builtin.CallTestCaseKeyword$_callTestCase_closure1.doCall(CallTestCaseKeyword.groovy:59)
	... 24 more
Caused by: org.openqa.selenium.ElementClickInterceptedException: Element <button id="btn_aceptar_tipo_envio" class="btn disabled" type="button"> is not clickable at point (683,588) because another element <form id="form_tipo_envio" class="registr_form" name="form_tipo_envio"> obscures it
Build info: version: '3.141.59', revision: 'unknown', time: 'unknown'
System info: host: 'DESKTOP-RGFFP9A', ip: '10.136.10.6', os.name: 'Windows 11', os.arch: 'amd64', os.version: '10.0', java.version: '17.0.7'
Driver info: com.kms.katalon.core.webui.driver.firefox.CGeckoDriver
Capabilities {acceptInsecureCerts: true, browserName: firefox, browserVersion: 133.0, javascriptEnabled: true, moz:accessibilityChecks: false, moz:buildID: 20241121140525, moz:geckodriverVersion: 0.35.0, moz:headless: false, moz:platformVersion: 10.0, moz:processID: 37372, moz:profile: C:\Users\OLVATI\AppData\Loc..., moz:shutdownTimeout: 60000, moz:webdriverClick: true, moz:windowless: false, pageLoadStrategy: normal, platform: WINDOWS, platformName: WINDOWS, proxy: Proxy(direct), setWindowRect: true, strictFileInteractability: false, timeouts: {implicit: 0, pageLoad: 300000, script: 30000}, unhandledPromptBehavior: dismiss and notify, userAgent: Mozilla/5.0 (Windows NT 10....}
Session ID: 91762db3-87f1-477b-a5cb-1cc30aec4f56
	at jdk.internal.reflect.GeneratedConstructorAccessor32.newInstance(Unknown Source)
	at java.base/jdk.internal.reflect.DelegatingConstructorAccessorImpl.newInstance(DelegatingConstructorAccessorImpl.java:45)
	at org.openqa.selenium.remote.http.W3CHttpResponseCodec.createException(W3CHttpResponseCodec.java:187)
	at org.openqa.selenium.remote.http.W3CHttpResponseCodec.decode(W3CHttpResponseCodec.java:122)
	at org.openqa.selenium.remote.http.W3CHttpResponseCodec.decode(W3CHttpResponseCodec.java:49)
	at org.openqa.selenium.remote.HttpCommandExecutor.execute(HttpCommandExecutor.java:158)
	at org.openqa.selenium.remote.service.DriverCommandExecutor.execute(DriverCommandExecutor.java:83)
	at org.openqa.selenium.remote.RemoteWebDriver.execute(RemoteWebDriver.java:552)
	at com.kms.katalon.selenium.driver.CFirefoxDriver.execute(CFirefoxDriver.java:28)
	at org.openqa.selenium.remote.RemoteWebElement.execute(RemoteWebElement.java:285)
	at org.openqa.selenium.remote.RemoteWebElement.click(RemoteWebElement.java:84)
	at jdk.internal.reflect.GeneratedMethodAccessor10.invoke(Unknown Source)
	at java.base/jdk.internal.reflect.DelegatingMethodAccessorImpl.invoke(DelegatingMethodAccessorImpl.java:43)
	at org.openqa.selenium.support.events.EventFiringWebDriver$EventFiringWebElement.lambda$new$0(EventFiringWebDriver.java:404)
	at jdk.proxy2/jdk.proxy2.$Proxy21.click(Unknown Source)
	at org.openqa.selenium.support.events.EventFiringWebDriver$EventFiringWebElement.click(EventFiringWebDriver.java:417)
	at org.openqa.selenium.WebElement$click.call(Unknown Source)
	at com.kms.katalon.core.webui.keyword.builtin.ClickKeyword.clickUntilSuccessWithTimeout(ClickKeyword.groovy:81)
	at com.kms.katalon.core.webui.keyword.builtin.ClickKeyword.clickUntilSuccessWithTimeout(ClickKeyword.groovy)
	at jdk.internal.reflect.GeneratedMethodAccessor8.invoke(Unknown Source)
	at java.base/jdk.internal.reflect.DelegatingMethodAccessorImpl.invoke(DelegatingMethodAccessorImpl.java:43)
	at com.kms.katalon.core.webui.keyword.builtin.ClickKeyword$_click_closure1.doCall(ClickKeyword.groovy:67)
	at com.kms.katalon.core.webui.keyword.builtin.ClickKeyword$_click_closure1.call(ClickKeyword.groovy)
	at com.kms.katalon.core.webui.keyword.internal.WebUIKeywordMain.runKeyword(WebUIKeywordMain.groovy:35)
	... 38 more


27-11-2024T18:03:58 - [TEST_STEP][PASSED] - callTestCase(findTestCase("1.Inicio/1.1Principal/Principal-home"), [:], STOP_ON_FAILURE): Call Test Case 'Test Cases/1.Inicio/1.1Principal/Principal-home' successfully

27-11-2024T18:03:58 - [TEST_CASE][PASSED] - Test Cases/1.Inicio/1.1Principal/Principal-home: Test Cases/1.Inicio/1.1Principal/Principal-home

27-11-2024T18:03:58 - [TEST_STEP][PASSED] - openBrowser(""): Browser is opened with url: ''

27-11-2024T18:03:58 - [MESSAGE][WARNING] - A browser is already opened. Closing browser and opening a new one

27-11-2024T18:04:00 - [MESSAGE][INFO] - Starting 'Firefox' driver

27-11-2024T18:04:00 - [MESSAGE][INFO] - Action delay is set to 0 milliseconds

27-11-2024T18:04:17 - [MESSAGE][PASSED] - Browser is opened with url: ''

27-11-2024T18:04:17 - [TEST_STEP][PASSED] - navigateToUrl("https://dev01-registrodeenvios.olvacourier.com/principal"): Navigate to 'https://dev01-registrodeenvios.olvacourier.com/principal' successfully

27-11-2024T18:04:20 - [MESSAGE][PASSED] - Navigate to 'https://dev01-registrodeenvios.olvacourier.com/principal' successfully

27-11-2024T18:04:20 - [TEST_STEP][PASSED] - maximizeWindow(): Current window maximized

27-11-2024T18:04:22 - [MESSAGE][PASSED] - Current window maximized

27-11-2024T18:04:22 - [MESSAGE][PASSED] - Call Test Case 'Test Cases/1.Inicio/1.1Principal/Principal-home' successfully

27-11-2024T18:04:22 - [TEST_STEP][FAILED] - callTestCase(findTestCase("1.Inicio/1.1Principal/Selec_sobre"), [:], STOP_ON_FAILURE): Unable to call Test Case 'Test Cases/1.Inicio/1.1Principal/Selec_sobre' (Root cause: com.kms.katalon.core.exception.StepFailedException: Call Test Case 'Test Cases/1.Inicio/1.1Principal/Selec_sobre' failed
	at com.kms.katalon.core.keyword.builtin.CallTestCaseKeyword$_callTestCase_closure1.doCall(CallTestCaseKeyword.groovy:63)
	at com.kms.katalon.core.keyword.builtin.CallTestCaseKeyword$_callTestCase_closure1.call(CallTestCaseKeyword.groovy)
	at com.kms.katalon.core.keyword.internal.KeywordMain.runKeyword(KeywordMain.groovy:75)
	at com.kms.katalon.core.keyword.builtin.CallTestCaseKeyword.callTestCase(CallTestCaseKeyword.groovy:81)
	at com.kms.katalon.core.keyword.builtin.CallTestCaseKeyword.execute(CallTestCaseKeyword.groovy:44)
	at com.kms.katalon.core.keyword.internal.KeywordExecutor.executeKeywordForPlatform(KeywordExecutor.groovy:74)
	at com.kms.katalon.core.keyword.BuiltinKeywords.callTestCase(BuiltinKeywords.groovy:310)
	at jdk.internal.reflect.GeneratedMethodAccessor25.invoke(Unknown Source)
	at java.base/jdk.internal.reflect.DelegatingMethodAccessorImpl.invoke(DelegatingMethodAccessorImpl.java:43)
	at Valorado 501.run(Valorado 501:22)
	at com.kms.katalon.core.main.ScriptEngine.run(ScriptEngine.java:194)
	at com.kms.katalon.core.main.ScriptEngine.runScriptAsRawText(ScriptEngine.java:119)
	at com.kms.katalon.core.main.TestCaseExecutor.runScript(TestCaseExecutor.java:448)
	at com.kms.katalon.core.main.TestCaseExecutor.doExecute(TestCaseExecutor.java:439)
	at com.kms.katalon.core.main.TestCaseExecutor.processExecutionPhase(TestCaseExecutor.java:418)
	at com.kms.katalon.core.main.TestCaseExecutor.accessMainPhase(TestCaseExecutor.java:410)
	at com.kms.katalon.core.main.TestCaseExecutor.execute(TestCaseExecutor.java:285)
	at com.kms.katalon.core.common.CommonExecutor.accessTestCaseMainPhase(CommonExecutor.java:65)
	at com.kms.katalon.core.main.TestSuiteExecutor.accessTestSuiteMainPhase(TestSuiteExecutor.java:150)
	at com.kms.katalon.core.main.TestSuiteExecutor.execute(TestSuiteExecutor.java:106)
	at com.kms.katalon.core.main.TestCaseMain.startTestSuite(TestCaseMain.java:180)
	at TempTestSuite1732745349578.run(TempTestSuite1732745349578.groovy:35)
	at java.base/jdk.internal.reflect.NativeMethodAccessorImpl.invoke0(Native Method)
	at java.base/jdk.internal.reflect.NativeMethodAccessorImpl.invoke(NativeMethodAccessorImpl.java:77)
	at java.base/jdk.internal.reflect.DelegatingMethodAccessorImpl.invoke(DelegatingMethodAccessorImpl.java:43)
Caused by: com.kms.katalon.core.exception.StepFailedException: Unable to click on object 'Object Repository/Principal/Page_Olva Courier  Home/button_CONTINUAR (2)'
	at com.kms.katalon.core.webui.keyword.internal.WebUIKeywordMain.stepFailed(WebUIKeywordMain.groovy:117)
	at com.kms.katalon.core.webui.keyword.internal.WebUIKeywordMain.runKeyword(WebUIKeywordMain.groovy:43)
	at com.kms.katalon.core.webui.keyword.builtin.ClickKeyword.click(ClickKeyword.groovy:74)
	at com.kms.katalon.core.webui.keyword.builtin.ClickKeyword.execute(ClickKeyword.groovy:40)
	at com.kms.katalon.core.keyword.internal.KeywordExecutor.executeKeywordForPlatform(KeywordExecutor.groovy:74)
	at com.kms.katalon.core.webui.keyword.WebUiBuiltInKeywords.click(WebUiBuiltInKeywords.groovy:659)
	at Selec_sobre.run(Selec_sobre:24)
	at com.kms.katalon.core.main.ScriptEngine.run(ScriptEngine.java:194)
	at com.kms.katalon.core.main.ScriptEngine.runScriptAsRawText(ScriptEngine.java:119)
	at com.kms.katalon.core.main.TestCaseExecutor.runScript(TestCaseExecutor.java:448)
	at com.kms.katalon.core.main.TestCaseExecutor.doExecute(TestCaseExecutor.java:439)
	at com.kms.katalon.core.main.TestCaseExecutor.processExecutionPhase(TestCaseExecutor.java:418)
	at com.kms.katalon.core.main.TestCaseExecutor.accessMainPhase(TestCaseExecutor.java:410)
	at com.kms.katalon.core.main.TestCaseExecutor.execute(TestCaseExecutor.java:285)
	at com.kms.katalon.core.main.TestCaseMain.runTestCase(TestCaseMain.java:137)
	at com.kms.katalon.core.keyword.builtin.CallTestCaseKeyword$_callTestCase_closure1.doCall(CallTestCaseKeyword.groovy:59)
	... 24 more
Caused by: org.openqa.selenium.ElementClickInterceptedException: Element <button id="btn_aceptar_tipo_envio" class="btn disabled" type="button"> is not clickable at point (683,588) because another element <form id="form_tipo_envio" class="registr_form" name="form_tipo_envio"> obscures it
Build info: version: '3.141.59', revision: 'unknown', time: 'unknown'
System info: host: 'DESKTOP-RGFFP9A', ip: '10.136.10.6', os.name: 'Windows 11', os.arch: 'amd64', os.version: '10.0', java.version: '17.0.7'
Driver info: com.kms.katalon.core.webui.driver.firefox.CGeckoDriver
Capabilities {acceptInsecureCerts: true, browserName: firefox, browserVersion: 133.0, javascriptEnabled: true, moz:accessibilityChecks: false, moz:buildID: 20241121140525, moz:geckodriverVersion: 0.35.0, moz:headless: false, moz:platformVersion: 10.0, moz:processID: 37372, moz:profile: C:\Users\OLVATI\AppData\Loc..., moz:shutdownTimeout: 60000, moz:webdriverClick: true, moz:windowless: false, pageLoadStrategy: normal, platform: WINDOWS, platformName: WINDOWS, proxy: Proxy(direct), setWindowRect: true, strictFileInteractability: false, timeouts: {implicit: 0, pageLoad: 300000, script: 30000}, unhandledPromptBehavior: dismiss and notify, userAgent: Mozilla/5.0 (Windows NT 10....}
Session ID: 91762db3-87f1-477b-a5cb-1cc30aec4f56
	at jdk.internal.reflect.GeneratedConstructorAccessor32.newInstance(Unknown Source)
	at java.base/jdk.internal.reflect.DelegatingConstructorAccessorImpl.newInstance(DelegatingConstructorAccessorImpl.java:45)
	at org.openqa.selenium.remote.http.W3CHttpResponseCodec.createException(W3CHttpResponseCodec.java:187)
	at org.openqa.selenium.remote.http.W3CHttpResponseCodec.decode(W3CHttpResponseCodec.java:122)
	at org.openqa.selenium.remote.http.W3CHttpResponseCodec.decode(W3CHttpResponseCodec.java:49)
	at org.openqa.selenium.remote.HttpCommandExecutor.execute(HttpCommandExecutor.java:158)
	at org.openqa.selenium.remote.service.DriverCommandExecutor.execute(DriverCommandExecutor.java:83)
	at org.openqa.selenium.remote.RemoteWebDriver.execute(RemoteWebDriver.java:552)
	at com.kms.katalon.selenium.driver.CFirefoxDriver.execute(CFirefoxDriver.java:28)
	at org.openqa.selenium.remote.RemoteWebElement.execute(RemoteWebElement.java:285)
	at org.openqa.selenium.remote.RemoteWebElement.click(RemoteWebElement.java:84)
	at jdk.internal.reflect.GeneratedMethodAccessor10.invoke(Unknown Source)
	at java.base/jdk.internal.reflect.DelegatingMethodAccessorImpl.invoke(DelegatingMethodAccessorImpl.java:43)
	at org.openqa.selenium.support.events.EventFiringWebDriver$EventFiringWebElement.lambda$new$0(EventFiringWebDriver.java:404)
	at jdk.proxy2/jdk.proxy2.$Proxy21.click(Unknown Source)
	at org.openqa.selenium.support.events.EventFiringWebDriver$EventFiringWebElement.click(EventFiringWebDriver.java:417)
	at org.openqa.selenium.WebElement$click.call(Unknown Source)
	at com.kms.katalon.core.webui.keyword.builtin.ClickKeyword.clickUntilSuccessWithTimeout(ClickKeyword.groovy:81)
	at com.kms.katalon.core.webui.keyword.builtin.ClickKeyword.clickUntilSuccessWithTimeout(ClickKeyword.groovy)
	at jdk.internal.reflect.GeneratedMethodAccessor8.invoke(Unknown Source)
	at java.base/jdk.internal.reflect.DelegatingMethodAccessorImpl.invoke(DelegatingMethodAccessorImpl.java:43)
	at com.kms.katalon.core.webui.keyword.builtin.ClickKeyword$_click_closure1.doCall(ClickKeyword.groovy:67)
	at com.kms.katalon.core.webui.keyword.builtin.ClickKeyword$_click_closure1.call(ClickKeyword.groovy)
	at com.kms.katalon.core.webui.keyword.internal.WebUIKeywordMain.runKeyword(WebUIKeywordMain.groovy:35)
	... 38 more
)

27-11-2024T18:04:22 - [TEST_CASE][FAILED] - Test Cases/1.Inicio/1.1Principal/Selec_sobre: Test Cases/1.Inicio/1.1Principal/Selec_sobre FAILED.
Reason:
com.kms.katalon.core.exception.StepFailedException: Unable to click on object 'Object Repository/Principal/Page_Olva Courier  Home/button_CONTINUAR (2)'
	at com.kms.katalon.core.webui.keyword.internal.WebUIKeywordMain.stepFailed(WebUIKeywordMain.groovy:117)
	at com.kms.katalon.core.webui.keyword.internal.WebUIKeywordMain.runKeyword(WebUIKeywordMain.groovy:43)
	at com.kms.katalon.core.webui.keyword.builtin.ClickKeyword.click(ClickKeyword.groovy:74)
	at com.kms.katalon.core.webui.keyword.builtin.ClickKeyword.execute(ClickKeyword.groovy:40)
	at com.kms.katalon.core.keyword.internal.KeywordExecutor.executeKeywordForPlatform(KeywordExecutor.groovy:74)
	at com.kms.katalon.core.webui.keyword.WebUiBuiltInKeywords.click(WebUiBuiltInKeywords.groovy:659)
	at Selec_sobre.run(Selec_sobre:24)
	at com.kms.katalon.core.main.ScriptEngine.run(ScriptEngine.java:194)
	at com.kms.katalon.core.main.ScriptEngine.runScriptAsRawText(ScriptEngine.java:119)
	at com.kms.katalon.core.main.TestCaseExecutor.runScript(TestCaseExecutor.java:448)
	at com.kms.katalon.core.main.TestCaseExecutor.doExecute(TestCaseExecutor.java:439)
	at com.kms.katalon.core.main.TestCaseExecutor.processExecutionPhase(TestCaseExecutor.java:418)
	at com.kms.katalon.core.main.TestCaseExecutor.accessMainPhase(TestCaseExecutor.java:410)
	at com.kms.katalon.core.main.TestCaseExecutor.execute(TestCaseExecutor.java:285)
	at com.kms.katalon.core.main.TestCaseMain.runTestCase(TestCaseMain.java:137)
	at com.kms.katalon.core.keyword.builtin.CallTestCaseKeyword$_callTestCase_closure1.doCall(CallTestCaseKeyword.groovy:59)
	at com.kms.katalon.core.keyword.builtin.CallTestCaseKeyword$_callTestCase_closure1.call(CallTestCaseKeyword.groovy)
	at com.kms.katalon.core.keyword.internal.KeywordMain.runKeyword(KeywordMain.groovy:75)
	at com.kms.katalon.core.keyword.builtin.CallTestCaseKeyword.callTestCase(CallTestCaseKeyword.groovy:81)
	at com.kms.katalon.core.keyword.builtin.CallTestCaseKeyword.execute(CallTestCaseKeyword.groovy:44)
	at com.kms.katalon.core.keyword.internal.KeywordExecutor.executeKeywordForPlatform(KeywordExecutor.groovy:74)
	at com.kms.katalon.core.keyword.BuiltinKeywords.callTestCase(BuiltinKeywords.groovy:310)
	at jdk.internal.reflect.GeneratedMethodAccessor25.invoke(Unknown Source)
	at java.base/jdk.internal.reflect.DelegatingMethodAccessorImpl.invoke(DelegatingMethodAccessorImpl.java:43)
	at Valorado 501.run(Valorado 501:22)
	at com.kms.katalon.core.main.ScriptEngine.run(ScriptEngine.java:194)
	at com.kms.katalon.core.main.ScriptEngine.runScriptAsRawText(ScriptEngine.java:119)
	at com.kms.katalon.core.main.TestCaseExecutor.runScript(TestCaseExecutor.java:448)
	at com.kms.katalon.core.main.TestCaseExecutor.doExecute(TestCaseExecutor.java:439)
	at com.kms.katalon.core.main.TestCaseExecutor.processExecutionPhase(TestCaseExecutor.java:418)
	at com.kms.katalon.core.main.TestCaseExecutor.accessMainPhase(TestCaseExecutor.java:410)
	at com.kms.katalon.core.main.TestCaseExecutor.execute(TestCaseExecutor.java:285)
	at com.kms.katalon.core.common.CommonExecutor.accessTestCaseMainPhase(CommonExecutor.java:65)
	at com.kms.katalon.core.main.TestSuiteExecutor.accessTestSuiteMainPhase(TestSuiteExecutor.java:150)
	at com.kms.katalon.core.main.TestSuiteExecutor.execute(TestSuiteExecutor.java:106)
	at com.kms.katalon.core.main.TestCaseMain.startTestSuite(TestCaseMain.java:180)
	at TempTestSuite1732745349578.run(TempTestSuite1732745349578.groovy:35)
	at java.base/jdk.internal.reflect.NativeMethodAccessorImpl.invoke0(Native Method)
	at java.base/jdk.internal.reflect.NativeMethodAccessorImpl.invoke(NativeMethodAccessorImpl.java:77)
	at java.base/jdk.internal.reflect.DelegatingMethodAccessorImpl.invoke(DelegatingMethodAccessorImpl.java:43)
Caused by: org.openqa.selenium.ElementClickInterceptedException: Element <button id="btn_aceptar_tipo_envio" class="btn disabled" type="button"> is not clickable at point (683,588) because another element <form id="form_tipo_envio" class="registr_form" name="form_tipo_envio"> obscures it
Build info: version: '3.141.59', revision: 'unknown', time: 'unknown'
System info: host: 'DESKTOP-RGFFP9A', ip: '10.136.10.6', os.name: 'Windows 11', os.arch: 'amd64', os.version: '10.0', java.version: '17.0.7'
Driver info: com.kms.katalon.core.webui.driver.firefox.CGeckoDriver
Capabilities {acceptInsecureCerts: true, browserName: firefox, browserVersion: 133.0, javascriptEnabled: true, moz:accessibilityChecks: false, moz:buildID: 20241121140525, moz:geckodriverVersion: 0.35.0, moz:headless: false, moz:platformVersion: 10.0, moz:processID: 37372, moz:profile: C:\Users\OLVATI\AppData\Loc..., moz:shutdownTimeout: 60000, moz:webdriverClick: true, moz:windowless: false, pageLoadStrategy: normal, platform: WINDOWS, platformName: WINDOWS, proxy: Proxy(direct), setWindowRect: true, strictFileInteractability: false, timeouts: {implicit: 0, pageLoad: 300000, script: 30000}, unhandledPromptBehavior: dismiss and notify, userAgent: Mozilla/5.0 (Windows NT 10....}
Session ID: 91762db3-87f1-477b-a5cb-1cc30aec4f56
	at jdk.internal.reflect.GeneratedConstructorAccessor32.newInstance(Unknown Source)
	at java.base/jdk.internal.reflect.DelegatingConstructorAccessorImpl.newInstance(DelegatingConstructorAccessorImpl.java:45)
	at org.openqa.selenium.remote.http.W3CHttpResponseCodec.createException(W3CHttpResponseCodec.java:187)
	at org.openqa.selenium.remote.http.W3CHttpResponseCodec.decode(W3CHttpResponseCodec.java:122)
	at org.openqa.selenium.remote.http.W3CHttpResponseCodec.decode(W3CHttpResponseCodec.java:49)
	at org.openqa.selenium.remote.HttpCommandExecutor.execute(HttpCommandExecutor.java:158)
	at org.openqa.selenium.remote.service.DriverCommandExecutor.execute(DriverCommandExecutor.java:83)
	at org.openqa.selenium.remote.RemoteWebDriver.execute(RemoteWebDriver.java:552)
	at com.kms.katalon.selenium.driver.CFirefoxDriver.execute(CFirefoxDriver.java:28)
	at org.openqa.selenium.remote.RemoteWebElement.execute(RemoteWebElement.java:285)
	at org.openqa.selenium.remote.RemoteWebElement.click(RemoteWebElement.java:84)
	at jdk.internal.reflect.GeneratedMethodAccessor10.invoke(Unknown Source)
	at java.base/jdk.internal.reflect.DelegatingMethodAccessorImpl.invoke(DelegatingMethodAccessorImpl.java:43)
	at org.openqa.selenium.support.events.EventFiringWebDriver$EventFiringWebElement.lambda$new$0(EventFiringWebDriver.java:404)
	at jdk.proxy2/jdk.proxy2.$Proxy21.click(Unknown Source)
	at org.openqa.selenium.support.events.EventFiringWebDriver$EventFiringWebElement.click(EventFiringWebDriver.java:417)
	at org.openqa.selenium.WebElement$click.call(Unknown Source)
	at com.kms.katalon.core.webui.keyword.builtin.ClickKeyword.clickUntilSuccessWithTimeout(ClickKeyword.groovy:81)
	at com.kms.katalon.core.webui.keyword.builtin.ClickKeyword.clickUntilSuccessWithTimeout(ClickKeyword.groovy)
	at jdk.internal.reflect.GeneratedMethodAccessor8.invoke(Unknown Source)
	at java.base/jdk.internal.reflect.DelegatingMethodAccessorImpl.invoke(DelegatingMethodAccessorImpl.java:43)
	at com.kms.katalon.core.webui.keyword.builtin.ClickKeyword$_click_closure1.doCall(ClickKeyword.groovy:67)
	at com.kms.katalon.core.webui.keyword.builtin.ClickKeyword$_click_closure1.call(ClickKeyword.groovy)
	at com.kms.katalon.core.webui.keyword.internal.WebUIKeywordMain.runKeyword(WebUIKeywordMain.groovy:35)
	... 38 more


27-11-2024T18:04:22 - [TEST_STEP][PASSED] - click(findTestObject("Object Repository/Principal/Page_Olva Courier  Home/img_Envo de cajas o paquetescon un peso mxi_37770f")): Object: 'Object Repository/Principal/Page_Olva Courier  Home/img_Envo de cajas o paquetescon un peso mxi_37770f' is clicked on

27-11-2024T18:04:23 - [MESSAGE][PASSED] - Object: 'Object Repository/Principal/Page_Olva Courier  Home/img_Envo de cajas o paquetescon un peso mxi_37770f' is clicked on

27-11-2024T18:04:23 - [TEST_STEP][PASSED] - click(findTestObject("Object Repository/Principal/Page_Olva Courier  Home/label_He ledo y acepto los trminos de uso y_adab65")): Object: 'Object Repository/Principal/Page_Olva Courier  Home/label_He ledo y acepto los trminos de uso y_adab65' is clicked on

27-11-2024T18:04:24 - [MESSAGE][PASSED] - Object: 'Object Repository/Principal/Page_Olva Courier  Home/label_He ledo y acepto los trminos de uso y_adab65' is clicked on

27-11-2024T18:04:24 - [TEST_STEP][FAILED] - click(findTestObject("Object Repository/Principal/Page_Olva Courier  Home/button_CONTINUAR (2)")): Unable to click on object 'Object Repository/Principal/Page_Olva Courier  Home/button_CONTINUAR (2)' (Root cause: com.kms.katalon.core.exception.StepFailedException: Unable to click on object 'Object Repository/Principal/Page_Olva Courier  Home/button_CONTINUAR (2)'
	at com.kms.katalon.core.webui.keyword.internal.WebUIKeywordMain.stepFailed(WebUIKeywordMain.groovy:117)
	at com.kms.katalon.core.webui.keyword.internal.WebUIKeywordMain.runKeyword(WebUIKeywordMain.groovy:43)
	at com.kms.katalon.core.webui.keyword.builtin.ClickKeyword.click(ClickKeyword.groovy:74)
	at com.kms.katalon.core.webui.keyword.builtin.ClickKeyword.execute(ClickKeyword.groovy:40)
	at com.kms.katalon.core.keyword.internal.KeywordExecutor.executeKeywordForPlatform(KeywordExecutor.groovy:74)
	at com.kms.katalon.core.webui.keyword.WebUiBuiltInKeywords.click(WebUiBuiltInKeywords.groovy:659)
	at Selec_sobre.run(Selec_sobre:24)
	at com.kms.katalon.core.main.ScriptEngine.run(ScriptEngine.java:194)
	at com.kms.katalon.core.main.ScriptEngine.runScriptAsRawText(ScriptEngine.java:119)
	at com.kms.katalon.core.main.TestCaseExecutor.runScript(TestCaseExecutor.java:448)
	at com.kms.katalon.core.main.TestCaseExecutor.doExecute(TestCaseExecutor.java:439)
	at com.kms.katalon.core.main.TestCaseExecutor.processExecutionPhase(TestCaseExecutor.java:418)
	at com.kms.katalon.core.main.TestCaseExecutor.accessMainPhase(TestCaseExecutor.java:410)
	at com.kms.katalon.core.main.TestCaseExecutor.execute(TestCaseExecutor.java:285)
	at com.kms.katalon.core.main.TestCaseMain.runTestCase(TestCaseMain.java:137)
	at com.kms.katalon.core.keyword.builtin.CallTestCaseKeyword$_callTestCase_closure1.doCall(CallTestCaseKeyword.groovy:59)
	at com.kms.katalon.core.keyword.builtin.CallTestCaseKeyword$_callTestCase_closure1.call(CallTestCaseKeyword.groovy)
	at com.kms.katalon.core.keyword.internal.KeywordMain.runKeyword(KeywordMain.groovy:75)
	at com.kms.katalon.core.keyword.builtin.CallTestCaseKeyword.callTestCase(CallTestCaseKeyword.groovy:81)
	at com.kms.katalon.core.keyword.builtin.CallTestCaseKeyword.execute(CallTestCaseKeyword.groovy:44)
	at com.kms.katalon.core.keyword.internal.KeywordExecutor.executeKeywordForPlatform(KeywordExecutor.groovy:74)
	at com.kms.katalon.core.keyword.BuiltinKeywords.callTestCase(BuiltinKeywords.groovy:310)
	at jdk.internal.reflect.GeneratedMethodAccessor25.invoke(Unknown Source)
	at java.base/jdk.internal.reflect.DelegatingMethodAccessorImpl.invoke(DelegatingMethodAccessorImpl.java:43)
	at Valorado 501.run(Valorado 501:22)
	at com.kms.katalon.core.main.ScriptEngine.run(ScriptEngine.java:194)
	at com.kms.katalon.core.main.ScriptEngine.runScriptAsRawText(ScriptEngine.java:119)
	at com.kms.katalon.core.main.TestCaseExecutor.runScript(TestCaseExecutor.java:448)
	at com.kms.katalon.core.main.TestCaseExecutor.doExecute(TestCaseExecutor.java:439)
	at com.kms.katalon.core.main.TestCaseExecutor.processExecutionPhase(TestCaseExecutor.java:418)
	at com.kms.katalon.core.main.TestCaseExecutor.accessMainPhase(TestCaseExecutor.java:410)
	at com.kms.katalon.core.main.TestCaseExecutor.execute(TestCaseExecutor.java:285)
	at com.kms.katalon.core.common.CommonExecutor.accessTestCaseMainPhase(CommonExecutor.java:65)
	at com.kms.katalon.core.main.TestSuiteExecutor.accessTestSuiteMainPhase(TestSuiteExecutor.java:150)
	at com.kms.katalon.core.main.TestSuiteExecutor.execute(TestSuiteExecutor.java:106)
	at com.kms.katalon.core.main.TestCaseMain.startTestSuite(TestCaseMain.java:180)
	at TempTestSuite1732745349578.run(TempTestSuite1732745349578.groovy:35)
	at java.base/jdk.internal.reflect.NativeMethodAccessorImpl.invoke0(Native Method)
	at java.base/jdk.internal.reflect.NativeMethodAccessorImpl.invoke(NativeMethodAccessorImpl.java:77)
	at java.base/jdk.internal.reflect.DelegatingMethodAccessorImpl.invoke(DelegatingMethodAccessorImpl.java:43)
Caused by: org.openqa.selenium.ElementClickInterceptedException: Element <button id="btn_aceptar_tipo_envio" class="btn disabled" type="button"> is not clickable at point (683,588) because another element <form id="form_tipo_envio" class="registr_form" name="form_tipo_envio"> obscures it
Build info: version: '3.141.59', revision: 'unknown', time: 'unknown'
System info: host: 'DESKTOP-RGFFP9A', ip: '10.136.10.6', os.name: 'Windows 11', os.arch: 'amd64', os.version: '10.0', java.version: '17.0.7'
Driver info: com.kms.katalon.core.webui.driver.firefox.CGeckoDriver
Capabilities {acceptInsecureCerts: true, browserName: firefox, browserVersion: 133.0, javascriptEnabled: true, moz:accessibilityChecks: false, moz:buildID: 20241121140525, moz:geckodriverVersion: 0.35.0, moz:headless: false, moz:platformVersion: 10.0, moz:processID: 37372, moz:profile: C:\Users\OLVATI\AppData\Loc..., moz:shutdownTimeout: 60000, moz:webdriverClick: true, moz:windowless: false, pageLoadStrategy: normal, platform: WINDOWS, platformName: WINDOWS, proxy: Proxy(direct), setWindowRect: true, strictFileInteractability: false, timeouts: {implicit: 0, pageLoad: 300000, script: 30000}, unhandledPromptBehavior: dismiss and notify, userAgent: Mozilla/5.0 (Windows NT 10....}
Session ID: 91762db3-87f1-477b-a5cb-1cc30aec4f56
	at jdk.internal.reflect.GeneratedConstructorAccessor32.newInstance(Unknown Source)
	at java.base/jdk.internal.reflect.DelegatingConstructorAccessorImpl.newInstance(DelegatingConstructorAccessorImpl.java:45)
	at org.openqa.selenium.remote.http.W3CHttpResponseCodec.createException(W3CHttpResponseCodec.java:187)
	at org.openqa.selenium.remote.http.W3CHttpResponseCodec.decode(W3CHttpResponseCodec.java:122)
	at org.openqa.selenium.remote.http.W3CHttpResponseCodec.decode(W3CHttpResponseCodec.java:49)
	at org.openqa.selenium.remote.HttpCommandExecutor.execute(HttpCommandExecutor.java:158)
	at org.openqa.selenium.remote.service.DriverCommandExecutor.execute(DriverCommandExecutor.java:83)
	at org.openqa.selenium.remote.RemoteWebDriver.execute(RemoteWebDriver.java:552)
	at com.kms.katalon.selenium.driver.CFirefoxDriver.execute(CFirefoxDriver.java:28)
	at org.openqa.selenium.remote.RemoteWebElement.execute(RemoteWebElement.java:285)
	at org.openqa.selenium.remote.RemoteWebElement.click(RemoteWebElement.java:84)
	at jdk.internal.reflect.GeneratedMethodAccessor10.invoke(Unknown Source)
	at java.base/jdk.internal.reflect.DelegatingMethodAccessorImpl.invoke(DelegatingMethodAccessorImpl.java:43)
	at org.openqa.selenium.support.events.EventFiringWebDriver$EventFiringWebElement.lambda$new$0(EventFiringWebDriver.java:404)
	at jdk.proxy2/jdk.proxy2.$Proxy21.click(Unknown Source)
	at org.openqa.selenium.support.events.EventFiringWebDriver$EventFiringWebElement.click(EventFiringWebDriver.java:417)
	at org.openqa.selenium.WebElement$click.call(Unknown Source)
	at com.kms.katalon.core.webui.keyword.builtin.ClickKeyword.clickUntilSuccessWithTimeout(ClickKeyword.groovy:81)
	at com.kms.katalon.core.webui.keyword.builtin.ClickKeyword.clickUntilSuccessWithTimeout(ClickKeyword.groovy)
	at jdk.internal.reflect.GeneratedMethodAccessor8.invoke(Unknown Source)
	at java.base/jdk.internal.reflect.DelegatingMethodAccessorImpl.invoke(DelegatingMethodAccessorImpl.java:43)
	at com.kms.katalon.core.webui.keyword.builtin.ClickKeyword$_click_closure1.doCall(ClickKeyword.groovy:67)
	at com.kms.katalon.core.webui.keyword.builtin.ClickKeyword$_click_closure1.call(ClickKeyword.groovy)
	at com.kms.katalon.core.webui.keyword.internal.WebUIKeywordMain.runKeyword(WebUIKeywordMain.groovy:35)
	at com.kms.katalon.core.webui.keyword.builtin.ClickKeyword.click(ClickKeyword.groovy:74)
	at com.kms.katalon.core.webui.keyword.builtin.ClickKeyword.execute(ClickKeyword.groovy:40)
	at com.kms.katalon.core.keyword.internal.KeywordExecutor.executeKeywordForPlatform(KeywordExecutor.groovy:74)
	at com.kms.katalon.core.webui.keyword.WebUiBuiltInKeywords.click(WebUiBuiltInKeywords.groovy:659)
	at Script1732083570761.run(Script1732083570761.groovy:24)
	at com.kms.katalon.core.main.ScriptEngine.run(ScriptEngine.java:194)
	at com.kms.katalon.core.main.ScriptEngine.runScriptAsRawText(ScriptEngine.java:119)
	at com.kms.katalon.core.main.TestCaseExecutor.runScript(TestCaseExecutor.java:448)
	at com.kms.katalon.core.main.TestCaseExecutor.doExecute(TestCaseExecutor.java:439)
	at com.kms.katalon.core.main.TestCaseExecutor.processExecutionPhase(TestCaseExecutor.java:418)
	at com.kms.katalon.core.main.TestCaseExecutor.accessMainPhase(TestCaseExecutor.java:410)
	at com.kms.katalon.core.main.TestCaseExecutor.execute(TestCaseExecutor.java:285)
	at com.kms.katalon.core.main.TestCaseMain.runTestCase(TestCaseMain.java:137)
	at com.kms.katalon.core.keyword.builtin.CallTestCaseKeyword$_callTestCase_closure1.doCall(CallTestCaseKeyword.groovy:59)
	at com.kms.katalon.core.keyword.builtin.CallTestCaseKeyword$_callTestCase_closure1.call(CallTestCaseKeyword.groovy)
	at com.kms.katalon.core.keyword.internal.KeywordMain.runKeyword(KeywordMain.groovy:75)
	at com.kms.katalon.core.keyword.builtin.CallTestCaseKeyword.callTestCase(CallTestCaseKeyword.groovy:81)
	at com.kms.katalon.core.keyword.builtin.CallTestCaseKeyword.execute(CallTestCaseKeyword.groovy:44)
	at com.kms.katalon.core.keyword.internal.KeywordExecutor.executeKeywordForPlatform(KeywordExecutor.groovy:74)
	at com.kms.katalon.core.keyword.BuiltinKeywords.callTestCase(BuiltinKeywords.groovy:310)
	at jdk.internal.reflect.GeneratedMethodAccessor25.invoke(Unknown Source)
	at java.base/jdk.internal.reflect.DelegatingMethodAccessorImpl.invoke(DelegatingMethodAccessorImpl.java:43)
	at Script1732341471704.run(Script1732341471704.groovy:22)
	... 15 more
)

27-11-2024T18:04:56 - [MESSAGE][FAILED] - Unable to click on object 'Object Repository/Principal/Page_Olva Courier  Home/button_CONTINUAR (2)' (Root cause: com.kms.katalon.core.exception.StepFailedException: Unable to click on object 'Object Repository/Principal/Page_Olva Courier  Home/button_CONTINUAR (2)'
	at com.kms.katalon.core.webui.keyword.internal.WebUIKeywordMain.stepFailed(WebUIKeywordMain.groovy:117)
	at com.kms.katalon.core.webui.keyword.internal.WebUIKeywordMain.runKeyword(WebUIKeywordMain.groovy:43)
	at com.kms.katalon.core.webui.keyword.builtin.ClickKeyword.click(ClickKeyword.groovy:74)
	at com.kms.katalon.core.webui.keyword.builtin.ClickKeyword.execute(ClickKeyword.groovy:40)
	at com.kms.katalon.core.keyword.internal.KeywordExecutor.executeKeywordForPlatform(KeywordExecutor.groovy:74)
	at com.kms.katalon.core.webui.keyword.WebUiBuiltInKeywords.click(WebUiBuiltInKeywords.groovy:659)
	at Selec_sobre.run(Selec_sobre:24)
	at com.kms.katalon.core.main.ScriptEngine.run(ScriptEngine.java:194)
	at com.kms.katalon.core.main.ScriptEngine.runScriptAsRawText(ScriptEngine.java:119)
	at com.kms.katalon.core.main.TestCaseExecutor.runScript(TestCaseExecutor.java:448)
	at com.kms.katalon.core.main.TestCaseExecutor.doExecute(TestCaseExecutor.java:439)
	at com.kms.katalon.core.main.TestCaseExecutor.processExecutionPhase(TestCaseExecutor.java:418)
	at com.kms.katalon.core.main.TestCaseExecutor.accessMainPhase(TestCaseExecutor.java:410)
	at com.kms.katalon.core.main.TestCaseExecutor.execute(TestCaseExecutor.java:285)
	at com.kms.katalon.core.main.TestCaseMain.runTestCase(TestCaseMain.java:137)
	at com.kms.katalon.core.keyword.builtin.CallTestCaseKeyword$_callTestCase_closure1.doCall(CallTestCaseKeyword.groovy:59)
	at com.kms.katalon.core.keyword.builtin.CallTestCaseKeyword$_callTestCase_closure1.call(CallTestCaseKeyword.groovy)
	at com.kms.katalon.core.keyword.internal.KeywordMain.runKeyword(KeywordMain.groovy:75)
	at com.kms.katalon.core.keyword.builtin.CallTestCaseKeyword.callTestCase(CallTestCaseKeyword.groovy:81)
	at com.kms.katalon.core.keyword.builtin.CallTestCaseKeyword.execute(CallTestCaseKeyword.groovy:44)
	at com.kms.katalon.core.keyword.internal.KeywordExecutor.executeKeywordForPlatform(KeywordExecutor.groovy:74)
	at com.kms.katalon.core.keyword.BuiltinKeywords.callTestCase(BuiltinKeywords.groovy:310)
	at jdk.internal.reflect.GeneratedMethodAccessor25.invoke(Unknown Source)
	at java.base/jdk.internal.reflect.DelegatingMethodAccessorImpl.invoke(DelegatingMethodAccessorImpl.java:43)
	at Valorado 501.run(Valorado 501:22)
	at com.kms.katalon.core.main.ScriptEngine.run(ScriptEngine.java:194)
	at com.kms.katalon.core.main.ScriptEngine.runScriptAsRawText(ScriptEngine.java:119)
	at com.kms.katalon.core.main.TestCaseExecutor.runScript(TestCaseExecutor.java:448)
	at com.kms.katalon.core.main.TestCaseExecutor.doExecute(TestCaseExecutor.java:439)
	at com.kms.katalon.core.main.TestCaseExecutor.processExecutionPhase(TestCaseExecutor.java:418)
	at com.kms.katalon.core.main.TestCaseExecutor.accessMainPhase(TestCaseExecutor.java:410)
	at com.kms.katalon.core.main.TestCaseExecutor.execute(TestCaseExecutor.java:285)
	at com.kms.katalon.core.common.CommonExecutor.accessTestCaseMainPhase(CommonExecutor.java:65)
	at com.kms.katalon.core.main.TestSuiteExecutor.accessTestSuiteMainPhase(TestSuiteExecutor.java:150)
	at com.kms.katalon.core.main.TestSuiteExecutor.execute(TestSuiteExecutor.java:106)
	at com.kms.katalon.core.main.TestCaseMain.startTestSuite(TestCaseMain.java:180)
	at TempTestSuite1732745349578.run(TempTestSuite1732745349578.groovy:35)
	at java.base/jdk.internal.reflect.NativeMethodAccessorImpl.invoke0(Native Method)
	at java.base/jdk.internal.reflect.NativeMethodAccessorImpl.invoke(NativeMethodAccessorImpl.java:77)
	at java.base/jdk.internal.reflect.DelegatingMethodAccessorImpl.invoke(DelegatingMethodAccessorImpl.java:43)
Caused by: org.openqa.selenium.ElementClickInterceptedException: Element <button id="btn_aceptar_tipo_envio" class="btn disabled" type="button"> is not clickable at point (683,588) because another element <form id="form_tipo_envio" class="registr_form" name="form_tipo_envio"> obscures it
Build info: version: '3.141.59', revision: 'unknown', time: 'unknown'
System info: host: 'DESKTOP-RGFFP9A', ip: '10.136.10.6', os.name: 'Windows 11', os.arch: 'amd64', os.version: '10.0', java.version: '17.0.7'
Driver info: com.kms.katalon.core.webui.driver.firefox.CGeckoDriver
Capabilities {acceptInsecureCerts: true, browserName: firefox, browserVersion: 133.0, javascriptEnabled: true, moz:accessibilityChecks: false, moz:buildID: 20241121140525, moz:geckodriverVersion: 0.35.0, moz:headless: false, moz:platformVersion: 10.0, moz:processID: 37372, moz:profile: C:\Users\OLVATI\AppData\Loc..., moz:shutdownTimeout: 60000, moz:webdriverClick: true, moz:windowless: false, pageLoadStrategy: normal, platform: WINDOWS, platformName: WINDOWS, proxy: Proxy(direct), setWindowRect: true, strictFileInteractability: false, timeouts: {implicit: 0, pageLoad: 300000, script: 30000}, unhandledPromptBehavior: dismiss and notify, userAgent: Mozilla/5.0 (Windows NT 10....}
Session ID: 91762db3-87f1-477b-a5cb-1cc30aec4f56
	at jdk.internal.reflect.GeneratedConstructorAccessor32.newInstance(Unknown Source)
	at java.base/jdk.internal.reflect.DelegatingConstructorAccessorImpl.newInstance(DelegatingConstructorAccessorImpl.java:45)
	at org.openqa.selenium.remote.http.W3CHttpResponseCodec.createException(W3CHttpResponseCodec.java:187)
	at org.openqa.selenium.remote.http.W3CHttpResponseCodec.decode(W3CHttpResponseCodec.java:122)
	at org.openqa.selenium.remote.http.W3CHttpResponseCodec.decode(W3CHttpResponseCodec.java:49)
	at org.openqa.selenium.remote.HttpCommandExecutor.execute(HttpCommandExecutor.java:158)
	at org.openqa.selenium.remote.service.DriverCommandExecutor.execute(DriverCommandExecutor.java:83)
	at org.openqa.selenium.remote.RemoteWebDriver.execute(RemoteWebDriver.java:552)
	at com.kms.katalon.selenium.driver.CFirefoxDriver.execute(CFirefoxDriver.java:28)
	at org.openqa.selenium.remote.RemoteWebElement.execute(RemoteWebElement.java:285)
	at org.openqa.selenium.remote.RemoteWebElement.click(RemoteWebElement.java:84)
	at jdk.internal.reflect.GeneratedMethodAccessor10.invoke(Unknown Source)
	at java.base/jdk.internal.reflect.DelegatingMethodAccessorImpl.invoke(DelegatingMethodAccessorImpl.java:43)
	at org.openqa.selenium.support.events.EventFiringWebDriver$EventFiringWebElement.lambda$new$0(EventFiringWebDriver.java:404)
	at jdk.proxy2/jdk.proxy2.$Proxy21.click(Unknown Source)
	at org.openqa.selenium.support.events.EventFiringWebDriver$EventFiringWebElement.click(EventFiringWebDriver.java:417)
	at org.openqa.selenium.WebElement$click.call(Unknown Source)
	at com.kms.katalon.core.webui.keyword.builtin.ClickKeyword.clickUntilSuccessWithTimeout(ClickKeyword.groovy:81)
	at com.kms.katalon.core.webui.keyword.builtin.ClickKeyword.clickUntilSuccessWithTimeout(ClickKeyword.groovy)
	at jdk.internal.reflect.GeneratedMethodAccessor8.invoke(Unknown Source)
	at java.base/jdk.internal.reflect.DelegatingMethodAccessorImpl.invoke(DelegatingMethodAccessorImpl.java:43)
	at com.kms.katalon.core.webui.keyword.builtin.ClickKeyword$_click_closure1.doCall(ClickKeyword.groovy:67)
	at com.kms.katalon.core.webui.keyword.builtin.ClickKeyword$_click_closure1.call(ClickKeyword.groovy)
	at com.kms.katalon.core.webui.keyword.internal.WebUIKeywordMain.runKeyword(WebUIKeywordMain.groovy:35)
	at com.kms.katalon.core.webui.keyword.builtin.ClickKeyword.click(ClickKeyword.groovy:74)
	at com.kms.katalon.core.webui.keyword.builtin.ClickKeyword.execute(ClickKeyword.groovy:40)
	at com.kms.katalon.core.keyword.internal.KeywordExecutor.executeKeywordForPlatform(KeywordExecutor.groovy:74)
	at com.kms.katalon.core.webui.keyword.WebUiBuiltInKeywords.click(WebUiBuiltInKeywords.groovy:659)
	at Script1732083570761.run(Script1732083570761.groovy:24)
	at com.kms.katalon.core.main.ScriptEngine.run(ScriptEngine.java:194)
	at com.kms.katalon.core.main.ScriptEngine.runScriptAsRawText(ScriptEngine.java:119)
	at com.kms.katalon.core.main.TestCaseExecutor.runScript(TestCaseExecutor.java:448)
	at com.kms.katalon.core.main.TestCaseExecutor.doExecute(TestCaseExecutor.java:439)
	at com.kms.katalon.core.main.TestCaseExecutor.processExecutionPhase(TestCaseExecutor.java:418)
	at com.kms.katalon.core.main.TestCaseExecutor.accessMainPhase(TestCaseExecutor.java:410)
	at com.kms.katalon.core.main.TestCaseExecutor.execute(TestCaseExecutor.java:285)
	at com.kms.katalon.core.main.TestCaseMain.runTestCase(TestCaseMain.java:137)
	at com.kms.katalon.core.keyword.builtin.CallTestCaseKeyword$_callTestCase_closure1.doCall(CallTestCaseKeyword.groovy:59)
	at com.kms.katalon.core.keyword.builtin.CallTestCaseKeyword$_callTestCase_closure1.call(CallTestCaseKeyword.groovy)
	at com.kms.katalon.core.keyword.internal.KeywordMain.runKeyword(KeywordMain.groovy:75)
	at com.kms.katalon.core.keyword.builtin.CallTestCaseKeyword.callTestCase(CallTestCaseKeyword.groovy:81)
	at com.kms.katalon.core.keyword.builtin.CallTestCaseKeyword.execute(CallTestCaseKeyword.groovy:44)
	at com.kms.katalon.core.keyword.internal.KeywordExecutor.executeKeywordForPlatform(KeywordExecutor.groovy:74)
	at com.kms.katalon.core.keyword.BuiltinKeywords.callTestCase(BuiltinKeywords.groovy:310)
	at jdk.internal.reflect.GeneratedMethodAccessor25.invoke(Unknown Source)
	at java.base/jdk.internal.reflect.DelegatingMethodAccessorImpl.invoke(DelegatingMethodAccessorImpl.java:43)
	at Script1732341471704.run(Script1732341471704.groovy:22)
	... 15 more
)

27-11-2024T18:04:56 - [MESSAGE][FAILED] - Unable to call Test Case 'Test Cases/1.Inicio/1.1Principal/Selec_sobre' (Root cause: com.kms.katalon.core.exception.StepFailedException: Call Test Case 'Test Cases/1.Inicio/1.1Principal/Selec_sobre' failed
	at com.kms.katalon.core.keyword.builtin.CallTestCaseKeyword$_callTestCase_closure1.doCall(CallTestCaseKeyword.groovy:63)
	at com.kms.katalon.core.keyword.builtin.CallTestCaseKeyword$_callTestCase_closure1.call(CallTestCaseKeyword.groovy)
	at com.kms.katalon.core.keyword.internal.KeywordMain.runKeyword(KeywordMain.groovy:75)
	at com.kms.katalon.core.keyword.builtin.CallTestCaseKeyword.callTestCase(CallTestCaseKeyword.groovy:81)
	at com.kms.katalon.core.keyword.builtin.CallTestCaseKeyword.execute(CallTestCaseKeyword.groovy:44)
	at com.kms.katalon.core.keyword.internal.KeywordExecutor.executeKeywordForPlatform(KeywordExecutor.groovy:74)
	at com.kms.katalon.core.keyword.BuiltinKeywords.callTestCase(BuiltinKeywords.groovy:310)
	at jdk.internal.reflect.GeneratedMethodAccessor25.invoke(Unknown Source)
	at java.base/jdk.internal.reflect.DelegatingMethodAccessorImpl.invoke(DelegatingMethodAccessorImpl.java:43)
	at Valorado 501.run(Valorado 501:22)
	at com.kms.katalon.core.main.ScriptEngine.run(ScriptEngine.java:194)
	at com.kms.katalon.core.main.ScriptEngine.runScriptAsRawText(ScriptEngine.java:119)
	at com.kms.katalon.core.main.TestCaseExecutor.runScript(TestCaseExecutor.java:448)
	at com.kms.katalon.core.main.TestCaseExecutor.doExecute(TestCaseExecutor.java:439)
	at com.kms.katalon.core.main.TestCaseExecutor.processExecutionPhase(TestCaseExecutor.java:418)
	at com.kms.katalon.core.main.TestCaseExecutor.accessMainPhase(TestCaseExecutor.java:410)
	at com.kms.katalon.core.main.TestCaseExecutor.execute(TestCaseExecutor.java:285)
	at com.kms.katalon.core.common.CommonExecutor.accessTestCaseMainPhase(CommonExecutor.java:65)
	at com.kms.katalon.core.main.TestSuiteExecutor.accessTestSuiteMainPhase(TestSuiteExecutor.java:150)
	at com.kms.katalon.core.main.TestSuiteExecutor.execute(TestSuiteExecutor.java:106)
	at com.kms.katalon.core.main.TestCaseMain.startTestSuite(TestCaseMain.java:180)
	at TempTestSuite1732745349578.run(TempTestSuite1732745349578.groovy:35)
	at java.base/jdk.internal.reflect.NativeMethodAccessorImpl.invoke0(Native Method)
	at java.base/jdk.internal.reflect.NativeMethodAccessorImpl.invoke(NativeMethodAccessorImpl.java:77)
	at java.base/jdk.internal.reflect.DelegatingMethodAccessorImpl.invoke(DelegatingMethodAccessorImpl.java:43)
Caused by: com.kms.katalon.core.exception.StepFailedException: Unable to click on object 'Object Repository/Principal/Page_Olva Courier  Home/button_CONTINUAR (2)'
	at com.kms.katalon.core.webui.keyword.internal.WebUIKeywordMain.stepFailed(WebUIKeywordMain.groovy:117)
	at com.kms.katalon.core.webui.keyword.internal.WebUIKeywordMain.runKeyword(WebUIKeywordMain.groovy:43)
	at com.kms.katalon.core.webui.keyword.builtin.ClickKeyword.click(ClickKeyword.groovy:74)
	at com.kms.katalon.core.webui.keyword.builtin.ClickKeyword.execute(ClickKeyword.groovy:40)
	at com.kms.katalon.core.keyword.internal.KeywordExecutor.executeKeywordForPlatform(KeywordExecutor.groovy:74)
	at com.kms.katalon.core.webui.keyword.WebUiBuiltInKeywords.click(WebUiBuiltInKeywords.groovy:659)
	at Selec_sobre.run(Selec_sobre:24)
	at com.kms.katalon.core.main.ScriptEngine.run(ScriptEngine.java:194)
	at com.kms.katalon.core.main.ScriptEngine.runScriptAsRawText(ScriptEngine.java:119)
	at com.kms.katalon.core.main.TestCaseExecutor.runScript(TestCaseExecutor.java:448)
	at com.kms.katalon.core.main.TestCaseExecutor.doExecute(TestCaseExecutor.java:439)
	at com.kms.katalon.core.main.TestCaseExecutor.processExecutionPhase(TestCaseExecutor.java:418)
	at com.kms.katalon.core.main.TestCaseExecutor.accessMainPhase(TestCaseExecutor.java:410)
	at com.kms.katalon.core.main.TestCaseExecutor.execute(TestCaseExecutor.java:285)
	at com.kms.katalon.core.main.TestCaseMain.runTestCase(TestCaseMain.java:137)
	at com.kms.katalon.core.keyword.builtin.CallTestCaseKeyword$_callTestCase_closure1.doCall(CallTestCaseKeyword.groovy:59)
	... 24 more
Caused by: org.openqa.selenium.ElementClickInterceptedException: Element <button id="btn_aceptar_tipo_envio" class="btn disabled" type="button"> is not clickable at point (683,588) because another element <form id="form_tipo_envio" class="registr_form" name="form_tipo_envio"> obscures it
Build info: version: '3.141.59', revision: 'unknown', time: 'unknown'
System info: host: 'DESKTOP-RGFFP9A', ip: '10.136.10.6', os.name: 'Windows 11', os.arch: 'amd64', os.version: '10.0', java.version: '17.0.7'
Driver info: com.kms.katalon.core.webui.driver.firefox.CGeckoDriver
Capabilities {acceptInsecureCerts: true, browserName: firefox, browserVersion: 133.0, javascriptEnabled: true, moz:accessibilityChecks: false, moz:buildID: 20241121140525, moz:geckodriverVersion: 0.35.0, moz:headless: false, moz:platformVersion: 10.0, moz:processID: 37372, moz:profile: C:\Users\OLVATI\AppData\Loc..., moz:shutdownTimeout: 60000, moz:webdriverClick: true, moz:windowless: false, pageLoadStrategy: normal, platform: WINDOWS, platformName: WINDOWS, proxy: Proxy(direct), setWindowRect: true, strictFileInteractability: false, timeouts: {implicit: 0, pageLoad: 300000, script: 30000}, unhandledPromptBehavior: dismiss and notify, userAgent: Mozilla/5.0 (Windows NT 10....}
Session ID: 91762db3-87f1-477b-a5cb-1cc30aec4f56
	at jdk.internal.reflect.GeneratedConstructorAccessor32.newInstance(Unknown Source)
	at java.base/jdk.internal.reflect.DelegatingConstructorAccessorImpl.newInstance(DelegatingConstructorAccessorImpl.java:45)
	at org.openqa.selenium.remote.http.W3CHttpResponseCodec.createException(W3CHttpResponseCodec.java:187)
	at org.openqa.selenium.remote.http.W3CHttpResponseCodec.decode(W3CHttpResponseCodec.java:122)
	at org.openqa.selenium.remote.http.W3CHttpResponseCodec.decode(W3CHttpResponseCodec.java:49)
	at org.openqa.selenium.remote.HttpCommandExecutor.execute(HttpCommandExecutor.java:158)
	at org.openqa.selenium.remote.service.DriverCommandExecutor.execute(DriverCommandExecutor.java:83)
	at org.openqa.selenium.remote.RemoteWebDriver.execute(RemoteWebDriver.java:552)
	at com.kms.katalon.selenium.driver.CFirefoxDriver.execute(CFirefoxDriver.java:28)
	at org.openqa.selenium.remote.RemoteWebElement.execute(RemoteWebElement.java:285)
	at org.openqa.selenium.remote.RemoteWebElement.click(RemoteWebElement.java:84)
	at jdk.internal.reflect.GeneratedMethodAccessor10.invoke(Unknown Source)
	at java.base/jdk.internal.reflect.DelegatingMethodAccessorImpl.invoke(DelegatingMethodAccessorImpl.java:43)
	at org.openqa.selenium.support.events.EventFiringWebDriver$EventFiringWebElement.lambda$new$0(EventFiringWebDriver.java:404)
	at jdk.proxy2/jdk.proxy2.$Proxy21.click(Unknown Source)
	at org.openqa.selenium.support.events.EventFiringWebDriver$EventFiringWebElement.click(EventFiringWebDriver.java:417)
	at org.openqa.selenium.WebElement$click.call(Unknown Source)
	at com.kms.katalon.core.webui.keyword.builtin.ClickKeyword.clickUntilSuccessWithTimeout(ClickKeyword.groovy:81)
	at com.kms.katalon.core.webui.keyword.builtin.ClickKeyword.clickUntilSuccessWithTimeout(ClickKeyword.groovy)
	at jdk.internal.reflect.GeneratedMethodAccessor8.invoke(Unknown Source)
	at java.base/jdk.internal.reflect.DelegatingMethodAccessorImpl.invoke(DelegatingMethodAccessorImpl.java:43)
	at com.kms.katalon.core.webui.keyword.builtin.ClickKeyword$_click_closure1.doCall(ClickKeyword.groovy:67)
	at com.kms.katalon.core.webui.keyword.builtin.ClickKeyword$_click_closure1.call(ClickKeyword.groovy)
	at com.kms.katalon.core.webui.keyword.internal.WebUIKeywordMain.runKeyword(WebUIKeywordMain.groovy:35)
	... 38 more
)]]></system-out>
         <system-err><![CDATA[27-11-2024T18:03:57 - [TEST_CASE][FAILED] - Test Cases/2.Positivos/2.2Sobre/Origen-Lima/2.Valorado/Entrega_Domicilio/Valorado 501: Test Cases/2.Positivos/2.2Sobre/Origen-Lima/2.Valorado/Entrega_Domicilio/Valorado 501 FAILED.
Reason:
com.kms.katalon.core.exception.StepFailedException: Call Test Case 'Test Cases/1.Inicio/1.1Principal/Selec_sobre' failed
	at com.kms.katalon.core.keyword.builtin.CallTestCaseKeyword$_callTestCase_closure1.doCall(CallTestCaseKeyword.groovy:63)
	at com.kms.katalon.core.keyword.builtin.CallTestCaseKeyword$_callTestCase_closure1.call(CallTestCaseKeyword.groovy)
	at com.kms.katalon.core.keyword.internal.KeywordMain.runKeyword(KeywordMain.groovy:75)
	at com.kms.katalon.core.keyword.builtin.CallTestCaseKeyword.callTestCase(CallTestCaseKeyword.groovy:81)
	at com.kms.katalon.core.keyword.builtin.CallTestCaseKeyword.execute(CallTestCaseKeyword.groovy:44)
	at com.kms.katalon.core.keyword.internal.KeywordExecutor.executeKeywordForPlatform(KeywordExecutor.groovy:74)
	at com.kms.katalon.core.keyword.BuiltinKeywords.callTestCase(BuiltinKeywords.groovy:310)
	at jdk.internal.reflect.GeneratedMethodAccessor25.invoke(Unknown Source)
	at java.base/jdk.internal.reflect.DelegatingMethodAccessorImpl.invoke(DelegatingMethodAccessorImpl.java:43)
	at Valorado 501.run(Valorado 501:22)
	at com.kms.katalon.core.main.ScriptEngine.run(ScriptEngine.java:194)
	at com.kms.katalon.core.main.ScriptEngine.runScriptAsRawText(ScriptEngine.java:119)
	at com.kms.katalon.core.main.TestCaseExecutor.runScript(TestCaseExecutor.java:448)
	at com.kms.katalon.core.main.TestCaseExecutor.doExecute(TestCaseExecutor.java:439)
	at com.kms.katalon.core.main.TestCaseExecutor.processExecutionPhase(TestCaseExecutor.java:418)
	at com.kms.katalon.core.main.TestCaseExecutor.accessMainPhase(TestCaseExecutor.java:410)
	at com.kms.katalon.core.main.TestCaseExecutor.execute(TestCaseExecutor.java:285)
	at com.kms.katalon.core.common.CommonExecutor.accessTestCaseMainPhase(CommonExecutor.java:65)
	at com.kms.katalon.core.main.TestSuiteExecutor.accessTestSuiteMainPhase(TestSuiteExecutor.java:150)
	at com.kms.katalon.core.main.TestSuiteExecutor.execute(TestSuiteExecutor.java:106)
	at com.kms.katalon.core.main.TestCaseMain.startTestSuite(TestCaseMain.java:180)
	at TempTestSuite1732745349578.run(TempTestSuite1732745349578.groovy:35)
	at java.base/jdk.internal.reflect.NativeMethodAccessorImpl.invoke0(Native Method)
	at java.base/jdk.internal.reflect.NativeMethodAccessorImpl.invoke(NativeMethodAccessorImpl.java:77)
	at java.base/jdk.internal.reflect.DelegatingMethodAccessorImpl.invoke(DelegatingMethodAccessorImpl.java:43)
Caused by: com.kms.katalon.core.exception.StepFailedException: Unable to click on object 'Object Repository/Principal/Page_Olva Courier  Home/button_CONTINUAR (2)'
	at com.kms.katalon.core.webui.keyword.internal.WebUIKeywordMain.stepFailed(WebUIKeywordMain.groovy:117)
	at com.kms.katalon.core.webui.keyword.internal.WebUIKeywordMain.runKeyword(WebUIKeywordMain.groovy:43)
	at com.kms.katalon.core.webui.keyword.builtin.ClickKeyword.click(ClickKeyword.groovy:74)
	at com.kms.katalon.core.webui.keyword.builtin.ClickKeyword.execute(ClickKeyword.groovy:40)
	at com.kms.katalon.core.keyword.internal.KeywordExecutor.executeKeywordForPlatform(KeywordExecutor.groovy:74)
	at com.kms.katalon.core.webui.keyword.WebUiBuiltInKeywords.click(WebUiBuiltInKeywords.groovy:659)
	at Selec_sobre.run(Selec_sobre:24)
	at com.kms.katalon.core.main.ScriptEngine.run(ScriptEngine.java:194)
	at com.kms.katalon.core.main.ScriptEngine.runScriptAsRawText(ScriptEngine.java:119)
	at com.kms.katalon.core.main.TestCaseExecutor.runScript(TestCaseExecutor.java:448)
	at com.kms.katalon.core.main.TestCaseExecutor.doExecute(TestCaseExecutor.java:439)
	at com.kms.katalon.core.main.TestCaseExecutor.processExecutionPhase(TestCaseExecutor.java:418)
	at com.kms.katalon.core.main.TestCaseExecutor.accessMainPhase(TestCaseExecutor.java:410)
	at com.kms.katalon.core.main.TestCaseExecutor.execute(TestCaseExecutor.java:285)
	at com.kms.katalon.core.main.TestCaseMain.runTestCase(TestCaseMain.java:137)
	at com.kms.katalon.core.keyword.builtin.CallTestCaseKeyword$_callTestCase_closure1.doCall(CallTestCaseKeyword.groovy:59)
	... 24 more
Caused by: org.openqa.selenium.ElementClickInterceptedException: Element <button id="btn_aceptar_tipo_envio" class="btn disabled" type="button"> is not clickable at point (683,588) because another element <form id="form_tipo_envio" class="registr_form" name="form_tipo_envio"> obscures it
Build info: version: '3.141.59', revision: 'unknown', time: 'unknown'
System info: host: 'DESKTOP-RGFFP9A', ip: '10.136.10.6', os.name: 'Windows 11', os.arch: 'amd64', os.version: '10.0', java.version: '17.0.7'
Driver info: com.kms.katalon.core.webui.driver.firefox.CGeckoDriver
Capabilities {acceptInsecureCerts: true, browserName: firefox, browserVersion: 133.0, javascriptEnabled: true, moz:accessibilityChecks: false, moz:buildID: 20241121140525, moz:geckodriverVersion: 0.35.0, moz:headless: false, moz:platformVersion: 10.0, moz:processID: 37372, moz:profile: C:\Users\OLVATI\AppData\Loc..., moz:shutdownTimeout: 60000, moz:webdriverClick: true, moz:windowless: false, pageLoadStrategy: normal, platform: WINDOWS, platformName: WINDOWS, proxy: Proxy(direct), setWindowRect: true, strictFileInteractability: false, timeouts: {implicit: 0, pageLoad: 300000, script: 30000}, unhandledPromptBehavior: dismiss and notify, userAgent: Mozilla/5.0 (Windows NT 10....}
Session ID: 91762db3-87f1-477b-a5cb-1cc30aec4f56
	at jdk.internal.reflect.GeneratedConstructorAccessor32.newInstance(Unknown Source)
	at java.base/jdk.internal.reflect.DelegatingConstructorAccessorImpl.newInstance(DelegatingConstructorAccessorImpl.java:45)
	at org.openqa.selenium.remote.http.W3CHttpResponseCodec.createException(W3CHttpResponseCodec.java:187)
	at org.openqa.selenium.remote.http.W3CHttpResponseCodec.decode(W3CHttpResponseCodec.java:122)
	at org.openqa.selenium.remote.http.W3CHttpResponseCodec.decode(W3CHttpResponseCodec.java:49)
	at org.openqa.selenium.remote.HttpCommandExecutor.execute(HttpCommandExecutor.java:158)
	at org.openqa.selenium.remote.service.DriverCommandExecutor.execute(DriverCommandExecutor.java:83)
	at org.openqa.selenium.remote.RemoteWebDriver.execute(RemoteWebDriver.java:552)
	at com.kms.katalon.selenium.driver.CFirefoxDriver.execute(CFirefoxDriver.java:28)
	at org.openqa.selenium.remote.RemoteWebElement.execute(RemoteWebElement.java:285)
	at org.openqa.selenium.remote.RemoteWebElement.click(RemoteWebElement.java:84)
	at jdk.internal.reflect.GeneratedMethodAccessor10.invoke(Unknown Source)
	at java.base/jdk.internal.reflect.DelegatingMethodAccessorImpl.invoke(DelegatingMethodAccessorImpl.java:43)
	at org.openqa.selenium.support.events.EventFiringWebDriver$EventFiringWebElement.lambda$new$0(EventFiringWebDriver.java:404)
	at jdk.proxy2/jdk.proxy2.$Proxy21.click(Unknown Source)
	at org.openqa.selenium.support.events.EventFiringWebDriver$EventFiringWebElement.click(EventFiringWebDriver.java:417)
	at org.openqa.selenium.WebElement$click.call(Unknown Source)
	at com.kms.katalon.core.webui.keyword.builtin.ClickKeyword.clickUntilSuccessWithTimeout(ClickKeyword.groovy:81)
	at com.kms.katalon.core.webui.keyword.builtin.ClickKeyword.clickUntilSuccessWithTimeout(ClickKeyword.groovy)
	at jdk.internal.reflect.GeneratedMethodAccessor8.invoke(Unknown Source)
	at java.base/jdk.internal.reflect.DelegatingMethodAccessorImpl.invoke(DelegatingMethodAccessorImpl.java:43)
	at com.kms.katalon.core.webui.keyword.builtin.ClickKeyword$_click_closure1.doCall(ClickKeyword.groovy:67)
	at com.kms.katalon.core.webui.keyword.builtin.ClickKeyword$_click_closure1.call(ClickKeyword.groovy)
	at com.kms.katalon.core.webui.keyword.internal.WebUIKeywordMain.runKeyword(WebUIKeywordMain.groovy:35)
	... 38 more]]></system-err>
      </testcase>
      <testcase name="Test Cases/2.Positivos/2.2Sobre/Origen-Lima/2.Valorado/Entrega_Domicilio/EditarValorado" time="51.838" classname="Test Cases/2.Positivos/2.2Sobre/Origen-Lima/2.Valorado/Entrega_Domicilio/EditarValorado" status="FAILED">
         <failure type="FAILED" message="Test Cases/2.Positivos/2.2Sobre/Origen-Lima/2.Valorado/Entrega_Domicilio/EditarValorado FAILED.&#xa;Reason:&#xa;com.kms.katalon.core.exception.StepFailedException: Call Test Case 'Test Cases/1.Inicio/1.1Principal/Selec_sobre' failed&#xa;	at com.kms.katalon.core.keyword.builtin.CallTestCaseKeyword$_callTestCase_closure1.doCall(CallTestCaseKeyword.groovy:63)&#xa;	at com.kms.katalon.core.keyword.builtin.CallTestCaseKeyword$_callTestCase_closure1.call(CallTestCaseKeyword.groovy)&#xa;	at com.kms.katalon.core.keyword.internal.KeywordMain.runKeyword(KeywordMain.groovy:75)&#xa;	at com.kms.katalon.core.keyword.builtin.CallTestCaseKeyword.callTestCase(CallTestCaseKeyword.groovy:81)&#xa;	at com.kms.katalon.core.keyword.builtin.CallTestCaseKeyword.execute(CallTestCaseKeyword.groovy:44)&#xa;	at com.kms.katalon.core.keyword.internal.KeywordExecutor.executeKeywordForPlatform(KeywordExecutor.groovy:74)&#xa;	at com.kms.katalon.core.keyword.BuiltinKeywords.callTestCase(BuiltinKeywords.groovy:310)&#xa;	at jdk.internal.reflect.GeneratedMethodAccessor25.invoke(Unknown Source)&#xa;	at java.base/jdk.internal.reflect.DelegatingMethodAccessorImpl.invoke(DelegatingMethodAccessorImpl.java:43)&#xa;	at EditarValorado.run(EditarValorado:22)&#xa;	at com.kms.katalon.core.main.ScriptEngine.run(ScriptEngine.java:194)&#xa;	at com.kms.katalon.core.main.ScriptEngine.runScriptAsRawText(ScriptEngine.java:119)&#xa;	at com.kms.katalon.core.main.TestCaseExecutor.runScript(TestCaseExecutor.java:448)&#xa;	at com.kms.katalon.core.main.TestCaseExecutor.doExecute(TestCaseExecutor.java:439)&#xa;	at com.kms.katalon.core.main.TestCaseExecutor.processExecutionPhase(TestCaseExecutor.java:418)&#xa;	at com.kms.katalon.core.main.TestCaseExecutor.accessMainPhase(TestCaseExecutor.java:410)&#xa;	at com.kms.katalon.core.main.TestCaseExecutor.execute(TestCaseExecutor.java:285)&#xa;	at com.kms.katalon.core.common.CommonExecutor.accessTestCaseMainPhase(CommonExecutor.java:65)&#xa;	at com.kms.katalon.core.main.TestSuiteExecutor.accessTestSuiteMainPhase(TestSuiteExecutor.java:150)&#xa;	at com.kms.katalon.core.main.TestSuiteExecutor.execute(TestSuiteExecutor.java:106)&#xa;	at com.kms.katalon.core.main.TestCaseMain.startTestSuite(TestCaseMain.java:180)&#xa;	at TempTestSuite1732745349578.run(TempTestSuite1732745349578.groovy:35)&#xa;	at java.base/jdk.internal.reflect.NativeMethodAccessorImpl.invoke0(Native Method)&#xa;	at java.base/jdk.internal.reflect.NativeMethodAccessorImpl.invoke(NativeMethodAccessorImpl.java:77)&#xa;	at java.base/jdk.internal.reflect.DelegatingMethodAccessorImpl.invoke(DelegatingMethodAccessorImpl.java:43)&#xa;Caused by: com.kms.katalon.core.exception.StepFailedException: Unable to click on object 'Object Repository/Principal/Page_Olva Courier  Home/button_CONTINUAR (2)'&#xa;	at com.kms.katalon.core.webui.keyword.internal.WebUIKeywordMain.stepFailed(WebUIKeywordMain.groovy:117)&#xa;	at com.kms.katalon.core.webui.keyword.internal.WebUIKeywordMain.runKeyword(WebUIKeywordMain.groovy:43)&#xa;	at com.kms.katalon.core.webui.keyword.builtin.ClickKeyword.click(ClickKeyword.groovy:74)&#xa;	at com.kms.katalon.core.webui.keyword.builtin.ClickKeyword.execute(ClickKeyword.groovy:40)&#xa;	at com.kms.katalon.core.keyword.internal.KeywordExecutor.executeKeywordForPlatform(KeywordExecutor.groovy:74)&#xa;	at com.kms.katalon.core.webui.keyword.WebUiBuiltInKeywords.click(WebUiBuiltInKeywords.groovy:659)&#xa;	at Selec_sobre.run(Selec_sobre:24)&#xa;	at com.kms.katalon.core.main.ScriptEngine.run(ScriptEngine.java:194)&#xa;	at com.kms.katalon.core.main.ScriptEngine.runScriptAsRawText(ScriptEngine.java:119)&#xa;	at com.kms.katalon.core.main.TestCaseExecutor.runScript(TestCaseExecutor.java:448)&#xa;	at com.kms.katalon.core.main.TestCaseExecutor.doExecute(TestCaseExecutor.java:439)&#xa;	at com.kms.katalon.core.main.TestCaseExecutor.processExecutionPhase(TestCaseExecutor.java:418)&#xa;	at com.kms.katalon.core.main.TestCaseExecutor.accessMainPhase(TestCaseExecutor.java:410)&#xa;	at com.kms.katalon.core.main.TestCaseExecutor.execute(TestCaseExecutor.java:285)&#xa;	at com.kms.katalon.core.main.TestCaseMain.runTestCase(TestCaseMain.java:137)&#xa;	at com.kms.katalon.core.keyword.builtin.CallTestCaseKeyword$_callTestCase_closure1.doCall(CallTestCaseKeyword.groovy:59)&#xa;	... 24 more&#xa;Caused by: org.openqa.selenium.ElementClickInterceptedException: Element &lt;button id=&quot;btn_aceptar_tipo_envio&quot; class=&quot;btn disabled&quot; type=&quot;button&quot;> is not clickable at point (683,588) because another element &lt;form id=&quot;form_tipo_envio&quot; class=&quot;registr_form&quot; name=&quot;form_tipo_envio&quot;> obscures it&#xa;Build info: version: '3.141.59', revision: 'unknown', time: 'unknown'&#xa;System info: host: 'DESKTOP-RGFFP9A', ip: '10.136.10.6', os.name: 'Windows 11', os.arch: 'amd64', os.version: '10.0', java.version: '17.0.7'&#xa;Driver info: com.kms.katalon.core.webui.driver.firefox.CGeckoDriver&#xa;Capabilities {acceptInsecureCerts: true, browserName: firefox, browserVersion: 133.0, javascriptEnabled: true, moz:accessibilityChecks: false, moz:buildID: 20241121140525, moz:geckodriverVersion: 0.35.0, moz:headless: false, moz:platformVersion: 10.0, moz:processID: 9608, moz:profile: C:\Users\OLVATI\AppData\Loc..., moz:shutdownTimeout: 60000, moz:webdriverClick: true, moz:windowless: false, pageLoadStrategy: normal, platform: WINDOWS, platformName: WINDOWS, proxy: Proxy(direct), setWindowRect: true, strictFileInteractability: false, timeouts: {implicit: 0, pageLoad: 300000, script: 30000}, unhandledPromptBehavior: dismiss and notify, userAgent: Mozilla/5.0 (Windows NT 10....}&#xa;Session ID: 86a7041d-3ff5-4f60-ada7-8131cb2aebdb&#xa;	at jdk.internal.reflect.GeneratedConstructorAccessor32.newInstance(Unknown Source)&#xa;	at java.base/jdk.internal.reflect.DelegatingConstructorAccessorImpl.newInstance(DelegatingConstructorAccessorImpl.java:45)&#xa;	at org.openqa.selenium.remote.http.W3CHttpResponseCodec.createException(W3CHttpResponseCodec.java:187)&#xa;	at org.openqa.selenium.remote.http.W3CHttpResponseCodec.decode(W3CHttpResponseCodec.java:122)&#xa;	at org.openqa.selenium.remote.http.W3CHttpResponseCodec.decode(W3CHttpResponseCodec.java:49)&#xa;	at org.openqa.selenium.remote.HttpCommandExecutor.execute(HttpCommandExecutor.java:158)&#xa;	at org.openqa.selenium.remote.service.DriverCommandExecutor.execute(DriverCommandExecutor.java:83)&#xa;	at org.openqa.selenium.remote.RemoteWebDriver.execute(RemoteWebDriver.java:552)&#xa;	at com.kms.katalon.selenium.driver.CFirefoxDriver.execute(CFirefoxDriver.java:28)&#xa;	at org.openqa.selenium.remote.RemoteWebElement.execute(RemoteWebElement.java:285)&#xa;	at org.openqa.selenium.remote.RemoteWebElement.click(RemoteWebElement.java:84)&#xa;	at jdk.internal.reflect.GeneratedMethodAccessor10.invoke(Unknown Source)&#xa;	at java.base/jdk.internal.reflect.DelegatingMethodAccessorImpl.invoke(DelegatingMethodAccessorImpl.java:43)&#xa;	at org.openqa.selenium.support.events.EventFiringWebDriver$EventFiringWebElement.lambda$new$0(EventFiringWebDriver.java:404)&#xa;	at jdk.proxy2/jdk.proxy2.$Proxy21.click(Unknown Source)&#xa;	at org.openqa.selenium.support.events.EventFiringWebDriver$EventFiringWebElement.click(EventFiringWebDriver.java:417)&#xa;	at org.openqa.selenium.WebElement$click.call(Unknown Source)&#xa;	at com.kms.katalon.core.webui.keyword.builtin.ClickKeyword.clickUntilSuccessWithTimeout(ClickKeyword.groovy:81)&#xa;	at com.kms.katalon.core.webui.keyword.builtin.ClickKeyword.clickUntilSuccessWithTimeout(ClickKeyword.groovy)&#xa;	at jdk.internal.reflect.GeneratedMethodAccessor8.invoke(Unknown Source)&#xa;	at java.base/jdk.internal.reflect.DelegatingMethodAccessorImpl.invoke(DelegatingMethodAccessorImpl.java:43)&#xa;	at com.kms.katalon.core.webui.keyword.builtin.ClickKeyword$_click_closure1.doCall(ClickKeyword.groovy:67)&#xa;	at com.kms.katalon.core.webui.keyword.builtin.ClickKeyword$_click_closure1.call(ClickKeyword.groovy)&#xa;	at com.kms.katalon.core.webui.keyword.internal.WebUIKeywordMain.runKeyword(WebUIKeywordMain.groovy:35)&#xa;	... 38 more&#xa;"/>
         <system-out><![CDATA[27-11-2024T18:04:56 - [TEST_CASE][FAILED] - Test Cases/2.Positivos/2.2Sobre/Origen-Lima/2.Valorado/Entrega_Domicilio/EditarValorado: Test Cases/2.Positivos/2.2Sobre/Origen-Lima/2.Valorado/Entrega_Domicilio/EditarValorado FAILED.
Reason:
com.kms.katalon.core.exception.StepFailedException: Call Test Case 'Test Cases/1.Inicio/1.1Principal/Selec_sobre' failed
	at com.kms.katalon.core.keyword.builtin.CallTestCaseKeyword$_callTestCase_closure1.doCall(CallTestCaseKeyword.groovy:63)
	at com.kms.katalon.core.keyword.builtin.CallTestCaseKeyword$_callTestCase_closure1.call(CallTestCaseKeyword.groovy)
	at com.kms.katalon.core.keyword.internal.KeywordMain.runKeyword(KeywordMain.groovy:75)
	at com.kms.katalon.core.keyword.builtin.CallTestCaseKeyword.callTestCase(CallTestCaseKeyword.groovy:81)
	at com.kms.katalon.core.keyword.builtin.CallTestCaseKeyword.execute(CallTestCaseKeyword.groovy:44)
	at com.kms.katalon.core.keyword.internal.KeywordExecutor.executeKeywordForPlatform(KeywordExecutor.groovy:74)
	at com.kms.katalon.core.keyword.BuiltinKeywords.callTestCase(BuiltinKeywords.groovy:310)
	at jdk.internal.reflect.GeneratedMethodAccessor25.invoke(Unknown Source)
	at java.base/jdk.internal.reflect.DelegatingMethodAccessorImpl.invoke(DelegatingMethodAccessorImpl.java:43)
	at EditarValorado.run(EditarValorado:22)
	at com.kms.katalon.core.main.ScriptEngine.run(ScriptEngine.java:194)
	at com.kms.katalon.core.main.ScriptEngine.runScriptAsRawText(ScriptEngine.java:119)
	at com.kms.katalon.core.main.TestCaseExecutor.runScript(TestCaseExecutor.java:448)
	at com.kms.katalon.core.main.TestCaseExecutor.doExecute(TestCaseExecutor.java:439)
	at com.kms.katalon.core.main.TestCaseExecutor.processExecutionPhase(TestCaseExecutor.java:418)
	at com.kms.katalon.core.main.TestCaseExecutor.accessMainPhase(TestCaseExecutor.java:410)
	at com.kms.katalon.core.main.TestCaseExecutor.execute(TestCaseExecutor.java:285)
	at com.kms.katalon.core.common.CommonExecutor.accessTestCaseMainPhase(CommonExecutor.java:65)
	at com.kms.katalon.core.main.TestSuiteExecutor.accessTestSuiteMainPhase(TestSuiteExecutor.java:150)
	at com.kms.katalon.core.main.TestSuiteExecutor.execute(TestSuiteExecutor.java:106)
	at com.kms.katalon.core.main.TestCaseMain.startTestSuite(TestCaseMain.java:180)
	at TempTestSuite1732745349578.run(TempTestSuite1732745349578.groovy:35)
	at java.base/jdk.internal.reflect.NativeMethodAccessorImpl.invoke0(Native Method)
	at java.base/jdk.internal.reflect.NativeMethodAccessorImpl.invoke(NativeMethodAccessorImpl.java:77)
	at java.base/jdk.internal.reflect.DelegatingMethodAccessorImpl.invoke(DelegatingMethodAccessorImpl.java:43)
Caused by: com.kms.katalon.core.exception.StepFailedException: Unable to click on object 'Object Repository/Principal/Page_Olva Courier  Home/button_CONTINUAR (2)'
	at com.kms.katalon.core.webui.keyword.internal.WebUIKeywordMain.stepFailed(WebUIKeywordMain.groovy:117)
	at com.kms.katalon.core.webui.keyword.internal.WebUIKeywordMain.runKeyword(WebUIKeywordMain.groovy:43)
	at com.kms.katalon.core.webui.keyword.builtin.ClickKeyword.click(ClickKeyword.groovy:74)
	at com.kms.katalon.core.webui.keyword.builtin.ClickKeyword.execute(ClickKeyword.groovy:40)
	at com.kms.katalon.core.keyword.internal.KeywordExecutor.executeKeywordForPlatform(KeywordExecutor.groovy:74)
	at com.kms.katalon.core.webui.keyword.WebUiBuiltInKeywords.click(WebUiBuiltInKeywords.groovy:659)
	at Selec_sobre.run(Selec_sobre:24)
	at com.kms.katalon.core.main.ScriptEngine.run(ScriptEngine.java:194)
	at com.kms.katalon.core.main.ScriptEngine.runScriptAsRawText(ScriptEngine.java:119)
	at com.kms.katalon.core.main.TestCaseExecutor.runScript(TestCaseExecutor.java:448)
	at com.kms.katalon.core.main.TestCaseExecutor.doExecute(TestCaseExecutor.java:439)
	at com.kms.katalon.core.main.TestCaseExecutor.processExecutionPhase(TestCaseExecutor.java:418)
	at com.kms.katalon.core.main.TestCaseExecutor.accessMainPhase(TestCaseExecutor.java:410)
	at com.kms.katalon.core.main.TestCaseExecutor.execute(TestCaseExecutor.java:285)
	at com.kms.katalon.core.main.TestCaseMain.runTestCase(TestCaseMain.java:137)
	at com.kms.katalon.core.keyword.builtin.CallTestCaseKeyword$_callTestCase_closure1.doCall(CallTestCaseKeyword.groovy:59)
	... 24 more
Caused by: org.openqa.selenium.ElementClickInterceptedException: Element <button id="btn_aceptar_tipo_envio" class="btn disabled" type="button"> is not clickable at point (683,588) because another element <form id="form_tipo_envio" class="registr_form" name="form_tipo_envio"> obscures it
Build info: version: '3.141.59', revision: 'unknown', time: 'unknown'
System info: host: 'DESKTOP-RGFFP9A', ip: '10.136.10.6', os.name: 'Windows 11', os.arch: 'amd64', os.version: '10.0', java.version: '17.0.7'
Driver info: com.kms.katalon.core.webui.driver.firefox.CGeckoDriver
Capabilities {acceptInsecureCerts: true, browserName: firefox, browserVersion: 133.0, javascriptEnabled: true, moz:accessibilityChecks: false, moz:buildID: 20241121140525, moz:geckodriverVersion: 0.35.0, moz:headless: false, moz:platformVersion: 10.0, moz:processID: 9608, moz:profile: C:\Users\OLVATI\AppData\Loc..., moz:shutdownTimeout: 60000, moz:webdriverClick: true, moz:windowless: false, pageLoadStrategy: normal, platform: WINDOWS, platformName: WINDOWS, proxy: Proxy(direct), setWindowRect: true, strictFileInteractability: false, timeouts: {implicit: 0, pageLoad: 300000, script: 30000}, unhandledPromptBehavior: dismiss and notify, userAgent: Mozilla/5.0 (Windows NT 10....}
Session ID: 86a7041d-3ff5-4f60-ada7-8131cb2aebdb
	at jdk.internal.reflect.GeneratedConstructorAccessor32.newInstance(Unknown Source)
	at java.base/jdk.internal.reflect.DelegatingConstructorAccessorImpl.newInstance(DelegatingConstructorAccessorImpl.java:45)
	at org.openqa.selenium.remote.http.W3CHttpResponseCodec.createException(W3CHttpResponseCodec.java:187)
	at org.openqa.selenium.remote.http.W3CHttpResponseCodec.decode(W3CHttpResponseCodec.java:122)
	at org.openqa.selenium.remote.http.W3CHttpResponseCodec.decode(W3CHttpResponseCodec.java:49)
	at org.openqa.selenium.remote.HttpCommandExecutor.execute(HttpCommandExecutor.java:158)
	at org.openqa.selenium.remote.service.DriverCommandExecutor.execute(DriverCommandExecutor.java:83)
	at org.openqa.selenium.remote.RemoteWebDriver.execute(RemoteWebDriver.java:552)
	at com.kms.katalon.selenium.driver.CFirefoxDriver.execute(CFirefoxDriver.java:28)
	at org.openqa.selenium.remote.RemoteWebElement.execute(RemoteWebElement.java:285)
	at org.openqa.selenium.remote.RemoteWebElement.click(RemoteWebElement.java:84)
	at jdk.internal.reflect.GeneratedMethodAccessor10.invoke(Unknown Source)
	at java.base/jdk.internal.reflect.DelegatingMethodAccessorImpl.invoke(DelegatingMethodAccessorImpl.java:43)
	at org.openqa.selenium.support.events.EventFiringWebDriver$EventFiringWebElement.lambda$new$0(EventFiringWebDriver.java:404)
	at jdk.proxy2/jdk.proxy2.$Proxy21.click(Unknown Source)
	at org.openqa.selenium.support.events.EventFiringWebDriver$EventFiringWebElement.click(EventFiringWebDriver.java:417)
	at org.openqa.selenium.WebElement$click.call(Unknown Source)
	at com.kms.katalon.core.webui.keyword.builtin.ClickKeyword.clickUntilSuccessWithTimeout(ClickKeyword.groovy:81)
	at com.kms.katalon.core.webui.keyword.builtin.ClickKeyword.clickUntilSuccessWithTimeout(ClickKeyword.groovy)
	at jdk.internal.reflect.GeneratedMethodAccessor8.invoke(Unknown Source)
	at java.base/jdk.internal.reflect.DelegatingMethodAccessorImpl.invoke(DelegatingMethodAccessorImpl.java:43)
	at com.kms.katalon.core.webui.keyword.builtin.ClickKeyword$_click_closure1.doCall(ClickKeyword.groovy:67)
	at com.kms.katalon.core.webui.keyword.builtin.ClickKeyword$_click_closure1.call(ClickKeyword.groovy)
	at com.kms.katalon.core.webui.keyword.internal.WebUIKeywordMain.runKeyword(WebUIKeywordMain.groovy:35)
	... 38 more


27-11-2024T18:04:57 - [TEST_STEP][PASSED] - callTestCase(findTestCase("1.Inicio/1.1Principal/Principal-home"), [:], STOP_ON_FAILURE): Call Test Case 'Test Cases/1.Inicio/1.1Principal/Principal-home' successfully

27-11-2024T18:04:57 - [TEST_CASE][PASSED] - Test Cases/1.Inicio/1.1Principal/Principal-home: Test Cases/1.Inicio/1.1Principal/Principal-home

27-11-2024T18:04:57 - [TEST_STEP][PASSED] - openBrowser(""): Browser is opened with url: ''

27-11-2024T18:04:57 - [MESSAGE][WARNING] - A browser is already opened. Closing browser and opening a new one

27-11-2024T18:04:59 - [MESSAGE][INFO] - Starting 'Firefox' driver

27-11-2024T18:04:59 - [MESSAGE][INFO] - Action delay is set to 0 milliseconds

27-11-2024T18:05:13 - [MESSAGE][PASSED] - Browser is opened with url: ''

27-11-2024T18:05:13 - [TEST_STEP][PASSED] - navigateToUrl("https://dev01-registrodeenvios.olvacourier.com/principal"): Navigate to 'https://dev01-registrodeenvios.olvacourier.com/principal' successfully

27-11-2024T18:05:16 - [MESSAGE][PASSED] - Navigate to 'https://dev01-registrodeenvios.olvacourier.com/principal' successfully

27-11-2024T18:05:16 - [TEST_STEP][PASSED] - maximizeWindow(): Current window maximized

27-11-2024T18:05:16 - [MESSAGE][PASSED] - Current window maximized

27-11-2024T18:05:16 - [MESSAGE][PASSED] - Call Test Case 'Test Cases/1.Inicio/1.1Principal/Principal-home' successfully

27-11-2024T18:05:16 - [TEST_STEP][FAILED] - callTestCase(findTestCase("1.Inicio/1.1Principal/Selec_sobre"), [:], STOP_ON_FAILURE): Unable to call Test Case 'Test Cases/1.Inicio/1.1Principal/Selec_sobre' (Root cause: com.kms.katalon.core.exception.StepFailedException: Call Test Case 'Test Cases/1.Inicio/1.1Principal/Selec_sobre' failed
	at com.kms.katalon.core.keyword.builtin.CallTestCaseKeyword$_callTestCase_closure1.doCall(CallTestCaseKeyword.groovy:63)
	at com.kms.katalon.core.keyword.builtin.CallTestCaseKeyword$_callTestCase_closure1.call(CallTestCaseKeyword.groovy)
	at com.kms.katalon.core.keyword.internal.KeywordMain.runKeyword(KeywordMain.groovy:75)
	at com.kms.katalon.core.keyword.builtin.CallTestCaseKeyword.callTestCase(CallTestCaseKeyword.groovy:81)
	at com.kms.katalon.core.keyword.builtin.CallTestCaseKeyword.execute(CallTestCaseKeyword.groovy:44)
	at com.kms.katalon.core.keyword.internal.KeywordExecutor.executeKeywordForPlatform(KeywordExecutor.groovy:74)
	at com.kms.katalon.core.keyword.BuiltinKeywords.callTestCase(BuiltinKeywords.groovy:310)
	at jdk.internal.reflect.GeneratedMethodAccessor25.invoke(Unknown Source)
	at java.base/jdk.internal.reflect.DelegatingMethodAccessorImpl.invoke(DelegatingMethodAccessorImpl.java:43)
	at EditarValorado.run(EditarValorado:22)
	at com.kms.katalon.core.main.ScriptEngine.run(ScriptEngine.java:194)
	at com.kms.katalon.core.main.ScriptEngine.runScriptAsRawText(ScriptEngine.java:119)
	at com.kms.katalon.core.main.TestCaseExecutor.runScript(TestCaseExecutor.java:448)
	at com.kms.katalon.core.main.TestCaseExecutor.doExecute(TestCaseExecutor.java:439)
	at com.kms.katalon.core.main.TestCaseExecutor.processExecutionPhase(TestCaseExecutor.java:418)
	at com.kms.katalon.core.main.TestCaseExecutor.accessMainPhase(TestCaseExecutor.java:410)
	at com.kms.katalon.core.main.TestCaseExecutor.execute(TestCaseExecutor.java:285)
	at com.kms.katalon.core.common.CommonExecutor.accessTestCaseMainPhase(CommonExecutor.java:65)
	at com.kms.katalon.core.main.TestSuiteExecutor.accessTestSuiteMainPhase(TestSuiteExecutor.java:150)
	at com.kms.katalon.core.main.TestSuiteExecutor.execute(TestSuiteExecutor.java:106)
	at com.kms.katalon.core.main.TestCaseMain.startTestSuite(TestCaseMain.java:180)
	at TempTestSuite1732745349578.run(TempTestSuite1732745349578.groovy:35)
	at java.base/jdk.internal.reflect.NativeMethodAccessorImpl.invoke0(Native Method)
	at java.base/jdk.internal.reflect.NativeMethodAccessorImpl.invoke(NativeMethodAccessorImpl.java:77)
	at java.base/jdk.internal.reflect.DelegatingMethodAccessorImpl.invoke(DelegatingMethodAccessorImpl.java:43)
Caused by: com.kms.katalon.core.exception.StepFailedException: Unable to click on object 'Object Repository/Principal/Page_Olva Courier  Home/button_CONTINUAR (2)'
	at com.kms.katalon.core.webui.keyword.internal.WebUIKeywordMain.stepFailed(WebUIKeywordMain.groovy:117)
	at com.kms.katalon.core.webui.keyword.internal.WebUIKeywordMain.runKeyword(WebUIKeywordMain.groovy:43)
	at com.kms.katalon.core.webui.keyword.builtin.ClickKeyword.click(ClickKeyword.groovy:74)
	at com.kms.katalon.core.webui.keyword.builtin.ClickKeyword.execute(ClickKeyword.groovy:40)
	at com.kms.katalon.core.keyword.internal.KeywordExecutor.executeKeywordForPlatform(KeywordExecutor.groovy:74)
	at com.kms.katalon.core.webui.keyword.WebUiBuiltInKeywords.click(WebUiBuiltInKeywords.groovy:659)
	at Selec_sobre.run(Selec_sobre:24)
	at com.kms.katalon.core.main.ScriptEngine.run(ScriptEngine.java:194)
	at com.kms.katalon.core.main.ScriptEngine.runScriptAsRawText(ScriptEngine.java:119)
	at com.kms.katalon.core.main.TestCaseExecutor.runScript(TestCaseExecutor.java:448)
	at com.kms.katalon.core.main.TestCaseExecutor.doExecute(TestCaseExecutor.java:439)
	at com.kms.katalon.core.main.TestCaseExecutor.processExecutionPhase(TestCaseExecutor.java:418)
	at com.kms.katalon.core.main.TestCaseExecutor.accessMainPhase(TestCaseExecutor.java:410)
	at com.kms.katalon.core.main.TestCaseExecutor.execute(TestCaseExecutor.java:285)
	at com.kms.katalon.core.main.TestCaseMain.runTestCase(TestCaseMain.java:137)
	at com.kms.katalon.core.keyword.builtin.CallTestCaseKeyword$_callTestCase_closure1.doCall(CallTestCaseKeyword.groovy:59)
	... 24 more
Caused by: org.openqa.selenium.ElementClickInterceptedException: Element <button id="btn_aceptar_tipo_envio" class="btn disabled" type="button"> is not clickable at point (683,588) because another element <form id="form_tipo_envio" class="registr_form" name="form_tipo_envio"> obscures it
Build info: version: '3.141.59', revision: 'unknown', time: 'unknown'
System info: host: 'DESKTOP-RGFFP9A', ip: '10.136.10.6', os.name: 'Windows 11', os.arch: 'amd64', os.version: '10.0', java.version: '17.0.7'
Driver info: com.kms.katalon.core.webui.driver.firefox.CGeckoDriver
Capabilities {acceptInsecureCerts: true, browserName: firefox, browserVersion: 133.0, javascriptEnabled: true, moz:accessibilityChecks: false, moz:buildID: 20241121140525, moz:geckodriverVersion: 0.35.0, moz:headless: false, moz:platformVersion: 10.0, moz:processID: 9608, moz:profile: C:\Users\OLVATI\AppData\Loc..., moz:shutdownTimeout: 60000, moz:webdriverClick: true, moz:windowless: false, pageLoadStrategy: normal, platform: WINDOWS, platformName: WINDOWS, proxy: Proxy(direct), setWindowRect: true, strictFileInteractability: false, timeouts: {implicit: 0, pageLoad: 300000, script: 30000}, unhandledPromptBehavior: dismiss and notify, userAgent: Mozilla/5.0 (Windows NT 10....}
Session ID: 86a7041d-3ff5-4f60-ada7-8131cb2aebdb
	at jdk.internal.reflect.GeneratedConstructorAccessor32.newInstance(Unknown Source)
	at java.base/jdk.internal.reflect.DelegatingConstructorAccessorImpl.newInstance(DelegatingConstructorAccessorImpl.java:45)
	at org.openqa.selenium.remote.http.W3CHttpResponseCodec.createException(W3CHttpResponseCodec.java:187)
	at org.openqa.selenium.remote.http.W3CHttpResponseCodec.decode(W3CHttpResponseCodec.java:122)
	at org.openqa.selenium.remote.http.W3CHttpResponseCodec.decode(W3CHttpResponseCodec.java:49)
	at org.openqa.selenium.remote.HttpCommandExecutor.execute(HttpCommandExecutor.java:158)
	at org.openqa.selenium.remote.service.DriverCommandExecutor.execute(DriverCommandExecutor.java:83)
	at org.openqa.selenium.remote.RemoteWebDriver.execute(RemoteWebDriver.java:552)
	at com.kms.katalon.selenium.driver.CFirefoxDriver.execute(CFirefoxDriver.java:28)
	at org.openqa.selenium.remote.RemoteWebElement.execute(RemoteWebElement.java:285)
	at org.openqa.selenium.remote.RemoteWebElement.click(RemoteWebElement.java:84)
	at jdk.internal.reflect.GeneratedMethodAccessor10.invoke(Unknown Source)
	at java.base/jdk.internal.reflect.DelegatingMethodAccessorImpl.invoke(DelegatingMethodAccessorImpl.java:43)
	at org.openqa.selenium.support.events.EventFiringWebDriver$EventFiringWebElement.lambda$new$0(EventFiringWebDriver.java:404)
	at jdk.proxy2/jdk.proxy2.$Proxy21.click(Unknown Source)
	at org.openqa.selenium.support.events.EventFiringWebDriver$EventFiringWebElement.click(EventFiringWebDriver.java:417)
	at org.openqa.selenium.WebElement$click.call(Unknown Source)
	at com.kms.katalon.core.webui.keyword.builtin.ClickKeyword.clickUntilSuccessWithTimeout(ClickKeyword.groovy:81)
	at com.kms.katalon.core.webui.keyword.builtin.ClickKeyword.clickUntilSuccessWithTimeout(ClickKeyword.groovy)
	at jdk.internal.reflect.GeneratedMethodAccessor8.invoke(Unknown Source)
	at java.base/jdk.internal.reflect.DelegatingMethodAccessorImpl.invoke(DelegatingMethodAccessorImpl.java:43)
	at com.kms.katalon.core.webui.keyword.builtin.ClickKeyword$_click_closure1.doCall(ClickKeyword.groovy:67)
	at com.kms.katalon.core.webui.keyword.builtin.ClickKeyword$_click_closure1.call(ClickKeyword.groovy)
	at com.kms.katalon.core.webui.keyword.internal.WebUIKeywordMain.runKeyword(WebUIKeywordMain.groovy:35)
	... 38 more
)

27-11-2024T18:05:16 - [TEST_CASE][FAILED] - Test Cases/1.Inicio/1.1Principal/Selec_sobre: Test Cases/1.Inicio/1.1Principal/Selec_sobre FAILED.
Reason:
com.kms.katalon.core.exception.StepFailedException: Unable to click on object 'Object Repository/Principal/Page_Olva Courier  Home/button_CONTINUAR (2)'
	at com.kms.katalon.core.webui.keyword.internal.WebUIKeywordMain.stepFailed(WebUIKeywordMain.groovy:117)
	at com.kms.katalon.core.webui.keyword.internal.WebUIKeywordMain.runKeyword(WebUIKeywordMain.groovy:43)
	at com.kms.katalon.core.webui.keyword.builtin.ClickKeyword.click(ClickKeyword.groovy:74)
	at com.kms.katalon.core.webui.keyword.builtin.ClickKeyword.execute(ClickKeyword.groovy:40)
	at com.kms.katalon.core.keyword.internal.KeywordExecutor.executeKeywordForPlatform(KeywordExecutor.groovy:74)
	at com.kms.katalon.core.webui.keyword.WebUiBuiltInKeywords.click(WebUiBuiltInKeywords.groovy:659)
	at Selec_sobre.run(Selec_sobre:24)
	at com.kms.katalon.core.main.ScriptEngine.run(ScriptEngine.java:194)
	at com.kms.katalon.core.main.ScriptEngine.runScriptAsRawText(ScriptEngine.java:119)
	at com.kms.katalon.core.main.TestCaseExecutor.runScript(TestCaseExecutor.java:448)
	at com.kms.katalon.core.main.TestCaseExecutor.doExecute(TestCaseExecutor.java:439)
	at com.kms.katalon.core.main.TestCaseExecutor.processExecutionPhase(TestCaseExecutor.java:418)
	at com.kms.katalon.core.main.TestCaseExecutor.accessMainPhase(TestCaseExecutor.java:410)
	at com.kms.katalon.core.main.TestCaseExecutor.execute(TestCaseExecutor.java:285)
	at com.kms.katalon.core.main.TestCaseMain.runTestCase(TestCaseMain.java:137)
	at com.kms.katalon.core.keyword.builtin.CallTestCaseKeyword$_callTestCase_closure1.doCall(CallTestCaseKeyword.groovy:59)
	at com.kms.katalon.core.keyword.builtin.CallTestCaseKeyword$_callTestCase_closure1.call(CallTestCaseKeyword.groovy)
	at com.kms.katalon.core.keyword.internal.KeywordMain.runKeyword(KeywordMain.groovy:75)
	at com.kms.katalon.core.keyword.builtin.CallTestCaseKeyword.callTestCase(CallTestCaseKeyword.groovy:81)
	at com.kms.katalon.core.keyword.builtin.CallTestCaseKeyword.execute(CallTestCaseKeyword.groovy:44)
	at com.kms.katalon.core.keyword.internal.KeywordExecutor.executeKeywordForPlatform(KeywordExecutor.groovy:74)
	at com.kms.katalon.core.keyword.BuiltinKeywords.callTestCase(BuiltinKeywords.groovy:310)
	at jdk.internal.reflect.GeneratedMethodAccessor25.invoke(Unknown Source)
	at java.base/jdk.internal.reflect.DelegatingMethodAccessorImpl.invoke(DelegatingMethodAccessorImpl.java:43)
	at EditarValorado.run(EditarValorado:22)
	at com.kms.katalon.core.main.ScriptEngine.run(ScriptEngine.java:194)
	at com.kms.katalon.core.main.ScriptEngine.runScriptAsRawText(ScriptEngine.java:119)
	at com.kms.katalon.core.main.TestCaseExecutor.runScript(TestCaseExecutor.java:448)
	at com.kms.katalon.core.main.TestCaseExecutor.doExecute(TestCaseExecutor.java:439)
	at com.kms.katalon.core.main.TestCaseExecutor.processExecutionPhase(TestCaseExecutor.java:418)
	at com.kms.katalon.core.main.TestCaseExecutor.accessMainPhase(TestCaseExecutor.java:410)
	at com.kms.katalon.core.main.TestCaseExecutor.execute(TestCaseExecutor.java:285)
	at com.kms.katalon.core.common.CommonExecutor.accessTestCaseMainPhase(CommonExecutor.java:65)
	at com.kms.katalon.core.main.TestSuiteExecutor.accessTestSuiteMainPhase(TestSuiteExecutor.java:150)
	at com.kms.katalon.core.main.TestSuiteExecutor.execute(TestSuiteExecutor.java:106)
	at com.kms.katalon.core.main.TestCaseMain.startTestSuite(TestCaseMain.java:180)
	at TempTestSuite1732745349578.run(TempTestSuite1732745349578.groovy:35)
	at java.base/jdk.internal.reflect.NativeMethodAccessorImpl.invoke0(Native Method)
	at java.base/jdk.internal.reflect.NativeMethodAccessorImpl.invoke(NativeMethodAccessorImpl.java:77)
	at java.base/jdk.internal.reflect.DelegatingMethodAccessorImpl.invoke(DelegatingMethodAccessorImpl.java:43)
Caused by: org.openqa.selenium.ElementClickInterceptedException: Element <button id="btn_aceptar_tipo_envio" class="btn disabled" type="button"> is not clickable at point (683,588) because another element <form id="form_tipo_envio" class="registr_form" name="form_tipo_envio"> obscures it
Build info: version: '3.141.59', revision: 'unknown', time: 'unknown'
System info: host: 'DESKTOP-RGFFP9A', ip: '10.136.10.6', os.name: 'Windows 11', os.arch: 'amd64', os.version: '10.0', java.version: '17.0.7'
Driver info: com.kms.katalon.core.webui.driver.firefox.CGeckoDriver
Capabilities {acceptInsecureCerts: true, browserName: firefox, browserVersion: 133.0, javascriptEnabled: true, moz:accessibilityChecks: false, moz:buildID: 20241121140525, moz:geckodriverVersion: 0.35.0, moz:headless: false, moz:platformVersion: 10.0, moz:processID: 9608, moz:profile: C:\Users\OLVATI\AppData\Loc..., moz:shutdownTimeout: 60000, moz:webdriverClick: true, moz:windowless: false, pageLoadStrategy: normal, platform: WINDOWS, platformName: WINDOWS, proxy: Proxy(direct), setWindowRect: true, strictFileInteractability: false, timeouts: {implicit: 0, pageLoad: 300000, script: 30000}, unhandledPromptBehavior: dismiss and notify, userAgent: Mozilla/5.0 (Windows NT 10....}
Session ID: 86a7041d-3ff5-4f60-ada7-8131cb2aebdb
	at jdk.internal.reflect.GeneratedConstructorAccessor32.newInstance(Unknown Source)
	at java.base/jdk.internal.reflect.DelegatingConstructorAccessorImpl.newInstance(DelegatingConstructorAccessorImpl.java:45)
	at org.openqa.selenium.remote.http.W3CHttpResponseCodec.createException(W3CHttpResponseCodec.java:187)
	at org.openqa.selenium.remote.http.W3CHttpResponseCodec.decode(W3CHttpResponseCodec.java:122)
	at org.openqa.selenium.remote.http.W3CHttpResponseCodec.decode(W3CHttpResponseCodec.java:49)
	at org.openqa.selenium.remote.HttpCommandExecutor.execute(HttpCommandExecutor.java:158)
	at org.openqa.selenium.remote.service.DriverCommandExecutor.execute(DriverCommandExecutor.java:83)
	at org.openqa.selenium.remote.RemoteWebDriver.execute(RemoteWebDriver.java:552)
	at com.kms.katalon.selenium.driver.CFirefoxDriver.execute(CFirefoxDriver.java:28)
	at org.openqa.selenium.remote.RemoteWebElement.execute(RemoteWebElement.java:285)
	at org.openqa.selenium.remote.RemoteWebElement.click(RemoteWebElement.java:84)
	at jdk.internal.reflect.GeneratedMethodAccessor10.invoke(Unknown Source)
	at java.base/jdk.internal.reflect.DelegatingMethodAccessorImpl.invoke(DelegatingMethodAccessorImpl.java:43)
	at org.openqa.selenium.support.events.EventFiringWebDriver$EventFiringWebElement.lambda$new$0(EventFiringWebDriver.java:404)
	at jdk.proxy2/jdk.proxy2.$Proxy21.click(Unknown Source)
	at org.openqa.selenium.support.events.EventFiringWebDriver$EventFiringWebElement.click(EventFiringWebDriver.java:417)
	at org.openqa.selenium.WebElement$click.call(Unknown Source)
	at com.kms.katalon.core.webui.keyword.builtin.ClickKeyword.clickUntilSuccessWithTimeout(ClickKeyword.groovy:81)
	at com.kms.katalon.core.webui.keyword.builtin.ClickKeyword.clickUntilSuccessWithTimeout(ClickKeyword.groovy)
	at jdk.internal.reflect.GeneratedMethodAccessor8.invoke(Unknown Source)
	at java.base/jdk.internal.reflect.DelegatingMethodAccessorImpl.invoke(DelegatingMethodAccessorImpl.java:43)
	at com.kms.katalon.core.webui.keyword.builtin.ClickKeyword$_click_closure1.doCall(ClickKeyword.groovy:67)
	at com.kms.katalon.core.webui.keyword.builtin.ClickKeyword$_click_closure1.call(ClickKeyword.groovy)
	at com.kms.katalon.core.webui.keyword.internal.WebUIKeywordMain.runKeyword(WebUIKeywordMain.groovy:35)
	... 38 more


27-11-2024T18:05:16 - [TEST_STEP][PASSED] - click(findTestObject("Object Repository/Principal/Page_Olva Courier  Home/img_Envo de cajas o paquetescon un peso mxi_37770f")): Object: 'Object Repository/Principal/Page_Olva Courier  Home/img_Envo de cajas o paquetescon un peso mxi_37770f' is clicked on

27-11-2024T18:05:16 - [MESSAGE][PASSED] - Object: 'Object Repository/Principal/Page_Olva Courier  Home/img_Envo de cajas o paquetescon un peso mxi_37770f' is clicked on

27-11-2024T18:05:16 - [TEST_STEP][PASSED] - click(findTestObject("Object Repository/Principal/Page_Olva Courier  Home/label_He ledo y acepto los trminos de uso y_adab65")): Object: 'Object Repository/Principal/Page_Olva Courier  Home/label_He ledo y acepto los trminos de uso y_adab65' is clicked on

27-11-2024T18:05:17 - [MESSAGE][PASSED] - Object: 'Object Repository/Principal/Page_Olva Courier  Home/label_He ledo y acepto los trminos de uso y_adab65' is clicked on

27-11-2024T18:05:17 - [TEST_STEP][FAILED] - click(findTestObject("Object Repository/Principal/Page_Olva Courier  Home/button_CONTINUAR (2)")): Unable to click on object 'Object Repository/Principal/Page_Olva Courier  Home/button_CONTINUAR (2)' (Root cause: com.kms.katalon.core.exception.StepFailedException: Unable to click on object 'Object Repository/Principal/Page_Olva Courier  Home/button_CONTINUAR (2)'
	at com.kms.katalon.core.webui.keyword.internal.WebUIKeywordMain.stepFailed(WebUIKeywordMain.groovy:117)
	at com.kms.katalon.core.webui.keyword.internal.WebUIKeywordMain.runKeyword(WebUIKeywordMain.groovy:43)
	at com.kms.katalon.core.webui.keyword.builtin.ClickKeyword.click(ClickKeyword.groovy:74)
	at com.kms.katalon.core.webui.keyword.builtin.ClickKeyword.execute(ClickKeyword.groovy:40)
	at com.kms.katalon.core.keyword.internal.KeywordExecutor.executeKeywordForPlatform(KeywordExecutor.groovy:74)
	at com.kms.katalon.core.webui.keyword.WebUiBuiltInKeywords.click(WebUiBuiltInKeywords.groovy:659)
	at Selec_sobre.run(Selec_sobre:24)
	at com.kms.katalon.core.main.ScriptEngine.run(ScriptEngine.java:194)
	at com.kms.katalon.core.main.ScriptEngine.runScriptAsRawText(ScriptEngine.java:119)
	at com.kms.katalon.core.main.TestCaseExecutor.runScript(TestCaseExecutor.java:448)
	at com.kms.katalon.core.main.TestCaseExecutor.doExecute(TestCaseExecutor.java:439)
	at com.kms.katalon.core.main.TestCaseExecutor.processExecutionPhase(TestCaseExecutor.java:418)
	at com.kms.katalon.core.main.TestCaseExecutor.accessMainPhase(TestCaseExecutor.java:410)
	at com.kms.katalon.core.main.TestCaseExecutor.execute(TestCaseExecutor.java:285)
	at com.kms.katalon.core.main.TestCaseMain.runTestCase(TestCaseMain.java:137)
	at com.kms.katalon.core.keyword.builtin.CallTestCaseKeyword$_callTestCase_closure1.doCall(CallTestCaseKeyword.groovy:59)
	at com.kms.katalon.core.keyword.builtin.CallTestCaseKeyword$_callTestCase_closure1.call(CallTestCaseKeyword.groovy)
	at com.kms.katalon.core.keyword.internal.KeywordMain.runKeyword(KeywordMain.groovy:75)
	at com.kms.katalon.core.keyword.builtin.CallTestCaseKeyword.callTestCase(CallTestCaseKeyword.groovy:81)
	at com.kms.katalon.core.keyword.builtin.CallTestCaseKeyword.execute(CallTestCaseKeyword.groovy:44)
	at com.kms.katalon.core.keyword.internal.KeywordExecutor.executeKeywordForPlatform(KeywordExecutor.groovy:74)
	at com.kms.katalon.core.keyword.BuiltinKeywords.callTestCase(BuiltinKeywords.groovy:310)
	at jdk.internal.reflect.GeneratedMethodAccessor25.invoke(Unknown Source)
	at java.base/jdk.internal.reflect.DelegatingMethodAccessorImpl.invoke(DelegatingMethodAccessorImpl.java:43)
	at EditarValorado.run(EditarValorado:22)
	at com.kms.katalon.core.main.ScriptEngine.run(ScriptEngine.java:194)
	at com.kms.katalon.core.main.ScriptEngine.runScriptAsRawText(ScriptEngine.java:119)
	at com.kms.katalon.core.main.TestCaseExecutor.runScript(TestCaseExecutor.java:448)
	at com.kms.katalon.core.main.TestCaseExecutor.doExecute(TestCaseExecutor.java:439)
	at com.kms.katalon.core.main.TestCaseExecutor.processExecutionPhase(TestCaseExecutor.java:418)
	at com.kms.katalon.core.main.TestCaseExecutor.accessMainPhase(TestCaseExecutor.java:410)
	at com.kms.katalon.core.main.TestCaseExecutor.execute(TestCaseExecutor.java:285)
	at com.kms.katalon.core.common.CommonExecutor.accessTestCaseMainPhase(CommonExecutor.java:65)
	at com.kms.katalon.core.main.TestSuiteExecutor.accessTestSuiteMainPhase(TestSuiteExecutor.java:150)
	at com.kms.katalon.core.main.TestSuiteExecutor.execute(TestSuiteExecutor.java:106)
	at com.kms.katalon.core.main.TestCaseMain.startTestSuite(TestCaseMain.java:180)
	at TempTestSuite1732745349578.run(TempTestSuite1732745349578.groovy:35)
	at java.base/jdk.internal.reflect.NativeMethodAccessorImpl.invoke0(Native Method)
	at java.base/jdk.internal.reflect.NativeMethodAccessorImpl.invoke(NativeMethodAccessorImpl.java:77)
	at java.base/jdk.internal.reflect.DelegatingMethodAccessorImpl.invoke(DelegatingMethodAccessorImpl.java:43)
Caused by: org.openqa.selenium.ElementClickInterceptedException: Element <button id="btn_aceptar_tipo_envio" class="btn disabled" type="button"> is not clickable at point (683,588) because another element <form id="form_tipo_envio" class="registr_form" name="form_tipo_envio"> obscures it
Build info: version: '3.141.59', revision: 'unknown', time: 'unknown'
System info: host: 'DESKTOP-RGFFP9A', ip: '10.136.10.6', os.name: 'Windows 11', os.arch: 'amd64', os.version: '10.0', java.version: '17.0.7'
Driver info: com.kms.katalon.core.webui.driver.firefox.CGeckoDriver
Capabilities {acceptInsecureCerts: true, browserName: firefox, browserVersion: 133.0, javascriptEnabled: true, moz:accessibilityChecks: false, moz:buildID: 20241121140525, moz:geckodriverVersion: 0.35.0, moz:headless: false, moz:platformVersion: 10.0, moz:processID: 9608, moz:profile: C:\Users\OLVATI\AppData\Loc..., moz:shutdownTimeout: 60000, moz:webdriverClick: true, moz:windowless: false, pageLoadStrategy: normal, platform: WINDOWS, platformName: WINDOWS, proxy: Proxy(direct), setWindowRect: true, strictFileInteractability: false, timeouts: {implicit: 0, pageLoad: 300000, script: 30000}, unhandledPromptBehavior: dismiss and notify, userAgent: Mozilla/5.0 (Windows NT 10....}
Session ID: 86a7041d-3ff5-4f60-ada7-8131cb2aebdb
	at jdk.internal.reflect.GeneratedConstructorAccessor32.newInstance(Unknown Source)
	at java.base/jdk.internal.reflect.DelegatingConstructorAccessorImpl.newInstance(DelegatingConstructorAccessorImpl.java:45)
	at org.openqa.selenium.remote.http.W3CHttpResponseCodec.createException(W3CHttpResponseCodec.java:187)
	at org.openqa.selenium.remote.http.W3CHttpResponseCodec.decode(W3CHttpResponseCodec.java:122)
	at org.openqa.selenium.remote.http.W3CHttpResponseCodec.decode(W3CHttpResponseCodec.java:49)
	at org.openqa.selenium.remote.HttpCommandExecutor.execute(HttpCommandExecutor.java:158)
	at org.openqa.selenium.remote.service.DriverCommandExecutor.execute(DriverCommandExecutor.java:83)
	at org.openqa.selenium.remote.RemoteWebDriver.execute(RemoteWebDriver.java:552)
	at com.kms.katalon.selenium.driver.CFirefoxDriver.execute(CFirefoxDriver.java:28)
	at org.openqa.selenium.remote.RemoteWebElement.execute(RemoteWebElement.java:285)
	at org.openqa.selenium.remote.RemoteWebElement.click(RemoteWebElement.java:84)
	at jdk.internal.reflect.GeneratedMethodAccessor10.invoke(Unknown Source)
	at java.base/jdk.internal.reflect.DelegatingMethodAccessorImpl.invoke(DelegatingMethodAccessorImpl.java:43)
	at org.openqa.selenium.support.events.EventFiringWebDriver$EventFiringWebElement.lambda$new$0(EventFiringWebDriver.java:404)
	at jdk.proxy2/jdk.proxy2.$Proxy21.click(Unknown Source)
	at org.openqa.selenium.support.events.EventFiringWebDriver$EventFiringWebElement.click(EventFiringWebDriver.java:417)
	at org.openqa.selenium.WebElement$click.call(Unknown Source)
	at com.kms.katalon.core.webui.keyword.builtin.ClickKeyword.clickUntilSuccessWithTimeout(ClickKeyword.groovy:81)
	at com.kms.katalon.core.webui.keyword.builtin.ClickKeyword.clickUntilSuccessWithTimeout(ClickKeyword.groovy)
	at jdk.internal.reflect.GeneratedMethodAccessor8.invoke(Unknown Source)
	at java.base/jdk.internal.reflect.DelegatingMethodAccessorImpl.invoke(DelegatingMethodAccessorImpl.java:43)
	at com.kms.katalon.core.webui.keyword.builtin.ClickKeyword$_click_closure1.doCall(ClickKeyword.groovy:67)
	at com.kms.katalon.core.webui.keyword.builtin.ClickKeyword$_click_closure1.call(ClickKeyword.groovy)
	at com.kms.katalon.core.webui.keyword.internal.WebUIKeywordMain.runKeyword(WebUIKeywordMain.groovy:35)
	at com.kms.katalon.core.webui.keyword.builtin.ClickKeyword.click(ClickKeyword.groovy:74)
	at com.kms.katalon.core.webui.keyword.builtin.ClickKeyword.execute(ClickKeyword.groovy:40)
	at com.kms.katalon.core.keyword.internal.KeywordExecutor.executeKeywordForPlatform(KeywordExecutor.groovy:74)
	at com.kms.katalon.core.webui.keyword.WebUiBuiltInKeywords.click(WebUiBuiltInKeywords.groovy:659)
	at Script1732083570761.run(Script1732083570761.groovy:24)
	at com.kms.katalon.core.main.ScriptEngine.run(ScriptEngine.java:194)
	at com.kms.katalon.core.main.ScriptEngine.runScriptAsRawText(ScriptEngine.java:119)
	at com.kms.katalon.core.main.TestCaseExecutor.runScript(TestCaseExecutor.java:448)
	at com.kms.katalon.core.main.TestCaseExecutor.doExecute(TestCaseExecutor.java:439)
	at com.kms.katalon.core.main.TestCaseExecutor.processExecutionPhase(TestCaseExecutor.java:418)
	at com.kms.katalon.core.main.TestCaseExecutor.accessMainPhase(TestCaseExecutor.java:410)
	at com.kms.katalon.core.main.TestCaseExecutor.execute(TestCaseExecutor.java:285)
	at com.kms.katalon.core.main.TestCaseMain.runTestCase(TestCaseMain.java:137)
	at com.kms.katalon.core.keyword.builtin.CallTestCaseKeyword$_callTestCase_closure1.doCall(CallTestCaseKeyword.groovy:59)
	at com.kms.katalon.core.keyword.builtin.CallTestCaseKeyword$_callTestCase_closure1.call(CallTestCaseKeyword.groovy)
	at com.kms.katalon.core.keyword.internal.KeywordMain.runKeyword(KeywordMain.groovy:75)
	at com.kms.katalon.core.keyword.builtin.CallTestCaseKeyword.callTestCase(CallTestCaseKeyword.groovy:81)
	at com.kms.katalon.core.keyword.builtin.CallTestCaseKeyword.execute(CallTestCaseKeyword.groovy:44)
	at com.kms.katalon.core.keyword.internal.KeywordExecutor.executeKeywordForPlatform(KeywordExecutor.groovy:74)
	at com.kms.katalon.core.keyword.BuiltinKeywords.callTestCase(BuiltinKeywords.groovy:310)
	at jdk.internal.reflect.GeneratedMethodAccessor25.invoke(Unknown Source)
	at java.base/jdk.internal.reflect.DelegatingMethodAccessorImpl.invoke(DelegatingMethodAccessorImpl.java:43)
	at Script1732341471695.run(Script1732341471695.groovy:22)
	... 15 more
)

27-11-2024T18:05:48 - [MESSAGE][FAILED] - Unable to click on object 'Object Repository/Principal/Page_Olva Courier  Home/button_CONTINUAR (2)' (Root cause: com.kms.katalon.core.exception.StepFailedException: Unable to click on object 'Object Repository/Principal/Page_Olva Courier  Home/button_CONTINUAR (2)'
	at com.kms.katalon.core.webui.keyword.internal.WebUIKeywordMain.stepFailed(WebUIKeywordMain.groovy:117)
	at com.kms.katalon.core.webui.keyword.internal.WebUIKeywordMain.runKeyword(WebUIKeywordMain.groovy:43)
	at com.kms.katalon.core.webui.keyword.builtin.ClickKeyword.click(ClickKeyword.groovy:74)
	at com.kms.katalon.core.webui.keyword.builtin.ClickKeyword.execute(ClickKeyword.groovy:40)
	at com.kms.katalon.core.keyword.internal.KeywordExecutor.executeKeywordForPlatform(KeywordExecutor.groovy:74)
	at com.kms.katalon.core.webui.keyword.WebUiBuiltInKeywords.click(WebUiBuiltInKeywords.groovy:659)
	at Selec_sobre.run(Selec_sobre:24)
	at com.kms.katalon.core.main.ScriptEngine.run(ScriptEngine.java:194)
	at com.kms.katalon.core.main.ScriptEngine.runScriptAsRawText(ScriptEngine.java:119)
	at com.kms.katalon.core.main.TestCaseExecutor.runScript(TestCaseExecutor.java:448)
	at com.kms.katalon.core.main.TestCaseExecutor.doExecute(TestCaseExecutor.java:439)
	at com.kms.katalon.core.main.TestCaseExecutor.processExecutionPhase(TestCaseExecutor.java:418)
	at com.kms.katalon.core.main.TestCaseExecutor.accessMainPhase(TestCaseExecutor.java:410)
	at com.kms.katalon.core.main.TestCaseExecutor.execute(TestCaseExecutor.java:285)
	at com.kms.katalon.core.main.TestCaseMain.runTestCase(TestCaseMain.java:137)
	at com.kms.katalon.core.keyword.builtin.CallTestCaseKeyword$_callTestCase_closure1.doCall(CallTestCaseKeyword.groovy:59)
	at com.kms.katalon.core.keyword.builtin.CallTestCaseKeyword$_callTestCase_closure1.call(CallTestCaseKeyword.groovy)
	at com.kms.katalon.core.keyword.internal.KeywordMain.runKeyword(KeywordMain.groovy:75)
	at com.kms.katalon.core.keyword.builtin.CallTestCaseKeyword.callTestCase(CallTestCaseKeyword.groovy:81)
	at com.kms.katalon.core.keyword.builtin.CallTestCaseKeyword.execute(CallTestCaseKeyword.groovy:44)
	at com.kms.katalon.core.keyword.internal.KeywordExecutor.executeKeywordForPlatform(KeywordExecutor.groovy:74)
	at com.kms.katalon.core.keyword.BuiltinKeywords.callTestCase(BuiltinKeywords.groovy:310)
	at jdk.internal.reflect.GeneratedMethodAccessor25.invoke(Unknown Source)
	at java.base/jdk.internal.reflect.DelegatingMethodAccessorImpl.invoke(DelegatingMethodAccessorImpl.java:43)
	at EditarValorado.run(EditarValorado:22)
	at com.kms.katalon.core.main.ScriptEngine.run(ScriptEngine.java:194)
	at com.kms.katalon.core.main.ScriptEngine.runScriptAsRawText(ScriptEngine.java:119)
	at com.kms.katalon.core.main.TestCaseExecutor.runScript(TestCaseExecutor.java:448)
	at com.kms.katalon.core.main.TestCaseExecutor.doExecute(TestCaseExecutor.java:439)
	at com.kms.katalon.core.main.TestCaseExecutor.processExecutionPhase(TestCaseExecutor.java:418)
	at com.kms.katalon.core.main.TestCaseExecutor.accessMainPhase(TestCaseExecutor.java:410)
	at com.kms.katalon.core.main.TestCaseExecutor.execute(TestCaseExecutor.java:285)
	at com.kms.katalon.core.common.CommonExecutor.accessTestCaseMainPhase(CommonExecutor.java:65)
	at com.kms.katalon.core.main.TestSuiteExecutor.accessTestSuiteMainPhase(TestSuiteExecutor.java:150)
	at com.kms.katalon.core.main.TestSuiteExecutor.execute(TestSuiteExecutor.java:106)
	at com.kms.katalon.core.main.TestCaseMain.startTestSuite(TestCaseMain.java:180)
	at TempTestSuite1732745349578.run(TempTestSuite1732745349578.groovy:35)
	at java.base/jdk.internal.reflect.NativeMethodAccessorImpl.invoke0(Native Method)
	at java.base/jdk.internal.reflect.NativeMethodAccessorImpl.invoke(NativeMethodAccessorImpl.java:77)
	at java.base/jdk.internal.reflect.DelegatingMethodAccessorImpl.invoke(DelegatingMethodAccessorImpl.java:43)
Caused by: org.openqa.selenium.ElementClickInterceptedException: Element <button id="btn_aceptar_tipo_envio" class="btn disabled" type="button"> is not clickable at point (683,588) because another element <form id="form_tipo_envio" class="registr_form" name="form_tipo_envio"> obscures it
Build info: version: '3.141.59', revision: 'unknown', time: 'unknown'
System info: host: 'DESKTOP-RGFFP9A', ip: '10.136.10.6', os.name: 'Windows 11', os.arch: 'amd64', os.version: '10.0', java.version: '17.0.7'
Driver info: com.kms.katalon.core.webui.driver.firefox.CGeckoDriver
Capabilities {acceptInsecureCerts: true, browserName: firefox, browserVersion: 133.0, javascriptEnabled: true, moz:accessibilityChecks: false, moz:buildID: 20241121140525, moz:geckodriverVersion: 0.35.0, moz:headless: false, moz:platformVersion: 10.0, moz:processID: 9608, moz:profile: C:\Users\OLVATI\AppData\Loc..., moz:shutdownTimeout: 60000, moz:webdriverClick: true, moz:windowless: false, pageLoadStrategy: normal, platform: WINDOWS, platformName: WINDOWS, proxy: Proxy(direct), setWindowRect: true, strictFileInteractability: false, timeouts: {implicit: 0, pageLoad: 300000, script: 30000}, unhandledPromptBehavior: dismiss and notify, userAgent: Mozilla/5.0 (Windows NT 10....}
Session ID: 86a7041d-3ff5-4f60-ada7-8131cb2aebdb
	at jdk.internal.reflect.GeneratedConstructorAccessor32.newInstance(Unknown Source)
	at java.base/jdk.internal.reflect.DelegatingConstructorAccessorImpl.newInstance(DelegatingConstructorAccessorImpl.java:45)
	at org.openqa.selenium.remote.http.W3CHttpResponseCodec.createException(W3CHttpResponseCodec.java:187)
	at org.openqa.selenium.remote.http.W3CHttpResponseCodec.decode(W3CHttpResponseCodec.java:122)
	at org.openqa.selenium.remote.http.W3CHttpResponseCodec.decode(W3CHttpResponseCodec.java:49)
	at org.openqa.selenium.remote.HttpCommandExecutor.execute(HttpCommandExecutor.java:158)
	at org.openqa.selenium.remote.service.DriverCommandExecutor.execute(DriverCommandExecutor.java:83)
	at org.openqa.selenium.remote.RemoteWebDriver.execute(RemoteWebDriver.java:552)
	at com.kms.katalon.selenium.driver.CFirefoxDriver.execute(CFirefoxDriver.java:28)
	at org.openqa.selenium.remote.RemoteWebElement.execute(RemoteWebElement.java:285)
	at org.openqa.selenium.remote.RemoteWebElement.click(RemoteWebElement.java:84)
	at jdk.internal.reflect.GeneratedMethodAccessor10.invoke(Unknown Source)
	at java.base/jdk.internal.reflect.DelegatingMethodAccessorImpl.invoke(DelegatingMethodAccessorImpl.java:43)
	at org.openqa.selenium.support.events.EventFiringWebDriver$EventFiringWebElement.lambda$new$0(EventFiringWebDriver.java:404)
	at jdk.proxy2/jdk.proxy2.$Proxy21.click(Unknown Source)
	at org.openqa.selenium.support.events.EventFiringWebDriver$EventFiringWebElement.click(EventFiringWebDriver.java:417)
	at org.openqa.selenium.WebElement$click.call(Unknown Source)
	at com.kms.katalon.core.webui.keyword.builtin.ClickKeyword.clickUntilSuccessWithTimeout(ClickKeyword.groovy:81)
	at com.kms.katalon.core.webui.keyword.builtin.ClickKeyword.clickUntilSuccessWithTimeout(ClickKeyword.groovy)
	at jdk.internal.reflect.GeneratedMethodAccessor8.invoke(Unknown Source)
	at java.base/jdk.internal.reflect.DelegatingMethodAccessorImpl.invoke(DelegatingMethodAccessorImpl.java:43)
	at com.kms.katalon.core.webui.keyword.builtin.ClickKeyword$_click_closure1.doCall(ClickKeyword.groovy:67)
	at com.kms.katalon.core.webui.keyword.builtin.ClickKeyword$_click_closure1.call(ClickKeyword.groovy)
	at com.kms.katalon.core.webui.keyword.internal.WebUIKeywordMain.runKeyword(WebUIKeywordMain.groovy:35)
	at com.kms.katalon.core.webui.keyword.builtin.ClickKeyword.click(ClickKeyword.groovy:74)
	at com.kms.katalon.core.webui.keyword.builtin.ClickKeyword.execute(ClickKeyword.groovy:40)
	at com.kms.katalon.core.keyword.internal.KeywordExecutor.executeKeywordForPlatform(KeywordExecutor.groovy:74)
	at com.kms.katalon.core.webui.keyword.WebUiBuiltInKeywords.click(WebUiBuiltInKeywords.groovy:659)
	at Script1732083570761.run(Script1732083570761.groovy:24)
	at com.kms.katalon.core.main.ScriptEngine.run(ScriptEngine.java:194)
	at com.kms.katalon.core.main.ScriptEngine.runScriptAsRawText(ScriptEngine.java:119)
	at com.kms.katalon.core.main.TestCaseExecutor.runScript(TestCaseExecutor.java:448)
	at com.kms.katalon.core.main.TestCaseExecutor.doExecute(TestCaseExecutor.java:439)
	at com.kms.katalon.core.main.TestCaseExecutor.processExecutionPhase(TestCaseExecutor.java:418)
	at com.kms.katalon.core.main.TestCaseExecutor.accessMainPhase(TestCaseExecutor.java:410)
	at com.kms.katalon.core.main.TestCaseExecutor.execute(TestCaseExecutor.java:285)
	at com.kms.katalon.core.main.TestCaseMain.runTestCase(TestCaseMain.java:137)
	at com.kms.katalon.core.keyword.builtin.CallTestCaseKeyword$_callTestCase_closure1.doCall(CallTestCaseKeyword.groovy:59)
	at com.kms.katalon.core.keyword.builtin.CallTestCaseKeyword$_callTestCase_closure1.call(CallTestCaseKeyword.groovy)
	at com.kms.katalon.core.keyword.internal.KeywordMain.runKeyword(KeywordMain.groovy:75)
	at com.kms.katalon.core.keyword.builtin.CallTestCaseKeyword.callTestCase(CallTestCaseKeyword.groovy:81)
	at com.kms.katalon.core.keyword.builtin.CallTestCaseKeyword.execute(CallTestCaseKeyword.groovy:44)
	at com.kms.katalon.core.keyword.internal.KeywordExecutor.executeKeywordForPlatform(KeywordExecutor.groovy:74)
	at com.kms.katalon.core.keyword.BuiltinKeywords.callTestCase(BuiltinKeywords.groovy:310)
	at jdk.internal.reflect.GeneratedMethodAccessor25.invoke(Unknown Source)
	at java.base/jdk.internal.reflect.DelegatingMethodAccessorImpl.invoke(DelegatingMethodAccessorImpl.java:43)
	at Script1732341471695.run(Script1732341471695.groovy:22)
	... 15 more
)

27-11-2024T18:05:48 - [MESSAGE][FAILED] - Unable to call Test Case 'Test Cases/1.Inicio/1.1Principal/Selec_sobre' (Root cause: com.kms.katalon.core.exception.StepFailedException: Call Test Case 'Test Cases/1.Inicio/1.1Principal/Selec_sobre' failed
	at com.kms.katalon.core.keyword.builtin.CallTestCaseKeyword$_callTestCase_closure1.doCall(CallTestCaseKeyword.groovy:63)
	at com.kms.katalon.core.keyword.builtin.CallTestCaseKeyword$_callTestCase_closure1.call(CallTestCaseKeyword.groovy)
	at com.kms.katalon.core.keyword.internal.KeywordMain.runKeyword(KeywordMain.groovy:75)
	at com.kms.katalon.core.keyword.builtin.CallTestCaseKeyword.callTestCase(CallTestCaseKeyword.groovy:81)
	at com.kms.katalon.core.keyword.builtin.CallTestCaseKeyword.execute(CallTestCaseKeyword.groovy:44)
	at com.kms.katalon.core.keyword.internal.KeywordExecutor.executeKeywordForPlatform(KeywordExecutor.groovy:74)
	at com.kms.katalon.core.keyword.BuiltinKeywords.callTestCase(BuiltinKeywords.groovy:310)
	at jdk.internal.reflect.GeneratedMethodAccessor25.invoke(Unknown Source)
	at java.base/jdk.internal.reflect.DelegatingMethodAccessorImpl.invoke(DelegatingMethodAccessorImpl.java:43)
	at EditarValorado.run(EditarValorado:22)
	at com.kms.katalon.core.main.ScriptEngine.run(ScriptEngine.java:194)
	at com.kms.katalon.core.main.ScriptEngine.runScriptAsRawText(ScriptEngine.java:119)
	at com.kms.katalon.core.main.TestCaseExecutor.runScript(TestCaseExecutor.java:448)
	at com.kms.katalon.core.main.TestCaseExecutor.doExecute(TestCaseExecutor.java:439)
	at com.kms.katalon.core.main.TestCaseExecutor.processExecutionPhase(TestCaseExecutor.java:418)
	at com.kms.katalon.core.main.TestCaseExecutor.accessMainPhase(TestCaseExecutor.java:410)
	at com.kms.katalon.core.main.TestCaseExecutor.execute(TestCaseExecutor.java:285)
	at com.kms.katalon.core.common.CommonExecutor.accessTestCaseMainPhase(CommonExecutor.java:65)
	at com.kms.katalon.core.main.TestSuiteExecutor.accessTestSuiteMainPhase(TestSuiteExecutor.java:150)
	at com.kms.katalon.core.main.TestSuiteExecutor.execute(TestSuiteExecutor.java:106)
	at com.kms.katalon.core.main.TestCaseMain.startTestSuite(TestCaseMain.java:180)
	at TempTestSuite1732745349578.run(TempTestSuite1732745349578.groovy:35)
	at java.base/jdk.internal.reflect.NativeMethodAccessorImpl.invoke0(Native Method)
	at java.base/jdk.internal.reflect.NativeMethodAccessorImpl.invoke(NativeMethodAccessorImpl.java:77)
	at java.base/jdk.internal.reflect.DelegatingMethodAccessorImpl.invoke(DelegatingMethodAccessorImpl.java:43)
Caused by: com.kms.katalon.core.exception.StepFailedException: Unable to click on object 'Object Repository/Principal/Page_Olva Courier  Home/button_CONTINUAR (2)'
	at com.kms.katalon.core.webui.keyword.internal.WebUIKeywordMain.stepFailed(WebUIKeywordMain.groovy:117)
	at com.kms.katalon.core.webui.keyword.internal.WebUIKeywordMain.runKeyword(WebUIKeywordMain.groovy:43)
	at com.kms.katalon.core.webui.keyword.builtin.ClickKeyword.click(ClickKeyword.groovy:74)
	at com.kms.katalon.core.webui.keyword.builtin.ClickKeyword.execute(ClickKeyword.groovy:40)
	at com.kms.katalon.core.keyword.internal.KeywordExecutor.executeKeywordForPlatform(KeywordExecutor.groovy:74)
	at com.kms.katalon.core.webui.keyword.WebUiBuiltInKeywords.click(WebUiBuiltInKeywords.groovy:659)
	at Selec_sobre.run(Selec_sobre:24)
	at com.kms.katalon.core.main.ScriptEngine.run(ScriptEngine.java:194)
	at com.kms.katalon.core.main.ScriptEngine.runScriptAsRawText(ScriptEngine.java:119)
	at com.kms.katalon.core.main.TestCaseExecutor.runScript(TestCaseExecutor.java:448)
	at com.kms.katalon.core.main.TestCaseExecutor.doExecute(TestCaseExecutor.java:439)
	at com.kms.katalon.core.main.TestCaseExecutor.processExecutionPhase(TestCaseExecutor.java:418)
	at com.kms.katalon.core.main.TestCaseExecutor.accessMainPhase(TestCaseExecutor.java:410)
	at com.kms.katalon.core.main.TestCaseExecutor.execute(TestCaseExecutor.java:285)
	at com.kms.katalon.core.main.TestCaseMain.runTestCase(TestCaseMain.java:137)
	at com.kms.katalon.core.keyword.builtin.CallTestCaseKeyword$_callTestCase_closure1.doCall(CallTestCaseKeyword.groovy:59)
	... 24 more
Caused by: org.openqa.selenium.ElementClickInterceptedException: Element <button id="btn_aceptar_tipo_envio" class="btn disabled" type="button"> is not clickable at point (683,588) because another element <form id="form_tipo_envio" class="registr_form" name="form_tipo_envio"> obscures it
Build info: version: '3.141.59', revision: 'unknown', time: 'unknown'
System info: host: 'DESKTOP-RGFFP9A', ip: '10.136.10.6', os.name: 'Windows 11', os.arch: 'amd64', os.version: '10.0', java.version: '17.0.7'
Driver info: com.kms.katalon.core.webui.driver.firefox.CGeckoDriver
Capabilities {acceptInsecureCerts: true, browserName: firefox, browserVersion: 133.0, javascriptEnabled: true, moz:accessibilityChecks: false, moz:buildID: 20241121140525, moz:geckodriverVersion: 0.35.0, moz:headless: false, moz:platformVersion: 10.0, moz:processID: 9608, moz:profile: C:\Users\OLVATI\AppData\Loc..., moz:shutdownTimeout: 60000, moz:webdriverClick: true, moz:windowless: false, pageLoadStrategy: normal, platform: WINDOWS, platformName: WINDOWS, proxy: Proxy(direct), setWindowRect: true, strictFileInteractability: false, timeouts: {implicit: 0, pageLoad: 300000, script: 30000}, unhandledPromptBehavior: dismiss and notify, userAgent: Mozilla/5.0 (Windows NT 10....}
Session ID: 86a7041d-3ff5-4f60-ada7-8131cb2aebdb
	at jdk.internal.reflect.GeneratedConstructorAccessor32.newInstance(Unknown Source)
	at java.base/jdk.internal.reflect.DelegatingConstructorAccessorImpl.newInstance(DelegatingConstructorAccessorImpl.java:45)
	at org.openqa.selenium.remote.http.W3CHttpResponseCodec.createException(W3CHttpResponseCodec.java:187)
	at org.openqa.selenium.remote.http.W3CHttpResponseCodec.decode(W3CHttpResponseCodec.java:122)
	at org.openqa.selenium.remote.http.W3CHttpResponseCodec.decode(W3CHttpResponseCodec.java:49)
	at org.openqa.selenium.remote.HttpCommandExecutor.execute(HttpCommandExecutor.java:158)
	at org.openqa.selenium.remote.service.DriverCommandExecutor.execute(DriverCommandExecutor.java:83)
	at org.openqa.selenium.remote.RemoteWebDriver.execute(RemoteWebDriver.java:552)
	at com.kms.katalon.selenium.driver.CFirefoxDriver.execute(CFirefoxDriver.java:28)
	at org.openqa.selenium.remote.RemoteWebElement.execute(RemoteWebElement.java:285)
	at org.openqa.selenium.remote.RemoteWebElement.click(RemoteWebElement.java:84)
	at jdk.internal.reflect.GeneratedMethodAccessor10.invoke(Unknown Source)
	at java.base/jdk.internal.reflect.DelegatingMethodAccessorImpl.invoke(DelegatingMethodAccessorImpl.java:43)
	at org.openqa.selenium.support.events.EventFiringWebDriver$EventFiringWebElement.lambda$new$0(EventFiringWebDriver.java:404)
	at jdk.proxy2/jdk.proxy2.$Proxy21.click(Unknown Source)
	at org.openqa.selenium.support.events.EventFiringWebDriver$EventFiringWebElement.click(EventFiringWebDriver.java:417)
	at org.openqa.selenium.WebElement$click.call(Unknown Source)
	at com.kms.katalon.core.webui.keyword.builtin.ClickKeyword.clickUntilSuccessWithTimeout(ClickKeyword.groovy:81)
	at com.kms.katalon.core.webui.keyword.builtin.ClickKeyword.clickUntilSuccessWithTimeout(ClickKeyword.groovy)
	at jdk.internal.reflect.GeneratedMethodAccessor8.invoke(Unknown Source)
	at java.base/jdk.internal.reflect.DelegatingMethodAccessorImpl.invoke(DelegatingMethodAccessorImpl.java:43)
	at com.kms.katalon.core.webui.keyword.builtin.ClickKeyword$_click_closure1.doCall(ClickKeyword.groovy:67)
	at com.kms.katalon.core.webui.keyword.builtin.ClickKeyword$_click_closure1.call(ClickKeyword.groovy)
	at com.kms.katalon.core.webui.keyword.internal.WebUIKeywordMain.runKeyword(WebUIKeywordMain.groovy:35)
	... 38 more
)]]></system-out>
         <system-err><![CDATA[27-11-2024T18:04:56 - [TEST_CASE][FAILED] - Test Cases/2.Positivos/2.2Sobre/Origen-Lima/2.Valorado/Entrega_Domicilio/EditarValorado: Test Cases/2.Positivos/2.2Sobre/Origen-Lima/2.Valorado/Entrega_Domicilio/EditarValorado FAILED.
Reason:
com.kms.katalon.core.exception.StepFailedException: Call Test Case 'Test Cases/1.Inicio/1.1Principal/Selec_sobre' failed
	at com.kms.katalon.core.keyword.builtin.CallTestCaseKeyword$_callTestCase_closure1.doCall(CallTestCaseKeyword.groovy:63)
	at com.kms.katalon.core.keyword.builtin.CallTestCaseKeyword$_callTestCase_closure1.call(CallTestCaseKeyword.groovy)
	at com.kms.katalon.core.keyword.internal.KeywordMain.runKeyword(KeywordMain.groovy:75)
	at com.kms.katalon.core.keyword.builtin.CallTestCaseKeyword.callTestCase(CallTestCaseKeyword.groovy:81)
	at com.kms.katalon.core.keyword.builtin.CallTestCaseKeyword.execute(CallTestCaseKeyword.groovy:44)
	at com.kms.katalon.core.keyword.internal.KeywordExecutor.executeKeywordForPlatform(KeywordExecutor.groovy:74)
	at com.kms.katalon.core.keyword.BuiltinKeywords.callTestCase(BuiltinKeywords.groovy:310)
	at jdk.internal.reflect.GeneratedMethodAccessor25.invoke(Unknown Source)
	at java.base/jdk.internal.reflect.DelegatingMethodAccessorImpl.invoke(DelegatingMethodAccessorImpl.java:43)
	at EditarValorado.run(EditarValorado:22)
	at com.kms.katalon.core.main.ScriptEngine.run(ScriptEngine.java:194)
	at com.kms.katalon.core.main.ScriptEngine.runScriptAsRawText(ScriptEngine.java:119)
	at com.kms.katalon.core.main.TestCaseExecutor.runScript(TestCaseExecutor.java:448)
	at com.kms.katalon.core.main.TestCaseExecutor.doExecute(TestCaseExecutor.java:439)
	at com.kms.katalon.core.main.TestCaseExecutor.processExecutionPhase(TestCaseExecutor.java:418)
	at com.kms.katalon.core.main.TestCaseExecutor.accessMainPhase(TestCaseExecutor.java:410)
	at com.kms.katalon.core.main.TestCaseExecutor.execute(TestCaseExecutor.java:285)
	at com.kms.katalon.core.common.CommonExecutor.accessTestCaseMainPhase(CommonExecutor.java:65)
	at com.kms.katalon.core.main.TestSuiteExecutor.accessTestSuiteMainPhase(TestSuiteExecutor.java:150)
	at com.kms.katalon.core.main.TestSuiteExecutor.execute(TestSuiteExecutor.java:106)
	at com.kms.katalon.core.main.TestCaseMain.startTestSuite(TestCaseMain.java:180)
	at TempTestSuite1732745349578.run(TempTestSuite1732745349578.groovy:35)
	at java.base/jdk.internal.reflect.NativeMethodAccessorImpl.invoke0(Native Method)
	at java.base/jdk.internal.reflect.NativeMethodAccessorImpl.invoke(NativeMethodAccessorImpl.java:77)
	at java.base/jdk.internal.reflect.DelegatingMethodAccessorImpl.invoke(DelegatingMethodAccessorImpl.java:43)
Caused by: com.kms.katalon.core.exception.StepFailedException: Unable to click on object 'Object Repository/Principal/Page_Olva Courier  Home/button_CONTINUAR (2)'
	at com.kms.katalon.core.webui.keyword.internal.WebUIKeywordMain.stepFailed(WebUIKeywordMain.groovy:117)
	at com.kms.katalon.core.webui.keyword.internal.WebUIKeywordMain.runKeyword(WebUIKeywordMain.groovy:43)
	at com.kms.katalon.core.webui.keyword.builtin.ClickKeyword.click(ClickKeyword.groovy:74)
	at com.kms.katalon.core.webui.keyword.builtin.ClickKeyword.execute(ClickKeyword.groovy:40)
	at com.kms.katalon.core.keyword.internal.KeywordExecutor.executeKeywordForPlatform(KeywordExecutor.groovy:74)
	at com.kms.katalon.core.webui.keyword.WebUiBuiltInKeywords.click(WebUiBuiltInKeywords.groovy:659)
	at Selec_sobre.run(Selec_sobre:24)
	at com.kms.katalon.core.main.ScriptEngine.run(ScriptEngine.java:194)
	at com.kms.katalon.core.main.ScriptEngine.runScriptAsRawText(ScriptEngine.java:119)
	at com.kms.katalon.core.main.TestCaseExecutor.runScript(TestCaseExecutor.java:448)
	at com.kms.katalon.core.main.TestCaseExecutor.doExecute(TestCaseExecutor.java:439)
	at com.kms.katalon.core.main.TestCaseExecutor.processExecutionPhase(TestCaseExecutor.java:418)
	at com.kms.katalon.core.main.TestCaseExecutor.accessMainPhase(TestCaseExecutor.java:410)
	at com.kms.katalon.core.main.TestCaseExecutor.execute(TestCaseExecutor.java:285)
	at com.kms.katalon.core.main.TestCaseMain.runTestCase(TestCaseMain.java:137)
	at com.kms.katalon.core.keyword.builtin.CallTestCaseKeyword$_callTestCase_closure1.doCall(CallTestCaseKeyword.groovy:59)
	... 24 more
Caused by: org.openqa.selenium.ElementClickInterceptedException: Element <button id="btn_aceptar_tipo_envio" class="btn disabled" type="button"> is not clickable at point (683,588) because another element <form id="form_tipo_envio" class="registr_form" name="form_tipo_envio"> obscures it
Build info: version: '3.141.59', revision: 'unknown', time: 'unknown'
System info: host: 'DESKTOP-RGFFP9A', ip: '10.136.10.6', os.name: 'Windows 11', os.arch: 'amd64', os.version: '10.0', java.version: '17.0.7'
Driver info: com.kms.katalon.core.webui.driver.firefox.CGeckoDriver
Capabilities {acceptInsecureCerts: true, browserName: firefox, browserVersion: 133.0, javascriptEnabled: true, moz:accessibilityChecks: false, moz:buildID: 20241121140525, moz:geckodriverVersion: 0.35.0, moz:headless: false, moz:platformVersion: 10.0, moz:processID: 9608, moz:profile: C:\Users\OLVATI\AppData\Loc..., moz:shutdownTimeout: 60000, moz:webdriverClick: true, moz:windowless: false, pageLoadStrategy: normal, platform: WINDOWS, platformName: WINDOWS, proxy: Proxy(direct), setWindowRect: true, strictFileInteractability: false, timeouts: {implicit: 0, pageLoad: 300000, script: 30000}, unhandledPromptBehavior: dismiss and notify, userAgent: Mozilla/5.0 (Windows NT 10....}
Session ID: 86a7041d-3ff5-4f60-ada7-8131cb2aebdb
	at jdk.internal.reflect.GeneratedConstructorAccessor32.newInstance(Unknown Source)
	at java.base/jdk.internal.reflect.DelegatingConstructorAccessorImpl.newInstance(DelegatingConstructorAccessorImpl.java:45)
	at org.openqa.selenium.remote.http.W3CHttpResponseCodec.createException(W3CHttpResponseCodec.java:187)
	at org.openqa.selenium.remote.http.W3CHttpResponseCodec.decode(W3CHttpResponseCodec.java:122)
	at org.openqa.selenium.remote.http.W3CHttpResponseCodec.decode(W3CHttpResponseCodec.java:49)
	at org.openqa.selenium.remote.HttpCommandExecutor.execute(HttpCommandExecutor.java:158)
	at org.openqa.selenium.remote.service.DriverCommandExecutor.execute(DriverCommandExecutor.java:83)
	at org.openqa.selenium.remote.RemoteWebDriver.execute(RemoteWebDriver.java:552)
	at com.kms.katalon.selenium.driver.CFirefoxDriver.execute(CFirefoxDriver.java:28)
	at org.openqa.selenium.remote.RemoteWebElement.execute(RemoteWebElement.java:285)
	at org.openqa.selenium.remote.RemoteWebElement.click(RemoteWebElement.java:84)
	at jdk.internal.reflect.GeneratedMethodAccessor10.invoke(Unknown Source)
	at java.base/jdk.internal.reflect.DelegatingMethodAccessorImpl.invoke(DelegatingMethodAccessorImpl.java:43)
	at org.openqa.selenium.support.events.EventFiringWebDriver$EventFiringWebElement.lambda$new$0(EventFiringWebDriver.java:404)
	at jdk.proxy2/jdk.proxy2.$Proxy21.click(Unknown Source)
	at org.openqa.selenium.support.events.EventFiringWebDriver$EventFiringWebElement.click(EventFiringWebDriver.java:417)
	at org.openqa.selenium.WebElement$click.call(Unknown Source)
	at com.kms.katalon.core.webui.keyword.builtin.ClickKeyword.clickUntilSuccessWithTimeout(ClickKeyword.groovy:81)
	at com.kms.katalon.core.webui.keyword.builtin.ClickKeyword.clickUntilSuccessWithTimeout(ClickKeyword.groovy)
	at jdk.internal.reflect.GeneratedMethodAccessor8.invoke(Unknown Source)
	at java.base/jdk.internal.reflect.DelegatingMethodAccessorImpl.invoke(DelegatingMethodAccessorImpl.java:43)
	at com.kms.katalon.core.webui.keyword.builtin.ClickKeyword$_click_closure1.doCall(ClickKeyword.groovy:67)
	at com.kms.katalon.core.webui.keyword.builtin.ClickKeyword$_click_closure1.call(ClickKeyword.groovy)
	at com.kms.katalon.core.webui.keyword.internal.WebUIKeywordMain.runKeyword(WebUIKeywordMain.groovy:35)
	... 38 more]]></system-err>
      </testcase>
      <testcase name="Test Cases/2.Positivos/2.2Sobre/Origen-Lima/2.Valorado/Entrega_Domicilio/DecJura-Paquete" time="48.116" classname="Test Cases/2.Positivos/2.2Sobre/Origen-Lima/2.Valorado/Entrega_Domicilio/DecJura-Paquete" status="FAILED">
         <failure type="FAILED" message="Test Cases/2.Positivos/2.2Sobre/Origen-Lima/2.Valorado/Entrega_Domicilio/DecJura-Paquete FAILED.&#xa;Reason:&#xa;com.kms.katalon.core.exception.StepFailedException: Call Test Case 'Test Cases/1.Inicio/1.1Principal/Selec_sobre' failed&#xa;	at com.kms.katalon.core.keyword.builtin.CallTestCaseKeyword$_callTestCase_closure1.doCall(CallTestCaseKeyword.groovy:63)&#xa;	at com.kms.katalon.core.keyword.builtin.CallTestCaseKeyword$_callTestCase_closure1.call(CallTestCaseKeyword.groovy)&#xa;	at com.kms.katalon.core.keyword.internal.KeywordMain.runKeyword(KeywordMain.groovy:75)&#xa;	at com.kms.katalon.core.keyword.builtin.CallTestCaseKeyword.callTestCase(CallTestCaseKeyword.groovy:81)&#xa;	at com.kms.katalon.core.keyword.builtin.CallTestCaseKeyword.execute(CallTestCaseKeyword.groovy:44)&#xa;	at com.kms.katalon.core.keyword.internal.KeywordExecutor.executeKeywordForPlatform(KeywordExecutor.groovy:74)&#xa;	at com.kms.katalon.core.keyword.BuiltinKeywords.callTestCase(BuiltinKeywords.groovy:310)&#xa;	at jdk.internal.reflect.GeneratedMethodAccessor25.invoke(Unknown Source)&#xa;	at java.base/jdk.internal.reflect.DelegatingMethodAccessorImpl.invoke(DelegatingMethodAccessorImpl.java:43)&#xa;	at DecJura-Paquete.run(DecJura-Paquete:22)&#xa;	at com.kms.katalon.core.main.ScriptEngine.run(ScriptEngine.java:194)&#xa;	at com.kms.katalon.core.main.ScriptEngine.runScriptAsRawText(ScriptEngine.java:119)&#xa;	at com.kms.katalon.core.main.TestCaseExecutor.runScript(TestCaseExecutor.java:448)&#xa;	at com.kms.katalon.core.main.TestCaseExecutor.doExecute(TestCaseExecutor.java:439)&#xa;	at com.kms.katalon.core.main.TestCaseExecutor.processExecutionPhase(TestCaseExecutor.java:418)&#xa;	at com.kms.katalon.core.main.TestCaseExecutor.accessMainPhase(TestCaseExecutor.java:410)&#xa;	at com.kms.katalon.core.main.TestCaseExecutor.execute(TestCaseExecutor.java:285)&#xa;	at com.kms.katalon.core.common.CommonExecutor.accessTestCaseMainPhase(CommonExecutor.java:65)&#xa;	at com.kms.katalon.core.main.TestSuiteExecutor.accessTestSuiteMainPhase(TestSuiteExecutor.java:150)&#xa;	at com.kms.katalon.core.main.TestSuiteExecutor.execute(TestSuiteExecutor.java:106)&#xa;	at com.kms.katalon.core.main.TestCaseMain.startTestSuite(TestCaseMain.java:180)&#xa;	at TempTestSuite1732745349578.run(TempTestSuite1732745349578.groovy:35)&#xa;	at java.base/jdk.internal.reflect.NativeMethodAccessorImpl.invoke0(Native Method)&#xa;	at java.base/jdk.internal.reflect.NativeMethodAccessorImpl.invoke(NativeMethodAccessorImpl.java:77)&#xa;	at java.base/jdk.internal.reflect.DelegatingMethodAccessorImpl.invoke(DelegatingMethodAccessorImpl.java:43)&#xa;Caused by: com.kms.katalon.core.exception.StepFailedException: Unable to click on object 'Object Repository/Principal/Page_Olva Courier  Home/button_CONTINUAR (2)'&#xa;	at com.kms.katalon.core.webui.keyword.internal.WebUIKeywordMain.stepFailed(WebUIKeywordMain.groovy:117)&#xa;	at com.kms.katalon.core.webui.keyword.internal.WebUIKeywordMain.runKeyword(WebUIKeywordMain.groovy:43)&#xa;	at com.kms.katalon.core.webui.keyword.builtin.ClickKeyword.click(ClickKeyword.groovy:74)&#xa;	at com.kms.katalon.core.webui.keyword.builtin.ClickKeyword.execute(ClickKeyword.groovy:40)&#xa;	at com.kms.katalon.core.keyword.internal.KeywordExecutor.executeKeywordForPlatform(KeywordExecutor.groovy:74)&#xa;	at com.kms.katalon.core.webui.keyword.WebUiBuiltInKeywords.click(WebUiBuiltInKeywords.groovy:659)&#xa;	at Selec_sobre.run(Selec_sobre:24)&#xa;	at com.kms.katalon.core.main.ScriptEngine.run(ScriptEngine.java:194)&#xa;	at com.kms.katalon.core.main.ScriptEngine.runScriptAsRawText(ScriptEngine.java:119)&#xa;	at com.kms.katalon.core.main.TestCaseExecutor.runScript(TestCaseExecutor.java:448)&#xa;	at com.kms.katalon.core.main.TestCaseExecutor.doExecute(TestCaseExecutor.java:439)&#xa;	at com.kms.katalon.core.main.TestCaseExecutor.processExecutionPhase(TestCaseExecutor.java:418)&#xa;	at com.kms.katalon.core.main.TestCaseExecutor.accessMainPhase(TestCaseExecutor.java:410)&#xa;	at com.kms.katalon.core.main.TestCaseExecutor.execute(TestCaseExecutor.java:285)&#xa;	at com.kms.katalon.core.main.TestCaseMain.runTestCase(TestCaseMain.java:137)&#xa;	at com.kms.katalon.core.keyword.builtin.CallTestCaseKeyword$_callTestCase_closure1.doCall(CallTestCaseKeyword.groovy:59)&#xa;	... 24 more&#xa;Caused by: org.openqa.selenium.ElementClickInterceptedException: Element &lt;button id=&quot;btn_aceptar_tipo_envio&quot; class=&quot;btn disabled&quot; type=&quot;button&quot;> is not clickable at point (683,588) because another element &lt;form id=&quot;form_tipo_envio&quot; class=&quot;registr_form&quot; name=&quot;form_tipo_envio&quot;> obscures it&#xa;Build info: version: '3.141.59', revision: 'unknown', time: 'unknown'&#xa;System info: host: 'DESKTOP-RGFFP9A', ip: '10.136.10.6', os.name: 'Windows 11', os.arch: 'amd64', os.version: '10.0', java.version: '17.0.7'&#xa;Driver info: com.kms.katalon.core.webui.driver.firefox.CGeckoDriver&#xa;Capabilities {acceptInsecureCerts: true, browserName: firefox, browserVersion: 133.0, javascriptEnabled: true, moz:accessibilityChecks: false, moz:buildID: 20241121140525, moz:geckodriverVersion: 0.35.0, moz:headless: false, moz:platformVersion: 10.0, moz:processID: 26188, moz:profile: C:\Users\OLVATI\AppData\Loc..., moz:shutdownTimeout: 60000, moz:webdriverClick: true, moz:windowless: false, pageLoadStrategy: normal, platform: WINDOWS, platformName: WINDOWS, proxy: Proxy(direct), setWindowRect: true, strictFileInteractability: false, timeouts: {implicit: 0, pageLoad: 300000, script: 30000}, unhandledPromptBehavior: dismiss and notify, userAgent: Mozilla/5.0 (Windows NT 10....}&#xa;Session ID: 023774f6-45aa-4bff-a9a5-c6d205abfb06&#xa;	at jdk.internal.reflect.GeneratedConstructorAccessor32.newInstance(Unknown Source)&#xa;	at java.base/jdk.internal.reflect.DelegatingConstructorAccessorImpl.newInstance(DelegatingConstructorAccessorImpl.java:45)&#xa;	at org.openqa.selenium.remote.http.W3CHttpResponseCodec.createException(W3CHttpResponseCodec.java:187)&#xa;	at org.openqa.selenium.remote.http.W3CHttpResponseCodec.decode(W3CHttpResponseCodec.java:122)&#xa;	at org.openqa.selenium.remote.http.W3CHttpResponseCodec.decode(W3CHttpResponseCodec.java:49)&#xa;	at org.openqa.selenium.remote.HttpCommandExecutor.execute(HttpCommandExecutor.java:158)&#xa;	at org.openqa.selenium.remote.service.DriverCommandExecutor.execute(DriverCommandExecutor.java:83)&#xa;	at org.openqa.selenium.remote.RemoteWebDriver.execute(RemoteWebDriver.java:552)&#xa;	at com.kms.katalon.selenium.driver.CFirefoxDriver.execute(CFirefoxDriver.java:28)&#xa;	at org.openqa.selenium.remote.RemoteWebElement.execute(RemoteWebElement.java:285)&#xa;	at org.openqa.selenium.remote.RemoteWebElement.click(RemoteWebElement.java:84)&#xa;	at jdk.internal.reflect.GeneratedMethodAccessor10.invoke(Unknown Source)&#xa;	at java.base/jdk.internal.reflect.DelegatingMethodAccessorImpl.invoke(DelegatingMethodAccessorImpl.java:43)&#xa;	at org.openqa.selenium.support.events.EventFiringWebDriver$EventFiringWebElement.lambda$new$0(EventFiringWebDriver.java:404)&#xa;	at jdk.proxy2/jdk.proxy2.$Proxy21.click(Unknown Source)&#xa;	at org.openqa.selenium.support.events.EventFiringWebDriver$EventFiringWebElement.click(EventFiringWebDriver.java:417)&#xa;	at org.openqa.selenium.WebElement$click.call(Unknown Source)&#xa;	at com.kms.katalon.core.webui.keyword.builtin.ClickKeyword.clickUntilSuccessWithTimeout(ClickKeyword.groovy:81)&#xa;	at com.kms.katalon.core.webui.keyword.builtin.ClickKeyword.clickUntilSuccessWithTimeout(ClickKeyword.groovy)&#xa;	at jdk.internal.reflect.GeneratedMethodAccessor8.invoke(Unknown Source)&#xa;	at java.base/jdk.internal.reflect.DelegatingMethodAccessorImpl.invoke(DelegatingMethodAccessorImpl.java:43)&#xa;	at com.kms.katalon.core.webui.keyword.builtin.ClickKeyword$_click_closure1.doCall(ClickKeyword.groovy:67)&#xa;	at com.kms.katalon.core.webui.keyword.builtin.ClickKeyword$_click_closure1.call(ClickKeyword.groovy)&#xa;	at com.kms.katalon.core.webui.keyword.internal.WebUIKeywordMain.runKeyword(WebUIKeywordMain.groovy:35)&#xa;	... 38 more&#xa;"/>
         <system-out><![CDATA[27-11-2024T18:05:48 - [TEST_CASE][FAILED] - Test Cases/2.Positivos/2.2Sobre/Origen-Lima/2.Valorado/Entrega_Domicilio/DecJura-Paquete: Test Cases/2.Positivos/2.2Sobre/Origen-Lima/2.Valorado/Entrega_Domicilio/DecJura-Paquete FAILED.
Reason:
com.kms.katalon.core.exception.StepFailedException: Call Test Case 'Test Cases/1.Inicio/1.1Principal/Selec_sobre' failed
	at com.kms.katalon.core.keyword.builtin.CallTestCaseKeyword$_callTestCase_closure1.doCall(CallTestCaseKeyword.groovy:63)
	at com.kms.katalon.core.keyword.builtin.CallTestCaseKeyword$_callTestCase_closure1.call(CallTestCaseKeyword.groovy)
	at com.kms.katalon.core.keyword.internal.KeywordMain.runKeyword(KeywordMain.groovy:75)
	at com.kms.katalon.core.keyword.builtin.CallTestCaseKeyword.callTestCase(CallTestCaseKeyword.groovy:81)
	at com.kms.katalon.core.keyword.builtin.CallTestCaseKeyword.execute(CallTestCaseKeyword.groovy:44)
	at com.kms.katalon.core.keyword.internal.KeywordExecutor.executeKeywordForPlatform(KeywordExecutor.groovy:74)
	at com.kms.katalon.core.keyword.BuiltinKeywords.callTestCase(BuiltinKeywords.groovy:310)
	at jdk.internal.reflect.GeneratedMethodAccessor25.invoke(Unknown Source)
	at java.base/jdk.internal.reflect.DelegatingMethodAccessorImpl.invoke(DelegatingMethodAccessorImpl.java:43)
	at DecJura-Paquete.run(DecJura-Paquete:22)
	at com.kms.katalon.core.main.ScriptEngine.run(ScriptEngine.java:194)
	at com.kms.katalon.core.main.ScriptEngine.runScriptAsRawText(ScriptEngine.java:119)
	at com.kms.katalon.core.main.TestCaseExecutor.runScript(TestCaseExecutor.java:448)
	at com.kms.katalon.core.main.TestCaseExecutor.doExecute(TestCaseExecutor.java:439)
	at com.kms.katalon.core.main.TestCaseExecutor.processExecutionPhase(TestCaseExecutor.java:418)
	at com.kms.katalon.core.main.TestCaseExecutor.accessMainPhase(TestCaseExecutor.java:410)
	at com.kms.katalon.core.main.TestCaseExecutor.execute(TestCaseExecutor.java:285)
	at com.kms.katalon.core.common.CommonExecutor.accessTestCaseMainPhase(CommonExecutor.java:65)
	at com.kms.katalon.core.main.TestSuiteExecutor.accessTestSuiteMainPhase(TestSuiteExecutor.java:150)
	at com.kms.katalon.core.main.TestSuiteExecutor.execute(TestSuiteExecutor.java:106)
	at com.kms.katalon.core.main.TestCaseMain.startTestSuite(TestCaseMain.java:180)
	at TempTestSuite1732745349578.run(TempTestSuite1732745349578.groovy:35)
	at java.base/jdk.internal.reflect.NativeMethodAccessorImpl.invoke0(Native Method)
	at java.base/jdk.internal.reflect.NativeMethodAccessorImpl.invoke(NativeMethodAccessorImpl.java:77)
	at java.base/jdk.internal.reflect.DelegatingMethodAccessorImpl.invoke(DelegatingMethodAccessorImpl.java:43)
Caused by: com.kms.katalon.core.exception.StepFailedException: Unable to click on object 'Object Repository/Principal/Page_Olva Courier  Home/button_CONTINUAR (2)'
	at com.kms.katalon.core.webui.keyword.internal.WebUIKeywordMain.stepFailed(WebUIKeywordMain.groovy:117)
	at com.kms.katalon.core.webui.keyword.internal.WebUIKeywordMain.runKeyword(WebUIKeywordMain.groovy:43)
	at com.kms.katalon.core.webui.keyword.builtin.ClickKeyword.click(ClickKeyword.groovy:74)
	at com.kms.katalon.core.webui.keyword.builtin.ClickKeyword.execute(ClickKeyword.groovy:40)
	at com.kms.katalon.core.keyword.internal.KeywordExecutor.executeKeywordForPlatform(KeywordExecutor.groovy:74)
	at com.kms.katalon.core.webui.keyword.WebUiBuiltInKeywords.click(WebUiBuiltInKeywords.groovy:659)
	at Selec_sobre.run(Selec_sobre:24)
	at com.kms.katalon.core.main.ScriptEngine.run(ScriptEngine.java:194)
	at com.kms.katalon.core.main.ScriptEngine.runScriptAsRawText(ScriptEngine.java:119)
	at com.kms.katalon.core.main.TestCaseExecutor.runScript(TestCaseExecutor.java:448)
	at com.kms.katalon.core.main.TestCaseExecutor.doExecute(TestCaseExecutor.java:439)
	at com.kms.katalon.core.main.TestCaseExecutor.processExecutionPhase(TestCaseExecutor.java:418)
	at com.kms.katalon.core.main.TestCaseExecutor.accessMainPhase(TestCaseExecutor.java:410)
	at com.kms.katalon.core.main.TestCaseExecutor.execute(TestCaseExecutor.java:285)
	at com.kms.katalon.core.main.TestCaseMain.runTestCase(TestCaseMain.java:137)
	at com.kms.katalon.core.keyword.builtin.CallTestCaseKeyword$_callTestCase_closure1.doCall(CallTestCaseKeyword.groovy:59)
	... 24 more
Caused by: org.openqa.selenium.ElementClickInterceptedException: Element <button id="btn_aceptar_tipo_envio" class="btn disabled" type="button"> is not clickable at point (683,588) because another element <form id="form_tipo_envio" class="registr_form" name="form_tipo_envio"> obscures it
Build info: version: '3.141.59', revision: 'unknown', time: 'unknown'
System info: host: 'DESKTOP-RGFFP9A', ip: '10.136.10.6', os.name: 'Windows 11', os.arch: 'amd64', os.version: '10.0', java.version: '17.0.7'
Driver info: com.kms.katalon.core.webui.driver.firefox.CGeckoDriver
Capabilities {acceptInsecureCerts: true, browserName: firefox, browserVersion: 133.0, javascriptEnabled: true, moz:accessibilityChecks: false, moz:buildID: 20241121140525, moz:geckodriverVersion: 0.35.0, moz:headless: false, moz:platformVersion: 10.0, moz:processID: 26188, moz:profile: C:\Users\OLVATI\AppData\Loc..., moz:shutdownTimeout: 60000, moz:webdriverClick: true, moz:windowless: false, pageLoadStrategy: normal, platform: WINDOWS, platformName: WINDOWS, proxy: Proxy(direct), setWindowRect: true, strictFileInteractability: false, timeouts: {implicit: 0, pageLoad: 300000, script: 30000}, unhandledPromptBehavior: dismiss and notify, userAgent: Mozilla/5.0 (Windows NT 10....}
Session ID: 023774f6-45aa-4bff-a9a5-c6d205abfb06
	at jdk.internal.reflect.GeneratedConstructorAccessor32.newInstance(Unknown Source)
	at java.base/jdk.internal.reflect.DelegatingConstructorAccessorImpl.newInstance(DelegatingConstructorAccessorImpl.java:45)
	at org.openqa.selenium.remote.http.W3CHttpResponseCodec.createException(W3CHttpResponseCodec.java:187)
	at org.openqa.selenium.remote.http.W3CHttpResponseCodec.decode(W3CHttpResponseCodec.java:122)
	at org.openqa.selenium.remote.http.W3CHttpResponseCodec.decode(W3CHttpResponseCodec.java:49)
	at org.openqa.selenium.remote.HttpCommandExecutor.execute(HttpCommandExecutor.java:158)
	at org.openqa.selenium.remote.service.DriverCommandExecutor.execute(DriverCommandExecutor.java:83)
	at org.openqa.selenium.remote.RemoteWebDriver.execute(RemoteWebDriver.java:552)
	at com.kms.katalon.selenium.driver.CFirefoxDriver.execute(CFirefoxDriver.java:28)
	at org.openqa.selenium.remote.RemoteWebElement.execute(RemoteWebElement.java:285)
	at org.openqa.selenium.remote.RemoteWebElement.click(RemoteWebElement.java:84)
	at jdk.internal.reflect.GeneratedMethodAccessor10.invoke(Unknown Source)
	at java.base/jdk.internal.reflect.DelegatingMethodAccessorImpl.invoke(DelegatingMethodAccessorImpl.java:43)
	at org.openqa.selenium.support.events.EventFiringWebDriver$EventFiringWebElement.lambda$new$0(EventFiringWebDriver.java:404)
	at jdk.proxy2/jdk.proxy2.$Proxy21.click(Unknown Source)
	at org.openqa.selenium.support.events.EventFiringWebDriver$EventFiringWebElement.click(EventFiringWebDriver.java:417)
	at org.openqa.selenium.WebElement$click.call(Unknown Source)
	at com.kms.katalon.core.webui.keyword.builtin.ClickKeyword.clickUntilSuccessWithTimeout(ClickKeyword.groovy:81)
	at com.kms.katalon.core.webui.keyword.builtin.ClickKeyword.clickUntilSuccessWithTimeout(ClickKeyword.groovy)
	at jdk.internal.reflect.GeneratedMethodAccessor8.invoke(Unknown Source)
	at java.base/jdk.internal.reflect.DelegatingMethodAccessorImpl.invoke(DelegatingMethodAccessorImpl.java:43)
	at com.kms.katalon.core.webui.keyword.builtin.ClickKeyword$_click_closure1.doCall(ClickKeyword.groovy:67)
	at com.kms.katalon.core.webui.keyword.builtin.ClickKeyword$_click_closure1.call(ClickKeyword.groovy)
	at com.kms.katalon.core.webui.keyword.internal.WebUIKeywordMain.runKeyword(WebUIKeywordMain.groovy:35)
	... 38 more


27-11-2024T18:05:48 - [TEST_STEP][PASSED] - callTestCase(findTestCase("1.Inicio/1.1Principal/Principal-home"), [:], STOP_ON_FAILURE): Call Test Case 'Test Cases/1.Inicio/1.1Principal/Principal-home' successfully

27-11-2024T18:05:49 - [TEST_CASE][PASSED] - Test Cases/1.Inicio/1.1Principal/Principal-home: Test Cases/1.Inicio/1.1Principal/Principal-home

27-11-2024T18:05:49 - [TEST_STEP][PASSED] - openBrowser(""): Browser is opened with url: ''

27-11-2024T18:05:49 - [MESSAGE][WARNING] - A browser is already opened. Closing browser and opening a new one

27-11-2024T18:05:50 - [MESSAGE][INFO] - Starting 'Firefox' driver

27-11-2024T18:05:50 - [MESSAGE][INFO] - Action delay is set to 0 milliseconds

27-11-2024T18:06:02 - [MESSAGE][PASSED] - Browser is opened with url: ''

27-11-2024T18:06:02 - [TEST_STEP][PASSED] - navigateToUrl("https://dev01-registrodeenvios.olvacourier.com/principal"): Navigate to 'https://dev01-registrodeenvios.olvacourier.com/principal' successfully

27-11-2024T18:06:04 - [MESSAGE][PASSED] - Navigate to 'https://dev01-registrodeenvios.olvacourier.com/principal' successfully

27-11-2024T18:06:04 - [TEST_STEP][PASSED] - maximizeWindow(): Current window maximized

27-11-2024T18:06:04 - [MESSAGE][PASSED] - Current window maximized

27-11-2024T18:06:04 - [MESSAGE][PASSED] - Call Test Case 'Test Cases/1.Inicio/1.1Principal/Principal-home' successfully

27-11-2024T18:06:04 - [TEST_STEP][FAILED] - callTestCase(findTestCase("1.Inicio/1.1Principal/Selec_sobre"), [:], STOP_ON_FAILURE): Unable to call Test Case 'Test Cases/1.Inicio/1.1Principal/Selec_sobre' (Root cause: com.kms.katalon.core.exception.StepFailedException: Call Test Case 'Test Cases/1.Inicio/1.1Principal/Selec_sobre' failed
	at com.kms.katalon.core.keyword.builtin.CallTestCaseKeyword$_callTestCase_closure1.doCall(CallTestCaseKeyword.groovy:63)
	at com.kms.katalon.core.keyword.builtin.CallTestCaseKeyword$_callTestCase_closure1.call(CallTestCaseKeyword.groovy)
	at com.kms.katalon.core.keyword.internal.KeywordMain.runKeyword(KeywordMain.groovy:75)
	at com.kms.katalon.core.keyword.builtin.CallTestCaseKeyword.callTestCase(CallTestCaseKeyword.groovy:81)
	at com.kms.katalon.core.keyword.builtin.CallTestCaseKeyword.execute(CallTestCaseKeyword.groovy:44)
	at com.kms.katalon.core.keyword.internal.KeywordExecutor.executeKeywordForPlatform(KeywordExecutor.groovy:74)
	at com.kms.katalon.core.keyword.BuiltinKeywords.callTestCase(BuiltinKeywords.groovy:310)
	at jdk.internal.reflect.GeneratedMethodAccessor25.invoke(Unknown Source)
	at java.base/jdk.internal.reflect.DelegatingMethodAccessorImpl.invoke(DelegatingMethodAccessorImpl.java:43)
	at DecJura-Paquete.run(DecJura-Paquete:22)
	at com.kms.katalon.core.main.ScriptEngine.run(ScriptEngine.java:194)
	at com.kms.katalon.core.main.ScriptEngine.runScriptAsRawText(ScriptEngine.java:119)
	at com.kms.katalon.core.main.TestCaseExecutor.runScript(TestCaseExecutor.java:448)
	at com.kms.katalon.core.main.TestCaseExecutor.doExecute(TestCaseExecutor.java:439)
	at com.kms.katalon.core.main.TestCaseExecutor.processExecutionPhase(TestCaseExecutor.java:418)
	at com.kms.katalon.core.main.TestCaseExecutor.accessMainPhase(TestCaseExecutor.java:410)
	at com.kms.katalon.core.main.TestCaseExecutor.execute(TestCaseExecutor.java:285)
	at com.kms.katalon.core.common.CommonExecutor.accessTestCaseMainPhase(CommonExecutor.java:65)
	at com.kms.katalon.core.main.TestSuiteExecutor.accessTestSuiteMainPhase(TestSuiteExecutor.java:150)
	at com.kms.katalon.core.main.TestSuiteExecutor.execute(TestSuiteExecutor.java:106)
	at com.kms.katalon.core.main.TestCaseMain.startTestSuite(TestCaseMain.java:180)
	at TempTestSuite1732745349578.run(TempTestSuite1732745349578.groovy:35)
	at java.base/jdk.internal.reflect.NativeMethodAccessorImpl.invoke0(Native Method)
	at java.base/jdk.internal.reflect.NativeMethodAccessorImpl.invoke(NativeMethodAccessorImpl.java:77)
	at java.base/jdk.internal.reflect.DelegatingMethodAccessorImpl.invoke(DelegatingMethodAccessorImpl.java:43)
Caused by: com.kms.katalon.core.exception.StepFailedException: Unable to click on object 'Object Repository/Principal/Page_Olva Courier  Home/button_CONTINUAR (2)'
	at com.kms.katalon.core.webui.keyword.internal.WebUIKeywordMain.stepFailed(WebUIKeywordMain.groovy:117)
	at com.kms.katalon.core.webui.keyword.internal.WebUIKeywordMain.runKeyword(WebUIKeywordMain.groovy:43)
	at com.kms.katalon.core.webui.keyword.builtin.ClickKeyword.click(ClickKeyword.groovy:74)
	at com.kms.katalon.core.webui.keyword.builtin.ClickKeyword.execute(ClickKeyword.groovy:40)
	at com.kms.katalon.core.keyword.internal.KeywordExecutor.executeKeywordForPlatform(KeywordExecutor.groovy:74)
	at com.kms.katalon.core.webui.keyword.WebUiBuiltInKeywords.click(WebUiBuiltInKeywords.groovy:659)
	at Selec_sobre.run(Selec_sobre:24)
	at com.kms.katalon.core.main.ScriptEngine.run(ScriptEngine.java:194)
	at com.kms.katalon.core.main.ScriptEngine.runScriptAsRawText(ScriptEngine.java:119)
	at com.kms.katalon.core.main.TestCaseExecutor.runScript(TestCaseExecutor.java:448)
	at com.kms.katalon.core.main.TestCaseExecutor.doExecute(TestCaseExecutor.java:439)
	at com.kms.katalon.core.main.TestCaseExecutor.processExecutionPhase(TestCaseExecutor.java:418)
	at com.kms.katalon.core.main.TestCaseExecutor.accessMainPhase(TestCaseExecutor.java:410)
	at com.kms.katalon.core.main.TestCaseExecutor.execute(TestCaseExecutor.java:285)
	at com.kms.katalon.core.main.TestCaseMain.runTestCase(TestCaseMain.java:137)
	at com.kms.katalon.core.keyword.builtin.CallTestCaseKeyword$_callTestCase_closure1.doCall(CallTestCaseKeyword.groovy:59)
	... 24 more
Caused by: org.openqa.selenium.ElementClickInterceptedException: Element <button id="btn_aceptar_tipo_envio" class="btn disabled" type="button"> is not clickable at point (683,588) because another element <form id="form_tipo_envio" class="registr_form" name="form_tipo_envio"> obscures it
Build info: version: '3.141.59', revision: 'unknown', time: 'unknown'
System info: host: 'DESKTOP-RGFFP9A', ip: '10.136.10.6', os.name: 'Windows 11', os.arch: 'amd64', os.version: '10.0', java.version: '17.0.7'
Driver info: com.kms.katalon.core.webui.driver.firefox.CGeckoDriver
Capabilities {acceptInsecureCerts: true, browserName: firefox, browserVersion: 133.0, javascriptEnabled: true, moz:accessibilityChecks: false, moz:buildID: 20241121140525, moz:geckodriverVersion: 0.35.0, moz:headless: false, moz:platformVersion: 10.0, moz:processID: 26188, moz:profile: C:\Users\OLVATI\AppData\Loc..., moz:shutdownTimeout: 60000, moz:webdriverClick: true, moz:windowless: false, pageLoadStrategy: normal, platform: WINDOWS, platformName: WINDOWS, proxy: Proxy(direct), setWindowRect: true, strictFileInteractability: false, timeouts: {implicit: 0, pageLoad: 300000, script: 30000}, unhandledPromptBehavior: dismiss and notify, userAgent: Mozilla/5.0 (Windows NT 10....}
Session ID: 023774f6-45aa-4bff-a9a5-c6d205abfb06
	at jdk.internal.reflect.GeneratedConstructorAccessor32.newInstance(Unknown Source)
	at java.base/jdk.internal.reflect.DelegatingConstructorAccessorImpl.newInstance(DelegatingConstructorAccessorImpl.java:45)
	at org.openqa.selenium.remote.http.W3CHttpResponseCodec.createException(W3CHttpResponseCodec.java:187)
	at org.openqa.selenium.remote.http.W3CHttpResponseCodec.decode(W3CHttpResponseCodec.java:122)
	at org.openqa.selenium.remote.http.W3CHttpResponseCodec.decode(W3CHttpResponseCodec.java:49)
	at org.openqa.selenium.remote.HttpCommandExecutor.execute(HttpCommandExecutor.java:158)
	at org.openqa.selenium.remote.service.DriverCommandExecutor.execute(DriverCommandExecutor.java:83)
	at org.openqa.selenium.remote.RemoteWebDriver.execute(RemoteWebDriver.java:552)
	at com.kms.katalon.selenium.driver.CFirefoxDriver.execute(CFirefoxDriver.java:28)
	at org.openqa.selenium.remote.RemoteWebElement.execute(RemoteWebElement.java:285)
	at org.openqa.selenium.remote.RemoteWebElement.click(RemoteWebElement.java:84)
	at jdk.internal.reflect.GeneratedMethodAccessor10.invoke(Unknown Source)
	at java.base/jdk.internal.reflect.DelegatingMethodAccessorImpl.invoke(DelegatingMethodAccessorImpl.java:43)
	at org.openqa.selenium.support.events.EventFiringWebDriver$EventFiringWebElement.lambda$new$0(EventFiringWebDriver.java:404)
	at jdk.proxy2/jdk.proxy2.$Proxy21.click(Unknown Source)
	at org.openqa.selenium.support.events.EventFiringWebDriver$EventFiringWebElement.click(EventFiringWebDriver.java:417)
	at org.openqa.selenium.WebElement$click.call(Unknown Source)
	at com.kms.katalon.core.webui.keyword.builtin.ClickKeyword.clickUntilSuccessWithTimeout(ClickKeyword.groovy:81)
	at com.kms.katalon.core.webui.keyword.builtin.ClickKeyword.clickUntilSuccessWithTimeout(ClickKeyword.groovy)
	at jdk.internal.reflect.GeneratedMethodAccessor8.invoke(Unknown Source)
	at java.base/jdk.internal.reflect.DelegatingMethodAccessorImpl.invoke(DelegatingMethodAccessorImpl.java:43)
	at com.kms.katalon.core.webui.keyword.builtin.ClickKeyword$_click_closure1.doCall(ClickKeyword.groovy:67)
	at com.kms.katalon.core.webui.keyword.builtin.ClickKeyword$_click_closure1.call(ClickKeyword.groovy)
	at com.kms.katalon.core.webui.keyword.internal.WebUIKeywordMain.runKeyword(WebUIKeywordMain.groovy:35)
	... 38 more
)

27-11-2024T18:06:04 - [TEST_CASE][FAILED] - Test Cases/1.Inicio/1.1Principal/Selec_sobre: Test Cases/1.Inicio/1.1Principal/Selec_sobre FAILED.
Reason:
com.kms.katalon.core.exception.StepFailedException: Unable to click on object 'Object Repository/Principal/Page_Olva Courier  Home/button_CONTINUAR (2)'
	at com.kms.katalon.core.webui.keyword.internal.WebUIKeywordMain.stepFailed(WebUIKeywordMain.groovy:117)
	at com.kms.katalon.core.webui.keyword.internal.WebUIKeywordMain.runKeyword(WebUIKeywordMain.groovy:43)
	at com.kms.katalon.core.webui.keyword.builtin.ClickKeyword.click(ClickKeyword.groovy:74)
	at com.kms.katalon.core.webui.keyword.builtin.ClickKeyword.execute(ClickKeyword.groovy:40)
	at com.kms.katalon.core.keyword.internal.KeywordExecutor.executeKeywordForPlatform(KeywordExecutor.groovy:74)
	at com.kms.katalon.core.webui.keyword.WebUiBuiltInKeywords.click(WebUiBuiltInKeywords.groovy:659)
	at Selec_sobre.run(Selec_sobre:24)
	at com.kms.katalon.core.main.ScriptEngine.run(ScriptEngine.java:194)
	at com.kms.katalon.core.main.ScriptEngine.runScriptAsRawText(ScriptEngine.java:119)
	at com.kms.katalon.core.main.TestCaseExecutor.runScript(TestCaseExecutor.java:448)
	at com.kms.katalon.core.main.TestCaseExecutor.doExecute(TestCaseExecutor.java:439)
	at com.kms.katalon.core.main.TestCaseExecutor.processExecutionPhase(TestCaseExecutor.java:418)
	at com.kms.katalon.core.main.TestCaseExecutor.accessMainPhase(TestCaseExecutor.java:410)
	at com.kms.katalon.core.main.TestCaseExecutor.execute(TestCaseExecutor.java:285)
	at com.kms.katalon.core.main.TestCaseMain.runTestCase(TestCaseMain.java:137)
	at com.kms.katalon.core.keyword.builtin.CallTestCaseKeyword$_callTestCase_closure1.doCall(CallTestCaseKeyword.groovy:59)
	at com.kms.katalon.core.keyword.builtin.CallTestCaseKeyword$_callTestCase_closure1.call(CallTestCaseKeyword.groovy)
	at com.kms.katalon.core.keyword.internal.KeywordMain.runKeyword(KeywordMain.groovy:75)
	at com.kms.katalon.core.keyword.builtin.CallTestCaseKeyword.callTestCase(CallTestCaseKeyword.groovy:81)
	at com.kms.katalon.core.keyword.builtin.CallTestCaseKeyword.execute(CallTestCaseKeyword.groovy:44)
	at com.kms.katalon.core.keyword.internal.KeywordExecutor.executeKeywordForPlatform(KeywordExecutor.groovy:74)
	at com.kms.katalon.core.keyword.BuiltinKeywords.callTestCase(BuiltinKeywords.groovy:310)
	at jdk.internal.reflect.GeneratedMethodAccessor25.invoke(Unknown Source)
	at java.base/jdk.internal.reflect.DelegatingMethodAccessorImpl.invoke(DelegatingMethodAccessorImpl.java:43)
	at DecJura-Paquete.run(DecJura-Paquete:22)
	at com.kms.katalon.core.main.ScriptEngine.run(ScriptEngine.java:194)
	at com.kms.katalon.core.main.ScriptEngine.runScriptAsRawText(ScriptEngine.java:119)
	at com.kms.katalon.core.main.TestCaseExecutor.runScript(TestCaseExecutor.java:448)
	at com.kms.katalon.core.main.TestCaseExecutor.doExecute(TestCaseExecutor.java:439)
	at com.kms.katalon.core.main.TestCaseExecutor.processExecutionPhase(TestCaseExecutor.java:418)
	at com.kms.katalon.core.main.TestCaseExecutor.accessMainPhase(TestCaseExecutor.java:410)
	at com.kms.katalon.core.main.TestCaseExecutor.execute(TestCaseExecutor.java:285)
	at com.kms.katalon.core.common.CommonExecutor.accessTestCaseMainPhase(CommonExecutor.java:65)
	at com.kms.katalon.core.main.TestSuiteExecutor.accessTestSuiteMainPhase(TestSuiteExecutor.java:150)
	at com.kms.katalon.core.main.TestSuiteExecutor.execute(TestSuiteExecutor.java:106)
	at com.kms.katalon.core.main.TestCaseMain.startTestSuite(TestCaseMain.java:180)
	at TempTestSuite1732745349578.run(TempTestSuite1732745349578.groovy:35)
	at java.base/jdk.internal.reflect.NativeMethodAccessorImpl.invoke0(Native Method)
	at java.base/jdk.internal.reflect.NativeMethodAccessorImpl.invoke(NativeMethodAccessorImpl.java:77)
	at java.base/jdk.internal.reflect.DelegatingMethodAccessorImpl.invoke(DelegatingMethodAccessorImpl.java:43)
Caused by: org.openqa.selenium.ElementClickInterceptedException: Element <button id="btn_aceptar_tipo_envio" class="btn disabled" type="button"> is not clickable at point (683,588) because another element <form id="form_tipo_envio" class="registr_form" name="form_tipo_envio"> obscures it
Build info: version: '3.141.59', revision: 'unknown', time: 'unknown'
System info: host: 'DESKTOP-RGFFP9A', ip: '10.136.10.6', os.name: 'Windows 11', os.arch: 'amd64', os.version: '10.0', java.version: '17.0.7'
Driver info: com.kms.katalon.core.webui.driver.firefox.CGeckoDriver
Capabilities {acceptInsecureCerts: true, browserName: firefox, browserVersion: 133.0, javascriptEnabled: true, moz:accessibilityChecks: false, moz:buildID: 20241121140525, moz:geckodriverVersion: 0.35.0, moz:headless: false, moz:platformVersion: 10.0, moz:processID: 26188, moz:profile: C:\Users\OLVATI\AppData\Loc..., moz:shutdownTimeout: 60000, moz:webdriverClick: true, moz:windowless: false, pageLoadStrategy: normal, platform: WINDOWS, platformName: WINDOWS, proxy: Proxy(direct), setWindowRect: true, strictFileInteractability: false, timeouts: {implicit: 0, pageLoad: 300000, script: 30000}, unhandledPromptBehavior: dismiss and notify, userAgent: Mozilla/5.0 (Windows NT 10....}
Session ID: 023774f6-45aa-4bff-a9a5-c6d205abfb06
	at jdk.internal.reflect.GeneratedConstructorAccessor32.newInstance(Unknown Source)
	at java.base/jdk.internal.reflect.DelegatingConstructorAccessorImpl.newInstance(DelegatingConstructorAccessorImpl.java:45)
	at org.openqa.selenium.remote.http.W3CHttpResponseCodec.createException(W3CHttpResponseCodec.java:187)
	at org.openqa.selenium.remote.http.W3CHttpResponseCodec.decode(W3CHttpResponseCodec.java:122)
	at org.openqa.selenium.remote.http.W3CHttpResponseCodec.decode(W3CHttpResponseCodec.java:49)
	at org.openqa.selenium.remote.HttpCommandExecutor.execute(HttpCommandExecutor.java:158)
	at org.openqa.selenium.remote.service.DriverCommandExecutor.execute(DriverCommandExecutor.java:83)
	at org.openqa.selenium.remote.RemoteWebDriver.execute(RemoteWebDriver.java:552)
	at com.kms.katalon.selenium.driver.CFirefoxDriver.execute(CFirefoxDriver.java:28)
	at org.openqa.selenium.remote.RemoteWebElement.execute(RemoteWebElement.java:285)
	at org.openqa.selenium.remote.RemoteWebElement.click(RemoteWebElement.java:84)
	at jdk.internal.reflect.GeneratedMethodAccessor10.invoke(Unknown Source)
	at java.base/jdk.internal.reflect.DelegatingMethodAccessorImpl.invoke(DelegatingMethodAccessorImpl.java:43)
	at org.openqa.selenium.support.events.EventFiringWebDriver$EventFiringWebElement.lambda$new$0(EventFiringWebDriver.java:404)
	at jdk.proxy2/jdk.proxy2.$Proxy21.click(Unknown Source)
	at org.openqa.selenium.support.events.EventFiringWebDriver$EventFiringWebElement.click(EventFiringWebDriver.java:417)
	at org.openqa.selenium.WebElement$click.call(Unknown Source)
	at com.kms.katalon.core.webui.keyword.builtin.ClickKeyword.clickUntilSuccessWithTimeout(ClickKeyword.groovy:81)
	at com.kms.katalon.core.webui.keyword.builtin.ClickKeyword.clickUntilSuccessWithTimeout(ClickKeyword.groovy)
	at jdk.internal.reflect.GeneratedMethodAccessor8.invoke(Unknown Source)
	at java.base/jdk.internal.reflect.DelegatingMethodAccessorImpl.invoke(DelegatingMethodAccessorImpl.java:43)
	at com.kms.katalon.core.webui.keyword.builtin.ClickKeyword$_click_closure1.doCall(ClickKeyword.groovy:67)
	at com.kms.katalon.core.webui.keyword.builtin.ClickKeyword$_click_closure1.call(ClickKeyword.groovy)
	at com.kms.katalon.core.webui.keyword.internal.WebUIKeywordMain.runKeyword(WebUIKeywordMain.groovy:35)
	... 38 more


27-11-2024T18:06:04 - [TEST_STEP][PASSED] - click(findTestObject("Object Repository/Principal/Page_Olva Courier  Home/img_Envo de cajas o paquetescon un peso mxi_37770f")): Object: 'Object Repository/Principal/Page_Olva Courier  Home/img_Envo de cajas o paquetescon un peso mxi_37770f' is clicked on

27-11-2024T18:06:05 - [MESSAGE][PASSED] - Object: 'Object Repository/Principal/Page_Olva Courier  Home/img_Envo de cajas o paquetescon un peso mxi_37770f' is clicked on

27-11-2024T18:06:05 - [TEST_STEP][PASSED] - click(findTestObject("Object Repository/Principal/Page_Olva Courier  Home/label_He ledo y acepto los trminos de uso y_adab65")): Object: 'Object Repository/Principal/Page_Olva Courier  Home/label_He ledo y acepto los trminos de uso y_adab65' is clicked on

27-11-2024T18:06:05 - [MESSAGE][PASSED] - Object: 'Object Repository/Principal/Page_Olva Courier  Home/label_He ledo y acepto los trminos de uso y_adab65' is clicked on

27-11-2024T18:06:05 - [TEST_STEP][FAILED] - click(findTestObject("Object Repository/Principal/Page_Olva Courier  Home/button_CONTINUAR (2)")): Unable to click on object 'Object Repository/Principal/Page_Olva Courier  Home/button_CONTINUAR (2)' (Root cause: com.kms.katalon.core.exception.StepFailedException: Unable to click on object 'Object Repository/Principal/Page_Olva Courier  Home/button_CONTINUAR (2)'
	at com.kms.katalon.core.webui.keyword.internal.WebUIKeywordMain.stepFailed(WebUIKeywordMain.groovy:117)
	at com.kms.katalon.core.webui.keyword.internal.WebUIKeywordMain.runKeyword(WebUIKeywordMain.groovy:43)
	at com.kms.katalon.core.webui.keyword.builtin.ClickKeyword.click(ClickKeyword.groovy:74)
	at com.kms.katalon.core.webui.keyword.builtin.ClickKeyword.execute(ClickKeyword.groovy:40)
	at com.kms.katalon.core.keyword.internal.KeywordExecutor.executeKeywordForPlatform(KeywordExecutor.groovy:74)
	at com.kms.katalon.core.webui.keyword.WebUiBuiltInKeywords.click(WebUiBuiltInKeywords.groovy:659)
	at Selec_sobre.run(Selec_sobre:24)
	at com.kms.katalon.core.main.ScriptEngine.run(ScriptEngine.java:194)
	at com.kms.katalon.core.main.ScriptEngine.runScriptAsRawText(ScriptEngine.java:119)
	at com.kms.katalon.core.main.TestCaseExecutor.runScript(TestCaseExecutor.java:448)
	at com.kms.katalon.core.main.TestCaseExecutor.doExecute(TestCaseExecutor.java:439)
	at com.kms.katalon.core.main.TestCaseExecutor.processExecutionPhase(TestCaseExecutor.java:418)
	at com.kms.katalon.core.main.TestCaseExecutor.accessMainPhase(TestCaseExecutor.java:410)
	at com.kms.katalon.core.main.TestCaseExecutor.execute(TestCaseExecutor.java:285)
	at com.kms.katalon.core.main.TestCaseMain.runTestCase(TestCaseMain.java:137)
	at com.kms.katalon.core.keyword.builtin.CallTestCaseKeyword$_callTestCase_closure1.doCall(CallTestCaseKeyword.groovy:59)
	at com.kms.katalon.core.keyword.builtin.CallTestCaseKeyword$_callTestCase_closure1.call(CallTestCaseKeyword.groovy)
	at com.kms.katalon.core.keyword.internal.KeywordMain.runKeyword(KeywordMain.groovy:75)
	at com.kms.katalon.core.keyword.builtin.CallTestCaseKeyword.callTestCase(CallTestCaseKeyword.groovy:81)
	at com.kms.katalon.core.keyword.builtin.CallTestCaseKeyword.execute(CallTestCaseKeyword.groovy:44)
	at com.kms.katalon.core.keyword.internal.KeywordExecutor.executeKeywordForPlatform(KeywordExecutor.groovy:74)
	at com.kms.katalon.core.keyword.BuiltinKeywords.callTestCase(BuiltinKeywords.groovy:310)
	at jdk.internal.reflect.GeneratedMethodAccessor25.invoke(Unknown Source)
	at java.base/jdk.internal.reflect.DelegatingMethodAccessorImpl.invoke(DelegatingMethodAccessorImpl.java:43)
	at DecJura-Paquete.run(DecJura-Paquete:22)
	at com.kms.katalon.core.main.ScriptEngine.run(ScriptEngine.java:194)
	at com.kms.katalon.core.main.ScriptEngine.runScriptAsRawText(ScriptEngine.java:119)
	at com.kms.katalon.core.main.TestCaseExecutor.runScript(TestCaseExecutor.java:448)
	at com.kms.katalon.core.main.TestCaseExecutor.doExecute(TestCaseExecutor.java:439)
	at com.kms.katalon.core.main.TestCaseExecutor.processExecutionPhase(TestCaseExecutor.java:418)
	at com.kms.katalon.core.main.TestCaseExecutor.accessMainPhase(TestCaseExecutor.java:410)
	at com.kms.katalon.core.main.TestCaseExecutor.execute(TestCaseExecutor.java:285)
	at com.kms.katalon.core.common.CommonExecutor.accessTestCaseMainPhase(CommonExecutor.java:65)
	at com.kms.katalon.core.main.TestSuiteExecutor.accessTestSuiteMainPhase(TestSuiteExecutor.java:150)
	at com.kms.katalon.core.main.TestSuiteExecutor.execute(TestSuiteExecutor.java:106)
	at com.kms.katalon.core.main.TestCaseMain.startTestSuite(TestCaseMain.java:180)
	at TempTestSuite1732745349578.run(TempTestSuite1732745349578.groovy:35)
	at java.base/jdk.internal.reflect.NativeMethodAccessorImpl.invoke0(Native Method)
	at java.base/jdk.internal.reflect.NativeMethodAccessorImpl.invoke(NativeMethodAccessorImpl.java:77)
	at java.base/jdk.internal.reflect.DelegatingMethodAccessorImpl.invoke(DelegatingMethodAccessorImpl.java:43)
Caused by: org.openqa.selenium.ElementClickInterceptedException: Element <button id="btn_aceptar_tipo_envio" class="btn disabled" type="button"> is not clickable at point (683,588) because another element <form id="form_tipo_envio" class="registr_form" name="form_tipo_envio"> obscures it
Build info: version: '3.141.59', revision: 'unknown', time: 'unknown'
System info: host: 'DESKTOP-RGFFP9A', ip: '10.136.10.6', os.name: 'Windows 11', os.arch: 'amd64', os.version: '10.0', java.version: '17.0.7'
Driver info: com.kms.katalon.core.webui.driver.firefox.CGeckoDriver
Capabilities {acceptInsecureCerts: true, browserName: firefox, browserVersion: 133.0, javascriptEnabled: true, moz:accessibilityChecks: false, moz:buildID: 20241121140525, moz:geckodriverVersion: 0.35.0, moz:headless: false, moz:platformVersion: 10.0, moz:processID: 26188, moz:profile: C:\Users\OLVATI\AppData\Loc..., moz:shutdownTimeout: 60000, moz:webdriverClick: true, moz:windowless: false, pageLoadStrategy: normal, platform: WINDOWS, platformName: WINDOWS, proxy: Proxy(direct), setWindowRect: true, strictFileInteractability: false, timeouts: {implicit: 0, pageLoad: 300000, script: 30000}, unhandledPromptBehavior: dismiss and notify, userAgent: Mozilla/5.0 (Windows NT 10....}
Session ID: 023774f6-45aa-4bff-a9a5-c6d205abfb06
	at jdk.internal.reflect.GeneratedConstructorAccessor32.newInstance(Unknown Source)
	at java.base/jdk.internal.reflect.DelegatingConstructorAccessorImpl.newInstance(DelegatingConstructorAccessorImpl.java:45)
	at org.openqa.selenium.remote.http.W3CHttpResponseCodec.createException(W3CHttpResponseCodec.java:187)
	at org.openqa.selenium.remote.http.W3CHttpResponseCodec.decode(W3CHttpResponseCodec.java:122)
	at org.openqa.selenium.remote.http.W3CHttpResponseCodec.decode(W3CHttpResponseCodec.java:49)
	at org.openqa.selenium.remote.HttpCommandExecutor.execute(HttpCommandExecutor.java:158)
	at org.openqa.selenium.remote.service.DriverCommandExecutor.execute(DriverCommandExecutor.java:83)
	at org.openqa.selenium.remote.RemoteWebDriver.execute(RemoteWebDriver.java:552)
	at com.kms.katalon.selenium.driver.CFirefoxDriver.execute(CFirefoxDriver.java:28)
	at org.openqa.selenium.remote.RemoteWebElement.execute(RemoteWebElement.java:285)
	at org.openqa.selenium.remote.RemoteWebElement.click(RemoteWebElement.java:84)
	at jdk.internal.reflect.GeneratedMethodAccessor10.invoke(Unknown Source)
	at java.base/jdk.internal.reflect.DelegatingMethodAccessorImpl.invoke(DelegatingMethodAccessorImpl.java:43)
	at org.openqa.selenium.support.events.EventFiringWebDriver$EventFiringWebElement.lambda$new$0(EventFiringWebDriver.java:404)
	at jdk.proxy2/jdk.proxy2.$Proxy21.click(Unknown Source)
	at org.openqa.selenium.support.events.EventFiringWebDriver$EventFiringWebElement.click(EventFiringWebDriver.java:417)
	at org.openqa.selenium.WebElement$click.call(Unknown Source)
	at com.kms.katalon.core.webui.keyword.builtin.ClickKeyword.clickUntilSuccessWithTimeout(ClickKeyword.groovy:81)
	at com.kms.katalon.core.webui.keyword.builtin.ClickKeyword.clickUntilSuccessWithTimeout(ClickKeyword.groovy)
	at jdk.internal.reflect.GeneratedMethodAccessor8.invoke(Unknown Source)
	at java.base/jdk.internal.reflect.DelegatingMethodAccessorImpl.invoke(DelegatingMethodAccessorImpl.java:43)
	at com.kms.katalon.core.webui.keyword.builtin.ClickKeyword$_click_closure1.doCall(ClickKeyword.groovy:67)
	at com.kms.katalon.core.webui.keyword.builtin.ClickKeyword$_click_closure1.call(ClickKeyword.groovy)
	at com.kms.katalon.core.webui.keyword.internal.WebUIKeywordMain.runKeyword(WebUIKeywordMain.groovy:35)
	at com.kms.katalon.core.webui.keyword.builtin.ClickKeyword.click(ClickKeyword.groovy:74)
	at com.kms.katalon.core.webui.keyword.builtin.ClickKeyword.execute(ClickKeyword.groovy:40)
	at com.kms.katalon.core.keyword.internal.KeywordExecutor.executeKeywordForPlatform(KeywordExecutor.groovy:74)
	at com.kms.katalon.core.webui.keyword.WebUiBuiltInKeywords.click(WebUiBuiltInKeywords.groovy:659)
	at Script1732083570761.run(Script1732083570761.groovy:24)
	at com.kms.katalon.core.main.ScriptEngine.run(ScriptEngine.java:194)
	at com.kms.katalon.core.main.ScriptEngine.runScriptAsRawText(ScriptEngine.java:119)
	at com.kms.katalon.core.main.TestCaseExecutor.runScript(TestCaseExecutor.java:448)
	at com.kms.katalon.core.main.TestCaseExecutor.doExecute(TestCaseExecutor.java:439)
	at com.kms.katalon.core.main.TestCaseExecutor.processExecutionPhase(TestCaseExecutor.java:418)
	at com.kms.katalon.core.main.TestCaseExecutor.accessMainPhase(TestCaseExecutor.java:410)
	at com.kms.katalon.core.main.TestCaseExecutor.execute(TestCaseExecutor.java:285)
	at com.kms.katalon.core.main.TestCaseMain.runTestCase(TestCaseMain.java:137)
	at com.kms.katalon.core.keyword.builtin.CallTestCaseKeyword$_callTestCase_closure1.doCall(CallTestCaseKeyword.groovy:59)
	at com.kms.katalon.core.keyword.builtin.CallTestCaseKeyword$_callTestCase_closure1.call(CallTestCaseKeyword.groovy)
	at com.kms.katalon.core.keyword.internal.KeywordMain.runKeyword(KeywordMain.groovy:75)
	at com.kms.katalon.core.keyword.builtin.CallTestCaseKeyword.callTestCase(CallTestCaseKeyword.groovy:81)
	at com.kms.katalon.core.keyword.builtin.CallTestCaseKeyword.execute(CallTestCaseKeyword.groovy:44)
	at com.kms.katalon.core.keyword.internal.KeywordExecutor.executeKeywordForPlatform(KeywordExecutor.groovy:74)
	at com.kms.katalon.core.keyword.BuiltinKeywords.callTestCase(BuiltinKeywords.groovy:310)
	at jdk.internal.reflect.GeneratedMethodAccessor25.invoke(Unknown Source)
	at java.base/jdk.internal.reflect.DelegatingMethodAccessorImpl.invoke(DelegatingMethodAccessorImpl.java:43)
	at Script1732341471682.run(Script1732341471682.groovy:22)
	... 15 more
)

27-11-2024T18:06:36 - [MESSAGE][FAILED] - Unable to click on object 'Object Repository/Principal/Page_Olva Courier  Home/button_CONTINUAR (2)' (Root cause: com.kms.katalon.core.exception.StepFailedException: Unable to click on object 'Object Repository/Principal/Page_Olva Courier  Home/button_CONTINUAR (2)'
	at com.kms.katalon.core.webui.keyword.internal.WebUIKeywordMain.stepFailed(WebUIKeywordMain.groovy:117)
	at com.kms.katalon.core.webui.keyword.internal.WebUIKeywordMain.runKeyword(WebUIKeywordMain.groovy:43)
	at com.kms.katalon.core.webui.keyword.builtin.ClickKeyword.click(ClickKeyword.groovy:74)
	at com.kms.katalon.core.webui.keyword.builtin.ClickKeyword.execute(ClickKeyword.groovy:40)
	at com.kms.katalon.core.keyword.internal.KeywordExecutor.executeKeywordForPlatform(KeywordExecutor.groovy:74)
	at com.kms.katalon.core.webui.keyword.WebUiBuiltInKeywords.click(WebUiBuiltInKeywords.groovy:659)
	at Selec_sobre.run(Selec_sobre:24)
	at com.kms.katalon.core.main.ScriptEngine.run(ScriptEngine.java:194)
	at com.kms.katalon.core.main.ScriptEngine.runScriptAsRawText(ScriptEngine.java:119)
	at com.kms.katalon.core.main.TestCaseExecutor.runScript(TestCaseExecutor.java:448)
	at com.kms.katalon.core.main.TestCaseExecutor.doExecute(TestCaseExecutor.java:439)
	at com.kms.katalon.core.main.TestCaseExecutor.processExecutionPhase(TestCaseExecutor.java:418)
	at com.kms.katalon.core.main.TestCaseExecutor.accessMainPhase(TestCaseExecutor.java:410)
	at com.kms.katalon.core.main.TestCaseExecutor.execute(TestCaseExecutor.java:285)
	at com.kms.katalon.core.main.TestCaseMain.runTestCase(TestCaseMain.java:137)
	at com.kms.katalon.core.keyword.builtin.CallTestCaseKeyword$_callTestCase_closure1.doCall(CallTestCaseKeyword.groovy:59)
	at com.kms.katalon.core.keyword.builtin.CallTestCaseKeyword$_callTestCase_closure1.call(CallTestCaseKeyword.groovy)
	at com.kms.katalon.core.keyword.internal.KeywordMain.runKeyword(KeywordMain.groovy:75)
	at com.kms.katalon.core.keyword.builtin.CallTestCaseKeyword.callTestCase(CallTestCaseKeyword.groovy:81)
	at com.kms.katalon.core.keyword.builtin.CallTestCaseKeyword.execute(CallTestCaseKeyword.groovy:44)
	at com.kms.katalon.core.keyword.internal.KeywordExecutor.executeKeywordForPlatform(KeywordExecutor.groovy:74)
	at com.kms.katalon.core.keyword.BuiltinKeywords.callTestCase(BuiltinKeywords.groovy:310)
	at jdk.internal.reflect.GeneratedMethodAccessor25.invoke(Unknown Source)
	at java.base/jdk.internal.reflect.DelegatingMethodAccessorImpl.invoke(DelegatingMethodAccessorImpl.java:43)
	at DecJura-Paquete.run(DecJura-Paquete:22)
	at com.kms.katalon.core.main.ScriptEngine.run(ScriptEngine.java:194)
	at com.kms.katalon.core.main.ScriptEngine.runScriptAsRawText(ScriptEngine.java:119)
	at com.kms.katalon.core.main.TestCaseExecutor.runScript(TestCaseExecutor.java:448)
	at com.kms.katalon.core.main.TestCaseExecutor.doExecute(TestCaseExecutor.java:439)
	at com.kms.katalon.core.main.TestCaseExecutor.processExecutionPhase(TestCaseExecutor.java:418)
	at com.kms.katalon.core.main.TestCaseExecutor.accessMainPhase(TestCaseExecutor.java:410)
	at com.kms.katalon.core.main.TestCaseExecutor.execute(TestCaseExecutor.java:285)
	at com.kms.katalon.core.common.CommonExecutor.accessTestCaseMainPhase(CommonExecutor.java:65)
	at com.kms.katalon.core.main.TestSuiteExecutor.accessTestSuiteMainPhase(TestSuiteExecutor.java:150)
	at com.kms.katalon.core.main.TestSuiteExecutor.execute(TestSuiteExecutor.java:106)
	at com.kms.katalon.core.main.TestCaseMain.startTestSuite(TestCaseMain.java:180)
	at TempTestSuite1732745349578.run(TempTestSuite1732745349578.groovy:35)
	at java.base/jdk.internal.reflect.NativeMethodAccessorImpl.invoke0(Native Method)
	at java.base/jdk.internal.reflect.NativeMethodAccessorImpl.invoke(NativeMethodAccessorImpl.java:77)
	at java.base/jdk.internal.reflect.DelegatingMethodAccessorImpl.invoke(DelegatingMethodAccessorImpl.java:43)
Caused by: org.openqa.selenium.ElementClickInterceptedException: Element <button id="btn_aceptar_tipo_envio" class="btn disabled" type="button"> is not clickable at point (683,588) because another element <form id="form_tipo_envio" class="registr_form" name="form_tipo_envio"> obscures it
Build info: version: '3.141.59', revision: 'unknown', time: 'unknown'
System info: host: 'DESKTOP-RGFFP9A', ip: '10.136.10.6', os.name: 'Windows 11', os.arch: 'amd64', os.version: '10.0', java.version: '17.0.7'
Driver info: com.kms.katalon.core.webui.driver.firefox.CGeckoDriver
Capabilities {acceptInsecureCerts: true, browserName: firefox, browserVersion: 133.0, javascriptEnabled: true, moz:accessibilityChecks: false, moz:buildID: 20241121140525, moz:geckodriverVersion: 0.35.0, moz:headless: false, moz:platformVersion: 10.0, moz:processID: 26188, moz:profile: C:\Users\OLVATI\AppData\Loc..., moz:shutdownTimeout: 60000, moz:webdriverClick: true, moz:windowless: false, pageLoadStrategy: normal, platform: WINDOWS, platformName: WINDOWS, proxy: Proxy(direct), setWindowRect: true, strictFileInteractability: false, timeouts: {implicit: 0, pageLoad: 300000, script: 30000}, unhandledPromptBehavior: dismiss and notify, userAgent: Mozilla/5.0 (Windows NT 10....}
Session ID: 023774f6-45aa-4bff-a9a5-c6d205abfb06
	at jdk.internal.reflect.GeneratedConstructorAccessor32.newInstance(Unknown Source)
	at java.base/jdk.internal.reflect.DelegatingConstructorAccessorImpl.newInstance(DelegatingConstructorAccessorImpl.java:45)
	at org.openqa.selenium.remote.http.W3CHttpResponseCodec.createException(W3CHttpResponseCodec.java:187)
	at org.openqa.selenium.remote.http.W3CHttpResponseCodec.decode(W3CHttpResponseCodec.java:122)
	at org.openqa.selenium.remote.http.W3CHttpResponseCodec.decode(W3CHttpResponseCodec.java:49)
	at org.openqa.selenium.remote.HttpCommandExecutor.execute(HttpCommandExecutor.java:158)
	at org.openqa.selenium.remote.service.DriverCommandExecutor.execute(DriverCommandExecutor.java:83)
	at org.openqa.selenium.remote.RemoteWebDriver.execute(RemoteWebDriver.java:552)
	at com.kms.katalon.selenium.driver.CFirefoxDriver.execute(CFirefoxDriver.java:28)
	at org.openqa.selenium.remote.RemoteWebElement.execute(RemoteWebElement.java:285)
	at org.openqa.selenium.remote.RemoteWebElement.click(RemoteWebElement.java:84)
	at jdk.internal.reflect.GeneratedMethodAccessor10.invoke(Unknown Source)
	at java.base/jdk.internal.reflect.DelegatingMethodAccessorImpl.invoke(DelegatingMethodAccessorImpl.java:43)
	at org.openqa.selenium.support.events.EventFiringWebDriver$EventFiringWebElement.lambda$new$0(EventFiringWebDriver.java:404)
	at jdk.proxy2/jdk.proxy2.$Proxy21.click(Unknown Source)
	at org.openqa.selenium.support.events.EventFiringWebDriver$EventFiringWebElement.click(EventFiringWebDriver.java:417)
	at org.openqa.selenium.WebElement$click.call(Unknown Source)
	at com.kms.katalon.core.webui.keyword.builtin.ClickKeyword.clickUntilSuccessWithTimeout(ClickKeyword.groovy:81)
	at com.kms.katalon.core.webui.keyword.builtin.ClickKeyword.clickUntilSuccessWithTimeout(ClickKeyword.groovy)
	at jdk.internal.reflect.GeneratedMethodAccessor8.invoke(Unknown Source)
	at java.base/jdk.internal.reflect.DelegatingMethodAccessorImpl.invoke(DelegatingMethodAccessorImpl.java:43)
	at com.kms.katalon.core.webui.keyword.builtin.ClickKeyword$_click_closure1.doCall(ClickKeyword.groovy:67)
	at com.kms.katalon.core.webui.keyword.builtin.ClickKeyword$_click_closure1.call(ClickKeyword.groovy)
	at com.kms.katalon.core.webui.keyword.internal.WebUIKeywordMain.runKeyword(WebUIKeywordMain.groovy:35)
	at com.kms.katalon.core.webui.keyword.builtin.ClickKeyword.click(ClickKeyword.groovy:74)
	at com.kms.katalon.core.webui.keyword.builtin.ClickKeyword.execute(ClickKeyword.groovy:40)
	at com.kms.katalon.core.keyword.internal.KeywordExecutor.executeKeywordForPlatform(KeywordExecutor.groovy:74)
	at com.kms.katalon.core.webui.keyword.WebUiBuiltInKeywords.click(WebUiBuiltInKeywords.groovy:659)
	at Script1732083570761.run(Script1732083570761.groovy:24)
	at com.kms.katalon.core.main.ScriptEngine.run(ScriptEngine.java:194)
	at com.kms.katalon.core.main.ScriptEngine.runScriptAsRawText(ScriptEngine.java:119)
	at com.kms.katalon.core.main.TestCaseExecutor.runScript(TestCaseExecutor.java:448)
	at com.kms.katalon.core.main.TestCaseExecutor.doExecute(TestCaseExecutor.java:439)
	at com.kms.katalon.core.main.TestCaseExecutor.processExecutionPhase(TestCaseExecutor.java:418)
	at com.kms.katalon.core.main.TestCaseExecutor.accessMainPhase(TestCaseExecutor.java:410)
	at com.kms.katalon.core.main.TestCaseExecutor.execute(TestCaseExecutor.java:285)
	at com.kms.katalon.core.main.TestCaseMain.runTestCase(TestCaseMain.java:137)
	at com.kms.katalon.core.keyword.builtin.CallTestCaseKeyword$_callTestCase_closure1.doCall(CallTestCaseKeyword.groovy:59)
	at com.kms.katalon.core.keyword.builtin.CallTestCaseKeyword$_callTestCase_closure1.call(CallTestCaseKeyword.groovy)
	at com.kms.katalon.core.keyword.internal.KeywordMain.runKeyword(KeywordMain.groovy:75)
	at com.kms.katalon.core.keyword.builtin.CallTestCaseKeyword.callTestCase(CallTestCaseKeyword.groovy:81)
	at com.kms.katalon.core.keyword.builtin.CallTestCaseKeyword.execute(CallTestCaseKeyword.groovy:44)
	at com.kms.katalon.core.keyword.internal.KeywordExecutor.executeKeywordForPlatform(KeywordExecutor.groovy:74)
	at com.kms.katalon.core.keyword.BuiltinKeywords.callTestCase(BuiltinKeywords.groovy:310)
	at jdk.internal.reflect.GeneratedMethodAccessor25.invoke(Unknown Source)
	at java.base/jdk.internal.reflect.DelegatingMethodAccessorImpl.invoke(DelegatingMethodAccessorImpl.java:43)
	at Script1732341471682.run(Script1732341471682.groovy:22)
	... 15 more
)

27-11-2024T18:06:36 - [MESSAGE][FAILED] - Unable to call Test Case 'Test Cases/1.Inicio/1.1Principal/Selec_sobre' (Root cause: com.kms.katalon.core.exception.StepFailedException: Call Test Case 'Test Cases/1.Inicio/1.1Principal/Selec_sobre' failed
	at com.kms.katalon.core.keyword.builtin.CallTestCaseKeyword$_callTestCase_closure1.doCall(CallTestCaseKeyword.groovy:63)
	at com.kms.katalon.core.keyword.builtin.CallTestCaseKeyword$_callTestCase_closure1.call(CallTestCaseKeyword.groovy)
	at com.kms.katalon.core.keyword.internal.KeywordMain.runKeyword(KeywordMain.groovy:75)
	at com.kms.katalon.core.keyword.builtin.CallTestCaseKeyword.callTestCase(CallTestCaseKeyword.groovy:81)
	at com.kms.katalon.core.keyword.builtin.CallTestCaseKeyword.execute(CallTestCaseKeyword.groovy:44)
	at com.kms.katalon.core.keyword.internal.KeywordExecutor.executeKeywordForPlatform(KeywordExecutor.groovy:74)
	at com.kms.katalon.core.keyword.BuiltinKeywords.callTestCase(BuiltinKeywords.groovy:310)
	at jdk.internal.reflect.GeneratedMethodAccessor25.invoke(Unknown Source)
	at java.base/jdk.internal.reflect.DelegatingMethodAccessorImpl.invoke(DelegatingMethodAccessorImpl.java:43)
	at DecJura-Paquete.run(DecJura-Paquete:22)
	at com.kms.katalon.core.main.ScriptEngine.run(ScriptEngine.java:194)
	at com.kms.katalon.core.main.ScriptEngine.runScriptAsRawText(ScriptEngine.java:119)
	at com.kms.katalon.core.main.TestCaseExecutor.runScript(TestCaseExecutor.java:448)
	at com.kms.katalon.core.main.TestCaseExecutor.doExecute(TestCaseExecutor.java:439)
	at com.kms.katalon.core.main.TestCaseExecutor.processExecutionPhase(TestCaseExecutor.java:418)
	at com.kms.katalon.core.main.TestCaseExecutor.accessMainPhase(TestCaseExecutor.java:410)
	at com.kms.katalon.core.main.TestCaseExecutor.execute(TestCaseExecutor.java:285)
	at com.kms.katalon.core.common.CommonExecutor.accessTestCaseMainPhase(CommonExecutor.java:65)
	at com.kms.katalon.core.main.TestSuiteExecutor.accessTestSuiteMainPhase(TestSuiteExecutor.java:150)
	at com.kms.katalon.core.main.TestSuiteExecutor.execute(TestSuiteExecutor.java:106)
	at com.kms.katalon.core.main.TestCaseMain.startTestSuite(TestCaseMain.java:180)
	at TempTestSuite1732745349578.run(TempTestSuite1732745349578.groovy:35)
	at java.base/jdk.internal.reflect.NativeMethodAccessorImpl.invoke0(Native Method)
	at java.base/jdk.internal.reflect.NativeMethodAccessorImpl.invoke(NativeMethodAccessorImpl.java:77)
	at java.base/jdk.internal.reflect.DelegatingMethodAccessorImpl.invoke(DelegatingMethodAccessorImpl.java:43)
Caused by: com.kms.katalon.core.exception.StepFailedException: Unable to click on object 'Object Repository/Principal/Page_Olva Courier  Home/button_CONTINUAR (2)'
	at com.kms.katalon.core.webui.keyword.internal.WebUIKeywordMain.stepFailed(WebUIKeywordMain.groovy:117)
	at com.kms.katalon.core.webui.keyword.internal.WebUIKeywordMain.runKeyword(WebUIKeywordMain.groovy:43)
	at com.kms.katalon.core.webui.keyword.builtin.ClickKeyword.click(ClickKeyword.groovy:74)
	at com.kms.katalon.core.webui.keyword.builtin.ClickKeyword.execute(ClickKeyword.groovy:40)
	at com.kms.katalon.core.keyword.internal.KeywordExecutor.executeKeywordForPlatform(KeywordExecutor.groovy:74)
	at com.kms.katalon.core.webui.keyword.WebUiBuiltInKeywords.click(WebUiBuiltInKeywords.groovy:659)
	at Selec_sobre.run(Selec_sobre:24)
	at com.kms.katalon.core.main.ScriptEngine.run(ScriptEngine.java:194)
	at com.kms.katalon.core.main.ScriptEngine.runScriptAsRawText(ScriptEngine.java:119)
	at com.kms.katalon.core.main.TestCaseExecutor.runScript(TestCaseExecutor.java:448)
	at com.kms.katalon.core.main.TestCaseExecutor.doExecute(TestCaseExecutor.java:439)
	at com.kms.katalon.core.main.TestCaseExecutor.processExecutionPhase(TestCaseExecutor.java:418)
	at com.kms.katalon.core.main.TestCaseExecutor.accessMainPhase(TestCaseExecutor.java:410)
	at com.kms.katalon.core.main.TestCaseExecutor.execute(TestCaseExecutor.java:285)
	at com.kms.katalon.core.main.TestCaseMain.runTestCase(TestCaseMain.java:137)
	at com.kms.katalon.core.keyword.builtin.CallTestCaseKeyword$_callTestCase_closure1.doCall(CallTestCaseKeyword.groovy:59)
	... 24 more
Caused by: org.openqa.selenium.ElementClickInterceptedException: Element <button id="btn_aceptar_tipo_envio" class="btn disabled" type="button"> is not clickable at point (683,588) because another element <form id="form_tipo_envio" class="registr_form" name="form_tipo_envio"> obscures it
Build info: version: '3.141.59', revision: 'unknown', time: 'unknown'
System info: host: 'DESKTOP-RGFFP9A', ip: '10.136.10.6', os.name: 'Windows 11', os.arch: 'amd64', os.version: '10.0', java.version: '17.0.7'
Driver info: com.kms.katalon.core.webui.driver.firefox.CGeckoDriver
Capabilities {acceptInsecureCerts: true, browserName: firefox, browserVersion: 133.0, javascriptEnabled: true, moz:accessibilityChecks: false, moz:buildID: 20241121140525, moz:geckodriverVersion: 0.35.0, moz:headless: false, moz:platformVersion: 10.0, moz:processID: 26188, moz:profile: C:\Users\OLVATI\AppData\Loc..., moz:shutdownTimeout: 60000, moz:webdriverClick: true, moz:windowless: false, pageLoadStrategy: normal, platform: WINDOWS, platformName: WINDOWS, proxy: Proxy(direct), setWindowRect: true, strictFileInteractability: false, timeouts: {implicit: 0, pageLoad: 300000, script: 30000}, unhandledPromptBehavior: dismiss and notify, userAgent: Mozilla/5.0 (Windows NT 10....}
Session ID: 023774f6-45aa-4bff-a9a5-c6d205abfb06
	at jdk.internal.reflect.GeneratedConstructorAccessor32.newInstance(Unknown Source)
	at java.base/jdk.internal.reflect.DelegatingConstructorAccessorImpl.newInstance(DelegatingConstructorAccessorImpl.java:45)
	at org.openqa.selenium.remote.http.W3CHttpResponseCodec.createException(W3CHttpResponseCodec.java:187)
	at org.openqa.selenium.remote.http.W3CHttpResponseCodec.decode(W3CHttpResponseCodec.java:122)
	at org.openqa.selenium.remote.http.W3CHttpResponseCodec.decode(W3CHttpResponseCodec.java:49)
	at org.openqa.selenium.remote.HttpCommandExecutor.execute(HttpCommandExecutor.java:158)
	at org.openqa.selenium.remote.service.DriverCommandExecutor.execute(DriverCommandExecutor.java:83)
	at org.openqa.selenium.remote.RemoteWebDriver.execute(RemoteWebDriver.java:552)
	at com.kms.katalon.selenium.driver.CFirefoxDriver.execute(CFirefoxDriver.java:28)
	at org.openqa.selenium.remote.RemoteWebElement.execute(RemoteWebElement.java:285)
	at org.openqa.selenium.remote.RemoteWebElement.click(RemoteWebElement.java:84)
	at jdk.internal.reflect.GeneratedMethodAccessor10.invoke(Unknown Source)
	at java.base/jdk.internal.reflect.DelegatingMethodAccessorImpl.invoke(DelegatingMethodAccessorImpl.java:43)
	at org.openqa.selenium.support.events.EventFiringWebDriver$EventFiringWebElement.lambda$new$0(EventFiringWebDriver.java:404)
	at jdk.proxy2/jdk.proxy2.$Proxy21.click(Unknown Source)
	at org.openqa.selenium.support.events.EventFiringWebDriver$EventFiringWebElement.click(EventFiringWebDriver.java:417)
	at org.openqa.selenium.WebElement$click.call(Unknown Source)
	at com.kms.katalon.core.webui.keyword.builtin.ClickKeyword.clickUntilSuccessWithTimeout(ClickKeyword.groovy:81)
	at com.kms.katalon.core.webui.keyword.builtin.ClickKeyword.clickUntilSuccessWithTimeout(ClickKeyword.groovy)
	at jdk.internal.reflect.GeneratedMethodAccessor8.invoke(Unknown Source)
	at java.base/jdk.internal.reflect.DelegatingMethodAccessorImpl.invoke(DelegatingMethodAccessorImpl.java:43)
	at com.kms.katalon.core.webui.keyword.builtin.ClickKeyword$_click_closure1.doCall(ClickKeyword.groovy:67)
	at com.kms.katalon.core.webui.keyword.builtin.ClickKeyword$_click_closure1.call(ClickKeyword.groovy)
	at com.kms.katalon.core.webui.keyword.internal.WebUIKeywordMain.runKeyword(WebUIKeywordMain.groovy:35)
	... 38 more
)]]></system-out>
         <system-err><![CDATA[27-11-2024T18:05:48 - [TEST_CASE][FAILED] - Test Cases/2.Positivos/2.2Sobre/Origen-Lima/2.Valorado/Entrega_Domicilio/DecJura-Paquete: Test Cases/2.Positivos/2.2Sobre/Origen-Lima/2.Valorado/Entrega_Domicilio/DecJura-Paquete FAILED.
Reason:
com.kms.katalon.core.exception.StepFailedException: Call Test Case 'Test Cases/1.Inicio/1.1Principal/Selec_sobre' failed
	at com.kms.katalon.core.keyword.builtin.CallTestCaseKeyword$_callTestCase_closure1.doCall(CallTestCaseKeyword.groovy:63)
	at com.kms.katalon.core.keyword.builtin.CallTestCaseKeyword$_callTestCase_closure1.call(CallTestCaseKeyword.groovy)
	at com.kms.katalon.core.keyword.internal.KeywordMain.runKeyword(KeywordMain.groovy:75)
	at com.kms.katalon.core.keyword.builtin.CallTestCaseKeyword.callTestCase(CallTestCaseKeyword.groovy:81)
	at com.kms.katalon.core.keyword.builtin.CallTestCaseKeyword.execute(CallTestCaseKeyword.groovy:44)
	at com.kms.katalon.core.keyword.internal.KeywordExecutor.executeKeywordForPlatform(KeywordExecutor.groovy:74)
	at com.kms.katalon.core.keyword.BuiltinKeywords.callTestCase(BuiltinKeywords.groovy:310)
	at jdk.internal.reflect.GeneratedMethodAccessor25.invoke(Unknown Source)
	at java.base/jdk.internal.reflect.DelegatingMethodAccessorImpl.invoke(DelegatingMethodAccessorImpl.java:43)
	at DecJura-Paquete.run(DecJura-Paquete:22)
	at com.kms.katalon.core.main.ScriptEngine.run(ScriptEngine.java:194)
	at com.kms.katalon.core.main.ScriptEngine.runScriptAsRawText(ScriptEngine.java:119)
	at com.kms.katalon.core.main.TestCaseExecutor.runScript(TestCaseExecutor.java:448)
	at com.kms.katalon.core.main.TestCaseExecutor.doExecute(TestCaseExecutor.java:439)
	at com.kms.katalon.core.main.TestCaseExecutor.processExecutionPhase(TestCaseExecutor.java:418)
	at com.kms.katalon.core.main.TestCaseExecutor.accessMainPhase(TestCaseExecutor.java:410)
	at com.kms.katalon.core.main.TestCaseExecutor.execute(TestCaseExecutor.java:285)
	at com.kms.katalon.core.common.CommonExecutor.accessTestCaseMainPhase(CommonExecutor.java:65)
	at com.kms.katalon.core.main.TestSuiteExecutor.accessTestSuiteMainPhase(TestSuiteExecutor.java:150)
	at com.kms.katalon.core.main.TestSuiteExecutor.execute(TestSuiteExecutor.java:106)
	at com.kms.katalon.core.main.TestCaseMain.startTestSuite(TestCaseMain.java:180)
	at TempTestSuite1732745349578.run(TempTestSuite1732745349578.groovy:35)
	at java.base/jdk.internal.reflect.NativeMethodAccessorImpl.invoke0(Native Method)
	at java.base/jdk.internal.reflect.NativeMethodAccessorImpl.invoke(NativeMethodAccessorImpl.java:77)
	at java.base/jdk.internal.reflect.DelegatingMethodAccessorImpl.invoke(DelegatingMethodAccessorImpl.java:43)
Caused by: com.kms.katalon.core.exception.StepFailedException: Unable to click on object 'Object Repository/Principal/Page_Olva Courier  Home/button_CONTINUAR (2)'
	at com.kms.katalon.core.webui.keyword.internal.WebUIKeywordMain.stepFailed(WebUIKeywordMain.groovy:117)
	at com.kms.katalon.core.webui.keyword.internal.WebUIKeywordMain.runKeyword(WebUIKeywordMain.groovy:43)
	at com.kms.katalon.core.webui.keyword.builtin.ClickKeyword.click(ClickKeyword.groovy:74)
	at com.kms.katalon.core.webui.keyword.builtin.ClickKeyword.execute(ClickKeyword.groovy:40)
	at com.kms.katalon.core.keyword.internal.KeywordExecutor.executeKeywordForPlatform(KeywordExecutor.groovy:74)
	at com.kms.katalon.core.webui.keyword.WebUiBuiltInKeywords.click(WebUiBuiltInKeywords.groovy:659)
	at Selec_sobre.run(Selec_sobre:24)
	at com.kms.katalon.core.main.ScriptEngine.run(ScriptEngine.java:194)
	at com.kms.katalon.core.main.ScriptEngine.runScriptAsRawText(ScriptEngine.java:119)
	at com.kms.katalon.core.main.TestCaseExecutor.runScript(TestCaseExecutor.java:448)
	at com.kms.katalon.core.main.TestCaseExecutor.doExecute(TestCaseExecutor.java:439)
	at com.kms.katalon.core.main.TestCaseExecutor.processExecutionPhase(TestCaseExecutor.java:418)
	at com.kms.katalon.core.main.TestCaseExecutor.accessMainPhase(TestCaseExecutor.java:410)
	at com.kms.katalon.core.main.TestCaseExecutor.execute(TestCaseExecutor.java:285)
	at com.kms.katalon.core.main.TestCaseMain.runTestCase(TestCaseMain.java:137)
	at com.kms.katalon.core.keyword.builtin.CallTestCaseKeyword$_callTestCase_closure1.doCall(CallTestCaseKeyword.groovy:59)
	... 24 more
Caused by: org.openqa.selenium.ElementClickInterceptedException: Element <button id="btn_aceptar_tipo_envio" class="btn disabled" type="button"> is not clickable at point (683,588) because another element <form id="form_tipo_envio" class="registr_form" name="form_tipo_envio"> obscures it
Build info: version: '3.141.59', revision: 'unknown', time: 'unknown'
System info: host: 'DESKTOP-RGFFP9A', ip: '10.136.10.6', os.name: 'Windows 11', os.arch: 'amd64', os.version: '10.0', java.version: '17.0.7'
Driver info: com.kms.katalon.core.webui.driver.firefox.CGeckoDriver
Capabilities {acceptInsecureCerts: true, browserName: firefox, browserVersion: 133.0, javascriptEnabled: true, moz:accessibilityChecks: false, moz:buildID: 20241121140525, moz:geckodriverVersion: 0.35.0, moz:headless: false, moz:platformVersion: 10.0, moz:processID: 26188, moz:profile: C:\Users\OLVATI\AppData\Loc..., moz:shutdownTimeout: 60000, moz:webdriverClick: true, moz:windowless: false, pageLoadStrategy: normal, platform: WINDOWS, platformName: WINDOWS, proxy: Proxy(direct), setWindowRect: true, strictFileInteractability: false, timeouts: {implicit: 0, pageLoad: 300000, script: 30000}, unhandledPromptBehavior: dismiss and notify, userAgent: Mozilla/5.0 (Windows NT 10....}
Session ID: 023774f6-45aa-4bff-a9a5-c6d205abfb06
	at jdk.internal.reflect.GeneratedConstructorAccessor32.newInstance(Unknown Source)
	at java.base/jdk.internal.reflect.DelegatingConstructorAccessorImpl.newInstance(DelegatingConstructorAccessorImpl.java:45)
	at org.openqa.selenium.remote.http.W3CHttpResponseCodec.createException(W3CHttpResponseCodec.java:187)
	at org.openqa.selenium.remote.http.W3CHttpResponseCodec.decode(W3CHttpResponseCodec.java:122)
	at org.openqa.selenium.remote.http.W3CHttpResponseCodec.decode(W3CHttpResponseCodec.java:49)
	at org.openqa.selenium.remote.HttpCommandExecutor.execute(HttpCommandExecutor.java:158)
	at org.openqa.selenium.remote.service.DriverCommandExecutor.execute(DriverCommandExecutor.java:83)
	at org.openqa.selenium.remote.RemoteWebDriver.execute(RemoteWebDriver.java:552)
	at com.kms.katalon.selenium.driver.CFirefoxDriver.execute(CFirefoxDriver.java:28)
	at org.openqa.selenium.remote.RemoteWebElement.execute(RemoteWebElement.java:285)
	at org.openqa.selenium.remote.RemoteWebElement.click(RemoteWebElement.java:84)
	at jdk.internal.reflect.GeneratedMethodAccessor10.invoke(Unknown Source)
	at java.base/jdk.internal.reflect.DelegatingMethodAccessorImpl.invoke(DelegatingMethodAccessorImpl.java:43)
	at org.openqa.selenium.support.events.EventFiringWebDriver$EventFiringWebElement.lambda$new$0(EventFiringWebDriver.java:404)
	at jdk.proxy2/jdk.proxy2.$Proxy21.click(Unknown Source)
	at org.openqa.selenium.support.events.EventFiringWebDriver$EventFiringWebElement.click(EventFiringWebDriver.java:417)
	at org.openqa.selenium.WebElement$click.call(Unknown Source)
	at com.kms.katalon.core.webui.keyword.builtin.ClickKeyword.clickUntilSuccessWithTimeout(ClickKeyword.groovy:81)
	at com.kms.katalon.core.webui.keyword.builtin.ClickKeyword.clickUntilSuccessWithTimeout(ClickKeyword.groovy)
	at jdk.internal.reflect.GeneratedMethodAccessor8.invoke(Unknown Source)
	at java.base/jdk.internal.reflect.DelegatingMethodAccessorImpl.invoke(DelegatingMethodAccessorImpl.java:43)
	at com.kms.katalon.core.webui.keyword.builtin.ClickKeyword$_click_closure1.doCall(ClickKeyword.groovy:67)
	at com.kms.katalon.core.webui.keyword.builtin.ClickKeyword$_click_closure1.call(ClickKeyword.groovy)
	at com.kms.katalon.core.webui.keyword.internal.WebUIKeywordMain.runKeyword(WebUIKeywordMain.groovy:35)
	... 38 more]]></system-err>
      </testcase>
      <testcase name="Test Cases/2.Positivos/2.2Sobre/Origen-Lima/1.Nuevo-Cliente/RUC" time="0.022" classname="Test Cases/2.Positivos/2.2Sobre/Origen-Lima/1.Nuevo-Cliente/RUC" status="PASSED">
         <system-out><![CDATA[27-11-2024T18:06:36 - [TEST_CASE][PASSED] - Test Cases/2.Positivos/2.2Sobre/Origen-Lima/1.Nuevo-Cliente/RUC: Test Cases/2.Positivos/2.2Sobre/Origen-Lima/1.Nuevo-Cliente/RUC

27-11-2024T18:06:36 - [TEST_STEP][PASSED] - return null: null]]></system-out>
         <system-err><![CDATA[]]></system-err>
      </testcase>
      <testcase name="Test Cases/2.Positivos/2.2Sobre/Origen-Lima/1.Nuevo-Cliente/DNI" time="0.015" classname="Test Cases/2.Positivos/2.2Sobre/Origen-Lima/1.Nuevo-Cliente/DNI" status="PASSED">
         <system-out><![CDATA[27-11-2024T18:06:36 - [TEST_CASE][PASSED] - Test Cases/2.Positivos/2.2Sobre/Origen-Lima/1.Nuevo-Cliente/DNI: Test Cases/2.Positivos/2.2Sobre/Origen-Lima/1.Nuevo-Cliente/DNI

27-11-2024T18:06:36 - [TEST_STEP][PASSED] - return null: null]]></system-out>
         <system-err><![CDATA[]]></system-err>
      </testcase>
      <testcase name="Test Cases/2.Positivos/2.2Sobre/Origen-Lima/1.Nuevo-Cliente/CE" time="0.015" classname="Test Cases/2.Positivos/2.2Sobre/Origen-Lima/1.Nuevo-Cliente/CE" status="PASSED">
         <system-out><![CDATA[27-11-2024T18:06:36 - [TEST_CASE][PASSED] - Test Cases/2.Positivos/2.2Sobre/Origen-Lima/1.Nuevo-Cliente/CE: Test Cases/2.Positivos/2.2Sobre/Origen-Lima/1.Nuevo-Cliente/CE

27-11-2024T18:06:36 - [TEST_STEP][PASSED] - return null: null]]></system-out>
         <system-err><![CDATA[]]></system-err>
      </testcase>
      <testcase name="Test Cases/2.Positivos/2.1Paquete/Origen-Lima/1.Nuevo-Cliente/CE" time="0.017" classname="Test Cases/2.Positivos/2.1Paquete/Origen-Lima/1.Nuevo-Cliente/CE" status="PASSED">
         <system-out><![CDATA[27-11-2024T18:06:36 - [TEST_CASE][PASSED] - Test Cases/2.Positivos/2.1Paquete/Origen-Lima/1.Nuevo-Cliente/CE: Test Cases/2.Positivos/2.1Paquete/Origen-Lima/1.Nuevo-Cliente/CE

27-11-2024T18:06:37 - [TEST_STEP][PASSED] - return null: null]]></system-out>
         <system-err><![CDATA[]]></system-err>
      </testcase>
      <system-out><![CDATA[27-11-2024T17:09:23 - [TEST_SUITE][FAILED] - Positivos: Test Cases/2.Positivos/2.1Paquete/Origen-Provincia/4.Peso/Peso 1,2,3,4,5kg FAILED.
Reason:
com.kms.katalon.core.exception.StepFailedException: Verify element text of test object 'Object Repository/peso/Page_Olva Courier  Confirma tus datos/th_S 14.50' FAILED.
	at com.kms.katalon.core.webui.keyword.internal.WebUIKeywordMain.stepFailed(WebUIKeywordMain.groovy:117)
	at com.kms.katalon.core.webui.keyword.internal.WebUIKeywordMain.runKeyword(WebUIKeywordMain.groovy:43)
	at com.kms.katalon.core.webui.keyword.builtin.VerifyElementTextKeyword.verifyElementText(VerifyElementTextKeyword.groovy:72)
	at com.kms.katalon.core.webui.keyword.builtin.VerifyElementTextKeyword.execute(VerifyElementTextKeyword.groovy:40)
	at com.kms.katalon.core.keyword.internal.KeywordExecutor.executeKeywordForPlatform(KeywordExecutor.groovy:74)
	at com.kms.katalon.core.webui.keyword.WebUiBuiltInKeywords.verifyElementText(WebUiBuiltInKeywords.groovy:4835)
	at Peso 1,2,3,4,5kg.run(Peso 1,2,3,4,5kg:88)
	at com.kms.katalon.core.main.ScriptEngine.run(ScriptEngine.java:194)
	at com.kms.katalon.core.main.ScriptEngine.runScriptAsRawText(ScriptEngine.java:119)
	at com.kms.katalon.core.main.TestCaseExecutor.runScript(TestCaseExecutor.java:448)
	at com.kms.katalon.core.main.TestCaseExecutor.doExecute(TestCaseExecutor.java:439)
	at com.kms.katalon.core.main.TestCaseExecutor.processExecutionPhase(TestCaseExecutor.java:418)
	at com.kms.katalon.core.main.TestCaseExecutor.accessMainPhase(TestCaseExecutor.java:410)
	at com.kms.katalon.core.main.TestCaseExecutor.execute(TestCaseExecutor.java:285)
	at com.kms.katalon.core.common.CommonExecutor.accessTestCaseMainPhase(CommonExecutor.java:65)
	at com.kms.katalon.core.main.TestSuiteExecutor.accessTestSuiteMainPhase(TestSuiteExecutor.java:150)
	at com.kms.katalon.core.main.TestSuiteExecutor.execute(TestSuiteExecutor.java:106)
	at com.kms.katalon.core.main.TestCaseMain.startTestSuite(TestCaseMain.java:180)
	at TempTestSuite1732745349578.run(TempTestSuite1732745349578.groovy:35)
	at java.base/jdk.internal.reflect.NativeMethodAccessorImpl.invoke0(Native Method)
	at java.base/jdk.internal.reflect.NativeMethodAccessorImpl.invoke(NativeMethodAccessorImpl.java:77)
	at java.base/jdk.internal.reflect.DelegatingMethodAccessorImpl.invoke(DelegatingMethodAccessorImpl.java:43)
Caused by: com.kms.katalon.core.exception.StepFailedException: Actual text 'S/ 7.00' and expected text 'S/ 14.50' of test object 'Object Repository/peso/Page_Olva Courier  Confirma tus datos/th_S 14.50' are NOT matched.
	at com.kms.katalon.core.webui.keyword.internal.WebUIKeywordMain.stepFailed(WebUIKeywordMain.groovy:117)
	at com.kms.katalon.core.webui.keyword.builtin.VerifyElementTextKeyword$_verifyElementText_closure1.doCall(VerifyElementTextKeyword.groovy:57)
	at com.kms.katalon.core.webui.keyword.builtin.VerifyElementTextKeyword$_verifyElementText_closure1.call(VerifyElementTextKeyword.groovy)
	at com.kms.katalon.core.webui.keyword.internal.WebUIKeywordMain.runKeyword(WebUIKeywordMain.groovy:35)
	... 20 more]]></system-out>
      <system-err><![CDATA[27-11-2024T17:09:23 - [TEST_SUITE][FAILED] - Positivos: Test Cases/2.Positivos/2.1Paquete/Origen-Provincia/4.Peso/Peso 1,2,3,4,5kg FAILED.
Reason:
com.kms.katalon.core.exception.StepFailedException: Verify element text of test object 'Object Repository/peso/Page_Olva Courier  Confirma tus datos/th_S 14.50' FAILED.
	at com.kms.katalon.core.webui.keyword.internal.WebUIKeywordMain.stepFailed(WebUIKeywordMain.groovy:117)
	at com.kms.katalon.core.webui.keyword.internal.WebUIKeywordMain.runKeyword(WebUIKeywordMain.groovy:43)
	at com.kms.katalon.core.webui.keyword.builtin.VerifyElementTextKeyword.verifyElementText(VerifyElementTextKeyword.groovy:72)
	at com.kms.katalon.core.webui.keyword.builtin.VerifyElementTextKeyword.execute(VerifyElementTextKeyword.groovy:40)
	at com.kms.katalon.core.keyword.internal.KeywordExecutor.executeKeywordForPlatform(KeywordExecutor.groovy:74)
	at com.kms.katalon.core.webui.keyword.WebUiBuiltInKeywords.verifyElementText(WebUiBuiltInKeywords.groovy:4835)
	at Peso 1,2,3,4,5kg.run(Peso 1,2,3,4,5kg:88)
	at com.kms.katalon.core.main.ScriptEngine.run(ScriptEngine.java:194)
	at com.kms.katalon.core.main.ScriptEngine.runScriptAsRawText(ScriptEngine.java:119)
	at com.kms.katalon.core.main.TestCaseExecutor.runScript(TestCaseExecutor.java:448)
	at com.kms.katalon.core.main.TestCaseExecutor.doExecute(TestCaseExecutor.java:439)
	at com.kms.katalon.core.main.TestCaseExecutor.processExecutionPhase(TestCaseExecutor.java:418)
	at com.kms.katalon.core.main.TestCaseExecutor.accessMainPhase(TestCaseExecutor.java:410)
	at com.kms.katalon.core.main.TestCaseExecutor.execute(TestCaseExecutor.java:285)
	at com.kms.katalon.core.common.CommonExecutor.accessTestCaseMainPhase(CommonExecutor.java:65)
	at com.kms.katalon.core.main.TestSuiteExecutor.accessTestSuiteMainPhase(TestSuiteExecutor.java:150)
	at com.kms.katalon.core.main.TestSuiteExecutor.execute(TestSuiteExecutor.java:106)
	at com.kms.katalon.core.main.TestCaseMain.startTestSuite(TestCaseMain.java:180)
	at TempTestSuite1732745349578.run(TempTestSuite1732745349578.groovy:35)
	at java.base/jdk.internal.reflect.NativeMethodAccessorImpl.invoke0(Native Method)
	at java.base/jdk.internal.reflect.NativeMethodAccessorImpl.invoke(NativeMethodAccessorImpl.java:77)
	at java.base/jdk.internal.reflect.DelegatingMethodAccessorImpl.invoke(DelegatingMethodAccessorImpl.java:43)
Caused by: com.kms.katalon.core.exception.StepFailedException: Actual text 'S/ 7.00' and expected text 'S/ 14.50' of test object 'Object Repository/peso/Page_Olva Courier  Confirma tus datos/th_S 14.50' are NOT matched.
	at com.kms.katalon.core.webui.keyword.internal.WebUIKeywordMain.stepFailed(WebUIKeywordMain.groovy:117)
	at com.kms.katalon.core.webui.keyword.builtin.VerifyElementTextKeyword$_verifyElementText_closure1.doCall(VerifyElementTextKeyword.groovy:57)
	at com.kms.katalon.core.webui.keyword.builtin.VerifyElementTextKeyword$_verifyElementText_closure1.call(VerifyElementTextKeyword.groovy)
	at com.kms.katalon.core.webui.keyword.internal.WebUIKeywordMain.runKeyword(WebUIKeywordMain.groovy:35)
	... 20 more]]></system-err>
   </testsuite>
</testsuites>
