<?xml version="1.0" encoding="UTF-8"?>
<testsuites name="Positivos" time="2810.642" tests="67" failures="36" errors="0">
   <testsuite name="Positivos" tests="67" failures="36" errors="0" time="2810.642" skipped="0" timestamp="27-11-2024T12:52:44" hostname="OLVATI - DESKTOP-RGFFP9A" id="Test Suites/Positivos">
      <properties>
         <property name="deviceName" value=""/>
         <property name="devicePlatform"/>
         <property name="logFolder" value="C:\\Users\\OLVATI\\Katalon Studio\\RegistroEnvio_Totem\\Reports\\20241127_125228\\Positivos\\20241127_125228"/>
         <property name="logFiles" value="C:\\Users\\OLVATI\\Katalon Studio\\RegistroEnvio_Totem\\Reports\\20241127_125228\\Positivos\\20241127_125228\\execution0.log"/>
         <property name="attachments" value=""/>
         <property name="hostName" value="OLVATI - DESKTOP-RGFFP9A"/>
         <property name="os" value="Windows 11 64bit"/>
         <property name="katalonVersion" value="9.7.2.223"/>
         <property name="browser" value="Firefox 133.0"/>
         <property name="hostAddress" value="10.136.10.6"/>
         <property name="sessionId" value="f2d17a0c-c57e-4a6c-b514-8d65bd920ecd"/>
         <property name="seleniumVersion" value="3.141.59"/>
         <property name="proxyInformation" value="ProxyInformation { proxyOption=NO_PROXY, proxyServerType=HTTP, username=, password=********, proxyServerAddress=, proxyServerPort=0, executionList=&quot;&quot;, isApplyToDesiredCapabilities=true }"/>
         <property name="platform" value="Windows 11"/>
      </properties>
      <testcase name="Test Cases/2.Positivos/2.1Paquete/Origen-Provincia/Validar resumen ---" time="91.509" classname="Test Cases/2.Positivos/2.1Paquete/Origen-Provincia/Validar resumen ---" status="PASSED">
         <system-out><![CDATA[27-11-2024T12:52:45 - [TEST_CASE][PASSED] - Test Cases/2.Positivos/2.1Paquete/Origen-Provincia/Validar resumen ---: Test Cases/2.Positivos/2.1Paquete/Origen-Provincia/Validar resumen ---

27-11-2024T12:52:46 - [TEST_STEP][PASSED] - callTestCase(findTestCase("1.Inicio/1.1Principal/Principal-home"), [:], STOP_ON_FAILURE): Call Test Case 'Test Cases/1.Inicio/1.1Principal/Principal-home' successfully

27-11-2024T12:52:46 - [TEST_CASE][PASSED] - Test Cases/1.Inicio/1.1Principal/Principal-home: Test Cases/1.Inicio/1.1Principal/Principal-home

27-11-2024T12:52:46 - [TEST_STEP][PASSED] - openBrowser(""): Browser is opened with url: ''

27-11-2024T12:52:47 - [MESSAGE][INFO] - Starting 'Firefox' driver

27-11-2024T12:52:47 - [MESSAGE][INFO] - Action delay is set to 0 milliseconds

27-11-2024T12:52:57 - [MESSAGE][PASSED] - Browser is opened with url: ''

27-11-2024T12:52:57 - [TEST_STEP][PASSED] - navigateToUrl("https://dev01-registrodeenvios.olvacourier.com/principal"): Navigate to 'https://dev01-registrodeenvios.olvacourier.com/principal' successfully

27-11-2024T12:52:58 - [MESSAGE][PASSED] - Navigate to 'https://dev01-registrodeenvios.olvacourier.com/principal' successfully

27-11-2024T12:52:58 - [TEST_STEP][PASSED] - maximizeWindow(): Current window maximized

27-11-2024T12:52:58 - [MESSAGE][PASSED] - Current window maximized

27-11-2024T12:52:58 - [MESSAGE][PASSED] - Call Test Case 'Test Cases/1.Inicio/1.1Principal/Principal-home' successfully

27-11-2024T12:52:58 - [TEST_STEP][PASSED] - callTestCase(findTestCase("1.Inicio/1.1Principal/Selec_paquete"), [:], STOP_ON_FAILURE): Call Test Case 'Test Cases/1.Inicio/1.1Principal/Selec_paquete' successfully

27-11-2024T12:52:58 - [TEST_CASE][PASSED] - Test Cases/1.Inicio/1.1Principal/Selec_paquete: Test Cases/1.Inicio/1.1Principal/Selec_paquete

27-11-2024T12:52:59 - [TEST_STEP][PASSED] - click(findTestObject("Object Repository/Principal/Page_Olva Courier  Home/img_Qu deseas realizar hoy_img_paquete")): Object: 'Object Repository/Principal/Page_Olva Courier  Home/img_Qu deseas realizar hoy_img_paquete' is clicked on

27-11-2024T12:52:59 - [MESSAGE][PASSED] - Object: 'Object Repository/Principal/Page_Olva Courier  Home/img_Qu deseas realizar hoy_img_paquete' is clicked on

27-11-2024T12:52:59 - [TEST_STEP][PASSED] - click(findTestObject("Object Repository/Principal/Page_Olva Courier  Home/span_He ledo y acepto los_checkmark (1)")): Object: 'Object Repository/Principal/Page_Olva Courier  Home/span_He ledo y acepto los_checkmark (1)' is clicked on

27-11-2024T12:53:00 - [MESSAGE][PASSED] - Object: 'Object Repository/Principal/Page_Olva Courier  Home/span_He ledo y acepto los_checkmark (1)' is clicked on

27-11-2024T12:53:00 - [TEST_STEP][PASSED] - click(findTestObject("Object Repository/Principal/Page_Olva Courier  Home/button_CONTINUAR (1)")): Object: 'Object Repository/Principal/Page_Olva Courier  Home/button_CONTINUAR (1)' is clicked on

27-11-2024T12:53:05 - [MESSAGE][PASSED] - Object: 'Object Repository/Principal/Page_Olva Courier  Home/button_CONTINUAR (1)' is clicked on

27-11-2024T12:53:05 - [TEST_STEP][PASSED] - verifyElementPresent(findTestObject("Object Repository/Principal/Page_Olva Courier  Datos Personales/strong_REGISTRO DE ENVOS"), 0): Object 'Object Repository/Principal/Page_Olva Courier  Datos Personales/strong_REGISTRO DE ENVOS' is present

27-11-2024T12:53:05 - [MESSAGE][WARNING] - Timeout '0' is invalid. Using default page load timeout: '30'

27-11-2024T12:53:06 - [MESSAGE][PASSED] - Object 'Object Repository/Principal/Page_Olva Courier  Datos Personales/strong_REGISTRO DE ENVOS' is present

27-11-2024T12:53:06 - [TEST_STEP][PASSED] - verifyElementPresent(findTestObject("Object Repository/Principal/Page_Olva Courier  Datos Personales/span_Regresar (1)"), 0): Object 'Object Repository/Principal/Page_Olva Courier  Datos Personales/span_Regresar (1)' is present

27-11-2024T12:53:06 - [MESSAGE][WARNING] - Timeout '0' is invalid. Using default page load timeout: '30'

27-11-2024T12:53:06 - [MESSAGE][PASSED] - Object 'Object Repository/Principal/Page_Olva Courier  Datos Personales/span_Regresar (1)' is present

27-11-2024T12:53:06 - [TEST_STEP][PASSED] - verifyElementPresent(findTestObject("Object Repository/Principal/Page_Olva Courier  Datos Personales/span_Inicio (1)"), 0): Object 'Object Repository/Principal/Page_Olva Courier  Datos Personales/span_Inicio (1)' is present

27-11-2024T12:53:06 - [MESSAGE][WARNING] - Timeout '0' is invalid. Using default page load timeout: '30'

27-11-2024T12:53:06 - [MESSAGE][PASSED] - Object 'Object Repository/Principal/Page_Olva Courier  Datos Personales/span_Inicio (1)' is present

27-11-2024T12:53:06 - [MESSAGE][PASSED] - Call Test Case 'Test Cases/1.Inicio/1.1Principal/Selec_paquete' successfully

27-11-2024T12:53:06 - [TEST_STEP][PASSED] - callTestCase(findTestCase("1.Inicio/1.2Tipo_Doc/5.RUC20"), [:], STOP_ON_FAILURE): Call Test Case 'Test Cases/1.Inicio/1.2Tipo_Doc/5.RUC20' successfully

27-11-2024T12:53:06 - [TEST_CASE][PASSED] - Test Cases/1.Inicio/1.2Tipo_Doc/5.RUC20: Test Cases/1.Inicio/1.2Tipo_Doc/5.RUC20

27-11-2024T12:53:06 - [TEST_STEP][PASSED] - click(findTestObject("Object Repository/Login/Page_Olva Courier  Datos Personales/button_Tipo De Documento")): Object: 'Object Repository/Login/Page_Olva Courier  Datos Personales/button_Tipo De Documento' is clicked on

27-11-2024T12:53:07 - [MESSAGE][PASSED] - Object: 'Object Repository/Login/Page_Olva Courier  Datos Personales/button_Tipo De Documento' is clicked on

27-11-2024T12:53:07 - [TEST_STEP][PASSED] - click(findTestObject("Object Repository/Login/Page_Olva Courier  Datos Personales/span_RUC (Factura)")): Object: 'Object Repository/Login/Page_Olva Courier  Datos Personales/span_RUC (Factura)' is clicked on

27-11-2024T12:53:07 - [MESSAGE][PASSED] - Object: 'Object Repository/Login/Page_Olva Courier  Datos Personales/span_RUC (Factura)' is clicked on

27-11-2024T12:53:07 - [TEST_STEP][PASSED] - setText(findTestObject("Object Repository/Login/Page_Olva Courier  Datos Personales/input_CARN EXT. (Boleta)_txt_documento_cliente"), "20100686814"): Text '20100686814' is set on object 'Object Repository/Login/Page_Olva Courier  Datos Personales/input_CARN EXT. (Boleta)_txt_documento_cliente'

27-11-2024T12:53:08 - [MESSAGE][PASSED] - Text '20100686814' is set on object 'Object Repository/Login/Page_Olva Courier  Datos Personales/input_CARN EXT. (Boleta)_txt_documento_cliente'

27-11-2024T12:53:08 - [MESSAGE][PASSED] - Call Test Case 'Test Cases/1.Inicio/1.2Tipo_Doc/5.RUC20' successfully

27-11-2024T12:53:08 - [TEST_STEP][PASSED] - click(findTestObject("Object Repository/Principal/Page_Olva Courier  Datos Personales/button_Seleccionar artculo")): Object: 'Object Repository/Principal/Page_Olva Courier  Datos Personales/button_Seleccionar artculo' is clicked on

27-11-2024T12:53:23 - [MESSAGE][PASSED] - Object: 'Object Repository/Principal/Page_Olva Courier  Datos Personales/button_Seleccionar artculo' is clicked on

27-11-2024T12:53:23 - [TEST_STEP][PASSED] - click(findTestObject("Object Repository/Principal/Page_Olva Courier  Datos Personales/a_CAJA")): Object: 'Object Repository/Principal/Page_Olva Courier  Datos Personales/a_CAJA' is clicked on

27-11-2024T12:53:24 - [MESSAGE][PASSED] - Object: 'Object Repository/Principal/Page_Olva Courier  Datos Personales/a_CAJA' is clicked on

27-11-2024T12:53:24 - [TEST_STEP][PASSED] - setText(findTestObject("Object Repository/Principal/Page_Olva Courier  Datos Personales/input_UTILES DE OFICINA_txt_paquete_articulo"), "FGDg"): Text 'FGDg' is set on object 'Object Repository/Principal/Page_Olva Courier  Datos Personales/input_UTILES DE OFICINA_txt_paquete_articulo'

27-11-2024T12:53:24 - [MESSAGE][PASSED] - Text 'FGDg' is set on object 'Object Repository/Principal/Page_Olva Courier  Datos Personales/input_UTILES DE OFICINA_txt_paquete_articulo'

27-11-2024T12:53:24 - [TEST_STEP][PASSED] - setText(findTestObject("Object Repository/Principal/Page_Olva Courier  Datos Personales/input_UTILES DE OFICINA_txt_paquete_valor"), "50"): Text '50' is set on object 'Object Repository/Principal/Page_Olva Courier  Datos Personales/input_UTILES DE OFICINA_txt_paquete_valor'

27-11-2024T12:53:25 - [MESSAGE][PASSED] - Text '50' is set on object 'Object Repository/Principal/Page_Olva Courier  Datos Personales/input_UTILES DE OFICINA_txt_paquete_valor'

27-11-2024T12:53:25 - [TEST_STEP][PASSED] - click(findTestObject("Object Repository/Principal/Page_Olva Courier  Datos Personales/div_Hasta 2Kg")): Object: 'Object Repository/Principal/Page_Olva Courier  Datos Personales/div_Hasta 2Kg' is clicked on

27-11-2024T12:53:25 - [MESSAGE][PASSED] - Object: 'Object Repository/Principal/Page_Olva Courier  Datos Personales/div_Hasta 2Kg' is clicked on

27-11-2024T12:53:25 - [TEST_STEP][PASSED] - scrollToElement(findTestObject("Object Repository/Destinos/Page_Olva Courier  Datos Personales/button_LIMA (1)"), 0): Scroll to object 'Object Repository/Destinos/Page_Olva Courier  Datos Personales/button_LIMA (1)' successfully

27-11-2024T12:53:25 - [MESSAGE][WARNING] - Timeout '0' is invalid. Using default page load timeout: '30'

27-11-2024T12:53:26 - [MESSAGE][PASSED] - Scroll to object 'Object Repository/Destinos/Page_Olva Courier  Datos Personales/button_LIMA (1)' successfully

27-11-2024T12:53:26 - [TEST_STEP][PASSED] - click(findTestObject("Object Repository/Destinos/Page_Olva Courier  Datos Personales/button_LIMA (1)")): Object: 'Object Repository/Destinos/Page_Olva Courier  Datos Personales/button_LIMA (1)' is clicked on

27-11-2024T12:53:27 - [MESSAGE][PASSED] - Object: 'Object Repository/Destinos/Page_Olva Courier  Datos Personales/button_LIMA (1)' is clicked on

27-11-2024T12:53:27 - [TEST_STEP][PASSED] - click(findTestObject("Object Repository/Destinos/Page_Olva Courier  Datos Personales/a_ICA")): Object: 'Object Repository/Destinos/Page_Olva Courier  Datos Personales/a_ICA' is clicked on

27-11-2024T12:53:27 - [MESSAGE][PASSED] - Object: 'Object Repository/Destinos/Page_Olva Courier  Datos Personales/a_ICA' is clicked on

27-11-2024T12:53:27 - [TEST_STEP][PASSED] - click(findTestObject("Object Repository/Destinos/Page_Olva Courier  Datos Personales/button_ICA")): Object: 'Object Repository/Destinos/Page_Olva Courier  Datos Personales/button_ICA' is clicked on

27-11-2024T12:53:27 - [MESSAGE][PASSED] - Object: 'Object Repository/Destinos/Page_Olva Courier  Datos Personales/button_ICA' is clicked on

27-11-2024T12:53:27 - [TEST_STEP][PASSED] - click(findTestObject("Object Repository/Principal/Page_Olva Courier  Datos Personales/button_Ingrese el punto de llegada")): Object: 'Object Repository/Principal/Page_Olva Courier  Datos Personales/button_Ingrese el punto de llegada' is clicked on

27-11-2024T12:53:28 - [MESSAGE][PASSED] - Object: 'Object Repository/Principal/Page_Olva Courier  Datos Personales/button_Ingrese el punto de llegada' is clicked on

27-11-2024T12:53:28 - [TEST_STEP][PASSED] - click(findTestObject("Object Repository/Principal/Page_Olva Courier  Datos Personales/a_AMAZONAS - BAGUA - COPALLIN")): Object: 'Object Repository/Principal/Page_Olva Courier  Datos Personales/a_AMAZONAS - BAGUA - COPALLIN' is clicked on

27-11-2024T12:53:32 - [MESSAGE][PASSED] - Object: 'Object Repository/Principal/Page_Olva Courier  Datos Personales/a_AMAZONAS - BAGUA - COPALLIN' is clicked on

27-11-2024T12:53:32 - [TEST_STEP][PASSED] - scrollToElement(findTestObject("Object Repository/Principal/Page_Olva Courier  Datos Personales/button_Tipo De Documento_1"), 0): Scroll to object 'Object Repository/Principal/Page_Olva Courier  Datos Personales/button_Tipo De Documento_1' successfully

27-11-2024T12:53:32 - [MESSAGE][WARNING] - Timeout '0' is invalid. Using default page load timeout: '30'

27-11-2024T12:53:32 - [MESSAGE][PASSED] - Scroll to object 'Object Repository/Principal/Page_Olva Courier  Datos Personales/button_Tipo De Documento_1' successfully

27-11-2024T12:53:32 - [TEST_STEP][PASSED] - click(findTestObject("Object Repository/Principal/Page_Olva Courier  Datos Personales/button_Tipo De Documento_1")): Object: 'Object Repository/Principal/Page_Olva Courier  Datos Personales/button_Tipo De Documento_1' is clicked on

27-11-2024T12:53:33 - [MESSAGE][PASSED] - Object: 'Object Repository/Principal/Page_Olva Courier  Datos Personales/button_Tipo De Documento_1' is clicked on

27-11-2024T12:53:33 - [TEST_STEP][PASSED] - click(findTestObject("Object Repository/Principal/Page_Olva Courier  Datos Personales/a_RUC")): Object: 'Object Repository/Principal/Page_Olva Courier  Datos Personales/a_RUC' is clicked on

27-11-2024T12:53:33 - [MESSAGE][PASSED] - Object: 'Object Repository/Principal/Page_Olva Courier  Datos Personales/a_RUC' is clicked on

27-11-2024T12:53:33 - [TEST_STEP][PASSED] - setText(findTestObject("Object Repository/Principal/Page_Olva Courier  Datos Personales/input_CARN EXT_txt_consignado_dni"), "20100686814"): Text '20100686814' is set on object 'Object Repository/Principal/Page_Olva Courier  Datos Personales/input_CARN EXT_txt_consignado_dni'

27-11-2024T12:53:34 - [MESSAGE][PASSED] - Text '20100686814' is set on object 'Object Repository/Principal/Page_Olva Courier  Datos Personales/input_CARN EXT_txt_consignado_dni'

27-11-2024T12:53:34 - [TEST_STEP][PASSED] - click(findTestObject("Object Repository/Principal/Page_Olva Courier  Datos Personales/button_CONTINUAR")): Object: 'Object Repository/Principal/Page_Olva Courier  Datos Personales/button_CONTINUAR' is clicked on

27-11-2024T12:53:41 - [MESSAGE][PASSED] - Object: 'Object Repository/Principal/Page_Olva Courier  Datos Personales/button_CONTINUAR' is clicked on

27-11-2024T12:53:41 - [TEST_STEP][PASSED] - verifyElementText(findTestObject("Object Repository/Principal/Page_Olva Courier  Confirma tus datos/th_---"), "---"): Actual text and expected text of test object 'Object Repository/Principal/Page_Olva Courier  Confirma tus datos/th_---' are matched.

27-11-2024T12:53:50 - [MESSAGE][PASSED] - Actual text and expected text of test object 'Object Repository/Principal/Page_Olva Courier  Confirma tus datos/th_---' are matched.

27-11-2024T12:53:50 - [TEST_STEP][PASSED] - click(findTestObject("Object Repository/Principal/Page_Olva Courier  Confirma tus datos/button_IR A PAGAR S 18.60")): Object: 'Object Repository/Principal/Page_Olva Courier  Confirma tus datos/button_IR A PAGAR S 18.60' is clicked on

27-11-2024T12:53:51 - [MESSAGE][PASSED] - Object: 'Object Repository/Principal/Page_Olva Courier  Confirma tus datos/button_IR A PAGAR S 18.60' is clicked on

27-11-2024T12:53:51 - [TEST_STEP][PASSED] - verifyElementPresent(findTestObject("Object Repository/Principal/Page_Olva Courier  Medios de pago/button_PAGAR"), 0): Object 'Object Repository/Principal/Page_Olva Courier  Medios de pago/button_PAGAR' is present

27-11-2024T12:53:51 - [MESSAGE][WARNING] - Timeout '0' is invalid. Using default page load timeout: '30'

27-11-2024T12:54:12 - [MESSAGE][PASSED] - Object 'Object Repository/Principal/Page_Olva Courier  Medios de pago/button_PAGAR' is present

27-11-2024T12:54:12 - [TEST_STEP][PASSED] - callTestCase(findTestCase("1.Inicio/1.3Pago_POS/Pago-exitoso"), [:], STOP_ON_FAILURE): Call Test Case 'Test Cases/1.Inicio/1.3Pago_POS/Pago-exitoso' successfully

27-11-2024T12:54:12 - [TEST_CASE][PASSED] - Test Cases/1.Inicio/1.3Pago_POS/Pago-exitoso: Test Cases/1.Inicio/1.3Pago_POS/Pago-exitoso

27-11-2024T12:54:12 - [TEST_STEP][PASSED] - verifyElementPresent(findTestObject("Object Repository/pago/Page_Olva Courier  Medios de pago/div_Pago con tarjeta de crdito, dbito y Yape"), 0): Object 'Object Repository/pago/Page_Olva Courier  Medios de pago/div_Pago con tarjeta de crdito, dbito y Yape' is present

27-11-2024T12:54:12 - [MESSAGE][WARNING] - Timeout '0' is invalid. Using default page load timeout: '30'

27-11-2024T12:54:12 - [MESSAGE][PASSED] - Object 'Object Repository/pago/Page_Olva Courier  Medios de pago/div_Pago con tarjeta de crdito, dbito y Yape' is present

27-11-2024T12:54:12 - [TEST_STEP][PASSED] - verifyElementPresent(findTestObject("Object Repository/pago/Page_Olva Courier  Medios de pago/td_S"), 0): Object 'Object Repository/pago/Page_Olva Courier  Medios de pago/td_S' is present

27-11-2024T12:54:12 - [MESSAGE][WARNING] - Timeout '0' is invalid. Using default page load timeout: '30'

27-11-2024T12:54:12 - [MESSAGE][PASSED] - Object 'Object Repository/pago/Page_Olva Courier  Medios de pago/td_S' is present

27-11-2024T12:54:12 - [TEST_STEP][PASSED] - delay(1): Delayed 1 second(s)

27-11-2024T12:54:13 - [MESSAGE][PASSED] - Delayed 1 second(s)

27-11-2024T12:54:13 - [TEST_STEP][PASSED] - scrollToElement(findTestObject("Object Repository/pago/Page_Olva Courier  Medios de pago/button_PAGAR"), 0): Scroll to object 'Object Repository/pago/Page_Olva Courier  Medios de pago/button_PAGAR' successfully

27-11-2024T12:54:13 - [MESSAGE][WARNING] - Timeout '0' is invalid. Using default page load timeout: '30'

27-11-2024T12:54:13 - [MESSAGE][PASSED] - Scroll to object 'Object Repository/pago/Page_Olva Courier  Medios de pago/button_PAGAR' successfully

27-11-2024T12:54:13 - [TEST_STEP][PASSED] - click(findTestObject("Object Repository/pago/Page_Olva Courier  Medios de pago/button_PAGAR")): Object: 'Object Repository/pago/Page_Olva Courier  Medios de pago/button_PAGAR' is clicked on

27-11-2024T12:54:14 - [MESSAGE][PASSED] - Object: 'Object Repository/pago/Page_Olva Courier  Medios de pago/button_PAGAR' is clicked on

27-11-2024T12:54:14 - [TEST_STEP][PASSED] - delay(2): Delayed 2 second(s)

27-11-2024T12:54:16 - [MESSAGE][PASSED] - Delayed 2 second(s)

27-11-2024T12:54:16 - [TEST_STEP][PASSED] - verifyElementText(findTestObject("Object Repository/pago/Page_Olva Courier  Pago Exitoso/div_Aprobado y completado con exito"), "Aprobado y completado con exito"): Actual text and expected text of test object 'Object Repository/pago/Page_Olva Courier  Pago Exitoso/div_Aprobado y completado con exito' are matched.

27-11-2024T12:54:16 - [MESSAGE][PASSED] - Actual text and expected text of test object 'Object Repository/pago/Page_Olva Courier  Pago Exitoso/div_Aprobado y completado con exito' are matched.

27-11-2024T12:54:16 - [TEST_STEP][PASSED] - verifyElementPresent(findTestObject("Object Repository/pago/Page_Olva Courier  Pago Exitoso/b_nroPreventa"), 0): Object 'Object Repository/pago/Page_Olva Courier  Pago Exitoso/b_nroPreventa' is present

27-11-2024T12:54:16 - [MESSAGE][WARNING] - Timeout '0' is invalid. Using default page load timeout: '30'

27-11-2024T12:54:16 - [MESSAGE][PASSED] - Object 'Object Repository/pago/Page_Olva Courier  Pago Exitoso/b_nroPreventa' is present

27-11-2024T12:54:16 - [MESSAGE][PASSED] - Call Test Case 'Test Cases/1.Inicio/1.3Pago_POS/Pago-exitoso' successfully]]></system-out>
         <system-err><![CDATA[]]></system-err>
      </testcase>
      <testcase name="Test Cases/2.Positivos/2.1Paquete/Origen-Provincia/Editar_Eliminar-Envios" time="109.963" classname="Test Cases/2.Positivos/2.1Paquete/Origen-Provincia/Editar_Eliminar-Envios" status="FAILED">
         <failure type="FAILED" message="Test Cases/2.Positivos/2.1Paquete/Origen-Provincia/Editar_Eliminar-Envios FAILED.&#xa;Reason:&#xa;com.kms.katalon.core.exception.StepFailedException: Verify element text of test object 'Object Repository/Positivos/Page_Olva Courier  Medios de pago/button_PAGAR' FAILED.&#xa;	at com.kms.katalon.core.webui.keyword.internal.WebUIKeywordMain.stepFailed(WebUIKeywordMain.groovy:117)&#xa;	at com.kms.katalon.core.webui.keyword.internal.WebUIKeywordMain.runKeyword(WebUIKeywordMain.groovy:43)&#xa;	at com.kms.katalon.core.webui.keyword.builtin.VerifyElementTextKeyword.verifyElementText(VerifyElementTextKeyword.groovy:72)&#xa;	at com.kms.katalon.core.webui.keyword.builtin.VerifyElementTextKeyword.execute(VerifyElementTextKeyword.groovy:40)&#xa;	at com.kms.katalon.core.keyword.internal.KeywordExecutor.executeKeywordForPlatform(KeywordExecutor.groovy:74)&#xa;	at com.kms.katalon.core.webui.keyword.WebUiBuiltInKeywords.verifyElementText(WebUiBuiltInKeywords.groovy:4835)&#xa;	at Editar_Eliminar-Envios.run(Editar_Eliminar-Envios:142)&#xa;	at com.kms.katalon.core.main.ScriptEngine.run(ScriptEngine.java:194)&#xa;	at com.kms.katalon.core.main.ScriptEngine.runScriptAsRawText(ScriptEngine.java:119)&#xa;	at com.kms.katalon.core.main.TestCaseExecutor.runScript(TestCaseExecutor.java:448)&#xa;	at com.kms.katalon.core.main.TestCaseExecutor.doExecute(TestCaseExecutor.java:439)&#xa;	at com.kms.katalon.core.main.TestCaseExecutor.processExecutionPhase(TestCaseExecutor.java:418)&#xa;	at com.kms.katalon.core.main.TestCaseExecutor.accessMainPhase(TestCaseExecutor.java:410)&#xa;	at com.kms.katalon.core.main.TestCaseExecutor.execute(TestCaseExecutor.java:285)&#xa;	at com.kms.katalon.core.common.CommonExecutor.accessTestCaseMainPhase(CommonExecutor.java:65)&#xa;	at com.kms.katalon.core.main.TestSuiteExecutor.accessTestSuiteMainPhase(TestSuiteExecutor.java:150)&#xa;	at com.kms.katalon.core.main.TestSuiteExecutor.execute(TestSuiteExecutor.java:106)&#xa;	at com.kms.katalon.core.main.TestCaseMain.startTestSuite(TestCaseMain.java:180)&#xa;	at TempTestSuite1732729948317.run(TempTestSuite1732729948317.groovy:35)&#xa;	at java.base/jdk.internal.reflect.NativeMethodAccessorImpl.invoke0(Native Method)&#xa;	at java.base/jdk.internal.reflect.NativeMethodAccessorImpl.invoke(NativeMethodAccessorImpl.java:77)&#xa;	at java.base/jdk.internal.reflect.DelegatingMethodAccessorImpl.invoke(DelegatingMethodAccessorImpl.java:43)&#xa;Caused by: com.kms.katalon.core.exception.StepFailedException: Actual text '' and expected text 'PAGAR' of test object 'Object Repository/Positivos/Page_Olva Courier  Medios de pago/button_PAGAR' are NOT matched.&#xa;	at com.kms.katalon.core.webui.keyword.internal.WebUIKeywordMain.stepFailed(WebUIKeywordMain.groovy:117)&#xa;	at com.kms.katalon.core.webui.keyword.builtin.VerifyElementTextKeyword$_verifyElementText_closure1.doCall(VerifyElementTextKeyword.groovy:57)&#xa;	at com.kms.katalon.core.webui.keyword.builtin.VerifyElementTextKeyword$_verifyElementText_closure1.call(VerifyElementTextKeyword.groovy)&#xa;	at com.kms.katalon.core.webui.keyword.internal.WebUIKeywordMain.runKeyword(WebUIKeywordMain.groovy:35)&#xa;	... 20 more&#xa;"/>
         <system-out><![CDATA[27-11-2024T12:54:16 - [TEST_CASE][FAILED] - Test Cases/2.Positivos/2.1Paquete/Origen-Provincia/Editar_Eliminar-Envios: Test Cases/2.Positivos/2.1Paquete/Origen-Provincia/Editar_Eliminar-Envios FAILED.
Reason:
com.kms.katalon.core.exception.StepFailedException: Verify element text of test object 'Object Repository/Positivos/Page_Olva Courier  Medios de pago/button_PAGAR' FAILED.
	at com.kms.katalon.core.webui.keyword.internal.WebUIKeywordMain.stepFailed(WebUIKeywordMain.groovy:117)
	at com.kms.katalon.core.webui.keyword.internal.WebUIKeywordMain.runKeyword(WebUIKeywordMain.groovy:43)
	at com.kms.katalon.core.webui.keyword.builtin.VerifyElementTextKeyword.verifyElementText(VerifyElementTextKeyword.groovy:72)
	at com.kms.katalon.core.webui.keyword.builtin.VerifyElementTextKeyword.execute(VerifyElementTextKeyword.groovy:40)
	at com.kms.katalon.core.keyword.internal.KeywordExecutor.executeKeywordForPlatform(KeywordExecutor.groovy:74)
	at com.kms.katalon.core.webui.keyword.WebUiBuiltInKeywords.verifyElementText(WebUiBuiltInKeywords.groovy:4835)
	at Editar_Eliminar-Envios.run(Editar_Eliminar-Envios:142)
	at com.kms.katalon.core.main.ScriptEngine.run(ScriptEngine.java:194)
	at com.kms.katalon.core.main.ScriptEngine.runScriptAsRawText(ScriptEngine.java:119)
	at com.kms.katalon.core.main.TestCaseExecutor.runScript(TestCaseExecutor.java:448)
	at com.kms.katalon.core.main.TestCaseExecutor.doExecute(TestCaseExecutor.java:439)
	at com.kms.katalon.core.main.TestCaseExecutor.processExecutionPhase(TestCaseExecutor.java:418)
	at com.kms.katalon.core.main.TestCaseExecutor.accessMainPhase(TestCaseExecutor.java:410)
	at com.kms.katalon.core.main.TestCaseExecutor.execute(TestCaseExecutor.java:285)
	at com.kms.katalon.core.common.CommonExecutor.accessTestCaseMainPhase(CommonExecutor.java:65)
	at com.kms.katalon.core.main.TestSuiteExecutor.accessTestSuiteMainPhase(TestSuiteExecutor.java:150)
	at com.kms.katalon.core.main.TestSuiteExecutor.execute(TestSuiteExecutor.java:106)
	at com.kms.katalon.core.main.TestCaseMain.startTestSuite(TestCaseMain.java:180)
	at TempTestSuite1732729948317.run(TempTestSuite1732729948317.groovy:35)
	at java.base/jdk.internal.reflect.NativeMethodAccessorImpl.invoke0(Native Method)
	at java.base/jdk.internal.reflect.NativeMethodAccessorImpl.invoke(NativeMethodAccessorImpl.java:77)
	at java.base/jdk.internal.reflect.DelegatingMethodAccessorImpl.invoke(DelegatingMethodAccessorImpl.java:43)
Caused by: com.kms.katalon.core.exception.StepFailedException: Actual text '' and expected text 'PAGAR' of test object 'Object Repository/Positivos/Page_Olva Courier  Medios de pago/button_PAGAR' are NOT matched.
	at com.kms.katalon.core.webui.keyword.internal.WebUIKeywordMain.stepFailed(WebUIKeywordMain.groovy:117)
	at com.kms.katalon.core.webui.keyword.builtin.VerifyElementTextKeyword$_verifyElementText_closure1.doCall(VerifyElementTextKeyword.groovy:57)
	at com.kms.katalon.core.webui.keyword.builtin.VerifyElementTextKeyword$_verifyElementText_closure1.call(VerifyElementTextKeyword.groovy)
	at com.kms.katalon.core.webui.keyword.internal.WebUIKeywordMain.runKeyword(WebUIKeywordMain.groovy:35)
	... 20 more


27-11-2024T12:54:17 - [TEST_STEP][PASSED] - callTestCase(findTestCase("1.Inicio/1.1Principal/Principal-home"), [:], STOP_ON_FAILURE): Call Test Case 'Test Cases/1.Inicio/1.1Principal/Principal-home' successfully

27-11-2024T12:54:17 - [TEST_CASE][PASSED] - Test Cases/1.Inicio/1.1Principal/Principal-home: Test Cases/1.Inicio/1.1Principal/Principal-home

27-11-2024T12:54:17 - [TEST_STEP][PASSED] - openBrowser(""): Browser is opened with url: ''

27-11-2024T12:54:17 - [MESSAGE][WARNING] - A browser is already opened. Closing browser and opening a new one

27-11-2024T12:54:18 - [MESSAGE][INFO] - Starting 'Firefox' driver

27-11-2024T12:54:18 - [MESSAGE][INFO] - Action delay is set to 0 milliseconds

27-11-2024T12:54:24 - [MESSAGE][PASSED] - Browser is opened with url: ''

27-11-2024T12:54:24 - [TEST_STEP][PASSED] - navigateToUrl("https://dev01-registrodeenvios.olvacourier.com/principal"): Navigate to 'https://dev01-registrodeenvios.olvacourier.com/principal' successfully

27-11-2024T12:54:25 - [MESSAGE][PASSED] - Navigate to 'https://dev01-registrodeenvios.olvacourier.com/principal' successfully

27-11-2024T12:54:25 - [TEST_STEP][PASSED] - maximizeWindow(): Current window maximized

27-11-2024T12:54:25 - [MESSAGE][PASSED] - Current window maximized

27-11-2024T12:54:25 - [MESSAGE][PASSED] - Call Test Case 'Test Cases/1.Inicio/1.1Principal/Principal-home' successfully

27-11-2024T12:54:25 - [TEST_STEP][PASSED] - callTestCase(findTestCase("1.Inicio/1.1Principal/Selec_paquete"), [:], STOP_ON_FAILURE): Call Test Case 'Test Cases/1.Inicio/1.1Principal/Selec_paquete' successfully

27-11-2024T12:54:25 - [TEST_CASE][PASSED] - Test Cases/1.Inicio/1.1Principal/Selec_paquete: Test Cases/1.Inicio/1.1Principal/Selec_paquete

27-11-2024T12:54:25 - [TEST_STEP][PASSED] - click(findTestObject("Object Repository/Principal/Page_Olva Courier  Home/img_Qu deseas realizar hoy_img_paquete")): Object: 'Object Repository/Principal/Page_Olva Courier  Home/img_Qu deseas realizar hoy_img_paquete' is clicked on

27-11-2024T12:54:25 - [MESSAGE][PASSED] - Object: 'Object Repository/Principal/Page_Olva Courier  Home/img_Qu deseas realizar hoy_img_paquete' is clicked on

27-11-2024T12:54:25 - [TEST_STEP][PASSED] - click(findTestObject("Object Repository/Principal/Page_Olva Courier  Home/span_He ledo y acepto los_checkmark (1)")): Object: 'Object Repository/Principal/Page_Olva Courier  Home/span_He ledo y acepto los_checkmark (1)' is clicked on

27-11-2024T12:54:26 - [MESSAGE][PASSED] - Object: 'Object Repository/Principal/Page_Olva Courier  Home/span_He ledo y acepto los_checkmark (1)' is clicked on

27-11-2024T12:54:26 - [TEST_STEP][PASSED] - click(findTestObject("Object Repository/Principal/Page_Olva Courier  Home/button_CONTINUAR (1)")): Object: 'Object Repository/Principal/Page_Olva Courier  Home/button_CONTINUAR (1)' is clicked on

27-11-2024T12:54:30 - [MESSAGE][PASSED] - Object: 'Object Repository/Principal/Page_Olva Courier  Home/button_CONTINUAR (1)' is clicked on

27-11-2024T12:54:30 - [TEST_STEP][PASSED] - verifyElementPresent(findTestObject("Object Repository/Principal/Page_Olva Courier  Datos Personales/strong_REGISTRO DE ENVOS"), 0): Object 'Object Repository/Principal/Page_Olva Courier  Datos Personales/strong_REGISTRO DE ENVOS' is present

27-11-2024T12:54:30 - [MESSAGE][WARNING] - Timeout '0' is invalid. Using default page load timeout: '30'

27-11-2024T12:54:31 - [MESSAGE][PASSED] - Object 'Object Repository/Principal/Page_Olva Courier  Datos Personales/strong_REGISTRO DE ENVOS' is present

27-11-2024T12:54:31 - [TEST_STEP][PASSED] - verifyElementPresent(findTestObject("Object Repository/Principal/Page_Olva Courier  Datos Personales/span_Regresar (1)"), 0): Object 'Object Repository/Principal/Page_Olva Courier  Datos Personales/span_Regresar (1)' is present

27-11-2024T12:54:31 - [MESSAGE][WARNING] - Timeout '0' is invalid. Using default page load timeout: '30'

27-11-2024T12:54:31 - [MESSAGE][PASSED] - Object 'Object Repository/Principal/Page_Olva Courier  Datos Personales/span_Regresar (1)' is present

27-11-2024T12:54:31 - [TEST_STEP][PASSED] - verifyElementPresent(findTestObject("Object Repository/Principal/Page_Olva Courier  Datos Personales/span_Inicio (1)"), 0): Object 'Object Repository/Principal/Page_Olva Courier  Datos Personales/span_Inicio (1)' is present

27-11-2024T12:54:31 - [MESSAGE][WARNING] - Timeout '0' is invalid. Using default page load timeout: '30'

27-11-2024T12:54:31 - [MESSAGE][PASSED] - Object 'Object Repository/Principal/Page_Olva Courier  Datos Personales/span_Inicio (1)' is present

27-11-2024T12:54:31 - [MESSAGE][PASSED] - Call Test Case 'Test Cases/1.Inicio/1.1Principal/Selec_paquete' successfully

27-11-2024T12:54:31 - [TEST_STEP][PASSED] - callTestCase(findTestCase("1.Inicio/1.2Tipo_Doc/3.CE"), [:], STOP_ON_FAILURE): Call Test Case 'Test Cases/1.Inicio/1.2Tipo_Doc/3.CE' successfully

27-11-2024T12:54:31 - [TEST_CASE][PASSED] - Test Cases/1.Inicio/1.2Tipo_Doc/3.CE: Test Cases/1.Inicio/1.2Tipo_Doc/3.CE

27-11-2024T12:54:31 - [TEST_STEP][PASSED] - click(findTestObject("Object Repository/Login/Page_Olva Courier  Datos Personales/button_Tipo De Documento")): Object: 'Object Repository/Login/Page_Olva Courier  Datos Personales/button_Tipo De Documento' is clicked on

27-11-2024T12:54:32 - [MESSAGE][PASSED] - Object: 'Object Repository/Login/Page_Olva Courier  Datos Personales/button_Tipo De Documento' is clicked on

27-11-2024T12:54:32 - [TEST_STEP][PASSED] - click(findTestObject("Object Repository/Login/Page_Olva Courier  Datos Personales/span_CARN EXT. (Boleta)")): Object: 'Object Repository/Login/Page_Olva Courier  Datos Personales/span_CARN EXT. (Boleta)' is clicked on

27-11-2024T12:54:32 - [MESSAGE][PASSED] - Object: 'Object Repository/Login/Page_Olva Courier  Datos Personales/span_CARN EXT. (Boleta)' is clicked on

27-11-2024T12:54:32 - [TEST_STEP][PASSED] - setText(findTestObject("Object Repository/Login/Page_Olva Courier  Datos Personales/input_CARN EXT. (Boleta)_txt_documento_cliente"), "002691903"): Text '002691903' is set on object 'Object Repository/Login/Page_Olva Courier  Datos Personales/input_CARN EXT. (Boleta)_txt_documento_cliente'

27-11-2024T12:54:33 - [MESSAGE][PASSED] - Text '002691903' is set on object 'Object Repository/Login/Page_Olva Courier  Datos Personales/input_CARN EXT. (Boleta)_txt_documento_cliente'

27-11-2024T12:54:33 - [MESSAGE][PASSED] - Call Test Case 'Test Cases/1.Inicio/1.2Tipo_Doc/3.CE' successfully

27-11-2024T12:54:33 - [TEST_STEP][PASSED] - click(findTestObject("Object Repository/Positivos/Page_Olva Courier  Datos Personales/span_Seleccionar artculo")): Object: 'Object Repository/Positivos/Page_Olva Courier  Datos Personales/span_Seleccionar artculo' is clicked on

27-11-2024T12:54:43 - [MESSAGE][PASSED] - Object: 'Object Repository/Positivos/Page_Olva Courier  Datos Personales/span_Seleccionar artculo' is clicked on

27-11-2024T12:54:43 - [TEST_STEP][PASSED] - click(findTestObject("Object Repository/Positivos/Page_Olva Courier  Datos Personales/span_ACCESORIOS Y EQUIPOS ELECTRONICOS")): Object: 'Object Repository/Positivos/Page_Olva Courier  Datos Personales/span_ACCESORIOS Y EQUIPOS ELECTRONICOS' is clicked on

27-11-2024T12:54:44 - [MESSAGE][PASSED] - Object: 'Object Repository/Positivos/Page_Olva Courier  Datos Personales/span_ACCESORIOS Y EQUIPOS ELECTRONICOS' is clicked on

27-11-2024T12:54:44 - [TEST_STEP][PASSED] - setText(findTestObject("Object Repository/Positivos/Page_Olva Courier  Datos Personales/input_UTILES DE OFICINA_txt_paquete_articulo"), "PRUEBAs"): Text 'PRUEBAs' is set on object 'Object Repository/Positivos/Page_Olva Courier  Datos Personales/input_UTILES DE OFICINA_txt_paquete_articulo'

27-11-2024T12:54:44 - [MESSAGE][PASSED] - Text 'PRUEBAs' is set on object 'Object Repository/Positivos/Page_Olva Courier  Datos Personales/input_UTILES DE OFICINA_txt_paquete_articulo'

27-11-2024T12:54:44 - [TEST_STEP][PASSED] - setText(findTestObject("Object Repository/Positivos/Page_Olva Courier  Datos Personales/input_UTILES DE OFICINA_txt_paquete_valor"), "20"): Text '20' is set on object 'Object Repository/Positivos/Page_Olva Courier  Datos Personales/input_UTILES DE OFICINA_txt_paquete_valor'

27-11-2024T12:54:45 - [MESSAGE][PASSED] - Text '20' is set on object 'Object Repository/Positivos/Page_Olva Courier  Datos Personales/input_UTILES DE OFICINA_txt_paquete_valor'

27-11-2024T12:54:45 - [TEST_STEP][PASSED] - click(findTestObject("Object Repository/Positivos/Page_Olva Courier  Datos Personales/b_1Kg")): Object: 'Object Repository/Positivos/Page_Olva Courier  Datos Personales/b_1Kg' is clicked on

27-11-2024T12:54:45 - [MESSAGE][PASSED] - Object: 'Object Repository/Positivos/Page_Olva Courier  Datos Personales/b_1Kg' is clicked on

27-11-2024T12:54:45 - [TEST_STEP][PASSED] - scrollToElement(findTestObject("Object Repository/Destinos/Page_Olva Courier  Datos Personales/button_LIMA (1)"), 0): Scroll to object 'Object Repository/Destinos/Page_Olva Courier  Datos Personales/button_LIMA (1)' successfully

27-11-2024T12:54:46 - [MESSAGE][WARNING] - Timeout '0' is invalid. Using default page load timeout: '30'

27-11-2024T12:54:46 - [MESSAGE][PASSED] - Scroll to object 'Object Repository/Destinos/Page_Olva Courier  Datos Personales/button_LIMA (1)' successfully

27-11-2024T12:54:46 - [TEST_STEP][PASSED] - click(findTestObject("Object Repository/Destinos/Page_Olva Courier  Datos Personales/button_LIMA (1)")): Object: 'Object Repository/Destinos/Page_Olva Courier  Datos Personales/button_LIMA (1)' is clicked on

27-11-2024T12:54:47 - [MESSAGE][PASSED] - Object: 'Object Repository/Destinos/Page_Olva Courier  Datos Personales/button_LIMA (1)' is clicked on

27-11-2024T12:54:47 - [TEST_STEP][PASSED] - click(findTestObject("Object Repository/Destinos/Page_Olva Courier  Datos Personales/a_ICA")): Object: 'Object Repository/Destinos/Page_Olva Courier  Datos Personales/a_ICA' is clicked on

27-11-2024T12:54:47 - [MESSAGE][PASSED] - Object: 'Object Repository/Destinos/Page_Olva Courier  Datos Personales/a_ICA' is clicked on

27-11-2024T12:54:47 - [TEST_STEP][PASSED] - click(findTestObject("Object Repository/Destinos/Page_Olva Courier  Datos Personales/button_ICA")): Object: 'Object Repository/Destinos/Page_Olva Courier  Datos Personales/button_ICA' is clicked on

27-11-2024T12:54:48 - [MESSAGE][PASSED] - Object: 'Object Repository/Destinos/Page_Olva Courier  Datos Personales/button_ICA' is clicked on

27-11-2024T12:54:48 - [TEST_STEP][PASSED] - scrollToElement(findTestObject("Object Repository/Positivos/Page_Olva Courier  Datos Personales/span_Ingrese el punto de llegada"), 0): Scroll to object 'Object Repository/Positivos/Page_Olva Courier  Datos Personales/span_Ingrese el punto de llegada' successfully

27-11-2024T12:54:48 - [MESSAGE][WARNING] - Timeout '0' is invalid. Using default page load timeout: '30'

27-11-2024T12:54:48 - [MESSAGE][PASSED] - Scroll to object 'Object Repository/Positivos/Page_Olva Courier  Datos Personales/span_Ingrese el punto de llegada' successfully

27-11-2024T12:54:48 - [TEST_STEP][PASSED] - click(findTestObject("Object Repository/Positivos/Page_Olva Courier  Datos Personales/span_Ingrese el punto de llegada")): Object: 'Object Repository/Positivos/Page_Olva Courier  Datos Personales/span_Ingrese el punto de llegada' is clicked on

27-11-2024T12:54:49 - [MESSAGE][PASSED] - Object: 'Object Repository/Positivos/Page_Olva Courier  Datos Personales/span_Ingrese el punto de llegada' is clicked on

27-11-2024T12:54:49 - [TEST_STEP][PASSED] - click(findTestObject("Object Repository/Positivos/Page_Olva Courier  Datos Personales/span_AMAZONAS - BAGUA - BAGUA")): Object: 'Object Repository/Positivos/Page_Olva Courier  Datos Personales/span_AMAZONAS - BAGUA - BAGUA' is clicked on

27-11-2024T12:54:49 - [MESSAGE][PASSED] - Object: 'Object Repository/Positivos/Page_Olva Courier  Datos Personales/span_AMAZONAS - BAGUA - BAGUA' is clicked on

27-11-2024T12:54:49 - [TEST_STEP][PASSED] - click(findTestObject("Object Repository/Positivos/Page_Olva Courier  Datos Personales/span_Tipo de entrega")): Object: 'Object Repository/Positivos/Page_Olva Courier  Datos Personales/span_Tipo de entrega' is clicked on

27-11-2024T12:54:50 - [MESSAGE][PASSED] - Object: 'Object Repository/Positivos/Page_Olva Courier  Datos Personales/span_Tipo de entrega' is clicked on

27-11-2024T12:54:50 - [TEST_STEP][PASSED] - click(findTestObject("Object Repository/Positivos/Page_Olva Courier  Datos Personales/a_Recojo en tienda")): Object: 'Object Repository/Positivos/Page_Olva Courier  Datos Personales/a_Recojo en tienda' is clicked on

27-11-2024T12:54:50 - [MESSAGE][PASSED] - Object: 'Object Repository/Positivos/Page_Olva Courier  Datos Personales/a_Recojo en tienda' is clicked on

27-11-2024T12:54:50 - [TEST_STEP][PASSED] - click(findTestObject("Object Repository/Positivos/Page_Olva Courier  Datos Personales/span_Tienda")): Object: 'Object Repository/Positivos/Page_Olva Courier  Datos Personales/span_Tienda' is clicked on

27-11-2024T12:54:54 - [MESSAGE][PASSED] - Object: 'Object Repository/Positivos/Page_Olva Courier  Datos Personales/span_Tienda' is clicked on

27-11-2024T12:54:54 - [TEST_STEP][PASSED] - click(findTestObject("Object Repository/Positivos/Page_Olva Courier  Datos Personales/span_BAGUA CHICA - BAGUA - PJ ALFONSO UGART_d3a165")): Object: 'Object Repository/Positivos/Page_Olva Courier  Datos Personales/span_BAGUA CHICA - BAGUA - PJ ALFONSO UGART_d3a165' is clicked on

27-11-2024T12:54:54 - [MESSAGE][PASSED] - Object: 'Object Repository/Positivos/Page_Olva Courier  Datos Personales/span_BAGUA CHICA - BAGUA - PJ ALFONSO UGART_d3a165' is clicked on

27-11-2024T12:54:54 - [TEST_STEP][PASSED] - click(findTestObject("Object Repository/Positivos/Page_Olva Courier  Datos Personales/span_Tipo De Documento_1")): Object: 'Object Repository/Positivos/Page_Olva Courier  Datos Personales/span_Tipo De Documento_1' is clicked on

27-11-2024T12:54:55 - [MESSAGE][PASSED] - Object: 'Object Repository/Positivos/Page_Olva Courier  Datos Personales/span_Tipo De Documento_1' is clicked on

27-11-2024T12:54:55 - [TEST_STEP][PASSED] - click(findTestObject("Object Repository/Positivos/Page_Olva Courier  Datos Personales/a_DNI")): Object: 'Object Repository/Positivos/Page_Olva Courier  Datos Personales/a_DNI' is clicked on

27-11-2024T12:54:55 - [MESSAGE][PASSED] - Object: 'Object Repository/Positivos/Page_Olva Courier  Datos Personales/a_DNI' is clicked on

27-11-2024T12:54:55 - [TEST_STEP][PASSED] - setText(findTestObject("Object Repository/Positivos/Page_Olva Courier  Datos Personales/input_CARN EXT_txt_consignado_dni"), "71735785"): Text '71735785' is set on object 'Object Repository/Positivos/Page_Olva Courier  Datos Personales/input_CARN EXT_txt_consignado_dni'

27-11-2024T12:54:56 - [MESSAGE][PASSED] - Text '71735785' is set on object 'Object Repository/Positivos/Page_Olva Courier  Datos Personales/input_CARN EXT_txt_consignado_dni'

27-11-2024T12:54:56 - [TEST_STEP][PASSED] - verifyElementPresent(findTestObject("Object Repository/Positivos/Page_Olva Courier  Datos Personales/span_RIOS"), 0): Object 'Object Repository/Positivos/Page_Olva Courier  Datos Personales/span_RIOS' is present

27-11-2024T12:54:56 - [MESSAGE][WARNING] - Timeout '0' is invalid. Using default page load timeout: '30'

27-11-2024T12:54:58 - [MESSAGE][PASSED] - Object 'Object Repository/Positivos/Page_Olva Courier  Datos Personales/span_RIOS' is present

27-11-2024T12:54:58 - [TEST_STEP][PASSED] - verifyElementPresent(findTestObject("Object Repository/Positivos/Page_Olva Courier  Datos Personales/div_RIOS"), 0): Object 'Object Repository/Positivos/Page_Olva Courier  Datos Personales/div_RIOS' is present

27-11-2024T12:54:58 - [MESSAGE][WARNING] - Timeout '0' is invalid. Using default page load timeout: '30'

27-11-2024T12:54:59 - [MESSAGE][PASSED] - Object 'Object Repository/Positivos/Page_Olva Courier  Datos Personales/div_RIOS' is present

27-11-2024T12:54:59 - [TEST_STEP][PASSED] - scrollToElement(findTestObject("Object Repository/Positivos/Page_Olva Courier  Datos Personales/button_CONTINUAR"), 0): Scroll to object 'Object Repository/Positivos/Page_Olva Courier  Datos Personales/button_CONTINUAR' successfully

27-11-2024T12:54:59 - [MESSAGE][WARNING] - Timeout '0' is invalid. Using default page load timeout: '30'

27-11-2024T12:54:59 - [MESSAGE][PASSED] - Scroll to object 'Object Repository/Positivos/Page_Olva Courier  Datos Personales/button_CONTINUAR' successfully

27-11-2024T12:54:59 - [TEST_STEP][PASSED] - click(findTestObject("Object Repository/Positivos/Page_Olva Courier  Datos Personales/button_CONTINUAR")): Object: 'Object Repository/Positivos/Page_Olva Courier  Datos Personales/button_CONTINUAR' is clicked on

27-11-2024T12:54:59 - [MESSAGE][PASSED] - Object: 'Object Repository/Positivos/Page_Olva Courier  Datos Personales/button_CONTINUAR' is clicked on

27-11-2024T12:54:59 - [TEST_STEP][PASSED] - click(findTestObject("Object Repository/Positivos/Page_Olva Courier  Confirma tus datos/a_AGREGAR ENVOS")): Object: 'Object Repository/Positivos/Page_Olva Courier  Confirma tus datos/a_AGREGAR ENVOS' is clicked on

27-11-2024T12:55:09 - [MESSAGE][PASSED] - Object: 'Object Repository/Positivos/Page_Olva Courier  Confirma tus datos/a_AGREGAR ENVOS' is clicked on

27-11-2024T12:55:09 - [TEST_STEP][PASSED] - click(findTestObject("Object Repository/Positivos/Page_Olva Courier  Home/img_Envo de cajas o paquetescon un peso mxi_37770f")): Object: 'Object Repository/Positivos/Page_Olva Courier  Home/img_Envo de cajas o paquetescon un peso mxi_37770f' is clicked on

27-11-2024T12:55:09 - [MESSAGE][PASSED] - Object: 'Object Repository/Positivos/Page_Olva Courier  Home/img_Envo de cajas o paquetescon un peso mxi_37770f' is clicked on

27-11-2024T12:55:09 - [TEST_STEP][PASSED] - click(findTestObject("Object Repository/Positivos/Page_Olva Courier  Home/button_CONTINUAR")): Object: 'Object Repository/Positivos/Page_Olva Courier  Home/button_CONTINUAR' is clicked on

27-11-2024T12:55:13 - [MESSAGE][PASSED] - Object: 'Object Repository/Positivos/Page_Olva Courier  Home/button_CONTINUAR' is clicked on

27-11-2024T12:55:13 - [TEST_STEP][PASSED] - setText(findTestObject("Object Repository/Positivos/Page_Olva Courier  Datos Personales/input_Qu Envas_input_descripcion"), "FDFd"): Text 'FDFd' is set on object 'Object Repository/Positivos/Page_Olva Courier  Datos Personales/input_Qu Envas_input_descripcion'

27-11-2024T12:55:18 - [MESSAGE][PASSED] - Text 'FDFd' is set on object 'Object Repository/Positivos/Page_Olva Courier  Datos Personales/input_Qu Envas_input_descripcion'

27-11-2024T12:55:18 - [TEST_STEP][PASSED] - setText(findTestObject("Object Repository/Positivos/Page_Olva Courier  Datos Personales/input_Qu Envas_input_valor"), "20"): Text '20' is set on object 'Object Repository/Positivos/Page_Olva Courier  Datos Personales/input_Qu Envas_input_valor'

27-11-2024T12:55:19 - [MESSAGE][PASSED] - Text '20' is set on object 'Object Repository/Positivos/Page_Olva Courier  Datos Personales/input_Qu Envas_input_valor'

27-11-2024T12:55:19 - [TEST_STEP][PASSED] - scrollToElement(findTestObject("Object Repository/Positivos/Page_Olva Courier  Datos Personales/button_Ingrese el punto de llegada"), 0): Scroll to object 'Object Repository/Positivos/Page_Olva Courier  Datos Personales/button_Ingrese el punto de llegada' successfully

27-11-2024T12:55:19 - [MESSAGE][WARNING] - Timeout '0' is invalid. Using default page load timeout: '30'

27-11-2024T12:55:19 - [MESSAGE][PASSED] - Scroll to object 'Object Repository/Positivos/Page_Olva Courier  Datos Personales/button_Ingrese el punto de llegada' successfully

27-11-2024T12:55:19 - [TEST_STEP][PASSED] - click(findTestObject("Object Repository/Positivos/Page_Olva Courier  Datos Personales/button_Ingrese el punto de llegada")): Object: 'Object Repository/Positivos/Page_Olva Courier  Datos Personales/button_Ingrese el punto de llegada' is clicked on

27-11-2024T12:55:20 - [MESSAGE][PASSED] - Object: 'Object Repository/Positivos/Page_Olva Courier  Datos Personales/button_Ingrese el punto de llegada' is clicked on

27-11-2024T12:55:20 - [TEST_STEP][PASSED] - click(findTestObject("Object Repository/Positivos/Page_Olva Courier  Datos Personales/span_AMAZONAS - BAGUA - EL PARCO")): Object: 'Object Repository/Positivos/Page_Olva Courier  Datos Personales/span_AMAZONAS - BAGUA - EL PARCO' is clicked on

27-11-2024T12:55:22 - [MESSAGE][PASSED] - Object: 'Object Repository/Positivos/Page_Olva Courier  Datos Personales/span_AMAZONAS - BAGUA - EL PARCO' is clicked on

27-11-2024T12:55:22 - [TEST_STEP][PASSED] - click(findTestObject("Object Repository/Positivos/Page_Olva Courier  Datos Personales/span_Tipo De Documento_1")): Object: 'Object Repository/Positivos/Page_Olva Courier  Datos Personales/span_Tipo De Documento_1' is clicked on

27-11-2024T12:55:23 - [MESSAGE][PASSED] - Object: 'Object Repository/Positivos/Page_Olva Courier  Datos Personales/span_Tipo De Documento_1' is clicked on

27-11-2024T12:55:23 - [TEST_STEP][PASSED] - click(findTestObject("Object Repository/Positivos/Page_Olva Courier  Datos Personales/a_DNI")): Object: 'Object Repository/Positivos/Page_Olva Courier  Datos Personales/a_DNI' is clicked on

27-11-2024T12:55:24 - [MESSAGE][PASSED] - Object: 'Object Repository/Positivos/Page_Olva Courier  Datos Personales/a_DNI' is clicked on

27-11-2024T12:55:24 - [TEST_STEP][PASSED] - setText(findTestObject("Object Repository/Positivos/Page_Olva Courier  Datos Personales/input_CARN EXT_txt_consignado_dni"), "71735785"): Text '71735785' is set on object 'Object Repository/Positivos/Page_Olva Courier  Datos Personales/input_CARN EXT_txt_consignado_dni'

27-11-2024T12:55:25 - [MESSAGE][PASSED] - Text '71735785' is set on object 'Object Repository/Positivos/Page_Olva Courier  Datos Personales/input_CARN EXT_txt_consignado_dni'

27-11-2024T12:55:25 - [TEST_STEP][PASSED] - scrollToElement(findTestObject("Object Repository/Positivos/Page_Olva Courier  Datos Personales/button_CONTINUAR"), 0): Scroll to object 'Object Repository/Positivos/Page_Olva Courier  Datos Personales/button_CONTINUAR' successfully

27-11-2024T12:55:25 - [MESSAGE][WARNING] - Timeout '0' is invalid. Using default page load timeout: '30'

27-11-2024T12:55:30 - [MESSAGE][PASSED] - Scroll to object 'Object Repository/Positivos/Page_Olva Courier  Datos Personales/button_CONTINUAR' successfully

27-11-2024T12:55:30 - [TEST_STEP][PASSED] - click(findTestObject("Object Repository/Positivos/Page_Olva Courier  Datos Personales/button_CONTINUAR")): Object: 'Object Repository/Positivos/Page_Olva Courier  Datos Personales/button_CONTINUAR' is clicked on

27-11-2024T12:55:30 - [MESSAGE][PASSED] - Object: 'Object Repository/Positivos/Page_Olva Courier  Datos Personales/button_CONTINUAR' is clicked on

27-11-2024T12:55:30 - [TEST_STEP][PASSED] - click(findTestObject("Object Repository/Positivos/Page_Olva Courier  Confirma tus datos/button_Editar")): Object: 'Object Repository/Positivos/Page_Olva Courier  Confirma tus datos/button_Editar' is clicked on

27-11-2024T12:55:42 - [MESSAGE][PASSED] - Object: 'Object Repository/Positivos/Page_Olva Courier  Confirma tus datos/button_Editar' is clicked on

27-11-2024T12:55:42 - [TEST_STEP][PASSED] - setText(findTestObject("Object Repository/Positivos/Page_Olva Courier  Datos Personales/input_UTILES DE OFICINA_txt_paquete_articulo"), "PRUE"): Text 'PRUE' is set on object 'Object Repository/Positivos/Page_Olva Courier  Datos Personales/input_UTILES DE OFICINA_txt_paquete_articulo'

27-11-2024T12:55:43 - [MESSAGE][PASSED] - Text 'PRUE' is set on object 'Object Repository/Positivos/Page_Olva Courier  Datos Personales/input_UTILES DE OFICINA_txt_paquete_articulo'

27-11-2024T12:55:43 - [TEST_STEP][PASSED] - click(findTestObject("Object Repository/Positivos/Page_Olva Courier  Datos Personales/input_UTILES DE OFICINA_txt_paquete_articulo")): Object: 'Object Repository/Positivos/Page_Olva Courier  Datos Personales/input_UTILES DE OFICINA_txt_paquete_articulo' is clicked on

27-11-2024T12:55:44 - [MESSAGE][PASSED] - Object: 'Object Repository/Positivos/Page_Olva Courier  Datos Personales/input_UTILES DE OFICINA_txt_paquete_articulo' is clicked on

27-11-2024T12:55:44 - [TEST_STEP][PASSED] - setText(findTestObject("Object Repository/Positivos/Page_Olva Courier  Datos Personales/input_UTILES DE OFICINA_txt_paquete_valor"), "100"): Text '100' is set on object 'Object Repository/Positivos/Page_Olva Courier  Datos Personales/input_UTILES DE OFICINA_txt_paquete_valor'

27-11-2024T12:55:45 - [MESSAGE][PASSED] - Text '100' is set on object 'Object Repository/Positivos/Page_Olva Courier  Datos Personales/input_UTILES DE OFICINA_txt_paquete_valor'

27-11-2024T12:55:45 - [TEST_STEP][PASSED] - click(findTestObject("Object Repository/Positivos/Page_Olva Courier  Datos Personales/div_Hasta 2Kg")): Object: 'Object Repository/Positivos/Page_Olva Courier  Datos Personales/div_Hasta 2Kg' is clicked on

27-11-2024T12:55:46 - [MESSAGE][PASSED] - Object: 'Object Repository/Positivos/Page_Olva Courier  Datos Personales/div_Hasta 2Kg' is clicked on

27-11-2024T12:55:46 - [TEST_STEP][PASSED] - scrollToElement(findTestObject("Object Repository/Positivos/Page_Olva Courier  Datos Personales/span_Recojo en tienda"), 0): Scroll to object 'Object Repository/Positivos/Page_Olva Courier  Datos Personales/span_Recojo en tienda' successfully

27-11-2024T12:55:46 - [MESSAGE][WARNING] - Timeout '0' is invalid. Using default page load timeout: '30'

27-11-2024T12:55:46 - [MESSAGE][PASSED] - Scroll to object 'Object Repository/Positivos/Page_Olva Courier  Datos Personales/span_Recojo en tienda' successfully

27-11-2024T12:55:46 - [TEST_STEP][PASSED] - click(findTestObject("Object Repository/Positivos/Page_Olva Courier  Datos Personales/span_Recojo en tienda")): Object: 'Object Repository/Positivos/Page_Olva Courier  Datos Personales/span_Recojo en tienda' is clicked on

27-11-2024T12:55:47 - [MESSAGE][PASSED] - Object: 'Object Repository/Positivos/Page_Olva Courier  Datos Personales/span_Recojo en tienda' is clicked on

27-11-2024T12:55:47 - [TEST_STEP][PASSED] - click(findTestObject("Object Repository/Positivos/Page_Olva Courier  Datos Personales/a_Entrega a domicilio")): Object: 'Object Repository/Positivos/Page_Olva Courier  Datos Personales/a_Entrega a domicilio' is clicked on

27-11-2024T12:55:47 - [MESSAGE][PASSED] - Object: 'Object Repository/Positivos/Page_Olva Courier  Datos Personales/a_Entrega a domicilio' is clicked on

27-11-2024T12:55:47 - [TEST_STEP][PASSED] - setText(findTestObject("Object Repository/Positivos/Page_Olva Courier  Datos Personales/input_CARN EXT_txt_consignado_dni"), "71735786"): Text '71735786' is set on object 'Object Repository/Positivos/Page_Olva Courier  Datos Personales/input_CARN EXT_txt_consignado_dni'

27-11-2024T12:55:48 - [MESSAGE][PASSED] - Text '71735786' is set on object 'Object Repository/Positivos/Page_Olva Courier  Datos Personales/input_CARN EXT_txt_consignado_dni'

27-11-2024T12:55:48 - [TEST_STEP][PASSED] - click(findTestObject("Object Repository/Positivos/Page_Olva Courier  Datos Personales/button_CONTINUAR")): Object: 'Object Repository/Positivos/Page_Olva Courier  Datos Personales/button_CONTINUAR' is clicked on

27-11-2024T12:55:50 - [MESSAGE][PASSED] - Object: 'Object Repository/Positivos/Page_Olva Courier  Datos Personales/button_CONTINUAR' is clicked on

27-11-2024T12:55:50 - [TEST_STEP][PASSED] - click(findTestObject("Object Repository/Positivos/Page_Olva Courier  Confirma tus datos/a_Eliminar")): Object: 'Object Repository/Positivos/Page_Olva Courier  Confirma tus datos/a_Eliminar' is clicked on

27-11-2024T12:55:57 - [MESSAGE][PASSED] - Object: 'Object Repository/Positivos/Page_Olva Courier  Confirma tus datos/a_Eliminar' is clicked on

27-11-2024T12:55:57 - [TEST_STEP][PASSED] - click(findTestObject("Object Repository/Positivos/Page_Olva Courier  Confirma tus datos/button_IR A PAGAR S 18.60")): Object: 'Object Repository/Positivos/Page_Olva Courier  Confirma tus datos/button_IR A PAGAR S 18.60' is clicked on

27-11-2024T12:55:57 - [MESSAGE][PASSED] - Object: 'Object Repository/Positivos/Page_Olva Courier  Confirma tus datos/button_IR A PAGAR S 18.60' is clicked on

27-11-2024T12:55:57 - [TEST_STEP][PASSED] - delay(5): Delayed 5 second(s)

27-11-2024T12:56:02 - [MESSAGE][PASSED] - Delayed 5 second(s)

27-11-2024T12:56:02 - [TEST_STEP][PASSED] - scrollToElement(findTestObject("Object Repository/Positivos/Page_Olva Courier  Medios de pago/button_PAGAR"), 0): Scroll to object 'Object Repository/Positivos/Page_Olva Courier  Medios de pago/button_PAGAR' successfully

27-11-2024T12:56:02 - [MESSAGE][WARNING] - Timeout '0' is invalid. Using default page load timeout: '30'

27-11-2024T12:56:06 - [MESSAGE][PASSED] - Scroll to object 'Object Repository/Positivos/Page_Olva Courier  Medios de pago/button_PAGAR' successfully

27-11-2024T12:56:06 - [TEST_STEP][FAILED] - verifyElementText(findTestObject("Object Repository/Positivos/Page_Olva Courier  Medios de pago/button_PAGAR"), "PAGAR"): Verify element text of test object 'Object Repository/Positivos/Page_Olva Courier  Medios de pago/button_PAGAR' FAILED. (Root cause: com.kms.katalon.core.exception.StepFailedException: Verify element text of test object 'Object Repository/Positivos/Page_Olva Courier  Medios de pago/button_PAGAR' FAILED.
	at com.kms.katalon.core.webui.keyword.internal.WebUIKeywordMain.stepFailed(WebUIKeywordMain.groovy:117)
	at com.kms.katalon.core.webui.keyword.internal.WebUIKeywordMain.runKeyword(WebUIKeywordMain.groovy:43)
	at com.kms.katalon.core.webui.keyword.builtin.VerifyElementTextKeyword.verifyElementText(VerifyElementTextKeyword.groovy:72)
	at com.kms.katalon.core.webui.keyword.builtin.VerifyElementTextKeyword.execute(VerifyElementTextKeyword.groovy:40)
	at com.kms.katalon.core.keyword.internal.KeywordExecutor.executeKeywordForPlatform(KeywordExecutor.groovy:74)
	at com.kms.katalon.core.webui.keyword.WebUiBuiltInKeywords.verifyElementText(WebUiBuiltInKeywords.groovy:4835)
	at Editar_Eliminar-Envios.run(Editar_Eliminar-Envios:142)
	at com.kms.katalon.core.main.ScriptEngine.run(ScriptEngine.java:194)
	at com.kms.katalon.core.main.ScriptEngine.runScriptAsRawText(ScriptEngine.java:119)
	at com.kms.katalon.core.main.TestCaseExecutor.runScript(TestCaseExecutor.java:448)
	at com.kms.katalon.core.main.TestCaseExecutor.doExecute(TestCaseExecutor.java:439)
	at com.kms.katalon.core.main.TestCaseExecutor.processExecutionPhase(TestCaseExecutor.java:418)
	at com.kms.katalon.core.main.TestCaseExecutor.accessMainPhase(TestCaseExecutor.java:410)
	at com.kms.katalon.core.main.TestCaseExecutor.execute(TestCaseExecutor.java:285)
	at com.kms.katalon.core.common.CommonExecutor.accessTestCaseMainPhase(CommonExecutor.java:65)
	at com.kms.katalon.core.main.TestSuiteExecutor.accessTestSuiteMainPhase(TestSuiteExecutor.java:150)
	at com.kms.katalon.core.main.TestSuiteExecutor.execute(TestSuiteExecutor.java:106)
	at com.kms.katalon.core.main.TestCaseMain.startTestSuite(TestCaseMain.java:180)
	at TempTestSuite1732729948317.run(TempTestSuite1732729948317.groovy:35)
	at java.base/jdk.internal.reflect.NativeMethodAccessorImpl.invoke0(Native Method)
	at java.base/jdk.internal.reflect.NativeMethodAccessorImpl.invoke(NativeMethodAccessorImpl.java:77)
	at java.base/jdk.internal.reflect.DelegatingMethodAccessorImpl.invoke(DelegatingMethodAccessorImpl.java:43)
Caused by: com.kms.katalon.core.exception.StepFailedException: Actual text '' and expected text 'PAGAR' of test object 'Object Repository/Positivos/Page_Olva Courier  Medios de pago/button_PAGAR' are NOT matched.
	at com.kms.katalon.core.webui.keyword.internal.WebUIKeywordMain.stepFailed(WebUIKeywordMain.groovy:117)
	at com.kms.katalon.core.webui.keyword.builtin.VerifyElementTextKeyword$_verifyElementText_closure1.doCall(VerifyElementTextKeyword.groovy:57)
	at com.kms.katalon.core.webui.keyword.builtin.VerifyElementTextKeyword$_verifyElementText_closure1.call(VerifyElementTextKeyword.groovy)
	at com.kms.katalon.core.webui.keyword.internal.WebUIKeywordMain.runKeyword(WebUIKeywordMain.groovy:35)
	... 20 more
)

27-11-2024T12:56:06 - [MESSAGE][FAILED] - Actual text '' and expected text 'PAGAR' of test object 'Object Repository/Positivos/Page_Olva Courier  Medios de pago/button_PAGAR' are NOT matched. (Root cause: com.kms.katalon.core.exception.StepFailedException: Actual text '' and expected text 'PAGAR' of test object 'Object Repository/Positivos/Page_Olva Courier  Medios de pago/button_PAGAR' are NOT matched.
	at com.kms.katalon.core.webui.keyword.internal.WebUIKeywordMain.stepFailed(WebUIKeywordMain.groovy:117)
	at com.kms.katalon.core.webui.keyword.builtin.VerifyElementTextKeyword$_verifyElementText_closure1.doCall(VerifyElementTextKeyword.groovy:57)
	at com.kms.katalon.core.webui.keyword.builtin.VerifyElementTextKeyword$_verifyElementText_closure1.call(VerifyElementTextKeyword.groovy)
	at com.kms.katalon.core.webui.keyword.internal.WebUIKeywordMain.runKeyword(WebUIKeywordMain.groovy:35)
	at com.kms.katalon.core.webui.keyword.builtin.VerifyElementTextKeyword.verifyElementText(VerifyElementTextKeyword.groovy:72)
	at com.kms.katalon.core.webui.keyword.builtin.VerifyElementTextKeyword.execute(VerifyElementTextKeyword.groovy:40)
	at com.kms.katalon.core.keyword.internal.KeywordExecutor.executeKeywordForPlatform(KeywordExecutor.groovy:74)
	at com.kms.katalon.core.webui.keyword.WebUiBuiltInKeywords.verifyElementText(WebUiBuiltInKeywords.groovy:4835)
	at Editar_Eliminar-Envios.run(Editar_Eliminar-Envios:142)
	at com.kms.katalon.core.main.ScriptEngine.run(ScriptEngine.java:194)
	at com.kms.katalon.core.main.ScriptEngine.runScriptAsRawText(ScriptEngine.java:119)
	at com.kms.katalon.core.main.TestCaseExecutor.runScript(TestCaseExecutor.java:448)
	at com.kms.katalon.core.main.TestCaseExecutor.doExecute(TestCaseExecutor.java:439)
	at com.kms.katalon.core.main.TestCaseExecutor.processExecutionPhase(TestCaseExecutor.java:418)
	at com.kms.katalon.core.main.TestCaseExecutor.accessMainPhase(TestCaseExecutor.java:410)
	at com.kms.katalon.core.main.TestCaseExecutor.execute(TestCaseExecutor.java:285)
	at com.kms.katalon.core.common.CommonExecutor.accessTestCaseMainPhase(CommonExecutor.java:65)
	at com.kms.katalon.core.main.TestSuiteExecutor.accessTestSuiteMainPhase(TestSuiteExecutor.java:150)
	at com.kms.katalon.core.main.TestSuiteExecutor.execute(TestSuiteExecutor.java:106)
	at com.kms.katalon.core.main.TestCaseMain.startTestSuite(TestCaseMain.java:180)
	at TempTestSuite1732729948317.run(TempTestSuite1732729948317.groovy:35)
	at java.base/jdk.internal.reflect.NativeMethodAccessorImpl.invoke0(Native Method)
	at java.base/jdk.internal.reflect.NativeMethodAccessorImpl.invoke(NativeMethodAccessorImpl.java:77)
	at java.base/jdk.internal.reflect.DelegatingMethodAccessorImpl.invoke(DelegatingMethodAccessorImpl.java:43)
)

27-11-2024T12:56:06 - [MESSAGE][FAILED] - Verify element text of test object 'Object Repository/Positivos/Page_Olva Courier  Medios de pago/button_PAGAR' FAILED. (Root cause: com.kms.katalon.core.exception.StepFailedException: Verify element text of test object 'Object Repository/Positivos/Page_Olva Courier  Medios de pago/button_PAGAR' FAILED.
	at com.kms.katalon.core.webui.keyword.internal.WebUIKeywordMain.stepFailed(WebUIKeywordMain.groovy:117)
	at com.kms.katalon.core.webui.keyword.internal.WebUIKeywordMain.runKeyword(WebUIKeywordMain.groovy:43)
	at com.kms.katalon.core.webui.keyword.builtin.VerifyElementTextKeyword.verifyElementText(VerifyElementTextKeyword.groovy:72)
	at com.kms.katalon.core.webui.keyword.builtin.VerifyElementTextKeyword.execute(VerifyElementTextKeyword.groovy:40)
	at com.kms.katalon.core.keyword.internal.KeywordExecutor.executeKeywordForPlatform(KeywordExecutor.groovy:74)
	at com.kms.katalon.core.webui.keyword.WebUiBuiltInKeywords.verifyElementText(WebUiBuiltInKeywords.groovy:4835)
	at Editar_Eliminar-Envios.run(Editar_Eliminar-Envios:142)
	at com.kms.katalon.core.main.ScriptEngine.run(ScriptEngine.java:194)
	at com.kms.katalon.core.main.ScriptEngine.runScriptAsRawText(ScriptEngine.java:119)
	at com.kms.katalon.core.main.TestCaseExecutor.runScript(TestCaseExecutor.java:448)
	at com.kms.katalon.core.main.TestCaseExecutor.doExecute(TestCaseExecutor.java:439)
	at com.kms.katalon.core.main.TestCaseExecutor.processExecutionPhase(TestCaseExecutor.java:418)
	at com.kms.katalon.core.main.TestCaseExecutor.accessMainPhase(TestCaseExecutor.java:410)
	at com.kms.katalon.core.main.TestCaseExecutor.execute(TestCaseExecutor.java:285)
	at com.kms.katalon.core.common.CommonExecutor.accessTestCaseMainPhase(CommonExecutor.java:65)
	at com.kms.katalon.core.main.TestSuiteExecutor.accessTestSuiteMainPhase(TestSuiteExecutor.java:150)
	at com.kms.katalon.core.main.TestSuiteExecutor.execute(TestSuiteExecutor.java:106)
	at com.kms.katalon.core.main.TestCaseMain.startTestSuite(TestCaseMain.java:180)
	at TempTestSuite1732729948317.run(TempTestSuite1732729948317.groovy:35)
	at java.base/jdk.internal.reflect.NativeMethodAccessorImpl.invoke0(Native Method)
	at java.base/jdk.internal.reflect.NativeMethodAccessorImpl.invoke(NativeMethodAccessorImpl.java:77)
	at java.base/jdk.internal.reflect.DelegatingMethodAccessorImpl.invoke(DelegatingMethodAccessorImpl.java:43)
Caused by: com.kms.katalon.core.exception.StepFailedException: Actual text '' and expected text 'PAGAR' of test object 'Object Repository/Positivos/Page_Olva Courier  Medios de pago/button_PAGAR' are NOT matched.
	at com.kms.katalon.core.webui.keyword.internal.WebUIKeywordMain.stepFailed(WebUIKeywordMain.groovy:117)
	at com.kms.katalon.core.webui.keyword.builtin.VerifyElementTextKeyword$_verifyElementText_closure1.doCall(VerifyElementTextKeyword.groovy:57)
	at com.kms.katalon.core.webui.keyword.builtin.VerifyElementTextKeyword$_verifyElementText_closure1.call(VerifyElementTextKeyword.groovy)
	at com.kms.katalon.core.webui.keyword.internal.WebUIKeywordMain.runKeyword(WebUIKeywordMain.groovy:35)
	... 20 more
)]]></system-out>
         <system-err><![CDATA[27-11-2024T12:54:16 - [TEST_CASE][FAILED] - Test Cases/2.Positivos/2.1Paquete/Origen-Provincia/Editar_Eliminar-Envios: Test Cases/2.Positivos/2.1Paquete/Origen-Provincia/Editar_Eliminar-Envios FAILED.
Reason:
com.kms.katalon.core.exception.StepFailedException: Verify element text of test object 'Object Repository/Positivos/Page_Olva Courier  Medios de pago/button_PAGAR' FAILED.
	at com.kms.katalon.core.webui.keyword.internal.WebUIKeywordMain.stepFailed(WebUIKeywordMain.groovy:117)
	at com.kms.katalon.core.webui.keyword.internal.WebUIKeywordMain.runKeyword(WebUIKeywordMain.groovy:43)
	at com.kms.katalon.core.webui.keyword.builtin.VerifyElementTextKeyword.verifyElementText(VerifyElementTextKeyword.groovy:72)
	at com.kms.katalon.core.webui.keyword.builtin.VerifyElementTextKeyword.execute(VerifyElementTextKeyword.groovy:40)
	at com.kms.katalon.core.keyword.internal.KeywordExecutor.executeKeywordForPlatform(KeywordExecutor.groovy:74)
	at com.kms.katalon.core.webui.keyword.WebUiBuiltInKeywords.verifyElementText(WebUiBuiltInKeywords.groovy:4835)
	at Editar_Eliminar-Envios.run(Editar_Eliminar-Envios:142)
	at com.kms.katalon.core.main.ScriptEngine.run(ScriptEngine.java:194)
	at com.kms.katalon.core.main.ScriptEngine.runScriptAsRawText(ScriptEngine.java:119)
	at com.kms.katalon.core.main.TestCaseExecutor.runScript(TestCaseExecutor.java:448)
	at com.kms.katalon.core.main.TestCaseExecutor.doExecute(TestCaseExecutor.java:439)
	at com.kms.katalon.core.main.TestCaseExecutor.processExecutionPhase(TestCaseExecutor.java:418)
	at com.kms.katalon.core.main.TestCaseExecutor.accessMainPhase(TestCaseExecutor.java:410)
	at com.kms.katalon.core.main.TestCaseExecutor.execute(TestCaseExecutor.java:285)
	at com.kms.katalon.core.common.CommonExecutor.accessTestCaseMainPhase(CommonExecutor.java:65)
	at com.kms.katalon.core.main.TestSuiteExecutor.accessTestSuiteMainPhase(TestSuiteExecutor.java:150)
	at com.kms.katalon.core.main.TestSuiteExecutor.execute(TestSuiteExecutor.java:106)
	at com.kms.katalon.core.main.TestCaseMain.startTestSuite(TestCaseMain.java:180)
	at TempTestSuite1732729948317.run(TempTestSuite1732729948317.groovy:35)
	at java.base/jdk.internal.reflect.NativeMethodAccessorImpl.invoke0(Native Method)
	at java.base/jdk.internal.reflect.NativeMethodAccessorImpl.invoke(NativeMethodAccessorImpl.java:77)
	at java.base/jdk.internal.reflect.DelegatingMethodAccessorImpl.invoke(DelegatingMethodAccessorImpl.java:43)
Caused by: com.kms.katalon.core.exception.StepFailedException: Actual text '' and expected text 'PAGAR' of test object 'Object Repository/Positivos/Page_Olva Courier  Medios de pago/button_PAGAR' are NOT matched.
	at com.kms.katalon.core.webui.keyword.internal.WebUIKeywordMain.stepFailed(WebUIKeywordMain.groovy:117)
	at com.kms.katalon.core.webui.keyword.builtin.VerifyElementTextKeyword$_verifyElementText_closure1.doCall(VerifyElementTextKeyword.groovy:57)
	at com.kms.katalon.core.webui.keyword.builtin.VerifyElementTextKeyword$_verifyElementText_closure1.call(VerifyElementTextKeyword.groovy)
	at com.kms.katalon.core.webui.keyword.internal.WebUIKeywordMain.runKeyword(WebUIKeywordMain.groovy:35)
	... 20 more]]></system-err>
      </testcase>
      <testcase name="Test Cases/2.Positivos/2.1Paquete/Origen-Provincia/Difuninado-Consignado" time="60.478" classname="Test Cases/2.Positivos/2.1Paquete/Origen-Provincia/Difuninado-Consignado" status="PASSED">
         <system-out><![CDATA[27-11-2024T12:56:06 - [TEST_CASE][PASSED] - Test Cases/2.Positivos/2.1Paquete/Origen-Provincia/Difuninado-Consignado: Test Cases/2.Positivos/2.1Paquete/Origen-Provincia/Difuninado-Consignado

27-11-2024T12:56:07 - [TEST_STEP][PASSED] - callTestCase(findTestCase("1.Inicio/1.1Principal/Principal-home"), [:], STOP_ON_FAILURE): Call Test Case 'Test Cases/1.Inicio/1.1Principal/Principal-home' successfully

27-11-2024T12:56:07 - [TEST_CASE][PASSED] - Test Cases/1.Inicio/1.1Principal/Principal-home: Test Cases/1.Inicio/1.1Principal/Principal-home

27-11-2024T12:56:07 - [TEST_STEP][PASSED] - openBrowser(""): Browser is opened with url: ''

27-11-2024T12:56:07 - [MESSAGE][WARNING] - A browser is already opened. Closing browser and opening a new one

27-11-2024T12:56:08 - [MESSAGE][INFO] - Starting 'Firefox' driver

27-11-2024T12:56:08 - [MESSAGE][INFO] - Action delay is set to 0 milliseconds

27-11-2024T12:56:13 - [MESSAGE][PASSED] - Browser is opened with url: ''

27-11-2024T12:56:13 - [TEST_STEP][PASSED] - navigateToUrl("https://dev01-registrodeenvios.olvacourier.com/principal"): Navigate to 'https://dev01-registrodeenvios.olvacourier.com/principal' successfully

27-11-2024T12:56:15 - [MESSAGE][PASSED] - Navigate to 'https://dev01-registrodeenvios.olvacourier.com/principal' successfully

27-11-2024T12:56:15 - [TEST_STEP][PASSED] - maximizeWindow(): Current window maximized

27-11-2024T12:56:15 - [MESSAGE][PASSED] - Current window maximized

27-11-2024T12:56:15 - [MESSAGE][PASSED] - Call Test Case 'Test Cases/1.Inicio/1.1Principal/Principal-home' successfully

27-11-2024T12:56:15 - [TEST_STEP][PASSED] - callTestCase(findTestCase("1.Inicio/1.1Principal/Selec_paquete"), [:], STOP_ON_FAILURE): Call Test Case 'Test Cases/1.Inicio/1.1Principal/Selec_paquete' successfully

27-11-2024T12:56:15 - [TEST_CASE][PASSED] - Test Cases/1.Inicio/1.1Principal/Selec_paquete: Test Cases/1.Inicio/1.1Principal/Selec_paquete

27-11-2024T12:56:15 - [TEST_STEP][PASSED] - click(findTestObject("Object Repository/Principal/Page_Olva Courier  Home/img_Qu deseas realizar hoy_img_paquete")): Object: 'Object Repository/Principal/Page_Olva Courier  Home/img_Qu deseas realizar hoy_img_paquete' is clicked on

27-11-2024T12:56:15 - [MESSAGE][PASSED] - Object: 'Object Repository/Principal/Page_Olva Courier  Home/img_Qu deseas realizar hoy_img_paquete' is clicked on

27-11-2024T12:56:15 - [TEST_STEP][PASSED] - click(findTestObject("Object Repository/Principal/Page_Olva Courier  Home/span_He ledo y acepto los_checkmark (1)")): Object: 'Object Repository/Principal/Page_Olva Courier  Home/span_He ledo y acepto los_checkmark (1)' is clicked on

27-11-2024T12:56:16 - [MESSAGE][PASSED] - Object: 'Object Repository/Principal/Page_Olva Courier  Home/span_He ledo y acepto los_checkmark (1)' is clicked on

27-11-2024T12:56:16 - [TEST_STEP][PASSED] - click(findTestObject("Object Repository/Principal/Page_Olva Courier  Home/button_CONTINUAR (1)")): Object: 'Object Repository/Principal/Page_Olva Courier  Home/button_CONTINUAR (1)' is clicked on

27-11-2024T12:56:19 - [MESSAGE][PASSED] - Object: 'Object Repository/Principal/Page_Olva Courier  Home/button_CONTINUAR (1)' is clicked on

27-11-2024T12:56:19 - [TEST_STEP][PASSED] - verifyElementPresent(findTestObject("Object Repository/Principal/Page_Olva Courier  Datos Personales/strong_REGISTRO DE ENVOS"), 0): Object 'Object Repository/Principal/Page_Olva Courier  Datos Personales/strong_REGISTRO DE ENVOS' is present

27-11-2024T12:56:19 - [MESSAGE][WARNING] - Timeout '0' is invalid. Using default page load timeout: '30'

27-11-2024T12:56:19 - [MESSAGE][PASSED] - Object 'Object Repository/Principal/Page_Olva Courier  Datos Personales/strong_REGISTRO DE ENVOS' is present

27-11-2024T12:56:19 - [TEST_STEP][PASSED] - verifyElementPresent(findTestObject("Object Repository/Principal/Page_Olva Courier  Datos Personales/span_Regresar (1)"), 0): Object 'Object Repository/Principal/Page_Olva Courier  Datos Personales/span_Regresar (1)' is present

27-11-2024T12:56:19 - [MESSAGE][WARNING] - Timeout '0' is invalid. Using default page load timeout: '30'

27-11-2024T12:56:19 - [MESSAGE][PASSED] - Object 'Object Repository/Principal/Page_Olva Courier  Datos Personales/span_Regresar (1)' is present

27-11-2024T12:56:19 - [TEST_STEP][PASSED] - verifyElementPresent(findTestObject("Object Repository/Principal/Page_Olva Courier  Datos Personales/span_Inicio (1)"), 0): Object 'Object Repository/Principal/Page_Olva Courier  Datos Personales/span_Inicio (1)' is present

27-11-2024T12:56:19 - [MESSAGE][WARNING] - Timeout '0' is invalid. Using default page load timeout: '30'

27-11-2024T12:56:20 - [MESSAGE][PASSED] - Object 'Object Repository/Principal/Page_Olva Courier  Datos Personales/span_Inicio (1)' is present

27-11-2024T12:56:20 - [MESSAGE][PASSED] - Call Test Case 'Test Cases/1.Inicio/1.1Principal/Selec_paquete' successfully

27-11-2024T12:56:20 - [TEST_STEP][PASSED] - callTestCase(findTestCase("1.Inicio/1.2Tipo_Doc/1.DNI"), [:], STOP_ON_FAILURE): Call Test Case 'Test Cases/1.Inicio/1.2Tipo_Doc/1.DNI' successfully

27-11-2024T12:56:20 - [TEST_CASE][PASSED] - Test Cases/1.Inicio/1.2Tipo_Doc/1.DNI: Test Cases/1.Inicio/1.2Tipo_Doc/1.DNI

27-11-2024T12:56:20 - [TEST_STEP][PASSED] - click(findTestObject("Object Repository/Login/Page_Olva Courier  Datos Personales/button_Tipo De Documento")): Object: 'Object Repository/Login/Page_Olva Courier  Datos Personales/button_Tipo De Documento' is clicked on

27-11-2024T12:56:20 - [MESSAGE][PASSED] - Object: 'Object Repository/Login/Page_Olva Courier  Datos Personales/button_Tipo De Documento' is clicked on

27-11-2024T12:56:20 - [TEST_STEP][PASSED] - click(findTestObject("Object Repository/Login/Page_Olva Courier  Datos Personales/a_DNI (Boleta)")): Object: 'Object Repository/Login/Page_Olva Courier  Datos Personales/a_DNI (Boleta)' is clicked on

27-11-2024T12:56:21 - [MESSAGE][PASSED] - Object: 'Object Repository/Login/Page_Olva Courier  Datos Personales/a_DNI (Boleta)' is clicked on

27-11-2024T12:56:21 - [TEST_STEP][PASSED] - setText(findTestObject("Object Repository/Login/Page_Olva Courier  Datos Personales/input_CARN EXT. (Boleta)_txt_documento_cliente"), "47190321"): Text '47190321' is set on object 'Object Repository/Login/Page_Olva Courier  Datos Personales/input_CARN EXT. (Boleta)_txt_documento_cliente'

27-11-2024T12:56:21 - [MESSAGE][PASSED] - Text '47190321' is set on object 'Object Repository/Login/Page_Olva Courier  Datos Personales/input_CARN EXT. (Boleta)_txt_documento_cliente'

27-11-2024T12:56:21 - [TEST_STEP][PASSED] - setText(findTestObject("Object Repository/Login/Page_Olva Courier  Datos Personales/input_CARN EXT. (Boleta)_txt_telefono_cliente"), "957378086"): Text '957378086' is set on object 'Object Repository/Login/Page_Olva Courier  Datos Personales/input_CARN EXT. (Boleta)_txt_telefono_cliente'

27-11-2024T12:56:30 - [MESSAGE][PASSED] - Text '957378086' is set on object 'Object Repository/Login/Page_Olva Courier  Datos Personales/input_CARN EXT. (Boleta)_txt_telefono_cliente'

27-11-2024T12:56:30 - [TEST_STEP][PASSED] - setText(findTestObject("Object Repository/Login/Page_Olva Courier  Datos Personales/input_Hola,_txt_email_cliente"), "riosalejosjs@gmail.com"): Text 'riosalejosjs@gmail.com' is set on object 'Object Repository/Login/Page_Olva Courier  Datos Personales/input_Hola,_txt_email_cliente'

27-11-2024T12:56:31 - [MESSAGE][PASSED] - Text 'riosalejosjs@gmail.com' is set on object 'Object Repository/Login/Page_Olva Courier  Datos Personales/input_Hola,_txt_email_cliente'

27-11-2024T12:56:31 - [MESSAGE][PASSED] - Call Test Case 'Test Cases/1.Inicio/1.2Tipo_Doc/1.DNI' successfully

27-11-2024T12:56:31 - [TEST_STEP][PASSED] - click(findTestObject("Object Repository/Positivos/Page_Olva Courier  Datos Personales/span_Seleccionar artculo")): Object: 'Object Repository/Positivos/Page_Olva Courier  Datos Personales/span_Seleccionar artculo' is clicked on

27-11-2024T12:56:31 - [MESSAGE][PASSED] - Object: 'Object Repository/Positivos/Page_Olva Courier  Datos Personales/span_Seleccionar artculo' is clicked on

27-11-2024T12:56:31 - [TEST_STEP][PASSED] - click(findTestObject("Object Repository/Positivos/Page_Olva Courier  Datos Personales/span_ACCESORIOS Y EQUIPOS ELECTRONICOS")): Object: 'Object Repository/Positivos/Page_Olva Courier  Datos Personales/span_ACCESORIOS Y EQUIPOS ELECTRONICOS' is clicked on

27-11-2024T12:56:32 - [MESSAGE][PASSED] - Object: 'Object Repository/Positivos/Page_Olva Courier  Datos Personales/span_ACCESORIOS Y EQUIPOS ELECTRONICOS' is clicked on

27-11-2024T12:56:32 - [TEST_STEP][PASSED] - setText(findTestObject("Object Repository/Positivos/Page_Olva Courier  Datos Personales/input_UTILES DE OFICINA_txt_paquete_articulo"), "PRUEBAs"): Text 'PRUEBAs' is set on object 'Object Repository/Positivos/Page_Olva Courier  Datos Personales/input_UTILES DE OFICINA_txt_paquete_articulo'

27-11-2024T12:56:32 - [MESSAGE][PASSED] - Text 'PRUEBAs' is set on object 'Object Repository/Positivos/Page_Olva Courier  Datos Personales/input_UTILES DE OFICINA_txt_paquete_articulo'

27-11-2024T12:56:32 - [TEST_STEP][PASSED] - setText(findTestObject("Object Repository/Positivos/Page_Olva Courier  Datos Personales/input_UTILES DE OFICINA_txt_paquete_valor"), "20"): Text '20' is set on object 'Object Repository/Positivos/Page_Olva Courier  Datos Personales/input_UTILES DE OFICINA_txt_paquete_valor'

27-11-2024T12:56:33 - [MESSAGE][PASSED] - Text '20' is set on object 'Object Repository/Positivos/Page_Olva Courier  Datos Personales/input_UTILES DE OFICINA_txt_paquete_valor'

27-11-2024T12:56:33 - [TEST_STEP][PASSED] - click(findTestObject("Object Repository/Positivos/Page_Olva Courier  Datos Personales/b_1Kg")): Object: 'Object Repository/Positivos/Page_Olva Courier  Datos Personales/b_1Kg' is clicked on

27-11-2024T12:56:33 - [MESSAGE][PASSED] - Object: 'Object Repository/Positivos/Page_Olva Courier  Datos Personales/b_1Kg' is clicked on

27-11-2024T12:56:33 - [TEST_STEP][PASSED] - scrollToElement(findTestObject("Object Repository/Destinos/Page_Olva Courier  Datos Personales/button_LIMA (1)"), 0): Scroll to object 'Object Repository/Destinos/Page_Olva Courier  Datos Personales/button_LIMA (1)' successfully

27-11-2024T12:56:33 - [MESSAGE][WARNING] - Timeout '0' is invalid. Using default page load timeout: '30'

27-11-2024T12:56:34 - [MESSAGE][PASSED] - Scroll to object 'Object Repository/Destinos/Page_Olva Courier  Datos Personales/button_LIMA (1)' successfully

27-11-2024T12:56:34 - [TEST_STEP][PASSED] - click(findTestObject("Object Repository/Destinos/Page_Olva Courier  Datos Personales/button_LIMA (1)")): Object: 'Object Repository/Destinos/Page_Olva Courier  Datos Personales/button_LIMA (1)' is clicked on

27-11-2024T12:56:35 - [MESSAGE][PASSED] - Object: 'Object Repository/Destinos/Page_Olva Courier  Datos Personales/button_LIMA (1)' is clicked on

27-11-2024T12:56:35 - [TEST_STEP][PASSED] - click(findTestObject("Object Repository/Destinos/Page_Olva Courier  Datos Personales/a_ICA")): Object: 'Object Repository/Destinos/Page_Olva Courier  Datos Personales/a_ICA' is clicked on

27-11-2024T12:56:35 - [MESSAGE][PASSED] - Object: 'Object Repository/Destinos/Page_Olva Courier  Datos Personales/a_ICA' is clicked on

27-11-2024T12:56:35 - [TEST_STEP][PASSED] - click(findTestObject("Object Repository/Destinos/Page_Olva Courier  Datos Personales/button_ICA")): Object: 'Object Repository/Destinos/Page_Olva Courier  Datos Personales/button_ICA' is clicked on

27-11-2024T12:56:35 - [MESSAGE][PASSED] - Object: 'Object Repository/Destinos/Page_Olva Courier  Datos Personales/button_ICA' is clicked on

27-11-2024T12:56:35 - [TEST_STEP][PASSED] - click(findTestObject("Object Repository/Positivos/Page_Olva Courier  Datos Personales/span_Ingrese el punto de llegada")): Object: 'Object Repository/Positivos/Page_Olva Courier  Datos Personales/span_Ingrese el punto de llegada' is clicked on

27-11-2024T12:56:36 - [MESSAGE][PASSED] - Object: 'Object Repository/Positivos/Page_Olva Courier  Datos Personales/span_Ingrese el punto de llegada' is clicked on

27-11-2024T12:56:36 - [TEST_STEP][PASSED] - click(findTestObject("Object Repository/Positivos/Page_Olva Courier  Datos Personales/span_AMAZONAS - BAGUA - BAGUA")): Object: 'Object Repository/Positivos/Page_Olva Courier  Datos Personales/span_AMAZONAS - BAGUA - BAGUA' is clicked on

27-11-2024T12:56:37 - [MESSAGE][PASSED] - Object: 'Object Repository/Positivos/Page_Olva Courier  Datos Personales/span_AMAZONAS - BAGUA - BAGUA' is clicked on

27-11-2024T12:56:37 - [TEST_STEP][PASSED] - click(findTestObject("Object Repository/Positivos/Page_Olva Courier  Datos Personales/span_Tipo de entrega")): Object: 'Object Repository/Positivos/Page_Olva Courier  Datos Personales/span_Tipo de entrega' is clicked on

27-11-2024T12:56:37 - [MESSAGE][PASSED] - Object: 'Object Repository/Positivos/Page_Olva Courier  Datos Personales/span_Tipo de entrega' is clicked on

27-11-2024T12:56:37 - [TEST_STEP][PASSED] - click(findTestObject("Object Repository/Positivos/Page_Olva Courier  Datos Personales/a_Recojo en tienda")): Object: 'Object Repository/Positivos/Page_Olva Courier  Datos Personales/a_Recojo en tienda' is clicked on

27-11-2024T12:56:37 - [MESSAGE][PASSED] - Object: 'Object Repository/Positivos/Page_Olva Courier  Datos Personales/a_Recojo en tienda' is clicked on

27-11-2024T12:56:37 - [TEST_STEP][PASSED] - click(findTestObject("Object Repository/Positivos/Page_Olva Courier  Datos Personales/span_Tienda")): Object: 'Object Repository/Positivos/Page_Olva Courier  Datos Personales/span_Tienda' is clicked on

27-11-2024T12:56:39 - [MESSAGE][PASSED] - Object: 'Object Repository/Positivos/Page_Olva Courier  Datos Personales/span_Tienda' is clicked on

27-11-2024T12:56:39 - [TEST_STEP][PASSED] - click(findTestObject("Object Repository/Positivos/Page_Olva Courier  Datos Personales/span_BAGUA CHICA - BAGUA - PJ ALFONSO UGART_d3a165")): Object: 'Object Repository/Positivos/Page_Olva Courier  Datos Personales/span_BAGUA CHICA - BAGUA - PJ ALFONSO UGART_d3a165' is clicked on

27-11-2024T12:56:40 - [MESSAGE][PASSED] - Object: 'Object Repository/Positivos/Page_Olva Courier  Datos Personales/span_BAGUA CHICA - BAGUA - PJ ALFONSO UGART_d3a165' is clicked on

27-11-2024T12:56:40 - [TEST_STEP][PASSED] - click(findTestObject("Object Repository/Positivos/Page_Olva Courier  Datos Personales/span_Tipo De Documento_1")): Object: 'Object Repository/Positivos/Page_Olva Courier  Datos Personales/span_Tipo De Documento_1' is clicked on

27-11-2024T12:56:40 - [MESSAGE][PASSED] - Object: 'Object Repository/Positivos/Page_Olva Courier  Datos Personales/span_Tipo De Documento_1' is clicked on

27-11-2024T12:56:40 - [TEST_STEP][PASSED] - click(findTestObject("Object Repository/Positivos/Page_Olva Courier  Datos Personales/a_DNI")): Object: 'Object Repository/Positivos/Page_Olva Courier  Datos Personales/a_DNI' is clicked on

27-11-2024T12:56:41 - [MESSAGE][PASSED] - Object: 'Object Repository/Positivos/Page_Olva Courier  Datos Personales/a_DNI' is clicked on

27-11-2024T12:56:41 - [TEST_STEP][PASSED] - setText(findTestObject("Object Repository/Positivos/Page_Olva Courier  Datos Personales/input_CARN EXT_txt_consignado_dni"), "71735785"): Text '71735785' is set on object 'Object Repository/Positivos/Page_Olva Courier  Datos Personales/input_CARN EXT_txt_consignado_dni'

27-11-2024T12:56:41 - [MESSAGE][PASSED] - Text '71735785' is set on object 'Object Repository/Positivos/Page_Olva Courier  Datos Personales/input_CARN EXT_txt_consignado_dni'

27-11-2024T12:56:41 - [TEST_STEP][PASSED] - verifyElementPresent(findTestObject("Object Repository/Positivos/Page_Olva Courier  Datos Personales/span_RIOS"), 0): Object 'Object Repository/Positivos/Page_Olva Courier  Datos Personales/span_RIOS' is present

27-11-2024T12:56:41 - [MESSAGE][WARNING] - Timeout '0' is invalid. Using default page load timeout: '30'

27-11-2024T12:56:42 - [MESSAGE][PASSED] - Object 'Object Repository/Positivos/Page_Olva Courier  Datos Personales/span_RIOS' is present

27-11-2024T12:56:42 - [TEST_STEP][PASSED] - verifyElementPresent(findTestObject("Object Repository/Positivos/Page_Olva Courier  Datos Personales/div_RIOS"), 0): Object 'Object Repository/Positivos/Page_Olva Courier  Datos Personales/div_RIOS' is present

27-11-2024T12:56:42 - [MESSAGE][WARNING] - Timeout '0' is invalid. Using default page load timeout: '30'

27-11-2024T12:56:43 - [MESSAGE][PASSED] - Object 'Object Repository/Positivos/Page_Olva Courier  Datos Personales/div_RIOS' is present

27-11-2024T12:56:43 - [TEST_STEP][PASSED] - scrollToElement(findTestObject("Object Repository/Positivos/Page_Olva Courier  Datos Personales/button_CONTINUAR"), 0): Scroll to object 'Object Repository/Positivos/Page_Olva Courier  Datos Personales/button_CONTINUAR' successfully

27-11-2024T12:56:43 - [MESSAGE][WARNING] - Timeout '0' is invalid. Using default page load timeout: '30'

27-11-2024T12:56:43 - [MESSAGE][PASSED] - Scroll to object 'Object Repository/Positivos/Page_Olva Courier  Datos Personales/button_CONTINUAR' successfully

27-11-2024T12:56:43 - [TEST_STEP][PASSED] - click(findTestObject("Object Repository/Positivos/Page_Olva Courier  Datos Personales/button_CONTINUAR")): Object: 'Object Repository/Positivos/Page_Olva Courier  Datos Personales/button_CONTINUAR' is clicked on

27-11-2024T12:56:43 - [MESSAGE][PASSED] - Object: 'Object Repository/Positivos/Page_Olva Courier  Datos Personales/button_CONTINUAR' is clicked on

27-11-2024T12:56:43 - [TEST_STEP][PASSED] - click(findTestObject("Object Repository/Positivos/Page_Olva Courier  Confirma tus datos/button_IR A PAGAR S 14.50")): Object: 'Object Repository/Positivos/Page_Olva Courier  Confirma tus datos/button_IR A PAGAR S 14.50' is clicked on

27-11-2024T12:56:47 - [MESSAGE][PASSED] - Object: 'Object Repository/Positivos/Page_Olva Courier  Confirma tus datos/button_IR A PAGAR S 14.50' is clicked on

27-11-2024T12:56:47 - [TEST_STEP][PASSED] - delay(3): Delayed 3 second(s)

27-11-2024T12:56:50 - [MESSAGE][PASSED] - Delayed 3 second(s)

27-11-2024T12:56:50 - [TEST_STEP][PASSED] - setText(findTestObject("Object Repository/Positivos/Page_Olva Courier  Confirma tus datos/input_Tienes envos con recojo en tienda, se_b85f5d"), "1"): Text '1' is set on object 'Object Repository/Positivos/Page_Olva Courier  Confirma tus datos/input_Tienes envos con recojo en tienda, se_b85f5d'

27-11-2024T12:56:51 - [MESSAGE][PASSED] - Text '1' is set on object 'Object Repository/Positivos/Page_Olva Courier  Confirma tus datos/input_Tienes envos con recojo en tienda, se_b85f5d'

27-11-2024T12:56:51 - [TEST_STEP][PASSED] - setText(findTestObject("Object Repository/Positivos/Page_Olva Courier  Confirma tus datos/input_Tienes envos con recojo en tienda, se_af5936"), "1"): Text '1' is set on object 'Object Repository/Positivos/Page_Olva Courier  Confirma tus datos/input_Tienes envos con recojo en tienda, se_af5936'

27-11-2024T12:56:52 - [MESSAGE][PASSED] - Text '1' is set on object 'Object Repository/Positivos/Page_Olva Courier  Confirma tus datos/input_Tienes envos con recojo en tienda, se_af5936'

27-11-2024T12:56:52 - [TEST_STEP][PASSED] - setText(findTestObject("Object Repository/Positivos/Page_Olva Courier  Confirma tus datos/input_Tienes envos con recojo en tienda, se_653975"), "1"): Text '1' is set on object 'Object Repository/Positivos/Page_Olva Courier  Confirma tus datos/input_Tienes envos con recojo en tienda, se_653975'

27-11-2024T12:56:53 - [MESSAGE][PASSED] - Text '1' is set on object 'Object Repository/Positivos/Page_Olva Courier  Confirma tus datos/input_Tienes envos con recojo en tienda, se_653975'

27-11-2024T12:56:53 - [TEST_STEP][PASSED] - setText(findTestObject("Object Repository/Positivos/Page_Olva Courier  Confirma tus datos/input_Tienes envos con recojo en tienda, se_8615a0"), "1"): Text '1' is set on object 'Object Repository/Positivos/Page_Olva Courier  Confirma tus datos/input_Tienes envos con recojo en tienda, se_8615a0'

27-11-2024T12:56:54 - [MESSAGE][PASSED] - Text '1' is set on object 'Object Repository/Positivos/Page_Olva Courier  Confirma tus datos/input_Tienes envos con recojo en tienda, se_8615a0'

27-11-2024T12:56:54 - [TEST_STEP][PASSED] - click(findTestObject("Object Repository/Positivos/Page_Olva Courier  Confirma tus datos/center_Aceptar")): Object: 'Object Repository/Positivos/Page_Olva Courier  Confirma tus datos/center_Aceptar' is clicked on

27-11-2024T12:56:54 - [MESSAGE][PASSED] - Object: 'Object Repository/Positivos/Page_Olva Courier  Confirma tus datos/center_Aceptar' is clicked on

27-11-2024T12:56:54 - [TEST_STEP][PASSED] - scrollToElement(findTestObject("Object Repository/Positivos/Page_Olva Courier  Medios de pago/button_PAGAR"), 0): Scroll to object 'Object Repository/Positivos/Page_Olva Courier  Medios de pago/button_PAGAR' successfully

27-11-2024T12:56:54 - [MESSAGE][WARNING] - Timeout '0' is invalid. Using default page load timeout: '30'

27-11-2024T12:57:02 - [MESSAGE][PASSED] - Scroll to object 'Object Repository/Positivos/Page_Olva Courier  Medios de pago/button_PAGAR' successfully

27-11-2024T12:57:02 - [TEST_STEP][PASSED] - verifyElementPresent(findTestObject("Object Repository/Positivos/Page_Olva Courier  Medios de pago/button_PAGAR"), 0): Object 'Object Repository/Positivos/Page_Olva Courier  Medios de pago/button_PAGAR' is present

27-11-2024T12:57:02 - [MESSAGE][WARNING] - Timeout '0' is invalid. Using default page load timeout: '30'

27-11-2024T12:57:02 - [MESSAGE][PASSED] - Object 'Object Repository/Positivos/Page_Olva Courier  Medios de pago/button_PAGAR' is present

27-11-2024T12:57:02 - [TEST_STEP][PASSED] - callTestCase(findTestCase("1.Inicio/1.3Pago_POS/Pago-exitoso"), [:], STOP_ON_FAILURE): Call Test Case 'Test Cases/1.Inicio/1.3Pago_POS/Pago-exitoso' successfully

27-11-2024T12:57:02 - [TEST_CASE][PASSED] - Test Cases/1.Inicio/1.3Pago_POS/Pago-exitoso: Test Cases/1.Inicio/1.3Pago_POS/Pago-exitoso

27-11-2024T12:57:02 - [TEST_STEP][PASSED] - verifyElementPresent(findTestObject("Object Repository/pago/Page_Olva Courier  Medios de pago/div_Pago con tarjeta de crdito, dbito y Yape"), 0): Object 'Object Repository/pago/Page_Olva Courier  Medios de pago/div_Pago con tarjeta de crdito, dbito y Yape' is present

27-11-2024T12:57:02 - [MESSAGE][WARNING] - Timeout '0' is invalid. Using default page load timeout: '30'

27-11-2024T12:57:02 - [MESSAGE][PASSED] - Object 'Object Repository/pago/Page_Olva Courier  Medios de pago/div_Pago con tarjeta de crdito, dbito y Yape' is present

27-11-2024T12:57:02 - [TEST_STEP][PASSED] - verifyElementPresent(findTestObject("Object Repository/pago/Page_Olva Courier  Medios de pago/td_S"), 0): Object 'Object Repository/pago/Page_Olva Courier  Medios de pago/td_S' is present

27-11-2024T12:57:02 - [MESSAGE][WARNING] - Timeout '0' is invalid. Using default page load timeout: '30'

27-11-2024T12:57:02 - [MESSAGE][PASSED] - Object 'Object Repository/pago/Page_Olva Courier  Medios de pago/td_S' is present

27-11-2024T12:57:02 - [TEST_STEP][PASSED] - delay(1): Delayed 1 second(s)

27-11-2024T12:57:03 - [MESSAGE][PASSED] - Delayed 1 second(s)

27-11-2024T12:57:03 - [TEST_STEP][PASSED] - scrollToElement(findTestObject("Object Repository/pago/Page_Olva Courier  Medios de pago/button_PAGAR"), 0): Scroll to object 'Object Repository/pago/Page_Olva Courier  Medios de pago/button_PAGAR' successfully

27-11-2024T12:57:03 - [MESSAGE][WARNING] - Timeout '0' is invalid. Using default page load timeout: '30'

27-11-2024T12:57:04 - [MESSAGE][PASSED] - Scroll to object 'Object Repository/pago/Page_Olva Courier  Medios de pago/button_PAGAR' successfully

27-11-2024T12:57:04 - [TEST_STEP][PASSED] - click(findTestObject("Object Repository/pago/Page_Olva Courier  Medios de pago/button_PAGAR")): Object: 'Object Repository/pago/Page_Olva Courier  Medios de pago/button_PAGAR' is clicked on

27-11-2024T12:57:04 - [MESSAGE][PASSED] - Object: 'Object Repository/pago/Page_Olva Courier  Medios de pago/button_PAGAR' is clicked on

27-11-2024T12:57:04 - [TEST_STEP][PASSED] - delay(2): Delayed 2 second(s)

27-11-2024T12:57:06 - [MESSAGE][PASSED] - Delayed 2 second(s)

27-11-2024T12:57:06 - [TEST_STEP][PASSED] - verifyElementText(findTestObject("Object Repository/pago/Page_Olva Courier  Pago Exitoso/div_Aprobado y completado con exito"), "Aprobado y completado con exito"): Actual text and expected text of test object 'Object Repository/pago/Page_Olva Courier  Pago Exitoso/div_Aprobado y completado con exito' are matched.

27-11-2024T12:57:06 - [MESSAGE][PASSED] - Actual text and expected text of test object 'Object Repository/pago/Page_Olva Courier  Pago Exitoso/div_Aprobado y completado con exito' are matched.

27-11-2024T12:57:06 - [TEST_STEP][PASSED] - verifyElementPresent(findTestObject("Object Repository/pago/Page_Olva Courier  Pago Exitoso/b_nroPreventa"), 0): Object 'Object Repository/pago/Page_Olva Courier  Pago Exitoso/b_nroPreventa' is present

27-11-2024T12:57:07 - [MESSAGE][WARNING] - Timeout '0' is invalid. Using default page load timeout: '30'

27-11-2024T12:57:07 - [MESSAGE][PASSED] - Object 'Object Repository/pago/Page_Olva Courier  Pago Exitoso/b_nroPreventa' is present

27-11-2024T12:57:07 - [MESSAGE][PASSED] - Call Test Case 'Test Cases/1.Inicio/1.3Pago_POS/Pago-exitoso' successfully]]></system-out>
         <system-err><![CDATA[]]></system-err>
      </testcase>
      <testcase name="Test Cases/2.Positivos/2.1Paquete/Origen-Provincia/Agregar-Envios" time="84.622" classname="Test Cases/2.Positivos/2.1Paquete/Origen-Provincia/Agregar-Envios" status="PASSED">
         <system-out><![CDATA[27-11-2024T12:57:07 - [TEST_CASE][PASSED] - Test Cases/2.Positivos/2.1Paquete/Origen-Provincia/Agregar-Envios: Test Cases/2.Positivos/2.1Paquete/Origen-Provincia/Agregar-Envios

27-11-2024T12:57:07 - [TEST_STEP][PASSED] - callTestCase(findTestCase("1.Inicio/1.1Principal/Principal-home"), [:], STOP_ON_FAILURE): Call Test Case 'Test Cases/1.Inicio/1.1Principal/Principal-home' successfully

27-11-2024T12:57:07 - [TEST_CASE][PASSED] - Test Cases/1.Inicio/1.1Principal/Principal-home: Test Cases/1.Inicio/1.1Principal/Principal-home

27-11-2024T12:57:07 - [TEST_STEP][PASSED] - openBrowser(""): Browser is opened with url: ''

27-11-2024T12:57:07 - [MESSAGE][WARNING] - A browser is already opened. Closing browser and opening a new one

27-11-2024T12:57:08 - [MESSAGE][INFO] - Starting 'Firefox' driver

27-11-2024T12:57:08 - [MESSAGE][INFO] - Action delay is set to 0 milliseconds

27-11-2024T12:57:14 - [MESSAGE][PASSED] - Browser is opened with url: ''

27-11-2024T12:57:14 - [TEST_STEP][PASSED] - navigateToUrl("https://dev01-registrodeenvios.olvacourier.com/principal"): Navigate to 'https://dev01-registrodeenvios.olvacourier.com/principal' successfully

27-11-2024T12:57:15 - [MESSAGE][PASSED] - Navigate to 'https://dev01-registrodeenvios.olvacourier.com/principal' successfully

27-11-2024T12:57:15 - [TEST_STEP][PASSED] - maximizeWindow(): Current window maximized

27-11-2024T12:57:15 - [MESSAGE][PASSED] - Current window maximized

27-11-2024T12:57:15 - [MESSAGE][PASSED] - Call Test Case 'Test Cases/1.Inicio/1.1Principal/Principal-home' successfully

27-11-2024T12:57:15 - [TEST_STEP][PASSED] - callTestCase(findTestCase("1.Inicio/1.1Principal/Selec_paquete"), [:], STOP_ON_FAILURE): Call Test Case 'Test Cases/1.Inicio/1.1Principal/Selec_paquete' successfully

27-11-2024T12:57:16 - [TEST_CASE][PASSED] - Test Cases/1.Inicio/1.1Principal/Selec_paquete: Test Cases/1.Inicio/1.1Principal/Selec_paquete

27-11-2024T12:57:16 - [TEST_STEP][PASSED] - click(findTestObject("Object Repository/Principal/Page_Olva Courier  Home/img_Qu deseas realizar hoy_img_paquete")): Object: 'Object Repository/Principal/Page_Olva Courier  Home/img_Qu deseas realizar hoy_img_paquete' is clicked on

27-11-2024T12:57:16 - [MESSAGE][PASSED] - Object: 'Object Repository/Principal/Page_Olva Courier  Home/img_Qu deseas realizar hoy_img_paquete' is clicked on

27-11-2024T12:57:16 - [TEST_STEP][PASSED] - click(findTestObject("Object Repository/Principal/Page_Olva Courier  Home/span_He ledo y acepto los_checkmark (1)")): Object: 'Object Repository/Principal/Page_Olva Courier  Home/span_He ledo y acepto los_checkmark (1)' is clicked on

27-11-2024T12:57:17 - [MESSAGE][PASSED] - Object: 'Object Repository/Principal/Page_Olva Courier  Home/span_He ledo y acepto los_checkmark (1)' is clicked on

27-11-2024T12:57:17 - [TEST_STEP][PASSED] - click(findTestObject("Object Repository/Principal/Page_Olva Courier  Home/button_CONTINUAR (1)")): Object: 'Object Repository/Principal/Page_Olva Courier  Home/button_CONTINUAR (1)' is clicked on

27-11-2024T12:57:18 - [MESSAGE][PASSED] - Object: 'Object Repository/Principal/Page_Olva Courier  Home/button_CONTINUAR (1)' is clicked on

27-11-2024T12:57:18 - [TEST_STEP][PASSED] - verifyElementPresent(findTestObject("Object Repository/Principal/Page_Olva Courier  Datos Personales/strong_REGISTRO DE ENVOS"), 0): Object 'Object Repository/Principal/Page_Olva Courier  Datos Personales/strong_REGISTRO DE ENVOS' is present

27-11-2024T12:57:18 - [MESSAGE][WARNING] - Timeout '0' is invalid. Using default page load timeout: '30'

27-11-2024T12:57:19 - [MESSAGE][PASSED] - Object 'Object Repository/Principal/Page_Olva Courier  Datos Personales/strong_REGISTRO DE ENVOS' is present

27-11-2024T12:57:19 - [TEST_STEP][PASSED] - verifyElementPresent(findTestObject("Object Repository/Principal/Page_Olva Courier  Datos Personales/span_Regresar (1)"), 0): Object 'Object Repository/Principal/Page_Olva Courier  Datos Personales/span_Regresar (1)' is present

27-11-2024T12:57:19 - [MESSAGE][WARNING] - Timeout '0' is invalid. Using default page load timeout: '30'

27-11-2024T12:57:19 - [MESSAGE][PASSED] - Object 'Object Repository/Principal/Page_Olva Courier  Datos Personales/span_Regresar (1)' is present

27-11-2024T12:57:19 - [TEST_STEP][PASSED] - verifyElementPresent(findTestObject("Object Repository/Principal/Page_Olva Courier  Datos Personales/span_Inicio (1)"), 0): Object 'Object Repository/Principal/Page_Olva Courier  Datos Personales/span_Inicio (1)' is present

27-11-2024T12:57:19 - [MESSAGE][WARNING] - Timeout '0' is invalid. Using default page load timeout: '30'

27-11-2024T12:57:19 - [MESSAGE][PASSED] - Object 'Object Repository/Principal/Page_Olva Courier  Datos Personales/span_Inicio (1)' is present

27-11-2024T12:57:19 - [MESSAGE][PASSED] - Call Test Case 'Test Cases/1.Inicio/1.1Principal/Selec_paquete' successfully

27-11-2024T12:57:19 - [TEST_STEP][PASSED] - callTestCase(findTestCase("1.Inicio/1.2Tipo_Doc/2.DNI_Colab"), [:], STOP_ON_FAILURE): Call Test Case 'Test Cases/1.Inicio/1.2Tipo_Doc/2.DNI_Colab' successfully

27-11-2024T12:57:19 - [TEST_CASE][PASSED] - Test Cases/1.Inicio/1.2Tipo_Doc/2.DNI_Colab: Test Cases/1.Inicio/1.2Tipo_Doc/2.DNI_Colab

27-11-2024T12:57:19 - [TEST_STEP][PASSED] - click(findTestObject("Object Repository/Login/Page_Olva Courier  Datos Personales/button_Tipo De Documento")): Object: 'Object Repository/Login/Page_Olva Courier  Datos Personales/button_Tipo De Documento' is clicked on

27-11-2024T12:57:20 - [MESSAGE][PASSED] - Object: 'Object Repository/Login/Page_Olva Courier  Datos Personales/button_Tipo De Documento' is clicked on

27-11-2024T12:57:20 - [TEST_STEP][PASSED] - click(findTestObject("Object Repository/Login/Page_Olva Courier  Datos Personales/span_DNI (Boleta)")): Object: 'Object Repository/Login/Page_Olva Courier  Datos Personales/span_DNI (Boleta)' is clicked on

27-11-2024T12:57:21 - [MESSAGE][PASSED] - Object: 'Object Repository/Login/Page_Olva Courier  Datos Personales/span_DNI (Boleta)' is clicked on

27-11-2024T12:57:21 - [TEST_STEP][PASSED] - setText(findTestObject("Object Repository/Login/Page_Olva Courier  Datos Personales/input_CARN EXT. (Boleta)_txt_documento_cliente"), "71735764"): Text '71735764' is set on object 'Object Repository/Login/Page_Olva Courier  Datos Personales/input_CARN EXT. (Boleta)_txt_documento_cliente'

27-11-2024T12:57:21 - [MESSAGE][PASSED] - Text '71735764' is set on object 'Object Repository/Login/Page_Olva Courier  Datos Personales/input_CARN EXT. (Boleta)_txt_documento_cliente'

27-11-2024T12:57:21 - [TEST_STEP][PASSED] - delay(3): Delayed 3 second(s)

27-11-2024T12:57:24 - [MESSAGE][PASSED] - Delayed 3 second(s)

27-11-2024T12:57:24 - [TEST_STEP][PASSED] - verifyElementText(findTestObject("Object Repository/Login/Page_Olva Courier  Datos Personales/p_PROMO COLABORADOR"), "¡PROMO COLABORADOR!"): Actual text and expected text of test object 'Object Repository/Login/Page_Olva Courier  Datos Personales/p_PROMO COLABORADOR' are matched.

27-11-2024T12:57:29 - [MESSAGE][PASSED] - Actual text and expected text of test object 'Object Repository/Login/Page_Olva Courier  Datos Personales/p_PROMO COLABORADOR' are matched.

27-11-2024T12:57:29 - [TEST_STEP][PASSED] - delay(3): Delayed 3 second(s)

27-11-2024T12:57:32 - [MESSAGE][PASSED] - Delayed 3 second(s)

27-11-2024T12:57:32 - [TEST_STEP][PASSED] - click(findTestObject("Object Repository/Login/Page_Olva Courier  Datos Personales/span_")): Object: 'Object Repository/Login/Page_Olva Courier  Datos Personales/span_' is clicked on

27-11-2024T12:57:32 - [MESSAGE][PASSED] - Object: 'Object Repository/Login/Page_Olva Courier  Datos Personales/span_' is clicked on

27-11-2024T12:57:32 - [MESSAGE][PASSED] - Call Test Case 'Test Cases/1.Inicio/1.2Tipo_Doc/2.DNI_Colab' successfully

27-11-2024T12:57:32 - [TEST_STEP][PASSED] - click(findTestObject("Object Repository/Positivos/Page_Olva Courier  Datos Personales/span_Seleccionar artculo")): Object: 'Object Repository/Positivos/Page_Olva Courier  Datos Personales/span_Seleccionar artculo' is clicked on

27-11-2024T12:57:33 - [MESSAGE][PASSED] - Object: 'Object Repository/Positivos/Page_Olva Courier  Datos Personales/span_Seleccionar artculo' is clicked on

27-11-2024T12:57:33 - [TEST_STEP][PASSED] - click(findTestObject("Object Repository/Positivos/Page_Olva Courier  Datos Personales/span_ACCESORIOS Y EQUIPOS ELECTRONICOS")): Object: 'Object Repository/Positivos/Page_Olva Courier  Datos Personales/span_ACCESORIOS Y EQUIPOS ELECTRONICOS' is clicked on

27-11-2024T12:57:34 - [MESSAGE][PASSED] - Object: 'Object Repository/Positivos/Page_Olva Courier  Datos Personales/span_ACCESORIOS Y EQUIPOS ELECTRONICOS' is clicked on

27-11-2024T12:57:34 - [TEST_STEP][PASSED] - setText(findTestObject("Object Repository/Positivos/Page_Olva Courier  Datos Personales/input_UTILES DE OFICINA_txt_paquete_articulo"), "PRUEBAs"): Text 'PRUEBAs' is set on object 'Object Repository/Positivos/Page_Olva Courier  Datos Personales/input_UTILES DE OFICINA_txt_paquete_articulo'

27-11-2024T12:57:34 - [MESSAGE][PASSED] - Text 'PRUEBAs' is set on object 'Object Repository/Positivos/Page_Olva Courier  Datos Personales/input_UTILES DE OFICINA_txt_paquete_articulo'

27-11-2024T12:57:34 - [TEST_STEP][PASSED] - setText(findTestObject("Object Repository/Positivos/Page_Olva Courier  Datos Personales/input_UTILES DE OFICINA_txt_paquete_valor"), "20"): Text '20' is set on object 'Object Repository/Positivos/Page_Olva Courier  Datos Personales/input_UTILES DE OFICINA_txt_paquete_valor'

27-11-2024T12:57:35 - [MESSAGE][PASSED] - Text '20' is set on object 'Object Repository/Positivos/Page_Olva Courier  Datos Personales/input_UTILES DE OFICINA_txt_paquete_valor'

27-11-2024T12:57:35 - [TEST_STEP][PASSED] - click(findTestObject("Object Repository/Positivos/Page_Olva Courier  Datos Personales/b_1Kg")): Object: 'Object Repository/Positivos/Page_Olva Courier  Datos Personales/b_1Kg' is clicked on

27-11-2024T12:57:35 - [MESSAGE][PASSED] - Object: 'Object Repository/Positivos/Page_Olva Courier  Datos Personales/b_1Kg' is clicked on

27-11-2024T12:57:35 - [TEST_STEP][PASSED] - scrollToElement(findTestObject("Object Repository/Destinos/Page_Olva Courier  Datos Personales/button_LIMA (1)"), 0): Scroll to object 'Object Repository/Destinos/Page_Olva Courier  Datos Personales/button_LIMA (1)' successfully

27-11-2024T12:57:35 - [MESSAGE][WARNING] - Timeout '0' is invalid. Using default page load timeout: '30'

27-11-2024T12:57:36 - [MESSAGE][PASSED] - Scroll to object 'Object Repository/Destinos/Page_Olva Courier  Datos Personales/button_LIMA (1)' successfully

27-11-2024T12:57:36 - [TEST_STEP][PASSED] - click(findTestObject("Object Repository/Destinos/Page_Olva Courier  Datos Personales/button_LIMA (1)")): Object: 'Object Repository/Destinos/Page_Olva Courier  Datos Personales/button_LIMA (1)' is clicked on

27-11-2024T12:57:36 - [MESSAGE][PASSED] - Object: 'Object Repository/Destinos/Page_Olva Courier  Datos Personales/button_LIMA (1)' is clicked on

27-11-2024T12:57:36 - [TEST_STEP][PASSED] - click(findTestObject("Object Repository/Destinos/Page_Olva Courier  Datos Personales/a_TRUJILLO")): Object: 'Object Repository/Destinos/Page_Olva Courier  Datos Personales/a_TRUJILLO' is clicked on

27-11-2024T12:57:37 - [MESSAGE][PASSED] - Object: 'Object Repository/Destinos/Page_Olva Courier  Datos Personales/a_TRUJILLO' is clicked on

27-11-2024T12:57:37 - [TEST_STEP][PASSED] - click(findTestObject("Object Repository/Destinos/Page_Olva Courier  Datos Personales/button_TRUJILLO")): Object: 'Object Repository/Destinos/Page_Olva Courier  Datos Personales/button_TRUJILLO' is clicked on

27-11-2024T12:57:42 - [MESSAGE][PASSED] - Object: 'Object Repository/Destinos/Page_Olva Courier  Datos Personales/button_TRUJILLO' is clicked on

27-11-2024T12:57:42 - [TEST_STEP][PASSED] - click(findTestObject("Object Repository/Positivos/Page_Olva Courier  Datos Personales/span_Ingrese el punto de llegada")): Object: 'Object Repository/Positivos/Page_Olva Courier  Datos Personales/span_Ingrese el punto de llegada' is clicked on

27-11-2024T12:57:42 - [MESSAGE][PASSED] - Object: 'Object Repository/Positivos/Page_Olva Courier  Datos Personales/span_Ingrese el punto de llegada' is clicked on

27-11-2024T12:57:43 - [TEST_STEP][PASSED] - click(findTestObject("Object Repository/Positivos/Page_Olva Courier  Datos Personales/span_AMAZONAS - BAGUA - BAGUA")): Object: 'Object Repository/Positivos/Page_Olva Courier  Datos Personales/span_AMAZONAS - BAGUA - BAGUA' is clicked on

27-11-2024T12:57:43 - [MESSAGE][PASSED] - Object: 'Object Repository/Positivos/Page_Olva Courier  Datos Personales/span_AMAZONAS - BAGUA - BAGUA' is clicked on

27-11-2024T12:57:43 - [TEST_STEP][PASSED] - click(findTestObject("Object Repository/Positivos/Page_Olva Courier  Datos Personales/span_Tipo de entrega")): Object: 'Object Repository/Positivos/Page_Olva Courier  Datos Personales/span_Tipo de entrega' is clicked on

27-11-2024T12:57:43 - [MESSAGE][PASSED] - Object: 'Object Repository/Positivos/Page_Olva Courier  Datos Personales/span_Tipo de entrega' is clicked on

27-11-2024T12:57:43 - [TEST_STEP][PASSED] - click(findTestObject("Object Repository/Positivos/Page_Olva Courier  Datos Personales/a_Recojo en tienda")): Object: 'Object Repository/Positivos/Page_Olva Courier  Datos Personales/a_Recojo en tienda' is clicked on

27-11-2024T12:57:44 - [MESSAGE][PASSED] - Object: 'Object Repository/Positivos/Page_Olva Courier  Datos Personales/a_Recojo en tienda' is clicked on

27-11-2024T12:57:44 - [TEST_STEP][PASSED] - click(findTestObject("Object Repository/Positivos/Page_Olva Courier  Datos Personales/span_Tienda")): Object: 'Object Repository/Positivos/Page_Olva Courier  Datos Personales/span_Tienda' is clicked on

27-11-2024T12:57:46 - [MESSAGE][PASSED] - Object: 'Object Repository/Positivos/Page_Olva Courier  Datos Personales/span_Tienda' is clicked on

27-11-2024T12:57:46 - [TEST_STEP][PASSED] - click(findTestObject("Object Repository/Positivos/Page_Olva Courier  Datos Personales/span_BAGUA CHICA - BAGUA - PJ ALFONSO UGART_d3a165")): Object: 'Object Repository/Positivos/Page_Olva Courier  Datos Personales/span_BAGUA CHICA - BAGUA - PJ ALFONSO UGART_d3a165' is clicked on

27-11-2024T12:57:46 - [MESSAGE][PASSED] - Object: 'Object Repository/Positivos/Page_Olva Courier  Datos Personales/span_BAGUA CHICA - BAGUA - PJ ALFONSO UGART_d3a165' is clicked on

27-11-2024T12:57:46 - [TEST_STEP][PASSED] - click(findTestObject("Object Repository/Positivos/Page_Olva Courier  Datos Personales/span_Tipo De Documento_1")): Object: 'Object Repository/Positivos/Page_Olva Courier  Datos Personales/span_Tipo De Documento_1' is clicked on

27-11-2024T12:57:47 - [MESSAGE][PASSED] - Object: 'Object Repository/Positivos/Page_Olva Courier  Datos Personales/span_Tipo De Documento_1' is clicked on

27-11-2024T12:57:47 - [TEST_STEP][PASSED] - click(findTestObject("Object Repository/Positivos/Page_Olva Courier  Datos Personales/a_DNI")): Object: 'Object Repository/Positivos/Page_Olva Courier  Datos Personales/a_DNI' is clicked on

27-11-2024T12:57:47 - [MESSAGE][PASSED] - Object: 'Object Repository/Positivos/Page_Olva Courier  Datos Personales/a_DNI' is clicked on

27-11-2024T12:57:47 - [TEST_STEP][PASSED] - setText(findTestObject("Object Repository/Positivos/Page_Olva Courier  Datos Personales/input_CARN EXT_txt_consignado_dni"), "71735785"): Text '71735785' is set on object 'Object Repository/Positivos/Page_Olva Courier  Datos Personales/input_CARN EXT_txt_consignado_dni'

27-11-2024T12:57:47 - [MESSAGE][PASSED] - Text '71735785' is set on object 'Object Repository/Positivos/Page_Olva Courier  Datos Personales/input_CARN EXT_txt_consignado_dni'

27-11-2024T12:57:47 - [TEST_STEP][PASSED] - scrollToElement(findTestObject("Object Repository/Positivos/Page_Olva Courier  Datos Personales/button_CONTINUAR"), 0): Scroll to object 'Object Repository/Positivos/Page_Olva Courier  Datos Personales/button_CONTINUAR' successfully

27-11-2024T12:57:47 - [MESSAGE][WARNING] - Timeout '0' is invalid. Using default page load timeout: '30'

27-11-2024T12:57:49 - [MESSAGE][PASSED] - Scroll to object 'Object Repository/Positivos/Page_Olva Courier  Datos Personales/button_CONTINUAR' successfully

27-11-2024T12:57:49 - [TEST_STEP][PASSED] - click(findTestObject("Object Repository/Positivos/Page_Olva Courier  Datos Personales/button_CONTINUAR")): Object: 'Object Repository/Positivos/Page_Olva Courier  Datos Personales/button_CONTINUAR' is clicked on

27-11-2024T12:57:49 - [MESSAGE][PASSED] - Object: 'Object Repository/Positivos/Page_Olva Courier  Datos Personales/button_CONTINUAR' is clicked on

27-11-2024T12:57:49 - [TEST_STEP][PASSED] - click(findTestObject("Object Repository/Positivos/Page_Olva Courier  Confirma tus datos/a_AGREGAR ENVOS")): Object: 'Object Repository/Positivos/Page_Olva Courier  Confirma tus datos/a_AGREGAR ENVOS' is clicked on

27-11-2024T12:57:52 - [MESSAGE][PASSED] - Object: 'Object Repository/Positivos/Page_Olva Courier  Confirma tus datos/a_AGREGAR ENVOS' is clicked on

27-11-2024T12:57:52 - [TEST_STEP][PASSED] - click(findTestObject("Object Repository/Positivos/Page_Olva Courier  Home/img_Envo de cajas o paquetescon un peso mxi_37770f")): Object: 'Object Repository/Positivos/Page_Olva Courier  Home/img_Envo de cajas o paquetescon un peso mxi_37770f' is clicked on

27-11-2024T12:57:53 - [MESSAGE][PASSED] - Object: 'Object Repository/Positivos/Page_Olva Courier  Home/img_Envo de cajas o paquetescon un peso mxi_37770f' is clicked on

27-11-2024T12:57:53 - [TEST_STEP][PASSED] - click(findTestObject("Object Repository/Positivos/Page_Olva Courier  Home/button_CONTINUAR")): Object: 'Object Repository/Positivos/Page_Olva Courier  Home/button_CONTINUAR' is clicked on

27-11-2024T12:57:55 - [MESSAGE][PASSED] - Object: 'Object Repository/Positivos/Page_Olva Courier  Home/button_CONTINUAR' is clicked on

27-11-2024T12:57:55 - [TEST_STEP][PASSED] - setText(findTestObject("Object Repository/Positivos/Page_Olva Courier  Datos Personales/input_Qu Envas_input_descripcion"), "FDFd"): Text 'FDFd' is set on object 'Object Repository/Positivos/Page_Olva Courier  Datos Personales/input_Qu Envas_input_descripcion'

27-11-2024T12:58:00 - [MESSAGE][PASSED] - Text 'FDFd' is set on object 'Object Repository/Positivos/Page_Olva Courier  Datos Personales/input_Qu Envas_input_descripcion'

27-11-2024T12:58:00 - [TEST_STEP][PASSED] - setText(findTestObject("Object Repository/Positivos/Page_Olva Courier  Datos Personales/input_Qu Envas_input_valor"), "20"): Text '20' is set on object 'Object Repository/Positivos/Page_Olva Courier  Datos Personales/input_Qu Envas_input_valor'

27-11-2024T12:58:00 - [MESSAGE][PASSED] - Text '20' is set on object 'Object Repository/Positivos/Page_Olva Courier  Datos Personales/input_Qu Envas_input_valor'

27-11-2024T12:58:00 - [TEST_STEP][PASSED] - click(findTestObject("Object Repository/Positivos/Page_Olva Courier  Datos Personales/button_Ingrese el punto de llegada")): Object: 'Object Repository/Positivos/Page_Olva Courier  Datos Personales/button_Ingrese el punto de llegada' is clicked on

27-11-2024T12:58:01 - [MESSAGE][PASSED] - Object: 'Object Repository/Positivos/Page_Olva Courier  Datos Personales/button_Ingrese el punto de llegada' is clicked on

27-11-2024T12:58:01 - [TEST_STEP][PASSED] - click(findTestObject("Object Repository/Positivos/Page_Olva Courier  Datos Personales/span_AMAZONAS - BAGUA - EL PARCO")): Object: 'Object Repository/Positivos/Page_Olva Courier  Datos Personales/span_AMAZONAS - BAGUA - EL PARCO' is clicked on

27-11-2024T12:58:04 - [MESSAGE][PASSED] - Object: 'Object Repository/Positivos/Page_Olva Courier  Datos Personales/span_AMAZONAS - BAGUA - EL PARCO' is clicked on

27-11-2024T12:58:04 - [TEST_STEP][PASSED] - scrollToElement(findTestObject("Object Repository/Positivos/Page_Olva Courier  Datos Personales/span_Tipo De Documento_1"), 0): Scroll to object 'Object Repository/Positivos/Page_Olva Courier  Datos Personales/span_Tipo De Documento_1' successfully

27-11-2024T12:58:04 - [MESSAGE][WARNING] - Timeout '0' is invalid. Using default page load timeout: '30'

27-11-2024T12:58:04 - [MESSAGE][PASSED] - Scroll to object 'Object Repository/Positivos/Page_Olva Courier  Datos Personales/span_Tipo De Documento_1' successfully

27-11-2024T12:58:04 - [TEST_STEP][PASSED] - click(findTestObject("Object Repository/Positivos/Page_Olva Courier  Datos Personales/span_Tipo De Documento_1")): Object: 'Object Repository/Positivos/Page_Olva Courier  Datos Personales/span_Tipo De Documento_1' is clicked on

27-11-2024T12:58:04 - [MESSAGE][PASSED] - Object: 'Object Repository/Positivos/Page_Olva Courier  Datos Personales/span_Tipo De Documento_1' is clicked on

27-11-2024T12:58:04 - [TEST_STEP][PASSED] - click(findTestObject("Object Repository/Positivos/Page_Olva Courier  Datos Personales/a_DNI")): Object: 'Object Repository/Positivos/Page_Olva Courier  Datos Personales/a_DNI' is clicked on

27-11-2024T12:58:05 - [MESSAGE][PASSED] - Object: 'Object Repository/Positivos/Page_Olva Courier  Datos Personales/a_DNI' is clicked on

27-11-2024T12:58:05 - [TEST_STEP][PASSED] - setText(findTestObject("Object Repository/Positivos/Page_Olva Courier  Datos Personales/input_CARN EXT_txt_consignado_dni"), "71735785"): Text '71735785' is set on object 'Object Repository/Positivos/Page_Olva Courier  Datos Personales/input_CARN EXT_txt_consignado_dni'

27-11-2024T12:58:05 - [MESSAGE][PASSED] - Text '71735785' is set on object 'Object Repository/Positivos/Page_Olva Courier  Datos Personales/input_CARN EXT_txt_consignado_dni'

27-11-2024T12:58:05 - [TEST_STEP][PASSED] - scrollToElement(findTestObject("Object Repository/Positivos/Page_Olva Courier  Datos Personales/button_CONTINUAR"), 0): Scroll to object 'Object Repository/Positivos/Page_Olva Courier  Datos Personales/button_CONTINUAR' successfully

27-11-2024T12:58:05 - [MESSAGE][WARNING] - Timeout '0' is invalid. Using default page load timeout: '30'

27-11-2024T12:58:07 - [MESSAGE][PASSED] - Scroll to object 'Object Repository/Positivos/Page_Olva Courier  Datos Personales/button_CONTINUAR' successfully

27-11-2024T12:58:07 - [TEST_STEP][PASSED] - click(findTestObject("Object Repository/Positivos/Page_Olva Courier  Datos Personales/button_CONTINUAR")): Object: 'Object Repository/Positivos/Page_Olva Courier  Datos Personales/button_CONTINUAR' is clicked on

27-11-2024T12:58:07 - [MESSAGE][PASSED] - Object: 'Object Repository/Positivos/Page_Olva Courier  Datos Personales/button_CONTINUAR' is clicked on

27-11-2024T12:58:07 - [TEST_STEP][PASSED] - scrollToElement(findTestObject("Object Repository/Positivos/Page_Olva Courier  Confirma tus datos/button_IR A PAGAR S 29.00"), 0): Scroll to object 'Object Repository/Positivos/Page_Olva Courier  Confirma tus datos/button_IR A PAGAR S 29.00' successfully

27-11-2024T12:58:07 - [MESSAGE][WARNING] - Timeout '0' is invalid. Using default page load timeout: '30'

27-11-2024T12:58:12 - [MESSAGE][PASSED] - Scroll to object 'Object Repository/Positivos/Page_Olva Courier  Confirma tus datos/button_IR A PAGAR S 29.00' successfully

27-11-2024T12:58:12 - [TEST_STEP][PASSED] - click(findTestObject("Object Repository/Positivos/Page_Olva Courier  Confirma tus datos/button_IR A PAGAR S 29.00")): Object: 'Object Repository/Positivos/Page_Olva Courier  Confirma tus datos/button_IR A PAGAR S 29.00' is clicked on

27-11-2024T12:58:13 - [MESSAGE][PASSED] - Object: 'Object Repository/Positivos/Page_Olva Courier  Confirma tus datos/button_IR A PAGAR S 29.00' is clicked on

27-11-2024T12:58:13 - [TEST_STEP][PASSED] - delay(3): Delayed 3 second(s)

27-11-2024T12:58:16 - [MESSAGE][PASSED] - Delayed 3 second(s)

27-11-2024T12:58:16 - [TEST_STEP][PASSED] - setText(findTestObject("Object Repository/Destinos/Page_Olva Courier  Confirma tus datos/input_Tienes envos con recojo en tienda, se_b85f5d"), "1"): Text '1' is set on object 'Object Repository/Destinos/Page_Olva Courier  Confirma tus datos/input_Tienes envos con recojo en tienda, se_b85f5d'

27-11-2024T12:58:16 - [MESSAGE][PASSED] - Text '1' is set on object 'Object Repository/Destinos/Page_Olva Courier  Confirma tus datos/input_Tienes envos con recojo en tienda, se_b85f5d'

27-11-2024T12:58:16 - [TEST_STEP][PASSED] - setText(findTestObject("Object Repository/Destinos/Page_Olva Courier  Confirma tus datos/input_Tienes envos con recojo en tienda, se_af5936"), "1"): Text '1' is set on object 'Object Repository/Destinos/Page_Olva Courier  Confirma tus datos/input_Tienes envos con recojo en tienda, se_af5936'

27-11-2024T12:58:17 - [MESSAGE][PASSED] - Text '1' is set on object 'Object Repository/Destinos/Page_Olva Courier  Confirma tus datos/input_Tienes envos con recojo en tienda, se_af5936'

27-11-2024T12:58:17 - [TEST_STEP][PASSED] - setText(findTestObject("Object Repository/Destinos/Page_Olva Courier  Confirma tus datos/input_Tienes envos con recojo en tienda, se_653975"), "1"): Text '1' is set on object 'Object Repository/Destinos/Page_Olva Courier  Confirma tus datos/input_Tienes envos con recojo en tienda, se_653975'

27-11-2024T12:58:18 - [MESSAGE][PASSED] - Text '1' is set on object 'Object Repository/Destinos/Page_Olva Courier  Confirma tus datos/input_Tienes envos con recojo en tienda, se_653975'

27-11-2024T12:58:18 - [TEST_STEP][PASSED] - setText(findTestObject("Object Repository/Destinos/Page_Olva Courier  Confirma tus datos/input_Tienes envos con recojo en tienda, se_8615a0"), "1"): Text '1' is set on object 'Object Repository/Destinos/Page_Olva Courier  Confirma tus datos/input_Tienes envos con recojo en tienda, se_8615a0'

27-11-2024T12:58:19 - [MESSAGE][PASSED] - Text '1' is set on object 'Object Repository/Destinos/Page_Olva Courier  Confirma tus datos/input_Tienes envos con recojo en tienda, se_8615a0'

27-11-2024T12:58:19 - [TEST_STEP][PASSED] - click(findTestObject("Object Repository/Destinos/Page_Olva Courier  Confirma tus datos/div_Aceptar")): Object: 'Object Repository/Destinos/Page_Olva Courier  Confirma tus datos/div_Aceptar' is clicked on

27-11-2024T12:58:20 - [MESSAGE][PASSED] - Object: 'Object Repository/Destinos/Page_Olva Courier  Confirma tus datos/div_Aceptar' is clicked on

27-11-2024T12:58:20 - [TEST_STEP][PASSED] - verifyElementPresent(findTestObject("Object Repository/Positivos/Page_Olva Courier  Medios de pago/button_PAGAR"), 0): Object 'Object Repository/Positivos/Page_Olva Courier  Medios de pago/button_PAGAR' is present

27-11-2024T12:58:20 - [MESSAGE][WARNING] - Timeout '0' is invalid. Using default page load timeout: '30'

27-11-2024T12:58:27 - [MESSAGE][PASSED] - Object 'Object Repository/Positivos/Page_Olva Courier  Medios de pago/button_PAGAR' is present

27-11-2024T12:58:27 - [TEST_STEP][PASSED] - callTestCase(findTestCase("1.Inicio/1.3Pago_POS/Pago-exitoso"), [:], STOP_ON_FAILURE): Call Test Case 'Test Cases/1.Inicio/1.3Pago_POS/Pago-exitoso' successfully

27-11-2024T12:58:27 - [TEST_CASE][PASSED] - Test Cases/1.Inicio/1.3Pago_POS/Pago-exitoso: Test Cases/1.Inicio/1.3Pago_POS/Pago-exitoso

27-11-2024T12:58:27 - [TEST_STEP][PASSED] - verifyElementPresent(findTestObject("Object Repository/pago/Page_Olva Courier  Medios de pago/div_Pago con tarjeta de crdito, dbito y Yape"), 0): Object 'Object Repository/pago/Page_Olva Courier  Medios de pago/div_Pago con tarjeta de crdito, dbito y Yape' is present

27-11-2024T12:58:27 - [MESSAGE][WARNING] - Timeout '0' is invalid. Using default page load timeout: '30'

27-11-2024T12:58:27 - [MESSAGE][PASSED] - Object 'Object Repository/pago/Page_Olva Courier  Medios de pago/div_Pago con tarjeta de crdito, dbito y Yape' is present

27-11-2024T12:58:27 - [TEST_STEP][PASSED] - verifyElementPresent(findTestObject("Object Repository/pago/Page_Olva Courier  Medios de pago/td_S"), 0): Object 'Object Repository/pago/Page_Olva Courier  Medios de pago/td_S' is present

27-11-2024T12:58:27 - [MESSAGE][WARNING] - Timeout '0' is invalid. Using default page load timeout: '30'

27-11-2024T12:58:27 - [MESSAGE][PASSED] - Object 'Object Repository/pago/Page_Olva Courier  Medios de pago/td_S' is present

27-11-2024T12:58:27 - [TEST_STEP][PASSED] - delay(1): Delayed 1 second(s)

27-11-2024T12:58:28 - [MESSAGE][PASSED] - Delayed 1 second(s)

27-11-2024T12:58:28 - [TEST_STEP][PASSED] - scrollToElement(findTestObject("Object Repository/pago/Page_Olva Courier  Medios de pago/button_PAGAR"), 0): Scroll to object 'Object Repository/pago/Page_Olva Courier  Medios de pago/button_PAGAR' successfully

27-11-2024T12:58:28 - [MESSAGE][WARNING] - Timeout '0' is invalid. Using default page load timeout: '30'

27-11-2024T12:58:28 - [MESSAGE][PASSED] - Scroll to object 'Object Repository/pago/Page_Olva Courier  Medios de pago/button_PAGAR' successfully

27-11-2024T12:58:28 - [TEST_STEP][PASSED] - click(findTestObject("Object Repository/pago/Page_Olva Courier  Medios de pago/button_PAGAR")): Object: 'Object Repository/pago/Page_Olva Courier  Medios de pago/button_PAGAR' is clicked on

27-11-2024T12:58:29 - [MESSAGE][PASSED] - Object: 'Object Repository/pago/Page_Olva Courier  Medios de pago/button_PAGAR' is clicked on

27-11-2024T12:58:29 - [TEST_STEP][PASSED] - delay(2): Delayed 2 second(s)

27-11-2024T12:58:31 - [MESSAGE][PASSED] - Delayed 2 second(s)

27-11-2024T12:58:31 - [TEST_STEP][PASSED] - verifyElementText(findTestObject("Object Repository/pago/Page_Olva Courier  Pago Exitoso/div_Aprobado y completado con exito"), "Aprobado y completado con exito"): Actual text and expected text of test object 'Object Repository/pago/Page_Olva Courier  Pago Exitoso/div_Aprobado y completado con exito' are matched.

27-11-2024T12:58:31 - [MESSAGE][PASSED] - Actual text and expected text of test object 'Object Repository/pago/Page_Olva Courier  Pago Exitoso/div_Aprobado y completado con exito' are matched.

27-11-2024T12:58:31 - [TEST_STEP][PASSED] - verifyElementPresent(findTestObject("Object Repository/pago/Page_Olva Courier  Pago Exitoso/b_nroPreventa"), 0): Object 'Object Repository/pago/Page_Olva Courier  Pago Exitoso/b_nroPreventa' is present

27-11-2024T12:58:31 - [MESSAGE][WARNING] - Timeout '0' is invalid. Using default page load timeout: '30'

27-11-2024T12:58:31 - [MESSAGE][PASSED] - Object 'Object Repository/pago/Page_Olva Courier  Pago Exitoso/b_nroPreventa' is present

27-11-2024T12:58:31 - [MESSAGE][PASSED] - Call Test Case 'Test Cases/1.Inicio/1.3Pago_POS/Pago-exitoso' successfully]]></system-out>
         <system-err><![CDATA[]]></system-err>
      </testcase>
      <testcase name="Test Cases/2.Positivos/2.1Paquete/Origen-Provincia/4.Peso/Peso-max" time="63.705" classname="Test Cases/2.Positivos/2.1Paquete/Origen-Provincia/4.Peso/Peso-max" status="PASSED">
         <system-out><![CDATA[27-11-2024T12:58:31 - [TEST_CASE][PASSED] - Test Cases/2.Positivos/2.1Paquete/Origen-Provincia/4.Peso/Peso-max: Test Cases/2.Positivos/2.1Paquete/Origen-Provincia/4.Peso/Peso-max

27-11-2024T12:58:32 - [TEST_STEP][PASSED] - callTestCase(findTestCase("1.Inicio/1.1Principal/Principal-home"), [:], STOP_ON_FAILURE): Call Test Case 'Test Cases/1.Inicio/1.1Principal/Principal-home' successfully

27-11-2024T12:58:32 - [TEST_CASE][PASSED] - Test Cases/1.Inicio/1.1Principal/Principal-home: Test Cases/1.Inicio/1.1Principal/Principal-home

27-11-2024T12:58:32 - [TEST_STEP][PASSED] - openBrowser(""): Browser is opened with url: ''

27-11-2024T12:58:32 - [MESSAGE][WARNING] - A browser is already opened. Closing browser and opening a new one

27-11-2024T12:58:33 - [MESSAGE][INFO] - Starting 'Firefox' driver

27-11-2024T12:58:33 - [MESSAGE][INFO] - Action delay is set to 0 milliseconds

27-11-2024T12:58:40 - [MESSAGE][PASSED] - Browser is opened with url: ''

27-11-2024T12:58:40 - [TEST_STEP][PASSED] - navigateToUrl("https://dev01-registrodeenvios.olvacourier.com/principal"): Navigate to 'https://dev01-registrodeenvios.olvacourier.com/principal' successfully

27-11-2024T12:58:42 - [MESSAGE][PASSED] - Navigate to 'https://dev01-registrodeenvios.olvacourier.com/principal' successfully

27-11-2024T12:58:42 - [TEST_STEP][PASSED] - maximizeWindow(): Current window maximized

27-11-2024T12:58:42 - [MESSAGE][PASSED] - Current window maximized

27-11-2024T12:58:42 - [MESSAGE][PASSED] - Call Test Case 'Test Cases/1.Inicio/1.1Principal/Principal-home' successfully

27-11-2024T12:58:42 - [TEST_STEP][PASSED] - callTestCase(findTestCase("1.Inicio/1.1Principal/Selec_paquete"), [:], STOP_ON_FAILURE): Call Test Case 'Test Cases/1.Inicio/1.1Principal/Selec_paquete' successfully

27-11-2024T12:58:42 - [TEST_CASE][PASSED] - Test Cases/1.Inicio/1.1Principal/Selec_paquete: Test Cases/1.Inicio/1.1Principal/Selec_paquete

27-11-2024T12:58:42 - [TEST_STEP][PASSED] - click(findTestObject("Object Repository/Principal/Page_Olva Courier  Home/img_Qu deseas realizar hoy_img_paquete")): Object: 'Object Repository/Principal/Page_Olva Courier  Home/img_Qu deseas realizar hoy_img_paquete' is clicked on

27-11-2024T12:58:42 - [MESSAGE][PASSED] - Object: 'Object Repository/Principal/Page_Olva Courier  Home/img_Qu deseas realizar hoy_img_paquete' is clicked on

27-11-2024T12:58:42 - [TEST_STEP][PASSED] - click(findTestObject("Object Repository/Principal/Page_Olva Courier  Home/span_He ledo y acepto los_checkmark (1)")): Object: 'Object Repository/Principal/Page_Olva Courier  Home/span_He ledo y acepto los_checkmark (1)' is clicked on

27-11-2024T12:58:43 - [MESSAGE][PASSED] - Object: 'Object Repository/Principal/Page_Olva Courier  Home/span_He ledo y acepto los_checkmark (1)' is clicked on

27-11-2024T12:58:43 - [TEST_STEP][PASSED] - click(findTestObject("Object Repository/Principal/Page_Olva Courier  Home/button_CONTINUAR (1)")): Object: 'Object Repository/Principal/Page_Olva Courier  Home/button_CONTINUAR (1)' is clicked on

27-11-2024T12:58:45 - [MESSAGE][PASSED] - Object: 'Object Repository/Principal/Page_Olva Courier  Home/button_CONTINUAR (1)' is clicked on

27-11-2024T12:58:45 - [TEST_STEP][PASSED] - verifyElementPresent(findTestObject("Object Repository/Principal/Page_Olva Courier  Datos Personales/strong_REGISTRO DE ENVOS"), 0): Object 'Object Repository/Principal/Page_Olva Courier  Datos Personales/strong_REGISTRO DE ENVOS' is present

27-11-2024T12:58:45 - [MESSAGE][WARNING] - Timeout '0' is invalid. Using default page load timeout: '30'

27-11-2024T12:58:45 - [MESSAGE][PASSED] - Object 'Object Repository/Principal/Page_Olva Courier  Datos Personales/strong_REGISTRO DE ENVOS' is present

27-11-2024T12:58:45 - [TEST_STEP][PASSED] - verifyElementPresent(findTestObject("Object Repository/Principal/Page_Olva Courier  Datos Personales/span_Regresar (1)"), 0): Object 'Object Repository/Principal/Page_Olva Courier  Datos Personales/span_Regresar (1)' is present

27-11-2024T12:58:45 - [MESSAGE][WARNING] - Timeout '0' is invalid. Using default page load timeout: '30'

27-11-2024T12:58:45 - [MESSAGE][PASSED] - Object 'Object Repository/Principal/Page_Olva Courier  Datos Personales/span_Regresar (1)' is present

27-11-2024T12:58:45 - [TEST_STEP][PASSED] - verifyElementPresent(findTestObject("Object Repository/Principal/Page_Olva Courier  Datos Personales/span_Inicio (1)"), 0): Object 'Object Repository/Principal/Page_Olva Courier  Datos Personales/span_Inicio (1)' is present

27-11-2024T12:58:45 - [MESSAGE][WARNING] - Timeout '0' is invalid. Using default page load timeout: '30'

27-11-2024T12:58:46 - [MESSAGE][PASSED] - Object 'Object Repository/Principal/Page_Olva Courier  Datos Personales/span_Inicio (1)' is present

27-11-2024T12:58:46 - [MESSAGE][PASSED] - Call Test Case 'Test Cases/1.Inicio/1.1Principal/Selec_paquete' successfully

27-11-2024T12:58:46 - [TEST_STEP][PASSED] - callTestCase(findTestCase("1.Inicio/1.2Tipo_Doc/1.DNI"), [:], STOP_ON_FAILURE): Call Test Case 'Test Cases/1.Inicio/1.2Tipo_Doc/1.DNI' successfully

27-11-2024T12:58:46 - [TEST_CASE][PASSED] - Test Cases/1.Inicio/1.2Tipo_Doc/1.DNI: Test Cases/1.Inicio/1.2Tipo_Doc/1.DNI

27-11-2024T12:58:46 - [TEST_STEP][PASSED] - click(findTestObject("Object Repository/Login/Page_Olva Courier  Datos Personales/button_Tipo De Documento")): Object: 'Object Repository/Login/Page_Olva Courier  Datos Personales/button_Tipo De Documento' is clicked on

27-11-2024T12:58:47 - [MESSAGE][PASSED] - Object: 'Object Repository/Login/Page_Olva Courier  Datos Personales/button_Tipo De Documento' is clicked on

27-11-2024T12:58:47 - [TEST_STEP][PASSED] - click(findTestObject("Object Repository/Login/Page_Olva Courier  Datos Personales/a_DNI (Boleta)")): Object: 'Object Repository/Login/Page_Olva Courier  Datos Personales/a_DNI (Boleta)' is clicked on

27-11-2024T12:58:47 - [MESSAGE][PASSED] - Object: 'Object Repository/Login/Page_Olva Courier  Datos Personales/a_DNI (Boleta)' is clicked on

27-11-2024T12:58:47 - [TEST_STEP][PASSED] - setText(findTestObject("Object Repository/Login/Page_Olva Courier  Datos Personales/input_CARN EXT. (Boleta)_txt_documento_cliente"), "47190321"): Text '47190321' is set on object 'Object Repository/Login/Page_Olva Courier  Datos Personales/input_CARN EXT. (Boleta)_txt_documento_cliente'

27-11-2024T12:58:48 - [MESSAGE][PASSED] - Text '47190321' is set on object 'Object Repository/Login/Page_Olva Courier  Datos Personales/input_CARN EXT. (Boleta)_txt_documento_cliente'

27-11-2024T12:58:48 - [TEST_STEP][PASSED] - setText(findTestObject("Object Repository/Login/Page_Olva Courier  Datos Personales/input_CARN EXT. (Boleta)_txt_telefono_cliente"), "957378086"): Text '957378086' is set on object 'Object Repository/Login/Page_Olva Courier  Datos Personales/input_CARN EXT. (Boleta)_txt_telefono_cliente'

27-11-2024T12:58:54 - [MESSAGE][PASSED] - Text '957378086' is set on object 'Object Repository/Login/Page_Olva Courier  Datos Personales/input_CARN EXT. (Boleta)_txt_telefono_cliente'

27-11-2024T12:58:54 - [TEST_STEP][PASSED] - setText(findTestObject("Object Repository/Login/Page_Olva Courier  Datos Personales/input_Hola,_txt_email_cliente"), "riosalejosjs@gmail.com"): Text 'riosalejosjs@gmail.com' is set on object 'Object Repository/Login/Page_Olva Courier  Datos Personales/input_Hola,_txt_email_cliente'

27-11-2024T12:58:55 - [MESSAGE][PASSED] - Text 'riosalejosjs@gmail.com' is set on object 'Object Repository/Login/Page_Olva Courier  Datos Personales/input_Hola,_txt_email_cliente'

27-11-2024T12:58:55 - [MESSAGE][PASSED] - Call Test Case 'Test Cases/1.Inicio/1.2Tipo_Doc/1.DNI' successfully

27-11-2024T12:58:55 - [TEST_STEP][PASSED] - click(findTestObject("Object Repository/pago/Page_Olva Courier  Datos Personales/button_Seleccionar artculo")): Object: 'Object Repository/pago/Page_Olva Courier  Datos Personales/button_Seleccionar artculo' is clicked on

27-11-2024T12:58:55 - [MESSAGE][PASSED] - Object: 'Object Repository/pago/Page_Olva Courier  Datos Personales/button_Seleccionar artculo' is clicked on

27-11-2024T12:58:55 - [TEST_STEP][PASSED] - click(findTestObject("Object Repository/pago/Page_Olva Courier  Datos Personales/span_ACCESORIOS Y EQUIPOS ELECTRONICOS")): Object: 'Object Repository/pago/Page_Olva Courier  Datos Personales/span_ACCESORIOS Y EQUIPOS ELECTRONICOS' is clicked on

27-11-2024T12:58:56 - [MESSAGE][PASSED] - Object: 'Object Repository/pago/Page_Olva Courier  Datos Personales/span_ACCESORIOS Y EQUIPOS ELECTRONICOS' is clicked on

27-11-2024T12:58:56 - [TEST_STEP][PASSED] - setText(findTestObject("Object Repository/pago/Page_Olva Courier  Datos Personales/input_UTILES DE OFICINA_txt_paquete_articulo"), "VVVv"): Text 'VVVv' is set on object 'Object Repository/pago/Page_Olva Courier  Datos Personales/input_UTILES DE OFICINA_txt_paquete_articulo'

27-11-2024T12:58:56 - [MESSAGE][PASSED] - Text 'VVVv' is set on object 'Object Repository/pago/Page_Olva Courier  Datos Personales/input_UTILES DE OFICINA_txt_paquete_articulo'

27-11-2024T12:58:56 - [TEST_STEP][PASSED] - setText(findTestObject("Object Repository/pago/Page_Olva Courier  Datos Personales/input_UTILES DE OFICINA_txt_paquete_valor"), "20"): Text '20' is set on object 'Object Repository/pago/Page_Olva Courier  Datos Personales/input_UTILES DE OFICINA_txt_paquete_valor'

27-11-2024T12:58:57 - [MESSAGE][PASSED] - Text '20' is set on object 'Object Repository/pago/Page_Olva Courier  Datos Personales/input_UTILES DE OFICINA_txt_paquete_valor'

27-11-2024T12:58:57 - [TEST_STEP][PASSED] - scrollToElement(findTestObject("Object Repository/pago/Page_Olva Courier  Datos Personales/div_No encuentro el peso de mi envo"), 0): Scroll to object 'Object Repository/pago/Page_Olva Courier  Datos Personales/div_No encuentro el peso de mi envo' successfully

27-11-2024T12:58:57 - [MESSAGE][WARNING] - Timeout '0' is invalid. Using default page load timeout: '30'

27-11-2024T12:58:57 - [MESSAGE][PASSED] - Scroll to object 'Object Repository/pago/Page_Olva Courier  Datos Personales/div_No encuentro el peso de mi envo' successfully

27-11-2024T12:58:57 - [TEST_STEP][PASSED] - click(findTestObject("Object Repository/pago/Page_Olva Courier  Datos Personales/div_No encuentro el peso de mi envo")): Object: 'Object Repository/pago/Page_Olva Courier  Datos Personales/div_No encuentro el peso de mi envo' is clicked on

27-11-2024T12:58:58 - [MESSAGE][PASSED] - Object: 'Object Repository/pago/Page_Olva Courier  Datos Personales/div_No encuentro el peso de mi envo' is clicked on

27-11-2024T12:58:58 - [TEST_STEP][PASSED] - setText(findTestObject("Object Repository/pago/Page_Olva Courier  Datos Personales/input_Ancho (cm)_modal-input-ancho"), "14"): Text '14' is set on object 'Object Repository/pago/Page_Olva Courier  Datos Personales/input_Ancho (cm)_modal-input-ancho'

27-11-2024T12:58:59 - [MESSAGE][PASSED] - Text '14' is set on object 'Object Repository/pago/Page_Olva Courier  Datos Personales/input_Ancho (cm)_modal-input-ancho'

27-11-2024T12:58:59 - [TEST_STEP][PASSED] - setText(findTestObject("Object Repository/pago/Page_Olva Courier  Datos Personales/input_Largo (cm)_modal-input-largo"), "14"): Text '14' is set on object 'Object Repository/pago/Page_Olva Courier  Datos Personales/input_Largo (cm)_modal-input-largo'

27-11-2024T12:59:00 - [MESSAGE][PASSED] - Text '14' is set on object 'Object Repository/pago/Page_Olva Courier  Datos Personales/input_Largo (cm)_modal-input-largo'

27-11-2024T12:59:00 - [TEST_STEP][PASSED] - setText(findTestObject("Object Repository/pago/Page_Olva Courier  Datos Personales/input_Alto (cm)_modal-input-alto"), "14"): Text '14' is set on object 'Object Repository/pago/Page_Olva Courier  Datos Personales/input_Alto (cm)_modal-input-alto'

27-11-2024T12:59:01 - [MESSAGE][PASSED] - Text '14' is set on object 'Object Repository/pago/Page_Olva Courier  Datos Personales/input_Alto (cm)_modal-input-alto'

27-11-2024T12:59:01 - [TEST_STEP][PASSED] - setText(findTestObject("Object Repository/pago/Page_Olva Courier  Datos Personales/input_Peso (Kg)_modal-input-peso"), "25"): Text '25' is set on object 'Object Repository/pago/Page_Olva Courier  Datos Personales/input_Peso (Kg)_modal-input-peso'

27-11-2024T12:59:01 - [MESSAGE][PASSED] - Text '25' is set on object 'Object Repository/pago/Page_Olva Courier  Datos Personales/input_Peso (Kg)_modal-input-peso'

27-11-2024T12:59:01 - [TEST_STEP][PASSED] - click(findTestObject("Object Repository/pago/Page_Olva Courier  Datos Personales/div_CALCULAR")): Object: 'Object Repository/pago/Page_Olva Courier  Datos Personales/div_CALCULAR' is clicked on

27-11-2024T12:59:02 - [MESSAGE][PASSED] - Object: 'Object Repository/pago/Page_Olva Courier  Datos Personales/div_CALCULAR' is clicked on

27-11-2024T12:59:02 - [TEST_STEP][PASSED] - scrollToElement(findTestObject("Object Repository/Destinos/Page_Olva Courier  Datos Personales/button_LIMA (1)"), 0): Scroll to object 'Object Repository/Destinos/Page_Olva Courier  Datos Personales/button_LIMA (1)' successfully

27-11-2024T12:59:02 - [MESSAGE][WARNING] - Timeout '0' is invalid. Using default page load timeout: '30'

27-11-2024T12:59:03 - [MESSAGE][PASSED] - Scroll to object 'Object Repository/Destinos/Page_Olva Courier  Datos Personales/button_LIMA (1)' successfully

27-11-2024T12:59:03 - [TEST_STEP][PASSED] - click(findTestObject("Object Repository/Destinos/Page_Olva Courier  Datos Personales/button_LIMA (1)")): Object: 'Object Repository/Destinos/Page_Olva Courier  Datos Personales/button_LIMA (1)' is clicked on

27-11-2024T12:59:03 - [MESSAGE][PASSED] - Object: 'Object Repository/Destinos/Page_Olva Courier  Datos Personales/button_LIMA (1)' is clicked on

27-11-2024T12:59:03 - [TEST_STEP][PASSED] - click(findTestObject("Object Repository/Destinos/Page_Olva Courier  Datos Personales/a_TRUJILLO")): Object: 'Object Repository/Destinos/Page_Olva Courier  Datos Personales/a_TRUJILLO' is clicked on

27-11-2024T12:59:04 - [MESSAGE][PASSED] - Object: 'Object Repository/Destinos/Page_Olva Courier  Datos Personales/a_TRUJILLO' is clicked on

27-11-2024T12:59:04 - [TEST_STEP][PASSED] - click(findTestObject("Object Repository/Destinos/Page_Olva Courier  Datos Personales/button_TRUJILLO")): Object: 'Object Repository/Destinos/Page_Olva Courier  Datos Personales/button_TRUJILLO' is clicked on

27-11-2024T12:59:09 - [MESSAGE][PASSED] - Object: 'Object Repository/Destinos/Page_Olva Courier  Datos Personales/button_TRUJILLO' is clicked on

27-11-2024T12:59:09 - [TEST_STEP][PASSED] - scrollToElement(findTestObject("Object Repository/pago/Page_Olva Courier  Datos Personales/span_Ingrese el punto de llegada"), 0): Scroll to object 'Object Repository/pago/Page_Olva Courier  Datos Personales/span_Ingrese el punto de llegada' successfully

27-11-2024T12:59:09 - [MESSAGE][WARNING] - Timeout '0' is invalid. Using default page load timeout: '30'

27-11-2024T12:59:10 - [MESSAGE][PASSED] - Scroll to object 'Object Repository/pago/Page_Olva Courier  Datos Personales/span_Ingrese el punto de llegada' successfully

27-11-2024T12:59:10 - [TEST_STEP][PASSED] - click(findTestObject("Object Repository/pago/Page_Olva Courier  Datos Personales/span_Ingrese el punto de llegada")): Object: 'Object Repository/pago/Page_Olva Courier  Datos Personales/span_Ingrese el punto de llegada' is clicked on

27-11-2024T12:59:10 - [MESSAGE][PASSED] - Object: 'Object Repository/pago/Page_Olva Courier  Datos Personales/span_Ingrese el punto de llegada' is clicked on

27-11-2024T12:59:10 - [TEST_STEP][PASSED] - click(findTestObject("Object Repository/pago/Page_Olva Courier  Datos Personales/a_APURIMAC - GRAU - CHUQUIBAMBILLA")): Object: 'Object Repository/pago/Page_Olva Courier  Datos Personales/a_APURIMAC - GRAU - CHUQUIBAMBILLA' is clicked on

27-11-2024T12:59:11 - [MESSAGE][PASSED] - Object: 'Object Repository/pago/Page_Olva Courier  Datos Personales/a_APURIMAC - GRAU - CHUQUIBAMBILLA' is clicked on

27-11-2024T12:59:11 - [TEST_STEP][PASSED] - click(findTestObject("Object Repository/pago/Page_Olva Courier  Datos Personales/button_Tipo de entrega")): Object: 'Object Repository/pago/Page_Olva Courier  Datos Personales/button_Tipo de entrega' is clicked on

27-11-2024T12:59:11 - [MESSAGE][PASSED] - Object: 'Object Repository/pago/Page_Olva Courier  Datos Personales/button_Tipo de entrega' is clicked on

27-11-2024T12:59:11 - [TEST_STEP][PASSED] - click(findTestObject("Object Repository/pago/Page_Olva Courier  Datos Personales/a_Entrega a domicilio")): Object: 'Object Repository/pago/Page_Olva Courier  Datos Personales/a_Entrega a domicilio' is clicked on

27-11-2024T12:59:15 - [MESSAGE][PASSED] - Object: 'Object Repository/pago/Page_Olva Courier  Datos Personales/a_Entrega a domicilio' is clicked on

27-11-2024T12:59:15 - [TEST_STEP][PASSED] - scrollToElement(findTestObject("Object Repository/pago/Page_Olva Courier  Datos Personales/span_Tipo De Documento"), 0): Scroll to object 'Object Repository/pago/Page_Olva Courier  Datos Personales/span_Tipo De Documento' successfully

27-11-2024T12:59:15 - [MESSAGE][WARNING] - Timeout '0' is invalid. Using default page load timeout: '30'

27-11-2024T12:59:15 - [MESSAGE][PASSED] - Scroll to object 'Object Repository/pago/Page_Olva Courier  Datos Personales/span_Tipo De Documento' successfully

27-11-2024T12:59:15 - [TEST_STEP][PASSED] - click(findTestObject("Object Repository/pago/Page_Olva Courier  Datos Personales/span_Tipo De Documento")): Object: 'Object Repository/pago/Page_Olva Courier  Datos Personales/span_Tipo De Documento' is clicked on

27-11-2024T12:59:15 - [MESSAGE][PASSED] - Object: 'Object Repository/pago/Page_Olva Courier  Datos Personales/span_Tipo De Documento' is clicked on

27-11-2024T12:59:15 - [TEST_STEP][PASSED] - click(findTestObject("Object Repository/pago/Page_Olva Courier  Datos Personales/a_DNI")): Object: 'Object Repository/pago/Page_Olva Courier  Datos Personales/a_DNI' is clicked on

27-11-2024T12:59:16 - [MESSAGE][PASSED] - Object: 'Object Repository/pago/Page_Olva Courier  Datos Personales/a_DNI' is clicked on

27-11-2024T12:59:16 - [TEST_STEP][PASSED] - setText(findTestObject("Object Repository/pago/Page_Olva Courier  Datos Personales/input_CARN EXT_txt_consignado_dni"), "71735785"): Text '71735785' is set on object 'Object Repository/pago/Page_Olva Courier  Datos Personales/input_CARN EXT_txt_consignado_dni'

27-11-2024T12:59:16 - [MESSAGE][PASSED] - Text '71735785' is set on object 'Object Repository/pago/Page_Olva Courier  Datos Personales/input_CARN EXT_txt_consignado_dni'

27-11-2024T12:59:16 - [TEST_STEP][PASSED] - scrollToElement(findTestObject("Object Repository/pago/Page_Olva Courier  Datos Personales/button_CONTINUAR"), 0): Scroll to object 'Object Repository/pago/Page_Olva Courier  Datos Personales/button_CONTINUAR' successfully

27-11-2024T12:59:16 - [MESSAGE][WARNING] - Timeout '0' is invalid. Using default page load timeout: '30'

27-11-2024T12:59:18 - [MESSAGE][PASSED] - Scroll to object 'Object Repository/pago/Page_Olva Courier  Datos Personales/button_CONTINUAR' successfully

27-11-2024T12:59:18 - [TEST_STEP][PASSED] - click(findTestObject("Object Repository/pago/Page_Olva Courier  Datos Personales/button_CONTINUAR")): Object: 'Object Repository/pago/Page_Olva Courier  Datos Personales/button_CONTINUAR' is clicked on

27-11-2024T12:59:18 - [MESSAGE][PASSED] - Object: 'Object Repository/pago/Page_Olva Courier  Datos Personales/button_CONTINUAR' is clicked on

27-11-2024T12:59:18 - [TEST_STEP][PASSED] - click(findTestObject("Object Repository/pago/Page_Olva Courier  Confirma tus datos/button_IR A PAGAR S 76.41")): Object: 'Object Repository/pago/Page_Olva Courier  Confirma tus datos/button_IR A PAGAR S 76.41' is clicked on

27-11-2024T12:59:24 - [MESSAGE][PASSED] - Object: 'Object Repository/pago/Page_Olva Courier  Confirma tus datos/button_IR A PAGAR S 76.41' is clicked on

27-11-2024T12:59:24 - [TEST_STEP][PASSED] - delay(0): Delayed 0 second(s)

27-11-2024T12:59:24 - [MESSAGE][PASSED] - Delayed 0 second(s)

27-11-2024T12:59:24 - [TEST_STEP][PASSED] - verifyElementPresent(findTestObject("Object Repository/pago/Page_Olva Courier  Medios de pago/button_PAGAR (1)"), 0): Object 'Object Repository/pago/Page_Olva Courier  Medios de pago/button_PAGAR (1)' is present

27-11-2024T12:59:24 - [MESSAGE][WARNING] - Timeout '0' is invalid. Using default page load timeout: '30'

27-11-2024T12:59:31 - [MESSAGE][PASSED] - Object 'Object Repository/pago/Page_Olva Courier  Medios de pago/button_PAGAR (1)' is present

27-11-2024T12:59:31 - [TEST_STEP][PASSED] - callTestCase(findTestCase("1.Inicio/1.3Pago_POS/Pago-exitoso"), [:], STOP_ON_FAILURE): Call Test Case 'Test Cases/1.Inicio/1.3Pago_POS/Pago-exitoso' successfully

27-11-2024T12:59:31 - [TEST_CASE][PASSED] - Test Cases/1.Inicio/1.3Pago_POS/Pago-exitoso: Test Cases/1.Inicio/1.3Pago_POS/Pago-exitoso

27-11-2024T12:59:31 - [TEST_STEP][PASSED] - verifyElementPresent(findTestObject("Object Repository/pago/Page_Olva Courier  Medios de pago/div_Pago con tarjeta de crdito, dbito y Yape"), 0): Object 'Object Repository/pago/Page_Olva Courier  Medios de pago/div_Pago con tarjeta de crdito, dbito y Yape' is present

27-11-2024T12:59:31 - [MESSAGE][WARNING] - Timeout '0' is invalid. Using default page load timeout: '30'

27-11-2024T12:59:31 - [MESSAGE][PASSED] - Object 'Object Repository/pago/Page_Olva Courier  Medios de pago/div_Pago con tarjeta de crdito, dbito y Yape' is present

27-11-2024T12:59:31 - [TEST_STEP][PASSED] - verifyElementPresent(findTestObject("Object Repository/pago/Page_Olva Courier  Medios de pago/td_S"), 0): Object 'Object Repository/pago/Page_Olva Courier  Medios de pago/td_S' is present

27-11-2024T12:59:31 - [MESSAGE][WARNING] - Timeout '0' is invalid. Using default page load timeout: '30'

27-11-2024T12:59:31 - [MESSAGE][PASSED] - Object 'Object Repository/pago/Page_Olva Courier  Medios de pago/td_S' is present

27-11-2024T12:59:31 - [TEST_STEP][PASSED] - delay(1): Delayed 1 second(s)

27-11-2024T12:59:32 - [MESSAGE][PASSED] - Delayed 1 second(s)

27-11-2024T12:59:32 - [TEST_STEP][PASSED] - scrollToElement(findTestObject("Object Repository/pago/Page_Olva Courier  Medios de pago/button_PAGAR"), 0): Scroll to object 'Object Repository/pago/Page_Olva Courier  Medios de pago/button_PAGAR' successfully

27-11-2024T12:59:32 - [MESSAGE][WARNING] - Timeout '0' is invalid. Using default page load timeout: '30'

27-11-2024T12:59:32 - [MESSAGE][PASSED] - Scroll to object 'Object Repository/pago/Page_Olva Courier  Medios de pago/button_PAGAR' successfully

27-11-2024T12:59:32 - [TEST_STEP][PASSED] - click(findTestObject("Object Repository/pago/Page_Olva Courier  Medios de pago/button_PAGAR")): Object: 'Object Repository/pago/Page_Olva Courier  Medios de pago/button_PAGAR' is clicked on

27-11-2024T12:59:33 - [MESSAGE][PASSED] - Object: 'Object Repository/pago/Page_Olva Courier  Medios de pago/button_PAGAR' is clicked on

27-11-2024T12:59:33 - [TEST_STEP][PASSED] - delay(2): Delayed 2 second(s)

27-11-2024T12:59:35 - [MESSAGE][PASSED] - Delayed 2 second(s)

27-11-2024T12:59:35 - [TEST_STEP][PASSED] - verifyElementText(findTestObject("Object Repository/pago/Page_Olva Courier  Pago Exitoso/div_Aprobado y completado con exito"), "Aprobado y completado con exito"): Actual text and expected text of test object 'Object Repository/pago/Page_Olva Courier  Pago Exitoso/div_Aprobado y completado con exito' are matched.

27-11-2024T12:59:35 - [MESSAGE][PASSED] - Actual text and expected text of test object 'Object Repository/pago/Page_Olva Courier  Pago Exitoso/div_Aprobado y completado con exito' are matched.

27-11-2024T12:59:35 - [TEST_STEP][PASSED] - verifyElementPresent(findTestObject("Object Repository/pago/Page_Olva Courier  Pago Exitoso/b_nroPreventa"), 0): Object 'Object Repository/pago/Page_Olva Courier  Pago Exitoso/b_nroPreventa' is present

27-11-2024T12:59:35 - [MESSAGE][WARNING] - Timeout '0' is invalid. Using default page load timeout: '30'

27-11-2024T12:59:35 - [MESSAGE][PASSED] - Object 'Object Repository/pago/Page_Olva Courier  Pago Exitoso/b_nroPreventa' is present

27-11-2024T12:59:35 - [MESSAGE][PASSED] - Call Test Case 'Test Cases/1.Inicio/1.3Pago_POS/Pago-exitoso' successfully]]></system-out>
         <system-err><![CDATA[]]></system-err>
      </testcase>
      <testcase name="Test Cases/2.Positivos/2.1Paquete/Origen-Provincia/4.Peso/Peso 1,2,3,4,5kg" time="67.797" classname="Test Cases/2.Positivos/2.1Paquete/Origen-Provincia/4.Peso/Peso 1,2,3,4,5kg" status="FAILED">
         <failure type="FAILED" message="Test Cases/2.Positivos/2.1Paquete/Origen-Provincia/4.Peso/Peso 1,2,3,4,5kg FAILED.&#xa;Reason:&#xa;com.kms.katalon.core.exception.StepFailedException: Verify element text of test object 'Object Repository/peso/Page_Olva Courier  Confirma tus datos/th_S 14.50' FAILED.&#xa;	at com.kms.katalon.core.webui.keyword.internal.WebUIKeywordMain.stepFailed(WebUIKeywordMain.groovy:117)&#xa;	at com.kms.katalon.core.webui.keyword.internal.WebUIKeywordMain.runKeyword(WebUIKeywordMain.groovy:43)&#xa;	at com.kms.katalon.core.webui.keyword.builtin.VerifyElementTextKeyword.verifyElementText(VerifyElementTextKeyword.groovy:72)&#xa;	at com.kms.katalon.core.webui.keyword.builtin.VerifyElementTextKeyword.execute(VerifyElementTextKeyword.groovy:40)&#xa;	at com.kms.katalon.core.keyword.internal.KeywordExecutor.executeKeywordForPlatform(KeywordExecutor.groovy:74)&#xa;	at com.kms.katalon.core.webui.keyword.WebUiBuiltInKeywords.verifyElementText(WebUiBuiltInKeywords.groovy:4835)&#xa;	at Peso 1,2,3,4,5kg.run(Peso 1,2,3,4,5kg:88)&#xa;	at com.kms.katalon.core.main.ScriptEngine.run(ScriptEngine.java:194)&#xa;	at com.kms.katalon.core.main.ScriptEngine.runScriptAsRawText(ScriptEngine.java:119)&#xa;	at com.kms.katalon.core.main.TestCaseExecutor.runScript(TestCaseExecutor.java:448)&#xa;	at com.kms.katalon.core.main.TestCaseExecutor.doExecute(TestCaseExecutor.java:439)&#xa;	at com.kms.katalon.core.main.TestCaseExecutor.processExecutionPhase(TestCaseExecutor.java:418)&#xa;	at com.kms.katalon.core.main.TestCaseExecutor.accessMainPhase(TestCaseExecutor.java:410)&#xa;	at com.kms.katalon.core.main.TestCaseExecutor.execute(TestCaseExecutor.java:285)&#xa;	at com.kms.katalon.core.common.CommonExecutor.accessTestCaseMainPhase(CommonExecutor.java:65)&#xa;	at com.kms.katalon.core.main.TestSuiteExecutor.accessTestSuiteMainPhase(TestSuiteExecutor.java:150)&#xa;	at com.kms.katalon.core.main.TestSuiteExecutor.execute(TestSuiteExecutor.java:106)&#xa;	at com.kms.katalon.core.main.TestCaseMain.startTestSuite(TestCaseMain.java:180)&#xa;	at TempTestSuite1732729948317.run(TempTestSuite1732729948317.groovy:35)&#xa;	at java.base/jdk.internal.reflect.NativeMethodAccessorImpl.invoke0(Native Method)&#xa;	at java.base/jdk.internal.reflect.NativeMethodAccessorImpl.invoke(NativeMethodAccessorImpl.java:77)&#xa;	at java.base/jdk.internal.reflect.DelegatingMethodAccessorImpl.invoke(DelegatingMethodAccessorImpl.java:43)&#xa;Caused by: com.kms.katalon.core.exception.StepFailedException: Actual text 'S/ 7.00' and expected text 'S/ 14.50' of test object 'Object Repository/peso/Page_Olva Courier  Confirma tus datos/th_S 14.50' are NOT matched.&#xa;	at com.kms.katalon.core.webui.keyword.internal.WebUIKeywordMain.stepFailed(WebUIKeywordMain.groovy:117)&#xa;	at com.kms.katalon.core.webui.keyword.builtin.VerifyElementTextKeyword$_verifyElementText_closure1.doCall(VerifyElementTextKeyword.groovy:57)&#xa;	at com.kms.katalon.core.webui.keyword.builtin.VerifyElementTextKeyword$_verifyElementText_closure1.call(VerifyElementTextKeyword.groovy)&#xa;	at com.kms.katalon.core.webui.keyword.internal.WebUIKeywordMain.runKeyword(WebUIKeywordMain.groovy:35)&#xa;	... 20 more&#xa;"/>
         <system-out><![CDATA[27-11-2024T12:59:35 - [TEST_CASE][FAILED] - Test Cases/2.Positivos/2.1Paquete/Origen-Provincia/4.Peso/Peso 1,2,3,4,5kg: Test Cases/2.Positivos/2.1Paquete/Origen-Provincia/4.Peso/Peso 1,2,3,4,5kg FAILED.
Reason:
com.kms.katalon.core.exception.StepFailedException: Verify element text of test object 'Object Repository/peso/Page_Olva Courier  Confirma tus datos/th_S 14.50' FAILED.
	at com.kms.katalon.core.webui.keyword.internal.WebUIKeywordMain.stepFailed(WebUIKeywordMain.groovy:117)
	at com.kms.katalon.core.webui.keyword.internal.WebUIKeywordMain.runKeyword(WebUIKeywordMain.groovy:43)
	at com.kms.katalon.core.webui.keyword.builtin.VerifyElementTextKeyword.verifyElementText(VerifyElementTextKeyword.groovy:72)
	at com.kms.katalon.core.webui.keyword.builtin.VerifyElementTextKeyword.execute(VerifyElementTextKeyword.groovy:40)
	at com.kms.katalon.core.keyword.internal.KeywordExecutor.executeKeywordForPlatform(KeywordExecutor.groovy:74)
	at com.kms.katalon.core.webui.keyword.WebUiBuiltInKeywords.verifyElementText(WebUiBuiltInKeywords.groovy:4835)
	at Peso 1,2,3,4,5kg.run(Peso 1,2,3,4,5kg:88)
	at com.kms.katalon.core.main.ScriptEngine.run(ScriptEngine.java:194)
	at com.kms.katalon.core.main.ScriptEngine.runScriptAsRawText(ScriptEngine.java:119)
	at com.kms.katalon.core.main.TestCaseExecutor.runScript(TestCaseExecutor.java:448)
	at com.kms.katalon.core.main.TestCaseExecutor.doExecute(TestCaseExecutor.java:439)
	at com.kms.katalon.core.main.TestCaseExecutor.processExecutionPhase(TestCaseExecutor.java:418)
	at com.kms.katalon.core.main.TestCaseExecutor.accessMainPhase(TestCaseExecutor.java:410)
	at com.kms.katalon.core.main.TestCaseExecutor.execute(TestCaseExecutor.java:285)
	at com.kms.katalon.core.common.CommonExecutor.accessTestCaseMainPhase(CommonExecutor.java:65)
	at com.kms.katalon.core.main.TestSuiteExecutor.accessTestSuiteMainPhase(TestSuiteExecutor.java:150)
	at com.kms.katalon.core.main.TestSuiteExecutor.execute(TestSuiteExecutor.java:106)
	at com.kms.katalon.core.main.TestCaseMain.startTestSuite(TestCaseMain.java:180)
	at TempTestSuite1732729948317.run(TempTestSuite1732729948317.groovy:35)
	at java.base/jdk.internal.reflect.NativeMethodAccessorImpl.invoke0(Native Method)
	at java.base/jdk.internal.reflect.NativeMethodAccessorImpl.invoke(NativeMethodAccessorImpl.java:77)
	at java.base/jdk.internal.reflect.DelegatingMethodAccessorImpl.invoke(DelegatingMethodAccessorImpl.java:43)
Caused by: com.kms.katalon.core.exception.StepFailedException: Actual text 'S/ 7.00' and expected text 'S/ 14.50' of test object 'Object Repository/peso/Page_Olva Courier  Confirma tus datos/th_S 14.50' are NOT matched.
	at com.kms.katalon.core.webui.keyword.internal.WebUIKeywordMain.stepFailed(WebUIKeywordMain.groovy:117)
	at com.kms.katalon.core.webui.keyword.builtin.VerifyElementTextKeyword$_verifyElementText_closure1.doCall(VerifyElementTextKeyword.groovy:57)
	at com.kms.katalon.core.webui.keyword.builtin.VerifyElementTextKeyword$_verifyElementText_closure1.call(VerifyElementTextKeyword.groovy)
	at com.kms.katalon.core.webui.keyword.internal.WebUIKeywordMain.runKeyword(WebUIKeywordMain.groovy:35)
	... 20 more


27-11-2024T12:59:35 - [TEST_STEP][PASSED] - callTestCase(findTestCase("1.Inicio/1.1Principal/Principal-home"), [:], STOP_ON_FAILURE): Call Test Case 'Test Cases/1.Inicio/1.1Principal/Principal-home' successfully

27-11-2024T12:59:35 - [TEST_CASE][PASSED] - Test Cases/1.Inicio/1.1Principal/Principal-home: Test Cases/1.Inicio/1.1Principal/Principal-home

27-11-2024T12:59:35 - [TEST_STEP][PASSED] - openBrowser(""): Browser is opened with url: ''

27-11-2024T12:59:35 - [MESSAGE][WARNING] - A browser is already opened. Closing browser and opening a new one

27-11-2024T12:59:37 - [MESSAGE][INFO] - Starting 'Firefox' driver

27-11-2024T12:59:37 - [MESSAGE][INFO] - Action delay is set to 0 milliseconds

27-11-2024T12:59:43 - [MESSAGE][PASSED] - Browser is opened with url: ''

27-11-2024T12:59:43 - [TEST_STEP][PASSED] - navigateToUrl("https://dev01-registrodeenvios.olvacourier.com/principal"): Navigate to 'https://dev01-registrodeenvios.olvacourier.com/principal' successfully

27-11-2024T12:59:44 - [MESSAGE][PASSED] - Navigate to 'https://dev01-registrodeenvios.olvacourier.com/principal' successfully

27-11-2024T12:59:44 - [TEST_STEP][PASSED] - maximizeWindow(): Current window maximized

27-11-2024T12:59:44 - [MESSAGE][PASSED] - Current window maximized

27-11-2024T12:59:44 - [MESSAGE][PASSED] - Call Test Case 'Test Cases/1.Inicio/1.1Principal/Principal-home' successfully

27-11-2024T12:59:44 - [TEST_STEP][PASSED] - callTestCase(findTestCase("1.Inicio/1.1Principal/Selec_paquete"), [:], STOP_ON_FAILURE): Call Test Case 'Test Cases/1.Inicio/1.1Principal/Selec_paquete' successfully

27-11-2024T12:59:44 - [TEST_CASE][PASSED] - Test Cases/1.Inicio/1.1Principal/Selec_paquete: Test Cases/1.Inicio/1.1Principal/Selec_paquete

27-11-2024T12:59:45 - [TEST_STEP][PASSED] - click(findTestObject("Object Repository/Principal/Page_Olva Courier  Home/img_Qu deseas realizar hoy_img_paquete")): Object: 'Object Repository/Principal/Page_Olva Courier  Home/img_Qu deseas realizar hoy_img_paquete' is clicked on

27-11-2024T12:59:45 - [MESSAGE][PASSED] - Object: 'Object Repository/Principal/Page_Olva Courier  Home/img_Qu deseas realizar hoy_img_paquete' is clicked on

27-11-2024T12:59:45 - [TEST_STEP][PASSED] - click(findTestObject("Object Repository/Principal/Page_Olva Courier  Home/span_He ledo y acepto los_checkmark (1)")): Object: 'Object Repository/Principal/Page_Olva Courier  Home/span_He ledo y acepto los_checkmark (1)' is clicked on

27-11-2024T12:59:46 - [MESSAGE][PASSED] - Object: 'Object Repository/Principal/Page_Olva Courier  Home/span_He ledo y acepto los_checkmark (1)' is clicked on

27-11-2024T12:59:46 - [TEST_STEP][PASSED] - click(findTestObject("Object Repository/Principal/Page_Olva Courier  Home/button_CONTINUAR (1)")): Object: 'Object Repository/Principal/Page_Olva Courier  Home/button_CONTINUAR (1)' is clicked on

27-11-2024T12:59:48 - [MESSAGE][PASSED] - Object: 'Object Repository/Principal/Page_Olva Courier  Home/button_CONTINUAR (1)' is clicked on

27-11-2024T12:59:48 - [TEST_STEP][PASSED] - verifyElementPresent(findTestObject("Object Repository/Principal/Page_Olva Courier  Datos Personales/strong_REGISTRO DE ENVOS"), 0): Object 'Object Repository/Principal/Page_Olva Courier  Datos Personales/strong_REGISTRO DE ENVOS' is present

27-11-2024T12:59:48 - [MESSAGE][WARNING] - Timeout '0' is invalid. Using default page load timeout: '30'

27-11-2024T12:59:49 - [MESSAGE][PASSED] - Object 'Object Repository/Principal/Page_Olva Courier  Datos Personales/strong_REGISTRO DE ENVOS' is present

27-11-2024T12:59:49 - [TEST_STEP][PASSED] - verifyElementPresent(findTestObject("Object Repository/Principal/Page_Olva Courier  Datos Personales/span_Regresar (1)"), 0): Object 'Object Repository/Principal/Page_Olva Courier  Datos Personales/span_Regresar (1)' is present

27-11-2024T12:59:49 - [MESSAGE][WARNING] - Timeout '0' is invalid. Using default page load timeout: '30'

27-11-2024T12:59:49 - [MESSAGE][PASSED] - Object 'Object Repository/Principal/Page_Olva Courier  Datos Personales/span_Regresar (1)' is present

27-11-2024T12:59:49 - [TEST_STEP][PASSED] - verifyElementPresent(findTestObject("Object Repository/Principal/Page_Olva Courier  Datos Personales/span_Inicio (1)"), 0): Object 'Object Repository/Principal/Page_Olva Courier  Datos Personales/span_Inicio (1)' is present

27-11-2024T12:59:49 - [MESSAGE][WARNING] - Timeout '0' is invalid. Using default page load timeout: '30'

27-11-2024T12:59:49 - [MESSAGE][PASSED] - Object 'Object Repository/Principal/Page_Olva Courier  Datos Personales/span_Inicio (1)' is present

27-11-2024T12:59:49 - [MESSAGE][PASSED] - Call Test Case 'Test Cases/1.Inicio/1.1Principal/Selec_paquete' successfully

27-11-2024T12:59:49 - [TEST_STEP][PASSED] - callTestCase(findTestCase("1.Inicio/1.2Tipo_Doc/4.CE_Colab"), [:], STOP_ON_FAILURE): Call Test Case 'Test Cases/1.Inicio/1.2Tipo_Doc/4.CE_Colab' successfully

27-11-2024T12:59:49 - [TEST_CASE][PASSED] - Test Cases/1.Inicio/1.2Tipo_Doc/4.CE_Colab: Test Cases/1.Inicio/1.2Tipo_Doc/4.CE_Colab

27-11-2024T12:59:49 - [TEST_STEP][PASSED] - click(findTestObject("Object Repository/Login/Page_Olva Courier  Datos Personales/button_Tipo De Documento")): Object: 'Object Repository/Login/Page_Olva Courier  Datos Personales/button_Tipo De Documento' is clicked on

27-11-2024T12:59:50 - [MESSAGE][PASSED] - Object: 'Object Repository/Login/Page_Olva Courier  Datos Personales/button_Tipo De Documento' is clicked on

27-11-2024T12:59:50 - [TEST_STEP][PASSED] - click(findTestObject("Object Repository/Login/Page_Olva Courier  Datos Personales/span_CARN EXT. (Boleta)")): Object: 'Object Repository/Login/Page_Olva Courier  Datos Personales/span_CARN EXT. (Boleta)' is clicked on

27-11-2024T12:59:51 - [MESSAGE][PASSED] - Object: 'Object Repository/Login/Page_Olva Courier  Datos Personales/span_CARN EXT. (Boleta)' is clicked on

27-11-2024T12:59:51 - [TEST_STEP][PASSED] - setText(findTestObject("Object Repository/Login/Page_Olva Courier  Datos Personales/input_CARN EXT. (Boleta)_txt_documento_cliente"), "003680378"): Text '003680378' is set on object 'Object Repository/Login/Page_Olva Courier  Datos Personales/input_CARN EXT. (Boleta)_txt_documento_cliente'

27-11-2024T12:59:51 - [MESSAGE][PASSED] - Text '003680378' is set on object 'Object Repository/Login/Page_Olva Courier  Datos Personales/input_CARN EXT. (Boleta)_txt_documento_cliente'

27-11-2024T12:59:51 - [TEST_STEP][PASSED] - verifyElementPresent(findTestObject("Object Repository/Login/Page_Olva Courier  Datos Personales/p_PROMO COLABORADOR"), 0): Object 'Object Repository/Login/Page_Olva Courier  Datos Personales/p_PROMO COLABORADOR' is present

27-11-2024T12:59:51 - [MESSAGE][WARNING] - Timeout '0' is invalid. Using default page load timeout: '30'

27-11-2024T12:59:58 - [MESSAGE][PASSED] - Object 'Object Repository/Login/Page_Olva Courier  Datos Personales/p_PROMO COLABORADOR' is present

27-11-2024T12:59:58 - [TEST_STEP][PASSED] - click(findTestObject("Object Repository/Login/Page_Olva Courier  Datos Personales/span_")): Object: 'Object Repository/Login/Page_Olva Courier  Datos Personales/span_' is clicked on

27-11-2024T12:59:59 - [MESSAGE][PASSED] - Object: 'Object Repository/Login/Page_Olva Courier  Datos Personales/span_' is clicked on

27-11-2024T12:59:59 - [MESSAGE][PASSED] - Call Test Case 'Test Cases/1.Inicio/1.2Tipo_Doc/4.CE_Colab' successfully

27-11-2024T12:59:59 - [TEST_STEP][PASSED] - click(findTestObject("Object Repository/peso/Page_Olva Courier  Datos Personales/span_Seleccionar artculo")): Object: 'Object Repository/peso/Page_Olva Courier  Datos Personales/span_Seleccionar artculo' is clicked on

27-11-2024T13:00:00 - [MESSAGE][PASSED] - Object: 'Object Repository/peso/Page_Olva Courier  Datos Personales/span_Seleccionar artculo' is clicked on

27-11-2024T13:00:00 - [TEST_STEP][PASSED] - click(findTestObject("Object Repository/peso/Page_Olva Courier  Datos Personales/span_TARJETAS PERSONALES")): Object: 'Object Repository/peso/Page_Olva Courier  Datos Personales/span_TARJETAS PERSONALES' is clicked on

27-11-2024T13:00:00 - [MESSAGE][PASSED] - Object: 'Object Repository/peso/Page_Olva Courier  Datos Personales/span_TARJETAS PERSONALES' is clicked on

27-11-2024T13:00:00 - [TEST_STEP][PASSED] - setText(findTestObject("Object Repository/peso/Page_Olva Courier  Datos Personales/input_UTILES DE OFICINA_txt_paquete_articulo"), "FFf"): Text 'FFf' is set on object 'Object Repository/peso/Page_Olva Courier  Datos Personales/input_UTILES DE OFICINA_txt_paquete_articulo'

27-11-2024T13:00:01 - [MESSAGE][PASSED] - Text 'FFf' is set on object 'Object Repository/peso/Page_Olva Courier  Datos Personales/input_UTILES DE OFICINA_txt_paquete_articulo'

27-11-2024T13:00:01 - [TEST_STEP][PASSED] - setText(findTestObject("Object Repository/peso/Page_Olva Courier  Datos Personales/input_UTILES DE OFICINA_txt_paquete_valor"), "50"): Text '50' is set on object 'Object Repository/peso/Page_Olva Courier  Datos Personales/input_UTILES DE OFICINA_txt_paquete_valor'

27-11-2024T13:00:01 - [MESSAGE][PASSED] - Text '50' is set on object 'Object Repository/peso/Page_Olva Courier  Datos Personales/input_UTILES DE OFICINA_txt_paquete_valor'

27-11-2024T13:00:01 - [TEST_STEP][PASSED] - scrollToElement(findTestObject("Object Repository/peso/Page_Olva Courier  Datos Personales/div_Hasta 5Kg"), 0): Scroll to object 'Object Repository/peso/Page_Olva Courier  Datos Personales/div_Hasta 5Kg' successfully

27-11-2024T13:00:01 - [MESSAGE][WARNING] - Timeout '0' is invalid. Using default page load timeout: '30'

27-11-2024T13:00:02 - [MESSAGE][PASSED] - Scroll to object 'Object Repository/peso/Page_Olva Courier  Datos Personales/div_Hasta 5Kg' successfully

27-11-2024T13:00:02 - [TEST_STEP][PASSED] - click(findTestObject("Object Repository/peso/Page_Olva Courier  Datos Personales/div_Hasta 5Kg")): Object: 'Object Repository/peso/Page_Olva Courier  Datos Personales/div_Hasta 5Kg' is clicked on

27-11-2024T13:00:02 - [MESSAGE][PASSED] - Object: 'Object Repository/peso/Page_Olva Courier  Datos Personales/div_Hasta 5Kg' is clicked on

27-11-2024T13:00:02 - [TEST_STEP][PASSED] - scrollToElement(findTestObject("Object Repository/Destinos/Page_Olva Courier  Datos Personales/button_LIMA (1)"), 0): Scroll to object 'Object Repository/Destinos/Page_Olva Courier  Datos Personales/button_LIMA (1)' successfully

27-11-2024T13:00:02 - [MESSAGE][WARNING] - Timeout '0' is invalid. Using default page load timeout: '30'

27-11-2024T13:00:03 - [MESSAGE][PASSED] - Scroll to object 'Object Repository/Destinos/Page_Olva Courier  Datos Personales/button_LIMA (1)' successfully

27-11-2024T13:00:03 - [TEST_STEP][PASSED] - click(findTestObject("Object Repository/Destinos/Page_Olva Courier  Datos Personales/button_LIMA (1)")): Object: 'Object Repository/Destinos/Page_Olva Courier  Datos Personales/button_LIMA (1)' is clicked on

27-11-2024T13:00:03 - [MESSAGE][PASSED] - Object: 'Object Repository/Destinos/Page_Olva Courier  Datos Personales/button_LIMA (1)' is clicked on

27-11-2024T13:00:03 - [TEST_STEP][PASSED] - click(findTestObject("Object Repository/Destinos/Page_Olva Courier  Datos Personales/a_ICA")): Object: 'Object Repository/Destinos/Page_Olva Courier  Datos Personales/a_ICA' is clicked on

27-11-2024T13:00:04 - [MESSAGE][PASSED] - Object: 'Object Repository/Destinos/Page_Olva Courier  Datos Personales/a_ICA' is clicked on

27-11-2024T13:00:04 - [TEST_STEP][PASSED] - click(findTestObject("Object Repository/Destinos/Page_Olva Courier  Datos Personales/button_ICA")): Object: 'Object Repository/Destinos/Page_Olva Courier  Datos Personales/button_ICA' is clicked on

27-11-2024T13:00:04 - [MESSAGE][PASSED] - Object: 'Object Repository/Destinos/Page_Olva Courier  Datos Personales/button_ICA' is clicked on

27-11-2024T13:00:04 - [TEST_STEP][PASSED] - click(findTestObject("Object Repository/peso/Page_Olva Courier  Datos Personales/span_Ingrese el punto de llegada")): Object: 'Object Repository/peso/Page_Olva Courier  Datos Personales/span_Ingrese el punto de llegada' is clicked on

27-11-2024T13:00:05 - [MESSAGE][PASSED] - Object: 'Object Repository/peso/Page_Olva Courier  Datos Personales/span_Ingrese el punto de llegada' is clicked on

27-11-2024T13:00:05 - [TEST_STEP][PASSED] - click(findTestObject("Object Repository/peso/Page_Olva Courier  Datos Personales/a_ANCASH - HUARAZ - HUARAZ")): Object: 'Object Repository/peso/Page_Olva Courier  Datos Personales/a_ANCASH - HUARAZ - HUARAZ' is clicked on

27-11-2024T13:00:05 - [MESSAGE][PASSED] - Object: 'Object Repository/peso/Page_Olva Courier  Datos Personales/a_ANCASH - HUARAZ - HUARAZ' is clicked on

27-11-2024T13:00:05 - [TEST_STEP][PASSED] - click(findTestObject("Object Repository/peso/Page_Olva Courier  Datos Personales/span_Tipo de entrega")): Object: 'Object Repository/peso/Page_Olva Courier  Datos Personales/span_Tipo de entrega' is clicked on

27-11-2024T13:00:06 - [MESSAGE][PASSED] - Object: 'Object Repository/peso/Page_Olva Courier  Datos Personales/span_Tipo de entrega' is clicked on

27-11-2024T13:00:06 - [TEST_STEP][PASSED] - click(findTestObject("Object Repository/peso/Page_Olva Courier  Datos Personales/a_Entrega a domicilio")): Object: 'Object Repository/peso/Page_Olva Courier  Datos Personales/a_Entrega a domicilio' is clicked on

27-11-2024T13:00:09 - [MESSAGE][PASSED] - Object: 'Object Repository/peso/Page_Olva Courier  Datos Personales/a_Entrega a domicilio' is clicked on

27-11-2024T13:00:09 - [TEST_STEP][PASSED] - click(findTestObject("Object Repository/peso/Page_Olva Courier  Datos Personales/button_Tipo De Documento_1")): Object: 'Object Repository/peso/Page_Olva Courier  Datos Personales/button_Tipo De Documento_1' is clicked on

27-11-2024T13:00:10 - [MESSAGE][PASSED] - Object: 'Object Repository/peso/Page_Olva Courier  Datos Personales/button_Tipo De Documento_1' is clicked on

27-11-2024T13:00:10 - [TEST_STEP][PASSED] - click(findTestObject("Object Repository/peso/Page_Olva Courier  Datos Personales/a_DNI")): Object: 'Object Repository/peso/Page_Olva Courier  Datos Personales/a_DNI' is clicked on

27-11-2024T13:00:10 - [MESSAGE][PASSED] - Object: 'Object Repository/peso/Page_Olva Courier  Datos Personales/a_DNI' is clicked on

27-11-2024T13:00:10 - [TEST_STEP][PASSED] - setText(findTestObject("Object Repository/peso/Page_Olva Courier  Datos Personales/input_CARN EXT_txt_consignado_dni"), "71735785"): Text '71735785' is set on object 'Object Repository/peso/Page_Olva Courier  Datos Personales/input_CARN EXT_txt_consignado_dni'

27-11-2024T13:00:11 - [MESSAGE][PASSED] - Text '71735785' is set on object 'Object Repository/peso/Page_Olva Courier  Datos Personales/input_CARN EXT_txt_consignado_dni'

27-11-2024T13:00:11 - [TEST_STEP][PASSED] - scrollToElement(findTestObject("Object Repository/peso/Page_Olva Courier  Datos Personales/button_CONTINUAR"), 0): Scroll to object 'Object Repository/peso/Page_Olva Courier  Datos Personales/button_CONTINUAR' successfully

27-11-2024T13:00:11 - [MESSAGE][WARNING] - Timeout '0' is invalid. Using default page load timeout: '30'

27-11-2024T13:00:12 - [MESSAGE][PASSED] - Scroll to object 'Object Repository/peso/Page_Olva Courier  Datos Personales/button_CONTINUAR' successfully

27-11-2024T13:00:12 - [TEST_STEP][PASSED] - click(findTestObject("Object Repository/peso/Page_Olva Courier  Datos Personales/button_CONTINUAR")): Object: 'Object Repository/peso/Page_Olva Courier  Datos Personales/button_CONTINUAR' is clicked on

27-11-2024T13:00:13 - [MESSAGE][PASSED] - Object: 'Object Repository/peso/Page_Olva Courier  Datos Personales/button_CONTINUAR' is clicked on

27-11-2024T13:00:13 - [TEST_STEP][PASSED] - verifyElementText(findTestObject("Object Repository/peso/Page_Olva Courier  Confirma tus datos/th_S 19.69"), "S/ 19.69"): Actual text and expected text of test object 'Object Repository/peso/Page_Olva Courier  Confirma tus datos/th_S 19.69' are matched.

27-11-2024T13:00:18 - [MESSAGE][PASSED] - Actual text and expected text of test object 'Object Repository/peso/Page_Olva Courier  Confirma tus datos/th_S 19.69' are matched.

27-11-2024T13:00:18 - [TEST_STEP][PASSED] - click(findTestObject("Object Repository/peso/Page_Olva Courier  Confirma tus datos/button_Editar")): Object: 'Object Repository/peso/Page_Olva Courier  Confirma tus datos/button_Editar' is clicked on

27-11-2024T13:00:24 - [MESSAGE][PASSED] - Object: 'Object Repository/peso/Page_Olva Courier  Confirma tus datos/button_Editar' is clicked on

27-11-2024T13:00:24 - [TEST_STEP][PASSED] - click(findTestObject("Object Repository/peso/Page_Olva Courier  Datos Personales/div_Hasta 4Kg")): Object: 'Object Repository/peso/Page_Olva Courier  Datos Personales/div_Hasta 4Kg' is clicked on

27-11-2024T13:00:25 - [MESSAGE][PASSED] - Object: 'Object Repository/peso/Page_Olva Courier  Datos Personales/div_Hasta 4Kg' is clicked on

27-11-2024T13:00:25 - [TEST_STEP][PASSED] - scrollToElement(findTestObject("Object Repository/peso/Page_Olva Courier  Datos Personales/button_CONTINUAR"), 0): Scroll to object 'Object Repository/peso/Page_Olva Courier  Datos Personales/button_CONTINUAR' successfully

27-11-2024T13:00:25 - [MESSAGE][WARNING] - Timeout '0' is invalid. Using default page load timeout: '30'

27-11-2024T13:00:25 - [MESSAGE][PASSED] - Scroll to object 'Object Repository/peso/Page_Olva Courier  Datos Personales/button_CONTINUAR' successfully

27-11-2024T13:00:25 - [TEST_STEP][PASSED] - click(findTestObject("Object Repository/peso/Page_Olva Courier  Datos Personales/button_CONTINUAR")): Object: 'Object Repository/peso/Page_Olva Courier  Datos Personales/button_CONTINUAR' is clicked on

27-11-2024T13:00:26 - [MESSAGE][PASSED] - Object: 'Object Repository/peso/Page_Olva Courier  Datos Personales/button_CONTINUAR' is clicked on

27-11-2024T13:00:26 - [TEST_STEP][PASSED] - verifyElementText(findTestObject("Object Repository/peso/Page_Olva Courier  Confirma tus datos/th_S 17.10"), "S/ 17.10"): Actual text and expected text of test object 'Object Repository/peso/Page_Olva Courier  Confirma tus datos/th_S 17.10' are matched.

27-11-2024T13:00:30 - [MESSAGE][PASSED] - Actual text and expected text of test object 'Object Repository/peso/Page_Olva Courier  Confirma tus datos/th_S 17.10' are matched.

27-11-2024T13:00:30 - [TEST_STEP][PASSED] - click(findTestObject("Object Repository/peso/Page_Olva Courier  Confirma tus datos/button_Editar")): Object: 'Object Repository/peso/Page_Olva Courier  Confirma tus datos/button_Editar' is clicked on

27-11-2024T13:00:35 - [MESSAGE][PASSED] - Object: 'Object Repository/peso/Page_Olva Courier  Confirma tus datos/button_Editar' is clicked on

27-11-2024T13:00:35 - [TEST_STEP][PASSED] - click(findTestObject("Object Repository/peso/Page_Olva Courier  Datos Personales/div_Hasta 3Kg")): Object: 'Object Repository/peso/Page_Olva Courier  Datos Personales/div_Hasta 3Kg' is clicked on

27-11-2024T13:00:35 - [MESSAGE][PASSED] - Object: 'Object Repository/peso/Page_Olva Courier  Datos Personales/div_Hasta 3Kg' is clicked on

27-11-2024T13:00:35 - [TEST_STEP][PASSED] - scrollToElement(findTestObject("Object Repository/peso/Page_Olva Courier  Datos Personales/button_CONTINUAR"), 0): Scroll to object 'Object Repository/peso/Page_Olva Courier  Datos Personales/button_CONTINUAR' successfully

27-11-2024T13:00:35 - [MESSAGE][WARNING] - Timeout '0' is invalid. Using default page load timeout: '30'

27-11-2024T13:00:36 - [MESSAGE][PASSED] - Scroll to object 'Object Repository/peso/Page_Olva Courier  Datos Personales/button_CONTINUAR' successfully

27-11-2024T13:00:36 - [TEST_STEP][PASSED] - click(findTestObject("Object Repository/peso/Page_Olva Courier  Datos Personales/button_CONTINUAR")): Object: 'Object Repository/peso/Page_Olva Courier  Datos Personales/button_CONTINUAR' is clicked on

27-11-2024T13:00:36 - [MESSAGE][PASSED] - Object: 'Object Repository/peso/Page_Olva Courier  Datos Personales/button_CONTINUAR' is clicked on

27-11-2024T13:00:36 - [TEST_STEP][FAILED] - verifyElementText(findTestObject("Object Repository/peso/Page_Olva Courier  Confirma tus datos/th_S 14.50"), "S/ 14.50"): Verify element text of test object 'Object Repository/peso/Page_Olva Courier  Confirma tus datos/th_S 14.50' FAILED. (Root cause: com.kms.katalon.core.exception.StepFailedException: Verify element text of test object 'Object Repository/peso/Page_Olva Courier  Confirma tus datos/th_S 14.50' FAILED.
	at com.kms.katalon.core.webui.keyword.internal.WebUIKeywordMain.stepFailed(WebUIKeywordMain.groovy:117)
	at com.kms.katalon.core.webui.keyword.internal.WebUIKeywordMain.runKeyword(WebUIKeywordMain.groovy:43)
	at com.kms.katalon.core.webui.keyword.builtin.VerifyElementTextKeyword.verifyElementText(VerifyElementTextKeyword.groovy:72)
	at com.kms.katalon.core.webui.keyword.builtin.VerifyElementTextKeyword.execute(VerifyElementTextKeyword.groovy:40)
	at com.kms.katalon.core.keyword.internal.KeywordExecutor.executeKeywordForPlatform(KeywordExecutor.groovy:74)
	at com.kms.katalon.core.webui.keyword.WebUiBuiltInKeywords.verifyElementText(WebUiBuiltInKeywords.groovy:4835)
	at Peso 1,2,3,4,5kg.run(Peso 1,2,3,4,5kg:88)
	at com.kms.katalon.core.main.ScriptEngine.run(ScriptEngine.java:194)
	at com.kms.katalon.core.main.ScriptEngine.runScriptAsRawText(ScriptEngine.java:119)
	at com.kms.katalon.core.main.TestCaseExecutor.runScript(TestCaseExecutor.java:448)
	at com.kms.katalon.core.main.TestCaseExecutor.doExecute(TestCaseExecutor.java:439)
	at com.kms.katalon.core.main.TestCaseExecutor.processExecutionPhase(TestCaseExecutor.java:418)
	at com.kms.katalon.core.main.TestCaseExecutor.accessMainPhase(TestCaseExecutor.java:410)
	at com.kms.katalon.core.main.TestCaseExecutor.execute(TestCaseExecutor.java:285)
	at com.kms.katalon.core.common.CommonExecutor.accessTestCaseMainPhase(CommonExecutor.java:65)
	at com.kms.katalon.core.main.TestSuiteExecutor.accessTestSuiteMainPhase(TestSuiteExecutor.java:150)
	at com.kms.katalon.core.main.TestSuiteExecutor.execute(TestSuiteExecutor.java:106)
	at com.kms.katalon.core.main.TestCaseMain.startTestSuite(TestCaseMain.java:180)
	at TempTestSuite1732729948317.run(TempTestSuite1732729948317.groovy:35)
	at java.base/jdk.internal.reflect.NativeMethodAccessorImpl.invoke0(Native Method)
	at java.base/jdk.internal.reflect.NativeMethodAccessorImpl.invoke(NativeMethodAccessorImpl.java:77)
	at java.base/jdk.internal.reflect.DelegatingMethodAccessorImpl.invoke(DelegatingMethodAccessorImpl.java:43)
Caused by: com.kms.katalon.core.exception.StepFailedException: Actual text 'S/ 7.00' and expected text 'S/ 14.50' of test object 'Object Repository/peso/Page_Olva Courier  Confirma tus datos/th_S 14.50' are NOT matched.
	at com.kms.katalon.core.webui.keyword.internal.WebUIKeywordMain.stepFailed(WebUIKeywordMain.groovy:117)
	at com.kms.katalon.core.webui.keyword.builtin.VerifyElementTextKeyword$_verifyElementText_closure1.doCall(VerifyElementTextKeyword.groovy:57)
	at com.kms.katalon.core.webui.keyword.builtin.VerifyElementTextKeyword$_verifyElementText_closure1.call(VerifyElementTextKeyword.groovy)
	at com.kms.katalon.core.webui.keyword.internal.WebUIKeywordMain.runKeyword(WebUIKeywordMain.groovy:35)
	... 20 more
)

27-11-2024T13:00:43 - [MESSAGE][FAILED] - Actual text 'S/ 7.00' and expected text 'S/ 14.50' of test object 'Object Repository/peso/Page_Olva Courier  Confirma tus datos/th_S 14.50' are NOT matched. (Root cause: com.kms.katalon.core.exception.StepFailedException: Actual text 'S/ 7.00' and expected text 'S/ 14.50' of test object 'Object Repository/peso/Page_Olva Courier  Confirma tus datos/th_S 14.50' are NOT matched.
	at com.kms.katalon.core.webui.keyword.internal.WebUIKeywordMain.stepFailed(WebUIKeywordMain.groovy:117)
	at com.kms.katalon.core.webui.keyword.builtin.VerifyElementTextKeyword$_verifyElementText_closure1.doCall(VerifyElementTextKeyword.groovy:57)
	at com.kms.katalon.core.webui.keyword.builtin.VerifyElementTextKeyword$_verifyElementText_closure1.call(VerifyElementTextKeyword.groovy)
	at com.kms.katalon.core.webui.keyword.internal.WebUIKeywordMain.runKeyword(WebUIKeywordMain.groovy:35)
	at com.kms.katalon.core.webui.keyword.builtin.VerifyElementTextKeyword.verifyElementText(VerifyElementTextKeyword.groovy:72)
	at com.kms.katalon.core.webui.keyword.builtin.VerifyElementTextKeyword.execute(VerifyElementTextKeyword.groovy:40)
	at com.kms.katalon.core.keyword.internal.KeywordExecutor.executeKeywordForPlatform(KeywordExecutor.groovy:74)
	at com.kms.katalon.core.webui.keyword.WebUiBuiltInKeywords.verifyElementText(WebUiBuiltInKeywords.groovy:4835)
	at Peso 1,2,3,4,5kg.run(Peso 1,2,3,4,5kg:88)
	at com.kms.katalon.core.main.ScriptEngine.run(ScriptEngine.java:194)
	at com.kms.katalon.core.main.ScriptEngine.runScriptAsRawText(ScriptEngine.java:119)
	at com.kms.katalon.core.main.TestCaseExecutor.runScript(TestCaseExecutor.java:448)
	at com.kms.katalon.core.main.TestCaseExecutor.doExecute(TestCaseExecutor.java:439)
	at com.kms.katalon.core.main.TestCaseExecutor.processExecutionPhase(TestCaseExecutor.java:418)
	at com.kms.katalon.core.main.TestCaseExecutor.accessMainPhase(TestCaseExecutor.java:410)
	at com.kms.katalon.core.main.TestCaseExecutor.execute(TestCaseExecutor.java:285)
	at com.kms.katalon.core.common.CommonExecutor.accessTestCaseMainPhase(CommonExecutor.java:65)
	at com.kms.katalon.core.main.TestSuiteExecutor.accessTestSuiteMainPhase(TestSuiteExecutor.java:150)
	at com.kms.katalon.core.main.TestSuiteExecutor.execute(TestSuiteExecutor.java:106)
	at com.kms.katalon.core.main.TestCaseMain.startTestSuite(TestCaseMain.java:180)
	at TempTestSuite1732729948317.run(TempTestSuite1732729948317.groovy:35)
	at java.base/jdk.internal.reflect.NativeMethodAccessorImpl.invoke0(Native Method)
	at java.base/jdk.internal.reflect.NativeMethodAccessorImpl.invoke(NativeMethodAccessorImpl.java:77)
	at java.base/jdk.internal.reflect.DelegatingMethodAccessorImpl.invoke(DelegatingMethodAccessorImpl.java:43)
)

27-11-2024T13:00:43 - [MESSAGE][FAILED] - Verify element text of test object 'Object Repository/peso/Page_Olva Courier  Confirma tus datos/th_S 14.50' FAILED. (Root cause: com.kms.katalon.core.exception.StepFailedException: Verify element text of test object 'Object Repository/peso/Page_Olva Courier  Confirma tus datos/th_S 14.50' FAILED.
	at com.kms.katalon.core.webui.keyword.internal.WebUIKeywordMain.stepFailed(WebUIKeywordMain.groovy:117)
	at com.kms.katalon.core.webui.keyword.internal.WebUIKeywordMain.runKeyword(WebUIKeywordMain.groovy:43)
	at com.kms.katalon.core.webui.keyword.builtin.VerifyElementTextKeyword.verifyElementText(VerifyElementTextKeyword.groovy:72)
	at com.kms.katalon.core.webui.keyword.builtin.VerifyElementTextKeyword.execute(VerifyElementTextKeyword.groovy:40)
	at com.kms.katalon.core.keyword.internal.KeywordExecutor.executeKeywordForPlatform(KeywordExecutor.groovy:74)
	at com.kms.katalon.core.webui.keyword.WebUiBuiltInKeywords.verifyElementText(WebUiBuiltInKeywords.groovy:4835)
	at Peso 1,2,3,4,5kg.run(Peso 1,2,3,4,5kg:88)
	at com.kms.katalon.core.main.ScriptEngine.run(ScriptEngine.java:194)
	at com.kms.katalon.core.main.ScriptEngine.runScriptAsRawText(ScriptEngine.java:119)
	at com.kms.katalon.core.main.TestCaseExecutor.runScript(TestCaseExecutor.java:448)
	at com.kms.katalon.core.main.TestCaseExecutor.doExecute(TestCaseExecutor.java:439)
	at com.kms.katalon.core.main.TestCaseExecutor.processExecutionPhase(TestCaseExecutor.java:418)
	at com.kms.katalon.core.main.TestCaseExecutor.accessMainPhase(TestCaseExecutor.java:410)
	at com.kms.katalon.core.main.TestCaseExecutor.execute(TestCaseExecutor.java:285)
	at com.kms.katalon.core.common.CommonExecutor.accessTestCaseMainPhase(CommonExecutor.java:65)
	at com.kms.katalon.core.main.TestSuiteExecutor.accessTestSuiteMainPhase(TestSuiteExecutor.java:150)
	at com.kms.katalon.core.main.TestSuiteExecutor.execute(TestSuiteExecutor.java:106)
	at com.kms.katalon.core.main.TestCaseMain.startTestSuite(TestCaseMain.java:180)
	at TempTestSuite1732729948317.run(TempTestSuite1732729948317.groovy:35)
	at java.base/jdk.internal.reflect.NativeMethodAccessorImpl.invoke0(Native Method)
	at java.base/jdk.internal.reflect.NativeMethodAccessorImpl.invoke(NativeMethodAccessorImpl.java:77)
	at java.base/jdk.internal.reflect.DelegatingMethodAccessorImpl.invoke(DelegatingMethodAccessorImpl.java:43)
Caused by: com.kms.katalon.core.exception.StepFailedException: Actual text 'S/ 7.00' and expected text 'S/ 14.50' of test object 'Object Repository/peso/Page_Olva Courier  Confirma tus datos/th_S 14.50' are NOT matched.
	at com.kms.katalon.core.webui.keyword.internal.WebUIKeywordMain.stepFailed(WebUIKeywordMain.groovy:117)
	at com.kms.katalon.core.webui.keyword.builtin.VerifyElementTextKeyword$_verifyElementText_closure1.doCall(VerifyElementTextKeyword.groovy:57)
	at com.kms.katalon.core.webui.keyword.builtin.VerifyElementTextKeyword$_verifyElementText_closure1.call(VerifyElementTextKeyword.groovy)
	at com.kms.katalon.core.webui.keyword.internal.WebUIKeywordMain.runKeyword(WebUIKeywordMain.groovy:35)
	... 20 more
)]]></system-out>
         <system-err><![CDATA[27-11-2024T12:59:35 - [TEST_CASE][FAILED] - Test Cases/2.Positivos/2.1Paquete/Origen-Provincia/4.Peso/Peso 1,2,3,4,5kg: Test Cases/2.Positivos/2.1Paquete/Origen-Provincia/4.Peso/Peso 1,2,3,4,5kg FAILED.
Reason:
com.kms.katalon.core.exception.StepFailedException: Verify element text of test object 'Object Repository/peso/Page_Olva Courier  Confirma tus datos/th_S 14.50' FAILED.
	at com.kms.katalon.core.webui.keyword.internal.WebUIKeywordMain.stepFailed(WebUIKeywordMain.groovy:117)
	at com.kms.katalon.core.webui.keyword.internal.WebUIKeywordMain.runKeyword(WebUIKeywordMain.groovy:43)
	at com.kms.katalon.core.webui.keyword.builtin.VerifyElementTextKeyword.verifyElementText(VerifyElementTextKeyword.groovy:72)
	at com.kms.katalon.core.webui.keyword.builtin.VerifyElementTextKeyword.execute(VerifyElementTextKeyword.groovy:40)
	at com.kms.katalon.core.keyword.internal.KeywordExecutor.executeKeywordForPlatform(KeywordExecutor.groovy:74)
	at com.kms.katalon.core.webui.keyword.WebUiBuiltInKeywords.verifyElementText(WebUiBuiltInKeywords.groovy:4835)
	at Peso 1,2,3,4,5kg.run(Peso 1,2,3,4,5kg:88)
	at com.kms.katalon.core.main.ScriptEngine.run(ScriptEngine.java:194)
	at com.kms.katalon.core.main.ScriptEngine.runScriptAsRawText(ScriptEngine.java:119)
	at com.kms.katalon.core.main.TestCaseExecutor.runScript(TestCaseExecutor.java:448)
	at com.kms.katalon.core.main.TestCaseExecutor.doExecute(TestCaseExecutor.java:439)
	at com.kms.katalon.core.main.TestCaseExecutor.processExecutionPhase(TestCaseExecutor.java:418)
	at com.kms.katalon.core.main.TestCaseExecutor.accessMainPhase(TestCaseExecutor.java:410)
	at com.kms.katalon.core.main.TestCaseExecutor.execute(TestCaseExecutor.java:285)
	at com.kms.katalon.core.common.CommonExecutor.accessTestCaseMainPhase(CommonExecutor.java:65)
	at com.kms.katalon.core.main.TestSuiteExecutor.accessTestSuiteMainPhase(TestSuiteExecutor.java:150)
	at com.kms.katalon.core.main.TestSuiteExecutor.execute(TestSuiteExecutor.java:106)
	at com.kms.katalon.core.main.TestCaseMain.startTestSuite(TestCaseMain.java:180)
	at TempTestSuite1732729948317.run(TempTestSuite1732729948317.groovy:35)
	at java.base/jdk.internal.reflect.NativeMethodAccessorImpl.invoke0(Native Method)
	at java.base/jdk.internal.reflect.NativeMethodAccessorImpl.invoke(NativeMethodAccessorImpl.java:77)
	at java.base/jdk.internal.reflect.DelegatingMethodAccessorImpl.invoke(DelegatingMethodAccessorImpl.java:43)
Caused by: com.kms.katalon.core.exception.StepFailedException: Actual text 'S/ 7.00' and expected text 'S/ 14.50' of test object 'Object Repository/peso/Page_Olva Courier  Confirma tus datos/th_S 14.50' are NOT matched.
	at com.kms.katalon.core.webui.keyword.internal.WebUIKeywordMain.stepFailed(WebUIKeywordMain.groovy:117)
	at com.kms.katalon.core.webui.keyword.builtin.VerifyElementTextKeyword$_verifyElementText_closure1.doCall(VerifyElementTextKeyword.groovy:57)
	at com.kms.katalon.core.webui.keyword.builtin.VerifyElementTextKeyword$_verifyElementText_closure1.call(VerifyElementTextKeyword.groovy)
	at com.kms.katalon.core.webui.keyword.internal.WebUIKeywordMain.runKeyword(WebUIKeywordMain.groovy:35)
	... 20 more]]></system-err>
      </testcase>
      <testcase name="Test Cases/2.Positivos/2.1Paquete/Origen-Provincia/4.Peso/No-encuentro-peso" time="55.516" classname="Test Cases/2.Positivos/2.1Paquete/Origen-Provincia/4.Peso/No-encuentro-peso" status="PASSED">
         <system-out><![CDATA[27-11-2024T13:00:43 - [TEST_CASE][PASSED] - Test Cases/2.Positivos/2.1Paquete/Origen-Provincia/4.Peso/No-encuentro-peso: Test Cases/2.Positivos/2.1Paquete/Origen-Provincia/4.Peso/No-encuentro-peso

27-11-2024T13:00:43 - [TEST_STEP][PASSED] - callTestCase(findTestCase("1.Inicio/1.1Principal/Principal-home"), [:], STOP_ON_FAILURE): Call Test Case 'Test Cases/1.Inicio/1.1Principal/Principal-home' successfully

27-11-2024T13:00:43 - [TEST_CASE][PASSED] - Test Cases/1.Inicio/1.1Principal/Principal-home: Test Cases/1.Inicio/1.1Principal/Principal-home

27-11-2024T13:00:43 - [TEST_STEP][PASSED] - openBrowser(""): Browser is opened with url: ''

27-11-2024T13:00:43 - [MESSAGE][WARNING] - A browser is already opened. Closing browser and opening a new one

27-11-2024T13:00:45 - [MESSAGE][INFO] - Starting 'Firefox' driver

27-11-2024T13:00:45 - [MESSAGE][INFO] - Action delay is set to 0 milliseconds

27-11-2024T13:00:51 - [MESSAGE][PASSED] - Browser is opened with url: ''

27-11-2024T13:00:51 - [TEST_STEP][PASSED] - navigateToUrl("https://dev01-registrodeenvios.olvacourier.com/principal"): Navigate to 'https://dev01-registrodeenvios.olvacourier.com/principal' successfully

27-11-2024T13:00:52 - [MESSAGE][PASSED] - Navigate to 'https://dev01-registrodeenvios.olvacourier.com/principal' successfully

27-11-2024T13:00:52 - [TEST_STEP][PASSED] - maximizeWindow(): Current window maximized

27-11-2024T13:00:52 - [MESSAGE][PASSED] - Current window maximized

27-11-2024T13:00:52 - [MESSAGE][PASSED] - Call Test Case 'Test Cases/1.Inicio/1.1Principal/Principal-home' successfully

27-11-2024T13:00:52 - [TEST_STEP][PASSED] - callTestCase(findTestCase("1.Inicio/1.1Principal/Selec_paquete"), [:], STOP_ON_FAILURE): Call Test Case 'Test Cases/1.Inicio/1.1Principal/Selec_paquete' successfully

27-11-2024T13:00:52 - [TEST_CASE][PASSED] - Test Cases/1.Inicio/1.1Principal/Selec_paquete: Test Cases/1.Inicio/1.1Principal/Selec_paquete

27-11-2024T13:00:52 - [TEST_STEP][PASSED] - click(findTestObject("Object Repository/Principal/Page_Olva Courier  Home/img_Qu deseas realizar hoy_img_paquete")): Object: 'Object Repository/Principal/Page_Olva Courier  Home/img_Qu deseas realizar hoy_img_paquete' is clicked on

27-11-2024T13:00:53 - [MESSAGE][PASSED] - Object: 'Object Repository/Principal/Page_Olva Courier  Home/img_Qu deseas realizar hoy_img_paquete' is clicked on

27-11-2024T13:00:53 - [TEST_STEP][PASSED] - click(findTestObject("Object Repository/Principal/Page_Olva Courier  Home/span_He ledo y acepto los_checkmark (1)")): Object: 'Object Repository/Principal/Page_Olva Courier  Home/span_He ledo y acepto los_checkmark (1)' is clicked on

27-11-2024T13:00:53 - [MESSAGE][PASSED] - Object: 'Object Repository/Principal/Page_Olva Courier  Home/span_He ledo y acepto los_checkmark (1)' is clicked on

27-11-2024T13:00:53 - [TEST_STEP][PASSED] - click(findTestObject("Object Repository/Principal/Page_Olva Courier  Home/button_CONTINUAR (1)")): Object: 'Object Repository/Principal/Page_Olva Courier  Home/button_CONTINUAR (1)' is clicked on

27-11-2024T13:00:55 - [MESSAGE][PASSED] - Object: 'Object Repository/Principal/Page_Olva Courier  Home/button_CONTINUAR (1)' is clicked on

27-11-2024T13:00:55 - [TEST_STEP][PASSED] - verifyElementPresent(findTestObject("Object Repository/Principal/Page_Olva Courier  Datos Personales/strong_REGISTRO DE ENVOS"), 0): Object 'Object Repository/Principal/Page_Olva Courier  Datos Personales/strong_REGISTRO DE ENVOS' is present

27-11-2024T13:00:55 - [MESSAGE][WARNING] - Timeout '0' is invalid. Using default page load timeout: '30'

27-11-2024T13:00:56 - [MESSAGE][PASSED] - Object 'Object Repository/Principal/Page_Olva Courier  Datos Personales/strong_REGISTRO DE ENVOS' is present

27-11-2024T13:00:56 - [TEST_STEP][PASSED] - verifyElementPresent(findTestObject("Object Repository/Principal/Page_Olva Courier  Datos Personales/span_Regresar (1)"), 0): Object 'Object Repository/Principal/Page_Olva Courier  Datos Personales/span_Regresar (1)' is present

27-11-2024T13:00:56 - [MESSAGE][WARNING] - Timeout '0' is invalid. Using default page load timeout: '30'

27-11-2024T13:00:56 - [MESSAGE][PASSED] - Object 'Object Repository/Principal/Page_Olva Courier  Datos Personales/span_Regresar (1)' is present

27-11-2024T13:00:56 - [TEST_STEP][PASSED] - verifyElementPresent(findTestObject("Object Repository/Principal/Page_Olva Courier  Datos Personales/span_Inicio (1)"), 0): Object 'Object Repository/Principal/Page_Olva Courier  Datos Personales/span_Inicio (1)' is present

27-11-2024T13:00:56 - [MESSAGE][WARNING] - Timeout '0' is invalid. Using default page load timeout: '30'

27-11-2024T13:00:56 - [MESSAGE][PASSED] - Object 'Object Repository/Principal/Page_Olva Courier  Datos Personales/span_Inicio (1)' is present

27-11-2024T13:00:56 - [MESSAGE][PASSED] - Call Test Case 'Test Cases/1.Inicio/1.1Principal/Selec_paquete' successfully

27-11-2024T13:00:56 - [TEST_STEP][PASSED] - callTestCase(findTestCase("1.Inicio/1.2Tipo_Doc/1.DNI"), [:], STOP_ON_FAILURE): Call Test Case 'Test Cases/1.Inicio/1.2Tipo_Doc/1.DNI' successfully

27-11-2024T13:00:56 - [TEST_CASE][PASSED] - Test Cases/1.Inicio/1.2Tipo_Doc/1.DNI: Test Cases/1.Inicio/1.2Tipo_Doc/1.DNI

27-11-2024T13:00:56 - [TEST_STEP][PASSED] - click(findTestObject("Object Repository/Login/Page_Olva Courier  Datos Personales/button_Tipo De Documento")): Object: 'Object Repository/Login/Page_Olva Courier  Datos Personales/button_Tipo De Documento' is clicked on

27-11-2024T13:00:57 - [MESSAGE][PASSED] - Object: 'Object Repository/Login/Page_Olva Courier  Datos Personales/button_Tipo De Documento' is clicked on

27-11-2024T13:00:57 - [TEST_STEP][PASSED] - click(findTestObject("Object Repository/Login/Page_Olva Courier  Datos Personales/a_DNI (Boleta)")): Object: 'Object Repository/Login/Page_Olva Courier  Datos Personales/a_DNI (Boleta)' is clicked on

27-11-2024T13:00:58 - [MESSAGE][PASSED] - Object: 'Object Repository/Login/Page_Olva Courier  Datos Personales/a_DNI (Boleta)' is clicked on

27-11-2024T13:00:58 - [TEST_STEP][PASSED] - setText(findTestObject("Object Repository/Login/Page_Olva Courier  Datos Personales/input_CARN EXT. (Boleta)_txt_documento_cliente"), "47190321"): Text '47190321' is set on object 'Object Repository/Login/Page_Olva Courier  Datos Personales/input_CARN EXT. (Boleta)_txt_documento_cliente'

27-11-2024T13:00:58 - [MESSAGE][PASSED] - Text '47190321' is set on object 'Object Repository/Login/Page_Olva Courier  Datos Personales/input_CARN EXT. (Boleta)_txt_documento_cliente'

27-11-2024T13:00:58 - [TEST_STEP][PASSED] - setText(findTestObject("Object Repository/Login/Page_Olva Courier  Datos Personales/input_CARN EXT. (Boleta)_txt_telefono_cliente"), "957378086"): Text '957378086' is set on object 'Object Repository/Login/Page_Olva Courier  Datos Personales/input_CARN EXT. (Boleta)_txt_telefono_cliente'

27-11-2024T13:01:06 - [MESSAGE][PASSED] - Text '957378086' is set on object 'Object Repository/Login/Page_Olva Courier  Datos Personales/input_CARN EXT. (Boleta)_txt_telefono_cliente'

27-11-2024T13:01:06 - [TEST_STEP][PASSED] - setText(findTestObject("Object Repository/Login/Page_Olva Courier  Datos Personales/input_Hola,_txt_email_cliente"), "riosalejosjs@gmail.com"): Text 'riosalejosjs@gmail.com' is set on object 'Object Repository/Login/Page_Olva Courier  Datos Personales/input_Hola,_txt_email_cliente'

27-11-2024T13:01:06 - [MESSAGE][PASSED] - Text 'riosalejosjs@gmail.com' is set on object 'Object Repository/Login/Page_Olva Courier  Datos Personales/input_Hola,_txt_email_cliente'

27-11-2024T13:01:06 - [MESSAGE][PASSED] - Call Test Case 'Test Cases/1.Inicio/1.2Tipo_Doc/1.DNI' successfully

27-11-2024T13:01:06 - [TEST_STEP][PASSED] - click(findTestObject("Object Repository/pago/Page_Olva Courier  Datos Personales/button_Seleccionar artculo")): Object: 'Object Repository/pago/Page_Olva Courier  Datos Personales/button_Seleccionar artculo' is clicked on

27-11-2024T13:01:07 - [MESSAGE][PASSED] - Object: 'Object Repository/pago/Page_Olva Courier  Datos Personales/button_Seleccionar artculo' is clicked on

27-11-2024T13:01:07 - [TEST_STEP][PASSED] - click(findTestObject("Object Repository/pago/Page_Olva Courier  Datos Personales/span_ACCESORIOS Y EQUIPOS ELECTRONICOS")): Object: 'Object Repository/pago/Page_Olva Courier  Datos Personales/span_ACCESORIOS Y EQUIPOS ELECTRONICOS' is clicked on

27-11-2024T13:01:07 - [MESSAGE][PASSED] - Object: 'Object Repository/pago/Page_Olva Courier  Datos Personales/span_ACCESORIOS Y EQUIPOS ELECTRONICOS' is clicked on

27-11-2024T13:01:07 - [TEST_STEP][PASSED] - setText(findTestObject("Object Repository/pago/Page_Olva Courier  Datos Personales/input_UTILES DE OFICINA_txt_paquete_articulo"), "VVVv"): Text 'VVVv' is set on object 'Object Repository/pago/Page_Olva Courier  Datos Personales/input_UTILES DE OFICINA_txt_paquete_articulo'

27-11-2024T13:01:08 - [MESSAGE][PASSED] - Text 'VVVv' is set on object 'Object Repository/pago/Page_Olva Courier  Datos Personales/input_UTILES DE OFICINA_txt_paquete_articulo'

27-11-2024T13:01:08 - [TEST_STEP][PASSED] - setText(findTestObject("Object Repository/pago/Page_Olva Courier  Datos Personales/input_UTILES DE OFICINA_txt_paquete_valor"), "20"): Text '20' is set on object 'Object Repository/pago/Page_Olva Courier  Datos Personales/input_UTILES DE OFICINA_txt_paquete_valor'

27-11-2024T13:01:08 - [MESSAGE][PASSED] - Text '20' is set on object 'Object Repository/pago/Page_Olva Courier  Datos Personales/input_UTILES DE OFICINA_txt_paquete_valor'

27-11-2024T13:01:08 - [TEST_STEP][PASSED] - scrollToElement(findTestObject("Object Repository/pago/Page_Olva Courier  Datos Personales/div_No encuentro el peso de mi envo"), 0): Scroll to object 'Object Repository/pago/Page_Olva Courier  Datos Personales/div_No encuentro el peso de mi envo' successfully

27-11-2024T13:01:08 - [MESSAGE][WARNING] - Timeout '0' is invalid. Using default page load timeout: '30'

27-11-2024T13:01:09 - [MESSAGE][PASSED] - Scroll to object 'Object Repository/pago/Page_Olva Courier  Datos Personales/div_No encuentro el peso de mi envo' successfully

27-11-2024T13:01:09 - [TEST_STEP][PASSED] - click(findTestObject("Object Repository/pago/Page_Olva Courier  Datos Personales/div_No encuentro el peso de mi envo")): Object: 'Object Repository/pago/Page_Olva Courier  Datos Personales/div_No encuentro el peso de mi envo' is clicked on

27-11-2024T13:01:09 - [MESSAGE][PASSED] - Object: 'Object Repository/pago/Page_Olva Courier  Datos Personales/div_No encuentro el peso de mi envo' is clicked on

27-11-2024T13:01:09 - [TEST_STEP][PASSED] - setText(findTestObject("Object Repository/pago/Page_Olva Courier  Datos Personales/input_Ancho (cm)_modal-input-ancho"), "14"): Text '14' is set on object 'Object Repository/pago/Page_Olva Courier  Datos Personales/input_Ancho (cm)_modal-input-ancho'

27-11-2024T13:01:10 - [MESSAGE][PASSED] - Text '14' is set on object 'Object Repository/pago/Page_Olva Courier  Datos Personales/input_Ancho (cm)_modal-input-ancho'

27-11-2024T13:01:10 - [TEST_STEP][PASSED] - setText(findTestObject("Object Repository/pago/Page_Olva Courier  Datos Personales/input_Largo (cm)_modal-input-largo"), "14"): Text '14' is set on object 'Object Repository/pago/Page_Olva Courier  Datos Personales/input_Largo (cm)_modal-input-largo'

27-11-2024T13:01:11 - [MESSAGE][PASSED] - Text '14' is set on object 'Object Repository/pago/Page_Olva Courier  Datos Personales/input_Largo (cm)_modal-input-largo'

27-11-2024T13:01:11 - [TEST_STEP][PASSED] - setText(findTestObject("Object Repository/pago/Page_Olva Courier  Datos Personales/input_Alto (cm)_modal-input-alto"), "14"): Text '14' is set on object 'Object Repository/pago/Page_Olva Courier  Datos Personales/input_Alto (cm)_modal-input-alto'

27-11-2024T13:01:12 - [MESSAGE][PASSED] - Text '14' is set on object 'Object Repository/pago/Page_Olva Courier  Datos Personales/input_Alto (cm)_modal-input-alto'

27-11-2024T13:01:12 - [TEST_STEP][PASSED] - setText(findTestObject("Object Repository/pago/Page_Olva Courier  Datos Personales/input_Peso (Kg)_modal-input-peso"), "7"): Text '7' is set on object 'Object Repository/pago/Page_Olva Courier  Datos Personales/input_Peso (Kg)_modal-input-peso'

27-11-2024T13:01:13 - [MESSAGE][PASSED] - Text '7' is set on object 'Object Repository/pago/Page_Olva Courier  Datos Personales/input_Peso (Kg)_modal-input-peso'

27-11-2024T13:01:13 - [TEST_STEP][PASSED] - click(findTestObject("Object Repository/pago/Page_Olva Courier  Datos Personales/div_CALCULAR")): Object: 'Object Repository/pago/Page_Olva Courier  Datos Personales/div_CALCULAR' is clicked on

27-11-2024T13:01:13 - [MESSAGE][PASSED] - Object: 'Object Repository/pago/Page_Olva Courier  Datos Personales/div_CALCULAR' is clicked on

27-11-2024T13:01:13 - [TEST_STEP][PASSED] - scrollToElement(findTestObject("Object Repository/Destinos/Page_Olva Courier  Datos Personales/button_LIMA (1)"), 0): Scroll to object 'Object Repository/Destinos/Page_Olva Courier  Datos Personales/button_LIMA (1)' successfully

27-11-2024T13:01:13 - [MESSAGE][WARNING] - Timeout '0' is invalid. Using default page load timeout: '30'

27-11-2024T13:01:14 - [MESSAGE][PASSED] - Scroll to object 'Object Repository/Destinos/Page_Olva Courier  Datos Personales/button_LIMA (1)' successfully

27-11-2024T13:01:14 - [TEST_STEP][PASSED] - click(findTestObject("Object Repository/Destinos/Page_Olva Courier  Datos Personales/button_LIMA (1)")): Object: 'Object Repository/Destinos/Page_Olva Courier  Datos Personales/button_LIMA (1)' is clicked on

27-11-2024T13:01:14 - [MESSAGE][PASSED] - Object: 'Object Repository/Destinos/Page_Olva Courier  Datos Personales/button_LIMA (1)' is clicked on

27-11-2024T13:01:14 - [TEST_STEP][PASSED] - click(findTestObject("Object Repository/Destinos/Page_Olva Courier  Datos Personales/a_ICA")): Object: 'Object Repository/Destinos/Page_Olva Courier  Datos Personales/a_ICA' is clicked on

27-11-2024T13:01:15 - [MESSAGE][PASSED] - Object: 'Object Repository/Destinos/Page_Olva Courier  Datos Personales/a_ICA' is clicked on

27-11-2024T13:01:15 - [TEST_STEP][PASSED] - click(findTestObject("Object Repository/Destinos/Page_Olva Courier  Datos Personales/button_ICA")): Object: 'Object Repository/Destinos/Page_Olva Courier  Datos Personales/button_ICA' is clicked on

27-11-2024T13:01:16 - [MESSAGE][PASSED] - Object: 'Object Repository/Destinos/Page_Olva Courier  Datos Personales/button_ICA' is clicked on

27-11-2024T13:01:16 - [TEST_STEP][PASSED] - click(findTestObject("Object Repository/pago/Page_Olva Courier  Datos Personales/span_Ingrese el punto de llegada")): Object: 'Object Repository/pago/Page_Olva Courier  Datos Personales/span_Ingrese el punto de llegada' is clicked on

27-11-2024T13:01:16 - [MESSAGE][PASSED] - Object: 'Object Repository/pago/Page_Olva Courier  Datos Personales/span_Ingrese el punto de llegada' is clicked on

27-11-2024T13:01:16 - [TEST_STEP][PASSED] - click(findTestObject("Object Repository/pago/Page_Olva Courier  Datos Personales/a_APURIMAC - GRAU - CHUQUIBAMBILLA")): Object: 'Object Repository/pago/Page_Olva Courier  Datos Personales/a_APURIMAC - GRAU - CHUQUIBAMBILLA' is clicked on

27-11-2024T13:01:17 - [MESSAGE][PASSED] - Object: 'Object Repository/pago/Page_Olva Courier  Datos Personales/a_APURIMAC - GRAU - CHUQUIBAMBILLA' is clicked on

27-11-2024T13:01:17 - [TEST_STEP][PASSED] - click(findTestObject("Object Repository/pago/Page_Olva Courier  Datos Personales/button_Tipo de entrega")): Object: 'Object Repository/pago/Page_Olva Courier  Datos Personales/button_Tipo de entrega' is clicked on

27-11-2024T13:01:17 - [MESSAGE][PASSED] - Object: 'Object Repository/pago/Page_Olva Courier  Datos Personales/button_Tipo de entrega' is clicked on

27-11-2024T13:01:17 - [TEST_STEP][PASSED] - click(findTestObject("Object Repository/pago/Page_Olva Courier  Datos Personales/a_Entrega a domicilio")): Object: 'Object Repository/pago/Page_Olva Courier  Datos Personales/a_Entrega a domicilio' is clicked on

27-11-2024T13:01:22 - [MESSAGE][PASSED] - Object: 'Object Repository/pago/Page_Olva Courier  Datos Personales/a_Entrega a domicilio' is clicked on

27-11-2024T13:01:22 - [TEST_STEP][PASSED] - click(findTestObject("Object Repository/pago/Page_Olva Courier  Datos Personales/span_Tipo De Documento")): Object: 'Object Repository/pago/Page_Olva Courier  Datos Personales/span_Tipo De Documento' is clicked on

27-11-2024T13:01:22 - [MESSAGE][PASSED] - Object: 'Object Repository/pago/Page_Olva Courier  Datos Personales/span_Tipo De Documento' is clicked on

27-11-2024T13:01:22 - [TEST_STEP][PASSED] - click(findTestObject("Object Repository/pago/Page_Olva Courier  Datos Personales/a_DNI")): Object: 'Object Repository/pago/Page_Olva Courier  Datos Personales/a_DNI' is clicked on

27-11-2024T13:01:23 - [MESSAGE][PASSED] - Object: 'Object Repository/pago/Page_Olva Courier  Datos Personales/a_DNI' is clicked on

27-11-2024T13:01:23 - [TEST_STEP][PASSED] - setText(findTestObject("Object Repository/pago/Page_Olva Courier  Datos Personales/input_CARN EXT_txt_consignado_dni"), "71735785"): Text '71735785' is set on object 'Object Repository/pago/Page_Olva Courier  Datos Personales/input_CARN EXT_txt_consignado_dni'

27-11-2024T13:01:23 - [MESSAGE][PASSED] - Text '71735785' is set on object 'Object Repository/pago/Page_Olva Courier  Datos Personales/input_CARN EXT_txt_consignado_dni'

27-11-2024T13:01:23 - [TEST_STEP][PASSED] - scrollToElement(findTestObject("Object Repository/pago/Page_Olva Courier  Datos Personales/button_CONTINUAR"), 0): Scroll to object 'Object Repository/pago/Page_Olva Courier  Datos Personales/button_CONTINUAR' successfully

27-11-2024T13:01:23 - [MESSAGE][WARNING] - Timeout '0' is invalid. Using default page load timeout: '30'

27-11-2024T13:01:25 - [MESSAGE][PASSED] - Scroll to object 'Object Repository/pago/Page_Olva Courier  Datos Personales/button_CONTINUAR' successfully

27-11-2024T13:01:25 - [TEST_STEP][PASSED] - click(findTestObject("Object Repository/pago/Page_Olva Courier  Datos Personales/button_CONTINUAR")): Object: 'Object Repository/pago/Page_Olva Courier  Datos Personales/button_CONTINUAR' is clicked on

27-11-2024T13:01:25 - [MESSAGE][PASSED] - Object: 'Object Repository/pago/Page_Olva Courier  Datos Personales/button_CONTINUAR' is clicked on

27-11-2024T13:01:25 - [TEST_STEP][PASSED] - scrollToElement(findTestObject("Object Repository/pago/Page_Olva Courier  Confirma tus datos/button_IR A PAGAR S 76.41"), 0): Scroll to object 'Object Repository/pago/Page_Olva Courier  Confirma tus datos/button_IR A PAGAR S 76.41' successfully

27-11-2024T13:01:25 - [MESSAGE][WARNING] - Timeout '0' is invalid. Using default page load timeout: '30'

27-11-2024T13:01:29 - [MESSAGE][PASSED] - Scroll to object 'Object Repository/pago/Page_Olva Courier  Confirma tus datos/button_IR A PAGAR S 76.41' successfully

27-11-2024T13:01:29 - [TEST_STEP][PASSED] - click(findTestObject("Object Repository/pago/Page_Olva Courier  Confirma tus datos/button_IR A PAGAR S 76.41")): Object: 'Object Repository/pago/Page_Olva Courier  Confirma tus datos/button_IR A PAGAR S 76.41' is clicked on

27-11-2024T13:01:30 - [MESSAGE][PASSED] - Object: 'Object Repository/pago/Page_Olva Courier  Confirma tus datos/button_IR A PAGAR S 76.41' is clicked on

27-11-2024T13:01:30 - [TEST_STEP][PASSED] - delay(3): Delayed 3 second(s)

27-11-2024T13:01:33 - [MESSAGE][PASSED] - Delayed 3 second(s)

27-11-2024T13:01:33 - [TEST_STEP][PASSED] - verifyElementPresent(findTestObject("Object Repository/pago/Page_Olva Courier  Medios de pago/button_PAGAR (1)"), 0): Object 'Object Repository/pago/Page_Olva Courier  Medios de pago/button_PAGAR (1)' is present

27-11-2024T13:01:33 - [MESSAGE][WARNING] - Timeout '0' is invalid. Using default page load timeout: '30'

27-11-2024T13:01:34 - [MESSAGE][PASSED] - Object 'Object Repository/pago/Page_Olva Courier  Medios de pago/button_PAGAR (1)' is present

27-11-2024T13:01:34 - [TEST_STEP][PASSED] - callTestCase(findTestCase("1.Inicio/1.3Pago_POS/Pago-exitoso"), [:], STOP_ON_FAILURE): Call Test Case 'Test Cases/1.Inicio/1.3Pago_POS/Pago-exitoso' successfully

27-11-2024T13:01:34 - [TEST_CASE][PASSED] - Test Cases/1.Inicio/1.3Pago_POS/Pago-exitoso: Test Cases/1.Inicio/1.3Pago_POS/Pago-exitoso

27-11-2024T13:01:34 - [TEST_STEP][PASSED] - verifyElementPresent(findTestObject("Object Repository/pago/Page_Olva Courier  Medios de pago/div_Pago con tarjeta de crdito, dbito y Yape"), 0): Object 'Object Repository/pago/Page_Olva Courier  Medios de pago/div_Pago con tarjeta de crdito, dbito y Yape' is present

27-11-2024T13:01:34 - [MESSAGE][WARNING] - Timeout '0' is invalid. Using default page load timeout: '30'

27-11-2024T13:01:34 - [MESSAGE][PASSED] - Object 'Object Repository/pago/Page_Olva Courier  Medios de pago/div_Pago con tarjeta de crdito, dbito y Yape' is present

27-11-2024T13:01:34 - [TEST_STEP][PASSED] - verifyElementPresent(findTestObject("Object Repository/pago/Page_Olva Courier  Medios de pago/td_S"), 0): Object 'Object Repository/pago/Page_Olva Courier  Medios de pago/td_S' is present

27-11-2024T13:01:34 - [MESSAGE][WARNING] - Timeout '0' is invalid. Using default page load timeout: '30'

27-11-2024T13:01:34 - [MESSAGE][PASSED] - Object 'Object Repository/pago/Page_Olva Courier  Medios de pago/td_S' is present

27-11-2024T13:01:34 - [TEST_STEP][PASSED] - delay(1): Delayed 1 second(s)

27-11-2024T13:01:35 - [MESSAGE][PASSED] - Delayed 1 second(s)

27-11-2024T13:01:35 - [TEST_STEP][PASSED] - scrollToElement(findTestObject("Object Repository/pago/Page_Olva Courier  Medios de pago/button_PAGAR"), 0): Scroll to object 'Object Repository/pago/Page_Olva Courier  Medios de pago/button_PAGAR' successfully

27-11-2024T13:01:35 - [MESSAGE][WARNING] - Timeout '0' is invalid. Using default page load timeout: '30'

27-11-2024T13:01:35 - [MESSAGE][PASSED] - Scroll to object 'Object Repository/pago/Page_Olva Courier  Medios de pago/button_PAGAR' successfully

27-11-2024T13:01:35 - [TEST_STEP][PASSED] - click(findTestObject("Object Repository/pago/Page_Olva Courier  Medios de pago/button_PAGAR")): Object: 'Object Repository/pago/Page_Olva Courier  Medios de pago/button_PAGAR' is clicked on

27-11-2024T13:01:36 - [MESSAGE][PASSED] - Object: 'Object Repository/pago/Page_Olva Courier  Medios de pago/button_PAGAR' is clicked on

27-11-2024T13:01:36 - [TEST_STEP][PASSED] - delay(2): Delayed 2 second(s)

27-11-2024T13:01:38 - [MESSAGE][PASSED] - Delayed 2 second(s)

27-11-2024T13:01:38 - [TEST_STEP][PASSED] - verifyElementText(findTestObject("Object Repository/pago/Page_Olva Courier  Pago Exitoso/div_Aprobado y completado con exito"), "Aprobado y completado con exito"): Actual text and expected text of test object 'Object Repository/pago/Page_Olva Courier  Pago Exitoso/div_Aprobado y completado con exito' are matched.

27-11-2024T13:01:38 - [MESSAGE][PASSED] - Actual text and expected text of test object 'Object Repository/pago/Page_Olva Courier  Pago Exitoso/div_Aprobado y completado con exito' are matched.

27-11-2024T13:01:38 - [TEST_STEP][PASSED] - verifyElementPresent(findTestObject("Object Repository/pago/Page_Olva Courier  Pago Exitoso/b_nroPreventa"), 0): Object 'Object Repository/pago/Page_Olva Courier  Pago Exitoso/b_nroPreventa' is present

27-11-2024T13:01:38 - [MESSAGE][WARNING] - Timeout '0' is invalid. Using default page load timeout: '30'

27-11-2024T13:01:38 - [MESSAGE][PASSED] - Object 'Object Repository/pago/Page_Olva Courier  Pago Exitoso/b_nroPreventa' is present

27-11-2024T13:01:38 - [MESSAGE][PASSED] - Call Test Case 'Test Cases/1.Inicio/1.3Pago_POS/Pago-exitoso' successfully]]></system-out>
         <system-err><![CDATA[]]></system-err>
      </testcase>
      <testcase name="Test Cases/2.Positivos/2.1Paquete/Origen-Provincia/3.Destino-D,DO,O/Restricción-O" time="33.349" classname="Test Cases/2.Positivos/2.1Paquete/Origen-Provincia/3.Destino-D,DO,O/Restricción-O" status="PASSED">
         <system-out><![CDATA[27-11-2024T13:01:38 - [TEST_CASE][PASSED] - Test Cases/2.Positivos/2.1Paquete/Origen-Provincia/3.Destino-D,DO,O/Restricción-O: Test Cases/2.Positivos/2.1Paquete/Origen-Provincia/3.Destino-D,DO,O/Restricción-O

27-11-2024T13:01:39 - [TEST_STEP][PASSED] - callTestCase(findTestCase("1.Inicio/1.1Principal/Principal-home"), [:], STOP_ON_FAILURE): Call Test Case 'Test Cases/1.Inicio/1.1Principal/Principal-home' successfully

27-11-2024T13:01:39 - [TEST_CASE][PASSED] - Test Cases/1.Inicio/1.1Principal/Principal-home: Test Cases/1.Inicio/1.1Principal/Principal-home

27-11-2024T13:01:39 - [TEST_STEP][PASSED] - openBrowser(""): Browser is opened with url: ''

27-11-2024T13:01:39 - [MESSAGE][WARNING] - A browser is already opened. Closing browser and opening a new one

27-11-2024T13:01:40 - [MESSAGE][INFO] - Starting 'Firefox' driver

27-11-2024T13:01:40 - [MESSAGE][INFO] - Action delay is set to 0 milliseconds

27-11-2024T13:01:46 - [MESSAGE][PASSED] - Browser is opened with url: ''

27-11-2024T13:01:46 - [TEST_STEP][PASSED] - navigateToUrl("https://dev01-registrodeenvios.olvacourier.com/principal"): Navigate to 'https://dev01-registrodeenvios.olvacourier.com/principal' successfully

27-11-2024T13:01:47 - [MESSAGE][PASSED] - Navigate to 'https://dev01-registrodeenvios.olvacourier.com/principal' successfully

27-11-2024T13:01:47 - [TEST_STEP][PASSED] - maximizeWindow(): Current window maximized

27-11-2024T13:01:47 - [MESSAGE][PASSED] - Current window maximized

27-11-2024T13:01:47 - [MESSAGE][PASSED] - Call Test Case 'Test Cases/1.Inicio/1.1Principal/Principal-home' successfully

27-11-2024T13:01:47 - [TEST_STEP][PASSED] - callTestCase(findTestCase("1.Inicio/1.1Principal/Selec_paquete"), [:], STOP_ON_FAILURE): Call Test Case 'Test Cases/1.Inicio/1.1Principal/Selec_paquete' successfully

27-11-2024T13:01:47 - [TEST_CASE][PASSED] - Test Cases/1.Inicio/1.1Principal/Selec_paquete: Test Cases/1.Inicio/1.1Principal/Selec_paquete

27-11-2024T13:01:47 - [TEST_STEP][PASSED] - click(findTestObject("Object Repository/Principal/Page_Olva Courier  Home/img_Qu deseas realizar hoy_img_paquete")): Object: 'Object Repository/Principal/Page_Olva Courier  Home/img_Qu deseas realizar hoy_img_paquete' is clicked on

27-11-2024T13:01:48 - [MESSAGE][PASSED] - Object: 'Object Repository/Principal/Page_Olva Courier  Home/img_Qu deseas realizar hoy_img_paquete' is clicked on

27-11-2024T13:01:48 - [TEST_STEP][PASSED] - click(findTestObject("Object Repository/Principal/Page_Olva Courier  Home/span_He ledo y acepto los_checkmark (1)")): Object: 'Object Repository/Principal/Page_Olva Courier  Home/span_He ledo y acepto los_checkmark (1)' is clicked on

27-11-2024T13:01:48 - [MESSAGE][PASSED] - Object: 'Object Repository/Principal/Page_Olva Courier  Home/span_He ledo y acepto los_checkmark (1)' is clicked on

27-11-2024T13:01:48 - [TEST_STEP][PASSED] - click(findTestObject("Object Repository/Principal/Page_Olva Courier  Home/button_CONTINUAR (1)")): Object: 'Object Repository/Principal/Page_Olva Courier  Home/button_CONTINUAR (1)' is clicked on

27-11-2024T13:01:50 - [MESSAGE][PASSED] - Object: 'Object Repository/Principal/Page_Olva Courier  Home/button_CONTINUAR (1)' is clicked on

27-11-2024T13:01:50 - [TEST_STEP][PASSED] - verifyElementPresent(findTestObject("Object Repository/Principal/Page_Olva Courier  Datos Personales/strong_REGISTRO DE ENVOS"), 0): Object 'Object Repository/Principal/Page_Olva Courier  Datos Personales/strong_REGISTRO DE ENVOS' is present

27-11-2024T13:01:50 - [MESSAGE][WARNING] - Timeout '0' is invalid. Using default page load timeout: '30'

27-11-2024T13:01:50 - [MESSAGE][PASSED] - Object 'Object Repository/Principal/Page_Olva Courier  Datos Personales/strong_REGISTRO DE ENVOS' is present

27-11-2024T13:01:50 - [TEST_STEP][PASSED] - verifyElementPresent(findTestObject("Object Repository/Principal/Page_Olva Courier  Datos Personales/span_Regresar (1)"), 0): Object 'Object Repository/Principal/Page_Olva Courier  Datos Personales/span_Regresar (1)' is present

27-11-2024T13:01:50 - [MESSAGE][WARNING] - Timeout '0' is invalid. Using default page load timeout: '30'

27-11-2024T13:01:51 - [MESSAGE][PASSED] - Object 'Object Repository/Principal/Page_Olva Courier  Datos Personales/span_Regresar (1)' is present

27-11-2024T13:01:51 - [TEST_STEP][PASSED] - verifyElementPresent(findTestObject("Object Repository/Principal/Page_Olva Courier  Datos Personales/span_Inicio (1)"), 0): Object 'Object Repository/Principal/Page_Olva Courier  Datos Personales/span_Inicio (1)' is present

27-11-2024T13:01:51 - [MESSAGE][WARNING] - Timeout '0' is invalid. Using default page load timeout: '30'

27-11-2024T13:01:51 - [MESSAGE][PASSED] - Object 'Object Repository/Principal/Page_Olva Courier  Datos Personales/span_Inicio (1)' is present

27-11-2024T13:01:51 - [MESSAGE][PASSED] - Call Test Case 'Test Cases/1.Inicio/1.1Principal/Selec_paquete' successfully

27-11-2024T13:01:51 - [TEST_STEP][PASSED] - callTestCase(findTestCase("1.Inicio/1.2Tipo_Doc/1.DNI"), [:], STOP_ON_FAILURE): Call Test Case 'Test Cases/1.Inicio/1.2Tipo_Doc/1.DNI' successfully

27-11-2024T13:01:51 - [TEST_CASE][PASSED] - Test Cases/1.Inicio/1.2Tipo_Doc/1.DNI: Test Cases/1.Inicio/1.2Tipo_Doc/1.DNI

27-11-2024T13:01:51 - [TEST_STEP][PASSED] - click(findTestObject("Object Repository/Login/Page_Olva Courier  Datos Personales/button_Tipo De Documento")): Object: 'Object Repository/Login/Page_Olva Courier  Datos Personales/button_Tipo De Documento' is clicked on

27-11-2024T13:01:52 - [MESSAGE][PASSED] - Object: 'Object Repository/Login/Page_Olva Courier  Datos Personales/button_Tipo De Documento' is clicked on

27-11-2024T13:01:52 - [TEST_STEP][PASSED] - click(findTestObject("Object Repository/Login/Page_Olva Courier  Datos Personales/a_DNI (Boleta)")): Object: 'Object Repository/Login/Page_Olva Courier  Datos Personales/a_DNI (Boleta)' is clicked on

27-11-2024T13:01:52 - [MESSAGE][PASSED] - Object: 'Object Repository/Login/Page_Olva Courier  Datos Personales/a_DNI (Boleta)' is clicked on

27-11-2024T13:01:52 - [TEST_STEP][PASSED] - setText(findTestObject("Object Repository/Login/Page_Olva Courier  Datos Personales/input_CARN EXT. (Boleta)_txt_documento_cliente"), "47190321"): Text '47190321' is set on object 'Object Repository/Login/Page_Olva Courier  Datos Personales/input_CARN EXT. (Boleta)_txt_documento_cliente'

27-11-2024T13:01:53 - [MESSAGE][PASSED] - Text '47190321' is set on object 'Object Repository/Login/Page_Olva Courier  Datos Personales/input_CARN EXT. (Boleta)_txt_documento_cliente'

27-11-2024T13:01:53 - [TEST_STEP][PASSED] - setText(findTestObject("Object Repository/Login/Page_Olva Courier  Datos Personales/input_CARN EXT. (Boleta)_txt_telefono_cliente"), "957378086"): Text '957378086' is set on object 'Object Repository/Login/Page_Olva Courier  Datos Personales/input_CARN EXT. (Boleta)_txt_telefono_cliente'

27-11-2024T13:01:58 - [MESSAGE][PASSED] - Text '957378086' is set on object 'Object Repository/Login/Page_Olva Courier  Datos Personales/input_CARN EXT. (Boleta)_txt_telefono_cliente'

27-11-2024T13:01:58 - [TEST_STEP][PASSED] - setText(findTestObject("Object Repository/Login/Page_Olva Courier  Datos Personales/input_Hola,_txt_email_cliente"), "riosalejosjs@gmail.com"): Text 'riosalejosjs@gmail.com' is set on object 'Object Repository/Login/Page_Olva Courier  Datos Personales/input_Hola,_txt_email_cliente'

27-11-2024T13:01:58 - [MESSAGE][PASSED] - Text 'riosalejosjs@gmail.com' is set on object 'Object Repository/Login/Page_Olva Courier  Datos Personales/input_Hola,_txt_email_cliente'

27-11-2024T13:01:58 - [MESSAGE][PASSED] - Call Test Case 'Test Cases/1.Inicio/1.2Tipo_Doc/1.DNI' successfully

27-11-2024T13:01:58 - [TEST_STEP][PASSED] - click(findTestObject("Object Repository/Positivos/Page_Olva Courier  Datos Personales/button_Seleccionar artculo")): Object: 'Object Repository/Positivos/Page_Olva Courier  Datos Personales/button_Seleccionar artculo' is clicked on

27-11-2024T13:01:59 - [MESSAGE][PASSED] - Object: 'Object Repository/Positivos/Page_Olva Courier  Datos Personales/button_Seleccionar artculo' is clicked on

27-11-2024T13:01:59 - [TEST_STEP][PASSED] - click(findTestObject("Object Repository/Positivos/Page_Olva Courier  Datos Personales/a_ACCESORIOS PARA FIESTAS")): Object: 'Object Repository/Positivos/Page_Olva Courier  Datos Personales/a_ACCESORIOS PARA FIESTAS' is clicked on

27-11-2024T13:01:59 - [MESSAGE][PASSED] - Object: 'Object Repository/Positivos/Page_Olva Courier  Datos Personales/a_ACCESORIOS PARA FIESTAS' is clicked on

27-11-2024T13:01:59 - [TEST_STEP][PASSED] - setText(findTestObject("Object Repository/Positivos/Page_Olva Courier  Datos Personales/input_UTILES DE OFICINA_txt_paquete_articulo (1)"), "DFdf"): Text 'DFdf' is set on object 'Object Repository/Positivos/Page_Olva Courier  Datos Personales/input_UTILES DE OFICINA_txt_paquete_articulo (1)'

27-11-2024T13:01:59 - [MESSAGE][PASSED] - Text 'DFdf' is set on object 'Object Repository/Positivos/Page_Olva Courier  Datos Personales/input_UTILES DE OFICINA_txt_paquete_articulo (1)'

27-11-2024T13:01:59 - [TEST_STEP][PASSED] - setText(findTestObject("Object Repository/Positivos/Page_Olva Courier  Datos Personales/input_UTILES DE OFICINA_txt_paquete_valor (1)"), "25"): Text '25' is set on object 'Object Repository/Positivos/Page_Olva Courier  Datos Personales/input_UTILES DE OFICINA_txt_paquete_valor (1)'

27-11-2024T13:02:00 - [MESSAGE][PASSED] - Text '25' is set on object 'Object Repository/Positivos/Page_Olva Courier  Datos Personales/input_UTILES DE OFICINA_txt_paquete_valor (1)'

27-11-2024T13:02:00 - [TEST_STEP][PASSED] - click(findTestObject("Object Repository/Positivos/Page_Olva Courier  Datos Personales/div_Hasta 2Kg (1)")): Object: 'Object Repository/Positivos/Page_Olva Courier  Datos Personales/div_Hasta 2Kg (1)' is clicked on

27-11-2024T13:02:01 - [MESSAGE][PASSED] - Object: 'Object Repository/Positivos/Page_Olva Courier  Datos Personales/div_Hasta 2Kg (1)' is clicked on

27-11-2024T13:02:01 - [TEST_STEP][PASSED] - scrollToElement(findTestObject("Object Repository/Destinos/Page_Olva Courier  Datos Personales/button_LIMA (1)"), 0): Scroll to object 'Object Repository/Destinos/Page_Olva Courier  Datos Personales/button_LIMA (1)' successfully

27-11-2024T13:02:01 - [MESSAGE][WARNING] - Timeout '0' is invalid. Using default page load timeout: '30'

27-11-2024T13:02:01 - [MESSAGE][PASSED] - Scroll to object 'Object Repository/Destinos/Page_Olva Courier  Datos Personales/button_LIMA (1)' successfully

27-11-2024T13:02:01 - [TEST_STEP][PASSED] - click(findTestObject("Object Repository/Destinos/Page_Olva Courier  Datos Personales/button_LIMA (1)")): Object: 'Object Repository/Destinos/Page_Olva Courier  Datos Personales/button_LIMA (1)' is clicked on

27-11-2024T13:02:02 - [MESSAGE][PASSED] - Object: 'Object Repository/Destinos/Page_Olva Courier  Datos Personales/button_LIMA (1)' is clicked on

27-11-2024T13:02:02 - [TEST_STEP][PASSED] - click(findTestObject("Object Repository/Destinos/Page_Olva Courier  Datos Personales/a_TRUJILLO")): Object: 'Object Repository/Destinos/Page_Olva Courier  Datos Personales/a_TRUJILLO' is clicked on

27-11-2024T13:02:02 - [MESSAGE][PASSED] - Object: 'Object Repository/Destinos/Page_Olva Courier  Datos Personales/a_TRUJILLO' is clicked on

27-11-2024T13:02:02 - [TEST_STEP][PASSED] - click(findTestObject("Object Repository/Destinos/Page_Olva Courier  Datos Personales/button_TRUJILLO")): Object: 'Object Repository/Destinos/Page_Olva Courier  Datos Personales/button_TRUJILLO' is clicked on

27-11-2024T13:02:05 - [MESSAGE][PASSED] - Object: 'Object Repository/Destinos/Page_Olva Courier  Datos Personales/button_TRUJILLO' is clicked on

27-11-2024T13:02:05 - [TEST_STEP][PASSED] - click(findTestObject("Object Repository/Positivos/Page_Olva Courier  Datos Personales/button_Ingrese el punto de llegada (1)")): Object: 'Object Repository/Positivos/Page_Olva Courier  Datos Personales/button_Ingrese el punto de llegada (1)' is clicked on

27-11-2024T13:02:06 - [MESSAGE][PASSED] - Object: 'Object Repository/Positivos/Page_Olva Courier  Datos Personales/button_Ingrese el punto de llegada (1)' is clicked on

27-11-2024T13:02:06 - [TEST_STEP][PASSED] - click(findTestObject("Object Repository/Positivos/Page_Olva Courier  Datos Personales/a_AMAZONAS - BAGUA - EL PARCO")): Object: 'Object Repository/Positivos/Page_Olva Courier  Datos Personales/a_AMAZONAS - BAGUA - EL PARCO' is clicked on

27-11-2024T13:02:10 - [MESSAGE][PASSED] - Object: 'Object Repository/Positivos/Page_Olva Courier  Datos Personales/a_AMAZONAS - BAGUA - EL PARCO' is clicked on

27-11-2024T13:02:10 - [TEST_STEP][PASSED] - click(findTestObject("Object Repository/Positivos/Page_Olva Courier  Datos Personales/button_Entrega a domicilio")): Object: 'Object Repository/Positivos/Page_Olva Courier  Datos Personales/button_Entrega a domicilio' is clicked on

27-11-2024T13:02:11 - [MESSAGE][PASSED] - Object: 'Object Repository/Positivos/Page_Olva Courier  Datos Personales/button_Entrega a domicilio' is clicked on

27-11-2024T13:02:11 - [TEST_STEP][PASSED] - click(findTestObject("Object Repository/Positivos/Page_Olva Courier  Datos Personales/a_Recojo en tienda (1)")): Object: 'Object Repository/Positivos/Page_Olva Courier  Datos Personales/a_Recojo en tienda (1)' is clicked on

27-11-2024T13:02:11 - [MESSAGE][PASSED] - Object: 'Object Repository/Positivos/Page_Olva Courier  Datos Personales/a_Recojo en tienda (1)' is clicked on

27-11-2024T13:02:11 - [TEST_STEP][PASSED] - verifyElementText(findTestObject("Object Repository/Positivos/Page_Olva Courier  Datos Personales/p_No se encontr oficinas en el destino sele_1183e7"), "No se encontró oficinas en el destino seleccionado."): Actual text and expected text of test object 'Object Repository/Positivos/Page_Olva Courier  Datos Personales/p_No se encontr oficinas en el destino sele_1183e7' are matched.

27-11-2024T13:02:11 - [MESSAGE][PASSED] - Actual text and expected text of test object 'Object Repository/Positivos/Page_Olva Courier  Datos Personales/p_No se encontr oficinas en el destino sele_1183e7' are matched.

27-11-2024T13:02:11 - [TEST_STEP][PASSED] - click(findTestObject("Object Repository/Positivos/Page_Olva Courier  Datos Personales/button_Aceptar")): Object: 'Object Repository/Positivos/Page_Olva Courier  Datos Personales/button_Aceptar' is clicked on

27-11-2024T13:02:12 - [MESSAGE][PASSED] - Object: 'Object Repository/Positivos/Page_Olva Courier  Datos Personales/button_Aceptar' is clicked on]]></system-out>
         <system-err><![CDATA[]]></system-err>
      </testcase>
      <testcase name="Test Cases/2.Positivos/2.1Paquete/Origen-Provincia/3.Destino-D,DO,O/Destino-O" time="62.012" classname="Test Cases/2.Positivos/2.1Paquete/Origen-Provincia/3.Destino-D,DO,O/Destino-O" status="FAILED">
         <failure type="FAILED" message="Test Cases/2.Positivos/2.1Paquete/Origen-Provincia/3.Destino-D,DO,O/Destino-O FAILED.&#xa;Reason:&#xa;com.kms.katalon.core.exception.StepFailedException: Unable to click on object 'Object Repository/Destinos/Page_Olva Courier  Datos Personales/button_LIMA (1)'&#xa;	at com.kms.katalon.core.webui.keyword.internal.WebUIKeywordMain.stepFailed(WebUIKeywordMain.groovy:117)&#xa;	at com.kms.katalon.core.webui.keyword.internal.WebUIKeywordMain.runKeyword(WebUIKeywordMain.groovy:43)&#xa;	at com.kms.katalon.core.webui.keyword.builtin.ClickKeyword.click(ClickKeyword.groovy:74)&#xa;	at com.kms.katalon.core.webui.keyword.builtin.ClickKeyword.execute(ClickKeyword.groovy:40)&#xa;	at com.kms.katalon.core.keyword.internal.KeywordExecutor.executeKeywordForPlatform(KeywordExecutor.groovy:74)&#xa;	at com.kms.katalon.core.webui.keyword.WebUiBuiltInKeywords.click(WebUiBuiltInKeywords.groovy:659)&#xa;	at Destino-O.run(Destino-O:38)&#xa;	at com.kms.katalon.core.main.ScriptEngine.run(ScriptEngine.java:194)&#xa;	at com.kms.katalon.core.main.ScriptEngine.runScriptAsRawText(ScriptEngine.java:119)&#xa;	at com.kms.katalon.core.main.TestCaseExecutor.runScript(TestCaseExecutor.java:448)&#xa;	at com.kms.katalon.core.main.TestCaseExecutor.doExecute(TestCaseExecutor.java:439)&#xa;	at com.kms.katalon.core.main.TestCaseExecutor.processExecutionPhase(TestCaseExecutor.java:418)&#xa;	at com.kms.katalon.core.main.TestCaseExecutor.accessMainPhase(TestCaseExecutor.java:410)&#xa;	at com.kms.katalon.core.main.TestCaseExecutor.execute(TestCaseExecutor.java:285)&#xa;	at com.kms.katalon.core.common.CommonExecutor.accessTestCaseMainPhase(CommonExecutor.java:65)&#xa;	at com.kms.katalon.core.main.TestSuiteExecutor.accessTestSuiteMainPhase(TestSuiteExecutor.java:150)&#xa;	at com.kms.katalon.core.main.TestSuiteExecutor.execute(TestSuiteExecutor.java:106)&#xa;	at com.kms.katalon.core.main.TestCaseMain.startTestSuite(TestCaseMain.java:180)&#xa;	at TempTestSuite1732729948317.run(TempTestSuite1732729948317.groovy:35)&#xa;	at java.base/jdk.internal.reflect.NativeMethodAccessorImpl.invoke0(Native Method)&#xa;	at java.base/jdk.internal.reflect.NativeMethodAccessorImpl.invoke(NativeMethodAccessorImpl.java:77)&#xa;	at java.base/jdk.internal.reflect.DelegatingMethodAccessorImpl.invoke(DelegatingMethodAccessorImpl.java:43)&#xa;Caused by: org.openqa.selenium.ElementClickInterceptedException: Element &lt;button class=&quot;btn dropdown-toggle form-control selectpicker btn-default&quot; type=&quot;button&quot;> is not clickable at point (455,613) because another element &lt;p> obscures it&#xa;Build info: version: '3.141.59', revision: 'unknown', time: 'unknown'&#xa;System info: host: 'DESKTOP-RGFFP9A', ip: '10.136.10.6', os.name: 'Windows 11', os.arch: 'amd64', os.version: '10.0', java.version: '17.0.7'&#xa;Driver info: com.kms.katalon.core.webui.driver.firefox.CGeckoDriver&#xa;Capabilities {acceptInsecureCerts: true, browserName: firefox, browserVersion: 133.0, javascriptEnabled: true, moz:accessibilityChecks: false, moz:buildID: 20241121140525, moz:geckodriverVersion: 0.35.0, moz:headless: false, moz:platformVersion: 10.0, moz:processID: 38488, moz:profile: C:\Users\OLVATI\AppData\Loc..., moz:shutdownTimeout: 60000, moz:webdriverClick: true, moz:windowless: false, pageLoadStrategy: normal, platform: WINDOWS, platformName: WINDOWS, proxy: Proxy(direct), setWindowRect: true, strictFileInteractability: false, timeouts: {implicit: 0, pageLoad: 300000, script: 30000}, unhandledPromptBehavior: dismiss and notify, userAgent: Mozilla/5.0 (Windows NT 10....}&#xa;Session ID: addcbe9d-03e7-4750-9be2-ca568f1196a3&#xa;	at jdk.internal.reflect.GeneratedConstructorAccessor32.newInstance(Unknown Source)&#xa;	at java.base/jdk.internal.reflect.DelegatingConstructorAccessorImpl.newInstance(DelegatingConstructorAccessorImpl.java:45)&#xa;	at org.openqa.selenium.remote.http.W3CHttpResponseCodec.createException(W3CHttpResponseCodec.java:187)&#xa;	at org.openqa.selenium.remote.http.W3CHttpResponseCodec.decode(W3CHttpResponseCodec.java:122)&#xa;	at org.openqa.selenium.remote.http.W3CHttpResponseCodec.decode(W3CHttpResponseCodec.java:49)&#xa;	at org.openqa.selenium.remote.HttpCommandExecutor.execute(HttpCommandExecutor.java:158)&#xa;	at org.openqa.selenium.remote.service.DriverCommandExecutor.execute(DriverCommandExecutor.java:83)&#xa;	at org.openqa.selenium.remote.RemoteWebDriver.execute(RemoteWebDriver.java:552)&#xa;	at com.kms.katalon.selenium.driver.CFirefoxDriver.execute(CFirefoxDriver.java:28)&#xa;	at org.openqa.selenium.remote.RemoteWebElement.execute(RemoteWebElement.java:285)&#xa;	at org.openqa.selenium.remote.RemoteWebElement.click(RemoteWebElement.java:84)&#xa;	at jdk.internal.reflect.GeneratedMethodAccessor10.invoke(Unknown Source)&#xa;	at java.base/jdk.internal.reflect.DelegatingMethodAccessorImpl.invoke(DelegatingMethodAccessorImpl.java:43)&#xa;	at org.openqa.selenium.support.events.EventFiringWebDriver$EventFiringWebElement.lambda$new$0(EventFiringWebDriver.java:404)&#xa;	at jdk.proxy2/jdk.proxy2.$Proxy21.click(Unknown Source)&#xa;	at org.openqa.selenium.support.events.EventFiringWebDriver$EventFiringWebElement.click(EventFiringWebDriver.java:417)&#xa;	at org.openqa.selenium.WebElement$click.call(Unknown Source)&#xa;	at com.kms.katalon.core.webui.keyword.builtin.ClickKeyword.clickUntilSuccessWithTimeout(ClickKeyword.groovy:81)&#xa;	at com.kms.katalon.core.webui.keyword.builtin.ClickKeyword.clickUntilSuccessWithTimeout(ClickKeyword.groovy)&#xa;	at jdk.internal.reflect.GeneratedMethodAccessor8.invoke(Unknown Source)&#xa;	at java.base/jdk.internal.reflect.DelegatingMethodAccessorImpl.invoke(DelegatingMethodAccessorImpl.java:43)&#xa;	at com.kms.katalon.core.webui.keyword.builtin.ClickKeyword$_click_closure1.doCall(ClickKeyword.groovy:67)&#xa;	at com.kms.katalon.core.webui.keyword.builtin.ClickKeyword$_click_closure1.call(ClickKeyword.groovy)&#xa;	at com.kms.katalon.core.webui.keyword.internal.WebUIKeywordMain.runKeyword(WebUIKeywordMain.groovy:35)&#xa;	... 20 more&#xa;"/>
         <system-out><![CDATA[27-11-2024T13:02:12 - [TEST_CASE][FAILED] - Test Cases/2.Positivos/2.1Paquete/Origen-Provincia/3.Destino-D,DO,O/Destino-O: Test Cases/2.Positivos/2.1Paquete/Origen-Provincia/3.Destino-D,DO,O/Destino-O FAILED.
Reason:
com.kms.katalon.core.exception.StepFailedException: Unable to click on object 'Object Repository/Destinos/Page_Olva Courier  Datos Personales/button_LIMA (1)'
	at com.kms.katalon.core.webui.keyword.internal.WebUIKeywordMain.stepFailed(WebUIKeywordMain.groovy:117)
	at com.kms.katalon.core.webui.keyword.internal.WebUIKeywordMain.runKeyword(WebUIKeywordMain.groovy:43)
	at com.kms.katalon.core.webui.keyword.builtin.ClickKeyword.click(ClickKeyword.groovy:74)
	at com.kms.katalon.core.webui.keyword.builtin.ClickKeyword.execute(ClickKeyword.groovy:40)
	at com.kms.katalon.core.keyword.internal.KeywordExecutor.executeKeywordForPlatform(KeywordExecutor.groovy:74)
	at com.kms.katalon.core.webui.keyword.WebUiBuiltInKeywords.click(WebUiBuiltInKeywords.groovy:659)
	at Destino-O.run(Destino-O:38)
	at com.kms.katalon.core.main.ScriptEngine.run(ScriptEngine.java:194)
	at com.kms.katalon.core.main.ScriptEngine.runScriptAsRawText(ScriptEngine.java:119)
	at com.kms.katalon.core.main.TestCaseExecutor.runScript(TestCaseExecutor.java:448)
	at com.kms.katalon.core.main.TestCaseExecutor.doExecute(TestCaseExecutor.java:439)
	at com.kms.katalon.core.main.TestCaseExecutor.processExecutionPhase(TestCaseExecutor.java:418)
	at com.kms.katalon.core.main.TestCaseExecutor.accessMainPhase(TestCaseExecutor.java:410)
	at com.kms.katalon.core.main.TestCaseExecutor.execute(TestCaseExecutor.java:285)
	at com.kms.katalon.core.common.CommonExecutor.accessTestCaseMainPhase(CommonExecutor.java:65)
	at com.kms.katalon.core.main.TestSuiteExecutor.accessTestSuiteMainPhase(TestSuiteExecutor.java:150)
	at com.kms.katalon.core.main.TestSuiteExecutor.execute(TestSuiteExecutor.java:106)
	at com.kms.katalon.core.main.TestCaseMain.startTestSuite(TestCaseMain.java:180)
	at TempTestSuite1732729948317.run(TempTestSuite1732729948317.groovy:35)
	at java.base/jdk.internal.reflect.NativeMethodAccessorImpl.invoke0(Native Method)
	at java.base/jdk.internal.reflect.NativeMethodAccessorImpl.invoke(NativeMethodAccessorImpl.java:77)
	at java.base/jdk.internal.reflect.DelegatingMethodAccessorImpl.invoke(DelegatingMethodAccessorImpl.java:43)
Caused by: org.openqa.selenium.ElementClickInterceptedException: Element <button class="btn dropdown-toggle form-control selectpicker btn-default" type="button"> is not clickable at point (455,613) because another element <p> obscures it
Build info: version: '3.141.59', revision: 'unknown', time: 'unknown'
System info: host: 'DESKTOP-RGFFP9A', ip: '10.136.10.6', os.name: 'Windows 11', os.arch: 'amd64', os.version: '10.0', java.version: '17.0.7'
Driver info: com.kms.katalon.core.webui.driver.firefox.CGeckoDriver
Capabilities {acceptInsecureCerts: true, browserName: firefox, browserVersion: 133.0, javascriptEnabled: true, moz:accessibilityChecks: false, moz:buildID: 20241121140525, moz:geckodriverVersion: 0.35.0, moz:headless: false, moz:platformVersion: 10.0, moz:processID: 38488, moz:profile: C:\Users\OLVATI\AppData\Loc..., moz:shutdownTimeout: 60000, moz:webdriverClick: true, moz:windowless: false, pageLoadStrategy: normal, platform: WINDOWS, platformName: WINDOWS, proxy: Proxy(direct), setWindowRect: true, strictFileInteractability: false, timeouts: {implicit: 0, pageLoad: 300000, script: 30000}, unhandledPromptBehavior: dismiss and notify, userAgent: Mozilla/5.0 (Windows NT 10....}
Session ID: addcbe9d-03e7-4750-9be2-ca568f1196a3
	at jdk.internal.reflect.GeneratedConstructorAccessor32.newInstance(Unknown Source)
	at java.base/jdk.internal.reflect.DelegatingConstructorAccessorImpl.newInstance(DelegatingConstructorAccessorImpl.java:45)
	at org.openqa.selenium.remote.http.W3CHttpResponseCodec.createException(W3CHttpResponseCodec.java:187)
	at org.openqa.selenium.remote.http.W3CHttpResponseCodec.decode(W3CHttpResponseCodec.java:122)
	at org.openqa.selenium.remote.http.W3CHttpResponseCodec.decode(W3CHttpResponseCodec.java:49)
	at org.openqa.selenium.remote.HttpCommandExecutor.execute(HttpCommandExecutor.java:158)
	at org.openqa.selenium.remote.service.DriverCommandExecutor.execute(DriverCommandExecutor.java:83)
	at org.openqa.selenium.remote.RemoteWebDriver.execute(RemoteWebDriver.java:552)
	at com.kms.katalon.selenium.driver.CFirefoxDriver.execute(CFirefoxDriver.java:28)
	at org.openqa.selenium.remote.RemoteWebElement.execute(RemoteWebElement.java:285)
	at org.openqa.selenium.remote.RemoteWebElement.click(RemoteWebElement.java:84)
	at jdk.internal.reflect.GeneratedMethodAccessor10.invoke(Unknown Source)
	at java.base/jdk.internal.reflect.DelegatingMethodAccessorImpl.invoke(DelegatingMethodAccessorImpl.java:43)
	at org.openqa.selenium.support.events.EventFiringWebDriver$EventFiringWebElement.lambda$new$0(EventFiringWebDriver.java:404)
	at jdk.proxy2/jdk.proxy2.$Proxy21.click(Unknown Source)
	at org.openqa.selenium.support.events.EventFiringWebDriver$EventFiringWebElement.click(EventFiringWebDriver.java:417)
	at org.openqa.selenium.WebElement$click.call(Unknown Source)
	at com.kms.katalon.core.webui.keyword.builtin.ClickKeyword.clickUntilSuccessWithTimeout(ClickKeyword.groovy:81)
	at com.kms.katalon.core.webui.keyword.builtin.ClickKeyword.clickUntilSuccessWithTimeout(ClickKeyword.groovy)
	at jdk.internal.reflect.GeneratedMethodAccessor8.invoke(Unknown Source)
	at java.base/jdk.internal.reflect.DelegatingMethodAccessorImpl.invoke(DelegatingMethodAccessorImpl.java:43)
	at com.kms.katalon.core.webui.keyword.builtin.ClickKeyword$_click_closure1.doCall(ClickKeyword.groovy:67)
	at com.kms.katalon.core.webui.keyword.builtin.ClickKeyword$_click_closure1.call(ClickKeyword.groovy)
	at com.kms.katalon.core.webui.keyword.internal.WebUIKeywordMain.runKeyword(WebUIKeywordMain.groovy:35)
	... 20 more


27-11-2024T13:02:12 - [TEST_STEP][PASSED] - callTestCase(findTestCase("1.Inicio/1.1Principal/Principal-home"), [:], STOP_ON_FAILURE): Call Test Case 'Test Cases/1.Inicio/1.1Principal/Principal-home' successfully

27-11-2024T13:02:12 - [TEST_CASE][PASSED] - Test Cases/1.Inicio/1.1Principal/Principal-home: Test Cases/1.Inicio/1.1Principal/Principal-home

27-11-2024T13:02:12 - [TEST_STEP][PASSED] - openBrowser(""): Browser is opened with url: ''

27-11-2024T13:02:12 - [MESSAGE][WARNING] - A browser is already opened. Closing browser and opening a new one

27-11-2024T13:02:13 - [MESSAGE][INFO] - Starting 'Firefox' driver

27-11-2024T13:02:13 - [MESSAGE][INFO] - Action delay is set to 0 milliseconds

27-11-2024T13:02:19 - [MESSAGE][PASSED] - Browser is opened with url: ''

27-11-2024T13:02:19 - [TEST_STEP][PASSED] - navigateToUrl("https://dev01-registrodeenvios.olvacourier.com/principal"): Navigate to 'https://dev01-registrodeenvios.olvacourier.com/principal' successfully

27-11-2024T13:02:20 - [MESSAGE][PASSED] - Navigate to 'https://dev01-registrodeenvios.olvacourier.com/principal' successfully

27-11-2024T13:02:20 - [TEST_STEP][PASSED] - maximizeWindow(): Current window maximized

27-11-2024T13:02:30 - [MESSAGE][PASSED] - Current window maximized

27-11-2024T13:02:30 - [MESSAGE][PASSED] - Call Test Case 'Test Cases/1.Inicio/1.1Principal/Principal-home' successfully

27-11-2024T13:02:30 - [TEST_STEP][PASSED] - callTestCase(findTestCase("1.Inicio/1.1Principal/Selec_paquete"), [:], STOP_ON_FAILURE): Call Test Case 'Test Cases/1.Inicio/1.1Principal/Selec_paquete' successfully

27-11-2024T13:02:30 - [TEST_CASE][PASSED] - Test Cases/1.Inicio/1.1Principal/Selec_paquete: Test Cases/1.Inicio/1.1Principal/Selec_paquete

27-11-2024T13:02:30 - [TEST_STEP][PASSED] - click(findTestObject("Object Repository/Principal/Page_Olva Courier  Home/img_Qu deseas realizar hoy_img_paquete")): Object: 'Object Repository/Principal/Page_Olva Courier  Home/img_Qu deseas realizar hoy_img_paquete' is clicked on

27-11-2024T13:02:31 - [MESSAGE][PASSED] - Object: 'Object Repository/Principal/Page_Olva Courier  Home/img_Qu deseas realizar hoy_img_paquete' is clicked on

27-11-2024T13:02:31 - [TEST_STEP][PASSED] - click(findTestObject("Object Repository/Principal/Page_Olva Courier  Home/span_He ledo y acepto los_checkmark (1)")): Object: 'Object Repository/Principal/Page_Olva Courier  Home/span_He ledo y acepto los_checkmark (1)' is clicked on

27-11-2024T13:02:31 - [MESSAGE][PASSED] - Object: 'Object Repository/Principal/Page_Olva Courier  Home/span_He ledo y acepto los_checkmark (1)' is clicked on

27-11-2024T13:02:31 - [TEST_STEP][PASSED] - click(findTestObject("Object Repository/Principal/Page_Olva Courier  Home/button_CONTINUAR (1)")): Object: 'Object Repository/Principal/Page_Olva Courier  Home/button_CONTINUAR (1)' is clicked on

27-11-2024T13:02:32 - [MESSAGE][PASSED] - Object: 'Object Repository/Principal/Page_Olva Courier  Home/button_CONTINUAR (1)' is clicked on

27-11-2024T13:02:32 - [TEST_STEP][PASSED] - verifyElementPresent(findTestObject("Object Repository/Principal/Page_Olva Courier  Datos Personales/strong_REGISTRO DE ENVOS"), 0): Object 'Object Repository/Principal/Page_Olva Courier  Datos Personales/strong_REGISTRO DE ENVOS' is present

27-11-2024T13:02:32 - [MESSAGE][WARNING] - Timeout '0' is invalid. Using default page load timeout: '30'

27-11-2024T13:02:33 - [MESSAGE][PASSED] - Object 'Object Repository/Principal/Page_Olva Courier  Datos Personales/strong_REGISTRO DE ENVOS' is present

27-11-2024T13:02:33 - [TEST_STEP][PASSED] - verifyElementPresent(findTestObject("Object Repository/Principal/Page_Olva Courier  Datos Personales/span_Regresar (1)"), 0): Object 'Object Repository/Principal/Page_Olva Courier  Datos Personales/span_Regresar (1)' is present

27-11-2024T13:02:33 - [MESSAGE][WARNING] - Timeout '0' is invalid. Using default page load timeout: '30'

27-11-2024T13:02:33 - [MESSAGE][PASSED] - Object 'Object Repository/Principal/Page_Olva Courier  Datos Personales/span_Regresar (1)' is present

27-11-2024T13:02:33 - [TEST_STEP][PASSED] - verifyElementPresent(findTestObject("Object Repository/Principal/Page_Olva Courier  Datos Personales/span_Inicio (1)"), 0): Object 'Object Repository/Principal/Page_Olva Courier  Datos Personales/span_Inicio (1)' is present

27-11-2024T13:02:33 - [MESSAGE][WARNING] - Timeout '0' is invalid. Using default page load timeout: '30'

27-11-2024T13:02:33 - [MESSAGE][PASSED] - Object 'Object Repository/Principal/Page_Olva Courier  Datos Personales/span_Inicio (1)' is present

27-11-2024T13:02:33 - [MESSAGE][PASSED] - Call Test Case 'Test Cases/1.Inicio/1.1Principal/Selec_paquete' successfully

27-11-2024T13:02:33 - [TEST_STEP][PASSED] - callTestCase(findTestCase("1.Inicio/1.2Tipo_Doc/1.DNI"), [:], STOP_ON_FAILURE): Call Test Case 'Test Cases/1.Inicio/1.2Tipo_Doc/1.DNI' successfully

27-11-2024T13:02:33 - [TEST_CASE][PASSED] - Test Cases/1.Inicio/1.2Tipo_Doc/1.DNI: Test Cases/1.Inicio/1.2Tipo_Doc/1.DNI

27-11-2024T13:02:33 - [TEST_STEP][PASSED] - click(findTestObject("Object Repository/Login/Page_Olva Courier  Datos Personales/button_Tipo De Documento")): Object: 'Object Repository/Login/Page_Olva Courier  Datos Personales/button_Tipo De Documento' is clicked on

27-11-2024T13:02:34 - [MESSAGE][PASSED] - Object: 'Object Repository/Login/Page_Olva Courier  Datos Personales/button_Tipo De Documento' is clicked on

27-11-2024T13:02:34 - [TEST_STEP][PASSED] - click(findTestObject("Object Repository/Login/Page_Olva Courier  Datos Personales/a_DNI (Boleta)")): Object: 'Object Repository/Login/Page_Olva Courier  Datos Personales/a_DNI (Boleta)' is clicked on

27-11-2024T13:02:34 - [MESSAGE][PASSED] - Object: 'Object Repository/Login/Page_Olva Courier  Datos Personales/a_DNI (Boleta)' is clicked on

27-11-2024T13:02:34 - [TEST_STEP][PASSED] - setText(findTestObject("Object Repository/Login/Page_Olva Courier  Datos Personales/input_CARN EXT. (Boleta)_txt_documento_cliente"), "47190321"): Text '47190321' is set on object 'Object Repository/Login/Page_Olva Courier  Datos Personales/input_CARN EXT. (Boleta)_txt_documento_cliente'

27-11-2024T13:02:35 - [MESSAGE][PASSED] - Text '47190321' is set on object 'Object Repository/Login/Page_Olva Courier  Datos Personales/input_CARN EXT. (Boleta)_txt_documento_cliente'

27-11-2024T13:02:35 - [TEST_STEP][PASSED] - setText(findTestObject("Object Repository/Login/Page_Olva Courier  Datos Personales/input_CARN EXT. (Boleta)_txt_telefono_cliente"), "957378086"): Text '957378086' is set on object 'Object Repository/Login/Page_Olva Courier  Datos Personales/input_CARN EXT. (Boleta)_txt_telefono_cliente'

27-11-2024T13:02:40 - [MESSAGE][PASSED] - Text '957378086' is set on object 'Object Repository/Login/Page_Olva Courier  Datos Personales/input_CARN EXT. (Boleta)_txt_telefono_cliente'

27-11-2024T13:02:40 - [TEST_STEP][PASSED] - setText(findTestObject("Object Repository/Login/Page_Olva Courier  Datos Personales/input_Hola,_txt_email_cliente"), "riosalejosjs@gmail.com"): Text 'riosalejosjs@gmail.com' is set on object 'Object Repository/Login/Page_Olva Courier  Datos Personales/input_Hola,_txt_email_cliente'

27-11-2024T13:02:41 - [MESSAGE][PASSED] - Text 'riosalejosjs@gmail.com' is set on object 'Object Repository/Login/Page_Olva Courier  Datos Personales/input_Hola,_txt_email_cliente'

27-11-2024T13:02:41 - [MESSAGE][PASSED] - Call Test Case 'Test Cases/1.Inicio/1.2Tipo_Doc/1.DNI' successfully

27-11-2024T13:02:41 - [TEST_STEP][PASSED] - click(findTestObject("Object Repository/Destinos/Page_Olva Courier  Datos Personales/span_Seleccionar artculo")): Object: 'Object Repository/Destinos/Page_Olva Courier  Datos Personales/span_Seleccionar artculo' is clicked on

27-11-2024T13:02:41 - [MESSAGE][PASSED] - Object: 'Object Repository/Destinos/Page_Olva Courier  Datos Personales/span_Seleccionar artculo' is clicked on

27-11-2024T13:02:41 - [TEST_STEP][PASSED] - click(findTestObject("Object Repository/Destinos/Page_Olva Courier  Datos Personales/span_ACCESORIOS Y EQUIPOS ELECTRONICOS")): Object: 'Object Repository/Destinos/Page_Olva Courier  Datos Personales/span_ACCESORIOS Y EQUIPOS ELECTRONICOS' is clicked on

27-11-2024T13:02:41 - [MESSAGE][PASSED] - Object: 'Object Repository/Destinos/Page_Olva Courier  Datos Personales/span_ACCESORIOS Y EQUIPOS ELECTRONICOS' is clicked on

27-11-2024T13:02:41 - [TEST_STEP][PASSED] - setText(findTestObject("Object Repository/Destinos/Page_Olva Courier  Datos Personales/input_UTILES DE OFICINA_txt_paquete_articulo"), "PREUBas"): Text 'PREUBas' is set on object 'Object Repository/Destinos/Page_Olva Courier  Datos Personales/input_UTILES DE OFICINA_txt_paquete_articulo'

27-11-2024T13:02:42 - [MESSAGE][PASSED] - Text 'PREUBas' is set on object 'Object Repository/Destinos/Page_Olva Courier  Datos Personales/input_UTILES DE OFICINA_txt_paquete_articulo'

27-11-2024T13:02:42 - [TEST_STEP][PASSED] - setText(findTestObject("Object Repository/Destinos/Page_Olva Courier  Datos Personales/input_UTILES DE OFICINA_txt_paquete_valor"), "50"): Text '50' is set on object 'Object Repository/Destinos/Page_Olva Courier  Datos Personales/input_UTILES DE OFICINA_txt_paquete_valor'

27-11-2024T13:02:42 - [MESSAGE][PASSED] - Text '50' is set on object 'Object Repository/Destinos/Page_Olva Courier  Datos Personales/input_UTILES DE OFICINA_txt_paquete_valor'

27-11-2024T13:02:42 - [TEST_STEP][PASSED] - click(findTestObject("Object Repository/Destinos/Page_Olva Courier  Datos Personales/div_Hasta 1Kg")): Object: 'Object Repository/Destinos/Page_Olva Courier  Datos Personales/div_Hasta 1Kg' is clicked on

27-11-2024T13:02:43 - [MESSAGE][PASSED] - Object: 'Object Repository/Destinos/Page_Olva Courier  Datos Personales/div_Hasta 1Kg' is clicked on

27-11-2024T13:02:43 - [TEST_STEP][FAILED] - click(findTestObject("Object Repository/Destinos/Page_Olva Courier  Datos Personales/button_LIMA (1)")): Unable to click on object 'Object Repository/Destinos/Page_Olva Courier  Datos Personales/button_LIMA (1)' (Root cause: com.kms.katalon.core.exception.StepFailedException: Unable to click on object 'Object Repository/Destinos/Page_Olva Courier  Datos Personales/button_LIMA (1)'
	at com.kms.katalon.core.webui.keyword.internal.WebUIKeywordMain.stepFailed(WebUIKeywordMain.groovy:117)
	at com.kms.katalon.core.webui.keyword.internal.WebUIKeywordMain.runKeyword(WebUIKeywordMain.groovy:43)
	at com.kms.katalon.core.webui.keyword.builtin.ClickKeyword.click(ClickKeyword.groovy:74)
	at com.kms.katalon.core.webui.keyword.builtin.ClickKeyword.execute(ClickKeyword.groovy:40)
	at com.kms.katalon.core.keyword.internal.KeywordExecutor.executeKeywordForPlatform(KeywordExecutor.groovy:74)
	at com.kms.katalon.core.webui.keyword.WebUiBuiltInKeywords.click(WebUiBuiltInKeywords.groovy:659)
	at Destino-O.run(Destino-O:38)
	at com.kms.katalon.core.main.ScriptEngine.run(ScriptEngine.java:194)
	at com.kms.katalon.core.main.ScriptEngine.runScriptAsRawText(ScriptEngine.java:119)
	at com.kms.katalon.core.main.TestCaseExecutor.runScript(TestCaseExecutor.java:448)
	at com.kms.katalon.core.main.TestCaseExecutor.doExecute(TestCaseExecutor.java:439)
	at com.kms.katalon.core.main.TestCaseExecutor.processExecutionPhase(TestCaseExecutor.java:418)
	at com.kms.katalon.core.main.TestCaseExecutor.accessMainPhase(TestCaseExecutor.java:410)
	at com.kms.katalon.core.main.TestCaseExecutor.execute(TestCaseExecutor.java:285)
	at com.kms.katalon.core.common.CommonExecutor.accessTestCaseMainPhase(CommonExecutor.java:65)
	at com.kms.katalon.core.main.TestSuiteExecutor.accessTestSuiteMainPhase(TestSuiteExecutor.java:150)
	at com.kms.katalon.core.main.TestSuiteExecutor.execute(TestSuiteExecutor.java:106)
	at com.kms.katalon.core.main.TestCaseMain.startTestSuite(TestCaseMain.java:180)
	at TempTestSuite1732729948317.run(TempTestSuite1732729948317.groovy:35)
	at java.base/jdk.internal.reflect.NativeMethodAccessorImpl.invoke0(Native Method)
	at java.base/jdk.internal.reflect.NativeMethodAccessorImpl.invoke(NativeMethodAccessorImpl.java:77)
	at java.base/jdk.internal.reflect.DelegatingMethodAccessorImpl.invoke(DelegatingMethodAccessorImpl.java:43)
Caused by: org.openqa.selenium.ElementClickInterceptedException: Element <button class="btn dropdown-toggle form-control selectpicker btn-default" type="button"> is not clickable at point (455,613) because another element <p> obscures it
Build info: version: '3.141.59', revision: 'unknown', time: 'unknown'
System info: host: 'DESKTOP-RGFFP9A', ip: '10.136.10.6', os.name: 'Windows 11', os.arch: 'amd64', os.version: '10.0', java.version: '17.0.7'
Driver info: com.kms.katalon.core.webui.driver.firefox.CGeckoDriver
Capabilities {acceptInsecureCerts: true, browserName: firefox, browserVersion: 133.0, javascriptEnabled: true, moz:accessibilityChecks: false, moz:buildID: 20241121140525, moz:geckodriverVersion: 0.35.0, moz:headless: false, moz:platformVersion: 10.0, moz:processID: 38488, moz:profile: C:\Users\OLVATI\AppData\Loc..., moz:shutdownTimeout: 60000, moz:webdriverClick: true, moz:windowless: false, pageLoadStrategy: normal, platform: WINDOWS, platformName: WINDOWS, proxy: Proxy(direct), setWindowRect: true, strictFileInteractability: false, timeouts: {implicit: 0, pageLoad: 300000, script: 30000}, unhandledPromptBehavior: dismiss and notify, userAgent: Mozilla/5.0 (Windows NT 10....}
Session ID: addcbe9d-03e7-4750-9be2-ca568f1196a3
	at jdk.internal.reflect.GeneratedConstructorAccessor32.newInstance(Unknown Source)
	at java.base/jdk.internal.reflect.DelegatingConstructorAccessorImpl.newInstance(DelegatingConstructorAccessorImpl.java:45)
	at org.openqa.selenium.remote.http.W3CHttpResponseCodec.createException(W3CHttpResponseCodec.java:187)
	at org.openqa.selenium.remote.http.W3CHttpResponseCodec.decode(W3CHttpResponseCodec.java:122)
	at org.openqa.selenium.remote.http.W3CHttpResponseCodec.decode(W3CHttpResponseCodec.java:49)
	at org.openqa.selenium.remote.HttpCommandExecutor.execute(HttpCommandExecutor.java:158)
	at org.openqa.selenium.remote.service.DriverCommandExecutor.execute(DriverCommandExecutor.java:83)
	at org.openqa.selenium.remote.RemoteWebDriver.execute(RemoteWebDriver.java:552)
	at com.kms.katalon.selenium.driver.CFirefoxDriver.execute(CFirefoxDriver.java:28)
	at org.openqa.selenium.remote.RemoteWebElement.execute(RemoteWebElement.java:285)
	at org.openqa.selenium.remote.RemoteWebElement.click(RemoteWebElement.java:84)
	at jdk.internal.reflect.GeneratedMethodAccessor10.invoke(Unknown Source)
	at java.base/jdk.internal.reflect.DelegatingMethodAccessorImpl.invoke(DelegatingMethodAccessorImpl.java:43)
	at org.openqa.selenium.support.events.EventFiringWebDriver$EventFiringWebElement.lambda$new$0(EventFiringWebDriver.java:404)
	at jdk.proxy2/jdk.proxy2.$Proxy21.click(Unknown Source)
	at org.openqa.selenium.support.events.EventFiringWebDriver$EventFiringWebElement.click(EventFiringWebDriver.java:417)
	at org.openqa.selenium.WebElement$click.call(Unknown Source)
	at com.kms.katalon.core.webui.keyword.builtin.ClickKeyword.clickUntilSuccessWithTimeout(ClickKeyword.groovy:81)
	at com.kms.katalon.core.webui.keyword.builtin.ClickKeyword.clickUntilSuccessWithTimeout(ClickKeyword.groovy)
	at jdk.internal.reflect.GeneratedMethodAccessor8.invoke(Unknown Source)
	at java.base/jdk.internal.reflect.DelegatingMethodAccessorImpl.invoke(DelegatingMethodAccessorImpl.java:43)
	at com.kms.katalon.core.webui.keyword.builtin.ClickKeyword$_click_closure1.doCall(ClickKeyword.groovy:67)
	at com.kms.katalon.core.webui.keyword.builtin.ClickKeyword$_click_closure1.call(ClickKeyword.groovy)
	at com.kms.katalon.core.webui.keyword.internal.WebUIKeywordMain.runKeyword(WebUIKeywordMain.groovy:35)
	at com.kms.katalon.core.webui.keyword.builtin.ClickKeyword.click(ClickKeyword.groovy:74)
	at com.kms.katalon.core.webui.keyword.builtin.ClickKeyword.execute(ClickKeyword.groovy:40)
	at com.kms.katalon.core.keyword.internal.KeywordExecutor.executeKeywordForPlatform(KeywordExecutor.groovy:74)
	at com.kms.katalon.core.webui.keyword.WebUiBuiltInKeywords.click(WebUiBuiltInKeywords.groovy:659)
	at Script1732317059524.run(Script1732317059524.groovy:38)
	... 15 more
)

27-11-2024T13:03:14 - [MESSAGE][FAILED] - Unable to click on object 'Object Repository/Destinos/Page_Olva Courier  Datos Personales/button_LIMA (1)' (Root cause: com.kms.katalon.core.exception.StepFailedException: Unable to click on object 'Object Repository/Destinos/Page_Olva Courier  Datos Personales/button_LIMA (1)'
	at com.kms.katalon.core.webui.keyword.internal.WebUIKeywordMain.stepFailed(WebUIKeywordMain.groovy:117)
	at com.kms.katalon.core.webui.keyword.internal.WebUIKeywordMain.runKeyword(WebUIKeywordMain.groovy:43)
	at com.kms.katalon.core.webui.keyword.builtin.ClickKeyword.click(ClickKeyword.groovy:74)
	at com.kms.katalon.core.webui.keyword.builtin.ClickKeyword.execute(ClickKeyword.groovy:40)
	at com.kms.katalon.core.keyword.internal.KeywordExecutor.executeKeywordForPlatform(KeywordExecutor.groovy:74)
	at com.kms.katalon.core.webui.keyword.WebUiBuiltInKeywords.click(WebUiBuiltInKeywords.groovy:659)
	at Destino-O.run(Destino-O:38)
	at com.kms.katalon.core.main.ScriptEngine.run(ScriptEngine.java:194)
	at com.kms.katalon.core.main.ScriptEngine.runScriptAsRawText(ScriptEngine.java:119)
	at com.kms.katalon.core.main.TestCaseExecutor.runScript(TestCaseExecutor.java:448)
	at com.kms.katalon.core.main.TestCaseExecutor.doExecute(TestCaseExecutor.java:439)
	at com.kms.katalon.core.main.TestCaseExecutor.processExecutionPhase(TestCaseExecutor.java:418)
	at com.kms.katalon.core.main.TestCaseExecutor.accessMainPhase(TestCaseExecutor.java:410)
	at com.kms.katalon.core.main.TestCaseExecutor.execute(TestCaseExecutor.java:285)
	at com.kms.katalon.core.common.CommonExecutor.accessTestCaseMainPhase(CommonExecutor.java:65)
	at com.kms.katalon.core.main.TestSuiteExecutor.accessTestSuiteMainPhase(TestSuiteExecutor.java:150)
	at com.kms.katalon.core.main.TestSuiteExecutor.execute(TestSuiteExecutor.java:106)
	at com.kms.katalon.core.main.TestCaseMain.startTestSuite(TestCaseMain.java:180)
	at TempTestSuite1732729948317.run(TempTestSuite1732729948317.groovy:35)
	at java.base/jdk.internal.reflect.NativeMethodAccessorImpl.invoke0(Native Method)
	at java.base/jdk.internal.reflect.NativeMethodAccessorImpl.invoke(NativeMethodAccessorImpl.java:77)
	at java.base/jdk.internal.reflect.DelegatingMethodAccessorImpl.invoke(DelegatingMethodAccessorImpl.java:43)
Caused by: org.openqa.selenium.ElementClickInterceptedException: Element <button class="btn dropdown-toggle form-control selectpicker btn-default" type="button"> is not clickable at point (455,613) because another element <p> obscures it
Build info: version: '3.141.59', revision: 'unknown', time: 'unknown'
System info: host: 'DESKTOP-RGFFP9A', ip: '10.136.10.6', os.name: 'Windows 11', os.arch: 'amd64', os.version: '10.0', java.version: '17.0.7'
Driver info: com.kms.katalon.core.webui.driver.firefox.CGeckoDriver
Capabilities {acceptInsecureCerts: true, browserName: firefox, browserVersion: 133.0, javascriptEnabled: true, moz:accessibilityChecks: false, moz:buildID: 20241121140525, moz:geckodriverVersion: 0.35.0, moz:headless: false, moz:platformVersion: 10.0, moz:processID: 38488, moz:profile: C:\Users\OLVATI\AppData\Loc..., moz:shutdownTimeout: 60000, moz:webdriverClick: true, moz:windowless: false, pageLoadStrategy: normal, platform: WINDOWS, platformName: WINDOWS, proxy: Proxy(direct), setWindowRect: true, strictFileInteractability: false, timeouts: {implicit: 0, pageLoad: 300000, script: 30000}, unhandledPromptBehavior: dismiss and notify, userAgent: Mozilla/5.0 (Windows NT 10....}
Session ID: addcbe9d-03e7-4750-9be2-ca568f1196a3
	at jdk.internal.reflect.GeneratedConstructorAccessor32.newInstance(Unknown Source)
	at java.base/jdk.internal.reflect.DelegatingConstructorAccessorImpl.newInstance(DelegatingConstructorAccessorImpl.java:45)
	at org.openqa.selenium.remote.http.W3CHttpResponseCodec.createException(W3CHttpResponseCodec.java:187)
	at org.openqa.selenium.remote.http.W3CHttpResponseCodec.decode(W3CHttpResponseCodec.java:122)
	at org.openqa.selenium.remote.http.W3CHttpResponseCodec.decode(W3CHttpResponseCodec.java:49)
	at org.openqa.selenium.remote.HttpCommandExecutor.execute(HttpCommandExecutor.java:158)
	at org.openqa.selenium.remote.service.DriverCommandExecutor.execute(DriverCommandExecutor.java:83)
	at org.openqa.selenium.remote.RemoteWebDriver.execute(RemoteWebDriver.java:552)
	at com.kms.katalon.selenium.driver.CFirefoxDriver.execute(CFirefoxDriver.java:28)
	at org.openqa.selenium.remote.RemoteWebElement.execute(RemoteWebElement.java:285)
	at org.openqa.selenium.remote.RemoteWebElement.click(RemoteWebElement.java:84)
	at jdk.internal.reflect.GeneratedMethodAccessor10.invoke(Unknown Source)
	at java.base/jdk.internal.reflect.DelegatingMethodAccessorImpl.invoke(DelegatingMethodAccessorImpl.java:43)
	at org.openqa.selenium.support.events.EventFiringWebDriver$EventFiringWebElement.lambda$new$0(EventFiringWebDriver.java:404)
	at jdk.proxy2/jdk.proxy2.$Proxy21.click(Unknown Source)
	at org.openqa.selenium.support.events.EventFiringWebDriver$EventFiringWebElement.click(EventFiringWebDriver.java:417)
	at org.openqa.selenium.WebElement$click.call(Unknown Source)
	at com.kms.katalon.core.webui.keyword.builtin.ClickKeyword.clickUntilSuccessWithTimeout(ClickKeyword.groovy:81)
	at com.kms.katalon.core.webui.keyword.builtin.ClickKeyword.clickUntilSuccessWithTimeout(ClickKeyword.groovy)
	at jdk.internal.reflect.GeneratedMethodAccessor8.invoke(Unknown Source)
	at java.base/jdk.internal.reflect.DelegatingMethodAccessorImpl.invoke(DelegatingMethodAccessorImpl.java:43)
	at com.kms.katalon.core.webui.keyword.builtin.ClickKeyword$_click_closure1.doCall(ClickKeyword.groovy:67)
	at com.kms.katalon.core.webui.keyword.builtin.ClickKeyword$_click_closure1.call(ClickKeyword.groovy)
	at com.kms.katalon.core.webui.keyword.internal.WebUIKeywordMain.runKeyword(WebUIKeywordMain.groovy:35)
	at com.kms.katalon.core.webui.keyword.builtin.ClickKeyword.click(ClickKeyword.groovy:74)
	at com.kms.katalon.core.webui.keyword.builtin.ClickKeyword.execute(ClickKeyword.groovy:40)
	at com.kms.katalon.core.keyword.internal.KeywordExecutor.executeKeywordForPlatform(KeywordExecutor.groovy:74)
	at com.kms.katalon.core.webui.keyword.WebUiBuiltInKeywords.click(WebUiBuiltInKeywords.groovy:659)
	at Script1732317059524.run(Script1732317059524.groovy:38)
	... 15 more
)]]></system-out>
         <system-err><![CDATA[27-11-2024T13:02:12 - [TEST_CASE][FAILED] - Test Cases/2.Positivos/2.1Paquete/Origen-Provincia/3.Destino-D,DO,O/Destino-O: Test Cases/2.Positivos/2.1Paquete/Origen-Provincia/3.Destino-D,DO,O/Destino-O FAILED.
Reason:
com.kms.katalon.core.exception.StepFailedException: Unable to click on object 'Object Repository/Destinos/Page_Olva Courier  Datos Personales/button_LIMA (1)'
	at com.kms.katalon.core.webui.keyword.internal.WebUIKeywordMain.stepFailed(WebUIKeywordMain.groovy:117)
	at com.kms.katalon.core.webui.keyword.internal.WebUIKeywordMain.runKeyword(WebUIKeywordMain.groovy:43)
	at com.kms.katalon.core.webui.keyword.builtin.ClickKeyword.click(ClickKeyword.groovy:74)
	at com.kms.katalon.core.webui.keyword.builtin.ClickKeyword.execute(ClickKeyword.groovy:40)
	at com.kms.katalon.core.keyword.internal.KeywordExecutor.executeKeywordForPlatform(KeywordExecutor.groovy:74)
	at com.kms.katalon.core.webui.keyword.WebUiBuiltInKeywords.click(WebUiBuiltInKeywords.groovy:659)
	at Destino-O.run(Destino-O:38)
	at com.kms.katalon.core.main.ScriptEngine.run(ScriptEngine.java:194)
	at com.kms.katalon.core.main.ScriptEngine.runScriptAsRawText(ScriptEngine.java:119)
	at com.kms.katalon.core.main.TestCaseExecutor.runScript(TestCaseExecutor.java:448)
	at com.kms.katalon.core.main.TestCaseExecutor.doExecute(TestCaseExecutor.java:439)
	at com.kms.katalon.core.main.TestCaseExecutor.processExecutionPhase(TestCaseExecutor.java:418)
	at com.kms.katalon.core.main.TestCaseExecutor.accessMainPhase(TestCaseExecutor.java:410)
	at com.kms.katalon.core.main.TestCaseExecutor.execute(TestCaseExecutor.java:285)
	at com.kms.katalon.core.common.CommonExecutor.accessTestCaseMainPhase(CommonExecutor.java:65)
	at com.kms.katalon.core.main.TestSuiteExecutor.accessTestSuiteMainPhase(TestSuiteExecutor.java:150)
	at com.kms.katalon.core.main.TestSuiteExecutor.execute(TestSuiteExecutor.java:106)
	at com.kms.katalon.core.main.TestCaseMain.startTestSuite(TestCaseMain.java:180)
	at TempTestSuite1732729948317.run(TempTestSuite1732729948317.groovy:35)
	at java.base/jdk.internal.reflect.NativeMethodAccessorImpl.invoke0(Native Method)
	at java.base/jdk.internal.reflect.NativeMethodAccessorImpl.invoke(NativeMethodAccessorImpl.java:77)
	at java.base/jdk.internal.reflect.DelegatingMethodAccessorImpl.invoke(DelegatingMethodAccessorImpl.java:43)
Caused by: org.openqa.selenium.ElementClickInterceptedException: Element <button class="btn dropdown-toggle form-control selectpicker btn-default" type="button"> is not clickable at point (455,613) because another element <p> obscures it
Build info: version: '3.141.59', revision: 'unknown', time: 'unknown'
System info: host: 'DESKTOP-RGFFP9A', ip: '10.136.10.6', os.name: 'Windows 11', os.arch: 'amd64', os.version: '10.0', java.version: '17.0.7'
Driver info: com.kms.katalon.core.webui.driver.firefox.CGeckoDriver
Capabilities {acceptInsecureCerts: true, browserName: firefox, browserVersion: 133.0, javascriptEnabled: true, moz:accessibilityChecks: false, moz:buildID: 20241121140525, moz:geckodriverVersion: 0.35.0, moz:headless: false, moz:platformVersion: 10.0, moz:processID: 38488, moz:profile: C:\Users\OLVATI\AppData\Loc..., moz:shutdownTimeout: 60000, moz:webdriverClick: true, moz:windowless: false, pageLoadStrategy: normal, platform: WINDOWS, platformName: WINDOWS, proxy: Proxy(direct), setWindowRect: true, strictFileInteractability: false, timeouts: {implicit: 0, pageLoad: 300000, script: 30000}, unhandledPromptBehavior: dismiss and notify, userAgent: Mozilla/5.0 (Windows NT 10....}
Session ID: addcbe9d-03e7-4750-9be2-ca568f1196a3
	at jdk.internal.reflect.GeneratedConstructorAccessor32.newInstance(Unknown Source)
	at java.base/jdk.internal.reflect.DelegatingConstructorAccessorImpl.newInstance(DelegatingConstructorAccessorImpl.java:45)
	at org.openqa.selenium.remote.http.W3CHttpResponseCodec.createException(W3CHttpResponseCodec.java:187)
	at org.openqa.selenium.remote.http.W3CHttpResponseCodec.decode(W3CHttpResponseCodec.java:122)
	at org.openqa.selenium.remote.http.W3CHttpResponseCodec.decode(W3CHttpResponseCodec.java:49)
	at org.openqa.selenium.remote.HttpCommandExecutor.execute(HttpCommandExecutor.java:158)
	at org.openqa.selenium.remote.service.DriverCommandExecutor.execute(DriverCommandExecutor.java:83)
	at org.openqa.selenium.remote.RemoteWebDriver.execute(RemoteWebDriver.java:552)
	at com.kms.katalon.selenium.driver.CFirefoxDriver.execute(CFirefoxDriver.java:28)
	at org.openqa.selenium.remote.RemoteWebElement.execute(RemoteWebElement.java:285)
	at org.openqa.selenium.remote.RemoteWebElement.click(RemoteWebElement.java:84)
	at jdk.internal.reflect.GeneratedMethodAccessor10.invoke(Unknown Source)
	at java.base/jdk.internal.reflect.DelegatingMethodAccessorImpl.invoke(DelegatingMethodAccessorImpl.java:43)
	at org.openqa.selenium.support.events.EventFiringWebDriver$EventFiringWebElement.lambda$new$0(EventFiringWebDriver.java:404)
	at jdk.proxy2/jdk.proxy2.$Proxy21.click(Unknown Source)
	at org.openqa.selenium.support.events.EventFiringWebDriver$EventFiringWebElement.click(EventFiringWebDriver.java:417)
	at org.openqa.selenium.WebElement$click.call(Unknown Source)
	at com.kms.katalon.core.webui.keyword.builtin.ClickKeyword.clickUntilSuccessWithTimeout(ClickKeyword.groovy:81)
	at com.kms.katalon.core.webui.keyword.builtin.ClickKeyword.clickUntilSuccessWithTimeout(ClickKeyword.groovy)
	at jdk.internal.reflect.GeneratedMethodAccessor8.invoke(Unknown Source)
	at java.base/jdk.internal.reflect.DelegatingMethodAccessorImpl.invoke(DelegatingMethodAccessorImpl.java:43)
	at com.kms.katalon.core.webui.keyword.builtin.ClickKeyword$_click_closure1.doCall(ClickKeyword.groovy:67)
	at com.kms.katalon.core.webui.keyword.builtin.ClickKeyword$_click_closure1.call(ClickKeyword.groovy)
	at com.kms.katalon.core.webui.keyword.internal.WebUIKeywordMain.runKeyword(WebUIKeywordMain.groovy:35)
	... 20 more]]></system-err>
      </testcase>
      <testcase name="Test Cases/2.Positivos/2.1Paquete/Origen-Provincia/3.Destino-D,DO,O/Destino-DO" time="89.387" classname="Test Cases/2.Positivos/2.1Paquete/Origen-Provincia/3.Destino-D,DO,O/Destino-DO" status="FAILED">
         <failure type="FAILED" message="Test Cases/2.Positivos/2.1Paquete/Origen-Provincia/3.Destino-D,DO,O/Destino-DO FAILED.&#xa;Reason:&#xa;com.kms.katalon.core.exception.StepFailedException: Unable to click on object 'Object Repository/Destinos/Page_Olva Courier  Confirma tus datos/button_IR A PAGAR S 27.90 (1)'&#xa;	at com.kms.katalon.core.webui.keyword.internal.WebUIKeywordMain.stepFailed(WebUIKeywordMain.groovy:117)&#xa;	at com.kms.katalon.core.webui.keyword.internal.WebUIKeywordMain.runKeyword(WebUIKeywordMain.groovy:43)&#xa;	at com.kms.katalon.core.webui.keyword.builtin.ClickKeyword.click(ClickKeyword.groovy:74)&#xa;	at com.kms.katalon.core.webui.keyword.builtin.ClickKeyword.execute(ClickKeyword.groovy:40)&#xa;	at com.kms.katalon.core.keyword.internal.KeywordExecutor.executeKeywordForPlatform(KeywordExecutor.groovy:74)&#xa;	at com.kms.katalon.core.webui.keyword.WebUiBuiltInKeywords.click(WebUiBuiltInKeywords.groovy:659)&#xa;	at Destino-DO.run(Destino-DO:120)&#xa;	at com.kms.katalon.core.main.ScriptEngine.run(ScriptEngine.java:194)&#xa;	at com.kms.katalon.core.main.ScriptEngine.runScriptAsRawText(ScriptEngine.java:119)&#xa;	at com.kms.katalon.core.main.TestCaseExecutor.runScript(TestCaseExecutor.java:448)&#xa;	at com.kms.katalon.core.main.TestCaseExecutor.doExecute(TestCaseExecutor.java:439)&#xa;	at com.kms.katalon.core.main.TestCaseExecutor.processExecutionPhase(TestCaseExecutor.java:418)&#xa;	at com.kms.katalon.core.main.TestCaseExecutor.accessMainPhase(TestCaseExecutor.java:410)&#xa;	at com.kms.katalon.core.main.TestCaseExecutor.execute(TestCaseExecutor.java:285)&#xa;	at com.kms.katalon.core.common.CommonExecutor.accessTestCaseMainPhase(CommonExecutor.java:65)&#xa;	at com.kms.katalon.core.main.TestSuiteExecutor.accessTestSuiteMainPhase(TestSuiteExecutor.java:150)&#xa;	at com.kms.katalon.core.main.TestSuiteExecutor.execute(TestSuiteExecutor.java:106)&#xa;	at com.kms.katalon.core.main.TestCaseMain.startTestSuite(TestCaseMain.java:180)&#xa;	at TempTestSuite1732729948317.run(TempTestSuite1732729948317.groovy:35)&#xa;	at java.base/jdk.internal.reflect.NativeMethodAccessorImpl.invoke0(Native Method)&#xa;	at java.base/jdk.internal.reflect.NativeMethodAccessorImpl.invoke(NativeMethodAccessorImpl.java:77)&#xa;	at java.base/jdk.internal.reflect.DelegatingMethodAccessorImpl.invoke(DelegatingMethodAccessorImpl.java:43)&#xa;Caused by: org.openqa.selenium.ElementClickInterceptedException: Element &lt;button id=&quot;btn-pagar-listar&quot; class=&quot;btn btn-warning&quot; type=&quot;button&quot;> is not clickable at point (682,614) because another element &lt;p> obscures it&#xa;Build info: version: '3.141.59', revision: 'unknown', time: 'unknown'&#xa;System info: host: 'DESKTOP-RGFFP9A', ip: '10.136.10.6', os.name: 'Windows 11', os.arch: 'amd64', os.version: '10.0', java.version: '17.0.7'&#xa;Driver info: com.kms.katalon.core.webui.driver.firefox.CGeckoDriver&#xa;Capabilities {acceptInsecureCerts: true, browserName: firefox, browserVersion: 133.0, javascriptEnabled: true, moz:accessibilityChecks: false, moz:buildID: 20241121140525, moz:geckodriverVersion: 0.35.0, moz:headless: false, moz:platformVersion: 10.0, moz:processID: 34920, moz:profile: C:\Users\OLVATI\AppData\Loc..., moz:shutdownTimeout: 60000, moz:webdriverClick: true, moz:windowless: false, pageLoadStrategy: normal, platform: WINDOWS, platformName: WINDOWS, proxy: Proxy(direct), setWindowRect: true, strictFileInteractability: false, timeouts: {implicit: 0, pageLoad: 300000, script: 30000}, unhandledPromptBehavior: dismiss and notify, userAgent: Mozilla/5.0 (Windows NT 10....}&#xa;Session ID: 67a738e0-2d5e-46e0-b182-d337138b289d&#xa;	at jdk.internal.reflect.GeneratedConstructorAccessor32.newInstance(Unknown Source)&#xa;	at java.base/jdk.internal.reflect.DelegatingConstructorAccessorImpl.newInstance(DelegatingConstructorAccessorImpl.java:45)&#xa;	at org.openqa.selenium.remote.http.W3CHttpResponseCodec.createException(W3CHttpResponseCodec.java:187)&#xa;	at org.openqa.selenium.remote.http.W3CHttpResponseCodec.decode(W3CHttpResponseCodec.java:122)&#xa;	at org.openqa.selenium.remote.http.W3CHttpResponseCodec.decode(W3CHttpResponseCodec.java:49)&#xa;	at org.openqa.selenium.remote.HttpCommandExecutor.execute(HttpCommandExecutor.java:158)&#xa;	at org.openqa.selenium.remote.service.DriverCommandExecutor.execute(DriverCommandExecutor.java:83)&#xa;	at org.openqa.selenium.remote.RemoteWebDriver.execute(RemoteWebDriver.java:552)&#xa;	at com.kms.katalon.selenium.driver.CFirefoxDriver.execute(CFirefoxDriver.java:28)&#xa;	at org.openqa.selenium.remote.RemoteWebElement.execute(RemoteWebElement.java:285)&#xa;	at org.openqa.selenium.remote.RemoteWebElement.click(RemoteWebElement.java:84)&#xa;	at jdk.internal.reflect.GeneratedMethodAccessor10.invoke(Unknown Source)&#xa;	at java.base/jdk.internal.reflect.DelegatingMethodAccessorImpl.invoke(DelegatingMethodAccessorImpl.java:43)&#xa;	at org.openqa.selenium.support.events.EventFiringWebDriver$EventFiringWebElement.lambda$new$0(EventFiringWebDriver.java:404)&#xa;	at jdk.proxy2/jdk.proxy2.$Proxy21.click(Unknown Source)&#xa;	at org.openqa.selenium.support.events.EventFiringWebDriver$EventFiringWebElement.click(EventFiringWebDriver.java:417)&#xa;	at org.openqa.selenium.WebElement$click.call(Unknown Source)&#xa;	at com.kms.katalon.core.webui.keyword.builtin.ClickKeyword.clickUntilSuccessWithTimeout(ClickKeyword.groovy:81)&#xa;	at com.kms.katalon.core.webui.keyword.builtin.ClickKeyword.clickUntilSuccessWithTimeout(ClickKeyword.groovy)&#xa;	at jdk.internal.reflect.GeneratedMethodAccessor8.invoke(Unknown Source)&#xa;	at java.base/jdk.internal.reflect.DelegatingMethodAccessorImpl.invoke(DelegatingMethodAccessorImpl.java:43)&#xa;	at com.kms.katalon.core.webui.keyword.builtin.ClickKeyword$_click_closure1.doCall(ClickKeyword.groovy:67)&#xa;	at com.kms.katalon.core.webui.keyword.builtin.ClickKeyword$_click_closure1.call(ClickKeyword.groovy)&#xa;	at com.kms.katalon.core.webui.keyword.internal.WebUIKeywordMain.runKeyword(WebUIKeywordMain.groovy:35)&#xa;	... 20 more&#xa;"/>
         <system-out><![CDATA[27-11-2024T13:03:14 - [TEST_CASE][FAILED] - Test Cases/2.Positivos/2.1Paquete/Origen-Provincia/3.Destino-D,DO,O/Destino-DO: Test Cases/2.Positivos/2.1Paquete/Origen-Provincia/3.Destino-D,DO,O/Destino-DO FAILED.
Reason:
com.kms.katalon.core.exception.StepFailedException: Unable to click on object 'Object Repository/Destinos/Page_Olva Courier  Confirma tus datos/button_IR A PAGAR S 27.90 (1)'
	at com.kms.katalon.core.webui.keyword.internal.WebUIKeywordMain.stepFailed(WebUIKeywordMain.groovy:117)
	at com.kms.katalon.core.webui.keyword.internal.WebUIKeywordMain.runKeyword(WebUIKeywordMain.groovy:43)
	at com.kms.katalon.core.webui.keyword.builtin.ClickKeyword.click(ClickKeyword.groovy:74)
	at com.kms.katalon.core.webui.keyword.builtin.ClickKeyword.execute(ClickKeyword.groovy:40)
	at com.kms.katalon.core.keyword.internal.KeywordExecutor.executeKeywordForPlatform(KeywordExecutor.groovy:74)
	at com.kms.katalon.core.webui.keyword.WebUiBuiltInKeywords.click(WebUiBuiltInKeywords.groovy:659)
	at Destino-DO.run(Destino-DO:120)
	at com.kms.katalon.core.main.ScriptEngine.run(ScriptEngine.java:194)
	at com.kms.katalon.core.main.ScriptEngine.runScriptAsRawText(ScriptEngine.java:119)
	at com.kms.katalon.core.main.TestCaseExecutor.runScript(TestCaseExecutor.java:448)
	at com.kms.katalon.core.main.TestCaseExecutor.doExecute(TestCaseExecutor.java:439)
	at com.kms.katalon.core.main.TestCaseExecutor.processExecutionPhase(TestCaseExecutor.java:418)
	at com.kms.katalon.core.main.TestCaseExecutor.accessMainPhase(TestCaseExecutor.java:410)
	at com.kms.katalon.core.main.TestCaseExecutor.execute(TestCaseExecutor.java:285)
	at com.kms.katalon.core.common.CommonExecutor.accessTestCaseMainPhase(CommonExecutor.java:65)
	at com.kms.katalon.core.main.TestSuiteExecutor.accessTestSuiteMainPhase(TestSuiteExecutor.java:150)
	at com.kms.katalon.core.main.TestSuiteExecutor.execute(TestSuiteExecutor.java:106)
	at com.kms.katalon.core.main.TestCaseMain.startTestSuite(TestCaseMain.java:180)
	at TempTestSuite1732729948317.run(TempTestSuite1732729948317.groovy:35)
	at java.base/jdk.internal.reflect.NativeMethodAccessorImpl.invoke0(Native Method)
	at java.base/jdk.internal.reflect.NativeMethodAccessorImpl.invoke(NativeMethodAccessorImpl.java:77)
	at java.base/jdk.internal.reflect.DelegatingMethodAccessorImpl.invoke(DelegatingMethodAccessorImpl.java:43)
Caused by: org.openqa.selenium.ElementClickInterceptedException: Element <button id="btn-pagar-listar" class="btn btn-warning" type="button"> is not clickable at point (682,614) because another element <p> obscures it
Build info: version: '3.141.59', revision: 'unknown', time: 'unknown'
System info: host: 'DESKTOP-RGFFP9A', ip: '10.136.10.6', os.name: 'Windows 11', os.arch: 'amd64', os.version: '10.0', java.version: '17.0.7'
Driver info: com.kms.katalon.core.webui.driver.firefox.CGeckoDriver
Capabilities {acceptInsecureCerts: true, browserName: firefox, browserVersion: 133.0, javascriptEnabled: true, moz:accessibilityChecks: false, moz:buildID: 20241121140525, moz:geckodriverVersion: 0.35.0, moz:headless: false, moz:platformVersion: 10.0, moz:processID: 34920, moz:profile: C:\Users\OLVATI\AppData\Loc..., moz:shutdownTimeout: 60000, moz:webdriverClick: true, moz:windowless: false, pageLoadStrategy: normal, platform: WINDOWS, platformName: WINDOWS, proxy: Proxy(direct), setWindowRect: true, strictFileInteractability: false, timeouts: {implicit: 0, pageLoad: 300000, script: 30000}, unhandledPromptBehavior: dismiss and notify, userAgent: Mozilla/5.0 (Windows NT 10....}
Session ID: 67a738e0-2d5e-46e0-b182-d337138b289d
	at jdk.internal.reflect.GeneratedConstructorAccessor32.newInstance(Unknown Source)
	at java.base/jdk.internal.reflect.DelegatingConstructorAccessorImpl.newInstance(DelegatingConstructorAccessorImpl.java:45)
	at org.openqa.selenium.remote.http.W3CHttpResponseCodec.createException(W3CHttpResponseCodec.java:187)
	at org.openqa.selenium.remote.http.W3CHttpResponseCodec.decode(W3CHttpResponseCodec.java:122)
	at org.openqa.selenium.remote.http.W3CHttpResponseCodec.decode(W3CHttpResponseCodec.java:49)
	at org.openqa.selenium.remote.HttpCommandExecutor.execute(HttpCommandExecutor.java:158)
	at org.openqa.selenium.remote.service.DriverCommandExecutor.execute(DriverCommandExecutor.java:83)
	at org.openqa.selenium.remote.RemoteWebDriver.execute(RemoteWebDriver.java:552)
	at com.kms.katalon.selenium.driver.CFirefoxDriver.execute(CFirefoxDriver.java:28)
	at org.openqa.selenium.remote.RemoteWebElement.execute(RemoteWebElement.java:285)
	at org.openqa.selenium.remote.RemoteWebElement.click(RemoteWebElement.java:84)
	at jdk.internal.reflect.GeneratedMethodAccessor10.invoke(Unknown Source)
	at java.base/jdk.internal.reflect.DelegatingMethodAccessorImpl.invoke(DelegatingMethodAccessorImpl.java:43)
	at org.openqa.selenium.support.events.EventFiringWebDriver$EventFiringWebElement.lambda$new$0(EventFiringWebDriver.java:404)
	at jdk.proxy2/jdk.proxy2.$Proxy21.click(Unknown Source)
	at org.openqa.selenium.support.events.EventFiringWebDriver$EventFiringWebElement.click(EventFiringWebDriver.java:417)
	at org.openqa.selenium.WebElement$click.call(Unknown Source)
	at com.kms.katalon.core.webui.keyword.builtin.ClickKeyword.clickUntilSuccessWithTimeout(ClickKeyword.groovy:81)
	at com.kms.katalon.core.webui.keyword.builtin.ClickKeyword.clickUntilSuccessWithTimeout(ClickKeyword.groovy)
	at jdk.internal.reflect.GeneratedMethodAccessor8.invoke(Unknown Source)
	at java.base/jdk.internal.reflect.DelegatingMethodAccessorImpl.invoke(DelegatingMethodAccessorImpl.java:43)
	at com.kms.katalon.core.webui.keyword.builtin.ClickKeyword$_click_closure1.doCall(ClickKeyword.groovy:67)
	at com.kms.katalon.core.webui.keyword.builtin.ClickKeyword$_click_closure1.call(ClickKeyword.groovy)
	at com.kms.katalon.core.webui.keyword.internal.WebUIKeywordMain.runKeyword(WebUIKeywordMain.groovy:35)
	... 20 more


27-11-2024T13:03:14 - [TEST_STEP][PASSED] - callTestCase(findTestCase("1.Inicio/1.1Principal/Principal-home"), [:], STOP_ON_FAILURE): Call Test Case 'Test Cases/1.Inicio/1.1Principal/Principal-home' successfully

27-11-2024T13:03:14 - [TEST_CASE][PASSED] - Test Cases/1.Inicio/1.1Principal/Principal-home: Test Cases/1.Inicio/1.1Principal/Principal-home

27-11-2024T13:03:14 - [TEST_STEP][PASSED] - openBrowser(""): Browser is opened with url: ''

27-11-2024T13:03:14 - [MESSAGE][WARNING] - A browser is already opened. Closing browser and opening a new one

27-11-2024T13:03:15 - [MESSAGE][INFO] - Starting 'Firefox' driver

27-11-2024T13:03:15 - [MESSAGE][INFO] - Action delay is set to 0 milliseconds

27-11-2024T13:03:20 - [MESSAGE][PASSED] - Browser is opened with url: ''

27-11-2024T13:03:20 - [TEST_STEP][PASSED] - navigateToUrl("https://dev01-registrodeenvios.olvacourier.com/principal"): Navigate to 'https://dev01-registrodeenvios.olvacourier.com/principal' successfully

27-11-2024T13:03:21 - [MESSAGE][PASSED] - Navigate to 'https://dev01-registrodeenvios.olvacourier.com/principal' successfully

27-11-2024T13:03:21 - [TEST_STEP][PASSED] - maximizeWindow(): Current window maximized

27-11-2024T13:03:21 - [MESSAGE][PASSED] - Current window maximized

27-11-2024T13:03:21 - [MESSAGE][PASSED] - Call Test Case 'Test Cases/1.Inicio/1.1Principal/Principal-home' successfully

27-11-2024T13:03:21 - [TEST_STEP][PASSED] - callTestCase(findTestCase("1.Inicio/1.1Principal/Selec_paquete"), [:], STOP_ON_FAILURE): Call Test Case 'Test Cases/1.Inicio/1.1Principal/Selec_paquete' successfully

27-11-2024T13:03:21 - [TEST_CASE][PASSED] - Test Cases/1.Inicio/1.1Principal/Selec_paquete: Test Cases/1.Inicio/1.1Principal/Selec_paquete

27-11-2024T13:03:21 - [TEST_STEP][PASSED] - click(findTestObject("Object Repository/Principal/Page_Olva Courier  Home/img_Qu deseas realizar hoy_img_paquete")): Object: 'Object Repository/Principal/Page_Olva Courier  Home/img_Qu deseas realizar hoy_img_paquete' is clicked on

27-11-2024T13:03:22 - [MESSAGE][PASSED] - Object: 'Object Repository/Principal/Page_Olva Courier  Home/img_Qu deseas realizar hoy_img_paquete' is clicked on

27-11-2024T13:03:22 - [TEST_STEP][PASSED] - click(findTestObject("Object Repository/Principal/Page_Olva Courier  Home/span_He ledo y acepto los_checkmark (1)")): Object: 'Object Repository/Principal/Page_Olva Courier  Home/span_He ledo y acepto los_checkmark (1)' is clicked on

27-11-2024T13:03:23 - [MESSAGE][PASSED] - Object: 'Object Repository/Principal/Page_Olva Courier  Home/span_He ledo y acepto los_checkmark (1)' is clicked on

27-11-2024T13:03:23 - [TEST_STEP][PASSED] - click(findTestObject("Object Repository/Principal/Page_Olva Courier  Home/button_CONTINUAR (1)")): Object: 'Object Repository/Principal/Page_Olva Courier  Home/button_CONTINUAR (1)' is clicked on

27-11-2024T13:03:24 - [MESSAGE][PASSED] - Object: 'Object Repository/Principal/Page_Olva Courier  Home/button_CONTINUAR (1)' is clicked on

27-11-2024T13:03:24 - [TEST_STEP][PASSED] - verifyElementPresent(findTestObject("Object Repository/Principal/Page_Olva Courier  Datos Personales/strong_REGISTRO DE ENVOS"), 0): Object 'Object Repository/Principal/Page_Olva Courier  Datos Personales/strong_REGISTRO DE ENVOS' is present

27-11-2024T13:03:24 - [MESSAGE][WARNING] - Timeout '0' is invalid. Using default page load timeout: '30'

27-11-2024T13:03:24 - [MESSAGE][PASSED] - Object 'Object Repository/Principal/Page_Olva Courier  Datos Personales/strong_REGISTRO DE ENVOS' is present

27-11-2024T13:03:24 - [TEST_STEP][PASSED] - verifyElementPresent(findTestObject("Object Repository/Principal/Page_Olva Courier  Datos Personales/span_Regresar (1)"), 0): Object 'Object Repository/Principal/Page_Olva Courier  Datos Personales/span_Regresar (1)' is present

27-11-2024T13:03:24 - [MESSAGE][WARNING] - Timeout '0' is invalid. Using default page load timeout: '30'

27-11-2024T13:03:24 - [MESSAGE][PASSED] - Object 'Object Repository/Principal/Page_Olva Courier  Datos Personales/span_Regresar (1)' is present

27-11-2024T13:03:24 - [TEST_STEP][PASSED] - verifyElementPresent(findTestObject("Object Repository/Principal/Page_Olva Courier  Datos Personales/span_Inicio (1)"), 0): Object 'Object Repository/Principal/Page_Olva Courier  Datos Personales/span_Inicio (1)' is present

27-11-2024T13:03:24 - [MESSAGE][WARNING] - Timeout '0' is invalid. Using default page load timeout: '30'

27-11-2024T13:03:25 - [MESSAGE][PASSED] - Object 'Object Repository/Principal/Page_Olva Courier  Datos Personales/span_Inicio (1)' is present

27-11-2024T13:03:25 - [MESSAGE][PASSED] - Call Test Case 'Test Cases/1.Inicio/1.1Principal/Selec_paquete' successfully

27-11-2024T13:03:25 - [TEST_STEP][PASSED] - callTestCase(findTestCase("1.Inicio/1.2Tipo_Doc/1.DNI"), [:], STOP_ON_FAILURE): Call Test Case 'Test Cases/1.Inicio/1.2Tipo_Doc/1.DNI' successfully

27-11-2024T13:03:25 - [TEST_CASE][PASSED] - Test Cases/1.Inicio/1.2Tipo_Doc/1.DNI: Test Cases/1.Inicio/1.2Tipo_Doc/1.DNI

27-11-2024T13:03:25 - [TEST_STEP][PASSED] - click(findTestObject("Object Repository/Login/Page_Olva Courier  Datos Personales/button_Tipo De Documento")): Object: 'Object Repository/Login/Page_Olva Courier  Datos Personales/button_Tipo De Documento' is clicked on

27-11-2024T13:03:25 - [MESSAGE][PASSED] - Object: 'Object Repository/Login/Page_Olva Courier  Datos Personales/button_Tipo De Documento' is clicked on

27-11-2024T13:03:25 - [TEST_STEP][PASSED] - click(findTestObject("Object Repository/Login/Page_Olva Courier  Datos Personales/a_DNI (Boleta)")): Object: 'Object Repository/Login/Page_Olva Courier  Datos Personales/a_DNI (Boleta)' is clicked on

27-11-2024T13:03:26 - [MESSAGE][PASSED] - Object: 'Object Repository/Login/Page_Olva Courier  Datos Personales/a_DNI (Boleta)' is clicked on

27-11-2024T13:03:26 - [TEST_STEP][PASSED] - setText(findTestObject("Object Repository/Login/Page_Olva Courier  Datos Personales/input_CARN EXT. (Boleta)_txt_documento_cliente"), "47190321"): Text '47190321' is set on object 'Object Repository/Login/Page_Olva Courier  Datos Personales/input_CARN EXT. (Boleta)_txt_documento_cliente'

27-11-2024T13:03:26 - [MESSAGE][PASSED] - Text '47190321' is set on object 'Object Repository/Login/Page_Olva Courier  Datos Personales/input_CARN EXT. (Boleta)_txt_documento_cliente'

27-11-2024T13:03:26 - [TEST_STEP][PASSED] - setText(findTestObject("Object Repository/Login/Page_Olva Courier  Datos Personales/input_CARN EXT. (Boleta)_txt_telefono_cliente"), "957378086"): Text '957378086' is set on object 'Object Repository/Login/Page_Olva Courier  Datos Personales/input_CARN EXT. (Boleta)_txt_telefono_cliente'

27-11-2024T13:03:31 - [MESSAGE][PASSED] - Text '957378086' is set on object 'Object Repository/Login/Page_Olva Courier  Datos Personales/input_CARN EXT. (Boleta)_txt_telefono_cliente'

27-11-2024T13:03:31 - [TEST_STEP][PASSED] - setText(findTestObject("Object Repository/Login/Page_Olva Courier  Datos Personales/input_Hola,_txt_email_cliente"), "riosalejosjs@gmail.com"): Text 'riosalejosjs@gmail.com' is set on object 'Object Repository/Login/Page_Olva Courier  Datos Personales/input_Hola,_txt_email_cliente'

27-11-2024T13:03:32 - [MESSAGE][PASSED] - Text 'riosalejosjs@gmail.com' is set on object 'Object Repository/Login/Page_Olva Courier  Datos Personales/input_Hola,_txt_email_cliente'

27-11-2024T13:03:32 - [MESSAGE][PASSED] - Call Test Case 'Test Cases/1.Inicio/1.2Tipo_Doc/1.DNI' successfully

27-11-2024T13:03:32 - [TEST_STEP][PASSED] - click(findTestObject("Object Repository/Destinos/Page_Olva Courier  Datos Personales/button_Seleccionar artculo")): Object: 'Object Repository/Destinos/Page_Olva Courier  Datos Personales/button_Seleccionar artculo' is clicked on

27-11-2024T13:03:32 - [MESSAGE][PASSED] - Object: 'Object Repository/Destinos/Page_Olva Courier  Datos Personales/button_Seleccionar artculo' is clicked on

27-11-2024T13:03:32 - [TEST_STEP][PASSED] - click(findTestObject("Object Repository/Destinos/Page_Olva Courier  Datos Personales/a_BISUTERIA")): Object: 'Object Repository/Destinos/Page_Olva Courier  Datos Personales/a_BISUTERIA' is clicked on

27-11-2024T13:03:33 - [MESSAGE][PASSED] - Object: 'Object Repository/Destinos/Page_Olva Courier  Datos Personales/a_BISUTERIA' is clicked on

27-11-2024T13:03:33 - [TEST_STEP][PASSED] - setText(findTestObject("Object Repository/Destinos/Page_Olva Courier  Datos Personales/input_UTILES DE OFICINA_txt_paquete_articulo (1)"), "RTRt"): Text 'RTRt' is set on object 'Object Repository/Destinos/Page_Olva Courier  Datos Personales/input_UTILES DE OFICINA_txt_paquete_articulo (1)'

27-11-2024T13:03:33 - [MESSAGE][PASSED] - Text 'RTRt' is set on object 'Object Repository/Destinos/Page_Olva Courier  Datos Personales/input_UTILES DE OFICINA_txt_paquete_articulo (1)'

27-11-2024T13:03:33 - [TEST_STEP][PASSED] - setText(findTestObject("Object Repository/Destinos/Page_Olva Courier  Datos Personales/input_UTILES DE OFICINA_txt_paquete_valor (1)"), "20"): Text '20' is set on object 'Object Repository/Destinos/Page_Olva Courier  Datos Personales/input_UTILES DE OFICINA_txt_paquete_valor (1)'

27-11-2024T13:03:34 - [MESSAGE][PASSED] - Text '20' is set on object 'Object Repository/Destinos/Page_Olva Courier  Datos Personales/input_UTILES DE OFICINA_txt_paquete_valor (1)'

27-11-2024T13:03:34 - [TEST_STEP][PASSED] - click(findTestObject("Object Repository/Destinos/Page_Olva Courier  Datos Personales/div_Hasta 2Kg")): Object: 'Object Repository/Destinos/Page_Olva Courier  Datos Personales/div_Hasta 2Kg' is clicked on

27-11-2024T13:03:34 - [MESSAGE][PASSED] - Object: 'Object Repository/Destinos/Page_Olva Courier  Datos Personales/div_Hasta 2Kg' is clicked on

27-11-2024T13:03:34 - [TEST_STEP][PASSED] - scrollToElement(findTestObject("Object Repository/Destinos/Page_Olva Courier  Datos Personales/button_LIMA (1)"), 0): Scroll to object 'Object Repository/Destinos/Page_Olva Courier  Datos Personales/button_LIMA (1)' successfully

27-11-2024T13:03:34 - [MESSAGE][WARNING] - Timeout '0' is invalid. Using default page load timeout: '30'

27-11-2024T13:03:35 - [MESSAGE][PASSED] - Scroll to object 'Object Repository/Destinos/Page_Olva Courier  Datos Personales/button_LIMA (1)' successfully

27-11-2024T13:03:35 - [TEST_STEP][PASSED] - click(findTestObject("Object Repository/Destinos/Page_Olva Courier  Datos Personales/button_LIMA (1)")): Object: 'Object Repository/Destinos/Page_Olva Courier  Datos Personales/button_LIMA (1)' is clicked on

27-11-2024T13:03:36 - [MESSAGE][PASSED] - Object: 'Object Repository/Destinos/Page_Olva Courier  Datos Personales/button_LIMA (1)' is clicked on

27-11-2024T13:03:36 - [TEST_STEP][PASSED] - click(findTestObject("Object Repository/Destinos/Page_Olva Courier  Datos Personales/a_TRUJILLO")): Object: 'Object Repository/Destinos/Page_Olva Courier  Datos Personales/a_TRUJILLO' is clicked on

27-11-2024T13:03:36 - [MESSAGE][PASSED] - Object: 'Object Repository/Destinos/Page_Olva Courier  Datos Personales/a_TRUJILLO' is clicked on

27-11-2024T13:03:36 - [TEST_STEP][PASSED] - click(findTestObject("Object Repository/Destinos/Page_Olva Courier  Datos Personales/button_TRUJILLO")): Object: 'Object Repository/Destinos/Page_Olva Courier  Datos Personales/button_TRUJILLO' is clicked on

27-11-2024T13:03:39 - [MESSAGE][PASSED] - Object: 'Object Repository/Destinos/Page_Olva Courier  Datos Personales/button_TRUJILLO' is clicked on

27-11-2024T13:03:39 - [TEST_STEP][PASSED] - click(findTestObject("Object Repository/Destinos/Page_Olva Courier  Datos Personales/button_Ingrese el punto de llegada (1)")): Object: 'Object Repository/Destinos/Page_Olva Courier  Datos Personales/button_Ingrese el punto de llegada (1)' is clicked on

27-11-2024T13:03:40 - [MESSAGE][PASSED] - Object: 'Object Repository/Destinos/Page_Olva Courier  Datos Personales/button_Ingrese el punto de llegada (1)' is clicked on

27-11-2024T13:03:40 - [TEST_STEP][PASSED] - click(findTestObject("Object Repository/Destinos/Page_Olva Courier  Datos Personales/span_AMAZONAS - BAGUA - BAGUA")): Object: 'Object Repository/Destinos/Page_Olva Courier  Datos Personales/span_AMAZONAS - BAGUA - BAGUA' is clicked on

27-11-2024T13:03:40 - [MESSAGE][PASSED] - Object: 'Object Repository/Destinos/Page_Olva Courier  Datos Personales/span_AMAZONAS - BAGUA - BAGUA' is clicked on

27-11-2024T13:03:40 - [TEST_STEP][PASSED] - delay(3): Delayed 3 second(s)

27-11-2024T13:03:43 - [MESSAGE][PASSED] - Delayed 3 second(s)

27-11-2024T13:03:43 - [TEST_STEP][PASSED] - click(findTestObject("Object Repository/Destinos/Page_Olva Courier  Datos Personales/button_Tipo de entrega (1)")): Object: 'Object Repository/Destinos/Page_Olva Courier  Datos Personales/button_Tipo de entrega (1)' is clicked on

27-11-2024T13:03:44 - [MESSAGE][PASSED] - Object: 'Object Repository/Destinos/Page_Olva Courier  Datos Personales/button_Tipo de entrega (1)' is clicked on

27-11-2024T13:03:44 - [TEST_STEP][PASSED] - delay(3): Delayed 3 second(s)

27-11-2024T13:03:47 - [MESSAGE][PASSED] - Delayed 3 second(s)

27-11-2024T13:03:47 - [TEST_STEP][PASSED] - click(findTestObject("Object Repository/Destinos/Page_Olva Courier  Datos Personales/a_Entrega a domicilio (1)")): Object: 'Object Repository/Destinos/Page_Olva Courier  Datos Personales/a_Entrega a domicilio (1)' is clicked on

27-11-2024T13:03:49 - [MESSAGE][PASSED] - Object: 'Object Repository/Destinos/Page_Olva Courier  Datos Personales/a_Entrega a domicilio (1)' is clicked on

27-11-2024T13:03:49 - [TEST_STEP][PASSED] - delay(3): Delayed 3 second(s)

27-11-2024T13:03:52 - [MESSAGE][PASSED] - Delayed 3 second(s)

27-11-2024T13:03:52 - [TEST_STEP][PASSED] - scrollToElement(findTestObject("Object Repository/Destinos/Page_Olva Courier  Datos Personales/button_Tipo De Documento_1 (1)"), 0): Scroll to object 'Object Repository/Destinos/Page_Olva Courier  Datos Personales/button_Tipo De Documento_1 (1)' successfully

27-11-2024T13:03:52 - [MESSAGE][WARNING] - Timeout '0' is invalid. Using default page load timeout: '30'

27-11-2024T13:03:52 - [MESSAGE][PASSED] - Scroll to object 'Object Repository/Destinos/Page_Olva Courier  Datos Personales/button_Tipo De Documento_1 (1)' successfully

27-11-2024T13:03:52 - [TEST_STEP][PASSED] - click(findTestObject("Object Repository/Destinos/Page_Olva Courier  Datos Personales/button_Tipo De Documento_1 (1)")): Object: 'Object Repository/Destinos/Page_Olva Courier  Datos Personales/button_Tipo De Documento_1 (1)' is clicked on

27-11-2024T13:03:53 - [MESSAGE][PASSED] - Object: 'Object Repository/Destinos/Page_Olva Courier  Datos Personales/button_Tipo De Documento_1 (1)' is clicked on

27-11-2024T13:03:53 - [TEST_STEP][PASSED] - click(findTestObject("Object Repository/Destinos/Page_Olva Courier  Datos Personales/a_DNI (1)")): Object: 'Object Repository/Destinos/Page_Olva Courier  Datos Personales/a_DNI (1)' is clicked on

27-11-2024T13:03:53 - [MESSAGE][PASSED] - Object: 'Object Repository/Destinos/Page_Olva Courier  Datos Personales/a_DNI (1)' is clicked on

27-11-2024T13:03:53 - [TEST_STEP][PASSED] - setText(findTestObject("Object Repository/Destinos/Page_Olva Courier  Datos Personales/input_CARN EXT_txt_consignado_dni (1)"), "71735786"): Text '71735786' is set on object 'Object Repository/Destinos/Page_Olva Courier  Datos Personales/input_CARN EXT_txt_consignado_dni (1)'

27-11-2024T13:03:54 - [MESSAGE][PASSED] - Text '71735786' is set on object 'Object Repository/Destinos/Page_Olva Courier  Datos Personales/input_CARN EXT_txt_consignado_dni (1)'

27-11-2024T13:03:54 - [TEST_STEP][PASSED] - scrollToElement(findTestObject("Object Repository/Destinos/Page_Olva Courier  Datos Personales/button_CONTINUAR (1)"), 0): Scroll to object 'Object Repository/Destinos/Page_Olva Courier  Datos Personales/button_CONTINUAR (1)' successfully

27-11-2024T13:03:54 - [MESSAGE][WARNING] - Timeout '0' is invalid. Using default page load timeout: '30'

27-11-2024T13:03:55 - [MESSAGE][PASSED] - Scroll to object 'Object Repository/Destinos/Page_Olva Courier  Datos Personales/button_CONTINUAR (1)' successfully

27-11-2024T13:03:55 - [TEST_STEP][PASSED] - click(findTestObject("Object Repository/Destinos/Page_Olva Courier  Datos Personales/button_CONTINUAR (1)")): Object: 'Object Repository/Destinos/Page_Olva Courier  Datos Personales/button_CONTINUAR (1)' is clicked on

27-11-2024T13:03:55 - [MESSAGE][PASSED] - Object: 'Object Repository/Destinos/Page_Olva Courier  Datos Personales/button_CONTINUAR (1)' is clicked on

27-11-2024T13:03:55 - [TEST_STEP][PASSED] - click(findTestObject("Object Repository/Destinos/Page_Olva Courier  Confirma tus datos/a_AGREGAR ENVOS (1)")): Object: 'Object Repository/Destinos/Page_Olva Courier  Confirma tus datos/a_AGREGAR ENVOS (1)' is clicked on

27-11-2024T13:03:58 - [MESSAGE][PASSED] - Object: 'Object Repository/Destinos/Page_Olva Courier  Confirma tus datos/a_AGREGAR ENVOS (1)' is clicked on

27-11-2024T13:03:58 - [TEST_STEP][PASSED] - click(findTestObject("Object Repository/Destinos/Page_Olva Courier  Home/img_Envo de cajas o paquetescon un peso mxi_37770f (1)")): Object: 'Object Repository/Destinos/Page_Olva Courier  Home/img_Envo de cajas o paquetescon un peso mxi_37770f (1)' is clicked on

27-11-2024T13:03:58 - [MESSAGE][PASSED] - Object: 'Object Repository/Destinos/Page_Olva Courier  Home/img_Envo de cajas o paquetescon un peso mxi_37770f (1)' is clicked on

27-11-2024T13:03:58 - [TEST_STEP][PASSED] - scrollToElement(findTestObject("Object Repository/Destinos/Page_Olva Courier  Home/button_CONTINUAR (1)"), 0): Scroll to object 'Object Repository/Destinos/Page_Olva Courier  Home/button_CONTINUAR (1)' successfully

27-11-2024T13:03:58 - [MESSAGE][WARNING] - Timeout '0' is invalid. Using default page load timeout: '30'

27-11-2024T13:03:59 - [MESSAGE][PASSED] - Scroll to object 'Object Repository/Destinos/Page_Olva Courier  Home/button_CONTINUAR (1)' successfully

27-11-2024T13:03:59 - [TEST_STEP][PASSED] - click(findTestObject("Object Repository/Destinos/Page_Olva Courier  Home/button_CONTINUAR (1)")): Object: 'Object Repository/Destinos/Page_Olva Courier  Home/button_CONTINUAR (1)' is clicked on

27-11-2024T13:04:00 - [MESSAGE][PASSED] - Object: 'Object Repository/Destinos/Page_Olva Courier  Home/button_CONTINUAR (1)' is clicked on

27-11-2024T13:04:00 - [TEST_STEP][PASSED] - setText(findTestObject("Object Repository/Destinos/Page_Olva Courier  Datos Personales/input_Qu Envas_input_descripcion (1)"), "Fty"): Text 'Fty' is set on object 'Object Repository/Destinos/Page_Olva Courier  Datos Personales/input_Qu Envas_input_descripcion (1)'

27-11-2024T13:04:05 - [MESSAGE][PASSED] - Text 'Fty' is set on object 'Object Repository/Destinos/Page_Olva Courier  Datos Personales/input_Qu Envas_input_descripcion (1)'

27-11-2024T13:04:05 - [TEST_STEP][PASSED] - setText(findTestObject("Object Repository/Destinos/Page_Olva Courier  Datos Personales/input_Qu Envas_input_valor (1)"), "50"): Text '50' is set on object 'Object Repository/Destinos/Page_Olva Courier  Datos Personales/input_Qu Envas_input_valor (1)'

27-11-2024T13:04:05 - [MESSAGE][PASSED] - Text '50' is set on object 'Object Repository/Destinos/Page_Olva Courier  Datos Personales/input_Qu Envas_input_valor (1)'

27-11-2024T13:04:05 - [TEST_STEP][PASSED] - scrollToElement(findTestObject("Object Repository/Destinos/Page_Olva Courier  Datos Personales/button_Ingrese el punto de llegada (1)"), 0): Scroll to object 'Object Repository/Destinos/Page_Olva Courier  Datos Personales/button_Ingrese el punto de llegada (1)' successfully

27-11-2024T13:04:05 - [MESSAGE][WARNING] - Timeout '0' is invalid. Using default page load timeout: '30'

27-11-2024T13:04:06 - [MESSAGE][PASSED] - Scroll to object 'Object Repository/Destinos/Page_Olva Courier  Datos Personales/button_Ingrese el punto de llegada (1)' successfully

27-11-2024T13:04:06 - [TEST_STEP][PASSED] - click(findTestObject("Object Repository/Destinos/Page_Olva Courier  Datos Personales/button_Ingrese el punto de llegada (1)")): Object: 'Object Repository/Destinos/Page_Olva Courier  Datos Personales/button_Ingrese el punto de llegada (1)' is clicked on

27-11-2024T13:04:06 - [MESSAGE][PASSED] - Object: 'Object Repository/Destinos/Page_Olva Courier  Datos Personales/button_Ingrese el punto de llegada (1)' is clicked on

27-11-2024T13:04:06 - [TEST_STEP][PASSED] - click(findTestObject("Object Repository/Destinos/Page_Olva Courier  Datos Personales/a_ANCASH - HUARAZ - HUARAZ")): Object: 'Object Repository/Destinos/Page_Olva Courier  Datos Personales/a_ANCASH - HUARAZ - HUARAZ' is clicked on

27-11-2024T13:04:07 - [MESSAGE][PASSED] - Object: 'Object Repository/Destinos/Page_Olva Courier  Datos Personales/a_ANCASH - HUARAZ - HUARAZ' is clicked on

27-11-2024T13:04:07 - [TEST_STEP][PASSED] - click(findTestObject("Object Repository/Destinos/Page_Olva Courier  Datos Personales/button_Tipo de entrega (1)")): Object: 'Object Repository/Destinos/Page_Olva Courier  Datos Personales/button_Tipo de entrega (1)' is clicked on

27-11-2024T13:04:07 - [MESSAGE][PASSED] - Object: 'Object Repository/Destinos/Page_Olva Courier  Datos Personales/button_Tipo de entrega (1)' is clicked on

27-11-2024T13:04:07 - [TEST_STEP][PASSED] - click(findTestObject("Object Repository/Destinos/Page_Olva Courier  Datos Personales/a_Recojo en tienda (1)")): Object: 'Object Repository/Destinos/Page_Olva Courier  Datos Personales/a_Recojo en tienda (1)' is clicked on

27-11-2024T13:04:08 - [MESSAGE][PASSED] - Object: 'Object Repository/Destinos/Page_Olva Courier  Datos Personales/a_Recojo en tienda (1)' is clicked on

27-11-2024T13:04:08 - [TEST_STEP][PASSED] - click(findTestObject("Object Repository/Destinos/Page_Olva Courier  Datos Personales/button_Tienda (1)")): Object: 'Object Repository/Destinos/Page_Olva Courier  Datos Personales/button_Tienda (1)' is clicked on

27-11-2024T13:04:09 - [MESSAGE][PASSED] - Object: 'Object Repository/Destinos/Page_Olva Courier  Datos Personales/button_Tienda (1)' is clicked on

27-11-2024T13:04:09 - [TEST_STEP][PASSED] - click(findTestObject("Object Repository/Destinos/Page_Olva Courier  Datos Personales/span_TIENDA HUARAZ - HUARAZ - AV MARISCAL A_1d6adb")): Object: 'Object Repository/Destinos/Page_Olva Courier  Datos Personales/span_TIENDA HUARAZ - HUARAZ - AV MARISCAL A_1d6adb' is clicked on

27-11-2024T13:04:09 - [MESSAGE][PASSED] - Object: 'Object Repository/Destinos/Page_Olva Courier  Datos Personales/span_TIENDA HUARAZ - HUARAZ - AV MARISCAL A_1d6adb' is clicked on

27-11-2024T13:04:09 - [TEST_STEP][PASSED] - scrollToElement(findTestObject("Object Repository/Destinos/Page_Olva Courier  Datos Personales/button_Tipo De Documento_1 (1)"), 0): Scroll to object 'Object Repository/Destinos/Page_Olva Courier  Datos Personales/button_Tipo De Documento_1 (1)' successfully

27-11-2024T13:04:09 - [MESSAGE][WARNING] - Timeout '0' is invalid. Using default page load timeout: '30'

27-11-2024T13:04:09 - [MESSAGE][PASSED] - Scroll to object 'Object Repository/Destinos/Page_Olva Courier  Datos Personales/button_Tipo De Documento_1 (1)' successfully

27-11-2024T13:04:09 - [TEST_STEP][PASSED] - click(findTestObject("Object Repository/Destinos/Page_Olva Courier  Datos Personales/button_Tipo De Documento_1 (1)")): Object: 'Object Repository/Destinos/Page_Olva Courier  Datos Personales/button_Tipo De Documento_1 (1)' is clicked on

27-11-2024T13:04:10 - [MESSAGE][PASSED] - Object: 'Object Repository/Destinos/Page_Olva Courier  Datos Personales/button_Tipo De Documento_1 (1)' is clicked on

27-11-2024T13:04:10 - [TEST_STEP][PASSED] - click(findTestObject("Object Repository/Destinos/Page_Olva Courier  Datos Personales/span_DNI")): Object: 'Object Repository/Destinos/Page_Olva Courier  Datos Personales/span_DNI' is clicked on

27-11-2024T13:04:10 - [MESSAGE][PASSED] - Object: 'Object Repository/Destinos/Page_Olva Courier  Datos Personales/span_DNI' is clicked on

27-11-2024T13:04:10 - [TEST_STEP][PASSED] - setText(findTestObject("Object Repository/Destinos/Page_Olva Courier  Datos Personales/input_CARN EXT_txt_consignado_dni (1)"), "71735785"): Text '71735785' is set on object 'Object Repository/Destinos/Page_Olva Courier  Datos Personales/input_CARN EXT_txt_consignado_dni (1)'

27-11-2024T13:04:11 - [MESSAGE][PASSED] - Text '71735785' is set on object 'Object Repository/Destinos/Page_Olva Courier  Datos Personales/input_CARN EXT_txt_consignado_dni (1)'

27-11-2024T13:04:11 - [TEST_STEP][PASSED] - scrollToElement(findTestObject("Object Repository/Destinos/Page_Olva Courier  Datos Personales/button_CONTINUAR (1)"), 0): Scroll to object 'Object Repository/Destinos/Page_Olva Courier  Datos Personales/button_CONTINUAR (1)' successfully

27-11-2024T13:04:11 - [MESSAGE][WARNING] - Timeout '0' is invalid. Using default page load timeout: '30'

27-11-2024T13:04:12 - [MESSAGE][PASSED] - Scroll to object 'Object Repository/Destinos/Page_Olva Courier  Datos Personales/button_CONTINUAR (1)' successfully

27-11-2024T13:04:12 - [TEST_STEP][PASSED] - click(findTestObject("Object Repository/Destinos/Page_Olva Courier  Datos Personales/button_CONTINUAR (1)")): Object: 'Object Repository/Destinos/Page_Olva Courier  Datos Personales/button_CONTINUAR (1)' is clicked on

27-11-2024T13:04:12 - [MESSAGE][PASSED] - Object: 'Object Repository/Destinos/Page_Olva Courier  Datos Personales/button_CONTINUAR (1)' is clicked on

27-11-2024T13:04:12 - [TEST_STEP][FAILED] - click(findTestObject("Object Repository/Destinos/Page_Olva Courier  Confirma tus datos/button_IR A PAGAR S 27.90 (1)")): Unable to click on object 'Object Repository/Destinos/Page_Olva Courier  Confirma tus datos/button_IR A PAGAR S 27.90 (1)' (Root cause: com.kms.katalon.core.exception.StepFailedException: Unable to click on object 'Object Repository/Destinos/Page_Olva Courier  Confirma tus datos/button_IR A PAGAR S 27.90 (1)'
	at com.kms.katalon.core.webui.keyword.internal.WebUIKeywordMain.stepFailed(WebUIKeywordMain.groovy:117)
	at com.kms.katalon.core.webui.keyword.internal.WebUIKeywordMain.runKeyword(WebUIKeywordMain.groovy:43)
	at com.kms.katalon.core.webui.keyword.builtin.ClickKeyword.click(ClickKeyword.groovy:74)
	at com.kms.katalon.core.webui.keyword.builtin.ClickKeyword.execute(ClickKeyword.groovy:40)
	at com.kms.katalon.core.keyword.internal.KeywordExecutor.executeKeywordForPlatform(KeywordExecutor.groovy:74)
	at com.kms.katalon.core.webui.keyword.WebUiBuiltInKeywords.click(WebUiBuiltInKeywords.groovy:659)
	at Destino-DO.run(Destino-DO:120)
	at com.kms.katalon.core.main.ScriptEngine.run(ScriptEngine.java:194)
	at com.kms.katalon.core.main.ScriptEngine.runScriptAsRawText(ScriptEngine.java:119)
	at com.kms.katalon.core.main.TestCaseExecutor.runScript(TestCaseExecutor.java:448)
	at com.kms.katalon.core.main.TestCaseExecutor.doExecute(TestCaseExecutor.java:439)
	at com.kms.katalon.core.main.TestCaseExecutor.processExecutionPhase(TestCaseExecutor.java:418)
	at com.kms.katalon.core.main.TestCaseExecutor.accessMainPhase(TestCaseExecutor.java:410)
	at com.kms.katalon.core.main.TestCaseExecutor.execute(TestCaseExecutor.java:285)
	at com.kms.katalon.core.common.CommonExecutor.accessTestCaseMainPhase(CommonExecutor.java:65)
	at com.kms.katalon.core.main.TestSuiteExecutor.accessTestSuiteMainPhase(TestSuiteExecutor.java:150)
	at com.kms.katalon.core.main.TestSuiteExecutor.execute(TestSuiteExecutor.java:106)
	at com.kms.katalon.core.main.TestCaseMain.startTestSuite(TestCaseMain.java:180)
	at TempTestSuite1732729948317.run(TempTestSuite1732729948317.groovy:35)
	at java.base/jdk.internal.reflect.NativeMethodAccessorImpl.invoke0(Native Method)
	at java.base/jdk.internal.reflect.NativeMethodAccessorImpl.invoke(NativeMethodAccessorImpl.java:77)
	at java.base/jdk.internal.reflect.DelegatingMethodAccessorImpl.invoke(DelegatingMethodAccessorImpl.java:43)
Caused by: org.openqa.selenium.ElementClickInterceptedException: Element <button id="btn-pagar-listar" class="btn btn-warning" type="button"> is not clickable at point (682,614) because another element <p> obscures it
Build info: version: '3.141.59', revision: 'unknown', time: 'unknown'
System info: host: 'DESKTOP-RGFFP9A', ip: '10.136.10.6', os.name: 'Windows 11', os.arch: 'amd64', os.version: '10.0', java.version: '17.0.7'
Driver info: com.kms.katalon.core.webui.driver.firefox.CGeckoDriver
Capabilities {acceptInsecureCerts: true, browserName: firefox, browserVersion: 133.0, javascriptEnabled: true, moz:accessibilityChecks: false, moz:buildID: 20241121140525, moz:geckodriverVersion: 0.35.0, moz:headless: false, moz:platformVersion: 10.0, moz:processID: 34920, moz:profile: C:\Users\OLVATI\AppData\Loc..., moz:shutdownTimeout: 60000, moz:webdriverClick: true, moz:windowless: false, pageLoadStrategy: normal, platform: WINDOWS, platformName: WINDOWS, proxy: Proxy(direct), setWindowRect: true, strictFileInteractability: false, timeouts: {implicit: 0, pageLoad: 300000, script: 30000}, unhandledPromptBehavior: dismiss and notify, userAgent: Mozilla/5.0 (Windows NT 10....}
Session ID: 67a738e0-2d5e-46e0-b182-d337138b289d
	at jdk.internal.reflect.GeneratedConstructorAccessor32.newInstance(Unknown Source)
	at java.base/jdk.internal.reflect.DelegatingConstructorAccessorImpl.newInstance(DelegatingConstructorAccessorImpl.java:45)
	at org.openqa.selenium.remote.http.W3CHttpResponseCodec.createException(W3CHttpResponseCodec.java:187)
	at org.openqa.selenium.remote.http.W3CHttpResponseCodec.decode(W3CHttpResponseCodec.java:122)
	at org.openqa.selenium.remote.http.W3CHttpResponseCodec.decode(W3CHttpResponseCodec.java:49)
	at org.openqa.selenium.remote.HttpCommandExecutor.execute(HttpCommandExecutor.java:158)
	at org.openqa.selenium.remote.service.DriverCommandExecutor.execute(DriverCommandExecutor.java:83)
	at org.openqa.selenium.remote.RemoteWebDriver.execute(RemoteWebDriver.java:552)
	at com.kms.katalon.selenium.driver.CFirefoxDriver.execute(CFirefoxDriver.java:28)
	at org.openqa.selenium.remote.RemoteWebElement.execute(RemoteWebElement.java:285)
	at org.openqa.selenium.remote.RemoteWebElement.click(RemoteWebElement.java:84)
	at jdk.internal.reflect.GeneratedMethodAccessor10.invoke(Unknown Source)
	at java.base/jdk.internal.reflect.DelegatingMethodAccessorImpl.invoke(DelegatingMethodAccessorImpl.java:43)
	at org.openqa.selenium.support.events.EventFiringWebDriver$EventFiringWebElement.lambda$new$0(EventFiringWebDriver.java:404)
	at jdk.proxy2/jdk.proxy2.$Proxy21.click(Unknown Source)
	at org.openqa.selenium.support.events.EventFiringWebDriver$EventFiringWebElement.click(EventFiringWebDriver.java:417)
	at org.openqa.selenium.WebElement$click.call(Unknown Source)
	at com.kms.katalon.core.webui.keyword.builtin.ClickKeyword.clickUntilSuccessWithTimeout(ClickKeyword.groovy:81)
	at com.kms.katalon.core.webui.keyword.builtin.ClickKeyword.clickUntilSuccessWithTimeout(ClickKeyword.groovy)
	at jdk.internal.reflect.GeneratedMethodAccessor8.invoke(Unknown Source)
	at java.base/jdk.internal.reflect.DelegatingMethodAccessorImpl.invoke(DelegatingMethodAccessorImpl.java:43)
	at com.kms.katalon.core.webui.keyword.builtin.ClickKeyword$_click_closure1.doCall(ClickKeyword.groovy:67)
	at com.kms.katalon.core.webui.keyword.builtin.ClickKeyword$_click_closure1.call(ClickKeyword.groovy)
	at com.kms.katalon.core.webui.keyword.internal.WebUIKeywordMain.runKeyword(WebUIKeywordMain.groovy:35)
	at com.kms.katalon.core.webui.keyword.builtin.ClickKeyword.click(ClickKeyword.groovy:74)
	at com.kms.katalon.core.webui.keyword.builtin.ClickKeyword.execute(ClickKeyword.groovy:40)
	at com.kms.katalon.core.keyword.internal.KeywordExecutor.executeKeywordForPlatform(KeywordExecutor.groovy:74)
	at com.kms.katalon.core.webui.keyword.WebUiBuiltInKeywords.click(WebUiBuiltInKeywords.groovy:659)
	at Script1732317059045.run(Script1732317059045.groovy:120)
	... 15 more
)

27-11-2024T13:04:43 - [MESSAGE][FAILED] - Unable to click on object 'Object Repository/Destinos/Page_Olva Courier  Confirma tus datos/button_IR A PAGAR S 27.90 (1)' (Root cause: com.kms.katalon.core.exception.StepFailedException: Unable to click on object 'Object Repository/Destinos/Page_Olva Courier  Confirma tus datos/button_IR A PAGAR S 27.90 (1)'
	at com.kms.katalon.core.webui.keyword.internal.WebUIKeywordMain.stepFailed(WebUIKeywordMain.groovy:117)
	at com.kms.katalon.core.webui.keyword.internal.WebUIKeywordMain.runKeyword(WebUIKeywordMain.groovy:43)
	at com.kms.katalon.core.webui.keyword.builtin.ClickKeyword.click(ClickKeyword.groovy:74)
	at com.kms.katalon.core.webui.keyword.builtin.ClickKeyword.execute(ClickKeyword.groovy:40)
	at com.kms.katalon.core.keyword.internal.KeywordExecutor.executeKeywordForPlatform(KeywordExecutor.groovy:74)
	at com.kms.katalon.core.webui.keyword.WebUiBuiltInKeywords.click(WebUiBuiltInKeywords.groovy:659)
	at Destino-DO.run(Destino-DO:120)
	at com.kms.katalon.core.main.ScriptEngine.run(ScriptEngine.java:194)
	at com.kms.katalon.core.main.ScriptEngine.runScriptAsRawText(ScriptEngine.java:119)
	at com.kms.katalon.core.main.TestCaseExecutor.runScript(TestCaseExecutor.java:448)
	at com.kms.katalon.core.main.TestCaseExecutor.doExecute(TestCaseExecutor.java:439)
	at com.kms.katalon.core.main.TestCaseExecutor.processExecutionPhase(TestCaseExecutor.java:418)
	at com.kms.katalon.core.main.TestCaseExecutor.accessMainPhase(TestCaseExecutor.java:410)
	at com.kms.katalon.core.main.TestCaseExecutor.execute(TestCaseExecutor.java:285)
	at com.kms.katalon.core.common.CommonExecutor.accessTestCaseMainPhase(CommonExecutor.java:65)
	at com.kms.katalon.core.main.TestSuiteExecutor.accessTestSuiteMainPhase(TestSuiteExecutor.java:150)
	at com.kms.katalon.core.main.TestSuiteExecutor.execute(TestSuiteExecutor.java:106)
	at com.kms.katalon.core.main.TestCaseMain.startTestSuite(TestCaseMain.java:180)
	at TempTestSuite1732729948317.run(TempTestSuite1732729948317.groovy:35)
	at java.base/jdk.internal.reflect.NativeMethodAccessorImpl.invoke0(Native Method)
	at java.base/jdk.internal.reflect.NativeMethodAccessorImpl.invoke(NativeMethodAccessorImpl.java:77)
	at java.base/jdk.internal.reflect.DelegatingMethodAccessorImpl.invoke(DelegatingMethodAccessorImpl.java:43)
Caused by: org.openqa.selenium.ElementClickInterceptedException: Element <button id="btn-pagar-listar" class="btn btn-warning" type="button"> is not clickable at point (682,614) because another element <p> obscures it
Build info: version: '3.141.59', revision: 'unknown', time: 'unknown'
System info: host: 'DESKTOP-RGFFP9A', ip: '10.136.10.6', os.name: 'Windows 11', os.arch: 'amd64', os.version: '10.0', java.version: '17.0.7'
Driver info: com.kms.katalon.core.webui.driver.firefox.CGeckoDriver
Capabilities {acceptInsecureCerts: true, browserName: firefox, browserVersion: 133.0, javascriptEnabled: true, moz:accessibilityChecks: false, moz:buildID: 20241121140525, moz:geckodriverVersion: 0.35.0, moz:headless: false, moz:platformVersion: 10.0, moz:processID: 34920, moz:profile: C:\Users\OLVATI\AppData\Loc..., moz:shutdownTimeout: 60000, moz:webdriverClick: true, moz:windowless: false, pageLoadStrategy: normal, platform: WINDOWS, platformName: WINDOWS, proxy: Proxy(direct), setWindowRect: true, strictFileInteractability: false, timeouts: {implicit: 0, pageLoad: 300000, script: 30000}, unhandledPromptBehavior: dismiss and notify, userAgent: Mozilla/5.0 (Windows NT 10....}
Session ID: 67a738e0-2d5e-46e0-b182-d337138b289d
	at jdk.internal.reflect.GeneratedConstructorAccessor32.newInstance(Unknown Source)
	at java.base/jdk.internal.reflect.DelegatingConstructorAccessorImpl.newInstance(DelegatingConstructorAccessorImpl.java:45)
	at org.openqa.selenium.remote.http.W3CHttpResponseCodec.createException(W3CHttpResponseCodec.java:187)
	at org.openqa.selenium.remote.http.W3CHttpResponseCodec.decode(W3CHttpResponseCodec.java:122)
	at org.openqa.selenium.remote.http.W3CHttpResponseCodec.decode(W3CHttpResponseCodec.java:49)
	at org.openqa.selenium.remote.HttpCommandExecutor.execute(HttpCommandExecutor.java:158)
	at org.openqa.selenium.remote.service.DriverCommandExecutor.execute(DriverCommandExecutor.java:83)
	at org.openqa.selenium.remote.RemoteWebDriver.execute(RemoteWebDriver.java:552)
	at com.kms.katalon.selenium.driver.CFirefoxDriver.execute(CFirefoxDriver.java:28)
	at org.openqa.selenium.remote.RemoteWebElement.execute(RemoteWebElement.java:285)
	at org.openqa.selenium.remote.RemoteWebElement.click(RemoteWebElement.java:84)
	at jdk.internal.reflect.GeneratedMethodAccessor10.invoke(Unknown Source)
	at java.base/jdk.internal.reflect.DelegatingMethodAccessorImpl.invoke(DelegatingMethodAccessorImpl.java:43)
	at org.openqa.selenium.support.events.EventFiringWebDriver$EventFiringWebElement.lambda$new$0(EventFiringWebDriver.java:404)
	at jdk.proxy2/jdk.proxy2.$Proxy21.click(Unknown Source)
	at org.openqa.selenium.support.events.EventFiringWebDriver$EventFiringWebElement.click(EventFiringWebDriver.java:417)
	at org.openqa.selenium.WebElement$click.call(Unknown Source)
	at com.kms.katalon.core.webui.keyword.builtin.ClickKeyword.clickUntilSuccessWithTimeout(ClickKeyword.groovy:81)
	at com.kms.katalon.core.webui.keyword.builtin.ClickKeyword.clickUntilSuccessWithTimeout(ClickKeyword.groovy)
	at jdk.internal.reflect.GeneratedMethodAccessor8.invoke(Unknown Source)
	at java.base/jdk.internal.reflect.DelegatingMethodAccessorImpl.invoke(DelegatingMethodAccessorImpl.java:43)
	at com.kms.katalon.core.webui.keyword.builtin.ClickKeyword$_click_closure1.doCall(ClickKeyword.groovy:67)
	at com.kms.katalon.core.webui.keyword.builtin.ClickKeyword$_click_closure1.call(ClickKeyword.groovy)
	at com.kms.katalon.core.webui.keyword.internal.WebUIKeywordMain.runKeyword(WebUIKeywordMain.groovy:35)
	at com.kms.katalon.core.webui.keyword.builtin.ClickKeyword.click(ClickKeyword.groovy:74)
	at com.kms.katalon.core.webui.keyword.builtin.ClickKeyword.execute(ClickKeyword.groovy:40)
	at com.kms.katalon.core.keyword.internal.KeywordExecutor.executeKeywordForPlatform(KeywordExecutor.groovy:74)
	at com.kms.katalon.core.webui.keyword.WebUiBuiltInKeywords.click(WebUiBuiltInKeywords.groovy:659)
	at Script1732317059045.run(Script1732317059045.groovy:120)
	... 15 more
)]]></system-out>
         <system-err><![CDATA[27-11-2024T13:03:14 - [TEST_CASE][FAILED] - Test Cases/2.Positivos/2.1Paquete/Origen-Provincia/3.Destino-D,DO,O/Destino-DO: Test Cases/2.Positivos/2.1Paquete/Origen-Provincia/3.Destino-D,DO,O/Destino-DO FAILED.
Reason:
com.kms.katalon.core.exception.StepFailedException: Unable to click on object 'Object Repository/Destinos/Page_Olva Courier  Confirma tus datos/button_IR A PAGAR S 27.90 (1)'
	at com.kms.katalon.core.webui.keyword.internal.WebUIKeywordMain.stepFailed(WebUIKeywordMain.groovy:117)
	at com.kms.katalon.core.webui.keyword.internal.WebUIKeywordMain.runKeyword(WebUIKeywordMain.groovy:43)
	at com.kms.katalon.core.webui.keyword.builtin.ClickKeyword.click(ClickKeyword.groovy:74)
	at com.kms.katalon.core.webui.keyword.builtin.ClickKeyword.execute(ClickKeyword.groovy:40)
	at com.kms.katalon.core.keyword.internal.KeywordExecutor.executeKeywordForPlatform(KeywordExecutor.groovy:74)
	at com.kms.katalon.core.webui.keyword.WebUiBuiltInKeywords.click(WebUiBuiltInKeywords.groovy:659)
	at Destino-DO.run(Destino-DO:120)
	at com.kms.katalon.core.main.ScriptEngine.run(ScriptEngine.java:194)
	at com.kms.katalon.core.main.ScriptEngine.runScriptAsRawText(ScriptEngine.java:119)
	at com.kms.katalon.core.main.TestCaseExecutor.runScript(TestCaseExecutor.java:448)
	at com.kms.katalon.core.main.TestCaseExecutor.doExecute(TestCaseExecutor.java:439)
	at com.kms.katalon.core.main.TestCaseExecutor.processExecutionPhase(TestCaseExecutor.java:418)
	at com.kms.katalon.core.main.TestCaseExecutor.accessMainPhase(TestCaseExecutor.java:410)
	at com.kms.katalon.core.main.TestCaseExecutor.execute(TestCaseExecutor.java:285)
	at com.kms.katalon.core.common.CommonExecutor.accessTestCaseMainPhase(CommonExecutor.java:65)
	at com.kms.katalon.core.main.TestSuiteExecutor.accessTestSuiteMainPhase(TestSuiteExecutor.java:150)
	at com.kms.katalon.core.main.TestSuiteExecutor.execute(TestSuiteExecutor.java:106)
	at com.kms.katalon.core.main.TestCaseMain.startTestSuite(TestCaseMain.java:180)
	at TempTestSuite1732729948317.run(TempTestSuite1732729948317.groovy:35)
	at java.base/jdk.internal.reflect.NativeMethodAccessorImpl.invoke0(Native Method)
	at java.base/jdk.internal.reflect.NativeMethodAccessorImpl.invoke(NativeMethodAccessorImpl.java:77)
	at java.base/jdk.internal.reflect.DelegatingMethodAccessorImpl.invoke(DelegatingMethodAccessorImpl.java:43)
Caused by: org.openqa.selenium.ElementClickInterceptedException: Element <button id="btn-pagar-listar" class="btn btn-warning" type="button"> is not clickable at point (682,614) because another element <p> obscures it
Build info: version: '3.141.59', revision: 'unknown', time: 'unknown'
System info: host: 'DESKTOP-RGFFP9A', ip: '10.136.10.6', os.name: 'Windows 11', os.arch: 'amd64', os.version: '10.0', java.version: '17.0.7'
Driver info: com.kms.katalon.core.webui.driver.firefox.CGeckoDriver
Capabilities {acceptInsecureCerts: true, browserName: firefox, browserVersion: 133.0, javascriptEnabled: true, moz:accessibilityChecks: false, moz:buildID: 20241121140525, moz:geckodriverVersion: 0.35.0, moz:headless: false, moz:platformVersion: 10.0, moz:processID: 34920, moz:profile: C:\Users\OLVATI\AppData\Loc..., moz:shutdownTimeout: 60000, moz:webdriverClick: true, moz:windowless: false, pageLoadStrategy: normal, platform: WINDOWS, platformName: WINDOWS, proxy: Proxy(direct), setWindowRect: true, strictFileInteractability: false, timeouts: {implicit: 0, pageLoad: 300000, script: 30000}, unhandledPromptBehavior: dismiss and notify, userAgent: Mozilla/5.0 (Windows NT 10....}
Session ID: 67a738e0-2d5e-46e0-b182-d337138b289d
	at jdk.internal.reflect.GeneratedConstructorAccessor32.newInstance(Unknown Source)
	at java.base/jdk.internal.reflect.DelegatingConstructorAccessorImpl.newInstance(DelegatingConstructorAccessorImpl.java:45)
	at org.openqa.selenium.remote.http.W3CHttpResponseCodec.createException(W3CHttpResponseCodec.java:187)
	at org.openqa.selenium.remote.http.W3CHttpResponseCodec.decode(W3CHttpResponseCodec.java:122)
	at org.openqa.selenium.remote.http.W3CHttpResponseCodec.decode(W3CHttpResponseCodec.java:49)
	at org.openqa.selenium.remote.HttpCommandExecutor.execute(HttpCommandExecutor.java:158)
	at org.openqa.selenium.remote.service.DriverCommandExecutor.execute(DriverCommandExecutor.java:83)
	at org.openqa.selenium.remote.RemoteWebDriver.execute(RemoteWebDriver.java:552)
	at com.kms.katalon.selenium.driver.CFirefoxDriver.execute(CFirefoxDriver.java:28)
	at org.openqa.selenium.remote.RemoteWebElement.execute(RemoteWebElement.java:285)
	at org.openqa.selenium.remote.RemoteWebElement.click(RemoteWebElement.java:84)
	at jdk.internal.reflect.GeneratedMethodAccessor10.invoke(Unknown Source)
	at java.base/jdk.internal.reflect.DelegatingMethodAccessorImpl.invoke(DelegatingMethodAccessorImpl.java:43)
	at org.openqa.selenium.support.events.EventFiringWebDriver$EventFiringWebElement.lambda$new$0(EventFiringWebDriver.java:404)
	at jdk.proxy2/jdk.proxy2.$Proxy21.click(Unknown Source)
	at org.openqa.selenium.support.events.EventFiringWebDriver$EventFiringWebElement.click(EventFiringWebDriver.java:417)
	at org.openqa.selenium.WebElement$click.call(Unknown Source)
	at com.kms.katalon.core.webui.keyword.builtin.ClickKeyword.clickUntilSuccessWithTimeout(ClickKeyword.groovy:81)
	at com.kms.katalon.core.webui.keyword.builtin.ClickKeyword.clickUntilSuccessWithTimeout(ClickKeyword.groovy)
	at jdk.internal.reflect.GeneratedMethodAccessor8.invoke(Unknown Source)
	at java.base/jdk.internal.reflect.DelegatingMethodAccessorImpl.invoke(DelegatingMethodAccessorImpl.java:43)
	at com.kms.katalon.core.webui.keyword.builtin.ClickKeyword$_click_closure1.doCall(ClickKeyword.groovy:67)
	at com.kms.katalon.core.webui.keyword.builtin.ClickKeyword$_click_closure1.call(ClickKeyword.groovy)
	at com.kms.katalon.core.webui.keyword.internal.WebUIKeywordMain.runKeyword(WebUIKeywordMain.groovy:35)
	... 20 more]]></system-err>
      </testcase>
      <testcase name="Test Cases/2.Positivos/2.1Paquete/Origen-Provincia/3.Destino-D,DO,O/Destino-D" time="37.729" classname="Test Cases/2.Positivos/2.1Paquete/Origen-Provincia/3.Destino-D,DO,O/Destino-D" status="PASSED">
         <system-out><![CDATA[27-11-2024T13:04:43 - [TEST_CASE][PASSED] - Test Cases/2.Positivos/2.1Paquete/Origen-Provincia/3.Destino-D,DO,O/Destino-D: Test Cases/2.Positivos/2.1Paquete/Origen-Provincia/3.Destino-D,DO,O/Destino-D

27-11-2024T13:04:43 - [TEST_STEP][PASSED] - callTestCase(findTestCase("1.Inicio/1.1Principal/Principal-home"), [:], STOP_ON_FAILURE): Call Test Case 'Test Cases/1.Inicio/1.1Principal/Principal-home' successfully

27-11-2024T13:04:43 - [TEST_CASE][PASSED] - Test Cases/1.Inicio/1.1Principal/Principal-home: Test Cases/1.Inicio/1.1Principal/Principal-home

27-11-2024T13:04:43 - [TEST_STEP][PASSED] - openBrowser(""): Browser is opened with url: ''

27-11-2024T13:04:43 - [MESSAGE][WARNING] - A browser is already opened. Closing browser and opening a new one

27-11-2024T13:04:44 - [MESSAGE][INFO] - Starting 'Firefox' driver

27-11-2024T13:04:44 - [MESSAGE][INFO] - Action delay is set to 0 milliseconds

27-11-2024T13:04:49 - [MESSAGE][PASSED] - Browser is opened with url: ''

27-11-2024T13:04:49 - [TEST_STEP][PASSED] - navigateToUrl("https://dev01-registrodeenvios.olvacourier.com/principal"): Navigate to 'https://dev01-registrodeenvios.olvacourier.com/principal' successfully

27-11-2024T13:04:50 - [MESSAGE][PASSED] - Navigate to 'https://dev01-registrodeenvios.olvacourier.com/principal' successfully

27-11-2024T13:04:50 - [TEST_STEP][PASSED] - maximizeWindow(): Current window maximized

27-11-2024T13:04:50 - [MESSAGE][PASSED] - Current window maximized

27-11-2024T13:04:50 - [MESSAGE][PASSED] - Call Test Case 'Test Cases/1.Inicio/1.1Principal/Principal-home' successfully

27-11-2024T13:04:50 - [TEST_STEP][PASSED] - callTestCase(findTestCase("1.Inicio/1.1Principal/Selec_paquete"), [:], STOP_ON_FAILURE): Call Test Case 'Test Cases/1.Inicio/1.1Principal/Selec_paquete' successfully

27-11-2024T13:04:50 - [TEST_CASE][PASSED] - Test Cases/1.Inicio/1.1Principal/Selec_paquete: Test Cases/1.Inicio/1.1Principal/Selec_paquete

27-11-2024T13:04:51 - [TEST_STEP][PASSED] - click(findTestObject("Object Repository/Principal/Page_Olva Courier  Home/img_Qu deseas realizar hoy_img_paquete")): Object: 'Object Repository/Principal/Page_Olva Courier  Home/img_Qu deseas realizar hoy_img_paquete' is clicked on

27-11-2024T13:04:51 - [MESSAGE][PASSED] - Object: 'Object Repository/Principal/Page_Olva Courier  Home/img_Qu deseas realizar hoy_img_paquete' is clicked on

27-11-2024T13:04:51 - [TEST_STEP][PASSED] - click(findTestObject("Object Repository/Principal/Page_Olva Courier  Home/span_He ledo y acepto los_checkmark (1)")): Object: 'Object Repository/Principal/Page_Olva Courier  Home/span_He ledo y acepto los_checkmark (1)' is clicked on

27-11-2024T13:04:52 - [MESSAGE][PASSED] - Object: 'Object Repository/Principal/Page_Olva Courier  Home/span_He ledo y acepto los_checkmark (1)' is clicked on

27-11-2024T13:04:52 - [TEST_STEP][PASSED] - click(findTestObject("Object Repository/Principal/Page_Olva Courier  Home/button_CONTINUAR (1)")): Object: 'Object Repository/Principal/Page_Olva Courier  Home/button_CONTINUAR (1)' is clicked on

27-11-2024T13:04:53 - [MESSAGE][PASSED] - Object: 'Object Repository/Principal/Page_Olva Courier  Home/button_CONTINUAR (1)' is clicked on

27-11-2024T13:04:53 - [TEST_STEP][PASSED] - verifyElementPresent(findTestObject("Object Repository/Principal/Page_Olva Courier  Datos Personales/strong_REGISTRO DE ENVOS"), 0): Object 'Object Repository/Principal/Page_Olva Courier  Datos Personales/strong_REGISTRO DE ENVOS' is present

27-11-2024T13:04:53 - [MESSAGE][WARNING] - Timeout '0' is invalid. Using default page load timeout: '30'

27-11-2024T13:04:53 - [MESSAGE][PASSED] - Object 'Object Repository/Principal/Page_Olva Courier  Datos Personales/strong_REGISTRO DE ENVOS' is present

27-11-2024T13:04:53 - [TEST_STEP][PASSED] - verifyElementPresent(findTestObject("Object Repository/Principal/Page_Olva Courier  Datos Personales/span_Regresar (1)"), 0): Object 'Object Repository/Principal/Page_Olva Courier  Datos Personales/span_Regresar (1)' is present

27-11-2024T13:04:53 - [MESSAGE][WARNING] - Timeout '0' is invalid. Using default page load timeout: '30'

27-11-2024T13:04:54 - [MESSAGE][PASSED] - Object 'Object Repository/Principal/Page_Olva Courier  Datos Personales/span_Regresar (1)' is present

27-11-2024T13:04:54 - [TEST_STEP][PASSED] - verifyElementPresent(findTestObject("Object Repository/Principal/Page_Olva Courier  Datos Personales/span_Inicio (1)"), 0): Object 'Object Repository/Principal/Page_Olva Courier  Datos Personales/span_Inicio (1)' is present

27-11-2024T13:04:54 - [MESSAGE][WARNING] - Timeout '0' is invalid. Using default page load timeout: '30'

27-11-2024T13:04:54 - [MESSAGE][PASSED] - Object 'Object Repository/Principal/Page_Olva Courier  Datos Personales/span_Inicio (1)' is present

27-11-2024T13:04:54 - [MESSAGE][PASSED] - Call Test Case 'Test Cases/1.Inicio/1.1Principal/Selec_paquete' successfully

27-11-2024T13:04:54 - [TEST_STEP][PASSED] - callTestCase(findTestCase("1.Inicio/1.2Tipo_Doc/1.DNI"), [:], STOP_ON_FAILURE): Call Test Case 'Test Cases/1.Inicio/1.2Tipo_Doc/1.DNI' successfully

27-11-2024T13:04:54 - [TEST_CASE][PASSED] - Test Cases/1.Inicio/1.2Tipo_Doc/1.DNI: Test Cases/1.Inicio/1.2Tipo_Doc/1.DNI

27-11-2024T13:04:54 - [TEST_STEP][PASSED] - click(findTestObject("Object Repository/Login/Page_Olva Courier  Datos Personales/button_Tipo De Documento")): Object: 'Object Repository/Login/Page_Olva Courier  Datos Personales/button_Tipo De Documento' is clicked on

27-11-2024T13:04:55 - [MESSAGE][PASSED] - Object: 'Object Repository/Login/Page_Olva Courier  Datos Personales/button_Tipo De Documento' is clicked on

27-11-2024T13:04:55 - [TEST_STEP][PASSED] - click(findTestObject("Object Repository/Login/Page_Olva Courier  Datos Personales/a_DNI (Boleta)")): Object: 'Object Repository/Login/Page_Olva Courier  Datos Personales/a_DNI (Boleta)' is clicked on

27-11-2024T13:04:55 - [MESSAGE][PASSED] - Object: 'Object Repository/Login/Page_Olva Courier  Datos Personales/a_DNI (Boleta)' is clicked on

27-11-2024T13:04:55 - [TEST_STEP][PASSED] - setText(findTestObject("Object Repository/Login/Page_Olva Courier  Datos Personales/input_CARN EXT. (Boleta)_txt_documento_cliente"), "47190321"): Text '47190321' is set on object 'Object Repository/Login/Page_Olva Courier  Datos Personales/input_CARN EXT. (Boleta)_txt_documento_cliente'

27-11-2024T13:04:56 - [MESSAGE][PASSED] - Text '47190321' is set on object 'Object Repository/Login/Page_Olva Courier  Datos Personales/input_CARN EXT. (Boleta)_txt_documento_cliente'

27-11-2024T13:04:56 - [TEST_STEP][PASSED] - setText(findTestObject("Object Repository/Login/Page_Olva Courier  Datos Personales/input_CARN EXT. (Boleta)_txt_telefono_cliente"), "957378086"): Text '957378086' is set on object 'Object Repository/Login/Page_Olva Courier  Datos Personales/input_CARN EXT. (Boleta)_txt_telefono_cliente'

27-11-2024T13:05:00 - [MESSAGE][PASSED] - Text '957378086' is set on object 'Object Repository/Login/Page_Olva Courier  Datos Personales/input_CARN EXT. (Boleta)_txt_telefono_cliente'

27-11-2024T13:05:01 - [TEST_STEP][PASSED] - setText(findTestObject("Object Repository/Login/Page_Olva Courier  Datos Personales/input_Hola,_txt_email_cliente"), "riosalejosjs@gmail.com"): Text 'riosalejosjs@gmail.com' is set on object 'Object Repository/Login/Page_Olva Courier  Datos Personales/input_Hola,_txt_email_cliente'

27-11-2024T13:05:01 - [MESSAGE][PASSED] - Text 'riosalejosjs@gmail.com' is set on object 'Object Repository/Login/Page_Olva Courier  Datos Personales/input_Hola,_txt_email_cliente'

27-11-2024T13:05:01 - [MESSAGE][PASSED] - Call Test Case 'Test Cases/1.Inicio/1.2Tipo_Doc/1.DNI' successfully

27-11-2024T13:05:01 - [TEST_STEP][PASSED] - click(findTestObject("Object Repository/Destinos/Page_Olva Courier  Datos Personales/span_Seleccionar artculo")): Object: 'Object Repository/Destinos/Page_Olva Courier  Datos Personales/span_Seleccionar artculo' is clicked on

27-11-2024T13:05:02 - [MESSAGE][PASSED] - Object: 'Object Repository/Destinos/Page_Olva Courier  Datos Personales/span_Seleccionar artculo' is clicked on

27-11-2024T13:05:02 - [TEST_STEP][PASSED] - click(findTestObject("Object Repository/Destinos/Page_Olva Courier  Datos Personales/span_ACCESORIOS Y EQUIPOS ELECTRONICOS")): Object: 'Object Repository/Destinos/Page_Olva Courier  Datos Personales/span_ACCESORIOS Y EQUIPOS ELECTRONICOS' is clicked on

27-11-2024T13:05:02 - [MESSAGE][PASSED] - Object: 'Object Repository/Destinos/Page_Olva Courier  Datos Personales/span_ACCESORIOS Y EQUIPOS ELECTRONICOS' is clicked on

27-11-2024T13:05:02 - [TEST_STEP][PASSED] - setText(findTestObject("Object Repository/Destinos/Page_Olva Courier  Datos Personales/input_UTILES DE OFICINA_txt_paquete_articulo"), "PREUBas"): Text 'PREUBas' is set on object 'Object Repository/Destinos/Page_Olva Courier  Datos Personales/input_UTILES DE OFICINA_txt_paquete_articulo'

27-11-2024T13:05:02 - [MESSAGE][PASSED] - Text 'PREUBas' is set on object 'Object Repository/Destinos/Page_Olva Courier  Datos Personales/input_UTILES DE OFICINA_txt_paquete_articulo'

27-11-2024T13:05:02 - [TEST_STEP][PASSED] - setText(findTestObject("Object Repository/Destinos/Page_Olva Courier  Datos Personales/input_UTILES DE OFICINA_txt_paquete_valor"), "50"): Text '50' is set on object 'Object Repository/Destinos/Page_Olva Courier  Datos Personales/input_UTILES DE OFICINA_txt_paquete_valor'

27-11-2024T13:05:03 - [MESSAGE][PASSED] - Text '50' is set on object 'Object Repository/Destinos/Page_Olva Courier  Datos Personales/input_UTILES DE OFICINA_txt_paquete_valor'

27-11-2024T13:05:03 - [TEST_STEP][PASSED] - click(findTestObject("Object Repository/Destinos/Page_Olva Courier  Datos Personales/div_Hasta 1Kg")): Object: 'Object Repository/Destinos/Page_Olva Courier  Datos Personales/div_Hasta 1Kg' is clicked on

27-11-2024T13:05:04 - [MESSAGE][PASSED] - Object: 'Object Repository/Destinos/Page_Olva Courier  Datos Personales/div_Hasta 1Kg' is clicked on

27-11-2024T13:05:04 - [TEST_STEP][PASSED] - scrollToElement(findTestObject("Object Repository/Destinos/Page_Olva Courier  Datos Personales/button_LIMA (1)"), 0): Scroll to object 'Object Repository/Destinos/Page_Olva Courier  Datos Personales/button_LIMA (1)' successfully

27-11-2024T13:05:04 - [MESSAGE][WARNING] - Timeout '0' is invalid. Using default page load timeout: '30'

27-11-2024T13:05:04 - [MESSAGE][PASSED] - Scroll to object 'Object Repository/Destinos/Page_Olva Courier  Datos Personales/button_LIMA (1)' successfully

27-11-2024T13:05:04 - [TEST_STEP][PASSED] - click(findTestObject("Object Repository/Destinos/Page_Olva Courier  Datos Personales/button_LIMA (1)")): Object: 'Object Repository/Destinos/Page_Olva Courier  Datos Personales/button_LIMA (1)' is clicked on

27-11-2024T13:05:05 - [MESSAGE][PASSED] - Object: 'Object Repository/Destinos/Page_Olva Courier  Datos Personales/button_LIMA (1)' is clicked on

27-11-2024T13:05:05 - [TEST_STEP][PASSED] - click(findTestObject("Object Repository/Destinos/Page_Olva Courier  Datos Personales/a_TRUJILLO")): Object: 'Object Repository/Destinos/Page_Olva Courier  Datos Personales/a_TRUJILLO' is clicked on

27-11-2024T13:05:05 - [MESSAGE][PASSED] - Object: 'Object Repository/Destinos/Page_Olva Courier  Datos Personales/a_TRUJILLO' is clicked on

27-11-2024T13:05:05 - [TEST_STEP][PASSED] - click(findTestObject("Object Repository/Destinos/Page_Olva Courier  Datos Personales/button_TRUJILLO")): Object: 'Object Repository/Destinos/Page_Olva Courier  Datos Personales/button_TRUJILLO' is clicked on

27-11-2024T13:05:09 - [MESSAGE][PASSED] - Object: 'Object Repository/Destinos/Page_Olva Courier  Datos Personales/button_TRUJILLO' is clicked on

27-11-2024T13:05:09 - [TEST_STEP][PASSED] - click(findTestObject("Object Repository/Destinos/Page_Olva Courier  Datos Personales/button_Ingrese el punto de llegada")): Object: 'Object Repository/Destinos/Page_Olva Courier  Datos Personales/button_Ingrese el punto de llegada' is clicked on

27-11-2024T13:05:09 - [MESSAGE][PASSED] - Object: 'Object Repository/Destinos/Page_Olva Courier  Datos Personales/button_Ingrese el punto de llegada' is clicked on

27-11-2024T13:05:09 - [TEST_STEP][PASSED] - click(findTestObject("Object Repository/Destinos/Page_Olva Courier  Datos Personales/a_CUSCO - CUSCO - CUSCO")): Object: 'Object Repository/Destinos/Page_Olva Courier  Datos Personales/a_CUSCO - CUSCO - CUSCO' is clicked on

27-11-2024T13:05:10 - [MESSAGE][PASSED] - Object: 'Object Repository/Destinos/Page_Olva Courier  Datos Personales/a_CUSCO - CUSCO - CUSCO' is clicked on

27-11-2024T13:05:10 - [TEST_STEP][PASSED] - click(findTestObject("Object Repository/Destinos/Page_Olva Courier  Datos Personales/button_Recojo en tienda")): Object: 'Object Repository/Destinos/Page_Olva Courier  Datos Personales/button_Recojo en tienda' is clicked on

27-11-2024T13:05:10 - [MESSAGE][PASSED] - Object: 'Object Repository/Destinos/Page_Olva Courier  Datos Personales/button_Recojo en tienda' is clicked on

27-11-2024T13:05:10 - [TEST_STEP][PASSED] - click(findTestObject("Object Repository/Destinos/Page_Olva Courier  Datos Personales/a_Entrega a domicilio")): Object: 'Object Repository/Destinos/Page_Olva Courier  Datos Personales/a_Entrega a domicilio' is clicked on

27-11-2024T13:05:12 - [MESSAGE][PASSED] - Object: 'Object Repository/Destinos/Page_Olva Courier  Datos Personales/a_Entrega a domicilio' is clicked on

27-11-2024T13:05:12 - [TEST_STEP][PASSED] - click(findTestObject("Object Repository/Destinos/Page_Olva Courier  Datos Personales/button_Tipo De Documento_1")): Object: 'Object Repository/Destinos/Page_Olva Courier  Datos Personales/button_Tipo De Documento_1' is clicked on

27-11-2024T13:05:13 - [MESSAGE][PASSED] - Object: 'Object Repository/Destinos/Page_Olva Courier  Datos Personales/button_Tipo De Documento_1' is clicked on

27-11-2024T13:05:13 - [TEST_STEP][PASSED] - click(findTestObject("Object Repository/Destinos/Page_Olva Courier  Datos Personales/a_DNI")): Object: 'Object Repository/Destinos/Page_Olva Courier  Datos Personales/a_DNI' is clicked on

27-11-2024T13:05:13 - [MESSAGE][PASSED] - Object: 'Object Repository/Destinos/Page_Olva Courier  Datos Personales/a_DNI' is clicked on

27-11-2024T13:05:13 - [TEST_STEP][PASSED] - setText(findTestObject("Object Repository/Destinos/Page_Olva Courier  Datos Personales/input_CARN EXT_txt_consignado_dni"), "71735785"): Text '71735785' is set on object 'Object Repository/Destinos/Page_Olva Courier  Datos Personales/input_CARN EXT_txt_consignado_dni'

27-11-2024T13:05:14 - [MESSAGE][PASSED] - Text '71735785' is set on object 'Object Repository/Destinos/Page_Olva Courier  Datos Personales/input_CARN EXT_txt_consignado_dni'

27-11-2024T13:05:14 - [TEST_STEP][PASSED] - scrollToElement(findTestObject("Object Repository/Destinos/Page_Olva Courier  Datos Personales/button_CONTINUAR"), 0): Scroll to object 'Object Repository/Destinos/Page_Olva Courier  Datos Personales/button_CONTINUAR' successfully

27-11-2024T13:05:14 - [MESSAGE][WARNING] - Timeout '0' is invalid. Using default page load timeout: '30'

27-11-2024T13:05:15 - [MESSAGE][PASSED] - Scroll to object 'Object Repository/Destinos/Page_Olva Courier  Datos Personales/button_CONTINUAR' successfully

27-11-2024T13:05:15 - [TEST_STEP][PASSED] - click(findTestObject("Object Repository/Destinos/Page_Olva Courier  Datos Personales/button_CONTINUAR")): Object: 'Object Repository/Destinos/Page_Olva Courier  Datos Personales/button_CONTINUAR' is clicked on

27-11-2024T13:05:15 - [MESSAGE][PASSED] - Object: 'Object Repository/Destinos/Page_Olva Courier  Datos Personales/button_CONTINUAR' is clicked on

27-11-2024T13:05:15 - [TEST_STEP][PASSED] - scrollToElement(findTestObject("Object Repository/Destinos/Page_Olva Courier  Confirma tus datos/button_IR A PAGAR S 16.50"), 0): Scroll to object 'Object Repository/Destinos/Page_Olva Courier  Confirma tus datos/button_IR A PAGAR S 16.50' successfully

27-11-2024T13:05:15 - [MESSAGE][WARNING] - Timeout '0' is invalid. Using default page load timeout: '30'

27-11-2024T13:05:17 - [MESSAGE][PASSED] - Scroll to object 'Object Repository/Destinos/Page_Olva Courier  Confirma tus datos/button_IR A PAGAR S 16.50' successfully

27-11-2024T13:05:17 - [TEST_STEP][PASSED] - click(findTestObject("Object Repository/Destinos/Page_Olva Courier  Confirma tus datos/button_IR A PAGAR S 16.50")): Object: 'Object Repository/Destinos/Page_Olva Courier  Confirma tus datos/button_IR A PAGAR S 16.50' is clicked on

27-11-2024T13:05:18 - [MESSAGE][PASSED] - Object: 'Object Repository/Destinos/Page_Olva Courier  Confirma tus datos/button_IR A PAGAR S 16.50' is clicked on

27-11-2024T13:05:18 - [TEST_STEP][PASSED] - delay(3): Delayed 3 second(s)

27-11-2024T13:05:21 - [MESSAGE][PASSED] - Delayed 3 second(s)

27-11-2024T13:05:21 - [TEST_STEP][PASSED] - verifyElementPresent(findTestObject("Object Repository/Destinos/Page_Olva Courier  Medios de pago/button_PAGAR"), 0): Object 'Object Repository/Destinos/Page_Olva Courier  Medios de pago/button_PAGAR' is present

27-11-2024T13:05:21 - [MESSAGE][WARNING] - Timeout '0' is invalid. Using default page load timeout: '30'

27-11-2024T13:05:21 - [MESSAGE][PASSED] - Object 'Object Repository/Destinos/Page_Olva Courier  Medios de pago/button_PAGAR' is present]]></system-out>
         <system-err><![CDATA[]]></system-err>
      </testcase>
      <testcase name="Test Cases/2.Positivos/2.1Paquete/Origen-Provincia/2.Valorado/Entrega_Tienda/Restricion-tienda" time="52.935" classname="Test Cases/2.Positivos/2.1Paquete/Origen-Provincia/2.Valorado/Entrega_Tienda/Restricion-tienda" status="PASSED">
         <system-out><![CDATA[27-11-2024T13:05:21 - [TEST_CASE][PASSED] - Test Cases/2.Positivos/2.1Paquete/Origen-Provincia/2.Valorado/Entrega_Tienda/Restricion-tienda: Test Cases/2.Positivos/2.1Paquete/Origen-Provincia/2.Valorado/Entrega_Tienda/Restricion-tienda

27-11-2024T13:05:21 - [TEST_STEP][PASSED] - callTestCase(findTestCase("1.Inicio/1.1Principal/Principal-home"), [:], STOP_ON_FAILURE): Call Test Case 'Test Cases/1.Inicio/1.1Principal/Principal-home' successfully

27-11-2024T13:05:21 - [TEST_CASE][PASSED] - Test Cases/1.Inicio/1.1Principal/Principal-home: Test Cases/1.Inicio/1.1Principal/Principal-home

27-11-2024T13:05:21 - [TEST_STEP][PASSED] - openBrowser(""): Browser is opened with url: ''

27-11-2024T13:05:21 - [MESSAGE][WARNING] - A browser is already opened. Closing browser and opening a new one

27-11-2024T13:05:23 - [MESSAGE][INFO] - Starting 'Firefox' driver

27-11-2024T13:05:23 - [MESSAGE][INFO] - Action delay is set to 0 milliseconds

27-11-2024T13:05:29 - [MESSAGE][PASSED] - Browser is opened with url: ''

27-11-2024T13:05:29 - [TEST_STEP][PASSED] - navigateToUrl("https://dev01-registrodeenvios.olvacourier.com/principal"): Navigate to 'https://dev01-registrodeenvios.olvacourier.com/principal' successfully

27-11-2024T13:05:30 - [MESSAGE][PASSED] - Navigate to 'https://dev01-registrodeenvios.olvacourier.com/principal' successfully

27-11-2024T13:05:30 - [TEST_STEP][PASSED] - maximizeWindow(): Current window maximized

27-11-2024T13:05:30 - [MESSAGE][PASSED] - Current window maximized

27-11-2024T13:05:30 - [MESSAGE][PASSED] - Call Test Case 'Test Cases/1.Inicio/1.1Principal/Principal-home' successfully

27-11-2024T13:05:30 - [TEST_STEP][PASSED] - callTestCase(findTestCase("1.Inicio/1.1Principal/Selec_paquete"), [:], STOP_ON_FAILURE): Call Test Case 'Test Cases/1.Inicio/1.1Principal/Selec_paquete' successfully

27-11-2024T13:05:30 - [TEST_CASE][PASSED] - Test Cases/1.Inicio/1.1Principal/Selec_paquete: Test Cases/1.Inicio/1.1Principal/Selec_paquete

27-11-2024T13:05:30 - [TEST_STEP][PASSED] - click(findTestObject("Object Repository/Principal/Page_Olva Courier  Home/img_Qu deseas realizar hoy_img_paquete")): Object: 'Object Repository/Principal/Page_Olva Courier  Home/img_Qu deseas realizar hoy_img_paquete' is clicked on

27-11-2024T13:05:31 - [MESSAGE][PASSED] - Object: 'Object Repository/Principal/Page_Olva Courier  Home/img_Qu deseas realizar hoy_img_paquete' is clicked on

27-11-2024T13:05:31 - [TEST_STEP][PASSED] - click(findTestObject("Object Repository/Principal/Page_Olva Courier  Home/span_He ledo y acepto los_checkmark (1)")): Object: 'Object Repository/Principal/Page_Olva Courier  Home/span_He ledo y acepto los_checkmark (1)' is clicked on

27-11-2024T13:05:31 - [MESSAGE][PASSED] - Object: 'Object Repository/Principal/Page_Olva Courier  Home/span_He ledo y acepto los_checkmark (1)' is clicked on

27-11-2024T13:05:31 - [TEST_STEP][PASSED] - click(findTestObject("Object Repository/Principal/Page_Olva Courier  Home/button_CONTINUAR (1)")): Object: 'Object Repository/Principal/Page_Olva Courier  Home/button_CONTINUAR (1)' is clicked on

27-11-2024T13:05:32 - [MESSAGE][PASSED] - Object: 'Object Repository/Principal/Page_Olva Courier  Home/button_CONTINUAR (1)' is clicked on

27-11-2024T13:05:32 - [TEST_STEP][PASSED] - verifyElementPresent(findTestObject("Object Repository/Principal/Page_Olva Courier  Datos Personales/strong_REGISTRO DE ENVOS"), 0): Object 'Object Repository/Principal/Page_Olva Courier  Datos Personales/strong_REGISTRO DE ENVOS' is present

27-11-2024T13:05:32 - [MESSAGE][WARNING] - Timeout '0' is invalid. Using default page load timeout: '30'

27-11-2024T13:05:33 - [MESSAGE][PASSED] - Object 'Object Repository/Principal/Page_Olva Courier  Datos Personales/strong_REGISTRO DE ENVOS' is present

27-11-2024T13:05:33 - [TEST_STEP][PASSED] - verifyElementPresent(findTestObject("Object Repository/Principal/Page_Olva Courier  Datos Personales/span_Regresar (1)"), 0): Object 'Object Repository/Principal/Page_Olva Courier  Datos Personales/span_Regresar (1)' is present

27-11-2024T13:05:33 - [MESSAGE][WARNING] - Timeout '0' is invalid. Using default page load timeout: '30'

27-11-2024T13:05:33 - [MESSAGE][PASSED] - Object 'Object Repository/Principal/Page_Olva Courier  Datos Personales/span_Regresar (1)' is present

27-11-2024T13:05:33 - [TEST_STEP][PASSED] - verifyElementPresent(findTestObject("Object Repository/Principal/Page_Olva Courier  Datos Personales/span_Inicio (1)"), 0): Object 'Object Repository/Principal/Page_Olva Courier  Datos Personales/span_Inicio (1)' is present

27-11-2024T13:05:33 - [MESSAGE][WARNING] - Timeout '0' is invalid. Using default page load timeout: '30'

27-11-2024T13:05:33 - [MESSAGE][PASSED] - Object 'Object Repository/Principal/Page_Olva Courier  Datos Personales/span_Inicio (1)' is present

27-11-2024T13:05:33 - [MESSAGE][PASSED] - Call Test Case 'Test Cases/1.Inicio/1.1Principal/Selec_paquete' successfully

27-11-2024T13:05:33 - [TEST_STEP][PASSED] - callTestCase(findTestCase("1.Inicio/1.2Tipo_Doc/1.DNI"), [:], STOP_ON_FAILURE): Call Test Case 'Test Cases/1.Inicio/1.2Tipo_Doc/1.DNI' successfully

27-11-2024T13:05:33 - [TEST_CASE][PASSED] - Test Cases/1.Inicio/1.2Tipo_Doc/1.DNI: Test Cases/1.Inicio/1.2Tipo_Doc/1.DNI

27-11-2024T13:05:33 - [TEST_STEP][PASSED] - click(findTestObject("Object Repository/Login/Page_Olva Courier  Datos Personales/button_Tipo De Documento")): Object: 'Object Repository/Login/Page_Olva Courier  Datos Personales/button_Tipo De Documento' is clicked on

27-11-2024T13:05:34 - [MESSAGE][PASSED] - Object: 'Object Repository/Login/Page_Olva Courier  Datos Personales/button_Tipo De Documento' is clicked on

27-11-2024T13:05:34 - [TEST_STEP][PASSED] - click(findTestObject("Object Repository/Login/Page_Olva Courier  Datos Personales/a_DNI (Boleta)")): Object: 'Object Repository/Login/Page_Olva Courier  Datos Personales/a_DNI (Boleta)' is clicked on

27-11-2024T13:05:34 - [MESSAGE][PASSED] - Object: 'Object Repository/Login/Page_Olva Courier  Datos Personales/a_DNI (Boleta)' is clicked on

27-11-2024T13:05:34 - [TEST_STEP][PASSED] - setText(findTestObject("Object Repository/Login/Page_Olva Courier  Datos Personales/input_CARN EXT. (Boleta)_txt_documento_cliente"), "47190321"): Text '47190321' is set on object 'Object Repository/Login/Page_Olva Courier  Datos Personales/input_CARN EXT. (Boleta)_txt_documento_cliente'

27-11-2024T13:05:35 - [MESSAGE][PASSED] - Text '47190321' is set on object 'Object Repository/Login/Page_Olva Courier  Datos Personales/input_CARN EXT. (Boleta)_txt_documento_cliente'

27-11-2024T13:05:35 - [TEST_STEP][PASSED] - setText(findTestObject("Object Repository/Login/Page_Olva Courier  Datos Personales/input_CARN EXT. (Boleta)_txt_telefono_cliente"), "957378086"): Text '957378086' is set on object 'Object Repository/Login/Page_Olva Courier  Datos Personales/input_CARN EXT. (Boleta)_txt_telefono_cliente'

27-11-2024T13:05:40 - [MESSAGE][PASSED] - Text '957378086' is set on object 'Object Repository/Login/Page_Olva Courier  Datos Personales/input_CARN EXT. (Boleta)_txt_telefono_cliente'

27-11-2024T13:05:40 - [TEST_STEP][PASSED] - setText(findTestObject("Object Repository/Login/Page_Olva Courier  Datos Personales/input_Hola,_txt_email_cliente"), "riosalejosjs@gmail.com"): Text 'riosalejosjs@gmail.com' is set on object 'Object Repository/Login/Page_Olva Courier  Datos Personales/input_Hola,_txt_email_cliente'

27-11-2024T13:05:40 - [MESSAGE][PASSED] - Text 'riosalejosjs@gmail.com' is set on object 'Object Repository/Login/Page_Olva Courier  Datos Personales/input_Hola,_txt_email_cliente'

27-11-2024T13:05:40 - [MESSAGE][PASSED] - Call Test Case 'Test Cases/1.Inicio/1.2Tipo_Doc/1.DNI' successfully

27-11-2024T13:05:40 - [TEST_STEP][PASSED] - click(findTestObject("Object Repository/valorado/Page_Olva Courier  Datos Personales/button_Seleccionar artculo (1)")): Object: 'Object Repository/valorado/Page_Olva Courier  Datos Personales/button_Seleccionar artculo (1)' is clicked on

27-11-2024T13:05:41 - [MESSAGE][PASSED] - Object: 'Object Repository/valorado/Page_Olva Courier  Datos Personales/button_Seleccionar artculo (1)' is clicked on

27-11-2024T13:05:41 - [TEST_STEP][PASSED] - click(findTestObject("Object Repository/valorado/Page_Olva Courier  Datos Personales/span_ARTCULOS PUBLICITARIOS")): Object: 'Object Repository/valorado/Page_Olva Courier  Datos Personales/span_ARTCULOS PUBLICITARIOS' is clicked on

27-11-2024T13:05:41 - [MESSAGE][PASSED] - Object: 'Object Repository/valorado/Page_Olva Courier  Datos Personales/span_ARTCULOS PUBLICITARIOS' is clicked on

27-11-2024T13:05:41 - [TEST_STEP][PASSED] - setText(findTestObject("Object Repository/valorado/Page_Olva Courier  Datos Personales/input_UTILES DE OFICINA_txt_paquete_articulo (1)"), "PREUBAs"): Text 'PREUBAs' is set on object 'Object Repository/valorado/Page_Olva Courier  Datos Personales/input_UTILES DE OFICINA_txt_paquete_articulo (1)'

27-11-2024T13:05:42 - [MESSAGE][PASSED] - Text 'PREUBAs' is set on object 'Object Repository/valorado/Page_Olva Courier  Datos Personales/input_UTILES DE OFICINA_txt_paquete_articulo (1)'

27-11-2024T13:05:42 - [TEST_STEP][PASSED] - setText(findTestObject("Object Repository/valorado/Page_Olva Courier  Datos Personales/input_UTILES DE OFICINA_txt_paquete_valor (1)"), "1800"): Text '1800' is set on object 'Object Repository/valorado/Page_Olva Courier  Datos Personales/input_UTILES DE OFICINA_txt_paquete_valor (1)'

27-11-2024T13:05:42 - [MESSAGE][PASSED] - Text '1800' is set on object 'Object Repository/valorado/Page_Olva Courier  Datos Personales/input_UTILES DE OFICINA_txt_paquete_valor (1)'

27-11-2024T13:05:42 - [TEST_STEP][PASSED] - click(findTestObject("Object Repository/valorado/Page_Olva Courier  Datos Personales/div_Hasta 2Kg")): Object: 'Object Repository/valorado/Page_Olva Courier  Datos Personales/div_Hasta 2Kg' is clicked on

27-11-2024T13:05:43 - [MESSAGE][PASSED] - Object: 'Object Repository/valorado/Page_Olva Courier  Datos Personales/div_Hasta 2Kg' is clicked on

27-11-2024T13:05:43 - [TEST_STEP][PASSED] - scrollToElement(findTestObject("Object Repository/Destinos/Page_Olva Courier  Datos Personales/button_LIMA (1)"), 0): Scroll to object 'Object Repository/Destinos/Page_Olva Courier  Datos Personales/button_LIMA (1)' successfully

27-11-2024T13:05:43 - [MESSAGE][WARNING] - Timeout '0' is invalid. Using default page load timeout: '30'

27-11-2024T13:05:44 - [MESSAGE][PASSED] - Scroll to object 'Object Repository/Destinos/Page_Olva Courier  Datos Personales/button_LIMA (1)' successfully

27-11-2024T13:05:44 - [TEST_STEP][PASSED] - click(findTestObject("Object Repository/Destinos/Page_Olva Courier  Datos Personales/button_LIMA (1)")): Object: 'Object Repository/Destinos/Page_Olva Courier  Datos Personales/button_LIMA (1)' is clicked on

27-11-2024T13:05:44 - [MESSAGE][PASSED] - Object: 'Object Repository/Destinos/Page_Olva Courier  Datos Personales/button_LIMA (1)' is clicked on

27-11-2024T13:05:44 - [TEST_STEP][PASSED] - click(findTestObject("Object Repository/Destinos/Page_Olva Courier  Datos Personales/a_TRUJILLO")): Object: 'Object Repository/Destinos/Page_Olva Courier  Datos Personales/a_TRUJILLO' is clicked on

27-11-2024T13:05:45 - [MESSAGE][PASSED] - Object: 'Object Repository/Destinos/Page_Olva Courier  Datos Personales/a_TRUJILLO' is clicked on

27-11-2024T13:05:45 - [TEST_STEP][PASSED] - click(findTestObject("Object Repository/Destinos/Page_Olva Courier  Datos Personales/button_TRUJILLO")): Object: 'Object Repository/Destinos/Page_Olva Courier  Datos Personales/button_TRUJILLO' is clicked on

27-11-2024T13:05:50 - [MESSAGE][PASSED] - Object: 'Object Repository/Destinos/Page_Olva Courier  Datos Personales/button_TRUJILLO' is clicked on

27-11-2024T13:05:50 - [TEST_STEP][PASSED] - click(findTestObject("Object Repository/valorado/Page_Olva Courier  Datos Personales/button_Ingrese el punto de llegada (1)")): Object: 'Object Repository/valorado/Page_Olva Courier  Datos Personales/button_Ingrese el punto de llegada (1)' is clicked on

27-11-2024T13:05:50 - [MESSAGE][PASSED] - Object: 'Object Repository/valorado/Page_Olva Courier  Datos Personales/button_Ingrese el punto de llegada (1)' is clicked on

27-11-2024T13:05:50 - [TEST_STEP][PASSED] - click(findTestObject("Object Repository/valorado/Page_Olva Courier  Datos Personales/a_ICA - ICA - ICA")): Object: 'Object Repository/valorado/Page_Olva Courier  Datos Personales/a_ICA - ICA - ICA' is clicked on

27-11-2024T13:05:51 - [MESSAGE][PASSED] - Object: 'Object Repository/valorado/Page_Olva Courier  Datos Personales/a_ICA - ICA - ICA' is clicked on

27-11-2024T13:05:51 - [TEST_STEP][PASSED] - click(findTestObject("Object Repository/valorado/Page_Olva Courier  Datos Personales/button_Tipo de entrega (1)")): Object: 'Object Repository/valorado/Page_Olva Courier  Datos Personales/button_Tipo de entrega (1)' is clicked on

27-11-2024T13:05:51 - [MESSAGE][PASSED] - Object: 'Object Repository/valorado/Page_Olva Courier  Datos Personales/button_Tipo de entrega (1)' is clicked on

27-11-2024T13:05:51 - [TEST_STEP][PASSED] - click(findTestObject("Object Repository/valorado/Page_Olva Courier  Datos Personales/a_Recojo en tienda (1)")): Object: 'Object Repository/valorado/Page_Olva Courier  Datos Personales/a_Recojo en tienda (1)' is clicked on

27-11-2024T13:05:52 - [MESSAGE][PASSED] - Object: 'Object Repository/valorado/Page_Olva Courier  Datos Personales/a_Recojo en tienda (1)' is clicked on

27-11-2024T13:05:52 - [TEST_STEP][PASSED] - verifyElementText(findTestObject("Object Repository/valorado/Page_Olva Courier  Datos Personales/p_El artculo que supera los 1000 soles no p_4059db (1)"), "El artículo que supera los 1000 soles no pueden ser entregados en tienda"): Actual text and expected text of test object 'Object Repository/valorado/Page_Olva Courier  Datos Personales/p_El artculo que supera los 1000 soles no p_4059db (1)' are matched.

27-11-2024T13:05:52 - [MESSAGE][PASSED] - Actual text and expected text of test object 'Object Repository/valorado/Page_Olva Courier  Datos Personales/p_El artculo que supera los 1000 soles no p_4059db (1)' are matched.

27-11-2024T13:05:52 - [TEST_STEP][PASSED] - click(findTestObject("Object Repository/valorado/Page_Olva Courier  Datos Personales/button_Aceptar (1)")): Object: 'Object Repository/valorado/Page_Olva Courier  Datos Personales/button_Aceptar (1)' is clicked on

27-11-2024T13:05:53 - [MESSAGE][PASSED] - Object: 'Object Repository/valorado/Page_Olva Courier  Datos Personales/button_Aceptar (1)' is clicked on

27-11-2024T13:05:53 - [TEST_STEP][PASSED] - click(findTestObject("Object Repository/valorado/Page_Olva Courier  Datos Personales/button_Tipo de entrega (1)")): Object: 'Object Repository/valorado/Page_Olva Courier  Datos Personales/button_Tipo de entrega (1)' is clicked on

27-11-2024T13:05:54 - [MESSAGE][PASSED] - Object: 'Object Repository/valorado/Page_Olva Courier  Datos Personales/button_Tipo de entrega (1)' is clicked on

27-11-2024T13:05:54 - [TEST_STEP][PASSED] - click(findTestObject("Object Repository/valorado/Page_Olva Courier  Datos Personales/a_Entrega a domicilio (1)")): Object: 'Object Repository/valorado/Page_Olva Courier  Datos Personales/a_Entrega a domicilio (1)' is clicked on

27-11-2024T13:05:57 - [MESSAGE][PASSED] - Object: 'Object Repository/valorado/Page_Olva Courier  Datos Personales/a_Entrega a domicilio (1)' is clicked on

27-11-2024T13:05:57 - [TEST_STEP][PASSED] - scrollToElement(findTestObject("Object Repository/valorado/Page_Olva Courier  Datos Personales/button_Tipo De Documento_1 (1)"), 0): Scroll to object 'Object Repository/valorado/Page_Olva Courier  Datos Personales/button_Tipo De Documento_1 (1)' successfully

27-11-2024T13:05:57 - [MESSAGE][WARNING] - Timeout '0' is invalid. Using default page load timeout: '30'

27-11-2024T13:05:57 - [MESSAGE][PASSED] - Scroll to object 'Object Repository/valorado/Page_Olva Courier  Datos Personales/button_Tipo De Documento_1 (1)' successfully

27-11-2024T13:05:57 - [TEST_STEP][PASSED] - click(findTestObject("Object Repository/valorado/Page_Olva Courier  Datos Personales/button_Tipo De Documento_1 (1)")): Object: 'Object Repository/valorado/Page_Olva Courier  Datos Personales/button_Tipo De Documento_1 (1)' is clicked on

27-11-2024T13:05:58 - [MESSAGE][PASSED] - Object: 'Object Repository/valorado/Page_Olva Courier  Datos Personales/button_Tipo De Documento_1 (1)' is clicked on

27-11-2024T13:05:58 - [TEST_STEP][PASSED] - click(findTestObject("Object Repository/valorado/Page_Olva Courier  Datos Personales/a_DNI (1)")): Object: 'Object Repository/valorado/Page_Olva Courier  Datos Personales/a_DNI (1)' is clicked on

27-11-2024T13:05:58 - [MESSAGE][PASSED] - Object: 'Object Repository/valorado/Page_Olva Courier  Datos Personales/a_DNI (1)' is clicked on

27-11-2024T13:05:58 - [TEST_STEP][PASSED] - setText(findTestObject("Object Repository/valorado/Page_Olva Courier  Datos Personales/input_CARN EXT_txt_consignado_dni (1)"), "71735785"): Text '71735785' is set on object 'Object Repository/valorado/Page_Olva Courier  Datos Personales/input_CARN EXT_txt_consignado_dni (1)'

27-11-2024T13:05:59 - [MESSAGE][PASSED] - Text '71735785' is set on object 'Object Repository/valorado/Page_Olva Courier  Datos Personales/input_CARN EXT_txt_consignado_dni (1)'

27-11-2024T13:05:59 - [TEST_STEP][PASSED] - scrollToElement(findTestObject("Object Repository/valorado/Page_Olva Courier  Datos Personales/button_CONTINUAR (1)"), 0): Scroll to object 'Object Repository/valorado/Page_Olva Courier  Datos Personales/button_CONTINUAR (1)' successfully

27-11-2024T13:05:59 - [MESSAGE][WARNING] - Timeout '0' is invalid. Using default page load timeout: '30'

27-11-2024T13:06:00 - [MESSAGE][PASSED] - Scroll to object 'Object Repository/valorado/Page_Olva Courier  Datos Personales/button_CONTINUAR (1)' successfully

27-11-2024T13:06:00 - [TEST_STEP][PASSED] - click(findTestObject("Object Repository/valorado/Page_Olva Courier  Datos Personales/button_CONTINUAR (1)")): Object: 'Object Repository/valorado/Page_Olva Courier  Datos Personales/button_CONTINUAR (1)' is clicked on

27-11-2024T13:06:00 - [MESSAGE][PASSED] - Object: 'Object Repository/valorado/Page_Olva Courier  Datos Personales/button_CONTINUAR (1)' is clicked on

27-11-2024T13:06:00 - [TEST_STEP][PASSED] - click(findTestObject("Object Repository/valorado/Page_Olva Courier  Confirma tus datos/button_IR A PAGAR S 19.74")): Object: 'Object Repository/valorado/Page_Olva Courier  Confirma tus datos/button_IR A PAGAR S 19.74' is clicked on

27-11-2024T13:06:04 - [MESSAGE][PASSED] - Object: 'Object Repository/valorado/Page_Olva Courier  Confirma tus datos/button_IR A PAGAR S 19.74' is clicked on

27-11-2024T13:06:04 - [TEST_STEP][PASSED] - delay(3): Delayed 3 second(s)

27-11-2024T13:06:07 - [MESSAGE][PASSED] - Delayed 3 second(s)

27-11-2024T13:06:07 - [TEST_STEP][PASSED] - verifyElementText(findTestObject("Object Repository/valorado/Page_Olva Courier  Confirma tus datos/th_S 1800.00"), "S/ 1800.00"): Actual text and expected text of test object 'Object Repository/valorado/Page_Olva Courier  Confirma tus datos/th_S 1800.00' are matched.

27-11-2024T13:06:07 - [MESSAGE][PASSED] - Actual text and expected text of test object 'Object Repository/valorado/Page_Olva Courier  Confirma tus datos/th_S 1800.00' are matched.

27-11-2024T13:06:07 - [TEST_STEP][PASSED] - click(findTestObject("Object Repository/valorado/Page_Olva Courier  Confirma tus datos/a_regulacin de envos y la declaracin Jurada")): Object: 'Object Repository/valorado/Page_Olva Courier  Confirma tus datos/a_regulacin de envos y la declaracin Jurada' is clicked on

27-11-2024T13:06:07 - [MESSAGE][PASSED] - Object: 'Object Repository/valorado/Page_Olva Courier  Confirma tus datos/a_regulacin de envos y la declaracin Jurada' is clicked on

27-11-2024T13:06:07 - [TEST_STEP][PASSED] - click(findTestObject("Object Repository/valorado/Page_Olva Courier  Confirma tus datos/button_Aceptar")): Object: 'Object Repository/valorado/Page_Olva Courier  Confirma tus datos/button_Aceptar' is clicked on

27-11-2024T13:06:08 - [MESSAGE][PASSED] - Object: 'Object Repository/valorado/Page_Olva Courier  Confirma tus datos/button_Aceptar' is clicked on

27-11-2024T13:06:08 - [TEST_STEP][PASSED] - click(findTestObject("Object Repository/valorado/Page_Olva Courier  Confirma tus datos/div_He ledo la")): Object: 'Object Repository/valorado/Page_Olva Courier  Confirma tus datos/div_He ledo la' is clicked on

27-11-2024T13:06:09 - [MESSAGE][PASSED] - Object: 'Object Repository/valorado/Page_Olva Courier  Confirma tus datos/div_He ledo la' is clicked on

27-11-2024T13:06:09 - [TEST_STEP][PASSED] - click(findTestObject("Object Repository/valorado/Page_Olva Courier  Confirma tus datos/label_Declaro bajo juramento los productos _f4619d")): Object: 'Object Repository/valorado/Page_Olva Courier  Confirma tus datos/label_Declaro bajo juramento los productos _f4619d' is clicked on

27-11-2024T13:06:09 - [MESSAGE][PASSED] - Object: 'Object Repository/valorado/Page_Olva Courier  Confirma tus datos/label_Declaro bajo juramento los productos _f4619d' is clicked on

27-11-2024T13:06:09 - [TEST_STEP][PASSED] - scrollToElement(findTestObject("Object Repository/valorado/Page_Olva Courier  Confirma tus datos/button_CONTINUAR"), 0): Scroll to object 'Object Repository/valorado/Page_Olva Courier  Confirma tus datos/button_CONTINUAR' successfully

27-11-2024T13:06:09 - [MESSAGE][WARNING] - Timeout '0' is invalid. Using default page load timeout: '30'

27-11-2024T13:06:09 - [MESSAGE][PASSED] - Scroll to object 'Object Repository/valorado/Page_Olva Courier  Confirma tus datos/button_CONTINUAR' successfully

27-11-2024T13:06:09 - [TEST_STEP][PASSED] - click(findTestObject("Object Repository/valorado/Page_Olva Courier  Confirma tus datos/button_CONTINUAR")): Object: 'Object Repository/valorado/Page_Olva Courier  Confirma tus datos/button_CONTINUAR' is clicked on

27-11-2024T13:06:10 - [MESSAGE][PASSED] - Object: 'Object Repository/valorado/Page_Olva Courier  Confirma tus datos/button_CONTINUAR' is clicked on

27-11-2024T13:06:10 - [TEST_STEP][PASSED] - click(findTestObject("Object Repository/valorado/Page_Olva Courier  Confirma tus datos/button_IR A PAGAR S 19.74")): Object: 'Object Repository/valorado/Page_Olva Courier  Confirma tus datos/button_IR A PAGAR S 19.74' is clicked on

27-11-2024T13:06:11 - [MESSAGE][PASSED] - Object: 'Object Repository/valorado/Page_Olva Courier  Confirma tus datos/button_IR A PAGAR S 19.74' is clicked on

27-11-2024T13:06:11 - [TEST_STEP][PASSED] - delay(3): Delayed 3 second(s)

27-11-2024T13:06:14 - [MESSAGE][PASSED] - Delayed 3 second(s)

27-11-2024T13:06:14 - [TEST_STEP][PASSED] - verifyElementPresent(findTestObject("Object Repository/valorado/Page_Olva Courier  Medios de pago/button_PAGAR"), 0): Object 'Object Repository/valorado/Page_Olva Courier  Medios de pago/button_PAGAR' is present

27-11-2024T13:06:14 - [MESSAGE][WARNING] - Timeout '0' is invalid. Using default page load timeout: '30'

27-11-2024T13:06:14 - [MESSAGE][PASSED] - Object 'Object Repository/valorado/Page_Olva Courier  Medios de pago/button_PAGAR' is present]]></system-out>
         <system-err><![CDATA[]]></system-err>
      </testcase>
      <testcase name="Test Cases/2.Positivos/2.1Paquete/Origen-Provincia/2.Valorado/Entrega_Domicilio/Valorado 501" time="54.568" classname="Test Cases/2.Positivos/2.1Paquete/Origen-Provincia/2.Valorado/Entrega_Domicilio/Valorado 501" status="PASSED">
         <system-out><![CDATA[27-11-2024T13:06:14 - [TEST_CASE][PASSED] - Test Cases/2.Positivos/2.1Paquete/Origen-Provincia/2.Valorado/Entrega_Domicilio/Valorado 501: Test Cases/2.Positivos/2.1Paquete/Origen-Provincia/2.Valorado/Entrega_Domicilio/Valorado 501

27-11-2024T13:06:14 - [TEST_STEP][PASSED] - callTestCase(findTestCase("1.Inicio/1.1Principal/Principal-home"), [:], STOP_ON_FAILURE): Call Test Case 'Test Cases/1.Inicio/1.1Principal/Principal-home' successfully

27-11-2024T13:06:14 - [TEST_CASE][PASSED] - Test Cases/1.Inicio/1.1Principal/Principal-home: Test Cases/1.Inicio/1.1Principal/Principal-home

27-11-2024T13:06:14 - [TEST_STEP][PASSED] - openBrowser(""): Browser is opened with url: ''

27-11-2024T13:06:14 - [MESSAGE][WARNING] - A browser is already opened. Closing browser and opening a new one

27-11-2024T13:06:17 - [MESSAGE][INFO] - Starting 'Firefox' driver

27-11-2024T13:06:17 - [MESSAGE][INFO] - Action delay is set to 0 milliseconds

27-11-2024T13:06:28 - [MESSAGE][PASSED] - Browser is opened with url: ''

27-11-2024T13:06:28 - [TEST_STEP][PASSED] - navigateToUrl("https://dev01-registrodeenvios.olvacourier.com/principal"): Navigate to 'https://dev01-registrodeenvios.olvacourier.com/principal' successfully

27-11-2024T13:06:30 - [MESSAGE][PASSED] - Navigate to 'https://dev01-registrodeenvios.olvacourier.com/principal' successfully

27-11-2024T13:06:30 - [TEST_STEP][PASSED] - maximizeWindow(): Current window maximized

27-11-2024T13:06:30 - [MESSAGE][PASSED] - Current window maximized

27-11-2024T13:06:30 - [MESSAGE][PASSED] - Call Test Case 'Test Cases/1.Inicio/1.1Principal/Principal-home' successfully

27-11-2024T13:06:30 - [TEST_STEP][PASSED] - callTestCase(findTestCase("1.Inicio/1.1Principal/Selec_paquete"), [:], STOP_ON_FAILURE): Call Test Case 'Test Cases/1.Inicio/1.1Principal/Selec_paquete' successfully

27-11-2024T13:06:30 - [TEST_CASE][PASSED] - Test Cases/1.Inicio/1.1Principal/Selec_paquete: Test Cases/1.Inicio/1.1Principal/Selec_paquete

27-11-2024T13:06:30 - [TEST_STEP][PASSED] - click(findTestObject("Object Repository/Principal/Page_Olva Courier  Home/img_Qu deseas realizar hoy_img_paquete")): Object: 'Object Repository/Principal/Page_Olva Courier  Home/img_Qu deseas realizar hoy_img_paquete' is clicked on

27-11-2024T13:06:31 - [MESSAGE][PASSED] - Object: 'Object Repository/Principal/Page_Olva Courier  Home/img_Qu deseas realizar hoy_img_paquete' is clicked on

27-11-2024T13:06:31 - [TEST_STEP][PASSED] - click(findTestObject("Object Repository/Principal/Page_Olva Courier  Home/span_He ledo y acepto los_checkmark (1)")): Object: 'Object Repository/Principal/Page_Olva Courier  Home/span_He ledo y acepto los_checkmark (1)' is clicked on

27-11-2024T13:06:32 - [MESSAGE][PASSED] - Object: 'Object Repository/Principal/Page_Olva Courier  Home/span_He ledo y acepto los_checkmark (1)' is clicked on

27-11-2024T13:06:32 - [TEST_STEP][PASSED] - click(findTestObject("Object Repository/Principal/Page_Olva Courier  Home/button_CONTINUAR (1)")): Object: 'Object Repository/Principal/Page_Olva Courier  Home/button_CONTINUAR (1)' is clicked on

27-11-2024T13:06:34 - [MESSAGE][PASSED] - Object: 'Object Repository/Principal/Page_Olva Courier  Home/button_CONTINUAR (1)' is clicked on

27-11-2024T13:06:34 - [TEST_STEP][PASSED] - verifyElementPresent(findTestObject("Object Repository/Principal/Page_Olva Courier  Datos Personales/strong_REGISTRO DE ENVOS"), 0): Object 'Object Repository/Principal/Page_Olva Courier  Datos Personales/strong_REGISTRO DE ENVOS' is present

27-11-2024T13:06:34 - [MESSAGE][WARNING] - Timeout '0' is invalid. Using default page load timeout: '30'

27-11-2024T13:06:34 - [MESSAGE][PASSED] - Object 'Object Repository/Principal/Page_Olva Courier  Datos Personales/strong_REGISTRO DE ENVOS' is present

27-11-2024T13:06:34 - [TEST_STEP][PASSED] - verifyElementPresent(findTestObject("Object Repository/Principal/Page_Olva Courier  Datos Personales/span_Regresar (1)"), 0): Object 'Object Repository/Principal/Page_Olva Courier  Datos Personales/span_Regresar (1)' is present

27-11-2024T13:06:34 - [MESSAGE][WARNING] - Timeout '0' is invalid. Using default page load timeout: '30'

27-11-2024T13:06:34 - [MESSAGE][PASSED] - Object 'Object Repository/Principal/Page_Olva Courier  Datos Personales/span_Regresar (1)' is present

27-11-2024T13:06:34 - [TEST_STEP][PASSED] - verifyElementPresent(findTestObject("Object Repository/Principal/Page_Olva Courier  Datos Personales/span_Inicio (1)"), 0): Object 'Object Repository/Principal/Page_Olva Courier  Datos Personales/span_Inicio (1)' is present

27-11-2024T13:06:34 - [MESSAGE][WARNING] - Timeout '0' is invalid. Using default page load timeout: '30'

27-11-2024T13:06:35 - [MESSAGE][PASSED] - Object 'Object Repository/Principal/Page_Olva Courier  Datos Personales/span_Inicio (1)' is present

27-11-2024T13:06:35 - [MESSAGE][PASSED] - Call Test Case 'Test Cases/1.Inicio/1.1Principal/Selec_paquete' successfully

27-11-2024T13:06:35 - [TEST_STEP][PASSED] - callTestCase(findTestCase("1.Inicio/1.2Tipo_Doc/5.RUC20"), [:], STOP_ON_FAILURE): Call Test Case 'Test Cases/1.Inicio/1.2Tipo_Doc/5.RUC20' successfully

27-11-2024T13:06:35 - [TEST_CASE][PASSED] - Test Cases/1.Inicio/1.2Tipo_Doc/5.RUC20: Test Cases/1.Inicio/1.2Tipo_Doc/5.RUC20

27-11-2024T13:06:35 - [TEST_STEP][PASSED] - click(findTestObject("Object Repository/Login/Page_Olva Courier  Datos Personales/button_Tipo De Documento")): Object: 'Object Repository/Login/Page_Olva Courier  Datos Personales/button_Tipo De Documento' is clicked on

27-11-2024T13:06:36 - [MESSAGE][PASSED] - Object: 'Object Repository/Login/Page_Olva Courier  Datos Personales/button_Tipo De Documento' is clicked on

27-11-2024T13:06:36 - [TEST_STEP][PASSED] - click(findTestObject("Object Repository/Login/Page_Olva Courier  Datos Personales/span_RUC (Factura)")): Object: 'Object Repository/Login/Page_Olva Courier  Datos Personales/span_RUC (Factura)' is clicked on

27-11-2024T13:06:36 - [MESSAGE][PASSED] - Object: 'Object Repository/Login/Page_Olva Courier  Datos Personales/span_RUC (Factura)' is clicked on

27-11-2024T13:06:36 - [TEST_STEP][PASSED] - setText(findTestObject("Object Repository/Login/Page_Olva Courier  Datos Personales/input_CARN EXT. (Boleta)_txt_documento_cliente"), "20100686814"): Text '20100686814' is set on object 'Object Repository/Login/Page_Olva Courier  Datos Personales/input_CARN EXT. (Boleta)_txt_documento_cliente'

27-11-2024T13:06:37 - [MESSAGE][PASSED] - Text '20100686814' is set on object 'Object Repository/Login/Page_Olva Courier  Datos Personales/input_CARN EXT. (Boleta)_txt_documento_cliente'

27-11-2024T13:06:37 - [MESSAGE][PASSED] - Call Test Case 'Test Cases/1.Inicio/1.2Tipo_Doc/5.RUC20' successfully

27-11-2024T13:06:37 - [TEST_STEP][PASSED] - click(findTestObject("Object Repository/valorado/Page_Olva Courier  Datos Personales/button_Seleccionar artculo")): Object: 'Object Repository/valorado/Page_Olva Courier  Datos Personales/button_Seleccionar artculo' is clicked on

27-11-2024T13:06:44 - [MESSAGE][PASSED] - Object: 'Object Repository/valorado/Page_Olva Courier  Datos Personales/button_Seleccionar artculo' is clicked on

27-11-2024T13:06:44 - [TEST_STEP][PASSED] - click(findTestObject("Object Repository/valorado/Page_Olva Courier  Datos Personales/a_MUEBLES Y DECOHOGAR")): Object: 'Object Repository/valorado/Page_Olva Courier  Datos Personales/a_MUEBLES Y DECOHOGAR' is clicked on

27-11-2024T13:06:44 - [MESSAGE][PASSED] - Object: 'Object Repository/valorado/Page_Olva Courier  Datos Personales/a_MUEBLES Y DECOHOGAR' is clicked on

27-11-2024T13:06:44 - [TEST_STEP][PASSED] - setText(findTestObject("Object Repository/valorado/Page_Olva Courier  Datos Personales/input_UTILES DE OFICINA_txt_paquete_articulo"), "PREUBas"): Text 'PREUBas' is set on object 'Object Repository/valorado/Page_Olva Courier  Datos Personales/input_UTILES DE OFICINA_txt_paquete_articulo'

27-11-2024T13:06:45 - [MESSAGE][PASSED] - Text 'PREUBas' is set on object 'Object Repository/valorado/Page_Olva Courier  Datos Personales/input_UTILES DE OFICINA_txt_paquete_articulo'

27-11-2024T13:06:45 - [TEST_STEP][PASSED] - setText(findTestObject("Object Repository/valorado/Page_Olva Courier  Datos Personales/input_UTILES DE OFICINA_txt_paquete_valor"), "501"): Text '501' is set on object 'Object Repository/valorado/Page_Olva Courier  Datos Personales/input_UTILES DE OFICINA_txt_paquete_valor'

27-11-2024T13:06:45 - [MESSAGE][PASSED] - Text '501' is set on object 'Object Repository/valorado/Page_Olva Courier  Datos Personales/input_UTILES DE OFICINA_txt_paquete_valor'

27-11-2024T13:06:45 - [TEST_STEP][PASSED] - click(findTestObject("Object Repository/valorado/Page_Olva Courier  Datos Personales/b_1Kg")): Object: 'Object Repository/valorado/Page_Olva Courier  Datos Personales/b_1Kg' is clicked on

27-11-2024T13:06:46 - [MESSAGE][PASSED] - Object: 'Object Repository/valorado/Page_Olva Courier  Datos Personales/b_1Kg' is clicked on

27-11-2024T13:06:46 - [TEST_STEP][PASSED] - scrollToElement(findTestObject("Object Repository/Destinos/Page_Olva Courier  Datos Personales/button_LIMA (1)"), 0): Scroll to object 'Object Repository/Destinos/Page_Olva Courier  Datos Personales/button_LIMA (1)' successfully

27-11-2024T13:06:46 - [MESSAGE][WARNING] - Timeout '0' is invalid. Using default page load timeout: '30'

27-11-2024T13:06:47 - [MESSAGE][PASSED] - Scroll to object 'Object Repository/Destinos/Page_Olva Courier  Datos Personales/button_LIMA (1)' successfully

27-11-2024T13:06:47 - [TEST_STEP][PASSED] - click(findTestObject("Object Repository/Destinos/Page_Olva Courier  Datos Personales/button_LIMA (1)")): Object: 'Object Repository/Destinos/Page_Olva Courier  Datos Personales/button_LIMA (1)' is clicked on

27-11-2024T13:06:47 - [MESSAGE][PASSED] - Object: 'Object Repository/Destinos/Page_Olva Courier  Datos Personales/button_LIMA (1)' is clicked on

27-11-2024T13:06:47 - [TEST_STEP][PASSED] - click(findTestObject("Object Repository/Destinos/Page_Olva Courier  Datos Personales/a_ICA")): Object: 'Object Repository/Destinos/Page_Olva Courier  Datos Personales/a_ICA' is clicked on

27-11-2024T13:06:48 - [MESSAGE][PASSED] - Object: 'Object Repository/Destinos/Page_Olva Courier  Datos Personales/a_ICA' is clicked on

27-11-2024T13:06:48 - [TEST_STEP][PASSED] - click(findTestObject("Object Repository/Destinos/Page_Olva Courier  Datos Personales/button_ICA")): Object: 'Object Repository/Destinos/Page_Olva Courier  Datos Personales/button_ICA' is clicked on

27-11-2024T13:06:48 - [MESSAGE][PASSED] - Object: 'Object Repository/Destinos/Page_Olva Courier  Datos Personales/button_ICA' is clicked on

27-11-2024T13:06:48 - [TEST_STEP][PASSED] - click(findTestObject("Object Repository/valorado/Page_Olva Courier  Datos Personales/button_Ingrese el punto de llegada")): Object: 'Object Repository/valorado/Page_Olva Courier  Datos Personales/button_Ingrese el punto de llegada' is clicked on

27-11-2024T13:06:49 - [MESSAGE][PASSED] - Object: 'Object Repository/valorado/Page_Olva Courier  Datos Personales/button_Ingrese el punto de llegada' is clicked on

27-11-2024T13:06:49 - [TEST_STEP][PASSED] - click(findTestObject("Object Repository/valorado/Page_Olva Courier  Datos Personales/a_ANCASH - HUARAZ - HUARAZ")): Object: 'Object Repository/valorado/Page_Olva Courier  Datos Personales/a_ANCASH - HUARAZ - HUARAZ' is clicked on

27-11-2024T13:06:49 - [MESSAGE][PASSED] - Object: 'Object Repository/valorado/Page_Olva Courier  Datos Personales/a_ANCASH - HUARAZ - HUARAZ' is clicked on

27-11-2024T13:06:49 - [TEST_STEP][PASSED] - click(findTestObject("Object Repository/valorado/Page_Olva Courier  Datos Personales/button_Tipo de entrega")): Object: 'Object Repository/valorado/Page_Olva Courier  Datos Personales/button_Tipo de entrega' is clicked on

27-11-2024T13:06:50 - [MESSAGE][PASSED] - Object: 'Object Repository/valorado/Page_Olva Courier  Datos Personales/button_Tipo de entrega' is clicked on

27-11-2024T13:06:50 - [TEST_STEP][PASSED] - click(findTestObject("Object Repository/valorado/Page_Olva Courier  Datos Personales/a_Recojo en tienda")): Object: 'Object Repository/valorado/Page_Olva Courier  Datos Personales/a_Recojo en tienda' is clicked on

27-11-2024T13:06:50 - [MESSAGE][PASSED] - Object: 'Object Repository/valorado/Page_Olva Courier  Datos Personales/a_Recojo en tienda' is clicked on

27-11-2024T13:06:50 - [TEST_STEP][PASSED] - click(findTestObject("Object Repository/valorado/Page_Olva Courier  Datos Personales/button_Tienda")): Object: 'Object Repository/valorado/Page_Olva Courier  Datos Personales/button_Tienda' is clicked on

27-11-2024T13:06:51 - [MESSAGE][PASSED] - Object: 'Object Repository/valorado/Page_Olva Courier  Datos Personales/button_Tienda' is clicked on

27-11-2024T13:06:51 - [TEST_STEP][PASSED] - click(findTestObject("Object Repository/valorado/Page_Olva Courier  Datos Personales/span_TIENDA HUARAZ - HUARAZ - AV MARISCAL A_1d6adb")): Object: 'Object Repository/valorado/Page_Olva Courier  Datos Personales/span_TIENDA HUARAZ - HUARAZ - AV MARISCAL A_1d6adb' is clicked on

27-11-2024T13:06:52 - [MESSAGE][PASSED] - Object: 'Object Repository/valorado/Page_Olva Courier  Datos Personales/span_TIENDA HUARAZ - HUARAZ - AV MARISCAL A_1d6adb' is clicked on

27-11-2024T13:06:52 - [TEST_STEP][PASSED] - scrollToElement(findTestObject("Object Repository/valorado/Page_Olva Courier  Datos Personales/button_Tipo De Documento_1"), 0): Scroll to object 'Object Repository/valorado/Page_Olva Courier  Datos Personales/button_Tipo De Documento_1' successfully

27-11-2024T13:06:52 - [MESSAGE][WARNING] - Timeout '0' is invalid. Using default page load timeout: '30'

27-11-2024T13:06:52 - [MESSAGE][PASSED] - Scroll to object 'Object Repository/valorado/Page_Olva Courier  Datos Personales/button_Tipo De Documento_1' successfully

27-11-2024T13:06:52 - [TEST_STEP][PASSED] - click(findTestObject("Object Repository/valorado/Page_Olva Courier  Datos Personales/button_Tipo De Documento_1")): Object: 'Object Repository/valorado/Page_Olva Courier  Datos Personales/button_Tipo De Documento_1' is clicked on

27-11-2024T13:06:53 - [MESSAGE][PASSED] - Object: 'Object Repository/valorado/Page_Olva Courier  Datos Personales/button_Tipo De Documento_1' is clicked on

27-11-2024T13:06:53 - [TEST_STEP][PASSED] - click(findTestObject("Object Repository/valorado/Page_Olva Courier  Datos Personales/a_DNI")): Object: 'Object Repository/valorado/Page_Olva Courier  Datos Personales/a_DNI' is clicked on

27-11-2024T13:06:53 - [MESSAGE][PASSED] - Object: 'Object Repository/valorado/Page_Olva Courier  Datos Personales/a_DNI' is clicked on

27-11-2024T13:06:53 - [TEST_STEP][PASSED] - setText(findTestObject("Object Repository/valorado/Page_Olva Courier  Datos Personales/input_CARN EXT_txt_consignado_dni"), "71735785"): Text '71735785' is set on object 'Object Repository/valorado/Page_Olva Courier  Datos Personales/input_CARN EXT_txt_consignado_dni'

27-11-2024T13:06:54 - [MESSAGE][PASSED] - Text '71735785' is set on object 'Object Repository/valorado/Page_Olva Courier  Datos Personales/input_CARN EXT_txt_consignado_dni'

27-11-2024T13:06:54 - [TEST_STEP][PASSED] - scrollToElement(findTestObject("Object Repository/valorado/Page_Olva Courier  Datos Personales/button_CONTINUAR"), 0): Scroll to object 'Object Repository/valorado/Page_Olva Courier  Datos Personales/button_CONTINUAR' successfully

27-11-2024T13:06:54 - [MESSAGE][WARNING] - Timeout '0' is invalid. Using default page load timeout: '30'

27-11-2024T13:06:55 - [MESSAGE][PASSED] - Scroll to object 'Object Repository/valorado/Page_Olva Courier  Datos Personales/button_CONTINUAR' successfully

27-11-2024T13:06:55 - [TEST_STEP][PASSED] - click(findTestObject("Object Repository/valorado/Page_Olva Courier  Datos Personales/button_CONTINUAR")): Object: 'Object Repository/valorado/Page_Olva Courier  Datos Personales/button_CONTINUAR' is clicked on

27-11-2024T13:06:55 - [MESSAGE][PASSED] - Object: 'Object Repository/valorado/Page_Olva Courier  Datos Personales/button_CONTINUAR' is clicked on

27-11-2024T13:06:55 - [TEST_STEP][PASSED] - click(findTestObject("Object Repository/valorado/Page_Olva Courier  Confirma tus datos/button_IR A PAGAR S 19.74")): Object: 'Object Repository/valorado/Page_Olva Courier  Confirma tus datos/button_IR A PAGAR S 19.74' is clicked on

27-11-2024T13:06:57 - [MESSAGE][PASSED] - Object: 'Object Repository/valorado/Page_Olva Courier  Confirma tus datos/button_IR A PAGAR S 19.74' is clicked on

27-11-2024T13:06:57 - [TEST_STEP][PASSED] - click(findTestObject("Object Repository/valorado/Page_Olva Courier  Confirma tus datos/a_regulacin de envos y la declaracin Jurada")): Object: 'Object Repository/valorado/Page_Olva Courier  Confirma tus datos/a_regulacin de envos y la declaracin Jurada' is clicked on

27-11-2024T13:06:58 - [MESSAGE][PASSED] - Object: 'Object Repository/valorado/Page_Olva Courier  Confirma tus datos/a_regulacin de envos y la declaracin Jurada' is clicked on

27-11-2024T13:06:58 - [TEST_STEP][PASSED] - click(findTestObject("Object Repository/valorado/Page_Olva Courier  Confirma tus datos/button_Aceptar")): Object: 'Object Repository/valorado/Page_Olva Courier  Confirma tus datos/button_Aceptar' is clicked on

27-11-2024T13:06:58 - [MESSAGE][PASSED] - Object: 'Object Repository/valorado/Page_Olva Courier  Confirma tus datos/button_Aceptar' is clicked on

27-11-2024T13:06:58 - [TEST_STEP][PASSED] - click(findTestObject("Object Repository/valorado/Page_Olva Courier  Confirma tus datos/div_He ledo la")): Object: 'Object Repository/valorado/Page_Olva Courier  Confirma tus datos/div_He ledo la' is clicked on

27-11-2024T13:06:59 - [MESSAGE][PASSED] - Object: 'Object Repository/valorado/Page_Olva Courier  Confirma tus datos/div_He ledo la' is clicked on

27-11-2024T13:06:59 - [TEST_STEP][PASSED] - click(findTestObject("Object Repository/valorado/Page_Olva Courier  Confirma tus datos/label_Declaro bajo juramento los productos _f4619d")): Object: 'Object Repository/valorado/Page_Olva Courier  Confirma tus datos/label_Declaro bajo juramento los productos _f4619d' is clicked on

27-11-2024T13:07:00 - [MESSAGE][PASSED] - Object: 'Object Repository/valorado/Page_Olva Courier  Confirma tus datos/label_Declaro bajo juramento los productos _f4619d' is clicked on

27-11-2024T13:07:00 - [TEST_STEP][PASSED] - scrollToElement(findTestObject("Object Repository/valorado/Page_Olva Courier  Confirma tus datos/button_CONTINUAR"), 0): Scroll to object 'Object Repository/valorado/Page_Olva Courier  Confirma tus datos/button_CONTINUAR' successfully

27-11-2024T13:07:00 - [MESSAGE][WARNING] - Timeout '0' is invalid. Using default page load timeout: '30'

27-11-2024T13:07:00 - [MESSAGE][PASSED] - Scroll to object 'Object Repository/valorado/Page_Olva Courier  Confirma tus datos/button_CONTINUAR' successfully

27-11-2024T13:07:00 - [TEST_STEP][PASSED] - click(findTestObject("Object Repository/valorado/Page_Olva Courier  Confirma tus datos/button_CONTINUAR")): Object: 'Object Repository/valorado/Page_Olva Courier  Confirma tus datos/button_CONTINUAR' is clicked on

27-11-2024T13:07:00 - [MESSAGE][PASSED] - Object: 'Object Repository/valorado/Page_Olva Courier  Confirma tus datos/button_CONTINUAR' is clicked on

27-11-2024T13:07:00 - [TEST_STEP][PASSED] - click(findTestObject("Object Repository/valorado/Page_Olva Courier  Confirma tus datos/button_IR A PAGAR S 19.74")): Object: 'Object Repository/valorado/Page_Olva Courier  Confirma tus datos/button_IR A PAGAR S 19.74' is clicked on

27-11-2024T13:07:01 - [MESSAGE][PASSED] - Object: 'Object Repository/valorado/Page_Olva Courier  Confirma tus datos/button_IR A PAGAR S 19.74' is clicked on

27-11-2024T13:07:01 - [TEST_STEP][PASSED] - setText(findTestObject("Object Repository/valorado/Page_Olva Courier  Confirma tus datos/input_Tienes envos con recojo en tienda, se_b85f5d"), "1"): Text '1' is set on object 'Object Repository/valorado/Page_Olva Courier  Confirma tus datos/input_Tienes envos con recojo en tienda, se_b85f5d'

27-11-2024T13:07:02 - [MESSAGE][PASSED] - Text '1' is set on object 'Object Repository/valorado/Page_Olva Courier  Confirma tus datos/input_Tienes envos con recojo en tienda, se_b85f5d'

27-11-2024T13:07:02 - [TEST_STEP][PASSED] - setText(findTestObject("Object Repository/valorado/Page_Olva Courier  Confirma tus datos/input_Tienes envos con recojo en tienda, se_af5936"), "1"): Text '1' is set on object 'Object Repository/valorado/Page_Olva Courier  Confirma tus datos/input_Tienes envos con recojo en tienda, se_af5936'

27-11-2024T13:07:03 - [MESSAGE][PASSED] - Text '1' is set on object 'Object Repository/valorado/Page_Olva Courier  Confirma tus datos/input_Tienes envos con recojo en tienda, se_af5936'

27-11-2024T13:07:03 - [TEST_STEP][PASSED] - setText(findTestObject("Object Repository/valorado/Page_Olva Courier  Confirma tus datos/input_Tienes envos con recojo en tienda, se_653975"), "1"): Text '1' is set on object 'Object Repository/valorado/Page_Olva Courier  Confirma tus datos/input_Tienes envos con recojo en tienda, se_653975'

27-11-2024T13:07:04 - [MESSAGE][PASSED] - Text '1' is set on object 'Object Repository/valorado/Page_Olva Courier  Confirma tus datos/input_Tienes envos con recojo en tienda, se_653975'

27-11-2024T13:07:04 - [TEST_STEP][PASSED] - setText(findTestObject("Object Repository/valorado/Page_Olva Courier  Confirma tus datos/input_Tienes envos con recojo en tienda, se_8615a0"), "1"): Text '1' is set on object 'Object Repository/valorado/Page_Olva Courier  Confirma tus datos/input_Tienes envos con recojo en tienda, se_8615a0'

27-11-2024T13:07:04 - [MESSAGE][PASSED] - Text '1' is set on object 'Object Repository/valorado/Page_Olva Courier  Confirma tus datos/input_Tienes envos con recojo en tienda, se_8615a0'

27-11-2024T13:07:04 - [TEST_STEP][PASSED] - click(findTestObject("Object Repository/valorado/Page_Olva Courier  Confirma tus datos/div_Aceptar")): Object: 'Object Repository/valorado/Page_Olva Courier  Confirma tus datos/div_Aceptar' is clicked on

27-11-2024T13:07:05 - [MESSAGE][PASSED] - Object: 'Object Repository/valorado/Page_Olva Courier  Confirma tus datos/div_Aceptar' is clicked on

27-11-2024T13:07:05 - [TEST_STEP][PASSED] - delay(3): Delayed 3 second(s)

27-11-2024T13:07:08 - [MESSAGE][PASSED] - Delayed 3 second(s)

27-11-2024T13:07:08 - [TEST_STEP][PASSED] - verifyElementPresent(findTestObject("Object Repository/valorado/Page_Olva Courier  Medios de pago/button_PAGAR"), 0): Object 'Object Repository/valorado/Page_Olva Courier  Medios de pago/button_PAGAR' is present

27-11-2024T13:07:08 - [MESSAGE][WARNING] - Timeout '0' is invalid. Using default page load timeout: '30'

27-11-2024T13:07:08 - [MESSAGE][PASSED] - Object 'Object Repository/valorado/Page_Olva Courier  Medios de pago/button_PAGAR' is present]]></system-out>
         <system-err><![CDATA[]]></system-err>
      </testcase>
      <testcase name="Test Cases/2.Positivos/2.1Paquete/Origen-Provincia/2.Valorado/Entrega_Domicilio/EditarValorado" time="84.66" classname="Test Cases/2.Positivos/2.1Paquete/Origen-Provincia/2.Valorado/Entrega_Domicilio/EditarValorado" status="FAILED">
         <failure type="FAILED" message="Test Cases/2.Positivos/2.1Paquete/Origen-Provincia/2.Valorado/Entrega_Domicilio/EditarValorado FAILED.&#xa;Reason:&#xa;com.kms.katalon.core.exception.StepFailedException: Unable to click on object 'Object Repository/valorado/Page_Olva Courier  Datos Personales/button_Recojo en tienda'&#xa;	at com.kms.katalon.core.webui.keyword.internal.WebUIKeywordMain.stepFailed(WebUIKeywordMain.groovy:117)&#xa;	at com.kms.katalon.core.webui.keyword.internal.WebUIKeywordMain.runKeyword(WebUIKeywordMain.groovy:43)&#xa;	at com.kms.katalon.core.webui.keyword.builtin.ClickKeyword.click(ClickKeyword.groovy:74)&#xa;	at com.kms.katalon.core.webui.keyword.builtin.ClickKeyword.execute(ClickKeyword.groovy:40)&#xa;	at com.kms.katalon.core.keyword.internal.KeywordExecutor.executeKeywordForPlatform(KeywordExecutor.groovy:74)&#xa;	at com.kms.katalon.core.webui.keyword.WebUiBuiltInKeywords.click(WebUiBuiltInKeywords.groovy:659)&#xa;	at EditarValorado.run(EditarValorado:86)&#xa;	at com.kms.katalon.core.main.ScriptEngine.run(ScriptEngine.java:194)&#xa;	at com.kms.katalon.core.main.ScriptEngine.runScriptAsRawText(ScriptEngine.java:119)&#xa;	at com.kms.katalon.core.main.TestCaseExecutor.runScript(TestCaseExecutor.java:448)&#xa;	at com.kms.katalon.core.main.TestCaseExecutor.doExecute(TestCaseExecutor.java:439)&#xa;	at com.kms.katalon.core.main.TestCaseExecutor.processExecutionPhase(TestCaseExecutor.java:418)&#xa;	at com.kms.katalon.core.main.TestCaseExecutor.accessMainPhase(TestCaseExecutor.java:410)&#xa;	at com.kms.katalon.core.main.TestCaseExecutor.execute(TestCaseExecutor.java:285)&#xa;	at com.kms.katalon.core.common.CommonExecutor.accessTestCaseMainPhase(CommonExecutor.java:65)&#xa;	at com.kms.katalon.core.main.TestSuiteExecutor.accessTestSuiteMainPhase(TestSuiteExecutor.java:150)&#xa;	at com.kms.katalon.core.main.TestSuiteExecutor.execute(TestSuiteExecutor.java:106)&#xa;	at com.kms.katalon.core.main.TestCaseMain.startTestSuite(TestCaseMain.java:180)&#xa;	at TempTestSuite1732729948317.run(TempTestSuite1732729948317.groovy:35)&#xa;	at java.base/jdk.internal.reflect.NativeMethodAccessorImpl.invoke0(Native Method)&#xa;	at java.base/jdk.internal.reflect.NativeMethodAccessorImpl.invoke(NativeMethodAccessorImpl.java:77)&#xa;	at java.base/jdk.internal.reflect.DelegatingMethodAccessorImpl.invoke(DelegatingMethodAccessorImpl.java:43)&#xa;Caused by: org.openqa.selenium.ElementClickInterceptedException: Element &lt;button class=&quot;btn dropdown-toggle form-control selectpicker btn-default&quot; type=&quot;button&quot;> is not clickable at point (455,613) because another element &lt;p> obscures it&#xa;Build info: version: '3.141.59', revision: 'unknown', time: 'unknown'&#xa;System info: host: 'DESKTOP-RGFFP9A', ip: '10.136.10.6', os.name: 'Windows 11', os.arch: 'amd64', os.version: '10.0', java.version: '17.0.7'&#xa;Driver info: com.kms.katalon.core.webui.driver.firefox.CGeckoDriver&#xa;Capabilities {acceptInsecureCerts: true, browserName: firefox, browserVersion: 133.0, javascriptEnabled: true, moz:accessibilityChecks: false, moz:buildID: 20241121140525, moz:geckodriverVersion: 0.35.0, moz:headless: false, moz:platformVersion: 10.0, moz:processID: 39672, moz:profile: C:\Users\OLVATI\AppData\Loc..., moz:shutdownTimeout: 60000, moz:webdriverClick: true, moz:windowless: false, pageLoadStrategy: normal, platform: WINDOWS, platformName: WINDOWS, proxy: Proxy(direct), setWindowRect: true, strictFileInteractability: false, timeouts: {implicit: 0, pageLoad: 300000, script: 30000}, unhandledPromptBehavior: dismiss and notify, userAgent: Mozilla/5.0 (Windows NT 10....}&#xa;Session ID: 3470bab0-cdaf-4191-9532-ca4a4eb29b05&#xa;	at jdk.internal.reflect.GeneratedConstructorAccessor32.newInstance(Unknown Source)&#xa;	at java.base/jdk.internal.reflect.DelegatingConstructorAccessorImpl.newInstance(DelegatingConstructorAccessorImpl.java:45)&#xa;	at org.openqa.selenium.remote.http.W3CHttpResponseCodec.createException(W3CHttpResponseCodec.java:187)&#xa;	at org.openqa.selenium.remote.http.W3CHttpResponseCodec.decode(W3CHttpResponseCodec.java:122)&#xa;	at org.openqa.selenium.remote.http.W3CHttpResponseCodec.decode(W3CHttpResponseCodec.java:49)&#xa;	at org.openqa.selenium.remote.HttpCommandExecutor.execute(HttpCommandExecutor.java:158)&#xa;	at org.openqa.selenium.remote.service.DriverCommandExecutor.execute(DriverCommandExecutor.java:83)&#xa;	at org.openqa.selenium.remote.RemoteWebDriver.execute(RemoteWebDriver.java:552)&#xa;	at com.kms.katalon.selenium.driver.CFirefoxDriver.execute(CFirefoxDriver.java:28)&#xa;	at org.openqa.selenium.remote.RemoteWebElement.execute(RemoteWebElement.java:285)&#xa;	at org.openqa.selenium.remote.RemoteWebElement.click(RemoteWebElement.java:84)&#xa;	at jdk.internal.reflect.GeneratedMethodAccessor10.invoke(Unknown Source)&#xa;	at java.base/jdk.internal.reflect.DelegatingMethodAccessorImpl.invoke(DelegatingMethodAccessorImpl.java:43)&#xa;	at org.openqa.selenium.support.events.EventFiringWebDriver$EventFiringWebElement.lambda$new$0(EventFiringWebDriver.java:404)&#xa;	at jdk.proxy2/jdk.proxy2.$Proxy21.click(Unknown Source)&#xa;	at org.openqa.selenium.support.events.EventFiringWebDriver$EventFiringWebElement.click(EventFiringWebDriver.java:417)&#xa;	at org.openqa.selenium.WebElement$click.call(Unknown Source)&#xa;	at com.kms.katalon.core.webui.keyword.builtin.ClickKeyword.clickUntilSuccessWithTimeout(ClickKeyword.groovy:81)&#xa;	at com.kms.katalon.core.webui.keyword.builtin.ClickKeyword.clickUntilSuccessWithTimeout(ClickKeyword.groovy)&#xa;	at jdk.internal.reflect.GeneratedMethodAccessor8.invoke(Unknown Source)&#xa;	at java.base/jdk.internal.reflect.DelegatingMethodAccessorImpl.invoke(DelegatingMethodAccessorImpl.java:43)&#xa;	at com.kms.katalon.core.webui.keyword.builtin.ClickKeyword$_click_closure1.doCall(ClickKeyword.groovy:67)&#xa;	at com.kms.katalon.core.webui.keyword.builtin.ClickKeyword$_click_closure1.call(ClickKeyword.groovy)&#xa;	at com.kms.katalon.core.webui.keyword.internal.WebUIKeywordMain.runKeyword(WebUIKeywordMain.groovy:35)&#xa;	... 20 more&#xa;"/>
         <system-out><![CDATA[27-11-2024T13:07:09 - [TEST_CASE][FAILED] - Test Cases/2.Positivos/2.1Paquete/Origen-Provincia/2.Valorado/Entrega_Domicilio/EditarValorado: Test Cases/2.Positivos/2.1Paquete/Origen-Provincia/2.Valorado/Entrega_Domicilio/EditarValorado FAILED.
Reason:
com.kms.katalon.core.exception.StepFailedException: Unable to click on object 'Object Repository/valorado/Page_Olva Courier  Datos Personales/button_Recojo en tienda'
	at com.kms.katalon.core.webui.keyword.internal.WebUIKeywordMain.stepFailed(WebUIKeywordMain.groovy:117)
	at com.kms.katalon.core.webui.keyword.internal.WebUIKeywordMain.runKeyword(WebUIKeywordMain.groovy:43)
	at com.kms.katalon.core.webui.keyword.builtin.ClickKeyword.click(ClickKeyword.groovy:74)
	at com.kms.katalon.core.webui.keyword.builtin.ClickKeyword.execute(ClickKeyword.groovy:40)
	at com.kms.katalon.core.keyword.internal.KeywordExecutor.executeKeywordForPlatform(KeywordExecutor.groovy:74)
	at com.kms.katalon.core.webui.keyword.WebUiBuiltInKeywords.click(WebUiBuiltInKeywords.groovy:659)
	at EditarValorado.run(EditarValorado:86)
	at com.kms.katalon.core.main.ScriptEngine.run(ScriptEngine.java:194)
	at com.kms.katalon.core.main.ScriptEngine.runScriptAsRawText(ScriptEngine.java:119)
	at com.kms.katalon.core.main.TestCaseExecutor.runScript(TestCaseExecutor.java:448)
	at com.kms.katalon.core.main.TestCaseExecutor.doExecute(TestCaseExecutor.java:439)
	at com.kms.katalon.core.main.TestCaseExecutor.processExecutionPhase(TestCaseExecutor.java:418)
	at com.kms.katalon.core.main.TestCaseExecutor.accessMainPhase(TestCaseExecutor.java:410)
	at com.kms.katalon.core.main.TestCaseExecutor.execute(TestCaseExecutor.java:285)
	at com.kms.katalon.core.common.CommonExecutor.accessTestCaseMainPhase(CommonExecutor.java:65)
	at com.kms.katalon.core.main.TestSuiteExecutor.accessTestSuiteMainPhase(TestSuiteExecutor.java:150)
	at com.kms.katalon.core.main.TestSuiteExecutor.execute(TestSuiteExecutor.java:106)
	at com.kms.katalon.core.main.TestCaseMain.startTestSuite(TestCaseMain.java:180)
	at TempTestSuite1732729948317.run(TempTestSuite1732729948317.groovy:35)
	at java.base/jdk.internal.reflect.NativeMethodAccessorImpl.invoke0(Native Method)
	at java.base/jdk.internal.reflect.NativeMethodAccessorImpl.invoke(NativeMethodAccessorImpl.java:77)
	at java.base/jdk.internal.reflect.DelegatingMethodAccessorImpl.invoke(DelegatingMethodAccessorImpl.java:43)
Caused by: org.openqa.selenium.ElementClickInterceptedException: Element <button class="btn dropdown-toggle form-control selectpicker btn-default" type="button"> is not clickable at point (455,613) because another element <p> obscures it
Build info: version: '3.141.59', revision: 'unknown', time: 'unknown'
System info: host: 'DESKTOP-RGFFP9A', ip: '10.136.10.6', os.name: 'Windows 11', os.arch: 'amd64', os.version: '10.0', java.version: '17.0.7'
Driver info: com.kms.katalon.core.webui.driver.firefox.CGeckoDriver
Capabilities {acceptInsecureCerts: true, browserName: firefox, browserVersion: 133.0, javascriptEnabled: true, moz:accessibilityChecks: false, moz:buildID: 20241121140525, moz:geckodriverVersion: 0.35.0, moz:headless: false, moz:platformVersion: 10.0, moz:processID: 39672, moz:profile: C:\Users\OLVATI\AppData\Loc..., moz:shutdownTimeout: 60000, moz:webdriverClick: true, moz:windowless: false, pageLoadStrategy: normal, platform: WINDOWS, platformName: WINDOWS, proxy: Proxy(direct), setWindowRect: true, strictFileInteractability: false, timeouts: {implicit: 0, pageLoad: 300000, script: 30000}, unhandledPromptBehavior: dismiss and notify, userAgent: Mozilla/5.0 (Windows NT 10....}
Session ID: 3470bab0-cdaf-4191-9532-ca4a4eb29b05
	at jdk.internal.reflect.GeneratedConstructorAccessor32.newInstance(Unknown Source)
	at java.base/jdk.internal.reflect.DelegatingConstructorAccessorImpl.newInstance(DelegatingConstructorAccessorImpl.java:45)
	at org.openqa.selenium.remote.http.W3CHttpResponseCodec.createException(W3CHttpResponseCodec.java:187)
	at org.openqa.selenium.remote.http.W3CHttpResponseCodec.decode(W3CHttpResponseCodec.java:122)
	at org.openqa.selenium.remote.http.W3CHttpResponseCodec.decode(W3CHttpResponseCodec.java:49)
	at org.openqa.selenium.remote.HttpCommandExecutor.execute(HttpCommandExecutor.java:158)
	at org.openqa.selenium.remote.service.DriverCommandExecutor.execute(DriverCommandExecutor.java:83)
	at org.openqa.selenium.remote.RemoteWebDriver.execute(RemoteWebDriver.java:552)
	at com.kms.katalon.selenium.driver.CFirefoxDriver.execute(CFirefoxDriver.java:28)
	at org.openqa.selenium.remote.RemoteWebElement.execute(RemoteWebElement.java:285)
	at org.openqa.selenium.remote.RemoteWebElement.click(RemoteWebElement.java:84)
	at jdk.internal.reflect.GeneratedMethodAccessor10.invoke(Unknown Source)
	at java.base/jdk.internal.reflect.DelegatingMethodAccessorImpl.invoke(DelegatingMethodAccessorImpl.java:43)
	at org.openqa.selenium.support.events.EventFiringWebDriver$EventFiringWebElement.lambda$new$0(EventFiringWebDriver.java:404)
	at jdk.proxy2/jdk.proxy2.$Proxy21.click(Unknown Source)
	at org.openqa.selenium.support.events.EventFiringWebDriver$EventFiringWebElement.click(EventFiringWebDriver.java:417)
	at org.openqa.selenium.WebElement$click.call(Unknown Source)
	at com.kms.katalon.core.webui.keyword.builtin.ClickKeyword.clickUntilSuccessWithTimeout(ClickKeyword.groovy:81)
	at com.kms.katalon.core.webui.keyword.builtin.ClickKeyword.clickUntilSuccessWithTimeout(ClickKeyword.groovy)
	at jdk.internal.reflect.GeneratedMethodAccessor8.invoke(Unknown Source)
	at java.base/jdk.internal.reflect.DelegatingMethodAccessorImpl.invoke(DelegatingMethodAccessorImpl.java:43)
	at com.kms.katalon.core.webui.keyword.builtin.ClickKeyword$_click_closure1.doCall(ClickKeyword.groovy:67)
	at com.kms.katalon.core.webui.keyword.builtin.ClickKeyword$_click_closure1.call(ClickKeyword.groovy)
	at com.kms.katalon.core.webui.keyword.internal.WebUIKeywordMain.runKeyword(WebUIKeywordMain.groovy:35)
	... 20 more


27-11-2024T13:07:09 - [TEST_STEP][PASSED] - callTestCase(findTestCase("1.Inicio/1.1Principal/Principal-home"), [:], STOP_ON_FAILURE): Call Test Case 'Test Cases/1.Inicio/1.1Principal/Principal-home' successfully

27-11-2024T13:07:09 - [TEST_CASE][PASSED] - Test Cases/1.Inicio/1.1Principal/Principal-home: Test Cases/1.Inicio/1.1Principal/Principal-home

27-11-2024T13:07:09 - [TEST_STEP][PASSED] - openBrowser(""): Browser is opened with url: ''

27-11-2024T13:07:09 - [MESSAGE][WARNING] - A browser is already opened. Closing browser and opening a new one

27-11-2024T13:07:12 - [MESSAGE][INFO] - Starting 'Firefox' driver

27-11-2024T13:07:12 - [MESSAGE][INFO] - Action delay is set to 0 milliseconds

27-11-2024T13:07:20 - [MESSAGE][PASSED] - Browser is opened with url: ''

27-11-2024T13:07:20 - [TEST_STEP][PASSED] - navigateToUrl("https://dev01-registrodeenvios.olvacourier.com/principal"): Navigate to 'https://dev01-registrodeenvios.olvacourier.com/principal' successfully

27-11-2024T13:07:22 - [MESSAGE][PASSED] - Navigate to 'https://dev01-registrodeenvios.olvacourier.com/principal' successfully

27-11-2024T13:07:22 - [TEST_STEP][PASSED] - maximizeWindow(): Current window maximized

27-11-2024T13:07:22 - [MESSAGE][PASSED] - Current window maximized

27-11-2024T13:07:22 - [MESSAGE][PASSED] - Call Test Case 'Test Cases/1.Inicio/1.1Principal/Principal-home' successfully

27-11-2024T13:07:22 - [TEST_STEP][PASSED] - callTestCase(findTestCase("1.Inicio/1.1Principal/Selec_paquete"), [:], STOP_ON_FAILURE): Call Test Case 'Test Cases/1.Inicio/1.1Principal/Selec_paquete' successfully

27-11-2024T13:07:23 - [TEST_CASE][PASSED] - Test Cases/1.Inicio/1.1Principal/Selec_paquete: Test Cases/1.Inicio/1.1Principal/Selec_paquete

27-11-2024T13:07:23 - [TEST_STEP][PASSED] - click(findTestObject("Object Repository/Principal/Page_Olva Courier  Home/img_Qu deseas realizar hoy_img_paquete")): Object: 'Object Repository/Principal/Page_Olva Courier  Home/img_Qu deseas realizar hoy_img_paquete' is clicked on

27-11-2024T13:07:23 - [MESSAGE][PASSED] - Object: 'Object Repository/Principal/Page_Olva Courier  Home/img_Qu deseas realizar hoy_img_paquete' is clicked on

27-11-2024T13:07:23 - [TEST_STEP][PASSED] - click(findTestObject("Object Repository/Principal/Page_Olva Courier  Home/span_He ledo y acepto los_checkmark (1)")): Object: 'Object Repository/Principal/Page_Olva Courier  Home/span_He ledo y acepto los_checkmark (1)' is clicked on

27-11-2024T13:07:24 - [MESSAGE][PASSED] - Object: 'Object Repository/Principal/Page_Olva Courier  Home/span_He ledo y acepto los_checkmark (1)' is clicked on

27-11-2024T13:07:24 - [TEST_STEP][PASSED] - click(findTestObject("Object Repository/Principal/Page_Olva Courier  Home/button_CONTINUAR (1)")): Object: 'Object Repository/Principal/Page_Olva Courier  Home/button_CONTINUAR (1)' is clicked on

27-11-2024T13:07:25 - [MESSAGE][PASSED] - Object: 'Object Repository/Principal/Page_Olva Courier  Home/button_CONTINUAR (1)' is clicked on

27-11-2024T13:07:25 - [TEST_STEP][PASSED] - verifyElementPresent(findTestObject("Object Repository/Principal/Page_Olva Courier  Datos Personales/strong_REGISTRO DE ENVOS"), 0): Object 'Object Repository/Principal/Page_Olva Courier  Datos Personales/strong_REGISTRO DE ENVOS' is present

27-11-2024T13:07:25 - [MESSAGE][WARNING] - Timeout '0' is invalid. Using default page load timeout: '30'

27-11-2024T13:07:26 - [MESSAGE][PASSED] - Object 'Object Repository/Principal/Page_Olva Courier  Datos Personales/strong_REGISTRO DE ENVOS' is present

27-11-2024T13:07:26 - [TEST_STEP][PASSED] - verifyElementPresent(findTestObject("Object Repository/Principal/Page_Olva Courier  Datos Personales/span_Regresar (1)"), 0): Object 'Object Repository/Principal/Page_Olva Courier  Datos Personales/span_Regresar (1)' is present

27-11-2024T13:07:26 - [MESSAGE][WARNING] - Timeout '0' is invalid. Using default page load timeout: '30'

27-11-2024T13:07:26 - [MESSAGE][PASSED] - Object 'Object Repository/Principal/Page_Olva Courier  Datos Personales/span_Regresar (1)' is present

27-11-2024T13:07:26 - [TEST_STEP][PASSED] - verifyElementPresent(findTestObject("Object Repository/Principal/Page_Olva Courier  Datos Personales/span_Inicio (1)"), 0): Object 'Object Repository/Principal/Page_Olva Courier  Datos Personales/span_Inicio (1)' is present

27-11-2024T13:07:26 - [MESSAGE][WARNING] - Timeout '0' is invalid. Using default page load timeout: '30'

27-11-2024T13:07:26 - [MESSAGE][PASSED] - Object 'Object Repository/Principal/Page_Olva Courier  Datos Personales/span_Inicio (1)' is present

27-11-2024T13:07:26 - [MESSAGE][PASSED] - Call Test Case 'Test Cases/1.Inicio/1.1Principal/Selec_paquete' successfully

27-11-2024T13:07:26 - [TEST_STEP][PASSED] - callTestCase(findTestCase("1.Inicio/1.2Tipo_Doc/5.RUC20"), [:], STOP_ON_FAILURE): Call Test Case 'Test Cases/1.Inicio/1.2Tipo_Doc/5.RUC20' successfully

27-11-2024T13:07:26 - [TEST_CASE][PASSED] - Test Cases/1.Inicio/1.2Tipo_Doc/5.RUC20: Test Cases/1.Inicio/1.2Tipo_Doc/5.RUC20

27-11-2024T13:07:26 - [TEST_STEP][PASSED] - click(findTestObject("Object Repository/Login/Page_Olva Courier  Datos Personales/button_Tipo De Documento")): Object: 'Object Repository/Login/Page_Olva Courier  Datos Personales/button_Tipo De Documento' is clicked on

27-11-2024T13:07:27 - [MESSAGE][PASSED] - Object: 'Object Repository/Login/Page_Olva Courier  Datos Personales/button_Tipo De Documento' is clicked on

27-11-2024T13:07:27 - [TEST_STEP][PASSED] - click(findTestObject("Object Repository/Login/Page_Olva Courier  Datos Personales/span_RUC (Factura)")): Object: 'Object Repository/Login/Page_Olva Courier  Datos Personales/span_RUC (Factura)' is clicked on

27-11-2024T13:07:27 - [MESSAGE][PASSED] - Object: 'Object Repository/Login/Page_Olva Courier  Datos Personales/span_RUC (Factura)' is clicked on

27-11-2024T13:07:27 - [TEST_STEP][PASSED] - setText(findTestObject("Object Repository/Login/Page_Olva Courier  Datos Personales/input_CARN EXT. (Boleta)_txt_documento_cliente"), "20100686814"): Text '20100686814' is set on object 'Object Repository/Login/Page_Olva Courier  Datos Personales/input_CARN EXT. (Boleta)_txt_documento_cliente'

27-11-2024T13:07:28 - [MESSAGE][PASSED] - Text '20100686814' is set on object 'Object Repository/Login/Page_Olva Courier  Datos Personales/input_CARN EXT. (Boleta)_txt_documento_cliente'

27-11-2024T13:07:28 - [MESSAGE][PASSED] - Call Test Case 'Test Cases/1.Inicio/1.2Tipo_Doc/5.RUC20' successfully

27-11-2024T13:07:28 - [TEST_STEP][PASSED] - click(findTestObject("Object Repository/valorado/Page_Olva Courier  Datos Personales/button_Seleccionar artculo")): Object: 'Object Repository/valorado/Page_Olva Courier  Datos Personales/button_Seleccionar artculo' is clicked on

27-11-2024T13:07:33 - [MESSAGE][PASSED] - Object: 'Object Repository/valorado/Page_Olva Courier  Datos Personales/button_Seleccionar artculo' is clicked on

27-11-2024T13:07:33 - [TEST_STEP][PASSED] - click(findTestObject("Object Repository/valorado/Page_Olva Courier  Datos Personales/a_MUEBLES Y DECOHOGAR")): Object: 'Object Repository/valorado/Page_Olva Courier  Datos Personales/a_MUEBLES Y DECOHOGAR' is clicked on

27-11-2024T13:07:34 - [MESSAGE][PASSED] - Object: 'Object Repository/valorado/Page_Olva Courier  Datos Personales/a_MUEBLES Y DECOHOGAR' is clicked on

27-11-2024T13:07:34 - [TEST_STEP][PASSED] - setText(findTestObject("Object Repository/valorado/Page_Olva Courier  Datos Personales/input_UTILES DE OFICINA_txt_paquete_articulo"), "PREUBas"): Text 'PREUBas' is set on object 'Object Repository/valorado/Page_Olva Courier  Datos Personales/input_UTILES DE OFICINA_txt_paquete_articulo'

27-11-2024T13:07:34 - [MESSAGE][PASSED] - Text 'PREUBas' is set on object 'Object Repository/valorado/Page_Olva Courier  Datos Personales/input_UTILES DE OFICINA_txt_paquete_articulo'

27-11-2024T13:07:34 - [TEST_STEP][PASSED] - setText(findTestObject("Object Repository/valorado/Page_Olva Courier  Datos Personales/input_UTILES DE OFICINA_txt_paquete_valor"), "501"): Text '501' is set on object 'Object Repository/valorado/Page_Olva Courier  Datos Personales/input_UTILES DE OFICINA_txt_paquete_valor'

27-11-2024T13:07:35 - [MESSAGE][PASSED] - Text '501' is set on object 'Object Repository/valorado/Page_Olva Courier  Datos Personales/input_UTILES DE OFICINA_txt_paquete_valor'

27-11-2024T13:07:35 - [TEST_STEP][PASSED] - click(findTestObject("Object Repository/valorado/Page_Olva Courier  Datos Personales/b_1Kg")): Object: 'Object Repository/valorado/Page_Olva Courier  Datos Personales/b_1Kg' is clicked on

27-11-2024T13:07:35 - [MESSAGE][PASSED] - Object: 'Object Repository/valorado/Page_Olva Courier  Datos Personales/b_1Kg' is clicked on

27-11-2024T13:07:35 - [TEST_STEP][PASSED] - scrollToElement(findTestObject("Object Repository/Destinos/Page_Olva Courier  Datos Personales/button_LIMA (1)"), 0): Scroll to object 'Object Repository/Destinos/Page_Olva Courier  Datos Personales/button_LIMA (1)' successfully

27-11-2024T13:07:35 - [MESSAGE][WARNING] - Timeout '0' is invalid. Using default page load timeout: '30'

27-11-2024T13:07:36 - [MESSAGE][PASSED] - Scroll to object 'Object Repository/Destinos/Page_Olva Courier  Datos Personales/button_LIMA (1)' successfully

27-11-2024T13:07:36 - [TEST_STEP][PASSED] - click(findTestObject("Object Repository/Destinos/Page_Olva Courier  Datos Personales/button_LIMA (1)")): Object: 'Object Repository/Destinos/Page_Olva Courier  Datos Personales/button_LIMA (1)' is clicked on

27-11-2024T13:07:37 - [MESSAGE][PASSED] - Object: 'Object Repository/Destinos/Page_Olva Courier  Datos Personales/button_LIMA (1)' is clicked on

27-11-2024T13:07:37 - [TEST_STEP][PASSED] - click(findTestObject("Object Repository/Destinos/Page_Olva Courier  Datos Personales/a_ICA")): Object: 'Object Repository/Destinos/Page_Olva Courier  Datos Personales/a_ICA' is clicked on

27-11-2024T13:07:37 - [MESSAGE][PASSED] - Object: 'Object Repository/Destinos/Page_Olva Courier  Datos Personales/a_ICA' is clicked on

27-11-2024T13:07:37 - [TEST_STEP][PASSED] - click(findTestObject("Object Repository/Destinos/Page_Olva Courier  Datos Personales/button_ICA")): Object: 'Object Repository/Destinos/Page_Olva Courier  Datos Personales/button_ICA' is clicked on

27-11-2024T13:07:38 - [MESSAGE][PASSED] - Object: 'Object Repository/Destinos/Page_Olva Courier  Datos Personales/button_ICA' is clicked on

27-11-2024T13:07:38 - [TEST_STEP][PASSED] - click(findTestObject("Object Repository/valorado/Page_Olva Courier  Datos Personales/button_Ingrese el punto de llegada")): Object: 'Object Repository/valorado/Page_Olva Courier  Datos Personales/button_Ingrese el punto de llegada' is clicked on

27-11-2024T13:07:38 - [MESSAGE][PASSED] - Object: 'Object Repository/valorado/Page_Olva Courier  Datos Personales/button_Ingrese el punto de llegada' is clicked on

27-11-2024T13:07:38 - [TEST_STEP][PASSED] - click(findTestObject("Object Repository/valorado/Page_Olva Courier  Datos Personales/a_ANCASH - HUARAZ - HUARAZ")): Object: 'Object Repository/valorado/Page_Olva Courier  Datos Personales/a_ANCASH - HUARAZ - HUARAZ' is clicked on

27-11-2024T13:07:39 - [MESSAGE][PASSED] - Object: 'Object Repository/valorado/Page_Olva Courier  Datos Personales/a_ANCASH - HUARAZ - HUARAZ' is clicked on

27-11-2024T13:07:39 - [TEST_STEP][PASSED] - click(findTestObject("Object Repository/valorado/Page_Olva Courier  Datos Personales/button_Tipo de entrega")): Object: 'Object Repository/valorado/Page_Olva Courier  Datos Personales/button_Tipo de entrega' is clicked on

27-11-2024T13:07:39 - [MESSAGE][PASSED] - Object: 'Object Repository/valorado/Page_Olva Courier  Datos Personales/button_Tipo de entrega' is clicked on

27-11-2024T13:07:39 - [TEST_STEP][PASSED] - click(findTestObject("Object Repository/valorado/Page_Olva Courier  Datos Personales/a_Recojo en tienda")): Object: 'Object Repository/valorado/Page_Olva Courier  Datos Personales/a_Recojo en tienda' is clicked on

27-11-2024T13:07:40 - [MESSAGE][PASSED] - Object: 'Object Repository/valorado/Page_Olva Courier  Datos Personales/a_Recojo en tienda' is clicked on

27-11-2024T13:07:40 - [TEST_STEP][PASSED] - click(findTestObject("Object Repository/valorado/Page_Olva Courier  Datos Personales/button_Tienda")): Object: 'Object Repository/valorado/Page_Olva Courier  Datos Personales/button_Tienda' is clicked on

27-11-2024T13:07:41 - [MESSAGE][PASSED] - Object: 'Object Repository/valorado/Page_Olva Courier  Datos Personales/button_Tienda' is clicked on

27-11-2024T13:07:41 - [TEST_STEP][PASSED] - click(findTestObject("Object Repository/valorado/Page_Olva Courier  Datos Personales/span_TIENDA HUARAZ - HUARAZ - AV MARISCAL A_1d6adb")): Object: 'Object Repository/valorado/Page_Olva Courier  Datos Personales/span_TIENDA HUARAZ - HUARAZ - AV MARISCAL A_1d6adb' is clicked on

27-11-2024T13:07:41 - [MESSAGE][PASSED] - Object: 'Object Repository/valorado/Page_Olva Courier  Datos Personales/span_TIENDA HUARAZ - HUARAZ - AV MARISCAL A_1d6adb' is clicked on

27-11-2024T13:07:41 - [TEST_STEP][PASSED] - scrollToElement(findTestObject("Object Repository/valorado/Page_Olva Courier  Datos Personales/button_Tipo De Documento_1"), 0): Scroll to object 'Object Repository/valorado/Page_Olva Courier  Datos Personales/button_Tipo De Documento_1' successfully

27-11-2024T13:07:41 - [MESSAGE][WARNING] - Timeout '0' is invalid. Using default page load timeout: '30'

27-11-2024T13:07:41 - [MESSAGE][PASSED] - Scroll to object 'Object Repository/valorado/Page_Olva Courier  Datos Personales/button_Tipo De Documento_1' successfully

27-11-2024T13:07:41 - [TEST_STEP][PASSED] - click(findTestObject("Object Repository/valorado/Page_Olva Courier  Datos Personales/button_Tipo De Documento_1")): Object: 'Object Repository/valorado/Page_Olva Courier  Datos Personales/button_Tipo De Documento_1' is clicked on

27-11-2024T13:07:42 - [MESSAGE][PASSED] - Object: 'Object Repository/valorado/Page_Olva Courier  Datos Personales/button_Tipo De Documento_1' is clicked on

27-11-2024T13:07:42 - [TEST_STEP][PASSED] - click(findTestObject("Object Repository/valorado/Page_Olva Courier  Datos Personales/a_DNI")): Object: 'Object Repository/valorado/Page_Olva Courier  Datos Personales/a_DNI' is clicked on

27-11-2024T13:07:43 - [MESSAGE][PASSED] - Object: 'Object Repository/valorado/Page_Olva Courier  Datos Personales/a_DNI' is clicked on

27-11-2024T13:07:43 - [TEST_STEP][PASSED] - setText(findTestObject("Object Repository/valorado/Page_Olva Courier  Datos Personales/input_CARN EXT_txt_consignado_dni"), "71735785"): Text '71735785' is set on object 'Object Repository/valorado/Page_Olva Courier  Datos Personales/input_CARN EXT_txt_consignado_dni'

27-11-2024T13:07:43 - [MESSAGE][PASSED] - Text '71735785' is set on object 'Object Repository/valorado/Page_Olva Courier  Datos Personales/input_CARN EXT_txt_consignado_dni'

27-11-2024T13:07:43 - [TEST_STEP][PASSED] - scrollToElement(findTestObject("Object Repository/valorado/Page_Olva Courier  Datos Personales/button_CONTINUAR"), 0): Scroll to object 'Object Repository/valorado/Page_Olva Courier  Datos Personales/button_CONTINUAR' successfully

27-11-2024T13:07:43 - [MESSAGE][WARNING] - Timeout '0' is invalid. Using default page load timeout: '30'

27-11-2024T13:07:44 - [MESSAGE][PASSED] - Scroll to object 'Object Repository/valorado/Page_Olva Courier  Datos Personales/button_CONTINUAR' successfully

27-11-2024T13:07:44 - [TEST_STEP][PASSED] - click(findTestObject("Object Repository/valorado/Page_Olva Courier  Datos Personales/button_CONTINUAR")): Object: 'Object Repository/valorado/Page_Olva Courier  Datos Personales/button_CONTINUAR' is clicked on

27-11-2024T13:07:45 - [MESSAGE][PASSED] - Object: 'Object Repository/valorado/Page_Olva Courier  Datos Personales/button_CONTINUAR' is clicked on

27-11-2024T13:07:45 - [TEST_STEP][PASSED] - click(findTestObject("Object Repository/valorado/Page_Olva Courier  Confirma tus datos/button_Editar")): Object: 'Object Repository/valorado/Page_Olva Courier  Confirma tus datos/button_Editar' is clicked on

27-11-2024T13:07:53 - [MESSAGE][PASSED] - Object: 'Object Repository/valorado/Page_Olva Courier  Confirma tus datos/button_Editar' is clicked on

27-11-2024T13:07:53 - [TEST_STEP][PASSED] - setText(findTestObject("Object Repository/valorado/Page_Olva Courier  Datos Personales/input_UTILES DE OFICINA_txt_paquete_valor"), "800"): Text '800' is set on object 'Object Repository/valorado/Page_Olva Courier  Datos Personales/input_UTILES DE OFICINA_txt_paquete_valor'

27-11-2024T13:07:54 - [MESSAGE][PASSED] - Text '800' is set on object 'Object Repository/valorado/Page_Olva Courier  Datos Personales/input_UTILES DE OFICINA_txt_paquete_valor'

27-11-2024T13:07:54 - [TEST_STEP][PASSED] - scrollToElement(findTestObject("Object Repository/valorado/Page_Olva Courier  Datos Personales/button_CONTINUAR"), 0): Scroll to object 'Object Repository/valorado/Page_Olva Courier  Datos Personales/button_CONTINUAR' successfully

27-11-2024T13:07:54 - [MESSAGE][WARNING] - Timeout '0' is invalid. Using default page load timeout: '30'

27-11-2024T13:07:55 - [MESSAGE][PASSED] - Scroll to object 'Object Repository/valorado/Page_Olva Courier  Datos Personales/button_CONTINUAR' successfully

27-11-2024T13:07:55 - [TEST_STEP][PASSED] - click(findTestObject("Object Repository/valorado/Page_Olva Courier  Datos Personales/button_CONTINUAR")): Object: 'Object Repository/valorado/Page_Olva Courier  Datos Personales/button_CONTINUAR' is clicked on

27-11-2024T13:07:55 - [MESSAGE][PASSED] - Object: 'Object Repository/valorado/Page_Olva Courier  Datos Personales/button_CONTINUAR' is clicked on

27-11-2024T13:07:55 - [TEST_STEP][PASSED] - click(findTestObject("Object Repository/valorado/Page_Olva Courier  Confirma tus datos/button_Editar")): Object: 'Object Repository/valorado/Page_Olva Courier  Confirma tus datos/button_Editar' is clicked on

27-11-2024T13:08:02 - [MESSAGE][PASSED] - Object: 'Object Repository/valorado/Page_Olva Courier  Confirma tus datos/button_Editar' is clicked on

27-11-2024T13:08:02 - [TEST_STEP][FAILED] - click(findTestObject("Object Repository/valorado/Page_Olva Courier  Datos Personales/button_Recojo en tienda")): Unable to click on object 'Object Repository/valorado/Page_Olva Courier  Datos Personales/button_Recojo en tienda' (Root cause: com.kms.katalon.core.exception.StepFailedException: Unable to click on object 'Object Repository/valorado/Page_Olva Courier  Datos Personales/button_Recojo en tienda'
	at com.kms.katalon.core.webui.keyword.internal.WebUIKeywordMain.stepFailed(WebUIKeywordMain.groovy:117)
	at com.kms.katalon.core.webui.keyword.internal.WebUIKeywordMain.runKeyword(WebUIKeywordMain.groovy:43)
	at com.kms.katalon.core.webui.keyword.builtin.ClickKeyword.click(ClickKeyword.groovy:74)
	at com.kms.katalon.core.webui.keyword.builtin.ClickKeyword.execute(ClickKeyword.groovy:40)
	at com.kms.katalon.core.keyword.internal.KeywordExecutor.executeKeywordForPlatform(KeywordExecutor.groovy:74)
	at com.kms.katalon.core.webui.keyword.WebUiBuiltInKeywords.click(WebUiBuiltInKeywords.groovy:659)
	at EditarValorado.run(EditarValorado:86)
	at com.kms.katalon.core.main.ScriptEngine.run(ScriptEngine.java:194)
	at com.kms.katalon.core.main.ScriptEngine.runScriptAsRawText(ScriptEngine.java:119)
	at com.kms.katalon.core.main.TestCaseExecutor.runScript(TestCaseExecutor.java:448)
	at com.kms.katalon.core.main.TestCaseExecutor.doExecute(TestCaseExecutor.java:439)
	at com.kms.katalon.core.main.TestCaseExecutor.processExecutionPhase(TestCaseExecutor.java:418)
	at com.kms.katalon.core.main.TestCaseExecutor.accessMainPhase(TestCaseExecutor.java:410)
	at com.kms.katalon.core.main.TestCaseExecutor.execute(TestCaseExecutor.java:285)
	at com.kms.katalon.core.common.CommonExecutor.accessTestCaseMainPhase(CommonExecutor.java:65)
	at com.kms.katalon.core.main.TestSuiteExecutor.accessTestSuiteMainPhase(TestSuiteExecutor.java:150)
	at com.kms.katalon.core.main.TestSuiteExecutor.execute(TestSuiteExecutor.java:106)
	at com.kms.katalon.core.main.TestCaseMain.startTestSuite(TestCaseMain.java:180)
	at TempTestSuite1732729948317.run(TempTestSuite1732729948317.groovy:35)
	at java.base/jdk.internal.reflect.NativeMethodAccessorImpl.invoke0(Native Method)
	at java.base/jdk.internal.reflect.NativeMethodAccessorImpl.invoke(NativeMethodAccessorImpl.java:77)
	at java.base/jdk.internal.reflect.DelegatingMethodAccessorImpl.invoke(DelegatingMethodAccessorImpl.java:43)
Caused by: org.openqa.selenium.ElementClickInterceptedException: Element <button class="btn dropdown-toggle form-control selectpicker btn-default" type="button"> is not clickable at point (455,613) because another element <p> obscures it
Build info: version: '3.141.59', revision: 'unknown', time: 'unknown'
System info: host: 'DESKTOP-RGFFP9A', ip: '10.136.10.6', os.name: 'Windows 11', os.arch: 'amd64', os.version: '10.0', java.version: '17.0.7'
Driver info: com.kms.katalon.core.webui.driver.firefox.CGeckoDriver
Capabilities {acceptInsecureCerts: true, browserName: firefox, browserVersion: 133.0, javascriptEnabled: true, moz:accessibilityChecks: false, moz:buildID: 20241121140525, moz:geckodriverVersion: 0.35.0, moz:headless: false, moz:platformVersion: 10.0, moz:processID: 39672, moz:profile: C:\Users\OLVATI\AppData\Loc..., moz:shutdownTimeout: 60000, moz:webdriverClick: true, moz:windowless: false, pageLoadStrategy: normal, platform: WINDOWS, platformName: WINDOWS, proxy: Proxy(direct), setWindowRect: true, strictFileInteractability: false, timeouts: {implicit: 0, pageLoad: 300000, script: 30000}, unhandledPromptBehavior: dismiss and notify, userAgent: Mozilla/5.0 (Windows NT 10....}
Session ID: 3470bab0-cdaf-4191-9532-ca4a4eb29b05
	at jdk.internal.reflect.GeneratedConstructorAccessor32.newInstance(Unknown Source)
	at java.base/jdk.internal.reflect.DelegatingConstructorAccessorImpl.newInstance(DelegatingConstructorAccessorImpl.java:45)
	at org.openqa.selenium.remote.http.W3CHttpResponseCodec.createException(W3CHttpResponseCodec.java:187)
	at org.openqa.selenium.remote.http.W3CHttpResponseCodec.decode(W3CHttpResponseCodec.java:122)
	at org.openqa.selenium.remote.http.W3CHttpResponseCodec.decode(W3CHttpResponseCodec.java:49)
	at org.openqa.selenium.remote.HttpCommandExecutor.execute(HttpCommandExecutor.java:158)
	at org.openqa.selenium.remote.service.DriverCommandExecutor.execute(DriverCommandExecutor.java:83)
	at org.openqa.selenium.remote.RemoteWebDriver.execute(RemoteWebDriver.java:552)
	at com.kms.katalon.selenium.driver.CFirefoxDriver.execute(CFirefoxDriver.java:28)
	at org.openqa.selenium.remote.RemoteWebElement.execute(RemoteWebElement.java:285)
	at org.openqa.selenium.remote.RemoteWebElement.click(RemoteWebElement.java:84)
	at jdk.internal.reflect.GeneratedMethodAccessor10.invoke(Unknown Source)
	at java.base/jdk.internal.reflect.DelegatingMethodAccessorImpl.invoke(DelegatingMethodAccessorImpl.java:43)
	at org.openqa.selenium.support.events.EventFiringWebDriver$EventFiringWebElement.lambda$new$0(EventFiringWebDriver.java:404)
	at jdk.proxy2/jdk.proxy2.$Proxy21.click(Unknown Source)
	at org.openqa.selenium.support.events.EventFiringWebDriver$EventFiringWebElement.click(EventFiringWebDriver.java:417)
	at org.openqa.selenium.WebElement$click.call(Unknown Source)
	at com.kms.katalon.core.webui.keyword.builtin.ClickKeyword.clickUntilSuccessWithTimeout(ClickKeyword.groovy:81)
	at com.kms.katalon.core.webui.keyword.builtin.ClickKeyword.clickUntilSuccessWithTimeout(ClickKeyword.groovy)
	at jdk.internal.reflect.GeneratedMethodAccessor8.invoke(Unknown Source)
	at java.base/jdk.internal.reflect.DelegatingMethodAccessorImpl.invoke(DelegatingMethodAccessorImpl.java:43)
	at com.kms.katalon.core.webui.keyword.builtin.ClickKeyword$_click_closure1.doCall(ClickKeyword.groovy:67)
	at com.kms.katalon.core.webui.keyword.builtin.ClickKeyword$_click_closure1.call(ClickKeyword.groovy)
	at com.kms.katalon.core.webui.keyword.internal.WebUIKeywordMain.runKeyword(WebUIKeywordMain.groovy:35)
	at com.kms.katalon.core.webui.keyword.builtin.ClickKeyword.click(ClickKeyword.groovy:74)
	at com.kms.katalon.core.webui.keyword.builtin.ClickKeyword.execute(ClickKeyword.groovy:40)
	at com.kms.katalon.core.keyword.internal.KeywordExecutor.executeKeywordForPlatform(KeywordExecutor.groovy:74)
	at com.kms.katalon.core.webui.keyword.WebUiBuiltInKeywords.click(WebUiBuiltInKeywords.groovy:659)
	at Script1732294996616.run(Script1732294996616.groovy:86)
	... 15 more
)

27-11-2024T13:08:33 - [MESSAGE][FAILED] - Unable to click on object 'Object Repository/valorado/Page_Olva Courier  Datos Personales/button_Recojo en tienda' (Root cause: com.kms.katalon.core.exception.StepFailedException: Unable to click on object 'Object Repository/valorado/Page_Olva Courier  Datos Personales/button_Recojo en tienda'
	at com.kms.katalon.core.webui.keyword.internal.WebUIKeywordMain.stepFailed(WebUIKeywordMain.groovy:117)
	at com.kms.katalon.core.webui.keyword.internal.WebUIKeywordMain.runKeyword(WebUIKeywordMain.groovy:43)
	at com.kms.katalon.core.webui.keyword.builtin.ClickKeyword.click(ClickKeyword.groovy:74)
	at com.kms.katalon.core.webui.keyword.builtin.ClickKeyword.execute(ClickKeyword.groovy:40)
	at com.kms.katalon.core.keyword.internal.KeywordExecutor.executeKeywordForPlatform(KeywordExecutor.groovy:74)
	at com.kms.katalon.core.webui.keyword.WebUiBuiltInKeywords.click(WebUiBuiltInKeywords.groovy:659)
	at EditarValorado.run(EditarValorado:86)
	at com.kms.katalon.core.main.ScriptEngine.run(ScriptEngine.java:194)
	at com.kms.katalon.core.main.ScriptEngine.runScriptAsRawText(ScriptEngine.java:119)
	at com.kms.katalon.core.main.TestCaseExecutor.runScript(TestCaseExecutor.java:448)
	at com.kms.katalon.core.main.TestCaseExecutor.doExecute(TestCaseExecutor.java:439)
	at com.kms.katalon.core.main.TestCaseExecutor.processExecutionPhase(TestCaseExecutor.java:418)
	at com.kms.katalon.core.main.TestCaseExecutor.accessMainPhase(TestCaseExecutor.java:410)
	at com.kms.katalon.core.main.TestCaseExecutor.execute(TestCaseExecutor.java:285)
	at com.kms.katalon.core.common.CommonExecutor.accessTestCaseMainPhase(CommonExecutor.java:65)
	at com.kms.katalon.core.main.TestSuiteExecutor.accessTestSuiteMainPhase(TestSuiteExecutor.java:150)
	at com.kms.katalon.core.main.TestSuiteExecutor.execute(TestSuiteExecutor.java:106)
	at com.kms.katalon.core.main.TestCaseMain.startTestSuite(TestCaseMain.java:180)
	at TempTestSuite1732729948317.run(TempTestSuite1732729948317.groovy:35)
	at java.base/jdk.internal.reflect.NativeMethodAccessorImpl.invoke0(Native Method)
	at java.base/jdk.internal.reflect.NativeMethodAccessorImpl.invoke(NativeMethodAccessorImpl.java:77)
	at java.base/jdk.internal.reflect.DelegatingMethodAccessorImpl.invoke(DelegatingMethodAccessorImpl.java:43)
Caused by: org.openqa.selenium.ElementClickInterceptedException: Element <button class="btn dropdown-toggle form-control selectpicker btn-default" type="button"> is not clickable at point (455,613) because another element <p> obscures it
Build info: version: '3.141.59', revision: 'unknown', time: 'unknown'
System info: host: 'DESKTOP-RGFFP9A', ip: '10.136.10.6', os.name: 'Windows 11', os.arch: 'amd64', os.version: '10.0', java.version: '17.0.7'
Driver info: com.kms.katalon.core.webui.driver.firefox.CGeckoDriver
Capabilities {acceptInsecureCerts: true, browserName: firefox, browserVersion: 133.0, javascriptEnabled: true, moz:accessibilityChecks: false, moz:buildID: 20241121140525, moz:geckodriverVersion: 0.35.0, moz:headless: false, moz:platformVersion: 10.0, moz:processID: 39672, moz:profile: C:\Users\OLVATI\AppData\Loc..., moz:shutdownTimeout: 60000, moz:webdriverClick: true, moz:windowless: false, pageLoadStrategy: normal, platform: WINDOWS, platformName: WINDOWS, proxy: Proxy(direct), setWindowRect: true, strictFileInteractability: false, timeouts: {implicit: 0, pageLoad: 300000, script: 30000}, unhandledPromptBehavior: dismiss and notify, userAgent: Mozilla/5.0 (Windows NT 10....}
Session ID: 3470bab0-cdaf-4191-9532-ca4a4eb29b05
	at jdk.internal.reflect.GeneratedConstructorAccessor32.newInstance(Unknown Source)
	at java.base/jdk.internal.reflect.DelegatingConstructorAccessorImpl.newInstance(DelegatingConstructorAccessorImpl.java:45)
	at org.openqa.selenium.remote.http.W3CHttpResponseCodec.createException(W3CHttpResponseCodec.java:187)
	at org.openqa.selenium.remote.http.W3CHttpResponseCodec.decode(W3CHttpResponseCodec.java:122)
	at org.openqa.selenium.remote.http.W3CHttpResponseCodec.decode(W3CHttpResponseCodec.java:49)
	at org.openqa.selenium.remote.HttpCommandExecutor.execute(HttpCommandExecutor.java:158)
	at org.openqa.selenium.remote.service.DriverCommandExecutor.execute(DriverCommandExecutor.java:83)
	at org.openqa.selenium.remote.RemoteWebDriver.execute(RemoteWebDriver.java:552)
	at com.kms.katalon.selenium.driver.CFirefoxDriver.execute(CFirefoxDriver.java:28)
	at org.openqa.selenium.remote.RemoteWebElement.execute(RemoteWebElement.java:285)
	at org.openqa.selenium.remote.RemoteWebElement.click(RemoteWebElement.java:84)
	at jdk.internal.reflect.GeneratedMethodAccessor10.invoke(Unknown Source)
	at java.base/jdk.internal.reflect.DelegatingMethodAccessorImpl.invoke(DelegatingMethodAccessorImpl.java:43)
	at org.openqa.selenium.support.events.EventFiringWebDriver$EventFiringWebElement.lambda$new$0(EventFiringWebDriver.java:404)
	at jdk.proxy2/jdk.proxy2.$Proxy21.click(Unknown Source)
	at org.openqa.selenium.support.events.EventFiringWebDriver$EventFiringWebElement.click(EventFiringWebDriver.java:417)
	at org.openqa.selenium.WebElement$click.call(Unknown Source)
	at com.kms.katalon.core.webui.keyword.builtin.ClickKeyword.clickUntilSuccessWithTimeout(ClickKeyword.groovy:81)
	at com.kms.katalon.core.webui.keyword.builtin.ClickKeyword.clickUntilSuccessWithTimeout(ClickKeyword.groovy)
	at jdk.internal.reflect.GeneratedMethodAccessor8.invoke(Unknown Source)
	at java.base/jdk.internal.reflect.DelegatingMethodAccessorImpl.invoke(DelegatingMethodAccessorImpl.java:43)
	at com.kms.katalon.core.webui.keyword.builtin.ClickKeyword$_click_closure1.doCall(ClickKeyword.groovy:67)
	at com.kms.katalon.core.webui.keyword.builtin.ClickKeyword$_click_closure1.call(ClickKeyword.groovy)
	at com.kms.katalon.core.webui.keyword.internal.WebUIKeywordMain.runKeyword(WebUIKeywordMain.groovy:35)
	at com.kms.katalon.core.webui.keyword.builtin.ClickKeyword.click(ClickKeyword.groovy:74)
	at com.kms.katalon.core.webui.keyword.builtin.ClickKeyword.execute(ClickKeyword.groovy:40)
	at com.kms.katalon.core.keyword.internal.KeywordExecutor.executeKeywordForPlatform(KeywordExecutor.groovy:74)
	at com.kms.katalon.core.webui.keyword.WebUiBuiltInKeywords.click(WebUiBuiltInKeywords.groovy:659)
	at Script1732294996616.run(Script1732294996616.groovy:86)
	... 15 more
)]]></system-out>
         <system-err><![CDATA[27-11-2024T13:07:09 - [TEST_CASE][FAILED] - Test Cases/2.Positivos/2.1Paquete/Origen-Provincia/2.Valorado/Entrega_Domicilio/EditarValorado: Test Cases/2.Positivos/2.1Paquete/Origen-Provincia/2.Valorado/Entrega_Domicilio/EditarValorado FAILED.
Reason:
com.kms.katalon.core.exception.StepFailedException: Unable to click on object 'Object Repository/valorado/Page_Olva Courier  Datos Personales/button_Recojo en tienda'
	at com.kms.katalon.core.webui.keyword.internal.WebUIKeywordMain.stepFailed(WebUIKeywordMain.groovy:117)
	at com.kms.katalon.core.webui.keyword.internal.WebUIKeywordMain.runKeyword(WebUIKeywordMain.groovy:43)
	at com.kms.katalon.core.webui.keyword.builtin.ClickKeyword.click(ClickKeyword.groovy:74)
	at com.kms.katalon.core.webui.keyword.builtin.ClickKeyword.execute(ClickKeyword.groovy:40)
	at com.kms.katalon.core.keyword.internal.KeywordExecutor.executeKeywordForPlatform(KeywordExecutor.groovy:74)
	at com.kms.katalon.core.webui.keyword.WebUiBuiltInKeywords.click(WebUiBuiltInKeywords.groovy:659)
	at EditarValorado.run(EditarValorado:86)
	at com.kms.katalon.core.main.ScriptEngine.run(ScriptEngine.java:194)
	at com.kms.katalon.core.main.ScriptEngine.runScriptAsRawText(ScriptEngine.java:119)
	at com.kms.katalon.core.main.TestCaseExecutor.runScript(TestCaseExecutor.java:448)
	at com.kms.katalon.core.main.TestCaseExecutor.doExecute(TestCaseExecutor.java:439)
	at com.kms.katalon.core.main.TestCaseExecutor.processExecutionPhase(TestCaseExecutor.java:418)
	at com.kms.katalon.core.main.TestCaseExecutor.accessMainPhase(TestCaseExecutor.java:410)
	at com.kms.katalon.core.main.TestCaseExecutor.execute(TestCaseExecutor.java:285)
	at com.kms.katalon.core.common.CommonExecutor.accessTestCaseMainPhase(CommonExecutor.java:65)
	at com.kms.katalon.core.main.TestSuiteExecutor.accessTestSuiteMainPhase(TestSuiteExecutor.java:150)
	at com.kms.katalon.core.main.TestSuiteExecutor.execute(TestSuiteExecutor.java:106)
	at com.kms.katalon.core.main.TestCaseMain.startTestSuite(TestCaseMain.java:180)
	at TempTestSuite1732729948317.run(TempTestSuite1732729948317.groovy:35)
	at java.base/jdk.internal.reflect.NativeMethodAccessorImpl.invoke0(Native Method)
	at java.base/jdk.internal.reflect.NativeMethodAccessorImpl.invoke(NativeMethodAccessorImpl.java:77)
	at java.base/jdk.internal.reflect.DelegatingMethodAccessorImpl.invoke(DelegatingMethodAccessorImpl.java:43)
Caused by: org.openqa.selenium.ElementClickInterceptedException: Element <button class="btn dropdown-toggle form-control selectpicker btn-default" type="button"> is not clickable at point (455,613) because another element <p> obscures it
Build info: version: '3.141.59', revision: 'unknown', time: 'unknown'
System info: host: 'DESKTOP-RGFFP9A', ip: '10.136.10.6', os.name: 'Windows 11', os.arch: 'amd64', os.version: '10.0', java.version: '17.0.7'
Driver info: com.kms.katalon.core.webui.driver.firefox.CGeckoDriver
Capabilities {acceptInsecureCerts: true, browserName: firefox, browserVersion: 133.0, javascriptEnabled: true, moz:accessibilityChecks: false, moz:buildID: 20241121140525, moz:geckodriverVersion: 0.35.0, moz:headless: false, moz:platformVersion: 10.0, moz:processID: 39672, moz:profile: C:\Users\OLVATI\AppData\Loc..., moz:shutdownTimeout: 60000, moz:webdriverClick: true, moz:windowless: false, pageLoadStrategy: normal, platform: WINDOWS, platformName: WINDOWS, proxy: Proxy(direct), setWindowRect: true, strictFileInteractability: false, timeouts: {implicit: 0, pageLoad: 300000, script: 30000}, unhandledPromptBehavior: dismiss and notify, userAgent: Mozilla/5.0 (Windows NT 10....}
Session ID: 3470bab0-cdaf-4191-9532-ca4a4eb29b05
	at jdk.internal.reflect.GeneratedConstructorAccessor32.newInstance(Unknown Source)
	at java.base/jdk.internal.reflect.DelegatingConstructorAccessorImpl.newInstance(DelegatingConstructorAccessorImpl.java:45)
	at org.openqa.selenium.remote.http.W3CHttpResponseCodec.createException(W3CHttpResponseCodec.java:187)
	at org.openqa.selenium.remote.http.W3CHttpResponseCodec.decode(W3CHttpResponseCodec.java:122)
	at org.openqa.selenium.remote.http.W3CHttpResponseCodec.decode(W3CHttpResponseCodec.java:49)
	at org.openqa.selenium.remote.HttpCommandExecutor.execute(HttpCommandExecutor.java:158)
	at org.openqa.selenium.remote.service.DriverCommandExecutor.execute(DriverCommandExecutor.java:83)
	at org.openqa.selenium.remote.RemoteWebDriver.execute(RemoteWebDriver.java:552)
	at com.kms.katalon.selenium.driver.CFirefoxDriver.execute(CFirefoxDriver.java:28)
	at org.openqa.selenium.remote.RemoteWebElement.execute(RemoteWebElement.java:285)
	at org.openqa.selenium.remote.RemoteWebElement.click(RemoteWebElement.java:84)
	at jdk.internal.reflect.GeneratedMethodAccessor10.invoke(Unknown Source)
	at java.base/jdk.internal.reflect.DelegatingMethodAccessorImpl.invoke(DelegatingMethodAccessorImpl.java:43)
	at org.openqa.selenium.support.events.EventFiringWebDriver$EventFiringWebElement.lambda$new$0(EventFiringWebDriver.java:404)
	at jdk.proxy2/jdk.proxy2.$Proxy21.click(Unknown Source)
	at org.openqa.selenium.support.events.EventFiringWebDriver$EventFiringWebElement.click(EventFiringWebDriver.java:417)
	at org.openqa.selenium.WebElement$click.call(Unknown Source)
	at com.kms.katalon.core.webui.keyword.builtin.ClickKeyword.clickUntilSuccessWithTimeout(ClickKeyword.groovy:81)
	at com.kms.katalon.core.webui.keyword.builtin.ClickKeyword.clickUntilSuccessWithTimeout(ClickKeyword.groovy)
	at jdk.internal.reflect.GeneratedMethodAccessor8.invoke(Unknown Source)
	at java.base/jdk.internal.reflect.DelegatingMethodAccessorImpl.invoke(DelegatingMethodAccessorImpl.java:43)
	at com.kms.katalon.core.webui.keyword.builtin.ClickKeyword$_click_closure1.doCall(ClickKeyword.groovy:67)
	at com.kms.katalon.core.webui.keyword.builtin.ClickKeyword$_click_closure1.call(ClickKeyword.groovy)
	at com.kms.katalon.core.webui.keyword.internal.WebUIKeywordMain.runKeyword(WebUIKeywordMain.groovy:35)
	... 20 more]]></system-err>
      </testcase>
      <testcase name="Test Cases/2.Positivos/2.1Paquete/Origen-Provincia/2.Valorado/Entrega_Domicilio/DecJura-Paquete" time="44.02" classname="Test Cases/2.Positivos/2.1Paquete/Origen-Provincia/2.Valorado/Entrega_Domicilio/DecJura-Paquete" status="FAILED">
         <failure type="FAILED" message="Test Cases/2.Positivos/2.1Paquete/Origen-Provincia/2.Valorado/Entrega_Domicilio/DecJura-Paquete FAILED.&#xa;Reason:&#xa;com.kms.katalon.core.exception.StepFailedException: Verify element text of test object 'Object Repository/valorado/Page_Olva Courier  Confirma tus datos/div_He ledo la (1)' FAILED.&#xa;	at com.kms.katalon.core.webui.keyword.internal.WebUIKeywordMain.stepFailed(WebUIKeywordMain.groovy:117)&#xa;	at com.kms.katalon.core.webui.keyword.internal.WebUIKeywordMain.runKeyword(WebUIKeywordMain.groovy:43)&#xa;	at com.kms.katalon.core.webui.keyword.builtin.VerifyElementTextKeyword.verifyElementText(VerifyElementTextKeyword.groovy:72)&#xa;	at com.kms.katalon.core.webui.keyword.builtin.VerifyElementTextKeyword.execute(VerifyElementTextKeyword.groovy:40)&#xa;	at com.kms.katalon.core.keyword.internal.KeywordExecutor.executeKeywordForPlatform(KeywordExecutor.groovy:74)&#xa;	at com.kms.katalon.core.webui.keyword.WebUiBuiltInKeywords.verifyElementText(WebUiBuiltInKeywords.groovy:4835)&#xa;	at DecJura-Paquete.run(DecJura-Paquete:76)&#xa;	at com.kms.katalon.core.main.ScriptEngine.run(ScriptEngine.java:194)&#xa;	at com.kms.katalon.core.main.ScriptEngine.runScriptAsRawText(ScriptEngine.java:119)&#xa;	at com.kms.katalon.core.main.TestCaseExecutor.runScript(TestCaseExecutor.java:448)&#xa;	at com.kms.katalon.core.main.TestCaseExecutor.doExecute(TestCaseExecutor.java:439)&#xa;	at com.kms.katalon.core.main.TestCaseExecutor.processExecutionPhase(TestCaseExecutor.java:418)&#xa;	at com.kms.katalon.core.main.TestCaseExecutor.accessMainPhase(TestCaseExecutor.java:410)&#xa;	at com.kms.katalon.core.main.TestCaseExecutor.execute(TestCaseExecutor.java:285)&#xa;	at com.kms.katalon.core.common.CommonExecutor.accessTestCaseMainPhase(CommonExecutor.java:65)&#xa;	at com.kms.katalon.core.main.TestSuiteExecutor.accessTestSuiteMainPhase(TestSuiteExecutor.java:150)&#xa;	at com.kms.katalon.core.main.TestSuiteExecutor.execute(TestSuiteExecutor.java:106)&#xa;	at com.kms.katalon.core.main.TestCaseMain.startTestSuite(TestCaseMain.java:180)&#xa;	at TempTestSuite1732729948317.run(TempTestSuite1732729948317.groovy:35)&#xa;	at java.base/jdk.internal.reflect.NativeMethodAccessorImpl.invoke0(Native Method)&#xa;	at java.base/jdk.internal.reflect.NativeMethodAccessorImpl.invoke(NativeMethodAccessorImpl.java:77)&#xa;	at java.base/jdk.internal.reflect.DelegatingMethodAccessorImpl.invoke(DelegatingMethodAccessorImpl.java:43)&#xa;Caused by: com.kms.katalon.core.exception.StepFailedException: Actual text '' and expected text 'He leído la' of test object 'Object Repository/valorado/Page_Olva Courier  Confirma tus datos/div_He ledo la (1)' are NOT matched.&#xa;	at com.kms.katalon.core.webui.keyword.internal.WebUIKeywordMain.stepFailed(WebUIKeywordMain.groovy:117)&#xa;	at com.kms.katalon.core.webui.keyword.builtin.VerifyElementTextKeyword$_verifyElementText_closure1.doCall(VerifyElementTextKeyword.groovy:57)&#xa;	at com.kms.katalon.core.webui.keyword.builtin.VerifyElementTextKeyword$_verifyElementText_closure1.call(VerifyElementTextKeyword.groovy)&#xa;	at com.kms.katalon.core.webui.keyword.internal.WebUIKeywordMain.runKeyword(WebUIKeywordMain.groovy:35)&#xa;	... 20 more&#xa;"/>
         <system-out><![CDATA[27-11-2024T13:08:33 - [TEST_CASE][FAILED] - Test Cases/2.Positivos/2.1Paquete/Origen-Provincia/2.Valorado/Entrega_Domicilio/DecJura-Paquete: Test Cases/2.Positivos/2.1Paquete/Origen-Provincia/2.Valorado/Entrega_Domicilio/DecJura-Paquete FAILED.
Reason:
com.kms.katalon.core.exception.StepFailedException: Verify element text of test object 'Object Repository/valorado/Page_Olva Courier  Confirma tus datos/div_He ledo la (1)' FAILED.
	at com.kms.katalon.core.webui.keyword.internal.WebUIKeywordMain.stepFailed(WebUIKeywordMain.groovy:117)
	at com.kms.katalon.core.webui.keyword.internal.WebUIKeywordMain.runKeyword(WebUIKeywordMain.groovy:43)
	at com.kms.katalon.core.webui.keyword.builtin.VerifyElementTextKeyword.verifyElementText(VerifyElementTextKeyword.groovy:72)
	at com.kms.katalon.core.webui.keyword.builtin.VerifyElementTextKeyword.execute(VerifyElementTextKeyword.groovy:40)
	at com.kms.katalon.core.keyword.internal.KeywordExecutor.executeKeywordForPlatform(KeywordExecutor.groovy:74)
	at com.kms.katalon.core.webui.keyword.WebUiBuiltInKeywords.verifyElementText(WebUiBuiltInKeywords.groovy:4835)
	at DecJura-Paquete.run(DecJura-Paquete:76)
	at com.kms.katalon.core.main.ScriptEngine.run(ScriptEngine.java:194)
	at com.kms.katalon.core.main.ScriptEngine.runScriptAsRawText(ScriptEngine.java:119)
	at com.kms.katalon.core.main.TestCaseExecutor.runScript(TestCaseExecutor.java:448)
	at com.kms.katalon.core.main.TestCaseExecutor.doExecute(TestCaseExecutor.java:439)
	at com.kms.katalon.core.main.TestCaseExecutor.processExecutionPhase(TestCaseExecutor.java:418)
	at com.kms.katalon.core.main.TestCaseExecutor.accessMainPhase(TestCaseExecutor.java:410)
	at com.kms.katalon.core.main.TestCaseExecutor.execute(TestCaseExecutor.java:285)
	at com.kms.katalon.core.common.CommonExecutor.accessTestCaseMainPhase(CommonExecutor.java:65)
	at com.kms.katalon.core.main.TestSuiteExecutor.accessTestSuiteMainPhase(TestSuiteExecutor.java:150)
	at com.kms.katalon.core.main.TestSuiteExecutor.execute(TestSuiteExecutor.java:106)
	at com.kms.katalon.core.main.TestCaseMain.startTestSuite(TestCaseMain.java:180)
	at TempTestSuite1732729948317.run(TempTestSuite1732729948317.groovy:35)
	at java.base/jdk.internal.reflect.NativeMethodAccessorImpl.invoke0(Native Method)
	at java.base/jdk.internal.reflect.NativeMethodAccessorImpl.invoke(NativeMethodAccessorImpl.java:77)
	at java.base/jdk.internal.reflect.DelegatingMethodAccessorImpl.invoke(DelegatingMethodAccessorImpl.java:43)
Caused by: com.kms.katalon.core.exception.StepFailedException: Actual text '' and expected text 'He leído la' of test object 'Object Repository/valorado/Page_Olva Courier  Confirma tus datos/div_He ledo la (1)' are NOT matched.
	at com.kms.katalon.core.webui.keyword.internal.WebUIKeywordMain.stepFailed(WebUIKeywordMain.groovy:117)
	at com.kms.katalon.core.webui.keyword.builtin.VerifyElementTextKeyword$_verifyElementText_closure1.doCall(VerifyElementTextKeyword.groovy:57)
	at com.kms.katalon.core.webui.keyword.builtin.VerifyElementTextKeyword$_verifyElementText_closure1.call(VerifyElementTextKeyword.groovy)
	at com.kms.katalon.core.webui.keyword.internal.WebUIKeywordMain.runKeyword(WebUIKeywordMain.groovy:35)
	... 20 more


27-11-2024T13:08:33 - [TEST_STEP][PASSED] - callTestCase(findTestCase("1.Inicio/1.1Principal/Principal-home"), [:], STOP_ON_FAILURE): Call Test Case 'Test Cases/1.Inicio/1.1Principal/Principal-home' successfully

27-11-2024T13:08:33 - [TEST_CASE][PASSED] - Test Cases/1.Inicio/1.1Principal/Principal-home: Test Cases/1.Inicio/1.1Principal/Principal-home

27-11-2024T13:08:33 - [TEST_STEP][PASSED] - openBrowser(""): Browser is opened with url: ''

27-11-2024T13:08:33 - [MESSAGE][WARNING] - A browser is already opened. Closing browser and opening a new one

27-11-2024T13:08:35 - [MESSAGE][INFO] - Starting 'Firefox' driver

27-11-2024T13:08:35 - [MESSAGE][INFO] - Action delay is set to 0 milliseconds

27-11-2024T13:08:43 - [MESSAGE][PASSED] - Browser is opened with url: ''

27-11-2024T13:08:43 - [TEST_STEP][PASSED] - navigateToUrl("https://dev01-registrodeenvios.olvacourier.com/principal"): Navigate to 'https://dev01-registrodeenvios.olvacourier.com/principal' successfully

27-11-2024T13:08:45 - [MESSAGE][PASSED] - Navigate to 'https://dev01-registrodeenvios.olvacourier.com/principal' successfully

27-11-2024T13:08:45 - [TEST_STEP][PASSED] - maximizeWindow(): Current window maximized

27-11-2024T13:08:45 - [MESSAGE][PASSED] - Current window maximized

27-11-2024T13:08:45 - [MESSAGE][PASSED] - Call Test Case 'Test Cases/1.Inicio/1.1Principal/Principal-home' successfully

27-11-2024T13:08:45 - [TEST_STEP][PASSED] - callTestCase(findTestCase("1.Inicio/1.1Principal/Selec_paquete"), [:], STOP_ON_FAILURE): Call Test Case 'Test Cases/1.Inicio/1.1Principal/Selec_paquete' successfully

27-11-2024T13:08:45 - [TEST_CASE][PASSED] - Test Cases/1.Inicio/1.1Principal/Selec_paquete: Test Cases/1.Inicio/1.1Principal/Selec_paquete

27-11-2024T13:08:46 - [TEST_STEP][PASSED] - click(findTestObject("Object Repository/Principal/Page_Olva Courier  Home/img_Qu deseas realizar hoy_img_paquete")): Object: 'Object Repository/Principal/Page_Olva Courier  Home/img_Qu deseas realizar hoy_img_paquete' is clicked on

27-11-2024T13:08:46 - [MESSAGE][PASSED] - Object: 'Object Repository/Principal/Page_Olva Courier  Home/img_Qu deseas realizar hoy_img_paquete' is clicked on

27-11-2024T13:08:46 - [TEST_STEP][PASSED] - click(findTestObject("Object Repository/Principal/Page_Olva Courier  Home/span_He ledo y acepto los_checkmark (1)")): Object: 'Object Repository/Principal/Page_Olva Courier  Home/span_He ledo y acepto los_checkmark (1)' is clicked on

27-11-2024T13:08:47 - [MESSAGE][PASSED] - Object: 'Object Repository/Principal/Page_Olva Courier  Home/span_He ledo y acepto los_checkmark (1)' is clicked on

27-11-2024T13:08:47 - [TEST_STEP][PASSED] - click(findTestObject("Object Repository/Principal/Page_Olva Courier  Home/button_CONTINUAR (1)")): Object: 'Object Repository/Principal/Page_Olva Courier  Home/button_CONTINUAR (1)' is clicked on

27-11-2024T13:08:49 - [MESSAGE][PASSED] - Object: 'Object Repository/Principal/Page_Olva Courier  Home/button_CONTINUAR (1)' is clicked on

27-11-2024T13:08:49 - [TEST_STEP][PASSED] - verifyElementPresent(findTestObject("Object Repository/Principal/Page_Olva Courier  Datos Personales/strong_REGISTRO DE ENVOS"), 0): Object 'Object Repository/Principal/Page_Olva Courier  Datos Personales/strong_REGISTRO DE ENVOS' is present

27-11-2024T13:08:49 - [MESSAGE][WARNING] - Timeout '0' is invalid. Using default page load timeout: '30'

27-11-2024T13:08:49 - [MESSAGE][PASSED] - Object 'Object Repository/Principal/Page_Olva Courier  Datos Personales/strong_REGISTRO DE ENVOS' is present

27-11-2024T13:08:49 - [TEST_STEP][PASSED] - verifyElementPresent(findTestObject("Object Repository/Principal/Page_Olva Courier  Datos Personales/span_Regresar (1)"), 0): Object 'Object Repository/Principal/Page_Olva Courier  Datos Personales/span_Regresar (1)' is present

27-11-2024T13:08:49 - [MESSAGE][WARNING] - Timeout '0' is invalid. Using default page load timeout: '30'

27-11-2024T13:08:49 - [MESSAGE][PASSED] - Object 'Object Repository/Principal/Page_Olva Courier  Datos Personales/span_Regresar (1)' is present

27-11-2024T13:08:49 - [TEST_STEP][PASSED] - verifyElementPresent(findTestObject("Object Repository/Principal/Page_Olva Courier  Datos Personales/span_Inicio (1)"), 0): Object 'Object Repository/Principal/Page_Olva Courier  Datos Personales/span_Inicio (1)' is present

27-11-2024T13:08:49 - [MESSAGE][WARNING] - Timeout '0' is invalid. Using default page load timeout: '30'

27-11-2024T13:08:50 - [MESSAGE][PASSED] - Object 'Object Repository/Principal/Page_Olva Courier  Datos Personales/span_Inicio (1)' is present

27-11-2024T13:08:50 - [MESSAGE][PASSED] - Call Test Case 'Test Cases/1.Inicio/1.1Principal/Selec_paquete' successfully

27-11-2024T13:08:50 - [TEST_STEP][PASSED] - callTestCase(findTestCase("1.Inicio/1.2Tipo_Doc/4.CE_Colab"), [:], STOP_ON_FAILURE): Call Test Case 'Test Cases/1.Inicio/1.2Tipo_Doc/4.CE_Colab' successfully

27-11-2024T13:08:50 - [TEST_CASE][PASSED] - Test Cases/1.Inicio/1.2Tipo_Doc/4.CE_Colab: Test Cases/1.Inicio/1.2Tipo_Doc/4.CE_Colab

27-11-2024T13:08:50 - [TEST_STEP][PASSED] - click(findTestObject("Object Repository/Login/Page_Olva Courier  Datos Personales/button_Tipo De Documento")): Object: 'Object Repository/Login/Page_Olva Courier  Datos Personales/button_Tipo De Documento' is clicked on

27-11-2024T13:08:51 - [MESSAGE][PASSED] - Object: 'Object Repository/Login/Page_Olva Courier  Datos Personales/button_Tipo De Documento' is clicked on

27-11-2024T13:08:51 - [TEST_STEP][PASSED] - click(findTestObject("Object Repository/Login/Page_Olva Courier  Datos Personales/span_CARN EXT. (Boleta)")): Object: 'Object Repository/Login/Page_Olva Courier  Datos Personales/span_CARN EXT. (Boleta)' is clicked on

27-11-2024T13:08:52 - [MESSAGE][PASSED] - Object: 'Object Repository/Login/Page_Olva Courier  Datos Personales/span_CARN EXT. (Boleta)' is clicked on

27-11-2024T13:08:52 - [TEST_STEP][PASSED] - setText(findTestObject("Object Repository/Login/Page_Olva Courier  Datos Personales/input_CARN EXT. (Boleta)_txt_documento_cliente"), "003680378"): Text '003680378' is set on object 'Object Repository/Login/Page_Olva Courier  Datos Personales/input_CARN EXT. (Boleta)_txt_documento_cliente'

27-11-2024T13:08:52 - [MESSAGE][PASSED] - Text '003680378' is set on object 'Object Repository/Login/Page_Olva Courier  Datos Personales/input_CARN EXT. (Boleta)_txt_documento_cliente'

27-11-2024T13:08:52 - [TEST_STEP][PASSED] - verifyElementPresent(findTestObject("Object Repository/Login/Page_Olva Courier  Datos Personales/p_PROMO COLABORADOR"), 0): Object 'Object Repository/Login/Page_Olva Courier  Datos Personales/p_PROMO COLABORADOR' is present

27-11-2024T13:08:52 - [MESSAGE][WARNING] - Timeout '0' is invalid. Using default page load timeout: '30'

27-11-2024T13:08:57 - [MESSAGE][PASSED] - Object 'Object Repository/Login/Page_Olva Courier  Datos Personales/p_PROMO COLABORADOR' is present

27-11-2024T13:08:57 - [TEST_STEP][PASSED] - click(findTestObject("Object Repository/Login/Page_Olva Courier  Datos Personales/span_")): Object: 'Object Repository/Login/Page_Olva Courier  Datos Personales/span_' is clicked on

27-11-2024T13:08:57 - [MESSAGE][PASSED] - Object: 'Object Repository/Login/Page_Olva Courier  Datos Personales/span_' is clicked on

27-11-2024T13:08:57 - [MESSAGE][PASSED] - Call Test Case 'Test Cases/1.Inicio/1.2Tipo_Doc/4.CE_Colab' successfully

27-11-2024T13:08:57 - [TEST_STEP][PASSED] - click(findTestObject("Object Repository/valorado/Page_Olva Courier  Datos Personales/button_Seleccionar artculo (2)")): Object: 'Object Repository/valorado/Page_Olva Courier  Datos Personales/button_Seleccionar artculo (2)' is clicked on

27-11-2024T13:08:58 - [MESSAGE][PASSED] - Object: 'Object Repository/valorado/Page_Olva Courier  Datos Personales/button_Seleccionar artculo (2)' is clicked on

27-11-2024T13:08:58 - [TEST_STEP][PASSED] - click(findTestObject("Object Repository/valorado/Page_Olva Courier  Datos Personales/span_ACCESORIOS PARA FIESTAS")): Object: 'Object Repository/valorado/Page_Olva Courier  Datos Personales/span_ACCESORIOS PARA FIESTAS' is clicked on

27-11-2024T13:08:59 - [MESSAGE][PASSED] - Object: 'Object Repository/valorado/Page_Olva Courier  Datos Personales/span_ACCESORIOS PARA FIESTAS' is clicked on

27-11-2024T13:08:59 - [TEST_STEP][PASSED] - setText(findTestObject("Object Repository/valorado/Page_Olva Courier  Datos Personales/input_UTILES DE OFICINA_txt_paquete_articulo (2)"), "FGg"): Text 'FGg' is set on object 'Object Repository/valorado/Page_Olva Courier  Datos Personales/input_UTILES DE OFICINA_txt_paquete_articulo (2)'

27-11-2024T13:09:01 - [MESSAGE][PASSED] - Text 'FGg' is set on object 'Object Repository/valorado/Page_Olva Courier  Datos Personales/input_UTILES DE OFICINA_txt_paquete_articulo (2)'

27-11-2024T13:09:01 - [TEST_STEP][PASSED] - setText(findTestObject("Object Repository/valorado/Page_Olva Courier  Datos Personales/input_UTILES DE OFICINA_txt_paquete_valor (2)"), "100"): Text '100' is set on object 'Object Repository/valorado/Page_Olva Courier  Datos Personales/input_UTILES DE OFICINA_txt_paquete_valor (2)'

27-11-2024T13:09:02 - [MESSAGE][PASSED] - Text '100' is set on object 'Object Repository/valorado/Page_Olva Courier  Datos Personales/input_UTILES DE OFICINA_txt_paquete_valor (2)'

27-11-2024T13:09:02 - [TEST_STEP][PASSED] - click(findTestObject("Object Repository/valorado/Page_Olva Courier  Datos Personales/div_Hasta 2Kg (1)")): Object: 'Object Repository/valorado/Page_Olva Courier  Datos Personales/div_Hasta 2Kg (1)' is clicked on

27-11-2024T13:09:03 - [MESSAGE][PASSED] - Object: 'Object Repository/valorado/Page_Olva Courier  Datos Personales/div_Hasta 2Kg (1)' is clicked on

27-11-2024T13:09:03 - [TEST_STEP][PASSED] - scrollToElement(findTestObject("Object Repository/Destinos/Page_Olva Courier  Datos Personales/button_LIMA (1)"), 0): Scroll to object 'Object Repository/Destinos/Page_Olva Courier  Datos Personales/button_LIMA (1)' successfully

27-11-2024T13:09:03 - [MESSAGE][WARNING] - Timeout '0' is invalid. Using default page load timeout: '30'

27-11-2024T13:09:03 - [MESSAGE][PASSED] - Scroll to object 'Object Repository/Destinos/Page_Olva Courier  Datos Personales/button_LIMA (1)' successfully

27-11-2024T13:09:03 - [TEST_STEP][PASSED] - click(findTestObject("Object Repository/Destinos/Page_Olva Courier  Datos Personales/button_LIMA (1)")): Object: 'Object Repository/Destinos/Page_Olva Courier  Datos Personales/button_LIMA (1)' is clicked on

27-11-2024T13:09:04 - [MESSAGE][PASSED] - Object: 'Object Repository/Destinos/Page_Olva Courier  Datos Personales/button_LIMA (1)' is clicked on

27-11-2024T13:09:04 - [TEST_STEP][PASSED] - click(findTestObject("Object Repository/Destinos/Page_Olva Courier  Datos Personales/a_ICA")): Object: 'Object Repository/Destinos/Page_Olva Courier  Datos Personales/a_ICA' is clicked on

27-11-2024T13:09:05 - [MESSAGE][PASSED] - Object: 'Object Repository/Destinos/Page_Olva Courier  Datos Personales/a_ICA' is clicked on

27-11-2024T13:09:05 - [TEST_STEP][PASSED] - click(findTestObject("Object Repository/Destinos/Page_Olva Courier  Datos Personales/button_ICA")): Object: 'Object Repository/Destinos/Page_Olva Courier  Datos Personales/button_ICA' is clicked on

27-11-2024T13:09:05 - [MESSAGE][PASSED] - Object: 'Object Repository/Destinos/Page_Olva Courier  Datos Personales/button_ICA' is clicked on

27-11-2024T13:09:05 - [TEST_STEP][PASSED] - click(findTestObject("Object Repository/valorado/Page_Olva Courier  Datos Personales/button_Ingrese el punto de llegada (2)")): Object: 'Object Repository/valorado/Page_Olva Courier  Datos Personales/button_Ingrese el punto de llegada (2)' is clicked on

27-11-2024T13:09:06 - [MESSAGE][PASSED] - Object: 'Object Repository/valorado/Page_Olva Courier  Datos Personales/button_Ingrese el punto de llegada (2)' is clicked on

27-11-2024T13:09:06 - [TEST_STEP][PASSED] - click(findTestObject("Object Repository/valorado/Page_Olva Courier  Datos Personales/a_AMAZONAS - BAGUA - BAGUA")): Object: 'Object Repository/valorado/Page_Olva Courier  Datos Personales/a_AMAZONAS - BAGUA - BAGUA' is clicked on

27-11-2024T13:09:07 - [MESSAGE][PASSED] - Object: 'Object Repository/valorado/Page_Olva Courier  Datos Personales/a_AMAZONAS - BAGUA - BAGUA' is clicked on

27-11-2024T13:09:07 - [TEST_STEP][PASSED] - click(findTestObject("Object Repository/valorado/Page_Olva Courier  Datos Personales/button_Tipo de entrega (2)")): Object: 'Object Repository/valorado/Page_Olva Courier  Datos Personales/button_Tipo de entrega (2)' is clicked on

27-11-2024T13:09:08 - [MESSAGE][PASSED] - Object: 'Object Repository/valorado/Page_Olva Courier  Datos Personales/button_Tipo de entrega (2)' is clicked on

27-11-2024T13:09:08 - [TEST_STEP][PASSED] - click(findTestObject("Object Repository/valorado/Page_Olva Courier  Datos Personales/a_Recojo en tienda (2)")): Object: 'Object Repository/valorado/Page_Olva Courier  Datos Personales/a_Recojo en tienda (2)' is clicked on

27-11-2024T13:09:08 - [MESSAGE][PASSED] - Object: 'Object Repository/valorado/Page_Olva Courier  Datos Personales/a_Recojo en tienda (2)' is clicked on

27-11-2024T13:09:08 - [TEST_STEP][PASSED] - click(findTestObject("Object Repository/valorado/Page_Olva Courier  Datos Personales/button_Tienda (1)")): Object: 'Object Repository/valorado/Page_Olva Courier  Datos Personales/button_Tienda (1)' is clicked on

27-11-2024T13:09:09 - [MESSAGE][PASSED] - Object: 'Object Repository/valorado/Page_Olva Courier  Datos Personales/button_Tienda (1)' is clicked on

27-11-2024T13:09:09 - [TEST_STEP][PASSED] - click(findTestObject("Object Repository/valorado/Page_Olva Courier  Datos Personales/span_BAGUA CHICA - BAGUA - PJ ALFONSO UGART_d3a165")): Object: 'Object Repository/valorado/Page_Olva Courier  Datos Personales/span_BAGUA CHICA - BAGUA - PJ ALFONSO UGART_d3a165' is clicked on

27-11-2024T13:09:10 - [MESSAGE][PASSED] - Object: 'Object Repository/valorado/Page_Olva Courier  Datos Personales/span_BAGUA CHICA - BAGUA - PJ ALFONSO UGART_d3a165' is clicked on

27-11-2024T13:09:10 - [TEST_STEP][PASSED] - scrollToElement(findTestObject("Object Repository/valorado/Page_Olva Courier  Datos Personales/button_Tipo De Documento_1 (2)"), 0): Scroll to object 'Object Repository/valorado/Page_Olva Courier  Datos Personales/button_Tipo De Documento_1 (2)' successfully

27-11-2024T13:09:10 - [MESSAGE][WARNING] - Timeout '0' is invalid. Using default page load timeout: '30'

27-11-2024T13:09:10 - [MESSAGE][PASSED] - Scroll to object 'Object Repository/valorado/Page_Olva Courier  Datos Personales/button_Tipo De Documento_1 (2)' successfully

27-11-2024T13:09:10 - [TEST_STEP][PASSED] - click(findTestObject("Object Repository/valorado/Page_Olva Courier  Datos Personales/button_Tipo De Documento_1 (2)")): Object: 'Object Repository/valorado/Page_Olva Courier  Datos Personales/button_Tipo De Documento_1 (2)' is clicked on

27-11-2024T13:09:11 - [MESSAGE][PASSED] - Object: 'Object Repository/valorado/Page_Olva Courier  Datos Personales/button_Tipo De Documento_1 (2)' is clicked on

27-11-2024T13:09:11 - [TEST_STEP][PASSED] - click(findTestObject("Object Repository/valorado/Page_Olva Courier  Datos Personales/a_CARN EXT")): Object: 'Object Repository/valorado/Page_Olva Courier  Datos Personales/a_CARN EXT' is clicked on

27-11-2024T13:09:12 - [MESSAGE][PASSED] - Object: 'Object Repository/valorado/Page_Olva Courier  Datos Personales/a_CARN EXT' is clicked on

27-11-2024T13:09:12 - [TEST_STEP][PASSED] - setText(findTestObject("Object Repository/valorado/Page_Olva Courier  Datos Personales/input_CARN EXT_txt_consignado_dni (2)"), "002691903"): Text '002691903' is set on object 'Object Repository/valorado/Page_Olva Courier  Datos Personales/input_CARN EXT_txt_consignado_dni (2)'

27-11-2024T13:09:13 - [MESSAGE][PASSED] - Text '002691903' is set on object 'Object Repository/valorado/Page_Olva Courier  Datos Personales/input_CARN EXT_txt_consignado_dni (2)'

27-11-2024T13:09:13 - [TEST_STEP][PASSED] - scrollToElement(findTestObject("Object Repository/valorado/Page_Olva Courier  Datos Personales/button_CONTINUAR (2)"), 0): Scroll to object 'Object Repository/valorado/Page_Olva Courier  Datos Personales/button_CONTINUAR (2)' successfully

27-11-2024T13:09:13 - [MESSAGE][WARNING] - Timeout '0' is invalid. Using default page load timeout: '30'

27-11-2024T13:09:14 - [MESSAGE][PASSED] - Scroll to object 'Object Repository/valorado/Page_Olva Courier  Datos Personales/button_CONTINUAR (2)' successfully

27-11-2024T13:09:14 - [TEST_STEP][PASSED] - click(findTestObject("Object Repository/valorado/Page_Olva Courier  Datos Personales/button_CONTINUAR (2)")): Object: 'Object Repository/valorado/Page_Olva Courier  Datos Personales/button_CONTINUAR (2)' is clicked on

27-11-2024T13:09:14 - [MESSAGE][PASSED] - Object: 'Object Repository/valorado/Page_Olva Courier  Datos Personales/button_CONTINUAR (2)' is clicked on

27-11-2024T13:09:14 - [TEST_STEP][PASSED] - click(findTestObject("Object Repository/valorado/Page_Olva Courier  Confirma tus datos/button_IR A PAGAR S 25.68")): Object: 'Object Repository/valorado/Page_Olva Courier  Confirma tus datos/button_IR A PAGAR S 25.68' is clicked on

27-11-2024T13:09:17 - [MESSAGE][PASSED] - Object: 'Object Repository/valorado/Page_Olva Courier  Confirma tus datos/button_IR A PAGAR S 25.68' is clicked on

27-11-2024T13:09:17 - [TEST_STEP][FAILED] - verifyElementText(findTestObject("Object Repository/valorado/Page_Olva Courier  Confirma tus datos/div_He ledo la (1)"), "He leído la"): Verify element text of test object 'Object Repository/valorado/Page_Olva Courier  Confirma tus datos/div_He ledo la (1)' FAILED. (Root cause: com.kms.katalon.core.exception.StepFailedException: Verify element text of test object 'Object Repository/valorado/Page_Olva Courier  Confirma tus datos/div_He ledo la (1)' FAILED.
	at com.kms.katalon.core.webui.keyword.internal.WebUIKeywordMain.stepFailed(WebUIKeywordMain.groovy:117)
	at com.kms.katalon.core.webui.keyword.internal.WebUIKeywordMain.runKeyword(WebUIKeywordMain.groovy:43)
	at com.kms.katalon.core.webui.keyword.builtin.VerifyElementTextKeyword.verifyElementText(VerifyElementTextKeyword.groovy:72)
	at com.kms.katalon.core.webui.keyword.builtin.VerifyElementTextKeyword.execute(VerifyElementTextKeyword.groovy:40)
	at com.kms.katalon.core.keyword.internal.KeywordExecutor.executeKeywordForPlatform(KeywordExecutor.groovy:74)
	at com.kms.katalon.core.webui.keyword.WebUiBuiltInKeywords.verifyElementText(WebUiBuiltInKeywords.groovy:4835)
	at DecJura-Paquete.run(DecJura-Paquete:76)
	at com.kms.katalon.core.main.ScriptEngine.run(ScriptEngine.java:194)
	at com.kms.katalon.core.main.ScriptEngine.runScriptAsRawText(ScriptEngine.java:119)
	at com.kms.katalon.core.main.TestCaseExecutor.runScript(TestCaseExecutor.java:448)
	at com.kms.katalon.core.main.TestCaseExecutor.doExecute(TestCaseExecutor.java:439)
	at com.kms.katalon.core.main.TestCaseExecutor.processExecutionPhase(TestCaseExecutor.java:418)
	at com.kms.katalon.core.main.TestCaseExecutor.accessMainPhase(TestCaseExecutor.java:410)
	at com.kms.katalon.core.main.TestCaseExecutor.execute(TestCaseExecutor.java:285)
	at com.kms.katalon.core.common.CommonExecutor.accessTestCaseMainPhase(CommonExecutor.java:65)
	at com.kms.katalon.core.main.TestSuiteExecutor.accessTestSuiteMainPhase(TestSuiteExecutor.java:150)
	at com.kms.katalon.core.main.TestSuiteExecutor.execute(TestSuiteExecutor.java:106)
	at com.kms.katalon.core.main.TestCaseMain.startTestSuite(TestCaseMain.java:180)
	at TempTestSuite1732729948317.run(TempTestSuite1732729948317.groovy:35)
	at java.base/jdk.internal.reflect.NativeMethodAccessorImpl.invoke0(Native Method)
	at java.base/jdk.internal.reflect.NativeMethodAccessorImpl.invoke(NativeMethodAccessorImpl.java:77)
	at java.base/jdk.internal.reflect.DelegatingMethodAccessorImpl.invoke(DelegatingMethodAccessorImpl.java:43)
Caused by: com.kms.katalon.core.exception.StepFailedException: Actual text '' and expected text 'He leído la' of test object 'Object Repository/valorado/Page_Olva Courier  Confirma tus datos/div_He ledo la (1)' are NOT matched.
	at com.kms.katalon.core.webui.keyword.internal.WebUIKeywordMain.stepFailed(WebUIKeywordMain.groovy:117)
	at com.kms.katalon.core.webui.keyword.builtin.VerifyElementTextKeyword$_verifyElementText_closure1.doCall(VerifyElementTextKeyword.groovy:57)
	at com.kms.katalon.core.webui.keyword.builtin.VerifyElementTextKeyword$_verifyElementText_closure1.call(VerifyElementTextKeyword.groovy)
	at com.kms.katalon.core.webui.keyword.internal.WebUIKeywordMain.runKeyword(WebUIKeywordMain.groovy:35)
	... 20 more
)

27-11-2024T13:09:17 - [MESSAGE][FAILED] - Actual text '' and expected text 'He leído la' of test object 'Object Repository/valorado/Page_Olva Courier  Confirma tus datos/div_He ledo la (1)' are NOT matched. (Root cause: com.kms.katalon.core.exception.StepFailedException: Actual text '' and expected text 'He leído la' of test object 'Object Repository/valorado/Page_Olva Courier  Confirma tus datos/div_He ledo la (1)' are NOT matched.
	at com.kms.katalon.core.webui.keyword.internal.WebUIKeywordMain.stepFailed(WebUIKeywordMain.groovy:117)
	at com.kms.katalon.core.webui.keyword.builtin.VerifyElementTextKeyword$_verifyElementText_closure1.doCall(VerifyElementTextKeyword.groovy:57)
	at com.kms.katalon.core.webui.keyword.builtin.VerifyElementTextKeyword$_verifyElementText_closure1.call(VerifyElementTextKeyword.groovy)
	at com.kms.katalon.core.webui.keyword.internal.WebUIKeywordMain.runKeyword(WebUIKeywordMain.groovy:35)
	at com.kms.katalon.core.webui.keyword.builtin.VerifyElementTextKeyword.verifyElementText(VerifyElementTextKeyword.groovy:72)
	at com.kms.katalon.core.webui.keyword.builtin.VerifyElementTextKeyword.execute(VerifyElementTextKeyword.groovy:40)
	at com.kms.katalon.core.keyword.internal.KeywordExecutor.executeKeywordForPlatform(KeywordExecutor.groovy:74)
	at com.kms.katalon.core.webui.keyword.WebUiBuiltInKeywords.verifyElementText(WebUiBuiltInKeywords.groovy:4835)
	at DecJura-Paquete.run(DecJura-Paquete:76)
	at com.kms.katalon.core.main.ScriptEngine.run(ScriptEngine.java:194)
	at com.kms.katalon.core.main.ScriptEngine.runScriptAsRawText(ScriptEngine.java:119)
	at com.kms.katalon.core.main.TestCaseExecutor.runScript(TestCaseExecutor.java:448)
	at com.kms.katalon.core.main.TestCaseExecutor.doExecute(TestCaseExecutor.java:439)
	at com.kms.katalon.core.main.TestCaseExecutor.processExecutionPhase(TestCaseExecutor.java:418)
	at com.kms.katalon.core.main.TestCaseExecutor.accessMainPhase(TestCaseExecutor.java:410)
	at com.kms.katalon.core.main.TestCaseExecutor.execute(TestCaseExecutor.java:285)
	at com.kms.katalon.core.common.CommonExecutor.accessTestCaseMainPhase(CommonExecutor.java:65)
	at com.kms.katalon.core.main.TestSuiteExecutor.accessTestSuiteMainPhase(TestSuiteExecutor.java:150)
	at com.kms.katalon.core.main.TestSuiteExecutor.execute(TestSuiteExecutor.java:106)
	at com.kms.katalon.core.main.TestCaseMain.startTestSuite(TestCaseMain.java:180)
	at TempTestSuite1732729948317.run(TempTestSuite1732729948317.groovy:35)
	at java.base/jdk.internal.reflect.NativeMethodAccessorImpl.invoke0(Native Method)
	at java.base/jdk.internal.reflect.NativeMethodAccessorImpl.invoke(NativeMethodAccessorImpl.java:77)
	at java.base/jdk.internal.reflect.DelegatingMethodAccessorImpl.invoke(DelegatingMethodAccessorImpl.java:43)
)

27-11-2024T13:09:17 - [MESSAGE][FAILED] - Verify element text of test object 'Object Repository/valorado/Page_Olva Courier  Confirma tus datos/div_He ledo la (1)' FAILED. (Root cause: com.kms.katalon.core.exception.StepFailedException: Verify element text of test object 'Object Repository/valorado/Page_Olva Courier  Confirma tus datos/div_He ledo la (1)' FAILED.
	at com.kms.katalon.core.webui.keyword.internal.WebUIKeywordMain.stepFailed(WebUIKeywordMain.groovy:117)
	at com.kms.katalon.core.webui.keyword.internal.WebUIKeywordMain.runKeyword(WebUIKeywordMain.groovy:43)
	at com.kms.katalon.core.webui.keyword.builtin.VerifyElementTextKeyword.verifyElementText(VerifyElementTextKeyword.groovy:72)
	at com.kms.katalon.core.webui.keyword.builtin.VerifyElementTextKeyword.execute(VerifyElementTextKeyword.groovy:40)
	at com.kms.katalon.core.keyword.internal.KeywordExecutor.executeKeywordForPlatform(KeywordExecutor.groovy:74)
	at com.kms.katalon.core.webui.keyword.WebUiBuiltInKeywords.verifyElementText(WebUiBuiltInKeywords.groovy:4835)
	at DecJura-Paquete.run(DecJura-Paquete:76)
	at com.kms.katalon.core.main.ScriptEngine.run(ScriptEngine.java:194)
	at com.kms.katalon.core.main.ScriptEngine.runScriptAsRawText(ScriptEngine.java:119)
	at com.kms.katalon.core.main.TestCaseExecutor.runScript(TestCaseExecutor.java:448)
	at com.kms.katalon.core.main.TestCaseExecutor.doExecute(TestCaseExecutor.java:439)
	at com.kms.katalon.core.main.TestCaseExecutor.processExecutionPhase(TestCaseExecutor.java:418)
	at com.kms.katalon.core.main.TestCaseExecutor.accessMainPhase(TestCaseExecutor.java:410)
	at com.kms.katalon.core.main.TestCaseExecutor.execute(TestCaseExecutor.java:285)
	at com.kms.katalon.core.common.CommonExecutor.accessTestCaseMainPhase(CommonExecutor.java:65)
	at com.kms.katalon.core.main.TestSuiteExecutor.accessTestSuiteMainPhase(TestSuiteExecutor.java:150)
	at com.kms.katalon.core.main.TestSuiteExecutor.execute(TestSuiteExecutor.java:106)
	at com.kms.katalon.core.main.TestCaseMain.startTestSuite(TestCaseMain.java:180)
	at TempTestSuite1732729948317.run(TempTestSuite1732729948317.groovy:35)
	at java.base/jdk.internal.reflect.NativeMethodAccessorImpl.invoke0(Native Method)
	at java.base/jdk.internal.reflect.NativeMethodAccessorImpl.invoke(NativeMethodAccessorImpl.java:77)
	at java.base/jdk.internal.reflect.DelegatingMethodAccessorImpl.invoke(DelegatingMethodAccessorImpl.java:43)
Caused by: com.kms.katalon.core.exception.StepFailedException: Actual text '' and expected text 'He leído la' of test object 'Object Repository/valorado/Page_Olva Courier  Confirma tus datos/div_He ledo la (1)' are NOT matched.
	at com.kms.katalon.core.webui.keyword.internal.WebUIKeywordMain.stepFailed(WebUIKeywordMain.groovy:117)
	at com.kms.katalon.core.webui.keyword.builtin.VerifyElementTextKeyword$_verifyElementText_closure1.doCall(VerifyElementTextKeyword.groovy:57)
	at com.kms.katalon.core.webui.keyword.builtin.VerifyElementTextKeyword$_verifyElementText_closure1.call(VerifyElementTextKeyword.groovy)
	at com.kms.katalon.core.webui.keyword.internal.WebUIKeywordMain.runKeyword(WebUIKeywordMain.groovy:35)
	... 20 more
)]]></system-out>
         <system-err><![CDATA[27-11-2024T13:08:33 - [TEST_CASE][FAILED] - Test Cases/2.Positivos/2.1Paquete/Origen-Provincia/2.Valorado/Entrega_Domicilio/DecJura-Paquete: Test Cases/2.Positivos/2.1Paquete/Origen-Provincia/2.Valorado/Entrega_Domicilio/DecJura-Paquete FAILED.
Reason:
com.kms.katalon.core.exception.StepFailedException: Verify element text of test object 'Object Repository/valorado/Page_Olva Courier  Confirma tus datos/div_He ledo la (1)' FAILED.
	at com.kms.katalon.core.webui.keyword.internal.WebUIKeywordMain.stepFailed(WebUIKeywordMain.groovy:117)
	at com.kms.katalon.core.webui.keyword.internal.WebUIKeywordMain.runKeyword(WebUIKeywordMain.groovy:43)
	at com.kms.katalon.core.webui.keyword.builtin.VerifyElementTextKeyword.verifyElementText(VerifyElementTextKeyword.groovy:72)
	at com.kms.katalon.core.webui.keyword.builtin.VerifyElementTextKeyword.execute(VerifyElementTextKeyword.groovy:40)
	at com.kms.katalon.core.keyword.internal.KeywordExecutor.executeKeywordForPlatform(KeywordExecutor.groovy:74)
	at com.kms.katalon.core.webui.keyword.WebUiBuiltInKeywords.verifyElementText(WebUiBuiltInKeywords.groovy:4835)
	at DecJura-Paquete.run(DecJura-Paquete:76)
	at com.kms.katalon.core.main.ScriptEngine.run(ScriptEngine.java:194)
	at com.kms.katalon.core.main.ScriptEngine.runScriptAsRawText(ScriptEngine.java:119)
	at com.kms.katalon.core.main.TestCaseExecutor.runScript(TestCaseExecutor.java:448)
	at com.kms.katalon.core.main.TestCaseExecutor.doExecute(TestCaseExecutor.java:439)
	at com.kms.katalon.core.main.TestCaseExecutor.processExecutionPhase(TestCaseExecutor.java:418)
	at com.kms.katalon.core.main.TestCaseExecutor.accessMainPhase(TestCaseExecutor.java:410)
	at com.kms.katalon.core.main.TestCaseExecutor.execute(TestCaseExecutor.java:285)
	at com.kms.katalon.core.common.CommonExecutor.accessTestCaseMainPhase(CommonExecutor.java:65)
	at com.kms.katalon.core.main.TestSuiteExecutor.accessTestSuiteMainPhase(TestSuiteExecutor.java:150)
	at com.kms.katalon.core.main.TestSuiteExecutor.execute(TestSuiteExecutor.java:106)
	at com.kms.katalon.core.main.TestCaseMain.startTestSuite(TestCaseMain.java:180)
	at TempTestSuite1732729948317.run(TempTestSuite1732729948317.groovy:35)
	at java.base/jdk.internal.reflect.NativeMethodAccessorImpl.invoke0(Native Method)
	at java.base/jdk.internal.reflect.NativeMethodAccessorImpl.invoke(NativeMethodAccessorImpl.java:77)
	at java.base/jdk.internal.reflect.DelegatingMethodAccessorImpl.invoke(DelegatingMethodAccessorImpl.java:43)
Caused by: com.kms.katalon.core.exception.StepFailedException: Actual text '' and expected text 'He leído la' of test object 'Object Repository/valorado/Page_Olva Courier  Confirma tus datos/div_He ledo la (1)' are NOT matched.
	at com.kms.katalon.core.webui.keyword.internal.WebUIKeywordMain.stepFailed(WebUIKeywordMain.groovy:117)
	at com.kms.katalon.core.webui.keyword.builtin.VerifyElementTextKeyword$_verifyElementText_closure1.doCall(VerifyElementTextKeyword.groovy:57)
	at com.kms.katalon.core.webui.keyword.builtin.VerifyElementTextKeyword$_verifyElementText_closure1.call(VerifyElementTextKeyword.groovy)
	at com.kms.katalon.core.webui.keyword.internal.WebUIKeywordMain.runKeyword(WebUIKeywordMain.groovy:35)
	... 20 more]]></system-err>
      </testcase>
      <testcase name="Test Cases/2.Positivos/2.1Paquete/Origen-Provincia/1.Nuevo-Cliente/RUC" time="0.176" classname="Test Cases/2.Positivos/2.1Paquete/Origen-Provincia/1.Nuevo-Cliente/RUC" status="PASSED">
         <system-out><![CDATA[27-11-2024T13:09:17 - [TEST_CASE][PASSED] - Test Cases/2.Positivos/2.1Paquete/Origen-Provincia/1.Nuevo-Cliente/RUC: Test Cases/2.Positivos/2.1Paquete/Origen-Provincia/1.Nuevo-Cliente/RUC

27-11-2024T13:09:17 - [TEST_STEP][PASSED] - return null: null]]></system-out>
         <system-err><![CDATA[]]></system-err>
      </testcase>
      <testcase name="Test Cases/2.Positivos/2.1Paquete/Origen-Provincia/1.Nuevo-Cliente/DNI" time="0.012" classname="Test Cases/2.Positivos/2.1Paquete/Origen-Provincia/1.Nuevo-Cliente/DNI" status="PASSED">
         <system-out><![CDATA[27-11-2024T13:09:17 - [TEST_CASE][PASSED] - Test Cases/2.Positivos/2.1Paquete/Origen-Provincia/1.Nuevo-Cliente/DNI: Test Cases/2.Positivos/2.1Paquete/Origen-Provincia/1.Nuevo-Cliente/DNI

27-11-2024T13:09:17 - [TEST_STEP][PASSED] - return null: null]]></system-out>
         <system-err><![CDATA[]]></system-err>
      </testcase>
      <testcase name="Test Cases/2.Positivos/2.1Paquete/Origen-Provincia/1.Nuevo-Cliente/CE" time="0.013" classname="Test Cases/2.Positivos/2.1Paquete/Origen-Provincia/1.Nuevo-Cliente/CE" status="PASSED">
         <system-out><![CDATA[27-11-2024T13:09:17 - [TEST_CASE][PASSED] - Test Cases/2.Positivos/2.1Paquete/Origen-Provincia/1.Nuevo-Cliente/CE: Test Cases/2.Positivos/2.1Paquete/Origen-Provincia/1.Nuevo-Cliente/CE

27-11-2024T13:09:17 - [TEST_STEP][PASSED] - return null: null]]></system-out>
         <system-err><![CDATA[]]></system-err>
      </testcase>
      <testcase name="Test Cases/2.Positivos/2.1Paquete/Origen-Lima/Validar resumen ---" time="53.598" classname="Test Cases/2.Positivos/2.1Paquete/Origen-Lima/Validar resumen ---" status="PASSED">
         <system-out><![CDATA[27-11-2024T13:09:17 - [TEST_CASE][PASSED] - Test Cases/2.Positivos/2.1Paquete/Origen-Lima/Validar resumen ---: Test Cases/2.Positivos/2.1Paquete/Origen-Lima/Validar resumen ---

27-11-2024T13:09:18 - [TEST_STEP][PASSED] - callTestCase(findTestCase("1.Inicio/1.1Principal/Principal-home"), [:], STOP_ON_FAILURE): Call Test Case 'Test Cases/1.Inicio/1.1Principal/Principal-home' successfully

27-11-2024T13:09:18 - [TEST_CASE][PASSED] - Test Cases/1.Inicio/1.1Principal/Principal-home: Test Cases/1.Inicio/1.1Principal/Principal-home

27-11-2024T13:09:18 - [TEST_STEP][PASSED] - openBrowser(""): Browser is opened with url: ''

27-11-2024T13:09:18 - [MESSAGE][WARNING] - A browser is already opened. Closing browser and opening a new one

27-11-2024T13:09:20 - [MESSAGE][INFO] - Starting 'Firefox' driver

27-11-2024T13:09:20 - [MESSAGE][INFO] - Action delay is set to 0 milliseconds

27-11-2024T13:09:31 - [MESSAGE][PASSED] - Browser is opened with url: ''

27-11-2024T13:09:31 - [TEST_STEP][PASSED] - navigateToUrl("https://dev01-registrodeenvios.olvacourier.com/principal"): Navigate to 'https://dev01-registrodeenvios.olvacourier.com/principal' successfully

27-11-2024T13:09:32 - [MESSAGE][PASSED] - Navigate to 'https://dev01-registrodeenvios.olvacourier.com/principal' successfully

27-11-2024T13:09:32 - [TEST_STEP][PASSED] - maximizeWindow(): Current window maximized

27-11-2024T13:09:32 - [MESSAGE][PASSED] - Current window maximized

27-11-2024T13:09:32 - [MESSAGE][PASSED] - Call Test Case 'Test Cases/1.Inicio/1.1Principal/Principal-home' successfully

27-11-2024T13:09:32 - [TEST_STEP][PASSED] - callTestCase(findTestCase("1.Inicio/1.1Principal/Selec_paquete"), [:], STOP_ON_FAILURE): Call Test Case 'Test Cases/1.Inicio/1.1Principal/Selec_paquete' successfully

27-11-2024T13:09:32 - [TEST_CASE][PASSED] - Test Cases/1.Inicio/1.1Principal/Selec_paquete: Test Cases/1.Inicio/1.1Principal/Selec_paquete

27-11-2024T13:09:32 - [TEST_STEP][PASSED] - click(findTestObject("Object Repository/Principal/Page_Olva Courier  Home/img_Qu deseas realizar hoy_img_paquete")): Object: 'Object Repository/Principal/Page_Olva Courier  Home/img_Qu deseas realizar hoy_img_paquete' is clicked on

27-11-2024T13:09:33 - [MESSAGE][PASSED] - Object: 'Object Repository/Principal/Page_Olva Courier  Home/img_Qu deseas realizar hoy_img_paquete' is clicked on

27-11-2024T13:09:33 - [TEST_STEP][PASSED] - click(findTestObject("Object Repository/Principal/Page_Olva Courier  Home/span_He ledo y acepto los_checkmark (1)")): Object: 'Object Repository/Principal/Page_Olva Courier  Home/span_He ledo y acepto los_checkmark (1)' is clicked on

27-11-2024T13:09:33 - [MESSAGE][PASSED] - Object: 'Object Repository/Principal/Page_Olva Courier  Home/span_He ledo y acepto los_checkmark (1)' is clicked on

27-11-2024T13:09:33 - [TEST_STEP][PASSED] - click(findTestObject("Object Repository/Principal/Page_Olva Courier  Home/button_CONTINUAR (1)")): Object: 'Object Repository/Principal/Page_Olva Courier  Home/button_CONTINUAR (1)' is clicked on

27-11-2024T13:09:35 - [MESSAGE][PASSED] - Object: 'Object Repository/Principal/Page_Olva Courier  Home/button_CONTINUAR (1)' is clicked on

27-11-2024T13:09:35 - [TEST_STEP][PASSED] - verifyElementPresent(findTestObject("Object Repository/Principal/Page_Olva Courier  Datos Personales/strong_REGISTRO DE ENVOS"), 0): Object 'Object Repository/Principal/Page_Olva Courier  Datos Personales/strong_REGISTRO DE ENVOS' is present

27-11-2024T13:09:35 - [MESSAGE][WARNING] - Timeout '0' is invalid. Using default page load timeout: '30'

27-11-2024T13:09:35 - [MESSAGE][PASSED] - Object 'Object Repository/Principal/Page_Olva Courier  Datos Personales/strong_REGISTRO DE ENVOS' is present

27-11-2024T13:09:35 - [TEST_STEP][PASSED] - verifyElementPresent(findTestObject("Object Repository/Principal/Page_Olva Courier  Datos Personales/span_Regresar (1)"), 0): Object 'Object Repository/Principal/Page_Olva Courier  Datos Personales/span_Regresar (1)' is present

27-11-2024T13:09:35 - [MESSAGE][WARNING] - Timeout '0' is invalid. Using default page load timeout: '30'

27-11-2024T13:09:35 - [MESSAGE][PASSED] - Object 'Object Repository/Principal/Page_Olva Courier  Datos Personales/span_Regresar (1)' is present

27-11-2024T13:09:35 - [TEST_STEP][PASSED] - verifyElementPresent(findTestObject("Object Repository/Principal/Page_Olva Courier  Datos Personales/span_Inicio (1)"), 0): Object 'Object Repository/Principal/Page_Olva Courier  Datos Personales/span_Inicio (1)' is present

27-11-2024T13:09:35 - [MESSAGE][WARNING] - Timeout '0' is invalid. Using default page load timeout: '30'

27-11-2024T13:09:36 - [MESSAGE][PASSED] - Object 'Object Repository/Principal/Page_Olva Courier  Datos Personales/span_Inicio (1)' is present

27-11-2024T13:09:36 - [MESSAGE][PASSED] - Call Test Case 'Test Cases/1.Inicio/1.1Principal/Selec_paquete' successfully

27-11-2024T13:09:36 - [TEST_STEP][PASSED] - callTestCase(findTestCase("1.Inicio/1.2Tipo_Doc/5.RUC20"), [:], STOP_ON_FAILURE): Call Test Case 'Test Cases/1.Inicio/1.2Tipo_Doc/5.RUC20' successfully

27-11-2024T13:09:36 - [TEST_CASE][PASSED] - Test Cases/1.Inicio/1.2Tipo_Doc/5.RUC20: Test Cases/1.Inicio/1.2Tipo_Doc/5.RUC20

27-11-2024T13:09:36 - [TEST_STEP][PASSED] - click(findTestObject("Object Repository/Login/Page_Olva Courier  Datos Personales/button_Tipo De Documento")): Object: 'Object Repository/Login/Page_Olva Courier  Datos Personales/button_Tipo De Documento' is clicked on

27-11-2024T13:09:36 - [MESSAGE][PASSED] - Object: 'Object Repository/Login/Page_Olva Courier  Datos Personales/button_Tipo De Documento' is clicked on

27-11-2024T13:09:36 - [TEST_STEP][PASSED] - click(findTestObject("Object Repository/Login/Page_Olva Courier  Datos Personales/span_RUC (Factura)")): Object: 'Object Repository/Login/Page_Olva Courier  Datos Personales/span_RUC (Factura)' is clicked on

27-11-2024T13:09:37 - [MESSAGE][PASSED] - Object: 'Object Repository/Login/Page_Olva Courier  Datos Personales/span_RUC (Factura)' is clicked on

27-11-2024T13:09:37 - [TEST_STEP][PASSED] - setText(findTestObject("Object Repository/Login/Page_Olva Courier  Datos Personales/input_CARN EXT. (Boleta)_txt_documento_cliente"), "20100686814"): Text '20100686814' is set on object 'Object Repository/Login/Page_Olva Courier  Datos Personales/input_CARN EXT. (Boleta)_txt_documento_cliente'

27-11-2024T13:09:37 - [MESSAGE][PASSED] - Text '20100686814' is set on object 'Object Repository/Login/Page_Olva Courier  Datos Personales/input_CARN EXT. (Boleta)_txt_documento_cliente'

27-11-2024T13:09:37 - [MESSAGE][PASSED] - Call Test Case 'Test Cases/1.Inicio/1.2Tipo_Doc/5.RUC20' successfully

27-11-2024T13:09:37 - [TEST_STEP][PASSED] - click(findTestObject("Object Repository/Principal/Page_Olva Courier  Datos Personales/button_Seleccionar artculo")): Object: 'Object Repository/Principal/Page_Olva Courier  Datos Personales/button_Seleccionar artculo' is clicked on

27-11-2024T13:09:46 - [MESSAGE][PASSED] - Object: 'Object Repository/Principal/Page_Olva Courier  Datos Personales/button_Seleccionar artculo' is clicked on

27-11-2024T13:09:46 - [TEST_STEP][PASSED] - click(findTestObject("Object Repository/Principal/Page_Olva Courier  Datos Personales/a_CAJA")): Object: 'Object Repository/Principal/Page_Olva Courier  Datos Personales/a_CAJA' is clicked on

27-11-2024T13:09:47 - [MESSAGE][PASSED] - Object: 'Object Repository/Principal/Page_Olva Courier  Datos Personales/a_CAJA' is clicked on

27-11-2024T13:09:47 - [TEST_STEP][PASSED] - setText(findTestObject("Object Repository/Principal/Page_Olva Courier  Datos Personales/input_UTILES DE OFICINA_txt_paquete_articulo"), "FGDg"): Text 'FGDg' is set on object 'Object Repository/Principal/Page_Olva Courier  Datos Personales/input_UTILES DE OFICINA_txt_paquete_articulo'

27-11-2024T13:09:47 - [MESSAGE][PASSED] - Text 'FGDg' is set on object 'Object Repository/Principal/Page_Olva Courier  Datos Personales/input_UTILES DE OFICINA_txt_paquete_articulo'

27-11-2024T13:09:47 - [TEST_STEP][PASSED] - setText(findTestObject("Object Repository/Principal/Page_Olva Courier  Datos Personales/input_UTILES DE OFICINA_txt_paquete_valor"), "50"): Text '50' is set on object 'Object Repository/Principal/Page_Olva Courier  Datos Personales/input_UTILES DE OFICINA_txt_paquete_valor'

27-11-2024T13:09:48 - [MESSAGE][PASSED] - Text '50' is set on object 'Object Repository/Principal/Page_Olva Courier  Datos Personales/input_UTILES DE OFICINA_txt_paquete_valor'

27-11-2024T13:09:48 - [TEST_STEP][PASSED] - click(findTestObject("Object Repository/Principal/Page_Olva Courier  Datos Personales/div_Hasta 2Kg")): Object: 'Object Repository/Principal/Page_Olva Courier  Datos Personales/div_Hasta 2Kg' is clicked on

27-11-2024T13:09:48 - [MESSAGE][PASSED] - Object: 'Object Repository/Principal/Page_Olva Courier  Datos Personales/div_Hasta 2Kg' is clicked on

27-11-2024T13:09:48 - [TEST_STEP][PASSED] - scrollToElement(findTestObject("Object Repository/Principal/Page_Olva Courier  Datos Personales/button_Ingrese el punto de llegada"), 0): Scroll to object 'Object Repository/Principal/Page_Olva Courier  Datos Personales/button_Ingrese el punto de llegada' successfully

27-11-2024T13:09:48 - [MESSAGE][WARNING] - Timeout '0' is invalid. Using default page load timeout: '30'

27-11-2024T13:09:49 - [MESSAGE][PASSED] - Scroll to object 'Object Repository/Principal/Page_Olva Courier  Datos Personales/button_Ingrese el punto de llegada' successfully

27-11-2024T13:09:49 - [TEST_STEP][PASSED] - click(findTestObject("Object Repository/Principal/Page_Olva Courier  Datos Personales/button_Ingrese el punto de llegada")): Object: 'Object Repository/Principal/Page_Olva Courier  Datos Personales/button_Ingrese el punto de llegada' is clicked on

27-11-2024T13:09:50 - [MESSAGE][PASSED] - Object: 'Object Repository/Principal/Page_Olva Courier  Datos Personales/button_Ingrese el punto de llegada' is clicked on

27-11-2024T13:09:50 - [TEST_STEP][PASSED] - click(findTestObject("Object Repository/Principal/Page_Olva Courier  Datos Personales/a_AMAZONAS - BAGUA - COPALLIN")): Object: 'Object Repository/Principal/Page_Olva Courier  Datos Personales/a_AMAZONAS - BAGUA - COPALLIN' is clicked on

27-11-2024T13:09:56 - [MESSAGE][PASSED] - Object: 'Object Repository/Principal/Page_Olva Courier  Datos Personales/a_AMAZONAS - BAGUA - COPALLIN' is clicked on

27-11-2024T13:09:56 - [TEST_STEP][PASSED] - click(findTestObject("Object Repository/Principal/Page_Olva Courier  Datos Personales/button_Tipo De Documento_1")): Object: 'Object Repository/Principal/Page_Olva Courier  Datos Personales/button_Tipo De Documento_1' is clicked on

27-11-2024T13:09:56 - [MESSAGE][PASSED] - Object: 'Object Repository/Principal/Page_Olva Courier  Datos Personales/button_Tipo De Documento_1' is clicked on

27-11-2024T13:09:56 - [TEST_STEP][PASSED] - click(findTestObject("Object Repository/Principal/Page_Olva Courier  Datos Personales/a_RUC")): Object: 'Object Repository/Principal/Page_Olva Courier  Datos Personales/a_RUC' is clicked on

27-11-2024T13:09:57 - [MESSAGE][PASSED] - Object: 'Object Repository/Principal/Page_Olva Courier  Datos Personales/a_RUC' is clicked on

27-11-2024T13:09:57 - [TEST_STEP][PASSED] - setText(findTestObject("Object Repository/Principal/Page_Olva Courier  Datos Personales/input_CARN EXT_txt_consignado_dni"), "20100686814"): Text '20100686814' is set on object 'Object Repository/Principal/Page_Olva Courier  Datos Personales/input_CARN EXT_txt_consignado_dni'

27-11-2024T13:09:58 - [MESSAGE][PASSED] - Text '20100686814' is set on object 'Object Repository/Principal/Page_Olva Courier  Datos Personales/input_CARN EXT_txt_consignado_dni'

27-11-2024T13:09:58 - [TEST_STEP][PASSED] - scrollToElement(findTestObject("Object Repository/Principal/Page_Olva Courier  Datos Personales/button_CONTINUAR"), 0): Scroll to object 'Object Repository/Principal/Page_Olva Courier  Datos Personales/button_CONTINUAR' successfully

27-11-2024T13:09:58 - [MESSAGE][WARNING] - Timeout '0' is invalid. Using default page load timeout: '30'

27-11-2024T13:09:59 - [MESSAGE][PASSED] - Scroll to object 'Object Repository/Principal/Page_Olva Courier  Datos Personales/button_CONTINUAR' successfully

27-11-2024T13:09:59 - [TEST_STEP][PASSED] - click(findTestObject("Object Repository/Principal/Page_Olva Courier  Datos Personales/button_CONTINUAR")): Object: 'Object Repository/Principal/Page_Olva Courier  Datos Personales/button_CONTINUAR' is clicked on

27-11-2024T13:09:59 - [MESSAGE][PASSED] - Object: 'Object Repository/Principal/Page_Olva Courier  Datos Personales/button_CONTINUAR' is clicked on

27-11-2024T13:09:59 - [TEST_STEP][PASSED] - verifyElementText(findTestObject("Object Repository/Principal/Page_Olva Courier  Confirma tus datos/th_---"), "---"): Actual text and expected text of test object 'Object Repository/Principal/Page_Olva Courier  Confirma tus datos/th_---' are matched.

27-11-2024T13:10:03 - [MESSAGE][PASSED] - Actual text and expected text of test object 'Object Repository/Principal/Page_Olva Courier  Confirma tus datos/th_---' are matched.

27-11-2024T13:10:03 - [TEST_STEP][PASSED] - click(findTestObject("Object Repository/Principal/Page_Olva Courier  Confirma tus datos/button_IR A PAGAR S 18.60")): Object: 'Object Repository/Principal/Page_Olva Courier  Confirma tus datos/button_IR A PAGAR S 18.60' is clicked on

27-11-2024T13:10:04 - [MESSAGE][PASSED] - Object: 'Object Repository/Principal/Page_Olva Courier  Confirma tus datos/button_IR A PAGAR S 18.60' is clicked on

27-11-2024T13:10:04 - [TEST_STEP][PASSED] - verifyElementPresent(findTestObject("Object Repository/Principal/Page_Olva Courier  Medios de pago/button_PAGAR"), 0): Object 'Object Repository/Principal/Page_Olva Courier  Medios de pago/button_PAGAR' is present

27-11-2024T13:10:04 - [MESSAGE][WARNING] - Timeout '0' is invalid. Using default page load timeout: '30'

27-11-2024T13:10:06 - [MESSAGE][PASSED] - Object 'Object Repository/Principal/Page_Olva Courier  Medios de pago/button_PAGAR' is present

27-11-2024T13:10:06 - [TEST_STEP][PASSED] - callTestCase(findTestCase("1.Inicio/1.3Pago_POS/Pago-exitoso"), [:], STOP_ON_FAILURE): Call Test Case 'Test Cases/1.Inicio/1.3Pago_POS/Pago-exitoso' successfully

27-11-2024T13:10:06 - [TEST_CASE][PASSED] - Test Cases/1.Inicio/1.3Pago_POS/Pago-exitoso: Test Cases/1.Inicio/1.3Pago_POS/Pago-exitoso

27-11-2024T13:10:06 - [TEST_STEP][PASSED] - verifyElementPresent(findTestObject("Object Repository/pago/Page_Olva Courier  Medios de pago/div_Pago con tarjeta de crdito, dbito y Yape"), 0): Object 'Object Repository/pago/Page_Olva Courier  Medios de pago/div_Pago con tarjeta de crdito, dbito y Yape' is present

27-11-2024T13:10:06 - [MESSAGE][WARNING] - Timeout '0' is invalid. Using default page load timeout: '30'

27-11-2024T13:10:06 - [MESSAGE][PASSED] - Object 'Object Repository/pago/Page_Olva Courier  Medios de pago/div_Pago con tarjeta de crdito, dbito y Yape' is present

27-11-2024T13:10:06 - [TEST_STEP][PASSED] - verifyElementPresent(findTestObject("Object Repository/pago/Page_Olva Courier  Medios de pago/td_S"), 0): Object 'Object Repository/pago/Page_Olva Courier  Medios de pago/td_S' is present

27-11-2024T13:10:06 - [MESSAGE][WARNING] - Timeout '0' is invalid. Using default page load timeout: '30'

27-11-2024T13:10:06 - [MESSAGE][PASSED] - Object 'Object Repository/pago/Page_Olva Courier  Medios de pago/td_S' is present

27-11-2024T13:10:06 - [TEST_STEP][PASSED] - delay(1): Delayed 1 second(s)

27-11-2024T13:10:07 - [MESSAGE][PASSED] - Delayed 1 second(s)

27-11-2024T13:10:07 - [TEST_STEP][PASSED] - scrollToElement(findTestObject("Object Repository/pago/Page_Olva Courier  Medios de pago/button_PAGAR"), 0): Scroll to object 'Object Repository/pago/Page_Olva Courier  Medios de pago/button_PAGAR' successfully

27-11-2024T13:10:08 - [MESSAGE][WARNING] - Timeout '0' is invalid. Using default page load timeout: '30'

27-11-2024T13:10:08 - [MESSAGE][PASSED] - Scroll to object 'Object Repository/pago/Page_Olva Courier  Medios de pago/button_PAGAR' successfully

27-11-2024T13:10:08 - [TEST_STEP][PASSED] - click(findTestObject("Object Repository/pago/Page_Olva Courier  Medios de pago/button_PAGAR")): Object: 'Object Repository/pago/Page_Olva Courier  Medios de pago/button_PAGAR' is clicked on

27-11-2024T13:10:08 - [MESSAGE][PASSED] - Object: 'Object Repository/pago/Page_Olva Courier  Medios de pago/button_PAGAR' is clicked on

27-11-2024T13:10:08 - [TEST_STEP][PASSED] - delay(2): Delayed 2 second(s)

27-11-2024T13:10:11 - [MESSAGE][PASSED] - Delayed 2 second(s)

27-11-2024T13:10:11 - [TEST_STEP][PASSED] - verifyElementText(findTestObject("Object Repository/pago/Page_Olva Courier  Pago Exitoso/div_Aprobado y completado con exito"), "Aprobado y completado con exito"): Actual text and expected text of test object 'Object Repository/pago/Page_Olva Courier  Pago Exitoso/div_Aprobado y completado con exito' are matched.

27-11-2024T13:10:11 - [MESSAGE][PASSED] - Actual text and expected text of test object 'Object Repository/pago/Page_Olva Courier  Pago Exitoso/div_Aprobado y completado con exito' are matched.

27-11-2024T13:10:11 - [TEST_STEP][PASSED] - verifyElementPresent(findTestObject("Object Repository/pago/Page_Olva Courier  Pago Exitoso/b_nroPreventa"), 0): Object 'Object Repository/pago/Page_Olva Courier  Pago Exitoso/b_nroPreventa' is present

27-11-2024T13:10:11 - [MESSAGE][WARNING] - Timeout '0' is invalid. Using default page load timeout: '30'

27-11-2024T13:10:11 - [MESSAGE][PASSED] - Object 'Object Repository/pago/Page_Olva Courier  Pago Exitoso/b_nroPreventa' is present

27-11-2024T13:10:11 - [MESSAGE][PASSED] - Call Test Case 'Test Cases/1.Inicio/1.3Pago_POS/Pago-exitoso' successfully]]></system-out>
         <system-err><![CDATA[]]></system-err>
      </testcase>
      <testcase name="Test Cases/2.Positivos/2.1Paquete/Origen-Lima/Editar_Eliminar-Envios" time="78.527" classname="Test Cases/2.Positivos/2.1Paquete/Origen-Lima/Editar_Eliminar-Envios" status="PASSED">
         <system-out><![CDATA[27-11-2024T13:10:11 - [TEST_CASE][PASSED] - Test Cases/2.Positivos/2.1Paquete/Origen-Lima/Editar_Eliminar-Envios: Test Cases/2.Positivos/2.1Paquete/Origen-Lima/Editar_Eliminar-Envios

27-11-2024T13:10:12 - [TEST_STEP][PASSED] - callTestCase(findTestCase("1.Inicio/1.1Principal/Principal-home"), [:], STOP_ON_FAILURE): Call Test Case 'Test Cases/1.Inicio/1.1Principal/Principal-home' successfully

27-11-2024T13:10:12 - [TEST_CASE][PASSED] - Test Cases/1.Inicio/1.1Principal/Principal-home: Test Cases/1.Inicio/1.1Principal/Principal-home

27-11-2024T13:10:12 - [TEST_STEP][PASSED] - openBrowser(""): Browser is opened with url: ''

27-11-2024T13:10:12 - [MESSAGE][WARNING] - A browser is already opened. Closing browser and opening a new one

27-11-2024T13:10:15 - [MESSAGE][INFO] - Starting 'Firefox' driver

27-11-2024T13:10:15 - [MESSAGE][INFO] - Action delay is set to 0 milliseconds

27-11-2024T13:10:22 - [MESSAGE][PASSED] - Browser is opened with url: ''

27-11-2024T13:10:22 - [TEST_STEP][PASSED] - navigateToUrl("https://dev01-registrodeenvios.olvacourier.com/principal"): Navigate to 'https://dev01-registrodeenvios.olvacourier.com/principal' successfully

27-11-2024T13:10:24 - [MESSAGE][PASSED] - Navigate to 'https://dev01-registrodeenvios.olvacourier.com/principal' successfully

27-11-2024T13:10:24 - [TEST_STEP][PASSED] - maximizeWindow(): Current window maximized

27-11-2024T13:10:24 - [MESSAGE][PASSED] - Current window maximized

27-11-2024T13:10:24 - [MESSAGE][PASSED] - Call Test Case 'Test Cases/1.Inicio/1.1Principal/Principal-home' successfully

27-11-2024T13:10:24 - [TEST_STEP][PASSED] - callTestCase(findTestCase("1.Inicio/1.1Principal/Selec_paquete"), [:], STOP_ON_FAILURE): Call Test Case 'Test Cases/1.Inicio/1.1Principal/Selec_paquete' successfully

27-11-2024T13:10:24 - [TEST_CASE][PASSED] - Test Cases/1.Inicio/1.1Principal/Selec_paquete: Test Cases/1.Inicio/1.1Principal/Selec_paquete

27-11-2024T13:10:24 - [TEST_STEP][PASSED] - click(findTestObject("Object Repository/Principal/Page_Olva Courier  Home/img_Qu deseas realizar hoy_img_paquete")): Object: 'Object Repository/Principal/Page_Olva Courier  Home/img_Qu deseas realizar hoy_img_paquete' is clicked on

27-11-2024T13:10:24 - [MESSAGE][PASSED] - Object: 'Object Repository/Principal/Page_Olva Courier  Home/img_Qu deseas realizar hoy_img_paquete' is clicked on

27-11-2024T13:10:24 - [TEST_STEP][PASSED] - click(findTestObject("Object Repository/Principal/Page_Olva Courier  Home/span_He ledo y acepto los_checkmark (1)")): Object: 'Object Repository/Principal/Page_Olva Courier  Home/span_He ledo y acepto los_checkmark (1)' is clicked on

27-11-2024T13:10:25 - [MESSAGE][PASSED] - Object: 'Object Repository/Principal/Page_Olva Courier  Home/span_He ledo y acepto los_checkmark (1)' is clicked on

27-11-2024T13:10:25 - [TEST_STEP][PASSED] - click(findTestObject("Object Repository/Principal/Page_Olva Courier  Home/button_CONTINUAR (1)")): Object: 'Object Repository/Principal/Page_Olva Courier  Home/button_CONTINUAR (1)' is clicked on

27-11-2024T13:10:27 - [MESSAGE][PASSED] - Object: 'Object Repository/Principal/Page_Olva Courier  Home/button_CONTINUAR (1)' is clicked on

27-11-2024T13:10:27 - [TEST_STEP][PASSED] - verifyElementPresent(findTestObject("Object Repository/Principal/Page_Olva Courier  Datos Personales/strong_REGISTRO DE ENVOS"), 0): Object 'Object Repository/Principal/Page_Olva Courier  Datos Personales/strong_REGISTRO DE ENVOS' is present

27-11-2024T13:10:27 - [MESSAGE][WARNING] - Timeout '0' is invalid. Using default page load timeout: '30'

27-11-2024T13:10:27 - [MESSAGE][PASSED] - Object 'Object Repository/Principal/Page_Olva Courier  Datos Personales/strong_REGISTRO DE ENVOS' is present

27-11-2024T13:10:27 - [TEST_STEP][PASSED] - verifyElementPresent(findTestObject("Object Repository/Principal/Page_Olva Courier  Datos Personales/span_Regresar (1)"), 0): Object 'Object Repository/Principal/Page_Olva Courier  Datos Personales/span_Regresar (1)' is present

27-11-2024T13:10:27 - [MESSAGE][WARNING] - Timeout '0' is invalid. Using default page load timeout: '30'

27-11-2024T13:10:27 - [MESSAGE][PASSED] - Object 'Object Repository/Principal/Page_Olva Courier  Datos Personales/span_Regresar (1)' is present

27-11-2024T13:10:27 - [TEST_STEP][PASSED] - verifyElementPresent(findTestObject("Object Repository/Principal/Page_Olva Courier  Datos Personales/span_Inicio (1)"), 0): Object 'Object Repository/Principal/Page_Olva Courier  Datos Personales/span_Inicio (1)' is present

27-11-2024T13:10:27 - [MESSAGE][WARNING] - Timeout '0' is invalid. Using default page load timeout: '30'

27-11-2024T13:10:28 - [MESSAGE][PASSED] - Object 'Object Repository/Principal/Page_Olva Courier  Datos Personales/span_Inicio (1)' is present

27-11-2024T13:10:28 - [MESSAGE][PASSED] - Call Test Case 'Test Cases/1.Inicio/1.1Principal/Selec_paquete' successfully

27-11-2024T13:10:28 - [TEST_STEP][PASSED] - callTestCase(findTestCase("1.Inicio/1.2Tipo_Doc/3.CE"), [:], STOP_ON_FAILURE): Call Test Case 'Test Cases/1.Inicio/1.2Tipo_Doc/3.CE' successfully

27-11-2024T13:10:28 - [TEST_CASE][PASSED] - Test Cases/1.Inicio/1.2Tipo_Doc/3.CE: Test Cases/1.Inicio/1.2Tipo_Doc/3.CE

27-11-2024T13:10:28 - [TEST_STEP][PASSED] - click(findTestObject("Object Repository/Login/Page_Olva Courier  Datos Personales/button_Tipo De Documento")): Object: 'Object Repository/Login/Page_Olva Courier  Datos Personales/button_Tipo De Documento' is clicked on

27-11-2024T13:10:28 - [MESSAGE][PASSED] - Object: 'Object Repository/Login/Page_Olva Courier  Datos Personales/button_Tipo De Documento' is clicked on

27-11-2024T13:10:28 - [TEST_STEP][PASSED] - click(findTestObject("Object Repository/Login/Page_Olva Courier  Datos Personales/span_CARN EXT. (Boleta)")): Object: 'Object Repository/Login/Page_Olva Courier  Datos Personales/span_CARN EXT. (Boleta)' is clicked on

27-11-2024T13:10:29 - [MESSAGE][PASSED] - Object: 'Object Repository/Login/Page_Olva Courier  Datos Personales/span_CARN EXT. (Boleta)' is clicked on

27-11-2024T13:10:29 - [TEST_STEP][PASSED] - setText(findTestObject("Object Repository/Login/Page_Olva Courier  Datos Personales/input_CARN EXT. (Boleta)_txt_documento_cliente"), "002691903"): Text '002691903' is set on object 'Object Repository/Login/Page_Olva Courier  Datos Personales/input_CARN EXT. (Boleta)_txt_documento_cliente'

27-11-2024T13:10:29 - [MESSAGE][PASSED] - Text '002691903' is set on object 'Object Repository/Login/Page_Olva Courier  Datos Personales/input_CARN EXT. (Boleta)_txt_documento_cliente'

27-11-2024T13:10:29 - [MESSAGE][PASSED] - Call Test Case 'Test Cases/1.Inicio/1.2Tipo_Doc/3.CE' successfully

27-11-2024T13:10:29 - [TEST_STEP][PASSED] - click(findTestObject("Object Repository/Positivos/Page_Olva Courier  Datos Personales/span_Seleccionar artculo")): Object: 'Object Repository/Positivos/Page_Olva Courier  Datos Personales/span_Seleccionar artculo' is clicked on

27-11-2024T13:10:34 - [MESSAGE][PASSED] - Object: 'Object Repository/Positivos/Page_Olva Courier  Datos Personales/span_Seleccionar artculo' is clicked on

27-11-2024T13:10:34 - [TEST_STEP][PASSED] - click(findTestObject("Object Repository/Positivos/Page_Olva Courier  Datos Personales/span_ACCESORIOS Y EQUIPOS ELECTRONICOS")): Object: 'Object Repository/Positivos/Page_Olva Courier  Datos Personales/span_ACCESORIOS Y EQUIPOS ELECTRONICOS' is clicked on

27-11-2024T13:10:35 - [MESSAGE][PASSED] - Object: 'Object Repository/Positivos/Page_Olva Courier  Datos Personales/span_ACCESORIOS Y EQUIPOS ELECTRONICOS' is clicked on

27-11-2024T13:10:35 - [TEST_STEP][PASSED] - setText(findTestObject("Object Repository/Positivos/Page_Olva Courier  Datos Personales/input_UTILES DE OFICINA_txt_paquete_articulo"), "PRUEBAs"): Text 'PRUEBAs' is set on object 'Object Repository/Positivos/Page_Olva Courier  Datos Personales/input_UTILES DE OFICINA_txt_paquete_articulo'

27-11-2024T13:10:35 - [MESSAGE][PASSED] - Text 'PRUEBAs' is set on object 'Object Repository/Positivos/Page_Olva Courier  Datos Personales/input_UTILES DE OFICINA_txt_paquete_articulo'

27-11-2024T13:10:35 - [TEST_STEP][PASSED] - setText(findTestObject("Object Repository/Positivos/Page_Olva Courier  Datos Personales/input_UTILES DE OFICINA_txt_paquete_valor"), "20"): Text '20' is set on object 'Object Repository/Positivos/Page_Olva Courier  Datos Personales/input_UTILES DE OFICINA_txt_paquete_valor'

27-11-2024T13:10:36 - [MESSAGE][PASSED] - Text '20' is set on object 'Object Repository/Positivos/Page_Olva Courier  Datos Personales/input_UTILES DE OFICINA_txt_paquete_valor'

27-11-2024T13:10:36 - [TEST_STEP][PASSED] - click(findTestObject("Object Repository/Positivos/Page_Olva Courier  Datos Personales/b_1Kg")): Object: 'Object Repository/Positivos/Page_Olva Courier  Datos Personales/b_1Kg' is clicked on

27-11-2024T13:10:36 - [MESSAGE][PASSED] - Object: 'Object Repository/Positivos/Page_Olva Courier  Datos Personales/b_1Kg' is clicked on

27-11-2024T13:10:36 - [TEST_STEP][PASSED] - scrollToElement(findTestObject("Object Repository/Positivos/Page_Olva Courier  Datos Personales/span_Ingrese el punto de llegada"), 0): Scroll to object 'Object Repository/Positivos/Page_Olva Courier  Datos Personales/span_Ingrese el punto de llegada' successfully

27-11-2024T13:10:36 - [MESSAGE][WARNING] - Timeout '0' is invalid. Using default page load timeout: '30'

27-11-2024T13:10:37 - [MESSAGE][PASSED] - Scroll to object 'Object Repository/Positivos/Page_Olva Courier  Datos Personales/span_Ingrese el punto de llegada' successfully

27-11-2024T13:10:37 - [TEST_STEP][PASSED] - click(findTestObject("Object Repository/Positivos/Page_Olva Courier  Datos Personales/span_Ingrese el punto de llegada")): Object: 'Object Repository/Positivos/Page_Olva Courier  Datos Personales/span_Ingrese el punto de llegada' is clicked on

27-11-2024T13:10:38 - [MESSAGE][PASSED] - Object: 'Object Repository/Positivos/Page_Olva Courier  Datos Personales/span_Ingrese el punto de llegada' is clicked on

27-11-2024T13:10:38 - [TEST_STEP][PASSED] - click(findTestObject("Object Repository/Positivos/Page_Olva Courier  Datos Personales/span_AMAZONAS - BAGUA - BAGUA")): Object: 'Object Repository/Positivos/Page_Olva Courier  Datos Personales/span_AMAZONAS - BAGUA - BAGUA' is clicked on

27-11-2024T13:10:38 - [MESSAGE][PASSED] - Object: 'Object Repository/Positivos/Page_Olva Courier  Datos Personales/span_AMAZONAS - BAGUA - BAGUA' is clicked on

27-11-2024T13:10:38 - [TEST_STEP][PASSED] - click(findTestObject("Object Repository/Positivos/Page_Olva Courier  Datos Personales/span_Tipo de entrega")): Object: 'Object Repository/Positivos/Page_Olva Courier  Datos Personales/span_Tipo de entrega' is clicked on

27-11-2024T13:10:39 - [MESSAGE][PASSED] - Object: 'Object Repository/Positivos/Page_Olva Courier  Datos Personales/span_Tipo de entrega' is clicked on

27-11-2024T13:10:39 - [TEST_STEP][PASSED] - click(findTestObject("Object Repository/Positivos/Page_Olva Courier  Datos Personales/a_Recojo en tienda")): Object: 'Object Repository/Positivos/Page_Olva Courier  Datos Personales/a_Recojo en tienda' is clicked on

27-11-2024T13:10:39 - [MESSAGE][PASSED] - Object: 'Object Repository/Positivos/Page_Olva Courier  Datos Personales/a_Recojo en tienda' is clicked on

27-11-2024T13:10:39 - [TEST_STEP][PASSED] - click(findTestObject("Object Repository/Positivos/Page_Olva Courier  Datos Personales/span_Tienda")): Object: 'Object Repository/Positivos/Page_Olva Courier  Datos Personales/span_Tienda' is clicked on

27-11-2024T13:10:40 - [MESSAGE][PASSED] - Object: 'Object Repository/Positivos/Page_Olva Courier  Datos Personales/span_Tienda' is clicked on

27-11-2024T13:10:40 - [TEST_STEP][PASSED] - click(findTestObject("Object Repository/Positivos/Page_Olva Courier  Datos Personales/span_BAGUA CHICA - BAGUA - PJ ALFONSO UGART_d3a165")): Object: 'Object Repository/Positivos/Page_Olva Courier  Datos Personales/span_BAGUA CHICA - BAGUA - PJ ALFONSO UGART_d3a165' is clicked on

27-11-2024T13:10:41 - [MESSAGE][PASSED] - Object: 'Object Repository/Positivos/Page_Olva Courier  Datos Personales/span_BAGUA CHICA - BAGUA - PJ ALFONSO UGART_d3a165' is clicked on

27-11-2024T13:10:41 - [TEST_STEP][PASSED] - click(findTestObject("Object Repository/Positivos/Page_Olva Courier  Datos Personales/span_Tipo De Documento_1")): Object: 'Object Repository/Positivos/Page_Olva Courier  Datos Personales/span_Tipo De Documento_1' is clicked on

27-11-2024T13:10:41 - [MESSAGE][PASSED] - Object: 'Object Repository/Positivos/Page_Olva Courier  Datos Personales/span_Tipo De Documento_1' is clicked on

27-11-2024T13:10:41 - [TEST_STEP][PASSED] - click(findTestObject("Object Repository/Positivos/Page_Olva Courier  Datos Personales/a_DNI")): Object: 'Object Repository/Positivos/Page_Olva Courier  Datos Personales/a_DNI' is clicked on

27-11-2024T13:10:42 - [MESSAGE][PASSED] - Object: 'Object Repository/Positivos/Page_Olva Courier  Datos Personales/a_DNI' is clicked on

27-11-2024T13:10:42 - [TEST_STEP][PASSED] - setText(findTestObject("Object Repository/Positivos/Page_Olva Courier  Datos Personales/input_CARN EXT_txt_consignado_dni"), "71735785"): Text '71735785' is set on object 'Object Repository/Positivos/Page_Olva Courier  Datos Personales/input_CARN EXT_txt_consignado_dni'

27-11-2024T13:10:42 - [MESSAGE][PASSED] - Text '71735785' is set on object 'Object Repository/Positivos/Page_Olva Courier  Datos Personales/input_CARN EXT_txt_consignado_dni'

27-11-2024T13:10:42 - [TEST_STEP][PASSED] - verifyElementPresent(findTestObject("Object Repository/Positivos/Page_Olva Courier  Datos Personales/span_RIOS"), 0): Object 'Object Repository/Positivos/Page_Olva Courier  Datos Personales/span_RIOS' is present

27-11-2024T13:10:42 - [MESSAGE][WARNING] - Timeout '0' is invalid. Using default page load timeout: '30'

27-11-2024T13:10:43 - [MESSAGE][PASSED] - Object 'Object Repository/Positivos/Page_Olva Courier  Datos Personales/span_RIOS' is present

27-11-2024T13:10:43 - [TEST_STEP][PASSED] - verifyElementPresent(findTestObject("Object Repository/Positivos/Page_Olva Courier  Datos Personales/div_RIOS"), 0): Object 'Object Repository/Positivos/Page_Olva Courier  Datos Personales/div_RIOS' is present

27-11-2024T13:10:43 - [MESSAGE][WARNING] - Timeout '0' is invalid. Using default page load timeout: '30'

27-11-2024T13:10:43 - [MESSAGE][PASSED] - Object 'Object Repository/Positivos/Page_Olva Courier  Datos Personales/div_RIOS' is present

27-11-2024T13:10:43 - [TEST_STEP][PASSED] - scrollToElement(findTestObject("Object Repository/Positivos/Page_Olva Courier  Datos Personales/button_CONTINUAR"), 0): Scroll to object 'Object Repository/Positivos/Page_Olva Courier  Datos Personales/button_CONTINUAR' successfully

27-11-2024T13:10:43 - [MESSAGE][WARNING] - Timeout '0' is invalid. Using default page load timeout: '30'

27-11-2024T13:10:44 - [MESSAGE][PASSED] - Scroll to object 'Object Repository/Positivos/Page_Olva Courier  Datos Personales/button_CONTINUAR' successfully

27-11-2024T13:10:44 - [TEST_STEP][PASSED] - click(findTestObject("Object Repository/Positivos/Page_Olva Courier  Datos Personales/button_CONTINUAR")): Object: 'Object Repository/Positivos/Page_Olva Courier  Datos Personales/button_CONTINUAR' is clicked on

27-11-2024T13:10:44 - [MESSAGE][PASSED] - Object: 'Object Repository/Positivos/Page_Olva Courier  Datos Personales/button_CONTINUAR' is clicked on

27-11-2024T13:10:44 - [TEST_STEP][PASSED] - click(findTestObject("Object Repository/Positivos/Page_Olva Courier  Confirma tus datos/a_AGREGAR ENVOS")): Object: 'Object Repository/Positivos/Page_Olva Courier  Confirma tus datos/a_AGREGAR ENVOS' is clicked on

27-11-2024T13:10:46 - [MESSAGE][PASSED] - Object: 'Object Repository/Positivos/Page_Olva Courier  Confirma tus datos/a_AGREGAR ENVOS' is clicked on

27-11-2024T13:10:46 - [TEST_STEP][PASSED] - click(findTestObject("Object Repository/Positivos/Page_Olva Courier  Home/img_Envo de cajas o paquetescon un peso mxi_37770f")): Object: 'Object Repository/Positivos/Page_Olva Courier  Home/img_Envo de cajas o paquetescon un peso mxi_37770f' is clicked on

27-11-2024T13:10:46 - [MESSAGE][PASSED] - Object: 'Object Repository/Positivos/Page_Olva Courier  Home/img_Envo de cajas o paquetescon un peso mxi_37770f' is clicked on

27-11-2024T13:10:46 - [TEST_STEP][PASSED] - click(findTestObject("Object Repository/Positivos/Page_Olva Courier  Home/button_CONTINUAR")): Object: 'Object Repository/Positivos/Page_Olva Courier  Home/button_CONTINUAR' is clicked on

27-11-2024T13:10:47 - [MESSAGE][PASSED] - Object: 'Object Repository/Positivos/Page_Olva Courier  Home/button_CONTINUAR' is clicked on

27-11-2024T13:10:47 - [TEST_STEP][PASSED] - setText(findTestObject("Object Repository/Positivos/Page_Olva Courier  Datos Personales/input_Qu Envas_input_descripcion"), "FDFd"): Text 'FDFd' is set on object 'Object Repository/Positivos/Page_Olva Courier  Datos Personales/input_Qu Envas_input_descripcion'

27-11-2024T13:10:53 - [MESSAGE][PASSED] - Text 'FDFd' is set on object 'Object Repository/Positivos/Page_Olva Courier  Datos Personales/input_Qu Envas_input_descripcion'

27-11-2024T13:10:53 - [TEST_STEP][PASSED] - setText(findTestObject("Object Repository/Positivos/Page_Olva Courier  Datos Personales/input_Qu Envas_input_valor"), "20"): Text '20' is set on object 'Object Repository/Positivos/Page_Olva Courier  Datos Personales/input_Qu Envas_input_valor'

27-11-2024T13:10:54 - [MESSAGE][PASSED] - Text '20' is set on object 'Object Repository/Positivos/Page_Olva Courier  Datos Personales/input_Qu Envas_input_valor'

27-11-2024T13:10:54 - [TEST_STEP][PASSED] - scrollToElement(findTestObject("Object Repository/Positivos/Page_Olva Courier  Datos Personales/button_Ingrese el punto de llegada"), 0): Scroll to object 'Object Repository/Positivos/Page_Olva Courier  Datos Personales/button_Ingrese el punto de llegada' successfully

27-11-2024T13:10:54 - [MESSAGE][WARNING] - Timeout '0' is invalid. Using default page load timeout: '30'

27-11-2024T13:10:54 - [MESSAGE][PASSED] - Scroll to object 'Object Repository/Positivos/Page_Olva Courier  Datos Personales/button_Ingrese el punto de llegada' successfully

27-11-2024T13:10:54 - [TEST_STEP][PASSED] - click(findTestObject("Object Repository/Positivos/Page_Olva Courier  Datos Personales/button_Ingrese el punto de llegada")): Object: 'Object Repository/Positivos/Page_Olva Courier  Datos Personales/button_Ingrese el punto de llegada' is clicked on

27-11-2024T13:10:55 - [MESSAGE][PASSED] - Object: 'Object Repository/Positivos/Page_Olva Courier  Datos Personales/button_Ingrese el punto de llegada' is clicked on

27-11-2024T13:10:55 - [TEST_STEP][PASSED] - click(findTestObject("Object Repository/Positivos/Page_Olva Courier  Datos Personales/span_AMAZONAS - BAGUA - EL PARCO")): Object: 'Object Repository/Positivos/Page_Olva Courier  Datos Personales/span_AMAZONAS - BAGUA - EL PARCO' is clicked on

27-11-2024T13:10:58 - [MESSAGE][PASSED] - Object: 'Object Repository/Positivos/Page_Olva Courier  Datos Personales/span_AMAZONAS - BAGUA - EL PARCO' is clicked on

27-11-2024T13:10:58 - [TEST_STEP][PASSED] - click(findTestObject("Object Repository/Positivos/Page_Olva Courier  Datos Personales/span_Tipo De Documento_1")): Object: 'Object Repository/Positivos/Page_Olva Courier  Datos Personales/span_Tipo De Documento_1' is clicked on

27-11-2024T13:10:59 - [MESSAGE][PASSED] - Object: 'Object Repository/Positivos/Page_Olva Courier  Datos Personales/span_Tipo De Documento_1' is clicked on

27-11-2024T13:10:59 - [TEST_STEP][PASSED] - click(findTestObject("Object Repository/Positivos/Page_Olva Courier  Datos Personales/a_DNI")): Object: 'Object Repository/Positivos/Page_Olva Courier  Datos Personales/a_DNI' is clicked on

27-11-2024T13:10:59 - [MESSAGE][PASSED] - Object: 'Object Repository/Positivos/Page_Olva Courier  Datos Personales/a_DNI' is clicked on

27-11-2024T13:10:59 - [TEST_STEP][PASSED] - setText(findTestObject("Object Repository/Positivos/Page_Olva Courier  Datos Personales/input_CARN EXT_txt_consignado_dni"), "71735785"): Text '71735785' is set on object 'Object Repository/Positivos/Page_Olva Courier  Datos Personales/input_CARN EXT_txt_consignado_dni'

27-11-2024T13:11:00 - [MESSAGE][PASSED] - Text '71735785' is set on object 'Object Repository/Positivos/Page_Olva Courier  Datos Personales/input_CARN EXT_txt_consignado_dni'

27-11-2024T13:11:00 - [TEST_STEP][PASSED] - scrollToElement(findTestObject("Object Repository/Positivos/Page_Olva Courier  Datos Personales/button_CONTINUAR"), 0): Scroll to object 'Object Repository/Positivos/Page_Olva Courier  Datos Personales/button_CONTINUAR' successfully

27-11-2024T13:11:00 - [MESSAGE][WARNING] - Timeout '0' is invalid. Using default page load timeout: '30'

27-11-2024T13:11:01 - [MESSAGE][PASSED] - Scroll to object 'Object Repository/Positivos/Page_Olva Courier  Datos Personales/button_CONTINUAR' successfully

27-11-2024T13:11:01 - [TEST_STEP][PASSED] - click(findTestObject("Object Repository/Positivos/Page_Olva Courier  Datos Personales/button_CONTINUAR")): Object: 'Object Repository/Positivos/Page_Olva Courier  Datos Personales/button_CONTINUAR' is clicked on

27-11-2024T13:11:01 - [MESSAGE][PASSED] - Object: 'Object Repository/Positivos/Page_Olva Courier  Datos Personales/button_CONTINUAR' is clicked on

27-11-2024T13:11:01 - [TEST_STEP][PASSED] - click(findTestObject("Object Repository/Positivos/Page_Olva Courier  Confirma tus datos/button_Editar")): Object: 'Object Repository/Positivos/Page_Olva Courier  Confirma tus datos/button_Editar' is clicked on

27-11-2024T13:11:08 - [MESSAGE][PASSED] - Object: 'Object Repository/Positivos/Page_Olva Courier  Confirma tus datos/button_Editar' is clicked on

27-11-2024T13:11:08 - [TEST_STEP][PASSED] - setText(findTestObject("Object Repository/Positivos/Page_Olva Courier  Datos Personales/input_UTILES DE OFICINA_txt_paquete_articulo"), "PRUE"): Text 'PRUE' is set on object 'Object Repository/Positivos/Page_Olva Courier  Datos Personales/input_UTILES DE OFICINA_txt_paquete_articulo'

27-11-2024T13:11:09 - [MESSAGE][PASSED] - Text 'PRUE' is set on object 'Object Repository/Positivos/Page_Olva Courier  Datos Personales/input_UTILES DE OFICINA_txt_paquete_articulo'

27-11-2024T13:11:09 - [TEST_STEP][PASSED] - click(findTestObject("Object Repository/Positivos/Page_Olva Courier  Datos Personales/input_UTILES DE OFICINA_txt_paquete_articulo")): Object: 'Object Repository/Positivos/Page_Olva Courier  Datos Personales/input_UTILES DE OFICINA_txt_paquete_articulo' is clicked on

27-11-2024T13:11:10 - [MESSAGE][PASSED] - Object: 'Object Repository/Positivos/Page_Olva Courier  Datos Personales/input_UTILES DE OFICINA_txt_paquete_articulo' is clicked on

27-11-2024T13:11:10 - [TEST_STEP][PASSED] - setText(findTestObject("Object Repository/Positivos/Page_Olva Courier  Datos Personales/input_UTILES DE OFICINA_txt_paquete_valor"), "100"): Text '100' is set on object 'Object Repository/Positivos/Page_Olva Courier  Datos Personales/input_UTILES DE OFICINA_txt_paquete_valor'

27-11-2024T13:11:11 - [MESSAGE][PASSED] - Text '100' is set on object 'Object Repository/Positivos/Page_Olva Courier  Datos Personales/input_UTILES DE OFICINA_txt_paquete_valor'

27-11-2024T13:11:11 - [TEST_STEP][PASSED] - click(findTestObject("Object Repository/Positivos/Page_Olva Courier  Datos Personales/div_Hasta 2Kg")): Object: 'Object Repository/Positivos/Page_Olva Courier  Datos Personales/div_Hasta 2Kg' is clicked on

27-11-2024T13:11:12 - [MESSAGE][PASSED] - Object: 'Object Repository/Positivos/Page_Olva Courier  Datos Personales/div_Hasta 2Kg' is clicked on

27-11-2024T13:11:12 - [TEST_STEP][PASSED] - scrollToElement(findTestObject("Object Repository/Positivos/Page_Olva Courier  Datos Personales/span_Recojo en tienda"), 0): Scroll to object 'Object Repository/Positivos/Page_Olva Courier  Datos Personales/span_Recojo en tienda' successfully

27-11-2024T13:11:12 - [MESSAGE][WARNING] - Timeout '0' is invalid. Using default page load timeout: '30'

27-11-2024T13:11:12 - [MESSAGE][PASSED] - Scroll to object 'Object Repository/Positivos/Page_Olva Courier  Datos Personales/span_Recojo en tienda' successfully

27-11-2024T13:11:12 - [TEST_STEP][PASSED] - click(findTestObject("Object Repository/Positivos/Page_Olva Courier  Datos Personales/span_Recojo en tienda")): Object: 'Object Repository/Positivos/Page_Olva Courier  Datos Personales/span_Recojo en tienda' is clicked on

27-11-2024T13:11:13 - [MESSAGE][PASSED] - Object: 'Object Repository/Positivos/Page_Olva Courier  Datos Personales/span_Recojo en tienda' is clicked on

27-11-2024T13:11:13 - [TEST_STEP][PASSED] - click(findTestObject("Object Repository/Positivos/Page_Olva Courier  Datos Personales/a_Entrega a domicilio")): Object: 'Object Repository/Positivos/Page_Olva Courier  Datos Personales/a_Entrega a domicilio' is clicked on

27-11-2024T13:11:13 - [MESSAGE][PASSED] - Object: 'Object Repository/Positivos/Page_Olva Courier  Datos Personales/a_Entrega a domicilio' is clicked on

27-11-2024T13:11:13 - [TEST_STEP][PASSED] - setText(findTestObject("Object Repository/Positivos/Page_Olva Courier  Datos Personales/input_CARN EXT_txt_consignado_dni"), "71735786"): Text '71735786' is set on object 'Object Repository/Positivos/Page_Olva Courier  Datos Personales/input_CARN EXT_txt_consignado_dni'

27-11-2024T13:11:14 - [MESSAGE][PASSED] - Text '71735786' is set on object 'Object Repository/Positivos/Page_Olva Courier  Datos Personales/input_CARN EXT_txt_consignado_dni'

27-11-2024T13:11:14 - [TEST_STEP][PASSED] - click(findTestObject("Object Repository/Positivos/Page_Olva Courier  Datos Personales/button_CONTINUAR")): Object: 'Object Repository/Positivos/Page_Olva Courier  Datos Personales/button_CONTINUAR' is clicked on

27-11-2024T13:11:15 - [MESSAGE][PASSED] - Object: 'Object Repository/Positivos/Page_Olva Courier  Datos Personales/button_CONTINUAR' is clicked on

27-11-2024T13:11:15 - [TEST_STEP][PASSED] - click(findTestObject("Object Repository/Positivos/Page_Olva Courier  Confirma tus datos/a_Eliminar")): Object: 'Object Repository/Positivos/Page_Olva Courier  Confirma tus datos/a_Eliminar' is clicked on

27-11-2024T13:11:18 - [MESSAGE][PASSED] - Object: 'Object Repository/Positivos/Page_Olva Courier  Confirma tus datos/a_Eliminar' is clicked on

27-11-2024T13:11:18 - [TEST_STEP][PASSED] - click(findTestObject("Object Repository/Positivos/Page_Olva Courier  Confirma tus datos/button_IR A PAGAR S 18.60")): Object: 'Object Repository/Positivos/Page_Olva Courier  Confirma tus datos/button_IR A PAGAR S 18.60' is clicked on

27-11-2024T13:11:19 - [MESSAGE][PASSED] - Object: 'Object Repository/Positivos/Page_Olva Courier  Confirma tus datos/button_IR A PAGAR S 18.60' is clicked on

27-11-2024T13:11:19 - [TEST_STEP][PASSED] - delay(5): Delayed 5 second(s)

27-11-2024T13:11:24 - [MESSAGE][PASSED] - Delayed 5 second(s)

27-11-2024T13:11:24 - [TEST_STEP][PASSED] - scrollToElement(findTestObject("Object Repository/Positivos/Page_Olva Courier  Medios de pago/button_PAGAR"), 0): Scroll to object 'Object Repository/Positivos/Page_Olva Courier  Medios de pago/button_PAGAR' successfully

27-11-2024T13:11:24 - [MESSAGE][WARNING] - Timeout '0' is invalid. Using default page load timeout: '30'

27-11-2024T13:11:24 - [MESSAGE][PASSED] - Scroll to object 'Object Repository/Positivos/Page_Olva Courier  Medios de pago/button_PAGAR' successfully

27-11-2024T13:11:24 - [TEST_STEP][PASSED] - verifyElementText(findTestObject("Object Repository/Positivos/Page_Olva Courier  Medios de pago/button_PAGAR"), "PAGAR"): Actual text and expected text of test object 'Object Repository/Positivos/Page_Olva Courier  Medios de pago/button_PAGAR' are matched.

27-11-2024T13:11:25 - [MESSAGE][PASSED] - Actual text and expected text of test object 'Object Repository/Positivos/Page_Olva Courier  Medios de pago/button_PAGAR' are matched.

27-11-2024T13:11:25 - [TEST_STEP][PASSED] - callTestCase(findTestCase("1.Inicio/1.3Pago_POS/Pago-exitoso"), [:], STOP_ON_FAILURE): Call Test Case 'Test Cases/1.Inicio/1.3Pago_POS/Pago-exitoso' successfully

27-11-2024T13:11:25 - [TEST_CASE][PASSED] - Test Cases/1.Inicio/1.3Pago_POS/Pago-exitoso: Test Cases/1.Inicio/1.3Pago_POS/Pago-exitoso

27-11-2024T13:11:25 - [TEST_STEP][PASSED] - verifyElementPresent(findTestObject("Object Repository/pago/Page_Olva Courier  Medios de pago/div_Pago con tarjeta de crdito, dbito y Yape"), 0): Object 'Object Repository/pago/Page_Olva Courier  Medios de pago/div_Pago con tarjeta de crdito, dbito y Yape' is present

27-11-2024T13:11:25 - [MESSAGE][WARNING] - Timeout '0' is invalid. Using default page load timeout: '30'

27-11-2024T13:11:25 - [MESSAGE][PASSED] - Object 'Object Repository/pago/Page_Olva Courier  Medios de pago/div_Pago con tarjeta de crdito, dbito y Yape' is present

27-11-2024T13:11:25 - [TEST_STEP][PASSED] - verifyElementPresent(findTestObject("Object Repository/pago/Page_Olva Courier  Medios de pago/td_S"), 0): Object 'Object Repository/pago/Page_Olva Courier  Medios de pago/td_S' is present

27-11-2024T13:11:25 - [MESSAGE][WARNING] - Timeout '0' is invalid. Using default page load timeout: '30'

27-11-2024T13:11:25 - [MESSAGE][PASSED] - Object 'Object Repository/pago/Page_Olva Courier  Medios de pago/td_S' is present

27-11-2024T13:11:25 - [TEST_STEP][PASSED] - delay(1): Delayed 1 second(s)

27-11-2024T13:11:26 - [MESSAGE][PASSED] - Delayed 1 second(s)

27-11-2024T13:11:26 - [TEST_STEP][PASSED] - scrollToElement(findTestObject("Object Repository/pago/Page_Olva Courier  Medios de pago/button_PAGAR"), 0): Scroll to object 'Object Repository/pago/Page_Olva Courier  Medios de pago/button_PAGAR' successfully

27-11-2024T13:11:26 - [MESSAGE][WARNING] - Timeout '0' is invalid. Using default page load timeout: '30'

27-11-2024T13:11:27 - [MESSAGE][PASSED] - Scroll to object 'Object Repository/pago/Page_Olva Courier  Medios de pago/button_PAGAR' successfully

27-11-2024T13:11:27 - [TEST_STEP][PASSED] - click(findTestObject("Object Repository/pago/Page_Olva Courier  Medios de pago/button_PAGAR")): Object: 'Object Repository/pago/Page_Olva Courier  Medios de pago/button_PAGAR' is clicked on

27-11-2024T13:11:27 - [MESSAGE][PASSED] - Object: 'Object Repository/pago/Page_Olva Courier  Medios de pago/button_PAGAR' is clicked on

27-11-2024T13:11:27 - [TEST_STEP][PASSED] - delay(2): Delayed 2 second(s)

27-11-2024T13:11:29 - [MESSAGE][PASSED] - Delayed 2 second(s)

27-11-2024T13:11:29 - [TEST_STEP][PASSED] - verifyElementText(findTestObject("Object Repository/pago/Page_Olva Courier  Pago Exitoso/div_Aprobado y completado con exito"), "Aprobado y completado con exito"): Actual text and expected text of test object 'Object Repository/pago/Page_Olva Courier  Pago Exitoso/div_Aprobado y completado con exito' are matched.

27-11-2024T13:11:29 - [MESSAGE][PASSED] - Actual text and expected text of test object 'Object Repository/pago/Page_Olva Courier  Pago Exitoso/div_Aprobado y completado con exito' are matched.

27-11-2024T13:11:29 - [TEST_STEP][PASSED] - verifyElementPresent(findTestObject("Object Repository/pago/Page_Olva Courier  Pago Exitoso/b_nroPreventa"), 0): Object 'Object Repository/pago/Page_Olva Courier  Pago Exitoso/b_nroPreventa' is present

27-11-2024T13:11:29 - [MESSAGE][WARNING] - Timeout '0' is invalid. Using default page load timeout: '30'

27-11-2024T13:11:30 - [MESSAGE][PASSED] - Object 'Object Repository/pago/Page_Olva Courier  Pago Exitoso/b_nroPreventa' is present

27-11-2024T13:11:30 - [MESSAGE][PASSED] - Call Test Case 'Test Cases/1.Inicio/1.3Pago_POS/Pago-exitoso' successfully]]></system-out>
         <system-err><![CDATA[]]></system-err>
      </testcase>
      <testcase name="Test Cases/2.Positivos/2.1Paquete/Origen-Lima/Difuninado-Consignado" time="46.772" classname="Test Cases/2.Positivos/2.1Paquete/Origen-Lima/Difuninado-Consignado" status="PASSED">
         <system-out><![CDATA[27-11-2024T13:11:30 - [TEST_CASE][PASSED] - Test Cases/2.Positivos/2.1Paquete/Origen-Lima/Difuninado-Consignado: Test Cases/2.Positivos/2.1Paquete/Origen-Lima/Difuninado-Consignado

27-11-2024T13:11:30 - [TEST_STEP][PASSED] - callTestCase(findTestCase("1.Inicio/1.1Principal/Principal-home"), [:], STOP_ON_FAILURE): Call Test Case 'Test Cases/1.Inicio/1.1Principal/Principal-home' successfully

27-11-2024T13:11:30 - [TEST_CASE][PASSED] - Test Cases/1.Inicio/1.1Principal/Principal-home: Test Cases/1.Inicio/1.1Principal/Principal-home

27-11-2024T13:11:30 - [TEST_STEP][PASSED] - openBrowser(""): Browser is opened with url: ''

27-11-2024T13:11:30 - [MESSAGE][WARNING] - A browser is already opened. Closing browser and opening a new one

27-11-2024T13:11:32 - [MESSAGE][INFO] - Starting 'Firefox' driver

27-11-2024T13:11:32 - [MESSAGE][INFO] - Action delay is set to 0 milliseconds

27-11-2024T13:11:39 - [MESSAGE][PASSED] - Browser is opened with url: ''

27-11-2024T13:11:39 - [TEST_STEP][PASSED] - navigateToUrl("https://dev01-registrodeenvios.olvacourier.com/principal"): Navigate to 'https://dev01-registrodeenvios.olvacourier.com/principal' successfully

27-11-2024T13:11:41 - [MESSAGE][PASSED] - Navigate to 'https://dev01-registrodeenvios.olvacourier.com/principal' successfully

27-11-2024T13:11:41 - [TEST_STEP][PASSED] - maximizeWindow(): Current window maximized

27-11-2024T13:11:41 - [MESSAGE][PASSED] - Current window maximized

27-11-2024T13:11:41 - [MESSAGE][PASSED] - Call Test Case 'Test Cases/1.Inicio/1.1Principal/Principal-home' successfully

27-11-2024T13:11:41 - [TEST_STEP][PASSED] - callTestCase(findTestCase("1.Inicio/1.1Principal/Selec_paquete"), [:], STOP_ON_FAILURE): Call Test Case 'Test Cases/1.Inicio/1.1Principal/Selec_paquete' successfully

27-11-2024T13:11:41 - [TEST_CASE][PASSED] - Test Cases/1.Inicio/1.1Principal/Selec_paquete: Test Cases/1.Inicio/1.1Principal/Selec_paquete

27-11-2024T13:11:41 - [TEST_STEP][PASSED] - click(findTestObject("Object Repository/Principal/Page_Olva Courier  Home/img_Qu deseas realizar hoy_img_paquete")): Object: 'Object Repository/Principal/Page_Olva Courier  Home/img_Qu deseas realizar hoy_img_paquete' is clicked on

27-11-2024T13:11:42 - [MESSAGE][PASSED] - Object: 'Object Repository/Principal/Page_Olva Courier  Home/img_Qu deseas realizar hoy_img_paquete' is clicked on

27-11-2024T13:11:42 - [TEST_STEP][PASSED] - click(findTestObject("Object Repository/Principal/Page_Olva Courier  Home/span_He ledo y acepto los_checkmark (1)")): Object: 'Object Repository/Principal/Page_Olva Courier  Home/span_He ledo y acepto los_checkmark (1)' is clicked on

27-11-2024T13:11:42 - [MESSAGE][PASSED] - Object: 'Object Repository/Principal/Page_Olva Courier  Home/span_He ledo y acepto los_checkmark (1)' is clicked on

27-11-2024T13:11:42 - [TEST_STEP][PASSED] - click(findTestObject("Object Repository/Principal/Page_Olva Courier  Home/button_CONTINUAR (1)")): Object: 'Object Repository/Principal/Page_Olva Courier  Home/button_CONTINUAR (1)' is clicked on

27-11-2024T13:11:44 - [MESSAGE][PASSED] - Object: 'Object Repository/Principal/Page_Olva Courier  Home/button_CONTINUAR (1)' is clicked on

27-11-2024T13:11:44 - [TEST_STEP][PASSED] - verifyElementPresent(findTestObject("Object Repository/Principal/Page_Olva Courier  Datos Personales/strong_REGISTRO DE ENVOS"), 0): Object 'Object Repository/Principal/Page_Olva Courier  Datos Personales/strong_REGISTRO DE ENVOS' is present

27-11-2024T13:11:44 - [MESSAGE][WARNING] - Timeout '0' is invalid. Using default page load timeout: '30'

27-11-2024T13:11:44 - [MESSAGE][PASSED] - Object 'Object Repository/Principal/Page_Olva Courier  Datos Personales/strong_REGISTRO DE ENVOS' is present

27-11-2024T13:11:44 - [TEST_STEP][PASSED] - verifyElementPresent(findTestObject("Object Repository/Principal/Page_Olva Courier  Datos Personales/span_Regresar (1)"), 0): Object 'Object Repository/Principal/Page_Olva Courier  Datos Personales/span_Regresar (1)' is present

27-11-2024T13:11:44 - [MESSAGE][WARNING] - Timeout '0' is invalid. Using default page load timeout: '30'

27-11-2024T13:11:44 - [MESSAGE][PASSED] - Object 'Object Repository/Principal/Page_Olva Courier  Datos Personales/span_Regresar (1)' is present

27-11-2024T13:11:44 - [TEST_STEP][PASSED] - verifyElementPresent(findTestObject("Object Repository/Principal/Page_Olva Courier  Datos Personales/span_Inicio (1)"), 0): Object 'Object Repository/Principal/Page_Olva Courier  Datos Personales/span_Inicio (1)' is present

27-11-2024T13:11:44 - [MESSAGE][WARNING] - Timeout '0' is invalid. Using default page load timeout: '30'

27-11-2024T13:11:45 - [MESSAGE][PASSED] - Object 'Object Repository/Principal/Page_Olva Courier  Datos Personales/span_Inicio (1)' is present

27-11-2024T13:11:45 - [MESSAGE][PASSED] - Call Test Case 'Test Cases/1.Inicio/1.1Principal/Selec_paquete' successfully

27-11-2024T13:11:45 - [TEST_STEP][PASSED] - callTestCase(findTestCase("1.Inicio/1.2Tipo_Doc/1.DNI"), [:], STOP_ON_FAILURE): Call Test Case 'Test Cases/1.Inicio/1.2Tipo_Doc/1.DNI' successfully

27-11-2024T13:11:45 - [TEST_CASE][PASSED] - Test Cases/1.Inicio/1.2Tipo_Doc/1.DNI: Test Cases/1.Inicio/1.2Tipo_Doc/1.DNI

27-11-2024T13:11:45 - [TEST_STEP][PASSED] - click(findTestObject("Object Repository/Login/Page_Olva Courier  Datos Personales/button_Tipo De Documento")): Object: 'Object Repository/Login/Page_Olva Courier  Datos Personales/button_Tipo De Documento' is clicked on

27-11-2024T13:11:45 - [MESSAGE][PASSED] - Object: 'Object Repository/Login/Page_Olva Courier  Datos Personales/button_Tipo De Documento' is clicked on

27-11-2024T13:11:45 - [TEST_STEP][PASSED] - click(findTestObject("Object Repository/Login/Page_Olva Courier  Datos Personales/a_DNI (Boleta)")): Object: 'Object Repository/Login/Page_Olva Courier  Datos Personales/a_DNI (Boleta)' is clicked on

27-11-2024T13:11:46 - [MESSAGE][PASSED] - Object: 'Object Repository/Login/Page_Olva Courier  Datos Personales/a_DNI (Boleta)' is clicked on

27-11-2024T13:11:46 - [TEST_STEP][PASSED] - setText(findTestObject("Object Repository/Login/Page_Olva Courier  Datos Personales/input_CARN EXT. (Boleta)_txt_documento_cliente"), "47190321"): Text '47190321' is set on object 'Object Repository/Login/Page_Olva Courier  Datos Personales/input_CARN EXT. (Boleta)_txt_documento_cliente'

27-11-2024T13:11:46 - [MESSAGE][PASSED] - Text '47190321' is set on object 'Object Repository/Login/Page_Olva Courier  Datos Personales/input_CARN EXT. (Boleta)_txt_documento_cliente'

27-11-2024T13:11:46 - [TEST_STEP][PASSED] - setText(findTestObject("Object Repository/Login/Page_Olva Courier  Datos Personales/input_CARN EXT. (Boleta)_txt_telefono_cliente"), "957378086"): Text '957378086' is set on object 'Object Repository/Login/Page_Olva Courier  Datos Personales/input_CARN EXT. (Boleta)_txt_telefono_cliente'

27-11-2024T13:11:51 - [MESSAGE][PASSED] - Text '957378086' is set on object 'Object Repository/Login/Page_Olva Courier  Datos Personales/input_CARN EXT. (Boleta)_txt_telefono_cliente'

27-11-2024T13:11:51 - [TEST_STEP][PASSED] - setText(findTestObject("Object Repository/Login/Page_Olva Courier  Datos Personales/input_Hola,_txt_email_cliente"), "riosalejosjs@gmail.com"): Text 'riosalejosjs@gmail.com' is set on object 'Object Repository/Login/Page_Olva Courier  Datos Personales/input_Hola,_txt_email_cliente'

27-11-2024T13:11:52 - [MESSAGE][PASSED] - Text 'riosalejosjs@gmail.com' is set on object 'Object Repository/Login/Page_Olva Courier  Datos Personales/input_Hola,_txt_email_cliente'

27-11-2024T13:11:52 - [MESSAGE][PASSED] - Call Test Case 'Test Cases/1.Inicio/1.2Tipo_Doc/1.DNI' successfully

27-11-2024T13:11:52 - [TEST_STEP][PASSED] - click(findTestObject("Object Repository/Positivos/Page_Olva Courier  Datos Personales/span_Seleccionar artculo")): Object: 'Object Repository/Positivos/Page_Olva Courier  Datos Personales/span_Seleccionar artculo' is clicked on

27-11-2024T13:11:52 - [MESSAGE][PASSED] - Object: 'Object Repository/Positivos/Page_Olva Courier  Datos Personales/span_Seleccionar artculo' is clicked on

27-11-2024T13:11:52 - [TEST_STEP][PASSED] - click(findTestObject("Object Repository/Positivos/Page_Olva Courier  Datos Personales/span_ACCESORIOS Y EQUIPOS ELECTRONICOS")): Object: 'Object Repository/Positivos/Page_Olva Courier  Datos Personales/span_ACCESORIOS Y EQUIPOS ELECTRONICOS' is clicked on

27-11-2024T13:11:53 - [MESSAGE][PASSED] - Object: 'Object Repository/Positivos/Page_Olva Courier  Datos Personales/span_ACCESORIOS Y EQUIPOS ELECTRONICOS' is clicked on

27-11-2024T13:11:53 - [TEST_STEP][PASSED] - setText(findTestObject("Object Repository/Positivos/Page_Olva Courier  Datos Personales/input_UTILES DE OFICINA_txt_paquete_articulo"), "PRUEBAs"): Text 'PRUEBAs' is set on object 'Object Repository/Positivos/Page_Olva Courier  Datos Personales/input_UTILES DE OFICINA_txt_paquete_articulo'

27-11-2024T13:11:53 - [MESSAGE][PASSED] - Text 'PRUEBAs' is set on object 'Object Repository/Positivos/Page_Olva Courier  Datos Personales/input_UTILES DE OFICINA_txt_paquete_articulo'

27-11-2024T13:11:53 - [TEST_STEP][PASSED] - setText(findTestObject("Object Repository/Positivos/Page_Olva Courier  Datos Personales/input_UTILES DE OFICINA_txt_paquete_valor"), "20"): Text '20' is set on object 'Object Repository/Positivos/Page_Olva Courier  Datos Personales/input_UTILES DE OFICINA_txt_paquete_valor'

27-11-2024T13:11:54 - [MESSAGE][PASSED] - Text '20' is set on object 'Object Repository/Positivos/Page_Olva Courier  Datos Personales/input_UTILES DE OFICINA_txt_paquete_valor'

27-11-2024T13:11:54 - [TEST_STEP][PASSED] - click(findTestObject("Object Repository/Positivos/Page_Olva Courier  Datos Personales/b_1Kg")): Object: 'Object Repository/Positivos/Page_Olva Courier  Datos Personales/b_1Kg' is clicked on

27-11-2024T13:11:54 - [MESSAGE][PASSED] - Object: 'Object Repository/Positivos/Page_Olva Courier  Datos Personales/b_1Kg' is clicked on

27-11-2024T13:11:54 - [TEST_STEP][PASSED] - scrollToElement(findTestObject("Object Repository/Positivos/Page_Olva Courier  Datos Personales/span_Ingrese el punto de llegada"), 0): Scroll to object 'Object Repository/Positivos/Page_Olva Courier  Datos Personales/span_Ingrese el punto de llegada' successfully

27-11-2024T13:11:54 - [MESSAGE][WARNING] - Timeout '0' is invalid. Using default page load timeout: '30'

27-11-2024T13:11:55 - [MESSAGE][PASSED] - Scroll to object 'Object Repository/Positivos/Page_Olva Courier  Datos Personales/span_Ingrese el punto de llegada' successfully

27-11-2024T13:11:55 - [TEST_STEP][PASSED] - click(findTestObject("Object Repository/Positivos/Page_Olva Courier  Datos Personales/span_Ingrese el punto de llegada")): Object: 'Object Repository/Positivos/Page_Olva Courier  Datos Personales/span_Ingrese el punto de llegada' is clicked on

27-11-2024T13:11:56 - [MESSAGE][PASSED] - Object: 'Object Repository/Positivos/Page_Olva Courier  Datos Personales/span_Ingrese el punto de llegada' is clicked on

27-11-2024T13:11:56 - [TEST_STEP][PASSED] - click(findTestObject("Object Repository/Positivos/Page_Olva Courier  Datos Personales/span_AMAZONAS - BAGUA - BAGUA")): Object: 'Object Repository/Positivos/Page_Olva Courier  Datos Personales/span_AMAZONAS - BAGUA - BAGUA' is clicked on

27-11-2024T13:11:56 - [MESSAGE][PASSED] - Object: 'Object Repository/Positivos/Page_Olva Courier  Datos Personales/span_AMAZONAS - BAGUA - BAGUA' is clicked on

27-11-2024T13:11:56 - [TEST_STEP][PASSED] - click(findTestObject("Object Repository/Positivos/Page_Olva Courier  Datos Personales/span_Tipo de entrega")): Object: 'Object Repository/Positivos/Page_Olva Courier  Datos Personales/span_Tipo de entrega' is clicked on

27-11-2024T13:11:57 - [MESSAGE][PASSED] - Object: 'Object Repository/Positivos/Page_Olva Courier  Datos Personales/span_Tipo de entrega' is clicked on

27-11-2024T13:11:57 - [TEST_STEP][PASSED] - click(findTestObject("Object Repository/Positivos/Page_Olva Courier  Datos Personales/a_Recojo en tienda")): Object: 'Object Repository/Positivos/Page_Olva Courier  Datos Personales/a_Recojo en tienda' is clicked on

27-11-2024T13:11:57 - [MESSAGE][PASSED] - Object: 'Object Repository/Positivos/Page_Olva Courier  Datos Personales/a_Recojo en tienda' is clicked on

27-11-2024T13:11:57 - [TEST_STEP][PASSED] - click(findTestObject("Object Repository/Positivos/Page_Olva Courier  Datos Personales/span_Tienda")): Object: 'Object Repository/Positivos/Page_Olva Courier  Datos Personales/span_Tienda' is clicked on

27-11-2024T13:11:58 - [MESSAGE][PASSED] - Object: 'Object Repository/Positivos/Page_Olva Courier  Datos Personales/span_Tienda' is clicked on

27-11-2024T13:11:58 - [TEST_STEP][PASSED] - click(findTestObject("Object Repository/Positivos/Page_Olva Courier  Datos Personales/span_BAGUA CHICA - BAGUA - PJ ALFONSO UGART_d3a165")): Object: 'Object Repository/Positivos/Page_Olva Courier  Datos Personales/span_BAGUA CHICA - BAGUA - PJ ALFONSO UGART_d3a165' is clicked on

27-11-2024T13:11:59 - [MESSAGE][PASSED] - Object: 'Object Repository/Positivos/Page_Olva Courier  Datos Personales/span_BAGUA CHICA - BAGUA - PJ ALFONSO UGART_d3a165' is clicked on

27-11-2024T13:11:59 - [TEST_STEP][PASSED] - click(findTestObject("Object Repository/Positivos/Page_Olva Courier  Datos Personales/span_Tipo De Documento_1")): Object: 'Object Repository/Positivos/Page_Olva Courier  Datos Personales/span_Tipo De Documento_1' is clicked on

27-11-2024T13:11:59 - [MESSAGE][PASSED] - Object: 'Object Repository/Positivos/Page_Olva Courier  Datos Personales/span_Tipo De Documento_1' is clicked on

27-11-2024T13:11:59 - [TEST_STEP][PASSED] - click(findTestObject("Object Repository/Positivos/Page_Olva Courier  Datos Personales/a_DNI")): Object: 'Object Repository/Positivos/Page_Olva Courier  Datos Personales/a_DNI' is clicked on

27-11-2024T13:11:59 - [MESSAGE][PASSED] - Object: 'Object Repository/Positivos/Page_Olva Courier  Datos Personales/a_DNI' is clicked on

27-11-2024T13:11:59 - [TEST_STEP][PASSED] - setText(findTestObject("Object Repository/Positivos/Page_Olva Courier  Datos Personales/input_CARN EXT_txt_consignado_dni"), "71735785"): Text '71735785' is set on object 'Object Repository/Positivos/Page_Olva Courier  Datos Personales/input_CARN EXT_txt_consignado_dni'

27-11-2024T13:12:00 - [MESSAGE][PASSED] - Text '71735785' is set on object 'Object Repository/Positivos/Page_Olva Courier  Datos Personales/input_CARN EXT_txt_consignado_dni'

27-11-2024T13:12:00 - [TEST_STEP][PASSED] - verifyElementPresent(findTestObject("Object Repository/Positivos/Page_Olva Courier  Datos Personales/span_RIOS"), 0): Object 'Object Repository/Positivos/Page_Olva Courier  Datos Personales/span_RIOS' is present

27-11-2024T13:12:00 - [MESSAGE][WARNING] - Timeout '0' is invalid. Using default page load timeout: '30'

27-11-2024T13:12:00 - [MESSAGE][PASSED] - Object 'Object Repository/Positivos/Page_Olva Courier  Datos Personales/span_RIOS' is present

27-11-2024T13:12:00 - [TEST_STEP][PASSED] - verifyElementPresent(findTestObject("Object Repository/Positivos/Page_Olva Courier  Datos Personales/div_RIOS"), 0): Object 'Object Repository/Positivos/Page_Olva Courier  Datos Personales/div_RIOS' is present

27-11-2024T13:12:00 - [MESSAGE][WARNING] - Timeout '0' is invalid. Using default page load timeout: '30'

27-11-2024T13:12:01 - [MESSAGE][PASSED] - Object 'Object Repository/Positivos/Page_Olva Courier  Datos Personales/div_RIOS' is present

27-11-2024T13:12:01 - [TEST_STEP][PASSED] - scrollToElement(findTestObject("Object Repository/Positivos/Page_Olva Courier  Datos Personales/button_CONTINUAR"), 0): Scroll to object 'Object Repository/Positivos/Page_Olva Courier  Datos Personales/button_CONTINUAR' successfully

27-11-2024T13:12:01 - [MESSAGE][WARNING] - Timeout '0' is invalid. Using default page load timeout: '30'

27-11-2024T13:12:01 - [MESSAGE][PASSED] - Scroll to object 'Object Repository/Positivos/Page_Olva Courier  Datos Personales/button_CONTINUAR' successfully

27-11-2024T13:12:01 - [TEST_STEP][PASSED] - click(findTestObject("Object Repository/Positivos/Page_Olva Courier  Datos Personales/button_CONTINUAR")): Object: 'Object Repository/Positivos/Page_Olva Courier  Datos Personales/button_CONTINUAR' is clicked on

27-11-2024T13:12:02 - [MESSAGE][PASSED] - Object: 'Object Repository/Positivos/Page_Olva Courier  Datos Personales/button_CONTINUAR' is clicked on

27-11-2024T13:12:02 - [TEST_STEP][PASSED] - click(findTestObject("Object Repository/Positivos/Page_Olva Courier  Confirma tus datos/button_IR A PAGAR S 14.50")): Object: 'Object Repository/Positivos/Page_Olva Courier  Confirma tus datos/button_IR A PAGAR S 14.50' is clicked on

27-11-2024T13:12:03 - [MESSAGE][PASSED] - Object: 'Object Repository/Positivos/Page_Olva Courier  Confirma tus datos/button_IR A PAGAR S 14.50' is clicked on

27-11-2024T13:12:03 - [TEST_STEP][PASSED] - delay(3): Delayed 3 second(s)

27-11-2024T13:12:06 - [MESSAGE][PASSED] - Delayed 3 second(s)

27-11-2024T13:12:06 - [TEST_STEP][PASSED] - setText(findTestObject("Object Repository/Positivos/Page_Olva Courier  Confirma tus datos/input_Tienes envos con recojo en tienda, se_b85f5d"), "1"): Text '1' is set on object 'Object Repository/Positivos/Page_Olva Courier  Confirma tus datos/input_Tienes envos con recojo en tienda, se_b85f5d'

27-11-2024T13:12:07 - [MESSAGE][PASSED] - Text '1' is set on object 'Object Repository/Positivos/Page_Olva Courier  Confirma tus datos/input_Tienes envos con recojo en tienda, se_b85f5d'

27-11-2024T13:12:07 - [TEST_STEP][PASSED] - setText(findTestObject("Object Repository/Positivos/Page_Olva Courier  Confirma tus datos/input_Tienes envos con recojo en tienda, se_af5936"), "1"): Text '1' is set on object 'Object Repository/Positivos/Page_Olva Courier  Confirma tus datos/input_Tienes envos con recojo en tienda, se_af5936'

27-11-2024T13:12:08 - [MESSAGE][PASSED] - Text '1' is set on object 'Object Repository/Positivos/Page_Olva Courier  Confirma tus datos/input_Tienes envos con recojo en tienda, se_af5936'

27-11-2024T13:12:08 - [TEST_STEP][PASSED] - setText(findTestObject("Object Repository/Positivos/Page_Olva Courier  Confirma tus datos/input_Tienes envos con recojo en tienda, se_653975"), "1"): Text '1' is set on object 'Object Repository/Positivos/Page_Olva Courier  Confirma tus datos/input_Tienes envos con recojo en tienda, se_653975'

27-11-2024T13:12:09 - [MESSAGE][PASSED] - Text '1' is set on object 'Object Repository/Positivos/Page_Olva Courier  Confirma tus datos/input_Tienes envos con recojo en tienda, se_653975'

27-11-2024T13:12:09 - [TEST_STEP][PASSED] - setText(findTestObject("Object Repository/Positivos/Page_Olva Courier  Confirma tus datos/input_Tienes envos con recojo en tienda, se_8615a0"), "1"): Text '1' is set on object 'Object Repository/Positivos/Page_Olva Courier  Confirma tus datos/input_Tienes envos con recojo en tienda, se_8615a0'

27-11-2024T13:12:10 - [MESSAGE][PASSED] - Text '1' is set on object 'Object Repository/Positivos/Page_Olva Courier  Confirma tus datos/input_Tienes envos con recojo en tienda, se_8615a0'

27-11-2024T13:12:10 - [TEST_STEP][PASSED] - click(findTestObject("Object Repository/Positivos/Page_Olva Courier  Confirma tus datos/center_Aceptar")): Object: 'Object Repository/Positivos/Page_Olva Courier  Confirma tus datos/center_Aceptar' is clicked on

27-11-2024T13:12:10 - [MESSAGE][PASSED] - Object: 'Object Repository/Positivos/Page_Olva Courier  Confirma tus datos/center_Aceptar' is clicked on

27-11-2024T13:12:10 - [TEST_STEP][PASSED] - scrollToElement(findTestObject("Object Repository/Positivos/Page_Olva Courier  Medios de pago/button_PAGAR"), 0): Scroll to object 'Object Repository/Positivos/Page_Olva Courier  Medios de pago/button_PAGAR' successfully

27-11-2024T13:12:10 - [MESSAGE][WARNING] - Timeout '0' is invalid. Using default page load timeout: '30'

27-11-2024T13:12:12 - [MESSAGE][PASSED] - Scroll to object 'Object Repository/Positivos/Page_Olva Courier  Medios de pago/button_PAGAR' successfully

27-11-2024T13:12:12 - [TEST_STEP][PASSED] - verifyElementPresent(findTestObject("Object Repository/Positivos/Page_Olva Courier  Medios de pago/button_PAGAR"), 0): Object 'Object Repository/Positivos/Page_Olva Courier  Medios de pago/button_PAGAR' is present

27-11-2024T13:12:12 - [MESSAGE][WARNING] - Timeout '0' is invalid. Using default page load timeout: '30'

27-11-2024T13:12:12 - [MESSAGE][PASSED] - Object 'Object Repository/Positivos/Page_Olva Courier  Medios de pago/button_PAGAR' is present

27-11-2024T13:12:12 - [TEST_STEP][PASSED] - callTestCase(findTestCase("1.Inicio/1.3Pago_POS/Pago-exitoso"), [:], STOP_ON_FAILURE): Call Test Case 'Test Cases/1.Inicio/1.3Pago_POS/Pago-exitoso' successfully

27-11-2024T13:12:12 - [TEST_CASE][PASSED] - Test Cases/1.Inicio/1.3Pago_POS/Pago-exitoso: Test Cases/1.Inicio/1.3Pago_POS/Pago-exitoso

27-11-2024T13:12:12 - [TEST_STEP][PASSED] - verifyElementPresent(findTestObject("Object Repository/pago/Page_Olva Courier  Medios de pago/div_Pago con tarjeta de crdito, dbito y Yape"), 0): Object 'Object Repository/pago/Page_Olva Courier  Medios de pago/div_Pago con tarjeta de crdito, dbito y Yape' is present

27-11-2024T13:12:12 - [MESSAGE][WARNING] - Timeout '0' is invalid. Using default page load timeout: '30'

27-11-2024T13:12:12 - [MESSAGE][PASSED] - Object 'Object Repository/pago/Page_Olva Courier  Medios de pago/div_Pago con tarjeta de crdito, dbito y Yape' is present

27-11-2024T13:12:12 - [TEST_STEP][PASSED] - verifyElementPresent(findTestObject("Object Repository/pago/Page_Olva Courier  Medios de pago/td_S"), 0): Object 'Object Repository/pago/Page_Olva Courier  Medios de pago/td_S' is present

27-11-2024T13:12:12 - [MESSAGE][WARNING] - Timeout '0' is invalid. Using default page load timeout: '30'

27-11-2024T13:12:12 - [MESSAGE][PASSED] - Object 'Object Repository/pago/Page_Olva Courier  Medios de pago/td_S' is present

27-11-2024T13:12:12 - [TEST_STEP][PASSED] - delay(1): Delayed 1 second(s)

27-11-2024T13:12:13 - [MESSAGE][PASSED] - Delayed 1 second(s)

27-11-2024T13:12:13 - [TEST_STEP][PASSED] - scrollToElement(findTestObject("Object Repository/pago/Page_Olva Courier  Medios de pago/button_PAGAR"), 0): Scroll to object 'Object Repository/pago/Page_Olva Courier  Medios de pago/button_PAGAR' successfully

27-11-2024T13:12:13 - [MESSAGE][WARNING] - Timeout '0' is invalid. Using default page load timeout: '30'

27-11-2024T13:12:13 - [MESSAGE][PASSED] - Scroll to object 'Object Repository/pago/Page_Olva Courier  Medios de pago/button_PAGAR' successfully

27-11-2024T13:12:13 - [TEST_STEP][PASSED] - click(findTestObject("Object Repository/pago/Page_Olva Courier  Medios de pago/button_PAGAR")): Object: 'Object Repository/pago/Page_Olva Courier  Medios de pago/button_PAGAR' is clicked on

27-11-2024T13:12:14 - [MESSAGE][PASSED] - Object: 'Object Repository/pago/Page_Olva Courier  Medios de pago/button_PAGAR' is clicked on

27-11-2024T13:12:14 - [TEST_STEP][PASSED] - delay(2): Delayed 2 second(s)

27-11-2024T13:12:16 - [MESSAGE][PASSED] - Delayed 2 second(s)

27-11-2024T13:12:16 - [TEST_STEP][PASSED] - verifyElementText(findTestObject("Object Repository/pago/Page_Olva Courier  Pago Exitoso/div_Aprobado y completado con exito"), "Aprobado y completado con exito"): Actual text and expected text of test object 'Object Repository/pago/Page_Olva Courier  Pago Exitoso/div_Aprobado y completado con exito' are matched.

27-11-2024T13:12:16 - [MESSAGE][PASSED] - Actual text and expected text of test object 'Object Repository/pago/Page_Olva Courier  Pago Exitoso/div_Aprobado y completado con exito' are matched.

27-11-2024T13:12:16 - [TEST_STEP][PASSED] - verifyElementPresent(findTestObject("Object Repository/pago/Page_Olva Courier  Pago Exitoso/b_nroPreventa"), 0): Object 'Object Repository/pago/Page_Olva Courier  Pago Exitoso/b_nroPreventa' is present

27-11-2024T13:12:16 - [MESSAGE][WARNING] - Timeout '0' is invalid. Using default page load timeout: '30'

27-11-2024T13:12:16 - [MESSAGE][PASSED] - Object 'Object Repository/pago/Page_Olva Courier  Pago Exitoso/b_nroPreventa' is present

27-11-2024T13:12:16 - [MESSAGE][PASSED] - Call Test Case 'Test Cases/1.Inicio/1.3Pago_POS/Pago-exitoso' successfully]]></system-out>
         <system-err><![CDATA[]]></system-err>
      </testcase>
      <testcase name="Test Cases/2.Positivos/2.1Paquete/Origen-Lima/Agregar-Envios" time="66.59" classname="Test Cases/2.Positivos/2.1Paquete/Origen-Lima/Agregar-Envios" status="PASSED">
         <system-out><![CDATA[27-11-2024T13:12:16 - [TEST_CASE][PASSED] - Test Cases/2.Positivos/2.1Paquete/Origen-Lima/Agregar-Envios: Test Cases/2.Positivos/2.1Paquete/Origen-Lima/Agregar-Envios

27-11-2024T13:12:17 - [TEST_STEP][PASSED] - callTestCase(findTestCase("1.Inicio/1.1Principal/Principal-home"), [:], STOP_ON_FAILURE): Call Test Case 'Test Cases/1.Inicio/1.1Principal/Principal-home' successfully

27-11-2024T13:12:17 - [TEST_CASE][PASSED] - Test Cases/1.Inicio/1.1Principal/Principal-home: Test Cases/1.Inicio/1.1Principal/Principal-home

27-11-2024T13:12:17 - [TEST_STEP][PASSED] - openBrowser(""): Browser is opened with url: ''

27-11-2024T13:12:17 - [MESSAGE][WARNING] - A browser is already opened. Closing browser and opening a new one

27-11-2024T13:12:18 - [MESSAGE][INFO] - Starting 'Firefox' driver

27-11-2024T13:12:18 - [MESSAGE][INFO] - Action delay is set to 0 milliseconds

27-11-2024T13:12:26 - [MESSAGE][PASSED] - Browser is opened with url: ''

27-11-2024T13:12:26 - [TEST_STEP][PASSED] - navigateToUrl("https://dev01-registrodeenvios.olvacourier.com/principal"): Navigate to 'https://dev01-registrodeenvios.olvacourier.com/principal' successfully

27-11-2024T13:12:27 - [MESSAGE][PASSED] - Navigate to 'https://dev01-registrodeenvios.olvacourier.com/principal' successfully

27-11-2024T13:12:27 - [TEST_STEP][PASSED] - maximizeWindow(): Current window maximized

27-11-2024T13:12:27 - [MESSAGE][PASSED] - Current window maximized

27-11-2024T13:12:27 - [MESSAGE][PASSED] - Call Test Case 'Test Cases/1.Inicio/1.1Principal/Principal-home' successfully

27-11-2024T13:12:27 - [TEST_STEP][PASSED] - callTestCase(findTestCase("1.Inicio/1.1Principal/Selec_paquete"), [:], STOP_ON_FAILURE): Call Test Case 'Test Cases/1.Inicio/1.1Principal/Selec_paquete' successfully

27-11-2024T13:12:27 - [TEST_CASE][PASSED] - Test Cases/1.Inicio/1.1Principal/Selec_paquete: Test Cases/1.Inicio/1.1Principal/Selec_paquete

27-11-2024T13:12:27 - [TEST_STEP][PASSED] - click(findTestObject("Object Repository/Principal/Page_Olva Courier  Home/img_Qu deseas realizar hoy_img_paquete")): Object: 'Object Repository/Principal/Page_Olva Courier  Home/img_Qu deseas realizar hoy_img_paquete' is clicked on

27-11-2024T13:12:27 - [MESSAGE][PASSED] - Object: 'Object Repository/Principal/Page_Olva Courier  Home/img_Qu deseas realizar hoy_img_paquete' is clicked on

27-11-2024T13:12:27 - [TEST_STEP][PASSED] - click(findTestObject("Object Repository/Principal/Page_Olva Courier  Home/span_He ledo y acepto los_checkmark (1)")): Object: 'Object Repository/Principal/Page_Olva Courier  Home/span_He ledo y acepto los_checkmark (1)' is clicked on

27-11-2024T13:12:28 - [MESSAGE][PASSED] - Object: 'Object Repository/Principal/Page_Olva Courier  Home/span_He ledo y acepto los_checkmark (1)' is clicked on

27-11-2024T13:12:28 - [TEST_STEP][PASSED] - click(findTestObject("Object Repository/Principal/Page_Olva Courier  Home/button_CONTINUAR (1)")): Object: 'Object Repository/Principal/Page_Olva Courier  Home/button_CONTINUAR (1)' is clicked on

27-11-2024T13:12:29 - [MESSAGE][PASSED] - Object: 'Object Repository/Principal/Page_Olva Courier  Home/button_CONTINUAR (1)' is clicked on

27-11-2024T13:12:29 - [TEST_STEP][PASSED] - verifyElementPresent(findTestObject("Object Repository/Principal/Page_Olva Courier  Datos Personales/strong_REGISTRO DE ENVOS"), 0): Object 'Object Repository/Principal/Page_Olva Courier  Datos Personales/strong_REGISTRO DE ENVOS' is present

27-11-2024T13:12:29 - [MESSAGE][WARNING] - Timeout '0' is invalid. Using default page load timeout: '30'

27-11-2024T13:12:29 - [MESSAGE][PASSED] - Object 'Object Repository/Principal/Page_Olva Courier  Datos Personales/strong_REGISTRO DE ENVOS' is present

27-11-2024T13:12:29 - [TEST_STEP][PASSED] - verifyElementPresent(findTestObject("Object Repository/Principal/Page_Olva Courier  Datos Personales/span_Regresar (1)"), 0): Object 'Object Repository/Principal/Page_Olva Courier  Datos Personales/span_Regresar (1)' is present

27-11-2024T13:12:29 - [MESSAGE][WARNING] - Timeout '0' is invalid. Using default page load timeout: '30'

27-11-2024T13:12:30 - [MESSAGE][PASSED] - Object 'Object Repository/Principal/Page_Olva Courier  Datos Personales/span_Regresar (1)' is present

27-11-2024T13:12:30 - [TEST_STEP][PASSED] - verifyElementPresent(findTestObject("Object Repository/Principal/Page_Olva Courier  Datos Personales/span_Inicio (1)"), 0): Object 'Object Repository/Principal/Page_Olva Courier  Datos Personales/span_Inicio (1)' is present

27-11-2024T13:12:30 - [MESSAGE][WARNING] - Timeout '0' is invalid. Using default page load timeout: '30'

27-11-2024T13:12:30 - [MESSAGE][PASSED] - Object 'Object Repository/Principal/Page_Olva Courier  Datos Personales/span_Inicio (1)' is present

27-11-2024T13:12:30 - [MESSAGE][PASSED] - Call Test Case 'Test Cases/1.Inicio/1.1Principal/Selec_paquete' successfully

27-11-2024T13:12:30 - [TEST_STEP][PASSED] - callTestCase(findTestCase("1.Inicio/1.2Tipo_Doc/2.DNI_Colab"), [:], STOP_ON_FAILURE): Call Test Case 'Test Cases/1.Inicio/1.2Tipo_Doc/2.DNI_Colab' successfully

27-11-2024T13:12:30 - [TEST_CASE][PASSED] - Test Cases/1.Inicio/1.2Tipo_Doc/2.DNI_Colab: Test Cases/1.Inicio/1.2Tipo_Doc/2.DNI_Colab

27-11-2024T13:12:30 - [TEST_STEP][PASSED] - click(findTestObject("Object Repository/Login/Page_Olva Courier  Datos Personales/button_Tipo De Documento")): Object: 'Object Repository/Login/Page_Olva Courier  Datos Personales/button_Tipo De Documento' is clicked on

27-11-2024T13:12:31 - [MESSAGE][PASSED] - Object: 'Object Repository/Login/Page_Olva Courier  Datos Personales/button_Tipo De Documento' is clicked on

27-11-2024T13:12:31 - [TEST_STEP][PASSED] - click(findTestObject("Object Repository/Login/Page_Olva Courier  Datos Personales/span_DNI (Boleta)")): Object: 'Object Repository/Login/Page_Olva Courier  Datos Personales/span_DNI (Boleta)' is clicked on

27-11-2024T13:12:31 - [MESSAGE][PASSED] - Object: 'Object Repository/Login/Page_Olva Courier  Datos Personales/span_DNI (Boleta)' is clicked on

27-11-2024T13:12:31 - [TEST_STEP][PASSED] - setText(findTestObject("Object Repository/Login/Page_Olva Courier  Datos Personales/input_CARN EXT. (Boleta)_txt_documento_cliente"), "71735764"): Text '71735764' is set on object 'Object Repository/Login/Page_Olva Courier  Datos Personales/input_CARN EXT. (Boleta)_txt_documento_cliente'

27-11-2024T13:12:32 - [MESSAGE][PASSED] - Text '71735764' is set on object 'Object Repository/Login/Page_Olva Courier  Datos Personales/input_CARN EXT. (Boleta)_txt_documento_cliente'

27-11-2024T13:12:32 - [TEST_STEP][PASSED] - delay(3): Delayed 3 second(s)

27-11-2024T13:12:35 - [MESSAGE][PASSED] - Delayed 3 second(s)

27-11-2024T13:12:35 - [TEST_STEP][PASSED] - verifyElementText(findTestObject("Object Repository/Login/Page_Olva Courier  Datos Personales/p_PROMO COLABORADOR"), "¡PROMO COLABORADOR!"): Actual text and expected text of test object 'Object Repository/Login/Page_Olva Courier  Datos Personales/p_PROMO COLABORADOR' are matched.

27-11-2024T13:12:36 - [MESSAGE][PASSED] - Actual text and expected text of test object 'Object Repository/Login/Page_Olva Courier  Datos Personales/p_PROMO COLABORADOR' are matched.

27-11-2024T13:12:36 - [TEST_STEP][PASSED] - delay(3): Delayed 3 second(s)

27-11-2024T13:12:39 - [MESSAGE][PASSED] - Delayed 3 second(s)

27-11-2024T13:12:39 - [TEST_STEP][PASSED] - click(findTestObject("Object Repository/Login/Page_Olva Courier  Datos Personales/span_")): Object: 'Object Repository/Login/Page_Olva Courier  Datos Personales/span_' is clicked on

27-11-2024T13:12:40 - [MESSAGE][PASSED] - Object: 'Object Repository/Login/Page_Olva Courier  Datos Personales/span_' is clicked on

27-11-2024T13:12:40 - [MESSAGE][PASSED] - Call Test Case 'Test Cases/1.Inicio/1.2Tipo_Doc/2.DNI_Colab' successfully

27-11-2024T13:12:40 - [TEST_STEP][PASSED] - click(findTestObject("Object Repository/Positivos/Page_Olva Courier  Datos Personales/span_Seleccionar artculo")): Object: 'Object Repository/Positivos/Page_Olva Courier  Datos Personales/span_Seleccionar artculo' is clicked on

27-11-2024T13:12:40 - [MESSAGE][PASSED] - Object: 'Object Repository/Positivos/Page_Olva Courier  Datos Personales/span_Seleccionar artculo' is clicked on

27-11-2024T13:12:40 - [TEST_STEP][PASSED] - click(findTestObject("Object Repository/Positivos/Page_Olva Courier  Datos Personales/span_ACCESORIOS Y EQUIPOS ELECTRONICOS")): Object: 'Object Repository/Positivos/Page_Olva Courier  Datos Personales/span_ACCESORIOS Y EQUIPOS ELECTRONICOS' is clicked on

27-11-2024T13:12:41 - [MESSAGE][PASSED] - Object: 'Object Repository/Positivos/Page_Olva Courier  Datos Personales/span_ACCESORIOS Y EQUIPOS ELECTRONICOS' is clicked on

27-11-2024T13:12:41 - [TEST_STEP][PASSED] - setText(findTestObject("Object Repository/Positivos/Page_Olva Courier  Datos Personales/input_UTILES DE OFICINA_txt_paquete_articulo"), "PRUEBAs"): Text 'PRUEBAs' is set on object 'Object Repository/Positivos/Page_Olva Courier  Datos Personales/input_UTILES DE OFICINA_txt_paquete_articulo'

27-11-2024T13:12:41 - [MESSAGE][PASSED] - Text 'PRUEBAs' is set on object 'Object Repository/Positivos/Page_Olva Courier  Datos Personales/input_UTILES DE OFICINA_txt_paquete_articulo'

27-11-2024T13:12:41 - [TEST_STEP][PASSED] - setText(findTestObject("Object Repository/Positivos/Page_Olva Courier  Datos Personales/input_UTILES DE OFICINA_txt_paquete_valor"), "20"): Text '20' is set on object 'Object Repository/Positivos/Page_Olva Courier  Datos Personales/input_UTILES DE OFICINA_txt_paquete_valor'

27-11-2024T13:12:42 - [MESSAGE][PASSED] - Text '20' is set on object 'Object Repository/Positivos/Page_Olva Courier  Datos Personales/input_UTILES DE OFICINA_txt_paquete_valor'

27-11-2024T13:12:42 - [TEST_STEP][PASSED] - click(findTestObject("Object Repository/Positivos/Page_Olva Courier  Datos Personales/b_1Kg")): Object: 'Object Repository/Positivos/Page_Olva Courier  Datos Personales/b_1Kg' is clicked on

27-11-2024T13:12:43 - [MESSAGE][PASSED] - Object: 'Object Repository/Positivos/Page_Olva Courier  Datos Personales/b_1Kg' is clicked on

27-11-2024T13:12:43 - [TEST_STEP][PASSED] - scrollToElement(findTestObject("Object Repository/Positivos/Page_Olva Courier  Datos Personales/span_Ingrese el punto de llegada"), 0): Scroll to object 'Object Repository/Positivos/Page_Olva Courier  Datos Personales/span_Ingrese el punto de llegada' successfully

27-11-2024T13:12:43 - [MESSAGE][WARNING] - Timeout '0' is invalid. Using default page load timeout: '30'

27-11-2024T13:12:43 - [MESSAGE][PASSED] - Scroll to object 'Object Repository/Positivos/Page_Olva Courier  Datos Personales/span_Ingrese el punto de llegada' successfully

27-11-2024T13:12:43 - [TEST_STEP][PASSED] - click(findTestObject("Object Repository/Positivos/Page_Olva Courier  Datos Personales/span_Ingrese el punto de llegada")): Object: 'Object Repository/Positivos/Page_Olva Courier  Datos Personales/span_Ingrese el punto de llegada' is clicked on

27-11-2024T13:12:44 - [MESSAGE][PASSED] - Object: 'Object Repository/Positivos/Page_Olva Courier  Datos Personales/span_Ingrese el punto de llegada' is clicked on

27-11-2024T13:12:44 - [TEST_STEP][PASSED] - click(findTestObject("Object Repository/Positivos/Page_Olva Courier  Datos Personales/span_AMAZONAS - BAGUA - BAGUA")): Object: 'Object Repository/Positivos/Page_Olva Courier  Datos Personales/span_AMAZONAS - BAGUA - BAGUA' is clicked on

27-11-2024T13:12:44 - [MESSAGE][PASSED] - Object: 'Object Repository/Positivos/Page_Olva Courier  Datos Personales/span_AMAZONAS - BAGUA - BAGUA' is clicked on

27-11-2024T13:12:44 - [TEST_STEP][PASSED] - click(findTestObject("Object Repository/Positivos/Page_Olva Courier  Datos Personales/span_Tipo de entrega")): Object: 'Object Repository/Positivos/Page_Olva Courier  Datos Personales/span_Tipo de entrega' is clicked on

27-11-2024T13:12:45 - [MESSAGE][PASSED] - Object: 'Object Repository/Positivos/Page_Olva Courier  Datos Personales/span_Tipo de entrega' is clicked on

27-11-2024T13:12:45 - [TEST_STEP][PASSED] - click(findTestObject("Object Repository/Positivos/Page_Olva Courier  Datos Personales/a_Recojo en tienda")): Object: 'Object Repository/Positivos/Page_Olva Courier  Datos Personales/a_Recojo en tienda' is clicked on

27-11-2024T13:12:45 - [MESSAGE][PASSED] - Object: 'Object Repository/Positivos/Page_Olva Courier  Datos Personales/a_Recojo en tienda' is clicked on

27-11-2024T13:12:45 - [TEST_STEP][PASSED] - click(findTestObject("Object Repository/Positivos/Page_Olva Courier  Datos Personales/span_Tienda")): Object: 'Object Repository/Positivos/Page_Olva Courier  Datos Personales/span_Tienda' is clicked on

27-11-2024T13:12:46 - [MESSAGE][PASSED] - Object: 'Object Repository/Positivos/Page_Olva Courier  Datos Personales/span_Tienda' is clicked on

27-11-2024T13:12:46 - [TEST_STEP][PASSED] - click(findTestObject("Object Repository/Positivos/Page_Olva Courier  Datos Personales/span_BAGUA CHICA - BAGUA - PJ ALFONSO UGART_d3a165")): Object: 'Object Repository/Positivos/Page_Olva Courier  Datos Personales/span_BAGUA CHICA - BAGUA - PJ ALFONSO UGART_d3a165' is clicked on

27-11-2024T13:12:47 - [MESSAGE][PASSED] - Object: 'Object Repository/Positivos/Page_Olva Courier  Datos Personales/span_BAGUA CHICA - BAGUA - PJ ALFONSO UGART_d3a165' is clicked on

27-11-2024T13:12:47 - [TEST_STEP][PASSED] - click(findTestObject("Object Repository/Positivos/Page_Olva Courier  Datos Personales/span_Tipo De Documento_1")): Object: 'Object Repository/Positivos/Page_Olva Courier  Datos Personales/span_Tipo De Documento_1' is clicked on

27-11-2024T13:12:47 - [MESSAGE][PASSED] - Object: 'Object Repository/Positivos/Page_Olva Courier  Datos Personales/span_Tipo De Documento_1' is clicked on

27-11-2024T13:12:47 - [TEST_STEP][PASSED] - click(findTestObject("Object Repository/Positivos/Page_Olva Courier  Datos Personales/a_DNI")): Object: 'Object Repository/Positivos/Page_Olva Courier  Datos Personales/a_DNI' is clicked on

27-11-2024T13:12:48 - [MESSAGE][PASSED] - Object: 'Object Repository/Positivos/Page_Olva Courier  Datos Personales/a_DNI' is clicked on

27-11-2024T13:12:48 - [TEST_STEP][PASSED] - setText(findTestObject("Object Repository/Positivos/Page_Olva Courier  Datos Personales/input_CARN EXT_txt_consignado_dni"), "71735785"): Text '71735785' is set on object 'Object Repository/Positivos/Page_Olva Courier  Datos Personales/input_CARN EXT_txt_consignado_dni'

27-11-2024T13:12:48 - [MESSAGE][PASSED] - Text '71735785' is set on object 'Object Repository/Positivos/Page_Olva Courier  Datos Personales/input_CARN EXT_txt_consignado_dni'

27-11-2024T13:12:48 - [TEST_STEP][PASSED] - scrollToElement(findTestObject("Object Repository/Positivos/Page_Olva Courier  Datos Personales/button_CONTINUAR"), 0): Scroll to object 'Object Repository/Positivos/Page_Olva Courier  Datos Personales/button_CONTINUAR' successfully

27-11-2024T13:12:48 - [MESSAGE][WARNING] - Timeout '0' is invalid. Using default page load timeout: '30'

27-11-2024T13:12:49 - [MESSAGE][PASSED] - Scroll to object 'Object Repository/Positivos/Page_Olva Courier  Datos Personales/button_CONTINUAR' successfully

27-11-2024T13:12:49 - [TEST_STEP][PASSED] - click(findTestObject("Object Repository/Positivos/Page_Olva Courier  Datos Personales/button_CONTINUAR")): Object: 'Object Repository/Positivos/Page_Olva Courier  Datos Personales/button_CONTINUAR' is clicked on

27-11-2024T13:12:50 - [MESSAGE][PASSED] - Object: 'Object Repository/Positivos/Page_Olva Courier  Datos Personales/button_CONTINUAR' is clicked on

27-11-2024T13:12:50 - [TEST_STEP][PASSED] - click(findTestObject("Object Repository/Positivos/Page_Olva Courier  Confirma tus datos/a_AGREGAR ENVOS")): Object: 'Object Repository/Positivos/Page_Olva Courier  Confirma tus datos/a_AGREGAR ENVOS' is clicked on

27-11-2024T13:12:51 - [MESSAGE][PASSED] - Object: 'Object Repository/Positivos/Page_Olva Courier  Confirma tus datos/a_AGREGAR ENVOS' is clicked on

27-11-2024T13:12:51 - [TEST_STEP][PASSED] - click(findTestObject("Object Repository/Positivos/Page_Olva Courier  Home/img_Envo de cajas o paquetescon un peso mxi_37770f")): Object: 'Object Repository/Positivos/Page_Olva Courier  Home/img_Envo de cajas o paquetescon un peso mxi_37770f' is clicked on

27-11-2024T13:12:52 - [MESSAGE][PASSED] - Object: 'Object Repository/Positivos/Page_Olva Courier  Home/img_Envo de cajas o paquetescon un peso mxi_37770f' is clicked on

27-11-2024T13:12:52 - [TEST_STEP][PASSED] - click(findTestObject("Object Repository/Positivos/Page_Olva Courier  Home/button_CONTINUAR")): Object: 'Object Repository/Positivos/Page_Olva Courier  Home/button_CONTINUAR' is clicked on

27-11-2024T13:12:53 - [MESSAGE][PASSED] - Object: 'Object Repository/Positivos/Page_Olva Courier  Home/button_CONTINUAR' is clicked on

27-11-2024T13:12:53 - [TEST_STEP][PASSED] - click(findTestObject("Object Repository/Positivos/Page_Olva Courier  Datos Personales/span_")): Object: 'Object Repository/Positivos/Page_Olva Courier  Datos Personales/span_' is clicked on

27-11-2024T13:12:57 - [MESSAGE][PASSED] - Object: 'Object Repository/Positivos/Page_Olva Courier  Datos Personales/span_' is clicked on

27-11-2024T13:12:57 - [TEST_STEP][PASSED] - setText(findTestObject("Object Repository/Positivos/Page_Olva Courier  Datos Personales/input_Qu Envas_input_descripcion"), "FDFd"): Text 'FDFd' is set on object 'Object Repository/Positivos/Page_Olva Courier  Datos Personales/input_Qu Envas_input_descripcion'

27-11-2024T13:12:58 - [MESSAGE][PASSED] - Text 'FDFd' is set on object 'Object Repository/Positivos/Page_Olva Courier  Datos Personales/input_Qu Envas_input_descripcion'

27-11-2024T13:12:58 - [TEST_STEP][PASSED] - setText(findTestObject("Object Repository/Positivos/Page_Olva Courier  Datos Personales/input_Qu Envas_input_valor"), "20"): Text '20' is set on object 'Object Repository/Positivos/Page_Olva Courier  Datos Personales/input_Qu Envas_input_valor'

27-11-2024T13:12:59 - [MESSAGE][PASSED] - Text '20' is set on object 'Object Repository/Positivos/Page_Olva Courier  Datos Personales/input_Qu Envas_input_valor'

27-11-2024T13:12:59 - [TEST_STEP][PASSED] - click(findTestObject("Object Repository/Positivos/Page_Olva Courier  Datos Personales/button_Ingrese el punto de llegada")): Object: 'Object Repository/Positivos/Page_Olva Courier  Datos Personales/button_Ingrese el punto de llegada' is clicked on

27-11-2024T13:13:00 - [MESSAGE][PASSED] - Object: 'Object Repository/Positivos/Page_Olva Courier  Datos Personales/button_Ingrese el punto de llegada' is clicked on

27-11-2024T13:13:00 - [TEST_STEP][PASSED] - click(findTestObject("Object Repository/Positivos/Page_Olva Courier  Datos Personales/span_AMAZONAS - BAGUA - EL PARCO")): Object: 'Object Repository/Positivos/Page_Olva Courier  Datos Personales/span_AMAZONAS - BAGUA - EL PARCO' is clicked on

27-11-2024T13:13:04 - [MESSAGE][PASSED] - Object: 'Object Repository/Positivos/Page_Olva Courier  Datos Personales/span_AMAZONAS - BAGUA - EL PARCO' is clicked on

27-11-2024T13:13:04 - [TEST_STEP][PASSED] - scrollToElement(findTestObject("Object Repository/Positivos/Page_Olva Courier  Datos Personales/span_Tipo De Documento_1"), 0): Scroll to object 'Object Repository/Positivos/Page_Olva Courier  Datos Personales/span_Tipo De Documento_1' successfully

27-11-2024T13:13:04 - [MESSAGE][WARNING] - Timeout '0' is invalid. Using default page load timeout: '30'

27-11-2024T13:13:04 - [MESSAGE][PASSED] - Scroll to object 'Object Repository/Positivos/Page_Olva Courier  Datos Personales/span_Tipo De Documento_1' successfully

27-11-2024T13:13:04 - [TEST_STEP][PASSED] - click(findTestObject("Object Repository/Positivos/Page_Olva Courier  Datos Personales/span_Tipo De Documento_1")): Object: 'Object Repository/Positivos/Page_Olva Courier  Datos Personales/span_Tipo De Documento_1' is clicked on

27-11-2024T13:13:05 - [MESSAGE][PASSED] - Object: 'Object Repository/Positivos/Page_Olva Courier  Datos Personales/span_Tipo De Documento_1' is clicked on

27-11-2024T13:13:05 - [TEST_STEP][PASSED] - click(findTestObject("Object Repository/Positivos/Page_Olva Courier  Datos Personales/a_DNI")): Object: 'Object Repository/Positivos/Page_Olva Courier  Datos Personales/a_DNI' is clicked on

27-11-2024T13:13:05 - [MESSAGE][PASSED] - Object: 'Object Repository/Positivos/Page_Olva Courier  Datos Personales/a_DNI' is clicked on

27-11-2024T13:13:05 - [TEST_STEP][PASSED] - setText(findTestObject("Object Repository/Positivos/Page_Olva Courier  Datos Personales/input_CARN EXT_txt_consignado_dni"), "71735785"): Text '71735785' is set on object 'Object Repository/Positivos/Page_Olva Courier  Datos Personales/input_CARN EXT_txt_consignado_dni'

27-11-2024T13:13:06 - [MESSAGE][PASSED] - Text '71735785' is set on object 'Object Repository/Positivos/Page_Olva Courier  Datos Personales/input_CARN EXT_txt_consignado_dni'

27-11-2024T13:13:06 - [TEST_STEP][PASSED] - scrollToElement(findTestObject("Object Repository/Positivos/Page_Olva Courier  Datos Personales/button_CONTINUAR"), 0): Scroll to object 'Object Repository/Positivos/Page_Olva Courier  Datos Personales/button_CONTINUAR' successfully

27-11-2024T13:13:06 - [MESSAGE][WARNING] - Timeout '0' is invalid. Using default page load timeout: '30'

27-11-2024T13:13:07 - [MESSAGE][PASSED] - Scroll to object 'Object Repository/Positivos/Page_Olva Courier  Datos Personales/button_CONTINUAR' successfully

27-11-2024T13:13:07 - [TEST_STEP][PASSED] - click(findTestObject("Object Repository/Positivos/Page_Olva Courier  Datos Personales/button_CONTINUAR")): Object: 'Object Repository/Positivos/Page_Olva Courier  Datos Personales/button_CONTINUAR' is clicked on

27-11-2024T13:13:07 - [MESSAGE][PASSED] - Object: 'Object Repository/Positivos/Page_Olva Courier  Datos Personales/button_CONTINUAR' is clicked on

27-11-2024T13:13:07 - [TEST_STEP][PASSED] - scrollToElement(findTestObject("Object Repository/Positivos/Page_Olva Courier  Confirma tus datos/button_IR A PAGAR S 29.00"), 0): Scroll to object 'Object Repository/Positivos/Page_Olva Courier  Confirma tus datos/button_IR A PAGAR S 29.00' successfully

27-11-2024T13:13:07 - [MESSAGE][WARNING] - Timeout '0' is invalid. Using default page load timeout: '30'

27-11-2024T13:13:09 - [MESSAGE][PASSED] - Scroll to object 'Object Repository/Positivos/Page_Olva Courier  Confirma tus datos/button_IR A PAGAR S 29.00' successfully

27-11-2024T13:13:09 - [TEST_STEP][PASSED] - click(findTestObject("Object Repository/Positivos/Page_Olva Courier  Confirma tus datos/button_IR A PAGAR S 29.00")): Object: 'Object Repository/Positivos/Page_Olva Courier  Confirma tus datos/button_IR A PAGAR S 29.00' is clicked on

27-11-2024T13:13:10 - [MESSAGE][PASSED] - Object: 'Object Repository/Positivos/Page_Olva Courier  Confirma tus datos/button_IR A PAGAR S 29.00' is clicked on

27-11-2024T13:13:10 - [TEST_STEP][PASSED] - delay(3): Delayed 3 second(s)

27-11-2024T13:13:13 - [MESSAGE][PASSED] - Delayed 3 second(s)

27-11-2024T13:13:13 - [TEST_STEP][PASSED] - setText(findTestObject("Object Repository/Destinos/Page_Olva Courier  Confirma tus datos/input_Tienes envos con recojo en tienda, se_b85f5d"), "1"): Text '1' is set on object 'Object Repository/Destinos/Page_Olva Courier  Confirma tus datos/input_Tienes envos con recojo en tienda, se_b85f5d'

27-11-2024T13:13:13 - [MESSAGE][PASSED] - Text '1' is set on object 'Object Repository/Destinos/Page_Olva Courier  Confirma tus datos/input_Tienes envos con recojo en tienda, se_b85f5d'

27-11-2024T13:13:13 - [TEST_STEP][PASSED] - setText(findTestObject("Object Repository/Destinos/Page_Olva Courier  Confirma tus datos/input_Tienes envos con recojo en tienda, se_af5936"), "1"): Text '1' is set on object 'Object Repository/Destinos/Page_Olva Courier  Confirma tus datos/input_Tienes envos con recojo en tienda, se_af5936'

27-11-2024T13:13:14 - [MESSAGE][PASSED] - Text '1' is set on object 'Object Repository/Destinos/Page_Olva Courier  Confirma tus datos/input_Tienes envos con recojo en tienda, se_af5936'

27-11-2024T13:13:14 - [TEST_STEP][PASSED] - setText(findTestObject("Object Repository/Destinos/Page_Olva Courier  Confirma tus datos/input_Tienes envos con recojo en tienda, se_653975"), "1"): Text '1' is set on object 'Object Repository/Destinos/Page_Olva Courier  Confirma tus datos/input_Tienes envos con recojo en tienda, se_653975'

27-11-2024T13:13:15 - [MESSAGE][PASSED] - Text '1' is set on object 'Object Repository/Destinos/Page_Olva Courier  Confirma tus datos/input_Tienes envos con recojo en tienda, se_653975'

27-11-2024T13:13:15 - [TEST_STEP][PASSED] - setText(findTestObject("Object Repository/Destinos/Page_Olva Courier  Confirma tus datos/input_Tienes envos con recojo en tienda, se_8615a0"), "1"): Text '1' is set on object 'Object Repository/Destinos/Page_Olva Courier  Confirma tus datos/input_Tienes envos con recojo en tienda, se_8615a0'

27-11-2024T13:13:16 - [MESSAGE][PASSED] - Text '1' is set on object 'Object Repository/Destinos/Page_Olva Courier  Confirma tus datos/input_Tienes envos con recojo en tienda, se_8615a0'

27-11-2024T13:13:16 - [TEST_STEP][PASSED] - click(findTestObject("Object Repository/Destinos/Page_Olva Courier  Confirma tus datos/div_Aceptar")): Object: 'Object Repository/Destinos/Page_Olva Courier  Confirma tus datos/div_Aceptar' is clicked on

27-11-2024T13:13:17 - [MESSAGE][PASSED] - Object: 'Object Repository/Destinos/Page_Olva Courier  Confirma tus datos/div_Aceptar' is clicked on

27-11-2024T13:13:17 - [TEST_STEP][PASSED] - verifyElementPresent(findTestObject("Object Repository/Positivos/Page_Olva Courier  Medios de pago/button_PAGAR"), 0): Object 'Object Repository/Positivos/Page_Olva Courier  Medios de pago/button_PAGAR' is present

27-11-2024T13:13:17 - [MESSAGE][WARNING] - Timeout '0' is invalid. Using default page load timeout: '30'

27-11-2024T13:13:18 - [MESSAGE][PASSED] - Object 'Object Repository/Positivos/Page_Olva Courier  Medios de pago/button_PAGAR' is present

27-11-2024T13:13:18 - [TEST_STEP][PASSED] - callTestCase(findTestCase("1.Inicio/1.3Pago_POS/Pago-exitoso"), [:], STOP_ON_FAILURE): Call Test Case 'Test Cases/1.Inicio/1.3Pago_POS/Pago-exitoso' successfully

27-11-2024T13:13:18 - [TEST_CASE][PASSED] - Test Cases/1.Inicio/1.3Pago_POS/Pago-exitoso: Test Cases/1.Inicio/1.3Pago_POS/Pago-exitoso

27-11-2024T13:13:18 - [TEST_STEP][PASSED] - verifyElementPresent(findTestObject("Object Repository/pago/Page_Olva Courier  Medios de pago/div_Pago con tarjeta de crdito, dbito y Yape"), 0): Object 'Object Repository/pago/Page_Olva Courier  Medios de pago/div_Pago con tarjeta de crdito, dbito y Yape' is present

27-11-2024T13:13:18 - [MESSAGE][WARNING] - Timeout '0' is invalid. Using default page load timeout: '30'

27-11-2024T13:13:18 - [MESSAGE][PASSED] - Object 'Object Repository/pago/Page_Olva Courier  Medios de pago/div_Pago con tarjeta de crdito, dbito y Yape' is present

27-11-2024T13:13:18 - [TEST_STEP][PASSED] - verifyElementPresent(findTestObject("Object Repository/pago/Page_Olva Courier  Medios de pago/td_S"), 0): Object 'Object Repository/pago/Page_Olva Courier  Medios de pago/td_S' is present

27-11-2024T13:13:18 - [MESSAGE][WARNING] - Timeout '0' is invalid. Using default page load timeout: '30'

27-11-2024T13:13:18 - [MESSAGE][PASSED] - Object 'Object Repository/pago/Page_Olva Courier  Medios de pago/td_S' is present

27-11-2024T13:13:18 - [TEST_STEP][PASSED] - delay(1): Delayed 1 second(s)

27-11-2024T13:13:19 - [MESSAGE][PASSED] - Delayed 1 second(s)

27-11-2024T13:13:19 - [TEST_STEP][PASSED] - scrollToElement(findTestObject("Object Repository/pago/Page_Olva Courier  Medios de pago/button_PAGAR"), 0): Scroll to object 'Object Repository/pago/Page_Olva Courier  Medios de pago/button_PAGAR' successfully

27-11-2024T13:13:19 - [MESSAGE][WARNING] - Timeout '0' is invalid. Using default page load timeout: '30'

27-11-2024T13:13:19 - [MESSAGE][PASSED] - Scroll to object 'Object Repository/pago/Page_Olva Courier  Medios de pago/button_PAGAR' successfully

27-11-2024T13:13:19 - [TEST_STEP][PASSED] - click(findTestObject("Object Repository/pago/Page_Olva Courier  Medios de pago/button_PAGAR")): Object: 'Object Repository/pago/Page_Olva Courier  Medios de pago/button_PAGAR' is clicked on

27-11-2024T13:13:20 - [MESSAGE][PASSED] - Object: 'Object Repository/pago/Page_Olva Courier  Medios de pago/button_PAGAR' is clicked on

27-11-2024T13:13:20 - [TEST_STEP][PASSED] - delay(2): Delayed 2 second(s)

27-11-2024T13:13:22 - [MESSAGE][PASSED] - Delayed 2 second(s)

27-11-2024T13:13:22 - [TEST_STEP][PASSED] - verifyElementText(findTestObject("Object Repository/pago/Page_Olva Courier  Pago Exitoso/div_Aprobado y completado con exito"), "Aprobado y completado con exito"): Actual text and expected text of test object 'Object Repository/pago/Page_Olva Courier  Pago Exitoso/div_Aprobado y completado con exito' are matched.

27-11-2024T13:13:23 - [MESSAGE][PASSED] - Actual text and expected text of test object 'Object Repository/pago/Page_Olva Courier  Pago Exitoso/div_Aprobado y completado con exito' are matched.

27-11-2024T13:13:23 - [TEST_STEP][PASSED] - verifyElementPresent(findTestObject("Object Repository/pago/Page_Olva Courier  Pago Exitoso/b_nroPreventa"), 0): Object 'Object Repository/pago/Page_Olva Courier  Pago Exitoso/b_nroPreventa' is present

27-11-2024T13:13:23 - [MESSAGE][WARNING] - Timeout '0' is invalid. Using default page load timeout: '30'

27-11-2024T13:13:23 - [MESSAGE][PASSED] - Object 'Object Repository/pago/Page_Olva Courier  Pago Exitoso/b_nroPreventa' is present

27-11-2024T13:13:23 - [MESSAGE][PASSED] - Call Test Case 'Test Cases/1.Inicio/1.3Pago_POS/Pago-exitoso' successfully]]></system-out>
         <system-err><![CDATA[]]></system-err>
      </testcase>
      <testcase name="Test Cases/2.Positivos/2.1Paquete/Origen-Lima/4.Peso/Peso-max" time="58.678" classname="Test Cases/2.Positivos/2.1Paquete/Origen-Lima/4.Peso/Peso-max" status="PASSED">
         <system-out><![CDATA[27-11-2024T13:13:23 - [TEST_CASE][PASSED] - Test Cases/2.Positivos/2.1Paquete/Origen-Lima/4.Peso/Peso-max: Test Cases/2.Positivos/2.1Paquete/Origen-Lima/4.Peso/Peso-max

27-11-2024T13:13:23 - [TEST_STEP][PASSED] - callTestCase(findTestCase("1.Inicio/1.1Principal/Principal-home"), [:], STOP_ON_FAILURE): Call Test Case 'Test Cases/1.Inicio/1.1Principal/Principal-home' successfully

27-11-2024T13:13:23 - [TEST_CASE][PASSED] - Test Cases/1.Inicio/1.1Principal/Principal-home: Test Cases/1.Inicio/1.1Principal/Principal-home

27-11-2024T13:13:23 - [TEST_STEP][PASSED] - openBrowser(""): Browser is opened with url: ''

27-11-2024T13:13:23 - [MESSAGE][WARNING] - A browser is already opened. Closing browser and opening a new one

27-11-2024T13:13:25 - [MESSAGE][INFO] - Starting 'Firefox' driver

27-11-2024T13:13:25 - [MESSAGE][INFO] - Action delay is set to 0 milliseconds

27-11-2024T13:13:32 - [MESSAGE][PASSED] - Browser is opened with url: ''

27-11-2024T13:13:32 - [TEST_STEP][PASSED] - navigateToUrl("https://dev01-registrodeenvios.olvacourier.com/principal"): Navigate to 'https://dev01-registrodeenvios.olvacourier.com/principal' successfully

27-11-2024T13:13:33 - [MESSAGE][PASSED] - Navigate to 'https://dev01-registrodeenvios.olvacourier.com/principal' successfully

27-11-2024T13:13:33 - [TEST_STEP][PASSED] - maximizeWindow(): Current window maximized

27-11-2024T13:13:33 - [MESSAGE][PASSED] - Current window maximized

27-11-2024T13:13:33 - [MESSAGE][PASSED] - Call Test Case 'Test Cases/1.Inicio/1.1Principal/Principal-home' successfully

27-11-2024T13:13:33 - [TEST_STEP][PASSED] - callTestCase(findTestCase("1.Inicio/1.1Principal/Selec_paquete"), [:], STOP_ON_FAILURE): Call Test Case 'Test Cases/1.Inicio/1.1Principal/Selec_paquete' successfully

27-11-2024T13:13:33 - [TEST_CASE][PASSED] - Test Cases/1.Inicio/1.1Principal/Selec_paquete: Test Cases/1.Inicio/1.1Principal/Selec_paquete

27-11-2024T13:13:33 - [TEST_STEP][PASSED] - click(findTestObject("Object Repository/Principal/Page_Olva Courier  Home/img_Qu deseas realizar hoy_img_paquete")): Object: 'Object Repository/Principal/Page_Olva Courier  Home/img_Qu deseas realizar hoy_img_paquete' is clicked on

27-11-2024T13:13:34 - [MESSAGE][PASSED] - Object: 'Object Repository/Principal/Page_Olva Courier  Home/img_Qu deseas realizar hoy_img_paquete' is clicked on

27-11-2024T13:13:34 - [TEST_STEP][PASSED] - click(findTestObject("Object Repository/Principal/Page_Olva Courier  Home/span_He ledo y acepto los_checkmark (1)")): Object: 'Object Repository/Principal/Page_Olva Courier  Home/span_He ledo y acepto los_checkmark (1)' is clicked on

27-11-2024T13:13:34 - [MESSAGE][PASSED] - Object: 'Object Repository/Principal/Page_Olva Courier  Home/span_He ledo y acepto los_checkmark (1)' is clicked on

27-11-2024T13:13:34 - [TEST_STEP][PASSED] - click(findTestObject("Object Repository/Principal/Page_Olva Courier  Home/button_CONTINUAR (1)")): Object: 'Object Repository/Principal/Page_Olva Courier  Home/button_CONTINUAR (1)' is clicked on

27-11-2024T13:13:35 - [MESSAGE][PASSED] - Object: 'Object Repository/Principal/Page_Olva Courier  Home/button_CONTINUAR (1)' is clicked on

27-11-2024T13:13:35 - [TEST_STEP][PASSED] - verifyElementPresent(findTestObject("Object Repository/Principal/Page_Olva Courier  Datos Personales/strong_REGISTRO DE ENVOS"), 0): Object 'Object Repository/Principal/Page_Olva Courier  Datos Personales/strong_REGISTRO DE ENVOS' is present

27-11-2024T13:13:35 - [MESSAGE][WARNING] - Timeout '0' is invalid. Using default page load timeout: '30'

27-11-2024T13:13:36 - [MESSAGE][PASSED] - Object 'Object Repository/Principal/Page_Olva Courier  Datos Personales/strong_REGISTRO DE ENVOS' is present

27-11-2024T13:13:36 - [TEST_STEP][PASSED] - verifyElementPresent(findTestObject("Object Repository/Principal/Page_Olva Courier  Datos Personales/span_Regresar (1)"), 0): Object 'Object Repository/Principal/Page_Olva Courier  Datos Personales/span_Regresar (1)' is present

27-11-2024T13:13:36 - [MESSAGE][WARNING] - Timeout '0' is invalid. Using default page load timeout: '30'

27-11-2024T13:13:36 - [MESSAGE][PASSED] - Object 'Object Repository/Principal/Page_Olva Courier  Datos Personales/span_Regresar (1)' is present

27-11-2024T13:13:36 - [TEST_STEP][PASSED] - verifyElementPresent(findTestObject("Object Repository/Principal/Page_Olva Courier  Datos Personales/span_Inicio (1)"), 0): Object 'Object Repository/Principal/Page_Olva Courier  Datos Personales/span_Inicio (1)' is present

27-11-2024T13:13:36 - [MESSAGE][WARNING] - Timeout '0' is invalid. Using default page load timeout: '30'

27-11-2024T13:13:36 - [MESSAGE][PASSED] - Object 'Object Repository/Principal/Page_Olva Courier  Datos Personales/span_Inicio (1)' is present

27-11-2024T13:13:36 - [MESSAGE][PASSED] - Call Test Case 'Test Cases/1.Inicio/1.1Principal/Selec_paquete' successfully

27-11-2024T13:13:36 - [TEST_STEP][PASSED] - callTestCase(findTestCase("1.Inicio/1.2Tipo_Doc/1.DNI"), [:], STOP_ON_FAILURE): Call Test Case 'Test Cases/1.Inicio/1.2Tipo_Doc/1.DNI' successfully

27-11-2024T13:13:36 - [TEST_CASE][PASSED] - Test Cases/1.Inicio/1.2Tipo_Doc/1.DNI: Test Cases/1.Inicio/1.2Tipo_Doc/1.DNI

27-11-2024T13:13:36 - [TEST_STEP][PASSED] - click(findTestObject("Object Repository/Login/Page_Olva Courier  Datos Personales/button_Tipo De Documento")): Object: 'Object Repository/Login/Page_Olva Courier  Datos Personales/button_Tipo De Documento' is clicked on

27-11-2024T13:13:37 - [MESSAGE][PASSED] - Object: 'Object Repository/Login/Page_Olva Courier  Datos Personales/button_Tipo De Documento' is clicked on

27-11-2024T13:13:37 - [TEST_STEP][PASSED] - click(findTestObject("Object Repository/Login/Page_Olva Courier  Datos Personales/a_DNI (Boleta)")): Object: 'Object Repository/Login/Page_Olva Courier  Datos Personales/a_DNI (Boleta)' is clicked on

27-11-2024T13:13:37 - [MESSAGE][PASSED] - Object: 'Object Repository/Login/Page_Olva Courier  Datos Personales/a_DNI (Boleta)' is clicked on

27-11-2024T13:13:37 - [TEST_STEP][PASSED] - setText(findTestObject("Object Repository/Login/Page_Olva Courier  Datos Personales/input_CARN EXT. (Boleta)_txt_documento_cliente"), "47190321"): Text '47190321' is set on object 'Object Repository/Login/Page_Olva Courier  Datos Personales/input_CARN EXT. (Boleta)_txt_documento_cliente'

27-11-2024T13:13:38 - [MESSAGE][PASSED] - Text '47190321' is set on object 'Object Repository/Login/Page_Olva Courier  Datos Personales/input_CARN EXT. (Boleta)_txt_documento_cliente'

27-11-2024T13:13:38 - [TEST_STEP][PASSED] - setText(findTestObject("Object Repository/Login/Page_Olva Courier  Datos Personales/input_CARN EXT. (Boleta)_txt_telefono_cliente"), "957378086"): Text '957378086' is set on object 'Object Repository/Login/Page_Olva Courier  Datos Personales/input_CARN EXT. (Boleta)_txt_telefono_cliente'

27-11-2024T13:13:43 - [MESSAGE][PASSED] - Text '957378086' is set on object 'Object Repository/Login/Page_Olva Courier  Datos Personales/input_CARN EXT. (Boleta)_txt_telefono_cliente'

27-11-2024T13:13:43 - [TEST_STEP][PASSED] - setText(findTestObject("Object Repository/Login/Page_Olva Courier  Datos Personales/input_Hola,_txt_email_cliente"), "riosalejosjs@gmail.com"): Text 'riosalejosjs@gmail.com' is set on object 'Object Repository/Login/Page_Olva Courier  Datos Personales/input_Hola,_txt_email_cliente'

27-11-2024T13:13:43 - [MESSAGE][PASSED] - Text 'riosalejosjs@gmail.com' is set on object 'Object Repository/Login/Page_Olva Courier  Datos Personales/input_Hola,_txt_email_cliente'

27-11-2024T13:13:43 - [MESSAGE][PASSED] - Call Test Case 'Test Cases/1.Inicio/1.2Tipo_Doc/1.DNI' successfully

27-11-2024T13:13:43 - [TEST_STEP][PASSED] - click(findTestObject("Object Repository/pago/Page_Olva Courier  Datos Personales/button_Seleccionar artculo")): Object: 'Object Repository/pago/Page_Olva Courier  Datos Personales/button_Seleccionar artculo' is clicked on

27-11-2024T13:13:44 - [MESSAGE][PASSED] - Object: 'Object Repository/pago/Page_Olva Courier  Datos Personales/button_Seleccionar artculo' is clicked on

27-11-2024T13:13:44 - [TEST_STEP][PASSED] - click(findTestObject("Object Repository/pago/Page_Olva Courier  Datos Personales/span_ACCESORIOS Y EQUIPOS ELECTRONICOS")): Object: 'Object Repository/pago/Page_Olva Courier  Datos Personales/span_ACCESORIOS Y EQUIPOS ELECTRONICOS' is clicked on

27-11-2024T13:13:44 - [MESSAGE][PASSED] - Object: 'Object Repository/pago/Page_Olva Courier  Datos Personales/span_ACCESORIOS Y EQUIPOS ELECTRONICOS' is clicked on

27-11-2024T13:13:44 - [TEST_STEP][PASSED] - setText(findTestObject("Object Repository/pago/Page_Olva Courier  Datos Personales/input_UTILES DE OFICINA_txt_paquete_articulo"), "VVVv"): Text 'VVVv' is set on object 'Object Repository/pago/Page_Olva Courier  Datos Personales/input_UTILES DE OFICINA_txt_paquete_articulo'

27-11-2024T13:13:45 - [MESSAGE][PASSED] - Text 'VVVv' is set on object 'Object Repository/pago/Page_Olva Courier  Datos Personales/input_UTILES DE OFICINA_txt_paquete_articulo'

27-11-2024T13:13:45 - [TEST_STEP][PASSED] - setText(findTestObject("Object Repository/pago/Page_Olva Courier  Datos Personales/input_UTILES DE OFICINA_txt_paquete_valor"), "20"): Text '20' is set on object 'Object Repository/pago/Page_Olva Courier  Datos Personales/input_UTILES DE OFICINA_txt_paquete_valor'

27-11-2024T13:13:45 - [MESSAGE][PASSED] - Text '20' is set on object 'Object Repository/pago/Page_Olva Courier  Datos Personales/input_UTILES DE OFICINA_txt_paquete_valor'

27-11-2024T13:13:45 - [TEST_STEP][PASSED] - scrollToElement(findTestObject("Object Repository/pago/Page_Olva Courier  Datos Personales/div_No encuentro el peso de mi envo"), 0): Scroll to object 'Object Repository/pago/Page_Olva Courier  Datos Personales/div_No encuentro el peso de mi envo' successfully

27-11-2024T13:13:45 - [MESSAGE][WARNING] - Timeout '0' is invalid. Using default page load timeout: '30'

27-11-2024T13:13:46 - [MESSAGE][PASSED] - Scroll to object 'Object Repository/pago/Page_Olva Courier  Datos Personales/div_No encuentro el peso de mi envo' successfully

27-11-2024T13:13:46 - [TEST_STEP][PASSED] - click(findTestObject("Object Repository/pago/Page_Olva Courier  Datos Personales/div_No encuentro el peso de mi envo")): Object: 'Object Repository/pago/Page_Olva Courier  Datos Personales/div_No encuentro el peso de mi envo' is clicked on

27-11-2024T13:13:46 - [MESSAGE][PASSED] - Object: 'Object Repository/pago/Page_Olva Courier  Datos Personales/div_No encuentro el peso de mi envo' is clicked on

27-11-2024T13:13:46 - [TEST_STEP][PASSED] - setText(findTestObject("Object Repository/pago/Page_Olva Courier  Datos Personales/input_Ancho (cm)_modal-input-ancho"), "14"): Text '14' is set on object 'Object Repository/pago/Page_Olva Courier  Datos Personales/input_Ancho (cm)_modal-input-ancho'

27-11-2024T13:13:47 - [MESSAGE][PASSED] - Text '14' is set on object 'Object Repository/pago/Page_Olva Courier  Datos Personales/input_Ancho (cm)_modal-input-ancho'

27-11-2024T13:13:47 - [TEST_STEP][PASSED] - setText(findTestObject("Object Repository/pago/Page_Olva Courier  Datos Personales/input_Largo (cm)_modal-input-largo"), "14"): Text '14' is set on object 'Object Repository/pago/Page_Olva Courier  Datos Personales/input_Largo (cm)_modal-input-largo'

27-11-2024T13:13:48 - [MESSAGE][PASSED] - Text '14' is set on object 'Object Repository/pago/Page_Olva Courier  Datos Personales/input_Largo (cm)_modal-input-largo'

27-11-2024T13:13:48 - [TEST_STEP][PASSED] - setText(findTestObject("Object Repository/pago/Page_Olva Courier  Datos Personales/input_Alto (cm)_modal-input-alto"), "14"): Text '14' is set on object 'Object Repository/pago/Page_Olva Courier  Datos Personales/input_Alto (cm)_modal-input-alto'

27-11-2024T13:13:49 - [MESSAGE][PASSED] - Text '14' is set on object 'Object Repository/pago/Page_Olva Courier  Datos Personales/input_Alto (cm)_modal-input-alto'

27-11-2024T13:13:49 - [TEST_STEP][PASSED] - setText(findTestObject("Object Repository/pago/Page_Olva Courier  Datos Personales/input_Peso (Kg)_modal-input-peso"), "25"): Text '25' is set on object 'Object Repository/pago/Page_Olva Courier  Datos Personales/input_Peso (Kg)_modal-input-peso'

27-11-2024T13:13:50 - [MESSAGE][PASSED] - Text '25' is set on object 'Object Repository/pago/Page_Olva Courier  Datos Personales/input_Peso (Kg)_modal-input-peso'

27-11-2024T13:13:50 - [TEST_STEP][PASSED] - click(findTestObject("Object Repository/pago/Page_Olva Courier  Datos Personales/div_CALCULAR")): Object: 'Object Repository/pago/Page_Olva Courier  Datos Personales/div_CALCULAR' is clicked on

27-11-2024T13:13:50 - [MESSAGE][PASSED] - Object: 'Object Repository/pago/Page_Olva Courier  Datos Personales/div_CALCULAR' is clicked on

27-11-2024T13:13:50 - [TEST_STEP][PASSED] - scrollToElement(findTestObject("Object Repository/pago/Page_Olva Courier  Datos Personales/span_Ingrese el punto de llegada"), 0): Scroll to object 'Object Repository/pago/Page_Olva Courier  Datos Personales/span_Ingrese el punto de llegada' successfully

27-11-2024T13:13:50 - [MESSAGE][WARNING] - Timeout '0' is invalid. Using default page load timeout: '30'

27-11-2024T13:13:51 - [MESSAGE][PASSED] - Scroll to object 'Object Repository/pago/Page_Olva Courier  Datos Personales/span_Ingrese el punto de llegada' successfully

27-11-2024T13:13:51 - [TEST_STEP][PASSED] - click(findTestObject("Object Repository/pago/Page_Olva Courier  Datos Personales/span_Ingrese el punto de llegada")): Object: 'Object Repository/pago/Page_Olva Courier  Datos Personales/span_Ingrese el punto de llegada' is clicked on

27-11-2024T13:13:52 - [MESSAGE][PASSED] - Object: 'Object Repository/pago/Page_Olva Courier  Datos Personales/span_Ingrese el punto de llegada' is clicked on

27-11-2024T13:13:52 - [TEST_STEP][PASSED] - click(findTestObject("Object Repository/pago/Page_Olva Courier  Datos Personales/a_APURIMAC - GRAU - CHUQUIBAMBILLA")): Object: 'Object Repository/pago/Page_Olva Courier  Datos Personales/a_APURIMAC - GRAU - CHUQUIBAMBILLA' is clicked on

27-11-2024T13:13:52 - [MESSAGE][PASSED] - Object: 'Object Repository/pago/Page_Olva Courier  Datos Personales/a_APURIMAC - GRAU - CHUQUIBAMBILLA' is clicked on

27-11-2024T13:13:52 - [TEST_STEP][PASSED] - click(findTestObject("Object Repository/pago/Page_Olva Courier  Datos Personales/button_Tipo de entrega")): Object: 'Object Repository/pago/Page_Olva Courier  Datos Personales/button_Tipo de entrega' is clicked on

27-11-2024T13:13:53 - [MESSAGE][PASSED] - Object: 'Object Repository/pago/Page_Olva Courier  Datos Personales/button_Tipo de entrega' is clicked on

27-11-2024T13:13:53 - [TEST_STEP][PASSED] - click(findTestObject("Object Repository/pago/Page_Olva Courier  Datos Personales/a_Entrega a domicilio")): Object: 'Object Repository/pago/Page_Olva Courier  Datos Personales/a_Entrega a domicilio' is clicked on

27-11-2024T13:13:56 - [MESSAGE][PASSED] - Object: 'Object Repository/pago/Page_Olva Courier  Datos Personales/a_Entrega a domicilio' is clicked on

27-11-2024T13:13:56 - [TEST_STEP][PASSED] - scrollToElement(findTestObject("Object Repository/pago/Page_Olva Courier  Datos Personales/span_Tipo De Documento"), 0): Scroll to object 'Object Repository/pago/Page_Olva Courier  Datos Personales/span_Tipo De Documento' successfully

27-11-2024T13:13:56 - [MESSAGE][WARNING] - Timeout '0' is invalid. Using default page load timeout: '30'

27-11-2024T13:13:56 - [MESSAGE][PASSED] - Scroll to object 'Object Repository/pago/Page_Olva Courier  Datos Personales/span_Tipo De Documento' successfully

27-11-2024T13:13:56 - [TEST_STEP][PASSED] - click(findTestObject("Object Repository/pago/Page_Olva Courier  Datos Personales/span_Tipo De Documento")): Object: 'Object Repository/pago/Page_Olva Courier  Datos Personales/span_Tipo De Documento' is clicked on

27-11-2024T13:13:57 - [MESSAGE][PASSED] - Object: 'Object Repository/pago/Page_Olva Courier  Datos Personales/span_Tipo De Documento' is clicked on

27-11-2024T13:13:57 - [TEST_STEP][PASSED] - click(findTestObject("Object Repository/pago/Page_Olva Courier  Datos Personales/a_DNI")): Object: 'Object Repository/pago/Page_Olva Courier  Datos Personales/a_DNI' is clicked on

27-11-2024T13:13:58 - [MESSAGE][PASSED] - Object: 'Object Repository/pago/Page_Olva Courier  Datos Personales/a_DNI' is clicked on

27-11-2024T13:13:58 - [TEST_STEP][PASSED] - setText(findTestObject("Object Repository/pago/Page_Olva Courier  Datos Personales/input_CARN EXT_txt_consignado_dni"), "71735785"): Text '71735785' is set on object 'Object Repository/pago/Page_Olva Courier  Datos Personales/input_CARN EXT_txt_consignado_dni'

27-11-2024T13:13:58 - [MESSAGE][PASSED] - Text '71735785' is set on object 'Object Repository/pago/Page_Olva Courier  Datos Personales/input_CARN EXT_txt_consignado_dni'

27-11-2024T13:13:58 - [TEST_STEP][PASSED] - scrollToElement(findTestObject("Object Repository/pago/Page_Olva Courier  Datos Personales/button_CONTINUAR"), 0): Scroll to object 'Object Repository/pago/Page_Olva Courier  Datos Personales/button_CONTINUAR' successfully

27-11-2024T13:13:58 - [MESSAGE][WARNING] - Timeout '0' is invalid. Using default page load timeout: '30'

27-11-2024T13:13:59 - [MESSAGE][PASSED] - Scroll to object 'Object Repository/pago/Page_Olva Courier  Datos Personales/button_CONTINUAR' successfully

27-11-2024T13:13:59 - [TEST_STEP][PASSED] - click(findTestObject("Object Repository/pago/Page_Olva Courier  Datos Personales/button_CONTINUAR")): Object: 'Object Repository/pago/Page_Olva Courier  Datos Personales/button_CONTINUAR' is clicked on

27-11-2024T13:14:00 - [MESSAGE][PASSED] - Object: 'Object Repository/pago/Page_Olva Courier  Datos Personales/button_CONTINUAR' is clicked on

27-11-2024T13:14:00 - [TEST_STEP][PASSED] - scrollToElement(findTestObject("Object Repository/pago/Page_Olva Courier  Confirma tus datos/button_IR A PAGAR S 76.41"), 0): Scroll to object 'Object Repository/pago/Page_Olva Courier  Confirma tus datos/button_IR A PAGAR S 76.41' successfully

27-11-2024T13:14:00 - [MESSAGE][WARNING] - Timeout '0' is invalid. Using default page load timeout: '30'

27-11-2024T13:14:02 - [MESSAGE][PASSED] - Scroll to object 'Object Repository/pago/Page_Olva Courier  Confirma tus datos/button_IR A PAGAR S 76.41' successfully

27-11-2024T13:14:02 - [TEST_STEP][PASSED] - click(findTestObject("Object Repository/pago/Page_Olva Courier  Confirma tus datos/button_IR A PAGAR S 76.41")): Object: 'Object Repository/pago/Page_Olva Courier  Confirma tus datos/button_IR A PAGAR S 76.41' is clicked on

27-11-2024T13:14:14 - [MESSAGE][PASSED] - Object: 'Object Repository/pago/Page_Olva Courier  Confirma tus datos/button_IR A PAGAR S 76.41' is clicked on

27-11-2024T13:14:14 - [TEST_STEP][PASSED] - delay(3): Delayed 3 second(s)

27-11-2024T13:14:17 - [MESSAGE][PASSED] - Delayed 3 second(s)

27-11-2024T13:14:17 - [TEST_STEP][PASSED] - verifyElementPresent(findTestObject("Object Repository/pago/Page_Olva Courier  Medios de pago/button_PAGAR (1)"), 0): Object 'Object Repository/pago/Page_Olva Courier  Medios de pago/button_PAGAR (1)' is present

27-11-2024T13:14:17 - [MESSAGE][WARNING] - Timeout '0' is invalid. Using default page load timeout: '30'

27-11-2024T13:14:17 - [MESSAGE][PASSED] - Object 'Object Repository/pago/Page_Olva Courier  Medios de pago/button_PAGAR (1)' is present

27-11-2024T13:14:17 - [TEST_STEP][PASSED] - callTestCase(findTestCase("1.Inicio/1.3Pago_POS/Pago-exitoso"), [:], STOP_ON_FAILURE): Call Test Case 'Test Cases/1.Inicio/1.3Pago_POS/Pago-exitoso' successfully

27-11-2024T13:14:17 - [TEST_CASE][PASSED] - Test Cases/1.Inicio/1.3Pago_POS/Pago-exitoso: Test Cases/1.Inicio/1.3Pago_POS/Pago-exitoso

27-11-2024T13:14:17 - [TEST_STEP][PASSED] - verifyElementPresent(findTestObject("Object Repository/pago/Page_Olva Courier  Medios de pago/div_Pago con tarjeta de crdito, dbito y Yape"), 0): Object 'Object Repository/pago/Page_Olva Courier  Medios de pago/div_Pago con tarjeta de crdito, dbito y Yape' is present

27-11-2024T13:14:17 - [MESSAGE][WARNING] - Timeout '0' is invalid. Using default page load timeout: '30'

27-11-2024T13:14:17 - [MESSAGE][PASSED] - Object 'Object Repository/pago/Page_Olva Courier  Medios de pago/div_Pago con tarjeta de crdito, dbito y Yape' is present

27-11-2024T13:14:17 - [TEST_STEP][PASSED] - verifyElementPresent(findTestObject("Object Repository/pago/Page_Olva Courier  Medios de pago/td_S"), 0): Object 'Object Repository/pago/Page_Olva Courier  Medios de pago/td_S' is present

27-11-2024T13:14:17 - [MESSAGE][WARNING] - Timeout '0' is invalid. Using default page load timeout: '30'

27-11-2024T13:14:17 - [MESSAGE][PASSED] - Object 'Object Repository/pago/Page_Olva Courier  Medios de pago/td_S' is present

27-11-2024T13:14:17 - [TEST_STEP][PASSED] - delay(1): Delayed 1 second(s)

27-11-2024T13:14:18 - [MESSAGE][PASSED] - Delayed 1 second(s)

27-11-2024T13:14:18 - [TEST_STEP][PASSED] - scrollToElement(findTestObject("Object Repository/pago/Page_Olva Courier  Medios de pago/button_PAGAR"), 0): Scroll to object 'Object Repository/pago/Page_Olva Courier  Medios de pago/button_PAGAR' successfully

27-11-2024T13:14:18 - [MESSAGE][WARNING] - Timeout '0' is invalid. Using default page load timeout: '30'

27-11-2024T13:14:19 - [MESSAGE][PASSED] - Scroll to object 'Object Repository/pago/Page_Olva Courier  Medios de pago/button_PAGAR' successfully

27-11-2024T13:14:19 - [TEST_STEP][PASSED] - click(findTestObject("Object Repository/pago/Page_Olva Courier  Medios de pago/button_PAGAR")): Object: 'Object Repository/pago/Page_Olva Courier  Medios de pago/button_PAGAR' is clicked on

27-11-2024T13:14:19 - [MESSAGE][PASSED] - Object: 'Object Repository/pago/Page_Olva Courier  Medios de pago/button_PAGAR' is clicked on

27-11-2024T13:14:19 - [TEST_STEP][PASSED] - delay(2): Delayed 2 second(s)

27-11-2024T13:14:21 - [MESSAGE][PASSED] - Delayed 2 second(s)

27-11-2024T13:14:21 - [TEST_STEP][PASSED] - verifyElementText(findTestObject("Object Repository/pago/Page_Olva Courier  Pago Exitoso/div_Aprobado y completado con exito"), "Aprobado y completado con exito"): Actual text and expected text of test object 'Object Repository/pago/Page_Olva Courier  Pago Exitoso/div_Aprobado y completado con exito' are matched.

27-11-2024T13:14:21 - [MESSAGE][PASSED] - Actual text and expected text of test object 'Object Repository/pago/Page_Olva Courier  Pago Exitoso/div_Aprobado y completado con exito' are matched.

27-11-2024T13:14:21 - [TEST_STEP][PASSED] - verifyElementPresent(findTestObject("Object Repository/pago/Page_Olva Courier  Pago Exitoso/b_nroPreventa"), 0): Object 'Object Repository/pago/Page_Olva Courier  Pago Exitoso/b_nroPreventa' is present

27-11-2024T13:14:21 - [MESSAGE][WARNING] - Timeout '0' is invalid. Using default page load timeout: '30'

27-11-2024T13:14:22 - [MESSAGE][PASSED] - Object 'Object Repository/pago/Page_Olva Courier  Pago Exitoso/b_nroPreventa' is present

27-11-2024T13:14:22 - [MESSAGE][PASSED] - Call Test Case 'Test Cases/1.Inicio/1.3Pago_POS/Pago-exitoso' successfully]]></system-out>
         <system-err><![CDATA[]]></system-err>
      </testcase>
      <testcase name="Test Cases/2.Positivos/2.1Paquete/Origen-Lima/4.Peso/Peso 1,2,3,4,5kg" time="64.908" classname="Test Cases/2.Positivos/2.1Paquete/Origen-Lima/4.Peso/Peso 1,2,3,4,5kg" status="FAILED">
         <failure type="FAILED" message="Test Cases/2.Positivos/2.1Paquete/Origen-Lima/4.Peso/Peso 1,2,3,4,5kg FAILED.&#xa;Reason:&#xa;com.kms.katalon.core.exception.StepFailedException: Verify element text of test object 'Object Repository/peso/Page_Olva Courier  Confirma tus datos/th_S 14.50' FAILED.&#xa;	at com.kms.katalon.core.webui.keyword.internal.WebUIKeywordMain.stepFailed(WebUIKeywordMain.groovy:117)&#xa;	at com.kms.katalon.core.webui.keyword.internal.WebUIKeywordMain.runKeyword(WebUIKeywordMain.groovy:43)&#xa;	at com.kms.katalon.core.webui.keyword.builtin.VerifyElementTextKeyword.verifyElementText(VerifyElementTextKeyword.groovy:72)&#xa;	at com.kms.katalon.core.webui.keyword.builtin.VerifyElementTextKeyword.execute(VerifyElementTextKeyword.groovy:40)&#xa;	at com.kms.katalon.core.keyword.internal.KeywordExecutor.executeKeywordForPlatform(KeywordExecutor.groovy:74)&#xa;	at com.kms.katalon.core.webui.keyword.WebUiBuiltInKeywords.verifyElementText(WebUiBuiltInKeywords.groovy:4835)&#xa;	at Peso 1,2,3,4,5kg.run(Peso 1,2,3,4,5kg:82)&#xa;	at com.kms.katalon.core.main.ScriptEngine.run(ScriptEngine.java:194)&#xa;	at com.kms.katalon.core.main.ScriptEngine.runScriptAsRawText(ScriptEngine.java:119)&#xa;	at com.kms.katalon.core.main.TestCaseExecutor.runScript(TestCaseExecutor.java:448)&#xa;	at com.kms.katalon.core.main.TestCaseExecutor.doExecute(TestCaseExecutor.java:439)&#xa;	at com.kms.katalon.core.main.TestCaseExecutor.processExecutionPhase(TestCaseExecutor.java:418)&#xa;	at com.kms.katalon.core.main.TestCaseExecutor.accessMainPhase(TestCaseExecutor.java:410)&#xa;	at com.kms.katalon.core.main.TestCaseExecutor.execute(TestCaseExecutor.java:285)&#xa;	at com.kms.katalon.core.common.CommonExecutor.accessTestCaseMainPhase(CommonExecutor.java:65)&#xa;	at com.kms.katalon.core.main.TestSuiteExecutor.accessTestSuiteMainPhase(TestSuiteExecutor.java:150)&#xa;	at com.kms.katalon.core.main.TestSuiteExecutor.execute(TestSuiteExecutor.java:106)&#xa;	at com.kms.katalon.core.main.TestCaseMain.startTestSuite(TestCaseMain.java:180)&#xa;	at TempTestSuite1732729948317.run(TempTestSuite1732729948317.groovy:35)&#xa;	at java.base/jdk.internal.reflect.NativeMethodAccessorImpl.invoke0(Native Method)&#xa;	at java.base/jdk.internal.reflect.NativeMethodAccessorImpl.invoke(NativeMethodAccessorImpl.java:77)&#xa;	at java.base/jdk.internal.reflect.DelegatingMethodAccessorImpl.invoke(DelegatingMethodAccessorImpl.java:43)&#xa;Caused by: com.kms.katalon.core.exception.StepFailedException: Actual text 'S/ 7.00' and expected text 'S/ 14.50' of test object 'Object Repository/peso/Page_Olva Courier  Confirma tus datos/th_S 14.50' are NOT matched.&#xa;	at com.kms.katalon.core.webui.keyword.internal.WebUIKeywordMain.stepFailed(WebUIKeywordMain.groovy:117)&#xa;	at com.kms.katalon.core.webui.keyword.builtin.VerifyElementTextKeyword$_verifyElementText_closure1.doCall(VerifyElementTextKeyword.groovy:57)&#xa;	at com.kms.katalon.core.webui.keyword.builtin.VerifyElementTextKeyword$_verifyElementText_closure1.call(VerifyElementTextKeyword.groovy)&#xa;	at com.kms.katalon.core.webui.keyword.internal.WebUIKeywordMain.runKeyword(WebUIKeywordMain.groovy:35)&#xa;	... 20 more&#xa;"/>
         <system-out><![CDATA[27-11-2024T13:14:22 - [TEST_CASE][FAILED] - Test Cases/2.Positivos/2.1Paquete/Origen-Lima/4.Peso/Peso 1,2,3,4,5kg: Test Cases/2.Positivos/2.1Paquete/Origen-Lima/4.Peso/Peso 1,2,3,4,5kg FAILED.
Reason:
com.kms.katalon.core.exception.StepFailedException: Verify element text of test object 'Object Repository/peso/Page_Olva Courier  Confirma tus datos/th_S 14.50' FAILED.
	at com.kms.katalon.core.webui.keyword.internal.WebUIKeywordMain.stepFailed(WebUIKeywordMain.groovy:117)
	at com.kms.katalon.core.webui.keyword.internal.WebUIKeywordMain.runKeyword(WebUIKeywordMain.groovy:43)
	at com.kms.katalon.core.webui.keyword.builtin.VerifyElementTextKeyword.verifyElementText(VerifyElementTextKeyword.groovy:72)
	at com.kms.katalon.core.webui.keyword.builtin.VerifyElementTextKeyword.execute(VerifyElementTextKeyword.groovy:40)
	at com.kms.katalon.core.keyword.internal.KeywordExecutor.executeKeywordForPlatform(KeywordExecutor.groovy:74)
	at com.kms.katalon.core.webui.keyword.WebUiBuiltInKeywords.verifyElementText(WebUiBuiltInKeywords.groovy:4835)
	at Peso 1,2,3,4,5kg.run(Peso 1,2,3,4,5kg:82)
	at com.kms.katalon.core.main.ScriptEngine.run(ScriptEngine.java:194)
	at com.kms.katalon.core.main.ScriptEngine.runScriptAsRawText(ScriptEngine.java:119)
	at com.kms.katalon.core.main.TestCaseExecutor.runScript(TestCaseExecutor.java:448)
	at com.kms.katalon.core.main.TestCaseExecutor.doExecute(TestCaseExecutor.java:439)
	at com.kms.katalon.core.main.TestCaseExecutor.processExecutionPhase(TestCaseExecutor.java:418)
	at com.kms.katalon.core.main.TestCaseExecutor.accessMainPhase(TestCaseExecutor.java:410)
	at com.kms.katalon.core.main.TestCaseExecutor.execute(TestCaseExecutor.java:285)
	at com.kms.katalon.core.common.CommonExecutor.accessTestCaseMainPhase(CommonExecutor.java:65)
	at com.kms.katalon.core.main.TestSuiteExecutor.accessTestSuiteMainPhase(TestSuiteExecutor.java:150)
	at com.kms.katalon.core.main.TestSuiteExecutor.execute(TestSuiteExecutor.java:106)
	at com.kms.katalon.core.main.TestCaseMain.startTestSuite(TestCaseMain.java:180)
	at TempTestSuite1732729948317.run(TempTestSuite1732729948317.groovy:35)
	at java.base/jdk.internal.reflect.NativeMethodAccessorImpl.invoke0(Native Method)
	at java.base/jdk.internal.reflect.NativeMethodAccessorImpl.invoke(NativeMethodAccessorImpl.java:77)
	at java.base/jdk.internal.reflect.DelegatingMethodAccessorImpl.invoke(DelegatingMethodAccessorImpl.java:43)
Caused by: com.kms.katalon.core.exception.StepFailedException: Actual text 'S/ 7.00' and expected text 'S/ 14.50' of test object 'Object Repository/peso/Page_Olva Courier  Confirma tus datos/th_S 14.50' are NOT matched.
	at com.kms.katalon.core.webui.keyword.internal.WebUIKeywordMain.stepFailed(WebUIKeywordMain.groovy:117)
	at com.kms.katalon.core.webui.keyword.builtin.VerifyElementTextKeyword$_verifyElementText_closure1.doCall(VerifyElementTextKeyword.groovy:57)
	at com.kms.katalon.core.webui.keyword.builtin.VerifyElementTextKeyword$_verifyElementText_closure1.call(VerifyElementTextKeyword.groovy)
	at com.kms.katalon.core.webui.keyword.internal.WebUIKeywordMain.runKeyword(WebUIKeywordMain.groovy:35)
	... 20 more


27-11-2024T13:14:22 - [TEST_STEP][PASSED] - callTestCase(findTestCase("1.Inicio/1.1Principal/Principal-home"), [:], STOP_ON_FAILURE): Call Test Case 'Test Cases/1.Inicio/1.1Principal/Principal-home' successfully

27-11-2024T13:14:22 - [TEST_CASE][PASSED] - Test Cases/1.Inicio/1.1Principal/Principal-home: Test Cases/1.Inicio/1.1Principal/Principal-home

27-11-2024T13:14:22 - [TEST_STEP][PASSED] - openBrowser(""): Browser is opened with url: ''

27-11-2024T13:14:22 - [MESSAGE][WARNING] - A browser is already opened. Closing browser and opening a new one

27-11-2024T13:14:25 - [MESSAGE][INFO] - Starting 'Firefox' driver

27-11-2024T13:14:25 - [MESSAGE][INFO] - Action delay is set to 0 milliseconds

27-11-2024T13:14:40 - [MESSAGE][PASSED] - Browser is opened with url: ''

27-11-2024T13:14:40 - [TEST_STEP][PASSED] - navigateToUrl("https://dev01-registrodeenvios.olvacourier.com/principal"): Navigate to 'https://dev01-registrodeenvios.olvacourier.com/principal' successfully

27-11-2024T13:14:42 - [MESSAGE][PASSED] - Navigate to 'https://dev01-registrodeenvios.olvacourier.com/principal' successfully

27-11-2024T13:14:42 - [TEST_STEP][PASSED] - maximizeWindow(): Current window maximized

27-11-2024T13:14:42 - [MESSAGE][PASSED] - Current window maximized

27-11-2024T13:14:42 - [MESSAGE][PASSED] - Call Test Case 'Test Cases/1.Inicio/1.1Principal/Principal-home' successfully

27-11-2024T13:14:42 - [TEST_STEP][PASSED] - callTestCase(findTestCase("1.Inicio/1.1Principal/Selec_paquete"), [:], STOP_ON_FAILURE): Call Test Case 'Test Cases/1.Inicio/1.1Principal/Selec_paquete' successfully

27-11-2024T13:14:42 - [TEST_CASE][PASSED] - Test Cases/1.Inicio/1.1Principal/Selec_paquete: Test Cases/1.Inicio/1.1Principal/Selec_paquete

27-11-2024T13:14:42 - [TEST_STEP][PASSED] - click(findTestObject("Object Repository/Principal/Page_Olva Courier  Home/img_Qu deseas realizar hoy_img_paquete")): Object: 'Object Repository/Principal/Page_Olva Courier  Home/img_Qu deseas realizar hoy_img_paquete' is clicked on

27-11-2024T13:14:43 - [MESSAGE][PASSED] - Object: 'Object Repository/Principal/Page_Olva Courier  Home/img_Qu deseas realizar hoy_img_paquete' is clicked on

27-11-2024T13:14:43 - [TEST_STEP][PASSED] - click(findTestObject("Object Repository/Principal/Page_Olva Courier  Home/span_He ledo y acepto los_checkmark (1)")): Object: 'Object Repository/Principal/Page_Olva Courier  Home/span_He ledo y acepto los_checkmark (1)' is clicked on

27-11-2024T13:14:44 - [MESSAGE][PASSED] - Object: 'Object Repository/Principal/Page_Olva Courier  Home/span_He ledo y acepto los_checkmark (1)' is clicked on

27-11-2024T13:14:44 - [TEST_STEP][PASSED] - click(findTestObject("Object Repository/Principal/Page_Olva Courier  Home/button_CONTINUAR (1)")): Object: 'Object Repository/Principal/Page_Olva Courier  Home/button_CONTINUAR (1)' is clicked on

27-11-2024T13:14:45 - [MESSAGE][PASSED] - Object: 'Object Repository/Principal/Page_Olva Courier  Home/button_CONTINUAR (1)' is clicked on

27-11-2024T13:14:45 - [TEST_STEP][PASSED] - verifyElementPresent(findTestObject("Object Repository/Principal/Page_Olva Courier  Datos Personales/strong_REGISTRO DE ENVOS"), 0): Object 'Object Repository/Principal/Page_Olva Courier  Datos Personales/strong_REGISTRO DE ENVOS' is present

27-11-2024T13:14:45 - [MESSAGE][WARNING] - Timeout '0' is invalid. Using default page load timeout: '30'

27-11-2024T13:14:46 - [MESSAGE][PASSED] - Object 'Object Repository/Principal/Page_Olva Courier  Datos Personales/strong_REGISTRO DE ENVOS' is present

27-11-2024T13:14:46 - [TEST_STEP][PASSED] - verifyElementPresent(findTestObject("Object Repository/Principal/Page_Olva Courier  Datos Personales/span_Regresar (1)"), 0): Object 'Object Repository/Principal/Page_Olva Courier  Datos Personales/span_Regresar (1)' is present

27-11-2024T13:14:46 - [MESSAGE][WARNING] - Timeout '0' is invalid. Using default page load timeout: '30'

27-11-2024T13:14:46 - [MESSAGE][PASSED] - Object 'Object Repository/Principal/Page_Olva Courier  Datos Personales/span_Regresar (1)' is present

27-11-2024T13:14:46 - [TEST_STEP][PASSED] - verifyElementPresent(findTestObject("Object Repository/Principal/Page_Olva Courier  Datos Personales/span_Inicio (1)"), 0): Object 'Object Repository/Principal/Page_Olva Courier  Datos Personales/span_Inicio (1)' is present

27-11-2024T13:14:46 - [MESSAGE][WARNING] - Timeout '0' is invalid. Using default page load timeout: '30'

27-11-2024T13:14:46 - [MESSAGE][PASSED] - Object 'Object Repository/Principal/Page_Olva Courier  Datos Personales/span_Inicio (1)' is present

27-11-2024T13:14:46 - [MESSAGE][PASSED] - Call Test Case 'Test Cases/1.Inicio/1.1Principal/Selec_paquete' successfully

27-11-2024T13:14:46 - [TEST_STEP][PASSED] - callTestCase(findTestCase("1.Inicio/1.2Tipo_Doc/4.CE_Colab"), [:], STOP_ON_FAILURE): Call Test Case 'Test Cases/1.Inicio/1.2Tipo_Doc/4.CE_Colab' successfully

27-11-2024T13:14:46 - [TEST_CASE][PASSED] - Test Cases/1.Inicio/1.2Tipo_Doc/4.CE_Colab: Test Cases/1.Inicio/1.2Tipo_Doc/4.CE_Colab

27-11-2024T13:14:46 - [TEST_STEP][PASSED] - click(findTestObject("Object Repository/Login/Page_Olva Courier  Datos Personales/button_Tipo De Documento")): Object: 'Object Repository/Login/Page_Olva Courier  Datos Personales/button_Tipo De Documento' is clicked on

27-11-2024T13:14:47 - [MESSAGE][PASSED] - Object: 'Object Repository/Login/Page_Olva Courier  Datos Personales/button_Tipo De Documento' is clicked on

27-11-2024T13:14:47 - [TEST_STEP][PASSED] - click(findTestObject("Object Repository/Login/Page_Olva Courier  Datos Personales/span_CARN EXT. (Boleta)")): Object: 'Object Repository/Login/Page_Olva Courier  Datos Personales/span_CARN EXT. (Boleta)' is clicked on

27-11-2024T13:14:48 - [MESSAGE][PASSED] - Object: 'Object Repository/Login/Page_Olva Courier  Datos Personales/span_CARN EXT. (Boleta)' is clicked on

27-11-2024T13:14:48 - [TEST_STEP][PASSED] - setText(findTestObject("Object Repository/Login/Page_Olva Courier  Datos Personales/input_CARN EXT. (Boleta)_txt_documento_cliente"), "003680378"): Text '003680378' is set on object 'Object Repository/Login/Page_Olva Courier  Datos Personales/input_CARN EXT. (Boleta)_txt_documento_cliente'

27-11-2024T13:14:48 - [MESSAGE][PASSED] - Text '003680378' is set on object 'Object Repository/Login/Page_Olva Courier  Datos Personales/input_CARN EXT. (Boleta)_txt_documento_cliente'

27-11-2024T13:14:48 - [TEST_STEP][PASSED] - verifyElementPresent(findTestObject("Object Repository/Login/Page_Olva Courier  Datos Personales/p_PROMO COLABORADOR"), 0): Object 'Object Repository/Login/Page_Olva Courier  Datos Personales/p_PROMO COLABORADOR' is present

27-11-2024T13:14:48 - [MESSAGE][WARNING] - Timeout '0' is invalid. Using default page load timeout: '30'

27-11-2024T13:14:53 - [MESSAGE][PASSED] - Object 'Object Repository/Login/Page_Olva Courier  Datos Personales/p_PROMO COLABORADOR' is present

27-11-2024T13:14:53 - [TEST_STEP][PASSED] - click(findTestObject("Object Repository/Login/Page_Olva Courier  Datos Personales/span_")): Object: 'Object Repository/Login/Page_Olva Courier  Datos Personales/span_' is clicked on

27-11-2024T13:14:53 - [MESSAGE][PASSED] - Object: 'Object Repository/Login/Page_Olva Courier  Datos Personales/span_' is clicked on

27-11-2024T13:14:53 - [MESSAGE][PASSED] - Call Test Case 'Test Cases/1.Inicio/1.2Tipo_Doc/4.CE_Colab' successfully

27-11-2024T13:14:53 - [TEST_STEP][PASSED] - click(findTestObject("Object Repository/peso/Page_Olva Courier  Datos Personales/span_Seleccionar artculo")): Object: 'Object Repository/peso/Page_Olva Courier  Datos Personales/span_Seleccionar artculo' is clicked on

27-11-2024T13:14:54 - [MESSAGE][PASSED] - Object: 'Object Repository/peso/Page_Olva Courier  Datos Personales/span_Seleccionar artculo' is clicked on

27-11-2024T13:14:54 - [TEST_STEP][PASSED] - click(findTestObject("Object Repository/peso/Page_Olva Courier  Datos Personales/span_TARJETAS PERSONALES")): Object: 'Object Repository/peso/Page_Olva Courier  Datos Personales/span_TARJETAS PERSONALES' is clicked on

27-11-2024T13:14:55 - [MESSAGE][PASSED] - Object: 'Object Repository/peso/Page_Olva Courier  Datos Personales/span_TARJETAS PERSONALES' is clicked on

27-11-2024T13:14:55 - [TEST_STEP][PASSED] - setText(findTestObject("Object Repository/peso/Page_Olva Courier  Datos Personales/input_UTILES DE OFICINA_txt_paquete_articulo"), "FFf"): Text 'FFf' is set on object 'Object Repository/peso/Page_Olva Courier  Datos Personales/input_UTILES DE OFICINA_txt_paquete_articulo'

27-11-2024T13:14:55 - [MESSAGE][PASSED] - Text 'FFf' is set on object 'Object Repository/peso/Page_Olva Courier  Datos Personales/input_UTILES DE OFICINA_txt_paquete_articulo'

27-11-2024T13:14:55 - [TEST_STEP][PASSED] - setText(findTestObject("Object Repository/peso/Page_Olva Courier  Datos Personales/input_UTILES DE OFICINA_txt_paquete_valor"), "50"): Text '50' is set on object 'Object Repository/peso/Page_Olva Courier  Datos Personales/input_UTILES DE OFICINA_txt_paquete_valor'

27-11-2024T13:14:56 - [MESSAGE][PASSED] - Text '50' is set on object 'Object Repository/peso/Page_Olva Courier  Datos Personales/input_UTILES DE OFICINA_txt_paquete_valor'

27-11-2024T13:14:56 - [TEST_STEP][PASSED] - scrollToElement(findTestObject("Object Repository/peso/Page_Olva Courier  Datos Personales/div_Hasta 5Kg"), 0): Scroll to object 'Object Repository/peso/Page_Olva Courier  Datos Personales/div_Hasta 5Kg' successfully

27-11-2024T13:14:56 - [MESSAGE][WARNING] - Timeout '0' is invalid. Using default page load timeout: '30'

27-11-2024T13:14:56 - [MESSAGE][PASSED] - Scroll to object 'Object Repository/peso/Page_Olva Courier  Datos Personales/div_Hasta 5Kg' successfully

27-11-2024T13:14:56 - [TEST_STEP][PASSED] - click(findTestObject("Object Repository/peso/Page_Olva Courier  Datos Personales/div_Hasta 5Kg")): Object: 'Object Repository/peso/Page_Olva Courier  Datos Personales/div_Hasta 5Kg' is clicked on

27-11-2024T13:14:57 - [MESSAGE][PASSED] - Object: 'Object Repository/peso/Page_Olva Courier  Datos Personales/div_Hasta 5Kg' is clicked on

27-11-2024T13:14:57 - [TEST_STEP][PASSED] - scrollToElement(findTestObject("Object Repository/peso/Page_Olva Courier  Datos Personales/span_Ingrese el punto de llegada"), 0): Scroll to object 'Object Repository/peso/Page_Olva Courier  Datos Personales/span_Ingrese el punto de llegada' successfully

27-11-2024T13:14:57 - [MESSAGE][WARNING] - Timeout '0' is invalid. Using default page load timeout: '30'

27-11-2024T13:14:58 - [MESSAGE][PASSED] - Scroll to object 'Object Repository/peso/Page_Olva Courier  Datos Personales/span_Ingrese el punto de llegada' successfully

27-11-2024T13:14:58 - [TEST_STEP][PASSED] - click(findTestObject("Object Repository/peso/Page_Olva Courier  Datos Personales/span_Ingrese el punto de llegada")): Object: 'Object Repository/peso/Page_Olva Courier  Datos Personales/span_Ingrese el punto de llegada' is clicked on

27-11-2024T13:14:58 - [MESSAGE][PASSED] - Object: 'Object Repository/peso/Page_Olva Courier  Datos Personales/span_Ingrese el punto de llegada' is clicked on

27-11-2024T13:14:58 - [TEST_STEP][PASSED] - click(findTestObject("Object Repository/peso/Page_Olva Courier  Datos Personales/a_ANCASH - HUARAZ - HUARAZ")): Object: 'Object Repository/peso/Page_Olva Courier  Datos Personales/a_ANCASH - HUARAZ - HUARAZ' is clicked on

27-11-2024T13:14:59 - [MESSAGE][PASSED] - Object: 'Object Repository/peso/Page_Olva Courier  Datos Personales/a_ANCASH - HUARAZ - HUARAZ' is clicked on

27-11-2024T13:14:59 - [TEST_STEP][PASSED] - click(findTestObject("Object Repository/peso/Page_Olva Courier  Datos Personales/span_Tipo de entrega")): Object: 'Object Repository/peso/Page_Olva Courier  Datos Personales/span_Tipo de entrega' is clicked on

27-11-2024T13:14:59 - [MESSAGE][PASSED] - Object: 'Object Repository/peso/Page_Olva Courier  Datos Personales/span_Tipo de entrega' is clicked on

27-11-2024T13:14:59 - [TEST_STEP][PASSED] - click(findTestObject("Object Repository/peso/Page_Olva Courier  Datos Personales/a_Entrega a domicilio")): Object: 'Object Repository/peso/Page_Olva Courier  Datos Personales/a_Entrega a domicilio' is clicked on

27-11-2024T13:15:04 - [MESSAGE][PASSED] - Object: 'Object Repository/peso/Page_Olva Courier  Datos Personales/a_Entrega a domicilio' is clicked on

27-11-2024T13:15:04 - [TEST_STEP][PASSED] - click(findTestObject("Object Repository/peso/Page_Olva Courier  Datos Personales/button_Tipo De Documento_1")): Object: 'Object Repository/peso/Page_Olva Courier  Datos Personales/button_Tipo De Documento_1' is clicked on

27-11-2024T13:15:04 - [MESSAGE][PASSED] - Object: 'Object Repository/peso/Page_Olva Courier  Datos Personales/button_Tipo De Documento_1' is clicked on

27-11-2024T13:15:04 - [TEST_STEP][PASSED] - click(findTestObject("Object Repository/peso/Page_Olva Courier  Datos Personales/a_DNI")): Object: 'Object Repository/peso/Page_Olva Courier  Datos Personales/a_DNI' is clicked on

27-11-2024T13:15:05 - [MESSAGE][PASSED] - Object: 'Object Repository/peso/Page_Olva Courier  Datos Personales/a_DNI' is clicked on

27-11-2024T13:15:05 - [TEST_STEP][PASSED] - setText(findTestObject("Object Repository/peso/Page_Olva Courier  Datos Personales/input_CARN EXT_txt_consignado_dni"), "71735785"): Text '71735785' is set on object 'Object Repository/peso/Page_Olva Courier  Datos Personales/input_CARN EXT_txt_consignado_dni'

27-11-2024T13:15:05 - [MESSAGE][PASSED] - Text '71735785' is set on object 'Object Repository/peso/Page_Olva Courier  Datos Personales/input_CARN EXT_txt_consignado_dni'

27-11-2024T13:15:05 - [TEST_STEP][PASSED] - scrollToElement(findTestObject("Object Repository/peso/Page_Olva Courier  Datos Personales/button_CONTINUAR"), 0): Scroll to object 'Object Repository/peso/Page_Olva Courier  Datos Personales/button_CONTINUAR' successfully

27-11-2024T13:15:05 - [MESSAGE][WARNING] - Timeout '0' is invalid. Using default page load timeout: '30'

27-11-2024T13:15:06 - [MESSAGE][PASSED] - Scroll to object 'Object Repository/peso/Page_Olva Courier  Datos Personales/button_CONTINUAR' successfully

27-11-2024T13:15:06 - [TEST_STEP][PASSED] - click(findTestObject("Object Repository/peso/Page_Olva Courier  Datos Personales/button_CONTINUAR")): Object: 'Object Repository/peso/Page_Olva Courier  Datos Personales/button_CONTINUAR' is clicked on

27-11-2024T13:15:07 - [MESSAGE][PASSED] - Object: 'Object Repository/peso/Page_Olva Courier  Datos Personales/button_CONTINUAR' is clicked on

27-11-2024T13:15:07 - [TEST_STEP][PASSED] - verifyElementText(findTestObject("Object Repository/peso/Page_Olva Courier  Confirma tus datos/th_S 19.69"), "S/ 19.69"): Actual text and expected text of test object 'Object Repository/peso/Page_Olva Courier  Confirma tus datos/th_S 19.69' are matched.

27-11-2024T13:15:10 - [MESSAGE][PASSED] - Actual text and expected text of test object 'Object Repository/peso/Page_Olva Courier  Confirma tus datos/th_S 19.69' are matched.

27-11-2024T13:15:10 - [TEST_STEP][PASSED] - click(findTestObject("Object Repository/peso/Page_Olva Courier  Confirma tus datos/button_Editar")): Object: 'Object Repository/peso/Page_Olva Courier  Confirma tus datos/button_Editar' is clicked on

27-11-2024T13:15:14 - [MESSAGE][PASSED] - Object: 'Object Repository/peso/Page_Olva Courier  Confirma tus datos/button_Editar' is clicked on

27-11-2024T13:15:14 - [TEST_STEP][PASSED] - click(findTestObject("Object Repository/peso/Page_Olva Courier  Datos Personales/div_Hasta 4Kg")): Object: 'Object Repository/peso/Page_Olva Courier  Datos Personales/div_Hasta 4Kg' is clicked on

27-11-2024T13:15:15 - [MESSAGE][PASSED] - Object: 'Object Repository/peso/Page_Olva Courier  Datos Personales/div_Hasta 4Kg' is clicked on

27-11-2024T13:15:15 - [TEST_STEP][PASSED] - scrollToElement(findTestObject("Object Repository/peso/Page_Olva Courier  Datos Personales/button_CONTINUAR"), 0): Scroll to object 'Object Repository/peso/Page_Olva Courier  Datos Personales/button_CONTINUAR' successfully

27-11-2024T13:15:15 - [MESSAGE][WARNING] - Timeout '0' is invalid. Using default page load timeout: '30'

27-11-2024T13:15:16 - [MESSAGE][PASSED] - Scroll to object 'Object Repository/peso/Page_Olva Courier  Datos Personales/button_CONTINUAR' successfully

27-11-2024T13:15:16 - [TEST_STEP][PASSED] - click(findTestObject("Object Repository/peso/Page_Olva Courier  Datos Personales/button_CONTINUAR")): Object: 'Object Repository/peso/Page_Olva Courier  Datos Personales/button_CONTINUAR' is clicked on

27-11-2024T13:15:16 - [MESSAGE][PASSED] - Object: 'Object Repository/peso/Page_Olva Courier  Datos Personales/button_CONTINUAR' is clicked on

27-11-2024T13:15:16 - [TEST_STEP][PASSED] - verifyElementText(findTestObject("Object Repository/peso/Page_Olva Courier  Confirma tus datos/th_S 17.10"), "S/ 17.10"): Actual text and expected text of test object 'Object Repository/peso/Page_Olva Courier  Confirma tus datos/th_S 17.10' are matched.

27-11-2024T13:15:18 - [MESSAGE][PASSED] - Actual text and expected text of test object 'Object Repository/peso/Page_Olva Courier  Confirma tus datos/th_S 17.10' are matched.

27-11-2024T13:15:18 - [TEST_STEP][PASSED] - click(findTestObject("Object Repository/peso/Page_Olva Courier  Confirma tus datos/button_Editar")): Object: 'Object Repository/peso/Page_Olva Courier  Confirma tus datos/button_Editar' is clicked on

27-11-2024T13:15:23 - [MESSAGE][PASSED] - Object: 'Object Repository/peso/Page_Olva Courier  Confirma tus datos/button_Editar' is clicked on

27-11-2024T13:15:23 - [TEST_STEP][PASSED] - click(findTestObject("Object Repository/peso/Page_Olva Courier  Datos Personales/div_Hasta 3Kg")): Object: 'Object Repository/peso/Page_Olva Courier  Datos Personales/div_Hasta 3Kg' is clicked on

27-11-2024T13:15:24 - [MESSAGE][PASSED] - Object: 'Object Repository/peso/Page_Olva Courier  Datos Personales/div_Hasta 3Kg' is clicked on

27-11-2024T13:15:24 - [TEST_STEP][PASSED] - scrollToElement(findTestObject("Object Repository/peso/Page_Olva Courier  Datos Personales/button_CONTINUAR"), 0): Scroll to object 'Object Repository/peso/Page_Olva Courier  Datos Personales/button_CONTINUAR' successfully

27-11-2024T13:15:24 - [MESSAGE][WARNING] - Timeout '0' is invalid. Using default page load timeout: '30'

27-11-2024T13:15:24 - [MESSAGE][PASSED] - Scroll to object 'Object Repository/peso/Page_Olva Courier  Datos Personales/button_CONTINUAR' successfully

27-11-2024T13:15:24 - [TEST_STEP][PASSED] - click(findTestObject("Object Repository/peso/Page_Olva Courier  Datos Personales/button_CONTINUAR")): Object: 'Object Repository/peso/Page_Olva Courier  Datos Personales/button_CONTINUAR' is clicked on

27-11-2024T13:15:25 - [MESSAGE][PASSED] - Object: 'Object Repository/peso/Page_Olva Courier  Datos Personales/button_CONTINUAR' is clicked on

27-11-2024T13:15:25 - [TEST_STEP][FAILED] - verifyElementText(findTestObject("Object Repository/peso/Page_Olva Courier  Confirma tus datos/th_S 14.50"), "S/ 14.50"): Verify element text of test object 'Object Repository/peso/Page_Olva Courier  Confirma tus datos/th_S 14.50' FAILED. (Root cause: com.kms.katalon.core.exception.StepFailedException: Verify element text of test object 'Object Repository/peso/Page_Olva Courier  Confirma tus datos/th_S 14.50' FAILED.
	at com.kms.katalon.core.webui.keyword.internal.WebUIKeywordMain.stepFailed(WebUIKeywordMain.groovy:117)
	at com.kms.katalon.core.webui.keyword.internal.WebUIKeywordMain.runKeyword(WebUIKeywordMain.groovy:43)
	at com.kms.katalon.core.webui.keyword.builtin.VerifyElementTextKeyword.verifyElementText(VerifyElementTextKeyword.groovy:72)
	at com.kms.katalon.core.webui.keyword.builtin.VerifyElementTextKeyword.execute(VerifyElementTextKeyword.groovy:40)
	at com.kms.katalon.core.keyword.internal.KeywordExecutor.executeKeywordForPlatform(KeywordExecutor.groovy:74)
	at com.kms.katalon.core.webui.keyword.WebUiBuiltInKeywords.verifyElementText(WebUiBuiltInKeywords.groovy:4835)
	at Peso 1,2,3,4,5kg.run(Peso 1,2,3,4,5kg:82)
	at com.kms.katalon.core.main.ScriptEngine.run(ScriptEngine.java:194)
	at com.kms.katalon.core.main.ScriptEngine.runScriptAsRawText(ScriptEngine.java:119)
	at com.kms.katalon.core.main.TestCaseExecutor.runScript(TestCaseExecutor.java:448)
	at com.kms.katalon.core.main.TestCaseExecutor.doExecute(TestCaseExecutor.java:439)
	at com.kms.katalon.core.main.TestCaseExecutor.processExecutionPhase(TestCaseExecutor.java:418)
	at com.kms.katalon.core.main.TestCaseExecutor.accessMainPhase(TestCaseExecutor.java:410)
	at com.kms.katalon.core.main.TestCaseExecutor.execute(TestCaseExecutor.java:285)
	at com.kms.katalon.core.common.CommonExecutor.accessTestCaseMainPhase(CommonExecutor.java:65)
	at com.kms.katalon.core.main.TestSuiteExecutor.accessTestSuiteMainPhase(TestSuiteExecutor.java:150)
	at com.kms.katalon.core.main.TestSuiteExecutor.execute(TestSuiteExecutor.java:106)
	at com.kms.katalon.core.main.TestCaseMain.startTestSuite(TestCaseMain.java:180)
	at TempTestSuite1732729948317.run(TempTestSuite1732729948317.groovy:35)
	at java.base/jdk.internal.reflect.NativeMethodAccessorImpl.invoke0(Native Method)
	at java.base/jdk.internal.reflect.NativeMethodAccessorImpl.invoke(NativeMethodAccessorImpl.java:77)
	at java.base/jdk.internal.reflect.DelegatingMethodAccessorImpl.invoke(DelegatingMethodAccessorImpl.java:43)
Caused by: com.kms.katalon.core.exception.StepFailedException: Actual text 'S/ 7.00' and expected text 'S/ 14.50' of test object 'Object Repository/peso/Page_Olva Courier  Confirma tus datos/th_S 14.50' are NOT matched.
	at com.kms.katalon.core.webui.keyword.internal.WebUIKeywordMain.stepFailed(WebUIKeywordMain.groovy:117)
	at com.kms.katalon.core.webui.keyword.builtin.VerifyElementTextKeyword$_verifyElementText_closure1.doCall(VerifyElementTextKeyword.groovy:57)
	at com.kms.katalon.core.webui.keyword.builtin.VerifyElementTextKeyword$_verifyElementText_closure1.call(VerifyElementTextKeyword.groovy)
	at com.kms.katalon.core.webui.keyword.internal.WebUIKeywordMain.runKeyword(WebUIKeywordMain.groovy:35)
	... 20 more
)

27-11-2024T13:15:27 - [MESSAGE][FAILED] - Actual text 'S/ 7.00' and expected text 'S/ 14.50' of test object 'Object Repository/peso/Page_Olva Courier  Confirma tus datos/th_S 14.50' are NOT matched. (Root cause: com.kms.katalon.core.exception.StepFailedException: Actual text 'S/ 7.00' and expected text 'S/ 14.50' of test object 'Object Repository/peso/Page_Olva Courier  Confirma tus datos/th_S 14.50' are NOT matched.
	at com.kms.katalon.core.webui.keyword.internal.WebUIKeywordMain.stepFailed(WebUIKeywordMain.groovy:117)
	at com.kms.katalon.core.webui.keyword.builtin.VerifyElementTextKeyword$_verifyElementText_closure1.doCall(VerifyElementTextKeyword.groovy:57)
	at com.kms.katalon.core.webui.keyword.builtin.VerifyElementTextKeyword$_verifyElementText_closure1.call(VerifyElementTextKeyword.groovy)
	at com.kms.katalon.core.webui.keyword.internal.WebUIKeywordMain.runKeyword(WebUIKeywordMain.groovy:35)
	at com.kms.katalon.core.webui.keyword.builtin.VerifyElementTextKeyword.verifyElementText(VerifyElementTextKeyword.groovy:72)
	at com.kms.katalon.core.webui.keyword.builtin.VerifyElementTextKeyword.execute(VerifyElementTextKeyword.groovy:40)
	at com.kms.katalon.core.keyword.internal.KeywordExecutor.executeKeywordForPlatform(KeywordExecutor.groovy:74)
	at com.kms.katalon.core.webui.keyword.WebUiBuiltInKeywords.verifyElementText(WebUiBuiltInKeywords.groovy:4835)
	at Peso 1,2,3,4,5kg.run(Peso 1,2,3,4,5kg:82)
	at com.kms.katalon.core.main.ScriptEngine.run(ScriptEngine.java:194)
	at com.kms.katalon.core.main.ScriptEngine.runScriptAsRawText(ScriptEngine.java:119)
	at com.kms.katalon.core.main.TestCaseExecutor.runScript(TestCaseExecutor.java:448)
	at com.kms.katalon.core.main.TestCaseExecutor.doExecute(TestCaseExecutor.java:439)
	at com.kms.katalon.core.main.TestCaseExecutor.processExecutionPhase(TestCaseExecutor.java:418)
	at com.kms.katalon.core.main.TestCaseExecutor.accessMainPhase(TestCaseExecutor.java:410)
	at com.kms.katalon.core.main.TestCaseExecutor.execute(TestCaseExecutor.java:285)
	at com.kms.katalon.core.common.CommonExecutor.accessTestCaseMainPhase(CommonExecutor.java:65)
	at com.kms.katalon.core.main.TestSuiteExecutor.accessTestSuiteMainPhase(TestSuiteExecutor.java:150)
	at com.kms.katalon.core.main.TestSuiteExecutor.execute(TestSuiteExecutor.java:106)
	at com.kms.katalon.core.main.TestCaseMain.startTestSuite(TestCaseMain.java:180)
	at TempTestSuite1732729948317.run(TempTestSuite1732729948317.groovy:35)
	at java.base/jdk.internal.reflect.NativeMethodAccessorImpl.invoke0(Native Method)
	at java.base/jdk.internal.reflect.NativeMethodAccessorImpl.invoke(NativeMethodAccessorImpl.java:77)
	at java.base/jdk.internal.reflect.DelegatingMethodAccessorImpl.invoke(DelegatingMethodAccessorImpl.java:43)
)

27-11-2024T13:15:27 - [MESSAGE][FAILED] - Verify element text of test object 'Object Repository/peso/Page_Olva Courier  Confirma tus datos/th_S 14.50' FAILED. (Root cause: com.kms.katalon.core.exception.StepFailedException: Verify element text of test object 'Object Repository/peso/Page_Olva Courier  Confirma tus datos/th_S 14.50' FAILED.
	at com.kms.katalon.core.webui.keyword.internal.WebUIKeywordMain.stepFailed(WebUIKeywordMain.groovy:117)
	at com.kms.katalon.core.webui.keyword.internal.WebUIKeywordMain.runKeyword(WebUIKeywordMain.groovy:43)
	at com.kms.katalon.core.webui.keyword.builtin.VerifyElementTextKeyword.verifyElementText(VerifyElementTextKeyword.groovy:72)
	at com.kms.katalon.core.webui.keyword.builtin.VerifyElementTextKeyword.execute(VerifyElementTextKeyword.groovy:40)
	at com.kms.katalon.core.keyword.internal.KeywordExecutor.executeKeywordForPlatform(KeywordExecutor.groovy:74)
	at com.kms.katalon.core.webui.keyword.WebUiBuiltInKeywords.verifyElementText(WebUiBuiltInKeywords.groovy:4835)
	at Peso 1,2,3,4,5kg.run(Peso 1,2,3,4,5kg:82)
	at com.kms.katalon.core.main.ScriptEngine.run(ScriptEngine.java:194)
	at com.kms.katalon.core.main.ScriptEngine.runScriptAsRawText(ScriptEngine.java:119)
	at com.kms.katalon.core.main.TestCaseExecutor.runScript(TestCaseExecutor.java:448)
	at com.kms.katalon.core.main.TestCaseExecutor.doExecute(TestCaseExecutor.java:439)
	at com.kms.katalon.core.main.TestCaseExecutor.processExecutionPhase(TestCaseExecutor.java:418)
	at com.kms.katalon.core.main.TestCaseExecutor.accessMainPhase(TestCaseExecutor.java:410)
	at com.kms.katalon.core.main.TestCaseExecutor.execute(TestCaseExecutor.java:285)
	at com.kms.katalon.core.common.CommonExecutor.accessTestCaseMainPhase(CommonExecutor.java:65)
	at com.kms.katalon.core.main.TestSuiteExecutor.accessTestSuiteMainPhase(TestSuiteExecutor.java:150)
	at com.kms.katalon.core.main.TestSuiteExecutor.execute(TestSuiteExecutor.java:106)
	at com.kms.katalon.core.main.TestCaseMain.startTestSuite(TestCaseMain.java:180)
	at TempTestSuite1732729948317.run(TempTestSuite1732729948317.groovy:35)
	at java.base/jdk.internal.reflect.NativeMethodAccessorImpl.invoke0(Native Method)
	at java.base/jdk.internal.reflect.NativeMethodAccessorImpl.invoke(NativeMethodAccessorImpl.java:77)
	at java.base/jdk.internal.reflect.DelegatingMethodAccessorImpl.invoke(DelegatingMethodAccessorImpl.java:43)
Caused by: com.kms.katalon.core.exception.StepFailedException: Actual text 'S/ 7.00' and expected text 'S/ 14.50' of test object 'Object Repository/peso/Page_Olva Courier  Confirma tus datos/th_S 14.50' are NOT matched.
	at com.kms.katalon.core.webui.keyword.internal.WebUIKeywordMain.stepFailed(WebUIKeywordMain.groovy:117)
	at com.kms.katalon.core.webui.keyword.builtin.VerifyElementTextKeyword$_verifyElementText_closure1.doCall(VerifyElementTextKeyword.groovy:57)
	at com.kms.katalon.core.webui.keyword.builtin.VerifyElementTextKeyword$_verifyElementText_closure1.call(VerifyElementTextKeyword.groovy)
	at com.kms.katalon.core.webui.keyword.internal.WebUIKeywordMain.runKeyword(WebUIKeywordMain.groovy:35)
	... 20 more
)]]></system-out>
         <system-err><![CDATA[27-11-2024T13:14:22 - [TEST_CASE][FAILED] - Test Cases/2.Positivos/2.1Paquete/Origen-Lima/4.Peso/Peso 1,2,3,4,5kg: Test Cases/2.Positivos/2.1Paquete/Origen-Lima/4.Peso/Peso 1,2,3,4,5kg FAILED.
Reason:
com.kms.katalon.core.exception.StepFailedException: Verify element text of test object 'Object Repository/peso/Page_Olva Courier  Confirma tus datos/th_S 14.50' FAILED.
	at com.kms.katalon.core.webui.keyword.internal.WebUIKeywordMain.stepFailed(WebUIKeywordMain.groovy:117)
	at com.kms.katalon.core.webui.keyword.internal.WebUIKeywordMain.runKeyword(WebUIKeywordMain.groovy:43)
	at com.kms.katalon.core.webui.keyword.builtin.VerifyElementTextKeyword.verifyElementText(VerifyElementTextKeyword.groovy:72)
	at com.kms.katalon.core.webui.keyword.builtin.VerifyElementTextKeyword.execute(VerifyElementTextKeyword.groovy:40)
	at com.kms.katalon.core.keyword.internal.KeywordExecutor.executeKeywordForPlatform(KeywordExecutor.groovy:74)
	at com.kms.katalon.core.webui.keyword.WebUiBuiltInKeywords.verifyElementText(WebUiBuiltInKeywords.groovy:4835)
	at Peso 1,2,3,4,5kg.run(Peso 1,2,3,4,5kg:82)
	at com.kms.katalon.core.main.ScriptEngine.run(ScriptEngine.java:194)
	at com.kms.katalon.core.main.ScriptEngine.runScriptAsRawText(ScriptEngine.java:119)
	at com.kms.katalon.core.main.TestCaseExecutor.runScript(TestCaseExecutor.java:448)
	at com.kms.katalon.core.main.TestCaseExecutor.doExecute(TestCaseExecutor.java:439)
	at com.kms.katalon.core.main.TestCaseExecutor.processExecutionPhase(TestCaseExecutor.java:418)
	at com.kms.katalon.core.main.TestCaseExecutor.accessMainPhase(TestCaseExecutor.java:410)
	at com.kms.katalon.core.main.TestCaseExecutor.execute(TestCaseExecutor.java:285)
	at com.kms.katalon.core.common.CommonExecutor.accessTestCaseMainPhase(CommonExecutor.java:65)
	at com.kms.katalon.core.main.TestSuiteExecutor.accessTestSuiteMainPhase(TestSuiteExecutor.java:150)
	at com.kms.katalon.core.main.TestSuiteExecutor.execute(TestSuiteExecutor.java:106)
	at com.kms.katalon.core.main.TestCaseMain.startTestSuite(TestCaseMain.java:180)
	at TempTestSuite1732729948317.run(TempTestSuite1732729948317.groovy:35)
	at java.base/jdk.internal.reflect.NativeMethodAccessorImpl.invoke0(Native Method)
	at java.base/jdk.internal.reflect.NativeMethodAccessorImpl.invoke(NativeMethodAccessorImpl.java:77)
	at java.base/jdk.internal.reflect.DelegatingMethodAccessorImpl.invoke(DelegatingMethodAccessorImpl.java:43)
Caused by: com.kms.katalon.core.exception.StepFailedException: Actual text 'S/ 7.00' and expected text 'S/ 14.50' of test object 'Object Repository/peso/Page_Olva Courier  Confirma tus datos/th_S 14.50' are NOT matched.
	at com.kms.katalon.core.webui.keyword.internal.WebUIKeywordMain.stepFailed(WebUIKeywordMain.groovy:117)
	at com.kms.katalon.core.webui.keyword.builtin.VerifyElementTextKeyword$_verifyElementText_closure1.doCall(VerifyElementTextKeyword.groovy:57)
	at com.kms.katalon.core.webui.keyword.builtin.VerifyElementTextKeyword$_verifyElementText_closure1.call(VerifyElementTextKeyword.groovy)
	at com.kms.katalon.core.webui.keyword.internal.WebUIKeywordMain.runKeyword(WebUIKeywordMain.groovy:35)
	... 20 more]]></system-err>
      </testcase>
      <testcase name="Test Cases/2.Positivos/2.1Paquete/Origen-Lima/4.Peso/No-encuentro-peso" time="46.974" classname="Test Cases/2.Positivos/2.1Paquete/Origen-Lima/4.Peso/No-encuentro-peso" status="PASSED">
         <system-out><![CDATA[27-11-2024T13:15:27 - [TEST_CASE][PASSED] - Test Cases/2.Positivos/2.1Paquete/Origen-Lima/4.Peso/No-encuentro-peso: Test Cases/2.Positivos/2.1Paquete/Origen-Lima/4.Peso/No-encuentro-peso

27-11-2024T13:15:27 - [TEST_STEP][PASSED] - callTestCase(findTestCase("1.Inicio/1.1Principal/Principal-home"), [:], STOP_ON_FAILURE): Call Test Case 'Test Cases/1.Inicio/1.1Principal/Principal-home' successfully

27-11-2024T13:15:27 - [TEST_CASE][PASSED] - Test Cases/1.Inicio/1.1Principal/Principal-home: Test Cases/1.Inicio/1.1Principal/Principal-home

27-11-2024T13:15:27 - [TEST_STEP][PASSED] - openBrowser(""): Browser is opened with url: ''

27-11-2024T13:15:27 - [MESSAGE][WARNING] - A browser is already opened. Closing browser and opening a new one

27-11-2024T13:15:29 - [MESSAGE][INFO] - Starting 'Firefox' driver

27-11-2024T13:15:29 - [MESSAGE][INFO] - Action delay is set to 0 milliseconds

27-11-2024T13:15:36 - [MESSAGE][PASSED] - Browser is opened with url: ''

27-11-2024T13:15:36 - [TEST_STEP][PASSED] - navigateToUrl("https://dev01-registrodeenvios.olvacourier.com/principal"): Navigate to 'https://dev01-registrodeenvios.olvacourier.com/principal' successfully

27-11-2024T13:15:37 - [MESSAGE][PASSED] - Navigate to 'https://dev01-registrodeenvios.olvacourier.com/principal' successfully

27-11-2024T13:15:37 - [TEST_STEP][PASSED] - maximizeWindow(): Current window maximized

27-11-2024T13:15:37 - [MESSAGE][PASSED] - Current window maximized

27-11-2024T13:15:37 - [MESSAGE][PASSED] - Call Test Case 'Test Cases/1.Inicio/1.1Principal/Principal-home' successfully

27-11-2024T13:15:37 - [TEST_STEP][PASSED] - callTestCase(findTestCase("1.Inicio/1.1Principal/Selec_paquete"), [:], STOP_ON_FAILURE): Call Test Case 'Test Cases/1.Inicio/1.1Principal/Selec_paquete' successfully

27-11-2024T13:15:37 - [TEST_CASE][PASSED] - Test Cases/1.Inicio/1.1Principal/Selec_paquete: Test Cases/1.Inicio/1.1Principal/Selec_paquete

27-11-2024T13:15:37 - [TEST_STEP][PASSED] - click(findTestObject("Object Repository/Principal/Page_Olva Courier  Home/img_Qu deseas realizar hoy_img_paquete")): Object: 'Object Repository/Principal/Page_Olva Courier  Home/img_Qu deseas realizar hoy_img_paquete' is clicked on

27-11-2024T13:15:37 - [MESSAGE][PASSED] - Object: 'Object Repository/Principal/Page_Olva Courier  Home/img_Qu deseas realizar hoy_img_paquete' is clicked on

27-11-2024T13:15:37 - [TEST_STEP][PASSED] - click(findTestObject("Object Repository/Principal/Page_Olva Courier  Home/span_He ledo y acepto los_checkmark (1)")): Object: 'Object Repository/Principal/Page_Olva Courier  Home/span_He ledo y acepto los_checkmark (1)' is clicked on

27-11-2024T13:15:38 - [MESSAGE][PASSED] - Object: 'Object Repository/Principal/Page_Olva Courier  Home/span_He ledo y acepto los_checkmark (1)' is clicked on

27-11-2024T13:15:38 - [TEST_STEP][PASSED] - click(findTestObject("Object Repository/Principal/Page_Olva Courier  Home/button_CONTINUAR (1)")): Object: 'Object Repository/Principal/Page_Olva Courier  Home/button_CONTINUAR (1)' is clicked on

27-11-2024T13:15:39 - [MESSAGE][PASSED] - Object: 'Object Repository/Principal/Page_Olva Courier  Home/button_CONTINUAR (1)' is clicked on

27-11-2024T13:15:39 - [TEST_STEP][PASSED] - verifyElementPresent(findTestObject("Object Repository/Principal/Page_Olva Courier  Datos Personales/strong_REGISTRO DE ENVOS"), 0): Object 'Object Repository/Principal/Page_Olva Courier  Datos Personales/strong_REGISTRO DE ENVOS' is present

27-11-2024T13:15:39 - [MESSAGE][WARNING] - Timeout '0' is invalid. Using default page load timeout: '30'

27-11-2024T13:15:39 - [MESSAGE][PASSED] - Object 'Object Repository/Principal/Page_Olva Courier  Datos Personales/strong_REGISTRO DE ENVOS' is present

27-11-2024T13:15:39 - [TEST_STEP][PASSED] - verifyElementPresent(findTestObject("Object Repository/Principal/Page_Olva Courier  Datos Personales/span_Regresar (1)"), 0): Object 'Object Repository/Principal/Page_Olva Courier  Datos Personales/span_Regresar (1)' is present

27-11-2024T13:15:39 - [MESSAGE][WARNING] - Timeout '0' is invalid. Using default page load timeout: '30'

27-11-2024T13:15:40 - [MESSAGE][PASSED] - Object 'Object Repository/Principal/Page_Olva Courier  Datos Personales/span_Regresar (1)' is present

27-11-2024T13:15:40 - [TEST_STEP][PASSED] - verifyElementPresent(findTestObject("Object Repository/Principal/Page_Olva Courier  Datos Personales/span_Inicio (1)"), 0): Object 'Object Repository/Principal/Page_Olva Courier  Datos Personales/span_Inicio (1)' is present

27-11-2024T13:15:40 - [MESSAGE][WARNING] - Timeout '0' is invalid. Using default page load timeout: '30'

27-11-2024T13:15:40 - [MESSAGE][PASSED] - Object 'Object Repository/Principal/Page_Olva Courier  Datos Personales/span_Inicio (1)' is present

27-11-2024T13:15:40 - [MESSAGE][PASSED] - Call Test Case 'Test Cases/1.Inicio/1.1Principal/Selec_paquete' successfully

27-11-2024T13:15:40 - [TEST_STEP][PASSED] - callTestCase(findTestCase("1.Inicio/1.2Tipo_Doc/1.DNI"), [:], STOP_ON_FAILURE): Call Test Case 'Test Cases/1.Inicio/1.2Tipo_Doc/1.DNI' successfully

27-11-2024T13:15:40 - [TEST_CASE][PASSED] - Test Cases/1.Inicio/1.2Tipo_Doc/1.DNI: Test Cases/1.Inicio/1.2Tipo_Doc/1.DNI

27-11-2024T13:15:40 - [TEST_STEP][PASSED] - click(findTestObject("Object Repository/Login/Page_Olva Courier  Datos Personales/button_Tipo De Documento")): Object: 'Object Repository/Login/Page_Olva Courier  Datos Personales/button_Tipo De Documento' is clicked on

27-11-2024T13:15:40 - [MESSAGE][PASSED] - Object: 'Object Repository/Login/Page_Olva Courier  Datos Personales/button_Tipo De Documento' is clicked on

27-11-2024T13:15:40 - [TEST_STEP][PASSED] - click(findTestObject("Object Repository/Login/Page_Olva Courier  Datos Personales/a_DNI (Boleta)")): Object: 'Object Repository/Login/Page_Olva Courier  Datos Personales/a_DNI (Boleta)' is clicked on

27-11-2024T13:15:41 - [MESSAGE][PASSED] - Object: 'Object Repository/Login/Page_Olva Courier  Datos Personales/a_DNI (Boleta)' is clicked on

27-11-2024T13:15:41 - [TEST_STEP][PASSED] - setText(findTestObject("Object Repository/Login/Page_Olva Courier  Datos Personales/input_CARN EXT. (Boleta)_txt_documento_cliente"), "47190321"): Text '47190321' is set on object 'Object Repository/Login/Page_Olva Courier  Datos Personales/input_CARN EXT. (Boleta)_txt_documento_cliente'

27-11-2024T13:15:41 - [MESSAGE][PASSED] - Text '47190321' is set on object 'Object Repository/Login/Page_Olva Courier  Datos Personales/input_CARN EXT. (Boleta)_txt_documento_cliente'

27-11-2024T13:15:41 - [TEST_STEP][PASSED] - setText(findTestObject("Object Repository/Login/Page_Olva Courier  Datos Personales/input_CARN EXT. (Boleta)_txt_telefono_cliente"), "957378086"): Text '957378086' is set on object 'Object Repository/Login/Page_Olva Courier  Datos Personales/input_CARN EXT. (Boleta)_txt_telefono_cliente'

27-11-2024T13:15:47 - [MESSAGE][PASSED] - Text '957378086' is set on object 'Object Repository/Login/Page_Olva Courier  Datos Personales/input_CARN EXT. (Boleta)_txt_telefono_cliente'

27-11-2024T13:15:47 - [TEST_STEP][PASSED] - setText(findTestObject("Object Repository/Login/Page_Olva Courier  Datos Personales/input_Hola,_txt_email_cliente"), "riosalejosjs@gmail.com"): Text 'riosalejosjs@gmail.com' is set on object 'Object Repository/Login/Page_Olva Courier  Datos Personales/input_Hola,_txt_email_cliente'

27-11-2024T13:15:47 - [MESSAGE][PASSED] - Text 'riosalejosjs@gmail.com' is set on object 'Object Repository/Login/Page_Olva Courier  Datos Personales/input_Hola,_txt_email_cliente'

27-11-2024T13:15:47 - [MESSAGE][PASSED] - Call Test Case 'Test Cases/1.Inicio/1.2Tipo_Doc/1.DNI' successfully

27-11-2024T13:15:47 - [TEST_STEP][PASSED] - click(findTestObject("Object Repository/pago/Page_Olva Courier  Datos Personales/button_Seleccionar artculo")): Object: 'Object Repository/pago/Page_Olva Courier  Datos Personales/button_Seleccionar artculo' is clicked on

27-11-2024T13:15:48 - [MESSAGE][PASSED] - Object: 'Object Repository/pago/Page_Olva Courier  Datos Personales/button_Seleccionar artculo' is clicked on

27-11-2024T13:15:48 - [TEST_STEP][PASSED] - click(findTestObject("Object Repository/pago/Page_Olva Courier  Datos Personales/span_ACCESORIOS Y EQUIPOS ELECTRONICOS")): Object: 'Object Repository/pago/Page_Olva Courier  Datos Personales/span_ACCESORIOS Y EQUIPOS ELECTRONICOS' is clicked on

27-11-2024T13:15:48 - [MESSAGE][PASSED] - Object: 'Object Repository/pago/Page_Olva Courier  Datos Personales/span_ACCESORIOS Y EQUIPOS ELECTRONICOS' is clicked on

27-11-2024T13:15:48 - [TEST_STEP][PASSED] - setText(findTestObject("Object Repository/pago/Page_Olva Courier  Datos Personales/input_UTILES DE OFICINA_txt_paquete_articulo"), "VVVv"): Text 'VVVv' is set on object 'Object Repository/pago/Page_Olva Courier  Datos Personales/input_UTILES DE OFICINA_txt_paquete_articulo'

27-11-2024T13:15:48 - [MESSAGE][PASSED] - Text 'VVVv' is set on object 'Object Repository/pago/Page_Olva Courier  Datos Personales/input_UTILES DE OFICINA_txt_paquete_articulo'

27-11-2024T13:15:48 - [TEST_STEP][PASSED] - setText(findTestObject("Object Repository/pago/Page_Olva Courier  Datos Personales/input_UTILES DE OFICINA_txt_paquete_valor"), "20"): Text '20' is set on object 'Object Repository/pago/Page_Olva Courier  Datos Personales/input_UTILES DE OFICINA_txt_paquete_valor'

27-11-2024T13:15:49 - [MESSAGE][PASSED] - Text '20' is set on object 'Object Repository/pago/Page_Olva Courier  Datos Personales/input_UTILES DE OFICINA_txt_paquete_valor'

27-11-2024T13:15:49 - [TEST_STEP][PASSED] - scrollToElement(findTestObject("Object Repository/pago/Page_Olva Courier  Datos Personales/div_No encuentro el peso de mi envo"), 0): Scroll to object 'Object Repository/pago/Page_Olva Courier  Datos Personales/div_No encuentro el peso de mi envo' successfully

27-11-2024T13:15:49 - [MESSAGE][WARNING] - Timeout '0' is invalid. Using default page load timeout: '30'

27-11-2024T13:15:49 - [MESSAGE][PASSED] - Scroll to object 'Object Repository/pago/Page_Olva Courier  Datos Personales/div_No encuentro el peso de mi envo' successfully

27-11-2024T13:15:49 - [TEST_STEP][PASSED] - click(findTestObject("Object Repository/pago/Page_Olva Courier  Datos Personales/div_No encuentro el peso de mi envo")): Object: 'Object Repository/pago/Page_Olva Courier  Datos Personales/div_No encuentro el peso de mi envo' is clicked on

27-11-2024T13:15:50 - [MESSAGE][PASSED] - Object: 'Object Repository/pago/Page_Olva Courier  Datos Personales/div_No encuentro el peso de mi envo' is clicked on

27-11-2024T13:15:50 - [TEST_STEP][PASSED] - setText(findTestObject("Object Repository/pago/Page_Olva Courier  Datos Personales/input_Ancho (cm)_modal-input-ancho"), "14"): Text '14' is set on object 'Object Repository/pago/Page_Olva Courier  Datos Personales/input_Ancho (cm)_modal-input-ancho'

27-11-2024T13:15:51 - [MESSAGE][PASSED] - Text '14' is set on object 'Object Repository/pago/Page_Olva Courier  Datos Personales/input_Ancho (cm)_modal-input-ancho'

27-11-2024T13:15:51 - [TEST_STEP][PASSED] - setText(findTestObject("Object Repository/pago/Page_Olva Courier  Datos Personales/input_Largo (cm)_modal-input-largo"), "14"): Text '14' is set on object 'Object Repository/pago/Page_Olva Courier  Datos Personales/input_Largo (cm)_modal-input-largo'

27-11-2024T13:15:52 - [MESSAGE][PASSED] - Text '14' is set on object 'Object Repository/pago/Page_Olva Courier  Datos Personales/input_Largo (cm)_modal-input-largo'

27-11-2024T13:15:52 - [TEST_STEP][PASSED] - setText(findTestObject("Object Repository/pago/Page_Olva Courier  Datos Personales/input_Alto (cm)_modal-input-alto"), "14"): Text '14' is set on object 'Object Repository/pago/Page_Olva Courier  Datos Personales/input_Alto (cm)_modal-input-alto'

27-11-2024T13:15:53 - [MESSAGE][PASSED] - Text '14' is set on object 'Object Repository/pago/Page_Olva Courier  Datos Personales/input_Alto (cm)_modal-input-alto'

27-11-2024T13:15:53 - [TEST_STEP][PASSED] - setText(findTestObject("Object Repository/pago/Page_Olva Courier  Datos Personales/input_Peso (Kg)_modal-input-peso"), "7"): Text '7' is set on object 'Object Repository/pago/Page_Olva Courier  Datos Personales/input_Peso (Kg)_modal-input-peso'

27-11-2024T13:15:53 - [MESSAGE][PASSED] - Text '7' is set on object 'Object Repository/pago/Page_Olva Courier  Datos Personales/input_Peso (Kg)_modal-input-peso'

27-11-2024T13:15:53 - [TEST_STEP][PASSED] - click(findTestObject("Object Repository/pago/Page_Olva Courier  Datos Personales/div_CALCULAR")): Object: 'Object Repository/pago/Page_Olva Courier  Datos Personales/div_CALCULAR' is clicked on

27-11-2024T13:15:54 - [MESSAGE][PASSED] - Object: 'Object Repository/pago/Page_Olva Courier  Datos Personales/div_CALCULAR' is clicked on

27-11-2024T13:15:54 - [TEST_STEP][PASSED] - scrollToElement(findTestObject("Object Repository/pago/Page_Olva Courier  Datos Personales/span_Ingrese el punto de llegada"), 0): Scroll to object 'Object Repository/pago/Page_Olva Courier  Datos Personales/span_Ingrese el punto de llegada' successfully

27-11-2024T13:15:54 - [MESSAGE][WARNING] - Timeout '0' is invalid. Using default page load timeout: '30'

27-11-2024T13:15:55 - [MESSAGE][PASSED] - Scroll to object 'Object Repository/pago/Page_Olva Courier  Datos Personales/span_Ingrese el punto de llegada' successfully

27-11-2024T13:15:55 - [TEST_STEP][PASSED] - click(findTestObject("Object Repository/pago/Page_Olva Courier  Datos Personales/span_Ingrese el punto de llegada")): Object: 'Object Repository/pago/Page_Olva Courier  Datos Personales/span_Ingrese el punto de llegada' is clicked on

27-11-2024T13:15:55 - [MESSAGE][PASSED] - Object: 'Object Repository/pago/Page_Olva Courier  Datos Personales/span_Ingrese el punto de llegada' is clicked on

27-11-2024T13:15:55 - [TEST_STEP][PASSED] - click(findTestObject("Object Repository/pago/Page_Olva Courier  Datos Personales/a_APURIMAC - GRAU - CHUQUIBAMBILLA")): Object: 'Object Repository/pago/Page_Olva Courier  Datos Personales/a_APURIMAC - GRAU - CHUQUIBAMBILLA' is clicked on

27-11-2024T13:15:56 - [MESSAGE][PASSED] - Object: 'Object Repository/pago/Page_Olva Courier  Datos Personales/a_APURIMAC - GRAU - CHUQUIBAMBILLA' is clicked on

27-11-2024T13:15:56 - [TEST_STEP][PASSED] - click(findTestObject("Object Repository/pago/Page_Olva Courier  Datos Personales/button_Tipo de entrega")): Object: 'Object Repository/pago/Page_Olva Courier  Datos Personales/button_Tipo de entrega' is clicked on

27-11-2024T13:15:56 - [MESSAGE][PASSED] - Object: 'Object Repository/pago/Page_Olva Courier  Datos Personales/button_Tipo de entrega' is clicked on

27-11-2024T13:15:56 - [TEST_STEP][PASSED] - click(findTestObject("Object Repository/pago/Page_Olva Courier  Datos Personales/a_Entrega a domicilio")): Object: 'Object Repository/pago/Page_Olva Courier  Datos Personales/a_Entrega a domicilio' is clicked on

27-11-2024T13:16:00 - [MESSAGE][PASSED] - Object: 'Object Repository/pago/Page_Olva Courier  Datos Personales/a_Entrega a domicilio' is clicked on

27-11-2024T13:16:00 - [TEST_STEP][PASSED] - click(findTestObject("Object Repository/pago/Page_Olva Courier  Datos Personales/span_Tipo De Documento")): Object: 'Object Repository/pago/Page_Olva Courier  Datos Personales/span_Tipo De Documento' is clicked on

27-11-2024T13:16:00 - [MESSAGE][PASSED] - Object: 'Object Repository/pago/Page_Olva Courier  Datos Personales/span_Tipo De Documento' is clicked on

27-11-2024T13:16:00 - [TEST_STEP][PASSED] - click(findTestObject("Object Repository/pago/Page_Olva Courier  Datos Personales/a_DNI")): Object: 'Object Repository/pago/Page_Olva Courier  Datos Personales/a_DNI' is clicked on

27-11-2024T13:16:00 - [MESSAGE][PASSED] - Object: 'Object Repository/pago/Page_Olva Courier  Datos Personales/a_DNI' is clicked on

27-11-2024T13:16:00 - [TEST_STEP][PASSED] - setText(findTestObject("Object Repository/pago/Page_Olva Courier  Datos Personales/input_CARN EXT_txt_consignado_dni"), "71735785"): Text '71735785' is set on object 'Object Repository/pago/Page_Olva Courier  Datos Personales/input_CARN EXT_txt_consignado_dni'

27-11-2024T13:16:01 - [MESSAGE][PASSED] - Text '71735785' is set on object 'Object Repository/pago/Page_Olva Courier  Datos Personales/input_CARN EXT_txt_consignado_dni'

27-11-2024T13:16:01 - [TEST_STEP][PASSED] - scrollToElement(findTestObject("Object Repository/pago/Page_Olva Courier  Datos Personales/button_CONTINUAR"), 0): Scroll to object 'Object Repository/pago/Page_Olva Courier  Datos Personales/button_CONTINUAR' successfully

27-11-2024T13:16:01 - [MESSAGE][WARNING] - Timeout '0' is invalid. Using default page load timeout: '30'

27-11-2024T13:16:02 - [MESSAGE][PASSED] - Scroll to object 'Object Repository/pago/Page_Olva Courier  Datos Personales/button_CONTINUAR' successfully

27-11-2024T13:16:02 - [TEST_STEP][PASSED] - click(findTestObject("Object Repository/pago/Page_Olva Courier  Datos Personales/button_CONTINUAR")): Object: 'Object Repository/pago/Page_Olva Courier  Datos Personales/button_CONTINUAR' is clicked on

27-11-2024T13:16:02 - [MESSAGE][PASSED] - Object: 'Object Repository/pago/Page_Olva Courier  Datos Personales/button_CONTINUAR' is clicked on

27-11-2024T13:16:02 - [TEST_STEP][PASSED] - scrollToElement(findTestObject("Object Repository/pago/Page_Olva Courier  Confirma tus datos/button_IR A PAGAR S 76.41"), 0): Scroll to object 'Object Repository/pago/Page_Olva Courier  Confirma tus datos/button_IR A PAGAR S 76.41' successfully

27-11-2024T13:16:02 - [MESSAGE][WARNING] - Timeout '0' is invalid. Using default page load timeout: '30'

27-11-2024T13:16:05 - [MESSAGE][PASSED] - Scroll to object 'Object Repository/pago/Page_Olva Courier  Confirma tus datos/button_IR A PAGAR S 76.41' successfully

27-11-2024T13:16:05 - [TEST_STEP][PASSED] - click(findTestObject("Object Repository/pago/Page_Olva Courier  Confirma tus datos/button_IR A PAGAR S 76.41")): Object: 'Object Repository/pago/Page_Olva Courier  Confirma tus datos/button_IR A PAGAR S 76.41' is clicked on

27-11-2024T13:16:06 - [MESSAGE][PASSED] - Object: 'Object Repository/pago/Page_Olva Courier  Confirma tus datos/button_IR A PAGAR S 76.41' is clicked on

27-11-2024T13:16:06 - [TEST_STEP][PASSED] - delay(3): Delayed 3 second(s)

27-11-2024T13:16:09 - [MESSAGE][PASSED] - Delayed 3 second(s)

27-11-2024T13:16:09 - [TEST_STEP][PASSED] - verifyElementPresent(findTestObject("Object Repository/pago/Page_Olva Courier  Medios de pago/button_PAGAR (1)"), 0): Object 'Object Repository/pago/Page_Olva Courier  Medios de pago/button_PAGAR (1)' is present

27-11-2024T13:16:09 - [MESSAGE][WARNING] - Timeout '0' is invalid. Using default page load timeout: '30'

27-11-2024T13:16:09 - [MESSAGE][PASSED] - Object 'Object Repository/pago/Page_Olva Courier  Medios de pago/button_PAGAR (1)' is present

27-11-2024T13:16:09 - [TEST_STEP][PASSED] - callTestCase(findTestCase("1.Inicio/1.3Pago_POS/Pago-exitoso"), [:], STOP_ON_FAILURE): Call Test Case 'Test Cases/1.Inicio/1.3Pago_POS/Pago-exitoso' successfully

27-11-2024T13:16:09 - [TEST_CASE][PASSED] - Test Cases/1.Inicio/1.3Pago_POS/Pago-exitoso: Test Cases/1.Inicio/1.3Pago_POS/Pago-exitoso

27-11-2024T13:16:09 - [TEST_STEP][PASSED] - verifyElementPresent(findTestObject("Object Repository/pago/Page_Olva Courier  Medios de pago/div_Pago con tarjeta de crdito, dbito y Yape"), 0): Object 'Object Repository/pago/Page_Olva Courier  Medios de pago/div_Pago con tarjeta de crdito, dbito y Yape' is present

27-11-2024T13:16:09 - [MESSAGE][WARNING] - Timeout '0' is invalid. Using default page load timeout: '30'

27-11-2024T13:16:09 - [MESSAGE][PASSED] - Object 'Object Repository/pago/Page_Olva Courier  Medios de pago/div_Pago con tarjeta de crdito, dbito y Yape' is present

27-11-2024T13:16:09 - [TEST_STEP][PASSED] - verifyElementPresent(findTestObject("Object Repository/pago/Page_Olva Courier  Medios de pago/td_S"), 0): Object 'Object Repository/pago/Page_Olva Courier  Medios de pago/td_S' is present

27-11-2024T13:16:09 - [MESSAGE][WARNING] - Timeout '0' is invalid. Using default page load timeout: '30'

27-11-2024T13:16:09 - [MESSAGE][PASSED] - Object 'Object Repository/pago/Page_Olva Courier  Medios de pago/td_S' is present

27-11-2024T13:16:09 - [TEST_STEP][PASSED] - delay(1): Delayed 1 second(s)

27-11-2024T13:16:10 - [MESSAGE][PASSED] - Delayed 1 second(s)

27-11-2024T13:16:10 - [TEST_STEP][PASSED] - scrollToElement(findTestObject("Object Repository/pago/Page_Olva Courier  Medios de pago/button_PAGAR"), 0): Scroll to object 'Object Repository/pago/Page_Olva Courier  Medios de pago/button_PAGAR' successfully

27-11-2024T13:16:10 - [MESSAGE][WARNING] - Timeout '0' is invalid. Using default page load timeout: '30'

27-11-2024T13:16:11 - [MESSAGE][PASSED] - Scroll to object 'Object Repository/pago/Page_Olva Courier  Medios de pago/button_PAGAR' successfully

27-11-2024T13:16:11 - [TEST_STEP][PASSED] - click(findTestObject("Object Repository/pago/Page_Olva Courier  Medios de pago/button_PAGAR")): Object: 'Object Repository/pago/Page_Olva Courier  Medios de pago/button_PAGAR' is clicked on

27-11-2024T13:16:11 - [MESSAGE][PASSED] - Object: 'Object Repository/pago/Page_Olva Courier  Medios de pago/button_PAGAR' is clicked on

27-11-2024T13:16:11 - [TEST_STEP][PASSED] - delay(2): Delayed 2 second(s)

27-11-2024T13:16:13 - [MESSAGE][PASSED] - Delayed 2 second(s)

27-11-2024T13:16:13 - [TEST_STEP][PASSED] - verifyElementText(findTestObject("Object Repository/pago/Page_Olva Courier  Pago Exitoso/div_Aprobado y completado con exito"), "Aprobado y completado con exito"): Actual text and expected text of test object 'Object Repository/pago/Page_Olva Courier  Pago Exitoso/div_Aprobado y completado con exito' are matched.

27-11-2024T13:16:13 - [MESSAGE][PASSED] - Actual text and expected text of test object 'Object Repository/pago/Page_Olva Courier  Pago Exitoso/div_Aprobado y completado con exito' are matched.

27-11-2024T13:16:13 - [TEST_STEP][PASSED] - verifyElementPresent(findTestObject("Object Repository/pago/Page_Olva Courier  Pago Exitoso/b_nroPreventa"), 0): Object 'Object Repository/pago/Page_Olva Courier  Pago Exitoso/b_nroPreventa' is present

27-11-2024T13:16:13 - [MESSAGE][WARNING] - Timeout '0' is invalid. Using default page load timeout: '30'

27-11-2024T13:16:14 - [MESSAGE][PASSED] - Object 'Object Repository/pago/Page_Olva Courier  Pago Exitoso/b_nroPreventa' is present

27-11-2024T13:16:14 - [MESSAGE][PASSED] - Call Test Case 'Test Cases/1.Inicio/1.3Pago_POS/Pago-exitoso' successfully]]></system-out>
         <system-err><![CDATA[]]></system-err>
      </testcase>
      <testcase name="Test Cases/2.Positivos/2.1Paquete/Origen-Lima/3.Destino-D,DO,O/Restricción-O" time="60.949" classname="Test Cases/2.Positivos/2.1Paquete/Origen-Lima/3.Destino-D,DO,O/Restricción-O" status="FAILED">
         <failure type="FAILED" message="Test Cases/2.Positivos/2.1Paquete/Origen-Lima/3.Destino-D,DO,O/Restricción-O FAILED.&#xa;Reason:&#xa;com.kms.katalon.core.exception.StepFailedException: Call Test Case 'Test Cases/1.Inicio/1.3Pago_POS/Pago-exitoso' failed&#xa;	at com.kms.katalon.core.keyword.builtin.CallTestCaseKeyword$_callTestCase_closure1.doCall(CallTestCaseKeyword.groovy:63)&#xa;	at com.kms.katalon.core.keyword.builtin.CallTestCaseKeyword$_callTestCase_closure1.call(CallTestCaseKeyword.groovy)&#xa;	at com.kms.katalon.core.keyword.internal.KeywordMain.runKeyword(KeywordMain.groovy:75)&#xa;	at com.kms.katalon.core.keyword.builtin.CallTestCaseKeyword.callTestCase(CallTestCaseKeyword.groovy:81)&#xa;	at com.kms.katalon.core.keyword.builtin.CallTestCaseKeyword.execute(CallTestCaseKeyword.groovy:44)&#xa;	at com.kms.katalon.core.keyword.internal.KeywordExecutor.executeKeywordForPlatform(KeywordExecutor.groovy:74)&#xa;	at com.kms.katalon.core.keyword.BuiltinKeywords.callTestCase(BuiltinKeywords.groovy:310)&#xa;	at jdk.internal.reflect.GeneratedMethodAccessor25.invoke(Unknown Source)&#xa;	at java.base/jdk.internal.reflect.DelegatingMethodAccessorImpl.invoke(DelegatingMethodAccessorImpl.java:43)&#xa;	at Restricción-O.run(Restricción-O:54)&#xa;	at com.kms.katalon.core.main.ScriptEngine.run(ScriptEngine.java:194)&#xa;	at com.kms.katalon.core.main.ScriptEngine.runScriptAsRawText(ScriptEngine.java:119)&#xa;	at com.kms.katalon.core.main.TestCaseExecutor.runScript(TestCaseExecutor.java:448)&#xa;	at com.kms.katalon.core.main.TestCaseExecutor.doExecute(TestCaseExecutor.java:439)&#xa;	at com.kms.katalon.core.main.TestCaseExecutor.processExecutionPhase(TestCaseExecutor.java:418)&#xa;	at com.kms.katalon.core.main.TestCaseExecutor.accessMainPhase(TestCaseExecutor.java:410)&#xa;	at com.kms.katalon.core.main.TestCaseExecutor.execute(TestCaseExecutor.java:285)&#xa;	at com.kms.katalon.core.common.CommonExecutor.accessTestCaseMainPhase(CommonExecutor.java:65)&#xa;	at com.kms.katalon.core.main.TestSuiteExecutor.accessTestSuiteMainPhase(TestSuiteExecutor.java:150)&#xa;	at com.kms.katalon.core.main.TestSuiteExecutor.execute(TestSuiteExecutor.java:106)&#xa;	at com.kms.katalon.core.main.TestCaseMain.startTestSuite(TestCaseMain.java:180)&#xa;	at TempTestSuite1732729948317.run(TempTestSuite1732729948317.groovy:35)&#xa;	at java.base/jdk.internal.reflect.NativeMethodAccessorImpl.invoke0(Native Method)&#xa;	at java.base/jdk.internal.reflect.NativeMethodAccessorImpl.invoke(NativeMethodAccessorImpl.java:77)&#xa;	at java.base/jdk.internal.reflect.DelegatingMethodAccessorImpl.invoke(DelegatingMethodAccessorImpl.java:43)&#xa;Caused by: com.kms.katalon.core.exception.StepFailedException: Unable to verify object 'Object Repository/pago/Page_Olva Courier  Medios de pago/div_Pago con tarjeta de crdito, dbito y Yape' is present&#xa;	at com.kms.katalon.core.webui.keyword.internal.WebUIKeywordMain.stepFailed(WebUIKeywordMain.groovy:117)&#xa;	at com.kms.katalon.core.webui.keyword.internal.WebUIKeywordMain.runKeyword(WebUIKeywordMain.groovy:43)&#xa;	at com.kms.katalon.core.webui.keyword.builtin.VerifyElementPresentKeyword.verifyElementPresent(VerifyElementPresentKeyword.groovy:92)&#xa;	at com.kms.katalon.core.webui.keyword.builtin.VerifyElementPresentKeyword.execute(VerifyElementPresentKeyword.groovy:68)&#xa;	at com.kms.katalon.core.keyword.internal.KeywordExecutor.executeKeywordForPlatform(KeywordExecutor.groovy:74)&#xa;	at com.kms.katalon.core.webui.keyword.WebUiBuiltInKeywords.verifyElementPresent(WebUiBuiltInKeywords.groovy:1503)&#xa;	at Pago-exitoso.run(Pago-exitoso:20)&#xa;	at com.kms.katalon.core.main.ScriptEngine.run(ScriptEngine.java:194)&#xa;	at com.kms.katalon.core.main.ScriptEngine.runScriptAsRawText(ScriptEngine.java:119)&#xa;	at com.kms.katalon.core.main.TestCaseExecutor.runScript(TestCaseExecutor.java:448)&#xa;	at com.kms.katalon.core.main.TestCaseExecutor.doExecute(TestCaseExecutor.java:439)&#xa;	at com.kms.katalon.core.main.TestCaseExecutor.processExecutionPhase(TestCaseExecutor.java:418)&#xa;	at com.kms.katalon.core.main.TestCaseExecutor.accessMainPhase(TestCaseExecutor.java:410)&#xa;	at com.kms.katalon.core.main.TestCaseExecutor.execute(TestCaseExecutor.java:285)&#xa;	at com.kms.katalon.core.main.TestCaseMain.runTestCase(TestCaseMain.java:137)&#xa;	at com.kms.katalon.core.keyword.builtin.CallTestCaseKeyword$_callTestCase_closure1.doCall(CallTestCaseKeyword.groovy:59)&#xa;	... 24 more&#xa;Caused by: com.kms.katalon.core.exception.StepFailedException: com.kms.katalon.core.webui.exception.WebElementNotFoundException: Web element with id: 'Object Repository/pago/Page_Olva Courier  Medios de pago/div_Pago con tarjeta de crdito, dbito y Yape' located by '//div[@id='pago1']/div' not found&#xa;	at com.kms.katalon.core.webui.keyword.internal.WebUIKeywordMain.stepFailed(WebUIKeywordMain.groovy:117)&#xa;	at com.kms.katalon.core.webui.keyword.builtin.VerifyElementPresentKeyword$_verifyElementPresent_closure1.doCall(VerifyElementPresentKeyword.groovy:85)&#xa;	at com.kms.katalon.core.webui.keyword.builtin.VerifyElementPresentKeyword$_verifyElementPresent_closure1.call(VerifyElementPresentKeyword.groovy)&#xa;	at com.kms.katalon.core.webui.keyword.internal.WebUIKeywordMain.runKeyword(WebUIKeywordMain.groovy:35)&#xa;	... 38 more&#xa;"/>
         <system-out><![CDATA[27-11-2024T13:16:14 - [TEST_CASE][FAILED] - Test Cases/2.Positivos/2.1Paquete/Origen-Lima/3.Destino-D,DO,O/Restricción-O: Test Cases/2.Positivos/2.1Paquete/Origen-Lima/3.Destino-D,DO,O/Restricción-O FAILED.
Reason:
com.kms.katalon.core.exception.StepFailedException: Call Test Case 'Test Cases/1.Inicio/1.3Pago_POS/Pago-exitoso' failed
	at com.kms.katalon.core.keyword.builtin.CallTestCaseKeyword$_callTestCase_closure1.doCall(CallTestCaseKeyword.groovy:63)
	at com.kms.katalon.core.keyword.builtin.CallTestCaseKeyword$_callTestCase_closure1.call(CallTestCaseKeyword.groovy)
	at com.kms.katalon.core.keyword.internal.KeywordMain.runKeyword(KeywordMain.groovy:75)
	at com.kms.katalon.core.keyword.builtin.CallTestCaseKeyword.callTestCase(CallTestCaseKeyword.groovy:81)
	at com.kms.katalon.core.keyword.builtin.CallTestCaseKeyword.execute(CallTestCaseKeyword.groovy:44)
	at com.kms.katalon.core.keyword.internal.KeywordExecutor.executeKeywordForPlatform(KeywordExecutor.groovy:74)
	at com.kms.katalon.core.keyword.BuiltinKeywords.callTestCase(BuiltinKeywords.groovy:310)
	at jdk.internal.reflect.GeneratedMethodAccessor25.invoke(Unknown Source)
	at java.base/jdk.internal.reflect.DelegatingMethodAccessorImpl.invoke(DelegatingMethodAccessorImpl.java:43)
	at Restricción-O.run(Restricción-O:54)
	at com.kms.katalon.core.main.ScriptEngine.run(ScriptEngine.java:194)
	at com.kms.katalon.core.main.ScriptEngine.runScriptAsRawText(ScriptEngine.java:119)
	at com.kms.katalon.core.main.TestCaseExecutor.runScript(TestCaseExecutor.java:448)
	at com.kms.katalon.core.main.TestCaseExecutor.doExecute(TestCaseExecutor.java:439)
	at com.kms.katalon.core.main.TestCaseExecutor.processExecutionPhase(TestCaseExecutor.java:418)
	at com.kms.katalon.core.main.TestCaseExecutor.accessMainPhase(TestCaseExecutor.java:410)
	at com.kms.katalon.core.main.TestCaseExecutor.execute(TestCaseExecutor.java:285)
	at com.kms.katalon.core.common.CommonExecutor.accessTestCaseMainPhase(CommonExecutor.java:65)
	at com.kms.katalon.core.main.TestSuiteExecutor.accessTestSuiteMainPhase(TestSuiteExecutor.java:150)
	at com.kms.katalon.core.main.TestSuiteExecutor.execute(TestSuiteExecutor.java:106)
	at com.kms.katalon.core.main.TestCaseMain.startTestSuite(TestCaseMain.java:180)
	at TempTestSuite1732729948317.run(TempTestSuite1732729948317.groovy:35)
	at java.base/jdk.internal.reflect.NativeMethodAccessorImpl.invoke0(Native Method)
	at java.base/jdk.internal.reflect.NativeMethodAccessorImpl.invoke(NativeMethodAccessorImpl.java:77)
	at java.base/jdk.internal.reflect.DelegatingMethodAccessorImpl.invoke(DelegatingMethodAccessorImpl.java:43)
Caused by: com.kms.katalon.core.exception.StepFailedException: Unable to verify object 'Object Repository/pago/Page_Olva Courier  Medios de pago/div_Pago con tarjeta de crdito, dbito y Yape' is present
	at com.kms.katalon.core.webui.keyword.internal.WebUIKeywordMain.stepFailed(WebUIKeywordMain.groovy:117)
	at com.kms.katalon.core.webui.keyword.internal.WebUIKeywordMain.runKeyword(WebUIKeywordMain.groovy:43)
	at com.kms.katalon.core.webui.keyword.builtin.VerifyElementPresentKeyword.verifyElementPresent(VerifyElementPresentKeyword.groovy:92)
	at com.kms.katalon.core.webui.keyword.builtin.VerifyElementPresentKeyword.execute(VerifyElementPresentKeyword.groovy:68)
	at com.kms.katalon.core.keyword.internal.KeywordExecutor.executeKeywordForPlatform(KeywordExecutor.groovy:74)
	at com.kms.katalon.core.webui.keyword.WebUiBuiltInKeywords.verifyElementPresent(WebUiBuiltInKeywords.groovy:1503)
	at Pago-exitoso.run(Pago-exitoso:20)
	at com.kms.katalon.core.main.ScriptEngine.run(ScriptEngine.java:194)
	at com.kms.katalon.core.main.ScriptEngine.runScriptAsRawText(ScriptEngine.java:119)
	at com.kms.katalon.core.main.TestCaseExecutor.runScript(TestCaseExecutor.java:448)
	at com.kms.katalon.core.main.TestCaseExecutor.doExecute(TestCaseExecutor.java:439)
	at com.kms.katalon.core.main.TestCaseExecutor.processExecutionPhase(TestCaseExecutor.java:418)
	at com.kms.katalon.core.main.TestCaseExecutor.accessMainPhase(TestCaseExecutor.java:410)
	at com.kms.katalon.core.main.TestCaseExecutor.execute(TestCaseExecutor.java:285)
	at com.kms.katalon.core.main.TestCaseMain.runTestCase(TestCaseMain.java:137)
	at com.kms.katalon.core.keyword.builtin.CallTestCaseKeyword$_callTestCase_closure1.doCall(CallTestCaseKeyword.groovy:59)
	... 24 more
Caused by: com.kms.katalon.core.exception.StepFailedException: com.kms.katalon.core.webui.exception.WebElementNotFoundException: Web element with id: 'Object Repository/pago/Page_Olva Courier  Medios de pago/div_Pago con tarjeta de crdito, dbito y Yape' located by '//div[@id='pago1']/div' not found
	at com.kms.katalon.core.webui.keyword.internal.WebUIKeywordMain.stepFailed(WebUIKeywordMain.groovy:117)
	at com.kms.katalon.core.webui.keyword.builtin.VerifyElementPresentKeyword$_verifyElementPresent_closure1.doCall(VerifyElementPresentKeyword.groovy:85)
	at com.kms.katalon.core.webui.keyword.builtin.VerifyElementPresentKeyword$_verifyElementPresent_closure1.call(VerifyElementPresentKeyword.groovy)
	at com.kms.katalon.core.webui.keyword.internal.WebUIKeywordMain.runKeyword(WebUIKeywordMain.groovy:35)
	... 38 more


27-11-2024T13:16:14 - [TEST_STEP][PASSED] - callTestCase(findTestCase("1.Inicio/1.1Principal/Principal-home"), [:], STOP_ON_FAILURE): Call Test Case 'Test Cases/1.Inicio/1.1Principal/Principal-home' successfully

27-11-2024T13:16:14 - [TEST_CASE][PASSED] - Test Cases/1.Inicio/1.1Principal/Principal-home: Test Cases/1.Inicio/1.1Principal/Principal-home

27-11-2024T13:16:14 - [TEST_STEP][PASSED] - openBrowser(""): Browser is opened with url: ''

27-11-2024T13:16:14 - [MESSAGE][WARNING] - A browser is already opened. Closing browser and opening a new one

27-11-2024T13:16:15 - [MESSAGE][INFO] - Starting 'Firefox' driver

27-11-2024T13:16:15 - [MESSAGE][INFO] - Action delay is set to 0 milliseconds

27-11-2024T13:16:22 - [MESSAGE][PASSED] - Browser is opened with url: ''

27-11-2024T13:16:22 - [TEST_STEP][PASSED] - navigateToUrl("https://dev01-registrodeenvios.olvacourier.com/principal"): Navigate to 'https://dev01-registrodeenvios.olvacourier.com/principal' successfully

27-11-2024T13:16:22 - [MESSAGE][PASSED] - Navigate to 'https://dev01-registrodeenvios.olvacourier.com/principal' successfully

27-11-2024T13:16:22 - [TEST_STEP][PASSED] - maximizeWindow(): Current window maximized

27-11-2024T13:16:23 - [MESSAGE][PASSED] - Current window maximized

27-11-2024T13:16:23 - [MESSAGE][PASSED] - Call Test Case 'Test Cases/1.Inicio/1.1Principal/Principal-home' successfully

27-11-2024T13:16:23 - [TEST_STEP][PASSED] - callTestCase(findTestCase("1.Inicio/1.1Principal/Selec_paquete"), [:], STOP_ON_FAILURE): Call Test Case 'Test Cases/1.Inicio/1.1Principal/Selec_paquete' successfully

27-11-2024T13:16:23 - [TEST_CASE][PASSED] - Test Cases/1.Inicio/1.1Principal/Selec_paquete: Test Cases/1.Inicio/1.1Principal/Selec_paquete

27-11-2024T13:16:23 - [TEST_STEP][PASSED] - click(findTestObject("Object Repository/Principal/Page_Olva Courier  Home/img_Qu deseas realizar hoy_img_paquete")): Object: 'Object Repository/Principal/Page_Olva Courier  Home/img_Qu deseas realizar hoy_img_paquete' is clicked on

27-11-2024T13:16:23 - [MESSAGE][PASSED] - Object: 'Object Repository/Principal/Page_Olva Courier  Home/img_Qu deseas realizar hoy_img_paquete' is clicked on

27-11-2024T13:16:23 - [TEST_STEP][PASSED] - click(findTestObject("Object Repository/Principal/Page_Olva Courier  Home/span_He ledo y acepto los_checkmark (1)")): Object: 'Object Repository/Principal/Page_Olva Courier  Home/span_He ledo y acepto los_checkmark (1)' is clicked on

27-11-2024T13:16:24 - [MESSAGE][PASSED] - Object: 'Object Repository/Principal/Page_Olva Courier  Home/span_He ledo y acepto los_checkmark (1)' is clicked on

27-11-2024T13:16:24 - [TEST_STEP][PASSED] - click(findTestObject("Object Repository/Principal/Page_Olva Courier  Home/button_CONTINUAR (1)")): Object: 'Object Repository/Principal/Page_Olva Courier  Home/button_CONTINUAR (1)' is clicked on

27-11-2024T13:16:25 - [MESSAGE][PASSED] - Object: 'Object Repository/Principal/Page_Olva Courier  Home/button_CONTINUAR (1)' is clicked on

27-11-2024T13:16:25 - [TEST_STEP][PASSED] - verifyElementPresent(findTestObject("Object Repository/Principal/Page_Olva Courier  Datos Personales/strong_REGISTRO DE ENVOS"), 0): Object 'Object Repository/Principal/Page_Olva Courier  Datos Personales/strong_REGISTRO DE ENVOS' is present

27-11-2024T13:16:25 - [MESSAGE][WARNING] - Timeout '0' is invalid. Using default page load timeout: '30'

27-11-2024T13:16:26 - [MESSAGE][PASSED] - Object 'Object Repository/Principal/Page_Olva Courier  Datos Personales/strong_REGISTRO DE ENVOS' is present

27-11-2024T13:16:26 - [TEST_STEP][PASSED] - verifyElementPresent(findTestObject("Object Repository/Principal/Page_Olva Courier  Datos Personales/span_Regresar (1)"), 0): Object 'Object Repository/Principal/Page_Olva Courier  Datos Personales/span_Regresar (1)' is present

27-11-2024T13:16:26 - [MESSAGE][WARNING] - Timeout '0' is invalid. Using default page load timeout: '30'

27-11-2024T13:16:26 - [MESSAGE][PASSED] - Object 'Object Repository/Principal/Page_Olva Courier  Datos Personales/span_Regresar (1)' is present

27-11-2024T13:16:26 - [TEST_STEP][PASSED] - verifyElementPresent(findTestObject("Object Repository/Principal/Page_Olva Courier  Datos Personales/span_Inicio (1)"), 0): Object 'Object Repository/Principal/Page_Olva Courier  Datos Personales/span_Inicio (1)' is present

27-11-2024T13:16:26 - [MESSAGE][WARNING] - Timeout '0' is invalid. Using default page load timeout: '30'

27-11-2024T13:16:26 - [MESSAGE][PASSED] - Object 'Object Repository/Principal/Page_Olva Courier  Datos Personales/span_Inicio (1)' is present

27-11-2024T13:16:26 - [MESSAGE][PASSED] - Call Test Case 'Test Cases/1.Inicio/1.1Principal/Selec_paquete' successfully

27-11-2024T13:16:26 - [TEST_STEP][PASSED] - callTestCase(findTestCase("1.Inicio/1.2Tipo_Doc/1.DNI"), [:], STOP_ON_FAILURE): Call Test Case 'Test Cases/1.Inicio/1.2Tipo_Doc/1.DNI' successfully

27-11-2024T13:16:26 - [TEST_CASE][PASSED] - Test Cases/1.Inicio/1.2Tipo_Doc/1.DNI: Test Cases/1.Inicio/1.2Tipo_Doc/1.DNI

27-11-2024T13:16:26 - [TEST_STEP][PASSED] - click(findTestObject("Object Repository/Login/Page_Olva Courier  Datos Personales/button_Tipo De Documento")): Object: 'Object Repository/Login/Page_Olva Courier  Datos Personales/button_Tipo De Documento' is clicked on

27-11-2024T13:16:27 - [MESSAGE][PASSED] - Object: 'Object Repository/Login/Page_Olva Courier  Datos Personales/button_Tipo De Documento' is clicked on

27-11-2024T13:16:27 - [TEST_STEP][PASSED] - click(findTestObject("Object Repository/Login/Page_Olva Courier  Datos Personales/a_DNI (Boleta)")): Object: 'Object Repository/Login/Page_Olva Courier  Datos Personales/a_DNI (Boleta)' is clicked on

27-11-2024T13:16:27 - [MESSAGE][PASSED] - Object: 'Object Repository/Login/Page_Olva Courier  Datos Personales/a_DNI (Boleta)' is clicked on

27-11-2024T13:16:27 - [TEST_STEP][PASSED] - setText(findTestObject("Object Repository/Login/Page_Olva Courier  Datos Personales/input_CARN EXT. (Boleta)_txt_documento_cliente"), "47190321"): Text '47190321' is set on object 'Object Repository/Login/Page_Olva Courier  Datos Personales/input_CARN EXT. (Boleta)_txt_documento_cliente'

27-11-2024T13:16:28 - [MESSAGE][PASSED] - Text '47190321' is set on object 'Object Repository/Login/Page_Olva Courier  Datos Personales/input_CARN EXT. (Boleta)_txt_documento_cliente'

27-11-2024T13:16:28 - [TEST_STEP][PASSED] - setText(findTestObject("Object Repository/Login/Page_Olva Courier  Datos Personales/input_CARN EXT. (Boleta)_txt_telefono_cliente"), "957378086"): Text '957378086' is set on object 'Object Repository/Login/Page_Olva Courier  Datos Personales/input_CARN EXT. (Boleta)_txt_telefono_cliente'

27-11-2024T13:16:33 - [MESSAGE][PASSED] - Text '957378086' is set on object 'Object Repository/Login/Page_Olva Courier  Datos Personales/input_CARN EXT. (Boleta)_txt_telefono_cliente'

27-11-2024T13:16:33 - [TEST_STEP][PASSED] - setText(findTestObject("Object Repository/Login/Page_Olva Courier  Datos Personales/input_Hola,_txt_email_cliente"), "riosalejosjs@gmail.com"): Text 'riosalejosjs@gmail.com' is set on object 'Object Repository/Login/Page_Olva Courier  Datos Personales/input_Hola,_txt_email_cliente'

27-11-2024T13:16:34 - [MESSAGE][PASSED] - Text 'riosalejosjs@gmail.com' is set on object 'Object Repository/Login/Page_Olva Courier  Datos Personales/input_Hola,_txt_email_cliente'

27-11-2024T13:16:34 - [MESSAGE][PASSED] - Call Test Case 'Test Cases/1.Inicio/1.2Tipo_Doc/1.DNI' successfully

27-11-2024T13:16:34 - [TEST_STEP][PASSED] - click(findTestObject("Object Repository/Positivos/Page_Olva Courier  Datos Personales/button_Seleccionar artculo")): Object: 'Object Repository/Positivos/Page_Olva Courier  Datos Personales/button_Seleccionar artculo' is clicked on

27-11-2024T13:16:34 - [MESSAGE][PASSED] - Object: 'Object Repository/Positivos/Page_Olva Courier  Datos Personales/button_Seleccionar artculo' is clicked on

27-11-2024T13:16:34 - [TEST_STEP][PASSED] - click(findTestObject("Object Repository/Positivos/Page_Olva Courier  Datos Personales/a_ACCESORIOS PARA FIESTAS")): Object: 'Object Repository/Positivos/Page_Olva Courier  Datos Personales/a_ACCESORIOS PARA FIESTAS' is clicked on

27-11-2024T13:16:35 - [MESSAGE][PASSED] - Object: 'Object Repository/Positivos/Page_Olva Courier  Datos Personales/a_ACCESORIOS PARA FIESTAS' is clicked on

27-11-2024T13:16:35 - [TEST_STEP][PASSED] - setText(findTestObject("Object Repository/Positivos/Page_Olva Courier  Datos Personales/input_UTILES DE OFICINA_txt_paquete_articulo (1)"), "DFdf"): Text 'DFdf' is set on object 'Object Repository/Positivos/Page_Olva Courier  Datos Personales/input_UTILES DE OFICINA_txt_paquete_articulo (1)'

27-11-2024T13:16:35 - [MESSAGE][PASSED] - Text 'DFdf' is set on object 'Object Repository/Positivos/Page_Olva Courier  Datos Personales/input_UTILES DE OFICINA_txt_paquete_articulo (1)'

27-11-2024T13:16:35 - [TEST_STEP][PASSED] - setText(findTestObject("Object Repository/Positivos/Page_Olva Courier  Datos Personales/input_UTILES DE OFICINA_txt_paquete_valor (1)"), "25"): Text '25' is set on object 'Object Repository/Positivos/Page_Olva Courier  Datos Personales/input_UTILES DE OFICINA_txt_paquete_valor (1)'

27-11-2024T13:16:36 - [MESSAGE][PASSED] - Text '25' is set on object 'Object Repository/Positivos/Page_Olva Courier  Datos Personales/input_UTILES DE OFICINA_txt_paquete_valor (1)'

27-11-2024T13:16:36 - [TEST_STEP][PASSED] - click(findTestObject("Object Repository/Positivos/Page_Olva Courier  Datos Personales/div_Hasta 2Kg (1)")): Object: 'Object Repository/Positivos/Page_Olva Courier  Datos Personales/div_Hasta 2Kg (1)' is clicked on

27-11-2024T13:16:37 - [MESSAGE][PASSED] - Object: 'Object Repository/Positivos/Page_Olva Courier  Datos Personales/div_Hasta 2Kg (1)' is clicked on

27-11-2024T13:16:37 - [TEST_STEP][PASSED] - scrollToElement(findTestObject("Object Repository/Positivos/Page_Olva Courier  Datos Personales/button_Ingrese el punto de llegada (1)"), 0): Scroll to object 'Object Repository/Positivos/Page_Olva Courier  Datos Personales/button_Ingrese el punto de llegada (1)' successfully

27-11-2024T13:16:37 - [MESSAGE][WARNING] - Timeout '0' is invalid. Using default page load timeout: '30'

27-11-2024T13:16:37 - [MESSAGE][PASSED] - Scroll to object 'Object Repository/Positivos/Page_Olva Courier  Datos Personales/button_Ingrese el punto de llegada (1)' successfully

27-11-2024T13:16:37 - [TEST_STEP][PASSED] - click(findTestObject("Object Repository/Positivos/Page_Olva Courier  Datos Personales/button_Ingrese el punto de llegada (1)")): Object: 'Object Repository/Positivos/Page_Olva Courier  Datos Personales/button_Ingrese el punto de llegada (1)' is clicked on

27-11-2024T13:16:38 - [MESSAGE][PASSED] - Object: 'Object Repository/Positivos/Page_Olva Courier  Datos Personales/button_Ingrese el punto de llegada (1)' is clicked on

27-11-2024T13:16:38 - [TEST_STEP][PASSED] - click(findTestObject("Object Repository/Positivos/Page_Olva Courier  Datos Personales/a_AMAZONAS - BAGUA - EL PARCO")): Object: 'Object Repository/Positivos/Page_Olva Courier  Datos Personales/a_AMAZONAS - BAGUA - EL PARCO' is clicked on

27-11-2024T13:16:41 - [MESSAGE][PASSED] - Object: 'Object Repository/Positivos/Page_Olva Courier  Datos Personales/a_AMAZONAS - BAGUA - EL PARCO' is clicked on

27-11-2024T13:16:41 - [TEST_STEP][PASSED] - click(findTestObject("Object Repository/Positivos/Page_Olva Courier  Datos Personales/button_Entrega a domicilio")): Object: 'Object Repository/Positivos/Page_Olva Courier  Datos Personales/button_Entrega a domicilio' is clicked on

27-11-2024T13:16:42 - [MESSAGE][PASSED] - Object: 'Object Repository/Positivos/Page_Olva Courier  Datos Personales/button_Entrega a domicilio' is clicked on

27-11-2024T13:16:42 - [TEST_STEP][PASSED] - click(findTestObject("Object Repository/Positivos/Page_Olva Courier  Datos Personales/a_Recojo en tienda (1)")): Object: 'Object Repository/Positivos/Page_Olva Courier  Datos Personales/a_Recojo en tienda (1)' is clicked on

27-11-2024T13:16:42 - [MESSAGE][PASSED] - Object: 'Object Repository/Positivos/Page_Olva Courier  Datos Personales/a_Recojo en tienda (1)' is clicked on

27-11-2024T13:16:42 - [TEST_STEP][PASSED] - verifyElementText(findTestObject("Object Repository/Positivos/Page_Olva Courier  Datos Personales/p_No se encontr oficinas en el destino sele_1183e7"), "No se encontró oficinas en el destino seleccionado."): Actual text and expected text of test object 'Object Repository/Positivos/Page_Olva Courier  Datos Personales/p_No se encontr oficinas en el destino sele_1183e7' are matched.

27-11-2024T13:16:43 - [MESSAGE][PASSED] - Actual text and expected text of test object 'Object Repository/Positivos/Page_Olva Courier  Datos Personales/p_No se encontr oficinas en el destino sele_1183e7' are matched.

27-11-2024T13:16:43 - [TEST_STEP][PASSED] - click(findTestObject("Object Repository/Positivos/Page_Olva Courier  Datos Personales/button_Aceptar")): Object: 'Object Repository/Positivos/Page_Olva Courier  Datos Personales/button_Aceptar' is clicked on

27-11-2024T13:16:43 - [MESSAGE][PASSED] - Object: 'Object Repository/Positivos/Page_Olva Courier  Datos Personales/button_Aceptar' is clicked on

27-11-2024T13:16:43 - [TEST_STEP][FAILED] - callTestCase(findTestCase("1.Inicio/1.3Pago_POS/Pago-exitoso"), [:], STOP_ON_FAILURE): Unable to call Test Case 'Test Cases/1.Inicio/1.3Pago_POS/Pago-exitoso' (Root cause: com.kms.katalon.core.exception.StepFailedException: Call Test Case 'Test Cases/1.Inicio/1.3Pago_POS/Pago-exitoso' failed
	at com.kms.katalon.core.keyword.builtin.CallTestCaseKeyword$_callTestCase_closure1.doCall(CallTestCaseKeyword.groovy:63)
	at com.kms.katalon.core.keyword.builtin.CallTestCaseKeyword$_callTestCase_closure1.call(CallTestCaseKeyword.groovy)
	at com.kms.katalon.core.keyword.internal.KeywordMain.runKeyword(KeywordMain.groovy:75)
	at com.kms.katalon.core.keyword.builtin.CallTestCaseKeyword.callTestCase(CallTestCaseKeyword.groovy:81)
	at com.kms.katalon.core.keyword.builtin.CallTestCaseKeyword.execute(CallTestCaseKeyword.groovy:44)
	at com.kms.katalon.core.keyword.internal.KeywordExecutor.executeKeywordForPlatform(KeywordExecutor.groovy:74)
	at com.kms.katalon.core.keyword.BuiltinKeywords.callTestCase(BuiltinKeywords.groovy:310)
	at jdk.internal.reflect.GeneratedMethodAccessor25.invoke(Unknown Source)
	at java.base/jdk.internal.reflect.DelegatingMethodAccessorImpl.invoke(DelegatingMethodAccessorImpl.java:43)
	at Restricción-O.run(Restricción-O:54)
	at com.kms.katalon.core.main.ScriptEngine.run(ScriptEngine.java:194)
	at com.kms.katalon.core.main.ScriptEngine.runScriptAsRawText(ScriptEngine.java:119)
	at com.kms.katalon.core.main.TestCaseExecutor.runScript(TestCaseExecutor.java:448)
	at com.kms.katalon.core.main.TestCaseExecutor.doExecute(TestCaseExecutor.java:439)
	at com.kms.katalon.core.main.TestCaseExecutor.processExecutionPhase(TestCaseExecutor.java:418)
	at com.kms.katalon.core.main.TestCaseExecutor.accessMainPhase(TestCaseExecutor.java:410)
	at com.kms.katalon.core.main.TestCaseExecutor.execute(TestCaseExecutor.java:285)
	at com.kms.katalon.core.common.CommonExecutor.accessTestCaseMainPhase(CommonExecutor.java:65)
	at com.kms.katalon.core.main.TestSuiteExecutor.accessTestSuiteMainPhase(TestSuiteExecutor.java:150)
	at com.kms.katalon.core.main.TestSuiteExecutor.execute(TestSuiteExecutor.java:106)
	at com.kms.katalon.core.main.TestCaseMain.startTestSuite(TestCaseMain.java:180)
	at TempTestSuite1732729948317.run(TempTestSuite1732729948317.groovy:35)
	at java.base/jdk.internal.reflect.NativeMethodAccessorImpl.invoke0(Native Method)
	at java.base/jdk.internal.reflect.NativeMethodAccessorImpl.invoke(NativeMethodAccessorImpl.java:77)
	at java.base/jdk.internal.reflect.DelegatingMethodAccessorImpl.invoke(DelegatingMethodAccessorImpl.java:43)
Caused by: com.kms.katalon.core.exception.StepFailedException: Unable to verify object 'Object Repository/pago/Page_Olva Courier  Medios de pago/div_Pago con tarjeta de crdito, dbito y Yape' is present
	at com.kms.katalon.core.webui.keyword.internal.WebUIKeywordMain.stepFailed(WebUIKeywordMain.groovy:117)
	at com.kms.katalon.core.webui.keyword.internal.WebUIKeywordMain.runKeyword(WebUIKeywordMain.groovy:43)
	at com.kms.katalon.core.webui.keyword.builtin.VerifyElementPresentKeyword.verifyElementPresent(VerifyElementPresentKeyword.groovy:92)
	at com.kms.katalon.core.webui.keyword.builtin.VerifyElementPresentKeyword.execute(VerifyElementPresentKeyword.groovy:68)
	at com.kms.katalon.core.keyword.internal.KeywordExecutor.executeKeywordForPlatform(KeywordExecutor.groovy:74)
	at com.kms.katalon.core.webui.keyword.WebUiBuiltInKeywords.verifyElementPresent(WebUiBuiltInKeywords.groovy:1503)
	at Pago-exitoso.run(Pago-exitoso:20)
	at com.kms.katalon.core.main.ScriptEngine.run(ScriptEngine.java:194)
	at com.kms.katalon.core.main.ScriptEngine.runScriptAsRawText(ScriptEngine.java:119)
	at com.kms.katalon.core.main.TestCaseExecutor.runScript(TestCaseExecutor.java:448)
	at com.kms.katalon.core.main.TestCaseExecutor.doExecute(TestCaseExecutor.java:439)
	at com.kms.katalon.core.main.TestCaseExecutor.processExecutionPhase(TestCaseExecutor.java:418)
	at com.kms.katalon.core.main.TestCaseExecutor.accessMainPhase(TestCaseExecutor.java:410)
	at com.kms.katalon.core.main.TestCaseExecutor.execute(TestCaseExecutor.java:285)
	at com.kms.katalon.core.main.TestCaseMain.runTestCase(TestCaseMain.java:137)
	at com.kms.katalon.core.keyword.builtin.CallTestCaseKeyword$_callTestCase_closure1.doCall(CallTestCaseKeyword.groovy:59)
	... 24 more
Caused by: com.kms.katalon.core.exception.StepFailedException: com.kms.katalon.core.webui.exception.WebElementNotFoundException: Web element with id: 'Object Repository/pago/Page_Olva Courier  Medios de pago/div_Pago con tarjeta de crdito, dbito y Yape' located by '//div[@id='pago1']/div' not found
	at com.kms.katalon.core.webui.keyword.internal.WebUIKeywordMain.stepFailed(WebUIKeywordMain.groovy:117)
	at com.kms.katalon.core.webui.keyword.builtin.VerifyElementPresentKeyword$_verifyElementPresent_closure1.doCall(VerifyElementPresentKeyword.groovy:85)
	at com.kms.katalon.core.webui.keyword.builtin.VerifyElementPresentKeyword$_verifyElementPresent_closure1.call(VerifyElementPresentKeyword.groovy)
	at com.kms.katalon.core.webui.keyword.internal.WebUIKeywordMain.runKeyword(WebUIKeywordMain.groovy:35)
	... 38 more
)

27-11-2024T13:16:43 - [TEST_CASE][FAILED] - Test Cases/1.Inicio/1.3Pago_POS/Pago-exitoso: Test Cases/1.Inicio/1.3Pago_POS/Pago-exitoso FAILED.
Reason:
com.kms.katalon.core.exception.StepFailedException: Unable to verify object 'Object Repository/pago/Page_Olva Courier  Medios de pago/div_Pago con tarjeta de crdito, dbito y Yape' is present
	at com.kms.katalon.core.webui.keyword.internal.WebUIKeywordMain.stepFailed(WebUIKeywordMain.groovy:117)
	at com.kms.katalon.core.webui.keyword.internal.WebUIKeywordMain.runKeyword(WebUIKeywordMain.groovy:43)
	at com.kms.katalon.core.webui.keyword.builtin.VerifyElementPresentKeyword.verifyElementPresent(VerifyElementPresentKeyword.groovy:92)
	at com.kms.katalon.core.webui.keyword.builtin.VerifyElementPresentKeyword.execute(VerifyElementPresentKeyword.groovy:68)
	at com.kms.katalon.core.keyword.internal.KeywordExecutor.executeKeywordForPlatform(KeywordExecutor.groovy:74)
	at com.kms.katalon.core.webui.keyword.WebUiBuiltInKeywords.verifyElementPresent(WebUiBuiltInKeywords.groovy:1503)
	at Pago-exitoso.run(Pago-exitoso:20)
	at com.kms.katalon.core.main.ScriptEngine.run(ScriptEngine.java:194)
	at com.kms.katalon.core.main.ScriptEngine.runScriptAsRawText(ScriptEngine.java:119)
	at com.kms.katalon.core.main.TestCaseExecutor.runScript(TestCaseExecutor.java:448)
	at com.kms.katalon.core.main.TestCaseExecutor.doExecute(TestCaseExecutor.java:439)
	at com.kms.katalon.core.main.TestCaseExecutor.processExecutionPhase(TestCaseExecutor.java:418)
	at com.kms.katalon.core.main.TestCaseExecutor.accessMainPhase(TestCaseExecutor.java:410)
	at com.kms.katalon.core.main.TestCaseExecutor.execute(TestCaseExecutor.java:285)
	at com.kms.katalon.core.main.TestCaseMain.runTestCase(TestCaseMain.java:137)
	at com.kms.katalon.core.keyword.builtin.CallTestCaseKeyword$_callTestCase_closure1.doCall(CallTestCaseKeyword.groovy:59)
	at com.kms.katalon.core.keyword.builtin.CallTestCaseKeyword$_callTestCase_closure1.call(CallTestCaseKeyword.groovy)
	at com.kms.katalon.core.keyword.internal.KeywordMain.runKeyword(KeywordMain.groovy:75)
	at com.kms.katalon.core.keyword.builtin.CallTestCaseKeyword.callTestCase(CallTestCaseKeyword.groovy:81)
	at com.kms.katalon.core.keyword.builtin.CallTestCaseKeyword.execute(CallTestCaseKeyword.groovy:44)
	at com.kms.katalon.core.keyword.internal.KeywordExecutor.executeKeywordForPlatform(KeywordExecutor.groovy:74)
	at com.kms.katalon.core.keyword.BuiltinKeywords.callTestCase(BuiltinKeywords.groovy:310)
	at jdk.internal.reflect.GeneratedMethodAccessor25.invoke(Unknown Source)
	at java.base/jdk.internal.reflect.DelegatingMethodAccessorImpl.invoke(DelegatingMethodAccessorImpl.java:43)
	at Restricción-O.run(Restricción-O:54)
	at com.kms.katalon.core.main.ScriptEngine.run(ScriptEngine.java:194)
	at com.kms.katalon.core.main.ScriptEngine.runScriptAsRawText(ScriptEngine.java:119)
	at com.kms.katalon.core.main.TestCaseExecutor.runScript(TestCaseExecutor.java:448)
	at com.kms.katalon.core.main.TestCaseExecutor.doExecute(TestCaseExecutor.java:439)
	at com.kms.katalon.core.main.TestCaseExecutor.processExecutionPhase(TestCaseExecutor.java:418)
	at com.kms.katalon.core.main.TestCaseExecutor.accessMainPhase(TestCaseExecutor.java:410)
	at com.kms.katalon.core.main.TestCaseExecutor.execute(TestCaseExecutor.java:285)
	at com.kms.katalon.core.common.CommonExecutor.accessTestCaseMainPhase(CommonExecutor.java:65)
	at com.kms.katalon.core.main.TestSuiteExecutor.accessTestSuiteMainPhase(TestSuiteExecutor.java:150)
	at com.kms.katalon.core.main.TestSuiteExecutor.execute(TestSuiteExecutor.java:106)
	at com.kms.katalon.core.main.TestCaseMain.startTestSuite(TestCaseMain.java:180)
	at TempTestSuite1732729948317.run(TempTestSuite1732729948317.groovy:35)
	at java.base/jdk.internal.reflect.NativeMethodAccessorImpl.invoke0(Native Method)
	at java.base/jdk.internal.reflect.NativeMethodAccessorImpl.invoke(NativeMethodAccessorImpl.java:77)
	at java.base/jdk.internal.reflect.DelegatingMethodAccessorImpl.invoke(DelegatingMethodAccessorImpl.java:43)
Caused by: com.kms.katalon.core.exception.StepFailedException: com.kms.katalon.core.webui.exception.WebElementNotFoundException: Web element with id: 'Object Repository/pago/Page_Olva Courier  Medios de pago/div_Pago con tarjeta de crdito, dbito y Yape' located by '//div[@id='pago1']/div' not found
	at com.kms.katalon.core.webui.keyword.internal.WebUIKeywordMain.stepFailed(WebUIKeywordMain.groovy:117)
	at com.kms.katalon.core.webui.keyword.builtin.VerifyElementPresentKeyword$_verifyElementPresent_closure1.doCall(VerifyElementPresentKeyword.groovy:85)
	at com.kms.katalon.core.webui.keyword.builtin.VerifyElementPresentKeyword$_verifyElementPresent_closure1.call(VerifyElementPresentKeyword.groovy)
	at com.kms.katalon.core.webui.keyword.internal.WebUIKeywordMain.runKeyword(WebUIKeywordMain.groovy:35)
	... 38 more


27-11-2024T13:16:43 - [TEST_STEP][FAILED] - verifyElementPresent(findTestObject("Object Repository/pago/Page_Olva Courier  Medios de pago/div_Pago con tarjeta de crdito, dbito y Yape"), 0): Unable to verify object 'Object Repository/pago/Page_Olva Courier  Medios de pago/div_Pago con tarjeta de crdito, dbito y Yape' is present (Root cause: com.kms.katalon.core.exception.StepFailedException: Unable to verify object 'Object Repository/pago/Page_Olva Courier  Medios de pago/div_Pago con tarjeta de crdito, dbito y Yape' is present
	at com.kms.katalon.core.webui.keyword.internal.WebUIKeywordMain.stepFailed(WebUIKeywordMain.groovy:117)
	at com.kms.katalon.core.webui.keyword.internal.WebUIKeywordMain.runKeyword(WebUIKeywordMain.groovy:43)
	at com.kms.katalon.core.webui.keyword.builtin.VerifyElementPresentKeyword.verifyElementPresent(VerifyElementPresentKeyword.groovy:92)
	at com.kms.katalon.core.webui.keyword.builtin.VerifyElementPresentKeyword.execute(VerifyElementPresentKeyword.groovy:68)
	at com.kms.katalon.core.keyword.internal.KeywordExecutor.executeKeywordForPlatform(KeywordExecutor.groovy:74)
	at com.kms.katalon.core.webui.keyword.WebUiBuiltInKeywords.verifyElementPresent(WebUiBuiltInKeywords.groovy:1503)
	at Pago-exitoso.run(Pago-exitoso:20)
	at com.kms.katalon.core.main.ScriptEngine.run(ScriptEngine.java:194)
	at com.kms.katalon.core.main.ScriptEngine.runScriptAsRawText(ScriptEngine.java:119)
	at com.kms.katalon.core.main.TestCaseExecutor.runScript(TestCaseExecutor.java:448)
	at com.kms.katalon.core.main.TestCaseExecutor.doExecute(TestCaseExecutor.java:439)
	at com.kms.katalon.core.main.TestCaseExecutor.processExecutionPhase(TestCaseExecutor.java:418)
	at com.kms.katalon.core.main.TestCaseExecutor.accessMainPhase(TestCaseExecutor.java:410)
	at com.kms.katalon.core.main.TestCaseExecutor.execute(TestCaseExecutor.java:285)
	at com.kms.katalon.core.main.TestCaseMain.runTestCase(TestCaseMain.java:137)
	at com.kms.katalon.core.keyword.builtin.CallTestCaseKeyword$_callTestCase_closure1.doCall(CallTestCaseKeyword.groovy:59)
	at com.kms.katalon.core.keyword.builtin.CallTestCaseKeyword$_callTestCase_closure1.call(CallTestCaseKeyword.groovy)
	at com.kms.katalon.core.keyword.internal.KeywordMain.runKeyword(KeywordMain.groovy:75)
	at com.kms.katalon.core.keyword.builtin.CallTestCaseKeyword.callTestCase(CallTestCaseKeyword.groovy:81)
	at com.kms.katalon.core.keyword.builtin.CallTestCaseKeyword.execute(CallTestCaseKeyword.groovy:44)
	at com.kms.katalon.core.keyword.internal.KeywordExecutor.executeKeywordForPlatform(KeywordExecutor.groovy:74)
	at com.kms.katalon.core.keyword.BuiltinKeywords.callTestCase(BuiltinKeywords.groovy:310)
	at jdk.internal.reflect.GeneratedMethodAccessor25.invoke(Unknown Source)
	at java.base/jdk.internal.reflect.DelegatingMethodAccessorImpl.invoke(DelegatingMethodAccessorImpl.java:43)
	at Restricción-O.run(Restricción-O:54)
	at com.kms.katalon.core.main.ScriptEngine.run(ScriptEngine.java:194)
	at com.kms.katalon.core.main.ScriptEngine.runScriptAsRawText(ScriptEngine.java:119)
	at com.kms.katalon.core.main.TestCaseExecutor.runScript(TestCaseExecutor.java:448)
	at com.kms.katalon.core.main.TestCaseExecutor.doExecute(TestCaseExecutor.java:439)
	at com.kms.katalon.core.main.TestCaseExecutor.processExecutionPhase(TestCaseExecutor.java:418)
	at com.kms.katalon.core.main.TestCaseExecutor.accessMainPhase(TestCaseExecutor.java:410)
	at com.kms.katalon.core.main.TestCaseExecutor.execute(TestCaseExecutor.java:285)
	at com.kms.katalon.core.common.CommonExecutor.accessTestCaseMainPhase(CommonExecutor.java:65)
	at com.kms.katalon.core.main.TestSuiteExecutor.accessTestSuiteMainPhase(TestSuiteExecutor.java:150)
	at com.kms.katalon.core.main.TestSuiteExecutor.execute(TestSuiteExecutor.java:106)
	at com.kms.katalon.core.main.TestCaseMain.startTestSuite(TestCaseMain.java:180)
	at TempTestSuite1732729948317.run(TempTestSuite1732729948317.groovy:35)
	at java.base/jdk.internal.reflect.NativeMethodAccessorImpl.invoke0(Native Method)
	at java.base/jdk.internal.reflect.NativeMethodAccessorImpl.invoke(NativeMethodAccessorImpl.java:77)
	at java.base/jdk.internal.reflect.DelegatingMethodAccessorImpl.invoke(DelegatingMethodAccessorImpl.java:43)
Caused by: com.kms.katalon.core.exception.StepFailedException: com.kms.katalon.core.webui.exception.WebElementNotFoundException: Web element with id: 'Object Repository/pago/Page_Olva Courier  Medios de pago/div_Pago con tarjeta de crdito, dbito y Yape' located by '//div[@id='pago1']/div' not found
	at com.kms.katalon.core.webui.keyword.internal.WebUIKeywordMain.stepFailed(WebUIKeywordMain.groovy:117)
	at com.kms.katalon.core.webui.keyword.builtin.VerifyElementPresentKeyword$_verifyElementPresent_closure1.doCall(VerifyElementPresentKeyword.groovy:85)
	at com.kms.katalon.core.webui.keyword.builtin.VerifyElementPresentKeyword$_verifyElementPresent_closure1.call(VerifyElementPresentKeyword.groovy)
	at com.kms.katalon.core.webui.keyword.internal.WebUIKeywordMain.runKeyword(WebUIKeywordMain.groovy:35)
	... 38 more
)

27-11-2024T13:16:43 - [MESSAGE][WARNING] - Timeout '0' is invalid. Using default page load timeout: '30'

27-11-2024T13:17:14 - [MESSAGE][INFO] - Unable to find the element located by 'By.xpath: //div[@id='pago1']/div'. Please recheck the objects properties to make sure the desired element is located. 

27-11-2024T13:17:14 - [MESSAGE][FAILED] - com.kms.katalon.core.webui.exception.WebElementNotFoundException: Web element with id: 'Object Repository/pago/Page_Olva Courier  Medios de pago/div_Pago con tarjeta de crdito, dbito y Yape' located by '//div[@id='pago1']/div' not found (Root cause: com.kms.katalon.core.exception.StepFailedException: com.kms.katalon.core.webui.exception.WebElementNotFoundException: Web element with id: 'Object Repository/pago/Page_Olva Courier  Medios de pago/div_Pago con tarjeta de crdito, dbito y Yape' located by '//div[@id='pago1']/div' not found
	at com.kms.katalon.core.webui.keyword.internal.WebUIKeywordMain.stepFailed(WebUIKeywordMain.groovy:117)
	at com.kms.katalon.core.webui.keyword.builtin.VerifyElementPresentKeyword$_verifyElementPresent_closure1.doCall(VerifyElementPresentKeyword.groovy:85)
	at com.kms.katalon.core.webui.keyword.builtin.VerifyElementPresentKeyword$_verifyElementPresent_closure1.call(VerifyElementPresentKeyword.groovy)
	at com.kms.katalon.core.webui.keyword.internal.WebUIKeywordMain.runKeyword(WebUIKeywordMain.groovy:35)
	at com.kms.katalon.core.webui.keyword.builtin.VerifyElementPresentKeyword.verifyElementPresent(VerifyElementPresentKeyword.groovy:92)
	at com.kms.katalon.core.webui.keyword.builtin.VerifyElementPresentKeyword.execute(VerifyElementPresentKeyword.groovy:68)
	at com.kms.katalon.core.keyword.internal.KeywordExecutor.executeKeywordForPlatform(KeywordExecutor.groovy:74)
	at com.kms.katalon.core.webui.keyword.WebUiBuiltInKeywords.verifyElementPresent(WebUiBuiltInKeywords.groovy:1503)
	at Pago-exitoso.run(Pago-exitoso:20)
	at com.kms.katalon.core.main.ScriptEngine.run(ScriptEngine.java:194)
	at com.kms.katalon.core.main.ScriptEngine.runScriptAsRawText(ScriptEngine.java:119)
	at com.kms.katalon.core.main.TestCaseExecutor.runScript(TestCaseExecutor.java:448)
	at com.kms.katalon.core.main.TestCaseExecutor.doExecute(TestCaseExecutor.java:439)
	at com.kms.katalon.core.main.TestCaseExecutor.processExecutionPhase(TestCaseExecutor.java:418)
	at com.kms.katalon.core.main.TestCaseExecutor.accessMainPhase(TestCaseExecutor.java:410)
	at com.kms.katalon.core.main.TestCaseExecutor.execute(TestCaseExecutor.java:285)
	at com.kms.katalon.core.main.TestCaseMain.runTestCase(TestCaseMain.java:137)
	at com.kms.katalon.core.keyword.builtin.CallTestCaseKeyword$_callTestCase_closure1.doCall(CallTestCaseKeyword.groovy:59)
	at com.kms.katalon.core.keyword.builtin.CallTestCaseKeyword$_callTestCase_closure1.call(CallTestCaseKeyword.groovy)
	at com.kms.katalon.core.keyword.internal.KeywordMain.runKeyword(KeywordMain.groovy:75)
	at com.kms.katalon.core.keyword.builtin.CallTestCaseKeyword.callTestCase(CallTestCaseKeyword.groovy:81)
	at com.kms.katalon.core.keyword.builtin.CallTestCaseKeyword.execute(CallTestCaseKeyword.groovy:44)
	at com.kms.katalon.core.keyword.internal.KeywordExecutor.executeKeywordForPlatform(KeywordExecutor.groovy:74)
	at com.kms.katalon.core.keyword.BuiltinKeywords.callTestCase(BuiltinKeywords.groovy:310)
	at jdk.internal.reflect.GeneratedMethodAccessor25.invoke(Unknown Source)
	at java.base/jdk.internal.reflect.DelegatingMethodAccessorImpl.invoke(DelegatingMethodAccessorImpl.java:43)
	at Restricción-O.run(Restricción-O:54)
	at com.kms.katalon.core.main.ScriptEngine.run(ScriptEngine.java:194)
	at com.kms.katalon.core.main.ScriptEngine.runScriptAsRawText(ScriptEngine.java:119)
	at com.kms.katalon.core.main.TestCaseExecutor.runScript(TestCaseExecutor.java:448)
	at com.kms.katalon.core.main.TestCaseExecutor.doExecute(TestCaseExecutor.java:439)
	at com.kms.katalon.core.main.TestCaseExecutor.processExecutionPhase(TestCaseExecutor.java:418)
	at com.kms.katalon.core.main.TestCaseExecutor.accessMainPhase(TestCaseExecutor.java:410)
	at com.kms.katalon.core.main.TestCaseExecutor.execute(TestCaseExecutor.java:285)
	at com.kms.katalon.core.common.CommonExecutor.accessTestCaseMainPhase(CommonExecutor.java:65)
	at com.kms.katalon.core.main.TestSuiteExecutor.accessTestSuiteMainPhase(TestSuiteExecutor.java:150)
	at com.kms.katalon.core.main.TestSuiteExecutor.execute(TestSuiteExecutor.java:106)
	at com.kms.katalon.core.main.TestCaseMain.startTestSuite(TestCaseMain.java:180)
	at TempTestSuite1732729948317.run(TempTestSuite1732729948317.groovy:35)
	at java.base/jdk.internal.reflect.NativeMethodAccessorImpl.invoke0(Native Method)
	at java.base/jdk.internal.reflect.NativeMethodAccessorImpl.invoke(NativeMethodAccessorImpl.java:77)
	at java.base/jdk.internal.reflect.DelegatingMethodAccessorImpl.invoke(DelegatingMethodAccessorImpl.java:43)
)

27-11-2024T13:17:14 - [MESSAGE][FAILED] - Unable to verify object 'Object Repository/pago/Page_Olva Courier  Medios de pago/div_Pago con tarjeta de crdito, dbito y Yape' is present (Root cause: com.kms.katalon.core.exception.StepFailedException: Unable to verify object 'Object Repository/pago/Page_Olva Courier  Medios de pago/div_Pago con tarjeta de crdito, dbito y Yape' is present
	at com.kms.katalon.core.webui.keyword.internal.WebUIKeywordMain.stepFailed(WebUIKeywordMain.groovy:117)
	at com.kms.katalon.core.webui.keyword.internal.WebUIKeywordMain.runKeyword(WebUIKeywordMain.groovy:43)
	at com.kms.katalon.core.webui.keyword.builtin.VerifyElementPresentKeyword.verifyElementPresent(VerifyElementPresentKeyword.groovy:92)
	at com.kms.katalon.core.webui.keyword.builtin.VerifyElementPresentKeyword.execute(VerifyElementPresentKeyword.groovy:68)
	at com.kms.katalon.core.keyword.internal.KeywordExecutor.executeKeywordForPlatform(KeywordExecutor.groovy:74)
	at com.kms.katalon.core.webui.keyword.WebUiBuiltInKeywords.verifyElementPresent(WebUiBuiltInKeywords.groovy:1503)
	at Pago-exitoso.run(Pago-exitoso:20)
	at com.kms.katalon.core.main.ScriptEngine.run(ScriptEngine.java:194)
	at com.kms.katalon.core.main.ScriptEngine.runScriptAsRawText(ScriptEngine.java:119)
	at com.kms.katalon.core.main.TestCaseExecutor.runScript(TestCaseExecutor.java:448)
	at com.kms.katalon.core.main.TestCaseExecutor.doExecute(TestCaseExecutor.java:439)
	at com.kms.katalon.core.main.TestCaseExecutor.processExecutionPhase(TestCaseExecutor.java:418)
	at com.kms.katalon.core.main.TestCaseExecutor.accessMainPhase(TestCaseExecutor.java:410)
	at com.kms.katalon.core.main.TestCaseExecutor.execute(TestCaseExecutor.java:285)
	at com.kms.katalon.core.main.TestCaseMain.runTestCase(TestCaseMain.java:137)
	at com.kms.katalon.core.keyword.builtin.CallTestCaseKeyword$_callTestCase_closure1.doCall(CallTestCaseKeyword.groovy:59)
	at com.kms.katalon.core.keyword.builtin.CallTestCaseKeyword$_callTestCase_closure1.call(CallTestCaseKeyword.groovy)
	at com.kms.katalon.core.keyword.internal.KeywordMain.runKeyword(KeywordMain.groovy:75)
	at com.kms.katalon.core.keyword.builtin.CallTestCaseKeyword.callTestCase(CallTestCaseKeyword.groovy:81)
	at com.kms.katalon.core.keyword.builtin.CallTestCaseKeyword.execute(CallTestCaseKeyword.groovy:44)
	at com.kms.katalon.core.keyword.internal.KeywordExecutor.executeKeywordForPlatform(KeywordExecutor.groovy:74)
	at com.kms.katalon.core.keyword.BuiltinKeywords.callTestCase(BuiltinKeywords.groovy:310)
	at jdk.internal.reflect.GeneratedMethodAccessor25.invoke(Unknown Source)
	at java.base/jdk.internal.reflect.DelegatingMethodAccessorImpl.invoke(DelegatingMethodAccessorImpl.java:43)
	at Restricción-O.run(Restricción-O:54)
	at com.kms.katalon.core.main.ScriptEngine.run(ScriptEngine.java:194)
	at com.kms.katalon.core.main.ScriptEngine.runScriptAsRawText(ScriptEngine.java:119)
	at com.kms.katalon.core.main.TestCaseExecutor.runScript(TestCaseExecutor.java:448)
	at com.kms.katalon.core.main.TestCaseExecutor.doExecute(TestCaseExecutor.java:439)
	at com.kms.katalon.core.main.TestCaseExecutor.processExecutionPhase(TestCaseExecutor.java:418)
	at com.kms.katalon.core.main.TestCaseExecutor.accessMainPhase(TestCaseExecutor.java:410)
	at com.kms.katalon.core.main.TestCaseExecutor.execute(TestCaseExecutor.java:285)
	at com.kms.katalon.core.common.CommonExecutor.accessTestCaseMainPhase(CommonExecutor.java:65)
	at com.kms.katalon.core.main.TestSuiteExecutor.accessTestSuiteMainPhase(TestSuiteExecutor.java:150)
	at com.kms.katalon.core.main.TestSuiteExecutor.execute(TestSuiteExecutor.java:106)
	at com.kms.katalon.core.main.TestCaseMain.startTestSuite(TestCaseMain.java:180)
	at TempTestSuite1732729948317.run(TempTestSuite1732729948317.groovy:35)
	at java.base/jdk.internal.reflect.NativeMethodAccessorImpl.invoke0(Native Method)
	at java.base/jdk.internal.reflect.NativeMethodAccessorImpl.invoke(NativeMethodAccessorImpl.java:77)
	at java.base/jdk.internal.reflect.DelegatingMethodAccessorImpl.invoke(DelegatingMethodAccessorImpl.java:43)
Caused by: com.kms.katalon.core.exception.StepFailedException: com.kms.katalon.core.webui.exception.WebElementNotFoundException: Web element with id: 'Object Repository/pago/Page_Olva Courier  Medios de pago/div_Pago con tarjeta de crdito, dbito y Yape' located by '//div[@id='pago1']/div' not found
	at com.kms.katalon.core.webui.keyword.internal.WebUIKeywordMain.stepFailed(WebUIKeywordMain.groovy:117)
	at com.kms.katalon.core.webui.keyword.builtin.VerifyElementPresentKeyword$_verifyElementPresent_closure1.doCall(VerifyElementPresentKeyword.groovy:85)
	at com.kms.katalon.core.webui.keyword.builtin.VerifyElementPresentKeyword$_verifyElementPresent_closure1.call(VerifyElementPresentKeyword.groovy)
	at com.kms.katalon.core.webui.keyword.internal.WebUIKeywordMain.runKeyword(WebUIKeywordMain.groovy:35)
	... 38 more
)

27-11-2024T13:17:14 - [MESSAGE][FAILED] - Unable to call Test Case 'Test Cases/1.Inicio/1.3Pago_POS/Pago-exitoso' (Root cause: com.kms.katalon.core.exception.StepFailedException: Call Test Case 'Test Cases/1.Inicio/1.3Pago_POS/Pago-exitoso' failed
	at com.kms.katalon.core.keyword.builtin.CallTestCaseKeyword$_callTestCase_closure1.doCall(CallTestCaseKeyword.groovy:63)
	at com.kms.katalon.core.keyword.builtin.CallTestCaseKeyword$_callTestCase_closure1.call(CallTestCaseKeyword.groovy)
	at com.kms.katalon.core.keyword.internal.KeywordMain.runKeyword(KeywordMain.groovy:75)
	at com.kms.katalon.core.keyword.builtin.CallTestCaseKeyword.callTestCase(CallTestCaseKeyword.groovy:81)
	at com.kms.katalon.core.keyword.builtin.CallTestCaseKeyword.execute(CallTestCaseKeyword.groovy:44)
	at com.kms.katalon.core.keyword.internal.KeywordExecutor.executeKeywordForPlatform(KeywordExecutor.groovy:74)
	at com.kms.katalon.core.keyword.BuiltinKeywords.callTestCase(BuiltinKeywords.groovy:310)
	at jdk.internal.reflect.GeneratedMethodAccessor25.invoke(Unknown Source)
	at java.base/jdk.internal.reflect.DelegatingMethodAccessorImpl.invoke(DelegatingMethodAccessorImpl.java:43)
	at Restricción-O.run(Restricción-O:54)
	at com.kms.katalon.core.main.ScriptEngine.run(ScriptEngine.java:194)
	at com.kms.katalon.core.main.ScriptEngine.runScriptAsRawText(ScriptEngine.java:119)
	at com.kms.katalon.core.main.TestCaseExecutor.runScript(TestCaseExecutor.java:448)
	at com.kms.katalon.core.main.TestCaseExecutor.doExecute(TestCaseExecutor.java:439)
	at com.kms.katalon.core.main.TestCaseExecutor.processExecutionPhase(TestCaseExecutor.java:418)
	at com.kms.katalon.core.main.TestCaseExecutor.accessMainPhase(TestCaseExecutor.java:410)
	at com.kms.katalon.core.main.TestCaseExecutor.execute(TestCaseExecutor.java:285)
	at com.kms.katalon.core.common.CommonExecutor.accessTestCaseMainPhase(CommonExecutor.java:65)
	at com.kms.katalon.core.main.TestSuiteExecutor.accessTestSuiteMainPhase(TestSuiteExecutor.java:150)
	at com.kms.katalon.core.main.TestSuiteExecutor.execute(TestSuiteExecutor.java:106)
	at com.kms.katalon.core.main.TestCaseMain.startTestSuite(TestCaseMain.java:180)
	at TempTestSuite1732729948317.run(TempTestSuite1732729948317.groovy:35)
	at java.base/jdk.internal.reflect.NativeMethodAccessorImpl.invoke0(Native Method)
	at java.base/jdk.internal.reflect.NativeMethodAccessorImpl.invoke(NativeMethodAccessorImpl.java:77)
	at java.base/jdk.internal.reflect.DelegatingMethodAccessorImpl.invoke(DelegatingMethodAccessorImpl.java:43)
Caused by: com.kms.katalon.core.exception.StepFailedException: Unable to verify object 'Object Repository/pago/Page_Olva Courier  Medios de pago/div_Pago con tarjeta de crdito, dbito y Yape' is present
	at com.kms.katalon.core.webui.keyword.internal.WebUIKeywordMain.stepFailed(WebUIKeywordMain.groovy:117)
	at com.kms.katalon.core.webui.keyword.internal.WebUIKeywordMain.runKeyword(WebUIKeywordMain.groovy:43)
	at com.kms.katalon.core.webui.keyword.builtin.VerifyElementPresentKeyword.verifyElementPresent(VerifyElementPresentKeyword.groovy:92)
	at com.kms.katalon.core.webui.keyword.builtin.VerifyElementPresentKeyword.execute(VerifyElementPresentKeyword.groovy:68)
	at com.kms.katalon.core.keyword.internal.KeywordExecutor.executeKeywordForPlatform(KeywordExecutor.groovy:74)
	at com.kms.katalon.core.webui.keyword.WebUiBuiltInKeywords.verifyElementPresent(WebUiBuiltInKeywords.groovy:1503)
	at Pago-exitoso.run(Pago-exitoso:20)
	at com.kms.katalon.core.main.ScriptEngine.run(ScriptEngine.java:194)
	at com.kms.katalon.core.main.ScriptEngine.runScriptAsRawText(ScriptEngine.java:119)
	at com.kms.katalon.core.main.TestCaseExecutor.runScript(TestCaseExecutor.java:448)
	at com.kms.katalon.core.main.TestCaseExecutor.doExecute(TestCaseExecutor.java:439)
	at com.kms.katalon.core.main.TestCaseExecutor.processExecutionPhase(TestCaseExecutor.java:418)
	at com.kms.katalon.core.main.TestCaseExecutor.accessMainPhase(TestCaseExecutor.java:410)
	at com.kms.katalon.core.main.TestCaseExecutor.execute(TestCaseExecutor.java:285)
	at com.kms.katalon.core.main.TestCaseMain.runTestCase(TestCaseMain.java:137)
	at com.kms.katalon.core.keyword.builtin.CallTestCaseKeyword$_callTestCase_closure1.doCall(CallTestCaseKeyword.groovy:59)
	... 24 more
Caused by: com.kms.katalon.core.exception.StepFailedException: com.kms.katalon.core.webui.exception.WebElementNotFoundException: Web element with id: 'Object Repository/pago/Page_Olva Courier  Medios de pago/div_Pago con tarjeta de crdito, dbito y Yape' located by '//div[@id='pago1']/div' not found
	at com.kms.katalon.core.webui.keyword.internal.WebUIKeywordMain.stepFailed(WebUIKeywordMain.groovy:117)
	at com.kms.katalon.core.webui.keyword.builtin.VerifyElementPresentKeyword$_verifyElementPresent_closure1.doCall(VerifyElementPresentKeyword.groovy:85)
	at com.kms.katalon.core.webui.keyword.builtin.VerifyElementPresentKeyword$_verifyElementPresent_closure1.call(VerifyElementPresentKeyword.groovy)
	at com.kms.katalon.core.webui.keyword.internal.WebUIKeywordMain.runKeyword(WebUIKeywordMain.groovy:35)
	... 38 more
)]]></system-out>
         <system-err><![CDATA[27-11-2024T13:16:14 - [TEST_CASE][FAILED] - Test Cases/2.Positivos/2.1Paquete/Origen-Lima/3.Destino-D,DO,O/Restricción-O: Test Cases/2.Positivos/2.1Paquete/Origen-Lima/3.Destino-D,DO,O/Restricción-O FAILED.
Reason:
com.kms.katalon.core.exception.StepFailedException: Call Test Case 'Test Cases/1.Inicio/1.3Pago_POS/Pago-exitoso' failed
	at com.kms.katalon.core.keyword.builtin.CallTestCaseKeyword$_callTestCase_closure1.doCall(CallTestCaseKeyword.groovy:63)
	at com.kms.katalon.core.keyword.builtin.CallTestCaseKeyword$_callTestCase_closure1.call(CallTestCaseKeyword.groovy)
	at com.kms.katalon.core.keyword.internal.KeywordMain.runKeyword(KeywordMain.groovy:75)
	at com.kms.katalon.core.keyword.builtin.CallTestCaseKeyword.callTestCase(CallTestCaseKeyword.groovy:81)
	at com.kms.katalon.core.keyword.builtin.CallTestCaseKeyword.execute(CallTestCaseKeyword.groovy:44)
	at com.kms.katalon.core.keyword.internal.KeywordExecutor.executeKeywordForPlatform(KeywordExecutor.groovy:74)
	at com.kms.katalon.core.keyword.BuiltinKeywords.callTestCase(BuiltinKeywords.groovy:310)
	at jdk.internal.reflect.GeneratedMethodAccessor25.invoke(Unknown Source)
	at java.base/jdk.internal.reflect.DelegatingMethodAccessorImpl.invoke(DelegatingMethodAccessorImpl.java:43)
	at Restricción-O.run(Restricción-O:54)
	at com.kms.katalon.core.main.ScriptEngine.run(ScriptEngine.java:194)
	at com.kms.katalon.core.main.ScriptEngine.runScriptAsRawText(ScriptEngine.java:119)
	at com.kms.katalon.core.main.TestCaseExecutor.runScript(TestCaseExecutor.java:448)
	at com.kms.katalon.core.main.TestCaseExecutor.doExecute(TestCaseExecutor.java:439)
	at com.kms.katalon.core.main.TestCaseExecutor.processExecutionPhase(TestCaseExecutor.java:418)
	at com.kms.katalon.core.main.TestCaseExecutor.accessMainPhase(TestCaseExecutor.java:410)
	at com.kms.katalon.core.main.TestCaseExecutor.execute(TestCaseExecutor.java:285)
	at com.kms.katalon.core.common.CommonExecutor.accessTestCaseMainPhase(CommonExecutor.java:65)
	at com.kms.katalon.core.main.TestSuiteExecutor.accessTestSuiteMainPhase(TestSuiteExecutor.java:150)
	at com.kms.katalon.core.main.TestSuiteExecutor.execute(TestSuiteExecutor.java:106)
	at com.kms.katalon.core.main.TestCaseMain.startTestSuite(TestCaseMain.java:180)
	at TempTestSuite1732729948317.run(TempTestSuite1732729948317.groovy:35)
	at java.base/jdk.internal.reflect.NativeMethodAccessorImpl.invoke0(Native Method)
	at java.base/jdk.internal.reflect.NativeMethodAccessorImpl.invoke(NativeMethodAccessorImpl.java:77)
	at java.base/jdk.internal.reflect.DelegatingMethodAccessorImpl.invoke(DelegatingMethodAccessorImpl.java:43)
Caused by: com.kms.katalon.core.exception.StepFailedException: Unable to verify object 'Object Repository/pago/Page_Olva Courier  Medios de pago/div_Pago con tarjeta de crdito, dbito y Yape' is present
	at com.kms.katalon.core.webui.keyword.internal.WebUIKeywordMain.stepFailed(WebUIKeywordMain.groovy:117)
	at com.kms.katalon.core.webui.keyword.internal.WebUIKeywordMain.runKeyword(WebUIKeywordMain.groovy:43)
	at com.kms.katalon.core.webui.keyword.builtin.VerifyElementPresentKeyword.verifyElementPresent(VerifyElementPresentKeyword.groovy:92)
	at com.kms.katalon.core.webui.keyword.builtin.VerifyElementPresentKeyword.execute(VerifyElementPresentKeyword.groovy:68)
	at com.kms.katalon.core.keyword.internal.KeywordExecutor.executeKeywordForPlatform(KeywordExecutor.groovy:74)
	at com.kms.katalon.core.webui.keyword.WebUiBuiltInKeywords.verifyElementPresent(WebUiBuiltInKeywords.groovy:1503)
	at Pago-exitoso.run(Pago-exitoso:20)
	at com.kms.katalon.core.main.ScriptEngine.run(ScriptEngine.java:194)
	at com.kms.katalon.core.main.ScriptEngine.runScriptAsRawText(ScriptEngine.java:119)
	at com.kms.katalon.core.main.TestCaseExecutor.runScript(TestCaseExecutor.java:448)
	at com.kms.katalon.core.main.TestCaseExecutor.doExecute(TestCaseExecutor.java:439)
	at com.kms.katalon.core.main.TestCaseExecutor.processExecutionPhase(TestCaseExecutor.java:418)
	at com.kms.katalon.core.main.TestCaseExecutor.accessMainPhase(TestCaseExecutor.java:410)
	at com.kms.katalon.core.main.TestCaseExecutor.execute(TestCaseExecutor.java:285)
	at com.kms.katalon.core.main.TestCaseMain.runTestCase(TestCaseMain.java:137)
	at com.kms.katalon.core.keyword.builtin.CallTestCaseKeyword$_callTestCase_closure1.doCall(CallTestCaseKeyword.groovy:59)
	... 24 more
Caused by: com.kms.katalon.core.exception.StepFailedException: com.kms.katalon.core.webui.exception.WebElementNotFoundException: Web element with id: 'Object Repository/pago/Page_Olva Courier  Medios de pago/div_Pago con tarjeta de crdito, dbito y Yape' located by '//div[@id='pago1']/div' not found
	at com.kms.katalon.core.webui.keyword.internal.WebUIKeywordMain.stepFailed(WebUIKeywordMain.groovy:117)
	at com.kms.katalon.core.webui.keyword.builtin.VerifyElementPresentKeyword$_verifyElementPresent_closure1.doCall(VerifyElementPresentKeyword.groovy:85)
	at com.kms.katalon.core.webui.keyword.builtin.VerifyElementPresentKeyword$_verifyElementPresent_closure1.call(VerifyElementPresentKeyword.groovy)
	at com.kms.katalon.core.webui.keyword.internal.WebUIKeywordMain.runKeyword(WebUIKeywordMain.groovy:35)
	... 38 more]]></system-err>
      </testcase>
      <testcase name="Test Cases/2.Positivos/2.1Paquete/Origen-Lima/3.Destino-D,DO,O/Destino-O" time="47.34" classname="Test Cases/2.Positivos/2.1Paquete/Origen-Lima/3.Destino-D,DO,O/Destino-O" status="FAILED">
         <failure type="FAILED" message="Test Cases/2.Positivos/2.1Paquete/Origen-Lima/3.Destino-D,DO,O/Destino-O FAILED.&#xa;Reason:&#xa;com.kms.katalon.core.exception.StepFailedException: Verify element text of test object 'Object Repository/Destinos/Page_Olva Courier  Medios de pago/button_PAGAR' FAILED.&#xa;	at com.kms.katalon.core.webui.keyword.internal.WebUIKeywordMain.stepFailed(WebUIKeywordMain.groovy:117)&#xa;	at com.kms.katalon.core.webui.keyword.internal.WebUIKeywordMain.runKeyword(WebUIKeywordMain.groovy:43)&#xa;	at com.kms.katalon.core.webui.keyword.builtin.VerifyElementTextKeyword.verifyElementText(VerifyElementTextKeyword.groovy:72)&#xa;	at com.kms.katalon.core.webui.keyword.builtin.VerifyElementTextKeyword.execute(VerifyElementTextKeyword.groovy:40)&#xa;	at com.kms.katalon.core.keyword.internal.KeywordExecutor.executeKeywordForPlatform(KeywordExecutor.groovy:74)&#xa;	at com.kms.katalon.core.webui.keyword.WebUiBuiltInKeywords.verifyElementText(WebUiBuiltInKeywords.groovy:4835)&#xa;	at Destino-O.run(Destino-O:84)&#xa;	at com.kms.katalon.core.main.ScriptEngine.run(ScriptEngine.java:194)&#xa;	at com.kms.katalon.core.main.ScriptEngine.runScriptAsRawText(ScriptEngine.java:119)&#xa;	at com.kms.katalon.core.main.TestCaseExecutor.runScript(TestCaseExecutor.java:448)&#xa;	at com.kms.katalon.core.main.TestCaseExecutor.doExecute(TestCaseExecutor.java:439)&#xa;	at com.kms.katalon.core.main.TestCaseExecutor.processExecutionPhase(TestCaseExecutor.java:418)&#xa;	at com.kms.katalon.core.main.TestCaseExecutor.accessMainPhase(TestCaseExecutor.java:410)&#xa;	at com.kms.katalon.core.main.TestCaseExecutor.execute(TestCaseExecutor.java:285)&#xa;	at com.kms.katalon.core.common.CommonExecutor.accessTestCaseMainPhase(CommonExecutor.java:65)&#xa;	at com.kms.katalon.core.main.TestSuiteExecutor.accessTestSuiteMainPhase(TestSuiteExecutor.java:150)&#xa;	at com.kms.katalon.core.main.TestSuiteExecutor.execute(TestSuiteExecutor.java:106)&#xa;	at com.kms.katalon.core.main.TestCaseMain.startTestSuite(TestCaseMain.java:180)&#xa;	at TempTestSuite1732729948317.run(TempTestSuite1732729948317.groovy:35)&#xa;	at java.base/jdk.internal.reflect.NativeMethodAccessorImpl.invoke0(Native Method)&#xa;	at java.base/jdk.internal.reflect.NativeMethodAccessorImpl.invoke(NativeMethodAccessorImpl.java:77)&#xa;	at java.base/jdk.internal.reflect.DelegatingMethodAccessorImpl.invoke(DelegatingMethodAccessorImpl.java:43)&#xa;Caused by: com.kms.katalon.core.exception.StepFailedException: Actual text '' and expected text 'PAGAR' of test object 'Object Repository/Destinos/Page_Olva Courier  Medios de pago/button_PAGAR' are NOT matched.&#xa;	at com.kms.katalon.core.webui.keyword.internal.WebUIKeywordMain.stepFailed(WebUIKeywordMain.groovy:117)&#xa;	at com.kms.katalon.core.webui.keyword.builtin.VerifyElementTextKeyword$_verifyElementText_closure1.doCall(VerifyElementTextKeyword.groovy:57)&#xa;	at com.kms.katalon.core.webui.keyword.builtin.VerifyElementTextKeyword$_verifyElementText_closure1.call(VerifyElementTextKeyword.groovy)&#xa;	at com.kms.katalon.core.webui.keyword.internal.WebUIKeywordMain.runKeyword(WebUIKeywordMain.groovy:35)&#xa;	... 20 more&#xa;"/>
         <system-out><![CDATA[27-11-2024T13:17:14 - [TEST_CASE][FAILED] - Test Cases/2.Positivos/2.1Paquete/Origen-Lima/3.Destino-D,DO,O/Destino-O: Test Cases/2.Positivos/2.1Paquete/Origen-Lima/3.Destino-D,DO,O/Destino-O FAILED.
Reason:
com.kms.katalon.core.exception.StepFailedException: Verify element text of test object 'Object Repository/Destinos/Page_Olva Courier  Medios de pago/button_PAGAR' FAILED.
	at com.kms.katalon.core.webui.keyword.internal.WebUIKeywordMain.stepFailed(WebUIKeywordMain.groovy:117)
	at com.kms.katalon.core.webui.keyword.internal.WebUIKeywordMain.runKeyword(WebUIKeywordMain.groovy:43)
	at com.kms.katalon.core.webui.keyword.builtin.VerifyElementTextKeyword.verifyElementText(VerifyElementTextKeyword.groovy:72)
	at com.kms.katalon.core.webui.keyword.builtin.VerifyElementTextKeyword.execute(VerifyElementTextKeyword.groovy:40)
	at com.kms.katalon.core.keyword.internal.KeywordExecutor.executeKeywordForPlatform(KeywordExecutor.groovy:74)
	at com.kms.katalon.core.webui.keyword.WebUiBuiltInKeywords.verifyElementText(WebUiBuiltInKeywords.groovy:4835)
	at Destino-O.run(Destino-O:84)
	at com.kms.katalon.core.main.ScriptEngine.run(ScriptEngine.java:194)
	at com.kms.katalon.core.main.ScriptEngine.runScriptAsRawText(ScriptEngine.java:119)
	at com.kms.katalon.core.main.TestCaseExecutor.runScript(TestCaseExecutor.java:448)
	at com.kms.katalon.core.main.TestCaseExecutor.doExecute(TestCaseExecutor.java:439)
	at com.kms.katalon.core.main.TestCaseExecutor.processExecutionPhase(TestCaseExecutor.java:418)
	at com.kms.katalon.core.main.TestCaseExecutor.accessMainPhase(TestCaseExecutor.java:410)
	at com.kms.katalon.core.main.TestCaseExecutor.execute(TestCaseExecutor.java:285)
	at com.kms.katalon.core.common.CommonExecutor.accessTestCaseMainPhase(CommonExecutor.java:65)
	at com.kms.katalon.core.main.TestSuiteExecutor.accessTestSuiteMainPhase(TestSuiteExecutor.java:150)
	at com.kms.katalon.core.main.TestSuiteExecutor.execute(TestSuiteExecutor.java:106)
	at com.kms.katalon.core.main.TestCaseMain.startTestSuite(TestCaseMain.java:180)
	at TempTestSuite1732729948317.run(TempTestSuite1732729948317.groovy:35)
	at java.base/jdk.internal.reflect.NativeMethodAccessorImpl.invoke0(Native Method)
	at java.base/jdk.internal.reflect.NativeMethodAccessorImpl.invoke(NativeMethodAccessorImpl.java:77)
	at java.base/jdk.internal.reflect.DelegatingMethodAccessorImpl.invoke(DelegatingMethodAccessorImpl.java:43)
Caused by: com.kms.katalon.core.exception.StepFailedException: Actual text '' and expected text 'PAGAR' of test object 'Object Repository/Destinos/Page_Olva Courier  Medios de pago/button_PAGAR' are NOT matched.
	at com.kms.katalon.core.webui.keyword.internal.WebUIKeywordMain.stepFailed(WebUIKeywordMain.groovy:117)
	at com.kms.katalon.core.webui.keyword.builtin.VerifyElementTextKeyword$_verifyElementText_closure1.doCall(VerifyElementTextKeyword.groovy:57)
	at com.kms.katalon.core.webui.keyword.builtin.VerifyElementTextKeyword$_verifyElementText_closure1.call(VerifyElementTextKeyword.groovy)
	at com.kms.katalon.core.webui.keyword.internal.WebUIKeywordMain.runKeyword(WebUIKeywordMain.groovy:35)
	... 20 more


27-11-2024T13:17:15 - [TEST_STEP][PASSED] - callTestCase(findTestCase("1.Inicio/1.1Principal/Principal-home"), [:], STOP_ON_FAILURE): Call Test Case 'Test Cases/1.Inicio/1.1Principal/Principal-home' successfully

27-11-2024T13:17:15 - [TEST_CASE][PASSED] - Test Cases/1.Inicio/1.1Principal/Principal-home: Test Cases/1.Inicio/1.1Principal/Principal-home

27-11-2024T13:17:15 - [TEST_STEP][PASSED] - openBrowser(""): Browser is opened with url: ''

27-11-2024T13:17:15 - [MESSAGE][WARNING] - A browser is already opened. Closing browser and opening a new one

27-11-2024T13:17:16 - [MESSAGE][INFO] - Starting 'Firefox' driver

27-11-2024T13:17:16 - [MESSAGE][INFO] - Action delay is set to 0 milliseconds

27-11-2024T13:17:22 - [MESSAGE][PASSED] - Browser is opened with url: ''

27-11-2024T13:17:22 - [TEST_STEP][PASSED] - navigateToUrl("https://dev01-registrodeenvios.olvacourier.com/principal"): Navigate to 'https://dev01-registrodeenvios.olvacourier.com/principal' successfully

27-11-2024T13:17:23 - [MESSAGE][PASSED] - Navigate to 'https://dev01-registrodeenvios.olvacourier.com/principal' successfully

27-11-2024T13:17:23 - [TEST_STEP][PASSED] - maximizeWindow(): Current window maximized

27-11-2024T13:17:23 - [MESSAGE][PASSED] - Current window maximized

27-11-2024T13:17:23 - [MESSAGE][PASSED] - Call Test Case 'Test Cases/1.Inicio/1.1Principal/Principal-home' successfully

27-11-2024T13:17:23 - [TEST_STEP][PASSED] - callTestCase(findTestCase("1.Inicio/1.1Principal/Selec_paquete"), [:], STOP_ON_FAILURE): Call Test Case 'Test Cases/1.Inicio/1.1Principal/Selec_paquete' successfully

27-11-2024T13:17:23 - [TEST_CASE][PASSED] - Test Cases/1.Inicio/1.1Principal/Selec_paquete: Test Cases/1.Inicio/1.1Principal/Selec_paquete

27-11-2024T13:17:23 - [TEST_STEP][PASSED] - click(findTestObject("Object Repository/Principal/Page_Olva Courier  Home/img_Qu deseas realizar hoy_img_paquete")): Object: 'Object Repository/Principal/Page_Olva Courier  Home/img_Qu deseas realizar hoy_img_paquete' is clicked on

27-11-2024T13:17:24 - [MESSAGE][PASSED] - Object: 'Object Repository/Principal/Page_Olva Courier  Home/img_Qu deseas realizar hoy_img_paquete' is clicked on

27-11-2024T13:17:24 - [TEST_STEP][PASSED] - click(findTestObject("Object Repository/Principal/Page_Olva Courier  Home/span_He ledo y acepto los_checkmark (1)")): Object: 'Object Repository/Principal/Page_Olva Courier  Home/span_He ledo y acepto los_checkmark (1)' is clicked on

27-11-2024T13:17:24 - [MESSAGE][PASSED] - Object: 'Object Repository/Principal/Page_Olva Courier  Home/span_He ledo y acepto los_checkmark (1)' is clicked on

27-11-2024T13:17:24 - [TEST_STEP][PASSED] - click(findTestObject("Object Repository/Principal/Page_Olva Courier  Home/button_CONTINUAR (1)")): Object: 'Object Repository/Principal/Page_Olva Courier  Home/button_CONTINUAR (1)' is clicked on

27-11-2024T13:17:27 - [MESSAGE][PASSED] - Object: 'Object Repository/Principal/Page_Olva Courier  Home/button_CONTINUAR (1)' is clicked on

27-11-2024T13:17:27 - [TEST_STEP][PASSED] - verifyElementPresent(findTestObject("Object Repository/Principal/Page_Olva Courier  Datos Personales/strong_REGISTRO DE ENVOS"), 0): Object 'Object Repository/Principal/Page_Olva Courier  Datos Personales/strong_REGISTRO DE ENVOS' is present

27-11-2024T13:17:27 - [MESSAGE][WARNING] - Timeout '0' is invalid. Using default page load timeout: '30'

27-11-2024T13:17:27 - [MESSAGE][PASSED] - Object 'Object Repository/Principal/Page_Olva Courier  Datos Personales/strong_REGISTRO DE ENVOS' is present

27-11-2024T13:17:27 - [TEST_STEP][PASSED] - verifyElementPresent(findTestObject("Object Repository/Principal/Page_Olva Courier  Datos Personales/span_Regresar (1)"), 0): Object 'Object Repository/Principal/Page_Olva Courier  Datos Personales/span_Regresar (1)' is present

27-11-2024T13:17:27 - [MESSAGE][WARNING] - Timeout '0' is invalid. Using default page load timeout: '30'

27-11-2024T13:17:27 - [MESSAGE][PASSED] - Object 'Object Repository/Principal/Page_Olva Courier  Datos Personales/span_Regresar (1)' is present

27-11-2024T13:17:27 - [TEST_STEP][PASSED] - verifyElementPresent(findTestObject("Object Repository/Principal/Page_Olva Courier  Datos Personales/span_Inicio (1)"), 0): Object 'Object Repository/Principal/Page_Olva Courier  Datos Personales/span_Inicio (1)' is present

27-11-2024T13:17:27 - [MESSAGE][WARNING] - Timeout '0' is invalid. Using default page load timeout: '30'

27-11-2024T13:17:27 - [MESSAGE][PASSED] - Object 'Object Repository/Principal/Page_Olva Courier  Datos Personales/span_Inicio (1)' is present

27-11-2024T13:17:27 - [MESSAGE][PASSED] - Call Test Case 'Test Cases/1.Inicio/1.1Principal/Selec_paquete' successfully

27-11-2024T13:17:27 - [TEST_STEP][PASSED] - callTestCase(findTestCase("1.Inicio/1.2Tipo_Doc/1.DNI"), [:], STOP_ON_FAILURE): Call Test Case 'Test Cases/1.Inicio/1.2Tipo_Doc/1.DNI' successfully

27-11-2024T13:17:28 - [TEST_CASE][PASSED] - Test Cases/1.Inicio/1.2Tipo_Doc/1.DNI: Test Cases/1.Inicio/1.2Tipo_Doc/1.DNI

27-11-2024T13:17:28 - [TEST_STEP][PASSED] - click(findTestObject("Object Repository/Login/Page_Olva Courier  Datos Personales/button_Tipo De Documento")): Object: 'Object Repository/Login/Page_Olva Courier  Datos Personales/button_Tipo De Documento' is clicked on

27-11-2024T13:17:28 - [MESSAGE][PASSED] - Object: 'Object Repository/Login/Page_Olva Courier  Datos Personales/button_Tipo De Documento' is clicked on

27-11-2024T13:17:28 - [TEST_STEP][PASSED] - click(findTestObject("Object Repository/Login/Page_Olva Courier  Datos Personales/a_DNI (Boleta)")): Object: 'Object Repository/Login/Page_Olva Courier  Datos Personales/a_DNI (Boleta)' is clicked on

27-11-2024T13:17:29 - [MESSAGE][PASSED] - Object: 'Object Repository/Login/Page_Olva Courier  Datos Personales/a_DNI (Boleta)' is clicked on

27-11-2024T13:17:29 - [TEST_STEP][PASSED] - setText(findTestObject("Object Repository/Login/Page_Olva Courier  Datos Personales/input_CARN EXT. (Boleta)_txt_documento_cliente"), "47190321"): Text '47190321' is set on object 'Object Repository/Login/Page_Olva Courier  Datos Personales/input_CARN EXT. (Boleta)_txt_documento_cliente'

27-11-2024T13:17:29 - [MESSAGE][PASSED] - Text '47190321' is set on object 'Object Repository/Login/Page_Olva Courier  Datos Personales/input_CARN EXT. (Boleta)_txt_documento_cliente'

27-11-2024T13:17:29 - [TEST_STEP][PASSED] - setText(findTestObject("Object Repository/Login/Page_Olva Courier  Datos Personales/input_CARN EXT. (Boleta)_txt_telefono_cliente"), "957378086"): Text '957378086' is set on object 'Object Repository/Login/Page_Olva Courier  Datos Personales/input_CARN EXT. (Boleta)_txt_telefono_cliente'

27-11-2024T13:17:37 - [MESSAGE][PASSED] - Text '957378086' is set on object 'Object Repository/Login/Page_Olva Courier  Datos Personales/input_CARN EXT. (Boleta)_txt_telefono_cliente'

27-11-2024T13:17:37 - [TEST_STEP][PASSED] - setText(findTestObject("Object Repository/Login/Page_Olva Courier  Datos Personales/input_Hola,_txt_email_cliente"), "riosalejosjs@gmail.com"): Text 'riosalejosjs@gmail.com' is set on object 'Object Repository/Login/Page_Olva Courier  Datos Personales/input_Hola,_txt_email_cliente'

27-11-2024T13:17:37 - [MESSAGE][PASSED] - Text 'riosalejosjs@gmail.com' is set on object 'Object Repository/Login/Page_Olva Courier  Datos Personales/input_Hola,_txt_email_cliente'

27-11-2024T13:17:37 - [MESSAGE][PASSED] - Call Test Case 'Test Cases/1.Inicio/1.2Tipo_Doc/1.DNI' successfully

27-11-2024T13:17:37 - [TEST_STEP][PASSED] - click(findTestObject("Object Repository/Destinos/Page_Olva Courier  Datos Personales/span_Seleccionar artculo")): Object: 'Object Repository/Destinos/Page_Olva Courier  Datos Personales/span_Seleccionar artculo' is clicked on

27-11-2024T13:17:38 - [MESSAGE][PASSED] - Object: 'Object Repository/Destinos/Page_Olva Courier  Datos Personales/span_Seleccionar artculo' is clicked on

27-11-2024T13:17:38 - [TEST_STEP][PASSED] - click(findTestObject("Object Repository/Destinos/Page_Olva Courier  Datos Personales/span_ACCESORIOS Y EQUIPOS ELECTRONICOS")): Object: 'Object Repository/Destinos/Page_Olva Courier  Datos Personales/span_ACCESORIOS Y EQUIPOS ELECTRONICOS' is clicked on

27-11-2024T13:17:38 - [MESSAGE][PASSED] - Object: 'Object Repository/Destinos/Page_Olva Courier  Datos Personales/span_ACCESORIOS Y EQUIPOS ELECTRONICOS' is clicked on

27-11-2024T13:17:38 - [TEST_STEP][PASSED] - setText(findTestObject("Object Repository/Destinos/Page_Olva Courier  Datos Personales/input_UTILES DE OFICINA_txt_paquete_articulo"), "PREUBas"): Text 'PREUBas' is set on object 'Object Repository/Destinos/Page_Olva Courier  Datos Personales/input_UTILES DE OFICINA_txt_paquete_articulo'

27-11-2024T13:17:39 - [MESSAGE][PASSED] - Text 'PREUBas' is set on object 'Object Repository/Destinos/Page_Olva Courier  Datos Personales/input_UTILES DE OFICINA_txt_paquete_articulo'

27-11-2024T13:17:39 - [TEST_STEP][PASSED] - setText(findTestObject("Object Repository/Destinos/Page_Olva Courier  Datos Personales/input_UTILES DE OFICINA_txt_paquete_valor"), "50"): Text '50' is set on object 'Object Repository/Destinos/Page_Olva Courier  Datos Personales/input_UTILES DE OFICINA_txt_paquete_valor'

27-11-2024T13:17:39 - [MESSAGE][PASSED] - Text '50' is set on object 'Object Repository/Destinos/Page_Olva Courier  Datos Personales/input_UTILES DE OFICINA_txt_paquete_valor'

27-11-2024T13:17:39 - [TEST_STEP][PASSED] - click(findTestObject("Object Repository/Destinos/Page_Olva Courier  Datos Personales/div_Hasta 1Kg")): Object: 'Object Repository/Destinos/Page_Olva Courier  Datos Personales/div_Hasta 1Kg' is clicked on

27-11-2024T13:17:40 - [MESSAGE][PASSED] - Object: 'Object Repository/Destinos/Page_Olva Courier  Datos Personales/div_Hasta 1Kg' is clicked on

27-11-2024T13:17:40 - [TEST_STEP][PASSED] - scrollToElement(findTestObject("Object Repository/Destinos/Page_Olva Courier  Datos Personales/button_Ingrese el punto de llegada"), 0): Scroll to object 'Object Repository/Destinos/Page_Olva Courier  Datos Personales/button_Ingrese el punto de llegada' successfully

27-11-2024T13:17:40 - [MESSAGE][WARNING] - Timeout '0' is invalid. Using default page load timeout: '30'

27-11-2024T13:17:40 - [MESSAGE][PASSED] - Scroll to object 'Object Repository/Destinos/Page_Olva Courier  Datos Personales/button_Ingrese el punto de llegada' successfully

27-11-2024T13:17:40 - [TEST_STEP][PASSED] - click(findTestObject("Object Repository/Destinos/Page_Olva Courier  Datos Personales/button_Ingrese el punto de llegada")): Object: 'Object Repository/Destinos/Page_Olva Courier  Datos Personales/button_Ingrese el punto de llegada' is clicked on

27-11-2024T13:17:41 - [MESSAGE][PASSED] - Object: 'Object Repository/Destinos/Page_Olva Courier  Datos Personales/button_Ingrese el punto de llegada' is clicked on

27-11-2024T13:17:41 - [TEST_STEP][PASSED] - click(findTestObject("Object Repository/Destinos/Page_Olva Courier  Datos Personales/a_AREQUIPA - AREQUIPA - LA JOYA")): Object: 'Object Repository/Destinos/Page_Olva Courier  Datos Personales/a_AREQUIPA - AREQUIPA - LA JOYA' is clicked on

27-11-2024T13:17:42 - [MESSAGE][PASSED] - Object: 'Object Repository/Destinos/Page_Olva Courier  Datos Personales/a_AREQUIPA - AREQUIPA - LA JOYA' is clicked on

27-11-2024T13:17:42 - [TEST_STEP][PASSED] - click(findTestObject("Object Repository/Destinos/Page_Olva Courier  Datos Personales/button_Tienda")): Object: 'Object Repository/Destinos/Page_Olva Courier  Datos Personales/button_Tienda' is clicked on

27-11-2024T13:17:43 - [MESSAGE][PASSED] - Object: 'Object Repository/Destinos/Page_Olva Courier  Datos Personales/button_Tienda' is clicked on

27-11-2024T13:17:43 - [TEST_STEP][PASSED] - click(findTestObject("Object Repository/Destinos/Page_Olva Courier  Datos Personales/span_OFICINA LA JOYA - AV PANAMERICANA - PU_f6b592")): Object: 'Object Repository/Destinos/Page_Olva Courier  Datos Personales/span_OFICINA LA JOYA - AV PANAMERICANA - PU_f6b592' is clicked on

27-11-2024T13:17:44 - [MESSAGE][PASSED] - Object: 'Object Repository/Destinos/Page_Olva Courier  Datos Personales/span_OFICINA LA JOYA - AV PANAMERICANA - PU_f6b592' is clicked on

27-11-2024T13:17:44 - [TEST_STEP][PASSED] - scrollToElement(findTestObject("Object Repository/Destinos/Page_Olva Courier  Datos Personales/button_Tipo De Documento_1"), 0): Scroll to object 'Object Repository/Destinos/Page_Olva Courier  Datos Personales/button_Tipo De Documento_1' successfully

27-11-2024T13:17:44 - [MESSAGE][WARNING] - Timeout '0' is invalid. Using default page load timeout: '30'

27-11-2024T13:17:44 - [MESSAGE][PASSED] - Scroll to object 'Object Repository/Destinos/Page_Olva Courier  Datos Personales/button_Tipo De Documento_1' successfully

27-11-2024T13:17:44 - [TEST_STEP][PASSED] - click(findTestObject("Object Repository/Destinos/Page_Olva Courier  Datos Personales/button_Tipo De Documento_1")): Object: 'Object Repository/Destinos/Page_Olva Courier  Datos Personales/button_Tipo De Documento_1' is clicked on

27-11-2024T13:17:44 - [MESSAGE][PASSED] - Object: 'Object Repository/Destinos/Page_Olva Courier  Datos Personales/button_Tipo De Documento_1' is clicked on

27-11-2024T13:17:44 - [TEST_STEP][PASSED] - click(findTestObject("Object Repository/Destinos/Page_Olva Courier  Datos Personales/a_DNI")): Object: 'Object Repository/Destinos/Page_Olva Courier  Datos Personales/a_DNI' is clicked on

27-11-2024T13:17:45 - [MESSAGE][PASSED] - Object: 'Object Repository/Destinos/Page_Olva Courier  Datos Personales/a_DNI' is clicked on

27-11-2024T13:17:45 - [TEST_STEP][PASSED] - setText(findTestObject("Object Repository/Destinos/Page_Olva Courier  Datos Personales/input_CARN EXT_txt_consignado_dni"), "71735785"): Text '71735785' is set on object 'Object Repository/Destinos/Page_Olva Courier  Datos Personales/input_CARN EXT_txt_consignado_dni'

27-11-2024T13:17:45 - [MESSAGE][PASSED] - Text '71735785' is set on object 'Object Repository/Destinos/Page_Olva Courier  Datos Personales/input_CARN EXT_txt_consignado_dni'

27-11-2024T13:17:45 - [TEST_STEP][PASSED] - scrollToElement(findTestObject("Object Repository/Destinos/Page_Olva Courier  Datos Personales/button_CONTINUAR"), 0): Scroll to object 'Object Repository/Destinos/Page_Olva Courier  Datos Personales/button_CONTINUAR' successfully

27-11-2024T13:17:45 - [MESSAGE][WARNING] - Timeout '0' is invalid. Using default page load timeout: '30'

27-11-2024T13:17:46 - [MESSAGE][PASSED] - Scroll to object 'Object Repository/Destinos/Page_Olva Courier  Datos Personales/button_CONTINUAR' successfully

27-11-2024T13:17:46 - [TEST_STEP][PASSED] - click(findTestObject("Object Repository/Destinos/Page_Olva Courier  Datos Personales/button_CONTINUAR")): Object: 'Object Repository/Destinos/Page_Olva Courier  Datos Personales/button_CONTINUAR' is clicked on

27-11-2024T13:17:47 - [MESSAGE][PASSED] - Object: 'Object Repository/Destinos/Page_Olva Courier  Datos Personales/button_CONTINUAR' is clicked on

27-11-2024T13:17:47 - [TEST_STEP][PASSED] - click(findTestObject("Object Repository/Destinos/Page_Olva Courier  Confirma tus datos/button_IR A PAGAR S 20.60")): Object: 'Object Repository/Destinos/Page_Olva Courier  Confirma tus datos/button_IR A PAGAR S 20.60' is clicked on

27-11-2024T13:17:49 - [MESSAGE][PASSED] - Object: 'Object Repository/Destinos/Page_Olva Courier  Confirma tus datos/button_IR A PAGAR S 20.60' is clicked on

27-11-2024T13:17:49 - [TEST_STEP][PASSED] - delay(3): Delayed 3 second(s)

27-11-2024T13:17:52 - [MESSAGE][PASSED] - Delayed 3 second(s)

27-11-2024T13:17:52 - [TEST_STEP][PASSED] - setText(findTestObject("Object Repository/Destinos/Page_Olva Courier  Confirma tus datos/input_Tienes envos con recojo en tienda, se_b85f5d"), "1"): Text '1' is set on object 'Object Repository/Destinos/Page_Olva Courier  Confirma tus datos/input_Tienes envos con recojo en tienda, se_b85f5d'

27-11-2024T13:17:53 - [MESSAGE][PASSED] - Text '1' is set on object 'Object Repository/Destinos/Page_Olva Courier  Confirma tus datos/input_Tienes envos con recojo en tienda, se_b85f5d'

27-11-2024T13:17:53 - [TEST_STEP][PASSED] - setText(findTestObject("Object Repository/Destinos/Page_Olva Courier  Confirma tus datos/input_Tienes envos con recojo en tienda, se_af5936"), "1"): Text '1' is set on object 'Object Repository/Destinos/Page_Olva Courier  Confirma tus datos/input_Tienes envos con recojo en tienda, se_af5936'

27-11-2024T13:17:53 - [MESSAGE][PASSED] - Text '1' is set on object 'Object Repository/Destinos/Page_Olva Courier  Confirma tus datos/input_Tienes envos con recojo en tienda, se_af5936'

27-11-2024T13:17:53 - [TEST_STEP][PASSED] - setText(findTestObject("Object Repository/Destinos/Page_Olva Courier  Confirma tus datos/input_Tienes envos con recojo en tienda, se_653975"), "1"): Text '1' is set on object 'Object Repository/Destinos/Page_Olva Courier  Confirma tus datos/input_Tienes envos con recojo en tienda, se_653975'

27-11-2024T13:17:54 - [MESSAGE][PASSED] - Text '1' is set on object 'Object Repository/Destinos/Page_Olva Courier  Confirma tus datos/input_Tienes envos con recojo en tienda, se_653975'

27-11-2024T13:17:54 - [TEST_STEP][PASSED] - setText(findTestObject("Object Repository/Destinos/Page_Olva Courier  Confirma tus datos/input_Tienes envos con recojo en tienda, se_8615a0"), "1"): Text '1' is set on object 'Object Repository/Destinos/Page_Olva Courier  Confirma tus datos/input_Tienes envos con recojo en tienda, se_8615a0'

27-11-2024T13:17:55 - [MESSAGE][PASSED] - Text '1' is set on object 'Object Repository/Destinos/Page_Olva Courier  Confirma tus datos/input_Tienes envos con recojo en tienda, se_8615a0'

27-11-2024T13:17:55 - [TEST_STEP][PASSED] - click(findTestObject("Object Repository/Destinos/Page_Olva Courier  Confirma tus datos/div_Aceptar")): Object: 'Object Repository/Destinos/Page_Olva Courier  Confirma tus datos/div_Aceptar' is clicked on

27-11-2024T13:17:56 - [MESSAGE][PASSED] - Object: 'Object Repository/Destinos/Page_Olva Courier  Confirma tus datos/div_Aceptar' is clicked on

27-11-2024T13:17:56 - [TEST_STEP][PASSED] - delay(3): Delayed 3 second(s)

27-11-2024T13:17:59 - [MESSAGE][PASSED] - Delayed 3 second(s)

27-11-2024T13:17:59 - [TEST_STEP][FAILED] - verifyElementText(findTestObject("Object Repository/Destinos/Page_Olva Courier  Medios de pago/button_PAGAR"), "PAGAR"): Verify element text of test object 'Object Repository/Destinos/Page_Olva Courier  Medios de pago/button_PAGAR' FAILED. (Root cause: com.kms.katalon.core.exception.StepFailedException: Verify element text of test object 'Object Repository/Destinos/Page_Olva Courier  Medios de pago/button_PAGAR' FAILED.
	at com.kms.katalon.core.webui.keyword.internal.WebUIKeywordMain.stepFailed(WebUIKeywordMain.groovy:117)
	at com.kms.katalon.core.webui.keyword.internal.WebUIKeywordMain.runKeyword(WebUIKeywordMain.groovy:43)
	at com.kms.katalon.core.webui.keyword.builtin.VerifyElementTextKeyword.verifyElementText(VerifyElementTextKeyword.groovy:72)
	at com.kms.katalon.core.webui.keyword.builtin.VerifyElementTextKeyword.execute(VerifyElementTextKeyword.groovy:40)
	at com.kms.katalon.core.keyword.internal.KeywordExecutor.executeKeywordForPlatform(KeywordExecutor.groovy:74)
	at com.kms.katalon.core.webui.keyword.WebUiBuiltInKeywords.verifyElementText(WebUiBuiltInKeywords.groovy:4835)
	at Destino-O.run(Destino-O:84)
	at com.kms.katalon.core.main.ScriptEngine.run(ScriptEngine.java:194)
	at com.kms.katalon.core.main.ScriptEngine.runScriptAsRawText(ScriptEngine.java:119)
	at com.kms.katalon.core.main.TestCaseExecutor.runScript(TestCaseExecutor.java:448)
	at com.kms.katalon.core.main.TestCaseExecutor.doExecute(TestCaseExecutor.java:439)
	at com.kms.katalon.core.main.TestCaseExecutor.processExecutionPhase(TestCaseExecutor.java:418)
	at com.kms.katalon.core.main.TestCaseExecutor.accessMainPhase(TestCaseExecutor.java:410)
	at com.kms.katalon.core.main.TestCaseExecutor.execute(TestCaseExecutor.java:285)
	at com.kms.katalon.core.common.CommonExecutor.accessTestCaseMainPhase(CommonExecutor.java:65)
	at com.kms.katalon.core.main.TestSuiteExecutor.accessTestSuiteMainPhase(TestSuiteExecutor.java:150)
	at com.kms.katalon.core.main.TestSuiteExecutor.execute(TestSuiteExecutor.java:106)
	at com.kms.katalon.core.main.TestCaseMain.startTestSuite(TestCaseMain.java:180)
	at TempTestSuite1732729948317.run(TempTestSuite1732729948317.groovy:35)
	at java.base/jdk.internal.reflect.NativeMethodAccessorImpl.invoke0(Native Method)
	at java.base/jdk.internal.reflect.NativeMethodAccessorImpl.invoke(NativeMethodAccessorImpl.java:77)
	at java.base/jdk.internal.reflect.DelegatingMethodAccessorImpl.invoke(DelegatingMethodAccessorImpl.java:43)
Caused by: com.kms.katalon.core.exception.StepFailedException: Actual text '' and expected text 'PAGAR' of test object 'Object Repository/Destinos/Page_Olva Courier  Medios de pago/button_PAGAR' are NOT matched.
	at com.kms.katalon.core.webui.keyword.internal.WebUIKeywordMain.stepFailed(WebUIKeywordMain.groovy:117)
	at com.kms.katalon.core.webui.keyword.builtin.VerifyElementTextKeyword$_verifyElementText_closure1.doCall(VerifyElementTextKeyword.groovy:57)
	at com.kms.katalon.core.webui.keyword.builtin.VerifyElementTextKeyword$_verifyElementText_closure1.call(VerifyElementTextKeyword.groovy)
	at com.kms.katalon.core.webui.keyword.internal.WebUIKeywordMain.runKeyword(WebUIKeywordMain.groovy:35)
	... 20 more
)

27-11-2024T13:18:02 - [MESSAGE][FAILED] - Actual text '' and expected text 'PAGAR' of test object 'Object Repository/Destinos/Page_Olva Courier  Medios de pago/button_PAGAR' are NOT matched. (Root cause: com.kms.katalon.core.exception.StepFailedException: Actual text '' and expected text 'PAGAR' of test object 'Object Repository/Destinos/Page_Olva Courier  Medios de pago/button_PAGAR' are NOT matched.
	at com.kms.katalon.core.webui.keyword.internal.WebUIKeywordMain.stepFailed(WebUIKeywordMain.groovy:117)
	at com.kms.katalon.core.webui.keyword.builtin.VerifyElementTextKeyword$_verifyElementText_closure1.doCall(VerifyElementTextKeyword.groovy:57)
	at com.kms.katalon.core.webui.keyword.builtin.VerifyElementTextKeyword$_verifyElementText_closure1.call(VerifyElementTextKeyword.groovy)
	at com.kms.katalon.core.webui.keyword.internal.WebUIKeywordMain.runKeyword(WebUIKeywordMain.groovy:35)
	at com.kms.katalon.core.webui.keyword.builtin.VerifyElementTextKeyword.verifyElementText(VerifyElementTextKeyword.groovy:72)
	at com.kms.katalon.core.webui.keyword.builtin.VerifyElementTextKeyword.execute(VerifyElementTextKeyword.groovy:40)
	at com.kms.katalon.core.keyword.internal.KeywordExecutor.executeKeywordForPlatform(KeywordExecutor.groovy:74)
	at com.kms.katalon.core.webui.keyword.WebUiBuiltInKeywords.verifyElementText(WebUiBuiltInKeywords.groovy:4835)
	at Destino-O.run(Destino-O:84)
	at com.kms.katalon.core.main.ScriptEngine.run(ScriptEngine.java:194)
	at com.kms.katalon.core.main.ScriptEngine.runScriptAsRawText(ScriptEngine.java:119)
	at com.kms.katalon.core.main.TestCaseExecutor.runScript(TestCaseExecutor.java:448)
	at com.kms.katalon.core.main.TestCaseExecutor.doExecute(TestCaseExecutor.java:439)
	at com.kms.katalon.core.main.TestCaseExecutor.processExecutionPhase(TestCaseExecutor.java:418)
	at com.kms.katalon.core.main.TestCaseExecutor.accessMainPhase(TestCaseExecutor.java:410)
	at com.kms.katalon.core.main.TestCaseExecutor.execute(TestCaseExecutor.java:285)
	at com.kms.katalon.core.common.CommonExecutor.accessTestCaseMainPhase(CommonExecutor.java:65)
	at com.kms.katalon.core.main.TestSuiteExecutor.accessTestSuiteMainPhase(TestSuiteExecutor.java:150)
	at com.kms.katalon.core.main.TestSuiteExecutor.execute(TestSuiteExecutor.java:106)
	at com.kms.katalon.core.main.TestCaseMain.startTestSuite(TestCaseMain.java:180)
	at TempTestSuite1732729948317.run(TempTestSuite1732729948317.groovy:35)
	at java.base/jdk.internal.reflect.NativeMethodAccessorImpl.invoke0(Native Method)
	at java.base/jdk.internal.reflect.NativeMethodAccessorImpl.invoke(NativeMethodAccessorImpl.java:77)
	at java.base/jdk.internal.reflect.DelegatingMethodAccessorImpl.invoke(DelegatingMethodAccessorImpl.java:43)
)

27-11-2024T13:18:02 - [MESSAGE][FAILED] - Verify element text of test object 'Object Repository/Destinos/Page_Olva Courier  Medios de pago/button_PAGAR' FAILED. (Root cause: com.kms.katalon.core.exception.StepFailedException: Verify element text of test object 'Object Repository/Destinos/Page_Olva Courier  Medios de pago/button_PAGAR' FAILED.
	at com.kms.katalon.core.webui.keyword.internal.WebUIKeywordMain.stepFailed(WebUIKeywordMain.groovy:117)
	at com.kms.katalon.core.webui.keyword.internal.WebUIKeywordMain.runKeyword(WebUIKeywordMain.groovy:43)
	at com.kms.katalon.core.webui.keyword.builtin.VerifyElementTextKeyword.verifyElementText(VerifyElementTextKeyword.groovy:72)
	at com.kms.katalon.core.webui.keyword.builtin.VerifyElementTextKeyword.execute(VerifyElementTextKeyword.groovy:40)
	at com.kms.katalon.core.keyword.internal.KeywordExecutor.executeKeywordForPlatform(KeywordExecutor.groovy:74)
	at com.kms.katalon.core.webui.keyword.WebUiBuiltInKeywords.verifyElementText(WebUiBuiltInKeywords.groovy:4835)
	at Destino-O.run(Destino-O:84)
	at com.kms.katalon.core.main.ScriptEngine.run(ScriptEngine.java:194)
	at com.kms.katalon.core.main.ScriptEngine.runScriptAsRawText(ScriptEngine.java:119)
	at com.kms.katalon.core.main.TestCaseExecutor.runScript(TestCaseExecutor.java:448)
	at com.kms.katalon.core.main.TestCaseExecutor.doExecute(TestCaseExecutor.java:439)
	at com.kms.katalon.core.main.TestCaseExecutor.processExecutionPhase(TestCaseExecutor.java:418)
	at com.kms.katalon.core.main.TestCaseExecutor.accessMainPhase(TestCaseExecutor.java:410)
	at com.kms.katalon.core.main.TestCaseExecutor.execute(TestCaseExecutor.java:285)
	at com.kms.katalon.core.common.CommonExecutor.accessTestCaseMainPhase(CommonExecutor.java:65)
	at com.kms.katalon.core.main.TestSuiteExecutor.accessTestSuiteMainPhase(TestSuiteExecutor.java:150)
	at com.kms.katalon.core.main.TestSuiteExecutor.execute(TestSuiteExecutor.java:106)
	at com.kms.katalon.core.main.TestCaseMain.startTestSuite(TestCaseMain.java:180)
	at TempTestSuite1732729948317.run(TempTestSuite1732729948317.groovy:35)
	at java.base/jdk.internal.reflect.NativeMethodAccessorImpl.invoke0(Native Method)
	at java.base/jdk.internal.reflect.NativeMethodAccessorImpl.invoke(NativeMethodAccessorImpl.java:77)
	at java.base/jdk.internal.reflect.DelegatingMethodAccessorImpl.invoke(DelegatingMethodAccessorImpl.java:43)
Caused by: com.kms.katalon.core.exception.StepFailedException: Actual text '' and expected text 'PAGAR' of test object 'Object Repository/Destinos/Page_Olva Courier  Medios de pago/button_PAGAR' are NOT matched.
	at com.kms.katalon.core.webui.keyword.internal.WebUIKeywordMain.stepFailed(WebUIKeywordMain.groovy:117)
	at com.kms.katalon.core.webui.keyword.builtin.VerifyElementTextKeyword$_verifyElementText_closure1.doCall(VerifyElementTextKeyword.groovy:57)
	at com.kms.katalon.core.webui.keyword.builtin.VerifyElementTextKeyword$_verifyElementText_closure1.call(VerifyElementTextKeyword.groovy)
	at com.kms.katalon.core.webui.keyword.internal.WebUIKeywordMain.runKeyword(WebUIKeywordMain.groovy:35)
	... 20 more
)]]></system-out>
         <system-err><![CDATA[27-11-2024T13:17:14 - [TEST_CASE][FAILED] - Test Cases/2.Positivos/2.1Paquete/Origen-Lima/3.Destino-D,DO,O/Destino-O: Test Cases/2.Positivos/2.1Paquete/Origen-Lima/3.Destino-D,DO,O/Destino-O FAILED.
Reason:
com.kms.katalon.core.exception.StepFailedException: Verify element text of test object 'Object Repository/Destinos/Page_Olva Courier  Medios de pago/button_PAGAR' FAILED.
	at com.kms.katalon.core.webui.keyword.internal.WebUIKeywordMain.stepFailed(WebUIKeywordMain.groovy:117)
	at com.kms.katalon.core.webui.keyword.internal.WebUIKeywordMain.runKeyword(WebUIKeywordMain.groovy:43)
	at com.kms.katalon.core.webui.keyword.builtin.VerifyElementTextKeyword.verifyElementText(VerifyElementTextKeyword.groovy:72)
	at com.kms.katalon.core.webui.keyword.builtin.VerifyElementTextKeyword.execute(VerifyElementTextKeyword.groovy:40)
	at com.kms.katalon.core.keyword.internal.KeywordExecutor.executeKeywordForPlatform(KeywordExecutor.groovy:74)
	at com.kms.katalon.core.webui.keyword.WebUiBuiltInKeywords.verifyElementText(WebUiBuiltInKeywords.groovy:4835)
	at Destino-O.run(Destino-O:84)
	at com.kms.katalon.core.main.ScriptEngine.run(ScriptEngine.java:194)
	at com.kms.katalon.core.main.ScriptEngine.runScriptAsRawText(ScriptEngine.java:119)
	at com.kms.katalon.core.main.TestCaseExecutor.runScript(TestCaseExecutor.java:448)
	at com.kms.katalon.core.main.TestCaseExecutor.doExecute(TestCaseExecutor.java:439)
	at com.kms.katalon.core.main.TestCaseExecutor.processExecutionPhase(TestCaseExecutor.java:418)
	at com.kms.katalon.core.main.TestCaseExecutor.accessMainPhase(TestCaseExecutor.java:410)
	at com.kms.katalon.core.main.TestCaseExecutor.execute(TestCaseExecutor.java:285)
	at com.kms.katalon.core.common.CommonExecutor.accessTestCaseMainPhase(CommonExecutor.java:65)
	at com.kms.katalon.core.main.TestSuiteExecutor.accessTestSuiteMainPhase(TestSuiteExecutor.java:150)
	at com.kms.katalon.core.main.TestSuiteExecutor.execute(TestSuiteExecutor.java:106)
	at com.kms.katalon.core.main.TestCaseMain.startTestSuite(TestCaseMain.java:180)
	at TempTestSuite1732729948317.run(TempTestSuite1732729948317.groovy:35)
	at java.base/jdk.internal.reflect.NativeMethodAccessorImpl.invoke0(Native Method)
	at java.base/jdk.internal.reflect.NativeMethodAccessorImpl.invoke(NativeMethodAccessorImpl.java:77)
	at java.base/jdk.internal.reflect.DelegatingMethodAccessorImpl.invoke(DelegatingMethodAccessorImpl.java:43)
Caused by: com.kms.katalon.core.exception.StepFailedException: Actual text '' and expected text 'PAGAR' of test object 'Object Repository/Destinos/Page_Olva Courier  Medios de pago/button_PAGAR' are NOT matched.
	at com.kms.katalon.core.webui.keyword.internal.WebUIKeywordMain.stepFailed(WebUIKeywordMain.groovy:117)
	at com.kms.katalon.core.webui.keyword.builtin.VerifyElementTextKeyword$_verifyElementText_closure1.doCall(VerifyElementTextKeyword.groovy:57)
	at com.kms.katalon.core.webui.keyword.builtin.VerifyElementTextKeyword$_verifyElementText_closure1.call(VerifyElementTextKeyword.groovy)
	at com.kms.katalon.core.webui.keyword.internal.WebUIKeywordMain.runKeyword(WebUIKeywordMain.groovy:35)
	... 20 more]]></system-err>
      </testcase>
      <testcase name="Test Cases/2.Positivos/2.1Paquete/Origen-Lima/3.Destino-D,DO,O/Destino-DO" time="95.676" classname="Test Cases/2.Positivos/2.1Paquete/Origen-Lima/3.Destino-D,DO,O/Destino-DO" status="FAILED">
         <failure type="FAILED" message="Test Cases/2.Positivos/2.1Paquete/Origen-Lima/3.Destino-D,DO,O/Destino-DO FAILED.&#xa;Reason:&#xa;com.kms.katalon.core.exception.StepFailedException: Unable to click on object 'Object Repository/Destinos/Page_Olva Courier  Confirma tus datos/button_IR A PAGAR S 27.90 (1)'&#xa;	at com.kms.katalon.core.webui.keyword.internal.WebUIKeywordMain.stepFailed(WebUIKeywordMain.groovy:117)&#xa;	at com.kms.katalon.core.webui.keyword.internal.WebUIKeywordMain.runKeyword(WebUIKeywordMain.groovy:43)&#xa;	at com.kms.katalon.core.webui.keyword.builtin.ClickKeyword.click(ClickKeyword.groovy:74)&#xa;	at com.kms.katalon.core.webui.keyword.builtin.ClickKeyword.execute(ClickKeyword.groovy:40)&#xa;	at com.kms.katalon.core.keyword.internal.KeywordExecutor.executeKeywordForPlatform(KeywordExecutor.groovy:74)&#xa;	at com.kms.katalon.core.webui.keyword.WebUiBuiltInKeywords.click(WebUiBuiltInKeywords.groovy:659)&#xa;	at Destino-DO.run(Destino-DO:114)&#xa;	at com.kms.katalon.core.main.ScriptEngine.run(ScriptEngine.java:194)&#xa;	at com.kms.katalon.core.main.ScriptEngine.runScriptAsRawText(ScriptEngine.java:119)&#xa;	at com.kms.katalon.core.main.TestCaseExecutor.runScript(TestCaseExecutor.java:448)&#xa;	at com.kms.katalon.core.main.TestCaseExecutor.doExecute(TestCaseExecutor.java:439)&#xa;	at com.kms.katalon.core.main.TestCaseExecutor.processExecutionPhase(TestCaseExecutor.java:418)&#xa;	at com.kms.katalon.core.main.TestCaseExecutor.accessMainPhase(TestCaseExecutor.java:410)&#xa;	at com.kms.katalon.core.main.TestCaseExecutor.execute(TestCaseExecutor.java:285)&#xa;	at com.kms.katalon.core.common.CommonExecutor.accessTestCaseMainPhase(CommonExecutor.java:65)&#xa;	at com.kms.katalon.core.main.TestSuiteExecutor.accessTestSuiteMainPhase(TestSuiteExecutor.java:150)&#xa;	at com.kms.katalon.core.main.TestSuiteExecutor.execute(TestSuiteExecutor.java:106)&#xa;	at com.kms.katalon.core.main.TestCaseMain.startTestSuite(TestCaseMain.java:180)&#xa;	at TempTestSuite1732729948317.run(TempTestSuite1732729948317.groovy:35)&#xa;	at java.base/jdk.internal.reflect.NativeMethodAccessorImpl.invoke0(Native Method)&#xa;	at java.base/jdk.internal.reflect.NativeMethodAccessorImpl.invoke(NativeMethodAccessorImpl.java:77)&#xa;	at java.base/jdk.internal.reflect.DelegatingMethodAccessorImpl.invoke(DelegatingMethodAccessorImpl.java:43)&#xa;Caused by: org.openqa.selenium.ElementClickInterceptedException: Element &lt;button id=&quot;btn-pagar-listar&quot; class=&quot;btn btn-warning&quot; type=&quot;button&quot;> is not clickable at point (682,614) because another element &lt;p> obscures it&#xa;Build info: version: '3.141.59', revision: 'unknown', time: 'unknown'&#xa;System info: host: 'DESKTOP-RGFFP9A', ip: '10.136.10.6', os.name: 'Windows 11', os.arch: 'amd64', os.version: '10.0', java.version: '17.0.7'&#xa;Driver info: com.kms.katalon.core.webui.driver.firefox.CGeckoDriver&#xa;Capabilities {acceptInsecureCerts: true, browserName: firefox, browserVersion: 133.0, javascriptEnabled: true, moz:accessibilityChecks: false, moz:buildID: 20241121140525, moz:geckodriverVersion: 0.35.0, moz:headless: false, moz:platformVersion: 10.0, moz:processID: 12824, moz:profile: C:\Users\OLVATI\AppData\Loc..., moz:shutdownTimeout: 60000, moz:webdriverClick: true, moz:windowless: false, pageLoadStrategy: normal, platform: WINDOWS, platformName: WINDOWS, proxy: Proxy(direct), setWindowRect: true, strictFileInteractability: false, timeouts: {implicit: 0, pageLoad: 300000, script: 30000}, unhandledPromptBehavior: dismiss and notify, userAgent: Mozilla/5.0 (Windows NT 10....}&#xa;Session ID: 90192610-24bb-4cbf-b0a0-300cf3ccdbe3&#xa;	at jdk.internal.reflect.GeneratedConstructorAccessor32.newInstance(Unknown Source)&#xa;	at java.base/jdk.internal.reflect.DelegatingConstructorAccessorImpl.newInstance(DelegatingConstructorAccessorImpl.java:45)&#xa;	at org.openqa.selenium.remote.http.W3CHttpResponseCodec.createException(W3CHttpResponseCodec.java:187)&#xa;	at org.openqa.selenium.remote.http.W3CHttpResponseCodec.decode(W3CHttpResponseCodec.java:122)&#xa;	at org.openqa.selenium.remote.http.W3CHttpResponseCodec.decode(W3CHttpResponseCodec.java:49)&#xa;	at org.openqa.selenium.remote.HttpCommandExecutor.execute(HttpCommandExecutor.java:158)&#xa;	at org.openqa.selenium.remote.service.DriverCommandExecutor.execute(DriverCommandExecutor.java:83)&#xa;	at org.openqa.selenium.remote.RemoteWebDriver.execute(RemoteWebDriver.java:552)&#xa;	at com.kms.katalon.selenium.driver.CFirefoxDriver.execute(CFirefoxDriver.java:28)&#xa;	at org.openqa.selenium.remote.RemoteWebElement.execute(RemoteWebElement.java:285)&#xa;	at org.openqa.selenium.remote.RemoteWebElement.click(RemoteWebElement.java:84)&#xa;	at jdk.internal.reflect.GeneratedMethodAccessor10.invoke(Unknown Source)&#xa;	at java.base/jdk.internal.reflect.DelegatingMethodAccessorImpl.invoke(DelegatingMethodAccessorImpl.java:43)&#xa;	at org.openqa.selenium.support.events.EventFiringWebDriver$EventFiringWebElement.lambda$new$0(EventFiringWebDriver.java:404)&#xa;	at jdk.proxy2/jdk.proxy2.$Proxy21.click(Unknown Source)&#xa;	at org.openqa.selenium.support.events.EventFiringWebDriver$EventFiringWebElement.click(EventFiringWebDriver.java:417)&#xa;	at org.openqa.selenium.WebElement$click.call(Unknown Source)&#xa;	at com.kms.katalon.core.webui.keyword.builtin.ClickKeyword.clickUntilSuccessWithTimeout(ClickKeyword.groovy:81)&#xa;	at com.kms.katalon.core.webui.keyword.builtin.ClickKeyword.clickUntilSuccessWithTimeout(ClickKeyword.groovy)&#xa;	at jdk.internal.reflect.GeneratedMethodAccessor8.invoke(Unknown Source)&#xa;	at java.base/jdk.internal.reflect.DelegatingMethodAccessorImpl.invoke(DelegatingMethodAccessorImpl.java:43)&#xa;	at com.kms.katalon.core.webui.keyword.builtin.ClickKeyword$_click_closure1.doCall(ClickKeyword.groovy:67)&#xa;	at com.kms.katalon.core.webui.keyword.builtin.ClickKeyword$_click_closure1.call(ClickKeyword.groovy)&#xa;	at com.kms.katalon.core.webui.keyword.internal.WebUIKeywordMain.runKeyword(WebUIKeywordMain.groovy:35)&#xa;	... 20 more&#xa;"/>
         <system-out><![CDATA[27-11-2024T13:18:02 - [TEST_CASE][FAILED] - Test Cases/2.Positivos/2.1Paquete/Origen-Lima/3.Destino-D,DO,O/Destino-DO: Test Cases/2.Positivos/2.1Paquete/Origen-Lima/3.Destino-D,DO,O/Destino-DO FAILED.
Reason:
com.kms.katalon.core.exception.StepFailedException: Unable to click on object 'Object Repository/Destinos/Page_Olva Courier  Confirma tus datos/button_IR A PAGAR S 27.90 (1)'
	at com.kms.katalon.core.webui.keyword.internal.WebUIKeywordMain.stepFailed(WebUIKeywordMain.groovy:117)
	at com.kms.katalon.core.webui.keyword.internal.WebUIKeywordMain.runKeyword(WebUIKeywordMain.groovy:43)
	at com.kms.katalon.core.webui.keyword.builtin.ClickKeyword.click(ClickKeyword.groovy:74)
	at com.kms.katalon.core.webui.keyword.builtin.ClickKeyword.execute(ClickKeyword.groovy:40)
	at com.kms.katalon.core.keyword.internal.KeywordExecutor.executeKeywordForPlatform(KeywordExecutor.groovy:74)
	at com.kms.katalon.core.webui.keyword.WebUiBuiltInKeywords.click(WebUiBuiltInKeywords.groovy:659)
	at Destino-DO.run(Destino-DO:114)
	at com.kms.katalon.core.main.ScriptEngine.run(ScriptEngine.java:194)
	at com.kms.katalon.core.main.ScriptEngine.runScriptAsRawText(ScriptEngine.java:119)
	at com.kms.katalon.core.main.TestCaseExecutor.runScript(TestCaseExecutor.java:448)
	at com.kms.katalon.core.main.TestCaseExecutor.doExecute(TestCaseExecutor.java:439)
	at com.kms.katalon.core.main.TestCaseExecutor.processExecutionPhase(TestCaseExecutor.java:418)
	at com.kms.katalon.core.main.TestCaseExecutor.accessMainPhase(TestCaseExecutor.java:410)
	at com.kms.katalon.core.main.TestCaseExecutor.execute(TestCaseExecutor.java:285)
	at com.kms.katalon.core.common.CommonExecutor.accessTestCaseMainPhase(CommonExecutor.java:65)
	at com.kms.katalon.core.main.TestSuiteExecutor.accessTestSuiteMainPhase(TestSuiteExecutor.java:150)
	at com.kms.katalon.core.main.TestSuiteExecutor.execute(TestSuiteExecutor.java:106)
	at com.kms.katalon.core.main.TestCaseMain.startTestSuite(TestCaseMain.java:180)
	at TempTestSuite1732729948317.run(TempTestSuite1732729948317.groovy:35)
	at java.base/jdk.internal.reflect.NativeMethodAccessorImpl.invoke0(Native Method)
	at java.base/jdk.internal.reflect.NativeMethodAccessorImpl.invoke(NativeMethodAccessorImpl.java:77)
	at java.base/jdk.internal.reflect.DelegatingMethodAccessorImpl.invoke(DelegatingMethodAccessorImpl.java:43)
Caused by: org.openqa.selenium.ElementClickInterceptedException: Element <button id="btn-pagar-listar" class="btn btn-warning" type="button"> is not clickable at point (682,614) because another element <p> obscures it
Build info: version: '3.141.59', revision: 'unknown', time: 'unknown'
System info: host: 'DESKTOP-RGFFP9A', ip: '10.136.10.6', os.name: 'Windows 11', os.arch: 'amd64', os.version: '10.0', java.version: '17.0.7'
Driver info: com.kms.katalon.core.webui.driver.firefox.CGeckoDriver
Capabilities {acceptInsecureCerts: true, browserName: firefox, browserVersion: 133.0, javascriptEnabled: true, moz:accessibilityChecks: false, moz:buildID: 20241121140525, moz:geckodriverVersion: 0.35.0, moz:headless: false, moz:platformVersion: 10.0, moz:processID: 12824, moz:profile: C:\Users\OLVATI\AppData\Loc..., moz:shutdownTimeout: 60000, moz:webdriverClick: true, moz:windowless: false, pageLoadStrategy: normal, platform: WINDOWS, platformName: WINDOWS, proxy: Proxy(direct), setWindowRect: true, strictFileInteractability: false, timeouts: {implicit: 0, pageLoad: 300000, script: 30000}, unhandledPromptBehavior: dismiss and notify, userAgent: Mozilla/5.0 (Windows NT 10....}
Session ID: 90192610-24bb-4cbf-b0a0-300cf3ccdbe3
	at jdk.internal.reflect.GeneratedConstructorAccessor32.newInstance(Unknown Source)
	at java.base/jdk.internal.reflect.DelegatingConstructorAccessorImpl.newInstance(DelegatingConstructorAccessorImpl.java:45)
	at org.openqa.selenium.remote.http.W3CHttpResponseCodec.createException(W3CHttpResponseCodec.java:187)
	at org.openqa.selenium.remote.http.W3CHttpResponseCodec.decode(W3CHttpResponseCodec.java:122)
	at org.openqa.selenium.remote.http.W3CHttpResponseCodec.decode(W3CHttpResponseCodec.java:49)
	at org.openqa.selenium.remote.HttpCommandExecutor.execute(HttpCommandExecutor.java:158)
	at org.openqa.selenium.remote.service.DriverCommandExecutor.execute(DriverCommandExecutor.java:83)
	at org.openqa.selenium.remote.RemoteWebDriver.execute(RemoteWebDriver.java:552)
	at com.kms.katalon.selenium.driver.CFirefoxDriver.execute(CFirefoxDriver.java:28)
	at org.openqa.selenium.remote.RemoteWebElement.execute(RemoteWebElement.java:285)
	at org.openqa.selenium.remote.RemoteWebElement.click(RemoteWebElement.java:84)
	at jdk.internal.reflect.GeneratedMethodAccessor10.invoke(Unknown Source)
	at java.base/jdk.internal.reflect.DelegatingMethodAccessorImpl.invoke(DelegatingMethodAccessorImpl.java:43)
	at org.openqa.selenium.support.events.EventFiringWebDriver$EventFiringWebElement.lambda$new$0(EventFiringWebDriver.java:404)
	at jdk.proxy2/jdk.proxy2.$Proxy21.click(Unknown Source)
	at org.openqa.selenium.support.events.EventFiringWebDriver$EventFiringWebElement.click(EventFiringWebDriver.java:417)
	at org.openqa.selenium.WebElement$click.call(Unknown Source)
	at com.kms.katalon.core.webui.keyword.builtin.ClickKeyword.clickUntilSuccessWithTimeout(ClickKeyword.groovy:81)
	at com.kms.katalon.core.webui.keyword.builtin.ClickKeyword.clickUntilSuccessWithTimeout(ClickKeyword.groovy)
	at jdk.internal.reflect.GeneratedMethodAccessor8.invoke(Unknown Source)
	at java.base/jdk.internal.reflect.DelegatingMethodAccessorImpl.invoke(DelegatingMethodAccessorImpl.java:43)
	at com.kms.katalon.core.webui.keyword.builtin.ClickKeyword$_click_closure1.doCall(ClickKeyword.groovy:67)
	at com.kms.katalon.core.webui.keyword.builtin.ClickKeyword$_click_closure1.call(ClickKeyword.groovy)
	at com.kms.katalon.core.webui.keyword.internal.WebUIKeywordMain.runKeyword(WebUIKeywordMain.groovy:35)
	... 20 more


27-11-2024T13:18:02 - [TEST_STEP][PASSED] - callTestCase(findTestCase("1.Inicio/1.1Principal/Principal-home"), [:], STOP_ON_FAILURE): Call Test Case 'Test Cases/1.Inicio/1.1Principal/Principal-home' successfully

27-11-2024T13:18:02 - [TEST_CASE][PASSED] - Test Cases/1.Inicio/1.1Principal/Principal-home: Test Cases/1.Inicio/1.1Principal/Principal-home

27-11-2024T13:18:02 - [TEST_STEP][PASSED] - openBrowser(""): Browser is opened with url: ''

27-11-2024T13:18:02 - [MESSAGE][WARNING] - A browser is already opened. Closing browser and opening a new one

27-11-2024T13:18:04 - [MESSAGE][INFO] - Starting 'Firefox' driver

27-11-2024T13:18:04 - [MESSAGE][INFO] - Action delay is set to 0 milliseconds

27-11-2024T13:18:09 - [MESSAGE][PASSED] - Browser is opened with url: ''

27-11-2024T13:18:09 - [TEST_STEP][PASSED] - navigateToUrl("https://dev01-registrodeenvios.olvacourier.com/principal"): Navigate to 'https://dev01-registrodeenvios.olvacourier.com/principal' successfully

27-11-2024T13:18:11 - [MESSAGE][PASSED] - Navigate to 'https://dev01-registrodeenvios.olvacourier.com/principal' successfully

27-11-2024T13:18:11 - [TEST_STEP][PASSED] - maximizeWindow(): Current window maximized

27-11-2024T13:18:11 - [MESSAGE][PASSED] - Current window maximized

27-11-2024T13:18:11 - [MESSAGE][PASSED] - Call Test Case 'Test Cases/1.Inicio/1.1Principal/Principal-home' successfully

27-11-2024T13:18:11 - [TEST_STEP][PASSED] - callTestCase(findTestCase("1.Inicio/1.1Principal/Selec_paquete"), [:], STOP_ON_FAILURE): Call Test Case 'Test Cases/1.Inicio/1.1Principal/Selec_paquete' successfully

27-11-2024T13:18:11 - [TEST_CASE][PASSED] - Test Cases/1.Inicio/1.1Principal/Selec_paquete: Test Cases/1.Inicio/1.1Principal/Selec_paquete

27-11-2024T13:18:11 - [TEST_STEP][PASSED] - click(findTestObject("Object Repository/Principal/Page_Olva Courier  Home/img_Qu deseas realizar hoy_img_paquete")): Object: 'Object Repository/Principal/Page_Olva Courier  Home/img_Qu deseas realizar hoy_img_paquete' is clicked on

27-11-2024T13:18:11 - [MESSAGE][PASSED] - Object: 'Object Repository/Principal/Page_Olva Courier  Home/img_Qu deseas realizar hoy_img_paquete' is clicked on

27-11-2024T13:18:11 - [TEST_STEP][PASSED] - click(findTestObject("Object Repository/Principal/Page_Olva Courier  Home/span_He ledo y acepto los_checkmark (1)")): Object: 'Object Repository/Principal/Page_Olva Courier  Home/span_He ledo y acepto los_checkmark (1)' is clicked on

27-11-2024T13:18:12 - [MESSAGE][PASSED] - Object: 'Object Repository/Principal/Page_Olva Courier  Home/span_He ledo y acepto los_checkmark (1)' is clicked on

27-11-2024T13:18:12 - [TEST_STEP][PASSED] - click(findTestObject("Object Repository/Principal/Page_Olva Courier  Home/button_CONTINUAR (1)")): Object: 'Object Repository/Principal/Page_Olva Courier  Home/button_CONTINUAR (1)' is clicked on

27-11-2024T13:18:13 - [MESSAGE][PASSED] - Object: 'Object Repository/Principal/Page_Olva Courier  Home/button_CONTINUAR (1)' is clicked on

27-11-2024T13:18:13 - [TEST_STEP][PASSED] - verifyElementPresent(findTestObject("Object Repository/Principal/Page_Olva Courier  Datos Personales/strong_REGISTRO DE ENVOS"), 0): Object 'Object Repository/Principal/Page_Olva Courier  Datos Personales/strong_REGISTRO DE ENVOS' is present

27-11-2024T13:18:13 - [MESSAGE][WARNING] - Timeout '0' is invalid. Using default page load timeout: '30'

27-11-2024T13:18:14 - [MESSAGE][PASSED] - Object 'Object Repository/Principal/Page_Olva Courier  Datos Personales/strong_REGISTRO DE ENVOS' is present

27-11-2024T13:18:14 - [TEST_STEP][PASSED] - verifyElementPresent(findTestObject("Object Repository/Principal/Page_Olva Courier  Datos Personales/span_Regresar (1)"), 0): Object 'Object Repository/Principal/Page_Olva Courier  Datos Personales/span_Regresar (1)' is present

27-11-2024T13:18:14 - [MESSAGE][WARNING] - Timeout '0' is invalid. Using default page load timeout: '30'

27-11-2024T13:18:14 - [MESSAGE][PASSED] - Object 'Object Repository/Principal/Page_Olva Courier  Datos Personales/span_Regresar (1)' is present

27-11-2024T13:18:14 - [TEST_STEP][PASSED] - verifyElementPresent(findTestObject("Object Repository/Principal/Page_Olva Courier  Datos Personales/span_Inicio (1)"), 0): Object 'Object Repository/Principal/Page_Olva Courier  Datos Personales/span_Inicio (1)' is present

27-11-2024T13:18:14 - [MESSAGE][WARNING] - Timeout '0' is invalid. Using default page load timeout: '30'

27-11-2024T13:18:14 - [MESSAGE][PASSED] - Object 'Object Repository/Principal/Page_Olva Courier  Datos Personales/span_Inicio (1)' is present

27-11-2024T13:18:14 - [MESSAGE][PASSED] - Call Test Case 'Test Cases/1.Inicio/1.1Principal/Selec_paquete' successfully

27-11-2024T13:18:14 - [TEST_STEP][PASSED] - callTestCase(findTestCase("1.Inicio/1.2Tipo_Doc/1.DNI"), [:], STOP_ON_FAILURE): Call Test Case 'Test Cases/1.Inicio/1.2Tipo_Doc/1.DNI' successfully

27-11-2024T13:18:14 - [TEST_CASE][PASSED] - Test Cases/1.Inicio/1.2Tipo_Doc/1.DNI: Test Cases/1.Inicio/1.2Tipo_Doc/1.DNI

27-11-2024T13:18:14 - [TEST_STEP][PASSED] - click(findTestObject("Object Repository/Login/Page_Olva Courier  Datos Personales/button_Tipo De Documento")): Object: 'Object Repository/Login/Page_Olva Courier  Datos Personales/button_Tipo De Documento' is clicked on

27-11-2024T13:18:15 - [MESSAGE][PASSED] - Object: 'Object Repository/Login/Page_Olva Courier  Datos Personales/button_Tipo De Documento' is clicked on

27-11-2024T13:18:15 - [TEST_STEP][PASSED] - click(findTestObject("Object Repository/Login/Page_Olva Courier  Datos Personales/a_DNI (Boleta)")): Object: 'Object Repository/Login/Page_Olva Courier  Datos Personales/a_DNI (Boleta)' is clicked on

27-11-2024T13:18:15 - [MESSAGE][PASSED] - Object: 'Object Repository/Login/Page_Olva Courier  Datos Personales/a_DNI (Boleta)' is clicked on

27-11-2024T13:18:15 - [TEST_STEP][PASSED] - setText(findTestObject("Object Repository/Login/Page_Olva Courier  Datos Personales/input_CARN EXT. (Boleta)_txt_documento_cliente"), "47190321"): Text '47190321' is set on object 'Object Repository/Login/Page_Olva Courier  Datos Personales/input_CARN EXT. (Boleta)_txt_documento_cliente'

27-11-2024T13:18:16 - [MESSAGE][PASSED] - Text '47190321' is set on object 'Object Repository/Login/Page_Olva Courier  Datos Personales/input_CARN EXT. (Boleta)_txt_documento_cliente'

27-11-2024T13:18:16 - [TEST_STEP][PASSED] - setText(findTestObject("Object Repository/Login/Page_Olva Courier  Datos Personales/input_CARN EXT. (Boleta)_txt_telefono_cliente"), "957378086"): Text '957378086' is set on object 'Object Repository/Login/Page_Olva Courier  Datos Personales/input_CARN EXT. (Boleta)_txt_telefono_cliente'

27-11-2024T13:18:21 - [MESSAGE][PASSED] - Text '957378086' is set on object 'Object Repository/Login/Page_Olva Courier  Datos Personales/input_CARN EXT. (Boleta)_txt_telefono_cliente'

27-11-2024T13:18:21 - [TEST_STEP][PASSED] - setText(findTestObject("Object Repository/Login/Page_Olva Courier  Datos Personales/input_Hola,_txt_email_cliente"), "riosalejosjs@gmail.com"): Text 'riosalejosjs@gmail.com' is set on object 'Object Repository/Login/Page_Olva Courier  Datos Personales/input_Hola,_txt_email_cliente'

27-11-2024T13:18:21 - [MESSAGE][PASSED] - Text 'riosalejosjs@gmail.com' is set on object 'Object Repository/Login/Page_Olva Courier  Datos Personales/input_Hola,_txt_email_cliente'

27-11-2024T13:18:21 - [MESSAGE][PASSED] - Call Test Case 'Test Cases/1.Inicio/1.2Tipo_Doc/1.DNI' successfully

27-11-2024T13:18:21 - [TEST_STEP][PASSED] - click(findTestObject("Object Repository/Destinos/Page_Olva Courier  Datos Personales/button_Seleccionar artculo")): Object: 'Object Repository/Destinos/Page_Olva Courier  Datos Personales/button_Seleccionar artculo' is clicked on

27-11-2024T13:18:22 - [MESSAGE][PASSED] - Object: 'Object Repository/Destinos/Page_Olva Courier  Datos Personales/button_Seleccionar artculo' is clicked on

27-11-2024T13:18:22 - [TEST_STEP][PASSED] - click(findTestObject("Object Repository/Destinos/Page_Olva Courier  Datos Personales/a_BISUTERIA")): Object: 'Object Repository/Destinos/Page_Olva Courier  Datos Personales/a_BISUTERIA' is clicked on

27-11-2024T13:18:22 - [MESSAGE][PASSED] - Object: 'Object Repository/Destinos/Page_Olva Courier  Datos Personales/a_BISUTERIA' is clicked on

27-11-2024T13:18:22 - [TEST_STEP][PASSED] - setText(findTestObject("Object Repository/Destinos/Page_Olva Courier  Datos Personales/input_UTILES DE OFICINA_txt_paquete_articulo (1)"), "RTRt"): Text 'RTRt' is set on object 'Object Repository/Destinos/Page_Olva Courier  Datos Personales/input_UTILES DE OFICINA_txt_paquete_articulo (1)'

27-11-2024T13:18:23 - [MESSAGE][PASSED] - Text 'RTRt' is set on object 'Object Repository/Destinos/Page_Olva Courier  Datos Personales/input_UTILES DE OFICINA_txt_paquete_articulo (1)'

27-11-2024T13:18:23 - [TEST_STEP][PASSED] - setText(findTestObject("Object Repository/Destinos/Page_Olva Courier  Datos Personales/input_UTILES DE OFICINA_txt_paquete_valor (1)"), "20"): Text '20' is set on object 'Object Repository/Destinos/Page_Olva Courier  Datos Personales/input_UTILES DE OFICINA_txt_paquete_valor (1)'

27-11-2024T13:18:23 - [MESSAGE][PASSED] - Text '20' is set on object 'Object Repository/Destinos/Page_Olva Courier  Datos Personales/input_UTILES DE OFICINA_txt_paquete_valor (1)'

27-11-2024T13:18:23 - [TEST_STEP][PASSED] - click(findTestObject("Object Repository/Destinos/Page_Olva Courier  Datos Personales/div_Hasta 2Kg")): Object: 'Object Repository/Destinos/Page_Olva Courier  Datos Personales/div_Hasta 2Kg' is clicked on

27-11-2024T13:18:24 - [MESSAGE][PASSED] - Object: 'Object Repository/Destinos/Page_Olva Courier  Datos Personales/div_Hasta 2Kg' is clicked on

27-11-2024T13:18:24 - [TEST_STEP][PASSED] - scrollToElement(findTestObject("Object Repository/Destinos/Page_Olva Courier  Datos Personales/button_Ingrese el punto de llegada (1)"), 0): Scroll to object 'Object Repository/Destinos/Page_Olva Courier  Datos Personales/button_Ingrese el punto de llegada (1)' successfully

27-11-2024T13:18:24 - [MESSAGE][WARNING] - Timeout '0' is invalid. Using default page load timeout: '30'

27-11-2024T13:18:24 - [MESSAGE][PASSED] - Scroll to object 'Object Repository/Destinos/Page_Olva Courier  Datos Personales/button_Ingrese el punto de llegada (1)' successfully

27-11-2024T13:18:24 - [TEST_STEP][PASSED] - click(findTestObject("Object Repository/Destinos/Page_Olva Courier  Datos Personales/button_Ingrese el punto de llegada (1)")): Object: 'Object Repository/Destinos/Page_Olva Courier  Datos Personales/button_Ingrese el punto de llegada (1)' is clicked on

27-11-2024T13:18:25 - [MESSAGE][PASSED] - Object: 'Object Repository/Destinos/Page_Olva Courier  Datos Personales/button_Ingrese el punto de llegada (1)' is clicked on

27-11-2024T13:18:25 - [TEST_STEP][PASSED] - click(findTestObject("Object Repository/Destinos/Page_Olva Courier  Datos Personales/span_AMAZONAS - BAGUA - BAGUA")): Object: 'Object Repository/Destinos/Page_Olva Courier  Datos Personales/span_AMAZONAS - BAGUA - BAGUA' is clicked on

27-11-2024T13:18:26 - [MESSAGE][PASSED] - Object: 'Object Repository/Destinos/Page_Olva Courier  Datos Personales/span_AMAZONAS - BAGUA - BAGUA' is clicked on

27-11-2024T13:18:26 - [TEST_STEP][PASSED] - delay(3): Delayed 3 second(s)

27-11-2024T13:18:29 - [MESSAGE][PASSED] - Delayed 3 second(s)

27-11-2024T13:18:29 - [TEST_STEP][PASSED] - click(findTestObject("Object Repository/Destinos/Page_Olva Courier  Datos Personales/button_Tipo de entrega (1)")): Object: 'Object Repository/Destinos/Page_Olva Courier  Datos Personales/button_Tipo de entrega (1)' is clicked on

27-11-2024T13:18:29 - [MESSAGE][PASSED] - Object: 'Object Repository/Destinos/Page_Olva Courier  Datos Personales/button_Tipo de entrega (1)' is clicked on

27-11-2024T13:18:29 - [TEST_STEP][PASSED] - delay(3): Delayed 3 second(s)

27-11-2024T13:18:32 - [MESSAGE][PASSED] - Delayed 3 second(s)

27-11-2024T13:18:32 - [TEST_STEP][PASSED] - click(findTestObject("Object Repository/Destinos/Page_Olva Courier  Datos Personales/a_Entrega a domicilio (1)")): Object: 'Object Repository/Destinos/Page_Olva Courier  Datos Personales/a_Entrega a domicilio (1)' is clicked on

27-11-2024T13:18:35 - [MESSAGE][PASSED] - Object: 'Object Repository/Destinos/Page_Olva Courier  Datos Personales/a_Entrega a domicilio (1)' is clicked on

27-11-2024T13:18:35 - [TEST_STEP][PASSED] - delay(3): Delayed 3 second(s)

27-11-2024T13:18:38 - [MESSAGE][PASSED] - Delayed 3 second(s)

27-11-2024T13:18:38 - [TEST_STEP][PASSED] - scrollToElement(findTestObject("Object Repository/Destinos/Page_Olva Courier  Datos Personales/button_Tipo De Documento_1 (1)"), 0): Scroll to object 'Object Repository/Destinos/Page_Olva Courier  Datos Personales/button_Tipo De Documento_1 (1)' successfully

27-11-2024T13:18:38 - [MESSAGE][WARNING] - Timeout '0' is invalid. Using default page load timeout: '30'

27-11-2024T13:18:39 - [MESSAGE][PASSED] - Scroll to object 'Object Repository/Destinos/Page_Olva Courier  Datos Personales/button_Tipo De Documento_1 (1)' successfully

27-11-2024T13:18:39 - [TEST_STEP][PASSED] - click(findTestObject("Object Repository/Destinos/Page_Olva Courier  Datos Personales/button_Tipo De Documento_1 (1)")): Object: 'Object Repository/Destinos/Page_Olva Courier  Datos Personales/button_Tipo De Documento_1 (1)' is clicked on

27-11-2024T13:18:39 - [MESSAGE][PASSED] - Object: 'Object Repository/Destinos/Page_Olva Courier  Datos Personales/button_Tipo De Documento_1 (1)' is clicked on

27-11-2024T13:18:39 - [TEST_STEP][PASSED] - click(findTestObject("Object Repository/Destinos/Page_Olva Courier  Datos Personales/a_DNI (1)")): Object: 'Object Repository/Destinos/Page_Olva Courier  Datos Personales/a_DNI (1)' is clicked on

27-11-2024T13:18:40 - [MESSAGE][PASSED] - Object: 'Object Repository/Destinos/Page_Olva Courier  Datos Personales/a_DNI (1)' is clicked on

27-11-2024T13:18:40 - [TEST_STEP][PASSED] - setText(findTestObject("Object Repository/Destinos/Page_Olva Courier  Datos Personales/input_CARN EXT_txt_consignado_dni (1)"), "71735786"): Text '71735786' is set on object 'Object Repository/Destinos/Page_Olva Courier  Datos Personales/input_CARN EXT_txt_consignado_dni (1)'

27-11-2024T13:18:40 - [MESSAGE][PASSED] - Text '71735786' is set on object 'Object Repository/Destinos/Page_Olva Courier  Datos Personales/input_CARN EXT_txt_consignado_dni (1)'

27-11-2024T13:18:40 - [TEST_STEP][PASSED] - scrollToElement(findTestObject("Object Repository/Destinos/Page_Olva Courier  Datos Personales/button_CONTINUAR (1)"), 0): Scroll to object 'Object Repository/Destinos/Page_Olva Courier  Datos Personales/button_CONTINUAR (1)' successfully

27-11-2024T13:18:40 - [MESSAGE][WARNING] - Timeout '0' is invalid. Using default page load timeout: '30'

27-11-2024T13:18:42 - [MESSAGE][PASSED] - Scroll to object 'Object Repository/Destinos/Page_Olva Courier  Datos Personales/button_CONTINUAR (1)' successfully

27-11-2024T13:18:42 - [TEST_STEP][PASSED] - click(findTestObject("Object Repository/Destinos/Page_Olva Courier  Datos Personales/button_CONTINUAR (1)")): Object: 'Object Repository/Destinos/Page_Olva Courier  Datos Personales/button_CONTINUAR (1)' is clicked on

27-11-2024T13:18:42 - [MESSAGE][PASSED] - Object: 'Object Repository/Destinos/Page_Olva Courier  Datos Personales/button_CONTINUAR (1)' is clicked on

27-11-2024T13:18:42 - [TEST_STEP][PASSED] - click(findTestObject("Object Repository/Destinos/Page_Olva Courier  Confirma tus datos/a_AGREGAR ENVOS (1)")): Object: 'Object Repository/Destinos/Page_Olva Courier  Confirma tus datos/a_AGREGAR ENVOS (1)' is clicked on

27-11-2024T13:18:47 - [MESSAGE][PASSED] - Object: 'Object Repository/Destinos/Page_Olva Courier  Confirma tus datos/a_AGREGAR ENVOS (1)' is clicked on

27-11-2024T13:18:47 - [TEST_STEP][PASSED] - click(findTestObject("Object Repository/Destinos/Page_Olva Courier  Home/img_Envo de cajas o paquetescon un peso mxi_37770f (1)")): Object: 'Object Repository/Destinos/Page_Olva Courier  Home/img_Envo de cajas o paquetescon un peso mxi_37770f (1)' is clicked on

27-11-2024T13:18:48 - [MESSAGE][PASSED] - Object: 'Object Repository/Destinos/Page_Olva Courier  Home/img_Envo de cajas o paquetescon un peso mxi_37770f (1)' is clicked on

27-11-2024T13:18:48 - [TEST_STEP][PASSED] - scrollToElement(findTestObject("Object Repository/Destinos/Page_Olva Courier  Home/button_CONTINUAR (1)"), 0): Scroll to object 'Object Repository/Destinos/Page_Olva Courier  Home/button_CONTINUAR (1)' successfully

27-11-2024T13:18:48 - [MESSAGE][WARNING] - Timeout '0' is invalid. Using default page load timeout: '30'

27-11-2024T13:18:48 - [MESSAGE][PASSED] - Scroll to object 'Object Repository/Destinos/Page_Olva Courier  Home/button_CONTINUAR (1)' successfully

27-11-2024T13:18:48 - [TEST_STEP][PASSED] - click(findTestObject("Object Repository/Destinos/Page_Olva Courier  Home/button_CONTINUAR (1)")): Object: 'Object Repository/Destinos/Page_Olva Courier  Home/button_CONTINUAR (1)' is clicked on

27-11-2024T13:18:50 - [MESSAGE][PASSED] - Object: 'Object Repository/Destinos/Page_Olva Courier  Home/button_CONTINUAR (1)' is clicked on

27-11-2024T13:18:50 - [TEST_STEP][PASSED] - setText(findTestObject("Object Repository/Destinos/Page_Olva Courier  Datos Personales/input_Qu Envas_input_descripcion (1)"), "Fty"): Text 'Fty' is set on object 'Object Repository/Destinos/Page_Olva Courier  Datos Personales/input_Qu Envas_input_descripcion (1)'

27-11-2024T13:18:55 - [MESSAGE][PASSED] - Text 'Fty' is set on object 'Object Repository/Destinos/Page_Olva Courier  Datos Personales/input_Qu Envas_input_descripcion (1)'

27-11-2024T13:18:55 - [TEST_STEP][PASSED] - setText(findTestObject("Object Repository/Destinos/Page_Olva Courier  Datos Personales/input_Qu Envas_input_valor (1)"), "50"): Text '50' is set on object 'Object Repository/Destinos/Page_Olva Courier  Datos Personales/input_Qu Envas_input_valor (1)'

27-11-2024T13:18:55 - [MESSAGE][PASSED] - Text '50' is set on object 'Object Repository/Destinos/Page_Olva Courier  Datos Personales/input_Qu Envas_input_valor (1)'

27-11-2024T13:18:55 - [TEST_STEP][PASSED] - scrollToElement(findTestObject("Object Repository/Destinos/Page_Olva Courier  Datos Personales/button_Ingrese el punto de llegada (1)"), 0): Scroll to object 'Object Repository/Destinos/Page_Olva Courier  Datos Personales/button_Ingrese el punto de llegada (1)' successfully

27-11-2024T13:18:55 - [MESSAGE][WARNING] - Timeout '0' is invalid. Using default page load timeout: '30'

27-11-2024T13:18:56 - [MESSAGE][PASSED] - Scroll to object 'Object Repository/Destinos/Page_Olva Courier  Datos Personales/button_Ingrese el punto de llegada (1)' successfully

27-11-2024T13:18:56 - [TEST_STEP][PASSED] - click(findTestObject("Object Repository/Destinos/Page_Olva Courier  Datos Personales/button_Ingrese el punto de llegada (1)")): Object: 'Object Repository/Destinos/Page_Olva Courier  Datos Personales/button_Ingrese el punto de llegada (1)' is clicked on

27-11-2024T13:18:56 - [MESSAGE][PASSED] - Object: 'Object Repository/Destinos/Page_Olva Courier  Datos Personales/button_Ingrese el punto de llegada (1)' is clicked on

27-11-2024T13:18:56 - [TEST_STEP][PASSED] - click(findTestObject("Object Repository/Destinos/Page_Olva Courier  Datos Personales/a_ANCASH - HUARAZ - HUARAZ")): Object: 'Object Repository/Destinos/Page_Olva Courier  Datos Personales/a_ANCASH - HUARAZ - HUARAZ' is clicked on

27-11-2024T13:18:57 - [MESSAGE][PASSED] - Object: 'Object Repository/Destinos/Page_Olva Courier  Datos Personales/a_ANCASH - HUARAZ - HUARAZ' is clicked on

27-11-2024T13:18:57 - [TEST_STEP][PASSED] - click(findTestObject("Object Repository/Destinos/Page_Olva Courier  Datos Personales/button_Tipo de entrega (1)")): Object: 'Object Repository/Destinos/Page_Olva Courier  Datos Personales/button_Tipo de entrega (1)' is clicked on

27-11-2024T13:18:57 - [MESSAGE][PASSED] - Object: 'Object Repository/Destinos/Page_Olva Courier  Datos Personales/button_Tipo de entrega (1)' is clicked on

27-11-2024T13:18:57 - [TEST_STEP][PASSED] - click(findTestObject("Object Repository/Destinos/Page_Olva Courier  Datos Personales/a_Recojo en tienda (1)")): Object: 'Object Repository/Destinos/Page_Olva Courier  Datos Personales/a_Recojo en tienda (1)' is clicked on

27-11-2024T13:18:58 - [MESSAGE][PASSED] - Object: 'Object Repository/Destinos/Page_Olva Courier  Datos Personales/a_Recojo en tienda (1)' is clicked on

27-11-2024T13:18:58 - [TEST_STEP][PASSED] - click(findTestObject("Object Repository/Destinos/Page_Olva Courier  Datos Personales/button_Tienda (1)")): Object: 'Object Repository/Destinos/Page_Olva Courier  Datos Personales/button_Tienda (1)' is clicked on

27-11-2024T13:18:59 - [MESSAGE][PASSED] - Object: 'Object Repository/Destinos/Page_Olva Courier  Datos Personales/button_Tienda (1)' is clicked on

27-11-2024T13:18:59 - [TEST_STEP][PASSED] - click(findTestObject("Object Repository/Destinos/Page_Olva Courier  Datos Personales/span_TIENDA HUARAZ - HUARAZ - AV MARISCAL A_1d6adb")): Object: 'Object Repository/Destinos/Page_Olva Courier  Datos Personales/span_TIENDA HUARAZ - HUARAZ - AV MARISCAL A_1d6adb' is clicked on

27-11-2024T13:19:00 - [MESSAGE][PASSED] - Object: 'Object Repository/Destinos/Page_Olva Courier  Datos Personales/span_TIENDA HUARAZ - HUARAZ - AV MARISCAL A_1d6adb' is clicked on

27-11-2024T13:19:00 - [TEST_STEP][PASSED] - scrollToElement(findTestObject("Object Repository/Destinos/Page_Olva Courier  Datos Personales/button_Tipo De Documento_1 (1)"), 0): Scroll to object 'Object Repository/Destinos/Page_Olva Courier  Datos Personales/button_Tipo De Documento_1 (1)' successfully

27-11-2024T13:19:00 - [MESSAGE][WARNING] - Timeout '0' is invalid. Using default page load timeout: '30'

27-11-2024T13:19:00 - [MESSAGE][PASSED] - Scroll to object 'Object Repository/Destinos/Page_Olva Courier  Datos Personales/button_Tipo De Documento_1 (1)' successfully

27-11-2024T13:19:00 - [TEST_STEP][PASSED] - click(findTestObject("Object Repository/Destinos/Page_Olva Courier  Datos Personales/button_Tipo De Documento_1 (1)")): Object: 'Object Repository/Destinos/Page_Olva Courier  Datos Personales/button_Tipo De Documento_1 (1)' is clicked on

27-11-2024T13:19:00 - [MESSAGE][PASSED] - Object: 'Object Repository/Destinos/Page_Olva Courier  Datos Personales/button_Tipo De Documento_1 (1)' is clicked on

27-11-2024T13:19:00 - [TEST_STEP][PASSED] - click(findTestObject("Object Repository/Destinos/Page_Olva Courier  Datos Personales/span_DNI")): Object: 'Object Repository/Destinos/Page_Olva Courier  Datos Personales/span_DNI' is clicked on

27-11-2024T13:19:01 - [MESSAGE][PASSED] - Object: 'Object Repository/Destinos/Page_Olva Courier  Datos Personales/span_DNI' is clicked on

27-11-2024T13:19:01 - [TEST_STEP][PASSED] - setText(findTestObject("Object Repository/Destinos/Page_Olva Courier  Datos Personales/input_CARN EXT_txt_consignado_dni (1)"), "71735785"): Text '71735785' is set on object 'Object Repository/Destinos/Page_Olva Courier  Datos Personales/input_CARN EXT_txt_consignado_dni (1)'

27-11-2024T13:19:01 - [MESSAGE][PASSED] - Text '71735785' is set on object 'Object Repository/Destinos/Page_Olva Courier  Datos Personales/input_CARN EXT_txt_consignado_dni (1)'

27-11-2024T13:19:01 - [TEST_STEP][PASSED] - scrollToElement(findTestObject("Object Repository/Destinos/Page_Olva Courier  Datos Personales/button_CONTINUAR (1)"), 0): Scroll to object 'Object Repository/Destinos/Page_Olva Courier  Datos Personales/button_CONTINUAR (1)' successfully

27-11-2024T13:19:01 - [MESSAGE][WARNING] - Timeout '0' is invalid. Using default page load timeout: '30'

27-11-2024T13:19:04 - [MESSAGE][PASSED] - Scroll to object 'Object Repository/Destinos/Page_Olva Courier  Datos Personales/button_CONTINUAR (1)' successfully

27-11-2024T13:19:04 - [TEST_STEP][PASSED] - click(findTestObject("Object Repository/Destinos/Page_Olva Courier  Datos Personales/button_CONTINUAR (1)")): Object: 'Object Repository/Destinos/Page_Olva Courier  Datos Personales/button_CONTINUAR (1)' is clicked on

27-11-2024T13:19:04 - [MESSAGE][PASSED] - Object: 'Object Repository/Destinos/Page_Olva Courier  Datos Personales/button_CONTINUAR (1)' is clicked on

27-11-2024T13:19:04 - [TEST_STEP][FAILED] - click(findTestObject("Object Repository/Destinos/Page_Olva Courier  Confirma tus datos/button_IR A PAGAR S 27.90 (1)")): Unable to click on object 'Object Repository/Destinos/Page_Olva Courier  Confirma tus datos/button_IR A PAGAR S 27.90 (1)' (Root cause: com.kms.katalon.core.exception.StepFailedException: Unable to click on object 'Object Repository/Destinos/Page_Olva Courier  Confirma tus datos/button_IR A PAGAR S 27.90 (1)'
	at com.kms.katalon.core.webui.keyword.internal.WebUIKeywordMain.stepFailed(WebUIKeywordMain.groovy:117)
	at com.kms.katalon.core.webui.keyword.internal.WebUIKeywordMain.runKeyword(WebUIKeywordMain.groovy:43)
	at com.kms.katalon.core.webui.keyword.builtin.ClickKeyword.click(ClickKeyword.groovy:74)
	at com.kms.katalon.core.webui.keyword.builtin.ClickKeyword.execute(ClickKeyword.groovy:40)
	at com.kms.katalon.core.keyword.internal.KeywordExecutor.executeKeywordForPlatform(KeywordExecutor.groovy:74)
	at com.kms.katalon.core.webui.keyword.WebUiBuiltInKeywords.click(WebUiBuiltInKeywords.groovy:659)
	at Destino-DO.run(Destino-DO:114)
	at com.kms.katalon.core.main.ScriptEngine.run(ScriptEngine.java:194)
	at com.kms.katalon.core.main.ScriptEngine.runScriptAsRawText(ScriptEngine.java:119)
	at com.kms.katalon.core.main.TestCaseExecutor.runScript(TestCaseExecutor.java:448)
	at com.kms.katalon.core.main.TestCaseExecutor.doExecute(TestCaseExecutor.java:439)
	at com.kms.katalon.core.main.TestCaseExecutor.processExecutionPhase(TestCaseExecutor.java:418)
	at com.kms.katalon.core.main.TestCaseExecutor.accessMainPhase(TestCaseExecutor.java:410)
	at com.kms.katalon.core.main.TestCaseExecutor.execute(TestCaseExecutor.java:285)
	at com.kms.katalon.core.common.CommonExecutor.accessTestCaseMainPhase(CommonExecutor.java:65)
	at com.kms.katalon.core.main.TestSuiteExecutor.accessTestSuiteMainPhase(TestSuiteExecutor.java:150)
	at com.kms.katalon.core.main.TestSuiteExecutor.execute(TestSuiteExecutor.java:106)
	at com.kms.katalon.core.main.TestCaseMain.startTestSuite(TestCaseMain.java:180)
	at TempTestSuite1732729948317.run(TempTestSuite1732729948317.groovy:35)
	at java.base/jdk.internal.reflect.NativeMethodAccessorImpl.invoke0(Native Method)
	at java.base/jdk.internal.reflect.NativeMethodAccessorImpl.invoke(NativeMethodAccessorImpl.java:77)
	at java.base/jdk.internal.reflect.DelegatingMethodAccessorImpl.invoke(DelegatingMethodAccessorImpl.java:43)
Caused by: org.openqa.selenium.ElementClickInterceptedException: Element <button id="btn-pagar-listar" class="btn btn-warning" type="button"> is not clickable at point (682,614) because another element <p> obscures it
Build info: version: '3.141.59', revision: 'unknown', time: 'unknown'
System info: host: 'DESKTOP-RGFFP9A', ip: '10.136.10.6', os.name: 'Windows 11', os.arch: 'amd64', os.version: '10.0', java.version: '17.0.7'
Driver info: com.kms.katalon.core.webui.driver.firefox.CGeckoDriver
Capabilities {acceptInsecureCerts: true, browserName: firefox, browserVersion: 133.0, javascriptEnabled: true, moz:accessibilityChecks: false, moz:buildID: 20241121140525, moz:geckodriverVersion: 0.35.0, moz:headless: false, moz:platformVersion: 10.0, moz:processID: 12824, moz:profile: C:\Users\OLVATI\AppData\Loc..., moz:shutdownTimeout: 60000, moz:webdriverClick: true, moz:windowless: false, pageLoadStrategy: normal, platform: WINDOWS, platformName: WINDOWS, proxy: Proxy(direct), setWindowRect: true, strictFileInteractability: false, timeouts: {implicit: 0, pageLoad: 300000, script: 30000}, unhandledPromptBehavior: dismiss and notify, userAgent: Mozilla/5.0 (Windows NT 10....}
Session ID: 90192610-24bb-4cbf-b0a0-300cf3ccdbe3
	at jdk.internal.reflect.GeneratedConstructorAccessor32.newInstance(Unknown Source)
	at java.base/jdk.internal.reflect.DelegatingConstructorAccessorImpl.newInstance(DelegatingConstructorAccessorImpl.java:45)
	at org.openqa.selenium.remote.http.W3CHttpResponseCodec.createException(W3CHttpResponseCodec.java:187)
	at org.openqa.selenium.remote.http.W3CHttpResponseCodec.decode(W3CHttpResponseCodec.java:122)
	at org.openqa.selenium.remote.http.W3CHttpResponseCodec.decode(W3CHttpResponseCodec.java:49)
	at org.openqa.selenium.remote.HttpCommandExecutor.execute(HttpCommandExecutor.java:158)
	at org.openqa.selenium.remote.service.DriverCommandExecutor.execute(DriverCommandExecutor.java:83)
	at org.openqa.selenium.remote.RemoteWebDriver.execute(RemoteWebDriver.java:552)
	at com.kms.katalon.selenium.driver.CFirefoxDriver.execute(CFirefoxDriver.java:28)
	at org.openqa.selenium.remote.RemoteWebElement.execute(RemoteWebElement.java:285)
	at org.openqa.selenium.remote.RemoteWebElement.click(RemoteWebElement.java:84)
	at jdk.internal.reflect.GeneratedMethodAccessor10.invoke(Unknown Source)
	at java.base/jdk.internal.reflect.DelegatingMethodAccessorImpl.invoke(DelegatingMethodAccessorImpl.java:43)
	at org.openqa.selenium.support.events.EventFiringWebDriver$EventFiringWebElement.lambda$new$0(EventFiringWebDriver.java:404)
	at jdk.proxy2/jdk.proxy2.$Proxy21.click(Unknown Source)
	at org.openqa.selenium.support.events.EventFiringWebDriver$EventFiringWebElement.click(EventFiringWebDriver.java:417)
	at org.openqa.selenium.WebElement$click.call(Unknown Source)
	at com.kms.katalon.core.webui.keyword.builtin.ClickKeyword.clickUntilSuccessWithTimeout(ClickKeyword.groovy:81)
	at com.kms.katalon.core.webui.keyword.builtin.ClickKeyword.clickUntilSuccessWithTimeout(ClickKeyword.groovy)
	at jdk.internal.reflect.GeneratedMethodAccessor8.invoke(Unknown Source)
	at java.base/jdk.internal.reflect.DelegatingMethodAccessorImpl.invoke(DelegatingMethodAccessorImpl.java:43)
	at com.kms.katalon.core.webui.keyword.builtin.ClickKeyword$_click_closure1.doCall(ClickKeyword.groovy:67)
	at com.kms.katalon.core.webui.keyword.builtin.ClickKeyword$_click_closure1.call(ClickKeyword.groovy)
	at com.kms.katalon.core.webui.keyword.internal.WebUIKeywordMain.runKeyword(WebUIKeywordMain.groovy:35)
	at com.kms.katalon.core.webui.keyword.builtin.ClickKeyword.click(ClickKeyword.groovy:74)
	at com.kms.katalon.core.webui.keyword.builtin.ClickKeyword.execute(ClickKeyword.groovy:40)
	at com.kms.katalon.core.keyword.internal.KeywordExecutor.executeKeywordForPlatform(KeywordExecutor.groovy:74)
	at com.kms.katalon.core.webui.keyword.WebUiBuiltInKeywords.click(WebUiBuiltInKeywords.groovy:659)
	at Script1732090087718.run(Script1732090087718.groovy:114)
	... 15 more
)

27-11-2024T13:19:37 - [MESSAGE][FAILED] - Unable to click on object 'Object Repository/Destinos/Page_Olva Courier  Confirma tus datos/button_IR A PAGAR S 27.90 (1)' (Root cause: com.kms.katalon.core.exception.StepFailedException: Unable to click on object 'Object Repository/Destinos/Page_Olva Courier  Confirma tus datos/button_IR A PAGAR S 27.90 (1)'
	at com.kms.katalon.core.webui.keyword.internal.WebUIKeywordMain.stepFailed(WebUIKeywordMain.groovy:117)
	at com.kms.katalon.core.webui.keyword.internal.WebUIKeywordMain.runKeyword(WebUIKeywordMain.groovy:43)
	at com.kms.katalon.core.webui.keyword.builtin.ClickKeyword.click(ClickKeyword.groovy:74)
	at com.kms.katalon.core.webui.keyword.builtin.ClickKeyword.execute(ClickKeyword.groovy:40)
	at com.kms.katalon.core.keyword.internal.KeywordExecutor.executeKeywordForPlatform(KeywordExecutor.groovy:74)
	at com.kms.katalon.core.webui.keyword.WebUiBuiltInKeywords.click(WebUiBuiltInKeywords.groovy:659)
	at Destino-DO.run(Destino-DO:114)
	at com.kms.katalon.core.main.ScriptEngine.run(ScriptEngine.java:194)
	at com.kms.katalon.core.main.ScriptEngine.runScriptAsRawText(ScriptEngine.java:119)
	at com.kms.katalon.core.main.TestCaseExecutor.runScript(TestCaseExecutor.java:448)
	at com.kms.katalon.core.main.TestCaseExecutor.doExecute(TestCaseExecutor.java:439)
	at com.kms.katalon.core.main.TestCaseExecutor.processExecutionPhase(TestCaseExecutor.java:418)
	at com.kms.katalon.core.main.TestCaseExecutor.accessMainPhase(TestCaseExecutor.java:410)
	at com.kms.katalon.core.main.TestCaseExecutor.execute(TestCaseExecutor.java:285)
	at com.kms.katalon.core.common.CommonExecutor.accessTestCaseMainPhase(CommonExecutor.java:65)
	at com.kms.katalon.core.main.TestSuiteExecutor.accessTestSuiteMainPhase(TestSuiteExecutor.java:150)
	at com.kms.katalon.core.main.TestSuiteExecutor.execute(TestSuiteExecutor.java:106)
	at com.kms.katalon.core.main.TestCaseMain.startTestSuite(TestCaseMain.java:180)
	at TempTestSuite1732729948317.run(TempTestSuite1732729948317.groovy:35)
	at java.base/jdk.internal.reflect.NativeMethodAccessorImpl.invoke0(Native Method)
	at java.base/jdk.internal.reflect.NativeMethodAccessorImpl.invoke(NativeMethodAccessorImpl.java:77)
	at java.base/jdk.internal.reflect.DelegatingMethodAccessorImpl.invoke(DelegatingMethodAccessorImpl.java:43)
Caused by: org.openqa.selenium.ElementClickInterceptedException: Element <button id="btn-pagar-listar" class="btn btn-warning" type="button"> is not clickable at point (682,614) because another element <p> obscures it
Build info: version: '3.141.59', revision: 'unknown', time: 'unknown'
System info: host: 'DESKTOP-RGFFP9A', ip: '10.136.10.6', os.name: 'Windows 11', os.arch: 'amd64', os.version: '10.0', java.version: '17.0.7'
Driver info: com.kms.katalon.core.webui.driver.firefox.CGeckoDriver
Capabilities {acceptInsecureCerts: true, browserName: firefox, browserVersion: 133.0, javascriptEnabled: true, moz:accessibilityChecks: false, moz:buildID: 20241121140525, moz:geckodriverVersion: 0.35.0, moz:headless: false, moz:platformVersion: 10.0, moz:processID: 12824, moz:profile: C:\Users\OLVATI\AppData\Loc..., moz:shutdownTimeout: 60000, moz:webdriverClick: true, moz:windowless: false, pageLoadStrategy: normal, platform: WINDOWS, platformName: WINDOWS, proxy: Proxy(direct), setWindowRect: true, strictFileInteractability: false, timeouts: {implicit: 0, pageLoad: 300000, script: 30000}, unhandledPromptBehavior: dismiss and notify, userAgent: Mozilla/5.0 (Windows NT 10....}
Session ID: 90192610-24bb-4cbf-b0a0-300cf3ccdbe3
	at jdk.internal.reflect.GeneratedConstructorAccessor32.newInstance(Unknown Source)
	at java.base/jdk.internal.reflect.DelegatingConstructorAccessorImpl.newInstance(DelegatingConstructorAccessorImpl.java:45)
	at org.openqa.selenium.remote.http.W3CHttpResponseCodec.createException(W3CHttpResponseCodec.java:187)
	at org.openqa.selenium.remote.http.W3CHttpResponseCodec.decode(W3CHttpResponseCodec.java:122)
	at org.openqa.selenium.remote.http.W3CHttpResponseCodec.decode(W3CHttpResponseCodec.java:49)
	at org.openqa.selenium.remote.HttpCommandExecutor.execute(HttpCommandExecutor.java:158)
	at org.openqa.selenium.remote.service.DriverCommandExecutor.execute(DriverCommandExecutor.java:83)
	at org.openqa.selenium.remote.RemoteWebDriver.execute(RemoteWebDriver.java:552)
	at com.kms.katalon.selenium.driver.CFirefoxDriver.execute(CFirefoxDriver.java:28)
	at org.openqa.selenium.remote.RemoteWebElement.execute(RemoteWebElement.java:285)
	at org.openqa.selenium.remote.RemoteWebElement.click(RemoteWebElement.java:84)
	at jdk.internal.reflect.GeneratedMethodAccessor10.invoke(Unknown Source)
	at java.base/jdk.internal.reflect.DelegatingMethodAccessorImpl.invoke(DelegatingMethodAccessorImpl.java:43)
	at org.openqa.selenium.support.events.EventFiringWebDriver$EventFiringWebElement.lambda$new$0(EventFiringWebDriver.java:404)
	at jdk.proxy2/jdk.proxy2.$Proxy21.click(Unknown Source)
	at org.openqa.selenium.support.events.EventFiringWebDriver$EventFiringWebElement.click(EventFiringWebDriver.java:417)
	at org.openqa.selenium.WebElement$click.call(Unknown Source)
	at com.kms.katalon.core.webui.keyword.builtin.ClickKeyword.clickUntilSuccessWithTimeout(ClickKeyword.groovy:81)
	at com.kms.katalon.core.webui.keyword.builtin.ClickKeyword.clickUntilSuccessWithTimeout(ClickKeyword.groovy)
	at jdk.internal.reflect.GeneratedMethodAccessor8.invoke(Unknown Source)
	at java.base/jdk.internal.reflect.DelegatingMethodAccessorImpl.invoke(DelegatingMethodAccessorImpl.java:43)
	at com.kms.katalon.core.webui.keyword.builtin.ClickKeyword$_click_closure1.doCall(ClickKeyword.groovy:67)
	at com.kms.katalon.core.webui.keyword.builtin.ClickKeyword$_click_closure1.call(ClickKeyword.groovy)
	at com.kms.katalon.core.webui.keyword.internal.WebUIKeywordMain.runKeyword(WebUIKeywordMain.groovy:35)
	at com.kms.katalon.core.webui.keyword.builtin.ClickKeyword.click(ClickKeyword.groovy:74)
	at com.kms.katalon.core.webui.keyword.builtin.ClickKeyword.execute(ClickKeyword.groovy:40)
	at com.kms.katalon.core.keyword.internal.KeywordExecutor.executeKeywordForPlatform(KeywordExecutor.groovy:74)
	at com.kms.katalon.core.webui.keyword.WebUiBuiltInKeywords.click(WebUiBuiltInKeywords.groovy:659)
	at Script1732090087718.run(Script1732090087718.groovy:114)
	... 15 more
)]]></system-out>
         <system-err><![CDATA[27-11-2024T13:18:02 - [TEST_CASE][FAILED] - Test Cases/2.Positivos/2.1Paquete/Origen-Lima/3.Destino-D,DO,O/Destino-DO: Test Cases/2.Positivos/2.1Paquete/Origen-Lima/3.Destino-D,DO,O/Destino-DO FAILED.
Reason:
com.kms.katalon.core.exception.StepFailedException: Unable to click on object 'Object Repository/Destinos/Page_Olva Courier  Confirma tus datos/button_IR A PAGAR S 27.90 (1)'
	at com.kms.katalon.core.webui.keyword.internal.WebUIKeywordMain.stepFailed(WebUIKeywordMain.groovy:117)
	at com.kms.katalon.core.webui.keyword.internal.WebUIKeywordMain.runKeyword(WebUIKeywordMain.groovy:43)
	at com.kms.katalon.core.webui.keyword.builtin.ClickKeyword.click(ClickKeyword.groovy:74)
	at com.kms.katalon.core.webui.keyword.builtin.ClickKeyword.execute(ClickKeyword.groovy:40)
	at com.kms.katalon.core.keyword.internal.KeywordExecutor.executeKeywordForPlatform(KeywordExecutor.groovy:74)
	at com.kms.katalon.core.webui.keyword.WebUiBuiltInKeywords.click(WebUiBuiltInKeywords.groovy:659)
	at Destino-DO.run(Destino-DO:114)
	at com.kms.katalon.core.main.ScriptEngine.run(ScriptEngine.java:194)
	at com.kms.katalon.core.main.ScriptEngine.runScriptAsRawText(ScriptEngine.java:119)
	at com.kms.katalon.core.main.TestCaseExecutor.runScript(TestCaseExecutor.java:448)
	at com.kms.katalon.core.main.TestCaseExecutor.doExecute(TestCaseExecutor.java:439)
	at com.kms.katalon.core.main.TestCaseExecutor.processExecutionPhase(TestCaseExecutor.java:418)
	at com.kms.katalon.core.main.TestCaseExecutor.accessMainPhase(TestCaseExecutor.java:410)
	at com.kms.katalon.core.main.TestCaseExecutor.execute(TestCaseExecutor.java:285)
	at com.kms.katalon.core.common.CommonExecutor.accessTestCaseMainPhase(CommonExecutor.java:65)
	at com.kms.katalon.core.main.TestSuiteExecutor.accessTestSuiteMainPhase(TestSuiteExecutor.java:150)
	at com.kms.katalon.core.main.TestSuiteExecutor.execute(TestSuiteExecutor.java:106)
	at com.kms.katalon.core.main.TestCaseMain.startTestSuite(TestCaseMain.java:180)
	at TempTestSuite1732729948317.run(TempTestSuite1732729948317.groovy:35)
	at java.base/jdk.internal.reflect.NativeMethodAccessorImpl.invoke0(Native Method)
	at java.base/jdk.internal.reflect.NativeMethodAccessorImpl.invoke(NativeMethodAccessorImpl.java:77)
	at java.base/jdk.internal.reflect.DelegatingMethodAccessorImpl.invoke(DelegatingMethodAccessorImpl.java:43)
Caused by: org.openqa.selenium.ElementClickInterceptedException: Element <button id="btn-pagar-listar" class="btn btn-warning" type="button"> is not clickable at point (682,614) because another element <p> obscures it
Build info: version: '3.141.59', revision: 'unknown', time: 'unknown'
System info: host: 'DESKTOP-RGFFP9A', ip: '10.136.10.6', os.name: 'Windows 11', os.arch: 'amd64', os.version: '10.0', java.version: '17.0.7'
Driver info: com.kms.katalon.core.webui.driver.firefox.CGeckoDriver
Capabilities {acceptInsecureCerts: true, browserName: firefox, browserVersion: 133.0, javascriptEnabled: true, moz:accessibilityChecks: false, moz:buildID: 20241121140525, moz:geckodriverVersion: 0.35.0, moz:headless: false, moz:platformVersion: 10.0, moz:processID: 12824, moz:profile: C:\Users\OLVATI\AppData\Loc..., moz:shutdownTimeout: 60000, moz:webdriverClick: true, moz:windowless: false, pageLoadStrategy: normal, platform: WINDOWS, platformName: WINDOWS, proxy: Proxy(direct), setWindowRect: true, strictFileInteractability: false, timeouts: {implicit: 0, pageLoad: 300000, script: 30000}, unhandledPromptBehavior: dismiss and notify, userAgent: Mozilla/5.0 (Windows NT 10....}
Session ID: 90192610-24bb-4cbf-b0a0-300cf3ccdbe3
	at jdk.internal.reflect.GeneratedConstructorAccessor32.newInstance(Unknown Source)
	at java.base/jdk.internal.reflect.DelegatingConstructorAccessorImpl.newInstance(DelegatingConstructorAccessorImpl.java:45)
	at org.openqa.selenium.remote.http.W3CHttpResponseCodec.createException(W3CHttpResponseCodec.java:187)
	at org.openqa.selenium.remote.http.W3CHttpResponseCodec.decode(W3CHttpResponseCodec.java:122)
	at org.openqa.selenium.remote.http.W3CHttpResponseCodec.decode(W3CHttpResponseCodec.java:49)
	at org.openqa.selenium.remote.HttpCommandExecutor.execute(HttpCommandExecutor.java:158)
	at org.openqa.selenium.remote.service.DriverCommandExecutor.execute(DriverCommandExecutor.java:83)
	at org.openqa.selenium.remote.RemoteWebDriver.execute(RemoteWebDriver.java:552)
	at com.kms.katalon.selenium.driver.CFirefoxDriver.execute(CFirefoxDriver.java:28)
	at org.openqa.selenium.remote.RemoteWebElement.execute(RemoteWebElement.java:285)
	at org.openqa.selenium.remote.RemoteWebElement.click(RemoteWebElement.java:84)
	at jdk.internal.reflect.GeneratedMethodAccessor10.invoke(Unknown Source)
	at java.base/jdk.internal.reflect.DelegatingMethodAccessorImpl.invoke(DelegatingMethodAccessorImpl.java:43)
	at org.openqa.selenium.support.events.EventFiringWebDriver$EventFiringWebElement.lambda$new$0(EventFiringWebDriver.java:404)
	at jdk.proxy2/jdk.proxy2.$Proxy21.click(Unknown Source)
	at org.openqa.selenium.support.events.EventFiringWebDriver$EventFiringWebElement.click(EventFiringWebDriver.java:417)
	at org.openqa.selenium.WebElement$click.call(Unknown Source)
	at com.kms.katalon.core.webui.keyword.builtin.ClickKeyword.clickUntilSuccessWithTimeout(ClickKeyword.groovy:81)
	at com.kms.katalon.core.webui.keyword.builtin.ClickKeyword.clickUntilSuccessWithTimeout(ClickKeyword.groovy)
	at jdk.internal.reflect.GeneratedMethodAccessor8.invoke(Unknown Source)
	at java.base/jdk.internal.reflect.DelegatingMethodAccessorImpl.invoke(DelegatingMethodAccessorImpl.java:43)
	at com.kms.katalon.core.webui.keyword.builtin.ClickKeyword$_click_closure1.doCall(ClickKeyword.groovy:67)
	at com.kms.katalon.core.webui.keyword.builtin.ClickKeyword$_click_closure1.call(ClickKeyword.groovy)
	at com.kms.katalon.core.webui.keyword.internal.WebUIKeywordMain.runKeyword(WebUIKeywordMain.groovy:35)
	... 20 more]]></system-err>
      </testcase>
      <testcase name="Test Cases/2.Positivos/2.1Paquete/Origen-Lima/3.Destino-D,DO,O/Destino-D" time="51.559" classname="Test Cases/2.Positivos/2.1Paquete/Origen-Lima/3.Destino-D,DO,O/Destino-D" status="PASSED">
         <system-out><![CDATA[27-11-2024T13:19:38 - [TEST_CASE][PASSED] - Test Cases/2.Positivos/2.1Paquete/Origen-Lima/3.Destino-D,DO,O/Destino-D: Test Cases/2.Positivos/2.1Paquete/Origen-Lima/3.Destino-D,DO,O/Destino-D

27-11-2024T13:19:38 - [TEST_STEP][PASSED] - callTestCase(findTestCase("1.Inicio/1.1Principal/Principal-home"), [:], STOP_ON_FAILURE): Call Test Case 'Test Cases/1.Inicio/1.1Principal/Principal-home' successfully

27-11-2024T13:19:38 - [TEST_CASE][PASSED] - Test Cases/1.Inicio/1.1Principal/Principal-home: Test Cases/1.Inicio/1.1Principal/Principal-home

27-11-2024T13:19:38 - [TEST_STEP][PASSED] - openBrowser(""): Browser is opened with url: ''

27-11-2024T13:19:38 - [MESSAGE][WARNING] - A browser is already opened. Closing browser and opening a new one

27-11-2024T13:19:39 - [MESSAGE][INFO] - Starting 'Firefox' driver

27-11-2024T13:19:39 - [MESSAGE][INFO] - Action delay is set to 0 milliseconds

27-11-2024T13:19:45 - [MESSAGE][PASSED] - Browser is opened with url: ''

27-11-2024T13:19:45 - [TEST_STEP][PASSED] - navigateToUrl("https://dev01-registrodeenvios.olvacourier.com/principal"): Navigate to 'https://dev01-registrodeenvios.olvacourier.com/principal' successfully

27-11-2024T13:19:46 - [MESSAGE][PASSED] - Navigate to 'https://dev01-registrodeenvios.olvacourier.com/principal' successfully

27-11-2024T13:19:46 - [TEST_STEP][PASSED] - maximizeWindow(): Current window maximized

27-11-2024T13:19:46 - [MESSAGE][PASSED] - Current window maximized

27-11-2024T13:19:46 - [MESSAGE][PASSED] - Call Test Case 'Test Cases/1.Inicio/1.1Principal/Principal-home' successfully

27-11-2024T13:19:46 - [TEST_STEP][PASSED] - callTestCase(findTestCase("1.Inicio/1.1Principal/Selec_paquete"), [:], STOP_ON_FAILURE): Call Test Case 'Test Cases/1.Inicio/1.1Principal/Selec_paquete' successfully

27-11-2024T13:19:46 - [TEST_CASE][PASSED] - Test Cases/1.Inicio/1.1Principal/Selec_paquete: Test Cases/1.Inicio/1.1Principal/Selec_paquete

27-11-2024T13:19:46 - [TEST_STEP][PASSED] - click(findTestObject("Object Repository/Principal/Page_Olva Courier  Home/img_Qu deseas realizar hoy_img_paquete")): Object: 'Object Repository/Principal/Page_Olva Courier  Home/img_Qu deseas realizar hoy_img_paquete' is clicked on

27-11-2024T13:19:47 - [MESSAGE][PASSED] - Object: 'Object Repository/Principal/Page_Olva Courier  Home/img_Qu deseas realizar hoy_img_paquete' is clicked on

27-11-2024T13:19:47 - [TEST_STEP][PASSED] - click(findTestObject("Object Repository/Principal/Page_Olva Courier  Home/span_He ledo y acepto los_checkmark (1)")): Object: 'Object Repository/Principal/Page_Olva Courier  Home/span_He ledo y acepto los_checkmark (1)' is clicked on

27-11-2024T13:19:48 - [MESSAGE][PASSED] - Object: 'Object Repository/Principal/Page_Olva Courier  Home/span_He ledo y acepto los_checkmark (1)' is clicked on

27-11-2024T13:19:48 - [TEST_STEP][PASSED] - click(findTestObject("Object Repository/Principal/Page_Olva Courier  Home/button_CONTINUAR (1)")): Object: 'Object Repository/Principal/Page_Olva Courier  Home/button_CONTINUAR (1)' is clicked on

27-11-2024T13:19:49 - [MESSAGE][PASSED] - Object: 'Object Repository/Principal/Page_Olva Courier  Home/button_CONTINUAR (1)' is clicked on

27-11-2024T13:19:49 - [TEST_STEP][PASSED] - verifyElementPresent(findTestObject("Object Repository/Principal/Page_Olva Courier  Datos Personales/strong_REGISTRO DE ENVOS"), 0): Object 'Object Repository/Principal/Page_Olva Courier  Datos Personales/strong_REGISTRO DE ENVOS' is present

27-11-2024T13:19:49 - [MESSAGE][WARNING] - Timeout '0' is invalid. Using default page load timeout: '30'

27-11-2024T13:19:49 - [MESSAGE][PASSED] - Object 'Object Repository/Principal/Page_Olva Courier  Datos Personales/strong_REGISTRO DE ENVOS' is present

27-11-2024T13:19:49 - [TEST_STEP][PASSED] - verifyElementPresent(findTestObject("Object Repository/Principal/Page_Olva Courier  Datos Personales/span_Regresar (1)"), 0): Object 'Object Repository/Principal/Page_Olva Courier  Datos Personales/span_Regresar (1)' is present

27-11-2024T13:19:49 - [MESSAGE][WARNING] - Timeout '0' is invalid. Using default page load timeout: '30'

27-11-2024T13:19:50 - [MESSAGE][PASSED] - Object 'Object Repository/Principal/Page_Olva Courier  Datos Personales/span_Regresar (1)' is present

27-11-2024T13:19:50 - [TEST_STEP][PASSED] - verifyElementPresent(findTestObject("Object Repository/Principal/Page_Olva Courier  Datos Personales/span_Inicio (1)"), 0): Object 'Object Repository/Principal/Page_Olva Courier  Datos Personales/span_Inicio (1)' is present

27-11-2024T13:19:50 - [MESSAGE][WARNING] - Timeout '0' is invalid. Using default page load timeout: '30'

27-11-2024T13:19:50 - [MESSAGE][PASSED] - Object 'Object Repository/Principal/Page_Olva Courier  Datos Personales/span_Inicio (1)' is present

27-11-2024T13:19:50 - [MESSAGE][PASSED] - Call Test Case 'Test Cases/1.Inicio/1.1Principal/Selec_paquete' successfully

27-11-2024T13:19:50 - [TEST_STEP][PASSED] - callTestCase(findTestCase("1.Inicio/1.2Tipo_Doc/1.DNI"), [:], STOP_ON_FAILURE): Call Test Case 'Test Cases/1.Inicio/1.2Tipo_Doc/1.DNI' successfully

27-11-2024T13:19:50 - [TEST_CASE][PASSED] - Test Cases/1.Inicio/1.2Tipo_Doc/1.DNI: Test Cases/1.Inicio/1.2Tipo_Doc/1.DNI

27-11-2024T13:19:50 - [TEST_STEP][PASSED] - click(findTestObject("Object Repository/Login/Page_Olva Courier  Datos Personales/button_Tipo De Documento")): Object: 'Object Repository/Login/Page_Olva Courier  Datos Personales/button_Tipo De Documento' is clicked on

27-11-2024T13:19:51 - [MESSAGE][PASSED] - Object: 'Object Repository/Login/Page_Olva Courier  Datos Personales/button_Tipo De Documento' is clicked on

27-11-2024T13:19:51 - [TEST_STEP][PASSED] - click(findTestObject("Object Repository/Login/Page_Olva Courier  Datos Personales/a_DNI (Boleta)")): Object: 'Object Repository/Login/Page_Olva Courier  Datos Personales/a_DNI (Boleta)' is clicked on

27-11-2024T13:19:51 - [MESSAGE][PASSED] - Object: 'Object Repository/Login/Page_Olva Courier  Datos Personales/a_DNI (Boleta)' is clicked on

27-11-2024T13:19:51 - [TEST_STEP][PASSED] - setText(findTestObject("Object Repository/Login/Page_Olva Courier  Datos Personales/input_CARN EXT. (Boleta)_txt_documento_cliente"), "47190321"): Text '47190321' is set on object 'Object Repository/Login/Page_Olva Courier  Datos Personales/input_CARN EXT. (Boleta)_txt_documento_cliente'

27-11-2024T13:19:52 - [MESSAGE][PASSED] - Text '47190321' is set on object 'Object Repository/Login/Page_Olva Courier  Datos Personales/input_CARN EXT. (Boleta)_txt_documento_cliente'

27-11-2024T13:19:52 - [TEST_STEP][PASSED] - setText(findTestObject("Object Repository/Login/Page_Olva Courier  Datos Personales/input_CARN EXT. (Boleta)_txt_telefono_cliente"), "957378086"): Text '957378086' is set on object 'Object Repository/Login/Page_Olva Courier  Datos Personales/input_CARN EXT. (Boleta)_txt_telefono_cliente'

27-11-2024T13:19:58 - [MESSAGE][PASSED] - Text '957378086' is set on object 'Object Repository/Login/Page_Olva Courier  Datos Personales/input_CARN EXT. (Boleta)_txt_telefono_cliente'

27-11-2024T13:19:58 - [TEST_STEP][PASSED] - setText(findTestObject("Object Repository/Login/Page_Olva Courier  Datos Personales/input_Hola,_txt_email_cliente"), "riosalejosjs@gmail.com"): Text 'riosalejosjs@gmail.com' is set on object 'Object Repository/Login/Page_Olva Courier  Datos Personales/input_Hola,_txt_email_cliente'

27-11-2024T13:19:58 - [MESSAGE][PASSED] - Text 'riosalejosjs@gmail.com' is set on object 'Object Repository/Login/Page_Olva Courier  Datos Personales/input_Hola,_txt_email_cliente'

27-11-2024T13:19:58 - [MESSAGE][PASSED] - Call Test Case 'Test Cases/1.Inicio/1.2Tipo_Doc/1.DNI' successfully

27-11-2024T13:19:58 - [TEST_STEP][PASSED] - click(findTestObject("Object Repository/Destinos/Page_Olva Courier  Datos Personales/span_Seleccionar artculo")): Object: 'Object Repository/Destinos/Page_Olva Courier  Datos Personales/span_Seleccionar artculo' is clicked on

27-11-2024T13:19:59 - [MESSAGE][PASSED] - Object: 'Object Repository/Destinos/Page_Olva Courier  Datos Personales/span_Seleccionar artculo' is clicked on

27-11-2024T13:19:59 - [TEST_STEP][PASSED] - click(findTestObject("Object Repository/Destinos/Page_Olva Courier  Datos Personales/span_ACCESORIOS Y EQUIPOS ELECTRONICOS")): Object: 'Object Repository/Destinos/Page_Olva Courier  Datos Personales/span_ACCESORIOS Y EQUIPOS ELECTRONICOS' is clicked on

27-11-2024T13:19:59 - [MESSAGE][PASSED] - Object: 'Object Repository/Destinos/Page_Olva Courier  Datos Personales/span_ACCESORIOS Y EQUIPOS ELECTRONICOS' is clicked on

27-11-2024T13:19:59 - [TEST_STEP][PASSED] - setText(findTestObject("Object Repository/Destinos/Page_Olva Courier  Datos Personales/input_UTILES DE OFICINA_txt_paquete_articulo"), "PREUBas"): Text 'PREUBas' is set on object 'Object Repository/Destinos/Page_Olva Courier  Datos Personales/input_UTILES DE OFICINA_txt_paquete_articulo'

27-11-2024T13:20:00 - [MESSAGE][PASSED] - Text 'PREUBas' is set on object 'Object Repository/Destinos/Page_Olva Courier  Datos Personales/input_UTILES DE OFICINA_txt_paquete_articulo'

27-11-2024T13:20:00 - [TEST_STEP][PASSED] - setText(findTestObject("Object Repository/Destinos/Page_Olva Courier  Datos Personales/input_UTILES DE OFICINA_txt_paquete_valor"), "50"): Text '50' is set on object 'Object Repository/Destinos/Page_Olva Courier  Datos Personales/input_UTILES DE OFICINA_txt_paquete_valor'

27-11-2024T13:20:00 - [MESSAGE][PASSED] - Text '50' is set on object 'Object Repository/Destinos/Page_Olva Courier  Datos Personales/input_UTILES DE OFICINA_txt_paquete_valor'

27-11-2024T13:20:00 - [TEST_STEP][PASSED] - click(findTestObject("Object Repository/Destinos/Page_Olva Courier  Datos Personales/div_Hasta 1Kg")): Object: 'Object Repository/Destinos/Page_Olva Courier  Datos Personales/div_Hasta 1Kg' is clicked on

27-11-2024T13:20:01 - [MESSAGE][PASSED] - Object: 'Object Repository/Destinos/Page_Olva Courier  Datos Personales/div_Hasta 1Kg' is clicked on

27-11-2024T13:20:01 - [TEST_STEP][PASSED] - scrollToElement(findTestObject("Object Repository/Destinos/Page_Olva Courier  Datos Personales/button_Ingrese el punto de llegada"), 0): Scroll to object 'Object Repository/Destinos/Page_Olva Courier  Datos Personales/button_Ingrese el punto de llegada' successfully

27-11-2024T13:20:01 - [MESSAGE][WARNING] - Timeout '0' is invalid. Using default page load timeout: '30'

27-11-2024T13:20:01 - [MESSAGE][PASSED] - Scroll to object 'Object Repository/Destinos/Page_Olva Courier  Datos Personales/button_Ingrese el punto de llegada' successfully

27-11-2024T13:20:01 - [TEST_STEP][PASSED] - click(findTestObject("Object Repository/Destinos/Page_Olva Courier  Datos Personales/button_Ingrese el punto de llegada")): Object: 'Object Repository/Destinos/Page_Olva Courier  Datos Personales/button_Ingrese el punto de llegada' is clicked on

27-11-2024T13:20:02 - [MESSAGE][PASSED] - Object: 'Object Repository/Destinos/Page_Olva Courier  Datos Personales/button_Ingrese el punto de llegada' is clicked on

27-11-2024T13:20:02 - [TEST_STEP][PASSED] - click(findTestObject("Object Repository/Destinos/Page_Olva Courier  Datos Personales/a_CUSCO - CUSCO - CUSCO")): Object: 'Object Repository/Destinos/Page_Olva Courier  Datos Personales/a_CUSCO - CUSCO - CUSCO' is clicked on

27-11-2024T13:20:03 - [MESSAGE][PASSED] - Object: 'Object Repository/Destinos/Page_Olva Courier  Datos Personales/a_CUSCO - CUSCO - CUSCO' is clicked on

27-11-2024T13:20:03 - [TEST_STEP][PASSED] - click(findTestObject("Object Repository/Destinos/Page_Olva Courier  Datos Personales/button_Recojo en tienda")): Object: 'Object Repository/Destinos/Page_Olva Courier  Datos Personales/button_Recojo en tienda' is clicked on

27-11-2024T13:20:03 - [MESSAGE][PASSED] - Object: 'Object Repository/Destinos/Page_Olva Courier  Datos Personales/button_Recojo en tienda' is clicked on

27-11-2024T13:20:03 - [TEST_STEP][PASSED] - click(findTestObject("Object Repository/Destinos/Page_Olva Courier  Datos Personales/a_Entrega a domicilio")): Object: 'Object Repository/Destinos/Page_Olva Courier  Datos Personales/a_Entrega a domicilio' is clicked on

27-11-2024T13:20:06 - [MESSAGE][PASSED] - Object: 'Object Repository/Destinos/Page_Olva Courier  Datos Personales/a_Entrega a domicilio' is clicked on

27-11-2024T13:20:06 - [TEST_STEP][PASSED] - click(findTestObject("Object Repository/Destinos/Page_Olva Courier  Datos Personales/button_Tipo De Documento_1")): Object: 'Object Repository/Destinos/Page_Olva Courier  Datos Personales/button_Tipo De Documento_1' is clicked on

27-11-2024T13:20:07 - [MESSAGE][PASSED] - Object: 'Object Repository/Destinos/Page_Olva Courier  Datos Personales/button_Tipo De Documento_1' is clicked on

27-11-2024T13:20:07 - [TEST_STEP][PASSED] - click(findTestObject("Object Repository/Destinos/Page_Olva Courier  Datos Personales/a_DNI")): Object: 'Object Repository/Destinos/Page_Olva Courier  Datos Personales/a_DNI' is clicked on

27-11-2024T13:20:07 - [MESSAGE][PASSED] - Object: 'Object Repository/Destinos/Page_Olva Courier  Datos Personales/a_DNI' is clicked on

27-11-2024T13:20:07 - [TEST_STEP][PASSED] - setText(findTestObject("Object Repository/Destinos/Page_Olva Courier  Datos Personales/input_CARN EXT_txt_consignado_dni"), "71735785"): Text '71735785' is set on object 'Object Repository/Destinos/Page_Olva Courier  Datos Personales/input_CARN EXT_txt_consignado_dni'

27-11-2024T13:20:08 - [MESSAGE][PASSED] - Text '71735785' is set on object 'Object Repository/Destinos/Page_Olva Courier  Datos Personales/input_CARN EXT_txt_consignado_dni'

27-11-2024T13:20:08 - [TEST_STEP][PASSED] - scrollToElement(findTestObject("Object Repository/Destinos/Page_Olva Courier  Datos Personales/button_CONTINUAR"), 0): Scroll to object 'Object Repository/Destinos/Page_Olva Courier  Datos Personales/button_CONTINUAR' successfully

27-11-2024T13:20:08 - [MESSAGE][WARNING] - Timeout '0' is invalid. Using default page load timeout: '30'

27-11-2024T13:20:10 - [MESSAGE][PASSED] - Scroll to object 'Object Repository/Destinos/Page_Olva Courier  Datos Personales/button_CONTINUAR' successfully

27-11-2024T13:20:10 - [TEST_STEP][PASSED] - click(findTestObject("Object Repository/Destinos/Page_Olva Courier  Datos Personales/button_CONTINUAR")): Object: 'Object Repository/Destinos/Page_Olva Courier  Datos Personales/button_CONTINUAR' is clicked on

27-11-2024T13:20:10 - [MESSAGE][PASSED] - Object: 'Object Repository/Destinos/Page_Olva Courier  Datos Personales/button_CONTINUAR' is clicked on

27-11-2024T13:20:10 - [TEST_STEP][PASSED] - scrollToElement(findTestObject("Object Repository/Destinos/Page_Olva Courier  Confirma tus datos/button_IR A PAGAR S 16.50"), 0): Scroll to object 'Object Repository/Destinos/Page_Olva Courier  Confirma tus datos/button_IR A PAGAR S 16.50' successfully

27-11-2024T13:20:10 - [MESSAGE][WARNING] - Timeout '0' is invalid. Using default page load timeout: '30'

27-11-2024T13:20:15 - [MESSAGE][PASSED] - Scroll to object 'Object Repository/Destinos/Page_Olva Courier  Confirma tus datos/button_IR A PAGAR S 16.50' successfully

27-11-2024T13:20:15 - [TEST_STEP][PASSED] - click(findTestObject("Object Repository/Destinos/Page_Olva Courier  Confirma tus datos/button_IR A PAGAR S 16.50")): Object: 'Object Repository/Destinos/Page_Olva Courier  Confirma tus datos/button_IR A PAGAR S 16.50' is clicked on

27-11-2024T13:20:16 - [MESSAGE][PASSED] - Object: 'Object Repository/Destinos/Page_Olva Courier  Confirma tus datos/button_IR A PAGAR S 16.50' is clicked on

27-11-2024T13:20:16 - [TEST_STEP][PASSED] - delay(3): Delayed 3 second(s)

27-11-2024T13:20:19 - [MESSAGE][PASSED] - Delayed 3 second(s)

27-11-2024T13:20:19 - [TEST_STEP][PASSED] - verifyElementPresent(findTestObject("Object Repository/Destinos/Page_Olva Courier  Medios de pago/button_PAGAR"), 0): Object 'Object Repository/Destinos/Page_Olva Courier  Medios de pago/button_PAGAR' is present

27-11-2024T13:20:19 - [MESSAGE][WARNING] - Timeout '0' is invalid. Using default page load timeout: '30'

27-11-2024T13:20:25 - [MESSAGE][PASSED] - Object 'Object Repository/Destinos/Page_Olva Courier  Medios de pago/button_PAGAR' is present

27-11-2024T13:20:25 - [TEST_STEP][PASSED] - callTestCase(findTestCase("1.Inicio/1.3Pago_POS/Pago-exitoso"), [:], STOP_ON_FAILURE): Call Test Case 'Test Cases/1.Inicio/1.3Pago_POS/Pago-exitoso' successfully

27-11-2024T13:20:25 - [TEST_CASE][PASSED] - Test Cases/1.Inicio/1.3Pago_POS/Pago-exitoso: Test Cases/1.Inicio/1.3Pago_POS/Pago-exitoso

27-11-2024T13:20:25 - [TEST_STEP][PASSED] - verifyElementPresent(findTestObject("Object Repository/pago/Page_Olva Courier  Medios de pago/div_Pago con tarjeta de crdito, dbito y Yape"), 0): Object 'Object Repository/pago/Page_Olva Courier  Medios de pago/div_Pago con tarjeta de crdito, dbito y Yape' is present

27-11-2024T13:20:25 - [MESSAGE][WARNING] - Timeout '0' is invalid. Using default page load timeout: '30'

27-11-2024T13:20:25 - [MESSAGE][PASSED] - Object 'Object Repository/pago/Page_Olva Courier  Medios de pago/div_Pago con tarjeta de crdito, dbito y Yape' is present

27-11-2024T13:20:25 - [TEST_STEP][PASSED] - verifyElementPresent(findTestObject("Object Repository/pago/Page_Olva Courier  Medios de pago/td_S"), 0): Object 'Object Repository/pago/Page_Olva Courier  Medios de pago/td_S' is present

27-11-2024T13:20:25 - [MESSAGE][WARNING] - Timeout '0' is invalid. Using default page load timeout: '30'

27-11-2024T13:20:25 - [MESSAGE][PASSED] - Object 'Object Repository/pago/Page_Olva Courier  Medios de pago/td_S' is present

27-11-2024T13:20:25 - [TEST_STEP][PASSED] - delay(1): Delayed 1 second(s)

27-11-2024T13:20:26 - [MESSAGE][PASSED] - Delayed 1 second(s)

27-11-2024T13:20:26 - [TEST_STEP][PASSED] - scrollToElement(findTestObject("Object Repository/pago/Page_Olva Courier  Medios de pago/button_PAGAR"), 0): Scroll to object 'Object Repository/pago/Page_Olva Courier  Medios de pago/button_PAGAR' successfully

27-11-2024T13:20:26 - [MESSAGE][WARNING] - Timeout '0' is invalid. Using default page load timeout: '30'

27-11-2024T13:20:26 - [MESSAGE][PASSED] - Scroll to object 'Object Repository/pago/Page_Olva Courier  Medios de pago/button_PAGAR' successfully

27-11-2024T13:20:26 - [TEST_STEP][PASSED] - click(findTestObject("Object Repository/pago/Page_Olva Courier  Medios de pago/button_PAGAR")): Object: 'Object Repository/pago/Page_Olva Courier  Medios de pago/button_PAGAR' is clicked on

27-11-2024T13:20:27 - [MESSAGE][PASSED] - Object: 'Object Repository/pago/Page_Olva Courier  Medios de pago/button_PAGAR' is clicked on

27-11-2024T13:20:27 - [TEST_STEP][PASSED] - delay(2): Delayed 2 second(s)

27-11-2024T13:20:29 - [MESSAGE][PASSED] - Delayed 2 second(s)

27-11-2024T13:20:29 - [TEST_STEP][PASSED] - verifyElementText(findTestObject("Object Repository/pago/Page_Olva Courier  Pago Exitoso/div_Aprobado y completado con exito"), "Aprobado y completado con exito"): Actual text and expected text of test object 'Object Repository/pago/Page_Olva Courier  Pago Exitoso/div_Aprobado y completado con exito' are matched.

27-11-2024T13:20:29 - [MESSAGE][PASSED] - Actual text and expected text of test object 'Object Repository/pago/Page_Olva Courier  Pago Exitoso/div_Aprobado y completado con exito' are matched.

27-11-2024T13:20:29 - [TEST_STEP][PASSED] - verifyElementPresent(findTestObject("Object Repository/pago/Page_Olva Courier  Pago Exitoso/b_nroPreventa"), 0): Object 'Object Repository/pago/Page_Olva Courier  Pago Exitoso/b_nroPreventa' is present

27-11-2024T13:20:29 - [MESSAGE][WARNING] - Timeout '0' is invalid. Using default page load timeout: '30'

27-11-2024T13:20:29 - [MESSAGE][PASSED] - Object 'Object Repository/pago/Page_Olva Courier  Pago Exitoso/b_nroPreventa' is present

27-11-2024T13:20:29 - [MESSAGE][PASSED] - Call Test Case 'Test Cases/1.Inicio/1.3Pago_POS/Pago-exitoso' successfully]]></system-out>
         <system-err><![CDATA[]]></system-err>
      </testcase>
      <testcase name="Test Cases/2.Positivos/2.1Paquete/Origen-Lima/2.Valorado/Entrega_Tienda/Restricion-tienda" time="55.898" classname="Test Cases/2.Positivos/2.1Paquete/Origen-Lima/2.Valorado/Entrega_Tienda/Restricion-tienda" status="PASSED">
         <system-out><![CDATA[27-11-2024T13:20:29 - [TEST_CASE][PASSED] - Test Cases/2.Positivos/2.1Paquete/Origen-Lima/2.Valorado/Entrega_Tienda/Restricion-tienda: Test Cases/2.Positivos/2.1Paquete/Origen-Lima/2.Valorado/Entrega_Tienda/Restricion-tienda

27-11-2024T13:20:29 - [TEST_STEP][PASSED] - callTestCase(findTestCase("1.Inicio/1.1Principal/Principal-home"), [:], STOP_ON_FAILURE): Call Test Case 'Test Cases/1.Inicio/1.1Principal/Principal-home' successfully

27-11-2024T13:20:29 - [TEST_CASE][PASSED] - Test Cases/1.Inicio/1.1Principal/Principal-home: Test Cases/1.Inicio/1.1Principal/Principal-home

27-11-2024T13:20:29 - [TEST_STEP][PASSED] - openBrowser(""): Browser is opened with url: ''

27-11-2024T13:20:29 - [MESSAGE][WARNING] - A browser is already opened. Closing browser and opening a new one

27-11-2024T13:20:31 - [MESSAGE][INFO] - Starting 'Firefox' driver

27-11-2024T13:20:31 - [MESSAGE][INFO] - Action delay is set to 0 milliseconds

27-11-2024T13:20:37 - [MESSAGE][PASSED] - Browser is opened with url: ''

27-11-2024T13:20:37 - [TEST_STEP][PASSED] - navigateToUrl("https://dev01-registrodeenvios.olvacourier.com/principal"): Navigate to 'https://dev01-registrodeenvios.olvacourier.com/principal' successfully

27-11-2024T13:20:38 - [MESSAGE][PASSED] - Navigate to 'https://dev01-registrodeenvios.olvacourier.com/principal' successfully

27-11-2024T13:20:38 - [TEST_STEP][PASSED] - maximizeWindow(): Current window maximized

27-11-2024T13:20:38 - [MESSAGE][PASSED] - Current window maximized

27-11-2024T13:20:38 - [MESSAGE][PASSED] - Call Test Case 'Test Cases/1.Inicio/1.1Principal/Principal-home' successfully

27-11-2024T13:20:38 - [TEST_STEP][PASSED] - callTestCase(findTestCase("1.Inicio/1.1Principal/Selec_paquete"), [:], STOP_ON_FAILURE): Call Test Case 'Test Cases/1.Inicio/1.1Principal/Selec_paquete' successfully

27-11-2024T13:20:38 - [TEST_CASE][PASSED] - Test Cases/1.Inicio/1.1Principal/Selec_paquete: Test Cases/1.Inicio/1.1Principal/Selec_paquete

27-11-2024T13:20:38 - [TEST_STEP][PASSED] - click(findTestObject("Object Repository/Principal/Page_Olva Courier  Home/img_Qu deseas realizar hoy_img_paquete")): Object: 'Object Repository/Principal/Page_Olva Courier  Home/img_Qu deseas realizar hoy_img_paquete' is clicked on

27-11-2024T13:20:39 - [MESSAGE][PASSED] - Object: 'Object Repository/Principal/Page_Olva Courier  Home/img_Qu deseas realizar hoy_img_paquete' is clicked on

27-11-2024T13:20:39 - [TEST_STEP][PASSED] - click(findTestObject("Object Repository/Principal/Page_Olva Courier  Home/span_He ledo y acepto los_checkmark (1)")): Object: 'Object Repository/Principal/Page_Olva Courier  Home/span_He ledo y acepto los_checkmark (1)' is clicked on

27-11-2024T13:20:40 - [MESSAGE][PASSED] - Object: 'Object Repository/Principal/Page_Olva Courier  Home/span_He ledo y acepto los_checkmark (1)' is clicked on

27-11-2024T13:20:40 - [TEST_STEP][PASSED] - click(findTestObject("Object Repository/Principal/Page_Olva Courier  Home/button_CONTINUAR (1)")): Object: 'Object Repository/Principal/Page_Olva Courier  Home/button_CONTINUAR (1)' is clicked on

27-11-2024T13:20:42 - [MESSAGE][PASSED] - Object: 'Object Repository/Principal/Page_Olva Courier  Home/button_CONTINUAR (1)' is clicked on

27-11-2024T13:20:42 - [TEST_STEP][PASSED] - verifyElementPresent(findTestObject("Object Repository/Principal/Page_Olva Courier  Datos Personales/strong_REGISTRO DE ENVOS"), 0): Object 'Object Repository/Principal/Page_Olva Courier  Datos Personales/strong_REGISTRO DE ENVOS' is present

27-11-2024T13:20:42 - [MESSAGE][WARNING] - Timeout '0' is invalid. Using default page load timeout: '30'

27-11-2024T13:20:43 - [MESSAGE][PASSED] - Object 'Object Repository/Principal/Page_Olva Courier  Datos Personales/strong_REGISTRO DE ENVOS' is present

27-11-2024T13:20:43 - [TEST_STEP][PASSED] - verifyElementPresent(findTestObject("Object Repository/Principal/Page_Olva Courier  Datos Personales/span_Regresar (1)"), 0): Object 'Object Repository/Principal/Page_Olva Courier  Datos Personales/span_Regresar (1)' is present

27-11-2024T13:20:43 - [MESSAGE][WARNING] - Timeout '0' is invalid. Using default page load timeout: '30'

27-11-2024T13:20:43 - [MESSAGE][PASSED] - Object 'Object Repository/Principal/Page_Olva Courier  Datos Personales/span_Regresar (1)' is present

27-11-2024T13:20:43 - [TEST_STEP][PASSED] - verifyElementPresent(findTestObject("Object Repository/Principal/Page_Olva Courier  Datos Personales/span_Inicio (1)"), 0): Object 'Object Repository/Principal/Page_Olva Courier  Datos Personales/span_Inicio (1)' is present

27-11-2024T13:20:43 - [MESSAGE][WARNING] - Timeout '0' is invalid. Using default page load timeout: '30'

27-11-2024T13:20:43 - [MESSAGE][PASSED] - Object 'Object Repository/Principal/Page_Olva Courier  Datos Personales/span_Inicio (1)' is present

27-11-2024T13:20:43 - [MESSAGE][PASSED] - Call Test Case 'Test Cases/1.Inicio/1.1Principal/Selec_paquete' successfully

27-11-2024T13:20:43 - [TEST_STEP][PASSED] - callTestCase(findTestCase("1.Inicio/1.2Tipo_Doc/1.DNI"), [:], STOP_ON_FAILURE): Call Test Case 'Test Cases/1.Inicio/1.2Tipo_Doc/1.DNI' successfully

27-11-2024T13:20:43 - [TEST_CASE][PASSED] - Test Cases/1.Inicio/1.2Tipo_Doc/1.DNI: Test Cases/1.Inicio/1.2Tipo_Doc/1.DNI

27-11-2024T13:20:43 - [TEST_STEP][PASSED] - click(findTestObject("Object Repository/Login/Page_Olva Courier  Datos Personales/button_Tipo De Documento")): Object: 'Object Repository/Login/Page_Olva Courier  Datos Personales/button_Tipo De Documento' is clicked on

27-11-2024T13:20:44 - [MESSAGE][PASSED] - Object: 'Object Repository/Login/Page_Olva Courier  Datos Personales/button_Tipo De Documento' is clicked on

27-11-2024T13:20:44 - [TEST_STEP][PASSED] - click(findTestObject("Object Repository/Login/Page_Olva Courier  Datos Personales/a_DNI (Boleta)")): Object: 'Object Repository/Login/Page_Olva Courier  Datos Personales/a_DNI (Boleta)' is clicked on

27-11-2024T13:20:44 - [MESSAGE][PASSED] - Object: 'Object Repository/Login/Page_Olva Courier  Datos Personales/a_DNI (Boleta)' is clicked on

27-11-2024T13:20:44 - [TEST_STEP][PASSED] - setText(findTestObject("Object Repository/Login/Page_Olva Courier  Datos Personales/input_CARN EXT. (Boleta)_txt_documento_cliente"), "47190321"): Text '47190321' is set on object 'Object Repository/Login/Page_Olva Courier  Datos Personales/input_CARN EXT. (Boleta)_txt_documento_cliente'

27-11-2024T13:20:45 - [MESSAGE][PASSED] - Text '47190321' is set on object 'Object Repository/Login/Page_Olva Courier  Datos Personales/input_CARN EXT. (Boleta)_txt_documento_cliente'

27-11-2024T13:20:45 - [TEST_STEP][PASSED] - setText(findTestObject("Object Repository/Login/Page_Olva Courier  Datos Personales/input_CARN EXT. (Boleta)_txt_telefono_cliente"), "957378086"): Text '957378086' is set on object 'Object Repository/Login/Page_Olva Courier  Datos Personales/input_CARN EXT. (Boleta)_txt_telefono_cliente'

27-11-2024T13:20:53 - [MESSAGE][PASSED] - Text '957378086' is set on object 'Object Repository/Login/Page_Olva Courier  Datos Personales/input_CARN EXT. (Boleta)_txt_telefono_cliente'

27-11-2024T13:20:53 - [TEST_STEP][PASSED] - setText(findTestObject("Object Repository/Login/Page_Olva Courier  Datos Personales/input_Hola,_txt_email_cliente"), "riosalejosjs@gmail.com"): Text 'riosalejosjs@gmail.com' is set on object 'Object Repository/Login/Page_Olva Courier  Datos Personales/input_Hola,_txt_email_cliente'

27-11-2024T13:20:53 - [MESSAGE][PASSED] - Text 'riosalejosjs@gmail.com' is set on object 'Object Repository/Login/Page_Olva Courier  Datos Personales/input_Hola,_txt_email_cliente'

27-11-2024T13:20:53 - [MESSAGE][PASSED] - Call Test Case 'Test Cases/1.Inicio/1.2Tipo_Doc/1.DNI' successfully

27-11-2024T13:20:53 - [TEST_STEP][PASSED] - click(findTestObject("Object Repository/valorado/Page_Olva Courier  Datos Personales/button_Seleccionar artculo (1)")): Object: 'Object Repository/valorado/Page_Olva Courier  Datos Personales/button_Seleccionar artculo (1)' is clicked on

27-11-2024T13:20:54 - [MESSAGE][PASSED] - Object: 'Object Repository/valorado/Page_Olva Courier  Datos Personales/button_Seleccionar artculo (1)' is clicked on

27-11-2024T13:20:54 - [TEST_STEP][PASSED] - click(findTestObject("Object Repository/valorado/Page_Olva Courier  Datos Personales/span_ARTCULOS PUBLICITARIOS")): Object: 'Object Repository/valorado/Page_Olva Courier  Datos Personales/span_ARTCULOS PUBLICITARIOS' is clicked on

27-11-2024T13:20:54 - [MESSAGE][PASSED] - Object: 'Object Repository/valorado/Page_Olva Courier  Datos Personales/span_ARTCULOS PUBLICITARIOS' is clicked on

27-11-2024T13:20:54 - [TEST_STEP][PASSED] - setText(findTestObject("Object Repository/valorado/Page_Olva Courier  Datos Personales/input_UTILES DE OFICINA_txt_paquete_articulo (1)"), "PREUBAs"): Text 'PREUBAs' is set on object 'Object Repository/valorado/Page_Olva Courier  Datos Personales/input_UTILES DE OFICINA_txt_paquete_articulo (1)'

27-11-2024T13:20:55 - [MESSAGE][PASSED] - Text 'PREUBAs' is set on object 'Object Repository/valorado/Page_Olva Courier  Datos Personales/input_UTILES DE OFICINA_txt_paquete_articulo (1)'

27-11-2024T13:20:55 - [TEST_STEP][PASSED] - setText(findTestObject("Object Repository/valorado/Page_Olva Courier  Datos Personales/input_UTILES DE OFICINA_txt_paquete_valor (1)"), "1800"): Text '1800' is set on object 'Object Repository/valorado/Page_Olva Courier  Datos Personales/input_UTILES DE OFICINA_txt_paquete_valor (1)'

27-11-2024T13:20:55 - [MESSAGE][PASSED] - Text '1800' is set on object 'Object Repository/valorado/Page_Olva Courier  Datos Personales/input_UTILES DE OFICINA_txt_paquete_valor (1)'

27-11-2024T13:20:55 - [TEST_STEP][PASSED] - click(findTestObject("Object Repository/valorado/Page_Olva Courier  Datos Personales/div_Hasta 2Kg")): Object: 'Object Repository/valorado/Page_Olva Courier  Datos Personales/div_Hasta 2Kg' is clicked on

27-11-2024T13:20:56 - [MESSAGE][PASSED] - Object: 'Object Repository/valorado/Page_Olva Courier  Datos Personales/div_Hasta 2Kg' is clicked on

27-11-2024T13:20:56 - [TEST_STEP][PASSED] - scrollToElement(findTestObject("Object Repository/valorado/Page_Olva Courier  Datos Personales/button_Ingrese el punto de llegada (1)"), 0): Scroll to object 'Object Repository/valorado/Page_Olva Courier  Datos Personales/button_Ingrese el punto de llegada (1)' successfully

27-11-2024T13:20:56 - [MESSAGE][WARNING] - Timeout '0' is invalid. Using default page load timeout: '30'

27-11-2024T13:20:57 - [MESSAGE][PASSED] - Scroll to object 'Object Repository/valorado/Page_Olva Courier  Datos Personales/button_Ingrese el punto de llegada (1)' successfully

27-11-2024T13:20:57 - [TEST_STEP][PASSED] - click(findTestObject("Object Repository/valorado/Page_Olva Courier  Datos Personales/button_Ingrese el punto de llegada (1)")): Object: 'Object Repository/valorado/Page_Olva Courier  Datos Personales/button_Ingrese el punto de llegada (1)' is clicked on

27-11-2024T13:20:57 - [MESSAGE][PASSED] - Object: 'Object Repository/valorado/Page_Olva Courier  Datos Personales/button_Ingrese el punto de llegada (1)' is clicked on

27-11-2024T13:20:57 - [TEST_STEP][PASSED] - click(findTestObject("Object Repository/valorado/Page_Olva Courier  Datos Personales/a_ICA - ICA - ICA")): Object: 'Object Repository/valorado/Page_Olva Courier  Datos Personales/a_ICA - ICA - ICA' is clicked on

27-11-2024T13:20:58 - [MESSAGE][PASSED] - Object: 'Object Repository/valorado/Page_Olva Courier  Datos Personales/a_ICA - ICA - ICA' is clicked on

27-11-2024T13:20:58 - [TEST_STEP][PASSED] - click(findTestObject("Object Repository/valorado/Page_Olva Courier  Datos Personales/button_Tipo de entrega (1)")): Object: 'Object Repository/valorado/Page_Olva Courier  Datos Personales/button_Tipo de entrega (1)' is clicked on

27-11-2024T13:20:58 - [MESSAGE][PASSED] - Object: 'Object Repository/valorado/Page_Olva Courier  Datos Personales/button_Tipo de entrega (1)' is clicked on

27-11-2024T13:20:58 - [TEST_STEP][PASSED] - click(findTestObject("Object Repository/valorado/Page_Olva Courier  Datos Personales/a_Recojo en tienda (1)")): Object: 'Object Repository/valorado/Page_Olva Courier  Datos Personales/a_Recojo en tienda (1)' is clicked on

27-11-2024T13:20:59 - [MESSAGE][PASSED] - Object: 'Object Repository/valorado/Page_Olva Courier  Datos Personales/a_Recojo en tienda (1)' is clicked on

27-11-2024T13:20:59 - [TEST_STEP][PASSED] - verifyElementText(findTestObject("Object Repository/valorado/Page_Olva Courier  Datos Personales/p_El artculo que supera los 1000 soles no p_4059db (1)"), "El artículo que supera los 1000 soles no pueden ser entregados en tienda"): Actual text and expected text of test object 'Object Repository/valorado/Page_Olva Courier  Datos Personales/p_El artculo que supera los 1000 soles no p_4059db (1)' are matched.

27-11-2024T13:20:59 - [MESSAGE][PASSED] - Actual text and expected text of test object 'Object Repository/valorado/Page_Olva Courier  Datos Personales/p_El artculo que supera los 1000 soles no p_4059db (1)' are matched.

27-11-2024T13:20:59 - [TEST_STEP][PASSED] - click(findTestObject("Object Repository/valorado/Page_Olva Courier  Datos Personales/button_Aceptar (1)")): Object: 'Object Repository/valorado/Page_Olva Courier  Datos Personales/button_Aceptar (1)' is clicked on

27-11-2024T13:21:00 - [MESSAGE][PASSED] - Object: 'Object Repository/valorado/Page_Olva Courier  Datos Personales/button_Aceptar (1)' is clicked on

27-11-2024T13:21:00 - [TEST_STEP][PASSED] - click(findTestObject("Object Repository/valorado/Page_Olva Courier  Datos Personales/button_Tipo de entrega (1)")): Object: 'Object Repository/valorado/Page_Olva Courier  Datos Personales/button_Tipo de entrega (1)' is clicked on

27-11-2024T13:21:00 - [MESSAGE][PASSED] - Object: 'Object Repository/valorado/Page_Olva Courier  Datos Personales/button_Tipo de entrega (1)' is clicked on

27-11-2024T13:21:00 - [TEST_STEP][PASSED] - click(findTestObject("Object Repository/valorado/Page_Olva Courier  Datos Personales/a_Entrega a domicilio (1)")): Object: 'Object Repository/valorado/Page_Olva Courier  Datos Personales/a_Entrega a domicilio (1)' is clicked on

27-11-2024T13:21:04 - [MESSAGE][PASSED] - Object: 'Object Repository/valorado/Page_Olva Courier  Datos Personales/a_Entrega a domicilio (1)' is clicked on

27-11-2024T13:21:04 - [TEST_STEP][PASSED] - scrollToElement(findTestObject("Object Repository/valorado/Page_Olva Courier  Datos Personales/button_Tipo De Documento_1 (1)"), 0): Scroll to object 'Object Repository/valorado/Page_Olva Courier  Datos Personales/button_Tipo De Documento_1 (1)' successfully

27-11-2024T13:21:04 - [MESSAGE][WARNING] - Timeout '0' is invalid. Using default page load timeout: '30'

27-11-2024T13:21:04 - [MESSAGE][PASSED] - Scroll to object 'Object Repository/valorado/Page_Olva Courier  Datos Personales/button_Tipo De Documento_1 (1)' successfully

27-11-2024T13:21:04 - [TEST_STEP][PASSED] - click(findTestObject("Object Repository/valorado/Page_Olva Courier  Datos Personales/button_Tipo De Documento_1 (1)")): Object: 'Object Repository/valorado/Page_Olva Courier  Datos Personales/button_Tipo De Documento_1 (1)' is clicked on

27-11-2024T13:21:05 - [MESSAGE][PASSED] - Object: 'Object Repository/valorado/Page_Olva Courier  Datos Personales/button_Tipo De Documento_1 (1)' is clicked on

27-11-2024T13:21:05 - [TEST_STEP][PASSED] - click(findTestObject("Object Repository/valorado/Page_Olva Courier  Datos Personales/a_DNI (1)")): Object: 'Object Repository/valorado/Page_Olva Courier  Datos Personales/a_DNI (1)' is clicked on

27-11-2024T13:21:05 - [MESSAGE][PASSED] - Object: 'Object Repository/valorado/Page_Olva Courier  Datos Personales/a_DNI (1)' is clicked on

27-11-2024T13:21:05 - [TEST_STEP][PASSED] - setText(findTestObject("Object Repository/valorado/Page_Olva Courier  Datos Personales/input_CARN EXT_txt_consignado_dni (1)"), "71735785"): Text '71735785' is set on object 'Object Repository/valorado/Page_Olva Courier  Datos Personales/input_CARN EXT_txt_consignado_dni (1)'

27-11-2024T13:21:05 - [MESSAGE][PASSED] - Text '71735785' is set on object 'Object Repository/valorado/Page_Olva Courier  Datos Personales/input_CARN EXT_txt_consignado_dni (1)'

27-11-2024T13:21:05 - [TEST_STEP][PASSED] - scrollToElement(findTestObject("Object Repository/valorado/Page_Olva Courier  Datos Personales/button_CONTINUAR (1)"), 0): Scroll to object 'Object Repository/valorado/Page_Olva Courier  Datos Personales/button_CONTINUAR (1)' successfully

27-11-2024T13:21:05 - [MESSAGE][WARNING] - Timeout '0' is invalid. Using default page load timeout: '30'

27-11-2024T13:21:06 - [MESSAGE][PASSED] - Scroll to object 'Object Repository/valorado/Page_Olva Courier  Datos Personales/button_CONTINUAR (1)' successfully

27-11-2024T13:21:06 - [TEST_STEP][PASSED] - click(findTestObject("Object Repository/valorado/Page_Olva Courier  Datos Personales/button_CONTINUAR (1)")): Object: 'Object Repository/valorado/Page_Olva Courier  Datos Personales/button_CONTINUAR (1)' is clicked on

27-11-2024T13:21:07 - [MESSAGE][PASSED] - Object: 'Object Repository/valorado/Page_Olva Courier  Datos Personales/button_CONTINUAR (1)' is clicked on

27-11-2024T13:21:07 - [TEST_STEP][PASSED] - click(findTestObject("Object Repository/valorado/Page_Olva Courier  Confirma tus datos/button_IR A PAGAR S 19.74")): Object: 'Object Repository/valorado/Page_Olva Courier  Confirma tus datos/button_IR A PAGAR S 19.74' is clicked on

27-11-2024T13:21:10 - [MESSAGE][PASSED] - Object: 'Object Repository/valorado/Page_Olva Courier  Confirma tus datos/button_IR A PAGAR S 19.74' is clicked on

27-11-2024T13:21:10 - [TEST_STEP][PASSED] - delay(3): Delayed 3 second(s)

27-11-2024T13:21:13 - [MESSAGE][PASSED] - Delayed 3 second(s)

27-11-2024T13:21:13 - [TEST_STEP][PASSED] - verifyElementText(findTestObject("Object Repository/valorado/Page_Olva Courier  Confirma tus datos/th_S 1800.00"), "S/ 1800.00"): Actual text and expected text of test object 'Object Repository/valorado/Page_Olva Courier  Confirma tus datos/th_S 1800.00' are matched.

27-11-2024T13:21:13 - [MESSAGE][PASSED] - Actual text and expected text of test object 'Object Repository/valorado/Page_Olva Courier  Confirma tus datos/th_S 1800.00' are matched.

27-11-2024T13:21:13 - [TEST_STEP][PASSED] - click(findTestObject("Object Repository/valorado/Page_Olva Courier  Confirma tus datos/a_regulacin de envos y la declaracin Jurada")): Object: 'Object Repository/valorado/Page_Olva Courier  Confirma tus datos/a_regulacin de envos y la declaracin Jurada' is clicked on

27-11-2024T13:21:14 - [MESSAGE][PASSED] - Object: 'Object Repository/valorado/Page_Olva Courier  Confirma tus datos/a_regulacin de envos y la declaracin Jurada' is clicked on

27-11-2024T13:21:14 - [TEST_STEP][PASSED] - click(findTestObject("Object Repository/valorado/Page_Olva Courier  Confirma tus datos/button_Aceptar")): Object: 'Object Repository/valorado/Page_Olva Courier  Confirma tus datos/button_Aceptar' is clicked on

27-11-2024T13:21:14 - [MESSAGE][PASSED] - Object: 'Object Repository/valorado/Page_Olva Courier  Confirma tus datos/button_Aceptar' is clicked on

27-11-2024T13:21:14 - [TEST_STEP][PASSED] - click(findTestObject("Object Repository/valorado/Page_Olva Courier  Confirma tus datos/div_He ledo la")): Object: 'Object Repository/valorado/Page_Olva Courier  Confirma tus datos/div_He ledo la' is clicked on

27-11-2024T13:21:15 - [MESSAGE][PASSED] - Object: 'Object Repository/valorado/Page_Olva Courier  Confirma tus datos/div_He ledo la' is clicked on

27-11-2024T13:21:15 - [TEST_STEP][PASSED] - click(findTestObject("Object Repository/valorado/Page_Olva Courier  Confirma tus datos/label_Declaro bajo juramento los productos _f4619d")): Object: 'Object Repository/valorado/Page_Olva Courier  Confirma tus datos/label_Declaro bajo juramento los productos _f4619d' is clicked on

27-11-2024T13:21:16 - [MESSAGE][PASSED] - Object: 'Object Repository/valorado/Page_Olva Courier  Confirma tus datos/label_Declaro bajo juramento los productos _f4619d' is clicked on

27-11-2024T13:21:16 - [TEST_STEP][PASSED] - scrollToElement(findTestObject("Object Repository/valorado/Page_Olva Courier  Confirma tus datos/button_CONTINUAR"), 0): Scroll to object 'Object Repository/valorado/Page_Olva Courier  Confirma tus datos/button_CONTINUAR' successfully

27-11-2024T13:21:16 - [MESSAGE][WARNING] - Timeout '0' is invalid. Using default page load timeout: '30'

27-11-2024T13:21:16 - [MESSAGE][PASSED] - Scroll to object 'Object Repository/valorado/Page_Olva Courier  Confirma tus datos/button_CONTINUAR' successfully

27-11-2024T13:21:16 - [TEST_STEP][PASSED] - click(findTestObject("Object Repository/valorado/Page_Olva Courier  Confirma tus datos/button_CONTINUAR")): Object: 'Object Repository/valorado/Page_Olva Courier  Confirma tus datos/button_CONTINUAR' is clicked on

27-11-2024T13:21:16 - [MESSAGE][PASSED] - Object: 'Object Repository/valorado/Page_Olva Courier  Confirma tus datos/button_CONTINUAR' is clicked on

27-11-2024T13:21:16 - [TEST_STEP][PASSED] - click(findTestObject("Object Repository/valorado/Page_Olva Courier  Confirma tus datos/button_IR A PAGAR S 19.74")): Object: 'Object Repository/valorado/Page_Olva Courier  Confirma tus datos/button_IR A PAGAR S 19.74' is clicked on

27-11-2024T13:21:17 - [MESSAGE][PASSED] - Object: 'Object Repository/valorado/Page_Olva Courier  Confirma tus datos/button_IR A PAGAR S 19.74' is clicked on

27-11-2024T13:21:17 - [TEST_STEP][PASSED] - delay(3): Delayed 3 second(s)

27-11-2024T13:21:20 - [MESSAGE][PASSED] - Delayed 3 second(s)

27-11-2024T13:21:20 - [TEST_STEP][PASSED] - verifyElementPresent(findTestObject("Object Repository/valorado/Page_Olva Courier  Medios de pago/button_PAGAR"), 0): Object 'Object Repository/valorado/Page_Olva Courier  Medios de pago/button_PAGAR' is present

27-11-2024T13:21:20 - [MESSAGE][WARNING] - Timeout '0' is invalid. Using default page load timeout: '30'

27-11-2024T13:21:20 - [MESSAGE][PASSED] - Object 'Object Repository/valorado/Page_Olva Courier  Medios de pago/button_PAGAR' is present

27-11-2024T13:21:20 - [TEST_STEP][PASSED] - callTestCase(findTestCase("1.Inicio/1.3Pago_POS/Pago-exitoso"), [:], STOP_ON_FAILURE): Call Test Case 'Test Cases/1.Inicio/1.3Pago_POS/Pago-exitoso' successfully

27-11-2024T13:21:20 - [TEST_CASE][PASSED] - Test Cases/1.Inicio/1.3Pago_POS/Pago-exitoso: Test Cases/1.Inicio/1.3Pago_POS/Pago-exitoso

27-11-2024T13:21:20 - [TEST_STEP][PASSED] - verifyElementPresent(findTestObject("Object Repository/pago/Page_Olva Courier  Medios de pago/div_Pago con tarjeta de crdito, dbito y Yape"), 0): Object 'Object Repository/pago/Page_Olva Courier  Medios de pago/div_Pago con tarjeta de crdito, dbito y Yape' is present

27-11-2024T13:21:20 - [MESSAGE][WARNING] - Timeout '0' is invalid. Using default page load timeout: '30'

27-11-2024T13:21:21 - [MESSAGE][PASSED] - Object 'Object Repository/pago/Page_Olva Courier  Medios de pago/div_Pago con tarjeta de crdito, dbito y Yape' is present

27-11-2024T13:21:21 - [TEST_STEP][PASSED] - verifyElementPresent(findTestObject("Object Repository/pago/Page_Olva Courier  Medios de pago/td_S"), 0): Object 'Object Repository/pago/Page_Olva Courier  Medios de pago/td_S' is present

27-11-2024T13:21:21 - [MESSAGE][WARNING] - Timeout '0' is invalid. Using default page load timeout: '30'

27-11-2024T13:21:21 - [MESSAGE][PASSED] - Object 'Object Repository/pago/Page_Olva Courier  Medios de pago/td_S' is present

27-11-2024T13:21:21 - [TEST_STEP][PASSED] - delay(1): Delayed 1 second(s)

27-11-2024T13:21:22 - [MESSAGE][PASSED] - Delayed 1 second(s)

27-11-2024T13:21:22 - [TEST_STEP][PASSED] - scrollToElement(findTestObject("Object Repository/pago/Page_Olva Courier  Medios de pago/button_PAGAR"), 0): Scroll to object 'Object Repository/pago/Page_Olva Courier  Medios de pago/button_PAGAR' successfully

27-11-2024T13:21:22 - [MESSAGE][WARNING] - Timeout '0' is invalid. Using default page load timeout: '30'

27-11-2024T13:21:22 - [MESSAGE][PASSED] - Scroll to object 'Object Repository/pago/Page_Olva Courier  Medios de pago/button_PAGAR' successfully

27-11-2024T13:21:22 - [TEST_STEP][PASSED] - click(findTestObject("Object Repository/pago/Page_Olva Courier  Medios de pago/button_PAGAR")): Object: 'Object Repository/pago/Page_Olva Courier  Medios de pago/button_PAGAR' is clicked on

27-11-2024T13:21:23 - [MESSAGE][PASSED] - Object: 'Object Repository/pago/Page_Olva Courier  Medios de pago/button_PAGAR' is clicked on

27-11-2024T13:21:23 - [TEST_STEP][PASSED] - delay(2): Delayed 2 second(s)

27-11-2024T13:21:25 - [MESSAGE][PASSED] - Delayed 2 second(s)

27-11-2024T13:21:25 - [TEST_STEP][PASSED] - verifyElementText(findTestObject("Object Repository/pago/Page_Olva Courier  Pago Exitoso/div_Aprobado y completado con exito"), "Aprobado y completado con exito"): Actual text and expected text of test object 'Object Repository/pago/Page_Olva Courier  Pago Exitoso/div_Aprobado y completado con exito' are matched.

27-11-2024T13:21:25 - [MESSAGE][PASSED] - Actual text and expected text of test object 'Object Repository/pago/Page_Olva Courier  Pago Exitoso/div_Aprobado y completado con exito' are matched.

27-11-2024T13:21:25 - [TEST_STEP][PASSED] - verifyElementPresent(findTestObject("Object Repository/pago/Page_Olva Courier  Pago Exitoso/b_nroPreventa"), 0): Object 'Object Repository/pago/Page_Olva Courier  Pago Exitoso/b_nroPreventa' is present

27-11-2024T13:21:25 - [MESSAGE][WARNING] - Timeout '0' is invalid. Using default page load timeout: '30'

27-11-2024T13:21:25 - [MESSAGE][PASSED] - Object 'Object Repository/pago/Page_Olva Courier  Pago Exitoso/b_nroPreventa' is present

27-11-2024T13:21:25 - [MESSAGE][PASSED] - Call Test Case 'Test Cases/1.Inicio/1.3Pago_POS/Pago-exitoso' successfully]]></system-out>
         <system-err><![CDATA[]]></system-err>
      </testcase>
      <testcase name="Test Cases/2.Positivos/2.1Paquete/Origen-Lima/2.Valorado/Entrega_Domicilio/Valorado 501" time="47.134" classname="Test Cases/2.Positivos/2.1Paquete/Origen-Lima/2.Valorado/Entrega_Domicilio/Valorado 501" status="PASSED">
         <system-out><![CDATA[27-11-2024T13:21:25 - [TEST_CASE][PASSED] - Test Cases/2.Positivos/2.1Paquete/Origen-Lima/2.Valorado/Entrega_Domicilio/Valorado 501: Test Cases/2.Positivos/2.1Paquete/Origen-Lima/2.Valorado/Entrega_Domicilio/Valorado 501

27-11-2024T13:21:25 - [TEST_STEP][PASSED] - callTestCase(findTestCase("1.Inicio/1.1Principal/Principal-home"), [:], STOP_ON_FAILURE): Call Test Case 'Test Cases/1.Inicio/1.1Principal/Principal-home' successfully

27-11-2024T13:21:25 - [TEST_CASE][PASSED] - Test Cases/1.Inicio/1.1Principal/Principal-home: Test Cases/1.Inicio/1.1Principal/Principal-home

27-11-2024T13:21:25 - [TEST_STEP][PASSED] - openBrowser(""): Browser is opened with url: ''

27-11-2024T13:21:25 - [MESSAGE][WARNING] - A browser is already opened. Closing browser and opening a new one

27-11-2024T13:21:27 - [MESSAGE][INFO] - Starting 'Firefox' driver

27-11-2024T13:21:27 - [MESSAGE][INFO] - Action delay is set to 0 milliseconds

27-11-2024T13:21:33 - [MESSAGE][PASSED] - Browser is opened with url: ''

27-11-2024T13:21:33 - [TEST_STEP][PASSED] - navigateToUrl("https://dev01-registrodeenvios.olvacourier.com/principal"): Navigate to 'https://dev01-registrodeenvios.olvacourier.com/principal' successfully

27-11-2024T13:21:34 - [MESSAGE][PASSED] - Navigate to 'https://dev01-registrodeenvios.olvacourier.com/principal' successfully

27-11-2024T13:21:34 - [TEST_STEP][PASSED] - maximizeWindow(): Current window maximized

27-11-2024T13:21:34 - [MESSAGE][PASSED] - Current window maximized

27-11-2024T13:21:34 - [MESSAGE][PASSED] - Call Test Case 'Test Cases/1.Inicio/1.1Principal/Principal-home' successfully

27-11-2024T13:21:34 - [TEST_STEP][PASSED] - callTestCase(findTestCase("1.Inicio/1.1Principal/Selec_paquete"), [:], STOP_ON_FAILURE): Call Test Case 'Test Cases/1.Inicio/1.1Principal/Selec_paquete' successfully

27-11-2024T13:21:34 - [TEST_CASE][PASSED] - Test Cases/1.Inicio/1.1Principal/Selec_paquete: Test Cases/1.Inicio/1.1Principal/Selec_paquete

27-11-2024T13:21:34 - [TEST_STEP][PASSED] - click(findTestObject("Object Repository/Principal/Page_Olva Courier  Home/img_Qu deseas realizar hoy_img_paquete")): Object: 'Object Repository/Principal/Page_Olva Courier  Home/img_Qu deseas realizar hoy_img_paquete' is clicked on

27-11-2024T13:21:35 - [MESSAGE][PASSED] - Object: 'Object Repository/Principal/Page_Olva Courier  Home/img_Qu deseas realizar hoy_img_paquete' is clicked on

27-11-2024T13:21:35 - [TEST_STEP][PASSED] - click(findTestObject("Object Repository/Principal/Page_Olva Courier  Home/span_He ledo y acepto los_checkmark (1)")): Object: 'Object Repository/Principal/Page_Olva Courier  Home/span_He ledo y acepto los_checkmark (1)' is clicked on

27-11-2024T13:21:35 - [MESSAGE][PASSED] - Object: 'Object Repository/Principal/Page_Olva Courier  Home/span_He ledo y acepto los_checkmark (1)' is clicked on

27-11-2024T13:21:35 - [TEST_STEP][PASSED] - click(findTestObject("Object Repository/Principal/Page_Olva Courier  Home/button_CONTINUAR (1)")): Object: 'Object Repository/Principal/Page_Olva Courier  Home/button_CONTINUAR (1)' is clicked on

27-11-2024T13:21:36 - [MESSAGE][PASSED] - Object: 'Object Repository/Principal/Page_Olva Courier  Home/button_CONTINUAR (1)' is clicked on

27-11-2024T13:21:36 - [TEST_STEP][PASSED] - verifyElementPresent(findTestObject("Object Repository/Principal/Page_Olva Courier  Datos Personales/strong_REGISTRO DE ENVOS"), 0): Object 'Object Repository/Principal/Page_Olva Courier  Datos Personales/strong_REGISTRO DE ENVOS' is present

27-11-2024T13:21:36 - [MESSAGE][WARNING] - Timeout '0' is invalid. Using default page load timeout: '30'

27-11-2024T13:21:37 - [MESSAGE][PASSED] - Object 'Object Repository/Principal/Page_Olva Courier  Datos Personales/strong_REGISTRO DE ENVOS' is present

27-11-2024T13:21:37 - [TEST_STEP][PASSED] - verifyElementPresent(findTestObject("Object Repository/Principal/Page_Olva Courier  Datos Personales/span_Regresar (1)"), 0): Object 'Object Repository/Principal/Page_Olva Courier  Datos Personales/span_Regresar (1)' is present

27-11-2024T13:21:37 - [MESSAGE][WARNING] - Timeout '0' is invalid. Using default page load timeout: '30'

27-11-2024T13:21:37 - [MESSAGE][PASSED] - Object 'Object Repository/Principal/Page_Olva Courier  Datos Personales/span_Regresar (1)' is present

27-11-2024T13:21:37 - [TEST_STEP][PASSED] - verifyElementPresent(findTestObject("Object Repository/Principal/Page_Olva Courier  Datos Personales/span_Inicio (1)"), 0): Object 'Object Repository/Principal/Page_Olva Courier  Datos Personales/span_Inicio (1)' is present

27-11-2024T13:21:37 - [MESSAGE][WARNING] - Timeout '0' is invalid. Using default page load timeout: '30'

27-11-2024T13:21:37 - [MESSAGE][PASSED] - Object 'Object Repository/Principal/Page_Olva Courier  Datos Personales/span_Inicio (1)' is present

27-11-2024T13:21:37 - [MESSAGE][PASSED] - Call Test Case 'Test Cases/1.Inicio/1.1Principal/Selec_paquete' successfully

27-11-2024T13:21:37 - [TEST_STEP][PASSED] - callTestCase(findTestCase("1.Inicio/1.2Tipo_Doc/5.RUC20"), [:], STOP_ON_FAILURE): Call Test Case 'Test Cases/1.Inicio/1.2Tipo_Doc/5.RUC20' successfully

27-11-2024T13:21:37 - [TEST_CASE][PASSED] - Test Cases/1.Inicio/1.2Tipo_Doc/5.RUC20: Test Cases/1.Inicio/1.2Tipo_Doc/5.RUC20

27-11-2024T13:21:37 - [TEST_STEP][PASSED] - click(findTestObject("Object Repository/Login/Page_Olva Courier  Datos Personales/button_Tipo De Documento")): Object: 'Object Repository/Login/Page_Olva Courier  Datos Personales/button_Tipo De Documento' is clicked on

27-11-2024T13:21:38 - [MESSAGE][PASSED] - Object: 'Object Repository/Login/Page_Olva Courier  Datos Personales/button_Tipo De Documento' is clicked on

27-11-2024T13:21:38 - [TEST_STEP][PASSED] - click(findTestObject("Object Repository/Login/Page_Olva Courier  Datos Personales/span_RUC (Factura)")): Object: 'Object Repository/Login/Page_Olva Courier  Datos Personales/span_RUC (Factura)' is clicked on

27-11-2024T13:21:38 - [MESSAGE][PASSED] - Object: 'Object Repository/Login/Page_Olva Courier  Datos Personales/span_RUC (Factura)' is clicked on

27-11-2024T13:21:38 - [TEST_STEP][PASSED] - setText(findTestObject("Object Repository/Login/Page_Olva Courier  Datos Personales/input_CARN EXT. (Boleta)_txt_documento_cliente"), "20100686814"): Text '20100686814' is set on object 'Object Repository/Login/Page_Olva Courier  Datos Personales/input_CARN EXT. (Boleta)_txt_documento_cliente'

27-11-2024T13:21:39 - [MESSAGE][PASSED] - Text '20100686814' is set on object 'Object Repository/Login/Page_Olva Courier  Datos Personales/input_CARN EXT. (Boleta)_txt_documento_cliente'

27-11-2024T13:21:39 - [MESSAGE][PASSED] - Call Test Case 'Test Cases/1.Inicio/1.2Tipo_Doc/5.RUC20' successfully

27-11-2024T13:21:39 - [TEST_STEP][PASSED] - click(findTestObject("Object Repository/valorado/Page_Olva Courier  Datos Personales/button_Seleccionar artculo")): Object: 'Object Repository/valorado/Page_Olva Courier  Datos Personales/button_Seleccionar artculo' is clicked on

27-11-2024T13:21:44 - [MESSAGE][PASSED] - Object: 'Object Repository/valorado/Page_Olva Courier  Datos Personales/button_Seleccionar artculo' is clicked on

27-11-2024T13:21:44 - [TEST_STEP][PASSED] - click(findTestObject("Object Repository/valorado/Page_Olva Courier  Datos Personales/a_MUEBLES Y DECOHOGAR")): Object: 'Object Repository/valorado/Page_Olva Courier  Datos Personales/a_MUEBLES Y DECOHOGAR' is clicked on

27-11-2024T13:21:45 - [MESSAGE][PASSED] - Object: 'Object Repository/valorado/Page_Olva Courier  Datos Personales/a_MUEBLES Y DECOHOGAR' is clicked on

27-11-2024T13:21:45 - [TEST_STEP][PASSED] - setText(findTestObject("Object Repository/valorado/Page_Olva Courier  Datos Personales/input_UTILES DE OFICINA_txt_paquete_articulo"), "PREUBas"): Text 'PREUBas' is set on object 'Object Repository/valorado/Page_Olva Courier  Datos Personales/input_UTILES DE OFICINA_txt_paquete_articulo'

27-11-2024T13:21:45 - [MESSAGE][PASSED] - Text 'PREUBas' is set on object 'Object Repository/valorado/Page_Olva Courier  Datos Personales/input_UTILES DE OFICINA_txt_paquete_articulo'

27-11-2024T13:21:45 - [TEST_STEP][PASSED] - setText(findTestObject("Object Repository/valorado/Page_Olva Courier  Datos Personales/input_UTILES DE OFICINA_txt_paquete_valor"), "501"): Text '501' is set on object 'Object Repository/valorado/Page_Olva Courier  Datos Personales/input_UTILES DE OFICINA_txt_paquete_valor'

27-11-2024T13:21:46 - [MESSAGE][PASSED] - Text '501' is set on object 'Object Repository/valorado/Page_Olva Courier  Datos Personales/input_UTILES DE OFICINA_txt_paquete_valor'

27-11-2024T13:21:46 - [TEST_STEP][PASSED] - click(findTestObject("Object Repository/valorado/Page_Olva Courier  Datos Personales/b_1Kg")): Object: 'Object Repository/valorado/Page_Olva Courier  Datos Personales/b_1Kg' is clicked on

27-11-2024T13:21:46 - [MESSAGE][PASSED] - Object: 'Object Repository/valorado/Page_Olva Courier  Datos Personales/b_1Kg' is clicked on

27-11-2024T13:21:46 - [TEST_STEP][PASSED] - scrollToElement(findTestObject("Object Repository/valorado/Page_Olva Courier  Datos Personales/button_Ingrese el punto de llegada"), 0): Scroll to object 'Object Repository/valorado/Page_Olva Courier  Datos Personales/button_Ingrese el punto de llegada' successfully

27-11-2024T13:21:46 - [MESSAGE][WARNING] - Timeout '0' is invalid. Using default page load timeout: '30'

27-11-2024T13:21:47 - [MESSAGE][PASSED] - Scroll to object 'Object Repository/valorado/Page_Olva Courier  Datos Personales/button_Ingrese el punto de llegada' successfully

27-11-2024T13:21:47 - [TEST_STEP][PASSED] - click(findTestObject("Object Repository/valorado/Page_Olva Courier  Datos Personales/button_Ingrese el punto de llegada")): Object: 'Object Repository/valorado/Page_Olva Courier  Datos Personales/button_Ingrese el punto de llegada' is clicked on

27-11-2024T13:21:48 - [MESSAGE][PASSED] - Object: 'Object Repository/valorado/Page_Olva Courier  Datos Personales/button_Ingrese el punto de llegada' is clicked on

27-11-2024T13:21:48 - [TEST_STEP][PASSED] - click(findTestObject("Object Repository/valorado/Page_Olva Courier  Datos Personales/a_ANCASH - HUARAZ - HUARAZ")): Object: 'Object Repository/valorado/Page_Olva Courier  Datos Personales/a_ANCASH - HUARAZ - HUARAZ' is clicked on

27-11-2024T13:21:48 - [MESSAGE][PASSED] - Object: 'Object Repository/valorado/Page_Olva Courier  Datos Personales/a_ANCASH - HUARAZ - HUARAZ' is clicked on

27-11-2024T13:21:48 - [TEST_STEP][PASSED] - scrollToElement(findTestObject("Object Repository/valorado/Page_Olva Courier  Datos Personales/button_Tipo de entrega"), 0): Scroll to object 'Object Repository/valorado/Page_Olva Courier  Datos Personales/button_Tipo de entrega' successfully

27-11-2024T13:21:48 - [MESSAGE][WARNING] - Timeout '0' is invalid. Using default page load timeout: '30'

27-11-2024T13:21:49 - [MESSAGE][PASSED] - Scroll to object 'Object Repository/valorado/Page_Olva Courier  Datos Personales/button_Tipo de entrega' successfully

27-11-2024T13:21:49 - [TEST_STEP][PASSED] - click(findTestObject("Object Repository/valorado/Page_Olva Courier  Datos Personales/button_Tipo de entrega")): Object: 'Object Repository/valorado/Page_Olva Courier  Datos Personales/button_Tipo de entrega' is clicked on

27-11-2024T13:21:49 - [MESSAGE][PASSED] - Object: 'Object Repository/valorado/Page_Olva Courier  Datos Personales/button_Tipo de entrega' is clicked on

27-11-2024T13:21:49 - [TEST_STEP][PASSED] - click(findTestObject("Object Repository/valorado/Page_Olva Courier  Datos Personales/a_Recojo en tienda")): Object: 'Object Repository/valorado/Page_Olva Courier  Datos Personales/a_Recojo en tienda' is clicked on

27-11-2024T13:21:49 - [MESSAGE][PASSED] - Object: 'Object Repository/valorado/Page_Olva Courier  Datos Personales/a_Recojo en tienda' is clicked on

27-11-2024T13:21:49 - [TEST_STEP][PASSED] - click(findTestObject("Object Repository/valorado/Page_Olva Courier  Datos Personales/button_Tienda")): Object: 'Object Repository/valorado/Page_Olva Courier  Datos Personales/button_Tienda' is clicked on

27-11-2024T13:21:50 - [MESSAGE][PASSED] - Object: 'Object Repository/valorado/Page_Olva Courier  Datos Personales/button_Tienda' is clicked on

27-11-2024T13:21:50 - [TEST_STEP][PASSED] - click(findTestObject("Object Repository/valorado/Page_Olva Courier  Datos Personales/span_TIENDA HUARAZ - HUARAZ - AV MARISCAL A_1d6adb")): Object: 'Object Repository/valorado/Page_Olva Courier  Datos Personales/span_TIENDA HUARAZ - HUARAZ - AV MARISCAL A_1d6adb' is clicked on

27-11-2024T13:21:51 - [MESSAGE][PASSED] - Object: 'Object Repository/valorado/Page_Olva Courier  Datos Personales/span_TIENDA HUARAZ - HUARAZ - AV MARISCAL A_1d6adb' is clicked on

27-11-2024T13:21:51 - [TEST_STEP][PASSED] - scrollToElement(findTestObject("Object Repository/valorado/Page_Olva Courier  Datos Personales/button_Tipo De Documento_1"), 0): Scroll to object 'Object Repository/valorado/Page_Olva Courier  Datos Personales/button_Tipo De Documento_1' successfully

27-11-2024T13:21:51 - [MESSAGE][WARNING] - Timeout '0' is invalid. Using default page load timeout: '30'

27-11-2024T13:21:51 - [MESSAGE][PASSED] - Scroll to object 'Object Repository/valorado/Page_Olva Courier  Datos Personales/button_Tipo De Documento_1' successfully

27-11-2024T13:21:51 - [TEST_STEP][PASSED] - click(findTestObject("Object Repository/valorado/Page_Olva Courier  Datos Personales/button_Tipo De Documento_1")): Object: 'Object Repository/valorado/Page_Olva Courier  Datos Personales/button_Tipo De Documento_1' is clicked on

27-11-2024T13:21:51 - [MESSAGE][PASSED] - Object: 'Object Repository/valorado/Page_Olva Courier  Datos Personales/button_Tipo De Documento_1' is clicked on

27-11-2024T13:21:51 - [TEST_STEP][PASSED] - click(findTestObject("Object Repository/valorado/Page_Olva Courier  Datos Personales/a_DNI")): Object: 'Object Repository/valorado/Page_Olva Courier  Datos Personales/a_DNI' is clicked on

27-11-2024T13:21:52 - [MESSAGE][PASSED] - Object: 'Object Repository/valorado/Page_Olva Courier  Datos Personales/a_DNI' is clicked on

27-11-2024T13:21:52 - [TEST_STEP][PASSED] - setText(findTestObject("Object Repository/valorado/Page_Olva Courier  Datos Personales/input_CARN EXT_txt_consignado_dni"), "71735785"): Text '71735785' is set on object 'Object Repository/valorado/Page_Olva Courier  Datos Personales/input_CARN EXT_txt_consignado_dni'

27-11-2024T13:21:52 - [MESSAGE][PASSED] - Text '71735785' is set on object 'Object Repository/valorado/Page_Olva Courier  Datos Personales/input_CARN EXT_txt_consignado_dni'

27-11-2024T13:21:52 - [TEST_STEP][PASSED] - scrollToElement(findTestObject("Object Repository/valorado/Page_Olva Courier  Datos Personales/button_CONTINUAR"), 0): Scroll to object 'Object Repository/valorado/Page_Olva Courier  Datos Personales/button_CONTINUAR' successfully

27-11-2024T13:21:52 - [MESSAGE][WARNING] - Timeout '0' is invalid. Using default page load timeout: '30'

27-11-2024T13:21:53 - [MESSAGE][PASSED] - Scroll to object 'Object Repository/valorado/Page_Olva Courier  Datos Personales/button_CONTINUAR' successfully

27-11-2024T13:21:53 - [TEST_STEP][PASSED] - click(findTestObject("Object Repository/valorado/Page_Olva Courier  Datos Personales/button_CONTINUAR")): Object: 'Object Repository/valorado/Page_Olva Courier  Datos Personales/button_CONTINUAR' is clicked on

27-11-2024T13:21:54 - [MESSAGE][PASSED] - Object: 'Object Repository/valorado/Page_Olva Courier  Datos Personales/button_CONTINUAR' is clicked on

27-11-2024T13:21:54 - [TEST_STEP][PASSED] - click(findTestObject("Object Repository/valorado/Page_Olva Courier  Confirma tus datos/button_IR A PAGAR S 19.74")): Object: 'Object Repository/valorado/Page_Olva Courier  Confirma tus datos/button_IR A PAGAR S 19.74' is clicked on

27-11-2024T13:21:56 - [MESSAGE][PASSED] - Object: 'Object Repository/valorado/Page_Olva Courier  Confirma tus datos/button_IR A PAGAR S 19.74' is clicked on

27-11-2024T13:21:56 - [TEST_STEP][PASSED] - click(findTestObject("Object Repository/valorado/Page_Olva Courier  Confirma tus datos/a_regulacin de envos y la declaracin Jurada")): Object: 'Object Repository/valorado/Page_Olva Courier  Confirma tus datos/a_regulacin de envos y la declaracin Jurada' is clicked on

27-11-2024T13:21:57 - [MESSAGE][PASSED] - Object: 'Object Repository/valorado/Page_Olva Courier  Confirma tus datos/a_regulacin de envos y la declaracin Jurada' is clicked on

27-11-2024T13:21:57 - [TEST_STEP][PASSED] - click(findTestObject("Object Repository/valorado/Page_Olva Courier  Confirma tus datos/button_Aceptar")): Object: 'Object Repository/valorado/Page_Olva Courier  Confirma tus datos/button_Aceptar' is clicked on

27-11-2024T13:21:57 - [MESSAGE][PASSED] - Object: 'Object Repository/valorado/Page_Olva Courier  Confirma tus datos/button_Aceptar' is clicked on

27-11-2024T13:21:57 - [TEST_STEP][PASSED] - click(findTestObject("Object Repository/valorado/Page_Olva Courier  Confirma tus datos/div_He ledo la")): Object: 'Object Repository/valorado/Page_Olva Courier  Confirma tus datos/div_He ledo la' is clicked on

27-11-2024T13:21:58 - [MESSAGE][PASSED] - Object: 'Object Repository/valorado/Page_Olva Courier  Confirma tus datos/div_He ledo la' is clicked on

27-11-2024T13:21:58 - [TEST_STEP][PASSED] - click(findTestObject("Object Repository/valorado/Page_Olva Courier  Confirma tus datos/label_Declaro bajo juramento los productos _f4619d")): Object: 'Object Repository/valorado/Page_Olva Courier  Confirma tus datos/label_Declaro bajo juramento los productos _f4619d' is clicked on

27-11-2024T13:21:58 - [MESSAGE][PASSED] - Object: 'Object Repository/valorado/Page_Olva Courier  Confirma tus datos/label_Declaro bajo juramento los productos _f4619d' is clicked on

27-11-2024T13:21:58 - [TEST_STEP][PASSED] - scrollToElement(findTestObject("Object Repository/valorado/Page_Olva Courier  Confirma tus datos/button_CONTINUAR"), 0): Scroll to object 'Object Repository/valorado/Page_Olva Courier  Confirma tus datos/button_CONTINUAR' successfully

27-11-2024T13:21:58 - [MESSAGE][WARNING] - Timeout '0' is invalid. Using default page load timeout: '30'

27-11-2024T13:21:59 - [MESSAGE][PASSED] - Scroll to object 'Object Repository/valorado/Page_Olva Courier  Confirma tus datos/button_CONTINUAR' successfully

27-11-2024T13:21:59 - [TEST_STEP][PASSED] - click(findTestObject("Object Repository/valorado/Page_Olva Courier  Confirma tus datos/button_CONTINUAR")): Object: 'Object Repository/valorado/Page_Olva Courier  Confirma tus datos/button_CONTINUAR' is clicked on

27-11-2024T13:21:59 - [MESSAGE][PASSED] - Object: 'Object Repository/valorado/Page_Olva Courier  Confirma tus datos/button_CONTINUAR' is clicked on

27-11-2024T13:21:59 - [TEST_STEP][PASSED] - click(findTestObject("Object Repository/valorado/Page_Olva Courier  Confirma tus datos/button_IR A PAGAR S 19.74")): Object: 'Object Repository/valorado/Page_Olva Courier  Confirma tus datos/button_IR A PAGAR S 19.74' is clicked on

27-11-2024T13:22:00 - [MESSAGE][PASSED] - Object: 'Object Repository/valorado/Page_Olva Courier  Confirma tus datos/button_IR A PAGAR S 19.74' is clicked on

27-11-2024T13:22:00 - [TEST_STEP][PASSED] - setText(findTestObject("Object Repository/valorado/Page_Olva Courier  Confirma tus datos/input_Tienes envos con recojo en tienda, se_b85f5d"), "1"): Text '1' is set on object 'Object Repository/valorado/Page_Olva Courier  Confirma tus datos/input_Tienes envos con recojo en tienda, se_b85f5d'

27-11-2024T13:22:01 - [MESSAGE][PASSED] - Text '1' is set on object 'Object Repository/valorado/Page_Olva Courier  Confirma tus datos/input_Tienes envos con recojo en tienda, se_b85f5d'

27-11-2024T13:22:01 - [TEST_STEP][PASSED] - setText(findTestObject("Object Repository/valorado/Page_Olva Courier  Confirma tus datos/input_Tienes envos con recojo en tienda, se_af5936"), "1"): Text '1' is set on object 'Object Repository/valorado/Page_Olva Courier  Confirma tus datos/input_Tienes envos con recojo en tienda, se_af5936'

27-11-2024T13:22:02 - [MESSAGE][PASSED] - Text '1' is set on object 'Object Repository/valorado/Page_Olva Courier  Confirma tus datos/input_Tienes envos con recojo en tienda, se_af5936'

27-11-2024T13:22:02 - [TEST_STEP][PASSED] - setText(findTestObject("Object Repository/valorado/Page_Olva Courier  Confirma tus datos/input_Tienes envos con recojo en tienda, se_653975"), "1"): Text '1' is set on object 'Object Repository/valorado/Page_Olva Courier  Confirma tus datos/input_Tienes envos con recojo en tienda, se_653975'

27-11-2024T13:22:03 - [MESSAGE][PASSED] - Text '1' is set on object 'Object Repository/valorado/Page_Olva Courier  Confirma tus datos/input_Tienes envos con recojo en tienda, se_653975'

27-11-2024T13:22:03 - [TEST_STEP][PASSED] - setText(findTestObject("Object Repository/valorado/Page_Olva Courier  Confirma tus datos/input_Tienes envos con recojo en tienda, se_8615a0"), "1"): Text '1' is set on object 'Object Repository/valorado/Page_Olva Courier  Confirma tus datos/input_Tienes envos con recojo en tienda, se_8615a0'

27-11-2024T13:22:03 - [MESSAGE][PASSED] - Text '1' is set on object 'Object Repository/valorado/Page_Olva Courier  Confirma tus datos/input_Tienes envos con recojo en tienda, se_8615a0'

27-11-2024T13:22:03 - [TEST_STEP][PASSED] - click(findTestObject("Object Repository/valorado/Page_Olva Courier  Confirma tus datos/div_Aceptar")): Object: 'Object Repository/valorado/Page_Olva Courier  Confirma tus datos/div_Aceptar' is clicked on

27-11-2024T13:22:04 - [MESSAGE][PASSED] - Object: 'Object Repository/valorado/Page_Olva Courier  Confirma tus datos/div_Aceptar' is clicked on

27-11-2024T13:22:04 - [TEST_STEP][PASSED] - delay(3): Delayed 3 second(s)

27-11-2024T13:22:07 - [MESSAGE][PASSED] - Delayed 3 second(s)

27-11-2024T13:22:07 - [TEST_STEP][PASSED] - verifyElementPresent(findTestObject("Object Repository/valorado/Page_Olva Courier  Medios de pago/button_PAGAR"), 0): Object 'Object Repository/valorado/Page_Olva Courier  Medios de pago/button_PAGAR' is present

27-11-2024T13:22:07 - [MESSAGE][WARNING] - Timeout '0' is invalid. Using default page load timeout: '30'

27-11-2024T13:22:07 - [MESSAGE][PASSED] - Object 'Object Repository/valorado/Page_Olva Courier  Medios de pago/button_PAGAR' is present

27-11-2024T13:22:07 - [TEST_STEP][PASSED] - callTestCase(findTestCase("1.Inicio/1.3Pago_POS/Pago-exitoso"), [:], STOP_ON_FAILURE): Call Test Case 'Test Cases/1.Inicio/1.3Pago_POS/Pago-exitoso' successfully

27-11-2024T13:22:07 - [TEST_CASE][PASSED] - Test Cases/1.Inicio/1.3Pago_POS/Pago-exitoso: Test Cases/1.Inicio/1.3Pago_POS/Pago-exitoso

27-11-2024T13:22:07 - [TEST_STEP][PASSED] - verifyElementPresent(findTestObject("Object Repository/pago/Page_Olva Courier  Medios de pago/div_Pago con tarjeta de crdito, dbito y Yape"), 0): Object 'Object Repository/pago/Page_Olva Courier  Medios de pago/div_Pago con tarjeta de crdito, dbito y Yape' is present

27-11-2024T13:22:07 - [MESSAGE][WARNING] - Timeout '0' is invalid. Using default page load timeout: '30'

27-11-2024T13:22:08 - [MESSAGE][PASSED] - Object 'Object Repository/pago/Page_Olva Courier  Medios de pago/div_Pago con tarjeta de crdito, dbito y Yape' is present

27-11-2024T13:22:08 - [TEST_STEP][PASSED] - verifyElementPresent(findTestObject("Object Repository/pago/Page_Olva Courier  Medios de pago/td_S"), 0): Object 'Object Repository/pago/Page_Olva Courier  Medios de pago/td_S' is present

27-11-2024T13:22:08 - [MESSAGE][WARNING] - Timeout '0' is invalid. Using default page load timeout: '30'

27-11-2024T13:22:08 - [MESSAGE][PASSED] - Object 'Object Repository/pago/Page_Olva Courier  Medios de pago/td_S' is present

27-11-2024T13:22:08 - [TEST_STEP][PASSED] - delay(1): Delayed 1 second(s)

27-11-2024T13:22:09 - [MESSAGE][PASSED] - Delayed 1 second(s)

27-11-2024T13:22:09 - [TEST_STEP][PASSED] - scrollToElement(findTestObject("Object Repository/pago/Page_Olva Courier  Medios de pago/button_PAGAR"), 0): Scroll to object 'Object Repository/pago/Page_Olva Courier  Medios de pago/button_PAGAR' successfully

27-11-2024T13:22:09 - [MESSAGE][WARNING] - Timeout '0' is invalid. Using default page load timeout: '30'

27-11-2024T13:22:09 - [MESSAGE][PASSED] - Scroll to object 'Object Repository/pago/Page_Olva Courier  Medios de pago/button_PAGAR' successfully

27-11-2024T13:22:09 - [TEST_STEP][PASSED] - click(findTestObject("Object Repository/pago/Page_Olva Courier  Medios de pago/button_PAGAR")): Object: 'Object Repository/pago/Page_Olva Courier  Medios de pago/button_PAGAR' is clicked on

27-11-2024T13:22:10 - [MESSAGE][PASSED] - Object: 'Object Repository/pago/Page_Olva Courier  Medios de pago/button_PAGAR' is clicked on

27-11-2024T13:22:10 - [TEST_STEP][PASSED] - delay(2): Delayed 2 second(s)

27-11-2024T13:22:12 - [MESSAGE][PASSED] - Delayed 2 second(s)

27-11-2024T13:22:12 - [TEST_STEP][PASSED] - verifyElementText(findTestObject("Object Repository/pago/Page_Olva Courier  Pago Exitoso/div_Aprobado y completado con exito"), "Aprobado y completado con exito"): Actual text and expected text of test object 'Object Repository/pago/Page_Olva Courier  Pago Exitoso/div_Aprobado y completado con exito' are matched.

27-11-2024T13:22:12 - [MESSAGE][PASSED] - Actual text and expected text of test object 'Object Repository/pago/Page_Olva Courier  Pago Exitoso/div_Aprobado y completado con exito' are matched.

27-11-2024T13:22:12 - [TEST_STEP][PASSED] - verifyElementPresent(findTestObject("Object Repository/pago/Page_Olva Courier  Pago Exitoso/b_nroPreventa"), 0): Object 'Object Repository/pago/Page_Olva Courier  Pago Exitoso/b_nroPreventa' is present

27-11-2024T13:22:12 - [MESSAGE][WARNING] - Timeout '0' is invalid. Using default page load timeout: '30'

27-11-2024T13:22:12 - [MESSAGE][PASSED] - Object 'Object Repository/pago/Page_Olva Courier  Pago Exitoso/b_nroPreventa' is present

27-11-2024T13:22:12 - [MESSAGE][PASSED] - Call Test Case 'Test Cases/1.Inicio/1.3Pago_POS/Pago-exitoso' successfully]]></system-out>
         <system-err><![CDATA[]]></system-err>
      </testcase>
      <testcase name="Test Cases/2.Positivos/2.1Paquete/Origen-Lima/2.Valorado/Entrega_Domicilio/EditarValorado" time="74.083" classname="Test Cases/2.Positivos/2.1Paquete/Origen-Lima/2.Valorado/Entrega_Domicilio/EditarValorado" status="FAILED">
         <failure type="FAILED" message="Test Cases/2.Positivos/2.1Paquete/Origen-Lima/2.Valorado/Entrega_Domicilio/EditarValorado FAILED.&#xa;Reason:&#xa;com.kms.katalon.core.exception.StepFailedException: Unable to click on object 'Object Repository/valorado/Page_Olva Courier  Datos Personales/button_Recojo en tienda'&#xa;	at com.kms.katalon.core.webui.keyword.internal.WebUIKeywordMain.stepFailed(WebUIKeywordMain.groovy:117)&#xa;	at com.kms.katalon.core.webui.keyword.internal.WebUIKeywordMain.runKeyword(WebUIKeywordMain.groovy:43)&#xa;	at com.kms.katalon.core.webui.keyword.builtin.ClickKeyword.click(ClickKeyword.groovy:74)&#xa;	at com.kms.katalon.core.webui.keyword.builtin.ClickKeyword.execute(ClickKeyword.groovy:40)&#xa;	at com.kms.katalon.core.keyword.internal.KeywordExecutor.executeKeywordForPlatform(KeywordExecutor.groovy:74)&#xa;	at com.kms.katalon.core.webui.keyword.WebUiBuiltInKeywords.click(WebUiBuiltInKeywords.groovy:659)&#xa;	at EditarValorado.run(EditarValorado:80)&#xa;	at com.kms.katalon.core.main.ScriptEngine.run(ScriptEngine.java:194)&#xa;	at com.kms.katalon.core.main.ScriptEngine.runScriptAsRawText(ScriptEngine.java:119)&#xa;	at com.kms.katalon.core.main.TestCaseExecutor.runScript(TestCaseExecutor.java:448)&#xa;	at com.kms.katalon.core.main.TestCaseExecutor.doExecute(TestCaseExecutor.java:439)&#xa;	at com.kms.katalon.core.main.TestCaseExecutor.processExecutionPhase(TestCaseExecutor.java:418)&#xa;	at com.kms.katalon.core.main.TestCaseExecutor.accessMainPhase(TestCaseExecutor.java:410)&#xa;	at com.kms.katalon.core.main.TestCaseExecutor.execute(TestCaseExecutor.java:285)&#xa;	at com.kms.katalon.core.common.CommonExecutor.accessTestCaseMainPhase(CommonExecutor.java:65)&#xa;	at com.kms.katalon.core.main.TestSuiteExecutor.accessTestSuiteMainPhase(TestSuiteExecutor.java:150)&#xa;	at com.kms.katalon.core.main.TestSuiteExecutor.execute(TestSuiteExecutor.java:106)&#xa;	at com.kms.katalon.core.main.TestCaseMain.startTestSuite(TestCaseMain.java:180)&#xa;	at TempTestSuite1732729948317.run(TempTestSuite1732729948317.groovy:35)&#xa;	at java.base/jdk.internal.reflect.NativeMethodAccessorImpl.invoke0(Native Method)&#xa;	at java.base/jdk.internal.reflect.NativeMethodAccessorImpl.invoke(NativeMethodAccessorImpl.java:77)&#xa;	at java.base/jdk.internal.reflect.DelegatingMethodAccessorImpl.invoke(DelegatingMethodAccessorImpl.java:43)&#xa;Caused by: org.openqa.selenium.ElementClickInterceptedException: Element &lt;button class=&quot;btn dropdown-toggle form-control selectpicker btn-default&quot; type=&quot;button&quot;> is not clickable at point (455,613) because another element &lt;p> obscures it&#xa;Build info: version: '3.141.59', revision: 'unknown', time: 'unknown'&#xa;System info: host: 'DESKTOP-RGFFP9A', ip: '10.136.10.6', os.name: 'Windows 11', os.arch: 'amd64', os.version: '10.0', java.version: '17.0.7'&#xa;Driver info: com.kms.katalon.core.webui.driver.firefox.CGeckoDriver&#xa;Capabilities {acceptInsecureCerts: true, browserName: firefox, browserVersion: 133.0, javascriptEnabled: true, moz:accessibilityChecks: false, moz:buildID: 20241121140525, moz:geckodriverVersion: 0.35.0, moz:headless: false, moz:platformVersion: 10.0, moz:processID: 35088, moz:profile: C:\Users\OLVATI\AppData\Loc..., moz:shutdownTimeout: 60000, moz:webdriverClick: true, moz:windowless: false, pageLoadStrategy: normal, platform: WINDOWS, platformName: WINDOWS, proxy: Proxy(direct), setWindowRect: true, strictFileInteractability: false, timeouts: {implicit: 0, pageLoad: 300000, script: 30000}, unhandledPromptBehavior: dismiss and notify, userAgent: Mozilla/5.0 (Windows NT 10....}&#xa;Session ID: ac39bc59-fde9-4506-bdd8-b726d73d9f48&#xa;	at jdk.internal.reflect.GeneratedConstructorAccessor32.newInstance(Unknown Source)&#xa;	at java.base/jdk.internal.reflect.DelegatingConstructorAccessorImpl.newInstance(DelegatingConstructorAccessorImpl.java:45)&#xa;	at org.openqa.selenium.remote.http.W3CHttpResponseCodec.createException(W3CHttpResponseCodec.java:187)&#xa;	at org.openqa.selenium.remote.http.W3CHttpResponseCodec.decode(W3CHttpResponseCodec.java:122)&#xa;	at org.openqa.selenium.remote.http.W3CHttpResponseCodec.decode(W3CHttpResponseCodec.java:49)&#xa;	at org.openqa.selenium.remote.HttpCommandExecutor.execute(HttpCommandExecutor.java:158)&#xa;	at org.openqa.selenium.remote.service.DriverCommandExecutor.execute(DriverCommandExecutor.java:83)&#xa;	at org.openqa.selenium.remote.RemoteWebDriver.execute(RemoteWebDriver.java:552)&#xa;	at com.kms.katalon.selenium.driver.CFirefoxDriver.execute(CFirefoxDriver.java:28)&#xa;	at org.openqa.selenium.remote.RemoteWebElement.execute(RemoteWebElement.java:285)&#xa;	at org.openqa.selenium.remote.RemoteWebElement.click(RemoteWebElement.java:84)&#xa;	at jdk.internal.reflect.GeneratedMethodAccessor10.invoke(Unknown Source)&#xa;	at java.base/jdk.internal.reflect.DelegatingMethodAccessorImpl.invoke(DelegatingMethodAccessorImpl.java:43)&#xa;	at org.openqa.selenium.support.events.EventFiringWebDriver$EventFiringWebElement.lambda$new$0(EventFiringWebDriver.java:404)&#xa;	at jdk.proxy2/jdk.proxy2.$Proxy21.click(Unknown Source)&#xa;	at org.openqa.selenium.support.events.EventFiringWebDriver$EventFiringWebElement.click(EventFiringWebDriver.java:417)&#xa;	at org.openqa.selenium.WebElement$click.call(Unknown Source)&#xa;	at com.kms.katalon.core.webui.keyword.builtin.ClickKeyword.clickUntilSuccessWithTimeout(ClickKeyword.groovy:81)&#xa;	at com.kms.katalon.core.webui.keyword.builtin.ClickKeyword.clickUntilSuccessWithTimeout(ClickKeyword.groovy)&#xa;	at jdk.internal.reflect.GeneratedMethodAccessor8.invoke(Unknown Source)&#xa;	at java.base/jdk.internal.reflect.DelegatingMethodAccessorImpl.invoke(DelegatingMethodAccessorImpl.java:43)&#xa;	at com.kms.katalon.core.webui.keyword.builtin.ClickKeyword$_click_closure1.doCall(ClickKeyword.groovy:67)&#xa;	at com.kms.katalon.core.webui.keyword.builtin.ClickKeyword$_click_closure1.call(ClickKeyword.groovy)&#xa;	at com.kms.katalon.core.webui.keyword.internal.WebUIKeywordMain.runKeyword(WebUIKeywordMain.groovy:35)&#xa;	... 20 more&#xa;"/>
         <system-out><![CDATA[27-11-2024T13:22:12 - [TEST_CASE][FAILED] - Test Cases/2.Positivos/2.1Paquete/Origen-Lima/2.Valorado/Entrega_Domicilio/EditarValorado: Test Cases/2.Positivos/2.1Paquete/Origen-Lima/2.Valorado/Entrega_Domicilio/EditarValorado FAILED.
Reason:
com.kms.katalon.core.exception.StepFailedException: Unable to click on object 'Object Repository/valorado/Page_Olva Courier  Datos Personales/button_Recojo en tienda'
	at com.kms.katalon.core.webui.keyword.internal.WebUIKeywordMain.stepFailed(WebUIKeywordMain.groovy:117)
	at com.kms.katalon.core.webui.keyword.internal.WebUIKeywordMain.runKeyword(WebUIKeywordMain.groovy:43)
	at com.kms.katalon.core.webui.keyword.builtin.ClickKeyword.click(ClickKeyword.groovy:74)
	at com.kms.katalon.core.webui.keyword.builtin.ClickKeyword.execute(ClickKeyword.groovy:40)
	at com.kms.katalon.core.keyword.internal.KeywordExecutor.executeKeywordForPlatform(KeywordExecutor.groovy:74)
	at com.kms.katalon.core.webui.keyword.WebUiBuiltInKeywords.click(WebUiBuiltInKeywords.groovy:659)
	at EditarValorado.run(EditarValorado:80)
	at com.kms.katalon.core.main.ScriptEngine.run(ScriptEngine.java:194)
	at com.kms.katalon.core.main.ScriptEngine.runScriptAsRawText(ScriptEngine.java:119)
	at com.kms.katalon.core.main.TestCaseExecutor.runScript(TestCaseExecutor.java:448)
	at com.kms.katalon.core.main.TestCaseExecutor.doExecute(TestCaseExecutor.java:439)
	at com.kms.katalon.core.main.TestCaseExecutor.processExecutionPhase(TestCaseExecutor.java:418)
	at com.kms.katalon.core.main.TestCaseExecutor.accessMainPhase(TestCaseExecutor.java:410)
	at com.kms.katalon.core.main.TestCaseExecutor.execute(TestCaseExecutor.java:285)
	at com.kms.katalon.core.common.CommonExecutor.accessTestCaseMainPhase(CommonExecutor.java:65)
	at com.kms.katalon.core.main.TestSuiteExecutor.accessTestSuiteMainPhase(TestSuiteExecutor.java:150)
	at com.kms.katalon.core.main.TestSuiteExecutor.execute(TestSuiteExecutor.java:106)
	at com.kms.katalon.core.main.TestCaseMain.startTestSuite(TestCaseMain.java:180)
	at TempTestSuite1732729948317.run(TempTestSuite1732729948317.groovy:35)
	at java.base/jdk.internal.reflect.NativeMethodAccessorImpl.invoke0(Native Method)
	at java.base/jdk.internal.reflect.NativeMethodAccessorImpl.invoke(NativeMethodAccessorImpl.java:77)
	at java.base/jdk.internal.reflect.DelegatingMethodAccessorImpl.invoke(DelegatingMethodAccessorImpl.java:43)
Caused by: org.openqa.selenium.ElementClickInterceptedException: Element <button class="btn dropdown-toggle form-control selectpicker btn-default" type="button"> is not clickable at point (455,613) because another element <p> obscures it
Build info: version: '3.141.59', revision: 'unknown', time: 'unknown'
System info: host: 'DESKTOP-RGFFP9A', ip: '10.136.10.6', os.name: 'Windows 11', os.arch: 'amd64', os.version: '10.0', java.version: '17.0.7'
Driver info: com.kms.katalon.core.webui.driver.firefox.CGeckoDriver
Capabilities {acceptInsecureCerts: true, browserName: firefox, browserVersion: 133.0, javascriptEnabled: true, moz:accessibilityChecks: false, moz:buildID: 20241121140525, moz:geckodriverVersion: 0.35.0, moz:headless: false, moz:platformVersion: 10.0, moz:processID: 35088, moz:profile: C:\Users\OLVATI\AppData\Loc..., moz:shutdownTimeout: 60000, moz:webdriverClick: true, moz:windowless: false, pageLoadStrategy: normal, platform: WINDOWS, platformName: WINDOWS, proxy: Proxy(direct), setWindowRect: true, strictFileInteractability: false, timeouts: {implicit: 0, pageLoad: 300000, script: 30000}, unhandledPromptBehavior: dismiss and notify, userAgent: Mozilla/5.0 (Windows NT 10....}
Session ID: ac39bc59-fde9-4506-bdd8-b726d73d9f48
	at jdk.internal.reflect.GeneratedConstructorAccessor32.newInstance(Unknown Source)
	at java.base/jdk.internal.reflect.DelegatingConstructorAccessorImpl.newInstance(DelegatingConstructorAccessorImpl.java:45)
	at org.openqa.selenium.remote.http.W3CHttpResponseCodec.createException(W3CHttpResponseCodec.java:187)
	at org.openqa.selenium.remote.http.W3CHttpResponseCodec.decode(W3CHttpResponseCodec.java:122)
	at org.openqa.selenium.remote.http.W3CHttpResponseCodec.decode(W3CHttpResponseCodec.java:49)
	at org.openqa.selenium.remote.HttpCommandExecutor.execute(HttpCommandExecutor.java:158)
	at org.openqa.selenium.remote.service.DriverCommandExecutor.execute(DriverCommandExecutor.java:83)
	at org.openqa.selenium.remote.RemoteWebDriver.execute(RemoteWebDriver.java:552)
	at com.kms.katalon.selenium.driver.CFirefoxDriver.execute(CFirefoxDriver.java:28)
	at org.openqa.selenium.remote.RemoteWebElement.execute(RemoteWebElement.java:285)
	at org.openqa.selenium.remote.RemoteWebElement.click(RemoteWebElement.java:84)
	at jdk.internal.reflect.GeneratedMethodAccessor10.invoke(Unknown Source)
	at java.base/jdk.internal.reflect.DelegatingMethodAccessorImpl.invoke(DelegatingMethodAccessorImpl.java:43)
	at org.openqa.selenium.support.events.EventFiringWebDriver$EventFiringWebElement.lambda$new$0(EventFiringWebDriver.java:404)
	at jdk.proxy2/jdk.proxy2.$Proxy21.click(Unknown Source)
	at org.openqa.selenium.support.events.EventFiringWebDriver$EventFiringWebElement.click(EventFiringWebDriver.java:417)
	at org.openqa.selenium.WebElement$click.call(Unknown Source)
	at com.kms.katalon.core.webui.keyword.builtin.ClickKeyword.clickUntilSuccessWithTimeout(ClickKeyword.groovy:81)
	at com.kms.katalon.core.webui.keyword.builtin.ClickKeyword.clickUntilSuccessWithTimeout(ClickKeyword.groovy)
	at jdk.internal.reflect.GeneratedMethodAccessor8.invoke(Unknown Source)
	at java.base/jdk.internal.reflect.DelegatingMethodAccessorImpl.invoke(DelegatingMethodAccessorImpl.java:43)
	at com.kms.katalon.core.webui.keyword.builtin.ClickKeyword$_click_closure1.doCall(ClickKeyword.groovy:67)
	at com.kms.katalon.core.webui.keyword.builtin.ClickKeyword$_click_closure1.call(ClickKeyword.groovy)
	at com.kms.katalon.core.webui.keyword.internal.WebUIKeywordMain.runKeyword(WebUIKeywordMain.groovy:35)
	... 20 more


27-11-2024T13:22:12 - [TEST_STEP][PASSED] - callTestCase(findTestCase("1.Inicio/1.1Principal/Principal-home"), [:], STOP_ON_FAILURE): Call Test Case 'Test Cases/1.Inicio/1.1Principal/Principal-home' successfully

27-11-2024T13:22:12 - [TEST_CASE][PASSED] - Test Cases/1.Inicio/1.1Principal/Principal-home: Test Cases/1.Inicio/1.1Principal/Principal-home

27-11-2024T13:22:12 - [TEST_STEP][PASSED] - openBrowser(""): Browser is opened with url: ''

27-11-2024T13:22:12 - [MESSAGE][WARNING] - A browser is already opened. Closing browser and opening a new one

27-11-2024T13:22:14 - [MESSAGE][INFO] - Starting 'Firefox' driver

27-11-2024T13:22:14 - [MESSAGE][INFO] - Action delay is set to 0 milliseconds

27-11-2024T13:22:20 - [MESSAGE][PASSED] - Browser is opened with url: ''

27-11-2024T13:22:20 - [TEST_STEP][PASSED] - navigateToUrl("https://dev01-registrodeenvios.olvacourier.com/principal"): Navigate to 'https://dev01-registrodeenvios.olvacourier.com/principal' successfully

27-11-2024T13:22:21 - [MESSAGE][PASSED] - Navigate to 'https://dev01-registrodeenvios.olvacourier.com/principal' successfully

27-11-2024T13:22:21 - [TEST_STEP][PASSED] - maximizeWindow(): Current window maximized

27-11-2024T13:22:21 - [MESSAGE][PASSED] - Current window maximized

27-11-2024T13:22:21 - [MESSAGE][PASSED] - Call Test Case 'Test Cases/1.Inicio/1.1Principal/Principal-home' successfully

27-11-2024T13:22:21 - [TEST_STEP][PASSED] - callTestCase(findTestCase("1.Inicio/1.1Principal/Selec_paquete"), [:], STOP_ON_FAILURE): Call Test Case 'Test Cases/1.Inicio/1.1Principal/Selec_paquete' successfully

27-11-2024T13:22:21 - [TEST_CASE][PASSED] - Test Cases/1.Inicio/1.1Principal/Selec_paquete: Test Cases/1.Inicio/1.1Principal/Selec_paquete

27-11-2024T13:22:21 - [TEST_STEP][PASSED] - click(findTestObject("Object Repository/Principal/Page_Olva Courier  Home/img_Qu deseas realizar hoy_img_paquete")): Object: 'Object Repository/Principal/Page_Olva Courier  Home/img_Qu deseas realizar hoy_img_paquete' is clicked on

27-11-2024T13:22:22 - [MESSAGE][PASSED] - Object: 'Object Repository/Principal/Page_Olva Courier  Home/img_Qu deseas realizar hoy_img_paquete' is clicked on

27-11-2024T13:22:22 - [TEST_STEP][PASSED] - click(findTestObject("Object Repository/Principal/Page_Olva Courier  Home/span_He ledo y acepto los_checkmark (1)")): Object: 'Object Repository/Principal/Page_Olva Courier  Home/span_He ledo y acepto los_checkmark (1)' is clicked on

27-11-2024T13:22:22 - [MESSAGE][PASSED] - Object: 'Object Repository/Principal/Page_Olva Courier  Home/span_He ledo y acepto los_checkmark (1)' is clicked on

27-11-2024T13:22:22 - [TEST_STEP][PASSED] - click(findTestObject("Object Repository/Principal/Page_Olva Courier  Home/button_CONTINUAR (1)")): Object: 'Object Repository/Principal/Page_Olva Courier  Home/button_CONTINUAR (1)' is clicked on

27-11-2024T13:22:23 - [MESSAGE][PASSED] - Object: 'Object Repository/Principal/Page_Olva Courier  Home/button_CONTINUAR (1)' is clicked on

27-11-2024T13:22:23 - [TEST_STEP][PASSED] - verifyElementPresent(findTestObject("Object Repository/Principal/Page_Olva Courier  Datos Personales/strong_REGISTRO DE ENVOS"), 0): Object 'Object Repository/Principal/Page_Olva Courier  Datos Personales/strong_REGISTRO DE ENVOS' is present

27-11-2024T13:22:23 - [MESSAGE][WARNING] - Timeout '0' is invalid. Using default page load timeout: '30'

27-11-2024T13:22:24 - [MESSAGE][PASSED] - Object 'Object Repository/Principal/Page_Olva Courier  Datos Personales/strong_REGISTRO DE ENVOS' is present

27-11-2024T13:22:24 - [TEST_STEP][PASSED] - verifyElementPresent(findTestObject("Object Repository/Principal/Page_Olva Courier  Datos Personales/span_Regresar (1)"), 0): Object 'Object Repository/Principal/Page_Olva Courier  Datos Personales/span_Regresar (1)' is present

27-11-2024T13:22:24 - [MESSAGE][WARNING] - Timeout '0' is invalid. Using default page load timeout: '30'

27-11-2024T13:22:24 - [MESSAGE][PASSED] - Object 'Object Repository/Principal/Page_Olva Courier  Datos Personales/span_Regresar (1)' is present

27-11-2024T13:22:24 - [TEST_STEP][PASSED] - verifyElementPresent(findTestObject("Object Repository/Principal/Page_Olva Courier  Datos Personales/span_Inicio (1)"), 0): Object 'Object Repository/Principal/Page_Olva Courier  Datos Personales/span_Inicio (1)' is present

27-11-2024T13:22:24 - [MESSAGE][WARNING] - Timeout '0' is invalid. Using default page load timeout: '30'

27-11-2024T13:22:24 - [MESSAGE][PASSED] - Object 'Object Repository/Principal/Page_Olva Courier  Datos Personales/span_Inicio (1)' is present

27-11-2024T13:22:24 - [MESSAGE][PASSED] - Call Test Case 'Test Cases/1.Inicio/1.1Principal/Selec_paquete' successfully

27-11-2024T13:22:24 - [TEST_STEP][PASSED] - callTestCase(findTestCase("1.Inicio/1.2Tipo_Doc/5.RUC20"), [:], STOP_ON_FAILURE): Call Test Case 'Test Cases/1.Inicio/1.2Tipo_Doc/5.RUC20' successfully

27-11-2024T13:22:24 - [TEST_CASE][PASSED] - Test Cases/1.Inicio/1.2Tipo_Doc/5.RUC20: Test Cases/1.Inicio/1.2Tipo_Doc/5.RUC20

27-11-2024T13:22:24 - [TEST_STEP][PASSED] - click(findTestObject("Object Repository/Login/Page_Olva Courier  Datos Personales/button_Tipo De Documento")): Object: 'Object Repository/Login/Page_Olva Courier  Datos Personales/button_Tipo De Documento' is clicked on

27-11-2024T13:22:25 - [MESSAGE][PASSED] - Object: 'Object Repository/Login/Page_Olva Courier  Datos Personales/button_Tipo De Documento' is clicked on

27-11-2024T13:22:25 - [TEST_STEP][PASSED] - click(findTestObject("Object Repository/Login/Page_Olva Courier  Datos Personales/span_RUC (Factura)")): Object: 'Object Repository/Login/Page_Olva Courier  Datos Personales/span_RUC (Factura)' is clicked on

27-11-2024T13:22:25 - [MESSAGE][PASSED] - Object: 'Object Repository/Login/Page_Olva Courier  Datos Personales/span_RUC (Factura)' is clicked on

27-11-2024T13:22:25 - [TEST_STEP][PASSED] - setText(findTestObject("Object Repository/Login/Page_Olva Courier  Datos Personales/input_CARN EXT. (Boleta)_txt_documento_cliente"), "20100686814"): Text '20100686814' is set on object 'Object Repository/Login/Page_Olva Courier  Datos Personales/input_CARN EXT. (Boleta)_txt_documento_cliente'

27-11-2024T13:22:26 - [MESSAGE][PASSED] - Text '20100686814' is set on object 'Object Repository/Login/Page_Olva Courier  Datos Personales/input_CARN EXT. (Boleta)_txt_documento_cliente'

27-11-2024T13:22:26 - [MESSAGE][PASSED] - Call Test Case 'Test Cases/1.Inicio/1.2Tipo_Doc/5.RUC20' successfully

27-11-2024T13:22:26 - [TEST_STEP][PASSED] - click(findTestObject("Object Repository/valorado/Page_Olva Courier  Datos Personales/button_Seleccionar artculo")): Object: 'Object Repository/valorado/Page_Olva Courier  Datos Personales/button_Seleccionar artculo' is clicked on

27-11-2024T13:22:31 - [MESSAGE][PASSED] - Object: 'Object Repository/valorado/Page_Olva Courier  Datos Personales/button_Seleccionar artculo' is clicked on

27-11-2024T13:22:31 - [TEST_STEP][PASSED] - click(findTestObject("Object Repository/valorado/Page_Olva Courier  Datos Personales/a_MUEBLES Y DECOHOGAR")): Object: 'Object Repository/valorado/Page_Olva Courier  Datos Personales/a_MUEBLES Y DECOHOGAR' is clicked on

27-11-2024T13:22:31 - [MESSAGE][PASSED] - Object: 'Object Repository/valorado/Page_Olva Courier  Datos Personales/a_MUEBLES Y DECOHOGAR' is clicked on

27-11-2024T13:22:31 - [TEST_STEP][PASSED] - setText(findTestObject("Object Repository/valorado/Page_Olva Courier  Datos Personales/input_UTILES DE OFICINA_txt_paquete_articulo"), "PREUBas"): Text 'PREUBas' is set on object 'Object Repository/valorado/Page_Olva Courier  Datos Personales/input_UTILES DE OFICINA_txt_paquete_articulo'

27-11-2024T13:22:32 - [MESSAGE][PASSED] - Text 'PREUBas' is set on object 'Object Repository/valorado/Page_Olva Courier  Datos Personales/input_UTILES DE OFICINA_txt_paquete_articulo'

27-11-2024T13:22:32 - [TEST_STEP][PASSED] - setText(findTestObject("Object Repository/valorado/Page_Olva Courier  Datos Personales/input_UTILES DE OFICINA_txt_paquete_valor"), "501"): Text '501' is set on object 'Object Repository/valorado/Page_Olva Courier  Datos Personales/input_UTILES DE OFICINA_txt_paquete_valor'

27-11-2024T13:22:32 - [MESSAGE][PASSED] - Text '501' is set on object 'Object Repository/valorado/Page_Olva Courier  Datos Personales/input_UTILES DE OFICINA_txt_paquete_valor'

27-11-2024T13:22:32 - [TEST_STEP][PASSED] - click(findTestObject("Object Repository/valorado/Page_Olva Courier  Datos Personales/b_1Kg")): Object: 'Object Repository/valorado/Page_Olva Courier  Datos Personales/b_1Kg' is clicked on

27-11-2024T13:22:33 - [MESSAGE][PASSED] - Object: 'Object Repository/valorado/Page_Olva Courier  Datos Personales/b_1Kg' is clicked on

27-11-2024T13:22:33 - [TEST_STEP][PASSED] - scrollToElement(findTestObject("Object Repository/valorado/Page_Olva Courier  Datos Personales/button_Ingrese el punto de llegada"), 0): Scroll to object 'Object Repository/valorado/Page_Olva Courier  Datos Personales/button_Ingrese el punto de llegada' successfully

27-11-2024T13:22:33 - [MESSAGE][WARNING] - Timeout '0' is invalid. Using default page load timeout: '30'

27-11-2024T13:22:34 - [MESSAGE][PASSED] - Scroll to object 'Object Repository/valorado/Page_Olva Courier  Datos Personales/button_Ingrese el punto de llegada' successfully

27-11-2024T13:22:34 - [TEST_STEP][PASSED] - click(findTestObject("Object Repository/valorado/Page_Olva Courier  Datos Personales/button_Ingrese el punto de llegada")): Object: 'Object Repository/valorado/Page_Olva Courier  Datos Personales/button_Ingrese el punto de llegada' is clicked on

27-11-2024T13:22:34 - [MESSAGE][PASSED] - Object: 'Object Repository/valorado/Page_Olva Courier  Datos Personales/button_Ingrese el punto de llegada' is clicked on

27-11-2024T13:22:34 - [TEST_STEP][PASSED] - click(findTestObject("Object Repository/valorado/Page_Olva Courier  Datos Personales/a_ANCASH - HUARAZ - HUARAZ")): Object: 'Object Repository/valorado/Page_Olva Courier  Datos Personales/a_ANCASH - HUARAZ - HUARAZ' is clicked on

27-11-2024T13:22:35 - [MESSAGE][PASSED] - Object: 'Object Repository/valorado/Page_Olva Courier  Datos Personales/a_ANCASH - HUARAZ - HUARAZ' is clicked on

27-11-2024T13:22:35 - [TEST_STEP][PASSED] - click(findTestObject("Object Repository/valorado/Page_Olva Courier  Datos Personales/button_Tipo de entrega")): Object: 'Object Repository/valorado/Page_Olva Courier  Datos Personales/button_Tipo de entrega' is clicked on

27-11-2024T13:22:35 - [MESSAGE][PASSED] - Object: 'Object Repository/valorado/Page_Olva Courier  Datos Personales/button_Tipo de entrega' is clicked on

27-11-2024T13:22:35 - [TEST_STEP][PASSED] - click(findTestObject("Object Repository/valorado/Page_Olva Courier  Datos Personales/a_Recojo en tienda")): Object: 'Object Repository/valorado/Page_Olva Courier  Datos Personales/a_Recojo en tienda' is clicked on

27-11-2024T13:22:36 - [MESSAGE][PASSED] - Object: 'Object Repository/valorado/Page_Olva Courier  Datos Personales/a_Recojo en tienda' is clicked on

27-11-2024T13:22:36 - [TEST_STEP][PASSED] - click(findTestObject("Object Repository/valorado/Page_Olva Courier  Datos Personales/button_Tienda")): Object: 'Object Repository/valorado/Page_Olva Courier  Datos Personales/button_Tienda' is clicked on

27-11-2024T13:22:37 - [MESSAGE][PASSED] - Object: 'Object Repository/valorado/Page_Olva Courier  Datos Personales/button_Tienda' is clicked on

27-11-2024T13:22:37 - [TEST_STEP][PASSED] - click(findTestObject("Object Repository/valorado/Page_Olva Courier  Datos Personales/span_TIENDA HUARAZ - HUARAZ - AV MARISCAL A_1d6adb")): Object: 'Object Repository/valorado/Page_Olva Courier  Datos Personales/span_TIENDA HUARAZ - HUARAZ - AV MARISCAL A_1d6adb' is clicked on

27-11-2024T13:22:37 - [MESSAGE][PASSED] - Object: 'Object Repository/valorado/Page_Olva Courier  Datos Personales/span_TIENDA HUARAZ - HUARAZ - AV MARISCAL A_1d6adb' is clicked on

27-11-2024T13:22:37 - [TEST_STEP][PASSED] - scrollToElement(findTestObject("Object Repository/valorado/Page_Olva Courier  Datos Personales/button_Tipo De Documento_1"), 0): Scroll to object 'Object Repository/valorado/Page_Olva Courier  Datos Personales/button_Tipo De Documento_1' successfully

27-11-2024T13:22:37 - [MESSAGE][WARNING] - Timeout '0' is invalid. Using default page load timeout: '30'

27-11-2024T13:22:37 - [MESSAGE][PASSED] - Scroll to object 'Object Repository/valorado/Page_Olva Courier  Datos Personales/button_Tipo De Documento_1' successfully

27-11-2024T13:22:37 - [TEST_STEP][PASSED] - click(findTestObject("Object Repository/valorado/Page_Olva Courier  Datos Personales/button_Tipo De Documento_1")): Object: 'Object Repository/valorado/Page_Olva Courier  Datos Personales/button_Tipo De Documento_1' is clicked on

27-11-2024T13:22:38 - [MESSAGE][PASSED] - Object: 'Object Repository/valorado/Page_Olva Courier  Datos Personales/button_Tipo De Documento_1' is clicked on

27-11-2024T13:22:38 - [TEST_STEP][PASSED] - click(findTestObject("Object Repository/valorado/Page_Olva Courier  Datos Personales/a_DNI")): Object: 'Object Repository/valorado/Page_Olva Courier  Datos Personales/a_DNI' is clicked on

27-11-2024T13:22:38 - [MESSAGE][PASSED] - Object: 'Object Repository/valorado/Page_Olva Courier  Datos Personales/a_DNI' is clicked on

27-11-2024T13:22:38 - [TEST_STEP][PASSED] - setText(findTestObject("Object Repository/valorado/Page_Olva Courier  Datos Personales/input_CARN EXT_txt_consignado_dni"), "71735785"): Text '71735785' is set on object 'Object Repository/valorado/Page_Olva Courier  Datos Personales/input_CARN EXT_txt_consignado_dni'

27-11-2024T13:22:39 - [MESSAGE][PASSED] - Text '71735785' is set on object 'Object Repository/valorado/Page_Olva Courier  Datos Personales/input_CARN EXT_txt_consignado_dni'

27-11-2024T13:22:39 - [TEST_STEP][PASSED] - scrollToElement(findTestObject("Object Repository/valorado/Page_Olva Courier  Datos Personales/button_CONTINUAR"), 0): Scroll to object 'Object Repository/valorado/Page_Olva Courier  Datos Personales/button_CONTINUAR' successfully

27-11-2024T13:22:39 - [MESSAGE][WARNING] - Timeout '0' is invalid. Using default page load timeout: '30'

27-11-2024T13:22:40 - [MESSAGE][PASSED] - Scroll to object 'Object Repository/valorado/Page_Olva Courier  Datos Personales/button_CONTINUAR' successfully

27-11-2024T13:22:40 - [TEST_STEP][PASSED] - click(findTestObject("Object Repository/valorado/Page_Olva Courier  Datos Personales/button_CONTINUAR")): Object: 'Object Repository/valorado/Page_Olva Courier  Datos Personales/button_CONTINUAR' is clicked on

27-11-2024T13:22:40 - [MESSAGE][PASSED] - Object: 'Object Repository/valorado/Page_Olva Courier  Datos Personales/button_CONTINUAR' is clicked on

27-11-2024T13:22:40 - [TEST_STEP][PASSED] - click(findTestObject("Object Repository/valorado/Page_Olva Courier  Confirma tus datos/button_Editar")): Object: 'Object Repository/valorado/Page_Olva Courier  Confirma tus datos/button_Editar' is clicked on

27-11-2024T13:22:46 - [MESSAGE][PASSED] - Object: 'Object Repository/valorado/Page_Olva Courier  Confirma tus datos/button_Editar' is clicked on

27-11-2024T13:22:46 - [TEST_STEP][PASSED] - setText(findTestObject("Object Repository/valorado/Page_Olva Courier  Datos Personales/input_UTILES DE OFICINA_txt_paquete_valor"), "800"): Text '800' is set on object 'Object Repository/valorado/Page_Olva Courier  Datos Personales/input_UTILES DE OFICINA_txt_paquete_valor'

27-11-2024T13:22:48 - [MESSAGE][PASSED] - Text '800' is set on object 'Object Repository/valorado/Page_Olva Courier  Datos Personales/input_UTILES DE OFICINA_txt_paquete_valor'

27-11-2024T13:22:48 - [TEST_STEP][PASSED] - scrollToElement(findTestObject("Object Repository/valorado/Page_Olva Courier  Datos Personales/button_CONTINUAR"), 0): Scroll to object 'Object Repository/valorado/Page_Olva Courier  Datos Personales/button_CONTINUAR' successfully

27-11-2024T13:22:48 - [MESSAGE][WARNING] - Timeout '0' is invalid. Using default page load timeout: '30'

27-11-2024T13:22:49 - [MESSAGE][PASSED] - Scroll to object 'Object Repository/valorado/Page_Olva Courier  Datos Personales/button_CONTINUAR' successfully

27-11-2024T13:22:49 - [TEST_STEP][PASSED] - click(findTestObject("Object Repository/valorado/Page_Olva Courier  Datos Personales/button_CONTINUAR")): Object: 'Object Repository/valorado/Page_Olva Courier  Datos Personales/button_CONTINUAR' is clicked on

27-11-2024T13:22:49 - [MESSAGE][PASSED] - Object: 'Object Repository/valorado/Page_Olva Courier  Datos Personales/button_CONTINUAR' is clicked on

27-11-2024T13:22:49 - [TEST_STEP][PASSED] - click(findTestObject("Object Repository/valorado/Page_Olva Courier  Confirma tus datos/button_Editar")): Object: 'Object Repository/valorado/Page_Olva Courier  Confirma tus datos/button_Editar' is clicked on

27-11-2024T13:22:55 - [MESSAGE][PASSED] - Object: 'Object Repository/valorado/Page_Olva Courier  Confirma tus datos/button_Editar' is clicked on

27-11-2024T13:22:55 - [TEST_STEP][FAILED] - click(findTestObject("Object Repository/valorado/Page_Olva Courier  Datos Personales/button_Recojo en tienda")): Unable to click on object 'Object Repository/valorado/Page_Olva Courier  Datos Personales/button_Recojo en tienda' (Root cause: com.kms.katalon.core.exception.StepFailedException: Unable to click on object 'Object Repository/valorado/Page_Olva Courier  Datos Personales/button_Recojo en tienda'
	at com.kms.katalon.core.webui.keyword.internal.WebUIKeywordMain.stepFailed(WebUIKeywordMain.groovy:117)
	at com.kms.katalon.core.webui.keyword.internal.WebUIKeywordMain.runKeyword(WebUIKeywordMain.groovy:43)
	at com.kms.katalon.core.webui.keyword.builtin.ClickKeyword.click(ClickKeyword.groovy:74)
	at com.kms.katalon.core.webui.keyword.builtin.ClickKeyword.execute(ClickKeyword.groovy:40)
	at com.kms.katalon.core.keyword.internal.KeywordExecutor.executeKeywordForPlatform(KeywordExecutor.groovy:74)
	at com.kms.katalon.core.webui.keyword.WebUiBuiltInKeywords.click(WebUiBuiltInKeywords.groovy:659)
	at EditarValorado.run(EditarValorado:80)
	at com.kms.katalon.core.main.ScriptEngine.run(ScriptEngine.java:194)
	at com.kms.katalon.core.main.ScriptEngine.runScriptAsRawText(ScriptEngine.java:119)
	at com.kms.katalon.core.main.TestCaseExecutor.runScript(TestCaseExecutor.java:448)
	at com.kms.katalon.core.main.TestCaseExecutor.doExecute(TestCaseExecutor.java:439)
	at com.kms.katalon.core.main.TestCaseExecutor.processExecutionPhase(TestCaseExecutor.java:418)
	at com.kms.katalon.core.main.TestCaseExecutor.accessMainPhase(TestCaseExecutor.java:410)
	at com.kms.katalon.core.main.TestCaseExecutor.execute(TestCaseExecutor.java:285)
	at com.kms.katalon.core.common.CommonExecutor.accessTestCaseMainPhase(CommonExecutor.java:65)
	at com.kms.katalon.core.main.TestSuiteExecutor.accessTestSuiteMainPhase(TestSuiteExecutor.java:150)
	at com.kms.katalon.core.main.TestSuiteExecutor.execute(TestSuiteExecutor.java:106)
	at com.kms.katalon.core.main.TestCaseMain.startTestSuite(TestCaseMain.java:180)
	at TempTestSuite1732729948317.run(TempTestSuite1732729948317.groovy:35)
	at java.base/jdk.internal.reflect.NativeMethodAccessorImpl.invoke0(Native Method)
	at java.base/jdk.internal.reflect.NativeMethodAccessorImpl.invoke(NativeMethodAccessorImpl.java:77)
	at java.base/jdk.internal.reflect.DelegatingMethodAccessorImpl.invoke(DelegatingMethodAccessorImpl.java:43)
Caused by: org.openqa.selenium.ElementClickInterceptedException: Element <button class="btn dropdown-toggle form-control selectpicker btn-default" type="button"> is not clickable at point (455,613) because another element <p> obscures it
Build info: version: '3.141.59', revision: 'unknown', time: 'unknown'
System info: host: 'DESKTOP-RGFFP9A', ip: '10.136.10.6', os.name: 'Windows 11', os.arch: 'amd64', os.version: '10.0', java.version: '17.0.7'
Driver info: com.kms.katalon.core.webui.driver.firefox.CGeckoDriver
Capabilities {acceptInsecureCerts: true, browserName: firefox, browserVersion: 133.0, javascriptEnabled: true, moz:accessibilityChecks: false, moz:buildID: 20241121140525, moz:geckodriverVersion: 0.35.0, moz:headless: false, moz:platformVersion: 10.0, moz:processID: 35088, moz:profile: C:\Users\OLVATI\AppData\Loc..., moz:shutdownTimeout: 60000, moz:webdriverClick: true, moz:windowless: false, pageLoadStrategy: normal, platform: WINDOWS, platformName: WINDOWS, proxy: Proxy(direct), setWindowRect: true, strictFileInteractability: false, timeouts: {implicit: 0, pageLoad: 300000, script: 30000}, unhandledPromptBehavior: dismiss and notify, userAgent: Mozilla/5.0 (Windows NT 10....}
Session ID: ac39bc59-fde9-4506-bdd8-b726d73d9f48
	at jdk.internal.reflect.GeneratedConstructorAccessor32.newInstance(Unknown Source)
	at java.base/jdk.internal.reflect.DelegatingConstructorAccessorImpl.newInstance(DelegatingConstructorAccessorImpl.java:45)
	at org.openqa.selenium.remote.http.W3CHttpResponseCodec.createException(W3CHttpResponseCodec.java:187)
	at org.openqa.selenium.remote.http.W3CHttpResponseCodec.decode(W3CHttpResponseCodec.java:122)
	at org.openqa.selenium.remote.http.W3CHttpResponseCodec.decode(W3CHttpResponseCodec.java:49)
	at org.openqa.selenium.remote.HttpCommandExecutor.execute(HttpCommandExecutor.java:158)
	at org.openqa.selenium.remote.service.DriverCommandExecutor.execute(DriverCommandExecutor.java:83)
	at org.openqa.selenium.remote.RemoteWebDriver.execute(RemoteWebDriver.java:552)
	at com.kms.katalon.selenium.driver.CFirefoxDriver.execute(CFirefoxDriver.java:28)
	at org.openqa.selenium.remote.RemoteWebElement.execute(RemoteWebElement.java:285)
	at org.openqa.selenium.remote.RemoteWebElement.click(RemoteWebElement.java:84)
	at jdk.internal.reflect.GeneratedMethodAccessor10.invoke(Unknown Source)
	at java.base/jdk.internal.reflect.DelegatingMethodAccessorImpl.invoke(DelegatingMethodAccessorImpl.java:43)
	at org.openqa.selenium.support.events.EventFiringWebDriver$EventFiringWebElement.lambda$new$0(EventFiringWebDriver.java:404)
	at jdk.proxy2/jdk.proxy2.$Proxy21.click(Unknown Source)
	at org.openqa.selenium.support.events.EventFiringWebDriver$EventFiringWebElement.click(EventFiringWebDriver.java:417)
	at org.openqa.selenium.WebElement$click.call(Unknown Source)
	at com.kms.katalon.core.webui.keyword.builtin.ClickKeyword.clickUntilSuccessWithTimeout(ClickKeyword.groovy:81)
	at com.kms.katalon.core.webui.keyword.builtin.ClickKeyword.clickUntilSuccessWithTimeout(ClickKeyword.groovy)
	at jdk.internal.reflect.GeneratedMethodAccessor8.invoke(Unknown Source)
	at java.base/jdk.internal.reflect.DelegatingMethodAccessorImpl.invoke(DelegatingMethodAccessorImpl.java:43)
	at com.kms.katalon.core.webui.keyword.builtin.ClickKeyword$_click_closure1.doCall(ClickKeyword.groovy:67)
	at com.kms.katalon.core.webui.keyword.builtin.ClickKeyword$_click_closure1.call(ClickKeyword.groovy)
	at com.kms.katalon.core.webui.keyword.internal.WebUIKeywordMain.runKeyword(WebUIKeywordMain.groovy:35)
	at com.kms.katalon.core.webui.keyword.builtin.ClickKeyword.click(ClickKeyword.groovy:74)
	at com.kms.katalon.core.webui.keyword.builtin.ClickKeyword.execute(ClickKeyword.groovy:40)
	at com.kms.katalon.core.keyword.internal.KeywordExecutor.executeKeywordForPlatform(KeywordExecutor.groovy:74)
	at com.kms.katalon.core.webui.keyword.WebUiBuiltInKeywords.click(WebUiBuiltInKeywords.groovy:659)
	at Script1732089935650.run(Script1732089935650.groovy:80)
	... 15 more
)

27-11-2024T13:23:26 - [MESSAGE][FAILED] - Unable to click on object 'Object Repository/valorado/Page_Olva Courier  Datos Personales/button_Recojo en tienda' (Root cause: com.kms.katalon.core.exception.StepFailedException: Unable to click on object 'Object Repository/valorado/Page_Olva Courier  Datos Personales/button_Recojo en tienda'
	at com.kms.katalon.core.webui.keyword.internal.WebUIKeywordMain.stepFailed(WebUIKeywordMain.groovy:117)
	at com.kms.katalon.core.webui.keyword.internal.WebUIKeywordMain.runKeyword(WebUIKeywordMain.groovy:43)
	at com.kms.katalon.core.webui.keyword.builtin.ClickKeyword.click(ClickKeyword.groovy:74)
	at com.kms.katalon.core.webui.keyword.builtin.ClickKeyword.execute(ClickKeyword.groovy:40)
	at com.kms.katalon.core.keyword.internal.KeywordExecutor.executeKeywordForPlatform(KeywordExecutor.groovy:74)
	at com.kms.katalon.core.webui.keyword.WebUiBuiltInKeywords.click(WebUiBuiltInKeywords.groovy:659)
	at EditarValorado.run(EditarValorado:80)
	at com.kms.katalon.core.main.ScriptEngine.run(ScriptEngine.java:194)
	at com.kms.katalon.core.main.ScriptEngine.runScriptAsRawText(ScriptEngine.java:119)
	at com.kms.katalon.core.main.TestCaseExecutor.runScript(TestCaseExecutor.java:448)
	at com.kms.katalon.core.main.TestCaseExecutor.doExecute(TestCaseExecutor.java:439)
	at com.kms.katalon.core.main.TestCaseExecutor.processExecutionPhase(TestCaseExecutor.java:418)
	at com.kms.katalon.core.main.TestCaseExecutor.accessMainPhase(TestCaseExecutor.java:410)
	at com.kms.katalon.core.main.TestCaseExecutor.execute(TestCaseExecutor.java:285)
	at com.kms.katalon.core.common.CommonExecutor.accessTestCaseMainPhase(CommonExecutor.java:65)
	at com.kms.katalon.core.main.TestSuiteExecutor.accessTestSuiteMainPhase(TestSuiteExecutor.java:150)
	at com.kms.katalon.core.main.TestSuiteExecutor.execute(TestSuiteExecutor.java:106)
	at com.kms.katalon.core.main.TestCaseMain.startTestSuite(TestCaseMain.java:180)
	at TempTestSuite1732729948317.run(TempTestSuite1732729948317.groovy:35)
	at java.base/jdk.internal.reflect.NativeMethodAccessorImpl.invoke0(Native Method)
	at java.base/jdk.internal.reflect.NativeMethodAccessorImpl.invoke(NativeMethodAccessorImpl.java:77)
	at java.base/jdk.internal.reflect.DelegatingMethodAccessorImpl.invoke(DelegatingMethodAccessorImpl.java:43)
Caused by: org.openqa.selenium.ElementClickInterceptedException: Element <button class="btn dropdown-toggle form-control selectpicker btn-default" type="button"> is not clickable at point (455,613) because another element <p> obscures it
Build info: version: '3.141.59', revision: 'unknown', time: 'unknown'
System info: host: 'DESKTOP-RGFFP9A', ip: '10.136.10.6', os.name: 'Windows 11', os.arch: 'amd64', os.version: '10.0', java.version: '17.0.7'
Driver info: com.kms.katalon.core.webui.driver.firefox.CGeckoDriver
Capabilities {acceptInsecureCerts: true, browserName: firefox, browserVersion: 133.0, javascriptEnabled: true, moz:accessibilityChecks: false, moz:buildID: 20241121140525, moz:geckodriverVersion: 0.35.0, moz:headless: false, moz:platformVersion: 10.0, moz:processID: 35088, moz:profile: C:\Users\OLVATI\AppData\Loc..., moz:shutdownTimeout: 60000, moz:webdriverClick: true, moz:windowless: false, pageLoadStrategy: normal, platform: WINDOWS, platformName: WINDOWS, proxy: Proxy(direct), setWindowRect: true, strictFileInteractability: false, timeouts: {implicit: 0, pageLoad: 300000, script: 30000}, unhandledPromptBehavior: dismiss and notify, userAgent: Mozilla/5.0 (Windows NT 10....}
Session ID: ac39bc59-fde9-4506-bdd8-b726d73d9f48
	at jdk.internal.reflect.GeneratedConstructorAccessor32.newInstance(Unknown Source)
	at java.base/jdk.internal.reflect.DelegatingConstructorAccessorImpl.newInstance(DelegatingConstructorAccessorImpl.java:45)
	at org.openqa.selenium.remote.http.W3CHttpResponseCodec.createException(W3CHttpResponseCodec.java:187)
	at org.openqa.selenium.remote.http.W3CHttpResponseCodec.decode(W3CHttpResponseCodec.java:122)
	at org.openqa.selenium.remote.http.W3CHttpResponseCodec.decode(W3CHttpResponseCodec.java:49)
	at org.openqa.selenium.remote.HttpCommandExecutor.execute(HttpCommandExecutor.java:158)
	at org.openqa.selenium.remote.service.DriverCommandExecutor.execute(DriverCommandExecutor.java:83)
	at org.openqa.selenium.remote.RemoteWebDriver.execute(RemoteWebDriver.java:552)
	at com.kms.katalon.selenium.driver.CFirefoxDriver.execute(CFirefoxDriver.java:28)
	at org.openqa.selenium.remote.RemoteWebElement.execute(RemoteWebElement.java:285)
	at org.openqa.selenium.remote.RemoteWebElement.click(RemoteWebElement.java:84)
	at jdk.internal.reflect.GeneratedMethodAccessor10.invoke(Unknown Source)
	at java.base/jdk.internal.reflect.DelegatingMethodAccessorImpl.invoke(DelegatingMethodAccessorImpl.java:43)
	at org.openqa.selenium.support.events.EventFiringWebDriver$EventFiringWebElement.lambda$new$0(EventFiringWebDriver.java:404)
	at jdk.proxy2/jdk.proxy2.$Proxy21.click(Unknown Source)
	at org.openqa.selenium.support.events.EventFiringWebDriver$EventFiringWebElement.click(EventFiringWebDriver.java:417)
	at org.openqa.selenium.WebElement$click.call(Unknown Source)
	at com.kms.katalon.core.webui.keyword.builtin.ClickKeyword.clickUntilSuccessWithTimeout(ClickKeyword.groovy:81)
	at com.kms.katalon.core.webui.keyword.builtin.ClickKeyword.clickUntilSuccessWithTimeout(ClickKeyword.groovy)
	at jdk.internal.reflect.GeneratedMethodAccessor8.invoke(Unknown Source)
	at java.base/jdk.internal.reflect.DelegatingMethodAccessorImpl.invoke(DelegatingMethodAccessorImpl.java:43)
	at com.kms.katalon.core.webui.keyword.builtin.ClickKeyword$_click_closure1.doCall(ClickKeyword.groovy:67)
	at com.kms.katalon.core.webui.keyword.builtin.ClickKeyword$_click_closure1.call(ClickKeyword.groovy)
	at com.kms.katalon.core.webui.keyword.internal.WebUIKeywordMain.runKeyword(WebUIKeywordMain.groovy:35)
	at com.kms.katalon.core.webui.keyword.builtin.ClickKeyword.click(ClickKeyword.groovy:74)
	at com.kms.katalon.core.webui.keyword.builtin.ClickKeyword.execute(ClickKeyword.groovy:40)
	at com.kms.katalon.core.keyword.internal.KeywordExecutor.executeKeywordForPlatform(KeywordExecutor.groovy:74)
	at com.kms.katalon.core.webui.keyword.WebUiBuiltInKeywords.click(WebUiBuiltInKeywords.groovy:659)
	at Script1732089935650.run(Script1732089935650.groovy:80)
	... 15 more
)]]></system-out>
         <system-err><![CDATA[27-11-2024T13:22:12 - [TEST_CASE][FAILED] - Test Cases/2.Positivos/2.1Paquete/Origen-Lima/2.Valorado/Entrega_Domicilio/EditarValorado: Test Cases/2.Positivos/2.1Paquete/Origen-Lima/2.Valorado/Entrega_Domicilio/EditarValorado FAILED.
Reason:
com.kms.katalon.core.exception.StepFailedException: Unable to click on object 'Object Repository/valorado/Page_Olva Courier  Datos Personales/button_Recojo en tienda'
	at com.kms.katalon.core.webui.keyword.internal.WebUIKeywordMain.stepFailed(WebUIKeywordMain.groovy:117)
	at com.kms.katalon.core.webui.keyword.internal.WebUIKeywordMain.runKeyword(WebUIKeywordMain.groovy:43)
	at com.kms.katalon.core.webui.keyword.builtin.ClickKeyword.click(ClickKeyword.groovy:74)
	at com.kms.katalon.core.webui.keyword.builtin.ClickKeyword.execute(ClickKeyword.groovy:40)
	at com.kms.katalon.core.keyword.internal.KeywordExecutor.executeKeywordForPlatform(KeywordExecutor.groovy:74)
	at com.kms.katalon.core.webui.keyword.WebUiBuiltInKeywords.click(WebUiBuiltInKeywords.groovy:659)
	at EditarValorado.run(EditarValorado:80)
	at com.kms.katalon.core.main.ScriptEngine.run(ScriptEngine.java:194)
	at com.kms.katalon.core.main.ScriptEngine.runScriptAsRawText(ScriptEngine.java:119)
	at com.kms.katalon.core.main.TestCaseExecutor.runScript(TestCaseExecutor.java:448)
	at com.kms.katalon.core.main.TestCaseExecutor.doExecute(TestCaseExecutor.java:439)
	at com.kms.katalon.core.main.TestCaseExecutor.processExecutionPhase(TestCaseExecutor.java:418)
	at com.kms.katalon.core.main.TestCaseExecutor.accessMainPhase(TestCaseExecutor.java:410)
	at com.kms.katalon.core.main.TestCaseExecutor.execute(TestCaseExecutor.java:285)
	at com.kms.katalon.core.common.CommonExecutor.accessTestCaseMainPhase(CommonExecutor.java:65)
	at com.kms.katalon.core.main.TestSuiteExecutor.accessTestSuiteMainPhase(TestSuiteExecutor.java:150)
	at com.kms.katalon.core.main.TestSuiteExecutor.execute(TestSuiteExecutor.java:106)
	at com.kms.katalon.core.main.TestCaseMain.startTestSuite(TestCaseMain.java:180)
	at TempTestSuite1732729948317.run(TempTestSuite1732729948317.groovy:35)
	at java.base/jdk.internal.reflect.NativeMethodAccessorImpl.invoke0(Native Method)
	at java.base/jdk.internal.reflect.NativeMethodAccessorImpl.invoke(NativeMethodAccessorImpl.java:77)
	at java.base/jdk.internal.reflect.DelegatingMethodAccessorImpl.invoke(DelegatingMethodAccessorImpl.java:43)
Caused by: org.openqa.selenium.ElementClickInterceptedException: Element <button class="btn dropdown-toggle form-control selectpicker btn-default" type="button"> is not clickable at point (455,613) because another element <p> obscures it
Build info: version: '3.141.59', revision: 'unknown', time: 'unknown'
System info: host: 'DESKTOP-RGFFP9A', ip: '10.136.10.6', os.name: 'Windows 11', os.arch: 'amd64', os.version: '10.0', java.version: '17.0.7'
Driver info: com.kms.katalon.core.webui.driver.firefox.CGeckoDriver
Capabilities {acceptInsecureCerts: true, browserName: firefox, browserVersion: 133.0, javascriptEnabled: true, moz:accessibilityChecks: false, moz:buildID: 20241121140525, moz:geckodriverVersion: 0.35.0, moz:headless: false, moz:platformVersion: 10.0, moz:processID: 35088, moz:profile: C:\Users\OLVATI\AppData\Loc..., moz:shutdownTimeout: 60000, moz:webdriverClick: true, moz:windowless: false, pageLoadStrategy: normal, platform: WINDOWS, platformName: WINDOWS, proxy: Proxy(direct), setWindowRect: true, strictFileInteractability: false, timeouts: {implicit: 0, pageLoad: 300000, script: 30000}, unhandledPromptBehavior: dismiss and notify, userAgent: Mozilla/5.0 (Windows NT 10....}
Session ID: ac39bc59-fde9-4506-bdd8-b726d73d9f48
	at jdk.internal.reflect.GeneratedConstructorAccessor32.newInstance(Unknown Source)
	at java.base/jdk.internal.reflect.DelegatingConstructorAccessorImpl.newInstance(DelegatingConstructorAccessorImpl.java:45)
	at org.openqa.selenium.remote.http.W3CHttpResponseCodec.createException(W3CHttpResponseCodec.java:187)
	at org.openqa.selenium.remote.http.W3CHttpResponseCodec.decode(W3CHttpResponseCodec.java:122)
	at org.openqa.selenium.remote.http.W3CHttpResponseCodec.decode(W3CHttpResponseCodec.java:49)
	at org.openqa.selenium.remote.HttpCommandExecutor.execute(HttpCommandExecutor.java:158)
	at org.openqa.selenium.remote.service.DriverCommandExecutor.execute(DriverCommandExecutor.java:83)
	at org.openqa.selenium.remote.RemoteWebDriver.execute(RemoteWebDriver.java:552)
	at com.kms.katalon.selenium.driver.CFirefoxDriver.execute(CFirefoxDriver.java:28)
	at org.openqa.selenium.remote.RemoteWebElement.execute(RemoteWebElement.java:285)
	at org.openqa.selenium.remote.RemoteWebElement.click(RemoteWebElement.java:84)
	at jdk.internal.reflect.GeneratedMethodAccessor10.invoke(Unknown Source)
	at java.base/jdk.internal.reflect.DelegatingMethodAccessorImpl.invoke(DelegatingMethodAccessorImpl.java:43)
	at org.openqa.selenium.support.events.EventFiringWebDriver$EventFiringWebElement.lambda$new$0(EventFiringWebDriver.java:404)
	at jdk.proxy2/jdk.proxy2.$Proxy21.click(Unknown Source)
	at org.openqa.selenium.support.events.EventFiringWebDriver$EventFiringWebElement.click(EventFiringWebDriver.java:417)
	at org.openqa.selenium.WebElement$click.call(Unknown Source)
	at com.kms.katalon.core.webui.keyword.builtin.ClickKeyword.clickUntilSuccessWithTimeout(ClickKeyword.groovy:81)
	at com.kms.katalon.core.webui.keyword.builtin.ClickKeyword.clickUntilSuccessWithTimeout(ClickKeyword.groovy)
	at jdk.internal.reflect.GeneratedMethodAccessor8.invoke(Unknown Source)
	at java.base/jdk.internal.reflect.DelegatingMethodAccessorImpl.invoke(DelegatingMethodAccessorImpl.java:43)
	at com.kms.katalon.core.webui.keyword.builtin.ClickKeyword$_click_closure1.doCall(ClickKeyword.groovy:67)
	at com.kms.katalon.core.webui.keyword.builtin.ClickKeyword$_click_closure1.call(ClickKeyword.groovy)
	at com.kms.katalon.core.webui.keyword.internal.WebUIKeywordMain.runKeyword(WebUIKeywordMain.groovy:35)
	... 20 more]]></system-err>
      </testcase>
      <testcase name="Test Cases/2.Positivos/2.1Paquete/Origen-Lima/2.Valorado/Entrega_Domicilio/DecJura-Paquete" time="36.369" classname="Test Cases/2.Positivos/2.1Paquete/Origen-Lima/2.Valorado/Entrega_Domicilio/DecJura-Paquete" status="FAILED">
         <failure type="FAILED" message="Test Cases/2.Positivos/2.1Paquete/Origen-Lima/2.Valorado/Entrega_Domicilio/DecJura-Paquete FAILED.&#xa;Reason:&#xa;com.kms.katalon.core.exception.StepFailedException: Verify element text of test object 'Object Repository/valorado/Page_Olva Courier  Confirma tus datos/div_He ledo la (1)' FAILED.&#xa;	at com.kms.katalon.core.webui.keyword.internal.WebUIKeywordMain.stepFailed(WebUIKeywordMain.groovy:117)&#xa;	at com.kms.katalon.core.webui.keyword.internal.WebUIKeywordMain.runKeyword(WebUIKeywordMain.groovy:43)&#xa;	at com.kms.katalon.core.webui.keyword.builtin.VerifyElementTextKeyword.verifyElementText(VerifyElementTextKeyword.groovy:72)&#xa;	at com.kms.katalon.core.webui.keyword.builtin.VerifyElementTextKeyword.execute(VerifyElementTextKeyword.groovy:40)&#xa;	at com.kms.katalon.core.keyword.internal.KeywordExecutor.executeKeywordForPlatform(KeywordExecutor.groovy:74)&#xa;	at com.kms.katalon.core.webui.keyword.WebUiBuiltInKeywords.verifyElementText(WebUiBuiltInKeywords.groovy:4835)&#xa;	at DecJura-Paquete.run(DecJura-Paquete:70)&#xa;	at com.kms.katalon.core.main.ScriptEngine.run(ScriptEngine.java:194)&#xa;	at com.kms.katalon.core.main.ScriptEngine.runScriptAsRawText(ScriptEngine.java:119)&#xa;	at com.kms.katalon.core.main.TestCaseExecutor.runScript(TestCaseExecutor.java:448)&#xa;	at com.kms.katalon.core.main.TestCaseExecutor.doExecute(TestCaseExecutor.java:439)&#xa;	at com.kms.katalon.core.main.TestCaseExecutor.processExecutionPhase(TestCaseExecutor.java:418)&#xa;	at com.kms.katalon.core.main.TestCaseExecutor.accessMainPhase(TestCaseExecutor.java:410)&#xa;	at com.kms.katalon.core.main.TestCaseExecutor.execute(TestCaseExecutor.java:285)&#xa;	at com.kms.katalon.core.common.CommonExecutor.accessTestCaseMainPhase(CommonExecutor.java:65)&#xa;	at com.kms.katalon.core.main.TestSuiteExecutor.accessTestSuiteMainPhase(TestSuiteExecutor.java:150)&#xa;	at com.kms.katalon.core.main.TestSuiteExecutor.execute(TestSuiteExecutor.java:106)&#xa;	at com.kms.katalon.core.main.TestCaseMain.startTestSuite(TestCaseMain.java:180)&#xa;	at TempTestSuite1732729948317.run(TempTestSuite1732729948317.groovy:35)&#xa;	at java.base/jdk.internal.reflect.NativeMethodAccessorImpl.invoke0(Native Method)&#xa;	at java.base/jdk.internal.reflect.NativeMethodAccessorImpl.invoke(NativeMethodAccessorImpl.java:77)&#xa;	at java.base/jdk.internal.reflect.DelegatingMethodAccessorImpl.invoke(DelegatingMethodAccessorImpl.java:43)&#xa;Caused by: com.kms.katalon.core.exception.StepFailedException: Actual text '' and expected text 'He leído la' of test object 'Object Repository/valorado/Page_Olva Courier  Confirma tus datos/div_He ledo la (1)' are NOT matched.&#xa;	at com.kms.katalon.core.webui.keyword.internal.WebUIKeywordMain.stepFailed(WebUIKeywordMain.groovy:117)&#xa;	at com.kms.katalon.core.webui.keyword.builtin.VerifyElementTextKeyword$_verifyElementText_closure1.doCall(VerifyElementTextKeyword.groovy:57)&#xa;	at com.kms.katalon.core.webui.keyword.builtin.VerifyElementTextKeyword$_verifyElementText_closure1.call(VerifyElementTextKeyword.groovy)&#xa;	at com.kms.katalon.core.webui.keyword.internal.WebUIKeywordMain.runKeyword(WebUIKeywordMain.groovy:35)&#xa;	... 20 more&#xa;"/>
         <system-out><![CDATA[27-11-2024T13:23:26 - [TEST_CASE][FAILED] - Test Cases/2.Positivos/2.1Paquete/Origen-Lima/2.Valorado/Entrega_Domicilio/DecJura-Paquete: Test Cases/2.Positivos/2.1Paquete/Origen-Lima/2.Valorado/Entrega_Domicilio/DecJura-Paquete FAILED.
Reason:
com.kms.katalon.core.exception.StepFailedException: Verify element text of test object 'Object Repository/valorado/Page_Olva Courier  Confirma tus datos/div_He ledo la (1)' FAILED.
	at com.kms.katalon.core.webui.keyword.internal.WebUIKeywordMain.stepFailed(WebUIKeywordMain.groovy:117)
	at com.kms.katalon.core.webui.keyword.internal.WebUIKeywordMain.runKeyword(WebUIKeywordMain.groovy:43)
	at com.kms.katalon.core.webui.keyword.builtin.VerifyElementTextKeyword.verifyElementText(VerifyElementTextKeyword.groovy:72)
	at com.kms.katalon.core.webui.keyword.builtin.VerifyElementTextKeyword.execute(VerifyElementTextKeyword.groovy:40)
	at com.kms.katalon.core.keyword.internal.KeywordExecutor.executeKeywordForPlatform(KeywordExecutor.groovy:74)
	at com.kms.katalon.core.webui.keyword.WebUiBuiltInKeywords.verifyElementText(WebUiBuiltInKeywords.groovy:4835)
	at DecJura-Paquete.run(DecJura-Paquete:70)
	at com.kms.katalon.core.main.ScriptEngine.run(ScriptEngine.java:194)
	at com.kms.katalon.core.main.ScriptEngine.runScriptAsRawText(ScriptEngine.java:119)
	at com.kms.katalon.core.main.TestCaseExecutor.runScript(TestCaseExecutor.java:448)
	at com.kms.katalon.core.main.TestCaseExecutor.doExecute(TestCaseExecutor.java:439)
	at com.kms.katalon.core.main.TestCaseExecutor.processExecutionPhase(TestCaseExecutor.java:418)
	at com.kms.katalon.core.main.TestCaseExecutor.accessMainPhase(TestCaseExecutor.java:410)
	at com.kms.katalon.core.main.TestCaseExecutor.execute(TestCaseExecutor.java:285)
	at com.kms.katalon.core.common.CommonExecutor.accessTestCaseMainPhase(CommonExecutor.java:65)
	at com.kms.katalon.core.main.TestSuiteExecutor.accessTestSuiteMainPhase(TestSuiteExecutor.java:150)
	at com.kms.katalon.core.main.TestSuiteExecutor.execute(TestSuiteExecutor.java:106)
	at com.kms.katalon.core.main.TestCaseMain.startTestSuite(TestCaseMain.java:180)
	at TempTestSuite1732729948317.run(TempTestSuite1732729948317.groovy:35)
	at java.base/jdk.internal.reflect.NativeMethodAccessorImpl.invoke0(Native Method)
	at java.base/jdk.internal.reflect.NativeMethodAccessorImpl.invoke(NativeMethodAccessorImpl.java:77)
	at java.base/jdk.internal.reflect.DelegatingMethodAccessorImpl.invoke(DelegatingMethodAccessorImpl.java:43)
Caused by: com.kms.katalon.core.exception.StepFailedException: Actual text '' and expected text 'He leído la' of test object 'Object Repository/valorado/Page_Olva Courier  Confirma tus datos/div_He ledo la (1)' are NOT matched.
	at com.kms.katalon.core.webui.keyword.internal.WebUIKeywordMain.stepFailed(WebUIKeywordMain.groovy:117)
	at com.kms.katalon.core.webui.keyword.builtin.VerifyElementTextKeyword$_verifyElementText_closure1.doCall(VerifyElementTextKeyword.groovy:57)
	at com.kms.katalon.core.webui.keyword.builtin.VerifyElementTextKeyword$_verifyElementText_closure1.call(VerifyElementTextKeyword.groovy)
	at com.kms.katalon.core.webui.keyword.internal.WebUIKeywordMain.runKeyword(WebUIKeywordMain.groovy:35)
	... 20 more


27-11-2024T13:23:26 - [TEST_STEP][PASSED] - callTestCase(findTestCase("1.Inicio/1.1Principal/Principal-home"), [:], STOP_ON_FAILURE): Call Test Case 'Test Cases/1.Inicio/1.1Principal/Principal-home' successfully

27-11-2024T13:23:26 - [TEST_CASE][PASSED] - Test Cases/1.Inicio/1.1Principal/Principal-home: Test Cases/1.Inicio/1.1Principal/Principal-home

27-11-2024T13:23:26 - [TEST_STEP][PASSED] - openBrowser(""): Browser is opened with url: ''

27-11-2024T13:23:26 - [MESSAGE][WARNING] - A browser is already opened. Closing browser and opening a new one

27-11-2024T13:23:28 - [MESSAGE][INFO] - Starting 'Firefox' driver

27-11-2024T13:23:28 - [MESSAGE][INFO] - Action delay is set to 0 milliseconds

27-11-2024T13:23:34 - [MESSAGE][PASSED] - Browser is opened with url: ''

27-11-2024T13:23:34 - [TEST_STEP][PASSED] - navigateToUrl("https://dev01-registrodeenvios.olvacourier.com/principal"): Navigate to 'https://dev01-registrodeenvios.olvacourier.com/principal' successfully

27-11-2024T13:23:35 - [MESSAGE][PASSED] - Navigate to 'https://dev01-registrodeenvios.olvacourier.com/principal' successfully

27-11-2024T13:23:35 - [TEST_STEP][PASSED] - maximizeWindow(): Current window maximized

27-11-2024T13:23:35 - [MESSAGE][PASSED] - Current window maximized

27-11-2024T13:23:35 - [MESSAGE][PASSED] - Call Test Case 'Test Cases/1.Inicio/1.1Principal/Principal-home' successfully

27-11-2024T13:23:35 - [TEST_STEP][PASSED] - callTestCase(findTestCase("1.Inicio/1.1Principal/Selec_paquete"), [:], STOP_ON_FAILURE): Call Test Case 'Test Cases/1.Inicio/1.1Principal/Selec_paquete' successfully

27-11-2024T13:23:35 - [TEST_CASE][PASSED] - Test Cases/1.Inicio/1.1Principal/Selec_paquete: Test Cases/1.Inicio/1.1Principal/Selec_paquete

27-11-2024T13:23:35 - [TEST_STEP][PASSED] - click(findTestObject("Object Repository/Principal/Page_Olva Courier  Home/img_Qu deseas realizar hoy_img_paquete")): Object: 'Object Repository/Principal/Page_Olva Courier  Home/img_Qu deseas realizar hoy_img_paquete' is clicked on

27-11-2024T13:23:36 - [MESSAGE][PASSED] - Object: 'Object Repository/Principal/Page_Olva Courier  Home/img_Qu deseas realizar hoy_img_paquete' is clicked on

27-11-2024T13:23:36 - [TEST_STEP][PASSED] - click(findTestObject("Object Repository/Principal/Page_Olva Courier  Home/span_He ledo y acepto los_checkmark (1)")): Object: 'Object Repository/Principal/Page_Olva Courier  Home/span_He ledo y acepto los_checkmark (1)' is clicked on

27-11-2024T13:23:36 - [MESSAGE][PASSED] - Object: 'Object Repository/Principal/Page_Olva Courier  Home/span_He ledo y acepto los_checkmark (1)' is clicked on

27-11-2024T13:23:36 - [TEST_STEP][PASSED] - click(findTestObject("Object Repository/Principal/Page_Olva Courier  Home/button_CONTINUAR (1)")): Object: 'Object Repository/Principal/Page_Olva Courier  Home/button_CONTINUAR (1)' is clicked on

27-11-2024T13:23:38 - [MESSAGE][PASSED] - Object: 'Object Repository/Principal/Page_Olva Courier  Home/button_CONTINUAR (1)' is clicked on

27-11-2024T13:23:38 - [TEST_STEP][PASSED] - verifyElementPresent(findTestObject("Object Repository/Principal/Page_Olva Courier  Datos Personales/strong_REGISTRO DE ENVOS"), 0): Object 'Object Repository/Principal/Page_Olva Courier  Datos Personales/strong_REGISTRO DE ENVOS' is present

27-11-2024T13:23:38 - [MESSAGE][WARNING] - Timeout '0' is invalid. Using default page load timeout: '30'

27-11-2024T13:23:38 - [MESSAGE][PASSED] - Object 'Object Repository/Principal/Page_Olva Courier  Datos Personales/strong_REGISTRO DE ENVOS' is present

27-11-2024T13:23:38 - [TEST_STEP][PASSED] - verifyElementPresent(findTestObject("Object Repository/Principal/Page_Olva Courier  Datos Personales/span_Regresar (1)"), 0): Object 'Object Repository/Principal/Page_Olva Courier  Datos Personales/span_Regresar (1)' is present

27-11-2024T13:23:38 - [MESSAGE][WARNING] - Timeout '0' is invalid. Using default page load timeout: '30'

27-11-2024T13:23:38 - [MESSAGE][PASSED] - Object 'Object Repository/Principal/Page_Olva Courier  Datos Personales/span_Regresar (1)' is present

27-11-2024T13:23:38 - [TEST_STEP][PASSED] - verifyElementPresent(findTestObject("Object Repository/Principal/Page_Olva Courier  Datos Personales/span_Inicio (1)"), 0): Object 'Object Repository/Principal/Page_Olva Courier  Datos Personales/span_Inicio (1)' is present

27-11-2024T13:23:38 - [MESSAGE][WARNING] - Timeout '0' is invalid. Using default page load timeout: '30'

27-11-2024T13:23:39 - [MESSAGE][PASSED] - Object 'Object Repository/Principal/Page_Olva Courier  Datos Personales/span_Inicio (1)' is present

27-11-2024T13:23:39 - [MESSAGE][PASSED] - Call Test Case 'Test Cases/1.Inicio/1.1Principal/Selec_paquete' successfully

27-11-2024T13:23:39 - [TEST_STEP][PASSED] - callTestCase(findTestCase("1.Inicio/1.2Tipo_Doc/4.CE_Colab"), [:], STOP_ON_FAILURE): Call Test Case 'Test Cases/1.Inicio/1.2Tipo_Doc/4.CE_Colab' successfully

27-11-2024T13:23:39 - [TEST_CASE][PASSED] - Test Cases/1.Inicio/1.2Tipo_Doc/4.CE_Colab: Test Cases/1.Inicio/1.2Tipo_Doc/4.CE_Colab

27-11-2024T13:23:39 - [TEST_STEP][PASSED] - click(findTestObject("Object Repository/Login/Page_Olva Courier  Datos Personales/button_Tipo De Documento")): Object: 'Object Repository/Login/Page_Olva Courier  Datos Personales/button_Tipo De Documento' is clicked on

27-11-2024T13:23:39 - [MESSAGE][PASSED] - Object: 'Object Repository/Login/Page_Olva Courier  Datos Personales/button_Tipo De Documento' is clicked on

27-11-2024T13:23:39 - [TEST_STEP][PASSED] - click(findTestObject("Object Repository/Login/Page_Olva Courier  Datos Personales/span_CARN EXT. (Boleta)")): Object: 'Object Repository/Login/Page_Olva Courier  Datos Personales/span_CARN EXT. (Boleta)' is clicked on

27-11-2024T13:23:40 - [MESSAGE][PASSED] - Object: 'Object Repository/Login/Page_Olva Courier  Datos Personales/span_CARN EXT. (Boleta)' is clicked on

27-11-2024T13:23:40 - [TEST_STEP][PASSED] - setText(findTestObject("Object Repository/Login/Page_Olva Courier  Datos Personales/input_CARN EXT. (Boleta)_txt_documento_cliente"), "003680378"): Text '003680378' is set on object 'Object Repository/Login/Page_Olva Courier  Datos Personales/input_CARN EXT. (Boleta)_txt_documento_cliente'

27-11-2024T13:23:40 - [MESSAGE][PASSED] - Text '003680378' is set on object 'Object Repository/Login/Page_Olva Courier  Datos Personales/input_CARN EXT. (Boleta)_txt_documento_cliente'

27-11-2024T13:23:40 - [TEST_STEP][PASSED] - verifyElementPresent(findTestObject("Object Repository/Login/Page_Olva Courier  Datos Personales/p_PROMO COLABORADOR"), 0): Object 'Object Repository/Login/Page_Olva Courier  Datos Personales/p_PROMO COLABORADOR' is present

27-11-2024T13:23:40 - [MESSAGE][WARNING] - Timeout '0' is invalid. Using default page load timeout: '30'

27-11-2024T13:23:48 - [MESSAGE][PASSED] - Object 'Object Repository/Login/Page_Olva Courier  Datos Personales/p_PROMO COLABORADOR' is present

27-11-2024T13:23:48 - [TEST_STEP][PASSED] - click(findTestObject("Object Repository/Login/Page_Olva Courier  Datos Personales/span_")): Object: 'Object Repository/Login/Page_Olva Courier  Datos Personales/span_' is clicked on

27-11-2024T13:23:48 - [MESSAGE][PASSED] - Object: 'Object Repository/Login/Page_Olva Courier  Datos Personales/span_' is clicked on

27-11-2024T13:23:48 - [MESSAGE][PASSED] - Call Test Case 'Test Cases/1.Inicio/1.2Tipo_Doc/4.CE_Colab' successfully

27-11-2024T13:23:48 - [TEST_STEP][PASSED] - click(findTestObject("Object Repository/valorado/Page_Olva Courier  Datos Personales/button_Seleccionar artculo (2)")): Object: 'Object Repository/valorado/Page_Olva Courier  Datos Personales/button_Seleccionar artculo (2)' is clicked on

27-11-2024T13:23:49 - [MESSAGE][PASSED] - Object: 'Object Repository/valorado/Page_Olva Courier  Datos Personales/button_Seleccionar artculo (2)' is clicked on

27-11-2024T13:23:49 - [TEST_STEP][PASSED] - click(findTestObject("Object Repository/valorado/Page_Olva Courier  Datos Personales/span_ACCESORIOS PARA FIESTAS")): Object: 'Object Repository/valorado/Page_Olva Courier  Datos Personales/span_ACCESORIOS PARA FIESTAS' is clicked on

27-11-2024T13:23:50 - [MESSAGE][PASSED] - Object: 'Object Repository/valorado/Page_Olva Courier  Datos Personales/span_ACCESORIOS PARA FIESTAS' is clicked on

27-11-2024T13:23:50 - [TEST_STEP][PASSED] - setText(findTestObject("Object Repository/valorado/Page_Olva Courier  Datos Personales/input_UTILES DE OFICINA_txt_paquete_articulo (2)"), "FGg"): Text 'FGg' is set on object 'Object Repository/valorado/Page_Olva Courier  Datos Personales/input_UTILES DE OFICINA_txt_paquete_articulo (2)'

27-11-2024T13:23:50 - [MESSAGE][PASSED] - Text 'FGg' is set on object 'Object Repository/valorado/Page_Olva Courier  Datos Personales/input_UTILES DE OFICINA_txt_paquete_articulo (2)'

27-11-2024T13:23:50 - [TEST_STEP][PASSED] - setText(findTestObject("Object Repository/valorado/Page_Olva Courier  Datos Personales/input_UTILES DE OFICINA_txt_paquete_valor (2)"), "100"): Text '100' is set on object 'Object Repository/valorado/Page_Olva Courier  Datos Personales/input_UTILES DE OFICINA_txt_paquete_valor (2)'

27-11-2024T13:23:51 - [MESSAGE][PASSED] - Text '100' is set on object 'Object Repository/valorado/Page_Olva Courier  Datos Personales/input_UTILES DE OFICINA_txt_paquete_valor (2)'

27-11-2024T13:23:51 - [TEST_STEP][PASSED] - click(findTestObject("Object Repository/valorado/Page_Olva Courier  Datos Personales/div_Hasta 2Kg (1)")): Object: 'Object Repository/valorado/Page_Olva Courier  Datos Personales/div_Hasta 2Kg (1)' is clicked on

27-11-2024T13:23:51 - [MESSAGE][PASSED] - Object: 'Object Repository/valorado/Page_Olva Courier  Datos Personales/div_Hasta 2Kg (1)' is clicked on

27-11-2024T13:23:51 - [TEST_STEP][PASSED] - scrollToElement(findTestObject("Object Repository/valorado/Page_Olva Courier  Datos Personales/button_Ingrese el punto de llegada (2)"), 0): Scroll to object 'Object Repository/valorado/Page_Olva Courier  Datos Personales/button_Ingrese el punto de llegada (2)' successfully

27-11-2024T13:23:51 - [MESSAGE][WARNING] - Timeout '0' is invalid. Using default page load timeout: '30'

27-11-2024T13:23:52 - [MESSAGE][PASSED] - Scroll to object 'Object Repository/valorado/Page_Olva Courier  Datos Personales/button_Ingrese el punto de llegada (2)' successfully

27-11-2024T13:23:52 - [TEST_STEP][PASSED] - click(findTestObject("Object Repository/valorado/Page_Olva Courier  Datos Personales/button_Ingrese el punto de llegada (2)")): Object: 'Object Repository/valorado/Page_Olva Courier  Datos Personales/button_Ingrese el punto de llegada (2)' is clicked on

27-11-2024T13:23:53 - [MESSAGE][PASSED] - Object: 'Object Repository/valorado/Page_Olva Courier  Datos Personales/button_Ingrese el punto de llegada (2)' is clicked on

27-11-2024T13:23:53 - [TEST_STEP][PASSED] - click(findTestObject("Object Repository/valorado/Page_Olva Courier  Datos Personales/a_AMAZONAS - BAGUA - BAGUA")): Object: 'Object Repository/valorado/Page_Olva Courier  Datos Personales/a_AMAZONAS - BAGUA - BAGUA' is clicked on

27-11-2024T13:23:53 - [MESSAGE][PASSED] - Object: 'Object Repository/valorado/Page_Olva Courier  Datos Personales/a_AMAZONAS - BAGUA - BAGUA' is clicked on

27-11-2024T13:23:53 - [TEST_STEP][PASSED] - click(findTestObject("Object Repository/valorado/Page_Olva Courier  Datos Personales/button_Tipo de entrega (2)")): Object: 'Object Repository/valorado/Page_Olva Courier  Datos Personales/button_Tipo de entrega (2)' is clicked on

27-11-2024T13:23:53 - [MESSAGE][PASSED] - Object: 'Object Repository/valorado/Page_Olva Courier  Datos Personales/button_Tipo de entrega (2)' is clicked on

27-11-2024T13:23:53 - [TEST_STEP][PASSED] - click(findTestObject("Object Repository/valorado/Page_Olva Courier  Datos Personales/a_Recojo en tienda (2)")): Object: 'Object Repository/valorado/Page_Olva Courier  Datos Personales/a_Recojo en tienda (2)' is clicked on

27-11-2024T13:23:54 - [MESSAGE][PASSED] - Object: 'Object Repository/valorado/Page_Olva Courier  Datos Personales/a_Recojo en tienda (2)' is clicked on

27-11-2024T13:23:54 - [TEST_STEP][PASSED] - click(findTestObject("Object Repository/valorado/Page_Olva Courier  Datos Personales/button_Tienda (1)")): Object: 'Object Repository/valorado/Page_Olva Courier  Datos Personales/button_Tienda (1)' is clicked on

27-11-2024T13:23:56 - [MESSAGE][PASSED] - Object: 'Object Repository/valorado/Page_Olva Courier  Datos Personales/button_Tienda (1)' is clicked on

27-11-2024T13:23:56 - [TEST_STEP][PASSED] - click(findTestObject("Object Repository/valorado/Page_Olva Courier  Datos Personales/span_BAGUA CHICA - BAGUA - PJ ALFONSO UGART_d3a165")): Object: 'Object Repository/valorado/Page_Olva Courier  Datos Personales/span_BAGUA CHICA - BAGUA - PJ ALFONSO UGART_d3a165' is clicked on

27-11-2024T13:23:56 - [MESSAGE][PASSED] - Object: 'Object Repository/valorado/Page_Olva Courier  Datos Personales/span_BAGUA CHICA - BAGUA - PJ ALFONSO UGART_d3a165' is clicked on

27-11-2024T13:23:56 - [TEST_STEP][PASSED] - scrollToElement(findTestObject("Object Repository/valorado/Page_Olva Courier  Datos Personales/button_Tipo De Documento_1 (2)"), 0): Scroll to object 'Object Repository/valorado/Page_Olva Courier  Datos Personales/button_Tipo De Documento_1 (2)' successfully

27-11-2024T13:23:56 - [MESSAGE][WARNING] - Timeout '0' is invalid. Using default page load timeout: '30'

27-11-2024T13:23:56 - [MESSAGE][PASSED] - Scroll to object 'Object Repository/valorado/Page_Olva Courier  Datos Personales/button_Tipo De Documento_1 (2)' successfully

27-11-2024T13:23:56 - [TEST_STEP][PASSED] - click(findTestObject("Object Repository/valorado/Page_Olva Courier  Datos Personales/button_Tipo De Documento_1 (2)")): Object: 'Object Repository/valorado/Page_Olva Courier  Datos Personales/button_Tipo De Documento_1 (2)' is clicked on

27-11-2024T13:23:57 - [MESSAGE][PASSED] - Object: 'Object Repository/valorado/Page_Olva Courier  Datos Personales/button_Tipo De Documento_1 (2)' is clicked on

27-11-2024T13:23:57 - [TEST_STEP][PASSED] - click(findTestObject("Object Repository/valorado/Page_Olva Courier  Datos Personales/a_CARN EXT")): Object: 'Object Repository/valorado/Page_Olva Courier  Datos Personales/a_CARN EXT' is clicked on

27-11-2024T13:23:57 - [MESSAGE][PASSED] - Object: 'Object Repository/valorado/Page_Olva Courier  Datos Personales/a_CARN EXT' is clicked on

27-11-2024T13:23:57 - [TEST_STEP][PASSED] - setText(findTestObject("Object Repository/valorado/Page_Olva Courier  Datos Personales/input_CARN EXT_txt_consignado_dni (2)"), "002691903"): Text '002691903' is set on object 'Object Repository/valorado/Page_Olva Courier  Datos Personales/input_CARN EXT_txt_consignado_dni (2)'

27-11-2024T13:23:58 - [MESSAGE][PASSED] - Text '002691903' is set on object 'Object Repository/valorado/Page_Olva Courier  Datos Personales/input_CARN EXT_txt_consignado_dni (2)'

27-11-2024T13:23:58 - [TEST_STEP][PASSED] - scrollToElement(findTestObject("Object Repository/valorado/Page_Olva Courier  Datos Personales/button_CONTINUAR (2)"), 0): Scroll to object 'Object Repository/valorado/Page_Olva Courier  Datos Personales/button_CONTINUAR (2)' successfully

27-11-2024T13:23:58 - [MESSAGE][WARNING] - Timeout '0' is invalid. Using default page load timeout: '30'

27-11-2024T13:23:59 - [MESSAGE][PASSED] - Scroll to object 'Object Repository/valorado/Page_Olva Courier  Datos Personales/button_CONTINUAR (2)' successfully

27-11-2024T13:23:59 - [TEST_STEP][PASSED] - click(findTestObject("Object Repository/valorado/Page_Olva Courier  Datos Personales/button_CONTINUAR (2)")): Object: 'Object Repository/valorado/Page_Olva Courier  Datos Personales/button_CONTINUAR (2)' is clicked on

27-11-2024T13:23:59 - [MESSAGE][PASSED] - Object: 'Object Repository/valorado/Page_Olva Courier  Datos Personales/button_CONTINUAR (2)' is clicked on

27-11-2024T13:23:59 - [TEST_STEP][PASSED] - click(findTestObject("Object Repository/valorado/Page_Olva Courier  Confirma tus datos/button_IR A PAGAR S 25.68")): Object: 'Object Repository/valorado/Page_Olva Courier  Confirma tus datos/button_IR A PAGAR S 25.68' is clicked on

27-11-2024T13:24:02 - [MESSAGE][PASSED] - Object: 'Object Repository/valorado/Page_Olva Courier  Confirma tus datos/button_IR A PAGAR S 25.68' is clicked on

27-11-2024T13:24:02 - [TEST_STEP][FAILED] - verifyElementText(findTestObject("Object Repository/valorado/Page_Olva Courier  Confirma tus datos/div_He ledo la (1)"), "He leído la"): Verify element text of test object 'Object Repository/valorado/Page_Olva Courier  Confirma tus datos/div_He ledo la (1)' FAILED. (Root cause: com.kms.katalon.core.exception.StepFailedException: Verify element text of test object 'Object Repository/valorado/Page_Olva Courier  Confirma tus datos/div_He ledo la (1)' FAILED.
	at com.kms.katalon.core.webui.keyword.internal.WebUIKeywordMain.stepFailed(WebUIKeywordMain.groovy:117)
	at com.kms.katalon.core.webui.keyword.internal.WebUIKeywordMain.runKeyword(WebUIKeywordMain.groovy:43)
	at com.kms.katalon.core.webui.keyword.builtin.VerifyElementTextKeyword.verifyElementText(VerifyElementTextKeyword.groovy:72)
	at com.kms.katalon.core.webui.keyword.builtin.VerifyElementTextKeyword.execute(VerifyElementTextKeyword.groovy:40)
	at com.kms.katalon.core.keyword.internal.KeywordExecutor.executeKeywordForPlatform(KeywordExecutor.groovy:74)
	at com.kms.katalon.core.webui.keyword.WebUiBuiltInKeywords.verifyElementText(WebUiBuiltInKeywords.groovy:4835)
	at DecJura-Paquete.run(DecJura-Paquete:70)
	at com.kms.katalon.core.main.ScriptEngine.run(ScriptEngine.java:194)
	at com.kms.katalon.core.main.ScriptEngine.runScriptAsRawText(ScriptEngine.java:119)
	at com.kms.katalon.core.main.TestCaseExecutor.runScript(TestCaseExecutor.java:448)
	at com.kms.katalon.core.main.TestCaseExecutor.doExecute(TestCaseExecutor.java:439)
	at com.kms.katalon.core.main.TestCaseExecutor.processExecutionPhase(TestCaseExecutor.java:418)
	at com.kms.katalon.core.main.TestCaseExecutor.accessMainPhase(TestCaseExecutor.java:410)
	at com.kms.katalon.core.main.TestCaseExecutor.execute(TestCaseExecutor.java:285)
	at com.kms.katalon.core.common.CommonExecutor.accessTestCaseMainPhase(CommonExecutor.java:65)
	at com.kms.katalon.core.main.TestSuiteExecutor.accessTestSuiteMainPhase(TestSuiteExecutor.java:150)
	at com.kms.katalon.core.main.TestSuiteExecutor.execute(TestSuiteExecutor.java:106)
	at com.kms.katalon.core.main.TestCaseMain.startTestSuite(TestCaseMain.java:180)
	at TempTestSuite1732729948317.run(TempTestSuite1732729948317.groovy:35)
	at java.base/jdk.internal.reflect.NativeMethodAccessorImpl.invoke0(Native Method)
	at java.base/jdk.internal.reflect.NativeMethodAccessorImpl.invoke(NativeMethodAccessorImpl.java:77)
	at java.base/jdk.internal.reflect.DelegatingMethodAccessorImpl.invoke(DelegatingMethodAccessorImpl.java:43)
Caused by: com.kms.katalon.core.exception.StepFailedException: Actual text '' and expected text 'He leído la' of test object 'Object Repository/valorado/Page_Olva Courier  Confirma tus datos/div_He ledo la (1)' are NOT matched.
	at com.kms.katalon.core.webui.keyword.internal.WebUIKeywordMain.stepFailed(WebUIKeywordMain.groovy:117)
	at com.kms.katalon.core.webui.keyword.builtin.VerifyElementTextKeyword$_verifyElementText_closure1.doCall(VerifyElementTextKeyword.groovy:57)
	at com.kms.katalon.core.webui.keyword.builtin.VerifyElementTextKeyword$_verifyElementText_closure1.call(VerifyElementTextKeyword.groovy)
	at com.kms.katalon.core.webui.keyword.internal.WebUIKeywordMain.runKeyword(WebUIKeywordMain.groovy:35)
	... 20 more
)

27-11-2024T13:24:03 - [MESSAGE][FAILED] - Actual text '' and expected text 'He leído la' of test object 'Object Repository/valorado/Page_Olva Courier  Confirma tus datos/div_He ledo la (1)' are NOT matched. (Root cause: com.kms.katalon.core.exception.StepFailedException: Actual text '' and expected text 'He leído la' of test object 'Object Repository/valorado/Page_Olva Courier  Confirma tus datos/div_He ledo la (1)' are NOT matched.
	at com.kms.katalon.core.webui.keyword.internal.WebUIKeywordMain.stepFailed(WebUIKeywordMain.groovy:117)
	at com.kms.katalon.core.webui.keyword.builtin.VerifyElementTextKeyword$_verifyElementText_closure1.doCall(VerifyElementTextKeyword.groovy:57)
	at com.kms.katalon.core.webui.keyword.builtin.VerifyElementTextKeyword$_verifyElementText_closure1.call(VerifyElementTextKeyword.groovy)
	at com.kms.katalon.core.webui.keyword.internal.WebUIKeywordMain.runKeyword(WebUIKeywordMain.groovy:35)
	at com.kms.katalon.core.webui.keyword.builtin.VerifyElementTextKeyword.verifyElementText(VerifyElementTextKeyword.groovy:72)
	at com.kms.katalon.core.webui.keyword.builtin.VerifyElementTextKeyword.execute(VerifyElementTextKeyword.groovy:40)
	at com.kms.katalon.core.keyword.internal.KeywordExecutor.executeKeywordForPlatform(KeywordExecutor.groovy:74)
	at com.kms.katalon.core.webui.keyword.WebUiBuiltInKeywords.verifyElementText(WebUiBuiltInKeywords.groovy:4835)
	at DecJura-Paquete.run(DecJura-Paquete:70)
	at com.kms.katalon.core.main.ScriptEngine.run(ScriptEngine.java:194)
	at com.kms.katalon.core.main.ScriptEngine.runScriptAsRawText(ScriptEngine.java:119)
	at com.kms.katalon.core.main.TestCaseExecutor.runScript(TestCaseExecutor.java:448)
	at com.kms.katalon.core.main.TestCaseExecutor.doExecute(TestCaseExecutor.java:439)
	at com.kms.katalon.core.main.TestCaseExecutor.processExecutionPhase(TestCaseExecutor.java:418)
	at com.kms.katalon.core.main.TestCaseExecutor.accessMainPhase(TestCaseExecutor.java:410)
	at com.kms.katalon.core.main.TestCaseExecutor.execute(TestCaseExecutor.java:285)
	at com.kms.katalon.core.common.CommonExecutor.accessTestCaseMainPhase(CommonExecutor.java:65)
	at com.kms.katalon.core.main.TestSuiteExecutor.accessTestSuiteMainPhase(TestSuiteExecutor.java:150)
	at com.kms.katalon.core.main.TestSuiteExecutor.execute(TestSuiteExecutor.java:106)
	at com.kms.katalon.core.main.TestCaseMain.startTestSuite(TestCaseMain.java:180)
	at TempTestSuite1732729948317.run(TempTestSuite1732729948317.groovy:35)
	at java.base/jdk.internal.reflect.NativeMethodAccessorImpl.invoke0(Native Method)
	at java.base/jdk.internal.reflect.NativeMethodAccessorImpl.invoke(NativeMethodAccessorImpl.java:77)
	at java.base/jdk.internal.reflect.DelegatingMethodAccessorImpl.invoke(DelegatingMethodAccessorImpl.java:43)
)

27-11-2024T13:24:03 - [MESSAGE][FAILED] - Verify element text of test object 'Object Repository/valorado/Page_Olva Courier  Confirma tus datos/div_He ledo la (1)' FAILED. (Root cause: com.kms.katalon.core.exception.StepFailedException: Verify element text of test object 'Object Repository/valorado/Page_Olva Courier  Confirma tus datos/div_He ledo la (1)' FAILED.
	at com.kms.katalon.core.webui.keyword.internal.WebUIKeywordMain.stepFailed(WebUIKeywordMain.groovy:117)
	at com.kms.katalon.core.webui.keyword.internal.WebUIKeywordMain.runKeyword(WebUIKeywordMain.groovy:43)
	at com.kms.katalon.core.webui.keyword.builtin.VerifyElementTextKeyword.verifyElementText(VerifyElementTextKeyword.groovy:72)
	at com.kms.katalon.core.webui.keyword.builtin.VerifyElementTextKeyword.execute(VerifyElementTextKeyword.groovy:40)
	at com.kms.katalon.core.keyword.internal.KeywordExecutor.executeKeywordForPlatform(KeywordExecutor.groovy:74)
	at com.kms.katalon.core.webui.keyword.WebUiBuiltInKeywords.verifyElementText(WebUiBuiltInKeywords.groovy:4835)
	at DecJura-Paquete.run(DecJura-Paquete:70)
	at com.kms.katalon.core.main.ScriptEngine.run(ScriptEngine.java:194)
	at com.kms.katalon.core.main.ScriptEngine.runScriptAsRawText(ScriptEngine.java:119)
	at com.kms.katalon.core.main.TestCaseExecutor.runScript(TestCaseExecutor.java:448)
	at com.kms.katalon.core.main.TestCaseExecutor.doExecute(TestCaseExecutor.java:439)
	at com.kms.katalon.core.main.TestCaseExecutor.processExecutionPhase(TestCaseExecutor.java:418)
	at com.kms.katalon.core.main.TestCaseExecutor.accessMainPhase(TestCaseExecutor.java:410)
	at com.kms.katalon.core.main.TestCaseExecutor.execute(TestCaseExecutor.java:285)
	at com.kms.katalon.core.common.CommonExecutor.accessTestCaseMainPhase(CommonExecutor.java:65)
	at com.kms.katalon.core.main.TestSuiteExecutor.accessTestSuiteMainPhase(TestSuiteExecutor.java:150)
	at com.kms.katalon.core.main.TestSuiteExecutor.execute(TestSuiteExecutor.java:106)
	at com.kms.katalon.core.main.TestCaseMain.startTestSuite(TestCaseMain.java:180)
	at TempTestSuite1732729948317.run(TempTestSuite1732729948317.groovy:35)
	at java.base/jdk.internal.reflect.NativeMethodAccessorImpl.invoke0(Native Method)
	at java.base/jdk.internal.reflect.NativeMethodAccessorImpl.invoke(NativeMethodAccessorImpl.java:77)
	at java.base/jdk.internal.reflect.DelegatingMethodAccessorImpl.invoke(DelegatingMethodAccessorImpl.java:43)
Caused by: com.kms.katalon.core.exception.StepFailedException: Actual text '' and expected text 'He leído la' of test object 'Object Repository/valorado/Page_Olva Courier  Confirma tus datos/div_He ledo la (1)' are NOT matched.
	at com.kms.katalon.core.webui.keyword.internal.WebUIKeywordMain.stepFailed(WebUIKeywordMain.groovy:117)
	at com.kms.katalon.core.webui.keyword.builtin.VerifyElementTextKeyword$_verifyElementText_closure1.doCall(VerifyElementTextKeyword.groovy:57)
	at com.kms.katalon.core.webui.keyword.builtin.VerifyElementTextKeyword$_verifyElementText_closure1.call(VerifyElementTextKeyword.groovy)
	at com.kms.katalon.core.webui.keyword.internal.WebUIKeywordMain.runKeyword(WebUIKeywordMain.groovy:35)
	... 20 more
)]]></system-out>
         <system-err><![CDATA[27-11-2024T13:23:26 - [TEST_CASE][FAILED] - Test Cases/2.Positivos/2.1Paquete/Origen-Lima/2.Valorado/Entrega_Domicilio/DecJura-Paquete: Test Cases/2.Positivos/2.1Paquete/Origen-Lima/2.Valorado/Entrega_Domicilio/DecJura-Paquete FAILED.
Reason:
com.kms.katalon.core.exception.StepFailedException: Verify element text of test object 'Object Repository/valorado/Page_Olva Courier  Confirma tus datos/div_He ledo la (1)' FAILED.
	at com.kms.katalon.core.webui.keyword.internal.WebUIKeywordMain.stepFailed(WebUIKeywordMain.groovy:117)
	at com.kms.katalon.core.webui.keyword.internal.WebUIKeywordMain.runKeyword(WebUIKeywordMain.groovy:43)
	at com.kms.katalon.core.webui.keyword.builtin.VerifyElementTextKeyword.verifyElementText(VerifyElementTextKeyword.groovy:72)
	at com.kms.katalon.core.webui.keyword.builtin.VerifyElementTextKeyword.execute(VerifyElementTextKeyword.groovy:40)
	at com.kms.katalon.core.keyword.internal.KeywordExecutor.executeKeywordForPlatform(KeywordExecutor.groovy:74)
	at com.kms.katalon.core.webui.keyword.WebUiBuiltInKeywords.verifyElementText(WebUiBuiltInKeywords.groovy:4835)
	at DecJura-Paquete.run(DecJura-Paquete:70)
	at com.kms.katalon.core.main.ScriptEngine.run(ScriptEngine.java:194)
	at com.kms.katalon.core.main.ScriptEngine.runScriptAsRawText(ScriptEngine.java:119)
	at com.kms.katalon.core.main.TestCaseExecutor.runScript(TestCaseExecutor.java:448)
	at com.kms.katalon.core.main.TestCaseExecutor.doExecute(TestCaseExecutor.java:439)
	at com.kms.katalon.core.main.TestCaseExecutor.processExecutionPhase(TestCaseExecutor.java:418)
	at com.kms.katalon.core.main.TestCaseExecutor.accessMainPhase(TestCaseExecutor.java:410)
	at com.kms.katalon.core.main.TestCaseExecutor.execute(TestCaseExecutor.java:285)
	at com.kms.katalon.core.common.CommonExecutor.accessTestCaseMainPhase(CommonExecutor.java:65)
	at com.kms.katalon.core.main.TestSuiteExecutor.accessTestSuiteMainPhase(TestSuiteExecutor.java:150)
	at com.kms.katalon.core.main.TestSuiteExecutor.execute(TestSuiteExecutor.java:106)
	at com.kms.katalon.core.main.TestCaseMain.startTestSuite(TestCaseMain.java:180)
	at TempTestSuite1732729948317.run(TempTestSuite1732729948317.groovy:35)
	at java.base/jdk.internal.reflect.NativeMethodAccessorImpl.invoke0(Native Method)
	at java.base/jdk.internal.reflect.NativeMethodAccessorImpl.invoke(NativeMethodAccessorImpl.java:77)
	at java.base/jdk.internal.reflect.DelegatingMethodAccessorImpl.invoke(DelegatingMethodAccessorImpl.java:43)
Caused by: com.kms.katalon.core.exception.StepFailedException: Actual text '' and expected text 'He leído la' of test object 'Object Repository/valorado/Page_Olva Courier  Confirma tus datos/div_He ledo la (1)' are NOT matched.
	at com.kms.katalon.core.webui.keyword.internal.WebUIKeywordMain.stepFailed(WebUIKeywordMain.groovy:117)
	at com.kms.katalon.core.webui.keyword.builtin.VerifyElementTextKeyword$_verifyElementText_closure1.doCall(VerifyElementTextKeyword.groovy:57)
	at com.kms.katalon.core.webui.keyword.builtin.VerifyElementTextKeyword$_verifyElementText_closure1.call(VerifyElementTextKeyword.groovy)
	at com.kms.katalon.core.webui.keyword.internal.WebUIKeywordMain.runKeyword(WebUIKeywordMain.groovy:35)
	... 20 more]]></system-err>
      </testcase>
      <testcase name="Test Cases/2.Positivos/2.1Paquete/Origen-Lima/1.Nuevo-Cliente/RUC" time="0.019" classname="Test Cases/2.Positivos/2.1Paquete/Origen-Lima/1.Nuevo-Cliente/RUC" status="PASSED">
         <system-out><![CDATA[27-11-2024T13:24:03 - [TEST_CASE][PASSED] - Test Cases/2.Positivos/2.1Paquete/Origen-Lima/1.Nuevo-Cliente/RUC: Test Cases/2.Positivos/2.1Paquete/Origen-Lima/1.Nuevo-Cliente/RUC

27-11-2024T13:24:03 - [TEST_STEP][PASSED] - return null: null]]></system-out>
         <system-err><![CDATA[]]></system-err>
      </testcase>
      <testcase name="Test Cases/2.Positivos/2.1Paquete/Origen-Lima/1.Nuevo-Cliente/DNI" time="0.012" classname="Test Cases/2.Positivos/2.1Paquete/Origen-Lima/1.Nuevo-Cliente/DNI" status="PASSED">
         <system-out><![CDATA[27-11-2024T13:24:03 - [TEST_CASE][PASSED] - Test Cases/2.Positivos/2.1Paquete/Origen-Lima/1.Nuevo-Cliente/DNI: Test Cases/2.Positivos/2.1Paquete/Origen-Lima/1.Nuevo-Cliente/DNI

27-11-2024T13:24:03 - [TEST_STEP][PASSED] - return null: null]]></system-out>
         <system-err><![CDATA[]]></system-err>
      </testcase>
      <testcase name="Test Cases/2.Positivos/2.2Sobre/sobre" time="21.638" classname="Test Cases/2.Positivos/2.2Sobre/sobre" status="PASSED">
         <system-out><![CDATA[27-11-2024T13:24:03 - [TEST_CASE][PASSED] - Test Cases/2.Positivos/2.2Sobre/sobre: Test Cases/2.Positivos/2.2Sobre/sobre

27-11-2024T13:24:03 - [TEST_STEP][PASSED] - openBrowser(""): Browser is opened with url: ''

27-11-2024T13:24:03 - [MESSAGE][WARNING] - A browser is already opened. Closing browser and opening a new one

27-11-2024T13:24:04 - [MESSAGE][INFO] - Starting 'Firefox' driver

27-11-2024T13:24:04 - [MESSAGE][INFO] - Action delay is set to 0 milliseconds

27-11-2024T13:24:11 - [MESSAGE][PASSED] - Browser is opened with url: ''

27-11-2024T13:24:11 - [TEST_STEP][PASSED] - navigateToUrl("https://dev02-registrodeenvios.olvacourier.com/principal"): Navigate to 'https://dev02-registrodeenvios.olvacourier.com/principal' successfully

27-11-2024T13:24:12 - [MESSAGE][PASSED] - Navigate to 'https://dev02-registrodeenvios.olvacourier.com/principal' successfully

27-11-2024T13:24:12 - [TEST_STEP][PASSED] - click(findTestObject("Object Repository/sobre/Page_Olva Courier  Home/img_Envo de cajas o paquetescon un peso mxi_37770f")): Object: 'Object Repository/sobre/Page_Olva Courier  Home/img_Envo de cajas o paquetescon un peso mxi_37770f' is clicked on

27-11-2024T13:24:13 - [MESSAGE][PASSED] - Object: 'Object Repository/sobre/Page_Olva Courier  Home/img_Envo de cajas o paquetescon un peso mxi_37770f' is clicked on

27-11-2024T13:24:13 - [TEST_STEP][PASSED] - click(findTestObject("Object Repository/sobre/Page_Olva Courier  Home/span_He ledo y acepto los_checkmark")): Object: 'Object Repository/sobre/Page_Olva Courier  Home/span_He ledo y acepto los_checkmark' is clicked on

27-11-2024T13:24:13 - [MESSAGE][PASSED] - Object: 'Object Repository/sobre/Page_Olva Courier  Home/span_He ledo y acepto los_checkmark' is clicked on

27-11-2024T13:24:13 - [TEST_STEP][PASSED] - click(findTestObject("Object Repository/sobre/Page_Olva Courier  Home/button_CONTINUAR")): Object: 'Object Repository/sobre/Page_Olva Courier  Home/button_CONTINUAR' is clicked on

27-11-2024T13:24:15 - [MESSAGE][PASSED] - Object: 'Object Repository/sobre/Page_Olva Courier  Home/button_CONTINUAR' is clicked on

27-11-2024T13:24:15 - [TEST_STEP][PASSED] - click(findTestObject("Object Repository/sobre/Page_Olva Courier  Datos Personales/button_Tipo De Documento")): Object: 'Object Repository/sobre/Page_Olva Courier  Datos Personales/button_Tipo De Documento' is clicked on

27-11-2024T13:24:15 - [MESSAGE][PASSED] - Object: 'Object Repository/sobre/Page_Olva Courier  Datos Personales/button_Tipo De Documento' is clicked on

27-11-2024T13:24:15 - [TEST_STEP][PASSED] - click(findTestObject("Object Repository/sobre/Page_Olva Courier  Datos Personales/span_DNI (Boleta)")): Object: 'Object Repository/sobre/Page_Olva Courier  Datos Personales/span_DNI (Boleta)' is clicked on

27-11-2024T13:24:16 - [MESSAGE][PASSED] - Object: 'Object Repository/sobre/Page_Olva Courier  Datos Personales/span_DNI (Boleta)' is clicked on

27-11-2024T13:24:16 - [TEST_STEP][PASSED] - setText(findTestObject("Object Repository/sobre/Page_Olva Courier  Datos Personales/input_CARN EXT. (Boleta)_txt_documento_cliente"), "71735785"): Text '71735785' is set on object 'Object Repository/sobre/Page_Olva Courier  Datos Personales/input_CARN EXT. (Boleta)_txt_documento_cliente'

27-11-2024T13:24:16 - [MESSAGE][PASSED] - Text '71735785' is set on object 'Object Repository/sobre/Page_Olva Courier  Datos Personales/input_CARN EXT. (Boleta)_txt_documento_cliente'

27-11-2024T13:24:16 - [TEST_STEP][PASSED] - click(findTestObject("Object Repository/sobre/Page_Olva Courier  Datos Personales/span_")): Object: 'Object Repository/sobre/Page_Olva Courier  Datos Personales/span_' is clicked on

27-11-2024T13:24:22 - [MESSAGE][PASSED] - Object: 'Object Repository/sobre/Page_Olva Courier  Datos Personales/span_' is clicked on

27-11-2024T13:24:22 - [TEST_STEP][PASSED] - setText(findTestObject("Object Repository/sobre/Page_Olva Courier  Datos Personales/input_Qu Envas_input_descripcion"), "PRUEBAS SOBRE"): Text 'PRUEBAS SOBRE' is set on object 'Object Repository/sobre/Page_Olva Courier  Datos Personales/input_Qu Envas_input_descripcion'

27-11-2024T13:24:23 - [MESSAGE][PASSED] - Text 'PRUEBAS SOBRE' is set on object 'Object Repository/sobre/Page_Olva Courier  Datos Personales/input_Qu Envas_input_descripcion'

27-11-2024T13:24:23 - [TEST_STEP][PASSED] - setText(findTestObject("Object Repository/sobre/Page_Olva Courier  Datos Personales/input_Qu Envas_input_valor"), "70"): Text '70' is set on object 'Object Repository/sobre/Page_Olva Courier  Datos Personales/input_Qu Envas_input_valor'

27-11-2024T13:24:24 - [MESSAGE][PASSED] - Text '70' is set on object 'Object Repository/sobre/Page_Olva Courier  Datos Personales/input_Qu Envas_input_valor'

27-11-2024T13:24:24 - [TEST_STEP][PASSED] - click(findTestObject("Object Repository/sobre/Page_Olva Courier  Datos Personales/button_LIMA")): Object: 'Object Repository/sobre/Page_Olva Courier  Datos Personales/button_LIMA' is clicked on

27-11-2024T13:24:24 - [MESSAGE][PASSED] - Object: 'Object Repository/sobre/Page_Olva Courier  Datos Personales/button_LIMA' is clicked on]]></system-out>
         <system-err><![CDATA[]]></system-err>
      </testcase>
      <testcase name="Test Cases/2.Positivos/2.2Sobre/Origen-Provincia/Validar resumen ---" time="19.467" classname="Test Cases/2.Positivos/2.2Sobre/Origen-Provincia/Validar resumen ---" status="FAILED">
         <failure type="FAILED" message="Test Cases/2.Positivos/2.2Sobre/Origen-Provincia/Validar resumen --- FAILED.&#xa;Reason:&#xa;com.kms.katalon.core.exception.StepFailedException: Unable to set text 'PRUEBAS SOBRE' of object 'Object Repository/sobre/Page_Olva Courier  Datos Personales/input_Qu Envas_input_descripcion'&#xa;	at com.kms.katalon.core.webui.keyword.internal.WebUIKeywordMain.stepFailed(WebUIKeywordMain.groovy:117)&#xa;	at com.kms.katalon.core.webui.keyword.internal.WebUIKeywordMain.runKeyword(WebUIKeywordMain.groovy:43)&#xa;	at com.kms.katalon.core.webui.keyword.builtin.SetTextKeyword.setText(SetTextKeyword.groovy:85)&#xa;	at com.kms.katalon.core.webui.keyword.builtin.SetTextKeyword.execute(SetTextKeyword.groovy:39)&#xa;	at com.kms.katalon.core.keyword.internal.KeywordExecutor.executeKeywordForPlatform(KeywordExecutor.groovy:74)&#xa;	at com.kms.katalon.core.webui.keyword.WebUiBuiltInKeywords.setText(WebUiBuiltInKeywords.groovy:1019)&#xa;	at Validar resumen ---.run(Validar resumen ---:26)&#xa;	at com.kms.katalon.core.main.ScriptEngine.run(ScriptEngine.java:194)&#xa;	at com.kms.katalon.core.main.ScriptEngine.runScriptAsRawText(ScriptEngine.java:119)&#xa;	at com.kms.katalon.core.main.TestCaseExecutor.runScript(TestCaseExecutor.java:448)&#xa;	at com.kms.katalon.core.main.TestCaseExecutor.doExecute(TestCaseExecutor.java:439)&#xa;	at com.kms.katalon.core.main.TestCaseExecutor.processExecutionPhase(TestCaseExecutor.java:418)&#xa;	at com.kms.katalon.core.main.TestCaseExecutor.accessMainPhase(TestCaseExecutor.java:410)&#xa;	at com.kms.katalon.core.main.TestCaseExecutor.execute(TestCaseExecutor.java:285)&#xa;	at com.kms.katalon.core.common.CommonExecutor.accessTestCaseMainPhase(CommonExecutor.java:65)&#xa;	at com.kms.katalon.core.main.TestSuiteExecutor.accessTestSuiteMainPhase(TestSuiteExecutor.java:150)&#xa;	at com.kms.katalon.core.main.TestSuiteExecutor.execute(TestSuiteExecutor.java:106)&#xa;	at com.kms.katalon.core.main.TestCaseMain.startTestSuite(TestCaseMain.java:180)&#xa;	at TempTestSuite1732729948317.run(TempTestSuite1732729948317.groovy:35)&#xa;	at java.base/jdk.internal.reflect.NativeMethodAccessorImpl.invoke0(Native Method)&#xa;	at java.base/jdk.internal.reflect.NativeMethodAccessorImpl.invoke(NativeMethodAccessorImpl.java:77)&#xa;	at java.base/jdk.internal.reflect.DelegatingMethodAccessorImpl.invoke(DelegatingMethodAccessorImpl.java:43)&#xa;Caused by: org.openqa.selenium.ElementNotInteractableException: Element &lt;input id=&quot;input_descripcion&quot; class=&quot;f1-first-name form-control msg_alert_tt inputRE&quot; name=&quot;input_descripcion&quot; type=&quot;text&quot;> could not be scrolled into view&#xa;Build info: version: '3.141.59', revision: 'unknown', time: 'unknown'&#xa;System info: host: 'DESKTOP-RGFFP9A', ip: '10.136.10.6', os.name: 'Windows 11', os.arch: 'amd64', os.version: '10.0', java.version: '17.0.7'&#xa;Driver info: com.kms.katalon.core.webui.driver.firefox.CGeckoDriver&#xa;Capabilities {acceptInsecureCerts: true, browserName: firefox, browserVersion: 133.0, javascriptEnabled: true, moz:accessibilityChecks: false, moz:buildID: 20241121140525, moz:geckodriverVersion: 0.35.0, moz:headless: false, moz:platformVersion: 10.0, moz:processID: 27280, moz:profile: C:\Users\OLVATI\AppData\Loc..., moz:shutdownTimeout: 60000, moz:webdriverClick: true, moz:windowless: false, pageLoadStrategy: normal, platform: WINDOWS, platformName: WINDOWS, proxy: Proxy(direct), setWindowRect: true, strictFileInteractability: false, timeouts: {implicit: 0, pageLoad: 300000, script: 30000}, unhandledPromptBehavior: dismiss and notify, userAgent: Mozilla/5.0 (Windows NT 10....}&#xa;Session ID: 10bb64e7-91c3-430e-9f2b-3bfdbd90edb9&#xa;	at java.base/jdk.internal.reflect.NativeConstructorAccessorImpl.newInstance0(Native Method)&#xa;	at java.base/jdk.internal.reflect.NativeConstructorAccessorImpl.newInstance(NativeConstructorAccessorImpl.java:77)&#xa;	at java.base/jdk.internal.reflect.DelegatingConstructorAccessorImpl.newInstance(DelegatingConstructorAccessorImpl.java:45)&#xa;	at org.openqa.selenium.remote.http.W3CHttpResponseCodec.createException(W3CHttpResponseCodec.java:187)&#xa;	at org.openqa.selenium.remote.http.W3CHttpResponseCodec.decode(W3CHttpResponseCodec.java:122)&#xa;	at org.openqa.selenium.remote.http.W3CHttpResponseCodec.decode(W3CHttpResponseCodec.java:49)&#xa;	at org.openqa.selenium.remote.HttpCommandExecutor.execute(HttpCommandExecutor.java:158)&#xa;	at org.openqa.selenium.remote.service.DriverCommandExecutor.execute(DriverCommandExecutor.java:83)&#xa;	at org.openqa.selenium.remote.RemoteWebDriver.execute(RemoteWebDriver.java:552)&#xa;	at com.kms.katalon.selenium.driver.CFirefoxDriver.execute(CFirefoxDriver.java:28)&#xa;	at org.openqa.selenium.remote.RemoteWebElement.execute(RemoteWebElement.java:285)&#xa;	at org.openqa.selenium.remote.RemoteWebElement.clear(RemoteWebElement.java:124)&#xa;	at jdk.internal.reflect.GeneratedMethodAccessor17.invoke(Unknown Source)&#xa;	at java.base/jdk.internal.reflect.DelegatingMethodAccessorImpl.invoke(DelegatingMethodAccessorImpl.java:43)&#xa;	at org.openqa.selenium.support.events.EventFiringWebDriver$EventFiringWebElement.lambda$new$0(EventFiringWebDriver.java:404)&#xa;	at jdk.proxy2/jdk.proxy2.$Proxy21.clear(Unknown Source)&#xa;	at org.openqa.selenium.support.events.EventFiringWebDriver$EventFiringWebElement.clear(EventFiringWebDriver.java:436)&#xa;	at com.kms.katalon.core.webui.keyword.builtin.SetTextKeyword$_setText_closure1.doCall(SetTextKeyword.groovy:55)&#xa;	at com.kms.katalon.core.webui.keyword.builtin.SetTextKeyword$_setText_closure1.call(SetTextKeyword.groovy)&#xa;	at com.kms.katalon.core.webui.keyword.internal.WebUIKeywordMain.runKeyword(WebUIKeywordMain.groovy:35)&#xa;	... 20 more&#xa;"/>
         <system-out><![CDATA[27-11-2024T13:24:24 - [TEST_CASE][FAILED] - Test Cases/2.Positivos/2.2Sobre/Origen-Provincia/Validar resumen ---: Test Cases/2.Positivos/2.2Sobre/Origen-Provincia/Validar resumen --- FAILED.
Reason:
com.kms.katalon.core.exception.StepFailedException: Unable to set text 'PRUEBAS SOBRE' of object 'Object Repository/sobre/Page_Olva Courier  Datos Personales/input_Qu Envas_input_descripcion'
	at com.kms.katalon.core.webui.keyword.internal.WebUIKeywordMain.stepFailed(WebUIKeywordMain.groovy:117)
	at com.kms.katalon.core.webui.keyword.internal.WebUIKeywordMain.runKeyword(WebUIKeywordMain.groovy:43)
	at com.kms.katalon.core.webui.keyword.builtin.SetTextKeyword.setText(SetTextKeyword.groovy:85)
	at com.kms.katalon.core.webui.keyword.builtin.SetTextKeyword.execute(SetTextKeyword.groovy:39)
	at com.kms.katalon.core.keyword.internal.KeywordExecutor.executeKeywordForPlatform(KeywordExecutor.groovy:74)
	at com.kms.katalon.core.webui.keyword.WebUiBuiltInKeywords.setText(WebUiBuiltInKeywords.groovy:1019)
	at Validar resumen ---.run(Validar resumen ---:26)
	at com.kms.katalon.core.main.ScriptEngine.run(ScriptEngine.java:194)
	at com.kms.katalon.core.main.ScriptEngine.runScriptAsRawText(ScriptEngine.java:119)
	at com.kms.katalon.core.main.TestCaseExecutor.runScript(TestCaseExecutor.java:448)
	at com.kms.katalon.core.main.TestCaseExecutor.doExecute(TestCaseExecutor.java:439)
	at com.kms.katalon.core.main.TestCaseExecutor.processExecutionPhase(TestCaseExecutor.java:418)
	at com.kms.katalon.core.main.TestCaseExecutor.accessMainPhase(TestCaseExecutor.java:410)
	at com.kms.katalon.core.main.TestCaseExecutor.execute(TestCaseExecutor.java:285)
	at com.kms.katalon.core.common.CommonExecutor.accessTestCaseMainPhase(CommonExecutor.java:65)
	at com.kms.katalon.core.main.TestSuiteExecutor.accessTestSuiteMainPhase(TestSuiteExecutor.java:150)
	at com.kms.katalon.core.main.TestSuiteExecutor.execute(TestSuiteExecutor.java:106)
	at com.kms.katalon.core.main.TestCaseMain.startTestSuite(TestCaseMain.java:180)
	at TempTestSuite1732729948317.run(TempTestSuite1732729948317.groovy:35)
	at java.base/jdk.internal.reflect.NativeMethodAccessorImpl.invoke0(Native Method)
	at java.base/jdk.internal.reflect.NativeMethodAccessorImpl.invoke(NativeMethodAccessorImpl.java:77)
	at java.base/jdk.internal.reflect.DelegatingMethodAccessorImpl.invoke(DelegatingMethodAccessorImpl.java:43)
Caused by: org.openqa.selenium.ElementNotInteractableException: Element <input id="input_descripcion" class="f1-first-name form-control msg_alert_tt inputRE" name="input_descripcion" type="text"> could not be scrolled into view
Build info: version: '3.141.59', revision: 'unknown', time: 'unknown'
System info: host: 'DESKTOP-RGFFP9A', ip: '10.136.10.6', os.name: 'Windows 11', os.arch: 'amd64', os.version: '10.0', java.version: '17.0.7'
Driver info: com.kms.katalon.core.webui.driver.firefox.CGeckoDriver
Capabilities {acceptInsecureCerts: true, browserName: firefox, browserVersion: 133.0, javascriptEnabled: true, moz:accessibilityChecks: false, moz:buildID: 20241121140525, moz:geckodriverVersion: 0.35.0, moz:headless: false, moz:platformVersion: 10.0, moz:processID: 27280, moz:profile: C:\Users\OLVATI\AppData\Loc..., moz:shutdownTimeout: 60000, moz:webdriverClick: true, moz:windowless: false, pageLoadStrategy: normal, platform: WINDOWS, platformName: WINDOWS, proxy: Proxy(direct), setWindowRect: true, strictFileInteractability: false, timeouts: {implicit: 0, pageLoad: 300000, script: 30000}, unhandledPromptBehavior: dismiss and notify, userAgent: Mozilla/5.0 (Windows NT 10....}
Session ID: 10bb64e7-91c3-430e-9f2b-3bfdbd90edb9
	at java.base/jdk.internal.reflect.NativeConstructorAccessorImpl.newInstance0(Native Method)
	at java.base/jdk.internal.reflect.NativeConstructorAccessorImpl.newInstance(NativeConstructorAccessorImpl.java:77)
	at java.base/jdk.internal.reflect.DelegatingConstructorAccessorImpl.newInstance(DelegatingConstructorAccessorImpl.java:45)
	at org.openqa.selenium.remote.http.W3CHttpResponseCodec.createException(W3CHttpResponseCodec.java:187)
	at org.openqa.selenium.remote.http.W3CHttpResponseCodec.decode(W3CHttpResponseCodec.java:122)
	at org.openqa.selenium.remote.http.W3CHttpResponseCodec.decode(W3CHttpResponseCodec.java:49)
	at org.openqa.selenium.remote.HttpCommandExecutor.execute(HttpCommandExecutor.java:158)
	at org.openqa.selenium.remote.service.DriverCommandExecutor.execute(DriverCommandExecutor.java:83)
	at org.openqa.selenium.remote.RemoteWebDriver.execute(RemoteWebDriver.java:552)
	at com.kms.katalon.selenium.driver.CFirefoxDriver.execute(CFirefoxDriver.java:28)
	at org.openqa.selenium.remote.RemoteWebElement.execute(RemoteWebElement.java:285)
	at org.openqa.selenium.remote.RemoteWebElement.clear(RemoteWebElement.java:124)
	at jdk.internal.reflect.GeneratedMethodAccessor17.invoke(Unknown Source)
	at java.base/jdk.internal.reflect.DelegatingMethodAccessorImpl.invoke(DelegatingMethodAccessorImpl.java:43)
	at org.openqa.selenium.support.events.EventFiringWebDriver$EventFiringWebElement.lambda$new$0(EventFiringWebDriver.java:404)
	at jdk.proxy2/jdk.proxy2.$Proxy21.clear(Unknown Source)
	at org.openqa.selenium.support.events.EventFiringWebDriver$EventFiringWebElement.clear(EventFiringWebDriver.java:436)
	at com.kms.katalon.core.webui.keyword.builtin.SetTextKeyword$_setText_closure1.doCall(SetTextKeyword.groovy:55)
	at com.kms.katalon.core.webui.keyword.builtin.SetTextKeyword$_setText_closure1.call(SetTextKeyword.groovy)
	at com.kms.katalon.core.webui.keyword.internal.WebUIKeywordMain.runKeyword(WebUIKeywordMain.groovy:35)
	... 20 more


27-11-2024T13:24:24 - [TEST_STEP][PASSED] - callTestCase(findTestCase("1.Inicio/1.1Principal/Principal-home"), [:], STOP_ON_FAILURE): Call Test Case 'Test Cases/1.Inicio/1.1Principal/Principal-home' successfully

27-11-2024T13:24:24 - [TEST_CASE][PASSED] - Test Cases/1.Inicio/1.1Principal/Principal-home: Test Cases/1.Inicio/1.1Principal/Principal-home

27-11-2024T13:24:24 - [TEST_STEP][PASSED] - openBrowser(""): Browser is opened with url: ''

27-11-2024T13:24:24 - [MESSAGE][WARNING] - A browser is already opened. Closing browser and opening a new one

27-11-2024T13:24:26 - [MESSAGE][INFO] - Starting 'Firefox' driver

27-11-2024T13:24:26 - [MESSAGE][INFO] - Action delay is set to 0 milliseconds

27-11-2024T13:24:32 - [MESSAGE][PASSED] - Browser is opened with url: ''

27-11-2024T13:24:32 - [TEST_STEP][PASSED] - navigateToUrl("https://dev01-registrodeenvios.olvacourier.com/principal"): Navigate to 'https://dev01-registrodeenvios.olvacourier.com/principal' successfully

27-11-2024T13:24:33 - [MESSAGE][PASSED] - Navigate to 'https://dev01-registrodeenvios.olvacourier.com/principal' successfully

27-11-2024T13:24:33 - [TEST_STEP][PASSED] - maximizeWindow(): Current window maximized

27-11-2024T13:24:33 - [MESSAGE][PASSED] - Current window maximized

27-11-2024T13:24:33 - [MESSAGE][PASSED] - Call Test Case 'Test Cases/1.Inicio/1.1Principal/Principal-home' successfully

27-11-2024T13:24:33 - [TEST_STEP][PASSED] - callTestCase(findTestCase("1.Inicio/1.1Principal/Selec_paquete"), [:], STOP_ON_FAILURE): Call Test Case 'Test Cases/1.Inicio/1.1Principal/Selec_paquete' successfully

27-11-2024T13:24:33 - [TEST_CASE][PASSED] - Test Cases/1.Inicio/1.1Principal/Selec_paquete: Test Cases/1.Inicio/1.1Principal/Selec_paquete

27-11-2024T13:24:33 - [TEST_STEP][PASSED] - click(findTestObject("Object Repository/Principal/Page_Olva Courier  Home/img_Qu deseas realizar hoy_img_paquete")): Object: 'Object Repository/Principal/Page_Olva Courier  Home/img_Qu deseas realizar hoy_img_paquete' is clicked on

27-11-2024T13:24:34 - [MESSAGE][PASSED] - Object: 'Object Repository/Principal/Page_Olva Courier  Home/img_Qu deseas realizar hoy_img_paquete' is clicked on

27-11-2024T13:24:34 - [TEST_STEP][PASSED] - click(findTestObject("Object Repository/Principal/Page_Olva Courier  Home/span_He ledo y acepto los_checkmark (1)")): Object: 'Object Repository/Principal/Page_Olva Courier  Home/span_He ledo y acepto los_checkmark (1)' is clicked on

27-11-2024T13:24:34 - [MESSAGE][PASSED] - Object: 'Object Repository/Principal/Page_Olva Courier  Home/span_He ledo y acepto los_checkmark (1)' is clicked on

27-11-2024T13:24:34 - [TEST_STEP][PASSED] - click(findTestObject("Object Repository/Principal/Page_Olva Courier  Home/button_CONTINUAR (1)")): Object: 'Object Repository/Principal/Page_Olva Courier  Home/button_CONTINUAR (1)' is clicked on

27-11-2024T13:24:36 - [MESSAGE][PASSED] - Object: 'Object Repository/Principal/Page_Olva Courier  Home/button_CONTINUAR (1)' is clicked on

27-11-2024T13:24:36 - [TEST_STEP][PASSED] - verifyElementPresent(findTestObject("Object Repository/Principal/Page_Olva Courier  Datos Personales/strong_REGISTRO DE ENVOS"), 0): Object 'Object Repository/Principal/Page_Olva Courier  Datos Personales/strong_REGISTRO DE ENVOS' is present

27-11-2024T13:24:36 - [MESSAGE][WARNING] - Timeout '0' is invalid. Using default page load timeout: '30'

27-11-2024T13:24:36 - [MESSAGE][PASSED] - Object 'Object Repository/Principal/Page_Olva Courier  Datos Personales/strong_REGISTRO DE ENVOS' is present

27-11-2024T13:24:36 - [TEST_STEP][PASSED] - verifyElementPresent(findTestObject("Object Repository/Principal/Page_Olva Courier  Datos Personales/span_Regresar (1)"), 0): Object 'Object Repository/Principal/Page_Olva Courier  Datos Personales/span_Regresar (1)' is present

27-11-2024T13:24:36 - [MESSAGE][WARNING] - Timeout '0' is invalid. Using default page load timeout: '30'

27-11-2024T13:24:36 - [MESSAGE][PASSED] - Object 'Object Repository/Principal/Page_Olva Courier  Datos Personales/span_Regresar (1)' is present

27-11-2024T13:24:36 - [TEST_STEP][PASSED] - verifyElementPresent(findTestObject("Object Repository/Principal/Page_Olva Courier  Datos Personales/span_Inicio (1)"), 0): Object 'Object Repository/Principal/Page_Olva Courier  Datos Personales/span_Inicio (1)' is present

27-11-2024T13:24:36 - [MESSAGE][WARNING] - Timeout '0' is invalid. Using default page load timeout: '30'

27-11-2024T13:24:37 - [MESSAGE][PASSED] - Object 'Object Repository/Principal/Page_Olva Courier  Datos Personales/span_Inicio (1)' is present

27-11-2024T13:24:37 - [MESSAGE][PASSED] - Call Test Case 'Test Cases/1.Inicio/1.1Principal/Selec_paquete' successfully

27-11-2024T13:24:37 - [TEST_STEP][PASSED] - callTestCase(findTestCase("1.Inicio/1.2Tipo_Doc/5.RUC20"), [:], STOP_ON_FAILURE): Call Test Case 'Test Cases/1.Inicio/1.2Tipo_Doc/5.RUC20' successfully

27-11-2024T13:24:37 - [TEST_CASE][PASSED] - Test Cases/1.Inicio/1.2Tipo_Doc/5.RUC20: Test Cases/1.Inicio/1.2Tipo_Doc/5.RUC20

27-11-2024T13:24:37 - [TEST_STEP][PASSED] - click(findTestObject("Object Repository/Login/Page_Olva Courier  Datos Personales/button_Tipo De Documento")): Object: 'Object Repository/Login/Page_Olva Courier  Datos Personales/button_Tipo De Documento' is clicked on

27-11-2024T13:24:37 - [MESSAGE][PASSED] - Object: 'Object Repository/Login/Page_Olva Courier  Datos Personales/button_Tipo De Documento' is clicked on

27-11-2024T13:24:37 - [TEST_STEP][PASSED] - click(findTestObject("Object Repository/Login/Page_Olva Courier  Datos Personales/span_RUC (Factura)")): Object: 'Object Repository/Login/Page_Olva Courier  Datos Personales/span_RUC (Factura)' is clicked on

27-11-2024T13:24:38 - [MESSAGE][PASSED] - Object: 'Object Repository/Login/Page_Olva Courier  Datos Personales/span_RUC (Factura)' is clicked on

27-11-2024T13:24:38 - [TEST_STEP][PASSED] - setText(findTestObject("Object Repository/Login/Page_Olva Courier  Datos Personales/input_CARN EXT. (Boleta)_txt_documento_cliente"), "20100686814"): Text '20100686814' is set on object 'Object Repository/Login/Page_Olva Courier  Datos Personales/input_CARN EXT. (Boleta)_txt_documento_cliente'

27-11-2024T13:24:38 - [MESSAGE][PASSED] - Text '20100686814' is set on object 'Object Repository/Login/Page_Olva Courier  Datos Personales/input_CARN EXT. (Boleta)_txt_documento_cliente'

27-11-2024T13:24:38 - [MESSAGE][PASSED] - Call Test Case 'Test Cases/1.Inicio/1.2Tipo_Doc/5.RUC20' successfully

27-11-2024T13:24:38 - [TEST_STEP][FAILED] - setText(findTestObject("Object Repository/sobre/Page_Olva Courier  Datos Personales/input_Qu Envas_input_descripcion"), "PRUEBAS SOBRE"): Unable to set text 'PRUEBAS SOBRE' of object 'Object Repository/sobre/Page_Olva Courier  Datos Personales/input_Qu Envas_input_descripcion' (Root cause: com.kms.katalon.core.exception.StepFailedException: Unable to set text 'PRUEBAS SOBRE' of object 'Object Repository/sobre/Page_Olva Courier  Datos Personales/input_Qu Envas_input_descripcion'
	at com.kms.katalon.core.webui.keyword.internal.WebUIKeywordMain.stepFailed(WebUIKeywordMain.groovy:117)
	at com.kms.katalon.core.webui.keyword.internal.WebUIKeywordMain.runKeyword(WebUIKeywordMain.groovy:43)
	at com.kms.katalon.core.webui.keyword.builtin.SetTextKeyword.setText(SetTextKeyword.groovy:85)
	at com.kms.katalon.core.webui.keyword.builtin.SetTextKeyword.execute(SetTextKeyword.groovy:39)
	at com.kms.katalon.core.keyword.internal.KeywordExecutor.executeKeywordForPlatform(KeywordExecutor.groovy:74)
	at com.kms.katalon.core.webui.keyword.WebUiBuiltInKeywords.setText(WebUiBuiltInKeywords.groovy:1019)
	at Validar resumen ---.run(Validar resumen ---:26)
	at com.kms.katalon.core.main.ScriptEngine.run(ScriptEngine.java:194)
	at com.kms.katalon.core.main.ScriptEngine.runScriptAsRawText(ScriptEngine.java:119)
	at com.kms.katalon.core.main.TestCaseExecutor.runScript(TestCaseExecutor.java:448)
	at com.kms.katalon.core.main.TestCaseExecutor.doExecute(TestCaseExecutor.java:439)
	at com.kms.katalon.core.main.TestCaseExecutor.processExecutionPhase(TestCaseExecutor.java:418)
	at com.kms.katalon.core.main.TestCaseExecutor.accessMainPhase(TestCaseExecutor.java:410)
	at com.kms.katalon.core.main.TestCaseExecutor.execute(TestCaseExecutor.java:285)
	at com.kms.katalon.core.common.CommonExecutor.accessTestCaseMainPhase(CommonExecutor.java:65)
	at com.kms.katalon.core.main.TestSuiteExecutor.accessTestSuiteMainPhase(TestSuiteExecutor.java:150)
	at com.kms.katalon.core.main.TestSuiteExecutor.execute(TestSuiteExecutor.java:106)
	at com.kms.katalon.core.main.TestCaseMain.startTestSuite(TestCaseMain.java:180)
	at TempTestSuite1732729948317.run(TempTestSuite1732729948317.groovy:35)
	at java.base/jdk.internal.reflect.NativeMethodAccessorImpl.invoke0(Native Method)
	at java.base/jdk.internal.reflect.NativeMethodAccessorImpl.invoke(NativeMethodAccessorImpl.java:77)
	at java.base/jdk.internal.reflect.DelegatingMethodAccessorImpl.invoke(DelegatingMethodAccessorImpl.java:43)
Caused by: org.openqa.selenium.ElementNotInteractableException: Element <input id="input_descripcion" class="f1-first-name form-control msg_alert_tt inputRE" name="input_descripcion" type="text"> could not be scrolled into view
Build info: version: '3.141.59', revision: 'unknown', time: 'unknown'
System info: host: 'DESKTOP-RGFFP9A', ip: '10.136.10.6', os.name: 'Windows 11', os.arch: 'amd64', os.version: '10.0', java.version: '17.0.7'
Driver info: com.kms.katalon.core.webui.driver.firefox.CGeckoDriver
Capabilities {acceptInsecureCerts: true, browserName: firefox, browserVersion: 133.0, javascriptEnabled: true, moz:accessibilityChecks: false, moz:buildID: 20241121140525, moz:geckodriverVersion: 0.35.0, moz:headless: false, moz:platformVersion: 10.0, moz:processID: 27280, moz:profile: C:\Users\OLVATI\AppData\Loc..., moz:shutdownTimeout: 60000, moz:webdriverClick: true, moz:windowless: false, pageLoadStrategy: normal, platform: WINDOWS, platformName: WINDOWS, proxy: Proxy(direct), setWindowRect: true, strictFileInteractability: false, timeouts: {implicit: 0, pageLoad: 300000, script: 30000}, unhandledPromptBehavior: dismiss and notify, userAgent: Mozilla/5.0 (Windows NT 10....}
Session ID: 10bb64e7-91c3-430e-9f2b-3bfdbd90edb9
	at java.base/jdk.internal.reflect.NativeConstructorAccessorImpl.newInstance0(Native Method)
	at java.base/jdk.internal.reflect.NativeConstructorAccessorImpl.newInstance(NativeConstructorAccessorImpl.java:77)
	at java.base/jdk.internal.reflect.DelegatingConstructorAccessorImpl.newInstance(DelegatingConstructorAccessorImpl.java:45)
	at org.openqa.selenium.remote.http.W3CHttpResponseCodec.createException(W3CHttpResponseCodec.java:187)
	at org.openqa.selenium.remote.http.W3CHttpResponseCodec.decode(W3CHttpResponseCodec.java:122)
	at org.openqa.selenium.remote.http.W3CHttpResponseCodec.decode(W3CHttpResponseCodec.java:49)
	at org.openqa.selenium.remote.HttpCommandExecutor.execute(HttpCommandExecutor.java:158)
	at org.openqa.selenium.remote.service.DriverCommandExecutor.execute(DriverCommandExecutor.java:83)
	at org.openqa.selenium.remote.RemoteWebDriver.execute(RemoteWebDriver.java:552)
	at com.kms.katalon.selenium.driver.CFirefoxDriver.execute(CFirefoxDriver.java:28)
	at org.openqa.selenium.remote.RemoteWebElement.execute(RemoteWebElement.java:285)
	at org.openqa.selenium.remote.RemoteWebElement.clear(RemoteWebElement.java:124)
	at jdk.internal.reflect.GeneratedMethodAccessor17.invoke(Unknown Source)
	at java.base/jdk.internal.reflect.DelegatingMethodAccessorImpl.invoke(DelegatingMethodAccessorImpl.java:43)
	at org.openqa.selenium.support.events.EventFiringWebDriver$EventFiringWebElement.lambda$new$0(EventFiringWebDriver.java:404)
	at jdk.proxy2/jdk.proxy2.$Proxy21.clear(Unknown Source)
	at org.openqa.selenium.support.events.EventFiringWebDriver$EventFiringWebElement.clear(EventFiringWebDriver.java:436)
	at com.kms.katalon.core.webui.keyword.builtin.SetTextKeyword$_setText_closure1.doCall(SetTextKeyword.groovy:55)
	at com.kms.katalon.core.webui.keyword.builtin.SetTextKeyword$_setText_closure1.call(SetTextKeyword.groovy)
	at com.kms.katalon.core.webui.keyword.internal.WebUIKeywordMain.runKeyword(WebUIKeywordMain.groovy:35)
	at com.kms.katalon.core.webui.keyword.builtin.SetTextKeyword.setText(SetTextKeyword.groovy:85)
	at com.kms.katalon.core.webui.keyword.builtin.SetTextKeyword.execute(SetTextKeyword.groovy:39)
	at com.kms.katalon.core.keyword.internal.KeywordExecutor.executeKeywordForPlatform(KeywordExecutor.groovy:74)
	at com.kms.katalon.core.webui.keyword.WebUiBuiltInKeywords.setText(WebUiBuiltInKeywords.groovy:1019)
	at Script1732341473737.run(Script1732341473737.groovy:26)
	... 15 more
)

27-11-2024T13:24:44 - [MESSAGE][FAILED] - Unable to set text 'PRUEBAS SOBRE' of object 'Object Repository/sobre/Page_Olva Courier  Datos Personales/input_Qu Envas_input_descripcion' (Root cause: com.kms.katalon.core.exception.StepFailedException: Unable to set text 'PRUEBAS SOBRE' of object 'Object Repository/sobre/Page_Olva Courier  Datos Personales/input_Qu Envas_input_descripcion'
	at com.kms.katalon.core.webui.keyword.internal.WebUIKeywordMain.stepFailed(WebUIKeywordMain.groovy:117)
	at com.kms.katalon.core.webui.keyword.internal.WebUIKeywordMain.runKeyword(WebUIKeywordMain.groovy:43)
	at com.kms.katalon.core.webui.keyword.builtin.SetTextKeyword.setText(SetTextKeyword.groovy:85)
	at com.kms.katalon.core.webui.keyword.builtin.SetTextKeyword.execute(SetTextKeyword.groovy:39)
	at com.kms.katalon.core.keyword.internal.KeywordExecutor.executeKeywordForPlatform(KeywordExecutor.groovy:74)
	at com.kms.katalon.core.webui.keyword.WebUiBuiltInKeywords.setText(WebUiBuiltInKeywords.groovy:1019)
	at Validar resumen ---.run(Validar resumen ---:26)
	at com.kms.katalon.core.main.ScriptEngine.run(ScriptEngine.java:194)
	at com.kms.katalon.core.main.ScriptEngine.runScriptAsRawText(ScriptEngine.java:119)
	at com.kms.katalon.core.main.TestCaseExecutor.runScript(TestCaseExecutor.java:448)
	at com.kms.katalon.core.main.TestCaseExecutor.doExecute(TestCaseExecutor.java:439)
	at com.kms.katalon.core.main.TestCaseExecutor.processExecutionPhase(TestCaseExecutor.java:418)
	at com.kms.katalon.core.main.TestCaseExecutor.accessMainPhase(TestCaseExecutor.java:410)
	at com.kms.katalon.core.main.TestCaseExecutor.execute(TestCaseExecutor.java:285)
	at com.kms.katalon.core.common.CommonExecutor.accessTestCaseMainPhase(CommonExecutor.java:65)
	at com.kms.katalon.core.main.TestSuiteExecutor.accessTestSuiteMainPhase(TestSuiteExecutor.java:150)
	at com.kms.katalon.core.main.TestSuiteExecutor.execute(TestSuiteExecutor.java:106)
	at com.kms.katalon.core.main.TestCaseMain.startTestSuite(TestCaseMain.java:180)
	at TempTestSuite1732729948317.run(TempTestSuite1732729948317.groovy:35)
	at java.base/jdk.internal.reflect.NativeMethodAccessorImpl.invoke0(Native Method)
	at java.base/jdk.internal.reflect.NativeMethodAccessorImpl.invoke(NativeMethodAccessorImpl.java:77)
	at java.base/jdk.internal.reflect.DelegatingMethodAccessorImpl.invoke(DelegatingMethodAccessorImpl.java:43)
Caused by: org.openqa.selenium.ElementNotInteractableException: Element <input id="input_descripcion" class="f1-first-name form-control msg_alert_tt inputRE" name="input_descripcion" type="text"> could not be scrolled into view
Build info: version: '3.141.59', revision: 'unknown', time: 'unknown'
System info: host: 'DESKTOP-RGFFP9A', ip: '10.136.10.6', os.name: 'Windows 11', os.arch: 'amd64', os.version: '10.0', java.version: '17.0.7'
Driver info: com.kms.katalon.core.webui.driver.firefox.CGeckoDriver
Capabilities {acceptInsecureCerts: true, browserName: firefox, browserVersion: 133.0, javascriptEnabled: true, moz:accessibilityChecks: false, moz:buildID: 20241121140525, moz:geckodriverVersion: 0.35.0, moz:headless: false, moz:platformVersion: 10.0, moz:processID: 27280, moz:profile: C:\Users\OLVATI\AppData\Loc..., moz:shutdownTimeout: 60000, moz:webdriverClick: true, moz:windowless: false, pageLoadStrategy: normal, platform: WINDOWS, platformName: WINDOWS, proxy: Proxy(direct), setWindowRect: true, strictFileInteractability: false, timeouts: {implicit: 0, pageLoad: 300000, script: 30000}, unhandledPromptBehavior: dismiss and notify, userAgent: Mozilla/5.0 (Windows NT 10....}
Session ID: 10bb64e7-91c3-430e-9f2b-3bfdbd90edb9
	at java.base/jdk.internal.reflect.NativeConstructorAccessorImpl.newInstance0(Native Method)
	at java.base/jdk.internal.reflect.NativeConstructorAccessorImpl.newInstance(NativeConstructorAccessorImpl.java:77)
	at java.base/jdk.internal.reflect.DelegatingConstructorAccessorImpl.newInstance(DelegatingConstructorAccessorImpl.java:45)
	at org.openqa.selenium.remote.http.W3CHttpResponseCodec.createException(W3CHttpResponseCodec.java:187)
	at org.openqa.selenium.remote.http.W3CHttpResponseCodec.decode(W3CHttpResponseCodec.java:122)
	at org.openqa.selenium.remote.http.W3CHttpResponseCodec.decode(W3CHttpResponseCodec.java:49)
	at org.openqa.selenium.remote.HttpCommandExecutor.execute(HttpCommandExecutor.java:158)
	at org.openqa.selenium.remote.service.DriverCommandExecutor.execute(DriverCommandExecutor.java:83)
	at org.openqa.selenium.remote.RemoteWebDriver.execute(RemoteWebDriver.java:552)
	at com.kms.katalon.selenium.driver.CFirefoxDriver.execute(CFirefoxDriver.java:28)
	at org.openqa.selenium.remote.RemoteWebElement.execute(RemoteWebElement.java:285)
	at org.openqa.selenium.remote.RemoteWebElement.clear(RemoteWebElement.java:124)
	at jdk.internal.reflect.GeneratedMethodAccessor17.invoke(Unknown Source)
	at java.base/jdk.internal.reflect.DelegatingMethodAccessorImpl.invoke(DelegatingMethodAccessorImpl.java:43)
	at org.openqa.selenium.support.events.EventFiringWebDriver$EventFiringWebElement.lambda$new$0(EventFiringWebDriver.java:404)
	at jdk.proxy2/jdk.proxy2.$Proxy21.clear(Unknown Source)
	at org.openqa.selenium.support.events.EventFiringWebDriver$EventFiringWebElement.clear(EventFiringWebDriver.java:436)
	at com.kms.katalon.core.webui.keyword.builtin.SetTextKeyword$_setText_closure1.doCall(SetTextKeyword.groovy:55)
	at com.kms.katalon.core.webui.keyword.builtin.SetTextKeyword$_setText_closure1.call(SetTextKeyword.groovy)
	at com.kms.katalon.core.webui.keyword.internal.WebUIKeywordMain.runKeyword(WebUIKeywordMain.groovy:35)
	at com.kms.katalon.core.webui.keyword.builtin.SetTextKeyword.setText(SetTextKeyword.groovy:85)
	at com.kms.katalon.core.webui.keyword.builtin.SetTextKeyword.execute(SetTextKeyword.groovy:39)
	at com.kms.katalon.core.keyword.internal.KeywordExecutor.executeKeywordForPlatform(KeywordExecutor.groovy:74)
	at com.kms.katalon.core.webui.keyword.WebUiBuiltInKeywords.setText(WebUiBuiltInKeywords.groovy:1019)
	at Script1732341473737.run(Script1732341473737.groovy:26)
	... 15 more
)]]></system-out>
         <system-err><![CDATA[27-11-2024T13:24:24 - [TEST_CASE][FAILED] - Test Cases/2.Positivos/2.2Sobre/Origen-Provincia/Validar resumen ---: Test Cases/2.Positivos/2.2Sobre/Origen-Provincia/Validar resumen --- FAILED.
Reason:
com.kms.katalon.core.exception.StepFailedException: Unable to set text 'PRUEBAS SOBRE' of object 'Object Repository/sobre/Page_Olva Courier  Datos Personales/input_Qu Envas_input_descripcion'
	at com.kms.katalon.core.webui.keyword.internal.WebUIKeywordMain.stepFailed(WebUIKeywordMain.groovy:117)
	at com.kms.katalon.core.webui.keyword.internal.WebUIKeywordMain.runKeyword(WebUIKeywordMain.groovy:43)
	at com.kms.katalon.core.webui.keyword.builtin.SetTextKeyword.setText(SetTextKeyword.groovy:85)
	at com.kms.katalon.core.webui.keyword.builtin.SetTextKeyword.execute(SetTextKeyword.groovy:39)
	at com.kms.katalon.core.keyword.internal.KeywordExecutor.executeKeywordForPlatform(KeywordExecutor.groovy:74)
	at com.kms.katalon.core.webui.keyword.WebUiBuiltInKeywords.setText(WebUiBuiltInKeywords.groovy:1019)
	at Validar resumen ---.run(Validar resumen ---:26)
	at com.kms.katalon.core.main.ScriptEngine.run(ScriptEngine.java:194)
	at com.kms.katalon.core.main.ScriptEngine.runScriptAsRawText(ScriptEngine.java:119)
	at com.kms.katalon.core.main.TestCaseExecutor.runScript(TestCaseExecutor.java:448)
	at com.kms.katalon.core.main.TestCaseExecutor.doExecute(TestCaseExecutor.java:439)
	at com.kms.katalon.core.main.TestCaseExecutor.processExecutionPhase(TestCaseExecutor.java:418)
	at com.kms.katalon.core.main.TestCaseExecutor.accessMainPhase(TestCaseExecutor.java:410)
	at com.kms.katalon.core.main.TestCaseExecutor.execute(TestCaseExecutor.java:285)
	at com.kms.katalon.core.common.CommonExecutor.accessTestCaseMainPhase(CommonExecutor.java:65)
	at com.kms.katalon.core.main.TestSuiteExecutor.accessTestSuiteMainPhase(TestSuiteExecutor.java:150)
	at com.kms.katalon.core.main.TestSuiteExecutor.execute(TestSuiteExecutor.java:106)
	at com.kms.katalon.core.main.TestCaseMain.startTestSuite(TestCaseMain.java:180)
	at TempTestSuite1732729948317.run(TempTestSuite1732729948317.groovy:35)
	at java.base/jdk.internal.reflect.NativeMethodAccessorImpl.invoke0(Native Method)
	at java.base/jdk.internal.reflect.NativeMethodAccessorImpl.invoke(NativeMethodAccessorImpl.java:77)
	at java.base/jdk.internal.reflect.DelegatingMethodAccessorImpl.invoke(DelegatingMethodAccessorImpl.java:43)
Caused by: org.openqa.selenium.ElementNotInteractableException: Element <input id="input_descripcion" class="f1-first-name form-control msg_alert_tt inputRE" name="input_descripcion" type="text"> could not be scrolled into view
Build info: version: '3.141.59', revision: 'unknown', time: 'unknown'
System info: host: 'DESKTOP-RGFFP9A', ip: '10.136.10.6', os.name: 'Windows 11', os.arch: 'amd64', os.version: '10.0', java.version: '17.0.7'
Driver info: com.kms.katalon.core.webui.driver.firefox.CGeckoDriver
Capabilities {acceptInsecureCerts: true, browserName: firefox, browserVersion: 133.0, javascriptEnabled: true, moz:accessibilityChecks: false, moz:buildID: 20241121140525, moz:geckodriverVersion: 0.35.0, moz:headless: false, moz:platformVersion: 10.0, moz:processID: 27280, moz:profile: C:\Users\OLVATI\AppData\Loc..., moz:shutdownTimeout: 60000, moz:webdriverClick: true, moz:windowless: false, pageLoadStrategy: normal, platform: WINDOWS, platformName: WINDOWS, proxy: Proxy(direct), setWindowRect: true, strictFileInteractability: false, timeouts: {implicit: 0, pageLoad: 300000, script: 30000}, unhandledPromptBehavior: dismiss and notify, userAgent: Mozilla/5.0 (Windows NT 10....}
Session ID: 10bb64e7-91c3-430e-9f2b-3bfdbd90edb9
	at java.base/jdk.internal.reflect.NativeConstructorAccessorImpl.newInstance0(Native Method)
	at java.base/jdk.internal.reflect.NativeConstructorAccessorImpl.newInstance(NativeConstructorAccessorImpl.java:77)
	at java.base/jdk.internal.reflect.DelegatingConstructorAccessorImpl.newInstance(DelegatingConstructorAccessorImpl.java:45)
	at org.openqa.selenium.remote.http.W3CHttpResponseCodec.createException(W3CHttpResponseCodec.java:187)
	at org.openqa.selenium.remote.http.W3CHttpResponseCodec.decode(W3CHttpResponseCodec.java:122)
	at org.openqa.selenium.remote.http.W3CHttpResponseCodec.decode(W3CHttpResponseCodec.java:49)
	at org.openqa.selenium.remote.HttpCommandExecutor.execute(HttpCommandExecutor.java:158)
	at org.openqa.selenium.remote.service.DriverCommandExecutor.execute(DriverCommandExecutor.java:83)
	at org.openqa.selenium.remote.RemoteWebDriver.execute(RemoteWebDriver.java:552)
	at com.kms.katalon.selenium.driver.CFirefoxDriver.execute(CFirefoxDriver.java:28)
	at org.openqa.selenium.remote.RemoteWebElement.execute(RemoteWebElement.java:285)
	at org.openqa.selenium.remote.RemoteWebElement.clear(RemoteWebElement.java:124)
	at jdk.internal.reflect.GeneratedMethodAccessor17.invoke(Unknown Source)
	at java.base/jdk.internal.reflect.DelegatingMethodAccessorImpl.invoke(DelegatingMethodAccessorImpl.java:43)
	at org.openqa.selenium.support.events.EventFiringWebDriver$EventFiringWebElement.lambda$new$0(EventFiringWebDriver.java:404)
	at jdk.proxy2/jdk.proxy2.$Proxy21.clear(Unknown Source)
	at org.openqa.selenium.support.events.EventFiringWebDriver$EventFiringWebElement.clear(EventFiringWebDriver.java:436)
	at com.kms.katalon.core.webui.keyword.builtin.SetTextKeyword$_setText_closure1.doCall(SetTextKeyword.groovy:55)
	at com.kms.katalon.core.webui.keyword.builtin.SetTextKeyword$_setText_closure1.call(SetTextKeyword.groovy)
	at com.kms.katalon.core.webui.keyword.internal.WebUIKeywordMain.runKeyword(WebUIKeywordMain.groovy:35)
	... 20 more]]></system-err>
      </testcase>
      <testcase name="Test Cases/2.Positivos/2.2Sobre/Origen-Provincia/Editar_Eliminar-Envios" time="19.538" classname="Test Cases/2.Positivos/2.2Sobre/Origen-Provincia/Editar_Eliminar-Envios" status="FAILED">
         <failure type="FAILED" message="Test Cases/2.Positivos/2.2Sobre/Origen-Provincia/Editar_Eliminar-Envios FAILED.&#xa;Reason:&#xa;com.kms.katalon.core.exception.StepFailedException: Unable to set text 'PRUEBAS SOBRE' of object 'Object Repository/sobre/Page_Olva Courier  Datos Personales/input_Qu Envas_input_descripcion'&#xa;	at com.kms.katalon.core.webui.keyword.internal.WebUIKeywordMain.stepFailed(WebUIKeywordMain.groovy:117)&#xa;	at com.kms.katalon.core.webui.keyword.internal.WebUIKeywordMain.runKeyword(WebUIKeywordMain.groovy:43)&#xa;	at com.kms.katalon.core.webui.keyword.builtin.SetTextKeyword.setText(SetTextKeyword.groovy:85)&#xa;	at com.kms.katalon.core.webui.keyword.builtin.SetTextKeyword.execute(SetTextKeyword.groovy:39)&#xa;	at com.kms.katalon.core.keyword.internal.KeywordExecutor.executeKeywordForPlatform(KeywordExecutor.groovy:74)&#xa;	at com.kms.katalon.core.webui.keyword.WebUiBuiltInKeywords.setText(WebUiBuiltInKeywords.groovy:1019)&#xa;	at Editar_Eliminar-Envios.run(Editar_Eliminar-Envios:26)&#xa;	at com.kms.katalon.core.main.ScriptEngine.run(ScriptEngine.java:194)&#xa;	at com.kms.katalon.core.main.ScriptEngine.runScriptAsRawText(ScriptEngine.java:119)&#xa;	at com.kms.katalon.core.main.TestCaseExecutor.runScript(TestCaseExecutor.java:448)&#xa;	at com.kms.katalon.core.main.TestCaseExecutor.doExecute(TestCaseExecutor.java:439)&#xa;	at com.kms.katalon.core.main.TestCaseExecutor.processExecutionPhase(TestCaseExecutor.java:418)&#xa;	at com.kms.katalon.core.main.TestCaseExecutor.accessMainPhase(TestCaseExecutor.java:410)&#xa;	at com.kms.katalon.core.main.TestCaseExecutor.execute(TestCaseExecutor.java:285)&#xa;	at com.kms.katalon.core.common.CommonExecutor.accessTestCaseMainPhase(CommonExecutor.java:65)&#xa;	at com.kms.katalon.core.main.TestSuiteExecutor.accessTestSuiteMainPhase(TestSuiteExecutor.java:150)&#xa;	at com.kms.katalon.core.main.TestSuiteExecutor.execute(TestSuiteExecutor.java:106)&#xa;	at com.kms.katalon.core.main.TestCaseMain.startTestSuite(TestCaseMain.java:180)&#xa;	at TempTestSuite1732729948317.run(TempTestSuite1732729948317.groovy:35)&#xa;	at java.base/jdk.internal.reflect.NativeMethodAccessorImpl.invoke0(Native Method)&#xa;	at java.base/jdk.internal.reflect.NativeMethodAccessorImpl.invoke(NativeMethodAccessorImpl.java:77)&#xa;	at java.base/jdk.internal.reflect.DelegatingMethodAccessorImpl.invoke(DelegatingMethodAccessorImpl.java:43)&#xa;Caused by: org.openqa.selenium.ElementNotInteractableException: Element &lt;input id=&quot;input_descripcion&quot; class=&quot;f1-first-name form-control msg_alert_tt inputRE&quot; name=&quot;input_descripcion&quot; type=&quot;text&quot;> could not be scrolled into view&#xa;Build info: version: '3.141.59', revision: 'unknown', time: 'unknown'&#xa;System info: host: 'DESKTOP-RGFFP9A', ip: '10.136.10.6', os.name: 'Windows 11', os.arch: 'amd64', os.version: '10.0', java.version: '17.0.7'&#xa;Driver info: com.kms.katalon.core.webui.driver.firefox.CGeckoDriver&#xa;Capabilities {acceptInsecureCerts: true, browserName: firefox, browserVersion: 133.0, javascriptEnabled: true, moz:accessibilityChecks: false, moz:buildID: 20241121140525, moz:geckodriverVersion: 0.35.0, moz:headless: false, moz:platformVersion: 10.0, moz:processID: 16424, moz:profile: C:\Users\OLVATI\AppData\Loc..., moz:shutdownTimeout: 60000, moz:webdriverClick: true, moz:windowless: false, pageLoadStrategy: normal, platform: WINDOWS, platformName: WINDOWS, proxy: Proxy(direct), setWindowRect: true, strictFileInteractability: false, timeouts: {implicit: 0, pageLoad: 300000, script: 30000}, unhandledPromptBehavior: dismiss and notify, userAgent: Mozilla/5.0 (Windows NT 10....}&#xa;Session ID: 20fb0873-ff67-4b63-a01f-1530da8ae7fc&#xa;	at java.base/jdk.internal.reflect.NativeConstructorAccessorImpl.newInstance0(Native Method)&#xa;	at java.base/jdk.internal.reflect.NativeConstructorAccessorImpl.newInstance(NativeConstructorAccessorImpl.java:77)&#xa;	at java.base/jdk.internal.reflect.DelegatingConstructorAccessorImpl.newInstance(DelegatingConstructorAccessorImpl.java:45)&#xa;	at org.openqa.selenium.remote.http.W3CHttpResponseCodec.createException(W3CHttpResponseCodec.java:187)&#xa;	at org.openqa.selenium.remote.http.W3CHttpResponseCodec.decode(W3CHttpResponseCodec.java:122)&#xa;	at org.openqa.selenium.remote.http.W3CHttpResponseCodec.decode(W3CHttpResponseCodec.java:49)&#xa;	at org.openqa.selenium.remote.HttpCommandExecutor.execute(HttpCommandExecutor.java:158)&#xa;	at org.openqa.selenium.remote.service.DriverCommandExecutor.execute(DriverCommandExecutor.java:83)&#xa;	at org.openqa.selenium.remote.RemoteWebDriver.execute(RemoteWebDriver.java:552)&#xa;	at com.kms.katalon.selenium.driver.CFirefoxDriver.execute(CFirefoxDriver.java:28)&#xa;	at org.openqa.selenium.remote.RemoteWebElement.execute(RemoteWebElement.java:285)&#xa;	at org.openqa.selenium.remote.RemoteWebElement.clear(RemoteWebElement.java:124)&#xa;	at jdk.internal.reflect.GeneratedMethodAccessor17.invoke(Unknown Source)&#xa;	at java.base/jdk.internal.reflect.DelegatingMethodAccessorImpl.invoke(DelegatingMethodAccessorImpl.java:43)&#xa;	at org.openqa.selenium.support.events.EventFiringWebDriver$EventFiringWebElement.lambda$new$0(EventFiringWebDriver.java:404)&#xa;	at jdk.proxy2/jdk.proxy2.$Proxy21.clear(Unknown Source)&#xa;	at org.openqa.selenium.support.events.EventFiringWebDriver$EventFiringWebElement.clear(EventFiringWebDriver.java:436)&#xa;	at com.kms.katalon.core.webui.keyword.builtin.SetTextKeyword$_setText_closure1.doCall(SetTextKeyword.groovy:55)&#xa;	at com.kms.katalon.core.webui.keyword.builtin.SetTextKeyword$_setText_closure1.call(SetTextKeyword.groovy)&#xa;	at com.kms.katalon.core.webui.keyword.internal.WebUIKeywordMain.runKeyword(WebUIKeywordMain.groovy:35)&#xa;	... 20 more&#xa;"/>
         <system-out><![CDATA[27-11-2024T13:24:44 - [TEST_CASE][FAILED] - Test Cases/2.Positivos/2.2Sobre/Origen-Provincia/Editar_Eliminar-Envios: Test Cases/2.Positivos/2.2Sobre/Origen-Provincia/Editar_Eliminar-Envios FAILED.
Reason:
com.kms.katalon.core.exception.StepFailedException: Unable to set text 'PRUEBAS SOBRE' of object 'Object Repository/sobre/Page_Olva Courier  Datos Personales/input_Qu Envas_input_descripcion'
	at com.kms.katalon.core.webui.keyword.internal.WebUIKeywordMain.stepFailed(WebUIKeywordMain.groovy:117)
	at com.kms.katalon.core.webui.keyword.internal.WebUIKeywordMain.runKeyword(WebUIKeywordMain.groovy:43)
	at com.kms.katalon.core.webui.keyword.builtin.SetTextKeyword.setText(SetTextKeyword.groovy:85)
	at com.kms.katalon.core.webui.keyword.builtin.SetTextKeyword.execute(SetTextKeyword.groovy:39)
	at com.kms.katalon.core.keyword.internal.KeywordExecutor.executeKeywordForPlatform(KeywordExecutor.groovy:74)
	at com.kms.katalon.core.webui.keyword.WebUiBuiltInKeywords.setText(WebUiBuiltInKeywords.groovy:1019)
	at Editar_Eliminar-Envios.run(Editar_Eliminar-Envios:26)
	at com.kms.katalon.core.main.ScriptEngine.run(ScriptEngine.java:194)
	at com.kms.katalon.core.main.ScriptEngine.runScriptAsRawText(ScriptEngine.java:119)
	at com.kms.katalon.core.main.TestCaseExecutor.runScript(TestCaseExecutor.java:448)
	at com.kms.katalon.core.main.TestCaseExecutor.doExecute(TestCaseExecutor.java:439)
	at com.kms.katalon.core.main.TestCaseExecutor.processExecutionPhase(TestCaseExecutor.java:418)
	at com.kms.katalon.core.main.TestCaseExecutor.accessMainPhase(TestCaseExecutor.java:410)
	at com.kms.katalon.core.main.TestCaseExecutor.execute(TestCaseExecutor.java:285)
	at com.kms.katalon.core.common.CommonExecutor.accessTestCaseMainPhase(CommonExecutor.java:65)
	at com.kms.katalon.core.main.TestSuiteExecutor.accessTestSuiteMainPhase(TestSuiteExecutor.java:150)
	at com.kms.katalon.core.main.TestSuiteExecutor.execute(TestSuiteExecutor.java:106)
	at com.kms.katalon.core.main.TestCaseMain.startTestSuite(TestCaseMain.java:180)
	at TempTestSuite1732729948317.run(TempTestSuite1732729948317.groovy:35)
	at java.base/jdk.internal.reflect.NativeMethodAccessorImpl.invoke0(Native Method)
	at java.base/jdk.internal.reflect.NativeMethodAccessorImpl.invoke(NativeMethodAccessorImpl.java:77)
	at java.base/jdk.internal.reflect.DelegatingMethodAccessorImpl.invoke(DelegatingMethodAccessorImpl.java:43)
Caused by: org.openqa.selenium.ElementNotInteractableException: Element <input id="input_descripcion" class="f1-first-name form-control msg_alert_tt inputRE" name="input_descripcion" type="text"> could not be scrolled into view
Build info: version: '3.141.59', revision: 'unknown', time: 'unknown'
System info: host: 'DESKTOP-RGFFP9A', ip: '10.136.10.6', os.name: 'Windows 11', os.arch: 'amd64', os.version: '10.0', java.version: '17.0.7'
Driver info: com.kms.katalon.core.webui.driver.firefox.CGeckoDriver
Capabilities {acceptInsecureCerts: true, browserName: firefox, browserVersion: 133.0, javascriptEnabled: true, moz:accessibilityChecks: false, moz:buildID: 20241121140525, moz:geckodriverVersion: 0.35.0, moz:headless: false, moz:platformVersion: 10.0, moz:processID: 16424, moz:profile: C:\Users\OLVATI\AppData\Loc..., moz:shutdownTimeout: 60000, moz:webdriverClick: true, moz:windowless: false, pageLoadStrategy: normal, platform: WINDOWS, platformName: WINDOWS, proxy: Proxy(direct), setWindowRect: true, strictFileInteractability: false, timeouts: {implicit: 0, pageLoad: 300000, script: 30000}, unhandledPromptBehavior: dismiss and notify, userAgent: Mozilla/5.0 (Windows NT 10....}
Session ID: 20fb0873-ff67-4b63-a01f-1530da8ae7fc
	at java.base/jdk.internal.reflect.NativeConstructorAccessorImpl.newInstance0(Native Method)
	at java.base/jdk.internal.reflect.NativeConstructorAccessorImpl.newInstance(NativeConstructorAccessorImpl.java:77)
	at java.base/jdk.internal.reflect.DelegatingConstructorAccessorImpl.newInstance(DelegatingConstructorAccessorImpl.java:45)
	at org.openqa.selenium.remote.http.W3CHttpResponseCodec.createException(W3CHttpResponseCodec.java:187)
	at org.openqa.selenium.remote.http.W3CHttpResponseCodec.decode(W3CHttpResponseCodec.java:122)
	at org.openqa.selenium.remote.http.W3CHttpResponseCodec.decode(W3CHttpResponseCodec.java:49)
	at org.openqa.selenium.remote.HttpCommandExecutor.execute(HttpCommandExecutor.java:158)
	at org.openqa.selenium.remote.service.DriverCommandExecutor.execute(DriverCommandExecutor.java:83)
	at org.openqa.selenium.remote.RemoteWebDriver.execute(RemoteWebDriver.java:552)
	at com.kms.katalon.selenium.driver.CFirefoxDriver.execute(CFirefoxDriver.java:28)
	at org.openqa.selenium.remote.RemoteWebElement.execute(RemoteWebElement.java:285)
	at org.openqa.selenium.remote.RemoteWebElement.clear(RemoteWebElement.java:124)
	at jdk.internal.reflect.GeneratedMethodAccessor17.invoke(Unknown Source)
	at java.base/jdk.internal.reflect.DelegatingMethodAccessorImpl.invoke(DelegatingMethodAccessorImpl.java:43)
	at org.openqa.selenium.support.events.EventFiringWebDriver$EventFiringWebElement.lambda$new$0(EventFiringWebDriver.java:404)
	at jdk.proxy2/jdk.proxy2.$Proxy21.clear(Unknown Source)
	at org.openqa.selenium.support.events.EventFiringWebDriver$EventFiringWebElement.clear(EventFiringWebDriver.java:436)
	at com.kms.katalon.core.webui.keyword.builtin.SetTextKeyword$_setText_closure1.doCall(SetTextKeyword.groovy:55)
	at com.kms.katalon.core.webui.keyword.builtin.SetTextKeyword$_setText_closure1.call(SetTextKeyword.groovy)
	at com.kms.katalon.core.webui.keyword.internal.WebUIKeywordMain.runKeyword(WebUIKeywordMain.groovy:35)
	... 20 more


27-11-2024T13:24:44 - [TEST_STEP][PASSED] - callTestCase(findTestCase("1.Inicio/1.1Principal/Principal-home"), [:], STOP_ON_FAILURE): Call Test Case 'Test Cases/1.Inicio/1.1Principal/Principal-home' successfully

27-11-2024T13:24:44 - [TEST_CASE][PASSED] - Test Cases/1.Inicio/1.1Principal/Principal-home: Test Cases/1.Inicio/1.1Principal/Principal-home

27-11-2024T13:24:44 - [TEST_STEP][PASSED] - openBrowser(""): Browser is opened with url: ''

27-11-2024T13:24:44 - [MESSAGE][WARNING] - A browser is already opened. Closing browser and opening a new one

27-11-2024T13:24:46 - [MESSAGE][INFO] - Starting 'Firefox' driver

27-11-2024T13:24:46 - [MESSAGE][INFO] - Action delay is set to 0 milliseconds

27-11-2024T13:24:52 - [MESSAGE][PASSED] - Browser is opened with url: ''

27-11-2024T13:24:52 - [TEST_STEP][PASSED] - navigateToUrl("https://dev01-registrodeenvios.olvacourier.com/principal"): Navigate to 'https://dev01-registrodeenvios.olvacourier.com/principal' successfully

27-11-2024T13:24:53 - [MESSAGE][PASSED] - Navigate to 'https://dev01-registrodeenvios.olvacourier.com/principal' successfully

27-11-2024T13:24:53 - [TEST_STEP][PASSED] - maximizeWindow(): Current window maximized

27-11-2024T13:24:53 - [MESSAGE][PASSED] - Current window maximized

27-11-2024T13:24:53 - [MESSAGE][PASSED] - Call Test Case 'Test Cases/1.Inicio/1.1Principal/Principal-home' successfully

27-11-2024T13:24:53 - [TEST_STEP][PASSED] - callTestCase(findTestCase("1.Inicio/1.1Principal/Selec_paquete"), [:], STOP_ON_FAILURE): Call Test Case 'Test Cases/1.Inicio/1.1Principal/Selec_paquete' successfully

27-11-2024T13:24:53 - [TEST_CASE][PASSED] - Test Cases/1.Inicio/1.1Principal/Selec_paquete: Test Cases/1.Inicio/1.1Principal/Selec_paquete

27-11-2024T13:24:53 - [TEST_STEP][PASSED] - click(findTestObject("Object Repository/Principal/Page_Olva Courier  Home/img_Qu deseas realizar hoy_img_paquete")): Object: 'Object Repository/Principal/Page_Olva Courier  Home/img_Qu deseas realizar hoy_img_paquete' is clicked on

27-11-2024T13:24:54 - [MESSAGE][PASSED] - Object: 'Object Repository/Principal/Page_Olva Courier  Home/img_Qu deseas realizar hoy_img_paquete' is clicked on

27-11-2024T13:24:54 - [TEST_STEP][PASSED] - click(findTestObject("Object Repository/Principal/Page_Olva Courier  Home/span_He ledo y acepto los_checkmark (1)")): Object: 'Object Repository/Principal/Page_Olva Courier  Home/span_He ledo y acepto los_checkmark (1)' is clicked on

27-11-2024T13:24:54 - [MESSAGE][PASSED] - Object: 'Object Repository/Principal/Page_Olva Courier  Home/span_He ledo y acepto los_checkmark (1)' is clicked on

27-11-2024T13:24:54 - [TEST_STEP][PASSED] - click(findTestObject("Object Repository/Principal/Page_Olva Courier  Home/button_CONTINUAR (1)")): Object: 'Object Repository/Principal/Page_Olva Courier  Home/button_CONTINUAR (1)' is clicked on

27-11-2024T13:24:56 - [MESSAGE][PASSED] - Object: 'Object Repository/Principal/Page_Olva Courier  Home/button_CONTINUAR (1)' is clicked on

27-11-2024T13:24:56 - [TEST_STEP][PASSED] - verifyElementPresent(findTestObject("Object Repository/Principal/Page_Olva Courier  Datos Personales/strong_REGISTRO DE ENVOS"), 0): Object 'Object Repository/Principal/Page_Olva Courier  Datos Personales/strong_REGISTRO DE ENVOS' is present

27-11-2024T13:24:56 - [MESSAGE][WARNING] - Timeout '0' is invalid. Using default page load timeout: '30'

27-11-2024T13:24:56 - [MESSAGE][PASSED] - Object 'Object Repository/Principal/Page_Olva Courier  Datos Personales/strong_REGISTRO DE ENVOS' is present

27-11-2024T13:24:56 - [TEST_STEP][PASSED] - verifyElementPresent(findTestObject("Object Repository/Principal/Page_Olva Courier  Datos Personales/span_Regresar (1)"), 0): Object 'Object Repository/Principal/Page_Olva Courier  Datos Personales/span_Regresar (1)' is present

27-11-2024T13:24:56 - [MESSAGE][WARNING] - Timeout '0' is invalid. Using default page load timeout: '30'

27-11-2024T13:24:56 - [MESSAGE][PASSED] - Object 'Object Repository/Principal/Page_Olva Courier  Datos Personales/span_Regresar (1)' is present

27-11-2024T13:24:56 - [TEST_STEP][PASSED] - verifyElementPresent(findTestObject("Object Repository/Principal/Page_Olva Courier  Datos Personales/span_Inicio (1)"), 0): Object 'Object Repository/Principal/Page_Olva Courier  Datos Personales/span_Inicio (1)' is present

27-11-2024T13:24:56 - [MESSAGE][WARNING] - Timeout '0' is invalid. Using default page load timeout: '30'

27-11-2024T13:24:57 - [MESSAGE][PASSED] - Object 'Object Repository/Principal/Page_Olva Courier  Datos Personales/span_Inicio (1)' is present

27-11-2024T13:24:57 - [MESSAGE][PASSED] - Call Test Case 'Test Cases/1.Inicio/1.1Principal/Selec_paquete' successfully

27-11-2024T13:24:57 - [TEST_STEP][PASSED] - callTestCase(findTestCase("1.Inicio/1.2Tipo_Doc/3.CE"), [:], STOP_ON_FAILURE): Call Test Case 'Test Cases/1.Inicio/1.2Tipo_Doc/3.CE' successfully

27-11-2024T13:24:57 - [TEST_CASE][PASSED] - Test Cases/1.Inicio/1.2Tipo_Doc/3.CE: Test Cases/1.Inicio/1.2Tipo_Doc/3.CE

27-11-2024T13:24:57 - [TEST_STEP][PASSED] - click(findTestObject("Object Repository/Login/Page_Olva Courier  Datos Personales/button_Tipo De Documento")): Object: 'Object Repository/Login/Page_Olva Courier  Datos Personales/button_Tipo De Documento' is clicked on

27-11-2024T13:24:57 - [MESSAGE][PASSED] - Object: 'Object Repository/Login/Page_Olva Courier  Datos Personales/button_Tipo De Documento' is clicked on

27-11-2024T13:24:57 - [TEST_STEP][PASSED] - click(findTestObject("Object Repository/Login/Page_Olva Courier  Datos Personales/span_CARN EXT. (Boleta)")): Object: 'Object Repository/Login/Page_Olva Courier  Datos Personales/span_CARN EXT. (Boleta)' is clicked on

27-11-2024T13:24:58 - [MESSAGE][PASSED] - Object: 'Object Repository/Login/Page_Olva Courier  Datos Personales/span_CARN EXT. (Boleta)' is clicked on

27-11-2024T13:24:58 - [TEST_STEP][PASSED] - setText(findTestObject("Object Repository/Login/Page_Olva Courier  Datos Personales/input_CARN EXT. (Boleta)_txt_documento_cliente"), "002691903"): Text '002691903' is set on object 'Object Repository/Login/Page_Olva Courier  Datos Personales/input_CARN EXT. (Boleta)_txt_documento_cliente'

27-11-2024T13:24:58 - [MESSAGE][PASSED] - Text '002691903' is set on object 'Object Repository/Login/Page_Olva Courier  Datos Personales/input_CARN EXT. (Boleta)_txt_documento_cliente'

27-11-2024T13:24:58 - [MESSAGE][PASSED] - Call Test Case 'Test Cases/1.Inicio/1.2Tipo_Doc/3.CE' successfully

27-11-2024T13:24:58 - [TEST_STEP][FAILED] - setText(findTestObject("Object Repository/sobre/Page_Olva Courier  Datos Personales/input_Qu Envas_input_descripcion"), "PRUEBAS SOBRE"): Unable to set text 'PRUEBAS SOBRE' of object 'Object Repository/sobre/Page_Olva Courier  Datos Personales/input_Qu Envas_input_descripcion' (Root cause: com.kms.katalon.core.exception.StepFailedException: Unable to set text 'PRUEBAS SOBRE' of object 'Object Repository/sobre/Page_Olva Courier  Datos Personales/input_Qu Envas_input_descripcion'
	at com.kms.katalon.core.webui.keyword.internal.WebUIKeywordMain.stepFailed(WebUIKeywordMain.groovy:117)
	at com.kms.katalon.core.webui.keyword.internal.WebUIKeywordMain.runKeyword(WebUIKeywordMain.groovy:43)
	at com.kms.katalon.core.webui.keyword.builtin.SetTextKeyword.setText(SetTextKeyword.groovy:85)
	at com.kms.katalon.core.webui.keyword.builtin.SetTextKeyword.execute(SetTextKeyword.groovy:39)
	at com.kms.katalon.core.keyword.internal.KeywordExecutor.executeKeywordForPlatform(KeywordExecutor.groovy:74)
	at com.kms.katalon.core.webui.keyword.WebUiBuiltInKeywords.setText(WebUiBuiltInKeywords.groovy:1019)
	at Editar_Eliminar-Envios.run(Editar_Eliminar-Envios:26)
	at com.kms.katalon.core.main.ScriptEngine.run(ScriptEngine.java:194)
	at com.kms.katalon.core.main.ScriptEngine.runScriptAsRawText(ScriptEngine.java:119)
	at com.kms.katalon.core.main.TestCaseExecutor.runScript(TestCaseExecutor.java:448)
	at com.kms.katalon.core.main.TestCaseExecutor.doExecute(TestCaseExecutor.java:439)
	at com.kms.katalon.core.main.TestCaseExecutor.processExecutionPhase(TestCaseExecutor.java:418)
	at com.kms.katalon.core.main.TestCaseExecutor.accessMainPhase(TestCaseExecutor.java:410)
	at com.kms.katalon.core.main.TestCaseExecutor.execute(TestCaseExecutor.java:285)
	at com.kms.katalon.core.common.CommonExecutor.accessTestCaseMainPhase(CommonExecutor.java:65)
	at com.kms.katalon.core.main.TestSuiteExecutor.accessTestSuiteMainPhase(TestSuiteExecutor.java:150)
	at com.kms.katalon.core.main.TestSuiteExecutor.execute(TestSuiteExecutor.java:106)
	at com.kms.katalon.core.main.TestCaseMain.startTestSuite(TestCaseMain.java:180)
	at TempTestSuite1732729948317.run(TempTestSuite1732729948317.groovy:35)
	at java.base/jdk.internal.reflect.NativeMethodAccessorImpl.invoke0(Native Method)
	at java.base/jdk.internal.reflect.NativeMethodAccessorImpl.invoke(NativeMethodAccessorImpl.java:77)
	at java.base/jdk.internal.reflect.DelegatingMethodAccessorImpl.invoke(DelegatingMethodAccessorImpl.java:43)
Caused by: org.openqa.selenium.ElementNotInteractableException: Element <input id="input_descripcion" class="f1-first-name form-control msg_alert_tt inputRE" name="input_descripcion" type="text"> could not be scrolled into view
Build info: version: '3.141.59', revision: 'unknown', time: 'unknown'
System info: host: 'DESKTOP-RGFFP9A', ip: '10.136.10.6', os.name: 'Windows 11', os.arch: 'amd64', os.version: '10.0', java.version: '17.0.7'
Driver info: com.kms.katalon.core.webui.driver.firefox.CGeckoDriver
Capabilities {acceptInsecureCerts: true, browserName: firefox, browserVersion: 133.0, javascriptEnabled: true, moz:accessibilityChecks: false, moz:buildID: 20241121140525, moz:geckodriverVersion: 0.35.0, moz:headless: false, moz:platformVersion: 10.0, moz:processID: 16424, moz:profile: C:\Users\OLVATI\AppData\Loc..., moz:shutdownTimeout: 60000, moz:webdriverClick: true, moz:windowless: false, pageLoadStrategy: normal, platform: WINDOWS, platformName: WINDOWS, proxy: Proxy(direct), setWindowRect: true, strictFileInteractability: false, timeouts: {implicit: 0, pageLoad: 300000, script: 30000}, unhandledPromptBehavior: dismiss and notify, userAgent: Mozilla/5.0 (Windows NT 10....}
Session ID: 20fb0873-ff67-4b63-a01f-1530da8ae7fc
	at java.base/jdk.internal.reflect.NativeConstructorAccessorImpl.newInstance0(Native Method)
	at java.base/jdk.internal.reflect.NativeConstructorAccessorImpl.newInstance(NativeConstructorAccessorImpl.java:77)
	at java.base/jdk.internal.reflect.DelegatingConstructorAccessorImpl.newInstance(DelegatingConstructorAccessorImpl.java:45)
	at org.openqa.selenium.remote.http.W3CHttpResponseCodec.createException(W3CHttpResponseCodec.java:187)
	at org.openqa.selenium.remote.http.W3CHttpResponseCodec.decode(W3CHttpResponseCodec.java:122)
	at org.openqa.selenium.remote.http.W3CHttpResponseCodec.decode(W3CHttpResponseCodec.java:49)
	at org.openqa.selenium.remote.HttpCommandExecutor.execute(HttpCommandExecutor.java:158)
	at org.openqa.selenium.remote.service.DriverCommandExecutor.execute(DriverCommandExecutor.java:83)
	at org.openqa.selenium.remote.RemoteWebDriver.execute(RemoteWebDriver.java:552)
	at com.kms.katalon.selenium.driver.CFirefoxDriver.execute(CFirefoxDriver.java:28)
	at org.openqa.selenium.remote.RemoteWebElement.execute(RemoteWebElement.java:285)
	at org.openqa.selenium.remote.RemoteWebElement.clear(RemoteWebElement.java:124)
	at jdk.internal.reflect.GeneratedMethodAccessor17.invoke(Unknown Source)
	at java.base/jdk.internal.reflect.DelegatingMethodAccessorImpl.invoke(DelegatingMethodAccessorImpl.java:43)
	at org.openqa.selenium.support.events.EventFiringWebDriver$EventFiringWebElement.lambda$new$0(EventFiringWebDriver.java:404)
	at jdk.proxy2/jdk.proxy2.$Proxy21.clear(Unknown Source)
	at org.openqa.selenium.support.events.EventFiringWebDriver$EventFiringWebElement.clear(EventFiringWebDriver.java:436)
	at com.kms.katalon.core.webui.keyword.builtin.SetTextKeyword$_setText_closure1.doCall(SetTextKeyword.groovy:55)
	at com.kms.katalon.core.webui.keyword.builtin.SetTextKeyword$_setText_closure1.call(SetTextKeyword.groovy)
	at com.kms.katalon.core.webui.keyword.internal.WebUIKeywordMain.runKeyword(WebUIKeywordMain.groovy:35)
	at com.kms.katalon.core.webui.keyword.builtin.SetTextKeyword.setText(SetTextKeyword.groovy:85)
	at com.kms.katalon.core.webui.keyword.builtin.SetTextKeyword.execute(SetTextKeyword.groovy:39)
	at com.kms.katalon.core.keyword.internal.KeywordExecutor.executeKeywordForPlatform(KeywordExecutor.groovy:74)
	at com.kms.katalon.core.webui.keyword.WebUiBuiltInKeywords.setText(WebUiBuiltInKeywords.groovy:1019)
	at Script1732341473722.run(Script1732341473722.groovy:26)
	... 15 more
)

27-11-2024T13:25:03 - [MESSAGE][FAILED] - Unable to set text 'PRUEBAS SOBRE' of object 'Object Repository/sobre/Page_Olva Courier  Datos Personales/input_Qu Envas_input_descripcion' (Root cause: com.kms.katalon.core.exception.StepFailedException: Unable to set text 'PRUEBAS SOBRE' of object 'Object Repository/sobre/Page_Olva Courier  Datos Personales/input_Qu Envas_input_descripcion'
	at com.kms.katalon.core.webui.keyword.internal.WebUIKeywordMain.stepFailed(WebUIKeywordMain.groovy:117)
	at com.kms.katalon.core.webui.keyword.internal.WebUIKeywordMain.runKeyword(WebUIKeywordMain.groovy:43)
	at com.kms.katalon.core.webui.keyword.builtin.SetTextKeyword.setText(SetTextKeyword.groovy:85)
	at com.kms.katalon.core.webui.keyword.builtin.SetTextKeyword.execute(SetTextKeyword.groovy:39)
	at com.kms.katalon.core.keyword.internal.KeywordExecutor.executeKeywordForPlatform(KeywordExecutor.groovy:74)
	at com.kms.katalon.core.webui.keyword.WebUiBuiltInKeywords.setText(WebUiBuiltInKeywords.groovy:1019)
	at Editar_Eliminar-Envios.run(Editar_Eliminar-Envios:26)
	at com.kms.katalon.core.main.ScriptEngine.run(ScriptEngine.java:194)
	at com.kms.katalon.core.main.ScriptEngine.runScriptAsRawText(ScriptEngine.java:119)
	at com.kms.katalon.core.main.TestCaseExecutor.runScript(TestCaseExecutor.java:448)
	at com.kms.katalon.core.main.TestCaseExecutor.doExecute(TestCaseExecutor.java:439)
	at com.kms.katalon.core.main.TestCaseExecutor.processExecutionPhase(TestCaseExecutor.java:418)
	at com.kms.katalon.core.main.TestCaseExecutor.accessMainPhase(TestCaseExecutor.java:410)
	at com.kms.katalon.core.main.TestCaseExecutor.execute(TestCaseExecutor.java:285)
	at com.kms.katalon.core.common.CommonExecutor.accessTestCaseMainPhase(CommonExecutor.java:65)
	at com.kms.katalon.core.main.TestSuiteExecutor.accessTestSuiteMainPhase(TestSuiteExecutor.java:150)
	at com.kms.katalon.core.main.TestSuiteExecutor.execute(TestSuiteExecutor.java:106)
	at com.kms.katalon.core.main.TestCaseMain.startTestSuite(TestCaseMain.java:180)
	at TempTestSuite1732729948317.run(TempTestSuite1732729948317.groovy:35)
	at java.base/jdk.internal.reflect.NativeMethodAccessorImpl.invoke0(Native Method)
	at java.base/jdk.internal.reflect.NativeMethodAccessorImpl.invoke(NativeMethodAccessorImpl.java:77)
	at java.base/jdk.internal.reflect.DelegatingMethodAccessorImpl.invoke(DelegatingMethodAccessorImpl.java:43)
Caused by: org.openqa.selenium.ElementNotInteractableException: Element <input id="input_descripcion" class="f1-first-name form-control msg_alert_tt inputRE" name="input_descripcion" type="text"> could not be scrolled into view
Build info: version: '3.141.59', revision: 'unknown', time: 'unknown'
System info: host: 'DESKTOP-RGFFP9A', ip: '10.136.10.6', os.name: 'Windows 11', os.arch: 'amd64', os.version: '10.0', java.version: '17.0.7'
Driver info: com.kms.katalon.core.webui.driver.firefox.CGeckoDriver
Capabilities {acceptInsecureCerts: true, browserName: firefox, browserVersion: 133.0, javascriptEnabled: true, moz:accessibilityChecks: false, moz:buildID: 20241121140525, moz:geckodriverVersion: 0.35.0, moz:headless: false, moz:platformVersion: 10.0, moz:processID: 16424, moz:profile: C:\Users\OLVATI\AppData\Loc..., moz:shutdownTimeout: 60000, moz:webdriverClick: true, moz:windowless: false, pageLoadStrategy: normal, platform: WINDOWS, platformName: WINDOWS, proxy: Proxy(direct), setWindowRect: true, strictFileInteractability: false, timeouts: {implicit: 0, pageLoad: 300000, script: 30000}, unhandledPromptBehavior: dismiss and notify, userAgent: Mozilla/5.0 (Windows NT 10....}
Session ID: 20fb0873-ff67-4b63-a01f-1530da8ae7fc
	at java.base/jdk.internal.reflect.NativeConstructorAccessorImpl.newInstance0(Native Method)
	at java.base/jdk.internal.reflect.NativeConstructorAccessorImpl.newInstance(NativeConstructorAccessorImpl.java:77)
	at java.base/jdk.internal.reflect.DelegatingConstructorAccessorImpl.newInstance(DelegatingConstructorAccessorImpl.java:45)
	at org.openqa.selenium.remote.http.W3CHttpResponseCodec.createException(W3CHttpResponseCodec.java:187)
	at org.openqa.selenium.remote.http.W3CHttpResponseCodec.decode(W3CHttpResponseCodec.java:122)
	at org.openqa.selenium.remote.http.W3CHttpResponseCodec.decode(W3CHttpResponseCodec.java:49)
	at org.openqa.selenium.remote.HttpCommandExecutor.execute(HttpCommandExecutor.java:158)
	at org.openqa.selenium.remote.service.DriverCommandExecutor.execute(DriverCommandExecutor.java:83)
	at org.openqa.selenium.remote.RemoteWebDriver.execute(RemoteWebDriver.java:552)
	at com.kms.katalon.selenium.driver.CFirefoxDriver.execute(CFirefoxDriver.java:28)
	at org.openqa.selenium.remote.RemoteWebElement.execute(RemoteWebElement.java:285)
	at org.openqa.selenium.remote.RemoteWebElement.clear(RemoteWebElement.java:124)
	at jdk.internal.reflect.GeneratedMethodAccessor17.invoke(Unknown Source)
	at java.base/jdk.internal.reflect.DelegatingMethodAccessorImpl.invoke(DelegatingMethodAccessorImpl.java:43)
	at org.openqa.selenium.support.events.EventFiringWebDriver$EventFiringWebElement.lambda$new$0(EventFiringWebDriver.java:404)
	at jdk.proxy2/jdk.proxy2.$Proxy21.clear(Unknown Source)
	at org.openqa.selenium.support.events.EventFiringWebDriver$EventFiringWebElement.clear(EventFiringWebDriver.java:436)
	at com.kms.katalon.core.webui.keyword.builtin.SetTextKeyword$_setText_closure1.doCall(SetTextKeyword.groovy:55)
	at com.kms.katalon.core.webui.keyword.builtin.SetTextKeyword$_setText_closure1.call(SetTextKeyword.groovy)
	at com.kms.katalon.core.webui.keyword.internal.WebUIKeywordMain.runKeyword(WebUIKeywordMain.groovy:35)
	at com.kms.katalon.core.webui.keyword.builtin.SetTextKeyword.setText(SetTextKeyword.groovy:85)
	at com.kms.katalon.core.webui.keyword.builtin.SetTextKeyword.execute(SetTextKeyword.groovy:39)
	at com.kms.katalon.core.keyword.internal.KeywordExecutor.executeKeywordForPlatform(KeywordExecutor.groovy:74)
	at com.kms.katalon.core.webui.keyword.WebUiBuiltInKeywords.setText(WebUiBuiltInKeywords.groovy:1019)
	at Script1732341473722.run(Script1732341473722.groovy:26)
	... 15 more
)]]></system-out>
         <system-err><![CDATA[27-11-2024T13:24:44 - [TEST_CASE][FAILED] - Test Cases/2.Positivos/2.2Sobre/Origen-Provincia/Editar_Eliminar-Envios: Test Cases/2.Positivos/2.2Sobre/Origen-Provincia/Editar_Eliminar-Envios FAILED.
Reason:
com.kms.katalon.core.exception.StepFailedException: Unable to set text 'PRUEBAS SOBRE' of object 'Object Repository/sobre/Page_Olva Courier  Datos Personales/input_Qu Envas_input_descripcion'
	at com.kms.katalon.core.webui.keyword.internal.WebUIKeywordMain.stepFailed(WebUIKeywordMain.groovy:117)
	at com.kms.katalon.core.webui.keyword.internal.WebUIKeywordMain.runKeyword(WebUIKeywordMain.groovy:43)
	at com.kms.katalon.core.webui.keyword.builtin.SetTextKeyword.setText(SetTextKeyword.groovy:85)
	at com.kms.katalon.core.webui.keyword.builtin.SetTextKeyword.execute(SetTextKeyword.groovy:39)
	at com.kms.katalon.core.keyword.internal.KeywordExecutor.executeKeywordForPlatform(KeywordExecutor.groovy:74)
	at com.kms.katalon.core.webui.keyword.WebUiBuiltInKeywords.setText(WebUiBuiltInKeywords.groovy:1019)
	at Editar_Eliminar-Envios.run(Editar_Eliminar-Envios:26)
	at com.kms.katalon.core.main.ScriptEngine.run(ScriptEngine.java:194)
	at com.kms.katalon.core.main.ScriptEngine.runScriptAsRawText(ScriptEngine.java:119)
	at com.kms.katalon.core.main.TestCaseExecutor.runScript(TestCaseExecutor.java:448)
	at com.kms.katalon.core.main.TestCaseExecutor.doExecute(TestCaseExecutor.java:439)
	at com.kms.katalon.core.main.TestCaseExecutor.processExecutionPhase(TestCaseExecutor.java:418)
	at com.kms.katalon.core.main.TestCaseExecutor.accessMainPhase(TestCaseExecutor.java:410)
	at com.kms.katalon.core.main.TestCaseExecutor.execute(TestCaseExecutor.java:285)
	at com.kms.katalon.core.common.CommonExecutor.accessTestCaseMainPhase(CommonExecutor.java:65)
	at com.kms.katalon.core.main.TestSuiteExecutor.accessTestSuiteMainPhase(TestSuiteExecutor.java:150)
	at com.kms.katalon.core.main.TestSuiteExecutor.execute(TestSuiteExecutor.java:106)
	at com.kms.katalon.core.main.TestCaseMain.startTestSuite(TestCaseMain.java:180)
	at TempTestSuite1732729948317.run(TempTestSuite1732729948317.groovy:35)
	at java.base/jdk.internal.reflect.NativeMethodAccessorImpl.invoke0(Native Method)
	at java.base/jdk.internal.reflect.NativeMethodAccessorImpl.invoke(NativeMethodAccessorImpl.java:77)
	at java.base/jdk.internal.reflect.DelegatingMethodAccessorImpl.invoke(DelegatingMethodAccessorImpl.java:43)
Caused by: org.openqa.selenium.ElementNotInteractableException: Element <input id="input_descripcion" class="f1-first-name form-control msg_alert_tt inputRE" name="input_descripcion" type="text"> could not be scrolled into view
Build info: version: '3.141.59', revision: 'unknown', time: 'unknown'
System info: host: 'DESKTOP-RGFFP9A', ip: '10.136.10.6', os.name: 'Windows 11', os.arch: 'amd64', os.version: '10.0', java.version: '17.0.7'
Driver info: com.kms.katalon.core.webui.driver.firefox.CGeckoDriver
Capabilities {acceptInsecureCerts: true, browserName: firefox, browserVersion: 133.0, javascriptEnabled: true, moz:accessibilityChecks: false, moz:buildID: 20241121140525, moz:geckodriverVersion: 0.35.0, moz:headless: false, moz:platformVersion: 10.0, moz:processID: 16424, moz:profile: C:\Users\OLVATI\AppData\Loc..., moz:shutdownTimeout: 60000, moz:webdriverClick: true, moz:windowless: false, pageLoadStrategy: normal, platform: WINDOWS, platformName: WINDOWS, proxy: Proxy(direct), setWindowRect: true, strictFileInteractability: false, timeouts: {implicit: 0, pageLoad: 300000, script: 30000}, unhandledPromptBehavior: dismiss and notify, userAgent: Mozilla/5.0 (Windows NT 10....}
Session ID: 20fb0873-ff67-4b63-a01f-1530da8ae7fc
	at java.base/jdk.internal.reflect.NativeConstructorAccessorImpl.newInstance0(Native Method)
	at java.base/jdk.internal.reflect.NativeConstructorAccessorImpl.newInstance(NativeConstructorAccessorImpl.java:77)
	at java.base/jdk.internal.reflect.DelegatingConstructorAccessorImpl.newInstance(DelegatingConstructorAccessorImpl.java:45)
	at org.openqa.selenium.remote.http.W3CHttpResponseCodec.createException(W3CHttpResponseCodec.java:187)
	at org.openqa.selenium.remote.http.W3CHttpResponseCodec.decode(W3CHttpResponseCodec.java:122)
	at org.openqa.selenium.remote.http.W3CHttpResponseCodec.decode(W3CHttpResponseCodec.java:49)
	at org.openqa.selenium.remote.HttpCommandExecutor.execute(HttpCommandExecutor.java:158)
	at org.openqa.selenium.remote.service.DriverCommandExecutor.execute(DriverCommandExecutor.java:83)
	at org.openqa.selenium.remote.RemoteWebDriver.execute(RemoteWebDriver.java:552)
	at com.kms.katalon.selenium.driver.CFirefoxDriver.execute(CFirefoxDriver.java:28)
	at org.openqa.selenium.remote.RemoteWebElement.execute(RemoteWebElement.java:285)
	at org.openqa.selenium.remote.RemoteWebElement.clear(RemoteWebElement.java:124)
	at jdk.internal.reflect.GeneratedMethodAccessor17.invoke(Unknown Source)
	at java.base/jdk.internal.reflect.DelegatingMethodAccessorImpl.invoke(DelegatingMethodAccessorImpl.java:43)
	at org.openqa.selenium.support.events.EventFiringWebDriver$EventFiringWebElement.lambda$new$0(EventFiringWebDriver.java:404)
	at jdk.proxy2/jdk.proxy2.$Proxy21.clear(Unknown Source)
	at org.openqa.selenium.support.events.EventFiringWebDriver$EventFiringWebElement.clear(EventFiringWebDriver.java:436)
	at com.kms.katalon.core.webui.keyword.builtin.SetTextKeyword$_setText_closure1.doCall(SetTextKeyword.groovy:55)
	at com.kms.katalon.core.webui.keyword.builtin.SetTextKeyword$_setText_closure1.call(SetTextKeyword.groovy)
	at com.kms.katalon.core.webui.keyword.internal.WebUIKeywordMain.runKeyword(WebUIKeywordMain.groovy:35)
	... 20 more]]></system-err>
      </testcase>
      <testcase name="Test Cases/2.Positivos/2.2Sobre/Origen-Provincia/Difuninado-Consignado" time="41.018" classname="Test Cases/2.Positivos/2.2Sobre/Origen-Provincia/Difuninado-Consignado" status="FAILED">
         <failure type="FAILED" message="Test Cases/2.Positivos/2.2Sobre/Origen-Provincia/Difuninado-Consignado FAILED.&#xa;Reason:&#xa;com.kms.katalon.core.exception.StepFailedException: Call Test Case 'Test Cases/1.Inicio/1.1Principal/Selec_sobre' failed&#xa;	at com.kms.katalon.core.keyword.builtin.CallTestCaseKeyword$_callTestCase_closure1.doCall(CallTestCaseKeyword.groovy:63)&#xa;	at com.kms.katalon.core.keyword.builtin.CallTestCaseKeyword$_callTestCase_closure1.call(CallTestCaseKeyword.groovy)&#xa;	at com.kms.katalon.core.keyword.internal.KeywordMain.runKeyword(KeywordMain.groovy:75)&#xa;	at com.kms.katalon.core.keyword.builtin.CallTestCaseKeyword.callTestCase(CallTestCaseKeyword.groovy:81)&#xa;	at com.kms.katalon.core.keyword.builtin.CallTestCaseKeyword.execute(CallTestCaseKeyword.groovy:44)&#xa;	at com.kms.katalon.core.keyword.internal.KeywordExecutor.executeKeywordForPlatform(KeywordExecutor.groovy:74)&#xa;	at com.kms.katalon.core.keyword.BuiltinKeywords.callTestCase(BuiltinKeywords.groovy:310)&#xa;	at jdk.internal.reflect.GeneratedMethodAccessor25.invoke(Unknown Source)&#xa;	at java.base/jdk.internal.reflect.DelegatingMethodAccessorImpl.invoke(DelegatingMethodAccessorImpl.java:43)&#xa;	at Difuninado-Consignado.run(Difuninado-Consignado:22)&#xa;	at com.kms.katalon.core.main.ScriptEngine.run(ScriptEngine.java:194)&#xa;	at com.kms.katalon.core.main.ScriptEngine.runScriptAsRawText(ScriptEngine.java:119)&#xa;	at com.kms.katalon.core.main.TestCaseExecutor.runScript(TestCaseExecutor.java:448)&#xa;	at com.kms.katalon.core.main.TestCaseExecutor.doExecute(TestCaseExecutor.java:439)&#xa;	at com.kms.katalon.core.main.TestCaseExecutor.processExecutionPhase(TestCaseExecutor.java:418)&#xa;	at com.kms.katalon.core.main.TestCaseExecutor.accessMainPhase(TestCaseExecutor.java:410)&#xa;	at com.kms.katalon.core.main.TestCaseExecutor.execute(TestCaseExecutor.java:285)&#xa;	at com.kms.katalon.core.common.CommonExecutor.accessTestCaseMainPhase(CommonExecutor.java:65)&#xa;	at com.kms.katalon.core.main.TestSuiteExecutor.accessTestSuiteMainPhase(TestSuiteExecutor.java:150)&#xa;	at com.kms.katalon.core.main.TestSuiteExecutor.execute(TestSuiteExecutor.java:106)&#xa;	at com.kms.katalon.core.main.TestCaseMain.startTestSuite(TestCaseMain.java:180)&#xa;	at TempTestSuite1732729948317.run(TempTestSuite1732729948317.groovy:35)&#xa;	at java.base/jdk.internal.reflect.NativeMethodAccessorImpl.invoke0(Native Method)&#xa;	at java.base/jdk.internal.reflect.NativeMethodAccessorImpl.invoke(NativeMethodAccessorImpl.java:77)&#xa;	at java.base/jdk.internal.reflect.DelegatingMethodAccessorImpl.invoke(DelegatingMethodAccessorImpl.java:43)&#xa;Caused by: com.kms.katalon.core.exception.StepFailedException: Unable to click on object 'Object Repository/Principal/Page_Olva Courier  Home/button_CONTINUAR (2)'&#xa;	at com.kms.katalon.core.webui.keyword.internal.WebUIKeywordMain.stepFailed(WebUIKeywordMain.groovy:117)&#xa;	at com.kms.katalon.core.webui.keyword.internal.WebUIKeywordMain.runKeyword(WebUIKeywordMain.groovy:43)&#xa;	at com.kms.katalon.core.webui.keyword.builtin.ClickKeyword.click(ClickKeyword.groovy:74)&#xa;	at com.kms.katalon.core.webui.keyword.builtin.ClickKeyword.execute(ClickKeyword.groovy:40)&#xa;	at com.kms.katalon.core.keyword.internal.KeywordExecutor.executeKeywordForPlatform(KeywordExecutor.groovy:74)&#xa;	at com.kms.katalon.core.webui.keyword.WebUiBuiltInKeywords.click(WebUiBuiltInKeywords.groovy:659)&#xa;	at Selec_sobre.run(Selec_sobre:24)&#xa;	at com.kms.katalon.core.main.ScriptEngine.run(ScriptEngine.java:194)&#xa;	at com.kms.katalon.core.main.ScriptEngine.runScriptAsRawText(ScriptEngine.java:119)&#xa;	at com.kms.katalon.core.main.TestCaseExecutor.runScript(TestCaseExecutor.java:448)&#xa;	at com.kms.katalon.core.main.TestCaseExecutor.doExecute(TestCaseExecutor.java:439)&#xa;	at com.kms.katalon.core.main.TestCaseExecutor.processExecutionPhase(TestCaseExecutor.java:418)&#xa;	at com.kms.katalon.core.main.TestCaseExecutor.accessMainPhase(TestCaseExecutor.java:410)&#xa;	at com.kms.katalon.core.main.TestCaseExecutor.execute(TestCaseExecutor.java:285)&#xa;	at com.kms.katalon.core.main.TestCaseMain.runTestCase(TestCaseMain.java:137)&#xa;	at com.kms.katalon.core.keyword.builtin.CallTestCaseKeyword$_callTestCase_closure1.doCall(CallTestCaseKeyword.groovy:59)&#xa;	... 24 more&#xa;Caused by: org.openqa.selenium.ElementClickInterceptedException: Element &lt;button id=&quot;btn_aceptar_tipo_envio&quot; class=&quot;btn disabled&quot; type=&quot;button&quot;> is not clickable at point (675,588) because another element &lt;div class=&quot;modal-footer&quot;> obscures it&#xa;Build info: version: '3.141.59', revision: 'unknown', time: 'unknown'&#xa;System info: host: 'DESKTOP-RGFFP9A', ip: '10.136.10.6', os.name: 'Windows 11', os.arch: 'amd64', os.version: '10.0', java.version: '17.0.7'&#xa;Driver info: com.kms.katalon.core.webui.driver.firefox.CGeckoDriver&#xa;Capabilities {acceptInsecureCerts: true, browserName: firefox, browserVersion: 133.0, javascriptEnabled: true, moz:accessibilityChecks: false, moz:buildID: 20241121140525, moz:geckodriverVersion: 0.35.0, moz:headless: false, moz:platformVersion: 10.0, moz:processID: 27200, moz:profile: C:\Users\OLVATI\AppData\Loc..., moz:shutdownTimeout: 60000, moz:webdriverClick: true, moz:windowless: false, pageLoadStrategy: normal, platform: WINDOWS, platformName: WINDOWS, proxy: Proxy(direct), setWindowRect: true, strictFileInteractability: false, timeouts: {implicit: 0, pageLoad: 300000, script: 30000}, unhandledPromptBehavior: dismiss and notify, userAgent: Mozilla/5.0 (Windows NT 10....}&#xa;Session ID: f5207fec-4dfe-4914-9206-d563140fd711&#xa;	at jdk.internal.reflect.GeneratedConstructorAccessor32.newInstance(Unknown Source)&#xa;	at java.base/jdk.internal.reflect.DelegatingConstructorAccessorImpl.newInstance(DelegatingConstructorAccessorImpl.java:45)&#xa;	at org.openqa.selenium.remote.http.W3CHttpResponseCodec.createException(W3CHttpResponseCodec.java:187)&#xa;	at org.openqa.selenium.remote.http.W3CHttpResponseCodec.decode(W3CHttpResponseCodec.java:122)&#xa;	at org.openqa.selenium.remote.http.W3CHttpResponseCodec.decode(W3CHttpResponseCodec.java:49)&#xa;	at org.openqa.selenium.remote.HttpCommandExecutor.execute(HttpCommandExecutor.java:158)&#xa;	at org.openqa.selenium.remote.service.DriverCommandExecutor.execute(DriverCommandExecutor.java:83)&#xa;	at org.openqa.selenium.remote.RemoteWebDriver.execute(RemoteWebDriver.java:552)&#xa;	at com.kms.katalon.selenium.driver.CFirefoxDriver.execute(CFirefoxDriver.java:28)&#xa;	at org.openqa.selenium.remote.RemoteWebElement.execute(RemoteWebElement.java:285)&#xa;	at org.openqa.selenium.remote.RemoteWebElement.click(RemoteWebElement.java:84)&#xa;	at jdk.internal.reflect.GeneratedMethodAccessor10.invoke(Unknown Source)&#xa;	at java.base/jdk.internal.reflect.DelegatingMethodAccessorImpl.invoke(DelegatingMethodAccessorImpl.java:43)&#xa;	at org.openqa.selenium.support.events.EventFiringWebDriver$EventFiringWebElement.lambda$new$0(EventFiringWebDriver.java:404)&#xa;	at jdk.proxy2/jdk.proxy2.$Proxy21.click(Unknown Source)&#xa;	at org.openqa.selenium.support.events.EventFiringWebDriver$EventFiringWebElement.click(EventFiringWebDriver.java:417)&#xa;	at org.openqa.selenium.WebElement$click.call(Unknown Source)&#xa;	at com.kms.katalon.core.webui.keyword.builtin.ClickKeyword.clickUntilSuccessWithTimeout(ClickKeyword.groovy:81)&#xa;	at com.kms.katalon.core.webui.keyword.builtin.ClickKeyword.clickUntilSuccessWithTimeout(ClickKeyword.groovy)&#xa;	at jdk.internal.reflect.GeneratedMethodAccessor8.invoke(Unknown Source)&#xa;	at java.base/jdk.internal.reflect.DelegatingMethodAccessorImpl.invoke(DelegatingMethodAccessorImpl.java:43)&#xa;	at com.kms.katalon.core.webui.keyword.builtin.ClickKeyword$_click_closure1.doCall(ClickKeyword.groovy:67)&#xa;	at com.kms.katalon.core.webui.keyword.builtin.ClickKeyword$_click_closure1.call(ClickKeyword.groovy)&#xa;	at com.kms.katalon.core.webui.keyword.internal.WebUIKeywordMain.runKeyword(WebUIKeywordMain.groovy:35)&#xa;	... 38 more&#xa;"/>
         <system-out><![CDATA[27-11-2024T13:25:03 - [TEST_CASE][FAILED] - Test Cases/2.Positivos/2.2Sobre/Origen-Provincia/Difuninado-Consignado: Test Cases/2.Positivos/2.2Sobre/Origen-Provincia/Difuninado-Consignado FAILED.
Reason:
com.kms.katalon.core.exception.StepFailedException: Call Test Case 'Test Cases/1.Inicio/1.1Principal/Selec_sobre' failed
	at com.kms.katalon.core.keyword.builtin.CallTestCaseKeyword$_callTestCase_closure1.doCall(CallTestCaseKeyword.groovy:63)
	at com.kms.katalon.core.keyword.builtin.CallTestCaseKeyword$_callTestCase_closure1.call(CallTestCaseKeyword.groovy)
	at com.kms.katalon.core.keyword.internal.KeywordMain.runKeyword(KeywordMain.groovy:75)
	at com.kms.katalon.core.keyword.builtin.CallTestCaseKeyword.callTestCase(CallTestCaseKeyword.groovy:81)
	at com.kms.katalon.core.keyword.builtin.CallTestCaseKeyword.execute(CallTestCaseKeyword.groovy:44)
	at com.kms.katalon.core.keyword.internal.KeywordExecutor.executeKeywordForPlatform(KeywordExecutor.groovy:74)
	at com.kms.katalon.core.keyword.BuiltinKeywords.callTestCase(BuiltinKeywords.groovy:310)
	at jdk.internal.reflect.GeneratedMethodAccessor25.invoke(Unknown Source)
	at java.base/jdk.internal.reflect.DelegatingMethodAccessorImpl.invoke(DelegatingMethodAccessorImpl.java:43)
	at Difuninado-Consignado.run(Difuninado-Consignado:22)
	at com.kms.katalon.core.main.ScriptEngine.run(ScriptEngine.java:194)
	at com.kms.katalon.core.main.ScriptEngine.runScriptAsRawText(ScriptEngine.java:119)
	at com.kms.katalon.core.main.TestCaseExecutor.runScript(TestCaseExecutor.java:448)
	at com.kms.katalon.core.main.TestCaseExecutor.doExecute(TestCaseExecutor.java:439)
	at com.kms.katalon.core.main.TestCaseExecutor.processExecutionPhase(TestCaseExecutor.java:418)
	at com.kms.katalon.core.main.TestCaseExecutor.accessMainPhase(TestCaseExecutor.java:410)
	at com.kms.katalon.core.main.TestCaseExecutor.execute(TestCaseExecutor.java:285)
	at com.kms.katalon.core.common.CommonExecutor.accessTestCaseMainPhase(CommonExecutor.java:65)
	at com.kms.katalon.core.main.TestSuiteExecutor.accessTestSuiteMainPhase(TestSuiteExecutor.java:150)
	at com.kms.katalon.core.main.TestSuiteExecutor.execute(TestSuiteExecutor.java:106)
	at com.kms.katalon.core.main.TestCaseMain.startTestSuite(TestCaseMain.java:180)
	at TempTestSuite1732729948317.run(TempTestSuite1732729948317.groovy:35)
	at java.base/jdk.internal.reflect.NativeMethodAccessorImpl.invoke0(Native Method)
	at java.base/jdk.internal.reflect.NativeMethodAccessorImpl.invoke(NativeMethodAccessorImpl.java:77)
	at java.base/jdk.internal.reflect.DelegatingMethodAccessorImpl.invoke(DelegatingMethodAccessorImpl.java:43)
Caused by: com.kms.katalon.core.exception.StepFailedException: Unable to click on object 'Object Repository/Principal/Page_Olva Courier  Home/button_CONTINUAR (2)'
	at com.kms.katalon.core.webui.keyword.internal.WebUIKeywordMain.stepFailed(WebUIKeywordMain.groovy:117)
	at com.kms.katalon.core.webui.keyword.internal.WebUIKeywordMain.runKeyword(WebUIKeywordMain.groovy:43)
	at com.kms.katalon.core.webui.keyword.builtin.ClickKeyword.click(ClickKeyword.groovy:74)
	at com.kms.katalon.core.webui.keyword.builtin.ClickKeyword.execute(ClickKeyword.groovy:40)
	at com.kms.katalon.core.keyword.internal.KeywordExecutor.executeKeywordForPlatform(KeywordExecutor.groovy:74)
	at com.kms.katalon.core.webui.keyword.WebUiBuiltInKeywords.click(WebUiBuiltInKeywords.groovy:659)
	at Selec_sobre.run(Selec_sobre:24)
	at com.kms.katalon.core.main.ScriptEngine.run(ScriptEngine.java:194)
	at com.kms.katalon.core.main.ScriptEngine.runScriptAsRawText(ScriptEngine.java:119)
	at com.kms.katalon.core.main.TestCaseExecutor.runScript(TestCaseExecutor.java:448)
	at com.kms.katalon.core.main.TestCaseExecutor.doExecute(TestCaseExecutor.java:439)
	at com.kms.katalon.core.main.TestCaseExecutor.processExecutionPhase(TestCaseExecutor.java:418)
	at com.kms.katalon.core.main.TestCaseExecutor.accessMainPhase(TestCaseExecutor.java:410)
	at com.kms.katalon.core.main.TestCaseExecutor.execute(TestCaseExecutor.java:285)
	at com.kms.katalon.core.main.TestCaseMain.runTestCase(TestCaseMain.java:137)
	at com.kms.katalon.core.keyword.builtin.CallTestCaseKeyword$_callTestCase_closure1.doCall(CallTestCaseKeyword.groovy:59)
	... 24 more
Caused by: org.openqa.selenium.ElementClickInterceptedException: Element <button id="btn_aceptar_tipo_envio" class="btn disabled" type="button"> is not clickable at point (675,588) because another element <div class="modal-footer"> obscures it
Build info: version: '3.141.59', revision: 'unknown', time: 'unknown'
System info: host: 'DESKTOP-RGFFP9A', ip: '10.136.10.6', os.name: 'Windows 11', os.arch: 'amd64', os.version: '10.0', java.version: '17.0.7'
Driver info: com.kms.katalon.core.webui.driver.firefox.CGeckoDriver
Capabilities {acceptInsecureCerts: true, browserName: firefox, browserVersion: 133.0, javascriptEnabled: true, moz:accessibilityChecks: false, moz:buildID: 20241121140525, moz:geckodriverVersion: 0.35.0, moz:headless: false, moz:platformVersion: 10.0, moz:processID: 27200, moz:profile: C:\Users\OLVATI\AppData\Loc..., moz:shutdownTimeout: 60000, moz:webdriverClick: true, moz:windowless: false, pageLoadStrategy: normal, platform: WINDOWS, platformName: WINDOWS, proxy: Proxy(direct), setWindowRect: true, strictFileInteractability: false, timeouts: {implicit: 0, pageLoad: 300000, script: 30000}, unhandledPromptBehavior: dismiss and notify, userAgent: Mozilla/5.0 (Windows NT 10....}
Session ID: f5207fec-4dfe-4914-9206-d563140fd711
	at jdk.internal.reflect.GeneratedConstructorAccessor32.newInstance(Unknown Source)
	at java.base/jdk.internal.reflect.DelegatingConstructorAccessorImpl.newInstance(DelegatingConstructorAccessorImpl.java:45)
	at org.openqa.selenium.remote.http.W3CHttpResponseCodec.createException(W3CHttpResponseCodec.java:187)
	at org.openqa.selenium.remote.http.W3CHttpResponseCodec.decode(W3CHttpResponseCodec.java:122)
	at org.openqa.selenium.remote.http.W3CHttpResponseCodec.decode(W3CHttpResponseCodec.java:49)
	at org.openqa.selenium.remote.HttpCommandExecutor.execute(HttpCommandExecutor.java:158)
	at org.openqa.selenium.remote.service.DriverCommandExecutor.execute(DriverCommandExecutor.java:83)
	at org.openqa.selenium.remote.RemoteWebDriver.execute(RemoteWebDriver.java:552)
	at com.kms.katalon.selenium.driver.CFirefoxDriver.execute(CFirefoxDriver.java:28)
	at org.openqa.selenium.remote.RemoteWebElement.execute(RemoteWebElement.java:285)
	at org.openqa.selenium.remote.RemoteWebElement.click(RemoteWebElement.java:84)
	at jdk.internal.reflect.GeneratedMethodAccessor10.invoke(Unknown Source)
	at java.base/jdk.internal.reflect.DelegatingMethodAccessorImpl.invoke(DelegatingMethodAccessorImpl.java:43)
	at org.openqa.selenium.support.events.EventFiringWebDriver$EventFiringWebElement.lambda$new$0(EventFiringWebDriver.java:404)
	at jdk.proxy2/jdk.proxy2.$Proxy21.click(Unknown Source)
	at org.openqa.selenium.support.events.EventFiringWebDriver$EventFiringWebElement.click(EventFiringWebDriver.java:417)
	at org.openqa.selenium.WebElement$click.call(Unknown Source)
	at com.kms.katalon.core.webui.keyword.builtin.ClickKeyword.clickUntilSuccessWithTimeout(ClickKeyword.groovy:81)
	at com.kms.katalon.core.webui.keyword.builtin.ClickKeyword.clickUntilSuccessWithTimeout(ClickKeyword.groovy)
	at jdk.internal.reflect.GeneratedMethodAccessor8.invoke(Unknown Source)
	at java.base/jdk.internal.reflect.DelegatingMethodAccessorImpl.invoke(DelegatingMethodAccessorImpl.java:43)
	at com.kms.katalon.core.webui.keyword.builtin.ClickKeyword$_click_closure1.doCall(ClickKeyword.groovy:67)
	at com.kms.katalon.core.webui.keyword.builtin.ClickKeyword$_click_closure1.call(ClickKeyword.groovy)
	at com.kms.katalon.core.webui.keyword.internal.WebUIKeywordMain.runKeyword(WebUIKeywordMain.groovy:35)
	... 38 more


27-11-2024T13:25:03 - [TEST_STEP][PASSED] - callTestCase(findTestCase("1.Inicio/1.1Principal/Principal-home"), [:], STOP_ON_FAILURE): Call Test Case 'Test Cases/1.Inicio/1.1Principal/Principal-home' successfully

27-11-2024T13:25:04 - [TEST_CASE][PASSED] - Test Cases/1.Inicio/1.1Principal/Principal-home: Test Cases/1.Inicio/1.1Principal/Principal-home

27-11-2024T13:25:04 - [TEST_STEP][PASSED] - openBrowser(""): Browser is opened with url: ''

27-11-2024T13:25:04 - [MESSAGE][WARNING] - A browser is already opened. Closing browser and opening a new one

27-11-2024T13:25:05 - [MESSAGE][INFO] - Starting 'Firefox' driver

27-11-2024T13:25:05 - [MESSAGE][INFO] - Action delay is set to 0 milliseconds

27-11-2024T13:25:11 - [MESSAGE][PASSED] - Browser is opened with url: ''

27-11-2024T13:25:11 - [TEST_STEP][PASSED] - navigateToUrl("https://dev01-registrodeenvios.olvacourier.com/principal"): Navigate to 'https://dev01-registrodeenvios.olvacourier.com/principal' successfully

27-11-2024T13:25:12 - [MESSAGE][PASSED] - Navigate to 'https://dev01-registrodeenvios.olvacourier.com/principal' successfully

27-11-2024T13:25:12 - [TEST_STEP][PASSED] - maximizeWindow(): Current window maximized

27-11-2024T13:25:12 - [MESSAGE][PASSED] - Current window maximized

27-11-2024T13:25:12 - [MESSAGE][PASSED] - Call Test Case 'Test Cases/1.Inicio/1.1Principal/Principal-home' successfully

27-11-2024T13:25:12 - [TEST_STEP][FAILED] - callTestCase(findTestCase("1.Inicio/1.1Principal/Selec_sobre"), [:], STOP_ON_FAILURE): Unable to call Test Case 'Test Cases/1.Inicio/1.1Principal/Selec_sobre' (Root cause: com.kms.katalon.core.exception.StepFailedException: Call Test Case 'Test Cases/1.Inicio/1.1Principal/Selec_sobre' failed
	at com.kms.katalon.core.keyword.builtin.CallTestCaseKeyword$_callTestCase_closure1.doCall(CallTestCaseKeyword.groovy:63)
	at com.kms.katalon.core.keyword.builtin.CallTestCaseKeyword$_callTestCase_closure1.call(CallTestCaseKeyword.groovy)
	at com.kms.katalon.core.keyword.internal.KeywordMain.runKeyword(KeywordMain.groovy:75)
	at com.kms.katalon.core.keyword.builtin.CallTestCaseKeyword.callTestCase(CallTestCaseKeyword.groovy:81)
	at com.kms.katalon.core.keyword.builtin.CallTestCaseKeyword.execute(CallTestCaseKeyword.groovy:44)
	at com.kms.katalon.core.keyword.internal.KeywordExecutor.executeKeywordForPlatform(KeywordExecutor.groovy:74)
	at com.kms.katalon.core.keyword.BuiltinKeywords.callTestCase(BuiltinKeywords.groovy:310)
	at jdk.internal.reflect.GeneratedMethodAccessor25.invoke(Unknown Source)
	at java.base/jdk.internal.reflect.DelegatingMethodAccessorImpl.invoke(DelegatingMethodAccessorImpl.java:43)
	at Difuninado-Consignado.run(Difuninado-Consignado:22)
	at com.kms.katalon.core.main.ScriptEngine.run(ScriptEngine.java:194)
	at com.kms.katalon.core.main.ScriptEngine.runScriptAsRawText(ScriptEngine.java:119)
	at com.kms.katalon.core.main.TestCaseExecutor.runScript(TestCaseExecutor.java:448)
	at com.kms.katalon.core.main.TestCaseExecutor.doExecute(TestCaseExecutor.java:439)
	at com.kms.katalon.core.main.TestCaseExecutor.processExecutionPhase(TestCaseExecutor.java:418)
	at com.kms.katalon.core.main.TestCaseExecutor.accessMainPhase(TestCaseExecutor.java:410)
	at com.kms.katalon.core.main.TestCaseExecutor.execute(TestCaseExecutor.java:285)
	at com.kms.katalon.core.common.CommonExecutor.accessTestCaseMainPhase(CommonExecutor.java:65)
	at com.kms.katalon.core.main.TestSuiteExecutor.accessTestSuiteMainPhase(TestSuiteExecutor.java:150)
	at com.kms.katalon.core.main.TestSuiteExecutor.execute(TestSuiteExecutor.java:106)
	at com.kms.katalon.core.main.TestCaseMain.startTestSuite(TestCaseMain.java:180)
	at TempTestSuite1732729948317.run(TempTestSuite1732729948317.groovy:35)
	at java.base/jdk.internal.reflect.NativeMethodAccessorImpl.invoke0(Native Method)
	at java.base/jdk.internal.reflect.NativeMethodAccessorImpl.invoke(NativeMethodAccessorImpl.java:77)
	at java.base/jdk.internal.reflect.DelegatingMethodAccessorImpl.invoke(DelegatingMethodAccessorImpl.java:43)
Caused by: com.kms.katalon.core.exception.StepFailedException: Unable to click on object 'Object Repository/Principal/Page_Olva Courier  Home/button_CONTINUAR (2)'
	at com.kms.katalon.core.webui.keyword.internal.WebUIKeywordMain.stepFailed(WebUIKeywordMain.groovy:117)
	at com.kms.katalon.core.webui.keyword.internal.WebUIKeywordMain.runKeyword(WebUIKeywordMain.groovy:43)
	at com.kms.katalon.core.webui.keyword.builtin.ClickKeyword.click(ClickKeyword.groovy:74)
	at com.kms.katalon.core.webui.keyword.builtin.ClickKeyword.execute(ClickKeyword.groovy:40)
	at com.kms.katalon.core.keyword.internal.KeywordExecutor.executeKeywordForPlatform(KeywordExecutor.groovy:74)
	at com.kms.katalon.core.webui.keyword.WebUiBuiltInKeywords.click(WebUiBuiltInKeywords.groovy:659)
	at Selec_sobre.run(Selec_sobre:24)
	at com.kms.katalon.core.main.ScriptEngine.run(ScriptEngine.java:194)
	at com.kms.katalon.core.main.ScriptEngine.runScriptAsRawText(ScriptEngine.java:119)
	at com.kms.katalon.core.main.TestCaseExecutor.runScript(TestCaseExecutor.java:448)
	at com.kms.katalon.core.main.TestCaseExecutor.doExecute(TestCaseExecutor.java:439)
	at com.kms.katalon.core.main.TestCaseExecutor.processExecutionPhase(TestCaseExecutor.java:418)
	at com.kms.katalon.core.main.TestCaseExecutor.accessMainPhase(TestCaseExecutor.java:410)
	at com.kms.katalon.core.main.TestCaseExecutor.execute(TestCaseExecutor.java:285)
	at com.kms.katalon.core.main.TestCaseMain.runTestCase(TestCaseMain.java:137)
	at com.kms.katalon.core.keyword.builtin.CallTestCaseKeyword$_callTestCase_closure1.doCall(CallTestCaseKeyword.groovy:59)
	... 24 more
Caused by: org.openqa.selenium.ElementClickInterceptedException: Element <button id="btn_aceptar_tipo_envio" class="btn disabled" type="button"> is not clickable at point (675,588) because another element <div class="modal-footer"> obscures it
Build info: version: '3.141.59', revision: 'unknown', time: 'unknown'
System info: host: 'DESKTOP-RGFFP9A', ip: '10.136.10.6', os.name: 'Windows 11', os.arch: 'amd64', os.version: '10.0', java.version: '17.0.7'
Driver info: com.kms.katalon.core.webui.driver.firefox.CGeckoDriver
Capabilities {acceptInsecureCerts: true, browserName: firefox, browserVersion: 133.0, javascriptEnabled: true, moz:accessibilityChecks: false, moz:buildID: 20241121140525, moz:geckodriverVersion: 0.35.0, moz:headless: false, moz:platformVersion: 10.0, moz:processID: 27200, moz:profile: C:\Users\OLVATI\AppData\Loc..., moz:shutdownTimeout: 60000, moz:webdriverClick: true, moz:windowless: false, pageLoadStrategy: normal, platform: WINDOWS, platformName: WINDOWS, proxy: Proxy(direct), setWindowRect: true, strictFileInteractability: false, timeouts: {implicit: 0, pageLoad: 300000, script: 30000}, unhandledPromptBehavior: dismiss and notify, userAgent: Mozilla/5.0 (Windows NT 10....}
Session ID: f5207fec-4dfe-4914-9206-d563140fd711
	at jdk.internal.reflect.GeneratedConstructorAccessor32.newInstance(Unknown Source)
	at java.base/jdk.internal.reflect.DelegatingConstructorAccessorImpl.newInstance(DelegatingConstructorAccessorImpl.java:45)
	at org.openqa.selenium.remote.http.W3CHttpResponseCodec.createException(W3CHttpResponseCodec.java:187)
	at org.openqa.selenium.remote.http.W3CHttpResponseCodec.decode(W3CHttpResponseCodec.java:122)
	at org.openqa.selenium.remote.http.W3CHttpResponseCodec.decode(W3CHttpResponseCodec.java:49)
	at org.openqa.selenium.remote.HttpCommandExecutor.execute(HttpCommandExecutor.java:158)
	at org.openqa.selenium.remote.service.DriverCommandExecutor.execute(DriverCommandExecutor.java:83)
	at org.openqa.selenium.remote.RemoteWebDriver.execute(RemoteWebDriver.java:552)
	at com.kms.katalon.selenium.driver.CFirefoxDriver.execute(CFirefoxDriver.java:28)
	at org.openqa.selenium.remote.RemoteWebElement.execute(RemoteWebElement.java:285)
	at org.openqa.selenium.remote.RemoteWebElement.click(RemoteWebElement.java:84)
	at jdk.internal.reflect.GeneratedMethodAccessor10.invoke(Unknown Source)
	at java.base/jdk.internal.reflect.DelegatingMethodAccessorImpl.invoke(DelegatingMethodAccessorImpl.java:43)
	at org.openqa.selenium.support.events.EventFiringWebDriver$EventFiringWebElement.lambda$new$0(EventFiringWebDriver.java:404)
	at jdk.proxy2/jdk.proxy2.$Proxy21.click(Unknown Source)
	at org.openqa.selenium.support.events.EventFiringWebDriver$EventFiringWebElement.click(EventFiringWebDriver.java:417)
	at org.openqa.selenium.WebElement$click.call(Unknown Source)
	at com.kms.katalon.core.webui.keyword.builtin.ClickKeyword.clickUntilSuccessWithTimeout(ClickKeyword.groovy:81)
	at com.kms.katalon.core.webui.keyword.builtin.ClickKeyword.clickUntilSuccessWithTimeout(ClickKeyword.groovy)
	at jdk.internal.reflect.GeneratedMethodAccessor8.invoke(Unknown Source)
	at java.base/jdk.internal.reflect.DelegatingMethodAccessorImpl.invoke(DelegatingMethodAccessorImpl.java:43)
	at com.kms.katalon.core.webui.keyword.builtin.ClickKeyword$_click_closure1.doCall(ClickKeyword.groovy:67)
	at com.kms.katalon.core.webui.keyword.builtin.ClickKeyword$_click_closure1.call(ClickKeyword.groovy)
	at com.kms.katalon.core.webui.keyword.internal.WebUIKeywordMain.runKeyword(WebUIKeywordMain.groovy:35)
	... 38 more
)

27-11-2024T13:25:12 - [TEST_CASE][FAILED] - Test Cases/1.Inicio/1.1Principal/Selec_sobre: Test Cases/1.Inicio/1.1Principal/Selec_sobre FAILED.
Reason:
com.kms.katalon.core.exception.StepFailedException: Unable to click on object 'Object Repository/Principal/Page_Olva Courier  Home/button_CONTINUAR (2)'
	at com.kms.katalon.core.webui.keyword.internal.WebUIKeywordMain.stepFailed(WebUIKeywordMain.groovy:117)
	at com.kms.katalon.core.webui.keyword.internal.WebUIKeywordMain.runKeyword(WebUIKeywordMain.groovy:43)
	at com.kms.katalon.core.webui.keyword.builtin.ClickKeyword.click(ClickKeyword.groovy:74)
	at com.kms.katalon.core.webui.keyword.builtin.ClickKeyword.execute(ClickKeyword.groovy:40)
	at com.kms.katalon.core.keyword.internal.KeywordExecutor.executeKeywordForPlatform(KeywordExecutor.groovy:74)
	at com.kms.katalon.core.webui.keyword.WebUiBuiltInKeywords.click(WebUiBuiltInKeywords.groovy:659)
	at Selec_sobre.run(Selec_sobre:24)
	at com.kms.katalon.core.main.ScriptEngine.run(ScriptEngine.java:194)
	at com.kms.katalon.core.main.ScriptEngine.runScriptAsRawText(ScriptEngine.java:119)
	at com.kms.katalon.core.main.TestCaseExecutor.runScript(TestCaseExecutor.java:448)
	at com.kms.katalon.core.main.TestCaseExecutor.doExecute(TestCaseExecutor.java:439)
	at com.kms.katalon.core.main.TestCaseExecutor.processExecutionPhase(TestCaseExecutor.java:418)
	at com.kms.katalon.core.main.TestCaseExecutor.accessMainPhase(TestCaseExecutor.java:410)
	at com.kms.katalon.core.main.TestCaseExecutor.execute(TestCaseExecutor.java:285)
	at com.kms.katalon.core.main.TestCaseMain.runTestCase(TestCaseMain.java:137)
	at com.kms.katalon.core.keyword.builtin.CallTestCaseKeyword$_callTestCase_closure1.doCall(CallTestCaseKeyword.groovy:59)
	at com.kms.katalon.core.keyword.builtin.CallTestCaseKeyword$_callTestCase_closure1.call(CallTestCaseKeyword.groovy)
	at com.kms.katalon.core.keyword.internal.KeywordMain.runKeyword(KeywordMain.groovy:75)
	at com.kms.katalon.core.keyword.builtin.CallTestCaseKeyword.callTestCase(CallTestCaseKeyword.groovy:81)
	at com.kms.katalon.core.keyword.builtin.CallTestCaseKeyword.execute(CallTestCaseKeyword.groovy:44)
	at com.kms.katalon.core.keyword.internal.KeywordExecutor.executeKeywordForPlatform(KeywordExecutor.groovy:74)
	at com.kms.katalon.core.keyword.BuiltinKeywords.callTestCase(BuiltinKeywords.groovy:310)
	at jdk.internal.reflect.GeneratedMethodAccessor25.invoke(Unknown Source)
	at java.base/jdk.internal.reflect.DelegatingMethodAccessorImpl.invoke(DelegatingMethodAccessorImpl.java:43)
	at Difuninado-Consignado.run(Difuninado-Consignado:22)
	at com.kms.katalon.core.main.ScriptEngine.run(ScriptEngine.java:194)
	at com.kms.katalon.core.main.ScriptEngine.runScriptAsRawText(ScriptEngine.java:119)
	at com.kms.katalon.core.main.TestCaseExecutor.runScript(TestCaseExecutor.java:448)
	at com.kms.katalon.core.main.TestCaseExecutor.doExecute(TestCaseExecutor.java:439)
	at com.kms.katalon.core.main.TestCaseExecutor.processExecutionPhase(TestCaseExecutor.java:418)
	at com.kms.katalon.core.main.TestCaseExecutor.accessMainPhase(TestCaseExecutor.java:410)
	at com.kms.katalon.core.main.TestCaseExecutor.execute(TestCaseExecutor.java:285)
	at com.kms.katalon.core.common.CommonExecutor.accessTestCaseMainPhase(CommonExecutor.java:65)
	at com.kms.katalon.core.main.TestSuiteExecutor.accessTestSuiteMainPhase(TestSuiteExecutor.java:150)
	at com.kms.katalon.core.main.TestSuiteExecutor.execute(TestSuiteExecutor.java:106)
	at com.kms.katalon.core.main.TestCaseMain.startTestSuite(TestCaseMain.java:180)
	at TempTestSuite1732729948317.run(TempTestSuite1732729948317.groovy:35)
	at java.base/jdk.internal.reflect.NativeMethodAccessorImpl.invoke0(Native Method)
	at java.base/jdk.internal.reflect.NativeMethodAccessorImpl.invoke(NativeMethodAccessorImpl.java:77)
	at java.base/jdk.internal.reflect.DelegatingMethodAccessorImpl.invoke(DelegatingMethodAccessorImpl.java:43)
Caused by: org.openqa.selenium.ElementClickInterceptedException: Element <button id="btn_aceptar_tipo_envio" class="btn disabled" type="button"> is not clickable at point (675,588) because another element <div class="modal-footer"> obscures it
Build info: version: '3.141.59', revision: 'unknown', time: 'unknown'
System info: host: 'DESKTOP-RGFFP9A', ip: '10.136.10.6', os.name: 'Windows 11', os.arch: 'amd64', os.version: '10.0', java.version: '17.0.7'
Driver info: com.kms.katalon.core.webui.driver.firefox.CGeckoDriver
Capabilities {acceptInsecureCerts: true, browserName: firefox, browserVersion: 133.0, javascriptEnabled: true, moz:accessibilityChecks: false, moz:buildID: 20241121140525, moz:geckodriverVersion: 0.35.0, moz:headless: false, moz:platformVersion: 10.0, moz:processID: 27200, moz:profile: C:\Users\OLVATI\AppData\Loc..., moz:shutdownTimeout: 60000, moz:webdriverClick: true, moz:windowless: false, pageLoadStrategy: normal, platform: WINDOWS, platformName: WINDOWS, proxy: Proxy(direct), setWindowRect: true, strictFileInteractability: false, timeouts: {implicit: 0, pageLoad: 300000, script: 30000}, unhandledPromptBehavior: dismiss and notify, userAgent: Mozilla/5.0 (Windows NT 10....}
Session ID: f5207fec-4dfe-4914-9206-d563140fd711
	at jdk.internal.reflect.GeneratedConstructorAccessor32.newInstance(Unknown Source)
	at java.base/jdk.internal.reflect.DelegatingConstructorAccessorImpl.newInstance(DelegatingConstructorAccessorImpl.java:45)
	at org.openqa.selenium.remote.http.W3CHttpResponseCodec.createException(W3CHttpResponseCodec.java:187)
	at org.openqa.selenium.remote.http.W3CHttpResponseCodec.decode(W3CHttpResponseCodec.java:122)
	at org.openqa.selenium.remote.http.W3CHttpResponseCodec.decode(W3CHttpResponseCodec.java:49)
	at org.openqa.selenium.remote.HttpCommandExecutor.execute(HttpCommandExecutor.java:158)
	at org.openqa.selenium.remote.service.DriverCommandExecutor.execute(DriverCommandExecutor.java:83)
	at org.openqa.selenium.remote.RemoteWebDriver.execute(RemoteWebDriver.java:552)
	at com.kms.katalon.selenium.driver.CFirefoxDriver.execute(CFirefoxDriver.java:28)
	at org.openqa.selenium.remote.RemoteWebElement.execute(RemoteWebElement.java:285)
	at org.openqa.selenium.remote.RemoteWebElement.click(RemoteWebElement.java:84)
	at jdk.internal.reflect.GeneratedMethodAccessor10.invoke(Unknown Source)
	at java.base/jdk.internal.reflect.DelegatingMethodAccessorImpl.invoke(DelegatingMethodAccessorImpl.java:43)
	at org.openqa.selenium.support.events.EventFiringWebDriver$EventFiringWebElement.lambda$new$0(EventFiringWebDriver.java:404)
	at jdk.proxy2/jdk.proxy2.$Proxy21.click(Unknown Source)
	at org.openqa.selenium.support.events.EventFiringWebDriver$EventFiringWebElement.click(EventFiringWebDriver.java:417)
	at org.openqa.selenium.WebElement$click.call(Unknown Source)
	at com.kms.katalon.core.webui.keyword.builtin.ClickKeyword.clickUntilSuccessWithTimeout(ClickKeyword.groovy:81)
	at com.kms.katalon.core.webui.keyword.builtin.ClickKeyword.clickUntilSuccessWithTimeout(ClickKeyword.groovy)
	at jdk.internal.reflect.GeneratedMethodAccessor8.invoke(Unknown Source)
	at java.base/jdk.internal.reflect.DelegatingMethodAccessorImpl.invoke(DelegatingMethodAccessorImpl.java:43)
	at com.kms.katalon.core.webui.keyword.builtin.ClickKeyword$_click_closure1.doCall(ClickKeyword.groovy:67)
	at com.kms.katalon.core.webui.keyword.builtin.ClickKeyword$_click_closure1.call(ClickKeyword.groovy)
	at com.kms.katalon.core.webui.keyword.internal.WebUIKeywordMain.runKeyword(WebUIKeywordMain.groovy:35)
	... 38 more


27-11-2024T13:25:13 - [TEST_STEP][PASSED] - click(findTestObject("Object Repository/Principal/Page_Olva Courier  Home/img_Envo de cajas o paquetescon un peso mxi_37770f")): Object: 'Object Repository/Principal/Page_Olva Courier  Home/img_Envo de cajas o paquetescon un peso mxi_37770f' is clicked on

27-11-2024T13:25:13 - [MESSAGE][PASSED] - Object: 'Object Repository/Principal/Page_Olva Courier  Home/img_Envo de cajas o paquetescon un peso mxi_37770f' is clicked on

27-11-2024T13:25:13 - [TEST_STEP][PASSED] - click(findTestObject("Object Repository/Principal/Page_Olva Courier  Home/label_He ledo y acepto los trminos de uso y_adab65")): Object: 'Object Repository/Principal/Page_Olva Courier  Home/label_He ledo y acepto los trminos de uso y_adab65' is clicked on

27-11-2024T13:25:14 - [MESSAGE][PASSED] - Object: 'Object Repository/Principal/Page_Olva Courier  Home/label_He ledo y acepto los trminos de uso y_adab65' is clicked on

27-11-2024T13:25:14 - [TEST_STEP][FAILED] - click(findTestObject("Object Repository/Principal/Page_Olva Courier  Home/button_CONTINUAR (2)")): Unable to click on object 'Object Repository/Principal/Page_Olva Courier  Home/button_CONTINUAR (2)' (Root cause: com.kms.katalon.core.exception.StepFailedException: Unable to click on object 'Object Repository/Principal/Page_Olva Courier  Home/button_CONTINUAR (2)'
	at com.kms.katalon.core.webui.keyword.internal.WebUIKeywordMain.stepFailed(WebUIKeywordMain.groovy:117)
	at com.kms.katalon.core.webui.keyword.internal.WebUIKeywordMain.runKeyword(WebUIKeywordMain.groovy:43)
	at com.kms.katalon.core.webui.keyword.builtin.ClickKeyword.click(ClickKeyword.groovy:74)
	at com.kms.katalon.core.webui.keyword.builtin.ClickKeyword.execute(ClickKeyword.groovy:40)
	at com.kms.katalon.core.keyword.internal.KeywordExecutor.executeKeywordForPlatform(KeywordExecutor.groovy:74)
	at com.kms.katalon.core.webui.keyword.WebUiBuiltInKeywords.click(WebUiBuiltInKeywords.groovy:659)
	at Selec_sobre.run(Selec_sobre:24)
	at com.kms.katalon.core.main.ScriptEngine.run(ScriptEngine.java:194)
	at com.kms.katalon.core.main.ScriptEngine.runScriptAsRawText(ScriptEngine.java:119)
	at com.kms.katalon.core.main.TestCaseExecutor.runScript(TestCaseExecutor.java:448)
	at com.kms.katalon.core.main.TestCaseExecutor.doExecute(TestCaseExecutor.java:439)
	at com.kms.katalon.core.main.TestCaseExecutor.processExecutionPhase(TestCaseExecutor.java:418)
	at com.kms.katalon.core.main.TestCaseExecutor.accessMainPhase(TestCaseExecutor.java:410)
	at com.kms.katalon.core.main.TestCaseExecutor.execute(TestCaseExecutor.java:285)
	at com.kms.katalon.core.main.TestCaseMain.runTestCase(TestCaseMain.java:137)
	at com.kms.katalon.core.keyword.builtin.CallTestCaseKeyword$_callTestCase_closure1.doCall(CallTestCaseKeyword.groovy:59)
	at com.kms.katalon.core.keyword.builtin.CallTestCaseKeyword$_callTestCase_closure1.call(CallTestCaseKeyword.groovy)
	at com.kms.katalon.core.keyword.internal.KeywordMain.runKeyword(KeywordMain.groovy:75)
	at com.kms.katalon.core.keyword.builtin.CallTestCaseKeyword.callTestCase(CallTestCaseKeyword.groovy:81)
	at com.kms.katalon.core.keyword.builtin.CallTestCaseKeyword.execute(CallTestCaseKeyword.groovy:44)
	at com.kms.katalon.core.keyword.internal.KeywordExecutor.executeKeywordForPlatform(KeywordExecutor.groovy:74)
	at com.kms.katalon.core.keyword.BuiltinKeywords.callTestCase(BuiltinKeywords.groovy:310)
	at jdk.internal.reflect.GeneratedMethodAccessor25.invoke(Unknown Source)
	at java.base/jdk.internal.reflect.DelegatingMethodAccessorImpl.invoke(DelegatingMethodAccessorImpl.java:43)
	at Difuninado-Consignado.run(Difuninado-Consignado:22)
	at com.kms.katalon.core.main.ScriptEngine.run(ScriptEngine.java:194)
	at com.kms.katalon.core.main.ScriptEngine.runScriptAsRawText(ScriptEngine.java:119)
	at com.kms.katalon.core.main.TestCaseExecutor.runScript(TestCaseExecutor.java:448)
	at com.kms.katalon.core.main.TestCaseExecutor.doExecute(TestCaseExecutor.java:439)
	at com.kms.katalon.core.main.TestCaseExecutor.processExecutionPhase(TestCaseExecutor.java:418)
	at com.kms.katalon.core.main.TestCaseExecutor.accessMainPhase(TestCaseExecutor.java:410)
	at com.kms.katalon.core.main.TestCaseExecutor.execute(TestCaseExecutor.java:285)
	at com.kms.katalon.core.common.CommonExecutor.accessTestCaseMainPhase(CommonExecutor.java:65)
	at com.kms.katalon.core.main.TestSuiteExecutor.accessTestSuiteMainPhase(TestSuiteExecutor.java:150)
	at com.kms.katalon.core.main.TestSuiteExecutor.execute(TestSuiteExecutor.java:106)
	at com.kms.katalon.core.main.TestCaseMain.startTestSuite(TestCaseMain.java:180)
	at TempTestSuite1732729948317.run(TempTestSuite1732729948317.groovy:35)
	at java.base/jdk.internal.reflect.NativeMethodAccessorImpl.invoke0(Native Method)
	at java.base/jdk.internal.reflect.NativeMethodAccessorImpl.invoke(NativeMethodAccessorImpl.java:77)
	at java.base/jdk.internal.reflect.DelegatingMethodAccessorImpl.invoke(DelegatingMethodAccessorImpl.java:43)
Caused by: org.openqa.selenium.ElementClickInterceptedException: Element <button id="btn_aceptar_tipo_envio" class="btn disabled" type="button"> is not clickable at point (675,588) because another element <div class="modal-footer"> obscures it
Build info: version: '3.141.59', revision: 'unknown', time: 'unknown'
System info: host: 'DESKTOP-RGFFP9A', ip: '10.136.10.6', os.name: 'Windows 11', os.arch: 'amd64', os.version: '10.0', java.version: '17.0.7'
Driver info: com.kms.katalon.core.webui.driver.firefox.CGeckoDriver
Capabilities {acceptInsecureCerts: true, browserName: firefox, browserVersion: 133.0, javascriptEnabled: true, moz:accessibilityChecks: false, moz:buildID: 20241121140525, moz:geckodriverVersion: 0.35.0, moz:headless: false, moz:platformVersion: 10.0, moz:processID: 27200, moz:profile: C:\Users\OLVATI\AppData\Loc..., moz:shutdownTimeout: 60000, moz:webdriverClick: true, moz:windowless: false, pageLoadStrategy: normal, platform: WINDOWS, platformName: WINDOWS, proxy: Proxy(direct), setWindowRect: true, strictFileInteractability: false, timeouts: {implicit: 0, pageLoad: 300000, script: 30000}, unhandledPromptBehavior: dismiss and notify, userAgent: Mozilla/5.0 (Windows NT 10....}
Session ID: f5207fec-4dfe-4914-9206-d563140fd711
	at jdk.internal.reflect.GeneratedConstructorAccessor32.newInstance(Unknown Source)
	at java.base/jdk.internal.reflect.DelegatingConstructorAccessorImpl.newInstance(DelegatingConstructorAccessorImpl.java:45)
	at org.openqa.selenium.remote.http.W3CHttpResponseCodec.createException(W3CHttpResponseCodec.java:187)
	at org.openqa.selenium.remote.http.W3CHttpResponseCodec.decode(W3CHttpResponseCodec.java:122)
	at org.openqa.selenium.remote.http.W3CHttpResponseCodec.decode(W3CHttpResponseCodec.java:49)
	at org.openqa.selenium.remote.HttpCommandExecutor.execute(HttpCommandExecutor.java:158)
	at org.openqa.selenium.remote.service.DriverCommandExecutor.execute(DriverCommandExecutor.java:83)
	at org.openqa.selenium.remote.RemoteWebDriver.execute(RemoteWebDriver.java:552)
	at com.kms.katalon.selenium.driver.CFirefoxDriver.execute(CFirefoxDriver.java:28)
	at org.openqa.selenium.remote.RemoteWebElement.execute(RemoteWebElement.java:285)
	at org.openqa.selenium.remote.RemoteWebElement.click(RemoteWebElement.java:84)
	at jdk.internal.reflect.GeneratedMethodAccessor10.invoke(Unknown Source)
	at java.base/jdk.internal.reflect.DelegatingMethodAccessorImpl.invoke(DelegatingMethodAccessorImpl.java:43)
	at org.openqa.selenium.support.events.EventFiringWebDriver$EventFiringWebElement.lambda$new$0(EventFiringWebDriver.java:404)
	at jdk.proxy2/jdk.proxy2.$Proxy21.click(Unknown Source)
	at org.openqa.selenium.support.events.EventFiringWebDriver$EventFiringWebElement.click(EventFiringWebDriver.java:417)
	at org.openqa.selenium.WebElement$click.call(Unknown Source)
	at com.kms.katalon.core.webui.keyword.builtin.ClickKeyword.clickUntilSuccessWithTimeout(ClickKeyword.groovy:81)
	at com.kms.katalon.core.webui.keyword.builtin.ClickKeyword.clickUntilSuccessWithTimeout(ClickKeyword.groovy)
	at jdk.internal.reflect.GeneratedMethodAccessor8.invoke(Unknown Source)
	at java.base/jdk.internal.reflect.DelegatingMethodAccessorImpl.invoke(DelegatingMethodAccessorImpl.java:43)
	at com.kms.katalon.core.webui.keyword.builtin.ClickKeyword$_click_closure1.doCall(ClickKeyword.groovy:67)
	at com.kms.katalon.core.webui.keyword.builtin.ClickKeyword$_click_closure1.call(ClickKeyword.groovy)
	at com.kms.katalon.core.webui.keyword.internal.WebUIKeywordMain.runKeyword(WebUIKeywordMain.groovy:35)
	at com.kms.katalon.core.webui.keyword.builtin.ClickKeyword.click(ClickKeyword.groovy:74)
	at com.kms.katalon.core.webui.keyword.builtin.ClickKeyword.execute(ClickKeyword.groovy:40)
	at com.kms.katalon.core.keyword.internal.KeywordExecutor.executeKeywordForPlatform(KeywordExecutor.groovy:74)
	at com.kms.katalon.core.webui.keyword.WebUiBuiltInKeywords.click(WebUiBuiltInKeywords.groovy:659)
	at Script1732083570761.run(Script1732083570761.groovy:24)
	at com.kms.katalon.core.main.ScriptEngine.run(ScriptEngine.java:194)
	at com.kms.katalon.core.main.ScriptEngine.runScriptAsRawText(ScriptEngine.java:119)
	at com.kms.katalon.core.main.TestCaseExecutor.runScript(TestCaseExecutor.java:448)
	at com.kms.katalon.core.main.TestCaseExecutor.doExecute(TestCaseExecutor.java:439)
	at com.kms.katalon.core.main.TestCaseExecutor.processExecutionPhase(TestCaseExecutor.java:418)
	at com.kms.katalon.core.main.TestCaseExecutor.accessMainPhase(TestCaseExecutor.java:410)
	at com.kms.katalon.core.main.TestCaseExecutor.execute(TestCaseExecutor.java:285)
	at com.kms.katalon.core.main.TestCaseMain.runTestCase(TestCaseMain.java:137)
	at com.kms.katalon.core.keyword.builtin.CallTestCaseKeyword$_callTestCase_closure1.doCall(CallTestCaseKeyword.groovy:59)
	at com.kms.katalon.core.keyword.builtin.CallTestCaseKeyword$_callTestCase_closure1.call(CallTestCaseKeyword.groovy)
	at com.kms.katalon.core.keyword.internal.KeywordMain.runKeyword(KeywordMain.groovy:75)
	at com.kms.katalon.core.keyword.builtin.CallTestCaseKeyword.callTestCase(CallTestCaseKeyword.groovy:81)
	at com.kms.katalon.core.keyword.builtin.CallTestCaseKeyword.execute(CallTestCaseKeyword.groovy:44)
	at com.kms.katalon.core.keyword.internal.KeywordExecutor.executeKeywordForPlatform(KeywordExecutor.groovy:74)
	at com.kms.katalon.core.keyword.BuiltinKeywords.callTestCase(BuiltinKeywords.groovy:310)
	at jdk.internal.reflect.GeneratedMethodAccessor25.invoke(Unknown Source)
	at java.base/jdk.internal.reflect.DelegatingMethodAccessorImpl.invoke(DelegatingMethodAccessorImpl.java:43)
	at Script1732341473711.run(Script1732341473711.groovy:22)
	... 15 more
)

27-11-2024T13:25:44 - [MESSAGE][FAILED] - Unable to click on object 'Object Repository/Principal/Page_Olva Courier  Home/button_CONTINUAR (2)' (Root cause: com.kms.katalon.core.exception.StepFailedException: Unable to click on object 'Object Repository/Principal/Page_Olva Courier  Home/button_CONTINUAR (2)'
	at com.kms.katalon.core.webui.keyword.internal.WebUIKeywordMain.stepFailed(WebUIKeywordMain.groovy:117)
	at com.kms.katalon.core.webui.keyword.internal.WebUIKeywordMain.runKeyword(WebUIKeywordMain.groovy:43)
	at com.kms.katalon.core.webui.keyword.builtin.ClickKeyword.click(ClickKeyword.groovy:74)
	at com.kms.katalon.core.webui.keyword.builtin.ClickKeyword.execute(ClickKeyword.groovy:40)
	at com.kms.katalon.core.keyword.internal.KeywordExecutor.executeKeywordForPlatform(KeywordExecutor.groovy:74)
	at com.kms.katalon.core.webui.keyword.WebUiBuiltInKeywords.click(WebUiBuiltInKeywords.groovy:659)
	at Selec_sobre.run(Selec_sobre:24)
	at com.kms.katalon.core.main.ScriptEngine.run(ScriptEngine.java:194)
	at com.kms.katalon.core.main.ScriptEngine.runScriptAsRawText(ScriptEngine.java:119)
	at com.kms.katalon.core.main.TestCaseExecutor.runScript(TestCaseExecutor.java:448)
	at com.kms.katalon.core.main.TestCaseExecutor.doExecute(TestCaseExecutor.java:439)
	at com.kms.katalon.core.main.TestCaseExecutor.processExecutionPhase(TestCaseExecutor.java:418)
	at com.kms.katalon.core.main.TestCaseExecutor.accessMainPhase(TestCaseExecutor.java:410)
	at com.kms.katalon.core.main.TestCaseExecutor.execute(TestCaseExecutor.java:285)
	at com.kms.katalon.core.main.TestCaseMain.runTestCase(TestCaseMain.java:137)
	at com.kms.katalon.core.keyword.builtin.CallTestCaseKeyword$_callTestCase_closure1.doCall(CallTestCaseKeyword.groovy:59)
	at com.kms.katalon.core.keyword.builtin.CallTestCaseKeyword$_callTestCase_closure1.call(CallTestCaseKeyword.groovy)
	at com.kms.katalon.core.keyword.internal.KeywordMain.runKeyword(KeywordMain.groovy:75)
	at com.kms.katalon.core.keyword.builtin.CallTestCaseKeyword.callTestCase(CallTestCaseKeyword.groovy:81)
	at com.kms.katalon.core.keyword.builtin.CallTestCaseKeyword.execute(CallTestCaseKeyword.groovy:44)
	at com.kms.katalon.core.keyword.internal.KeywordExecutor.executeKeywordForPlatform(KeywordExecutor.groovy:74)
	at com.kms.katalon.core.keyword.BuiltinKeywords.callTestCase(BuiltinKeywords.groovy:310)
	at jdk.internal.reflect.GeneratedMethodAccessor25.invoke(Unknown Source)
	at java.base/jdk.internal.reflect.DelegatingMethodAccessorImpl.invoke(DelegatingMethodAccessorImpl.java:43)
	at Difuninado-Consignado.run(Difuninado-Consignado:22)
	at com.kms.katalon.core.main.ScriptEngine.run(ScriptEngine.java:194)
	at com.kms.katalon.core.main.ScriptEngine.runScriptAsRawText(ScriptEngine.java:119)
	at com.kms.katalon.core.main.TestCaseExecutor.runScript(TestCaseExecutor.java:448)
	at com.kms.katalon.core.main.TestCaseExecutor.doExecute(TestCaseExecutor.java:439)
	at com.kms.katalon.core.main.TestCaseExecutor.processExecutionPhase(TestCaseExecutor.java:418)
	at com.kms.katalon.core.main.TestCaseExecutor.accessMainPhase(TestCaseExecutor.java:410)
	at com.kms.katalon.core.main.TestCaseExecutor.execute(TestCaseExecutor.java:285)
	at com.kms.katalon.core.common.CommonExecutor.accessTestCaseMainPhase(CommonExecutor.java:65)
	at com.kms.katalon.core.main.TestSuiteExecutor.accessTestSuiteMainPhase(TestSuiteExecutor.java:150)
	at com.kms.katalon.core.main.TestSuiteExecutor.execute(TestSuiteExecutor.java:106)
	at com.kms.katalon.core.main.TestCaseMain.startTestSuite(TestCaseMain.java:180)
	at TempTestSuite1732729948317.run(TempTestSuite1732729948317.groovy:35)
	at java.base/jdk.internal.reflect.NativeMethodAccessorImpl.invoke0(Native Method)
	at java.base/jdk.internal.reflect.NativeMethodAccessorImpl.invoke(NativeMethodAccessorImpl.java:77)
	at java.base/jdk.internal.reflect.DelegatingMethodAccessorImpl.invoke(DelegatingMethodAccessorImpl.java:43)
Caused by: org.openqa.selenium.ElementClickInterceptedException: Element <button id="btn_aceptar_tipo_envio" class="btn disabled" type="button"> is not clickable at point (675,588) because another element <div class="modal-footer"> obscures it
Build info: version: '3.141.59', revision: 'unknown', time: 'unknown'
System info: host: 'DESKTOP-RGFFP9A', ip: '10.136.10.6', os.name: 'Windows 11', os.arch: 'amd64', os.version: '10.0', java.version: '17.0.7'
Driver info: com.kms.katalon.core.webui.driver.firefox.CGeckoDriver
Capabilities {acceptInsecureCerts: true, browserName: firefox, browserVersion: 133.0, javascriptEnabled: true, moz:accessibilityChecks: false, moz:buildID: 20241121140525, moz:geckodriverVersion: 0.35.0, moz:headless: false, moz:platformVersion: 10.0, moz:processID: 27200, moz:profile: C:\Users\OLVATI\AppData\Loc..., moz:shutdownTimeout: 60000, moz:webdriverClick: true, moz:windowless: false, pageLoadStrategy: normal, platform: WINDOWS, platformName: WINDOWS, proxy: Proxy(direct), setWindowRect: true, strictFileInteractability: false, timeouts: {implicit: 0, pageLoad: 300000, script: 30000}, unhandledPromptBehavior: dismiss and notify, userAgent: Mozilla/5.0 (Windows NT 10....}
Session ID: f5207fec-4dfe-4914-9206-d563140fd711
	at jdk.internal.reflect.GeneratedConstructorAccessor32.newInstance(Unknown Source)
	at java.base/jdk.internal.reflect.DelegatingConstructorAccessorImpl.newInstance(DelegatingConstructorAccessorImpl.java:45)
	at org.openqa.selenium.remote.http.W3CHttpResponseCodec.createException(W3CHttpResponseCodec.java:187)
	at org.openqa.selenium.remote.http.W3CHttpResponseCodec.decode(W3CHttpResponseCodec.java:122)
	at org.openqa.selenium.remote.http.W3CHttpResponseCodec.decode(W3CHttpResponseCodec.java:49)
	at org.openqa.selenium.remote.HttpCommandExecutor.execute(HttpCommandExecutor.java:158)
	at org.openqa.selenium.remote.service.DriverCommandExecutor.execute(DriverCommandExecutor.java:83)
	at org.openqa.selenium.remote.RemoteWebDriver.execute(RemoteWebDriver.java:552)
	at com.kms.katalon.selenium.driver.CFirefoxDriver.execute(CFirefoxDriver.java:28)
	at org.openqa.selenium.remote.RemoteWebElement.execute(RemoteWebElement.java:285)
	at org.openqa.selenium.remote.RemoteWebElement.click(RemoteWebElement.java:84)
	at jdk.internal.reflect.GeneratedMethodAccessor10.invoke(Unknown Source)
	at java.base/jdk.internal.reflect.DelegatingMethodAccessorImpl.invoke(DelegatingMethodAccessorImpl.java:43)
	at org.openqa.selenium.support.events.EventFiringWebDriver$EventFiringWebElement.lambda$new$0(EventFiringWebDriver.java:404)
	at jdk.proxy2/jdk.proxy2.$Proxy21.click(Unknown Source)
	at org.openqa.selenium.support.events.EventFiringWebDriver$EventFiringWebElement.click(EventFiringWebDriver.java:417)
	at org.openqa.selenium.WebElement$click.call(Unknown Source)
	at com.kms.katalon.core.webui.keyword.builtin.ClickKeyword.clickUntilSuccessWithTimeout(ClickKeyword.groovy:81)
	at com.kms.katalon.core.webui.keyword.builtin.ClickKeyword.clickUntilSuccessWithTimeout(ClickKeyword.groovy)
	at jdk.internal.reflect.GeneratedMethodAccessor8.invoke(Unknown Source)
	at java.base/jdk.internal.reflect.DelegatingMethodAccessorImpl.invoke(DelegatingMethodAccessorImpl.java:43)
	at com.kms.katalon.core.webui.keyword.builtin.ClickKeyword$_click_closure1.doCall(ClickKeyword.groovy:67)
	at com.kms.katalon.core.webui.keyword.builtin.ClickKeyword$_click_closure1.call(ClickKeyword.groovy)
	at com.kms.katalon.core.webui.keyword.internal.WebUIKeywordMain.runKeyword(WebUIKeywordMain.groovy:35)
	at com.kms.katalon.core.webui.keyword.builtin.ClickKeyword.click(ClickKeyword.groovy:74)
	at com.kms.katalon.core.webui.keyword.builtin.ClickKeyword.execute(ClickKeyword.groovy:40)
	at com.kms.katalon.core.keyword.internal.KeywordExecutor.executeKeywordForPlatform(KeywordExecutor.groovy:74)
	at com.kms.katalon.core.webui.keyword.WebUiBuiltInKeywords.click(WebUiBuiltInKeywords.groovy:659)
	at Script1732083570761.run(Script1732083570761.groovy:24)
	at com.kms.katalon.core.main.ScriptEngine.run(ScriptEngine.java:194)
	at com.kms.katalon.core.main.ScriptEngine.runScriptAsRawText(ScriptEngine.java:119)
	at com.kms.katalon.core.main.TestCaseExecutor.runScript(TestCaseExecutor.java:448)
	at com.kms.katalon.core.main.TestCaseExecutor.doExecute(TestCaseExecutor.java:439)
	at com.kms.katalon.core.main.TestCaseExecutor.processExecutionPhase(TestCaseExecutor.java:418)
	at com.kms.katalon.core.main.TestCaseExecutor.accessMainPhase(TestCaseExecutor.java:410)
	at com.kms.katalon.core.main.TestCaseExecutor.execute(TestCaseExecutor.java:285)
	at com.kms.katalon.core.main.TestCaseMain.runTestCase(TestCaseMain.java:137)
	at com.kms.katalon.core.keyword.builtin.CallTestCaseKeyword$_callTestCase_closure1.doCall(CallTestCaseKeyword.groovy:59)
	at com.kms.katalon.core.keyword.builtin.CallTestCaseKeyword$_callTestCase_closure1.call(CallTestCaseKeyword.groovy)
	at com.kms.katalon.core.keyword.internal.KeywordMain.runKeyword(KeywordMain.groovy:75)
	at com.kms.katalon.core.keyword.builtin.CallTestCaseKeyword.callTestCase(CallTestCaseKeyword.groovy:81)
	at com.kms.katalon.core.keyword.builtin.CallTestCaseKeyword.execute(CallTestCaseKeyword.groovy:44)
	at com.kms.katalon.core.keyword.internal.KeywordExecutor.executeKeywordForPlatform(KeywordExecutor.groovy:74)
	at com.kms.katalon.core.keyword.BuiltinKeywords.callTestCase(BuiltinKeywords.groovy:310)
	at jdk.internal.reflect.GeneratedMethodAccessor25.invoke(Unknown Source)
	at java.base/jdk.internal.reflect.DelegatingMethodAccessorImpl.invoke(DelegatingMethodAccessorImpl.java:43)
	at Script1732341473711.run(Script1732341473711.groovy:22)
	... 15 more
)

27-11-2024T13:25:44 - [MESSAGE][FAILED] - Unable to call Test Case 'Test Cases/1.Inicio/1.1Principal/Selec_sobre' (Root cause: com.kms.katalon.core.exception.StepFailedException: Call Test Case 'Test Cases/1.Inicio/1.1Principal/Selec_sobre' failed
	at com.kms.katalon.core.keyword.builtin.CallTestCaseKeyword$_callTestCase_closure1.doCall(CallTestCaseKeyword.groovy:63)
	at com.kms.katalon.core.keyword.builtin.CallTestCaseKeyword$_callTestCase_closure1.call(CallTestCaseKeyword.groovy)
	at com.kms.katalon.core.keyword.internal.KeywordMain.runKeyword(KeywordMain.groovy:75)
	at com.kms.katalon.core.keyword.builtin.CallTestCaseKeyword.callTestCase(CallTestCaseKeyword.groovy:81)
	at com.kms.katalon.core.keyword.builtin.CallTestCaseKeyword.execute(CallTestCaseKeyword.groovy:44)
	at com.kms.katalon.core.keyword.internal.KeywordExecutor.executeKeywordForPlatform(KeywordExecutor.groovy:74)
	at com.kms.katalon.core.keyword.BuiltinKeywords.callTestCase(BuiltinKeywords.groovy:310)
	at jdk.internal.reflect.GeneratedMethodAccessor25.invoke(Unknown Source)
	at java.base/jdk.internal.reflect.DelegatingMethodAccessorImpl.invoke(DelegatingMethodAccessorImpl.java:43)
	at Difuninado-Consignado.run(Difuninado-Consignado:22)
	at com.kms.katalon.core.main.ScriptEngine.run(ScriptEngine.java:194)
	at com.kms.katalon.core.main.ScriptEngine.runScriptAsRawText(ScriptEngine.java:119)
	at com.kms.katalon.core.main.TestCaseExecutor.runScript(TestCaseExecutor.java:448)
	at com.kms.katalon.core.main.TestCaseExecutor.doExecute(TestCaseExecutor.java:439)
	at com.kms.katalon.core.main.TestCaseExecutor.processExecutionPhase(TestCaseExecutor.java:418)
	at com.kms.katalon.core.main.TestCaseExecutor.accessMainPhase(TestCaseExecutor.java:410)
	at com.kms.katalon.core.main.TestCaseExecutor.execute(TestCaseExecutor.java:285)
	at com.kms.katalon.core.common.CommonExecutor.accessTestCaseMainPhase(CommonExecutor.java:65)
	at com.kms.katalon.core.main.TestSuiteExecutor.accessTestSuiteMainPhase(TestSuiteExecutor.java:150)
	at com.kms.katalon.core.main.TestSuiteExecutor.execute(TestSuiteExecutor.java:106)
	at com.kms.katalon.core.main.TestCaseMain.startTestSuite(TestCaseMain.java:180)
	at TempTestSuite1732729948317.run(TempTestSuite1732729948317.groovy:35)
	at java.base/jdk.internal.reflect.NativeMethodAccessorImpl.invoke0(Native Method)
	at java.base/jdk.internal.reflect.NativeMethodAccessorImpl.invoke(NativeMethodAccessorImpl.java:77)
	at java.base/jdk.internal.reflect.DelegatingMethodAccessorImpl.invoke(DelegatingMethodAccessorImpl.java:43)
Caused by: com.kms.katalon.core.exception.StepFailedException: Unable to click on object 'Object Repository/Principal/Page_Olva Courier  Home/button_CONTINUAR (2)'
	at com.kms.katalon.core.webui.keyword.internal.WebUIKeywordMain.stepFailed(WebUIKeywordMain.groovy:117)
	at com.kms.katalon.core.webui.keyword.internal.WebUIKeywordMain.runKeyword(WebUIKeywordMain.groovy:43)
	at com.kms.katalon.core.webui.keyword.builtin.ClickKeyword.click(ClickKeyword.groovy:74)
	at com.kms.katalon.core.webui.keyword.builtin.ClickKeyword.execute(ClickKeyword.groovy:40)
	at com.kms.katalon.core.keyword.internal.KeywordExecutor.executeKeywordForPlatform(KeywordExecutor.groovy:74)
	at com.kms.katalon.core.webui.keyword.WebUiBuiltInKeywords.click(WebUiBuiltInKeywords.groovy:659)
	at Selec_sobre.run(Selec_sobre:24)
	at com.kms.katalon.core.main.ScriptEngine.run(ScriptEngine.java:194)
	at com.kms.katalon.core.main.ScriptEngine.runScriptAsRawText(ScriptEngine.java:119)
	at com.kms.katalon.core.main.TestCaseExecutor.runScript(TestCaseExecutor.java:448)
	at com.kms.katalon.core.main.TestCaseExecutor.doExecute(TestCaseExecutor.java:439)
	at com.kms.katalon.core.main.TestCaseExecutor.processExecutionPhase(TestCaseExecutor.java:418)
	at com.kms.katalon.core.main.TestCaseExecutor.accessMainPhase(TestCaseExecutor.java:410)
	at com.kms.katalon.core.main.TestCaseExecutor.execute(TestCaseExecutor.java:285)
	at com.kms.katalon.core.main.TestCaseMain.runTestCase(TestCaseMain.java:137)
	at com.kms.katalon.core.keyword.builtin.CallTestCaseKeyword$_callTestCase_closure1.doCall(CallTestCaseKeyword.groovy:59)
	... 24 more
Caused by: org.openqa.selenium.ElementClickInterceptedException: Element <button id="btn_aceptar_tipo_envio" class="btn disabled" type="button"> is not clickable at point (675,588) because another element <div class="modal-footer"> obscures it
Build info: version: '3.141.59', revision: 'unknown', time: 'unknown'
System info: host: 'DESKTOP-RGFFP9A', ip: '10.136.10.6', os.name: 'Windows 11', os.arch: 'amd64', os.version: '10.0', java.version: '17.0.7'
Driver info: com.kms.katalon.core.webui.driver.firefox.CGeckoDriver
Capabilities {acceptInsecureCerts: true, browserName: firefox, browserVersion: 133.0, javascriptEnabled: true, moz:accessibilityChecks: false, moz:buildID: 20241121140525, moz:geckodriverVersion: 0.35.0, moz:headless: false, moz:platformVersion: 10.0, moz:processID: 27200, moz:profile: C:\Users\OLVATI\AppData\Loc..., moz:shutdownTimeout: 60000, moz:webdriverClick: true, moz:windowless: false, pageLoadStrategy: normal, platform: WINDOWS, platformName: WINDOWS, proxy: Proxy(direct), setWindowRect: true, strictFileInteractability: false, timeouts: {implicit: 0, pageLoad: 300000, script: 30000}, unhandledPromptBehavior: dismiss and notify, userAgent: Mozilla/5.0 (Windows NT 10....}
Session ID: f5207fec-4dfe-4914-9206-d563140fd711
	at jdk.internal.reflect.GeneratedConstructorAccessor32.newInstance(Unknown Source)
	at java.base/jdk.internal.reflect.DelegatingConstructorAccessorImpl.newInstance(DelegatingConstructorAccessorImpl.java:45)
	at org.openqa.selenium.remote.http.W3CHttpResponseCodec.createException(W3CHttpResponseCodec.java:187)
	at org.openqa.selenium.remote.http.W3CHttpResponseCodec.decode(W3CHttpResponseCodec.java:122)
	at org.openqa.selenium.remote.http.W3CHttpResponseCodec.decode(W3CHttpResponseCodec.java:49)
	at org.openqa.selenium.remote.HttpCommandExecutor.execute(HttpCommandExecutor.java:158)
	at org.openqa.selenium.remote.service.DriverCommandExecutor.execute(DriverCommandExecutor.java:83)
	at org.openqa.selenium.remote.RemoteWebDriver.execute(RemoteWebDriver.java:552)
	at com.kms.katalon.selenium.driver.CFirefoxDriver.execute(CFirefoxDriver.java:28)
	at org.openqa.selenium.remote.RemoteWebElement.execute(RemoteWebElement.java:285)
	at org.openqa.selenium.remote.RemoteWebElement.click(RemoteWebElement.java:84)
	at jdk.internal.reflect.GeneratedMethodAccessor10.invoke(Unknown Source)
	at java.base/jdk.internal.reflect.DelegatingMethodAccessorImpl.invoke(DelegatingMethodAccessorImpl.java:43)
	at org.openqa.selenium.support.events.EventFiringWebDriver$EventFiringWebElement.lambda$new$0(EventFiringWebDriver.java:404)
	at jdk.proxy2/jdk.proxy2.$Proxy21.click(Unknown Source)
	at org.openqa.selenium.support.events.EventFiringWebDriver$EventFiringWebElement.click(EventFiringWebDriver.java:417)
	at org.openqa.selenium.WebElement$click.call(Unknown Source)
	at com.kms.katalon.core.webui.keyword.builtin.ClickKeyword.clickUntilSuccessWithTimeout(ClickKeyword.groovy:81)
	at com.kms.katalon.core.webui.keyword.builtin.ClickKeyword.clickUntilSuccessWithTimeout(ClickKeyword.groovy)
	at jdk.internal.reflect.GeneratedMethodAccessor8.invoke(Unknown Source)
	at java.base/jdk.internal.reflect.DelegatingMethodAccessorImpl.invoke(DelegatingMethodAccessorImpl.java:43)
	at com.kms.katalon.core.webui.keyword.builtin.ClickKeyword$_click_closure1.doCall(ClickKeyword.groovy:67)
	at com.kms.katalon.core.webui.keyword.builtin.ClickKeyword$_click_closure1.call(ClickKeyword.groovy)
	at com.kms.katalon.core.webui.keyword.internal.WebUIKeywordMain.runKeyword(WebUIKeywordMain.groovy:35)
	... 38 more
)]]></system-out>
         <system-err><![CDATA[27-11-2024T13:25:03 - [TEST_CASE][FAILED] - Test Cases/2.Positivos/2.2Sobre/Origen-Provincia/Difuninado-Consignado: Test Cases/2.Positivos/2.2Sobre/Origen-Provincia/Difuninado-Consignado FAILED.
Reason:
com.kms.katalon.core.exception.StepFailedException: Call Test Case 'Test Cases/1.Inicio/1.1Principal/Selec_sobre' failed
	at com.kms.katalon.core.keyword.builtin.CallTestCaseKeyword$_callTestCase_closure1.doCall(CallTestCaseKeyword.groovy:63)
	at com.kms.katalon.core.keyword.builtin.CallTestCaseKeyword$_callTestCase_closure1.call(CallTestCaseKeyword.groovy)
	at com.kms.katalon.core.keyword.internal.KeywordMain.runKeyword(KeywordMain.groovy:75)
	at com.kms.katalon.core.keyword.builtin.CallTestCaseKeyword.callTestCase(CallTestCaseKeyword.groovy:81)
	at com.kms.katalon.core.keyword.builtin.CallTestCaseKeyword.execute(CallTestCaseKeyword.groovy:44)
	at com.kms.katalon.core.keyword.internal.KeywordExecutor.executeKeywordForPlatform(KeywordExecutor.groovy:74)
	at com.kms.katalon.core.keyword.BuiltinKeywords.callTestCase(BuiltinKeywords.groovy:310)
	at jdk.internal.reflect.GeneratedMethodAccessor25.invoke(Unknown Source)
	at java.base/jdk.internal.reflect.DelegatingMethodAccessorImpl.invoke(DelegatingMethodAccessorImpl.java:43)
	at Difuninado-Consignado.run(Difuninado-Consignado:22)
	at com.kms.katalon.core.main.ScriptEngine.run(ScriptEngine.java:194)
	at com.kms.katalon.core.main.ScriptEngine.runScriptAsRawText(ScriptEngine.java:119)
	at com.kms.katalon.core.main.TestCaseExecutor.runScript(TestCaseExecutor.java:448)
	at com.kms.katalon.core.main.TestCaseExecutor.doExecute(TestCaseExecutor.java:439)
	at com.kms.katalon.core.main.TestCaseExecutor.processExecutionPhase(TestCaseExecutor.java:418)
	at com.kms.katalon.core.main.TestCaseExecutor.accessMainPhase(TestCaseExecutor.java:410)
	at com.kms.katalon.core.main.TestCaseExecutor.execute(TestCaseExecutor.java:285)
	at com.kms.katalon.core.common.CommonExecutor.accessTestCaseMainPhase(CommonExecutor.java:65)
	at com.kms.katalon.core.main.TestSuiteExecutor.accessTestSuiteMainPhase(TestSuiteExecutor.java:150)
	at com.kms.katalon.core.main.TestSuiteExecutor.execute(TestSuiteExecutor.java:106)
	at com.kms.katalon.core.main.TestCaseMain.startTestSuite(TestCaseMain.java:180)
	at TempTestSuite1732729948317.run(TempTestSuite1732729948317.groovy:35)
	at java.base/jdk.internal.reflect.NativeMethodAccessorImpl.invoke0(Native Method)
	at java.base/jdk.internal.reflect.NativeMethodAccessorImpl.invoke(NativeMethodAccessorImpl.java:77)
	at java.base/jdk.internal.reflect.DelegatingMethodAccessorImpl.invoke(DelegatingMethodAccessorImpl.java:43)
Caused by: com.kms.katalon.core.exception.StepFailedException: Unable to click on object 'Object Repository/Principal/Page_Olva Courier  Home/button_CONTINUAR (2)'
	at com.kms.katalon.core.webui.keyword.internal.WebUIKeywordMain.stepFailed(WebUIKeywordMain.groovy:117)
	at com.kms.katalon.core.webui.keyword.internal.WebUIKeywordMain.runKeyword(WebUIKeywordMain.groovy:43)
	at com.kms.katalon.core.webui.keyword.builtin.ClickKeyword.click(ClickKeyword.groovy:74)
	at com.kms.katalon.core.webui.keyword.builtin.ClickKeyword.execute(ClickKeyword.groovy:40)
	at com.kms.katalon.core.keyword.internal.KeywordExecutor.executeKeywordForPlatform(KeywordExecutor.groovy:74)
	at com.kms.katalon.core.webui.keyword.WebUiBuiltInKeywords.click(WebUiBuiltInKeywords.groovy:659)
	at Selec_sobre.run(Selec_sobre:24)
	at com.kms.katalon.core.main.ScriptEngine.run(ScriptEngine.java:194)
	at com.kms.katalon.core.main.ScriptEngine.runScriptAsRawText(ScriptEngine.java:119)
	at com.kms.katalon.core.main.TestCaseExecutor.runScript(TestCaseExecutor.java:448)
	at com.kms.katalon.core.main.TestCaseExecutor.doExecute(TestCaseExecutor.java:439)
	at com.kms.katalon.core.main.TestCaseExecutor.processExecutionPhase(TestCaseExecutor.java:418)
	at com.kms.katalon.core.main.TestCaseExecutor.accessMainPhase(TestCaseExecutor.java:410)
	at com.kms.katalon.core.main.TestCaseExecutor.execute(TestCaseExecutor.java:285)
	at com.kms.katalon.core.main.TestCaseMain.runTestCase(TestCaseMain.java:137)
	at com.kms.katalon.core.keyword.builtin.CallTestCaseKeyword$_callTestCase_closure1.doCall(CallTestCaseKeyword.groovy:59)
	... 24 more
Caused by: org.openqa.selenium.ElementClickInterceptedException: Element <button id="btn_aceptar_tipo_envio" class="btn disabled" type="button"> is not clickable at point (675,588) because another element <div class="modal-footer"> obscures it
Build info: version: '3.141.59', revision: 'unknown', time: 'unknown'
System info: host: 'DESKTOP-RGFFP9A', ip: '10.136.10.6', os.name: 'Windows 11', os.arch: 'amd64', os.version: '10.0', java.version: '17.0.7'
Driver info: com.kms.katalon.core.webui.driver.firefox.CGeckoDriver
Capabilities {acceptInsecureCerts: true, browserName: firefox, browserVersion: 133.0, javascriptEnabled: true, moz:accessibilityChecks: false, moz:buildID: 20241121140525, moz:geckodriverVersion: 0.35.0, moz:headless: false, moz:platformVersion: 10.0, moz:processID: 27200, moz:profile: C:\Users\OLVATI\AppData\Loc..., moz:shutdownTimeout: 60000, moz:webdriverClick: true, moz:windowless: false, pageLoadStrategy: normal, platform: WINDOWS, platformName: WINDOWS, proxy: Proxy(direct), setWindowRect: true, strictFileInteractability: false, timeouts: {implicit: 0, pageLoad: 300000, script: 30000}, unhandledPromptBehavior: dismiss and notify, userAgent: Mozilla/5.0 (Windows NT 10....}
Session ID: f5207fec-4dfe-4914-9206-d563140fd711
	at jdk.internal.reflect.GeneratedConstructorAccessor32.newInstance(Unknown Source)
	at java.base/jdk.internal.reflect.DelegatingConstructorAccessorImpl.newInstance(DelegatingConstructorAccessorImpl.java:45)
	at org.openqa.selenium.remote.http.W3CHttpResponseCodec.createException(W3CHttpResponseCodec.java:187)
	at org.openqa.selenium.remote.http.W3CHttpResponseCodec.decode(W3CHttpResponseCodec.java:122)
	at org.openqa.selenium.remote.http.W3CHttpResponseCodec.decode(W3CHttpResponseCodec.java:49)
	at org.openqa.selenium.remote.HttpCommandExecutor.execute(HttpCommandExecutor.java:158)
	at org.openqa.selenium.remote.service.DriverCommandExecutor.execute(DriverCommandExecutor.java:83)
	at org.openqa.selenium.remote.RemoteWebDriver.execute(RemoteWebDriver.java:552)
	at com.kms.katalon.selenium.driver.CFirefoxDriver.execute(CFirefoxDriver.java:28)
	at org.openqa.selenium.remote.RemoteWebElement.execute(RemoteWebElement.java:285)
	at org.openqa.selenium.remote.RemoteWebElement.click(RemoteWebElement.java:84)
	at jdk.internal.reflect.GeneratedMethodAccessor10.invoke(Unknown Source)
	at java.base/jdk.internal.reflect.DelegatingMethodAccessorImpl.invoke(DelegatingMethodAccessorImpl.java:43)
	at org.openqa.selenium.support.events.EventFiringWebDriver$EventFiringWebElement.lambda$new$0(EventFiringWebDriver.java:404)
	at jdk.proxy2/jdk.proxy2.$Proxy21.click(Unknown Source)
	at org.openqa.selenium.support.events.EventFiringWebDriver$EventFiringWebElement.click(EventFiringWebDriver.java:417)
	at org.openqa.selenium.WebElement$click.call(Unknown Source)
	at com.kms.katalon.core.webui.keyword.builtin.ClickKeyword.clickUntilSuccessWithTimeout(ClickKeyword.groovy:81)
	at com.kms.katalon.core.webui.keyword.builtin.ClickKeyword.clickUntilSuccessWithTimeout(ClickKeyword.groovy)
	at jdk.internal.reflect.GeneratedMethodAccessor8.invoke(Unknown Source)
	at java.base/jdk.internal.reflect.DelegatingMethodAccessorImpl.invoke(DelegatingMethodAccessorImpl.java:43)
	at com.kms.katalon.core.webui.keyword.builtin.ClickKeyword$_click_closure1.doCall(ClickKeyword.groovy:67)
	at com.kms.katalon.core.webui.keyword.builtin.ClickKeyword$_click_closure1.call(ClickKeyword.groovy)
	at com.kms.katalon.core.webui.keyword.internal.WebUIKeywordMain.runKeyword(WebUIKeywordMain.groovy:35)
	... 38 more]]></system-err>
      </testcase>
      <testcase name="Test Cases/2.Positivos/2.2Sobre/Origen-Provincia/Agregar-Envios" time="41.054" classname="Test Cases/2.Positivos/2.2Sobre/Origen-Provincia/Agregar-Envios" status="FAILED">
         <failure type="FAILED" message="Test Cases/2.Positivos/2.2Sobre/Origen-Provincia/Agregar-Envios FAILED.&#xa;Reason:&#xa;com.kms.katalon.core.exception.StepFailedException: Call Test Case 'Test Cases/1.Inicio/1.1Principal/Selec_sobre' failed&#xa;	at com.kms.katalon.core.keyword.builtin.CallTestCaseKeyword$_callTestCase_closure1.doCall(CallTestCaseKeyword.groovy:63)&#xa;	at com.kms.katalon.core.keyword.builtin.CallTestCaseKeyword$_callTestCase_closure1.call(CallTestCaseKeyword.groovy)&#xa;	at com.kms.katalon.core.keyword.internal.KeywordMain.runKeyword(KeywordMain.groovy:75)&#xa;	at com.kms.katalon.core.keyword.builtin.CallTestCaseKeyword.callTestCase(CallTestCaseKeyword.groovy:81)&#xa;	at com.kms.katalon.core.keyword.builtin.CallTestCaseKeyword.execute(CallTestCaseKeyword.groovy:44)&#xa;	at com.kms.katalon.core.keyword.internal.KeywordExecutor.executeKeywordForPlatform(KeywordExecutor.groovy:74)&#xa;	at com.kms.katalon.core.keyword.BuiltinKeywords.callTestCase(BuiltinKeywords.groovy:310)&#xa;	at jdk.internal.reflect.GeneratedMethodAccessor25.invoke(Unknown Source)&#xa;	at java.base/jdk.internal.reflect.DelegatingMethodAccessorImpl.invoke(DelegatingMethodAccessorImpl.java:43)&#xa;	at Agregar-Envios.run(Agregar-Envios:22)&#xa;	at com.kms.katalon.core.main.ScriptEngine.run(ScriptEngine.java:194)&#xa;	at com.kms.katalon.core.main.ScriptEngine.runScriptAsRawText(ScriptEngine.java:119)&#xa;	at com.kms.katalon.core.main.TestCaseExecutor.runScript(TestCaseExecutor.java:448)&#xa;	at com.kms.katalon.core.main.TestCaseExecutor.doExecute(TestCaseExecutor.java:439)&#xa;	at com.kms.katalon.core.main.TestCaseExecutor.processExecutionPhase(TestCaseExecutor.java:418)&#xa;	at com.kms.katalon.core.main.TestCaseExecutor.accessMainPhase(TestCaseExecutor.java:410)&#xa;	at com.kms.katalon.core.main.TestCaseExecutor.execute(TestCaseExecutor.java:285)&#xa;	at com.kms.katalon.core.common.CommonExecutor.accessTestCaseMainPhase(CommonExecutor.java:65)&#xa;	at com.kms.katalon.core.main.TestSuiteExecutor.accessTestSuiteMainPhase(TestSuiteExecutor.java:150)&#xa;	at com.kms.katalon.core.main.TestSuiteExecutor.execute(TestSuiteExecutor.java:106)&#xa;	at com.kms.katalon.core.main.TestCaseMain.startTestSuite(TestCaseMain.java:180)&#xa;	at TempTestSuite1732729948317.run(TempTestSuite1732729948317.groovy:35)&#xa;	at java.base/jdk.internal.reflect.NativeMethodAccessorImpl.invoke0(Native Method)&#xa;	at java.base/jdk.internal.reflect.NativeMethodAccessorImpl.invoke(NativeMethodAccessorImpl.java:77)&#xa;	at java.base/jdk.internal.reflect.DelegatingMethodAccessorImpl.invoke(DelegatingMethodAccessorImpl.java:43)&#xa;Caused by: com.kms.katalon.core.exception.StepFailedException: Unable to click on object 'Object Repository/Principal/Page_Olva Courier  Home/button_CONTINUAR (2)'&#xa;	at com.kms.katalon.core.webui.keyword.internal.WebUIKeywordMain.stepFailed(WebUIKeywordMain.groovy:117)&#xa;	at com.kms.katalon.core.webui.keyword.internal.WebUIKeywordMain.runKeyword(WebUIKeywordMain.groovy:43)&#xa;	at com.kms.katalon.core.webui.keyword.builtin.ClickKeyword.click(ClickKeyword.groovy:74)&#xa;	at com.kms.katalon.core.webui.keyword.builtin.ClickKeyword.execute(ClickKeyword.groovy:40)&#xa;	at com.kms.katalon.core.keyword.internal.KeywordExecutor.executeKeywordForPlatform(KeywordExecutor.groovy:74)&#xa;	at com.kms.katalon.core.webui.keyword.WebUiBuiltInKeywords.click(WebUiBuiltInKeywords.groovy:659)&#xa;	at Selec_sobre.run(Selec_sobre:24)&#xa;	at com.kms.katalon.core.main.ScriptEngine.run(ScriptEngine.java:194)&#xa;	at com.kms.katalon.core.main.ScriptEngine.runScriptAsRawText(ScriptEngine.java:119)&#xa;	at com.kms.katalon.core.main.TestCaseExecutor.runScript(TestCaseExecutor.java:448)&#xa;	at com.kms.katalon.core.main.TestCaseExecutor.doExecute(TestCaseExecutor.java:439)&#xa;	at com.kms.katalon.core.main.TestCaseExecutor.processExecutionPhase(TestCaseExecutor.java:418)&#xa;	at com.kms.katalon.core.main.TestCaseExecutor.accessMainPhase(TestCaseExecutor.java:410)&#xa;	at com.kms.katalon.core.main.TestCaseExecutor.execute(TestCaseExecutor.java:285)&#xa;	at com.kms.katalon.core.main.TestCaseMain.runTestCase(TestCaseMain.java:137)&#xa;	at com.kms.katalon.core.keyword.builtin.CallTestCaseKeyword$_callTestCase_closure1.doCall(CallTestCaseKeyword.groovy:59)&#xa;	... 24 more&#xa;Caused by: org.openqa.selenium.ElementClickInterceptedException: Element &lt;button id=&quot;btn_aceptar_tipo_envio&quot; class=&quot;btn disabled&quot; type=&quot;button&quot;> is not clickable at point (675,588) because another element &lt;div class=&quot;modal-footer&quot;> obscures it&#xa;Build info: version: '3.141.59', revision: 'unknown', time: 'unknown'&#xa;System info: host: 'DESKTOP-RGFFP9A', ip: '10.136.10.6', os.name: 'Windows 11', os.arch: 'amd64', os.version: '10.0', java.version: '17.0.7'&#xa;Driver info: com.kms.katalon.core.webui.driver.firefox.CGeckoDriver&#xa;Capabilities {acceptInsecureCerts: true, browserName: firefox, browserVersion: 133.0, javascriptEnabled: true, moz:accessibilityChecks: false, moz:buildID: 20241121140525, moz:geckodriverVersion: 0.35.0, moz:headless: false, moz:platformVersion: 10.0, moz:processID: 39872, moz:profile: C:\Users\OLVATI\AppData\Loc..., moz:shutdownTimeout: 60000, moz:webdriverClick: true, moz:windowless: false, pageLoadStrategy: normal, platform: WINDOWS, platformName: WINDOWS, proxy: Proxy(direct), setWindowRect: true, strictFileInteractability: false, timeouts: {implicit: 0, pageLoad: 300000, script: 30000}, unhandledPromptBehavior: dismiss and notify, userAgent: Mozilla/5.0 (Windows NT 10....}&#xa;Session ID: 20ad2567-9125-4525-bd62-5c5482eed923&#xa;	at jdk.internal.reflect.GeneratedConstructorAccessor32.newInstance(Unknown Source)&#xa;	at java.base/jdk.internal.reflect.DelegatingConstructorAccessorImpl.newInstance(DelegatingConstructorAccessorImpl.java:45)&#xa;	at org.openqa.selenium.remote.http.W3CHttpResponseCodec.createException(W3CHttpResponseCodec.java:187)&#xa;	at org.openqa.selenium.remote.http.W3CHttpResponseCodec.decode(W3CHttpResponseCodec.java:122)&#xa;	at org.openqa.selenium.remote.http.W3CHttpResponseCodec.decode(W3CHttpResponseCodec.java:49)&#xa;	at org.openqa.selenium.remote.HttpCommandExecutor.execute(HttpCommandExecutor.java:158)&#xa;	at org.openqa.selenium.remote.service.DriverCommandExecutor.execute(DriverCommandExecutor.java:83)&#xa;	at org.openqa.selenium.remote.RemoteWebDriver.execute(RemoteWebDriver.java:552)&#xa;	at com.kms.katalon.selenium.driver.CFirefoxDriver.execute(CFirefoxDriver.java:28)&#xa;	at org.openqa.selenium.remote.RemoteWebElement.execute(RemoteWebElement.java:285)&#xa;	at org.openqa.selenium.remote.RemoteWebElement.click(RemoteWebElement.java:84)&#xa;	at jdk.internal.reflect.GeneratedMethodAccessor10.invoke(Unknown Source)&#xa;	at java.base/jdk.internal.reflect.DelegatingMethodAccessorImpl.invoke(DelegatingMethodAccessorImpl.java:43)&#xa;	at org.openqa.selenium.support.events.EventFiringWebDriver$EventFiringWebElement.lambda$new$0(EventFiringWebDriver.java:404)&#xa;	at jdk.proxy2/jdk.proxy2.$Proxy21.click(Unknown Source)&#xa;	at org.openqa.selenium.support.events.EventFiringWebDriver$EventFiringWebElement.click(EventFiringWebDriver.java:417)&#xa;	at org.openqa.selenium.WebElement$click.call(Unknown Source)&#xa;	at com.kms.katalon.core.webui.keyword.builtin.ClickKeyword.clickUntilSuccessWithTimeout(ClickKeyword.groovy:81)&#xa;	at com.kms.katalon.core.webui.keyword.builtin.ClickKeyword.clickUntilSuccessWithTimeout(ClickKeyword.groovy)&#xa;	at jdk.internal.reflect.GeneratedMethodAccessor8.invoke(Unknown Source)&#xa;	at java.base/jdk.internal.reflect.DelegatingMethodAccessorImpl.invoke(DelegatingMethodAccessorImpl.java:43)&#xa;	at com.kms.katalon.core.webui.keyword.builtin.ClickKeyword$_click_closure1.doCall(ClickKeyword.groovy:67)&#xa;	at com.kms.katalon.core.webui.keyword.builtin.ClickKeyword$_click_closure1.call(ClickKeyword.groovy)&#xa;	at com.kms.katalon.core.webui.keyword.internal.WebUIKeywordMain.runKeyword(WebUIKeywordMain.groovy:35)&#xa;	... 38 more&#xa;"/>
         <system-out><![CDATA[27-11-2024T13:25:44 - [TEST_CASE][FAILED] - Test Cases/2.Positivos/2.2Sobre/Origen-Provincia/Agregar-Envios: Test Cases/2.Positivos/2.2Sobre/Origen-Provincia/Agregar-Envios FAILED.
Reason:
com.kms.katalon.core.exception.StepFailedException: Call Test Case 'Test Cases/1.Inicio/1.1Principal/Selec_sobre' failed
	at com.kms.katalon.core.keyword.builtin.CallTestCaseKeyword$_callTestCase_closure1.doCall(CallTestCaseKeyword.groovy:63)
	at com.kms.katalon.core.keyword.builtin.CallTestCaseKeyword$_callTestCase_closure1.call(CallTestCaseKeyword.groovy)
	at com.kms.katalon.core.keyword.internal.KeywordMain.runKeyword(KeywordMain.groovy:75)
	at com.kms.katalon.core.keyword.builtin.CallTestCaseKeyword.callTestCase(CallTestCaseKeyword.groovy:81)
	at com.kms.katalon.core.keyword.builtin.CallTestCaseKeyword.execute(CallTestCaseKeyword.groovy:44)
	at com.kms.katalon.core.keyword.internal.KeywordExecutor.executeKeywordForPlatform(KeywordExecutor.groovy:74)
	at com.kms.katalon.core.keyword.BuiltinKeywords.callTestCase(BuiltinKeywords.groovy:310)
	at jdk.internal.reflect.GeneratedMethodAccessor25.invoke(Unknown Source)
	at java.base/jdk.internal.reflect.DelegatingMethodAccessorImpl.invoke(DelegatingMethodAccessorImpl.java:43)
	at Agregar-Envios.run(Agregar-Envios:22)
	at com.kms.katalon.core.main.ScriptEngine.run(ScriptEngine.java:194)
	at com.kms.katalon.core.main.ScriptEngine.runScriptAsRawText(ScriptEngine.java:119)
	at com.kms.katalon.core.main.TestCaseExecutor.runScript(TestCaseExecutor.java:448)
	at com.kms.katalon.core.main.TestCaseExecutor.doExecute(TestCaseExecutor.java:439)
	at com.kms.katalon.core.main.TestCaseExecutor.processExecutionPhase(TestCaseExecutor.java:418)
	at com.kms.katalon.core.main.TestCaseExecutor.accessMainPhase(TestCaseExecutor.java:410)
	at com.kms.katalon.core.main.TestCaseExecutor.execute(TestCaseExecutor.java:285)
	at com.kms.katalon.core.common.CommonExecutor.accessTestCaseMainPhase(CommonExecutor.java:65)
	at com.kms.katalon.core.main.TestSuiteExecutor.accessTestSuiteMainPhase(TestSuiteExecutor.java:150)
	at com.kms.katalon.core.main.TestSuiteExecutor.execute(TestSuiteExecutor.java:106)
	at com.kms.katalon.core.main.TestCaseMain.startTestSuite(TestCaseMain.java:180)
	at TempTestSuite1732729948317.run(TempTestSuite1732729948317.groovy:35)
	at java.base/jdk.internal.reflect.NativeMethodAccessorImpl.invoke0(Native Method)
	at java.base/jdk.internal.reflect.NativeMethodAccessorImpl.invoke(NativeMethodAccessorImpl.java:77)
	at java.base/jdk.internal.reflect.DelegatingMethodAccessorImpl.invoke(DelegatingMethodAccessorImpl.java:43)
Caused by: com.kms.katalon.core.exception.StepFailedException: Unable to click on object 'Object Repository/Principal/Page_Olva Courier  Home/button_CONTINUAR (2)'
	at com.kms.katalon.core.webui.keyword.internal.WebUIKeywordMain.stepFailed(WebUIKeywordMain.groovy:117)
	at com.kms.katalon.core.webui.keyword.internal.WebUIKeywordMain.runKeyword(WebUIKeywordMain.groovy:43)
	at com.kms.katalon.core.webui.keyword.builtin.ClickKeyword.click(ClickKeyword.groovy:74)
	at com.kms.katalon.core.webui.keyword.builtin.ClickKeyword.execute(ClickKeyword.groovy:40)
	at com.kms.katalon.core.keyword.internal.KeywordExecutor.executeKeywordForPlatform(KeywordExecutor.groovy:74)
	at com.kms.katalon.core.webui.keyword.WebUiBuiltInKeywords.click(WebUiBuiltInKeywords.groovy:659)
	at Selec_sobre.run(Selec_sobre:24)
	at com.kms.katalon.core.main.ScriptEngine.run(ScriptEngine.java:194)
	at com.kms.katalon.core.main.ScriptEngine.runScriptAsRawText(ScriptEngine.java:119)
	at com.kms.katalon.core.main.TestCaseExecutor.runScript(TestCaseExecutor.java:448)
	at com.kms.katalon.core.main.TestCaseExecutor.doExecute(TestCaseExecutor.java:439)
	at com.kms.katalon.core.main.TestCaseExecutor.processExecutionPhase(TestCaseExecutor.java:418)
	at com.kms.katalon.core.main.TestCaseExecutor.accessMainPhase(TestCaseExecutor.java:410)
	at com.kms.katalon.core.main.TestCaseExecutor.execute(TestCaseExecutor.java:285)
	at com.kms.katalon.core.main.TestCaseMain.runTestCase(TestCaseMain.java:137)
	at com.kms.katalon.core.keyword.builtin.CallTestCaseKeyword$_callTestCase_closure1.doCall(CallTestCaseKeyword.groovy:59)
	... 24 more
Caused by: org.openqa.selenium.ElementClickInterceptedException: Element <button id="btn_aceptar_tipo_envio" class="btn disabled" type="button"> is not clickable at point (675,588) because another element <div class="modal-footer"> obscures it
Build info: version: '3.141.59', revision: 'unknown', time: 'unknown'
System info: host: 'DESKTOP-RGFFP9A', ip: '10.136.10.6', os.name: 'Windows 11', os.arch: 'amd64', os.version: '10.0', java.version: '17.0.7'
Driver info: com.kms.katalon.core.webui.driver.firefox.CGeckoDriver
Capabilities {acceptInsecureCerts: true, browserName: firefox, browserVersion: 133.0, javascriptEnabled: true, moz:accessibilityChecks: false, moz:buildID: 20241121140525, moz:geckodriverVersion: 0.35.0, moz:headless: false, moz:platformVersion: 10.0, moz:processID: 39872, moz:profile: C:\Users\OLVATI\AppData\Loc..., moz:shutdownTimeout: 60000, moz:webdriverClick: true, moz:windowless: false, pageLoadStrategy: normal, platform: WINDOWS, platformName: WINDOWS, proxy: Proxy(direct), setWindowRect: true, strictFileInteractability: false, timeouts: {implicit: 0, pageLoad: 300000, script: 30000}, unhandledPromptBehavior: dismiss and notify, userAgent: Mozilla/5.0 (Windows NT 10....}
Session ID: 20ad2567-9125-4525-bd62-5c5482eed923
	at jdk.internal.reflect.GeneratedConstructorAccessor32.newInstance(Unknown Source)
	at java.base/jdk.internal.reflect.DelegatingConstructorAccessorImpl.newInstance(DelegatingConstructorAccessorImpl.java:45)
	at org.openqa.selenium.remote.http.W3CHttpResponseCodec.createException(W3CHttpResponseCodec.java:187)
	at org.openqa.selenium.remote.http.W3CHttpResponseCodec.decode(W3CHttpResponseCodec.java:122)
	at org.openqa.selenium.remote.http.W3CHttpResponseCodec.decode(W3CHttpResponseCodec.java:49)
	at org.openqa.selenium.remote.HttpCommandExecutor.execute(HttpCommandExecutor.java:158)
	at org.openqa.selenium.remote.service.DriverCommandExecutor.execute(DriverCommandExecutor.java:83)
	at org.openqa.selenium.remote.RemoteWebDriver.execute(RemoteWebDriver.java:552)
	at com.kms.katalon.selenium.driver.CFirefoxDriver.execute(CFirefoxDriver.java:28)
	at org.openqa.selenium.remote.RemoteWebElement.execute(RemoteWebElement.java:285)
	at org.openqa.selenium.remote.RemoteWebElement.click(RemoteWebElement.java:84)
	at jdk.internal.reflect.GeneratedMethodAccessor10.invoke(Unknown Source)
	at java.base/jdk.internal.reflect.DelegatingMethodAccessorImpl.invoke(DelegatingMethodAccessorImpl.java:43)
	at org.openqa.selenium.support.events.EventFiringWebDriver$EventFiringWebElement.lambda$new$0(EventFiringWebDriver.java:404)
	at jdk.proxy2/jdk.proxy2.$Proxy21.click(Unknown Source)
	at org.openqa.selenium.support.events.EventFiringWebDriver$EventFiringWebElement.click(EventFiringWebDriver.java:417)
	at org.openqa.selenium.WebElement$click.call(Unknown Source)
	at com.kms.katalon.core.webui.keyword.builtin.ClickKeyword.clickUntilSuccessWithTimeout(ClickKeyword.groovy:81)
	at com.kms.katalon.core.webui.keyword.builtin.ClickKeyword.clickUntilSuccessWithTimeout(ClickKeyword.groovy)
	at jdk.internal.reflect.GeneratedMethodAccessor8.invoke(Unknown Source)
	at java.base/jdk.internal.reflect.DelegatingMethodAccessorImpl.invoke(DelegatingMethodAccessorImpl.java:43)
	at com.kms.katalon.core.webui.keyword.builtin.ClickKeyword$_click_closure1.doCall(ClickKeyword.groovy:67)
	at com.kms.katalon.core.webui.keyword.builtin.ClickKeyword$_click_closure1.call(ClickKeyword.groovy)
	at com.kms.katalon.core.webui.keyword.internal.WebUIKeywordMain.runKeyword(WebUIKeywordMain.groovy:35)
	... 38 more


27-11-2024T13:25:44 - [TEST_STEP][PASSED] - callTestCase(findTestCase("1.Inicio/1.1Principal/Principal-home"), [:], STOP_ON_FAILURE): Call Test Case 'Test Cases/1.Inicio/1.1Principal/Principal-home' successfully

27-11-2024T13:25:45 - [TEST_CASE][PASSED] - Test Cases/1.Inicio/1.1Principal/Principal-home: Test Cases/1.Inicio/1.1Principal/Principal-home

27-11-2024T13:25:45 - [TEST_STEP][PASSED] - openBrowser(""): Browser is opened with url: ''

27-11-2024T13:25:45 - [MESSAGE][WARNING] - A browser is already opened. Closing browser and opening a new one

27-11-2024T13:25:46 - [MESSAGE][INFO] - Starting 'Firefox' driver

27-11-2024T13:25:46 - [MESSAGE][INFO] - Action delay is set to 0 milliseconds

27-11-2024T13:25:52 - [MESSAGE][PASSED] - Browser is opened with url: ''

27-11-2024T13:25:52 - [TEST_STEP][PASSED] - navigateToUrl("https://dev01-registrodeenvios.olvacourier.com/principal"): Navigate to 'https://dev01-registrodeenvios.olvacourier.com/principal' successfully

27-11-2024T13:25:54 - [MESSAGE][PASSED] - Navigate to 'https://dev01-registrodeenvios.olvacourier.com/principal' successfully

27-11-2024T13:25:54 - [TEST_STEP][PASSED] - maximizeWindow(): Current window maximized

27-11-2024T13:25:54 - [MESSAGE][PASSED] - Current window maximized

27-11-2024T13:25:54 - [MESSAGE][PASSED] - Call Test Case 'Test Cases/1.Inicio/1.1Principal/Principal-home' successfully

27-11-2024T13:25:54 - [TEST_STEP][FAILED] - callTestCase(findTestCase("1.Inicio/1.1Principal/Selec_sobre"), [:], STOP_ON_FAILURE): Unable to call Test Case 'Test Cases/1.Inicio/1.1Principal/Selec_sobre' (Root cause: com.kms.katalon.core.exception.StepFailedException: Call Test Case 'Test Cases/1.Inicio/1.1Principal/Selec_sobre' failed
	at com.kms.katalon.core.keyword.builtin.CallTestCaseKeyword$_callTestCase_closure1.doCall(CallTestCaseKeyword.groovy:63)
	at com.kms.katalon.core.keyword.builtin.CallTestCaseKeyword$_callTestCase_closure1.call(CallTestCaseKeyword.groovy)
	at com.kms.katalon.core.keyword.internal.KeywordMain.runKeyword(KeywordMain.groovy:75)
	at com.kms.katalon.core.keyword.builtin.CallTestCaseKeyword.callTestCase(CallTestCaseKeyword.groovy:81)
	at com.kms.katalon.core.keyword.builtin.CallTestCaseKeyword.execute(CallTestCaseKeyword.groovy:44)
	at com.kms.katalon.core.keyword.internal.KeywordExecutor.executeKeywordForPlatform(KeywordExecutor.groovy:74)
	at com.kms.katalon.core.keyword.BuiltinKeywords.callTestCase(BuiltinKeywords.groovy:310)
	at jdk.internal.reflect.GeneratedMethodAccessor25.invoke(Unknown Source)
	at java.base/jdk.internal.reflect.DelegatingMethodAccessorImpl.invoke(DelegatingMethodAccessorImpl.java:43)
	at Agregar-Envios.run(Agregar-Envios:22)
	at com.kms.katalon.core.main.ScriptEngine.run(ScriptEngine.java:194)
	at com.kms.katalon.core.main.ScriptEngine.runScriptAsRawText(ScriptEngine.java:119)
	at com.kms.katalon.core.main.TestCaseExecutor.runScript(TestCaseExecutor.java:448)
	at com.kms.katalon.core.main.TestCaseExecutor.doExecute(TestCaseExecutor.java:439)
	at com.kms.katalon.core.main.TestCaseExecutor.processExecutionPhase(TestCaseExecutor.java:418)
	at com.kms.katalon.core.main.TestCaseExecutor.accessMainPhase(TestCaseExecutor.java:410)
	at com.kms.katalon.core.main.TestCaseExecutor.execute(TestCaseExecutor.java:285)
	at com.kms.katalon.core.common.CommonExecutor.accessTestCaseMainPhase(CommonExecutor.java:65)
	at com.kms.katalon.core.main.TestSuiteExecutor.accessTestSuiteMainPhase(TestSuiteExecutor.java:150)
	at com.kms.katalon.core.main.TestSuiteExecutor.execute(TestSuiteExecutor.java:106)
	at com.kms.katalon.core.main.TestCaseMain.startTestSuite(TestCaseMain.java:180)
	at TempTestSuite1732729948317.run(TempTestSuite1732729948317.groovy:35)
	at java.base/jdk.internal.reflect.NativeMethodAccessorImpl.invoke0(Native Method)
	at java.base/jdk.internal.reflect.NativeMethodAccessorImpl.invoke(NativeMethodAccessorImpl.java:77)
	at java.base/jdk.internal.reflect.DelegatingMethodAccessorImpl.invoke(DelegatingMethodAccessorImpl.java:43)
Caused by: com.kms.katalon.core.exception.StepFailedException: Unable to click on object 'Object Repository/Principal/Page_Olva Courier  Home/button_CONTINUAR (2)'
	at com.kms.katalon.core.webui.keyword.internal.WebUIKeywordMain.stepFailed(WebUIKeywordMain.groovy:117)
	at com.kms.katalon.core.webui.keyword.internal.WebUIKeywordMain.runKeyword(WebUIKeywordMain.groovy:43)
	at com.kms.katalon.core.webui.keyword.builtin.ClickKeyword.click(ClickKeyword.groovy:74)
	at com.kms.katalon.core.webui.keyword.builtin.ClickKeyword.execute(ClickKeyword.groovy:40)
	at com.kms.katalon.core.keyword.internal.KeywordExecutor.executeKeywordForPlatform(KeywordExecutor.groovy:74)
	at com.kms.katalon.core.webui.keyword.WebUiBuiltInKeywords.click(WebUiBuiltInKeywords.groovy:659)
	at Selec_sobre.run(Selec_sobre:24)
	at com.kms.katalon.core.main.ScriptEngine.run(ScriptEngine.java:194)
	at com.kms.katalon.core.main.ScriptEngine.runScriptAsRawText(ScriptEngine.java:119)
	at com.kms.katalon.core.main.TestCaseExecutor.runScript(TestCaseExecutor.java:448)
	at com.kms.katalon.core.main.TestCaseExecutor.doExecute(TestCaseExecutor.java:439)
	at com.kms.katalon.core.main.TestCaseExecutor.processExecutionPhase(TestCaseExecutor.java:418)
	at com.kms.katalon.core.main.TestCaseExecutor.accessMainPhase(TestCaseExecutor.java:410)
	at com.kms.katalon.core.main.TestCaseExecutor.execute(TestCaseExecutor.java:285)
	at com.kms.katalon.core.main.TestCaseMain.runTestCase(TestCaseMain.java:137)
	at com.kms.katalon.core.keyword.builtin.CallTestCaseKeyword$_callTestCase_closure1.doCall(CallTestCaseKeyword.groovy:59)
	... 24 more
Caused by: org.openqa.selenium.ElementClickInterceptedException: Element <button id="btn_aceptar_tipo_envio" class="btn disabled" type="button"> is not clickable at point (675,588) because another element <div class="modal-footer"> obscures it
Build info: version: '3.141.59', revision: 'unknown', time: 'unknown'
System info: host: 'DESKTOP-RGFFP9A', ip: '10.136.10.6', os.name: 'Windows 11', os.arch: 'amd64', os.version: '10.0', java.version: '17.0.7'
Driver info: com.kms.katalon.core.webui.driver.firefox.CGeckoDriver
Capabilities {acceptInsecureCerts: true, browserName: firefox, browserVersion: 133.0, javascriptEnabled: true, moz:accessibilityChecks: false, moz:buildID: 20241121140525, moz:geckodriverVersion: 0.35.0, moz:headless: false, moz:platformVersion: 10.0, moz:processID: 39872, moz:profile: C:\Users\OLVATI\AppData\Loc..., moz:shutdownTimeout: 60000, moz:webdriverClick: true, moz:windowless: false, pageLoadStrategy: normal, platform: WINDOWS, platformName: WINDOWS, proxy: Proxy(direct), setWindowRect: true, strictFileInteractability: false, timeouts: {implicit: 0, pageLoad: 300000, script: 30000}, unhandledPromptBehavior: dismiss and notify, userAgent: Mozilla/5.0 (Windows NT 10....}
Session ID: 20ad2567-9125-4525-bd62-5c5482eed923
	at jdk.internal.reflect.GeneratedConstructorAccessor32.newInstance(Unknown Source)
	at java.base/jdk.internal.reflect.DelegatingConstructorAccessorImpl.newInstance(DelegatingConstructorAccessorImpl.java:45)
	at org.openqa.selenium.remote.http.W3CHttpResponseCodec.createException(W3CHttpResponseCodec.java:187)
	at org.openqa.selenium.remote.http.W3CHttpResponseCodec.decode(W3CHttpResponseCodec.java:122)
	at org.openqa.selenium.remote.http.W3CHttpResponseCodec.decode(W3CHttpResponseCodec.java:49)
	at org.openqa.selenium.remote.HttpCommandExecutor.execute(HttpCommandExecutor.java:158)
	at org.openqa.selenium.remote.service.DriverCommandExecutor.execute(DriverCommandExecutor.java:83)
	at org.openqa.selenium.remote.RemoteWebDriver.execute(RemoteWebDriver.java:552)
	at com.kms.katalon.selenium.driver.CFirefoxDriver.execute(CFirefoxDriver.java:28)
	at org.openqa.selenium.remote.RemoteWebElement.execute(RemoteWebElement.java:285)
	at org.openqa.selenium.remote.RemoteWebElement.click(RemoteWebElement.java:84)
	at jdk.internal.reflect.GeneratedMethodAccessor10.invoke(Unknown Source)
	at java.base/jdk.internal.reflect.DelegatingMethodAccessorImpl.invoke(DelegatingMethodAccessorImpl.java:43)
	at org.openqa.selenium.support.events.EventFiringWebDriver$EventFiringWebElement.lambda$new$0(EventFiringWebDriver.java:404)
	at jdk.proxy2/jdk.proxy2.$Proxy21.click(Unknown Source)
	at org.openqa.selenium.support.events.EventFiringWebDriver$EventFiringWebElement.click(EventFiringWebDriver.java:417)
	at org.openqa.selenium.WebElement$click.call(Unknown Source)
	at com.kms.katalon.core.webui.keyword.builtin.ClickKeyword.clickUntilSuccessWithTimeout(ClickKeyword.groovy:81)
	at com.kms.katalon.core.webui.keyword.builtin.ClickKeyword.clickUntilSuccessWithTimeout(ClickKeyword.groovy)
	at jdk.internal.reflect.GeneratedMethodAccessor8.invoke(Unknown Source)
	at java.base/jdk.internal.reflect.DelegatingMethodAccessorImpl.invoke(DelegatingMethodAccessorImpl.java:43)
	at com.kms.katalon.core.webui.keyword.builtin.ClickKeyword$_click_closure1.doCall(ClickKeyword.groovy:67)
	at com.kms.katalon.core.webui.keyword.builtin.ClickKeyword$_click_closure1.call(ClickKeyword.groovy)
	at com.kms.katalon.core.webui.keyword.internal.WebUIKeywordMain.runKeyword(WebUIKeywordMain.groovy:35)
	... 38 more
)

27-11-2024T13:25:54 - [TEST_CASE][FAILED] - Test Cases/1.Inicio/1.1Principal/Selec_sobre: Test Cases/1.Inicio/1.1Principal/Selec_sobre FAILED.
Reason:
com.kms.katalon.core.exception.StepFailedException: Unable to click on object 'Object Repository/Principal/Page_Olva Courier  Home/button_CONTINUAR (2)'
	at com.kms.katalon.core.webui.keyword.internal.WebUIKeywordMain.stepFailed(WebUIKeywordMain.groovy:117)
	at com.kms.katalon.core.webui.keyword.internal.WebUIKeywordMain.runKeyword(WebUIKeywordMain.groovy:43)
	at com.kms.katalon.core.webui.keyword.builtin.ClickKeyword.click(ClickKeyword.groovy:74)
	at com.kms.katalon.core.webui.keyword.builtin.ClickKeyword.execute(ClickKeyword.groovy:40)
	at com.kms.katalon.core.keyword.internal.KeywordExecutor.executeKeywordForPlatform(KeywordExecutor.groovy:74)
	at com.kms.katalon.core.webui.keyword.WebUiBuiltInKeywords.click(WebUiBuiltInKeywords.groovy:659)
	at Selec_sobre.run(Selec_sobre:24)
	at com.kms.katalon.core.main.ScriptEngine.run(ScriptEngine.java:194)
	at com.kms.katalon.core.main.ScriptEngine.runScriptAsRawText(ScriptEngine.java:119)
	at com.kms.katalon.core.main.TestCaseExecutor.runScript(TestCaseExecutor.java:448)
	at com.kms.katalon.core.main.TestCaseExecutor.doExecute(TestCaseExecutor.java:439)
	at com.kms.katalon.core.main.TestCaseExecutor.processExecutionPhase(TestCaseExecutor.java:418)
	at com.kms.katalon.core.main.TestCaseExecutor.accessMainPhase(TestCaseExecutor.java:410)
	at com.kms.katalon.core.main.TestCaseExecutor.execute(TestCaseExecutor.java:285)
	at com.kms.katalon.core.main.TestCaseMain.runTestCase(TestCaseMain.java:137)
	at com.kms.katalon.core.keyword.builtin.CallTestCaseKeyword$_callTestCase_closure1.doCall(CallTestCaseKeyword.groovy:59)
	at com.kms.katalon.core.keyword.builtin.CallTestCaseKeyword$_callTestCase_closure1.call(CallTestCaseKeyword.groovy)
	at com.kms.katalon.core.keyword.internal.KeywordMain.runKeyword(KeywordMain.groovy:75)
	at com.kms.katalon.core.keyword.builtin.CallTestCaseKeyword.callTestCase(CallTestCaseKeyword.groovy:81)
	at com.kms.katalon.core.keyword.builtin.CallTestCaseKeyword.execute(CallTestCaseKeyword.groovy:44)
	at com.kms.katalon.core.keyword.internal.KeywordExecutor.executeKeywordForPlatform(KeywordExecutor.groovy:74)
	at com.kms.katalon.core.keyword.BuiltinKeywords.callTestCase(BuiltinKeywords.groovy:310)
	at jdk.internal.reflect.GeneratedMethodAccessor25.invoke(Unknown Source)
	at java.base/jdk.internal.reflect.DelegatingMethodAccessorImpl.invoke(DelegatingMethodAccessorImpl.java:43)
	at Agregar-Envios.run(Agregar-Envios:22)
	at com.kms.katalon.core.main.ScriptEngine.run(ScriptEngine.java:194)
	at com.kms.katalon.core.main.ScriptEngine.runScriptAsRawText(ScriptEngine.java:119)
	at com.kms.katalon.core.main.TestCaseExecutor.runScript(TestCaseExecutor.java:448)
	at com.kms.katalon.core.main.TestCaseExecutor.doExecute(TestCaseExecutor.java:439)
	at com.kms.katalon.core.main.TestCaseExecutor.processExecutionPhase(TestCaseExecutor.java:418)
	at com.kms.katalon.core.main.TestCaseExecutor.accessMainPhase(TestCaseExecutor.java:410)
	at com.kms.katalon.core.main.TestCaseExecutor.execute(TestCaseExecutor.java:285)
	at com.kms.katalon.core.common.CommonExecutor.accessTestCaseMainPhase(CommonExecutor.java:65)
	at com.kms.katalon.core.main.TestSuiteExecutor.accessTestSuiteMainPhase(TestSuiteExecutor.java:150)
	at com.kms.katalon.core.main.TestSuiteExecutor.execute(TestSuiteExecutor.java:106)
	at com.kms.katalon.core.main.TestCaseMain.startTestSuite(TestCaseMain.java:180)
	at TempTestSuite1732729948317.run(TempTestSuite1732729948317.groovy:35)
	at java.base/jdk.internal.reflect.NativeMethodAccessorImpl.invoke0(Native Method)
	at java.base/jdk.internal.reflect.NativeMethodAccessorImpl.invoke(NativeMethodAccessorImpl.java:77)
	at java.base/jdk.internal.reflect.DelegatingMethodAccessorImpl.invoke(DelegatingMethodAccessorImpl.java:43)
Caused by: org.openqa.selenium.ElementClickInterceptedException: Element <button id="btn_aceptar_tipo_envio" class="btn disabled" type="button"> is not clickable at point (675,588) because another element <div class="modal-footer"> obscures it
Build info: version: '3.141.59', revision: 'unknown', time: 'unknown'
System info: host: 'DESKTOP-RGFFP9A', ip: '10.136.10.6', os.name: 'Windows 11', os.arch: 'amd64', os.version: '10.0', java.version: '17.0.7'
Driver info: com.kms.katalon.core.webui.driver.firefox.CGeckoDriver
Capabilities {acceptInsecureCerts: true, browserName: firefox, browserVersion: 133.0, javascriptEnabled: true, moz:accessibilityChecks: false, moz:buildID: 20241121140525, moz:geckodriverVersion: 0.35.0, moz:headless: false, moz:platformVersion: 10.0, moz:processID: 39872, moz:profile: C:\Users\OLVATI\AppData\Loc..., moz:shutdownTimeout: 60000, moz:webdriverClick: true, moz:windowless: false, pageLoadStrategy: normal, platform: WINDOWS, platformName: WINDOWS, proxy: Proxy(direct), setWindowRect: true, strictFileInteractability: false, timeouts: {implicit: 0, pageLoad: 300000, script: 30000}, unhandledPromptBehavior: dismiss and notify, userAgent: Mozilla/5.0 (Windows NT 10....}
Session ID: 20ad2567-9125-4525-bd62-5c5482eed923
	at jdk.internal.reflect.GeneratedConstructorAccessor32.newInstance(Unknown Source)
	at java.base/jdk.internal.reflect.DelegatingConstructorAccessorImpl.newInstance(DelegatingConstructorAccessorImpl.java:45)
	at org.openqa.selenium.remote.http.W3CHttpResponseCodec.createException(W3CHttpResponseCodec.java:187)
	at org.openqa.selenium.remote.http.W3CHttpResponseCodec.decode(W3CHttpResponseCodec.java:122)
	at org.openqa.selenium.remote.http.W3CHttpResponseCodec.decode(W3CHttpResponseCodec.java:49)
	at org.openqa.selenium.remote.HttpCommandExecutor.execute(HttpCommandExecutor.java:158)
	at org.openqa.selenium.remote.service.DriverCommandExecutor.execute(DriverCommandExecutor.java:83)
	at org.openqa.selenium.remote.RemoteWebDriver.execute(RemoteWebDriver.java:552)
	at com.kms.katalon.selenium.driver.CFirefoxDriver.execute(CFirefoxDriver.java:28)
	at org.openqa.selenium.remote.RemoteWebElement.execute(RemoteWebElement.java:285)
	at org.openqa.selenium.remote.RemoteWebElement.click(RemoteWebElement.java:84)
	at jdk.internal.reflect.GeneratedMethodAccessor10.invoke(Unknown Source)
	at java.base/jdk.internal.reflect.DelegatingMethodAccessorImpl.invoke(DelegatingMethodAccessorImpl.java:43)
	at org.openqa.selenium.support.events.EventFiringWebDriver$EventFiringWebElement.lambda$new$0(EventFiringWebDriver.java:404)
	at jdk.proxy2/jdk.proxy2.$Proxy21.click(Unknown Source)
	at org.openqa.selenium.support.events.EventFiringWebDriver$EventFiringWebElement.click(EventFiringWebDriver.java:417)
	at org.openqa.selenium.WebElement$click.call(Unknown Source)
	at com.kms.katalon.core.webui.keyword.builtin.ClickKeyword.clickUntilSuccessWithTimeout(ClickKeyword.groovy:81)
	at com.kms.katalon.core.webui.keyword.builtin.ClickKeyword.clickUntilSuccessWithTimeout(ClickKeyword.groovy)
	at jdk.internal.reflect.GeneratedMethodAccessor8.invoke(Unknown Source)
	at java.base/jdk.internal.reflect.DelegatingMethodAccessorImpl.invoke(DelegatingMethodAccessorImpl.java:43)
	at com.kms.katalon.core.webui.keyword.builtin.ClickKeyword$_click_closure1.doCall(ClickKeyword.groovy:67)
	at com.kms.katalon.core.webui.keyword.builtin.ClickKeyword$_click_closure1.call(ClickKeyword.groovy)
	at com.kms.katalon.core.webui.keyword.internal.WebUIKeywordMain.runKeyword(WebUIKeywordMain.groovy:35)
	... 38 more


27-11-2024T13:25:54 - [TEST_STEP][PASSED] - click(findTestObject("Object Repository/Principal/Page_Olva Courier  Home/img_Envo de cajas o paquetescon un peso mxi_37770f")): Object: 'Object Repository/Principal/Page_Olva Courier  Home/img_Envo de cajas o paquetescon un peso mxi_37770f' is clicked on

27-11-2024T13:25:54 - [MESSAGE][PASSED] - Object: 'Object Repository/Principal/Page_Olva Courier  Home/img_Envo de cajas o paquetescon un peso mxi_37770f' is clicked on

27-11-2024T13:25:54 - [TEST_STEP][PASSED] - click(findTestObject("Object Repository/Principal/Page_Olva Courier  Home/label_He ledo y acepto los trminos de uso y_adab65")): Object: 'Object Repository/Principal/Page_Olva Courier  Home/label_He ledo y acepto los trminos de uso y_adab65' is clicked on

27-11-2024T13:25:55 - [MESSAGE][PASSED] - Object: 'Object Repository/Principal/Page_Olva Courier  Home/label_He ledo y acepto los trminos de uso y_adab65' is clicked on

27-11-2024T13:25:55 - [TEST_STEP][FAILED] - click(findTestObject("Object Repository/Principal/Page_Olva Courier  Home/button_CONTINUAR (2)")): Unable to click on object 'Object Repository/Principal/Page_Olva Courier  Home/button_CONTINUAR (2)' (Root cause: com.kms.katalon.core.exception.StepFailedException: Unable to click on object 'Object Repository/Principal/Page_Olva Courier  Home/button_CONTINUAR (2)'
	at com.kms.katalon.core.webui.keyword.internal.WebUIKeywordMain.stepFailed(WebUIKeywordMain.groovy:117)
	at com.kms.katalon.core.webui.keyword.internal.WebUIKeywordMain.runKeyword(WebUIKeywordMain.groovy:43)
	at com.kms.katalon.core.webui.keyword.builtin.ClickKeyword.click(ClickKeyword.groovy:74)
	at com.kms.katalon.core.webui.keyword.builtin.ClickKeyword.execute(ClickKeyword.groovy:40)
	at com.kms.katalon.core.keyword.internal.KeywordExecutor.executeKeywordForPlatform(KeywordExecutor.groovy:74)
	at com.kms.katalon.core.webui.keyword.WebUiBuiltInKeywords.click(WebUiBuiltInKeywords.groovy:659)
	at Selec_sobre.run(Selec_sobre:24)
	at com.kms.katalon.core.main.ScriptEngine.run(ScriptEngine.java:194)
	at com.kms.katalon.core.main.ScriptEngine.runScriptAsRawText(ScriptEngine.java:119)
	at com.kms.katalon.core.main.TestCaseExecutor.runScript(TestCaseExecutor.java:448)
	at com.kms.katalon.core.main.TestCaseExecutor.doExecute(TestCaseExecutor.java:439)
	at com.kms.katalon.core.main.TestCaseExecutor.processExecutionPhase(TestCaseExecutor.java:418)
	at com.kms.katalon.core.main.TestCaseExecutor.accessMainPhase(TestCaseExecutor.java:410)
	at com.kms.katalon.core.main.TestCaseExecutor.execute(TestCaseExecutor.java:285)
	at com.kms.katalon.core.main.TestCaseMain.runTestCase(TestCaseMain.java:137)
	at com.kms.katalon.core.keyword.builtin.CallTestCaseKeyword$_callTestCase_closure1.doCall(CallTestCaseKeyword.groovy:59)
	at com.kms.katalon.core.keyword.builtin.CallTestCaseKeyword$_callTestCase_closure1.call(CallTestCaseKeyword.groovy)
	at com.kms.katalon.core.keyword.internal.KeywordMain.runKeyword(KeywordMain.groovy:75)
	at com.kms.katalon.core.keyword.builtin.CallTestCaseKeyword.callTestCase(CallTestCaseKeyword.groovy:81)
	at com.kms.katalon.core.keyword.builtin.CallTestCaseKeyword.execute(CallTestCaseKeyword.groovy:44)
	at com.kms.katalon.core.keyword.internal.KeywordExecutor.executeKeywordForPlatform(KeywordExecutor.groovy:74)
	at com.kms.katalon.core.keyword.BuiltinKeywords.callTestCase(BuiltinKeywords.groovy:310)
	at jdk.internal.reflect.GeneratedMethodAccessor25.invoke(Unknown Source)
	at java.base/jdk.internal.reflect.DelegatingMethodAccessorImpl.invoke(DelegatingMethodAccessorImpl.java:43)
	at Agregar-Envios.run(Agregar-Envios:22)
	at com.kms.katalon.core.main.ScriptEngine.run(ScriptEngine.java:194)
	at com.kms.katalon.core.main.ScriptEngine.runScriptAsRawText(ScriptEngine.java:119)
	at com.kms.katalon.core.main.TestCaseExecutor.runScript(TestCaseExecutor.java:448)
	at com.kms.katalon.core.main.TestCaseExecutor.doExecute(TestCaseExecutor.java:439)
	at com.kms.katalon.core.main.TestCaseExecutor.processExecutionPhase(TestCaseExecutor.java:418)
	at com.kms.katalon.core.main.TestCaseExecutor.accessMainPhase(TestCaseExecutor.java:410)
	at com.kms.katalon.core.main.TestCaseExecutor.execute(TestCaseExecutor.java:285)
	at com.kms.katalon.core.common.CommonExecutor.accessTestCaseMainPhase(CommonExecutor.java:65)
	at com.kms.katalon.core.main.TestSuiteExecutor.accessTestSuiteMainPhase(TestSuiteExecutor.java:150)
	at com.kms.katalon.core.main.TestSuiteExecutor.execute(TestSuiteExecutor.java:106)
	at com.kms.katalon.core.main.TestCaseMain.startTestSuite(TestCaseMain.java:180)
	at TempTestSuite1732729948317.run(TempTestSuite1732729948317.groovy:35)
	at java.base/jdk.internal.reflect.NativeMethodAccessorImpl.invoke0(Native Method)
	at java.base/jdk.internal.reflect.NativeMethodAccessorImpl.invoke(NativeMethodAccessorImpl.java:77)
	at java.base/jdk.internal.reflect.DelegatingMethodAccessorImpl.invoke(DelegatingMethodAccessorImpl.java:43)
Caused by: org.openqa.selenium.ElementClickInterceptedException: Element <button id="btn_aceptar_tipo_envio" class="btn disabled" type="button"> is not clickable at point (675,588) because another element <div class="modal-footer"> obscures it
Build info: version: '3.141.59', revision: 'unknown', time: 'unknown'
System info: host: 'DESKTOP-RGFFP9A', ip: '10.136.10.6', os.name: 'Windows 11', os.arch: 'amd64', os.version: '10.0', java.version: '17.0.7'
Driver info: com.kms.katalon.core.webui.driver.firefox.CGeckoDriver
Capabilities {acceptInsecureCerts: true, browserName: firefox, browserVersion: 133.0, javascriptEnabled: true, moz:accessibilityChecks: false, moz:buildID: 20241121140525, moz:geckodriverVersion: 0.35.0, moz:headless: false, moz:platformVersion: 10.0, moz:processID: 39872, moz:profile: C:\Users\OLVATI\AppData\Loc..., moz:shutdownTimeout: 60000, moz:webdriverClick: true, moz:windowless: false, pageLoadStrategy: normal, platform: WINDOWS, platformName: WINDOWS, proxy: Proxy(direct), setWindowRect: true, strictFileInteractability: false, timeouts: {implicit: 0, pageLoad: 300000, script: 30000}, unhandledPromptBehavior: dismiss and notify, userAgent: Mozilla/5.0 (Windows NT 10....}
Session ID: 20ad2567-9125-4525-bd62-5c5482eed923
	at jdk.internal.reflect.GeneratedConstructorAccessor32.newInstance(Unknown Source)
	at java.base/jdk.internal.reflect.DelegatingConstructorAccessorImpl.newInstance(DelegatingConstructorAccessorImpl.java:45)
	at org.openqa.selenium.remote.http.W3CHttpResponseCodec.createException(W3CHttpResponseCodec.java:187)
	at org.openqa.selenium.remote.http.W3CHttpResponseCodec.decode(W3CHttpResponseCodec.java:122)
	at org.openqa.selenium.remote.http.W3CHttpResponseCodec.decode(W3CHttpResponseCodec.java:49)
	at org.openqa.selenium.remote.HttpCommandExecutor.execute(HttpCommandExecutor.java:158)
	at org.openqa.selenium.remote.service.DriverCommandExecutor.execute(DriverCommandExecutor.java:83)
	at org.openqa.selenium.remote.RemoteWebDriver.execute(RemoteWebDriver.java:552)
	at com.kms.katalon.selenium.driver.CFirefoxDriver.execute(CFirefoxDriver.java:28)
	at org.openqa.selenium.remote.RemoteWebElement.execute(RemoteWebElement.java:285)
	at org.openqa.selenium.remote.RemoteWebElement.click(RemoteWebElement.java:84)
	at jdk.internal.reflect.GeneratedMethodAccessor10.invoke(Unknown Source)
	at java.base/jdk.internal.reflect.DelegatingMethodAccessorImpl.invoke(DelegatingMethodAccessorImpl.java:43)
	at org.openqa.selenium.support.events.EventFiringWebDriver$EventFiringWebElement.lambda$new$0(EventFiringWebDriver.java:404)
	at jdk.proxy2/jdk.proxy2.$Proxy21.click(Unknown Source)
	at org.openqa.selenium.support.events.EventFiringWebDriver$EventFiringWebElement.click(EventFiringWebDriver.java:417)
	at org.openqa.selenium.WebElement$click.call(Unknown Source)
	at com.kms.katalon.core.webui.keyword.builtin.ClickKeyword.clickUntilSuccessWithTimeout(ClickKeyword.groovy:81)
	at com.kms.katalon.core.webui.keyword.builtin.ClickKeyword.clickUntilSuccessWithTimeout(ClickKeyword.groovy)
	at jdk.internal.reflect.GeneratedMethodAccessor8.invoke(Unknown Source)
	at java.base/jdk.internal.reflect.DelegatingMethodAccessorImpl.invoke(DelegatingMethodAccessorImpl.java:43)
	at com.kms.katalon.core.webui.keyword.builtin.ClickKeyword$_click_closure1.doCall(ClickKeyword.groovy:67)
	at com.kms.katalon.core.webui.keyword.builtin.ClickKeyword$_click_closure1.call(ClickKeyword.groovy)
	at com.kms.katalon.core.webui.keyword.internal.WebUIKeywordMain.runKeyword(WebUIKeywordMain.groovy:35)
	at com.kms.katalon.core.webui.keyword.builtin.ClickKeyword.click(ClickKeyword.groovy:74)
	at com.kms.katalon.core.webui.keyword.builtin.ClickKeyword.execute(ClickKeyword.groovy:40)
	at com.kms.katalon.core.keyword.internal.KeywordExecutor.executeKeywordForPlatform(KeywordExecutor.groovy:74)
	at com.kms.katalon.core.webui.keyword.WebUiBuiltInKeywords.click(WebUiBuiltInKeywords.groovy:659)
	at Script1732083570761.run(Script1732083570761.groovy:24)
	at com.kms.katalon.core.main.ScriptEngine.run(ScriptEngine.java:194)
	at com.kms.katalon.core.main.ScriptEngine.runScriptAsRawText(ScriptEngine.java:119)
	at com.kms.katalon.core.main.TestCaseExecutor.runScript(TestCaseExecutor.java:448)
	at com.kms.katalon.core.main.TestCaseExecutor.doExecute(TestCaseExecutor.java:439)
	at com.kms.katalon.core.main.TestCaseExecutor.processExecutionPhase(TestCaseExecutor.java:418)
	at com.kms.katalon.core.main.TestCaseExecutor.accessMainPhase(TestCaseExecutor.java:410)
	at com.kms.katalon.core.main.TestCaseExecutor.execute(TestCaseExecutor.java:285)
	at com.kms.katalon.core.main.TestCaseMain.runTestCase(TestCaseMain.java:137)
	at com.kms.katalon.core.keyword.builtin.CallTestCaseKeyword$_callTestCase_closure1.doCall(CallTestCaseKeyword.groovy:59)
	at com.kms.katalon.core.keyword.builtin.CallTestCaseKeyword$_callTestCase_closure1.call(CallTestCaseKeyword.groovy)
	at com.kms.katalon.core.keyword.internal.KeywordMain.runKeyword(KeywordMain.groovy:75)
	at com.kms.katalon.core.keyword.builtin.CallTestCaseKeyword.callTestCase(CallTestCaseKeyword.groovy:81)
	at com.kms.katalon.core.keyword.builtin.CallTestCaseKeyword.execute(CallTestCaseKeyword.groovy:44)
	at com.kms.katalon.core.keyword.internal.KeywordExecutor.executeKeywordForPlatform(KeywordExecutor.groovy:74)
	at com.kms.katalon.core.keyword.BuiltinKeywords.callTestCase(BuiltinKeywords.groovy:310)
	at jdk.internal.reflect.GeneratedMethodAccessor25.invoke(Unknown Source)
	at java.base/jdk.internal.reflect.DelegatingMethodAccessorImpl.invoke(DelegatingMethodAccessorImpl.java:43)
	at Script1732341473699.run(Script1732341473699.groovy:22)
	... 15 more
)

27-11-2024T13:26:25 - [MESSAGE][FAILED] - Unable to click on object 'Object Repository/Principal/Page_Olva Courier  Home/button_CONTINUAR (2)' (Root cause: com.kms.katalon.core.exception.StepFailedException: Unable to click on object 'Object Repository/Principal/Page_Olva Courier  Home/button_CONTINUAR (2)'
	at com.kms.katalon.core.webui.keyword.internal.WebUIKeywordMain.stepFailed(WebUIKeywordMain.groovy:117)
	at com.kms.katalon.core.webui.keyword.internal.WebUIKeywordMain.runKeyword(WebUIKeywordMain.groovy:43)
	at com.kms.katalon.core.webui.keyword.builtin.ClickKeyword.click(ClickKeyword.groovy:74)
	at com.kms.katalon.core.webui.keyword.builtin.ClickKeyword.execute(ClickKeyword.groovy:40)
	at com.kms.katalon.core.keyword.internal.KeywordExecutor.executeKeywordForPlatform(KeywordExecutor.groovy:74)
	at com.kms.katalon.core.webui.keyword.WebUiBuiltInKeywords.click(WebUiBuiltInKeywords.groovy:659)
	at Selec_sobre.run(Selec_sobre:24)
	at com.kms.katalon.core.main.ScriptEngine.run(ScriptEngine.java:194)
	at com.kms.katalon.core.main.ScriptEngine.runScriptAsRawText(ScriptEngine.java:119)
	at com.kms.katalon.core.main.TestCaseExecutor.runScript(TestCaseExecutor.java:448)
	at com.kms.katalon.core.main.TestCaseExecutor.doExecute(TestCaseExecutor.java:439)
	at com.kms.katalon.core.main.TestCaseExecutor.processExecutionPhase(TestCaseExecutor.java:418)
	at com.kms.katalon.core.main.TestCaseExecutor.accessMainPhase(TestCaseExecutor.java:410)
	at com.kms.katalon.core.main.TestCaseExecutor.execute(TestCaseExecutor.java:285)
	at com.kms.katalon.core.main.TestCaseMain.runTestCase(TestCaseMain.java:137)
	at com.kms.katalon.core.keyword.builtin.CallTestCaseKeyword$_callTestCase_closure1.doCall(CallTestCaseKeyword.groovy:59)
	at com.kms.katalon.core.keyword.builtin.CallTestCaseKeyword$_callTestCase_closure1.call(CallTestCaseKeyword.groovy)
	at com.kms.katalon.core.keyword.internal.KeywordMain.runKeyword(KeywordMain.groovy:75)
	at com.kms.katalon.core.keyword.builtin.CallTestCaseKeyword.callTestCase(CallTestCaseKeyword.groovy:81)
	at com.kms.katalon.core.keyword.builtin.CallTestCaseKeyword.execute(CallTestCaseKeyword.groovy:44)
	at com.kms.katalon.core.keyword.internal.KeywordExecutor.executeKeywordForPlatform(KeywordExecutor.groovy:74)
	at com.kms.katalon.core.keyword.BuiltinKeywords.callTestCase(BuiltinKeywords.groovy:310)
	at jdk.internal.reflect.GeneratedMethodAccessor25.invoke(Unknown Source)
	at java.base/jdk.internal.reflect.DelegatingMethodAccessorImpl.invoke(DelegatingMethodAccessorImpl.java:43)
	at Agregar-Envios.run(Agregar-Envios:22)
	at com.kms.katalon.core.main.ScriptEngine.run(ScriptEngine.java:194)
	at com.kms.katalon.core.main.ScriptEngine.runScriptAsRawText(ScriptEngine.java:119)
	at com.kms.katalon.core.main.TestCaseExecutor.runScript(TestCaseExecutor.java:448)
	at com.kms.katalon.core.main.TestCaseExecutor.doExecute(TestCaseExecutor.java:439)
	at com.kms.katalon.core.main.TestCaseExecutor.processExecutionPhase(TestCaseExecutor.java:418)
	at com.kms.katalon.core.main.TestCaseExecutor.accessMainPhase(TestCaseExecutor.java:410)
	at com.kms.katalon.core.main.TestCaseExecutor.execute(TestCaseExecutor.java:285)
	at com.kms.katalon.core.common.CommonExecutor.accessTestCaseMainPhase(CommonExecutor.java:65)
	at com.kms.katalon.core.main.TestSuiteExecutor.accessTestSuiteMainPhase(TestSuiteExecutor.java:150)
	at com.kms.katalon.core.main.TestSuiteExecutor.execute(TestSuiteExecutor.java:106)
	at com.kms.katalon.core.main.TestCaseMain.startTestSuite(TestCaseMain.java:180)
	at TempTestSuite1732729948317.run(TempTestSuite1732729948317.groovy:35)
	at java.base/jdk.internal.reflect.NativeMethodAccessorImpl.invoke0(Native Method)
	at java.base/jdk.internal.reflect.NativeMethodAccessorImpl.invoke(NativeMethodAccessorImpl.java:77)
	at java.base/jdk.internal.reflect.DelegatingMethodAccessorImpl.invoke(DelegatingMethodAccessorImpl.java:43)
Caused by: org.openqa.selenium.ElementClickInterceptedException: Element <button id="btn_aceptar_tipo_envio" class="btn disabled" type="button"> is not clickable at point (675,588) because another element <div class="modal-footer"> obscures it
Build info: version: '3.141.59', revision: 'unknown', time: 'unknown'
System info: host: 'DESKTOP-RGFFP9A', ip: '10.136.10.6', os.name: 'Windows 11', os.arch: 'amd64', os.version: '10.0', java.version: '17.0.7'
Driver info: com.kms.katalon.core.webui.driver.firefox.CGeckoDriver
Capabilities {acceptInsecureCerts: true, browserName: firefox, browserVersion: 133.0, javascriptEnabled: true, moz:accessibilityChecks: false, moz:buildID: 20241121140525, moz:geckodriverVersion: 0.35.0, moz:headless: false, moz:platformVersion: 10.0, moz:processID: 39872, moz:profile: C:\Users\OLVATI\AppData\Loc..., moz:shutdownTimeout: 60000, moz:webdriverClick: true, moz:windowless: false, pageLoadStrategy: normal, platform: WINDOWS, platformName: WINDOWS, proxy: Proxy(direct), setWindowRect: true, strictFileInteractability: false, timeouts: {implicit: 0, pageLoad: 300000, script: 30000}, unhandledPromptBehavior: dismiss and notify, userAgent: Mozilla/5.0 (Windows NT 10....}
Session ID: 20ad2567-9125-4525-bd62-5c5482eed923
	at jdk.internal.reflect.GeneratedConstructorAccessor32.newInstance(Unknown Source)
	at java.base/jdk.internal.reflect.DelegatingConstructorAccessorImpl.newInstance(DelegatingConstructorAccessorImpl.java:45)
	at org.openqa.selenium.remote.http.W3CHttpResponseCodec.createException(W3CHttpResponseCodec.java:187)
	at org.openqa.selenium.remote.http.W3CHttpResponseCodec.decode(W3CHttpResponseCodec.java:122)
	at org.openqa.selenium.remote.http.W3CHttpResponseCodec.decode(W3CHttpResponseCodec.java:49)
	at org.openqa.selenium.remote.HttpCommandExecutor.execute(HttpCommandExecutor.java:158)
	at org.openqa.selenium.remote.service.DriverCommandExecutor.execute(DriverCommandExecutor.java:83)
	at org.openqa.selenium.remote.RemoteWebDriver.execute(RemoteWebDriver.java:552)
	at com.kms.katalon.selenium.driver.CFirefoxDriver.execute(CFirefoxDriver.java:28)
	at org.openqa.selenium.remote.RemoteWebElement.execute(RemoteWebElement.java:285)
	at org.openqa.selenium.remote.RemoteWebElement.click(RemoteWebElement.java:84)
	at jdk.internal.reflect.GeneratedMethodAccessor10.invoke(Unknown Source)
	at java.base/jdk.internal.reflect.DelegatingMethodAccessorImpl.invoke(DelegatingMethodAccessorImpl.java:43)
	at org.openqa.selenium.support.events.EventFiringWebDriver$EventFiringWebElement.lambda$new$0(EventFiringWebDriver.java:404)
	at jdk.proxy2/jdk.proxy2.$Proxy21.click(Unknown Source)
	at org.openqa.selenium.support.events.EventFiringWebDriver$EventFiringWebElement.click(EventFiringWebDriver.java:417)
	at org.openqa.selenium.WebElement$click.call(Unknown Source)
	at com.kms.katalon.core.webui.keyword.builtin.ClickKeyword.clickUntilSuccessWithTimeout(ClickKeyword.groovy:81)
	at com.kms.katalon.core.webui.keyword.builtin.ClickKeyword.clickUntilSuccessWithTimeout(ClickKeyword.groovy)
	at jdk.internal.reflect.GeneratedMethodAccessor8.invoke(Unknown Source)
	at java.base/jdk.internal.reflect.DelegatingMethodAccessorImpl.invoke(DelegatingMethodAccessorImpl.java:43)
	at com.kms.katalon.core.webui.keyword.builtin.ClickKeyword$_click_closure1.doCall(ClickKeyword.groovy:67)
	at com.kms.katalon.core.webui.keyword.builtin.ClickKeyword$_click_closure1.call(ClickKeyword.groovy)
	at com.kms.katalon.core.webui.keyword.internal.WebUIKeywordMain.runKeyword(WebUIKeywordMain.groovy:35)
	at com.kms.katalon.core.webui.keyword.builtin.ClickKeyword.click(ClickKeyword.groovy:74)
	at com.kms.katalon.core.webui.keyword.builtin.ClickKeyword.execute(ClickKeyword.groovy:40)
	at com.kms.katalon.core.keyword.internal.KeywordExecutor.executeKeywordForPlatform(KeywordExecutor.groovy:74)
	at com.kms.katalon.core.webui.keyword.WebUiBuiltInKeywords.click(WebUiBuiltInKeywords.groovy:659)
	at Script1732083570761.run(Script1732083570761.groovy:24)
	at com.kms.katalon.core.main.ScriptEngine.run(ScriptEngine.java:194)
	at com.kms.katalon.core.main.ScriptEngine.runScriptAsRawText(ScriptEngine.java:119)
	at com.kms.katalon.core.main.TestCaseExecutor.runScript(TestCaseExecutor.java:448)
	at com.kms.katalon.core.main.TestCaseExecutor.doExecute(TestCaseExecutor.java:439)
	at com.kms.katalon.core.main.TestCaseExecutor.processExecutionPhase(TestCaseExecutor.java:418)
	at com.kms.katalon.core.main.TestCaseExecutor.accessMainPhase(TestCaseExecutor.java:410)
	at com.kms.katalon.core.main.TestCaseExecutor.execute(TestCaseExecutor.java:285)
	at com.kms.katalon.core.main.TestCaseMain.runTestCase(TestCaseMain.java:137)
	at com.kms.katalon.core.keyword.builtin.CallTestCaseKeyword$_callTestCase_closure1.doCall(CallTestCaseKeyword.groovy:59)
	at com.kms.katalon.core.keyword.builtin.CallTestCaseKeyword$_callTestCase_closure1.call(CallTestCaseKeyword.groovy)
	at com.kms.katalon.core.keyword.internal.KeywordMain.runKeyword(KeywordMain.groovy:75)
	at com.kms.katalon.core.keyword.builtin.CallTestCaseKeyword.callTestCase(CallTestCaseKeyword.groovy:81)
	at com.kms.katalon.core.keyword.builtin.CallTestCaseKeyword.execute(CallTestCaseKeyword.groovy:44)
	at com.kms.katalon.core.keyword.internal.KeywordExecutor.executeKeywordForPlatform(KeywordExecutor.groovy:74)
	at com.kms.katalon.core.keyword.BuiltinKeywords.callTestCase(BuiltinKeywords.groovy:310)
	at jdk.internal.reflect.GeneratedMethodAccessor25.invoke(Unknown Source)
	at java.base/jdk.internal.reflect.DelegatingMethodAccessorImpl.invoke(DelegatingMethodAccessorImpl.java:43)
	at Script1732341473699.run(Script1732341473699.groovy:22)
	... 15 more
)

27-11-2024T13:26:25 - [MESSAGE][FAILED] - Unable to call Test Case 'Test Cases/1.Inicio/1.1Principal/Selec_sobre' (Root cause: com.kms.katalon.core.exception.StepFailedException: Call Test Case 'Test Cases/1.Inicio/1.1Principal/Selec_sobre' failed
	at com.kms.katalon.core.keyword.builtin.CallTestCaseKeyword$_callTestCase_closure1.doCall(CallTestCaseKeyword.groovy:63)
	at com.kms.katalon.core.keyword.builtin.CallTestCaseKeyword$_callTestCase_closure1.call(CallTestCaseKeyword.groovy)
	at com.kms.katalon.core.keyword.internal.KeywordMain.runKeyword(KeywordMain.groovy:75)
	at com.kms.katalon.core.keyword.builtin.CallTestCaseKeyword.callTestCase(CallTestCaseKeyword.groovy:81)
	at com.kms.katalon.core.keyword.builtin.CallTestCaseKeyword.execute(CallTestCaseKeyword.groovy:44)
	at com.kms.katalon.core.keyword.internal.KeywordExecutor.executeKeywordForPlatform(KeywordExecutor.groovy:74)
	at com.kms.katalon.core.keyword.BuiltinKeywords.callTestCase(BuiltinKeywords.groovy:310)
	at jdk.internal.reflect.GeneratedMethodAccessor25.invoke(Unknown Source)
	at java.base/jdk.internal.reflect.DelegatingMethodAccessorImpl.invoke(DelegatingMethodAccessorImpl.java:43)
	at Agregar-Envios.run(Agregar-Envios:22)
	at com.kms.katalon.core.main.ScriptEngine.run(ScriptEngine.java:194)
	at com.kms.katalon.core.main.ScriptEngine.runScriptAsRawText(ScriptEngine.java:119)
	at com.kms.katalon.core.main.TestCaseExecutor.runScript(TestCaseExecutor.java:448)
	at com.kms.katalon.core.main.TestCaseExecutor.doExecute(TestCaseExecutor.java:439)
	at com.kms.katalon.core.main.TestCaseExecutor.processExecutionPhase(TestCaseExecutor.java:418)
	at com.kms.katalon.core.main.TestCaseExecutor.accessMainPhase(TestCaseExecutor.java:410)
	at com.kms.katalon.core.main.TestCaseExecutor.execute(TestCaseExecutor.java:285)
	at com.kms.katalon.core.common.CommonExecutor.accessTestCaseMainPhase(CommonExecutor.java:65)
	at com.kms.katalon.core.main.TestSuiteExecutor.accessTestSuiteMainPhase(TestSuiteExecutor.java:150)
	at com.kms.katalon.core.main.TestSuiteExecutor.execute(TestSuiteExecutor.java:106)
	at com.kms.katalon.core.main.TestCaseMain.startTestSuite(TestCaseMain.java:180)
	at TempTestSuite1732729948317.run(TempTestSuite1732729948317.groovy:35)
	at java.base/jdk.internal.reflect.NativeMethodAccessorImpl.invoke0(Native Method)
	at java.base/jdk.internal.reflect.NativeMethodAccessorImpl.invoke(NativeMethodAccessorImpl.java:77)
	at java.base/jdk.internal.reflect.DelegatingMethodAccessorImpl.invoke(DelegatingMethodAccessorImpl.java:43)
Caused by: com.kms.katalon.core.exception.StepFailedException: Unable to click on object 'Object Repository/Principal/Page_Olva Courier  Home/button_CONTINUAR (2)'
	at com.kms.katalon.core.webui.keyword.internal.WebUIKeywordMain.stepFailed(WebUIKeywordMain.groovy:117)
	at com.kms.katalon.core.webui.keyword.internal.WebUIKeywordMain.runKeyword(WebUIKeywordMain.groovy:43)
	at com.kms.katalon.core.webui.keyword.builtin.ClickKeyword.click(ClickKeyword.groovy:74)
	at com.kms.katalon.core.webui.keyword.builtin.ClickKeyword.execute(ClickKeyword.groovy:40)
	at com.kms.katalon.core.keyword.internal.KeywordExecutor.executeKeywordForPlatform(KeywordExecutor.groovy:74)
	at com.kms.katalon.core.webui.keyword.WebUiBuiltInKeywords.click(WebUiBuiltInKeywords.groovy:659)
	at Selec_sobre.run(Selec_sobre:24)
	at com.kms.katalon.core.main.ScriptEngine.run(ScriptEngine.java:194)
	at com.kms.katalon.core.main.ScriptEngine.runScriptAsRawText(ScriptEngine.java:119)
	at com.kms.katalon.core.main.TestCaseExecutor.runScript(TestCaseExecutor.java:448)
	at com.kms.katalon.core.main.TestCaseExecutor.doExecute(TestCaseExecutor.java:439)
	at com.kms.katalon.core.main.TestCaseExecutor.processExecutionPhase(TestCaseExecutor.java:418)
	at com.kms.katalon.core.main.TestCaseExecutor.accessMainPhase(TestCaseExecutor.java:410)
	at com.kms.katalon.core.main.TestCaseExecutor.execute(TestCaseExecutor.java:285)
	at com.kms.katalon.core.main.TestCaseMain.runTestCase(TestCaseMain.java:137)
	at com.kms.katalon.core.keyword.builtin.CallTestCaseKeyword$_callTestCase_closure1.doCall(CallTestCaseKeyword.groovy:59)
	... 24 more
Caused by: org.openqa.selenium.ElementClickInterceptedException: Element <button id="btn_aceptar_tipo_envio" class="btn disabled" type="button"> is not clickable at point (675,588) because another element <div class="modal-footer"> obscures it
Build info: version: '3.141.59', revision: 'unknown', time: 'unknown'
System info: host: 'DESKTOP-RGFFP9A', ip: '10.136.10.6', os.name: 'Windows 11', os.arch: 'amd64', os.version: '10.0', java.version: '17.0.7'
Driver info: com.kms.katalon.core.webui.driver.firefox.CGeckoDriver
Capabilities {acceptInsecureCerts: true, browserName: firefox, browserVersion: 133.0, javascriptEnabled: true, moz:accessibilityChecks: false, moz:buildID: 20241121140525, moz:geckodriverVersion: 0.35.0, moz:headless: false, moz:platformVersion: 10.0, moz:processID: 39872, moz:profile: C:\Users\OLVATI\AppData\Loc..., moz:shutdownTimeout: 60000, moz:webdriverClick: true, moz:windowless: false, pageLoadStrategy: normal, platform: WINDOWS, platformName: WINDOWS, proxy: Proxy(direct), setWindowRect: true, strictFileInteractability: false, timeouts: {implicit: 0, pageLoad: 300000, script: 30000}, unhandledPromptBehavior: dismiss and notify, userAgent: Mozilla/5.0 (Windows NT 10....}
Session ID: 20ad2567-9125-4525-bd62-5c5482eed923
	at jdk.internal.reflect.GeneratedConstructorAccessor32.newInstance(Unknown Source)
	at java.base/jdk.internal.reflect.DelegatingConstructorAccessorImpl.newInstance(DelegatingConstructorAccessorImpl.java:45)
	at org.openqa.selenium.remote.http.W3CHttpResponseCodec.createException(W3CHttpResponseCodec.java:187)
	at org.openqa.selenium.remote.http.W3CHttpResponseCodec.decode(W3CHttpResponseCodec.java:122)
	at org.openqa.selenium.remote.http.W3CHttpResponseCodec.decode(W3CHttpResponseCodec.java:49)
	at org.openqa.selenium.remote.HttpCommandExecutor.execute(HttpCommandExecutor.java:158)
	at org.openqa.selenium.remote.service.DriverCommandExecutor.execute(DriverCommandExecutor.java:83)
	at org.openqa.selenium.remote.RemoteWebDriver.execute(RemoteWebDriver.java:552)
	at com.kms.katalon.selenium.driver.CFirefoxDriver.execute(CFirefoxDriver.java:28)
	at org.openqa.selenium.remote.RemoteWebElement.execute(RemoteWebElement.java:285)
	at org.openqa.selenium.remote.RemoteWebElement.click(RemoteWebElement.java:84)
	at jdk.internal.reflect.GeneratedMethodAccessor10.invoke(Unknown Source)
	at java.base/jdk.internal.reflect.DelegatingMethodAccessorImpl.invoke(DelegatingMethodAccessorImpl.java:43)
	at org.openqa.selenium.support.events.EventFiringWebDriver$EventFiringWebElement.lambda$new$0(EventFiringWebDriver.java:404)
	at jdk.proxy2/jdk.proxy2.$Proxy21.click(Unknown Source)
	at org.openqa.selenium.support.events.EventFiringWebDriver$EventFiringWebElement.click(EventFiringWebDriver.java:417)
	at org.openqa.selenium.WebElement$click.call(Unknown Source)
	at com.kms.katalon.core.webui.keyword.builtin.ClickKeyword.clickUntilSuccessWithTimeout(ClickKeyword.groovy:81)
	at com.kms.katalon.core.webui.keyword.builtin.ClickKeyword.clickUntilSuccessWithTimeout(ClickKeyword.groovy)
	at jdk.internal.reflect.GeneratedMethodAccessor8.invoke(Unknown Source)
	at java.base/jdk.internal.reflect.DelegatingMethodAccessorImpl.invoke(DelegatingMethodAccessorImpl.java:43)
	at com.kms.katalon.core.webui.keyword.builtin.ClickKeyword$_click_closure1.doCall(ClickKeyword.groovy:67)
	at com.kms.katalon.core.webui.keyword.builtin.ClickKeyword$_click_closure1.call(ClickKeyword.groovy)
	at com.kms.katalon.core.webui.keyword.internal.WebUIKeywordMain.runKeyword(WebUIKeywordMain.groovy:35)
	... 38 more
)]]></system-out>
         <system-err><![CDATA[27-11-2024T13:25:44 - [TEST_CASE][FAILED] - Test Cases/2.Positivos/2.2Sobre/Origen-Provincia/Agregar-Envios: Test Cases/2.Positivos/2.2Sobre/Origen-Provincia/Agregar-Envios FAILED.
Reason:
com.kms.katalon.core.exception.StepFailedException: Call Test Case 'Test Cases/1.Inicio/1.1Principal/Selec_sobre' failed
	at com.kms.katalon.core.keyword.builtin.CallTestCaseKeyword$_callTestCase_closure1.doCall(CallTestCaseKeyword.groovy:63)
	at com.kms.katalon.core.keyword.builtin.CallTestCaseKeyword$_callTestCase_closure1.call(CallTestCaseKeyword.groovy)
	at com.kms.katalon.core.keyword.internal.KeywordMain.runKeyword(KeywordMain.groovy:75)
	at com.kms.katalon.core.keyword.builtin.CallTestCaseKeyword.callTestCase(CallTestCaseKeyword.groovy:81)
	at com.kms.katalon.core.keyword.builtin.CallTestCaseKeyword.execute(CallTestCaseKeyword.groovy:44)
	at com.kms.katalon.core.keyword.internal.KeywordExecutor.executeKeywordForPlatform(KeywordExecutor.groovy:74)
	at com.kms.katalon.core.keyword.BuiltinKeywords.callTestCase(BuiltinKeywords.groovy:310)
	at jdk.internal.reflect.GeneratedMethodAccessor25.invoke(Unknown Source)
	at java.base/jdk.internal.reflect.DelegatingMethodAccessorImpl.invoke(DelegatingMethodAccessorImpl.java:43)
	at Agregar-Envios.run(Agregar-Envios:22)
	at com.kms.katalon.core.main.ScriptEngine.run(ScriptEngine.java:194)
	at com.kms.katalon.core.main.ScriptEngine.runScriptAsRawText(ScriptEngine.java:119)
	at com.kms.katalon.core.main.TestCaseExecutor.runScript(TestCaseExecutor.java:448)
	at com.kms.katalon.core.main.TestCaseExecutor.doExecute(TestCaseExecutor.java:439)
	at com.kms.katalon.core.main.TestCaseExecutor.processExecutionPhase(TestCaseExecutor.java:418)
	at com.kms.katalon.core.main.TestCaseExecutor.accessMainPhase(TestCaseExecutor.java:410)
	at com.kms.katalon.core.main.TestCaseExecutor.execute(TestCaseExecutor.java:285)
	at com.kms.katalon.core.common.CommonExecutor.accessTestCaseMainPhase(CommonExecutor.java:65)
	at com.kms.katalon.core.main.TestSuiteExecutor.accessTestSuiteMainPhase(TestSuiteExecutor.java:150)
	at com.kms.katalon.core.main.TestSuiteExecutor.execute(TestSuiteExecutor.java:106)
	at com.kms.katalon.core.main.TestCaseMain.startTestSuite(TestCaseMain.java:180)
	at TempTestSuite1732729948317.run(TempTestSuite1732729948317.groovy:35)
	at java.base/jdk.internal.reflect.NativeMethodAccessorImpl.invoke0(Native Method)
	at java.base/jdk.internal.reflect.NativeMethodAccessorImpl.invoke(NativeMethodAccessorImpl.java:77)
	at java.base/jdk.internal.reflect.DelegatingMethodAccessorImpl.invoke(DelegatingMethodAccessorImpl.java:43)
Caused by: com.kms.katalon.core.exception.StepFailedException: Unable to click on object 'Object Repository/Principal/Page_Olva Courier  Home/button_CONTINUAR (2)'
	at com.kms.katalon.core.webui.keyword.internal.WebUIKeywordMain.stepFailed(WebUIKeywordMain.groovy:117)
	at com.kms.katalon.core.webui.keyword.internal.WebUIKeywordMain.runKeyword(WebUIKeywordMain.groovy:43)
	at com.kms.katalon.core.webui.keyword.builtin.ClickKeyword.click(ClickKeyword.groovy:74)
	at com.kms.katalon.core.webui.keyword.builtin.ClickKeyword.execute(ClickKeyword.groovy:40)
	at com.kms.katalon.core.keyword.internal.KeywordExecutor.executeKeywordForPlatform(KeywordExecutor.groovy:74)
	at com.kms.katalon.core.webui.keyword.WebUiBuiltInKeywords.click(WebUiBuiltInKeywords.groovy:659)
	at Selec_sobre.run(Selec_sobre:24)
	at com.kms.katalon.core.main.ScriptEngine.run(ScriptEngine.java:194)
	at com.kms.katalon.core.main.ScriptEngine.runScriptAsRawText(ScriptEngine.java:119)
	at com.kms.katalon.core.main.TestCaseExecutor.runScript(TestCaseExecutor.java:448)
	at com.kms.katalon.core.main.TestCaseExecutor.doExecute(TestCaseExecutor.java:439)
	at com.kms.katalon.core.main.TestCaseExecutor.processExecutionPhase(TestCaseExecutor.java:418)
	at com.kms.katalon.core.main.TestCaseExecutor.accessMainPhase(TestCaseExecutor.java:410)
	at com.kms.katalon.core.main.TestCaseExecutor.execute(TestCaseExecutor.java:285)
	at com.kms.katalon.core.main.TestCaseMain.runTestCase(TestCaseMain.java:137)
	at com.kms.katalon.core.keyword.builtin.CallTestCaseKeyword$_callTestCase_closure1.doCall(CallTestCaseKeyword.groovy:59)
	... 24 more
Caused by: org.openqa.selenium.ElementClickInterceptedException: Element <button id="btn_aceptar_tipo_envio" class="btn disabled" type="button"> is not clickable at point (675,588) because another element <div class="modal-footer"> obscures it
Build info: version: '3.141.59', revision: 'unknown', time: 'unknown'
System info: host: 'DESKTOP-RGFFP9A', ip: '10.136.10.6', os.name: 'Windows 11', os.arch: 'amd64', os.version: '10.0', java.version: '17.0.7'
Driver info: com.kms.katalon.core.webui.driver.firefox.CGeckoDriver
Capabilities {acceptInsecureCerts: true, browserName: firefox, browserVersion: 133.0, javascriptEnabled: true, moz:accessibilityChecks: false, moz:buildID: 20241121140525, moz:geckodriverVersion: 0.35.0, moz:headless: false, moz:platformVersion: 10.0, moz:processID: 39872, moz:profile: C:\Users\OLVATI\AppData\Loc..., moz:shutdownTimeout: 60000, moz:webdriverClick: true, moz:windowless: false, pageLoadStrategy: normal, platform: WINDOWS, platformName: WINDOWS, proxy: Proxy(direct), setWindowRect: true, strictFileInteractability: false, timeouts: {implicit: 0, pageLoad: 300000, script: 30000}, unhandledPromptBehavior: dismiss and notify, userAgent: Mozilla/5.0 (Windows NT 10....}
Session ID: 20ad2567-9125-4525-bd62-5c5482eed923
	at jdk.internal.reflect.GeneratedConstructorAccessor32.newInstance(Unknown Source)
	at java.base/jdk.internal.reflect.DelegatingConstructorAccessorImpl.newInstance(DelegatingConstructorAccessorImpl.java:45)
	at org.openqa.selenium.remote.http.W3CHttpResponseCodec.createException(W3CHttpResponseCodec.java:187)
	at org.openqa.selenium.remote.http.W3CHttpResponseCodec.decode(W3CHttpResponseCodec.java:122)
	at org.openqa.selenium.remote.http.W3CHttpResponseCodec.decode(W3CHttpResponseCodec.java:49)
	at org.openqa.selenium.remote.HttpCommandExecutor.execute(HttpCommandExecutor.java:158)
	at org.openqa.selenium.remote.service.DriverCommandExecutor.execute(DriverCommandExecutor.java:83)
	at org.openqa.selenium.remote.RemoteWebDriver.execute(RemoteWebDriver.java:552)
	at com.kms.katalon.selenium.driver.CFirefoxDriver.execute(CFirefoxDriver.java:28)
	at org.openqa.selenium.remote.RemoteWebElement.execute(RemoteWebElement.java:285)
	at org.openqa.selenium.remote.RemoteWebElement.click(RemoteWebElement.java:84)
	at jdk.internal.reflect.GeneratedMethodAccessor10.invoke(Unknown Source)
	at java.base/jdk.internal.reflect.DelegatingMethodAccessorImpl.invoke(DelegatingMethodAccessorImpl.java:43)
	at org.openqa.selenium.support.events.EventFiringWebDriver$EventFiringWebElement.lambda$new$0(EventFiringWebDriver.java:404)
	at jdk.proxy2/jdk.proxy2.$Proxy21.click(Unknown Source)
	at org.openqa.selenium.support.events.EventFiringWebDriver$EventFiringWebElement.click(EventFiringWebDriver.java:417)
	at org.openqa.selenium.WebElement$click.call(Unknown Source)
	at com.kms.katalon.core.webui.keyword.builtin.ClickKeyword.clickUntilSuccessWithTimeout(ClickKeyword.groovy:81)
	at com.kms.katalon.core.webui.keyword.builtin.ClickKeyword.clickUntilSuccessWithTimeout(ClickKeyword.groovy)
	at jdk.internal.reflect.GeneratedMethodAccessor8.invoke(Unknown Source)
	at java.base/jdk.internal.reflect.DelegatingMethodAccessorImpl.invoke(DelegatingMethodAccessorImpl.java:43)
	at com.kms.katalon.core.webui.keyword.builtin.ClickKeyword$_click_closure1.doCall(ClickKeyword.groovy:67)
	at com.kms.katalon.core.webui.keyword.builtin.ClickKeyword$_click_closure1.call(ClickKeyword.groovy)
	at com.kms.katalon.core.webui.keyword.internal.WebUIKeywordMain.runKeyword(WebUIKeywordMain.groovy:35)
	... 38 more]]></system-err>
      </testcase>
      <testcase name="Test Cases/2.Positivos/2.2Sobre/Origen-Provincia/3.Destino-D,DO,O/Restricción-O" time="20.184" classname="Test Cases/2.Positivos/2.2Sobre/Origen-Provincia/3.Destino-D,DO,O/Restricción-O" status="FAILED">
         <failure type="FAILED" message="Test Cases/2.Positivos/2.2Sobre/Origen-Provincia/3.Destino-D,DO,O/Restricción-O FAILED.&#xa;Reason:&#xa;com.kms.katalon.core.exception.StepFailedException: Unable to set text 'PRUEBAS SOBRE' of object 'Object Repository/sobre/Page_Olva Courier  Datos Personales/input_Qu Envas_input_descripcion'&#xa;	at com.kms.katalon.core.webui.keyword.internal.WebUIKeywordMain.stepFailed(WebUIKeywordMain.groovy:117)&#xa;	at com.kms.katalon.core.webui.keyword.internal.WebUIKeywordMain.runKeyword(WebUIKeywordMain.groovy:43)&#xa;	at com.kms.katalon.core.webui.keyword.builtin.SetTextKeyword.setText(SetTextKeyword.groovy:85)&#xa;	at com.kms.katalon.core.webui.keyword.builtin.SetTextKeyword.execute(SetTextKeyword.groovy:39)&#xa;	at com.kms.katalon.core.keyword.internal.KeywordExecutor.executeKeywordForPlatform(KeywordExecutor.groovy:74)&#xa;	at com.kms.katalon.core.webui.keyword.WebUiBuiltInKeywords.setText(WebUiBuiltInKeywords.groovy:1019)&#xa;	at Restricción-O.run(Restricción-O:26)&#xa;	at com.kms.katalon.core.main.ScriptEngine.run(ScriptEngine.java:194)&#xa;	at com.kms.katalon.core.main.ScriptEngine.runScriptAsRawText(ScriptEngine.java:119)&#xa;	at com.kms.katalon.core.main.TestCaseExecutor.runScript(TestCaseExecutor.java:448)&#xa;	at com.kms.katalon.core.main.TestCaseExecutor.doExecute(TestCaseExecutor.java:439)&#xa;	at com.kms.katalon.core.main.TestCaseExecutor.processExecutionPhase(TestCaseExecutor.java:418)&#xa;	at com.kms.katalon.core.main.TestCaseExecutor.accessMainPhase(TestCaseExecutor.java:410)&#xa;	at com.kms.katalon.core.main.TestCaseExecutor.execute(TestCaseExecutor.java:285)&#xa;	at com.kms.katalon.core.common.CommonExecutor.accessTestCaseMainPhase(CommonExecutor.java:65)&#xa;	at com.kms.katalon.core.main.TestSuiteExecutor.accessTestSuiteMainPhase(TestSuiteExecutor.java:150)&#xa;	at com.kms.katalon.core.main.TestSuiteExecutor.execute(TestSuiteExecutor.java:106)&#xa;	at com.kms.katalon.core.main.TestCaseMain.startTestSuite(TestCaseMain.java:180)&#xa;	at TempTestSuite1732729948317.run(TempTestSuite1732729948317.groovy:35)&#xa;	at java.base/jdk.internal.reflect.NativeMethodAccessorImpl.invoke0(Native Method)&#xa;	at java.base/jdk.internal.reflect.NativeMethodAccessorImpl.invoke(NativeMethodAccessorImpl.java:77)&#xa;	at java.base/jdk.internal.reflect.DelegatingMethodAccessorImpl.invoke(DelegatingMethodAccessorImpl.java:43)&#xa;Caused by: org.openqa.selenium.ElementNotInteractableException: Element &lt;input id=&quot;input_descripcion&quot; class=&quot;f1-first-name form-control msg_alert_tt inputRE&quot; name=&quot;input_descripcion&quot; type=&quot;text&quot;> could not be scrolled into view&#xa;Build info: version: '3.141.59', revision: 'unknown', time: 'unknown'&#xa;System info: host: 'DESKTOP-RGFFP9A', ip: '10.136.10.6', os.name: 'Windows 11', os.arch: 'amd64', os.version: '10.0', java.version: '17.0.7'&#xa;Driver info: com.kms.katalon.core.webui.driver.firefox.CGeckoDriver&#xa;Capabilities {acceptInsecureCerts: true, browserName: firefox, browserVersion: 133.0, javascriptEnabled: true, moz:accessibilityChecks: false, moz:buildID: 20241121140525, moz:geckodriverVersion: 0.35.0, moz:headless: false, moz:platformVersion: 10.0, moz:processID: 35588, moz:profile: C:\Users\OLVATI\AppData\Loc..., moz:shutdownTimeout: 60000, moz:webdriverClick: true, moz:windowless: false, pageLoadStrategy: normal, platform: WINDOWS, platformName: WINDOWS, proxy: Proxy(direct), setWindowRect: true, strictFileInteractability: false, timeouts: {implicit: 0, pageLoad: 300000, script: 30000}, unhandledPromptBehavior: dismiss and notify, userAgent: Mozilla/5.0 (Windows NT 10....}&#xa;Session ID: d4ed116d-2a71-481c-be5c-c298238db47a&#xa;	at java.base/jdk.internal.reflect.NativeConstructorAccessorImpl.newInstance0(Native Method)&#xa;	at java.base/jdk.internal.reflect.NativeConstructorAccessorImpl.newInstance(NativeConstructorAccessorImpl.java:77)&#xa;	at java.base/jdk.internal.reflect.DelegatingConstructorAccessorImpl.newInstance(DelegatingConstructorAccessorImpl.java:45)&#xa;	at org.openqa.selenium.remote.http.W3CHttpResponseCodec.createException(W3CHttpResponseCodec.java:187)&#xa;	at org.openqa.selenium.remote.http.W3CHttpResponseCodec.decode(W3CHttpResponseCodec.java:122)&#xa;	at org.openqa.selenium.remote.http.W3CHttpResponseCodec.decode(W3CHttpResponseCodec.java:49)&#xa;	at org.openqa.selenium.remote.HttpCommandExecutor.execute(HttpCommandExecutor.java:158)&#xa;	at org.openqa.selenium.remote.service.DriverCommandExecutor.execute(DriverCommandExecutor.java:83)&#xa;	at org.openqa.selenium.remote.RemoteWebDriver.execute(RemoteWebDriver.java:552)&#xa;	at com.kms.katalon.selenium.driver.CFirefoxDriver.execute(CFirefoxDriver.java:28)&#xa;	at org.openqa.selenium.remote.RemoteWebElement.execute(RemoteWebElement.java:285)&#xa;	at org.openqa.selenium.remote.RemoteWebElement.clear(RemoteWebElement.java:124)&#xa;	at jdk.internal.reflect.GeneratedMethodAccessor17.invoke(Unknown Source)&#xa;	at java.base/jdk.internal.reflect.DelegatingMethodAccessorImpl.invoke(DelegatingMethodAccessorImpl.java:43)&#xa;	at org.openqa.selenium.support.events.EventFiringWebDriver$EventFiringWebElement.lambda$new$0(EventFiringWebDriver.java:404)&#xa;	at jdk.proxy2/jdk.proxy2.$Proxy21.clear(Unknown Source)&#xa;	at org.openqa.selenium.support.events.EventFiringWebDriver$EventFiringWebElement.clear(EventFiringWebDriver.java:436)&#xa;	at com.kms.katalon.core.webui.keyword.builtin.SetTextKeyword$_setText_closure1.doCall(SetTextKeyword.groovy:55)&#xa;	at com.kms.katalon.core.webui.keyword.builtin.SetTextKeyword$_setText_closure1.call(SetTextKeyword.groovy)&#xa;	at com.kms.katalon.core.webui.keyword.internal.WebUIKeywordMain.runKeyword(WebUIKeywordMain.groovy:35)&#xa;	... 20 more&#xa;"/>
         <system-out><![CDATA[27-11-2024T13:26:25 - [TEST_CASE][FAILED] - Test Cases/2.Positivos/2.2Sobre/Origen-Provincia/3.Destino-D,DO,O/Restricción-O: Test Cases/2.Positivos/2.2Sobre/Origen-Provincia/3.Destino-D,DO,O/Restricción-O FAILED.
Reason:
com.kms.katalon.core.exception.StepFailedException: Unable to set text 'PRUEBAS SOBRE' of object 'Object Repository/sobre/Page_Olva Courier  Datos Personales/input_Qu Envas_input_descripcion'
	at com.kms.katalon.core.webui.keyword.internal.WebUIKeywordMain.stepFailed(WebUIKeywordMain.groovy:117)
	at com.kms.katalon.core.webui.keyword.internal.WebUIKeywordMain.runKeyword(WebUIKeywordMain.groovy:43)
	at com.kms.katalon.core.webui.keyword.builtin.SetTextKeyword.setText(SetTextKeyword.groovy:85)
	at com.kms.katalon.core.webui.keyword.builtin.SetTextKeyword.execute(SetTextKeyword.groovy:39)
	at com.kms.katalon.core.keyword.internal.KeywordExecutor.executeKeywordForPlatform(KeywordExecutor.groovy:74)
	at com.kms.katalon.core.webui.keyword.WebUiBuiltInKeywords.setText(WebUiBuiltInKeywords.groovy:1019)
	at Restricción-O.run(Restricción-O:26)
	at com.kms.katalon.core.main.ScriptEngine.run(ScriptEngine.java:194)
	at com.kms.katalon.core.main.ScriptEngine.runScriptAsRawText(ScriptEngine.java:119)
	at com.kms.katalon.core.main.TestCaseExecutor.runScript(TestCaseExecutor.java:448)
	at com.kms.katalon.core.main.TestCaseExecutor.doExecute(TestCaseExecutor.java:439)
	at com.kms.katalon.core.main.TestCaseExecutor.processExecutionPhase(TestCaseExecutor.java:418)
	at com.kms.katalon.core.main.TestCaseExecutor.accessMainPhase(TestCaseExecutor.java:410)
	at com.kms.katalon.core.main.TestCaseExecutor.execute(TestCaseExecutor.java:285)
	at com.kms.katalon.core.common.CommonExecutor.accessTestCaseMainPhase(CommonExecutor.java:65)
	at com.kms.katalon.core.main.TestSuiteExecutor.accessTestSuiteMainPhase(TestSuiteExecutor.java:150)
	at com.kms.katalon.core.main.TestSuiteExecutor.execute(TestSuiteExecutor.java:106)
	at com.kms.katalon.core.main.TestCaseMain.startTestSuite(TestCaseMain.java:180)
	at TempTestSuite1732729948317.run(TempTestSuite1732729948317.groovy:35)
	at java.base/jdk.internal.reflect.NativeMethodAccessorImpl.invoke0(Native Method)
	at java.base/jdk.internal.reflect.NativeMethodAccessorImpl.invoke(NativeMethodAccessorImpl.java:77)
	at java.base/jdk.internal.reflect.DelegatingMethodAccessorImpl.invoke(DelegatingMethodAccessorImpl.java:43)
Caused by: org.openqa.selenium.ElementNotInteractableException: Element <input id="input_descripcion" class="f1-first-name form-control msg_alert_tt inputRE" name="input_descripcion" type="text"> could not be scrolled into view
Build info: version: '3.141.59', revision: 'unknown', time: 'unknown'
System info: host: 'DESKTOP-RGFFP9A', ip: '10.136.10.6', os.name: 'Windows 11', os.arch: 'amd64', os.version: '10.0', java.version: '17.0.7'
Driver info: com.kms.katalon.core.webui.driver.firefox.CGeckoDriver
Capabilities {acceptInsecureCerts: true, browserName: firefox, browserVersion: 133.0, javascriptEnabled: true, moz:accessibilityChecks: false, moz:buildID: 20241121140525, moz:geckodriverVersion: 0.35.0, moz:headless: false, moz:platformVersion: 10.0, moz:processID: 35588, moz:profile: C:\Users\OLVATI\AppData\Loc..., moz:shutdownTimeout: 60000, moz:webdriverClick: true, moz:windowless: false, pageLoadStrategy: normal, platform: WINDOWS, platformName: WINDOWS, proxy: Proxy(direct), setWindowRect: true, strictFileInteractability: false, timeouts: {implicit: 0, pageLoad: 300000, script: 30000}, unhandledPromptBehavior: dismiss and notify, userAgent: Mozilla/5.0 (Windows NT 10....}
Session ID: d4ed116d-2a71-481c-be5c-c298238db47a
	at java.base/jdk.internal.reflect.NativeConstructorAccessorImpl.newInstance0(Native Method)
	at java.base/jdk.internal.reflect.NativeConstructorAccessorImpl.newInstance(NativeConstructorAccessorImpl.java:77)
	at java.base/jdk.internal.reflect.DelegatingConstructorAccessorImpl.newInstance(DelegatingConstructorAccessorImpl.java:45)
	at org.openqa.selenium.remote.http.W3CHttpResponseCodec.createException(W3CHttpResponseCodec.java:187)
	at org.openqa.selenium.remote.http.W3CHttpResponseCodec.decode(W3CHttpResponseCodec.java:122)
	at org.openqa.selenium.remote.http.W3CHttpResponseCodec.decode(W3CHttpResponseCodec.java:49)
	at org.openqa.selenium.remote.HttpCommandExecutor.execute(HttpCommandExecutor.java:158)
	at org.openqa.selenium.remote.service.DriverCommandExecutor.execute(DriverCommandExecutor.java:83)
	at org.openqa.selenium.remote.RemoteWebDriver.execute(RemoteWebDriver.java:552)
	at com.kms.katalon.selenium.driver.CFirefoxDriver.execute(CFirefoxDriver.java:28)
	at org.openqa.selenium.remote.RemoteWebElement.execute(RemoteWebElement.java:285)
	at org.openqa.selenium.remote.RemoteWebElement.clear(RemoteWebElement.java:124)
	at jdk.internal.reflect.GeneratedMethodAccessor17.invoke(Unknown Source)
	at java.base/jdk.internal.reflect.DelegatingMethodAccessorImpl.invoke(DelegatingMethodAccessorImpl.java:43)
	at org.openqa.selenium.support.events.EventFiringWebDriver$EventFiringWebElement.lambda$new$0(EventFiringWebDriver.java:404)
	at jdk.proxy2/jdk.proxy2.$Proxy21.clear(Unknown Source)
	at org.openqa.selenium.support.events.EventFiringWebDriver$EventFiringWebElement.clear(EventFiringWebDriver.java:436)
	at com.kms.katalon.core.webui.keyword.builtin.SetTextKeyword$_setText_closure1.doCall(SetTextKeyword.groovy:55)
	at com.kms.katalon.core.webui.keyword.builtin.SetTextKeyword$_setText_closure1.call(SetTextKeyword.groovy)
	at com.kms.katalon.core.webui.keyword.internal.WebUIKeywordMain.runKeyword(WebUIKeywordMain.groovy:35)
	... 20 more


27-11-2024T13:26:26 - [TEST_STEP][PASSED] - callTestCase(findTestCase("1.Inicio/1.1Principal/Principal-home"), [:], STOP_ON_FAILURE): Call Test Case 'Test Cases/1.Inicio/1.1Principal/Principal-home' successfully

27-11-2024T13:26:26 - [TEST_CASE][PASSED] - Test Cases/1.Inicio/1.1Principal/Principal-home: Test Cases/1.Inicio/1.1Principal/Principal-home

27-11-2024T13:26:26 - [TEST_STEP][PASSED] - openBrowser(""): Browser is opened with url: ''

27-11-2024T13:26:26 - [MESSAGE][WARNING] - A browser is already opened. Closing browser and opening a new one

27-11-2024T13:26:27 - [MESSAGE][INFO] - Starting 'Firefox' driver

27-11-2024T13:26:27 - [MESSAGE][INFO] - Action delay is set to 0 milliseconds

27-11-2024T13:26:33 - [MESSAGE][PASSED] - Browser is opened with url: ''

27-11-2024T13:26:33 - [TEST_STEP][PASSED] - navigateToUrl("https://dev01-registrodeenvios.olvacourier.com/principal"): Navigate to 'https://dev01-registrodeenvios.olvacourier.com/principal' successfully

27-11-2024T13:26:34 - [MESSAGE][PASSED] - Navigate to 'https://dev01-registrodeenvios.olvacourier.com/principal' successfully

27-11-2024T13:26:34 - [TEST_STEP][PASSED] - maximizeWindow(): Current window maximized

27-11-2024T13:26:34 - [MESSAGE][PASSED] - Current window maximized

27-11-2024T13:26:34 - [MESSAGE][PASSED] - Call Test Case 'Test Cases/1.Inicio/1.1Principal/Principal-home' successfully

27-11-2024T13:26:34 - [TEST_STEP][PASSED] - callTestCase(findTestCase("1.Inicio/1.1Principal/Selec_paquete"), [:], STOP_ON_FAILURE): Call Test Case 'Test Cases/1.Inicio/1.1Principal/Selec_paquete' successfully

27-11-2024T13:26:34 - [TEST_CASE][PASSED] - Test Cases/1.Inicio/1.1Principal/Selec_paquete: Test Cases/1.Inicio/1.1Principal/Selec_paquete

27-11-2024T13:26:34 - [TEST_STEP][PASSED] - click(findTestObject("Object Repository/Principal/Page_Olva Courier  Home/img_Qu deseas realizar hoy_img_paquete")): Object: 'Object Repository/Principal/Page_Olva Courier  Home/img_Qu deseas realizar hoy_img_paquete' is clicked on

27-11-2024T13:26:35 - [MESSAGE][PASSED] - Object: 'Object Repository/Principal/Page_Olva Courier  Home/img_Qu deseas realizar hoy_img_paquete' is clicked on

27-11-2024T13:26:35 - [TEST_STEP][PASSED] - click(findTestObject("Object Repository/Principal/Page_Olva Courier  Home/span_He ledo y acepto los_checkmark (1)")): Object: 'Object Repository/Principal/Page_Olva Courier  Home/span_He ledo y acepto los_checkmark (1)' is clicked on

27-11-2024T13:26:35 - [MESSAGE][PASSED] - Object: 'Object Repository/Principal/Page_Olva Courier  Home/span_He ledo y acepto los_checkmark (1)' is clicked on

27-11-2024T13:26:35 - [TEST_STEP][PASSED] - click(findTestObject("Object Repository/Principal/Page_Olva Courier  Home/button_CONTINUAR (1)")): Object: 'Object Repository/Principal/Page_Olva Courier  Home/button_CONTINUAR (1)' is clicked on

27-11-2024T13:26:37 - [MESSAGE][PASSED] - Object: 'Object Repository/Principal/Page_Olva Courier  Home/button_CONTINUAR (1)' is clicked on

27-11-2024T13:26:37 - [TEST_STEP][PASSED] - verifyElementPresent(findTestObject("Object Repository/Principal/Page_Olva Courier  Datos Personales/strong_REGISTRO DE ENVOS"), 0): Object 'Object Repository/Principal/Page_Olva Courier  Datos Personales/strong_REGISTRO DE ENVOS' is present

27-11-2024T13:26:37 - [MESSAGE][WARNING] - Timeout '0' is invalid. Using default page load timeout: '30'

27-11-2024T13:26:37 - [MESSAGE][PASSED] - Object 'Object Repository/Principal/Page_Olva Courier  Datos Personales/strong_REGISTRO DE ENVOS' is present

27-11-2024T13:26:37 - [TEST_STEP][PASSED] - verifyElementPresent(findTestObject("Object Repository/Principal/Page_Olva Courier  Datos Personales/span_Regresar (1)"), 0): Object 'Object Repository/Principal/Page_Olva Courier  Datos Personales/span_Regresar (1)' is present

27-11-2024T13:26:37 - [MESSAGE][WARNING] - Timeout '0' is invalid. Using default page load timeout: '30'

27-11-2024T13:26:37 - [MESSAGE][PASSED] - Object 'Object Repository/Principal/Page_Olva Courier  Datos Personales/span_Regresar (1)' is present

27-11-2024T13:26:37 - [TEST_STEP][PASSED] - verifyElementPresent(findTestObject("Object Repository/Principal/Page_Olva Courier  Datos Personales/span_Inicio (1)"), 0): Object 'Object Repository/Principal/Page_Olva Courier  Datos Personales/span_Inicio (1)' is present

27-11-2024T13:26:37 - [MESSAGE][WARNING] - Timeout '0' is invalid. Using default page load timeout: '30'

27-11-2024T13:26:37 - [MESSAGE][PASSED] - Object 'Object Repository/Principal/Page_Olva Courier  Datos Personales/span_Inicio (1)' is present

27-11-2024T13:26:37 - [MESSAGE][PASSED] - Call Test Case 'Test Cases/1.Inicio/1.1Principal/Selec_paquete' successfully

27-11-2024T13:26:37 - [TEST_STEP][PASSED] - callTestCase(findTestCase("1.Inicio/1.2Tipo_Doc/1.DNI"), [:], STOP_ON_FAILURE): Call Test Case 'Test Cases/1.Inicio/1.2Tipo_Doc/1.DNI' successfully

27-11-2024T13:26:38 - [TEST_CASE][PASSED] - Test Cases/1.Inicio/1.2Tipo_Doc/1.DNI: Test Cases/1.Inicio/1.2Tipo_Doc/1.DNI

27-11-2024T13:26:38 - [TEST_STEP][PASSED] - click(findTestObject("Object Repository/Login/Page_Olva Courier  Datos Personales/button_Tipo De Documento")): Object: 'Object Repository/Login/Page_Olva Courier  Datos Personales/button_Tipo De Documento' is clicked on

27-11-2024T13:26:38 - [MESSAGE][PASSED] - Object: 'Object Repository/Login/Page_Olva Courier  Datos Personales/button_Tipo De Documento' is clicked on

27-11-2024T13:26:38 - [TEST_STEP][PASSED] - click(findTestObject("Object Repository/Login/Page_Olva Courier  Datos Personales/a_DNI (Boleta)")): Object: 'Object Repository/Login/Page_Olva Courier  Datos Personales/a_DNI (Boleta)' is clicked on

27-11-2024T13:26:38 - [MESSAGE][PASSED] - Object: 'Object Repository/Login/Page_Olva Courier  Datos Personales/a_DNI (Boleta)' is clicked on

27-11-2024T13:26:38 - [TEST_STEP][PASSED] - setText(findTestObject("Object Repository/Login/Page_Olva Courier  Datos Personales/input_CARN EXT. (Boleta)_txt_documento_cliente"), "47190321"): Text '47190321' is set on object 'Object Repository/Login/Page_Olva Courier  Datos Personales/input_CARN EXT. (Boleta)_txt_documento_cliente'

27-11-2024T13:26:39 - [MESSAGE][PASSED] - Text '47190321' is set on object 'Object Repository/Login/Page_Olva Courier  Datos Personales/input_CARN EXT. (Boleta)_txt_documento_cliente'

27-11-2024T13:26:39 - [TEST_STEP][PASSED] - setText(findTestObject("Object Repository/Login/Page_Olva Courier  Datos Personales/input_CARN EXT. (Boleta)_txt_telefono_cliente"), "957378086"): Text '957378086' is set on object 'Object Repository/Login/Page_Olva Courier  Datos Personales/input_CARN EXT. (Boleta)_txt_telefono_cliente'

27-11-2024T13:26:45 - [MESSAGE][PASSED] - Text '957378086' is set on object 'Object Repository/Login/Page_Olva Courier  Datos Personales/input_CARN EXT. (Boleta)_txt_telefono_cliente'

27-11-2024T13:26:45 - [TEST_STEP][PASSED] - setText(findTestObject("Object Repository/Login/Page_Olva Courier  Datos Personales/input_Hola,_txt_email_cliente"), "riosalejosjs@gmail.com"): Text 'riosalejosjs@gmail.com' is set on object 'Object Repository/Login/Page_Olva Courier  Datos Personales/input_Hola,_txt_email_cliente'

27-11-2024T13:26:45 - [MESSAGE][PASSED] - Text 'riosalejosjs@gmail.com' is set on object 'Object Repository/Login/Page_Olva Courier  Datos Personales/input_Hola,_txt_email_cliente'

27-11-2024T13:26:45 - [MESSAGE][PASSED] - Call Test Case 'Test Cases/1.Inicio/1.2Tipo_Doc/1.DNI' successfully

27-11-2024T13:26:45 - [TEST_STEP][FAILED] - setText(findTestObject("Object Repository/sobre/Page_Olva Courier  Datos Personales/input_Qu Envas_input_descripcion"), "PRUEBAS SOBRE"): Unable to set text 'PRUEBAS SOBRE' of object 'Object Repository/sobre/Page_Olva Courier  Datos Personales/input_Qu Envas_input_descripcion' (Root cause: com.kms.katalon.core.exception.StepFailedException: Unable to set text 'PRUEBAS SOBRE' of object 'Object Repository/sobre/Page_Olva Courier  Datos Personales/input_Qu Envas_input_descripcion'
	at com.kms.katalon.core.webui.keyword.internal.WebUIKeywordMain.stepFailed(WebUIKeywordMain.groovy:117)
	at com.kms.katalon.core.webui.keyword.internal.WebUIKeywordMain.runKeyword(WebUIKeywordMain.groovy:43)
	at com.kms.katalon.core.webui.keyword.builtin.SetTextKeyword.setText(SetTextKeyword.groovy:85)
	at com.kms.katalon.core.webui.keyword.builtin.SetTextKeyword.execute(SetTextKeyword.groovy:39)
	at com.kms.katalon.core.keyword.internal.KeywordExecutor.executeKeywordForPlatform(KeywordExecutor.groovy:74)
	at com.kms.katalon.core.webui.keyword.WebUiBuiltInKeywords.setText(WebUiBuiltInKeywords.groovy:1019)
	at Restricción-O.run(Restricción-O:26)
	at com.kms.katalon.core.main.ScriptEngine.run(ScriptEngine.java:194)
	at com.kms.katalon.core.main.ScriptEngine.runScriptAsRawText(ScriptEngine.java:119)
	at com.kms.katalon.core.main.TestCaseExecutor.runScript(TestCaseExecutor.java:448)
	at com.kms.katalon.core.main.TestCaseExecutor.doExecute(TestCaseExecutor.java:439)
	at com.kms.katalon.core.main.TestCaseExecutor.processExecutionPhase(TestCaseExecutor.java:418)
	at com.kms.katalon.core.main.TestCaseExecutor.accessMainPhase(TestCaseExecutor.java:410)
	at com.kms.katalon.core.main.TestCaseExecutor.execute(TestCaseExecutor.java:285)
	at com.kms.katalon.core.common.CommonExecutor.accessTestCaseMainPhase(CommonExecutor.java:65)
	at com.kms.katalon.core.main.TestSuiteExecutor.accessTestSuiteMainPhase(TestSuiteExecutor.java:150)
	at com.kms.katalon.core.main.TestSuiteExecutor.execute(TestSuiteExecutor.java:106)
	at com.kms.katalon.core.main.TestCaseMain.startTestSuite(TestCaseMain.java:180)
	at TempTestSuite1732729948317.run(TempTestSuite1732729948317.groovy:35)
	at java.base/jdk.internal.reflect.NativeMethodAccessorImpl.invoke0(Native Method)
	at java.base/jdk.internal.reflect.NativeMethodAccessorImpl.invoke(NativeMethodAccessorImpl.java:77)
	at java.base/jdk.internal.reflect.DelegatingMethodAccessorImpl.invoke(DelegatingMethodAccessorImpl.java:43)
Caused by: org.openqa.selenium.ElementNotInteractableException: Element <input id="input_descripcion" class="f1-first-name form-control msg_alert_tt inputRE" name="input_descripcion" type="text"> could not be scrolled into view
Build info: version: '3.141.59', revision: 'unknown', time: 'unknown'
System info: host: 'DESKTOP-RGFFP9A', ip: '10.136.10.6', os.name: 'Windows 11', os.arch: 'amd64', os.version: '10.0', java.version: '17.0.7'
Driver info: com.kms.katalon.core.webui.driver.firefox.CGeckoDriver
Capabilities {acceptInsecureCerts: true, browserName: firefox, browserVersion: 133.0, javascriptEnabled: true, moz:accessibilityChecks: false, moz:buildID: 20241121140525, moz:geckodriverVersion: 0.35.0, moz:headless: false, moz:platformVersion: 10.0, moz:processID: 35588, moz:profile: C:\Users\OLVATI\AppData\Loc..., moz:shutdownTimeout: 60000, moz:webdriverClick: true, moz:windowless: false, pageLoadStrategy: normal, platform: WINDOWS, platformName: WINDOWS, proxy: Proxy(direct), setWindowRect: true, strictFileInteractability: false, timeouts: {implicit: 0, pageLoad: 300000, script: 30000}, unhandledPromptBehavior: dismiss and notify, userAgent: Mozilla/5.0 (Windows NT 10....}
Session ID: d4ed116d-2a71-481c-be5c-c298238db47a
	at java.base/jdk.internal.reflect.NativeConstructorAccessorImpl.newInstance0(Native Method)
	at java.base/jdk.internal.reflect.NativeConstructorAccessorImpl.newInstance(NativeConstructorAccessorImpl.java:77)
	at java.base/jdk.internal.reflect.DelegatingConstructorAccessorImpl.newInstance(DelegatingConstructorAccessorImpl.java:45)
	at org.openqa.selenium.remote.http.W3CHttpResponseCodec.createException(W3CHttpResponseCodec.java:187)
	at org.openqa.selenium.remote.http.W3CHttpResponseCodec.decode(W3CHttpResponseCodec.java:122)
	at org.openqa.selenium.remote.http.W3CHttpResponseCodec.decode(W3CHttpResponseCodec.java:49)
	at org.openqa.selenium.remote.HttpCommandExecutor.execute(HttpCommandExecutor.java:158)
	at org.openqa.selenium.remote.service.DriverCommandExecutor.execute(DriverCommandExecutor.java:83)
	at org.openqa.selenium.remote.RemoteWebDriver.execute(RemoteWebDriver.java:552)
	at com.kms.katalon.selenium.driver.CFirefoxDriver.execute(CFirefoxDriver.java:28)
	at org.openqa.selenium.remote.RemoteWebElement.execute(RemoteWebElement.java:285)
	at org.openqa.selenium.remote.RemoteWebElement.clear(RemoteWebElement.java:124)
	at jdk.internal.reflect.GeneratedMethodAccessor17.invoke(Unknown Source)
	at java.base/jdk.internal.reflect.DelegatingMethodAccessorImpl.invoke(DelegatingMethodAccessorImpl.java:43)
	at org.openqa.selenium.support.events.EventFiringWebDriver$EventFiringWebElement.lambda$new$0(EventFiringWebDriver.java:404)
	at jdk.proxy2/jdk.proxy2.$Proxy21.clear(Unknown Source)
	at org.openqa.selenium.support.events.EventFiringWebDriver$EventFiringWebElement.clear(EventFiringWebDriver.java:436)
	at com.kms.katalon.core.webui.keyword.builtin.SetTextKeyword$_setText_closure1.doCall(SetTextKeyword.groovy:55)
	at com.kms.katalon.core.webui.keyword.builtin.SetTextKeyword$_setText_closure1.call(SetTextKeyword.groovy)
	at com.kms.katalon.core.webui.keyword.internal.WebUIKeywordMain.runKeyword(WebUIKeywordMain.groovy:35)
	at com.kms.katalon.core.webui.keyword.builtin.SetTextKeyword.setText(SetTextKeyword.groovy:85)
	at com.kms.katalon.core.webui.keyword.builtin.SetTextKeyword.execute(SetTextKeyword.groovy:39)
	at com.kms.katalon.core.keyword.internal.KeywordExecutor.executeKeywordForPlatform(KeywordExecutor.groovy:74)
	at com.kms.katalon.core.webui.keyword.WebUiBuiltInKeywords.setText(WebUiBuiltInKeywords.groovy:1019)
	at Script1732341473645.run(Script1732341473645.groovy:26)
	... 15 more
)

27-11-2024T13:26:46 - [MESSAGE][FAILED] - Unable to set text 'PRUEBAS SOBRE' of object 'Object Repository/sobre/Page_Olva Courier  Datos Personales/input_Qu Envas_input_descripcion' (Root cause: com.kms.katalon.core.exception.StepFailedException: Unable to set text 'PRUEBAS SOBRE' of object 'Object Repository/sobre/Page_Olva Courier  Datos Personales/input_Qu Envas_input_descripcion'
	at com.kms.katalon.core.webui.keyword.internal.WebUIKeywordMain.stepFailed(WebUIKeywordMain.groovy:117)
	at com.kms.katalon.core.webui.keyword.internal.WebUIKeywordMain.runKeyword(WebUIKeywordMain.groovy:43)
	at com.kms.katalon.core.webui.keyword.builtin.SetTextKeyword.setText(SetTextKeyword.groovy:85)
	at com.kms.katalon.core.webui.keyword.builtin.SetTextKeyword.execute(SetTextKeyword.groovy:39)
	at com.kms.katalon.core.keyword.internal.KeywordExecutor.executeKeywordForPlatform(KeywordExecutor.groovy:74)
	at com.kms.katalon.core.webui.keyword.WebUiBuiltInKeywords.setText(WebUiBuiltInKeywords.groovy:1019)
	at Restricción-O.run(Restricción-O:26)
	at com.kms.katalon.core.main.ScriptEngine.run(ScriptEngine.java:194)
	at com.kms.katalon.core.main.ScriptEngine.runScriptAsRawText(ScriptEngine.java:119)
	at com.kms.katalon.core.main.TestCaseExecutor.runScript(TestCaseExecutor.java:448)
	at com.kms.katalon.core.main.TestCaseExecutor.doExecute(TestCaseExecutor.java:439)
	at com.kms.katalon.core.main.TestCaseExecutor.processExecutionPhase(TestCaseExecutor.java:418)
	at com.kms.katalon.core.main.TestCaseExecutor.accessMainPhase(TestCaseExecutor.java:410)
	at com.kms.katalon.core.main.TestCaseExecutor.execute(TestCaseExecutor.java:285)
	at com.kms.katalon.core.common.CommonExecutor.accessTestCaseMainPhase(CommonExecutor.java:65)
	at com.kms.katalon.core.main.TestSuiteExecutor.accessTestSuiteMainPhase(TestSuiteExecutor.java:150)
	at com.kms.katalon.core.main.TestSuiteExecutor.execute(TestSuiteExecutor.java:106)
	at com.kms.katalon.core.main.TestCaseMain.startTestSuite(TestCaseMain.java:180)
	at TempTestSuite1732729948317.run(TempTestSuite1732729948317.groovy:35)
	at java.base/jdk.internal.reflect.NativeMethodAccessorImpl.invoke0(Native Method)
	at java.base/jdk.internal.reflect.NativeMethodAccessorImpl.invoke(NativeMethodAccessorImpl.java:77)
	at java.base/jdk.internal.reflect.DelegatingMethodAccessorImpl.invoke(DelegatingMethodAccessorImpl.java:43)
Caused by: org.openqa.selenium.ElementNotInteractableException: Element <input id="input_descripcion" class="f1-first-name form-control msg_alert_tt inputRE" name="input_descripcion" type="text"> could not be scrolled into view
Build info: version: '3.141.59', revision: 'unknown', time: 'unknown'
System info: host: 'DESKTOP-RGFFP9A', ip: '10.136.10.6', os.name: 'Windows 11', os.arch: 'amd64', os.version: '10.0', java.version: '17.0.7'
Driver info: com.kms.katalon.core.webui.driver.firefox.CGeckoDriver
Capabilities {acceptInsecureCerts: true, browserName: firefox, browserVersion: 133.0, javascriptEnabled: true, moz:accessibilityChecks: false, moz:buildID: 20241121140525, moz:geckodriverVersion: 0.35.0, moz:headless: false, moz:platformVersion: 10.0, moz:processID: 35588, moz:profile: C:\Users\OLVATI\AppData\Loc..., moz:shutdownTimeout: 60000, moz:webdriverClick: true, moz:windowless: false, pageLoadStrategy: normal, platform: WINDOWS, platformName: WINDOWS, proxy: Proxy(direct), setWindowRect: true, strictFileInteractability: false, timeouts: {implicit: 0, pageLoad: 300000, script: 30000}, unhandledPromptBehavior: dismiss and notify, userAgent: Mozilla/5.0 (Windows NT 10....}
Session ID: d4ed116d-2a71-481c-be5c-c298238db47a
	at java.base/jdk.internal.reflect.NativeConstructorAccessorImpl.newInstance0(Native Method)
	at java.base/jdk.internal.reflect.NativeConstructorAccessorImpl.newInstance(NativeConstructorAccessorImpl.java:77)
	at java.base/jdk.internal.reflect.DelegatingConstructorAccessorImpl.newInstance(DelegatingConstructorAccessorImpl.java:45)
	at org.openqa.selenium.remote.http.W3CHttpResponseCodec.createException(W3CHttpResponseCodec.java:187)
	at org.openqa.selenium.remote.http.W3CHttpResponseCodec.decode(W3CHttpResponseCodec.java:122)
	at org.openqa.selenium.remote.http.W3CHttpResponseCodec.decode(W3CHttpResponseCodec.java:49)
	at org.openqa.selenium.remote.HttpCommandExecutor.execute(HttpCommandExecutor.java:158)
	at org.openqa.selenium.remote.service.DriverCommandExecutor.execute(DriverCommandExecutor.java:83)
	at org.openqa.selenium.remote.RemoteWebDriver.execute(RemoteWebDriver.java:552)
	at com.kms.katalon.selenium.driver.CFirefoxDriver.execute(CFirefoxDriver.java:28)
	at org.openqa.selenium.remote.RemoteWebElement.execute(RemoteWebElement.java:285)
	at org.openqa.selenium.remote.RemoteWebElement.clear(RemoteWebElement.java:124)
	at jdk.internal.reflect.GeneratedMethodAccessor17.invoke(Unknown Source)
	at java.base/jdk.internal.reflect.DelegatingMethodAccessorImpl.invoke(DelegatingMethodAccessorImpl.java:43)
	at org.openqa.selenium.support.events.EventFiringWebDriver$EventFiringWebElement.lambda$new$0(EventFiringWebDriver.java:404)
	at jdk.proxy2/jdk.proxy2.$Proxy21.clear(Unknown Source)
	at org.openqa.selenium.support.events.EventFiringWebDriver$EventFiringWebElement.clear(EventFiringWebDriver.java:436)
	at com.kms.katalon.core.webui.keyword.builtin.SetTextKeyword$_setText_closure1.doCall(SetTextKeyword.groovy:55)
	at com.kms.katalon.core.webui.keyword.builtin.SetTextKeyword$_setText_closure1.call(SetTextKeyword.groovy)
	at com.kms.katalon.core.webui.keyword.internal.WebUIKeywordMain.runKeyword(WebUIKeywordMain.groovy:35)
	at com.kms.katalon.core.webui.keyword.builtin.SetTextKeyword.setText(SetTextKeyword.groovy:85)
	at com.kms.katalon.core.webui.keyword.builtin.SetTextKeyword.execute(SetTextKeyword.groovy:39)
	at com.kms.katalon.core.keyword.internal.KeywordExecutor.executeKeywordForPlatform(KeywordExecutor.groovy:74)
	at com.kms.katalon.core.webui.keyword.WebUiBuiltInKeywords.setText(WebUiBuiltInKeywords.groovy:1019)
	at Script1732341473645.run(Script1732341473645.groovy:26)
	... 15 more
)]]></system-out>
         <system-err><![CDATA[27-11-2024T13:26:25 - [TEST_CASE][FAILED] - Test Cases/2.Positivos/2.2Sobre/Origen-Provincia/3.Destino-D,DO,O/Restricción-O: Test Cases/2.Positivos/2.2Sobre/Origen-Provincia/3.Destino-D,DO,O/Restricción-O FAILED.
Reason:
com.kms.katalon.core.exception.StepFailedException: Unable to set text 'PRUEBAS SOBRE' of object 'Object Repository/sobre/Page_Olva Courier  Datos Personales/input_Qu Envas_input_descripcion'
	at com.kms.katalon.core.webui.keyword.internal.WebUIKeywordMain.stepFailed(WebUIKeywordMain.groovy:117)
	at com.kms.katalon.core.webui.keyword.internal.WebUIKeywordMain.runKeyword(WebUIKeywordMain.groovy:43)
	at com.kms.katalon.core.webui.keyword.builtin.SetTextKeyword.setText(SetTextKeyword.groovy:85)
	at com.kms.katalon.core.webui.keyword.builtin.SetTextKeyword.execute(SetTextKeyword.groovy:39)
	at com.kms.katalon.core.keyword.internal.KeywordExecutor.executeKeywordForPlatform(KeywordExecutor.groovy:74)
	at com.kms.katalon.core.webui.keyword.WebUiBuiltInKeywords.setText(WebUiBuiltInKeywords.groovy:1019)
	at Restricción-O.run(Restricción-O:26)
	at com.kms.katalon.core.main.ScriptEngine.run(ScriptEngine.java:194)
	at com.kms.katalon.core.main.ScriptEngine.runScriptAsRawText(ScriptEngine.java:119)
	at com.kms.katalon.core.main.TestCaseExecutor.runScript(TestCaseExecutor.java:448)
	at com.kms.katalon.core.main.TestCaseExecutor.doExecute(TestCaseExecutor.java:439)
	at com.kms.katalon.core.main.TestCaseExecutor.processExecutionPhase(TestCaseExecutor.java:418)
	at com.kms.katalon.core.main.TestCaseExecutor.accessMainPhase(TestCaseExecutor.java:410)
	at com.kms.katalon.core.main.TestCaseExecutor.execute(TestCaseExecutor.java:285)
	at com.kms.katalon.core.common.CommonExecutor.accessTestCaseMainPhase(CommonExecutor.java:65)
	at com.kms.katalon.core.main.TestSuiteExecutor.accessTestSuiteMainPhase(TestSuiteExecutor.java:150)
	at com.kms.katalon.core.main.TestSuiteExecutor.execute(TestSuiteExecutor.java:106)
	at com.kms.katalon.core.main.TestCaseMain.startTestSuite(TestCaseMain.java:180)
	at TempTestSuite1732729948317.run(TempTestSuite1732729948317.groovy:35)
	at java.base/jdk.internal.reflect.NativeMethodAccessorImpl.invoke0(Native Method)
	at java.base/jdk.internal.reflect.NativeMethodAccessorImpl.invoke(NativeMethodAccessorImpl.java:77)
	at java.base/jdk.internal.reflect.DelegatingMethodAccessorImpl.invoke(DelegatingMethodAccessorImpl.java:43)
Caused by: org.openqa.selenium.ElementNotInteractableException: Element <input id="input_descripcion" class="f1-first-name form-control msg_alert_tt inputRE" name="input_descripcion" type="text"> could not be scrolled into view
Build info: version: '3.141.59', revision: 'unknown', time: 'unknown'
System info: host: 'DESKTOP-RGFFP9A', ip: '10.136.10.6', os.name: 'Windows 11', os.arch: 'amd64', os.version: '10.0', java.version: '17.0.7'
Driver info: com.kms.katalon.core.webui.driver.firefox.CGeckoDriver
Capabilities {acceptInsecureCerts: true, browserName: firefox, browserVersion: 133.0, javascriptEnabled: true, moz:accessibilityChecks: false, moz:buildID: 20241121140525, moz:geckodriverVersion: 0.35.0, moz:headless: false, moz:platformVersion: 10.0, moz:processID: 35588, moz:profile: C:\Users\OLVATI\AppData\Loc..., moz:shutdownTimeout: 60000, moz:webdriverClick: true, moz:windowless: false, pageLoadStrategy: normal, platform: WINDOWS, platformName: WINDOWS, proxy: Proxy(direct), setWindowRect: true, strictFileInteractability: false, timeouts: {implicit: 0, pageLoad: 300000, script: 30000}, unhandledPromptBehavior: dismiss and notify, userAgent: Mozilla/5.0 (Windows NT 10....}
Session ID: d4ed116d-2a71-481c-be5c-c298238db47a
	at java.base/jdk.internal.reflect.NativeConstructorAccessorImpl.newInstance0(Native Method)
	at java.base/jdk.internal.reflect.NativeConstructorAccessorImpl.newInstance(NativeConstructorAccessorImpl.java:77)
	at java.base/jdk.internal.reflect.DelegatingConstructorAccessorImpl.newInstance(DelegatingConstructorAccessorImpl.java:45)
	at org.openqa.selenium.remote.http.W3CHttpResponseCodec.createException(W3CHttpResponseCodec.java:187)
	at org.openqa.selenium.remote.http.W3CHttpResponseCodec.decode(W3CHttpResponseCodec.java:122)
	at org.openqa.selenium.remote.http.W3CHttpResponseCodec.decode(W3CHttpResponseCodec.java:49)
	at org.openqa.selenium.remote.HttpCommandExecutor.execute(HttpCommandExecutor.java:158)
	at org.openqa.selenium.remote.service.DriverCommandExecutor.execute(DriverCommandExecutor.java:83)
	at org.openqa.selenium.remote.RemoteWebDriver.execute(RemoteWebDriver.java:552)
	at com.kms.katalon.selenium.driver.CFirefoxDriver.execute(CFirefoxDriver.java:28)
	at org.openqa.selenium.remote.RemoteWebElement.execute(RemoteWebElement.java:285)
	at org.openqa.selenium.remote.RemoteWebElement.clear(RemoteWebElement.java:124)
	at jdk.internal.reflect.GeneratedMethodAccessor17.invoke(Unknown Source)
	at java.base/jdk.internal.reflect.DelegatingMethodAccessorImpl.invoke(DelegatingMethodAccessorImpl.java:43)
	at org.openqa.selenium.support.events.EventFiringWebDriver$EventFiringWebElement.lambda$new$0(EventFiringWebDriver.java:404)
	at jdk.proxy2/jdk.proxy2.$Proxy21.clear(Unknown Source)
	at org.openqa.selenium.support.events.EventFiringWebDriver$EventFiringWebElement.clear(EventFiringWebDriver.java:436)
	at com.kms.katalon.core.webui.keyword.builtin.SetTextKeyword$_setText_closure1.doCall(SetTextKeyword.groovy:55)
	at com.kms.katalon.core.webui.keyword.builtin.SetTextKeyword$_setText_closure1.call(SetTextKeyword.groovy)
	at com.kms.katalon.core.webui.keyword.internal.WebUIKeywordMain.runKeyword(WebUIKeywordMain.groovy:35)
	... 20 more]]></system-err>
      </testcase>
      <testcase name="Test Cases/2.Positivos/2.2Sobre/Origen-Provincia/3.Destino-D,DO,O/Destino-O" time="19.678" classname="Test Cases/2.Positivos/2.2Sobre/Origen-Provincia/3.Destino-D,DO,O/Destino-O" status="FAILED">
         <failure type="FAILED" message="Test Cases/2.Positivos/2.2Sobre/Origen-Provincia/3.Destino-D,DO,O/Destino-O FAILED.&#xa;Reason:&#xa;com.kms.katalon.core.exception.StepFailedException: Unable to set text 'PRUEBAS SOBRE' of object 'Object Repository/sobre/Page_Olva Courier  Datos Personales/input_Qu Envas_input_descripcion'&#xa;	at com.kms.katalon.core.webui.keyword.internal.WebUIKeywordMain.stepFailed(WebUIKeywordMain.groovy:117)&#xa;	at com.kms.katalon.core.webui.keyword.internal.WebUIKeywordMain.runKeyword(WebUIKeywordMain.groovy:43)&#xa;	at com.kms.katalon.core.webui.keyword.builtin.SetTextKeyword.setText(SetTextKeyword.groovy:85)&#xa;	at com.kms.katalon.core.webui.keyword.builtin.SetTextKeyword.execute(SetTextKeyword.groovy:39)&#xa;	at com.kms.katalon.core.keyword.internal.KeywordExecutor.executeKeywordForPlatform(KeywordExecutor.groovy:74)&#xa;	at com.kms.katalon.core.webui.keyword.WebUiBuiltInKeywords.setText(WebUiBuiltInKeywords.groovy:1019)&#xa;	at Destino-O.run(Destino-O:26)&#xa;	at com.kms.katalon.core.main.ScriptEngine.run(ScriptEngine.java:194)&#xa;	at com.kms.katalon.core.main.ScriptEngine.runScriptAsRawText(ScriptEngine.java:119)&#xa;	at com.kms.katalon.core.main.TestCaseExecutor.runScript(TestCaseExecutor.java:448)&#xa;	at com.kms.katalon.core.main.TestCaseExecutor.doExecute(TestCaseExecutor.java:439)&#xa;	at com.kms.katalon.core.main.TestCaseExecutor.processExecutionPhase(TestCaseExecutor.java:418)&#xa;	at com.kms.katalon.core.main.TestCaseExecutor.accessMainPhase(TestCaseExecutor.java:410)&#xa;	at com.kms.katalon.core.main.TestCaseExecutor.execute(TestCaseExecutor.java:285)&#xa;	at com.kms.katalon.core.common.CommonExecutor.accessTestCaseMainPhase(CommonExecutor.java:65)&#xa;	at com.kms.katalon.core.main.TestSuiteExecutor.accessTestSuiteMainPhase(TestSuiteExecutor.java:150)&#xa;	at com.kms.katalon.core.main.TestSuiteExecutor.execute(TestSuiteExecutor.java:106)&#xa;	at com.kms.katalon.core.main.TestCaseMain.startTestSuite(TestCaseMain.java:180)&#xa;	at TempTestSuite1732729948317.run(TempTestSuite1732729948317.groovy:35)&#xa;	at java.base/jdk.internal.reflect.NativeMethodAccessorImpl.invoke0(Native Method)&#xa;	at java.base/jdk.internal.reflect.NativeMethodAccessorImpl.invoke(NativeMethodAccessorImpl.java:77)&#xa;	at java.base/jdk.internal.reflect.DelegatingMethodAccessorImpl.invoke(DelegatingMethodAccessorImpl.java:43)&#xa;Caused by: org.openqa.selenium.ElementNotInteractableException: Element &lt;input id=&quot;input_descripcion&quot; class=&quot;f1-first-name form-control msg_alert_tt inputRE&quot; name=&quot;input_descripcion&quot; type=&quot;text&quot;> could not be scrolled into view&#xa;Build info: version: '3.141.59', revision: 'unknown', time: 'unknown'&#xa;System info: host: 'DESKTOP-RGFFP9A', ip: '10.136.10.6', os.name: 'Windows 11', os.arch: 'amd64', os.version: '10.0', java.version: '17.0.7'&#xa;Driver info: com.kms.katalon.core.webui.driver.firefox.CGeckoDriver&#xa;Capabilities {acceptInsecureCerts: true, browserName: firefox, browserVersion: 133.0, javascriptEnabled: true, moz:accessibilityChecks: false, moz:buildID: 20241121140525, moz:geckodriverVersion: 0.35.0, moz:headless: false, moz:platformVersion: 10.0, moz:processID: 856, moz:profile: C:\Users\OLVATI\AppData\Loc..., moz:shutdownTimeout: 60000, moz:webdriverClick: true, moz:windowless: false, pageLoadStrategy: normal, platform: WINDOWS, platformName: WINDOWS, proxy: Proxy(direct), setWindowRect: true, strictFileInteractability: false, timeouts: {implicit: 0, pageLoad: 300000, script: 30000}, unhandledPromptBehavior: dismiss and notify, userAgent: Mozilla/5.0 (Windows NT 10....}&#xa;Session ID: f5964213-67e4-4128-a40e-f49cabc403a1&#xa;	at java.base/jdk.internal.reflect.NativeConstructorAccessorImpl.newInstance0(Native Method)&#xa;	at java.base/jdk.internal.reflect.NativeConstructorAccessorImpl.newInstance(NativeConstructorAccessorImpl.java:77)&#xa;	at java.base/jdk.internal.reflect.DelegatingConstructorAccessorImpl.newInstance(DelegatingConstructorAccessorImpl.java:45)&#xa;	at org.openqa.selenium.remote.http.W3CHttpResponseCodec.createException(W3CHttpResponseCodec.java:187)&#xa;	at org.openqa.selenium.remote.http.W3CHttpResponseCodec.decode(W3CHttpResponseCodec.java:122)&#xa;	at org.openqa.selenium.remote.http.W3CHttpResponseCodec.decode(W3CHttpResponseCodec.java:49)&#xa;	at org.openqa.selenium.remote.HttpCommandExecutor.execute(HttpCommandExecutor.java:158)&#xa;	at org.openqa.selenium.remote.service.DriverCommandExecutor.execute(DriverCommandExecutor.java:83)&#xa;	at org.openqa.selenium.remote.RemoteWebDriver.execute(RemoteWebDriver.java:552)&#xa;	at com.kms.katalon.selenium.driver.CFirefoxDriver.execute(CFirefoxDriver.java:28)&#xa;	at org.openqa.selenium.remote.RemoteWebElement.execute(RemoteWebElement.java:285)&#xa;	at org.openqa.selenium.remote.RemoteWebElement.clear(RemoteWebElement.java:124)&#xa;	at jdk.internal.reflect.GeneratedMethodAccessor17.invoke(Unknown Source)&#xa;	at java.base/jdk.internal.reflect.DelegatingMethodAccessorImpl.invoke(DelegatingMethodAccessorImpl.java:43)&#xa;	at org.openqa.selenium.support.events.EventFiringWebDriver$EventFiringWebElement.lambda$new$0(EventFiringWebDriver.java:404)&#xa;	at jdk.proxy2/jdk.proxy2.$Proxy21.clear(Unknown Source)&#xa;	at org.openqa.selenium.support.events.EventFiringWebDriver$EventFiringWebElement.clear(EventFiringWebDriver.java:436)&#xa;	at com.kms.katalon.core.webui.keyword.builtin.SetTextKeyword$_setText_closure1.doCall(SetTextKeyword.groovy:55)&#xa;	at com.kms.katalon.core.webui.keyword.builtin.SetTextKeyword$_setText_closure1.call(SetTextKeyword.groovy)&#xa;	at com.kms.katalon.core.webui.keyword.internal.WebUIKeywordMain.runKeyword(WebUIKeywordMain.groovy:35)&#xa;	... 20 more&#xa;"/>
         <system-out><![CDATA[27-11-2024T13:26:46 - [TEST_CASE][FAILED] - Test Cases/2.Positivos/2.2Sobre/Origen-Provincia/3.Destino-D,DO,O/Destino-O: Test Cases/2.Positivos/2.2Sobre/Origen-Provincia/3.Destino-D,DO,O/Destino-O FAILED.
Reason:
com.kms.katalon.core.exception.StepFailedException: Unable to set text 'PRUEBAS SOBRE' of object 'Object Repository/sobre/Page_Olva Courier  Datos Personales/input_Qu Envas_input_descripcion'
	at com.kms.katalon.core.webui.keyword.internal.WebUIKeywordMain.stepFailed(WebUIKeywordMain.groovy:117)
	at com.kms.katalon.core.webui.keyword.internal.WebUIKeywordMain.runKeyword(WebUIKeywordMain.groovy:43)
	at com.kms.katalon.core.webui.keyword.builtin.SetTextKeyword.setText(SetTextKeyword.groovy:85)
	at com.kms.katalon.core.webui.keyword.builtin.SetTextKeyword.execute(SetTextKeyword.groovy:39)
	at com.kms.katalon.core.keyword.internal.KeywordExecutor.executeKeywordForPlatform(KeywordExecutor.groovy:74)
	at com.kms.katalon.core.webui.keyword.WebUiBuiltInKeywords.setText(WebUiBuiltInKeywords.groovy:1019)
	at Destino-O.run(Destino-O:26)
	at com.kms.katalon.core.main.ScriptEngine.run(ScriptEngine.java:194)
	at com.kms.katalon.core.main.ScriptEngine.runScriptAsRawText(ScriptEngine.java:119)
	at com.kms.katalon.core.main.TestCaseExecutor.runScript(TestCaseExecutor.java:448)
	at com.kms.katalon.core.main.TestCaseExecutor.doExecute(TestCaseExecutor.java:439)
	at com.kms.katalon.core.main.TestCaseExecutor.processExecutionPhase(TestCaseExecutor.java:418)
	at com.kms.katalon.core.main.TestCaseExecutor.accessMainPhase(TestCaseExecutor.java:410)
	at com.kms.katalon.core.main.TestCaseExecutor.execute(TestCaseExecutor.java:285)
	at com.kms.katalon.core.common.CommonExecutor.accessTestCaseMainPhase(CommonExecutor.java:65)
	at com.kms.katalon.core.main.TestSuiteExecutor.accessTestSuiteMainPhase(TestSuiteExecutor.java:150)
	at com.kms.katalon.core.main.TestSuiteExecutor.execute(TestSuiteExecutor.java:106)
	at com.kms.katalon.core.main.TestCaseMain.startTestSuite(TestCaseMain.java:180)
	at TempTestSuite1732729948317.run(TempTestSuite1732729948317.groovy:35)
	at java.base/jdk.internal.reflect.NativeMethodAccessorImpl.invoke0(Native Method)
	at java.base/jdk.internal.reflect.NativeMethodAccessorImpl.invoke(NativeMethodAccessorImpl.java:77)
	at java.base/jdk.internal.reflect.DelegatingMethodAccessorImpl.invoke(DelegatingMethodAccessorImpl.java:43)
Caused by: org.openqa.selenium.ElementNotInteractableException: Element <input id="input_descripcion" class="f1-first-name form-control msg_alert_tt inputRE" name="input_descripcion" type="text"> could not be scrolled into view
Build info: version: '3.141.59', revision: 'unknown', time: 'unknown'
System info: host: 'DESKTOP-RGFFP9A', ip: '10.136.10.6', os.name: 'Windows 11', os.arch: 'amd64', os.version: '10.0', java.version: '17.0.7'
Driver info: com.kms.katalon.core.webui.driver.firefox.CGeckoDriver
Capabilities {acceptInsecureCerts: true, browserName: firefox, browserVersion: 133.0, javascriptEnabled: true, moz:accessibilityChecks: false, moz:buildID: 20241121140525, moz:geckodriverVersion: 0.35.0, moz:headless: false, moz:platformVersion: 10.0, moz:processID: 856, moz:profile: C:\Users\OLVATI\AppData\Loc..., moz:shutdownTimeout: 60000, moz:webdriverClick: true, moz:windowless: false, pageLoadStrategy: normal, platform: WINDOWS, platformName: WINDOWS, proxy: Proxy(direct), setWindowRect: true, strictFileInteractability: false, timeouts: {implicit: 0, pageLoad: 300000, script: 30000}, unhandledPromptBehavior: dismiss and notify, userAgent: Mozilla/5.0 (Windows NT 10....}
Session ID: f5964213-67e4-4128-a40e-f49cabc403a1
	at java.base/jdk.internal.reflect.NativeConstructorAccessorImpl.newInstance0(Native Method)
	at java.base/jdk.internal.reflect.NativeConstructorAccessorImpl.newInstance(NativeConstructorAccessorImpl.java:77)
	at java.base/jdk.internal.reflect.DelegatingConstructorAccessorImpl.newInstance(DelegatingConstructorAccessorImpl.java:45)
	at org.openqa.selenium.remote.http.W3CHttpResponseCodec.createException(W3CHttpResponseCodec.java:187)
	at org.openqa.selenium.remote.http.W3CHttpResponseCodec.decode(W3CHttpResponseCodec.java:122)
	at org.openqa.selenium.remote.http.W3CHttpResponseCodec.decode(W3CHttpResponseCodec.java:49)
	at org.openqa.selenium.remote.HttpCommandExecutor.execute(HttpCommandExecutor.java:158)
	at org.openqa.selenium.remote.service.DriverCommandExecutor.execute(DriverCommandExecutor.java:83)
	at org.openqa.selenium.remote.RemoteWebDriver.execute(RemoteWebDriver.java:552)
	at com.kms.katalon.selenium.driver.CFirefoxDriver.execute(CFirefoxDriver.java:28)
	at org.openqa.selenium.remote.RemoteWebElement.execute(RemoteWebElement.java:285)
	at org.openqa.selenium.remote.RemoteWebElement.clear(RemoteWebElement.java:124)
	at jdk.internal.reflect.GeneratedMethodAccessor17.invoke(Unknown Source)
	at java.base/jdk.internal.reflect.DelegatingMethodAccessorImpl.invoke(DelegatingMethodAccessorImpl.java:43)
	at org.openqa.selenium.support.events.EventFiringWebDriver$EventFiringWebElement.lambda$new$0(EventFiringWebDriver.java:404)
	at jdk.proxy2/jdk.proxy2.$Proxy21.clear(Unknown Source)
	at org.openqa.selenium.support.events.EventFiringWebDriver$EventFiringWebElement.clear(EventFiringWebDriver.java:436)
	at com.kms.katalon.core.webui.keyword.builtin.SetTextKeyword$_setText_closure1.doCall(SetTextKeyword.groovy:55)
	at com.kms.katalon.core.webui.keyword.builtin.SetTextKeyword$_setText_closure1.call(SetTextKeyword.groovy)
	at com.kms.katalon.core.webui.keyword.internal.WebUIKeywordMain.runKeyword(WebUIKeywordMain.groovy:35)
	... 20 more


27-11-2024T13:26:46 - [TEST_STEP][PASSED] - callTestCase(findTestCase("1.Inicio/1.1Principal/Principal-home"), [:], STOP_ON_FAILURE): Call Test Case 'Test Cases/1.Inicio/1.1Principal/Principal-home' successfully

27-11-2024T13:26:46 - [TEST_CASE][PASSED] - Test Cases/1.Inicio/1.1Principal/Principal-home: Test Cases/1.Inicio/1.1Principal/Principal-home

27-11-2024T13:26:46 - [TEST_STEP][PASSED] - openBrowser(""): Browser is opened with url: ''

27-11-2024T13:26:46 - [MESSAGE][WARNING] - A browser is already opened. Closing browser and opening a new one

27-11-2024T13:26:47 - [MESSAGE][INFO] - Starting 'Firefox' driver

27-11-2024T13:26:47 - [MESSAGE][INFO] - Action delay is set to 0 milliseconds

27-11-2024T13:26:53 - [MESSAGE][PASSED] - Browser is opened with url: ''

27-11-2024T13:26:53 - [TEST_STEP][PASSED] - navigateToUrl("https://dev01-registrodeenvios.olvacourier.com/principal"): Navigate to 'https://dev01-registrodeenvios.olvacourier.com/principal' successfully

27-11-2024T13:26:54 - [MESSAGE][PASSED] - Navigate to 'https://dev01-registrodeenvios.olvacourier.com/principal' successfully

27-11-2024T13:26:54 - [TEST_STEP][PASSED] - maximizeWindow(): Current window maximized

27-11-2024T13:26:54 - [MESSAGE][PASSED] - Current window maximized

27-11-2024T13:26:54 - [MESSAGE][PASSED] - Call Test Case 'Test Cases/1.Inicio/1.1Principal/Principal-home' successfully

27-11-2024T13:26:54 - [TEST_STEP][PASSED] - callTestCase(findTestCase("1.Inicio/1.1Principal/Selec_paquete"), [:], STOP_ON_FAILURE): Call Test Case 'Test Cases/1.Inicio/1.1Principal/Selec_paquete' successfully

27-11-2024T13:26:55 - [TEST_CASE][PASSED] - Test Cases/1.Inicio/1.1Principal/Selec_paquete: Test Cases/1.Inicio/1.1Principal/Selec_paquete

27-11-2024T13:26:55 - [TEST_STEP][PASSED] - click(findTestObject("Object Repository/Principal/Page_Olva Courier  Home/img_Qu deseas realizar hoy_img_paquete")): Object: 'Object Repository/Principal/Page_Olva Courier  Home/img_Qu deseas realizar hoy_img_paquete' is clicked on

27-11-2024T13:26:55 - [MESSAGE][PASSED] - Object: 'Object Repository/Principal/Page_Olva Courier  Home/img_Qu deseas realizar hoy_img_paquete' is clicked on

27-11-2024T13:26:55 - [TEST_STEP][PASSED] - click(findTestObject("Object Repository/Principal/Page_Olva Courier  Home/span_He ledo y acepto los_checkmark (1)")): Object: 'Object Repository/Principal/Page_Olva Courier  Home/span_He ledo y acepto los_checkmark (1)' is clicked on

27-11-2024T13:26:56 - [MESSAGE][PASSED] - Object: 'Object Repository/Principal/Page_Olva Courier  Home/span_He ledo y acepto los_checkmark (1)' is clicked on

27-11-2024T13:26:56 - [TEST_STEP][PASSED] - click(findTestObject("Object Repository/Principal/Page_Olva Courier  Home/button_CONTINUAR (1)")): Object: 'Object Repository/Principal/Page_Olva Courier  Home/button_CONTINUAR (1)' is clicked on

27-11-2024T13:26:57 - [MESSAGE][PASSED] - Object: 'Object Repository/Principal/Page_Olva Courier  Home/button_CONTINUAR (1)' is clicked on

27-11-2024T13:26:57 - [TEST_STEP][PASSED] - verifyElementPresent(findTestObject("Object Repository/Principal/Page_Olva Courier  Datos Personales/strong_REGISTRO DE ENVOS"), 0): Object 'Object Repository/Principal/Page_Olva Courier  Datos Personales/strong_REGISTRO DE ENVOS' is present

27-11-2024T13:26:57 - [MESSAGE][WARNING] - Timeout '0' is invalid. Using default page load timeout: '30'

27-11-2024T13:26:57 - [MESSAGE][PASSED] - Object 'Object Repository/Principal/Page_Olva Courier  Datos Personales/strong_REGISTRO DE ENVOS' is present

27-11-2024T13:26:57 - [TEST_STEP][PASSED] - verifyElementPresent(findTestObject("Object Repository/Principal/Page_Olva Courier  Datos Personales/span_Regresar (1)"), 0): Object 'Object Repository/Principal/Page_Olva Courier  Datos Personales/span_Regresar (1)' is present

27-11-2024T13:26:57 - [MESSAGE][WARNING] - Timeout '0' is invalid. Using default page load timeout: '30'

27-11-2024T13:26:58 - [MESSAGE][PASSED] - Object 'Object Repository/Principal/Page_Olva Courier  Datos Personales/span_Regresar (1)' is present

27-11-2024T13:26:58 - [TEST_STEP][PASSED] - verifyElementPresent(findTestObject("Object Repository/Principal/Page_Olva Courier  Datos Personales/span_Inicio (1)"), 0): Object 'Object Repository/Principal/Page_Olva Courier  Datos Personales/span_Inicio (1)' is present

27-11-2024T13:26:58 - [MESSAGE][WARNING] - Timeout '0' is invalid. Using default page load timeout: '30'

27-11-2024T13:26:58 - [MESSAGE][PASSED] - Object 'Object Repository/Principal/Page_Olva Courier  Datos Personales/span_Inicio (1)' is present

27-11-2024T13:26:58 - [MESSAGE][PASSED] - Call Test Case 'Test Cases/1.Inicio/1.1Principal/Selec_paquete' successfully

27-11-2024T13:26:58 - [TEST_STEP][PASSED] - callTestCase(findTestCase("1.Inicio/1.2Tipo_Doc/1.DNI"), [:], STOP_ON_FAILURE): Call Test Case 'Test Cases/1.Inicio/1.2Tipo_Doc/1.DNI' successfully

27-11-2024T13:26:58 - [TEST_CASE][PASSED] - Test Cases/1.Inicio/1.2Tipo_Doc/1.DNI: Test Cases/1.Inicio/1.2Tipo_Doc/1.DNI

27-11-2024T13:26:58 - [TEST_STEP][PASSED] - click(findTestObject("Object Repository/Login/Page_Olva Courier  Datos Personales/button_Tipo De Documento")): Object: 'Object Repository/Login/Page_Olva Courier  Datos Personales/button_Tipo De Documento' is clicked on

27-11-2024T13:26:58 - [MESSAGE][PASSED] - Object: 'Object Repository/Login/Page_Olva Courier  Datos Personales/button_Tipo De Documento' is clicked on

27-11-2024T13:26:58 - [TEST_STEP][PASSED] - click(findTestObject("Object Repository/Login/Page_Olva Courier  Datos Personales/a_DNI (Boleta)")): Object: 'Object Repository/Login/Page_Olva Courier  Datos Personales/a_DNI (Boleta)' is clicked on

27-11-2024T13:26:59 - [MESSAGE][PASSED] - Object: 'Object Repository/Login/Page_Olva Courier  Datos Personales/a_DNI (Boleta)' is clicked on

27-11-2024T13:26:59 - [TEST_STEP][PASSED] - setText(findTestObject("Object Repository/Login/Page_Olva Courier  Datos Personales/input_CARN EXT. (Boleta)_txt_documento_cliente"), "47190321"): Text '47190321' is set on object 'Object Repository/Login/Page_Olva Courier  Datos Personales/input_CARN EXT. (Boleta)_txt_documento_cliente'

27-11-2024T13:26:59 - [MESSAGE][PASSED] - Text '47190321' is set on object 'Object Repository/Login/Page_Olva Courier  Datos Personales/input_CARN EXT. (Boleta)_txt_documento_cliente'

27-11-2024T13:26:59 - [TEST_STEP][PASSED] - setText(findTestObject("Object Repository/Login/Page_Olva Courier  Datos Personales/input_CARN EXT. (Boleta)_txt_telefono_cliente"), "957378086"): Text '957378086' is set on object 'Object Repository/Login/Page_Olva Courier  Datos Personales/input_CARN EXT. (Boleta)_txt_telefono_cliente'

27-11-2024T13:27:05 - [MESSAGE][PASSED] - Text '957378086' is set on object 'Object Repository/Login/Page_Olva Courier  Datos Personales/input_CARN EXT. (Boleta)_txt_telefono_cliente'

27-11-2024T13:27:05 - [TEST_STEP][PASSED] - setText(findTestObject("Object Repository/Login/Page_Olva Courier  Datos Personales/input_Hola,_txt_email_cliente"), "riosalejosjs@gmail.com"): Text 'riosalejosjs@gmail.com' is set on object 'Object Repository/Login/Page_Olva Courier  Datos Personales/input_Hola,_txt_email_cliente'

27-11-2024T13:27:05 - [MESSAGE][PASSED] - Text 'riosalejosjs@gmail.com' is set on object 'Object Repository/Login/Page_Olva Courier  Datos Personales/input_Hola,_txt_email_cliente'

27-11-2024T13:27:05 - [MESSAGE][PASSED] - Call Test Case 'Test Cases/1.Inicio/1.2Tipo_Doc/1.DNI' successfully

27-11-2024T13:27:05 - [TEST_STEP][FAILED] - setText(findTestObject("Object Repository/sobre/Page_Olva Courier  Datos Personales/input_Qu Envas_input_descripcion"), "PRUEBAS SOBRE"): Unable to set text 'PRUEBAS SOBRE' of object 'Object Repository/sobre/Page_Olva Courier  Datos Personales/input_Qu Envas_input_descripcion' (Root cause: com.kms.katalon.core.exception.StepFailedException: Unable to set text 'PRUEBAS SOBRE' of object 'Object Repository/sobre/Page_Olva Courier  Datos Personales/input_Qu Envas_input_descripcion'
	at com.kms.katalon.core.webui.keyword.internal.WebUIKeywordMain.stepFailed(WebUIKeywordMain.groovy:117)
	at com.kms.katalon.core.webui.keyword.internal.WebUIKeywordMain.runKeyword(WebUIKeywordMain.groovy:43)
	at com.kms.katalon.core.webui.keyword.builtin.SetTextKeyword.setText(SetTextKeyword.groovy:85)
	at com.kms.katalon.core.webui.keyword.builtin.SetTextKeyword.execute(SetTextKeyword.groovy:39)
	at com.kms.katalon.core.keyword.internal.KeywordExecutor.executeKeywordForPlatform(KeywordExecutor.groovy:74)
	at com.kms.katalon.core.webui.keyword.WebUiBuiltInKeywords.setText(WebUiBuiltInKeywords.groovy:1019)
	at Destino-O.run(Destino-O:26)
	at com.kms.katalon.core.main.ScriptEngine.run(ScriptEngine.java:194)
	at com.kms.katalon.core.main.ScriptEngine.runScriptAsRawText(ScriptEngine.java:119)
	at com.kms.katalon.core.main.TestCaseExecutor.runScript(TestCaseExecutor.java:448)
	at com.kms.katalon.core.main.TestCaseExecutor.doExecute(TestCaseExecutor.java:439)
	at com.kms.katalon.core.main.TestCaseExecutor.processExecutionPhase(TestCaseExecutor.java:418)
	at com.kms.katalon.core.main.TestCaseExecutor.accessMainPhase(TestCaseExecutor.java:410)
	at com.kms.katalon.core.main.TestCaseExecutor.execute(TestCaseExecutor.java:285)
	at com.kms.katalon.core.common.CommonExecutor.accessTestCaseMainPhase(CommonExecutor.java:65)
	at com.kms.katalon.core.main.TestSuiteExecutor.accessTestSuiteMainPhase(TestSuiteExecutor.java:150)
	at com.kms.katalon.core.main.TestSuiteExecutor.execute(TestSuiteExecutor.java:106)
	at com.kms.katalon.core.main.TestCaseMain.startTestSuite(TestCaseMain.java:180)
	at TempTestSuite1732729948317.run(TempTestSuite1732729948317.groovy:35)
	at java.base/jdk.internal.reflect.NativeMethodAccessorImpl.invoke0(Native Method)
	at java.base/jdk.internal.reflect.NativeMethodAccessorImpl.invoke(NativeMethodAccessorImpl.java:77)
	at java.base/jdk.internal.reflect.DelegatingMethodAccessorImpl.invoke(DelegatingMethodAccessorImpl.java:43)
Caused by: org.openqa.selenium.ElementNotInteractableException: Element <input id="input_descripcion" class="f1-first-name form-control msg_alert_tt inputRE" name="input_descripcion" type="text"> could not be scrolled into view
Build info: version: '3.141.59', revision: 'unknown', time: 'unknown'
System info: host: 'DESKTOP-RGFFP9A', ip: '10.136.10.6', os.name: 'Windows 11', os.arch: 'amd64', os.version: '10.0', java.version: '17.0.7'
Driver info: com.kms.katalon.core.webui.driver.firefox.CGeckoDriver
Capabilities {acceptInsecureCerts: true, browserName: firefox, browserVersion: 133.0, javascriptEnabled: true, moz:accessibilityChecks: false, moz:buildID: 20241121140525, moz:geckodriverVersion: 0.35.0, moz:headless: false, moz:platformVersion: 10.0, moz:processID: 856, moz:profile: C:\Users\OLVATI\AppData\Loc..., moz:shutdownTimeout: 60000, moz:webdriverClick: true, moz:windowless: false, pageLoadStrategy: normal, platform: WINDOWS, platformName: WINDOWS, proxy: Proxy(direct), setWindowRect: true, strictFileInteractability: false, timeouts: {implicit: 0, pageLoad: 300000, script: 30000}, unhandledPromptBehavior: dismiss and notify, userAgent: Mozilla/5.0 (Windows NT 10....}
Session ID: f5964213-67e4-4128-a40e-f49cabc403a1
	at java.base/jdk.internal.reflect.NativeConstructorAccessorImpl.newInstance0(Native Method)
	at java.base/jdk.internal.reflect.NativeConstructorAccessorImpl.newInstance(NativeConstructorAccessorImpl.java:77)
	at java.base/jdk.internal.reflect.DelegatingConstructorAccessorImpl.newInstance(DelegatingConstructorAccessorImpl.java:45)
	at org.openqa.selenium.remote.http.W3CHttpResponseCodec.createException(W3CHttpResponseCodec.java:187)
	at org.openqa.selenium.remote.http.W3CHttpResponseCodec.decode(W3CHttpResponseCodec.java:122)
	at org.openqa.selenium.remote.http.W3CHttpResponseCodec.decode(W3CHttpResponseCodec.java:49)
	at org.openqa.selenium.remote.HttpCommandExecutor.execute(HttpCommandExecutor.java:158)
	at org.openqa.selenium.remote.service.DriverCommandExecutor.execute(DriverCommandExecutor.java:83)
	at org.openqa.selenium.remote.RemoteWebDriver.execute(RemoteWebDriver.java:552)
	at com.kms.katalon.selenium.driver.CFirefoxDriver.execute(CFirefoxDriver.java:28)
	at org.openqa.selenium.remote.RemoteWebElement.execute(RemoteWebElement.java:285)
	at org.openqa.selenium.remote.RemoteWebElement.clear(RemoteWebElement.java:124)
	at jdk.internal.reflect.GeneratedMethodAccessor17.invoke(Unknown Source)
	at java.base/jdk.internal.reflect.DelegatingMethodAccessorImpl.invoke(DelegatingMethodAccessorImpl.java:43)
	at org.openqa.selenium.support.events.EventFiringWebDriver$EventFiringWebElement.lambda$new$0(EventFiringWebDriver.java:404)
	at jdk.proxy2/jdk.proxy2.$Proxy21.clear(Unknown Source)
	at org.openqa.selenium.support.events.EventFiringWebDriver$EventFiringWebElement.clear(EventFiringWebDriver.java:436)
	at com.kms.katalon.core.webui.keyword.builtin.SetTextKeyword$_setText_closure1.doCall(SetTextKeyword.groovy:55)
	at com.kms.katalon.core.webui.keyword.builtin.SetTextKeyword$_setText_closure1.call(SetTextKeyword.groovy)
	at com.kms.katalon.core.webui.keyword.internal.WebUIKeywordMain.runKeyword(WebUIKeywordMain.groovy:35)
	at com.kms.katalon.core.webui.keyword.builtin.SetTextKeyword.setText(SetTextKeyword.groovy:85)
	at com.kms.katalon.core.webui.keyword.builtin.SetTextKeyword.execute(SetTextKeyword.groovy:39)
	at com.kms.katalon.core.keyword.internal.KeywordExecutor.executeKeywordForPlatform(KeywordExecutor.groovy:74)
	at com.kms.katalon.core.webui.keyword.WebUiBuiltInKeywords.setText(WebUiBuiltInKeywords.groovy:1019)
	at Script1732341473634.run(Script1732341473634.groovy:26)
	... 15 more
)

27-11-2024T13:27:05 - [MESSAGE][FAILED] - Unable to set text 'PRUEBAS SOBRE' of object 'Object Repository/sobre/Page_Olva Courier  Datos Personales/input_Qu Envas_input_descripcion' (Root cause: com.kms.katalon.core.exception.StepFailedException: Unable to set text 'PRUEBAS SOBRE' of object 'Object Repository/sobre/Page_Olva Courier  Datos Personales/input_Qu Envas_input_descripcion'
	at com.kms.katalon.core.webui.keyword.internal.WebUIKeywordMain.stepFailed(WebUIKeywordMain.groovy:117)
	at com.kms.katalon.core.webui.keyword.internal.WebUIKeywordMain.runKeyword(WebUIKeywordMain.groovy:43)
	at com.kms.katalon.core.webui.keyword.builtin.SetTextKeyword.setText(SetTextKeyword.groovy:85)
	at com.kms.katalon.core.webui.keyword.builtin.SetTextKeyword.execute(SetTextKeyword.groovy:39)
	at com.kms.katalon.core.keyword.internal.KeywordExecutor.executeKeywordForPlatform(KeywordExecutor.groovy:74)
	at com.kms.katalon.core.webui.keyword.WebUiBuiltInKeywords.setText(WebUiBuiltInKeywords.groovy:1019)
	at Destino-O.run(Destino-O:26)
	at com.kms.katalon.core.main.ScriptEngine.run(ScriptEngine.java:194)
	at com.kms.katalon.core.main.ScriptEngine.runScriptAsRawText(ScriptEngine.java:119)
	at com.kms.katalon.core.main.TestCaseExecutor.runScript(TestCaseExecutor.java:448)
	at com.kms.katalon.core.main.TestCaseExecutor.doExecute(TestCaseExecutor.java:439)
	at com.kms.katalon.core.main.TestCaseExecutor.processExecutionPhase(TestCaseExecutor.java:418)
	at com.kms.katalon.core.main.TestCaseExecutor.accessMainPhase(TestCaseExecutor.java:410)
	at com.kms.katalon.core.main.TestCaseExecutor.execute(TestCaseExecutor.java:285)
	at com.kms.katalon.core.common.CommonExecutor.accessTestCaseMainPhase(CommonExecutor.java:65)
	at com.kms.katalon.core.main.TestSuiteExecutor.accessTestSuiteMainPhase(TestSuiteExecutor.java:150)
	at com.kms.katalon.core.main.TestSuiteExecutor.execute(TestSuiteExecutor.java:106)
	at com.kms.katalon.core.main.TestCaseMain.startTestSuite(TestCaseMain.java:180)
	at TempTestSuite1732729948317.run(TempTestSuite1732729948317.groovy:35)
	at java.base/jdk.internal.reflect.NativeMethodAccessorImpl.invoke0(Native Method)
	at java.base/jdk.internal.reflect.NativeMethodAccessorImpl.invoke(NativeMethodAccessorImpl.java:77)
	at java.base/jdk.internal.reflect.DelegatingMethodAccessorImpl.invoke(DelegatingMethodAccessorImpl.java:43)
Caused by: org.openqa.selenium.ElementNotInteractableException: Element <input id="input_descripcion" class="f1-first-name form-control msg_alert_tt inputRE" name="input_descripcion" type="text"> could not be scrolled into view
Build info: version: '3.141.59', revision: 'unknown', time: 'unknown'
System info: host: 'DESKTOP-RGFFP9A', ip: '10.136.10.6', os.name: 'Windows 11', os.arch: 'amd64', os.version: '10.0', java.version: '17.0.7'
Driver info: com.kms.katalon.core.webui.driver.firefox.CGeckoDriver
Capabilities {acceptInsecureCerts: true, browserName: firefox, browserVersion: 133.0, javascriptEnabled: true, moz:accessibilityChecks: false, moz:buildID: 20241121140525, moz:geckodriverVersion: 0.35.0, moz:headless: false, moz:platformVersion: 10.0, moz:processID: 856, moz:profile: C:\Users\OLVATI\AppData\Loc..., moz:shutdownTimeout: 60000, moz:webdriverClick: true, moz:windowless: false, pageLoadStrategy: normal, platform: WINDOWS, platformName: WINDOWS, proxy: Proxy(direct), setWindowRect: true, strictFileInteractability: false, timeouts: {implicit: 0, pageLoad: 300000, script: 30000}, unhandledPromptBehavior: dismiss and notify, userAgent: Mozilla/5.0 (Windows NT 10....}
Session ID: f5964213-67e4-4128-a40e-f49cabc403a1
	at java.base/jdk.internal.reflect.NativeConstructorAccessorImpl.newInstance0(Native Method)
	at java.base/jdk.internal.reflect.NativeConstructorAccessorImpl.newInstance(NativeConstructorAccessorImpl.java:77)
	at java.base/jdk.internal.reflect.DelegatingConstructorAccessorImpl.newInstance(DelegatingConstructorAccessorImpl.java:45)
	at org.openqa.selenium.remote.http.W3CHttpResponseCodec.createException(W3CHttpResponseCodec.java:187)
	at org.openqa.selenium.remote.http.W3CHttpResponseCodec.decode(W3CHttpResponseCodec.java:122)
	at org.openqa.selenium.remote.http.W3CHttpResponseCodec.decode(W3CHttpResponseCodec.java:49)
	at org.openqa.selenium.remote.HttpCommandExecutor.execute(HttpCommandExecutor.java:158)
	at org.openqa.selenium.remote.service.DriverCommandExecutor.execute(DriverCommandExecutor.java:83)
	at org.openqa.selenium.remote.RemoteWebDriver.execute(RemoteWebDriver.java:552)
	at com.kms.katalon.selenium.driver.CFirefoxDriver.execute(CFirefoxDriver.java:28)
	at org.openqa.selenium.remote.RemoteWebElement.execute(RemoteWebElement.java:285)
	at org.openqa.selenium.remote.RemoteWebElement.clear(RemoteWebElement.java:124)
	at jdk.internal.reflect.GeneratedMethodAccessor17.invoke(Unknown Source)
	at java.base/jdk.internal.reflect.DelegatingMethodAccessorImpl.invoke(DelegatingMethodAccessorImpl.java:43)
	at org.openqa.selenium.support.events.EventFiringWebDriver$EventFiringWebElement.lambda$new$0(EventFiringWebDriver.java:404)
	at jdk.proxy2/jdk.proxy2.$Proxy21.clear(Unknown Source)
	at org.openqa.selenium.support.events.EventFiringWebDriver$EventFiringWebElement.clear(EventFiringWebDriver.java:436)
	at com.kms.katalon.core.webui.keyword.builtin.SetTextKeyword$_setText_closure1.doCall(SetTextKeyword.groovy:55)
	at com.kms.katalon.core.webui.keyword.builtin.SetTextKeyword$_setText_closure1.call(SetTextKeyword.groovy)
	at com.kms.katalon.core.webui.keyword.internal.WebUIKeywordMain.runKeyword(WebUIKeywordMain.groovy:35)
	at com.kms.katalon.core.webui.keyword.builtin.SetTextKeyword.setText(SetTextKeyword.groovy:85)
	at com.kms.katalon.core.webui.keyword.builtin.SetTextKeyword.execute(SetTextKeyword.groovy:39)
	at com.kms.katalon.core.keyword.internal.KeywordExecutor.executeKeywordForPlatform(KeywordExecutor.groovy:74)
	at com.kms.katalon.core.webui.keyword.WebUiBuiltInKeywords.setText(WebUiBuiltInKeywords.groovy:1019)
	at Script1732341473634.run(Script1732341473634.groovy:26)
	... 15 more
)]]></system-out>
         <system-err><![CDATA[27-11-2024T13:26:46 - [TEST_CASE][FAILED] - Test Cases/2.Positivos/2.2Sobre/Origen-Provincia/3.Destino-D,DO,O/Destino-O: Test Cases/2.Positivos/2.2Sobre/Origen-Provincia/3.Destino-D,DO,O/Destino-O FAILED.
Reason:
com.kms.katalon.core.exception.StepFailedException: Unable to set text 'PRUEBAS SOBRE' of object 'Object Repository/sobre/Page_Olva Courier  Datos Personales/input_Qu Envas_input_descripcion'
	at com.kms.katalon.core.webui.keyword.internal.WebUIKeywordMain.stepFailed(WebUIKeywordMain.groovy:117)
	at com.kms.katalon.core.webui.keyword.internal.WebUIKeywordMain.runKeyword(WebUIKeywordMain.groovy:43)
	at com.kms.katalon.core.webui.keyword.builtin.SetTextKeyword.setText(SetTextKeyword.groovy:85)
	at com.kms.katalon.core.webui.keyword.builtin.SetTextKeyword.execute(SetTextKeyword.groovy:39)
	at com.kms.katalon.core.keyword.internal.KeywordExecutor.executeKeywordForPlatform(KeywordExecutor.groovy:74)
	at com.kms.katalon.core.webui.keyword.WebUiBuiltInKeywords.setText(WebUiBuiltInKeywords.groovy:1019)
	at Destino-O.run(Destino-O:26)
	at com.kms.katalon.core.main.ScriptEngine.run(ScriptEngine.java:194)
	at com.kms.katalon.core.main.ScriptEngine.runScriptAsRawText(ScriptEngine.java:119)
	at com.kms.katalon.core.main.TestCaseExecutor.runScript(TestCaseExecutor.java:448)
	at com.kms.katalon.core.main.TestCaseExecutor.doExecute(TestCaseExecutor.java:439)
	at com.kms.katalon.core.main.TestCaseExecutor.processExecutionPhase(TestCaseExecutor.java:418)
	at com.kms.katalon.core.main.TestCaseExecutor.accessMainPhase(TestCaseExecutor.java:410)
	at com.kms.katalon.core.main.TestCaseExecutor.execute(TestCaseExecutor.java:285)
	at com.kms.katalon.core.common.CommonExecutor.accessTestCaseMainPhase(CommonExecutor.java:65)
	at com.kms.katalon.core.main.TestSuiteExecutor.accessTestSuiteMainPhase(TestSuiteExecutor.java:150)
	at com.kms.katalon.core.main.TestSuiteExecutor.execute(TestSuiteExecutor.java:106)
	at com.kms.katalon.core.main.TestCaseMain.startTestSuite(TestCaseMain.java:180)
	at TempTestSuite1732729948317.run(TempTestSuite1732729948317.groovy:35)
	at java.base/jdk.internal.reflect.NativeMethodAccessorImpl.invoke0(Native Method)
	at java.base/jdk.internal.reflect.NativeMethodAccessorImpl.invoke(NativeMethodAccessorImpl.java:77)
	at java.base/jdk.internal.reflect.DelegatingMethodAccessorImpl.invoke(DelegatingMethodAccessorImpl.java:43)
Caused by: org.openqa.selenium.ElementNotInteractableException: Element <input id="input_descripcion" class="f1-first-name form-control msg_alert_tt inputRE" name="input_descripcion" type="text"> could not be scrolled into view
Build info: version: '3.141.59', revision: 'unknown', time: 'unknown'
System info: host: 'DESKTOP-RGFFP9A', ip: '10.136.10.6', os.name: 'Windows 11', os.arch: 'amd64', os.version: '10.0', java.version: '17.0.7'
Driver info: com.kms.katalon.core.webui.driver.firefox.CGeckoDriver
Capabilities {acceptInsecureCerts: true, browserName: firefox, browserVersion: 133.0, javascriptEnabled: true, moz:accessibilityChecks: false, moz:buildID: 20241121140525, moz:geckodriverVersion: 0.35.0, moz:headless: false, moz:platformVersion: 10.0, moz:processID: 856, moz:profile: C:\Users\OLVATI\AppData\Loc..., moz:shutdownTimeout: 60000, moz:webdriverClick: true, moz:windowless: false, pageLoadStrategy: normal, platform: WINDOWS, platformName: WINDOWS, proxy: Proxy(direct), setWindowRect: true, strictFileInteractability: false, timeouts: {implicit: 0, pageLoad: 300000, script: 30000}, unhandledPromptBehavior: dismiss and notify, userAgent: Mozilla/5.0 (Windows NT 10....}
Session ID: f5964213-67e4-4128-a40e-f49cabc403a1
	at java.base/jdk.internal.reflect.NativeConstructorAccessorImpl.newInstance0(Native Method)
	at java.base/jdk.internal.reflect.NativeConstructorAccessorImpl.newInstance(NativeConstructorAccessorImpl.java:77)
	at java.base/jdk.internal.reflect.DelegatingConstructorAccessorImpl.newInstance(DelegatingConstructorAccessorImpl.java:45)
	at org.openqa.selenium.remote.http.W3CHttpResponseCodec.createException(W3CHttpResponseCodec.java:187)
	at org.openqa.selenium.remote.http.W3CHttpResponseCodec.decode(W3CHttpResponseCodec.java:122)
	at org.openqa.selenium.remote.http.W3CHttpResponseCodec.decode(W3CHttpResponseCodec.java:49)
	at org.openqa.selenium.remote.HttpCommandExecutor.execute(HttpCommandExecutor.java:158)
	at org.openqa.selenium.remote.service.DriverCommandExecutor.execute(DriverCommandExecutor.java:83)
	at org.openqa.selenium.remote.RemoteWebDriver.execute(RemoteWebDriver.java:552)
	at com.kms.katalon.selenium.driver.CFirefoxDriver.execute(CFirefoxDriver.java:28)
	at org.openqa.selenium.remote.RemoteWebElement.execute(RemoteWebElement.java:285)
	at org.openqa.selenium.remote.RemoteWebElement.clear(RemoteWebElement.java:124)
	at jdk.internal.reflect.GeneratedMethodAccessor17.invoke(Unknown Source)
	at java.base/jdk.internal.reflect.DelegatingMethodAccessorImpl.invoke(DelegatingMethodAccessorImpl.java:43)
	at org.openqa.selenium.support.events.EventFiringWebDriver$EventFiringWebElement.lambda$new$0(EventFiringWebDriver.java:404)
	at jdk.proxy2/jdk.proxy2.$Proxy21.clear(Unknown Source)
	at org.openqa.selenium.support.events.EventFiringWebDriver$EventFiringWebElement.clear(EventFiringWebDriver.java:436)
	at com.kms.katalon.core.webui.keyword.builtin.SetTextKeyword$_setText_closure1.doCall(SetTextKeyword.groovy:55)
	at com.kms.katalon.core.webui.keyword.builtin.SetTextKeyword$_setText_closure1.call(SetTextKeyword.groovy)
	at com.kms.katalon.core.webui.keyword.internal.WebUIKeywordMain.runKeyword(WebUIKeywordMain.groovy:35)
	... 20 more]]></system-err>
      </testcase>
      <testcase name="Test Cases/2.Positivos/2.2Sobre/Origen-Provincia/3.Destino-D,DO,O/Destino-DO" time="40.93" classname="Test Cases/2.Positivos/2.2Sobre/Origen-Provincia/3.Destino-D,DO,O/Destino-DO" status="FAILED">
         <failure type="FAILED" message="Test Cases/2.Positivos/2.2Sobre/Origen-Provincia/3.Destino-D,DO,O/Destino-DO FAILED.&#xa;Reason:&#xa;com.kms.katalon.core.exception.StepFailedException: Call Test Case 'Test Cases/1.Inicio/1.1Principal/Selec_sobre' failed&#xa;	at com.kms.katalon.core.keyword.builtin.CallTestCaseKeyword$_callTestCase_closure1.doCall(CallTestCaseKeyword.groovy:63)&#xa;	at com.kms.katalon.core.keyword.builtin.CallTestCaseKeyword$_callTestCase_closure1.call(CallTestCaseKeyword.groovy)&#xa;	at com.kms.katalon.core.keyword.internal.KeywordMain.runKeyword(KeywordMain.groovy:75)&#xa;	at com.kms.katalon.core.keyword.builtin.CallTestCaseKeyword.callTestCase(CallTestCaseKeyword.groovy:81)&#xa;	at com.kms.katalon.core.keyword.builtin.CallTestCaseKeyword.execute(CallTestCaseKeyword.groovy:44)&#xa;	at com.kms.katalon.core.keyword.internal.KeywordExecutor.executeKeywordForPlatform(KeywordExecutor.groovy:74)&#xa;	at com.kms.katalon.core.keyword.BuiltinKeywords.callTestCase(BuiltinKeywords.groovy:310)&#xa;	at jdk.internal.reflect.GeneratedMethodAccessor25.invoke(Unknown Source)&#xa;	at java.base/jdk.internal.reflect.DelegatingMethodAccessorImpl.invoke(DelegatingMethodAccessorImpl.java:43)&#xa;	at Destino-DO.run(Destino-DO:22)&#xa;	at com.kms.katalon.core.main.ScriptEngine.run(ScriptEngine.java:194)&#xa;	at com.kms.katalon.core.main.ScriptEngine.runScriptAsRawText(ScriptEngine.java:119)&#xa;	at com.kms.katalon.core.main.TestCaseExecutor.runScript(TestCaseExecutor.java:448)&#xa;	at com.kms.katalon.core.main.TestCaseExecutor.doExecute(TestCaseExecutor.java:439)&#xa;	at com.kms.katalon.core.main.TestCaseExecutor.processExecutionPhase(TestCaseExecutor.java:418)&#xa;	at com.kms.katalon.core.main.TestCaseExecutor.accessMainPhase(TestCaseExecutor.java:410)&#xa;	at com.kms.katalon.core.main.TestCaseExecutor.execute(TestCaseExecutor.java:285)&#xa;	at com.kms.katalon.core.common.CommonExecutor.accessTestCaseMainPhase(CommonExecutor.java:65)&#xa;	at com.kms.katalon.core.main.TestSuiteExecutor.accessTestSuiteMainPhase(TestSuiteExecutor.java:150)&#xa;	at com.kms.katalon.core.main.TestSuiteExecutor.execute(TestSuiteExecutor.java:106)&#xa;	at com.kms.katalon.core.main.TestCaseMain.startTestSuite(TestCaseMain.java:180)&#xa;	at TempTestSuite1732729948317.run(TempTestSuite1732729948317.groovy:35)&#xa;	at java.base/jdk.internal.reflect.NativeMethodAccessorImpl.invoke0(Native Method)&#xa;	at java.base/jdk.internal.reflect.NativeMethodAccessorImpl.invoke(NativeMethodAccessorImpl.java:77)&#xa;	at java.base/jdk.internal.reflect.DelegatingMethodAccessorImpl.invoke(DelegatingMethodAccessorImpl.java:43)&#xa;Caused by: com.kms.katalon.core.exception.StepFailedException: Unable to click on object 'Object Repository/Principal/Page_Olva Courier  Home/button_CONTINUAR (2)'&#xa;	at com.kms.katalon.core.webui.keyword.internal.WebUIKeywordMain.stepFailed(WebUIKeywordMain.groovy:117)&#xa;	at com.kms.katalon.core.webui.keyword.internal.WebUIKeywordMain.runKeyword(WebUIKeywordMain.groovy:43)&#xa;	at com.kms.katalon.core.webui.keyword.builtin.ClickKeyword.click(ClickKeyword.groovy:74)&#xa;	at com.kms.katalon.core.webui.keyword.builtin.ClickKeyword.execute(ClickKeyword.groovy:40)&#xa;	at com.kms.katalon.core.keyword.internal.KeywordExecutor.executeKeywordForPlatform(KeywordExecutor.groovy:74)&#xa;	at com.kms.katalon.core.webui.keyword.WebUiBuiltInKeywords.click(WebUiBuiltInKeywords.groovy:659)&#xa;	at Selec_sobre.run(Selec_sobre:24)&#xa;	at com.kms.katalon.core.main.ScriptEngine.run(ScriptEngine.java:194)&#xa;	at com.kms.katalon.core.main.ScriptEngine.runScriptAsRawText(ScriptEngine.java:119)&#xa;	at com.kms.katalon.core.main.TestCaseExecutor.runScript(TestCaseExecutor.java:448)&#xa;	at com.kms.katalon.core.main.TestCaseExecutor.doExecute(TestCaseExecutor.java:439)&#xa;	at com.kms.katalon.core.main.TestCaseExecutor.processExecutionPhase(TestCaseExecutor.java:418)&#xa;	at com.kms.katalon.core.main.TestCaseExecutor.accessMainPhase(TestCaseExecutor.java:410)&#xa;	at com.kms.katalon.core.main.TestCaseExecutor.execute(TestCaseExecutor.java:285)&#xa;	at com.kms.katalon.core.main.TestCaseMain.runTestCase(TestCaseMain.java:137)&#xa;	at com.kms.katalon.core.keyword.builtin.CallTestCaseKeyword$_callTestCase_closure1.doCall(CallTestCaseKeyword.groovy:59)&#xa;	... 24 more&#xa;Caused by: org.openqa.selenium.ElementClickInterceptedException: Element &lt;button id=&quot;btn_aceptar_tipo_envio&quot; class=&quot;btn disabled&quot; type=&quot;button&quot;> is not clickable at point (675,588) because another element &lt;div class=&quot;modal-footer&quot;> obscures it&#xa;Build info: version: '3.141.59', revision: 'unknown', time: 'unknown'&#xa;System info: host: 'DESKTOP-RGFFP9A', ip: '10.136.10.6', os.name: 'Windows 11', os.arch: 'amd64', os.version: '10.0', java.version: '17.0.7'&#xa;Driver info: com.kms.katalon.core.webui.driver.firefox.CGeckoDriver&#xa;Capabilities {acceptInsecureCerts: true, browserName: firefox, browserVersion: 133.0, javascriptEnabled: true, moz:accessibilityChecks: false, moz:buildID: 20241121140525, moz:geckodriverVersion: 0.35.0, moz:headless: false, moz:platformVersion: 10.0, moz:processID: 6392, moz:profile: C:\Users\OLVATI\AppData\Loc..., moz:shutdownTimeout: 60000, moz:webdriverClick: true, moz:windowless: false, pageLoadStrategy: normal, platform: WINDOWS, platformName: WINDOWS, proxy: Proxy(direct), setWindowRect: true, strictFileInteractability: false, timeouts: {implicit: 0, pageLoad: 300000, script: 30000}, unhandledPromptBehavior: dismiss and notify, userAgent: Mozilla/5.0 (Windows NT 10....}&#xa;Session ID: c85eb618-b86a-421f-b389-a488d318fea6&#xa;	at jdk.internal.reflect.GeneratedConstructorAccessor32.newInstance(Unknown Source)&#xa;	at java.base/jdk.internal.reflect.DelegatingConstructorAccessorImpl.newInstance(DelegatingConstructorAccessorImpl.java:45)&#xa;	at org.openqa.selenium.remote.http.W3CHttpResponseCodec.createException(W3CHttpResponseCodec.java:187)&#xa;	at org.openqa.selenium.remote.http.W3CHttpResponseCodec.decode(W3CHttpResponseCodec.java:122)&#xa;	at org.openqa.selenium.remote.http.W3CHttpResponseCodec.decode(W3CHttpResponseCodec.java:49)&#xa;	at org.openqa.selenium.remote.HttpCommandExecutor.execute(HttpCommandExecutor.java:158)&#xa;	at org.openqa.selenium.remote.service.DriverCommandExecutor.execute(DriverCommandExecutor.java:83)&#xa;	at org.openqa.selenium.remote.RemoteWebDriver.execute(RemoteWebDriver.java:552)&#xa;	at com.kms.katalon.selenium.driver.CFirefoxDriver.execute(CFirefoxDriver.java:28)&#xa;	at org.openqa.selenium.remote.RemoteWebElement.execute(RemoteWebElement.java:285)&#xa;	at org.openqa.selenium.remote.RemoteWebElement.click(RemoteWebElement.java:84)&#xa;	at jdk.internal.reflect.GeneratedMethodAccessor10.invoke(Unknown Source)&#xa;	at java.base/jdk.internal.reflect.DelegatingMethodAccessorImpl.invoke(DelegatingMethodAccessorImpl.java:43)&#xa;	at org.openqa.selenium.support.events.EventFiringWebDriver$EventFiringWebElement.lambda$new$0(EventFiringWebDriver.java:404)&#xa;	at jdk.proxy2/jdk.proxy2.$Proxy21.click(Unknown Source)&#xa;	at org.openqa.selenium.support.events.EventFiringWebDriver$EventFiringWebElement.click(EventFiringWebDriver.java:417)&#xa;	at org.openqa.selenium.WebElement$click.call(Unknown Source)&#xa;	at com.kms.katalon.core.webui.keyword.builtin.ClickKeyword.clickUntilSuccessWithTimeout(ClickKeyword.groovy:81)&#xa;	at com.kms.katalon.core.webui.keyword.builtin.ClickKeyword.clickUntilSuccessWithTimeout(ClickKeyword.groovy)&#xa;	at jdk.internal.reflect.GeneratedMethodAccessor8.invoke(Unknown Source)&#xa;	at java.base/jdk.internal.reflect.DelegatingMethodAccessorImpl.invoke(DelegatingMethodAccessorImpl.java:43)&#xa;	at com.kms.katalon.core.webui.keyword.builtin.ClickKeyword$_click_closure1.doCall(ClickKeyword.groovy:67)&#xa;	at com.kms.katalon.core.webui.keyword.builtin.ClickKeyword$_click_closure1.call(ClickKeyword.groovy)&#xa;	at com.kms.katalon.core.webui.keyword.internal.WebUIKeywordMain.runKeyword(WebUIKeywordMain.groovy:35)&#xa;	... 38 more&#xa;"/>
         <system-out><![CDATA[27-11-2024T13:27:05 - [TEST_CASE][FAILED] - Test Cases/2.Positivos/2.2Sobre/Origen-Provincia/3.Destino-D,DO,O/Destino-DO: Test Cases/2.Positivos/2.2Sobre/Origen-Provincia/3.Destino-D,DO,O/Destino-DO FAILED.
Reason:
com.kms.katalon.core.exception.StepFailedException: Call Test Case 'Test Cases/1.Inicio/1.1Principal/Selec_sobre' failed
	at com.kms.katalon.core.keyword.builtin.CallTestCaseKeyword$_callTestCase_closure1.doCall(CallTestCaseKeyword.groovy:63)
	at com.kms.katalon.core.keyword.builtin.CallTestCaseKeyword$_callTestCase_closure1.call(CallTestCaseKeyword.groovy)
	at com.kms.katalon.core.keyword.internal.KeywordMain.runKeyword(KeywordMain.groovy:75)
	at com.kms.katalon.core.keyword.builtin.CallTestCaseKeyword.callTestCase(CallTestCaseKeyword.groovy:81)
	at com.kms.katalon.core.keyword.builtin.CallTestCaseKeyword.execute(CallTestCaseKeyword.groovy:44)
	at com.kms.katalon.core.keyword.internal.KeywordExecutor.executeKeywordForPlatform(KeywordExecutor.groovy:74)
	at com.kms.katalon.core.keyword.BuiltinKeywords.callTestCase(BuiltinKeywords.groovy:310)
	at jdk.internal.reflect.GeneratedMethodAccessor25.invoke(Unknown Source)
	at java.base/jdk.internal.reflect.DelegatingMethodAccessorImpl.invoke(DelegatingMethodAccessorImpl.java:43)
	at Destino-DO.run(Destino-DO:22)
	at com.kms.katalon.core.main.ScriptEngine.run(ScriptEngine.java:194)
	at com.kms.katalon.core.main.ScriptEngine.runScriptAsRawText(ScriptEngine.java:119)
	at com.kms.katalon.core.main.TestCaseExecutor.runScript(TestCaseExecutor.java:448)
	at com.kms.katalon.core.main.TestCaseExecutor.doExecute(TestCaseExecutor.java:439)
	at com.kms.katalon.core.main.TestCaseExecutor.processExecutionPhase(TestCaseExecutor.java:418)
	at com.kms.katalon.core.main.TestCaseExecutor.accessMainPhase(TestCaseExecutor.java:410)
	at com.kms.katalon.core.main.TestCaseExecutor.execute(TestCaseExecutor.java:285)
	at com.kms.katalon.core.common.CommonExecutor.accessTestCaseMainPhase(CommonExecutor.java:65)
	at com.kms.katalon.core.main.TestSuiteExecutor.accessTestSuiteMainPhase(TestSuiteExecutor.java:150)
	at com.kms.katalon.core.main.TestSuiteExecutor.execute(TestSuiteExecutor.java:106)
	at com.kms.katalon.core.main.TestCaseMain.startTestSuite(TestCaseMain.java:180)
	at TempTestSuite1732729948317.run(TempTestSuite1732729948317.groovy:35)
	at java.base/jdk.internal.reflect.NativeMethodAccessorImpl.invoke0(Native Method)
	at java.base/jdk.internal.reflect.NativeMethodAccessorImpl.invoke(NativeMethodAccessorImpl.java:77)
	at java.base/jdk.internal.reflect.DelegatingMethodAccessorImpl.invoke(DelegatingMethodAccessorImpl.java:43)
Caused by: com.kms.katalon.core.exception.StepFailedException: Unable to click on object 'Object Repository/Principal/Page_Olva Courier  Home/button_CONTINUAR (2)'
	at com.kms.katalon.core.webui.keyword.internal.WebUIKeywordMain.stepFailed(WebUIKeywordMain.groovy:117)
	at com.kms.katalon.core.webui.keyword.internal.WebUIKeywordMain.runKeyword(WebUIKeywordMain.groovy:43)
	at com.kms.katalon.core.webui.keyword.builtin.ClickKeyword.click(ClickKeyword.groovy:74)
	at com.kms.katalon.core.webui.keyword.builtin.ClickKeyword.execute(ClickKeyword.groovy:40)
	at com.kms.katalon.core.keyword.internal.KeywordExecutor.executeKeywordForPlatform(KeywordExecutor.groovy:74)
	at com.kms.katalon.core.webui.keyword.WebUiBuiltInKeywords.click(WebUiBuiltInKeywords.groovy:659)
	at Selec_sobre.run(Selec_sobre:24)
	at com.kms.katalon.core.main.ScriptEngine.run(ScriptEngine.java:194)
	at com.kms.katalon.core.main.ScriptEngine.runScriptAsRawText(ScriptEngine.java:119)
	at com.kms.katalon.core.main.TestCaseExecutor.runScript(TestCaseExecutor.java:448)
	at com.kms.katalon.core.main.TestCaseExecutor.doExecute(TestCaseExecutor.java:439)
	at com.kms.katalon.core.main.TestCaseExecutor.processExecutionPhase(TestCaseExecutor.java:418)
	at com.kms.katalon.core.main.TestCaseExecutor.accessMainPhase(TestCaseExecutor.java:410)
	at com.kms.katalon.core.main.TestCaseExecutor.execute(TestCaseExecutor.java:285)
	at com.kms.katalon.core.main.TestCaseMain.runTestCase(TestCaseMain.java:137)
	at com.kms.katalon.core.keyword.builtin.CallTestCaseKeyword$_callTestCase_closure1.doCall(CallTestCaseKeyword.groovy:59)
	... 24 more
Caused by: org.openqa.selenium.ElementClickInterceptedException: Element <button id="btn_aceptar_tipo_envio" class="btn disabled" type="button"> is not clickable at point (675,588) because another element <div class="modal-footer"> obscures it
Build info: version: '3.141.59', revision: 'unknown', time: 'unknown'
System info: host: 'DESKTOP-RGFFP9A', ip: '10.136.10.6', os.name: 'Windows 11', os.arch: 'amd64', os.version: '10.0', java.version: '17.0.7'
Driver info: com.kms.katalon.core.webui.driver.firefox.CGeckoDriver
Capabilities {acceptInsecureCerts: true, browserName: firefox, browserVersion: 133.0, javascriptEnabled: true, moz:accessibilityChecks: false, moz:buildID: 20241121140525, moz:geckodriverVersion: 0.35.0, moz:headless: false, moz:platformVersion: 10.0, moz:processID: 6392, moz:profile: C:\Users\OLVATI\AppData\Loc..., moz:shutdownTimeout: 60000, moz:webdriverClick: true, moz:windowless: false, pageLoadStrategy: normal, platform: WINDOWS, platformName: WINDOWS, proxy: Proxy(direct), setWindowRect: true, strictFileInteractability: false, timeouts: {implicit: 0, pageLoad: 300000, script: 30000}, unhandledPromptBehavior: dismiss and notify, userAgent: Mozilla/5.0 (Windows NT 10....}
Session ID: c85eb618-b86a-421f-b389-a488d318fea6
	at jdk.internal.reflect.GeneratedConstructorAccessor32.newInstance(Unknown Source)
	at java.base/jdk.internal.reflect.DelegatingConstructorAccessorImpl.newInstance(DelegatingConstructorAccessorImpl.java:45)
	at org.openqa.selenium.remote.http.W3CHttpResponseCodec.createException(W3CHttpResponseCodec.java:187)
	at org.openqa.selenium.remote.http.W3CHttpResponseCodec.decode(W3CHttpResponseCodec.java:122)
	at org.openqa.selenium.remote.http.W3CHttpResponseCodec.decode(W3CHttpResponseCodec.java:49)
	at org.openqa.selenium.remote.HttpCommandExecutor.execute(HttpCommandExecutor.java:158)
	at org.openqa.selenium.remote.service.DriverCommandExecutor.execute(DriverCommandExecutor.java:83)
	at org.openqa.selenium.remote.RemoteWebDriver.execute(RemoteWebDriver.java:552)
	at com.kms.katalon.selenium.driver.CFirefoxDriver.execute(CFirefoxDriver.java:28)
	at org.openqa.selenium.remote.RemoteWebElement.execute(RemoteWebElement.java:285)
	at org.openqa.selenium.remote.RemoteWebElement.click(RemoteWebElement.java:84)
	at jdk.internal.reflect.GeneratedMethodAccessor10.invoke(Unknown Source)
	at java.base/jdk.internal.reflect.DelegatingMethodAccessorImpl.invoke(DelegatingMethodAccessorImpl.java:43)
	at org.openqa.selenium.support.events.EventFiringWebDriver$EventFiringWebElement.lambda$new$0(EventFiringWebDriver.java:404)
	at jdk.proxy2/jdk.proxy2.$Proxy21.click(Unknown Source)
	at org.openqa.selenium.support.events.EventFiringWebDriver$EventFiringWebElement.click(EventFiringWebDriver.java:417)
	at org.openqa.selenium.WebElement$click.call(Unknown Source)
	at com.kms.katalon.core.webui.keyword.builtin.ClickKeyword.clickUntilSuccessWithTimeout(ClickKeyword.groovy:81)
	at com.kms.katalon.core.webui.keyword.builtin.ClickKeyword.clickUntilSuccessWithTimeout(ClickKeyword.groovy)
	at jdk.internal.reflect.GeneratedMethodAccessor8.invoke(Unknown Source)
	at java.base/jdk.internal.reflect.DelegatingMethodAccessorImpl.invoke(DelegatingMethodAccessorImpl.java:43)
	at com.kms.katalon.core.webui.keyword.builtin.ClickKeyword$_click_closure1.doCall(ClickKeyword.groovy:67)
	at com.kms.katalon.core.webui.keyword.builtin.ClickKeyword$_click_closure1.call(ClickKeyword.groovy)
	at com.kms.katalon.core.webui.keyword.internal.WebUIKeywordMain.runKeyword(WebUIKeywordMain.groovy:35)
	... 38 more


27-11-2024T13:27:05 - [TEST_STEP][PASSED] - callTestCase(findTestCase("1.Inicio/1.1Principal/Principal-home"), [:], STOP_ON_FAILURE): Call Test Case 'Test Cases/1.Inicio/1.1Principal/Principal-home' successfully

27-11-2024T13:27:05 - [TEST_CASE][PASSED] - Test Cases/1.Inicio/1.1Principal/Principal-home: Test Cases/1.Inicio/1.1Principal/Principal-home

27-11-2024T13:27:05 - [TEST_STEP][PASSED] - openBrowser(""): Browser is opened with url: ''

27-11-2024T13:27:05 - [MESSAGE][WARNING] - A browser is already opened. Closing browser and opening a new one

27-11-2024T13:27:07 - [MESSAGE][INFO] - Starting 'Firefox' driver

27-11-2024T13:27:07 - [MESSAGE][INFO] - Action delay is set to 0 milliseconds

27-11-2024T13:27:13 - [MESSAGE][PASSED] - Browser is opened with url: ''

27-11-2024T13:27:13 - [TEST_STEP][PASSED] - navigateToUrl("https://dev01-registrodeenvios.olvacourier.com/principal"): Navigate to 'https://dev01-registrodeenvios.olvacourier.com/principal' successfully

27-11-2024T13:27:14 - [MESSAGE][PASSED] - Navigate to 'https://dev01-registrodeenvios.olvacourier.com/principal' successfully

27-11-2024T13:27:14 - [TEST_STEP][PASSED] - maximizeWindow(): Current window maximized

27-11-2024T13:27:14 - [MESSAGE][PASSED] - Current window maximized

27-11-2024T13:27:14 - [MESSAGE][PASSED] - Call Test Case 'Test Cases/1.Inicio/1.1Principal/Principal-home' successfully

27-11-2024T13:27:14 - [TEST_STEP][FAILED] - callTestCase(findTestCase("1.Inicio/1.1Principal/Selec_sobre"), [:], STOP_ON_FAILURE): Unable to call Test Case 'Test Cases/1.Inicio/1.1Principal/Selec_sobre' (Root cause: com.kms.katalon.core.exception.StepFailedException: Call Test Case 'Test Cases/1.Inicio/1.1Principal/Selec_sobre' failed
	at com.kms.katalon.core.keyword.builtin.CallTestCaseKeyword$_callTestCase_closure1.doCall(CallTestCaseKeyword.groovy:63)
	at com.kms.katalon.core.keyword.builtin.CallTestCaseKeyword$_callTestCase_closure1.call(CallTestCaseKeyword.groovy)
	at com.kms.katalon.core.keyword.internal.KeywordMain.runKeyword(KeywordMain.groovy:75)
	at com.kms.katalon.core.keyword.builtin.CallTestCaseKeyword.callTestCase(CallTestCaseKeyword.groovy:81)
	at com.kms.katalon.core.keyword.builtin.CallTestCaseKeyword.execute(CallTestCaseKeyword.groovy:44)
	at com.kms.katalon.core.keyword.internal.KeywordExecutor.executeKeywordForPlatform(KeywordExecutor.groovy:74)
	at com.kms.katalon.core.keyword.BuiltinKeywords.callTestCase(BuiltinKeywords.groovy:310)
	at jdk.internal.reflect.GeneratedMethodAccessor25.invoke(Unknown Source)
	at java.base/jdk.internal.reflect.DelegatingMethodAccessorImpl.invoke(DelegatingMethodAccessorImpl.java:43)
	at Destino-DO.run(Destino-DO:22)
	at com.kms.katalon.core.main.ScriptEngine.run(ScriptEngine.java:194)
	at com.kms.katalon.core.main.ScriptEngine.runScriptAsRawText(ScriptEngine.java:119)
	at com.kms.katalon.core.main.TestCaseExecutor.runScript(TestCaseExecutor.java:448)
	at com.kms.katalon.core.main.TestCaseExecutor.doExecute(TestCaseExecutor.java:439)
	at com.kms.katalon.core.main.TestCaseExecutor.processExecutionPhase(TestCaseExecutor.java:418)
	at com.kms.katalon.core.main.TestCaseExecutor.accessMainPhase(TestCaseExecutor.java:410)
	at com.kms.katalon.core.main.TestCaseExecutor.execute(TestCaseExecutor.java:285)
	at com.kms.katalon.core.common.CommonExecutor.accessTestCaseMainPhase(CommonExecutor.java:65)
	at com.kms.katalon.core.main.TestSuiteExecutor.accessTestSuiteMainPhase(TestSuiteExecutor.java:150)
	at com.kms.katalon.core.main.TestSuiteExecutor.execute(TestSuiteExecutor.java:106)
	at com.kms.katalon.core.main.TestCaseMain.startTestSuite(TestCaseMain.java:180)
	at TempTestSuite1732729948317.run(TempTestSuite1732729948317.groovy:35)
	at java.base/jdk.internal.reflect.NativeMethodAccessorImpl.invoke0(Native Method)
	at java.base/jdk.internal.reflect.NativeMethodAccessorImpl.invoke(NativeMethodAccessorImpl.java:77)
	at java.base/jdk.internal.reflect.DelegatingMethodAccessorImpl.invoke(DelegatingMethodAccessorImpl.java:43)
Caused by: com.kms.katalon.core.exception.StepFailedException: Unable to click on object 'Object Repository/Principal/Page_Olva Courier  Home/button_CONTINUAR (2)'
	at com.kms.katalon.core.webui.keyword.internal.WebUIKeywordMain.stepFailed(WebUIKeywordMain.groovy:117)
	at com.kms.katalon.core.webui.keyword.internal.WebUIKeywordMain.runKeyword(WebUIKeywordMain.groovy:43)
	at com.kms.katalon.core.webui.keyword.builtin.ClickKeyword.click(ClickKeyword.groovy:74)
	at com.kms.katalon.core.webui.keyword.builtin.ClickKeyword.execute(ClickKeyword.groovy:40)
	at com.kms.katalon.core.keyword.internal.KeywordExecutor.executeKeywordForPlatform(KeywordExecutor.groovy:74)
	at com.kms.katalon.core.webui.keyword.WebUiBuiltInKeywords.click(WebUiBuiltInKeywords.groovy:659)
	at Selec_sobre.run(Selec_sobre:24)
	at com.kms.katalon.core.main.ScriptEngine.run(ScriptEngine.java:194)
	at com.kms.katalon.core.main.ScriptEngine.runScriptAsRawText(ScriptEngine.java:119)
	at com.kms.katalon.core.main.TestCaseExecutor.runScript(TestCaseExecutor.java:448)
	at com.kms.katalon.core.main.TestCaseExecutor.doExecute(TestCaseExecutor.java:439)
	at com.kms.katalon.core.main.TestCaseExecutor.processExecutionPhase(TestCaseExecutor.java:418)
	at com.kms.katalon.core.main.TestCaseExecutor.accessMainPhase(TestCaseExecutor.java:410)
	at com.kms.katalon.core.main.TestCaseExecutor.execute(TestCaseExecutor.java:285)
	at com.kms.katalon.core.main.TestCaseMain.runTestCase(TestCaseMain.java:137)
	at com.kms.katalon.core.keyword.builtin.CallTestCaseKeyword$_callTestCase_closure1.doCall(CallTestCaseKeyword.groovy:59)
	... 24 more
Caused by: org.openqa.selenium.ElementClickInterceptedException: Element <button id="btn_aceptar_tipo_envio" class="btn disabled" type="button"> is not clickable at point (675,588) because another element <div class="modal-footer"> obscures it
Build info: version: '3.141.59', revision: 'unknown', time: 'unknown'
System info: host: 'DESKTOP-RGFFP9A', ip: '10.136.10.6', os.name: 'Windows 11', os.arch: 'amd64', os.version: '10.0', java.version: '17.0.7'
Driver info: com.kms.katalon.core.webui.driver.firefox.CGeckoDriver
Capabilities {acceptInsecureCerts: true, browserName: firefox, browserVersion: 133.0, javascriptEnabled: true, moz:accessibilityChecks: false, moz:buildID: 20241121140525, moz:geckodriverVersion: 0.35.0, moz:headless: false, moz:platformVersion: 10.0, moz:processID: 6392, moz:profile: C:\Users\OLVATI\AppData\Loc..., moz:shutdownTimeout: 60000, moz:webdriverClick: true, moz:windowless: false, pageLoadStrategy: normal, platform: WINDOWS, platformName: WINDOWS, proxy: Proxy(direct), setWindowRect: true, strictFileInteractability: false, timeouts: {implicit: 0, pageLoad: 300000, script: 30000}, unhandledPromptBehavior: dismiss and notify, userAgent: Mozilla/5.0 (Windows NT 10....}
Session ID: c85eb618-b86a-421f-b389-a488d318fea6
	at jdk.internal.reflect.GeneratedConstructorAccessor32.newInstance(Unknown Source)
	at java.base/jdk.internal.reflect.DelegatingConstructorAccessorImpl.newInstance(DelegatingConstructorAccessorImpl.java:45)
	at org.openqa.selenium.remote.http.W3CHttpResponseCodec.createException(W3CHttpResponseCodec.java:187)
	at org.openqa.selenium.remote.http.W3CHttpResponseCodec.decode(W3CHttpResponseCodec.java:122)
	at org.openqa.selenium.remote.http.W3CHttpResponseCodec.decode(W3CHttpResponseCodec.java:49)
	at org.openqa.selenium.remote.HttpCommandExecutor.execute(HttpCommandExecutor.java:158)
	at org.openqa.selenium.remote.service.DriverCommandExecutor.execute(DriverCommandExecutor.java:83)
	at org.openqa.selenium.remote.RemoteWebDriver.execute(RemoteWebDriver.java:552)
	at com.kms.katalon.selenium.driver.CFirefoxDriver.execute(CFirefoxDriver.java:28)
	at org.openqa.selenium.remote.RemoteWebElement.execute(RemoteWebElement.java:285)
	at org.openqa.selenium.remote.RemoteWebElement.click(RemoteWebElement.java:84)
	at jdk.internal.reflect.GeneratedMethodAccessor10.invoke(Unknown Source)
	at java.base/jdk.internal.reflect.DelegatingMethodAccessorImpl.invoke(DelegatingMethodAccessorImpl.java:43)
	at org.openqa.selenium.support.events.EventFiringWebDriver$EventFiringWebElement.lambda$new$0(EventFiringWebDriver.java:404)
	at jdk.proxy2/jdk.proxy2.$Proxy21.click(Unknown Source)
	at org.openqa.selenium.support.events.EventFiringWebDriver$EventFiringWebElement.click(EventFiringWebDriver.java:417)
	at org.openqa.selenium.WebElement$click.call(Unknown Source)
	at com.kms.katalon.core.webui.keyword.builtin.ClickKeyword.clickUntilSuccessWithTimeout(ClickKeyword.groovy:81)
	at com.kms.katalon.core.webui.keyword.builtin.ClickKeyword.clickUntilSuccessWithTimeout(ClickKeyword.groovy)
	at jdk.internal.reflect.GeneratedMethodAccessor8.invoke(Unknown Source)
	at java.base/jdk.internal.reflect.DelegatingMethodAccessorImpl.invoke(DelegatingMethodAccessorImpl.java:43)
	at com.kms.katalon.core.webui.keyword.builtin.ClickKeyword$_click_closure1.doCall(ClickKeyword.groovy:67)
	at com.kms.katalon.core.webui.keyword.builtin.ClickKeyword$_click_closure1.call(ClickKeyword.groovy)
	at com.kms.katalon.core.webui.keyword.internal.WebUIKeywordMain.runKeyword(WebUIKeywordMain.groovy:35)
	... 38 more
)

27-11-2024T13:27:14 - [TEST_CASE][FAILED] - Test Cases/1.Inicio/1.1Principal/Selec_sobre: Test Cases/1.Inicio/1.1Principal/Selec_sobre FAILED.
Reason:
com.kms.katalon.core.exception.StepFailedException: Unable to click on object 'Object Repository/Principal/Page_Olva Courier  Home/button_CONTINUAR (2)'
	at com.kms.katalon.core.webui.keyword.internal.WebUIKeywordMain.stepFailed(WebUIKeywordMain.groovy:117)
	at com.kms.katalon.core.webui.keyword.internal.WebUIKeywordMain.runKeyword(WebUIKeywordMain.groovy:43)
	at com.kms.katalon.core.webui.keyword.builtin.ClickKeyword.click(ClickKeyword.groovy:74)
	at com.kms.katalon.core.webui.keyword.builtin.ClickKeyword.execute(ClickKeyword.groovy:40)
	at com.kms.katalon.core.keyword.internal.KeywordExecutor.executeKeywordForPlatform(KeywordExecutor.groovy:74)
	at com.kms.katalon.core.webui.keyword.WebUiBuiltInKeywords.click(WebUiBuiltInKeywords.groovy:659)
	at Selec_sobre.run(Selec_sobre:24)
	at com.kms.katalon.core.main.ScriptEngine.run(ScriptEngine.java:194)
	at com.kms.katalon.core.main.ScriptEngine.runScriptAsRawText(ScriptEngine.java:119)
	at com.kms.katalon.core.main.TestCaseExecutor.runScript(TestCaseExecutor.java:448)
	at com.kms.katalon.core.main.TestCaseExecutor.doExecute(TestCaseExecutor.java:439)
	at com.kms.katalon.core.main.TestCaseExecutor.processExecutionPhase(TestCaseExecutor.java:418)
	at com.kms.katalon.core.main.TestCaseExecutor.accessMainPhase(TestCaseExecutor.java:410)
	at com.kms.katalon.core.main.TestCaseExecutor.execute(TestCaseExecutor.java:285)
	at com.kms.katalon.core.main.TestCaseMain.runTestCase(TestCaseMain.java:137)
	at com.kms.katalon.core.keyword.builtin.CallTestCaseKeyword$_callTestCase_closure1.doCall(CallTestCaseKeyword.groovy:59)
	at com.kms.katalon.core.keyword.builtin.CallTestCaseKeyword$_callTestCase_closure1.call(CallTestCaseKeyword.groovy)
	at com.kms.katalon.core.keyword.internal.KeywordMain.runKeyword(KeywordMain.groovy:75)
	at com.kms.katalon.core.keyword.builtin.CallTestCaseKeyword.callTestCase(CallTestCaseKeyword.groovy:81)
	at com.kms.katalon.core.keyword.builtin.CallTestCaseKeyword.execute(CallTestCaseKeyword.groovy:44)
	at com.kms.katalon.core.keyword.internal.KeywordExecutor.executeKeywordForPlatform(KeywordExecutor.groovy:74)
	at com.kms.katalon.core.keyword.BuiltinKeywords.callTestCase(BuiltinKeywords.groovy:310)
	at jdk.internal.reflect.GeneratedMethodAccessor25.invoke(Unknown Source)
	at java.base/jdk.internal.reflect.DelegatingMethodAccessorImpl.invoke(DelegatingMethodAccessorImpl.java:43)
	at Destino-DO.run(Destino-DO:22)
	at com.kms.katalon.core.main.ScriptEngine.run(ScriptEngine.java:194)
	at com.kms.katalon.core.main.ScriptEngine.runScriptAsRawText(ScriptEngine.java:119)
	at com.kms.katalon.core.main.TestCaseExecutor.runScript(TestCaseExecutor.java:448)
	at com.kms.katalon.core.main.TestCaseExecutor.doExecute(TestCaseExecutor.java:439)
	at com.kms.katalon.core.main.TestCaseExecutor.processExecutionPhase(TestCaseExecutor.java:418)
	at com.kms.katalon.core.main.TestCaseExecutor.accessMainPhase(TestCaseExecutor.java:410)
	at com.kms.katalon.core.main.TestCaseExecutor.execute(TestCaseExecutor.java:285)
	at com.kms.katalon.core.common.CommonExecutor.accessTestCaseMainPhase(CommonExecutor.java:65)
	at com.kms.katalon.core.main.TestSuiteExecutor.accessTestSuiteMainPhase(TestSuiteExecutor.java:150)
	at com.kms.katalon.core.main.TestSuiteExecutor.execute(TestSuiteExecutor.java:106)
	at com.kms.katalon.core.main.TestCaseMain.startTestSuite(TestCaseMain.java:180)
	at TempTestSuite1732729948317.run(TempTestSuite1732729948317.groovy:35)
	at java.base/jdk.internal.reflect.NativeMethodAccessorImpl.invoke0(Native Method)
	at java.base/jdk.internal.reflect.NativeMethodAccessorImpl.invoke(NativeMethodAccessorImpl.java:77)
	at java.base/jdk.internal.reflect.DelegatingMethodAccessorImpl.invoke(DelegatingMethodAccessorImpl.java:43)
Caused by: org.openqa.selenium.ElementClickInterceptedException: Element <button id="btn_aceptar_tipo_envio" class="btn disabled" type="button"> is not clickable at point (675,588) because another element <div class="modal-footer"> obscures it
Build info: version: '3.141.59', revision: 'unknown', time: 'unknown'
System info: host: 'DESKTOP-RGFFP9A', ip: '10.136.10.6', os.name: 'Windows 11', os.arch: 'amd64', os.version: '10.0', java.version: '17.0.7'
Driver info: com.kms.katalon.core.webui.driver.firefox.CGeckoDriver
Capabilities {acceptInsecureCerts: true, browserName: firefox, browserVersion: 133.0, javascriptEnabled: true, moz:accessibilityChecks: false, moz:buildID: 20241121140525, moz:geckodriverVersion: 0.35.0, moz:headless: false, moz:platformVersion: 10.0, moz:processID: 6392, moz:profile: C:\Users\OLVATI\AppData\Loc..., moz:shutdownTimeout: 60000, moz:webdriverClick: true, moz:windowless: false, pageLoadStrategy: normal, platform: WINDOWS, platformName: WINDOWS, proxy: Proxy(direct), setWindowRect: true, strictFileInteractability: false, timeouts: {implicit: 0, pageLoad: 300000, script: 30000}, unhandledPromptBehavior: dismiss and notify, userAgent: Mozilla/5.0 (Windows NT 10....}
Session ID: c85eb618-b86a-421f-b389-a488d318fea6
	at jdk.internal.reflect.GeneratedConstructorAccessor32.newInstance(Unknown Source)
	at java.base/jdk.internal.reflect.DelegatingConstructorAccessorImpl.newInstance(DelegatingConstructorAccessorImpl.java:45)
	at org.openqa.selenium.remote.http.W3CHttpResponseCodec.createException(W3CHttpResponseCodec.java:187)
	at org.openqa.selenium.remote.http.W3CHttpResponseCodec.decode(W3CHttpResponseCodec.java:122)
	at org.openqa.selenium.remote.http.W3CHttpResponseCodec.decode(W3CHttpResponseCodec.java:49)
	at org.openqa.selenium.remote.HttpCommandExecutor.execute(HttpCommandExecutor.java:158)
	at org.openqa.selenium.remote.service.DriverCommandExecutor.execute(DriverCommandExecutor.java:83)
	at org.openqa.selenium.remote.RemoteWebDriver.execute(RemoteWebDriver.java:552)
	at com.kms.katalon.selenium.driver.CFirefoxDriver.execute(CFirefoxDriver.java:28)
	at org.openqa.selenium.remote.RemoteWebElement.execute(RemoteWebElement.java:285)
	at org.openqa.selenium.remote.RemoteWebElement.click(RemoteWebElement.java:84)
	at jdk.internal.reflect.GeneratedMethodAccessor10.invoke(Unknown Source)
	at java.base/jdk.internal.reflect.DelegatingMethodAccessorImpl.invoke(DelegatingMethodAccessorImpl.java:43)
	at org.openqa.selenium.support.events.EventFiringWebDriver$EventFiringWebElement.lambda$new$0(EventFiringWebDriver.java:404)
	at jdk.proxy2/jdk.proxy2.$Proxy21.click(Unknown Source)
	at org.openqa.selenium.support.events.EventFiringWebDriver$EventFiringWebElement.click(EventFiringWebDriver.java:417)
	at org.openqa.selenium.WebElement$click.call(Unknown Source)
	at com.kms.katalon.core.webui.keyword.builtin.ClickKeyword.clickUntilSuccessWithTimeout(ClickKeyword.groovy:81)
	at com.kms.katalon.core.webui.keyword.builtin.ClickKeyword.clickUntilSuccessWithTimeout(ClickKeyword.groovy)
	at jdk.internal.reflect.GeneratedMethodAccessor8.invoke(Unknown Source)
	at java.base/jdk.internal.reflect.DelegatingMethodAccessorImpl.invoke(DelegatingMethodAccessorImpl.java:43)
	at com.kms.katalon.core.webui.keyword.builtin.ClickKeyword$_click_closure1.doCall(ClickKeyword.groovy:67)
	at com.kms.katalon.core.webui.keyword.builtin.ClickKeyword$_click_closure1.call(ClickKeyword.groovy)
	at com.kms.katalon.core.webui.keyword.internal.WebUIKeywordMain.runKeyword(WebUIKeywordMain.groovy:35)
	... 38 more


27-11-2024T13:27:14 - [TEST_STEP][PASSED] - click(findTestObject("Object Repository/Principal/Page_Olva Courier  Home/img_Envo de cajas o paquetescon un peso mxi_37770f")): Object: 'Object Repository/Principal/Page_Olva Courier  Home/img_Envo de cajas o paquetescon un peso mxi_37770f' is clicked on

27-11-2024T13:27:15 - [MESSAGE][PASSED] - Object: 'Object Repository/Principal/Page_Olva Courier  Home/img_Envo de cajas o paquetescon un peso mxi_37770f' is clicked on

27-11-2024T13:27:15 - [TEST_STEP][PASSED] - click(findTestObject("Object Repository/Principal/Page_Olva Courier  Home/label_He ledo y acepto los trminos de uso y_adab65")): Object: 'Object Repository/Principal/Page_Olva Courier  Home/label_He ledo y acepto los trminos de uso y_adab65' is clicked on

27-11-2024T13:27:16 - [MESSAGE][PASSED] - Object: 'Object Repository/Principal/Page_Olva Courier  Home/label_He ledo y acepto los trminos de uso y_adab65' is clicked on

27-11-2024T13:27:16 - [TEST_STEP][FAILED] - click(findTestObject("Object Repository/Principal/Page_Olva Courier  Home/button_CONTINUAR (2)")): Unable to click on object 'Object Repository/Principal/Page_Olva Courier  Home/button_CONTINUAR (2)' (Root cause: com.kms.katalon.core.exception.StepFailedException: Unable to click on object 'Object Repository/Principal/Page_Olva Courier  Home/button_CONTINUAR (2)'
	at com.kms.katalon.core.webui.keyword.internal.WebUIKeywordMain.stepFailed(WebUIKeywordMain.groovy:117)
	at com.kms.katalon.core.webui.keyword.internal.WebUIKeywordMain.runKeyword(WebUIKeywordMain.groovy:43)
	at com.kms.katalon.core.webui.keyword.builtin.ClickKeyword.click(ClickKeyword.groovy:74)
	at com.kms.katalon.core.webui.keyword.builtin.ClickKeyword.execute(ClickKeyword.groovy:40)
	at com.kms.katalon.core.keyword.internal.KeywordExecutor.executeKeywordForPlatform(KeywordExecutor.groovy:74)
	at com.kms.katalon.core.webui.keyword.WebUiBuiltInKeywords.click(WebUiBuiltInKeywords.groovy:659)
	at Selec_sobre.run(Selec_sobre:24)
	at com.kms.katalon.core.main.ScriptEngine.run(ScriptEngine.java:194)
	at com.kms.katalon.core.main.ScriptEngine.runScriptAsRawText(ScriptEngine.java:119)
	at com.kms.katalon.core.main.TestCaseExecutor.runScript(TestCaseExecutor.java:448)
	at com.kms.katalon.core.main.TestCaseExecutor.doExecute(TestCaseExecutor.java:439)
	at com.kms.katalon.core.main.TestCaseExecutor.processExecutionPhase(TestCaseExecutor.java:418)
	at com.kms.katalon.core.main.TestCaseExecutor.accessMainPhase(TestCaseExecutor.java:410)
	at com.kms.katalon.core.main.TestCaseExecutor.execute(TestCaseExecutor.java:285)
	at com.kms.katalon.core.main.TestCaseMain.runTestCase(TestCaseMain.java:137)
	at com.kms.katalon.core.keyword.builtin.CallTestCaseKeyword$_callTestCase_closure1.doCall(CallTestCaseKeyword.groovy:59)
	at com.kms.katalon.core.keyword.builtin.CallTestCaseKeyword$_callTestCase_closure1.call(CallTestCaseKeyword.groovy)
	at com.kms.katalon.core.keyword.internal.KeywordMain.runKeyword(KeywordMain.groovy:75)
	at com.kms.katalon.core.keyword.builtin.CallTestCaseKeyword.callTestCase(CallTestCaseKeyword.groovy:81)
	at com.kms.katalon.core.keyword.builtin.CallTestCaseKeyword.execute(CallTestCaseKeyword.groovy:44)
	at com.kms.katalon.core.keyword.internal.KeywordExecutor.executeKeywordForPlatform(KeywordExecutor.groovy:74)
	at com.kms.katalon.core.keyword.BuiltinKeywords.callTestCase(BuiltinKeywords.groovy:310)
	at jdk.internal.reflect.GeneratedMethodAccessor25.invoke(Unknown Source)
	at java.base/jdk.internal.reflect.DelegatingMethodAccessorImpl.invoke(DelegatingMethodAccessorImpl.java:43)
	at Destino-DO.run(Destino-DO:22)
	at com.kms.katalon.core.main.ScriptEngine.run(ScriptEngine.java:194)
	at com.kms.katalon.core.main.ScriptEngine.runScriptAsRawText(ScriptEngine.java:119)
	at com.kms.katalon.core.main.TestCaseExecutor.runScript(TestCaseExecutor.java:448)
	at com.kms.katalon.core.main.TestCaseExecutor.doExecute(TestCaseExecutor.java:439)
	at com.kms.katalon.core.main.TestCaseExecutor.processExecutionPhase(TestCaseExecutor.java:418)
	at com.kms.katalon.core.main.TestCaseExecutor.accessMainPhase(TestCaseExecutor.java:410)
	at com.kms.katalon.core.main.TestCaseExecutor.execute(TestCaseExecutor.java:285)
	at com.kms.katalon.core.common.CommonExecutor.accessTestCaseMainPhase(CommonExecutor.java:65)
	at com.kms.katalon.core.main.TestSuiteExecutor.accessTestSuiteMainPhase(TestSuiteExecutor.java:150)
	at com.kms.katalon.core.main.TestSuiteExecutor.execute(TestSuiteExecutor.java:106)
	at com.kms.katalon.core.main.TestCaseMain.startTestSuite(TestCaseMain.java:180)
	at TempTestSuite1732729948317.run(TempTestSuite1732729948317.groovy:35)
	at java.base/jdk.internal.reflect.NativeMethodAccessorImpl.invoke0(Native Method)
	at java.base/jdk.internal.reflect.NativeMethodAccessorImpl.invoke(NativeMethodAccessorImpl.java:77)
	at java.base/jdk.internal.reflect.DelegatingMethodAccessorImpl.invoke(DelegatingMethodAccessorImpl.java:43)
Caused by: org.openqa.selenium.ElementClickInterceptedException: Element <button id="btn_aceptar_tipo_envio" class="btn disabled" type="button"> is not clickable at point (675,588) because another element <div class="modal-footer"> obscures it
Build info: version: '3.141.59', revision: 'unknown', time: 'unknown'
System info: host: 'DESKTOP-RGFFP9A', ip: '10.136.10.6', os.name: 'Windows 11', os.arch: 'amd64', os.version: '10.0', java.version: '17.0.7'
Driver info: com.kms.katalon.core.webui.driver.firefox.CGeckoDriver
Capabilities {acceptInsecureCerts: true, browserName: firefox, browserVersion: 133.0, javascriptEnabled: true, moz:accessibilityChecks: false, moz:buildID: 20241121140525, moz:geckodriverVersion: 0.35.0, moz:headless: false, moz:platformVersion: 10.0, moz:processID: 6392, moz:profile: C:\Users\OLVATI\AppData\Loc..., moz:shutdownTimeout: 60000, moz:webdriverClick: true, moz:windowless: false, pageLoadStrategy: normal, platform: WINDOWS, platformName: WINDOWS, proxy: Proxy(direct), setWindowRect: true, strictFileInteractability: false, timeouts: {implicit: 0, pageLoad: 300000, script: 30000}, unhandledPromptBehavior: dismiss and notify, userAgent: Mozilla/5.0 (Windows NT 10....}
Session ID: c85eb618-b86a-421f-b389-a488d318fea6
	at jdk.internal.reflect.GeneratedConstructorAccessor32.newInstance(Unknown Source)
	at java.base/jdk.internal.reflect.DelegatingConstructorAccessorImpl.newInstance(DelegatingConstructorAccessorImpl.java:45)
	at org.openqa.selenium.remote.http.W3CHttpResponseCodec.createException(W3CHttpResponseCodec.java:187)
	at org.openqa.selenium.remote.http.W3CHttpResponseCodec.decode(W3CHttpResponseCodec.java:122)
	at org.openqa.selenium.remote.http.W3CHttpResponseCodec.decode(W3CHttpResponseCodec.java:49)
	at org.openqa.selenium.remote.HttpCommandExecutor.execute(HttpCommandExecutor.java:158)
	at org.openqa.selenium.remote.service.DriverCommandExecutor.execute(DriverCommandExecutor.java:83)
	at org.openqa.selenium.remote.RemoteWebDriver.execute(RemoteWebDriver.java:552)
	at com.kms.katalon.selenium.driver.CFirefoxDriver.execute(CFirefoxDriver.java:28)
	at org.openqa.selenium.remote.RemoteWebElement.execute(RemoteWebElement.java:285)
	at org.openqa.selenium.remote.RemoteWebElement.click(RemoteWebElement.java:84)
	at jdk.internal.reflect.GeneratedMethodAccessor10.invoke(Unknown Source)
	at java.base/jdk.internal.reflect.DelegatingMethodAccessorImpl.invoke(DelegatingMethodAccessorImpl.java:43)
	at org.openqa.selenium.support.events.EventFiringWebDriver$EventFiringWebElement.lambda$new$0(EventFiringWebDriver.java:404)
	at jdk.proxy2/jdk.proxy2.$Proxy21.click(Unknown Source)
	at org.openqa.selenium.support.events.EventFiringWebDriver$EventFiringWebElement.click(EventFiringWebDriver.java:417)
	at org.openqa.selenium.WebElement$click.call(Unknown Source)
	at com.kms.katalon.core.webui.keyword.builtin.ClickKeyword.clickUntilSuccessWithTimeout(ClickKeyword.groovy:81)
	at com.kms.katalon.core.webui.keyword.builtin.ClickKeyword.clickUntilSuccessWithTimeout(ClickKeyword.groovy)
	at jdk.internal.reflect.GeneratedMethodAccessor8.invoke(Unknown Source)
	at java.base/jdk.internal.reflect.DelegatingMethodAccessorImpl.invoke(DelegatingMethodAccessorImpl.java:43)
	at com.kms.katalon.core.webui.keyword.builtin.ClickKeyword$_click_closure1.doCall(ClickKeyword.groovy:67)
	at com.kms.katalon.core.webui.keyword.builtin.ClickKeyword$_click_closure1.call(ClickKeyword.groovy)
	at com.kms.katalon.core.webui.keyword.internal.WebUIKeywordMain.runKeyword(WebUIKeywordMain.groovy:35)
	at com.kms.katalon.core.webui.keyword.builtin.ClickKeyword.click(ClickKeyword.groovy:74)
	at com.kms.katalon.core.webui.keyword.builtin.ClickKeyword.execute(ClickKeyword.groovy:40)
	at com.kms.katalon.core.keyword.internal.KeywordExecutor.executeKeywordForPlatform(KeywordExecutor.groovy:74)
	at com.kms.katalon.core.webui.keyword.WebUiBuiltInKeywords.click(WebUiBuiltInKeywords.groovy:659)
	at Script1732083570761.run(Script1732083570761.groovy:24)
	at com.kms.katalon.core.main.ScriptEngine.run(ScriptEngine.java:194)
	at com.kms.katalon.core.main.ScriptEngine.runScriptAsRawText(ScriptEngine.java:119)
	at com.kms.katalon.core.main.TestCaseExecutor.runScript(TestCaseExecutor.java:448)
	at com.kms.katalon.core.main.TestCaseExecutor.doExecute(TestCaseExecutor.java:439)
	at com.kms.katalon.core.main.TestCaseExecutor.processExecutionPhase(TestCaseExecutor.java:418)
	at com.kms.katalon.core.main.TestCaseExecutor.accessMainPhase(TestCaseExecutor.java:410)
	at com.kms.katalon.core.main.TestCaseExecutor.execute(TestCaseExecutor.java:285)
	at com.kms.katalon.core.main.TestCaseMain.runTestCase(TestCaseMain.java:137)
	at com.kms.katalon.core.keyword.builtin.CallTestCaseKeyword$_callTestCase_closure1.doCall(CallTestCaseKeyword.groovy:59)
	at com.kms.katalon.core.keyword.builtin.CallTestCaseKeyword$_callTestCase_closure1.call(CallTestCaseKeyword.groovy)
	at com.kms.katalon.core.keyword.internal.KeywordMain.runKeyword(KeywordMain.groovy:75)
	at com.kms.katalon.core.keyword.builtin.CallTestCaseKeyword.callTestCase(CallTestCaseKeyword.groovy:81)
	at com.kms.katalon.core.keyword.builtin.CallTestCaseKeyword.execute(CallTestCaseKeyword.groovy:44)
	at com.kms.katalon.core.keyword.internal.KeywordExecutor.executeKeywordForPlatform(KeywordExecutor.groovy:74)
	at com.kms.katalon.core.keyword.BuiltinKeywords.callTestCase(BuiltinKeywords.groovy:310)
	at jdk.internal.reflect.GeneratedMethodAccessor25.invoke(Unknown Source)
	at java.base/jdk.internal.reflect.DelegatingMethodAccessorImpl.invoke(DelegatingMethodAccessorImpl.java:43)
	at Script1732341473624.run(Script1732341473624.groovy:22)
	... 15 more
)

27-11-2024T13:27:46 - [MESSAGE][FAILED] - Unable to click on object 'Object Repository/Principal/Page_Olva Courier  Home/button_CONTINUAR (2)' (Root cause: com.kms.katalon.core.exception.StepFailedException: Unable to click on object 'Object Repository/Principal/Page_Olva Courier  Home/button_CONTINUAR (2)'
	at com.kms.katalon.core.webui.keyword.internal.WebUIKeywordMain.stepFailed(WebUIKeywordMain.groovy:117)
	at com.kms.katalon.core.webui.keyword.internal.WebUIKeywordMain.runKeyword(WebUIKeywordMain.groovy:43)
	at com.kms.katalon.core.webui.keyword.builtin.ClickKeyword.click(ClickKeyword.groovy:74)
	at com.kms.katalon.core.webui.keyword.builtin.ClickKeyword.execute(ClickKeyword.groovy:40)
	at com.kms.katalon.core.keyword.internal.KeywordExecutor.executeKeywordForPlatform(KeywordExecutor.groovy:74)
	at com.kms.katalon.core.webui.keyword.WebUiBuiltInKeywords.click(WebUiBuiltInKeywords.groovy:659)
	at Selec_sobre.run(Selec_sobre:24)
	at com.kms.katalon.core.main.ScriptEngine.run(ScriptEngine.java:194)
	at com.kms.katalon.core.main.ScriptEngine.runScriptAsRawText(ScriptEngine.java:119)
	at com.kms.katalon.core.main.TestCaseExecutor.runScript(TestCaseExecutor.java:448)
	at com.kms.katalon.core.main.TestCaseExecutor.doExecute(TestCaseExecutor.java:439)
	at com.kms.katalon.core.main.TestCaseExecutor.processExecutionPhase(TestCaseExecutor.java:418)
	at com.kms.katalon.core.main.TestCaseExecutor.accessMainPhase(TestCaseExecutor.java:410)
	at com.kms.katalon.core.main.TestCaseExecutor.execute(TestCaseExecutor.java:285)
	at com.kms.katalon.core.main.TestCaseMain.runTestCase(TestCaseMain.java:137)
	at com.kms.katalon.core.keyword.builtin.CallTestCaseKeyword$_callTestCase_closure1.doCall(CallTestCaseKeyword.groovy:59)
	at com.kms.katalon.core.keyword.builtin.CallTestCaseKeyword$_callTestCase_closure1.call(CallTestCaseKeyword.groovy)
	at com.kms.katalon.core.keyword.internal.KeywordMain.runKeyword(KeywordMain.groovy:75)
	at com.kms.katalon.core.keyword.builtin.CallTestCaseKeyword.callTestCase(CallTestCaseKeyword.groovy:81)
	at com.kms.katalon.core.keyword.builtin.CallTestCaseKeyword.execute(CallTestCaseKeyword.groovy:44)
	at com.kms.katalon.core.keyword.internal.KeywordExecutor.executeKeywordForPlatform(KeywordExecutor.groovy:74)
	at com.kms.katalon.core.keyword.BuiltinKeywords.callTestCase(BuiltinKeywords.groovy:310)
	at jdk.internal.reflect.GeneratedMethodAccessor25.invoke(Unknown Source)
	at java.base/jdk.internal.reflect.DelegatingMethodAccessorImpl.invoke(DelegatingMethodAccessorImpl.java:43)
	at Destino-DO.run(Destino-DO:22)
	at com.kms.katalon.core.main.ScriptEngine.run(ScriptEngine.java:194)
	at com.kms.katalon.core.main.ScriptEngine.runScriptAsRawText(ScriptEngine.java:119)
	at com.kms.katalon.core.main.TestCaseExecutor.runScript(TestCaseExecutor.java:448)
	at com.kms.katalon.core.main.TestCaseExecutor.doExecute(TestCaseExecutor.java:439)
	at com.kms.katalon.core.main.TestCaseExecutor.processExecutionPhase(TestCaseExecutor.java:418)
	at com.kms.katalon.core.main.TestCaseExecutor.accessMainPhase(TestCaseExecutor.java:410)
	at com.kms.katalon.core.main.TestCaseExecutor.execute(TestCaseExecutor.java:285)
	at com.kms.katalon.core.common.CommonExecutor.accessTestCaseMainPhase(CommonExecutor.java:65)
	at com.kms.katalon.core.main.TestSuiteExecutor.accessTestSuiteMainPhase(TestSuiteExecutor.java:150)
	at com.kms.katalon.core.main.TestSuiteExecutor.execute(TestSuiteExecutor.java:106)
	at com.kms.katalon.core.main.TestCaseMain.startTestSuite(TestCaseMain.java:180)
	at TempTestSuite1732729948317.run(TempTestSuite1732729948317.groovy:35)
	at java.base/jdk.internal.reflect.NativeMethodAccessorImpl.invoke0(Native Method)
	at java.base/jdk.internal.reflect.NativeMethodAccessorImpl.invoke(NativeMethodAccessorImpl.java:77)
	at java.base/jdk.internal.reflect.DelegatingMethodAccessorImpl.invoke(DelegatingMethodAccessorImpl.java:43)
Caused by: org.openqa.selenium.ElementClickInterceptedException: Element <button id="btn_aceptar_tipo_envio" class="btn disabled" type="button"> is not clickable at point (675,588) because another element <div class="modal-footer"> obscures it
Build info: version: '3.141.59', revision: 'unknown', time: 'unknown'
System info: host: 'DESKTOP-RGFFP9A', ip: '10.136.10.6', os.name: 'Windows 11', os.arch: 'amd64', os.version: '10.0', java.version: '17.0.7'
Driver info: com.kms.katalon.core.webui.driver.firefox.CGeckoDriver
Capabilities {acceptInsecureCerts: true, browserName: firefox, browserVersion: 133.0, javascriptEnabled: true, moz:accessibilityChecks: false, moz:buildID: 20241121140525, moz:geckodriverVersion: 0.35.0, moz:headless: false, moz:platformVersion: 10.0, moz:processID: 6392, moz:profile: C:\Users\OLVATI\AppData\Loc..., moz:shutdownTimeout: 60000, moz:webdriverClick: true, moz:windowless: false, pageLoadStrategy: normal, platform: WINDOWS, platformName: WINDOWS, proxy: Proxy(direct), setWindowRect: true, strictFileInteractability: false, timeouts: {implicit: 0, pageLoad: 300000, script: 30000}, unhandledPromptBehavior: dismiss and notify, userAgent: Mozilla/5.0 (Windows NT 10....}
Session ID: c85eb618-b86a-421f-b389-a488d318fea6
	at jdk.internal.reflect.GeneratedConstructorAccessor32.newInstance(Unknown Source)
	at java.base/jdk.internal.reflect.DelegatingConstructorAccessorImpl.newInstance(DelegatingConstructorAccessorImpl.java:45)
	at org.openqa.selenium.remote.http.W3CHttpResponseCodec.createException(W3CHttpResponseCodec.java:187)
	at org.openqa.selenium.remote.http.W3CHttpResponseCodec.decode(W3CHttpResponseCodec.java:122)
	at org.openqa.selenium.remote.http.W3CHttpResponseCodec.decode(W3CHttpResponseCodec.java:49)
	at org.openqa.selenium.remote.HttpCommandExecutor.execute(HttpCommandExecutor.java:158)
	at org.openqa.selenium.remote.service.DriverCommandExecutor.execute(DriverCommandExecutor.java:83)
	at org.openqa.selenium.remote.RemoteWebDriver.execute(RemoteWebDriver.java:552)
	at com.kms.katalon.selenium.driver.CFirefoxDriver.execute(CFirefoxDriver.java:28)
	at org.openqa.selenium.remote.RemoteWebElement.execute(RemoteWebElement.java:285)
	at org.openqa.selenium.remote.RemoteWebElement.click(RemoteWebElement.java:84)
	at jdk.internal.reflect.GeneratedMethodAccessor10.invoke(Unknown Source)
	at java.base/jdk.internal.reflect.DelegatingMethodAccessorImpl.invoke(DelegatingMethodAccessorImpl.java:43)
	at org.openqa.selenium.support.events.EventFiringWebDriver$EventFiringWebElement.lambda$new$0(EventFiringWebDriver.java:404)
	at jdk.proxy2/jdk.proxy2.$Proxy21.click(Unknown Source)
	at org.openqa.selenium.support.events.EventFiringWebDriver$EventFiringWebElement.click(EventFiringWebDriver.java:417)
	at org.openqa.selenium.WebElement$click.call(Unknown Source)
	at com.kms.katalon.core.webui.keyword.builtin.ClickKeyword.clickUntilSuccessWithTimeout(ClickKeyword.groovy:81)
	at com.kms.katalon.core.webui.keyword.builtin.ClickKeyword.clickUntilSuccessWithTimeout(ClickKeyword.groovy)
	at jdk.internal.reflect.GeneratedMethodAccessor8.invoke(Unknown Source)
	at java.base/jdk.internal.reflect.DelegatingMethodAccessorImpl.invoke(DelegatingMethodAccessorImpl.java:43)
	at com.kms.katalon.core.webui.keyword.builtin.ClickKeyword$_click_closure1.doCall(ClickKeyword.groovy:67)
	at com.kms.katalon.core.webui.keyword.builtin.ClickKeyword$_click_closure1.call(ClickKeyword.groovy)
	at com.kms.katalon.core.webui.keyword.internal.WebUIKeywordMain.runKeyword(WebUIKeywordMain.groovy:35)
	at com.kms.katalon.core.webui.keyword.builtin.ClickKeyword.click(ClickKeyword.groovy:74)
	at com.kms.katalon.core.webui.keyword.builtin.ClickKeyword.execute(ClickKeyword.groovy:40)
	at com.kms.katalon.core.keyword.internal.KeywordExecutor.executeKeywordForPlatform(KeywordExecutor.groovy:74)
	at com.kms.katalon.core.webui.keyword.WebUiBuiltInKeywords.click(WebUiBuiltInKeywords.groovy:659)
	at Script1732083570761.run(Script1732083570761.groovy:24)
	at com.kms.katalon.core.main.ScriptEngine.run(ScriptEngine.java:194)
	at com.kms.katalon.core.main.ScriptEngine.runScriptAsRawText(ScriptEngine.java:119)
	at com.kms.katalon.core.main.TestCaseExecutor.runScript(TestCaseExecutor.java:448)
	at com.kms.katalon.core.main.TestCaseExecutor.doExecute(TestCaseExecutor.java:439)
	at com.kms.katalon.core.main.TestCaseExecutor.processExecutionPhase(TestCaseExecutor.java:418)
	at com.kms.katalon.core.main.TestCaseExecutor.accessMainPhase(TestCaseExecutor.java:410)
	at com.kms.katalon.core.main.TestCaseExecutor.execute(TestCaseExecutor.java:285)
	at com.kms.katalon.core.main.TestCaseMain.runTestCase(TestCaseMain.java:137)
	at com.kms.katalon.core.keyword.builtin.CallTestCaseKeyword$_callTestCase_closure1.doCall(CallTestCaseKeyword.groovy:59)
	at com.kms.katalon.core.keyword.builtin.CallTestCaseKeyword$_callTestCase_closure1.call(CallTestCaseKeyword.groovy)
	at com.kms.katalon.core.keyword.internal.KeywordMain.runKeyword(KeywordMain.groovy:75)
	at com.kms.katalon.core.keyword.builtin.CallTestCaseKeyword.callTestCase(CallTestCaseKeyword.groovy:81)
	at com.kms.katalon.core.keyword.builtin.CallTestCaseKeyword.execute(CallTestCaseKeyword.groovy:44)
	at com.kms.katalon.core.keyword.internal.KeywordExecutor.executeKeywordForPlatform(KeywordExecutor.groovy:74)
	at com.kms.katalon.core.keyword.BuiltinKeywords.callTestCase(BuiltinKeywords.groovy:310)
	at jdk.internal.reflect.GeneratedMethodAccessor25.invoke(Unknown Source)
	at java.base/jdk.internal.reflect.DelegatingMethodAccessorImpl.invoke(DelegatingMethodAccessorImpl.java:43)
	at Script1732341473624.run(Script1732341473624.groovy:22)
	... 15 more
)

27-11-2024T13:27:46 - [MESSAGE][FAILED] - Unable to call Test Case 'Test Cases/1.Inicio/1.1Principal/Selec_sobre' (Root cause: com.kms.katalon.core.exception.StepFailedException: Call Test Case 'Test Cases/1.Inicio/1.1Principal/Selec_sobre' failed
	at com.kms.katalon.core.keyword.builtin.CallTestCaseKeyword$_callTestCase_closure1.doCall(CallTestCaseKeyword.groovy:63)
	at com.kms.katalon.core.keyword.builtin.CallTestCaseKeyword$_callTestCase_closure1.call(CallTestCaseKeyword.groovy)
	at com.kms.katalon.core.keyword.internal.KeywordMain.runKeyword(KeywordMain.groovy:75)
	at com.kms.katalon.core.keyword.builtin.CallTestCaseKeyword.callTestCase(CallTestCaseKeyword.groovy:81)
	at com.kms.katalon.core.keyword.builtin.CallTestCaseKeyword.execute(CallTestCaseKeyword.groovy:44)
	at com.kms.katalon.core.keyword.internal.KeywordExecutor.executeKeywordForPlatform(KeywordExecutor.groovy:74)
	at com.kms.katalon.core.keyword.BuiltinKeywords.callTestCase(BuiltinKeywords.groovy:310)
	at jdk.internal.reflect.GeneratedMethodAccessor25.invoke(Unknown Source)
	at java.base/jdk.internal.reflect.DelegatingMethodAccessorImpl.invoke(DelegatingMethodAccessorImpl.java:43)
	at Destino-DO.run(Destino-DO:22)
	at com.kms.katalon.core.main.ScriptEngine.run(ScriptEngine.java:194)
	at com.kms.katalon.core.main.ScriptEngine.runScriptAsRawText(ScriptEngine.java:119)
	at com.kms.katalon.core.main.TestCaseExecutor.runScript(TestCaseExecutor.java:448)
	at com.kms.katalon.core.main.TestCaseExecutor.doExecute(TestCaseExecutor.java:439)
	at com.kms.katalon.core.main.TestCaseExecutor.processExecutionPhase(TestCaseExecutor.java:418)
	at com.kms.katalon.core.main.TestCaseExecutor.accessMainPhase(TestCaseExecutor.java:410)
	at com.kms.katalon.core.main.TestCaseExecutor.execute(TestCaseExecutor.java:285)
	at com.kms.katalon.core.common.CommonExecutor.accessTestCaseMainPhase(CommonExecutor.java:65)
	at com.kms.katalon.core.main.TestSuiteExecutor.accessTestSuiteMainPhase(TestSuiteExecutor.java:150)
	at com.kms.katalon.core.main.TestSuiteExecutor.execute(TestSuiteExecutor.java:106)
	at com.kms.katalon.core.main.TestCaseMain.startTestSuite(TestCaseMain.java:180)
	at TempTestSuite1732729948317.run(TempTestSuite1732729948317.groovy:35)
	at java.base/jdk.internal.reflect.NativeMethodAccessorImpl.invoke0(Native Method)
	at java.base/jdk.internal.reflect.NativeMethodAccessorImpl.invoke(NativeMethodAccessorImpl.java:77)
	at java.base/jdk.internal.reflect.DelegatingMethodAccessorImpl.invoke(DelegatingMethodAccessorImpl.java:43)
Caused by: com.kms.katalon.core.exception.StepFailedException: Unable to click on object 'Object Repository/Principal/Page_Olva Courier  Home/button_CONTINUAR (2)'
	at com.kms.katalon.core.webui.keyword.internal.WebUIKeywordMain.stepFailed(WebUIKeywordMain.groovy:117)
	at com.kms.katalon.core.webui.keyword.internal.WebUIKeywordMain.runKeyword(WebUIKeywordMain.groovy:43)
	at com.kms.katalon.core.webui.keyword.builtin.ClickKeyword.click(ClickKeyword.groovy:74)
	at com.kms.katalon.core.webui.keyword.builtin.ClickKeyword.execute(ClickKeyword.groovy:40)
	at com.kms.katalon.core.keyword.internal.KeywordExecutor.executeKeywordForPlatform(KeywordExecutor.groovy:74)
	at com.kms.katalon.core.webui.keyword.WebUiBuiltInKeywords.click(WebUiBuiltInKeywords.groovy:659)
	at Selec_sobre.run(Selec_sobre:24)
	at com.kms.katalon.core.main.ScriptEngine.run(ScriptEngine.java:194)
	at com.kms.katalon.core.main.ScriptEngine.runScriptAsRawText(ScriptEngine.java:119)
	at com.kms.katalon.core.main.TestCaseExecutor.runScript(TestCaseExecutor.java:448)
	at com.kms.katalon.core.main.TestCaseExecutor.doExecute(TestCaseExecutor.java:439)
	at com.kms.katalon.core.main.TestCaseExecutor.processExecutionPhase(TestCaseExecutor.java:418)
	at com.kms.katalon.core.main.TestCaseExecutor.accessMainPhase(TestCaseExecutor.java:410)
	at com.kms.katalon.core.main.TestCaseExecutor.execute(TestCaseExecutor.java:285)
	at com.kms.katalon.core.main.TestCaseMain.runTestCase(TestCaseMain.java:137)
	at com.kms.katalon.core.keyword.builtin.CallTestCaseKeyword$_callTestCase_closure1.doCall(CallTestCaseKeyword.groovy:59)
	... 24 more
Caused by: org.openqa.selenium.ElementClickInterceptedException: Element <button id="btn_aceptar_tipo_envio" class="btn disabled" type="button"> is not clickable at point (675,588) because another element <div class="modal-footer"> obscures it
Build info: version: '3.141.59', revision: 'unknown', time: 'unknown'
System info: host: 'DESKTOP-RGFFP9A', ip: '10.136.10.6', os.name: 'Windows 11', os.arch: 'amd64', os.version: '10.0', java.version: '17.0.7'
Driver info: com.kms.katalon.core.webui.driver.firefox.CGeckoDriver
Capabilities {acceptInsecureCerts: true, browserName: firefox, browserVersion: 133.0, javascriptEnabled: true, moz:accessibilityChecks: false, moz:buildID: 20241121140525, moz:geckodriverVersion: 0.35.0, moz:headless: false, moz:platformVersion: 10.0, moz:processID: 6392, moz:profile: C:\Users\OLVATI\AppData\Loc..., moz:shutdownTimeout: 60000, moz:webdriverClick: true, moz:windowless: false, pageLoadStrategy: normal, platform: WINDOWS, platformName: WINDOWS, proxy: Proxy(direct), setWindowRect: true, strictFileInteractability: false, timeouts: {implicit: 0, pageLoad: 300000, script: 30000}, unhandledPromptBehavior: dismiss and notify, userAgent: Mozilla/5.0 (Windows NT 10....}
Session ID: c85eb618-b86a-421f-b389-a488d318fea6
	at jdk.internal.reflect.GeneratedConstructorAccessor32.newInstance(Unknown Source)
	at java.base/jdk.internal.reflect.DelegatingConstructorAccessorImpl.newInstance(DelegatingConstructorAccessorImpl.java:45)
	at org.openqa.selenium.remote.http.W3CHttpResponseCodec.createException(W3CHttpResponseCodec.java:187)
	at org.openqa.selenium.remote.http.W3CHttpResponseCodec.decode(W3CHttpResponseCodec.java:122)
	at org.openqa.selenium.remote.http.W3CHttpResponseCodec.decode(W3CHttpResponseCodec.java:49)
	at org.openqa.selenium.remote.HttpCommandExecutor.execute(HttpCommandExecutor.java:158)
	at org.openqa.selenium.remote.service.DriverCommandExecutor.execute(DriverCommandExecutor.java:83)
	at org.openqa.selenium.remote.RemoteWebDriver.execute(RemoteWebDriver.java:552)
	at com.kms.katalon.selenium.driver.CFirefoxDriver.execute(CFirefoxDriver.java:28)
	at org.openqa.selenium.remote.RemoteWebElement.execute(RemoteWebElement.java:285)
	at org.openqa.selenium.remote.RemoteWebElement.click(RemoteWebElement.java:84)
	at jdk.internal.reflect.GeneratedMethodAccessor10.invoke(Unknown Source)
	at java.base/jdk.internal.reflect.DelegatingMethodAccessorImpl.invoke(DelegatingMethodAccessorImpl.java:43)
	at org.openqa.selenium.support.events.EventFiringWebDriver$EventFiringWebElement.lambda$new$0(EventFiringWebDriver.java:404)
	at jdk.proxy2/jdk.proxy2.$Proxy21.click(Unknown Source)
	at org.openqa.selenium.support.events.EventFiringWebDriver$EventFiringWebElement.click(EventFiringWebDriver.java:417)
	at org.openqa.selenium.WebElement$click.call(Unknown Source)
	at com.kms.katalon.core.webui.keyword.builtin.ClickKeyword.clickUntilSuccessWithTimeout(ClickKeyword.groovy:81)
	at com.kms.katalon.core.webui.keyword.builtin.ClickKeyword.clickUntilSuccessWithTimeout(ClickKeyword.groovy)
	at jdk.internal.reflect.GeneratedMethodAccessor8.invoke(Unknown Source)
	at java.base/jdk.internal.reflect.DelegatingMethodAccessorImpl.invoke(DelegatingMethodAccessorImpl.java:43)
	at com.kms.katalon.core.webui.keyword.builtin.ClickKeyword$_click_closure1.doCall(ClickKeyword.groovy:67)
	at com.kms.katalon.core.webui.keyword.builtin.ClickKeyword$_click_closure1.call(ClickKeyword.groovy)
	at com.kms.katalon.core.webui.keyword.internal.WebUIKeywordMain.runKeyword(WebUIKeywordMain.groovy:35)
	... 38 more
)]]></system-out>
         <system-err><![CDATA[27-11-2024T13:27:05 - [TEST_CASE][FAILED] - Test Cases/2.Positivos/2.2Sobre/Origen-Provincia/3.Destino-D,DO,O/Destino-DO: Test Cases/2.Positivos/2.2Sobre/Origen-Provincia/3.Destino-D,DO,O/Destino-DO FAILED.
Reason:
com.kms.katalon.core.exception.StepFailedException: Call Test Case 'Test Cases/1.Inicio/1.1Principal/Selec_sobre' failed
	at com.kms.katalon.core.keyword.builtin.CallTestCaseKeyword$_callTestCase_closure1.doCall(CallTestCaseKeyword.groovy:63)
	at com.kms.katalon.core.keyword.builtin.CallTestCaseKeyword$_callTestCase_closure1.call(CallTestCaseKeyword.groovy)
	at com.kms.katalon.core.keyword.internal.KeywordMain.runKeyword(KeywordMain.groovy:75)
	at com.kms.katalon.core.keyword.builtin.CallTestCaseKeyword.callTestCase(CallTestCaseKeyword.groovy:81)
	at com.kms.katalon.core.keyword.builtin.CallTestCaseKeyword.execute(CallTestCaseKeyword.groovy:44)
	at com.kms.katalon.core.keyword.internal.KeywordExecutor.executeKeywordForPlatform(KeywordExecutor.groovy:74)
	at com.kms.katalon.core.keyword.BuiltinKeywords.callTestCase(BuiltinKeywords.groovy:310)
	at jdk.internal.reflect.GeneratedMethodAccessor25.invoke(Unknown Source)
	at java.base/jdk.internal.reflect.DelegatingMethodAccessorImpl.invoke(DelegatingMethodAccessorImpl.java:43)
	at Destino-DO.run(Destino-DO:22)
	at com.kms.katalon.core.main.ScriptEngine.run(ScriptEngine.java:194)
	at com.kms.katalon.core.main.ScriptEngine.runScriptAsRawText(ScriptEngine.java:119)
	at com.kms.katalon.core.main.TestCaseExecutor.runScript(TestCaseExecutor.java:448)
	at com.kms.katalon.core.main.TestCaseExecutor.doExecute(TestCaseExecutor.java:439)
	at com.kms.katalon.core.main.TestCaseExecutor.processExecutionPhase(TestCaseExecutor.java:418)
	at com.kms.katalon.core.main.TestCaseExecutor.accessMainPhase(TestCaseExecutor.java:410)
	at com.kms.katalon.core.main.TestCaseExecutor.execute(TestCaseExecutor.java:285)
	at com.kms.katalon.core.common.CommonExecutor.accessTestCaseMainPhase(CommonExecutor.java:65)
	at com.kms.katalon.core.main.TestSuiteExecutor.accessTestSuiteMainPhase(TestSuiteExecutor.java:150)
	at com.kms.katalon.core.main.TestSuiteExecutor.execute(TestSuiteExecutor.java:106)
	at com.kms.katalon.core.main.TestCaseMain.startTestSuite(TestCaseMain.java:180)
	at TempTestSuite1732729948317.run(TempTestSuite1732729948317.groovy:35)
	at java.base/jdk.internal.reflect.NativeMethodAccessorImpl.invoke0(Native Method)
	at java.base/jdk.internal.reflect.NativeMethodAccessorImpl.invoke(NativeMethodAccessorImpl.java:77)
	at java.base/jdk.internal.reflect.DelegatingMethodAccessorImpl.invoke(DelegatingMethodAccessorImpl.java:43)
Caused by: com.kms.katalon.core.exception.StepFailedException: Unable to click on object 'Object Repository/Principal/Page_Olva Courier  Home/button_CONTINUAR (2)'
	at com.kms.katalon.core.webui.keyword.internal.WebUIKeywordMain.stepFailed(WebUIKeywordMain.groovy:117)
	at com.kms.katalon.core.webui.keyword.internal.WebUIKeywordMain.runKeyword(WebUIKeywordMain.groovy:43)
	at com.kms.katalon.core.webui.keyword.builtin.ClickKeyword.click(ClickKeyword.groovy:74)
	at com.kms.katalon.core.webui.keyword.builtin.ClickKeyword.execute(ClickKeyword.groovy:40)
	at com.kms.katalon.core.keyword.internal.KeywordExecutor.executeKeywordForPlatform(KeywordExecutor.groovy:74)
	at com.kms.katalon.core.webui.keyword.WebUiBuiltInKeywords.click(WebUiBuiltInKeywords.groovy:659)
	at Selec_sobre.run(Selec_sobre:24)
	at com.kms.katalon.core.main.ScriptEngine.run(ScriptEngine.java:194)
	at com.kms.katalon.core.main.ScriptEngine.runScriptAsRawText(ScriptEngine.java:119)
	at com.kms.katalon.core.main.TestCaseExecutor.runScript(TestCaseExecutor.java:448)
	at com.kms.katalon.core.main.TestCaseExecutor.doExecute(TestCaseExecutor.java:439)
	at com.kms.katalon.core.main.TestCaseExecutor.processExecutionPhase(TestCaseExecutor.java:418)
	at com.kms.katalon.core.main.TestCaseExecutor.accessMainPhase(TestCaseExecutor.java:410)
	at com.kms.katalon.core.main.TestCaseExecutor.execute(TestCaseExecutor.java:285)
	at com.kms.katalon.core.main.TestCaseMain.runTestCase(TestCaseMain.java:137)
	at com.kms.katalon.core.keyword.builtin.CallTestCaseKeyword$_callTestCase_closure1.doCall(CallTestCaseKeyword.groovy:59)
	... 24 more
Caused by: org.openqa.selenium.ElementClickInterceptedException: Element <button id="btn_aceptar_tipo_envio" class="btn disabled" type="button"> is not clickable at point (675,588) because another element <div class="modal-footer"> obscures it
Build info: version: '3.141.59', revision: 'unknown', time: 'unknown'
System info: host: 'DESKTOP-RGFFP9A', ip: '10.136.10.6', os.name: 'Windows 11', os.arch: 'amd64', os.version: '10.0', java.version: '17.0.7'
Driver info: com.kms.katalon.core.webui.driver.firefox.CGeckoDriver
Capabilities {acceptInsecureCerts: true, browserName: firefox, browserVersion: 133.0, javascriptEnabled: true, moz:accessibilityChecks: false, moz:buildID: 20241121140525, moz:geckodriverVersion: 0.35.0, moz:headless: false, moz:platformVersion: 10.0, moz:processID: 6392, moz:profile: C:\Users\OLVATI\AppData\Loc..., moz:shutdownTimeout: 60000, moz:webdriverClick: true, moz:windowless: false, pageLoadStrategy: normal, platform: WINDOWS, platformName: WINDOWS, proxy: Proxy(direct), setWindowRect: true, strictFileInteractability: false, timeouts: {implicit: 0, pageLoad: 300000, script: 30000}, unhandledPromptBehavior: dismiss and notify, userAgent: Mozilla/5.0 (Windows NT 10....}
Session ID: c85eb618-b86a-421f-b389-a488d318fea6
	at jdk.internal.reflect.GeneratedConstructorAccessor32.newInstance(Unknown Source)
	at java.base/jdk.internal.reflect.DelegatingConstructorAccessorImpl.newInstance(DelegatingConstructorAccessorImpl.java:45)
	at org.openqa.selenium.remote.http.W3CHttpResponseCodec.createException(W3CHttpResponseCodec.java:187)
	at org.openqa.selenium.remote.http.W3CHttpResponseCodec.decode(W3CHttpResponseCodec.java:122)
	at org.openqa.selenium.remote.http.W3CHttpResponseCodec.decode(W3CHttpResponseCodec.java:49)
	at org.openqa.selenium.remote.HttpCommandExecutor.execute(HttpCommandExecutor.java:158)
	at org.openqa.selenium.remote.service.DriverCommandExecutor.execute(DriverCommandExecutor.java:83)
	at org.openqa.selenium.remote.RemoteWebDriver.execute(RemoteWebDriver.java:552)
	at com.kms.katalon.selenium.driver.CFirefoxDriver.execute(CFirefoxDriver.java:28)
	at org.openqa.selenium.remote.RemoteWebElement.execute(RemoteWebElement.java:285)
	at org.openqa.selenium.remote.RemoteWebElement.click(RemoteWebElement.java:84)
	at jdk.internal.reflect.GeneratedMethodAccessor10.invoke(Unknown Source)
	at java.base/jdk.internal.reflect.DelegatingMethodAccessorImpl.invoke(DelegatingMethodAccessorImpl.java:43)
	at org.openqa.selenium.support.events.EventFiringWebDriver$EventFiringWebElement.lambda$new$0(EventFiringWebDriver.java:404)
	at jdk.proxy2/jdk.proxy2.$Proxy21.click(Unknown Source)
	at org.openqa.selenium.support.events.EventFiringWebDriver$EventFiringWebElement.click(EventFiringWebDriver.java:417)
	at org.openqa.selenium.WebElement$click.call(Unknown Source)
	at com.kms.katalon.core.webui.keyword.builtin.ClickKeyword.clickUntilSuccessWithTimeout(ClickKeyword.groovy:81)
	at com.kms.katalon.core.webui.keyword.builtin.ClickKeyword.clickUntilSuccessWithTimeout(ClickKeyword.groovy)
	at jdk.internal.reflect.GeneratedMethodAccessor8.invoke(Unknown Source)
	at java.base/jdk.internal.reflect.DelegatingMethodAccessorImpl.invoke(DelegatingMethodAccessorImpl.java:43)
	at com.kms.katalon.core.webui.keyword.builtin.ClickKeyword$_click_closure1.doCall(ClickKeyword.groovy:67)
	at com.kms.katalon.core.webui.keyword.builtin.ClickKeyword$_click_closure1.call(ClickKeyword.groovy)
	at com.kms.katalon.core.webui.keyword.internal.WebUIKeywordMain.runKeyword(WebUIKeywordMain.groovy:35)
	... 38 more]]></system-err>
      </testcase>
      <testcase name="Test Cases/2.Positivos/2.2Sobre/Origen-Provincia/3.Destino-D,DO,O/Destino-D" time="40.307" classname="Test Cases/2.Positivos/2.2Sobre/Origen-Provincia/3.Destino-D,DO,O/Destino-D" status="FAILED">
         <failure type="FAILED" message="Test Cases/2.Positivos/2.2Sobre/Origen-Provincia/3.Destino-D,DO,O/Destino-D FAILED.&#xa;Reason:&#xa;com.kms.katalon.core.exception.StepFailedException: Call Test Case 'Test Cases/1.Inicio/1.1Principal/Selec_sobre' failed&#xa;	at com.kms.katalon.core.keyword.builtin.CallTestCaseKeyword$_callTestCase_closure1.doCall(CallTestCaseKeyword.groovy:63)&#xa;	at com.kms.katalon.core.keyword.builtin.CallTestCaseKeyword$_callTestCase_closure1.call(CallTestCaseKeyword.groovy)&#xa;	at com.kms.katalon.core.keyword.internal.KeywordMain.runKeyword(KeywordMain.groovy:75)&#xa;	at com.kms.katalon.core.keyword.builtin.CallTestCaseKeyword.callTestCase(CallTestCaseKeyword.groovy:81)&#xa;	at com.kms.katalon.core.keyword.builtin.CallTestCaseKeyword.execute(CallTestCaseKeyword.groovy:44)&#xa;	at com.kms.katalon.core.keyword.internal.KeywordExecutor.executeKeywordForPlatform(KeywordExecutor.groovy:74)&#xa;	at com.kms.katalon.core.keyword.BuiltinKeywords.callTestCase(BuiltinKeywords.groovy:310)&#xa;	at jdk.internal.reflect.GeneratedMethodAccessor25.invoke(Unknown Source)&#xa;	at java.base/jdk.internal.reflect.DelegatingMethodAccessorImpl.invoke(DelegatingMethodAccessorImpl.java:43)&#xa;	at Destino-D.run(Destino-D:22)&#xa;	at com.kms.katalon.core.main.ScriptEngine.run(ScriptEngine.java:194)&#xa;	at com.kms.katalon.core.main.ScriptEngine.runScriptAsRawText(ScriptEngine.java:119)&#xa;	at com.kms.katalon.core.main.TestCaseExecutor.runScript(TestCaseExecutor.java:448)&#xa;	at com.kms.katalon.core.main.TestCaseExecutor.doExecute(TestCaseExecutor.java:439)&#xa;	at com.kms.katalon.core.main.TestCaseExecutor.processExecutionPhase(TestCaseExecutor.java:418)&#xa;	at com.kms.katalon.core.main.TestCaseExecutor.accessMainPhase(TestCaseExecutor.java:410)&#xa;	at com.kms.katalon.core.main.TestCaseExecutor.execute(TestCaseExecutor.java:285)&#xa;	at com.kms.katalon.core.common.CommonExecutor.accessTestCaseMainPhase(CommonExecutor.java:65)&#xa;	at com.kms.katalon.core.main.TestSuiteExecutor.accessTestSuiteMainPhase(TestSuiteExecutor.java:150)&#xa;	at com.kms.katalon.core.main.TestSuiteExecutor.execute(TestSuiteExecutor.java:106)&#xa;	at com.kms.katalon.core.main.TestCaseMain.startTestSuite(TestCaseMain.java:180)&#xa;	at TempTestSuite1732729948317.run(TempTestSuite1732729948317.groovy:35)&#xa;	at java.base/jdk.internal.reflect.NativeMethodAccessorImpl.invoke0(Native Method)&#xa;	at java.base/jdk.internal.reflect.NativeMethodAccessorImpl.invoke(NativeMethodAccessorImpl.java:77)&#xa;	at java.base/jdk.internal.reflect.DelegatingMethodAccessorImpl.invoke(DelegatingMethodAccessorImpl.java:43)&#xa;Caused by: com.kms.katalon.core.exception.StepFailedException: Unable to click on object 'Object Repository/Principal/Page_Olva Courier  Home/button_CONTINUAR (2)'&#xa;	at com.kms.katalon.core.webui.keyword.internal.WebUIKeywordMain.stepFailed(WebUIKeywordMain.groovy:117)&#xa;	at com.kms.katalon.core.webui.keyword.internal.WebUIKeywordMain.runKeyword(WebUIKeywordMain.groovy:43)&#xa;	at com.kms.katalon.core.webui.keyword.builtin.ClickKeyword.click(ClickKeyword.groovy:74)&#xa;	at com.kms.katalon.core.webui.keyword.builtin.ClickKeyword.execute(ClickKeyword.groovy:40)&#xa;	at com.kms.katalon.core.keyword.internal.KeywordExecutor.executeKeywordForPlatform(KeywordExecutor.groovy:74)&#xa;	at com.kms.katalon.core.webui.keyword.WebUiBuiltInKeywords.click(WebUiBuiltInKeywords.groovy:659)&#xa;	at Selec_sobre.run(Selec_sobre:24)&#xa;	at com.kms.katalon.core.main.ScriptEngine.run(ScriptEngine.java:194)&#xa;	at com.kms.katalon.core.main.ScriptEngine.runScriptAsRawText(ScriptEngine.java:119)&#xa;	at com.kms.katalon.core.main.TestCaseExecutor.runScript(TestCaseExecutor.java:448)&#xa;	at com.kms.katalon.core.main.TestCaseExecutor.doExecute(TestCaseExecutor.java:439)&#xa;	at com.kms.katalon.core.main.TestCaseExecutor.processExecutionPhase(TestCaseExecutor.java:418)&#xa;	at com.kms.katalon.core.main.TestCaseExecutor.accessMainPhase(TestCaseExecutor.java:410)&#xa;	at com.kms.katalon.core.main.TestCaseExecutor.execute(TestCaseExecutor.java:285)&#xa;	at com.kms.katalon.core.main.TestCaseMain.runTestCase(TestCaseMain.java:137)&#xa;	at com.kms.katalon.core.keyword.builtin.CallTestCaseKeyword$_callTestCase_closure1.doCall(CallTestCaseKeyword.groovy:59)&#xa;	... 24 more&#xa;Caused by: org.openqa.selenium.ElementClickInterceptedException: Element &lt;button id=&quot;btn_aceptar_tipo_envio&quot; class=&quot;btn disabled&quot; type=&quot;button&quot;> is not clickable at point (675,588) because another element &lt;div class=&quot;modal-footer&quot;> obscures it&#xa;Build info: version: '3.141.59', revision: 'unknown', time: 'unknown'&#xa;System info: host: 'DESKTOP-RGFFP9A', ip: '10.136.10.6', os.name: 'Windows 11', os.arch: 'amd64', os.version: '10.0', java.version: '17.0.7'&#xa;Driver info: com.kms.katalon.core.webui.driver.firefox.CGeckoDriver&#xa;Capabilities {acceptInsecureCerts: true, browserName: firefox, browserVersion: 133.0, javascriptEnabled: true, moz:accessibilityChecks: false, moz:buildID: 20241121140525, moz:geckodriverVersion: 0.35.0, moz:headless: false, moz:platformVersion: 10.0, moz:processID: 20540, moz:profile: C:\Users\OLVATI\AppData\Loc..., moz:shutdownTimeout: 60000, moz:webdriverClick: true, moz:windowless: false, pageLoadStrategy: normal, platform: WINDOWS, platformName: WINDOWS, proxy: Proxy(direct), setWindowRect: true, strictFileInteractability: false, timeouts: {implicit: 0, pageLoad: 300000, script: 30000}, unhandledPromptBehavior: dismiss and notify, userAgent: Mozilla/5.0 (Windows NT 10....}&#xa;Session ID: 90526da0-1f32-4797-90ac-e9963998cef3&#xa;	at jdk.internal.reflect.GeneratedConstructorAccessor32.newInstance(Unknown Source)&#xa;	at java.base/jdk.internal.reflect.DelegatingConstructorAccessorImpl.newInstance(DelegatingConstructorAccessorImpl.java:45)&#xa;	at org.openqa.selenium.remote.http.W3CHttpResponseCodec.createException(W3CHttpResponseCodec.java:187)&#xa;	at org.openqa.selenium.remote.http.W3CHttpResponseCodec.decode(W3CHttpResponseCodec.java:122)&#xa;	at org.openqa.selenium.remote.http.W3CHttpResponseCodec.decode(W3CHttpResponseCodec.java:49)&#xa;	at org.openqa.selenium.remote.HttpCommandExecutor.execute(HttpCommandExecutor.java:158)&#xa;	at org.openqa.selenium.remote.service.DriverCommandExecutor.execute(DriverCommandExecutor.java:83)&#xa;	at org.openqa.selenium.remote.RemoteWebDriver.execute(RemoteWebDriver.java:552)&#xa;	at com.kms.katalon.selenium.driver.CFirefoxDriver.execute(CFirefoxDriver.java:28)&#xa;	at org.openqa.selenium.remote.RemoteWebElement.execute(RemoteWebElement.java:285)&#xa;	at org.openqa.selenium.remote.RemoteWebElement.click(RemoteWebElement.java:84)&#xa;	at jdk.internal.reflect.GeneratedMethodAccessor10.invoke(Unknown Source)&#xa;	at java.base/jdk.internal.reflect.DelegatingMethodAccessorImpl.invoke(DelegatingMethodAccessorImpl.java:43)&#xa;	at org.openqa.selenium.support.events.EventFiringWebDriver$EventFiringWebElement.lambda$new$0(EventFiringWebDriver.java:404)&#xa;	at jdk.proxy2/jdk.proxy2.$Proxy21.click(Unknown Source)&#xa;	at org.openqa.selenium.support.events.EventFiringWebDriver$EventFiringWebElement.click(EventFiringWebDriver.java:417)&#xa;	at org.openqa.selenium.WebElement$click.call(Unknown Source)&#xa;	at com.kms.katalon.core.webui.keyword.builtin.ClickKeyword.clickUntilSuccessWithTimeout(ClickKeyword.groovy:81)&#xa;	at com.kms.katalon.core.webui.keyword.builtin.ClickKeyword.clickUntilSuccessWithTimeout(ClickKeyword.groovy)&#xa;	at jdk.internal.reflect.GeneratedMethodAccessor8.invoke(Unknown Source)&#xa;	at java.base/jdk.internal.reflect.DelegatingMethodAccessorImpl.invoke(DelegatingMethodAccessorImpl.java:43)&#xa;	at com.kms.katalon.core.webui.keyword.builtin.ClickKeyword$_click_closure1.doCall(ClickKeyword.groovy:67)&#xa;	at com.kms.katalon.core.webui.keyword.builtin.ClickKeyword$_click_closure1.call(ClickKeyword.groovy)&#xa;	at com.kms.katalon.core.webui.keyword.internal.WebUIKeywordMain.runKeyword(WebUIKeywordMain.groovy:35)&#xa;	... 38 more&#xa;"/>
         <system-out><![CDATA[27-11-2024T13:27:46 - [TEST_CASE][FAILED] - Test Cases/2.Positivos/2.2Sobre/Origen-Provincia/3.Destino-D,DO,O/Destino-D: Test Cases/2.Positivos/2.2Sobre/Origen-Provincia/3.Destino-D,DO,O/Destino-D FAILED.
Reason:
com.kms.katalon.core.exception.StepFailedException: Call Test Case 'Test Cases/1.Inicio/1.1Principal/Selec_sobre' failed
	at com.kms.katalon.core.keyword.builtin.CallTestCaseKeyword$_callTestCase_closure1.doCall(CallTestCaseKeyword.groovy:63)
	at com.kms.katalon.core.keyword.builtin.CallTestCaseKeyword$_callTestCase_closure1.call(CallTestCaseKeyword.groovy)
	at com.kms.katalon.core.keyword.internal.KeywordMain.runKeyword(KeywordMain.groovy:75)
	at com.kms.katalon.core.keyword.builtin.CallTestCaseKeyword.callTestCase(CallTestCaseKeyword.groovy:81)
	at com.kms.katalon.core.keyword.builtin.CallTestCaseKeyword.execute(CallTestCaseKeyword.groovy:44)
	at com.kms.katalon.core.keyword.internal.KeywordExecutor.executeKeywordForPlatform(KeywordExecutor.groovy:74)
	at com.kms.katalon.core.keyword.BuiltinKeywords.callTestCase(BuiltinKeywords.groovy:310)
	at jdk.internal.reflect.GeneratedMethodAccessor25.invoke(Unknown Source)
	at java.base/jdk.internal.reflect.DelegatingMethodAccessorImpl.invoke(DelegatingMethodAccessorImpl.java:43)
	at Destino-D.run(Destino-D:22)
	at com.kms.katalon.core.main.ScriptEngine.run(ScriptEngine.java:194)
	at com.kms.katalon.core.main.ScriptEngine.runScriptAsRawText(ScriptEngine.java:119)
	at com.kms.katalon.core.main.TestCaseExecutor.runScript(TestCaseExecutor.java:448)
	at com.kms.katalon.core.main.TestCaseExecutor.doExecute(TestCaseExecutor.java:439)
	at com.kms.katalon.core.main.TestCaseExecutor.processExecutionPhase(TestCaseExecutor.java:418)
	at com.kms.katalon.core.main.TestCaseExecutor.accessMainPhase(TestCaseExecutor.java:410)
	at com.kms.katalon.core.main.TestCaseExecutor.execute(TestCaseExecutor.java:285)
	at com.kms.katalon.core.common.CommonExecutor.accessTestCaseMainPhase(CommonExecutor.java:65)
	at com.kms.katalon.core.main.TestSuiteExecutor.accessTestSuiteMainPhase(TestSuiteExecutor.java:150)
	at com.kms.katalon.core.main.TestSuiteExecutor.execute(TestSuiteExecutor.java:106)
	at com.kms.katalon.core.main.TestCaseMain.startTestSuite(TestCaseMain.java:180)
	at TempTestSuite1732729948317.run(TempTestSuite1732729948317.groovy:35)
	at java.base/jdk.internal.reflect.NativeMethodAccessorImpl.invoke0(Native Method)
	at java.base/jdk.internal.reflect.NativeMethodAccessorImpl.invoke(NativeMethodAccessorImpl.java:77)
	at java.base/jdk.internal.reflect.DelegatingMethodAccessorImpl.invoke(DelegatingMethodAccessorImpl.java:43)
Caused by: com.kms.katalon.core.exception.StepFailedException: Unable to click on object 'Object Repository/Principal/Page_Olva Courier  Home/button_CONTINUAR (2)'
	at com.kms.katalon.core.webui.keyword.internal.WebUIKeywordMain.stepFailed(WebUIKeywordMain.groovy:117)
	at com.kms.katalon.core.webui.keyword.internal.WebUIKeywordMain.runKeyword(WebUIKeywordMain.groovy:43)
	at com.kms.katalon.core.webui.keyword.builtin.ClickKeyword.click(ClickKeyword.groovy:74)
	at com.kms.katalon.core.webui.keyword.builtin.ClickKeyword.execute(ClickKeyword.groovy:40)
	at com.kms.katalon.core.keyword.internal.KeywordExecutor.executeKeywordForPlatform(KeywordExecutor.groovy:74)
	at com.kms.katalon.core.webui.keyword.WebUiBuiltInKeywords.click(WebUiBuiltInKeywords.groovy:659)
	at Selec_sobre.run(Selec_sobre:24)
	at com.kms.katalon.core.main.ScriptEngine.run(ScriptEngine.java:194)
	at com.kms.katalon.core.main.ScriptEngine.runScriptAsRawText(ScriptEngine.java:119)
	at com.kms.katalon.core.main.TestCaseExecutor.runScript(TestCaseExecutor.java:448)
	at com.kms.katalon.core.main.TestCaseExecutor.doExecute(TestCaseExecutor.java:439)
	at com.kms.katalon.core.main.TestCaseExecutor.processExecutionPhase(TestCaseExecutor.java:418)
	at com.kms.katalon.core.main.TestCaseExecutor.accessMainPhase(TestCaseExecutor.java:410)
	at com.kms.katalon.core.main.TestCaseExecutor.execute(TestCaseExecutor.java:285)
	at com.kms.katalon.core.main.TestCaseMain.runTestCase(TestCaseMain.java:137)
	at com.kms.katalon.core.keyword.builtin.CallTestCaseKeyword$_callTestCase_closure1.doCall(CallTestCaseKeyword.groovy:59)
	... 24 more
Caused by: org.openqa.selenium.ElementClickInterceptedException: Element <button id="btn_aceptar_tipo_envio" class="btn disabled" type="button"> is not clickable at point (675,588) because another element <div class="modal-footer"> obscures it
Build info: version: '3.141.59', revision: 'unknown', time: 'unknown'
System info: host: 'DESKTOP-RGFFP9A', ip: '10.136.10.6', os.name: 'Windows 11', os.arch: 'amd64', os.version: '10.0', java.version: '17.0.7'
Driver info: com.kms.katalon.core.webui.driver.firefox.CGeckoDriver
Capabilities {acceptInsecureCerts: true, browserName: firefox, browserVersion: 133.0, javascriptEnabled: true, moz:accessibilityChecks: false, moz:buildID: 20241121140525, moz:geckodriverVersion: 0.35.0, moz:headless: false, moz:platformVersion: 10.0, moz:processID: 20540, moz:profile: C:\Users\OLVATI\AppData\Loc..., moz:shutdownTimeout: 60000, moz:webdriverClick: true, moz:windowless: false, pageLoadStrategy: normal, platform: WINDOWS, platformName: WINDOWS, proxy: Proxy(direct), setWindowRect: true, strictFileInteractability: false, timeouts: {implicit: 0, pageLoad: 300000, script: 30000}, unhandledPromptBehavior: dismiss and notify, userAgent: Mozilla/5.0 (Windows NT 10....}
Session ID: 90526da0-1f32-4797-90ac-e9963998cef3
	at jdk.internal.reflect.GeneratedConstructorAccessor32.newInstance(Unknown Source)
	at java.base/jdk.internal.reflect.DelegatingConstructorAccessorImpl.newInstance(DelegatingConstructorAccessorImpl.java:45)
	at org.openqa.selenium.remote.http.W3CHttpResponseCodec.createException(W3CHttpResponseCodec.java:187)
	at org.openqa.selenium.remote.http.W3CHttpResponseCodec.decode(W3CHttpResponseCodec.java:122)
	at org.openqa.selenium.remote.http.W3CHttpResponseCodec.decode(W3CHttpResponseCodec.java:49)
	at org.openqa.selenium.remote.HttpCommandExecutor.execute(HttpCommandExecutor.java:158)
	at org.openqa.selenium.remote.service.DriverCommandExecutor.execute(DriverCommandExecutor.java:83)
	at org.openqa.selenium.remote.RemoteWebDriver.execute(RemoteWebDriver.java:552)
	at com.kms.katalon.selenium.driver.CFirefoxDriver.execute(CFirefoxDriver.java:28)
	at org.openqa.selenium.remote.RemoteWebElement.execute(RemoteWebElement.java:285)
	at org.openqa.selenium.remote.RemoteWebElement.click(RemoteWebElement.java:84)
	at jdk.internal.reflect.GeneratedMethodAccessor10.invoke(Unknown Source)
	at java.base/jdk.internal.reflect.DelegatingMethodAccessorImpl.invoke(DelegatingMethodAccessorImpl.java:43)
	at org.openqa.selenium.support.events.EventFiringWebDriver$EventFiringWebElement.lambda$new$0(EventFiringWebDriver.java:404)
	at jdk.proxy2/jdk.proxy2.$Proxy21.click(Unknown Source)
	at org.openqa.selenium.support.events.EventFiringWebDriver$EventFiringWebElement.click(EventFiringWebDriver.java:417)
	at org.openqa.selenium.WebElement$click.call(Unknown Source)
	at com.kms.katalon.core.webui.keyword.builtin.ClickKeyword.clickUntilSuccessWithTimeout(ClickKeyword.groovy:81)
	at com.kms.katalon.core.webui.keyword.builtin.ClickKeyword.clickUntilSuccessWithTimeout(ClickKeyword.groovy)
	at jdk.internal.reflect.GeneratedMethodAccessor8.invoke(Unknown Source)
	at java.base/jdk.internal.reflect.DelegatingMethodAccessorImpl.invoke(DelegatingMethodAccessorImpl.java:43)
	at com.kms.katalon.core.webui.keyword.builtin.ClickKeyword$_click_closure1.doCall(ClickKeyword.groovy:67)
	at com.kms.katalon.core.webui.keyword.builtin.ClickKeyword$_click_closure1.call(ClickKeyword.groovy)
	at com.kms.katalon.core.webui.keyword.internal.WebUIKeywordMain.runKeyword(WebUIKeywordMain.groovy:35)
	... 38 more


27-11-2024T13:27:46 - [TEST_STEP][PASSED] - callTestCase(findTestCase("1.Inicio/1.1Principal/Principal-home"), [:], STOP_ON_FAILURE): Call Test Case 'Test Cases/1.Inicio/1.1Principal/Principal-home' successfully

27-11-2024T13:27:46 - [TEST_CASE][PASSED] - Test Cases/1.Inicio/1.1Principal/Principal-home: Test Cases/1.Inicio/1.1Principal/Principal-home

27-11-2024T13:27:46 - [TEST_STEP][PASSED] - openBrowser(""): Browser is opened with url: ''

27-11-2024T13:27:46 - [MESSAGE][WARNING] - A browser is already opened. Closing browser and opening a new one

27-11-2024T13:27:48 - [MESSAGE][INFO] - Starting 'Firefox' driver

27-11-2024T13:27:48 - [MESSAGE][INFO] - Action delay is set to 0 milliseconds

27-11-2024T13:27:54 - [MESSAGE][PASSED] - Browser is opened with url: ''

27-11-2024T13:27:54 - [TEST_STEP][PASSED] - navigateToUrl("https://dev01-registrodeenvios.olvacourier.com/principal"): Navigate to 'https://dev01-registrodeenvios.olvacourier.com/principal' successfully

27-11-2024T13:27:55 - [MESSAGE][PASSED] - Navigate to 'https://dev01-registrodeenvios.olvacourier.com/principal' successfully

27-11-2024T13:27:55 - [TEST_STEP][PASSED] - maximizeWindow(): Current window maximized

27-11-2024T13:27:55 - [MESSAGE][PASSED] - Current window maximized

27-11-2024T13:27:55 - [MESSAGE][PASSED] - Call Test Case 'Test Cases/1.Inicio/1.1Principal/Principal-home' successfully

27-11-2024T13:27:55 - [TEST_STEP][FAILED] - callTestCase(findTestCase("1.Inicio/1.1Principal/Selec_sobre"), [:], STOP_ON_FAILURE): Unable to call Test Case 'Test Cases/1.Inicio/1.1Principal/Selec_sobre' (Root cause: com.kms.katalon.core.exception.StepFailedException: Call Test Case 'Test Cases/1.Inicio/1.1Principal/Selec_sobre' failed
	at com.kms.katalon.core.keyword.builtin.CallTestCaseKeyword$_callTestCase_closure1.doCall(CallTestCaseKeyword.groovy:63)
	at com.kms.katalon.core.keyword.builtin.CallTestCaseKeyword$_callTestCase_closure1.call(CallTestCaseKeyword.groovy)
	at com.kms.katalon.core.keyword.internal.KeywordMain.runKeyword(KeywordMain.groovy:75)
	at com.kms.katalon.core.keyword.builtin.CallTestCaseKeyword.callTestCase(CallTestCaseKeyword.groovy:81)
	at com.kms.katalon.core.keyword.builtin.CallTestCaseKeyword.execute(CallTestCaseKeyword.groovy:44)
	at com.kms.katalon.core.keyword.internal.KeywordExecutor.executeKeywordForPlatform(KeywordExecutor.groovy:74)
	at com.kms.katalon.core.keyword.BuiltinKeywords.callTestCase(BuiltinKeywords.groovy:310)
	at jdk.internal.reflect.GeneratedMethodAccessor25.invoke(Unknown Source)
	at java.base/jdk.internal.reflect.DelegatingMethodAccessorImpl.invoke(DelegatingMethodAccessorImpl.java:43)
	at Destino-D.run(Destino-D:22)
	at com.kms.katalon.core.main.ScriptEngine.run(ScriptEngine.java:194)
	at com.kms.katalon.core.main.ScriptEngine.runScriptAsRawText(ScriptEngine.java:119)
	at com.kms.katalon.core.main.TestCaseExecutor.runScript(TestCaseExecutor.java:448)
	at com.kms.katalon.core.main.TestCaseExecutor.doExecute(TestCaseExecutor.java:439)
	at com.kms.katalon.core.main.TestCaseExecutor.processExecutionPhase(TestCaseExecutor.java:418)
	at com.kms.katalon.core.main.TestCaseExecutor.accessMainPhase(TestCaseExecutor.java:410)
	at com.kms.katalon.core.main.TestCaseExecutor.execute(TestCaseExecutor.java:285)
	at com.kms.katalon.core.common.CommonExecutor.accessTestCaseMainPhase(CommonExecutor.java:65)
	at com.kms.katalon.core.main.TestSuiteExecutor.accessTestSuiteMainPhase(TestSuiteExecutor.java:150)
	at com.kms.katalon.core.main.TestSuiteExecutor.execute(TestSuiteExecutor.java:106)
	at com.kms.katalon.core.main.TestCaseMain.startTestSuite(TestCaseMain.java:180)
	at TempTestSuite1732729948317.run(TempTestSuite1732729948317.groovy:35)
	at java.base/jdk.internal.reflect.NativeMethodAccessorImpl.invoke0(Native Method)
	at java.base/jdk.internal.reflect.NativeMethodAccessorImpl.invoke(NativeMethodAccessorImpl.java:77)
	at java.base/jdk.internal.reflect.DelegatingMethodAccessorImpl.invoke(DelegatingMethodAccessorImpl.java:43)
Caused by: com.kms.katalon.core.exception.StepFailedException: Unable to click on object 'Object Repository/Principal/Page_Olva Courier  Home/button_CONTINUAR (2)'
	at com.kms.katalon.core.webui.keyword.internal.WebUIKeywordMain.stepFailed(WebUIKeywordMain.groovy:117)
	at com.kms.katalon.core.webui.keyword.internal.WebUIKeywordMain.runKeyword(WebUIKeywordMain.groovy:43)
	at com.kms.katalon.core.webui.keyword.builtin.ClickKeyword.click(ClickKeyword.groovy:74)
	at com.kms.katalon.core.webui.keyword.builtin.ClickKeyword.execute(ClickKeyword.groovy:40)
	at com.kms.katalon.core.keyword.internal.KeywordExecutor.executeKeywordForPlatform(KeywordExecutor.groovy:74)
	at com.kms.katalon.core.webui.keyword.WebUiBuiltInKeywords.click(WebUiBuiltInKeywords.groovy:659)
	at Selec_sobre.run(Selec_sobre:24)
	at com.kms.katalon.core.main.ScriptEngine.run(ScriptEngine.java:194)
	at com.kms.katalon.core.main.ScriptEngine.runScriptAsRawText(ScriptEngine.java:119)
	at com.kms.katalon.core.main.TestCaseExecutor.runScript(TestCaseExecutor.java:448)
	at com.kms.katalon.core.main.TestCaseExecutor.doExecute(TestCaseExecutor.java:439)
	at com.kms.katalon.core.main.TestCaseExecutor.processExecutionPhase(TestCaseExecutor.java:418)
	at com.kms.katalon.core.main.TestCaseExecutor.accessMainPhase(TestCaseExecutor.java:410)
	at com.kms.katalon.core.main.TestCaseExecutor.execute(TestCaseExecutor.java:285)
	at com.kms.katalon.core.main.TestCaseMain.runTestCase(TestCaseMain.java:137)
	at com.kms.katalon.core.keyword.builtin.CallTestCaseKeyword$_callTestCase_closure1.doCall(CallTestCaseKeyword.groovy:59)
	... 24 more
Caused by: org.openqa.selenium.ElementClickInterceptedException: Element <button id="btn_aceptar_tipo_envio" class="btn disabled" type="button"> is not clickable at point (675,588) because another element <div class="modal-footer"> obscures it
Build info: version: '3.141.59', revision: 'unknown', time: 'unknown'
System info: host: 'DESKTOP-RGFFP9A', ip: '10.136.10.6', os.name: 'Windows 11', os.arch: 'amd64', os.version: '10.0', java.version: '17.0.7'
Driver info: com.kms.katalon.core.webui.driver.firefox.CGeckoDriver
Capabilities {acceptInsecureCerts: true, browserName: firefox, browserVersion: 133.0, javascriptEnabled: true, moz:accessibilityChecks: false, moz:buildID: 20241121140525, moz:geckodriverVersion: 0.35.0, moz:headless: false, moz:platformVersion: 10.0, moz:processID: 20540, moz:profile: C:\Users\OLVATI\AppData\Loc..., moz:shutdownTimeout: 60000, moz:webdriverClick: true, moz:windowless: false, pageLoadStrategy: normal, platform: WINDOWS, platformName: WINDOWS, proxy: Proxy(direct), setWindowRect: true, strictFileInteractability: false, timeouts: {implicit: 0, pageLoad: 300000, script: 30000}, unhandledPromptBehavior: dismiss and notify, userAgent: Mozilla/5.0 (Windows NT 10....}
Session ID: 90526da0-1f32-4797-90ac-e9963998cef3
	at jdk.internal.reflect.GeneratedConstructorAccessor32.newInstance(Unknown Source)
	at java.base/jdk.internal.reflect.DelegatingConstructorAccessorImpl.newInstance(DelegatingConstructorAccessorImpl.java:45)
	at org.openqa.selenium.remote.http.W3CHttpResponseCodec.createException(W3CHttpResponseCodec.java:187)
	at org.openqa.selenium.remote.http.W3CHttpResponseCodec.decode(W3CHttpResponseCodec.java:122)
	at org.openqa.selenium.remote.http.W3CHttpResponseCodec.decode(W3CHttpResponseCodec.java:49)
	at org.openqa.selenium.remote.HttpCommandExecutor.execute(HttpCommandExecutor.java:158)
	at org.openqa.selenium.remote.service.DriverCommandExecutor.execute(DriverCommandExecutor.java:83)
	at org.openqa.selenium.remote.RemoteWebDriver.execute(RemoteWebDriver.java:552)
	at com.kms.katalon.selenium.driver.CFirefoxDriver.execute(CFirefoxDriver.java:28)
	at org.openqa.selenium.remote.RemoteWebElement.execute(RemoteWebElement.java:285)
	at org.openqa.selenium.remote.RemoteWebElement.click(RemoteWebElement.java:84)
	at jdk.internal.reflect.GeneratedMethodAccessor10.invoke(Unknown Source)
	at java.base/jdk.internal.reflect.DelegatingMethodAccessorImpl.invoke(DelegatingMethodAccessorImpl.java:43)
	at org.openqa.selenium.support.events.EventFiringWebDriver$EventFiringWebElement.lambda$new$0(EventFiringWebDriver.java:404)
	at jdk.proxy2/jdk.proxy2.$Proxy21.click(Unknown Source)
	at org.openqa.selenium.support.events.EventFiringWebDriver$EventFiringWebElement.click(EventFiringWebDriver.java:417)
	at org.openqa.selenium.WebElement$click.call(Unknown Source)
	at com.kms.katalon.core.webui.keyword.builtin.ClickKeyword.clickUntilSuccessWithTimeout(ClickKeyword.groovy:81)
	at com.kms.katalon.core.webui.keyword.builtin.ClickKeyword.clickUntilSuccessWithTimeout(ClickKeyword.groovy)
	at jdk.internal.reflect.GeneratedMethodAccessor8.invoke(Unknown Source)
	at java.base/jdk.internal.reflect.DelegatingMethodAccessorImpl.invoke(DelegatingMethodAccessorImpl.java:43)
	at com.kms.katalon.core.webui.keyword.builtin.ClickKeyword$_click_closure1.doCall(ClickKeyword.groovy:67)
	at com.kms.katalon.core.webui.keyword.builtin.ClickKeyword$_click_closure1.call(ClickKeyword.groovy)
	at com.kms.katalon.core.webui.keyword.internal.WebUIKeywordMain.runKeyword(WebUIKeywordMain.groovy:35)
	... 38 more
)

27-11-2024T13:27:55 - [TEST_CASE][FAILED] - Test Cases/1.Inicio/1.1Principal/Selec_sobre: Test Cases/1.Inicio/1.1Principal/Selec_sobre FAILED.
Reason:
com.kms.katalon.core.exception.StepFailedException: Unable to click on object 'Object Repository/Principal/Page_Olva Courier  Home/button_CONTINUAR (2)'
	at com.kms.katalon.core.webui.keyword.internal.WebUIKeywordMain.stepFailed(WebUIKeywordMain.groovy:117)
	at com.kms.katalon.core.webui.keyword.internal.WebUIKeywordMain.runKeyword(WebUIKeywordMain.groovy:43)
	at com.kms.katalon.core.webui.keyword.builtin.ClickKeyword.click(ClickKeyword.groovy:74)
	at com.kms.katalon.core.webui.keyword.builtin.ClickKeyword.execute(ClickKeyword.groovy:40)
	at com.kms.katalon.core.keyword.internal.KeywordExecutor.executeKeywordForPlatform(KeywordExecutor.groovy:74)
	at com.kms.katalon.core.webui.keyword.WebUiBuiltInKeywords.click(WebUiBuiltInKeywords.groovy:659)
	at Selec_sobre.run(Selec_sobre:24)
	at com.kms.katalon.core.main.ScriptEngine.run(ScriptEngine.java:194)
	at com.kms.katalon.core.main.ScriptEngine.runScriptAsRawText(ScriptEngine.java:119)
	at com.kms.katalon.core.main.TestCaseExecutor.runScript(TestCaseExecutor.java:448)
	at com.kms.katalon.core.main.TestCaseExecutor.doExecute(TestCaseExecutor.java:439)
	at com.kms.katalon.core.main.TestCaseExecutor.processExecutionPhase(TestCaseExecutor.java:418)
	at com.kms.katalon.core.main.TestCaseExecutor.accessMainPhase(TestCaseExecutor.java:410)
	at com.kms.katalon.core.main.TestCaseExecutor.execute(TestCaseExecutor.java:285)
	at com.kms.katalon.core.main.TestCaseMain.runTestCase(TestCaseMain.java:137)
	at com.kms.katalon.core.keyword.builtin.CallTestCaseKeyword$_callTestCase_closure1.doCall(CallTestCaseKeyword.groovy:59)
	at com.kms.katalon.core.keyword.builtin.CallTestCaseKeyword$_callTestCase_closure1.call(CallTestCaseKeyword.groovy)
	at com.kms.katalon.core.keyword.internal.KeywordMain.runKeyword(KeywordMain.groovy:75)
	at com.kms.katalon.core.keyword.builtin.CallTestCaseKeyword.callTestCase(CallTestCaseKeyword.groovy:81)
	at com.kms.katalon.core.keyword.builtin.CallTestCaseKeyword.execute(CallTestCaseKeyword.groovy:44)
	at com.kms.katalon.core.keyword.internal.KeywordExecutor.executeKeywordForPlatform(KeywordExecutor.groovy:74)
	at com.kms.katalon.core.keyword.BuiltinKeywords.callTestCase(BuiltinKeywords.groovy:310)
	at jdk.internal.reflect.GeneratedMethodAccessor25.invoke(Unknown Source)
	at java.base/jdk.internal.reflect.DelegatingMethodAccessorImpl.invoke(DelegatingMethodAccessorImpl.java:43)
	at Destino-D.run(Destino-D:22)
	at com.kms.katalon.core.main.ScriptEngine.run(ScriptEngine.java:194)
	at com.kms.katalon.core.main.ScriptEngine.runScriptAsRawText(ScriptEngine.java:119)
	at com.kms.katalon.core.main.TestCaseExecutor.runScript(TestCaseExecutor.java:448)
	at com.kms.katalon.core.main.TestCaseExecutor.doExecute(TestCaseExecutor.java:439)
	at com.kms.katalon.core.main.TestCaseExecutor.processExecutionPhase(TestCaseExecutor.java:418)
	at com.kms.katalon.core.main.TestCaseExecutor.accessMainPhase(TestCaseExecutor.java:410)
	at com.kms.katalon.core.main.TestCaseExecutor.execute(TestCaseExecutor.java:285)
	at com.kms.katalon.core.common.CommonExecutor.accessTestCaseMainPhase(CommonExecutor.java:65)
	at com.kms.katalon.core.main.TestSuiteExecutor.accessTestSuiteMainPhase(TestSuiteExecutor.java:150)
	at com.kms.katalon.core.main.TestSuiteExecutor.execute(TestSuiteExecutor.java:106)
	at com.kms.katalon.core.main.TestCaseMain.startTestSuite(TestCaseMain.java:180)
	at TempTestSuite1732729948317.run(TempTestSuite1732729948317.groovy:35)
	at java.base/jdk.internal.reflect.NativeMethodAccessorImpl.invoke0(Native Method)
	at java.base/jdk.internal.reflect.NativeMethodAccessorImpl.invoke(NativeMethodAccessorImpl.java:77)
	at java.base/jdk.internal.reflect.DelegatingMethodAccessorImpl.invoke(DelegatingMethodAccessorImpl.java:43)
Caused by: org.openqa.selenium.ElementClickInterceptedException: Element <button id="btn_aceptar_tipo_envio" class="btn disabled" type="button"> is not clickable at point (675,588) because another element <div class="modal-footer"> obscures it
Build info: version: '3.141.59', revision: 'unknown', time: 'unknown'
System info: host: 'DESKTOP-RGFFP9A', ip: '10.136.10.6', os.name: 'Windows 11', os.arch: 'amd64', os.version: '10.0', java.version: '17.0.7'
Driver info: com.kms.katalon.core.webui.driver.firefox.CGeckoDriver
Capabilities {acceptInsecureCerts: true, browserName: firefox, browserVersion: 133.0, javascriptEnabled: true, moz:accessibilityChecks: false, moz:buildID: 20241121140525, moz:geckodriverVersion: 0.35.0, moz:headless: false, moz:platformVersion: 10.0, moz:processID: 20540, moz:profile: C:\Users\OLVATI\AppData\Loc..., moz:shutdownTimeout: 60000, moz:webdriverClick: true, moz:windowless: false, pageLoadStrategy: normal, platform: WINDOWS, platformName: WINDOWS, proxy: Proxy(direct), setWindowRect: true, strictFileInteractability: false, timeouts: {implicit: 0, pageLoad: 300000, script: 30000}, unhandledPromptBehavior: dismiss and notify, userAgent: Mozilla/5.0 (Windows NT 10....}
Session ID: 90526da0-1f32-4797-90ac-e9963998cef3
	at jdk.internal.reflect.GeneratedConstructorAccessor32.newInstance(Unknown Source)
	at java.base/jdk.internal.reflect.DelegatingConstructorAccessorImpl.newInstance(DelegatingConstructorAccessorImpl.java:45)
	at org.openqa.selenium.remote.http.W3CHttpResponseCodec.createException(W3CHttpResponseCodec.java:187)
	at org.openqa.selenium.remote.http.W3CHttpResponseCodec.decode(W3CHttpResponseCodec.java:122)
	at org.openqa.selenium.remote.http.W3CHttpResponseCodec.decode(W3CHttpResponseCodec.java:49)
	at org.openqa.selenium.remote.HttpCommandExecutor.execute(HttpCommandExecutor.java:158)
	at org.openqa.selenium.remote.service.DriverCommandExecutor.execute(DriverCommandExecutor.java:83)
	at org.openqa.selenium.remote.RemoteWebDriver.execute(RemoteWebDriver.java:552)
	at com.kms.katalon.selenium.driver.CFirefoxDriver.execute(CFirefoxDriver.java:28)
	at org.openqa.selenium.remote.RemoteWebElement.execute(RemoteWebElement.java:285)
	at org.openqa.selenium.remote.RemoteWebElement.click(RemoteWebElement.java:84)
	at jdk.internal.reflect.GeneratedMethodAccessor10.invoke(Unknown Source)
	at java.base/jdk.internal.reflect.DelegatingMethodAccessorImpl.invoke(DelegatingMethodAccessorImpl.java:43)
	at org.openqa.selenium.support.events.EventFiringWebDriver$EventFiringWebElement.lambda$new$0(EventFiringWebDriver.java:404)
	at jdk.proxy2/jdk.proxy2.$Proxy21.click(Unknown Source)
	at org.openqa.selenium.support.events.EventFiringWebDriver$EventFiringWebElement.click(EventFiringWebDriver.java:417)
	at org.openqa.selenium.WebElement$click.call(Unknown Source)
	at com.kms.katalon.core.webui.keyword.builtin.ClickKeyword.clickUntilSuccessWithTimeout(ClickKeyword.groovy:81)
	at com.kms.katalon.core.webui.keyword.builtin.ClickKeyword.clickUntilSuccessWithTimeout(ClickKeyword.groovy)
	at jdk.internal.reflect.GeneratedMethodAccessor8.invoke(Unknown Source)
	at java.base/jdk.internal.reflect.DelegatingMethodAccessorImpl.invoke(DelegatingMethodAccessorImpl.java:43)
	at com.kms.katalon.core.webui.keyword.builtin.ClickKeyword$_click_closure1.doCall(ClickKeyword.groovy:67)
	at com.kms.katalon.core.webui.keyword.builtin.ClickKeyword$_click_closure1.call(ClickKeyword.groovy)
	at com.kms.katalon.core.webui.keyword.internal.WebUIKeywordMain.runKeyword(WebUIKeywordMain.groovy:35)
	... 38 more


27-11-2024T13:27:55 - [TEST_STEP][PASSED] - click(findTestObject("Object Repository/Principal/Page_Olva Courier  Home/img_Envo de cajas o paquetescon un peso mxi_37770f")): Object: 'Object Repository/Principal/Page_Olva Courier  Home/img_Envo de cajas o paquetescon un peso mxi_37770f' is clicked on

27-11-2024T13:27:55 - [MESSAGE][PASSED] - Object: 'Object Repository/Principal/Page_Olva Courier  Home/img_Envo de cajas o paquetescon un peso mxi_37770f' is clicked on

27-11-2024T13:27:55 - [TEST_STEP][PASSED] - click(findTestObject("Object Repository/Principal/Page_Olva Courier  Home/label_He ledo y acepto los trminos de uso y_adab65")): Object: 'Object Repository/Principal/Page_Olva Courier  Home/label_He ledo y acepto los trminos de uso y_adab65' is clicked on

27-11-2024T13:27:56 - [MESSAGE][PASSED] - Object: 'Object Repository/Principal/Page_Olva Courier  Home/label_He ledo y acepto los trminos de uso y_adab65' is clicked on

27-11-2024T13:27:56 - [TEST_STEP][FAILED] - click(findTestObject("Object Repository/Principal/Page_Olva Courier  Home/button_CONTINUAR (2)")): Unable to click on object 'Object Repository/Principal/Page_Olva Courier  Home/button_CONTINUAR (2)' (Root cause: com.kms.katalon.core.exception.StepFailedException: Unable to click on object 'Object Repository/Principal/Page_Olva Courier  Home/button_CONTINUAR (2)'
	at com.kms.katalon.core.webui.keyword.internal.WebUIKeywordMain.stepFailed(WebUIKeywordMain.groovy:117)
	at com.kms.katalon.core.webui.keyword.internal.WebUIKeywordMain.runKeyword(WebUIKeywordMain.groovy:43)
	at com.kms.katalon.core.webui.keyword.builtin.ClickKeyword.click(ClickKeyword.groovy:74)
	at com.kms.katalon.core.webui.keyword.builtin.ClickKeyword.execute(ClickKeyword.groovy:40)
	at com.kms.katalon.core.keyword.internal.KeywordExecutor.executeKeywordForPlatform(KeywordExecutor.groovy:74)
	at com.kms.katalon.core.webui.keyword.WebUiBuiltInKeywords.click(WebUiBuiltInKeywords.groovy:659)
	at Selec_sobre.run(Selec_sobre:24)
	at com.kms.katalon.core.main.ScriptEngine.run(ScriptEngine.java:194)
	at com.kms.katalon.core.main.ScriptEngine.runScriptAsRawText(ScriptEngine.java:119)
	at com.kms.katalon.core.main.TestCaseExecutor.runScript(TestCaseExecutor.java:448)
	at com.kms.katalon.core.main.TestCaseExecutor.doExecute(TestCaseExecutor.java:439)
	at com.kms.katalon.core.main.TestCaseExecutor.processExecutionPhase(TestCaseExecutor.java:418)
	at com.kms.katalon.core.main.TestCaseExecutor.accessMainPhase(TestCaseExecutor.java:410)
	at com.kms.katalon.core.main.TestCaseExecutor.execute(TestCaseExecutor.java:285)
	at com.kms.katalon.core.main.TestCaseMain.runTestCase(TestCaseMain.java:137)
	at com.kms.katalon.core.keyword.builtin.CallTestCaseKeyword$_callTestCase_closure1.doCall(CallTestCaseKeyword.groovy:59)
	at com.kms.katalon.core.keyword.builtin.CallTestCaseKeyword$_callTestCase_closure1.call(CallTestCaseKeyword.groovy)
	at com.kms.katalon.core.keyword.internal.KeywordMain.runKeyword(KeywordMain.groovy:75)
	at com.kms.katalon.core.keyword.builtin.CallTestCaseKeyword.callTestCase(CallTestCaseKeyword.groovy:81)
	at com.kms.katalon.core.keyword.builtin.CallTestCaseKeyword.execute(CallTestCaseKeyword.groovy:44)
	at com.kms.katalon.core.keyword.internal.KeywordExecutor.executeKeywordForPlatform(KeywordExecutor.groovy:74)
	at com.kms.katalon.core.keyword.BuiltinKeywords.callTestCase(BuiltinKeywords.groovy:310)
	at jdk.internal.reflect.GeneratedMethodAccessor25.invoke(Unknown Source)
	at java.base/jdk.internal.reflect.DelegatingMethodAccessorImpl.invoke(DelegatingMethodAccessorImpl.java:43)
	at Destino-D.run(Destino-D:22)
	at com.kms.katalon.core.main.ScriptEngine.run(ScriptEngine.java:194)
	at com.kms.katalon.core.main.ScriptEngine.runScriptAsRawText(ScriptEngine.java:119)
	at com.kms.katalon.core.main.TestCaseExecutor.runScript(TestCaseExecutor.java:448)
	at com.kms.katalon.core.main.TestCaseExecutor.doExecute(TestCaseExecutor.java:439)
	at com.kms.katalon.core.main.TestCaseExecutor.processExecutionPhase(TestCaseExecutor.java:418)
	at com.kms.katalon.core.main.TestCaseExecutor.accessMainPhase(TestCaseExecutor.java:410)
	at com.kms.katalon.core.main.TestCaseExecutor.execute(TestCaseExecutor.java:285)
	at com.kms.katalon.core.common.CommonExecutor.accessTestCaseMainPhase(CommonExecutor.java:65)
	at com.kms.katalon.core.main.TestSuiteExecutor.accessTestSuiteMainPhase(TestSuiteExecutor.java:150)
	at com.kms.katalon.core.main.TestSuiteExecutor.execute(TestSuiteExecutor.java:106)
	at com.kms.katalon.core.main.TestCaseMain.startTestSuite(TestCaseMain.java:180)
	at TempTestSuite1732729948317.run(TempTestSuite1732729948317.groovy:35)
	at java.base/jdk.internal.reflect.NativeMethodAccessorImpl.invoke0(Native Method)
	at java.base/jdk.internal.reflect.NativeMethodAccessorImpl.invoke(NativeMethodAccessorImpl.java:77)
	at java.base/jdk.internal.reflect.DelegatingMethodAccessorImpl.invoke(DelegatingMethodAccessorImpl.java:43)
Caused by: org.openqa.selenium.ElementClickInterceptedException: Element <button id="btn_aceptar_tipo_envio" class="btn disabled" type="button"> is not clickable at point (675,588) because another element <div class="modal-footer"> obscures it
Build info: version: '3.141.59', revision: 'unknown', time: 'unknown'
System info: host: 'DESKTOP-RGFFP9A', ip: '10.136.10.6', os.name: 'Windows 11', os.arch: 'amd64', os.version: '10.0', java.version: '17.0.7'
Driver info: com.kms.katalon.core.webui.driver.firefox.CGeckoDriver
Capabilities {acceptInsecureCerts: true, browserName: firefox, browserVersion: 133.0, javascriptEnabled: true, moz:accessibilityChecks: false, moz:buildID: 20241121140525, moz:geckodriverVersion: 0.35.0, moz:headless: false, moz:platformVersion: 10.0, moz:processID: 20540, moz:profile: C:\Users\OLVATI\AppData\Loc..., moz:shutdownTimeout: 60000, moz:webdriverClick: true, moz:windowless: false, pageLoadStrategy: normal, platform: WINDOWS, platformName: WINDOWS, proxy: Proxy(direct), setWindowRect: true, strictFileInteractability: false, timeouts: {implicit: 0, pageLoad: 300000, script: 30000}, unhandledPromptBehavior: dismiss and notify, userAgent: Mozilla/5.0 (Windows NT 10....}
Session ID: 90526da0-1f32-4797-90ac-e9963998cef3
	at jdk.internal.reflect.GeneratedConstructorAccessor32.newInstance(Unknown Source)
	at java.base/jdk.internal.reflect.DelegatingConstructorAccessorImpl.newInstance(DelegatingConstructorAccessorImpl.java:45)
	at org.openqa.selenium.remote.http.W3CHttpResponseCodec.createException(W3CHttpResponseCodec.java:187)
	at org.openqa.selenium.remote.http.W3CHttpResponseCodec.decode(W3CHttpResponseCodec.java:122)
	at org.openqa.selenium.remote.http.W3CHttpResponseCodec.decode(W3CHttpResponseCodec.java:49)
	at org.openqa.selenium.remote.HttpCommandExecutor.execute(HttpCommandExecutor.java:158)
	at org.openqa.selenium.remote.service.DriverCommandExecutor.execute(DriverCommandExecutor.java:83)
	at org.openqa.selenium.remote.RemoteWebDriver.execute(RemoteWebDriver.java:552)
	at com.kms.katalon.selenium.driver.CFirefoxDriver.execute(CFirefoxDriver.java:28)
	at org.openqa.selenium.remote.RemoteWebElement.execute(RemoteWebElement.java:285)
	at org.openqa.selenium.remote.RemoteWebElement.click(RemoteWebElement.java:84)
	at jdk.internal.reflect.GeneratedMethodAccessor10.invoke(Unknown Source)
	at java.base/jdk.internal.reflect.DelegatingMethodAccessorImpl.invoke(DelegatingMethodAccessorImpl.java:43)
	at org.openqa.selenium.support.events.EventFiringWebDriver$EventFiringWebElement.lambda$new$0(EventFiringWebDriver.java:404)
	at jdk.proxy2/jdk.proxy2.$Proxy21.click(Unknown Source)
	at org.openqa.selenium.support.events.EventFiringWebDriver$EventFiringWebElement.click(EventFiringWebDriver.java:417)
	at org.openqa.selenium.WebElement$click.call(Unknown Source)
	at com.kms.katalon.core.webui.keyword.builtin.ClickKeyword.clickUntilSuccessWithTimeout(ClickKeyword.groovy:81)
	at com.kms.katalon.core.webui.keyword.builtin.ClickKeyword.clickUntilSuccessWithTimeout(ClickKeyword.groovy)
	at jdk.internal.reflect.GeneratedMethodAccessor8.invoke(Unknown Source)
	at java.base/jdk.internal.reflect.DelegatingMethodAccessorImpl.invoke(DelegatingMethodAccessorImpl.java:43)
	at com.kms.katalon.core.webui.keyword.builtin.ClickKeyword$_click_closure1.doCall(ClickKeyword.groovy:67)
	at com.kms.katalon.core.webui.keyword.builtin.ClickKeyword$_click_closure1.call(ClickKeyword.groovy)
	at com.kms.katalon.core.webui.keyword.internal.WebUIKeywordMain.runKeyword(WebUIKeywordMain.groovy:35)
	at com.kms.katalon.core.webui.keyword.builtin.ClickKeyword.click(ClickKeyword.groovy:74)
	at com.kms.katalon.core.webui.keyword.builtin.ClickKeyword.execute(ClickKeyword.groovy:40)
	at com.kms.katalon.core.keyword.internal.KeywordExecutor.executeKeywordForPlatform(KeywordExecutor.groovy:74)
	at com.kms.katalon.core.webui.keyword.WebUiBuiltInKeywords.click(WebUiBuiltInKeywords.groovy:659)
	at Script1732083570761.run(Script1732083570761.groovy:24)
	at com.kms.katalon.core.main.ScriptEngine.run(ScriptEngine.java:194)
	at com.kms.katalon.core.main.ScriptEngine.runScriptAsRawText(ScriptEngine.java:119)
	at com.kms.katalon.core.main.TestCaseExecutor.runScript(TestCaseExecutor.java:448)
	at com.kms.katalon.core.main.TestCaseExecutor.doExecute(TestCaseExecutor.java:439)
	at com.kms.katalon.core.main.TestCaseExecutor.processExecutionPhase(TestCaseExecutor.java:418)
	at com.kms.katalon.core.main.TestCaseExecutor.accessMainPhase(TestCaseExecutor.java:410)
	at com.kms.katalon.core.main.TestCaseExecutor.execute(TestCaseExecutor.java:285)
	at com.kms.katalon.core.main.TestCaseMain.runTestCase(TestCaseMain.java:137)
	at com.kms.katalon.core.keyword.builtin.CallTestCaseKeyword$_callTestCase_closure1.doCall(CallTestCaseKeyword.groovy:59)
	at com.kms.katalon.core.keyword.builtin.CallTestCaseKeyword$_callTestCase_closure1.call(CallTestCaseKeyword.groovy)
	at com.kms.katalon.core.keyword.internal.KeywordMain.runKeyword(KeywordMain.groovy:75)
	at com.kms.katalon.core.keyword.builtin.CallTestCaseKeyword.callTestCase(CallTestCaseKeyword.groovy:81)
	at com.kms.katalon.core.keyword.builtin.CallTestCaseKeyword.execute(CallTestCaseKeyword.groovy:44)
	at com.kms.katalon.core.keyword.internal.KeywordExecutor.executeKeywordForPlatform(KeywordExecutor.groovy:74)
	at com.kms.katalon.core.keyword.BuiltinKeywords.callTestCase(BuiltinKeywords.groovy:310)
	at jdk.internal.reflect.GeneratedMethodAccessor25.invoke(Unknown Source)
	at java.base/jdk.internal.reflect.DelegatingMethodAccessorImpl.invoke(DelegatingMethodAccessorImpl.java:43)
	at Script1732341473611.run(Script1732341473611.groovy:22)
	... 15 more
)

27-11-2024T13:28:26 - [MESSAGE][FAILED] - Unable to click on object 'Object Repository/Principal/Page_Olva Courier  Home/button_CONTINUAR (2)' (Root cause: com.kms.katalon.core.exception.StepFailedException: Unable to click on object 'Object Repository/Principal/Page_Olva Courier  Home/button_CONTINUAR (2)'
	at com.kms.katalon.core.webui.keyword.internal.WebUIKeywordMain.stepFailed(WebUIKeywordMain.groovy:117)
	at com.kms.katalon.core.webui.keyword.internal.WebUIKeywordMain.runKeyword(WebUIKeywordMain.groovy:43)
	at com.kms.katalon.core.webui.keyword.builtin.ClickKeyword.click(ClickKeyword.groovy:74)
	at com.kms.katalon.core.webui.keyword.builtin.ClickKeyword.execute(ClickKeyword.groovy:40)
	at com.kms.katalon.core.keyword.internal.KeywordExecutor.executeKeywordForPlatform(KeywordExecutor.groovy:74)
	at com.kms.katalon.core.webui.keyword.WebUiBuiltInKeywords.click(WebUiBuiltInKeywords.groovy:659)
	at Selec_sobre.run(Selec_sobre:24)
	at com.kms.katalon.core.main.ScriptEngine.run(ScriptEngine.java:194)
	at com.kms.katalon.core.main.ScriptEngine.runScriptAsRawText(ScriptEngine.java:119)
	at com.kms.katalon.core.main.TestCaseExecutor.runScript(TestCaseExecutor.java:448)
	at com.kms.katalon.core.main.TestCaseExecutor.doExecute(TestCaseExecutor.java:439)
	at com.kms.katalon.core.main.TestCaseExecutor.processExecutionPhase(TestCaseExecutor.java:418)
	at com.kms.katalon.core.main.TestCaseExecutor.accessMainPhase(TestCaseExecutor.java:410)
	at com.kms.katalon.core.main.TestCaseExecutor.execute(TestCaseExecutor.java:285)
	at com.kms.katalon.core.main.TestCaseMain.runTestCase(TestCaseMain.java:137)
	at com.kms.katalon.core.keyword.builtin.CallTestCaseKeyword$_callTestCase_closure1.doCall(CallTestCaseKeyword.groovy:59)
	at com.kms.katalon.core.keyword.builtin.CallTestCaseKeyword$_callTestCase_closure1.call(CallTestCaseKeyword.groovy)
	at com.kms.katalon.core.keyword.internal.KeywordMain.runKeyword(KeywordMain.groovy:75)
	at com.kms.katalon.core.keyword.builtin.CallTestCaseKeyword.callTestCase(CallTestCaseKeyword.groovy:81)
	at com.kms.katalon.core.keyword.builtin.CallTestCaseKeyword.execute(CallTestCaseKeyword.groovy:44)
	at com.kms.katalon.core.keyword.internal.KeywordExecutor.executeKeywordForPlatform(KeywordExecutor.groovy:74)
	at com.kms.katalon.core.keyword.BuiltinKeywords.callTestCase(BuiltinKeywords.groovy:310)
	at jdk.internal.reflect.GeneratedMethodAccessor25.invoke(Unknown Source)
	at java.base/jdk.internal.reflect.DelegatingMethodAccessorImpl.invoke(DelegatingMethodAccessorImpl.java:43)
	at Destino-D.run(Destino-D:22)
	at com.kms.katalon.core.main.ScriptEngine.run(ScriptEngine.java:194)
	at com.kms.katalon.core.main.ScriptEngine.runScriptAsRawText(ScriptEngine.java:119)
	at com.kms.katalon.core.main.TestCaseExecutor.runScript(TestCaseExecutor.java:448)
	at com.kms.katalon.core.main.TestCaseExecutor.doExecute(TestCaseExecutor.java:439)
	at com.kms.katalon.core.main.TestCaseExecutor.processExecutionPhase(TestCaseExecutor.java:418)
	at com.kms.katalon.core.main.TestCaseExecutor.accessMainPhase(TestCaseExecutor.java:410)
	at com.kms.katalon.core.main.TestCaseExecutor.execute(TestCaseExecutor.java:285)
	at com.kms.katalon.core.common.CommonExecutor.accessTestCaseMainPhase(CommonExecutor.java:65)
	at com.kms.katalon.core.main.TestSuiteExecutor.accessTestSuiteMainPhase(TestSuiteExecutor.java:150)
	at com.kms.katalon.core.main.TestSuiteExecutor.execute(TestSuiteExecutor.java:106)
	at com.kms.katalon.core.main.TestCaseMain.startTestSuite(TestCaseMain.java:180)
	at TempTestSuite1732729948317.run(TempTestSuite1732729948317.groovy:35)
	at java.base/jdk.internal.reflect.NativeMethodAccessorImpl.invoke0(Native Method)
	at java.base/jdk.internal.reflect.NativeMethodAccessorImpl.invoke(NativeMethodAccessorImpl.java:77)
	at java.base/jdk.internal.reflect.DelegatingMethodAccessorImpl.invoke(DelegatingMethodAccessorImpl.java:43)
Caused by: org.openqa.selenium.ElementClickInterceptedException: Element <button id="btn_aceptar_tipo_envio" class="btn disabled" type="button"> is not clickable at point (675,588) because another element <div class="modal-footer"> obscures it
Build info: version: '3.141.59', revision: 'unknown', time: 'unknown'
System info: host: 'DESKTOP-RGFFP9A', ip: '10.136.10.6', os.name: 'Windows 11', os.arch: 'amd64', os.version: '10.0', java.version: '17.0.7'
Driver info: com.kms.katalon.core.webui.driver.firefox.CGeckoDriver
Capabilities {acceptInsecureCerts: true, browserName: firefox, browserVersion: 133.0, javascriptEnabled: true, moz:accessibilityChecks: false, moz:buildID: 20241121140525, moz:geckodriverVersion: 0.35.0, moz:headless: false, moz:platformVersion: 10.0, moz:processID: 20540, moz:profile: C:\Users\OLVATI\AppData\Loc..., moz:shutdownTimeout: 60000, moz:webdriverClick: true, moz:windowless: false, pageLoadStrategy: normal, platform: WINDOWS, platformName: WINDOWS, proxy: Proxy(direct), setWindowRect: true, strictFileInteractability: false, timeouts: {implicit: 0, pageLoad: 300000, script: 30000}, unhandledPromptBehavior: dismiss and notify, userAgent: Mozilla/5.0 (Windows NT 10....}
Session ID: 90526da0-1f32-4797-90ac-e9963998cef3
	at jdk.internal.reflect.GeneratedConstructorAccessor32.newInstance(Unknown Source)
	at java.base/jdk.internal.reflect.DelegatingConstructorAccessorImpl.newInstance(DelegatingConstructorAccessorImpl.java:45)
	at org.openqa.selenium.remote.http.W3CHttpResponseCodec.createException(W3CHttpResponseCodec.java:187)
	at org.openqa.selenium.remote.http.W3CHttpResponseCodec.decode(W3CHttpResponseCodec.java:122)
	at org.openqa.selenium.remote.http.W3CHttpResponseCodec.decode(W3CHttpResponseCodec.java:49)
	at org.openqa.selenium.remote.HttpCommandExecutor.execute(HttpCommandExecutor.java:158)
	at org.openqa.selenium.remote.service.DriverCommandExecutor.execute(DriverCommandExecutor.java:83)
	at org.openqa.selenium.remote.RemoteWebDriver.execute(RemoteWebDriver.java:552)
	at com.kms.katalon.selenium.driver.CFirefoxDriver.execute(CFirefoxDriver.java:28)
	at org.openqa.selenium.remote.RemoteWebElement.execute(RemoteWebElement.java:285)
	at org.openqa.selenium.remote.RemoteWebElement.click(RemoteWebElement.java:84)
	at jdk.internal.reflect.GeneratedMethodAccessor10.invoke(Unknown Source)
	at java.base/jdk.internal.reflect.DelegatingMethodAccessorImpl.invoke(DelegatingMethodAccessorImpl.java:43)
	at org.openqa.selenium.support.events.EventFiringWebDriver$EventFiringWebElement.lambda$new$0(EventFiringWebDriver.java:404)
	at jdk.proxy2/jdk.proxy2.$Proxy21.click(Unknown Source)
	at org.openqa.selenium.support.events.EventFiringWebDriver$EventFiringWebElement.click(EventFiringWebDriver.java:417)
	at org.openqa.selenium.WebElement$click.call(Unknown Source)
	at com.kms.katalon.core.webui.keyword.builtin.ClickKeyword.clickUntilSuccessWithTimeout(ClickKeyword.groovy:81)
	at com.kms.katalon.core.webui.keyword.builtin.ClickKeyword.clickUntilSuccessWithTimeout(ClickKeyword.groovy)
	at jdk.internal.reflect.GeneratedMethodAccessor8.invoke(Unknown Source)
	at java.base/jdk.internal.reflect.DelegatingMethodAccessorImpl.invoke(DelegatingMethodAccessorImpl.java:43)
	at com.kms.katalon.core.webui.keyword.builtin.ClickKeyword$_click_closure1.doCall(ClickKeyword.groovy:67)
	at com.kms.katalon.core.webui.keyword.builtin.ClickKeyword$_click_closure1.call(ClickKeyword.groovy)
	at com.kms.katalon.core.webui.keyword.internal.WebUIKeywordMain.runKeyword(WebUIKeywordMain.groovy:35)
	at com.kms.katalon.core.webui.keyword.builtin.ClickKeyword.click(ClickKeyword.groovy:74)
	at com.kms.katalon.core.webui.keyword.builtin.ClickKeyword.execute(ClickKeyword.groovy:40)
	at com.kms.katalon.core.keyword.internal.KeywordExecutor.executeKeywordForPlatform(KeywordExecutor.groovy:74)
	at com.kms.katalon.core.webui.keyword.WebUiBuiltInKeywords.click(WebUiBuiltInKeywords.groovy:659)
	at Script1732083570761.run(Script1732083570761.groovy:24)
	at com.kms.katalon.core.main.ScriptEngine.run(ScriptEngine.java:194)
	at com.kms.katalon.core.main.ScriptEngine.runScriptAsRawText(ScriptEngine.java:119)
	at com.kms.katalon.core.main.TestCaseExecutor.runScript(TestCaseExecutor.java:448)
	at com.kms.katalon.core.main.TestCaseExecutor.doExecute(TestCaseExecutor.java:439)
	at com.kms.katalon.core.main.TestCaseExecutor.processExecutionPhase(TestCaseExecutor.java:418)
	at com.kms.katalon.core.main.TestCaseExecutor.accessMainPhase(TestCaseExecutor.java:410)
	at com.kms.katalon.core.main.TestCaseExecutor.execute(TestCaseExecutor.java:285)
	at com.kms.katalon.core.main.TestCaseMain.runTestCase(TestCaseMain.java:137)
	at com.kms.katalon.core.keyword.builtin.CallTestCaseKeyword$_callTestCase_closure1.doCall(CallTestCaseKeyword.groovy:59)
	at com.kms.katalon.core.keyword.builtin.CallTestCaseKeyword$_callTestCase_closure1.call(CallTestCaseKeyword.groovy)
	at com.kms.katalon.core.keyword.internal.KeywordMain.runKeyword(KeywordMain.groovy:75)
	at com.kms.katalon.core.keyword.builtin.CallTestCaseKeyword.callTestCase(CallTestCaseKeyword.groovy:81)
	at com.kms.katalon.core.keyword.builtin.CallTestCaseKeyword.execute(CallTestCaseKeyword.groovy:44)
	at com.kms.katalon.core.keyword.internal.KeywordExecutor.executeKeywordForPlatform(KeywordExecutor.groovy:74)
	at com.kms.katalon.core.keyword.BuiltinKeywords.callTestCase(BuiltinKeywords.groovy:310)
	at jdk.internal.reflect.GeneratedMethodAccessor25.invoke(Unknown Source)
	at java.base/jdk.internal.reflect.DelegatingMethodAccessorImpl.invoke(DelegatingMethodAccessorImpl.java:43)
	at Script1732341473611.run(Script1732341473611.groovy:22)
	... 15 more
)

27-11-2024T13:28:26 - [MESSAGE][FAILED] - Unable to call Test Case 'Test Cases/1.Inicio/1.1Principal/Selec_sobre' (Root cause: com.kms.katalon.core.exception.StepFailedException: Call Test Case 'Test Cases/1.Inicio/1.1Principal/Selec_sobre' failed
	at com.kms.katalon.core.keyword.builtin.CallTestCaseKeyword$_callTestCase_closure1.doCall(CallTestCaseKeyword.groovy:63)
	at com.kms.katalon.core.keyword.builtin.CallTestCaseKeyword$_callTestCase_closure1.call(CallTestCaseKeyword.groovy)
	at com.kms.katalon.core.keyword.internal.KeywordMain.runKeyword(KeywordMain.groovy:75)
	at com.kms.katalon.core.keyword.builtin.CallTestCaseKeyword.callTestCase(CallTestCaseKeyword.groovy:81)
	at com.kms.katalon.core.keyword.builtin.CallTestCaseKeyword.execute(CallTestCaseKeyword.groovy:44)
	at com.kms.katalon.core.keyword.internal.KeywordExecutor.executeKeywordForPlatform(KeywordExecutor.groovy:74)
	at com.kms.katalon.core.keyword.BuiltinKeywords.callTestCase(BuiltinKeywords.groovy:310)
	at jdk.internal.reflect.GeneratedMethodAccessor25.invoke(Unknown Source)
	at java.base/jdk.internal.reflect.DelegatingMethodAccessorImpl.invoke(DelegatingMethodAccessorImpl.java:43)
	at Destino-D.run(Destino-D:22)
	at com.kms.katalon.core.main.ScriptEngine.run(ScriptEngine.java:194)
	at com.kms.katalon.core.main.ScriptEngine.runScriptAsRawText(ScriptEngine.java:119)
	at com.kms.katalon.core.main.TestCaseExecutor.runScript(TestCaseExecutor.java:448)
	at com.kms.katalon.core.main.TestCaseExecutor.doExecute(TestCaseExecutor.java:439)
	at com.kms.katalon.core.main.TestCaseExecutor.processExecutionPhase(TestCaseExecutor.java:418)
	at com.kms.katalon.core.main.TestCaseExecutor.accessMainPhase(TestCaseExecutor.java:410)
	at com.kms.katalon.core.main.TestCaseExecutor.execute(TestCaseExecutor.java:285)
	at com.kms.katalon.core.common.CommonExecutor.accessTestCaseMainPhase(CommonExecutor.java:65)
	at com.kms.katalon.core.main.TestSuiteExecutor.accessTestSuiteMainPhase(TestSuiteExecutor.java:150)
	at com.kms.katalon.core.main.TestSuiteExecutor.execute(TestSuiteExecutor.java:106)
	at com.kms.katalon.core.main.TestCaseMain.startTestSuite(TestCaseMain.java:180)
	at TempTestSuite1732729948317.run(TempTestSuite1732729948317.groovy:35)
	at java.base/jdk.internal.reflect.NativeMethodAccessorImpl.invoke0(Native Method)
	at java.base/jdk.internal.reflect.NativeMethodAccessorImpl.invoke(NativeMethodAccessorImpl.java:77)
	at java.base/jdk.internal.reflect.DelegatingMethodAccessorImpl.invoke(DelegatingMethodAccessorImpl.java:43)
Caused by: com.kms.katalon.core.exception.StepFailedException: Unable to click on object 'Object Repository/Principal/Page_Olva Courier  Home/button_CONTINUAR (2)'
	at com.kms.katalon.core.webui.keyword.internal.WebUIKeywordMain.stepFailed(WebUIKeywordMain.groovy:117)
	at com.kms.katalon.core.webui.keyword.internal.WebUIKeywordMain.runKeyword(WebUIKeywordMain.groovy:43)
	at com.kms.katalon.core.webui.keyword.builtin.ClickKeyword.click(ClickKeyword.groovy:74)
	at com.kms.katalon.core.webui.keyword.builtin.ClickKeyword.execute(ClickKeyword.groovy:40)
	at com.kms.katalon.core.keyword.internal.KeywordExecutor.executeKeywordForPlatform(KeywordExecutor.groovy:74)
	at com.kms.katalon.core.webui.keyword.WebUiBuiltInKeywords.click(WebUiBuiltInKeywords.groovy:659)
	at Selec_sobre.run(Selec_sobre:24)
	at com.kms.katalon.core.main.ScriptEngine.run(ScriptEngine.java:194)
	at com.kms.katalon.core.main.ScriptEngine.runScriptAsRawText(ScriptEngine.java:119)
	at com.kms.katalon.core.main.TestCaseExecutor.runScript(TestCaseExecutor.java:448)
	at com.kms.katalon.core.main.TestCaseExecutor.doExecute(TestCaseExecutor.java:439)
	at com.kms.katalon.core.main.TestCaseExecutor.processExecutionPhase(TestCaseExecutor.java:418)
	at com.kms.katalon.core.main.TestCaseExecutor.accessMainPhase(TestCaseExecutor.java:410)
	at com.kms.katalon.core.main.TestCaseExecutor.execute(TestCaseExecutor.java:285)
	at com.kms.katalon.core.main.TestCaseMain.runTestCase(TestCaseMain.java:137)
	at com.kms.katalon.core.keyword.builtin.CallTestCaseKeyword$_callTestCase_closure1.doCall(CallTestCaseKeyword.groovy:59)
	... 24 more
Caused by: org.openqa.selenium.ElementClickInterceptedException: Element <button id="btn_aceptar_tipo_envio" class="btn disabled" type="button"> is not clickable at point (675,588) because another element <div class="modal-footer"> obscures it
Build info: version: '3.141.59', revision: 'unknown', time: 'unknown'
System info: host: 'DESKTOP-RGFFP9A', ip: '10.136.10.6', os.name: 'Windows 11', os.arch: 'amd64', os.version: '10.0', java.version: '17.0.7'
Driver info: com.kms.katalon.core.webui.driver.firefox.CGeckoDriver
Capabilities {acceptInsecureCerts: true, browserName: firefox, browserVersion: 133.0, javascriptEnabled: true, moz:accessibilityChecks: false, moz:buildID: 20241121140525, moz:geckodriverVersion: 0.35.0, moz:headless: false, moz:platformVersion: 10.0, moz:processID: 20540, moz:profile: C:\Users\OLVATI\AppData\Loc..., moz:shutdownTimeout: 60000, moz:webdriverClick: true, moz:windowless: false, pageLoadStrategy: normal, platform: WINDOWS, platformName: WINDOWS, proxy: Proxy(direct), setWindowRect: true, strictFileInteractability: false, timeouts: {implicit: 0, pageLoad: 300000, script: 30000}, unhandledPromptBehavior: dismiss and notify, userAgent: Mozilla/5.0 (Windows NT 10....}
Session ID: 90526da0-1f32-4797-90ac-e9963998cef3
	at jdk.internal.reflect.GeneratedConstructorAccessor32.newInstance(Unknown Source)
	at java.base/jdk.internal.reflect.DelegatingConstructorAccessorImpl.newInstance(DelegatingConstructorAccessorImpl.java:45)
	at org.openqa.selenium.remote.http.W3CHttpResponseCodec.createException(W3CHttpResponseCodec.java:187)
	at org.openqa.selenium.remote.http.W3CHttpResponseCodec.decode(W3CHttpResponseCodec.java:122)
	at org.openqa.selenium.remote.http.W3CHttpResponseCodec.decode(W3CHttpResponseCodec.java:49)
	at org.openqa.selenium.remote.HttpCommandExecutor.execute(HttpCommandExecutor.java:158)
	at org.openqa.selenium.remote.service.DriverCommandExecutor.execute(DriverCommandExecutor.java:83)
	at org.openqa.selenium.remote.RemoteWebDriver.execute(RemoteWebDriver.java:552)
	at com.kms.katalon.selenium.driver.CFirefoxDriver.execute(CFirefoxDriver.java:28)
	at org.openqa.selenium.remote.RemoteWebElement.execute(RemoteWebElement.java:285)
	at org.openqa.selenium.remote.RemoteWebElement.click(RemoteWebElement.java:84)
	at jdk.internal.reflect.GeneratedMethodAccessor10.invoke(Unknown Source)
	at java.base/jdk.internal.reflect.DelegatingMethodAccessorImpl.invoke(DelegatingMethodAccessorImpl.java:43)
	at org.openqa.selenium.support.events.EventFiringWebDriver$EventFiringWebElement.lambda$new$0(EventFiringWebDriver.java:404)
	at jdk.proxy2/jdk.proxy2.$Proxy21.click(Unknown Source)
	at org.openqa.selenium.support.events.EventFiringWebDriver$EventFiringWebElement.click(EventFiringWebDriver.java:417)
	at org.openqa.selenium.WebElement$click.call(Unknown Source)
	at com.kms.katalon.core.webui.keyword.builtin.ClickKeyword.clickUntilSuccessWithTimeout(ClickKeyword.groovy:81)
	at com.kms.katalon.core.webui.keyword.builtin.ClickKeyword.clickUntilSuccessWithTimeout(ClickKeyword.groovy)
	at jdk.internal.reflect.GeneratedMethodAccessor8.invoke(Unknown Source)
	at java.base/jdk.internal.reflect.DelegatingMethodAccessorImpl.invoke(DelegatingMethodAccessorImpl.java:43)
	at com.kms.katalon.core.webui.keyword.builtin.ClickKeyword$_click_closure1.doCall(ClickKeyword.groovy:67)
	at com.kms.katalon.core.webui.keyword.builtin.ClickKeyword$_click_closure1.call(ClickKeyword.groovy)
	at com.kms.katalon.core.webui.keyword.internal.WebUIKeywordMain.runKeyword(WebUIKeywordMain.groovy:35)
	... 38 more
)]]></system-out>
         <system-err><![CDATA[27-11-2024T13:27:46 - [TEST_CASE][FAILED] - Test Cases/2.Positivos/2.2Sobre/Origen-Provincia/3.Destino-D,DO,O/Destino-D: Test Cases/2.Positivos/2.2Sobre/Origen-Provincia/3.Destino-D,DO,O/Destino-D FAILED.
Reason:
com.kms.katalon.core.exception.StepFailedException: Call Test Case 'Test Cases/1.Inicio/1.1Principal/Selec_sobre' failed
	at com.kms.katalon.core.keyword.builtin.CallTestCaseKeyword$_callTestCase_closure1.doCall(CallTestCaseKeyword.groovy:63)
	at com.kms.katalon.core.keyword.builtin.CallTestCaseKeyword$_callTestCase_closure1.call(CallTestCaseKeyword.groovy)
	at com.kms.katalon.core.keyword.internal.KeywordMain.runKeyword(KeywordMain.groovy:75)
	at com.kms.katalon.core.keyword.builtin.CallTestCaseKeyword.callTestCase(CallTestCaseKeyword.groovy:81)
	at com.kms.katalon.core.keyword.builtin.CallTestCaseKeyword.execute(CallTestCaseKeyword.groovy:44)
	at com.kms.katalon.core.keyword.internal.KeywordExecutor.executeKeywordForPlatform(KeywordExecutor.groovy:74)
	at com.kms.katalon.core.keyword.BuiltinKeywords.callTestCase(BuiltinKeywords.groovy:310)
	at jdk.internal.reflect.GeneratedMethodAccessor25.invoke(Unknown Source)
	at java.base/jdk.internal.reflect.DelegatingMethodAccessorImpl.invoke(DelegatingMethodAccessorImpl.java:43)
	at Destino-D.run(Destino-D:22)
	at com.kms.katalon.core.main.ScriptEngine.run(ScriptEngine.java:194)
	at com.kms.katalon.core.main.ScriptEngine.runScriptAsRawText(ScriptEngine.java:119)
	at com.kms.katalon.core.main.TestCaseExecutor.runScript(TestCaseExecutor.java:448)
	at com.kms.katalon.core.main.TestCaseExecutor.doExecute(TestCaseExecutor.java:439)
	at com.kms.katalon.core.main.TestCaseExecutor.processExecutionPhase(TestCaseExecutor.java:418)
	at com.kms.katalon.core.main.TestCaseExecutor.accessMainPhase(TestCaseExecutor.java:410)
	at com.kms.katalon.core.main.TestCaseExecutor.execute(TestCaseExecutor.java:285)
	at com.kms.katalon.core.common.CommonExecutor.accessTestCaseMainPhase(CommonExecutor.java:65)
	at com.kms.katalon.core.main.TestSuiteExecutor.accessTestSuiteMainPhase(TestSuiteExecutor.java:150)
	at com.kms.katalon.core.main.TestSuiteExecutor.execute(TestSuiteExecutor.java:106)
	at com.kms.katalon.core.main.TestCaseMain.startTestSuite(TestCaseMain.java:180)
	at TempTestSuite1732729948317.run(TempTestSuite1732729948317.groovy:35)
	at java.base/jdk.internal.reflect.NativeMethodAccessorImpl.invoke0(Native Method)
	at java.base/jdk.internal.reflect.NativeMethodAccessorImpl.invoke(NativeMethodAccessorImpl.java:77)
	at java.base/jdk.internal.reflect.DelegatingMethodAccessorImpl.invoke(DelegatingMethodAccessorImpl.java:43)
Caused by: com.kms.katalon.core.exception.StepFailedException: Unable to click on object 'Object Repository/Principal/Page_Olva Courier  Home/button_CONTINUAR (2)'
	at com.kms.katalon.core.webui.keyword.internal.WebUIKeywordMain.stepFailed(WebUIKeywordMain.groovy:117)
	at com.kms.katalon.core.webui.keyword.internal.WebUIKeywordMain.runKeyword(WebUIKeywordMain.groovy:43)
	at com.kms.katalon.core.webui.keyword.builtin.ClickKeyword.click(ClickKeyword.groovy:74)
	at com.kms.katalon.core.webui.keyword.builtin.ClickKeyword.execute(ClickKeyword.groovy:40)
	at com.kms.katalon.core.keyword.internal.KeywordExecutor.executeKeywordForPlatform(KeywordExecutor.groovy:74)
	at com.kms.katalon.core.webui.keyword.WebUiBuiltInKeywords.click(WebUiBuiltInKeywords.groovy:659)
	at Selec_sobre.run(Selec_sobre:24)
	at com.kms.katalon.core.main.ScriptEngine.run(ScriptEngine.java:194)
	at com.kms.katalon.core.main.ScriptEngine.runScriptAsRawText(ScriptEngine.java:119)
	at com.kms.katalon.core.main.TestCaseExecutor.runScript(TestCaseExecutor.java:448)
	at com.kms.katalon.core.main.TestCaseExecutor.doExecute(TestCaseExecutor.java:439)
	at com.kms.katalon.core.main.TestCaseExecutor.processExecutionPhase(TestCaseExecutor.java:418)
	at com.kms.katalon.core.main.TestCaseExecutor.accessMainPhase(TestCaseExecutor.java:410)
	at com.kms.katalon.core.main.TestCaseExecutor.execute(TestCaseExecutor.java:285)
	at com.kms.katalon.core.main.TestCaseMain.runTestCase(TestCaseMain.java:137)
	at com.kms.katalon.core.keyword.builtin.CallTestCaseKeyword$_callTestCase_closure1.doCall(CallTestCaseKeyword.groovy:59)
	... 24 more
Caused by: org.openqa.selenium.ElementClickInterceptedException: Element <button id="btn_aceptar_tipo_envio" class="btn disabled" type="button"> is not clickable at point (675,588) because another element <div class="modal-footer"> obscures it
Build info: version: '3.141.59', revision: 'unknown', time: 'unknown'
System info: host: 'DESKTOP-RGFFP9A', ip: '10.136.10.6', os.name: 'Windows 11', os.arch: 'amd64', os.version: '10.0', java.version: '17.0.7'
Driver info: com.kms.katalon.core.webui.driver.firefox.CGeckoDriver
Capabilities {acceptInsecureCerts: true, browserName: firefox, browserVersion: 133.0, javascriptEnabled: true, moz:accessibilityChecks: false, moz:buildID: 20241121140525, moz:geckodriverVersion: 0.35.0, moz:headless: false, moz:platformVersion: 10.0, moz:processID: 20540, moz:profile: C:\Users\OLVATI\AppData\Loc..., moz:shutdownTimeout: 60000, moz:webdriverClick: true, moz:windowless: false, pageLoadStrategy: normal, platform: WINDOWS, platformName: WINDOWS, proxy: Proxy(direct), setWindowRect: true, strictFileInteractability: false, timeouts: {implicit: 0, pageLoad: 300000, script: 30000}, unhandledPromptBehavior: dismiss and notify, userAgent: Mozilla/5.0 (Windows NT 10....}
Session ID: 90526da0-1f32-4797-90ac-e9963998cef3
	at jdk.internal.reflect.GeneratedConstructorAccessor32.newInstance(Unknown Source)
	at java.base/jdk.internal.reflect.DelegatingConstructorAccessorImpl.newInstance(DelegatingConstructorAccessorImpl.java:45)
	at org.openqa.selenium.remote.http.W3CHttpResponseCodec.createException(W3CHttpResponseCodec.java:187)
	at org.openqa.selenium.remote.http.W3CHttpResponseCodec.decode(W3CHttpResponseCodec.java:122)
	at org.openqa.selenium.remote.http.W3CHttpResponseCodec.decode(W3CHttpResponseCodec.java:49)
	at org.openqa.selenium.remote.HttpCommandExecutor.execute(HttpCommandExecutor.java:158)
	at org.openqa.selenium.remote.service.DriverCommandExecutor.execute(DriverCommandExecutor.java:83)
	at org.openqa.selenium.remote.RemoteWebDriver.execute(RemoteWebDriver.java:552)
	at com.kms.katalon.selenium.driver.CFirefoxDriver.execute(CFirefoxDriver.java:28)
	at org.openqa.selenium.remote.RemoteWebElement.execute(RemoteWebElement.java:285)
	at org.openqa.selenium.remote.RemoteWebElement.click(RemoteWebElement.java:84)
	at jdk.internal.reflect.GeneratedMethodAccessor10.invoke(Unknown Source)
	at java.base/jdk.internal.reflect.DelegatingMethodAccessorImpl.invoke(DelegatingMethodAccessorImpl.java:43)
	at org.openqa.selenium.support.events.EventFiringWebDriver$EventFiringWebElement.lambda$new$0(EventFiringWebDriver.java:404)
	at jdk.proxy2/jdk.proxy2.$Proxy21.click(Unknown Source)
	at org.openqa.selenium.support.events.EventFiringWebDriver$EventFiringWebElement.click(EventFiringWebDriver.java:417)
	at org.openqa.selenium.WebElement$click.call(Unknown Source)
	at com.kms.katalon.core.webui.keyword.builtin.ClickKeyword.clickUntilSuccessWithTimeout(ClickKeyword.groovy:81)
	at com.kms.katalon.core.webui.keyword.builtin.ClickKeyword.clickUntilSuccessWithTimeout(ClickKeyword.groovy)
	at jdk.internal.reflect.GeneratedMethodAccessor8.invoke(Unknown Source)
	at java.base/jdk.internal.reflect.DelegatingMethodAccessorImpl.invoke(DelegatingMethodAccessorImpl.java:43)
	at com.kms.katalon.core.webui.keyword.builtin.ClickKeyword$_click_closure1.doCall(ClickKeyword.groovy:67)
	at com.kms.katalon.core.webui.keyword.builtin.ClickKeyword$_click_closure1.call(ClickKeyword.groovy)
	at com.kms.katalon.core.webui.keyword.internal.WebUIKeywordMain.runKeyword(WebUIKeywordMain.groovy:35)
	... 38 more]]></system-err>
      </testcase>
      <testcase name="Test Cases/2.Positivos/2.2Sobre/Origen-Provincia/2.Valorado/Entrega_Tienda/Restricion-tienda" time="44.378" classname="Test Cases/2.Positivos/2.2Sobre/Origen-Provincia/2.Valorado/Entrega_Tienda/Restricion-tienda" status="FAILED">
         <failure type="FAILED" message="Test Cases/2.Positivos/2.2Sobre/Origen-Provincia/2.Valorado/Entrega_Tienda/Restricion-tienda FAILED.&#xa;Reason:&#xa;com.kms.katalon.core.exception.StepFailedException: Call Test Case 'Test Cases/1.Inicio/1.1Principal/Selec_sobre' failed&#xa;	at com.kms.katalon.core.keyword.builtin.CallTestCaseKeyword$_callTestCase_closure1.doCall(CallTestCaseKeyword.groovy:63)&#xa;	at com.kms.katalon.core.keyword.builtin.CallTestCaseKeyword$_callTestCase_closure1.call(CallTestCaseKeyword.groovy)&#xa;	at com.kms.katalon.core.keyword.internal.KeywordMain.runKeyword(KeywordMain.groovy:75)&#xa;	at com.kms.katalon.core.keyword.builtin.CallTestCaseKeyword.callTestCase(CallTestCaseKeyword.groovy:81)&#xa;	at com.kms.katalon.core.keyword.builtin.CallTestCaseKeyword.execute(CallTestCaseKeyword.groovy:44)&#xa;	at com.kms.katalon.core.keyword.internal.KeywordExecutor.executeKeywordForPlatform(KeywordExecutor.groovy:74)&#xa;	at com.kms.katalon.core.keyword.BuiltinKeywords.callTestCase(BuiltinKeywords.groovy:310)&#xa;	at jdk.internal.reflect.GeneratedMethodAccessor25.invoke(Unknown Source)&#xa;	at java.base/jdk.internal.reflect.DelegatingMethodAccessorImpl.invoke(DelegatingMethodAccessorImpl.java:43)&#xa;	at Restricion-tienda.run(Restricion-tienda:22)&#xa;	at com.kms.katalon.core.main.ScriptEngine.run(ScriptEngine.java:194)&#xa;	at com.kms.katalon.core.main.ScriptEngine.runScriptAsRawText(ScriptEngine.java:119)&#xa;	at com.kms.katalon.core.main.TestCaseExecutor.runScript(TestCaseExecutor.java:448)&#xa;	at com.kms.katalon.core.main.TestCaseExecutor.doExecute(TestCaseExecutor.java:439)&#xa;	at com.kms.katalon.core.main.TestCaseExecutor.processExecutionPhase(TestCaseExecutor.java:418)&#xa;	at com.kms.katalon.core.main.TestCaseExecutor.accessMainPhase(TestCaseExecutor.java:410)&#xa;	at com.kms.katalon.core.main.TestCaseExecutor.execute(TestCaseExecutor.java:285)&#xa;	at com.kms.katalon.core.common.CommonExecutor.accessTestCaseMainPhase(CommonExecutor.java:65)&#xa;	at com.kms.katalon.core.main.TestSuiteExecutor.accessTestSuiteMainPhase(TestSuiteExecutor.java:150)&#xa;	at com.kms.katalon.core.main.TestSuiteExecutor.execute(TestSuiteExecutor.java:106)&#xa;	at com.kms.katalon.core.main.TestCaseMain.startTestSuite(TestCaseMain.java:180)&#xa;	at TempTestSuite1732729948317.run(TempTestSuite1732729948317.groovy:35)&#xa;	at java.base/jdk.internal.reflect.NativeMethodAccessorImpl.invoke0(Native Method)&#xa;	at java.base/jdk.internal.reflect.NativeMethodAccessorImpl.invoke(NativeMethodAccessorImpl.java:77)&#xa;	at java.base/jdk.internal.reflect.DelegatingMethodAccessorImpl.invoke(DelegatingMethodAccessorImpl.java:43)&#xa;Caused by: com.kms.katalon.core.exception.StepFailedException: Unable to click on object 'Object Repository/Principal/Page_Olva Courier  Home/button_CONTINUAR (2)'&#xa;	at com.kms.katalon.core.webui.keyword.internal.WebUIKeywordMain.stepFailed(WebUIKeywordMain.groovy:117)&#xa;	at com.kms.katalon.core.webui.keyword.internal.WebUIKeywordMain.runKeyword(WebUIKeywordMain.groovy:43)&#xa;	at com.kms.katalon.core.webui.keyword.builtin.ClickKeyword.click(ClickKeyword.groovy:74)&#xa;	at com.kms.katalon.core.webui.keyword.builtin.ClickKeyword.execute(ClickKeyword.groovy:40)&#xa;	at com.kms.katalon.core.keyword.internal.KeywordExecutor.executeKeywordForPlatform(KeywordExecutor.groovy:74)&#xa;	at com.kms.katalon.core.webui.keyword.WebUiBuiltInKeywords.click(WebUiBuiltInKeywords.groovy:659)&#xa;	at Selec_sobre.run(Selec_sobre:24)&#xa;	at com.kms.katalon.core.main.ScriptEngine.run(ScriptEngine.java:194)&#xa;	at com.kms.katalon.core.main.ScriptEngine.runScriptAsRawText(ScriptEngine.java:119)&#xa;	at com.kms.katalon.core.main.TestCaseExecutor.runScript(TestCaseExecutor.java:448)&#xa;	at com.kms.katalon.core.main.TestCaseExecutor.doExecute(TestCaseExecutor.java:439)&#xa;	at com.kms.katalon.core.main.TestCaseExecutor.processExecutionPhase(TestCaseExecutor.java:418)&#xa;	at com.kms.katalon.core.main.TestCaseExecutor.accessMainPhase(TestCaseExecutor.java:410)&#xa;	at com.kms.katalon.core.main.TestCaseExecutor.execute(TestCaseExecutor.java:285)&#xa;	at com.kms.katalon.core.main.TestCaseMain.runTestCase(TestCaseMain.java:137)&#xa;	at com.kms.katalon.core.keyword.builtin.CallTestCaseKeyword$_callTestCase_closure1.doCall(CallTestCaseKeyword.groovy:59)&#xa;	... 24 more&#xa;Caused by: org.openqa.selenium.ElementClickInterceptedException: Element &lt;button id=&quot;btn_aceptar_tipo_envio&quot; class=&quot;btn disabled&quot; type=&quot;button&quot;> is not clickable at point (675,588) because another element &lt;div class=&quot;modal-footer&quot;> obscures it&#xa;Build info: version: '3.141.59', revision: 'unknown', time: 'unknown'&#xa;System info: host: 'DESKTOP-RGFFP9A', ip: '10.136.10.6', os.name: 'Windows 11', os.arch: 'amd64', os.version: '10.0', java.version: '17.0.7'&#xa;Driver info: com.kms.katalon.core.webui.driver.firefox.CGeckoDriver&#xa;Capabilities {acceptInsecureCerts: true, browserName: firefox, browserVersion: 133.0, javascriptEnabled: true, moz:accessibilityChecks: false, moz:buildID: 20241121140525, moz:geckodriverVersion: 0.35.0, moz:headless: false, moz:platformVersion: 10.0, moz:processID: 40908, moz:profile: C:\Users\OLVATI\AppData\Loc..., moz:shutdownTimeout: 60000, moz:webdriverClick: true, moz:windowless: false, pageLoadStrategy: normal, platform: WINDOWS, platformName: WINDOWS, proxy: Proxy(direct), setWindowRect: true, strictFileInteractability: false, timeouts: {implicit: 0, pageLoad: 300000, script: 30000}, unhandledPromptBehavior: dismiss and notify, userAgent: Mozilla/5.0 (Windows NT 10....}&#xa;Session ID: 2a311201-defd-44a7-9aaa-2d70af5b786c&#xa;	at jdk.internal.reflect.GeneratedConstructorAccessor32.newInstance(Unknown Source)&#xa;	at java.base/jdk.internal.reflect.DelegatingConstructorAccessorImpl.newInstance(DelegatingConstructorAccessorImpl.java:45)&#xa;	at org.openqa.selenium.remote.http.W3CHttpResponseCodec.createException(W3CHttpResponseCodec.java:187)&#xa;	at org.openqa.selenium.remote.http.W3CHttpResponseCodec.decode(W3CHttpResponseCodec.java:122)&#xa;	at org.openqa.selenium.remote.http.W3CHttpResponseCodec.decode(W3CHttpResponseCodec.java:49)&#xa;	at org.openqa.selenium.remote.HttpCommandExecutor.execute(HttpCommandExecutor.java:158)&#xa;	at org.openqa.selenium.remote.service.DriverCommandExecutor.execute(DriverCommandExecutor.java:83)&#xa;	at org.openqa.selenium.remote.RemoteWebDriver.execute(RemoteWebDriver.java:552)&#xa;	at com.kms.katalon.selenium.driver.CFirefoxDriver.execute(CFirefoxDriver.java:28)&#xa;	at org.openqa.selenium.remote.RemoteWebElement.execute(RemoteWebElement.java:285)&#xa;	at org.openqa.selenium.remote.RemoteWebElement.click(RemoteWebElement.java:84)&#xa;	at jdk.internal.reflect.GeneratedMethodAccessor10.invoke(Unknown Source)&#xa;	at java.base/jdk.internal.reflect.DelegatingMethodAccessorImpl.invoke(DelegatingMethodAccessorImpl.java:43)&#xa;	at org.openqa.selenium.support.events.EventFiringWebDriver$EventFiringWebElement.lambda$new$0(EventFiringWebDriver.java:404)&#xa;	at jdk.proxy2/jdk.proxy2.$Proxy21.click(Unknown Source)&#xa;	at org.openqa.selenium.support.events.EventFiringWebDriver$EventFiringWebElement.click(EventFiringWebDriver.java:417)&#xa;	at org.openqa.selenium.WebElement$click.call(Unknown Source)&#xa;	at com.kms.katalon.core.webui.keyword.builtin.ClickKeyword.clickUntilSuccessWithTimeout(ClickKeyword.groovy:81)&#xa;	at com.kms.katalon.core.webui.keyword.builtin.ClickKeyword.clickUntilSuccessWithTimeout(ClickKeyword.groovy)&#xa;	at jdk.internal.reflect.GeneratedMethodAccessor8.invoke(Unknown Source)&#xa;	at java.base/jdk.internal.reflect.DelegatingMethodAccessorImpl.invoke(DelegatingMethodAccessorImpl.java:43)&#xa;	at com.kms.katalon.core.webui.keyword.builtin.ClickKeyword$_click_closure1.doCall(ClickKeyword.groovy:67)&#xa;	at com.kms.katalon.core.webui.keyword.builtin.ClickKeyword$_click_closure1.call(ClickKeyword.groovy)&#xa;	at com.kms.katalon.core.webui.keyword.internal.WebUIKeywordMain.runKeyword(WebUIKeywordMain.groovy:35)&#xa;	... 38 more&#xa;"/>
         <system-out><![CDATA[27-11-2024T13:28:27 - [TEST_CASE][FAILED] - Test Cases/2.Positivos/2.2Sobre/Origen-Provincia/2.Valorado/Entrega_Tienda/Restricion-tienda: Test Cases/2.Positivos/2.2Sobre/Origen-Provincia/2.Valorado/Entrega_Tienda/Restricion-tienda FAILED.
Reason:
com.kms.katalon.core.exception.StepFailedException: Call Test Case 'Test Cases/1.Inicio/1.1Principal/Selec_sobre' failed
	at com.kms.katalon.core.keyword.builtin.CallTestCaseKeyword$_callTestCase_closure1.doCall(CallTestCaseKeyword.groovy:63)
	at com.kms.katalon.core.keyword.builtin.CallTestCaseKeyword$_callTestCase_closure1.call(CallTestCaseKeyword.groovy)
	at com.kms.katalon.core.keyword.internal.KeywordMain.runKeyword(KeywordMain.groovy:75)
	at com.kms.katalon.core.keyword.builtin.CallTestCaseKeyword.callTestCase(CallTestCaseKeyword.groovy:81)
	at com.kms.katalon.core.keyword.builtin.CallTestCaseKeyword.execute(CallTestCaseKeyword.groovy:44)
	at com.kms.katalon.core.keyword.internal.KeywordExecutor.executeKeywordForPlatform(KeywordExecutor.groovy:74)
	at com.kms.katalon.core.keyword.BuiltinKeywords.callTestCase(BuiltinKeywords.groovy:310)
	at jdk.internal.reflect.GeneratedMethodAccessor25.invoke(Unknown Source)
	at java.base/jdk.internal.reflect.DelegatingMethodAccessorImpl.invoke(DelegatingMethodAccessorImpl.java:43)
	at Restricion-tienda.run(Restricion-tienda:22)
	at com.kms.katalon.core.main.ScriptEngine.run(ScriptEngine.java:194)
	at com.kms.katalon.core.main.ScriptEngine.runScriptAsRawText(ScriptEngine.java:119)
	at com.kms.katalon.core.main.TestCaseExecutor.runScript(TestCaseExecutor.java:448)
	at com.kms.katalon.core.main.TestCaseExecutor.doExecute(TestCaseExecutor.java:439)
	at com.kms.katalon.core.main.TestCaseExecutor.processExecutionPhase(TestCaseExecutor.java:418)
	at com.kms.katalon.core.main.TestCaseExecutor.accessMainPhase(TestCaseExecutor.java:410)
	at com.kms.katalon.core.main.TestCaseExecutor.execute(TestCaseExecutor.java:285)
	at com.kms.katalon.core.common.CommonExecutor.accessTestCaseMainPhase(CommonExecutor.java:65)
	at com.kms.katalon.core.main.TestSuiteExecutor.accessTestSuiteMainPhase(TestSuiteExecutor.java:150)
	at com.kms.katalon.core.main.TestSuiteExecutor.execute(TestSuiteExecutor.java:106)
	at com.kms.katalon.core.main.TestCaseMain.startTestSuite(TestCaseMain.java:180)
	at TempTestSuite1732729948317.run(TempTestSuite1732729948317.groovy:35)
	at java.base/jdk.internal.reflect.NativeMethodAccessorImpl.invoke0(Native Method)
	at java.base/jdk.internal.reflect.NativeMethodAccessorImpl.invoke(NativeMethodAccessorImpl.java:77)
	at java.base/jdk.internal.reflect.DelegatingMethodAccessorImpl.invoke(DelegatingMethodAccessorImpl.java:43)
Caused by: com.kms.katalon.core.exception.StepFailedException: Unable to click on object 'Object Repository/Principal/Page_Olva Courier  Home/button_CONTINUAR (2)'
	at com.kms.katalon.core.webui.keyword.internal.WebUIKeywordMain.stepFailed(WebUIKeywordMain.groovy:117)
	at com.kms.katalon.core.webui.keyword.internal.WebUIKeywordMain.runKeyword(WebUIKeywordMain.groovy:43)
	at com.kms.katalon.core.webui.keyword.builtin.ClickKeyword.click(ClickKeyword.groovy:74)
	at com.kms.katalon.core.webui.keyword.builtin.ClickKeyword.execute(ClickKeyword.groovy:40)
	at com.kms.katalon.core.keyword.internal.KeywordExecutor.executeKeywordForPlatform(KeywordExecutor.groovy:74)
	at com.kms.katalon.core.webui.keyword.WebUiBuiltInKeywords.click(WebUiBuiltInKeywords.groovy:659)
	at Selec_sobre.run(Selec_sobre:24)
	at com.kms.katalon.core.main.ScriptEngine.run(ScriptEngine.java:194)
	at com.kms.katalon.core.main.ScriptEngine.runScriptAsRawText(ScriptEngine.java:119)
	at com.kms.katalon.core.main.TestCaseExecutor.runScript(TestCaseExecutor.java:448)
	at com.kms.katalon.core.main.TestCaseExecutor.doExecute(TestCaseExecutor.java:439)
	at com.kms.katalon.core.main.TestCaseExecutor.processExecutionPhase(TestCaseExecutor.java:418)
	at com.kms.katalon.core.main.TestCaseExecutor.accessMainPhase(TestCaseExecutor.java:410)
	at com.kms.katalon.core.main.TestCaseExecutor.execute(TestCaseExecutor.java:285)
	at com.kms.katalon.core.main.TestCaseMain.runTestCase(TestCaseMain.java:137)
	at com.kms.katalon.core.keyword.builtin.CallTestCaseKeyword$_callTestCase_closure1.doCall(CallTestCaseKeyword.groovy:59)
	... 24 more
Caused by: org.openqa.selenium.ElementClickInterceptedException: Element <button id="btn_aceptar_tipo_envio" class="btn disabled" type="button"> is not clickable at point (675,588) because another element <div class="modal-footer"> obscures it
Build info: version: '3.141.59', revision: 'unknown', time: 'unknown'
System info: host: 'DESKTOP-RGFFP9A', ip: '10.136.10.6', os.name: 'Windows 11', os.arch: 'amd64', os.version: '10.0', java.version: '17.0.7'
Driver info: com.kms.katalon.core.webui.driver.firefox.CGeckoDriver
Capabilities {acceptInsecureCerts: true, browserName: firefox, browserVersion: 133.0, javascriptEnabled: true, moz:accessibilityChecks: false, moz:buildID: 20241121140525, moz:geckodriverVersion: 0.35.0, moz:headless: false, moz:platformVersion: 10.0, moz:processID: 40908, moz:profile: C:\Users\OLVATI\AppData\Loc..., moz:shutdownTimeout: 60000, moz:webdriverClick: true, moz:windowless: false, pageLoadStrategy: normal, platform: WINDOWS, platformName: WINDOWS, proxy: Proxy(direct), setWindowRect: true, strictFileInteractability: false, timeouts: {implicit: 0, pageLoad: 300000, script: 30000}, unhandledPromptBehavior: dismiss and notify, userAgent: Mozilla/5.0 (Windows NT 10....}
Session ID: 2a311201-defd-44a7-9aaa-2d70af5b786c
	at jdk.internal.reflect.GeneratedConstructorAccessor32.newInstance(Unknown Source)
	at java.base/jdk.internal.reflect.DelegatingConstructorAccessorImpl.newInstance(DelegatingConstructorAccessorImpl.java:45)
	at org.openqa.selenium.remote.http.W3CHttpResponseCodec.createException(W3CHttpResponseCodec.java:187)
	at org.openqa.selenium.remote.http.W3CHttpResponseCodec.decode(W3CHttpResponseCodec.java:122)
	at org.openqa.selenium.remote.http.W3CHttpResponseCodec.decode(W3CHttpResponseCodec.java:49)
	at org.openqa.selenium.remote.HttpCommandExecutor.execute(HttpCommandExecutor.java:158)
	at org.openqa.selenium.remote.service.DriverCommandExecutor.execute(DriverCommandExecutor.java:83)
	at org.openqa.selenium.remote.RemoteWebDriver.execute(RemoteWebDriver.java:552)
	at com.kms.katalon.selenium.driver.CFirefoxDriver.execute(CFirefoxDriver.java:28)
	at org.openqa.selenium.remote.RemoteWebElement.execute(RemoteWebElement.java:285)
	at org.openqa.selenium.remote.RemoteWebElement.click(RemoteWebElement.java:84)
	at jdk.internal.reflect.GeneratedMethodAccessor10.invoke(Unknown Source)
	at java.base/jdk.internal.reflect.DelegatingMethodAccessorImpl.invoke(DelegatingMethodAccessorImpl.java:43)
	at org.openqa.selenium.support.events.EventFiringWebDriver$EventFiringWebElement.lambda$new$0(EventFiringWebDriver.java:404)
	at jdk.proxy2/jdk.proxy2.$Proxy21.click(Unknown Source)
	at org.openqa.selenium.support.events.EventFiringWebDriver$EventFiringWebElement.click(EventFiringWebDriver.java:417)
	at org.openqa.selenium.WebElement$click.call(Unknown Source)
	at com.kms.katalon.core.webui.keyword.builtin.ClickKeyword.clickUntilSuccessWithTimeout(ClickKeyword.groovy:81)
	at com.kms.katalon.core.webui.keyword.builtin.ClickKeyword.clickUntilSuccessWithTimeout(ClickKeyword.groovy)
	at jdk.internal.reflect.GeneratedMethodAccessor8.invoke(Unknown Source)
	at java.base/jdk.internal.reflect.DelegatingMethodAccessorImpl.invoke(DelegatingMethodAccessorImpl.java:43)
	at com.kms.katalon.core.webui.keyword.builtin.ClickKeyword$_click_closure1.doCall(ClickKeyword.groovy:67)
	at com.kms.katalon.core.webui.keyword.builtin.ClickKeyword$_click_closure1.call(ClickKeyword.groovy)
	at com.kms.katalon.core.webui.keyword.internal.WebUIKeywordMain.runKeyword(WebUIKeywordMain.groovy:35)
	... 38 more


27-11-2024T13:28:27 - [TEST_STEP][PASSED] - callTestCase(findTestCase("1.Inicio/1.1Principal/Principal-home"), [:], STOP_ON_FAILURE): Call Test Case 'Test Cases/1.Inicio/1.1Principal/Principal-home' successfully

27-11-2024T13:28:27 - [TEST_CASE][PASSED] - Test Cases/1.Inicio/1.1Principal/Principal-home: Test Cases/1.Inicio/1.1Principal/Principal-home

27-11-2024T13:28:27 - [TEST_STEP][PASSED] - openBrowser(""): Browser is opened with url: ''

27-11-2024T13:28:27 - [MESSAGE][WARNING] - A browser is already opened. Closing browser and opening a new one

27-11-2024T13:28:28 - [MESSAGE][INFO] - Starting 'Firefox' driver

27-11-2024T13:28:28 - [MESSAGE][INFO] - Action delay is set to 0 milliseconds

27-11-2024T13:28:37 - [MESSAGE][PASSED] - Browser is opened with url: ''

27-11-2024T13:28:37 - [TEST_STEP][PASSED] - navigateToUrl("https://dev01-registrodeenvios.olvacourier.com/principal"): Navigate to 'https://dev01-registrodeenvios.olvacourier.com/principal' successfully

27-11-2024T13:28:39 - [MESSAGE][PASSED] - Navigate to 'https://dev01-registrodeenvios.olvacourier.com/principal' successfully

27-11-2024T13:28:39 - [TEST_STEP][PASSED] - maximizeWindow(): Current window maximized

27-11-2024T13:28:39 - [MESSAGE][PASSED] - Current window maximized

27-11-2024T13:28:39 - [MESSAGE][PASSED] - Call Test Case 'Test Cases/1.Inicio/1.1Principal/Principal-home' successfully

27-11-2024T13:28:39 - [TEST_STEP][FAILED] - callTestCase(findTestCase("1.Inicio/1.1Principal/Selec_sobre"), [:], STOP_ON_FAILURE): Unable to call Test Case 'Test Cases/1.Inicio/1.1Principal/Selec_sobre' (Root cause: com.kms.katalon.core.exception.StepFailedException: Call Test Case 'Test Cases/1.Inicio/1.1Principal/Selec_sobre' failed
	at com.kms.katalon.core.keyword.builtin.CallTestCaseKeyword$_callTestCase_closure1.doCall(CallTestCaseKeyword.groovy:63)
	at com.kms.katalon.core.keyword.builtin.CallTestCaseKeyword$_callTestCase_closure1.call(CallTestCaseKeyword.groovy)
	at com.kms.katalon.core.keyword.internal.KeywordMain.runKeyword(KeywordMain.groovy:75)
	at com.kms.katalon.core.keyword.builtin.CallTestCaseKeyword.callTestCase(CallTestCaseKeyword.groovy:81)
	at com.kms.katalon.core.keyword.builtin.CallTestCaseKeyword.execute(CallTestCaseKeyword.groovy:44)
	at com.kms.katalon.core.keyword.internal.KeywordExecutor.executeKeywordForPlatform(KeywordExecutor.groovy:74)
	at com.kms.katalon.core.keyword.BuiltinKeywords.callTestCase(BuiltinKeywords.groovy:310)
	at jdk.internal.reflect.GeneratedMethodAccessor25.invoke(Unknown Source)
	at java.base/jdk.internal.reflect.DelegatingMethodAccessorImpl.invoke(DelegatingMethodAccessorImpl.java:43)
	at Restricion-tienda.run(Restricion-tienda:22)
	at com.kms.katalon.core.main.ScriptEngine.run(ScriptEngine.java:194)
	at com.kms.katalon.core.main.ScriptEngine.runScriptAsRawText(ScriptEngine.java:119)
	at com.kms.katalon.core.main.TestCaseExecutor.runScript(TestCaseExecutor.java:448)
	at com.kms.katalon.core.main.TestCaseExecutor.doExecute(TestCaseExecutor.java:439)
	at com.kms.katalon.core.main.TestCaseExecutor.processExecutionPhase(TestCaseExecutor.java:418)
	at com.kms.katalon.core.main.TestCaseExecutor.accessMainPhase(TestCaseExecutor.java:410)
	at com.kms.katalon.core.main.TestCaseExecutor.execute(TestCaseExecutor.java:285)
	at com.kms.katalon.core.common.CommonExecutor.accessTestCaseMainPhase(CommonExecutor.java:65)
	at com.kms.katalon.core.main.TestSuiteExecutor.accessTestSuiteMainPhase(TestSuiteExecutor.java:150)
	at com.kms.katalon.core.main.TestSuiteExecutor.execute(TestSuiteExecutor.java:106)
	at com.kms.katalon.core.main.TestCaseMain.startTestSuite(TestCaseMain.java:180)
	at TempTestSuite1732729948317.run(TempTestSuite1732729948317.groovy:35)
	at java.base/jdk.internal.reflect.NativeMethodAccessorImpl.invoke0(Native Method)
	at java.base/jdk.internal.reflect.NativeMethodAccessorImpl.invoke(NativeMethodAccessorImpl.java:77)
	at java.base/jdk.internal.reflect.DelegatingMethodAccessorImpl.invoke(DelegatingMethodAccessorImpl.java:43)
Caused by: com.kms.katalon.core.exception.StepFailedException: Unable to click on object 'Object Repository/Principal/Page_Olva Courier  Home/button_CONTINUAR (2)'
	at com.kms.katalon.core.webui.keyword.internal.WebUIKeywordMain.stepFailed(WebUIKeywordMain.groovy:117)
	at com.kms.katalon.core.webui.keyword.internal.WebUIKeywordMain.runKeyword(WebUIKeywordMain.groovy:43)
	at com.kms.katalon.core.webui.keyword.builtin.ClickKeyword.click(ClickKeyword.groovy:74)
	at com.kms.katalon.core.webui.keyword.builtin.ClickKeyword.execute(ClickKeyword.groovy:40)
	at com.kms.katalon.core.keyword.internal.KeywordExecutor.executeKeywordForPlatform(KeywordExecutor.groovy:74)
	at com.kms.katalon.core.webui.keyword.WebUiBuiltInKeywords.click(WebUiBuiltInKeywords.groovy:659)
	at Selec_sobre.run(Selec_sobre:24)
	at com.kms.katalon.core.main.ScriptEngine.run(ScriptEngine.java:194)
	at com.kms.katalon.core.main.ScriptEngine.runScriptAsRawText(ScriptEngine.java:119)
	at com.kms.katalon.core.main.TestCaseExecutor.runScript(TestCaseExecutor.java:448)
	at com.kms.katalon.core.main.TestCaseExecutor.doExecute(TestCaseExecutor.java:439)
	at com.kms.katalon.core.main.TestCaseExecutor.processExecutionPhase(TestCaseExecutor.java:418)
	at com.kms.katalon.core.main.TestCaseExecutor.accessMainPhase(TestCaseExecutor.java:410)
	at com.kms.katalon.core.main.TestCaseExecutor.execute(TestCaseExecutor.java:285)
	at com.kms.katalon.core.main.TestCaseMain.runTestCase(TestCaseMain.java:137)
	at com.kms.katalon.core.keyword.builtin.CallTestCaseKeyword$_callTestCase_closure1.doCall(CallTestCaseKeyword.groovy:59)
	... 24 more
Caused by: org.openqa.selenium.ElementClickInterceptedException: Element <button id="btn_aceptar_tipo_envio" class="btn disabled" type="button"> is not clickable at point (675,588) because another element <div class="modal-footer"> obscures it
Build info: version: '3.141.59', revision: 'unknown', time: 'unknown'
System info: host: 'DESKTOP-RGFFP9A', ip: '10.136.10.6', os.name: 'Windows 11', os.arch: 'amd64', os.version: '10.0', java.version: '17.0.7'
Driver info: com.kms.katalon.core.webui.driver.firefox.CGeckoDriver
Capabilities {acceptInsecureCerts: true, browserName: firefox, browserVersion: 133.0, javascriptEnabled: true, moz:accessibilityChecks: false, moz:buildID: 20241121140525, moz:geckodriverVersion: 0.35.0, moz:headless: false, moz:platformVersion: 10.0, moz:processID: 40908, moz:profile: C:\Users\OLVATI\AppData\Loc..., moz:shutdownTimeout: 60000, moz:webdriverClick: true, moz:windowless: false, pageLoadStrategy: normal, platform: WINDOWS, platformName: WINDOWS, proxy: Proxy(direct), setWindowRect: true, strictFileInteractability: false, timeouts: {implicit: 0, pageLoad: 300000, script: 30000}, unhandledPromptBehavior: dismiss and notify, userAgent: Mozilla/5.0 (Windows NT 10....}
Session ID: 2a311201-defd-44a7-9aaa-2d70af5b786c
	at jdk.internal.reflect.GeneratedConstructorAccessor32.newInstance(Unknown Source)
	at java.base/jdk.internal.reflect.DelegatingConstructorAccessorImpl.newInstance(DelegatingConstructorAccessorImpl.java:45)
	at org.openqa.selenium.remote.http.W3CHttpResponseCodec.createException(W3CHttpResponseCodec.java:187)
	at org.openqa.selenium.remote.http.W3CHttpResponseCodec.decode(W3CHttpResponseCodec.java:122)
	at org.openqa.selenium.remote.http.W3CHttpResponseCodec.decode(W3CHttpResponseCodec.java:49)
	at org.openqa.selenium.remote.HttpCommandExecutor.execute(HttpCommandExecutor.java:158)
	at org.openqa.selenium.remote.service.DriverCommandExecutor.execute(DriverCommandExecutor.java:83)
	at org.openqa.selenium.remote.RemoteWebDriver.execute(RemoteWebDriver.java:552)
	at com.kms.katalon.selenium.driver.CFirefoxDriver.execute(CFirefoxDriver.java:28)
	at org.openqa.selenium.remote.RemoteWebElement.execute(RemoteWebElement.java:285)
	at org.openqa.selenium.remote.RemoteWebElement.click(RemoteWebElement.java:84)
	at jdk.internal.reflect.GeneratedMethodAccessor10.invoke(Unknown Source)
	at java.base/jdk.internal.reflect.DelegatingMethodAccessorImpl.invoke(DelegatingMethodAccessorImpl.java:43)
	at org.openqa.selenium.support.events.EventFiringWebDriver$EventFiringWebElement.lambda$new$0(EventFiringWebDriver.java:404)
	at jdk.proxy2/jdk.proxy2.$Proxy21.click(Unknown Source)
	at org.openqa.selenium.support.events.EventFiringWebDriver$EventFiringWebElement.click(EventFiringWebDriver.java:417)
	at org.openqa.selenium.WebElement$click.call(Unknown Source)
	at com.kms.katalon.core.webui.keyword.builtin.ClickKeyword.clickUntilSuccessWithTimeout(ClickKeyword.groovy:81)
	at com.kms.katalon.core.webui.keyword.builtin.ClickKeyword.clickUntilSuccessWithTimeout(ClickKeyword.groovy)
	at jdk.internal.reflect.GeneratedMethodAccessor8.invoke(Unknown Source)
	at java.base/jdk.internal.reflect.DelegatingMethodAccessorImpl.invoke(DelegatingMethodAccessorImpl.java:43)
	at com.kms.katalon.core.webui.keyword.builtin.ClickKeyword$_click_closure1.doCall(ClickKeyword.groovy:67)
	at com.kms.katalon.core.webui.keyword.builtin.ClickKeyword$_click_closure1.call(ClickKeyword.groovy)
	at com.kms.katalon.core.webui.keyword.internal.WebUIKeywordMain.runKeyword(WebUIKeywordMain.groovy:35)
	... 38 more
)

27-11-2024T13:28:39 - [TEST_CASE][FAILED] - Test Cases/1.Inicio/1.1Principal/Selec_sobre: Test Cases/1.Inicio/1.1Principal/Selec_sobre FAILED.
Reason:
com.kms.katalon.core.exception.StepFailedException: Unable to click on object 'Object Repository/Principal/Page_Olva Courier  Home/button_CONTINUAR (2)'
	at com.kms.katalon.core.webui.keyword.internal.WebUIKeywordMain.stepFailed(WebUIKeywordMain.groovy:117)
	at com.kms.katalon.core.webui.keyword.internal.WebUIKeywordMain.runKeyword(WebUIKeywordMain.groovy:43)
	at com.kms.katalon.core.webui.keyword.builtin.ClickKeyword.click(ClickKeyword.groovy:74)
	at com.kms.katalon.core.webui.keyword.builtin.ClickKeyword.execute(ClickKeyword.groovy:40)
	at com.kms.katalon.core.keyword.internal.KeywordExecutor.executeKeywordForPlatform(KeywordExecutor.groovy:74)
	at com.kms.katalon.core.webui.keyword.WebUiBuiltInKeywords.click(WebUiBuiltInKeywords.groovy:659)
	at Selec_sobre.run(Selec_sobre:24)
	at com.kms.katalon.core.main.ScriptEngine.run(ScriptEngine.java:194)
	at com.kms.katalon.core.main.ScriptEngine.runScriptAsRawText(ScriptEngine.java:119)
	at com.kms.katalon.core.main.TestCaseExecutor.runScript(TestCaseExecutor.java:448)
	at com.kms.katalon.core.main.TestCaseExecutor.doExecute(TestCaseExecutor.java:439)
	at com.kms.katalon.core.main.TestCaseExecutor.processExecutionPhase(TestCaseExecutor.java:418)
	at com.kms.katalon.core.main.TestCaseExecutor.accessMainPhase(TestCaseExecutor.java:410)
	at com.kms.katalon.core.main.TestCaseExecutor.execute(TestCaseExecutor.java:285)
	at com.kms.katalon.core.main.TestCaseMain.runTestCase(TestCaseMain.java:137)
	at com.kms.katalon.core.keyword.builtin.CallTestCaseKeyword$_callTestCase_closure1.doCall(CallTestCaseKeyword.groovy:59)
	at com.kms.katalon.core.keyword.builtin.CallTestCaseKeyword$_callTestCase_closure1.call(CallTestCaseKeyword.groovy)
	at com.kms.katalon.core.keyword.internal.KeywordMain.runKeyword(KeywordMain.groovy:75)
	at com.kms.katalon.core.keyword.builtin.CallTestCaseKeyword.callTestCase(CallTestCaseKeyword.groovy:81)
	at com.kms.katalon.core.keyword.builtin.CallTestCaseKeyword.execute(CallTestCaseKeyword.groovy:44)
	at com.kms.katalon.core.keyword.internal.KeywordExecutor.executeKeywordForPlatform(KeywordExecutor.groovy:74)
	at com.kms.katalon.core.keyword.BuiltinKeywords.callTestCase(BuiltinKeywords.groovy:310)
	at jdk.internal.reflect.GeneratedMethodAccessor25.invoke(Unknown Source)
	at java.base/jdk.internal.reflect.DelegatingMethodAccessorImpl.invoke(DelegatingMethodAccessorImpl.java:43)
	at Restricion-tienda.run(Restricion-tienda:22)
	at com.kms.katalon.core.main.ScriptEngine.run(ScriptEngine.java:194)
	at com.kms.katalon.core.main.ScriptEngine.runScriptAsRawText(ScriptEngine.java:119)
	at com.kms.katalon.core.main.TestCaseExecutor.runScript(TestCaseExecutor.java:448)
	at com.kms.katalon.core.main.TestCaseExecutor.doExecute(TestCaseExecutor.java:439)
	at com.kms.katalon.core.main.TestCaseExecutor.processExecutionPhase(TestCaseExecutor.java:418)
	at com.kms.katalon.core.main.TestCaseExecutor.accessMainPhase(TestCaseExecutor.java:410)
	at com.kms.katalon.core.main.TestCaseExecutor.execute(TestCaseExecutor.java:285)
	at com.kms.katalon.core.common.CommonExecutor.accessTestCaseMainPhase(CommonExecutor.java:65)
	at com.kms.katalon.core.main.TestSuiteExecutor.accessTestSuiteMainPhase(TestSuiteExecutor.java:150)
	at com.kms.katalon.core.main.TestSuiteExecutor.execute(TestSuiteExecutor.java:106)
	at com.kms.katalon.core.main.TestCaseMain.startTestSuite(TestCaseMain.java:180)
	at TempTestSuite1732729948317.run(TempTestSuite1732729948317.groovy:35)
	at java.base/jdk.internal.reflect.NativeMethodAccessorImpl.invoke0(Native Method)
	at java.base/jdk.internal.reflect.NativeMethodAccessorImpl.invoke(NativeMethodAccessorImpl.java:77)
	at java.base/jdk.internal.reflect.DelegatingMethodAccessorImpl.invoke(DelegatingMethodAccessorImpl.java:43)
Caused by: org.openqa.selenium.ElementClickInterceptedException: Element <button id="btn_aceptar_tipo_envio" class="btn disabled" type="button"> is not clickable at point (675,588) because another element <div class="modal-footer"> obscures it
Build info: version: '3.141.59', revision: 'unknown', time: 'unknown'
System info: host: 'DESKTOP-RGFFP9A', ip: '10.136.10.6', os.name: 'Windows 11', os.arch: 'amd64', os.version: '10.0', java.version: '17.0.7'
Driver info: com.kms.katalon.core.webui.driver.firefox.CGeckoDriver
Capabilities {acceptInsecureCerts: true, browserName: firefox, browserVersion: 133.0, javascriptEnabled: true, moz:accessibilityChecks: false, moz:buildID: 20241121140525, moz:geckodriverVersion: 0.35.0, moz:headless: false, moz:platformVersion: 10.0, moz:processID: 40908, moz:profile: C:\Users\OLVATI\AppData\Loc..., moz:shutdownTimeout: 60000, moz:webdriverClick: true, moz:windowless: false, pageLoadStrategy: normal, platform: WINDOWS, platformName: WINDOWS, proxy: Proxy(direct), setWindowRect: true, strictFileInteractability: false, timeouts: {implicit: 0, pageLoad: 300000, script: 30000}, unhandledPromptBehavior: dismiss and notify, userAgent: Mozilla/5.0 (Windows NT 10....}
Session ID: 2a311201-defd-44a7-9aaa-2d70af5b786c
	at jdk.internal.reflect.GeneratedConstructorAccessor32.newInstance(Unknown Source)
	at java.base/jdk.internal.reflect.DelegatingConstructorAccessorImpl.newInstance(DelegatingConstructorAccessorImpl.java:45)
	at org.openqa.selenium.remote.http.W3CHttpResponseCodec.createException(W3CHttpResponseCodec.java:187)
	at org.openqa.selenium.remote.http.W3CHttpResponseCodec.decode(W3CHttpResponseCodec.java:122)
	at org.openqa.selenium.remote.http.W3CHttpResponseCodec.decode(W3CHttpResponseCodec.java:49)
	at org.openqa.selenium.remote.HttpCommandExecutor.execute(HttpCommandExecutor.java:158)
	at org.openqa.selenium.remote.service.DriverCommandExecutor.execute(DriverCommandExecutor.java:83)
	at org.openqa.selenium.remote.RemoteWebDriver.execute(RemoteWebDriver.java:552)
	at com.kms.katalon.selenium.driver.CFirefoxDriver.execute(CFirefoxDriver.java:28)
	at org.openqa.selenium.remote.RemoteWebElement.execute(RemoteWebElement.java:285)
	at org.openqa.selenium.remote.RemoteWebElement.click(RemoteWebElement.java:84)
	at jdk.internal.reflect.GeneratedMethodAccessor10.invoke(Unknown Source)
	at java.base/jdk.internal.reflect.DelegatingMethodAccessorImpl.invoke(DelegatingMethodAccessorImpl.java:43)
	at org.openqa.selenium.support.events.EventFiringWebDriver$EventFiringWebElement.lambda$new$0(EventFiringWebDriver.java:404)
	at jdk.proxy2/jdk.proxy2.$Proxy21.click(Unknown Source)
	at org.openqa.selenium.support.events.EventFiringWebDriver$EventFiringWebElement.click(EventFiringWebDriver.java:417)
	at org.openqa.selenium.WebElement$click.call(Unknown Source)
	at com.kms.katalon.core.webui.keyword.builtin.ClickKeyword.clickUntilSuccessWithTimeout(ClickKeyword.groovy:81)
	at com.kms.katalon.core.webui.keyword.builtin.ClickKeyword.clickUntilSuccessWithTimeout(ClickKeyword.groovy)
	at jdk.internal.reflect.GeneratedMethodAccessor8.invoke(Unknown Source)
	at java.base/jdk.internal.reflect.DelegatingMethodAccessorImpl.invoke(DelegatingMethodAccessorImpl.java:43)
	at com.kms.katalon.core.webui.keyword.builtin.ClickKeyword$_click_closure1.doCall(ClickKeyword.groovy:67)
	at com.kms.katalon.core.webui.keyword.builtin.ClickKeyword$_click_closure1.call(ClickKeyword.groovy)
	at com.kms.katalon.core.webui.keyword.internal.WebUIKeywordMain.runKeyword(WebUIKeywordMain.groovy:35)
	... 38 more


27-11-2024T13:28:39 - [TEST_STEP][PASSED] - click(findTestObject("Object Repository/Principal/Page_Olva Courier  Home/img_Envo de cajas o paquetescon un peso mxi_37770f")): Object: 'Object Repository/Principal/Page_Olva Courier  Home/img_Envo de cajas o paquetescon un peso mxi_37770f' is clicked on

27-11-2024T13:28:40 - [MESSAGE][PASSED] - Object: 'Object Repository/Principal/Page_Olva Courier  Home/img_Envo de cajas o paquetescon un peso mxi_37770f' is clicked on

27-11-2024T13:28:40 - [TEST_STEP][PASSED] - click(findTestObject("Object Repository/Principal/Page_Olva Courier  Home/label_He ledo y acepto los trminos de uso y_adab65")): Object: 'Object Repository/Principal/Page_Olva Courier  Home/label_He ledo y acepto los trminos de uso y_adab65' is clicked on

27-11-2024T13:28:40 - [MESSAGE][PASSED] - Object: 'Object Repository/Principal/Page_Olva Courier  Home/label_He ledo y acepto los trminos de uso y_adab65' is clicked on

27-11-2024T13:28:40 - [TEST_STEP][FAILED] - click(findTestObject("Object Repository/Principal/Page_Olva Courier  Home/button_CONTINUAR (2)")): Unable to click on object 'Object Repository/Principal/Page_Olva Courier  Home/button_CONTINUAR (2)' (Root cause: com.kms.katalon.core.exception.StepFailedException: Unable to click on object 'Object Repository/Principal/Page_Olva Courier  Home/button_CONTINUAR (2)'
	at com.kms.katalon.core.webui.keyword.internal.WebUIKeywordMain.stepFailed(WebUIKeywordMain.groovy:117)
	at com.kms.katalon.core.webui.keyword.internal.WebUIKeywordMain.runKeyword(WebUIKeywordMain.groovy:43)
	at com.kms.katalon.core.webui.keyword.builtin.ClickKeyword.click(ClickKeyword.groovy:74)
	at com.kms.katalon.core.webui.keyword.builtin.ClickKeyword.execute(ClickKeyword.groovy:40)
	at com.kms.katalon.core.keyword.internal.KeywordExecutor.executeKeywordForPlatform(KeywordExecutor.groovy:74)
	at com.kms.katalon.core.webui.keyword.WebUiBuiltInKeywords.click(WebUiBuiltInKeywords.groovy:659)
	at Selec_sobre.run(Selec_sobre:24)
	at com.kms.katalon.core.main.ScriptEngine.run(ScriptEngine.java:194)
	at com.kms.katalon.core.main.ScriptEngine.runScriptAsRawText(ScriptEngine.java:119)
	at com.kms.katalon.core.main.TestCaseExecutor.runScript(TestCaseExecutor.java:448)
	at com.kms.katalon.core.main.TestCaseExecutor.doExecute(TestCaseExecutor.java:439)
	at com.kms.katalon.core.main.TestCaseExecutor.processExecutionPhase(TestCaseExecutor.java:418)
	at com.kms.katalon.core.main.TestCaseExecutor.accessMainPhase(TestCaseExecutor.java:410)
	at com.kms.katalon.core.main.TestCaseExecutor.execute(TestCaseExecutor.java:285)
	at com.kms.katalon.core.main.TestCaseMain.runTestCase(TestCaseMain.java:137)
	at com.kms.katalon.core.keyword.builtin.CallTestCaseKeyword$_callTestCase_closure1.doCall(CallTestCaseKeyword.groovy:59)
	at com.kms.katalon.core.keyword.builtin.CallTestCaseKeyword$_callTestCase_closure1.call(CallTestCaseKeyword.groovy)
	at com.kms.katalon.core.keyword.internal.KeywordMain.runKeyword(KeywordMain.groovy:75)
	at com.kms.katalon.core.keyword.builtin.CallTestCaseKeyword.callTestCase(CallTestCaseKeyword.groovy:81)
	at com.kms.katalon.core.keyword.builtin.CallTestCaseKeyword.execute(CallTestCaseKeyword.groovy:44)
	at com.kms.katalon.core.keyword.internal.KeywordExecutor.executeKeywordForPlatform(KeywordExecutor.groovy:74)
	at com.kms.katalon.core.keyword.BuiltinKeywords.callTestCase(BuiltinKeywords.groovy:310)
	at jdk.internal.reflect.GeneratedMethodAccessor25.invoke(Unknown Source)
	at java.base/jdk.internal.reflect.DelegatingMethodAccessorImpl.invoke(DelegatingMethodAccessorImpl.java:43)
	at Restricion-tienda.run(Restricion-tienda:22)
	at com.kms.katalon.core.main.ScriptEngine.run(ScriptEngine.java:194)
	at com.kms.katalon.core.main.ScriptEngine.runScriptAsRawText(ScriptEngine.java:119)
	at com.kms.katalon.core.main.TestCaseExecutor.runScript(TestCaseExecutor.java:448)
	at com.kms.katalon.core.main.TestCaseExecutor.doExecute(TestCaseExecutor.java:439)
	at com.kms.katalon.core.main.TestCaseExecutor.processExecutionPhase(TestCaseExecutor.java:418)
	at com.kms.katalon.core.main.TestCaseExecutor.accessMainPhase(TestCaseExecutor.java:410)
	at com.kms.katalon.core.main.TestCaseExecutor.execute(TestCaseExecutor.java:285)
	at com.kms.katalon.core.common.CommonExecutor.accessTestCaseMainPhase(CommonExecutor.java:65)
	at com.kms.katalon.core.main.TestSuiteExecutor.accessTestSuiteMainPhase(TestSuiteExecutor.java:150)
	at com.kms.katalon.core.main.TestSuiteExecutor.execute(TestSuiteExecutor.java:106)
	at com.kms.katalon.core.main.TestCaseMain.startTestSuite(TestCaseMain.java:180)
	at TempTestSuite1732729948317.run(TempTestSuite1732729948317.groovy:35)
	at java.base/jdk.internal.reflect.NativeMethodAccessorImpl.invoke0(Native Method)
	at java.base/jdk.internal.reflect.NativeMethodAccessorImpl.invoke(NativeMethodAccessorImpl.java:77)
	at java.base/jdk.internal.reflect.DelegatingMethodAccessorImpl.invoke(DelegatingMethodAccessorImpl.java:43)
Caused by: org.openqa.selenium.ElementClickInterceptedException: Element <button id="btn_aceptar_tipo_envio" class="btn disabled" type="button"> is not clickable at point (675,588) because another element <div class="modal-footer"> obscures it
Build info: version: '3.141.59', revision: 'unknown', time: 'unknown'
System info: host: 'DESKTOP-RGFFP9A', ip: '10.136.10.6', os.name: 'Windows 11', os.arch: 'amd64', os.version: '10.0', java.version: '17.0.7'
Driver info: com.kms.katalon.core.webui.driver.firefox.CGeckoDriver
Capabilities {acceptInsecureCerts: true, browserName: firefox, browserVersion: 133.0, javascriptEnabled: true, moz:accessibilityChecks: false, moz:buildID: 20241121140525, moz:geckodriverVersion: 0.35.0, moz:headless: false, moz:platformVersion: 10.0, moz:processID: 40908, moz:profile: C:\Users\OLVATI\AppData\Loc..., moz:shutdownTimeout: 60000, moz:webdriverClick: true, moz:windowless: false, pageLoadStrategy: normal, platform: WINDOWS, platformName: WINDOWS, proxy: Proxy(direct), setWindowRect: true, strictFileInteractability: false, timeouts: {implicit: 0, pageLoad: 300000, script: 30000}, unhandledPromptBehavior: dismiss and notify, userAgent: Mozilla/5.0 (Windows NT 10....}
Session ID: 2a311201-defd-44a7-9aaa-2d70af5b786c
	at jdk.internal.reflect.GeneratedConstructorAccessor32.newInstance(Unknown Source)
	at java.base/jdk.internal.reflect.DelegatingConstructorAccessorImpl.newInstance(DelegatingConstructorAccessorImpl.java:45)
	at org.openqa.selenium.remote.http.W3CHttpResponseCodec.createException(W3CHttpResponseCodec.java:187)
	at org.openqa.selenium.remote.http.W3CHttpResponseCodec.decode(W3CHttpResponseCodec.java:122)
	at org.openqa.selenium.remote.http.W3CHttpResponseCodec.decode(W3CHttpResponseCodec.java:49)
	at org.openqa.selenium.remote.HttpCommandExecutor.execute(HttpCommandExecutor.java:158)
	at org.openqa.selenium.remote.service.DriverCommandExecutor.execute(DriverCommandExecutor.java:83)
	at org.openqa.selenium.remote.RemoteWebDriver.execute(RemoteWebDriver.java:552)
	at com.kms.katalon.selenium.driver.CFirefoxDriver.execute(CFirefoxDriver.java:28)
	at org.openqa.selenium.remote.RemoteWebElement.execute(RemoteWebElement.java:285)
	at org.openqa.selenium.remote.RemoteWebElement.click(RemoteWebElement.java:84)
	at jdk.internal.reflect.GeneratedMethodAccessor10.invoke(Unknown Source)
	at java.base/jdk.internal.reflect.DelegatingMethodAccessorImpl.invoke(DelegatingMethodAccessorImpl.java:43)
	at org.openqa.selenium.support.events.EventFiringWebDriver$EventFiringWebElement.lambda$new$0(EventFiringWebDriver.java:404)
	at jdk.proxy2/jdk.proxy2.$Proxy21.click(Unknown Source)
	at org.openqa.selenium.support.events.EventFiringWebDriver$EventFiringWebElement.click(EventFiringWebDriver.java:417)
	at org.openqa.selenium.WebElement$click.call(Unknown Source)
	at com.kms.katalon.core.webui.keyword.builtin.ClickKeyword.clickUntilSuccessWithTimeout(ClickKeyword.groovy:81)
	at com.kms.katalon.core.webui.keyword.builtin.ClickKeyword.clickUntilSuccessWithTimeout(ClickKeyword.groovy)
	at jdk.internal.reflect.GeneratedMethodAccessor8.invoke(Unknown Source)
	at java.base/jdk.internal.reflect.DelegatingMethodAccessorImpl.invoke(DelegatingMethodAccessorImpl.java:43)
	at com.kms.katalon.core.webui.keyword.builtin.ClickKeyword$_click_closure1.doCall(ClickKeyword.groovy:67)
	at com.kms.katalon.core.webui.keyword.builtin.ClickKeyword$_click_closure1.call(ClickKeyword.groovy)
	at com.kms.katalon.core.webui.keyword.internal.WebUIKeywordMain.runKeyword(WebUIKeywordMain.groovy:35)
	at com.kms.katalon.core.webui.keyword.builtin.ClickKeyword.click(ClickKeyword.groovy:74)
	at com.kms.katalon.core.webui.keyword.builtin.ClickKeyword.execute(ClickKeyword.groovy:40)
	at com.kms.katalon.core.keyword.internal.KeywordExecutor.executeKeywordForPlatform(KeywordExecutor.groovy:74)
	at com.kms.katalon.core.webui.keyword.WebUiBuiltInKeywords.click(WebUiBuiltInKeywords.groovy:659)
	at Script1732083570761.run(Script1732083570761.groovy:24)
	at com.kms.katalon.core.main.ScriptEngine.run(ScriptEngine.java:194)
	at com.kms.katalon.core.main.ScriptEngine.runScriptAsRawText(ScriptEngine.java:119)
	at com.kms.katalon.core.main.TestCaseExecutor.runScript(TestCaseExecutor.java:448)
	at com.kms.katalon.core.main.TestCaseExecutor.doExecute(TestCaseExecutor.java:439)
	at com.kms.katalon.core.main.TestCaseExecutor.processExecutionPhase(TestCaseExecutor.java:418)
	at com.kms.katalon.core.main.TestCaseExecutor.accessMainPhase(TestCaseExecutor.java:410)
	at com.kms.katalon.core.main.TestCaseExecutor.execute(TestCaseExecutor.java:285)
	at com.kms.katalon.core.main.TestCaseMain.runTestCase(TestCaseMain.java:137)
	at com.kms.katalon.core.keyword.builtin.CallTestCaseKeyword$_callTestCase_closure1.doCall(CallTestCaseKeyword.groovy:59)
	at com.kms.katalon.core.keyword.builtin.CallTestCaseKeyword$_callTestCase_closure1.call(CallTestCaseKeyword.groovy)
	at com.kms.katalon.core.keyword.internal.KeywordMain.runKeyword(KeywordMain.groovy:75)
	at com.kms.katalon.core.keyword.builtin.CallTestCaseKeyword.callTestCase(CallTestCaseKeyword.groovy:81)
	at com.kms.katalon.core.keyword.builtin.CallTestCaseKeyword.execute(CallTestCaseKeyword.groovy:44)
	at com.kms.katalon.core.keyword.internal.KeywordExecutor.executeKeywordForPlatform(KeywordExecutor.groovy:74)
	at com.kms.katalon.core.keyword.BuiltinKeywords.callTestCase(BuiltinKeywords.groovy:310)
	at jdk.internal.reflect.GeneratedMethodAccessor25.invoke(Unknown Source)
	at java.base/jdk.internal.reflect.DelegatingMethodAccessorImpl.invoke(DelegatingMethodAccessorImpl.java:43)
	at Script1732341473586.run(Script1732341473586.groovy:22)
	... 15 more
)

27-11-2024T13:29:11 - [MESSAGE][FAILED] - Unable to click on object 'Object Repository/Principal/Page_Olva Courier  Home/button_CONTINUAR (2)' (Root cause: com.kms.katalon.core.exception.StepFailedException: Unable to click on object 'Object Repository/Principal/Page_Olva Courier  Home/button_CONTINUAR (2)'
	at com.kms.katalon.core.webui.keyword.internal.WebUIKeywordMain.stepFailed(WebUIKeywordMain.groovy:117)
	at com.kms.katalon.core.webui.keyword.internal.WebUIKeywordMain.runKeyword(WebUIKeywordMain.groovy:43)
	at com.kms.katalon.core.webui.keyword.builtin.ClickKeyword.click(ClickKeyword.groovy:74)
	at com.kms.katalon.core.webui.keyword.builtin.ClickKeyword.execute(ClickKeyword.groovy:40)
	at com.kms.katalon.core.keyword.internal.KeywordExecutor.executeKeywordForPlatform(KeywordExecutor.groovy:74)
	at com.kms.katalon.core.webui.keyword.WebUiBuiltInKeywords.click(WebUiBuiltInKeywords.groovy:659)
	at Selec_sobre.run(Selec_sobre:24)
	at com.kms.katalon.core.main.ScriptEngine.run(ScriptEngine.java:194)
	at com.kms.katalon.core.main.ScriptEngine.runScriptAsRawText(ScriptEngine.java:119)
	at com.kms.katalon.core.main.TestCaseExecutor.runScript(TestCaseExecutor.java:448)
	at com.kms.katalon.core.main.TestCaseExecutor.doExecute(TestCaseExecutor.java:439)
	at com.kms.katalon.core.main.TestCaseExecutor.processExecutionPhase(TestCaseExecutor.java:418)
	at com.kms.katalon.core.main.TestCaseExecutor.accessMainPhase(TestCaseExecutor.java:410)
	at com.kms.katalon.core.main.TestCaseExecutor.execute(TestCaseExecutor.java:285)
	at com.kms.katalon.core.main.TestCaseMain.runTestCase(TestCaseMain.java:137)
	at com.kms.katalon.core.keyword.builtin.CallTestCaseKeyword$_callTestCase_closure1.doCall(CallTestCaseKeyword.groovy:59)
	at com.kms.katalon.core.keyword.builtin.CallTestCaseKeyword$_callTestCase_closure1.call(CallTestCaseKeyword.groovy)
	at com.kms.katalon.core.keyword.internal.KeywordMain.runKeyword(KeywordMain.groovy:75)
	at com.kms.katalon.core.keyword.builtin.CallTestCaseKeyword.callTestCase(CallTestCaseKeyword.groovy:81)
	at com.kms.katalon.core.keyword.builtin.CallTestCaseKeyword.execute(CallTestCaseKeyword.groovy:44)
	at com.kms.katalon.core.keyword.internal.KeywordExecutor.executeKeywordForPlatform(KeywordExecutor.groovy:74)
	at com.kms.katalon.core.keyword.BuiltinKeywords.callTestCase(BuiltinKeywords.groovy:310)
	at jdk.internal.reflect.GeneratedMethodAccessor25.invoke(Unknown Source)
	at java.base/jdk.internal.reflect.DelegatingMethodAccessorImpl.invoke(DelegatingMethodAccessorImpl.java:43)
	at Restricion-tienda.run(Restricion-tienda:22)
	at com.kms.katalon.core.main.ScriptEngine.run(ScriptEngine.java:194)
	at com.kms.katalon.core.main.ScriptEngine.runScriptAsRawText(ScriptEngine.java:119)
	at com.kms.katalon.core.main.TestCaseExecutor.runScript(TestCaseExecutor.java:448)
	at com.kms.katalon.core.main.TestCaseExecutor.doExecute(TestCaseExecutor.java:439)
	at com.kms.katalon.core.main.TestCaseExecutor.processExecutionPhase(TestCaseExecutor.java:418)
	at com.kms.katalon.core.main.TestCaseExecutor.accessMainPhase(TestCaseExecutor.java:410)
	at com.kms.katalon.core.main.TestCaseExecutor.execute(TestCaseExecutor.java:285)
	at com.kms.katalon.core.common.CommonExecutor.accessTestCaseMainPhase(CommonExecutor.java:65)
	at com.kms.katalon.core.main.TestSuiteExecutor.accessTestSuiteMainPhase(TestSuiteExecutor.java:150)
	at com.kms.katalon.core.main.TestSuiteExecutor.execute(TestSuiteExecutor.java:106)
	at com.kms.katalon.core.main.TestCaseMain.startTestSuite(TestCaseMain.java:180)
	at TempTestSuite1732729948317.run(TempTestSuite1732729948317.groovy:35)
	at java.base/jdk.internal.reflect.NativeMethodAccessorImpl.invoke0(Native Method)
	at java.base/jdk.internal.reflect.NativeMethodAccessorImpl.invoke(NativeMethodAccessorImpl.java:77)
	at java.base/jdk.internal.reflect.DelegatingMethodAccessorImpl.invoke(DelegatingMethodAccessorImpl.java:43)
Caused by: org.openqa.selenium.ElementClickInterceptedException: Element <button id="btn_aceptar_tipo_envio" class="btn disabled" type="button"> is not clickable at point (675,588) because another element <div class="modal-footer"> obscures it
Build info: version: '3.141.59', revision: 'unknown', time: 'unknown'
System info: host: 'DESKTOP-RGFFP9A', ip: '10.136.10.6', os.name: 'Windows 11', os.arch: 'amd64', os.version: '10.0', java.version: '17.0.7'
Driver info: com.kms.katalon.core.webui.driver.firefox.CGeckoDriver
Capabilities {acceptInsecureCerts: true, browserName: firefox, browserVersion: 133.0, javascriptEnabled: true, moz:accessibilityChecks: false, moz:buildID: 20241121140525, moz:geckodriverVersion: 0.35.0, moz:headless: false, moz:platformVersion: 10.0, moz:processID: 40908, moz:profile: C:\Users\OLVATI\AppData\Loc..., moz:shutdownTimeout: 60000, moz:webdriverClick: true, moz:windowless: false, pageLoadStrategy: normal, platform: WINDOWS, platformName: WINDOWS, proxy: Proxy(direct), setWindowRect: true, strictFileInteractability: false, timeouts: {implicit: 0, pageLoad: 300000, script: 30000}, unhandledPromptBehavior: dismiss and notify, userAgent: Mozilla/5.0 (Windows NT 10....}
Session ID: 2a311201-defd-44a7-9aaa-2d70af5b786c
	at jdk.internal.reflect.GeneratedConstructorAccessor32.newInstance(Unknown Source)
	at java.base/jdk.internal.reflect.DelegatingConstructorAccessorImpl.newInstance(DelegatingConstructorAccessorImpl.java:45)
	at org.openqa.selenium.remote.http.W3CHttpResponseCodec.createException(W3CHttpResponseCodec.java:187)
	at org.openqa.selenium.remote.http.W3CHttpResponseCodec.decode(W3CHttpResponseCodec.java:122)
	at org.openqa.selenium.remote.http.W3CHttpResponseCodec.decode(W3CHttpResponseCodec.java:49)
	at org.openqa.selenium.remote.HttpCommandExecutor.execute(HttpCommandExecutor.java:158)
	at org.openqa.selenium.remote.service.DriverCommandExecutor.execute(DriverCommandExecutor.java:83)
	at org.openqa.selenium.remote.RemoteWebDriver.execute(RemoteWebDriver.java:552)
	at com.kms.katalon.selenium.driver.CFirefoxDriver.execute(CFirefoxDriver.java:28)
	at org.openqa.selenium.remote.RemoteWebElement.execute(RemoteWebElement.java:285)
	at org.openqa.selenium.remote.RemoteWebElement.click(RemoteWebElement.java:84)
	at jdk.internal.reflect.GeneratedMethodAccessor10.invoke(Unknown Source)
	at java.base/jdk.internal.reflect.DelegatingMethodAccessorImpl.invoke(DelegatingMethodAccessorImpl.java:43)
	at org.openqa.selenium.support.events.EventFiringWebDriver$EventFiringWebElement.lambda$new$0(EventFiringWebDriver.java:404)
	at jdk.proxy2/jdk.proxy2.$Proxy21.click(Unknown Source)
	at org.openqa.selenium.support.events.EventFiringWebDriver$EventFiringWebElement.click(EventFiringWebDriver.java:417)
	at org.openqa.selenium.WebElement$click.call(Unknown Source)
	at com.kms.katalon.core.webui.keyword.builtin.ClickKeyword.clickUntilSuccessWithTimeout(ClickKeyword.groovy:81)
	at com.kms.katalon.core.webui.keyword.builtin.ClickKeyword.clickUntilSuccessWithTimeout(ClickKeyword.groovy)
	at jdk.internal.reflect.GeneratedMethodAccessor8.invoke(Unknown Source)
	at java.base/jdk.internal.reflect.DelegatingMethodAccessorImpl.invoke(DelegatingMethodAccessorImpl.java:43)
	at com.kms.katalon.core.webui.keyword.builtin.ClickKeyword$_click_closure1.doCall(ClickKeyword.groovy:67)
	at com.kms.katalon.core.webui.keyword.builtin.ClickKeyword$_click_closure1.call(ClickKeyword.groovy)
	at com.kms.katalon.core.webui.keyword.internal.WebUIKeywordMain.runKeyword(WebUIKeywordMain.groovy:35)
	at com.kms.katalon.core.webui.keyword.builtin.ClickKeyword.click(ClickKeyword.groovy:74)
	at com.kms.katalon.core.webui.keyword.builtin.ClickKeyword.execute(ClickKeyword.groovy:40)
	at com.kms.katalon.core.keyword.internal.KeywordExecutor.executeKeywordForPlatform(KeywordExecutor.groovy:74)
	at com.kms.katalon.core.webui.keyword.WebUiBuiltInKeywords.click(WebUiBuiltInKeywords.groovy:659)
	at Script1732083570761.run(Script1732083570761.groovy:24)
	at com.kms.katalon.core.main.ScriptEngine.run(ScriptEngine.java:194)
	at com.kms.katalon.core.main.ScriptEngine.runScriptAsRawText(ScriptEngine.java:119)
	at com.kms.katalon.core.main.TestCaseExecutor.runScript(TestCaseExecutor.java:448)
	at com.kms.katalon.core.main.TestCaseExecutor.doExecute(TestCaseExecutor.java:439)
	at com.kms.katalon.core.main.TestCaseExecutor.processExecutionPhase(TestCaseExecutor.java:418)
	at com.kms.katalon.core.main.TestCaseExecutor.accessMainPhase(TestCaseExecutor.java:410)
	at com.kms.katalon.core.main.TestCaseExecutor.execute(TestCaseExecutor.java:285)
	at com.kms.katalon.core.main.TestCaseMain.runTestCase(TestCaseMain.java:137)
	at com.kms.katalon.core.keyword.builtin.CallTestCaseKeyword$_callTestCase_closure1.doCall(CallTestCaseKeyword.groovy:59)
	at com.kms.katalon.core.keyword.builtin.CallTestCaseKeyword$_callTestCase_closure1.call(CallTestCaseKeyword.groovy)
	at com.kms.katalon.core.keyword.internal.KeywordMain.runKeyword(KeywordMain.groovy:75)
	at com.kms.katalon.core.keyword.builtin.CallTestCaseKeyword.callTestCase(CallTestCaseKeyword.groovy:81)
	at com.kms.katalon.core.keyword.builtin.CallTestCaseKeyword.execute(CallTestCaseKeyword.groovy:44)
	at com.kms.katalon.core.keyword.internal.KeywordExecutor.executeKeywordForPlatform(KeywordExecutor.groovy:74)
	at com.kms.katalon.core.keyword.BuiltinKeywords.callTestCase(BuiltinKeywords.groovy:310)
	at jdk.internal.reflect.GeneratedMethodAccessor25.invoke(Unknown Source)
	at java.base/jdk.internal.reflect.DelegatingMethodAccessorImpl.invoke(DelegatingMethodAccessorImpl.java:43)
	at Script1732341473586.run(Script1732341473586.groovy:22)
	... 15 more
)

27-11-2024T13:29:11 - [MESSAGE][FAILED] - Unable to call Test Case 'Test Cases/1.Inicio/1.1Principal/Selec_sobre' (Root cause: com.kms.katalon.core.exception.StepFailedException: Call Test Case 'Test Cases/1.Inicio/1.1Principal/Selec_sobre' failed
	at com.kms.katalon.core.keyword.builtin.CallTestCaseKeyword$_callTestCase_closure1.doCall(CallTestCaseKeyword.groovy:63)
	at com.kms.katalon.core.keyword.builtin.CallTestCaseKeyword$_callTestCase_closure1.call(CallTestCaseKeyword.groovy)
	at com.kms.katalon.core.keyword.internal.KeywordMain.runKeyword(KeywordMain.groovy:75)
	at com.kms.katalon.core.keyword.builtin.CallTestCaseKeyword.callTestCase(CallTestCaseKeyword.groovy:81)
	at com.kms.katalon.core.keyword.builtin.CallTestCaseKeyword.execute(CallTestCaseKeyword.groovy:44)
	at com.kms.katalon.core.keyword.internal.KeywordExecutor.executeKeywordForPlatform(KeywordExecutor.groovy:74)
	at com.kms.katalon.core.keyword.BuiltinKeywords.callTestCase(BuiltinKeywords.groovy:310)
	at jdk.internal.reflect.GeneratedMethodAccessor25.invoke(Unknown Source)
	at java.base/jdk.internal.reflect.DelegatingMethodAccessorImpl.invoke(DelegatingMethodAccessorImpl.java:43)
	at Restricion-tienda.run(Restricion-tienda:22)
	at com.kms.katalon.core.main.ScriptEngine.run(ScriptEngine.java:194)
	at com.kms.katalon.core.main.ScriptEngine.runScriptAsRawText(ScriptEngine.java:119)
	at com.kms.katalon.core.main.TestCaseExecutor.runScript(TestCaseExecutor.java:448)
	at com.kms.katalon.core.main.TestCaseExecutor.doExecute(TestCaseExecutor.java:439)
	at com.kms.katalon.core.main.TestCaseExecutor.processExecutionPhase(TestCaseExecutor.java:418)
	at com.kms.katalon.core.main.TestCaseExecutor.accessMainPhase(TestCaseExecutor.java:410)
	at com.kms.katalon.core.main.TestCaseExecutor.execute(TestCaseExecutor.java:285)
	at com.kms.katalon.core.common.CommonExecutor.accessTestCaseMainPhase(CommonExecutor.java:65)
	at com.kms.katalon.core.main.TestSuiteExecutor.accessTestSuiteMainPhase(TestSuiteExecutor.java:150)
	at com.kms.katalon.core.main.TestSuiteExecutor.execute(TestSuiteExecutor.java:106)
	at com.kms.katalon.core.main.TestCaseMain.startTestSuite(TestCaseMain.java:180)
	at TempTestSuite1732729948317.run(TempTestSuite1732729948317.groovy:35)
	at java.base/jdk.internal.reflect.NativeMethodAccessorImpl.invoke0(Native Method)
	at java.base/jdk.internal.reflect.NativeMethodAccessorImpl.invoke(NativeMethodAccessorImpl.java:77)
	at java.base/jdk.internal.reflect.DelegatingMethodAccessorImpl.invoke(DelegatingMethodAccessorImpl.java:43)
Caused by: com.kms.katalon.core.exception.StepFailedException: Unable to click on object 'Object Repository/Principal/Page_Olva Courier  Home/button_CONTINUAR (2)'
	at com.kms.katalon.core.webui.keyword.internal.WebUIKeywordMain.stepFailed(WebUIKeywordMain.groovy:117)
	at com.kms.katalon.core.webui.keyword.internal.WebUIKeywordMain.runKeyword(WebUIKeywordMain.groovy:43)
	at com.kms.katalon.core.webui.keyword.builtin.ClickKeyword.click(ClickKeyword.groovy:74)
	at com.kms.katalon.core.webui.keyword.builtin.ClickKeyword.execute(ClickKeyword.groovy:40)
	at com.kms.katalon.core.keyword.internal.KeywordExecutor.executeKeywordForPlatform(KeywordExecutor.groovy:74)
	at com.kms.katalon.core.webui.keyword.WebUiBuiltInKeywords.click(WebUiBuiltInKeywords.groovy:659)
	at Selec_sobre.run(Selec_sobre:24)
	at com.kms.katalon.core.main.ScriptEngine.run(ScriptEngine.java:194)
	at com.kms.katalon.core.main.ScriptEngine.runScriptAsRawText(ScriptEngine.java:119)
	at com.kms.katalon.core.main.TestCaseExecutor.runScript(TestCaseExecutor.java:448)
	at com.kms.katalon.core.main.TestCaseExecutor.doExecute(TestCaseExecutor.java:439)
	at com.kms.katalon.core.main.TestCaseExecutor.processExecutionPhase(TestCaseExecutor.java:418)
	at com.kms.katalon.core.main.TestCaseExecutor.accessMainPhase(TestCaseExecutor.java:410)
	at com.kms.katalon.core.main.TestCaseExecutor.execute(TestCaseExecutor.java:285)
	at com.kms.katalon.core.main.TestCaseMain.runTestCase(TestCaseMain.java:137)
	at com.kms.katalon.core.keyword.builtin.CallTestCaseKeyword$_callTestCase_closure1.doCall(CallTestCaseKeyword.groovy:59)
	... 24 more
Caused by: org.openqa.selenium.ElementClickInterceptedException: Element <button id="btn_aceptar_tipo_envio" class="btn disabled" type="button"> is not clickable at point (675,588) because another element <div class="modal-footer"> obscures it
Build info: version: '3.141.59', revision: 'unknown', time: 'unknown'
System info: host: 'DESKTOP-RGFFP9A', ip: '10.136.10.6', os.name: 'Windows 11', os.arch: 'amd64', os.version: '10.0', java.version: '17.0.7'
Driver info: com.kms.katalon.core.webui.driver.firefox.CGeckoDriver
Capabilities {acceptInsecureCerts: true, browserName: firefox, browserVersion: 133.0, javascriptEnabled: true, moz:accessibilityChecks: false, moz:buildID: 20241121140525, moz:geckodriverVersion: 0.35.0, moz:headless: false, moz:platformVersion: 10.0, moz:processID: 40908, moz:profile: C:\Users\OLVATI\AppData\Loc..., moz:shutdownTimeout: 60000, moz:webdriverClick: true, moz:windowless: false, pageLoadStrategy: normal, platform: WINDOWS, platformName: WINDOWS, proxy: Proxy(direct), setWindowRect: true, strictFileInteractability: false, timeouts: {implicit: 0, pageLoad: 300000, script: 30000}, unhandledPromptBehavior: dismiss and notify, userAgent: Mozilla/5.0 (Windows NT 10....}
Session ID: 2a311201-defd-44a7-9aaa-2d70af5b786c
	at jdk.internal.reflect.GeneratedConstructorAccessor32.newInstance(Unknown Source)
	at java.base/jdk.internal.reflect.DelegatingConstructorAccessorImpl.newInstance(DelegatingConstructorAccessorImpl.java:45)
	at org.openqa.selenium.remote.http.W3CHttpResponseCodec.createException(W3CHttpResponseCodec.java:187)
	at org.openqa.selenium.remote.http.W3CHttpResponseCodec.decode(W3CHttpResponseCodec.java:122)
	at org.openqa.selenium.remote.http.W3CHttpResponseCodec.decode(W3CHttpResponseCodec.java:49)
	at org.openqa.selenium.remote.HttpCommandExecutor.execute(HttpCommandExecutor.java:158)
	at org.openqa.selenium.remote.service.DriverCommandExecutor.execute(DriverCommandExecutor.java:83)
	at org.openqa.selenium.remote.RemoteWebDriver.execute(RemoteWebDriver.java:552)
	at com.kms.katalon.selenium.driver.CFirefoxDriver.execute(CFirefoxDriver.java:28)
	at org.openqa.selenium.remote.RemoteWebElement.execute(RemoteWebElement.java:285)
	at org.openqa.selenium.remote.RemoteWebElement.click(RemoteWebElement.java:84)
	at jdk.internal.reflect.GeneratedMethodAccessor10.invoke(Unknown Source)
	at java.base/jdk.internal.reflect.DelegatingMethodAccessorImpl.invoke(DelegatingMethodAccessorImpl.java:43)
	at org.openqa.selenium.support.events.EventFiringWebDriver$EventFiringWebElement.lambda$new$0(EventFiringWebDriver.java:404)
	at jdk.proxy2/jdk.proxy2.$Proxy21.click(Unknown Source)
	at org.openqa.selenium.support.events.EventFiringWebDriver$EventFiringWebElement.click(EventFiringWebDriver.java:417)
	at org.openqa.selenium.WebElement$click.call(Unknown Source)
	at com.kms.katalon.core.webui.keyword.builtin.ClickKeyword.clickUntilSuccessWithTimeout(ClickKeyword.groovy:81)
	at com.kms.katalon.core.webui.keyword.builtin.ClickKeyword.clickUntilSuccessWithTimeout(ClickKeyword.groovy)
	at jdk.internal.reflect.GeneratedMethodAccessor8.invoke(Unknown Source)
	at java.base/jdk.internal.reflect.DelegatingMethodAccessorImpl.invoke(DelegatingMethodAccessorImpl.java:43)
	at com.kms.katalon.core.webui.keyword.builtin.ClickKeyword$_click_closure1.doCall(ClickKeyword.groovy:67)
	at com.kms.katalon.core.webui.keyword.builtin.ClickKeyword$_click_closure1.call(ClickKeyword.groovy)
	at com.kms.katalon.core.webui.keyword.internal.WebUIKeywordMain.runKeyword(WebUIKeywordMain.groovy:35)
	... 38 more
)]]></system-out>
         <system-err><![CDATA[27-11-2024T13:28:27 - [TEST_CASE][FAILED] - Test Cases/2.Positivos/2.2Sobre/Origen-Provincia/2.Valorado/Entrega_Tienda/Restricion-tienda: Test Cases/2.Positivos/2.2Sobre/Origen-Provincia/2.Valorado/Entrega_Tienda/Restricion-tienda FAILED.
Reason:
com.kms.katalon.core.exception.StepFailedException: Call Test Case 'Test Cases/1.Inicio/1.1Principal/Selec_sobre' failed
	at com.kms.katalon.core.keyword.builtin.CallTestCaseKeyword$_callTestCase_closure1.doCall(CallTestCaseKeyword.groovy:63)
	at com.kms.katalon.core.keyword.builtin.CallTestCaseKeyword$_callTestCase_closure1.call(CallTestCaseKeyword.groovy)
	at com.kms.katalon.core.keyword.internal.KeywordMain.runKeyword(KeywordMain.groovy:75)
	at com.kms.katalon.core.keyword.builtin.CallTestCaseKeyword.callTestCase(CallTestCaseKeyword.groovy:81)
	at com.kms.katalon.core.keyword.builtin.CallTestCaseKeyword.execute(CallTestCaseKeyword.groovy:44)
	at com.kms.katalon.core.keyword.internal.KeywordExecutor.executeKeywordForPlatform(KeywordExecutor.groovy:74)
	at com.kms.katalon.core.keyword.BuiltinKeywords.callTestCase(BuiltinKeywords.groovy:310)
	at jdk.internal.reflect.GeneratedMethodAccessor25.invoke(Unknown Source)
	at java.base/jdk.internal.reflect.DelegatingMethodAccessorImpl.invoke(DelegatingMethodAccessorImpl.java:43)
	at Restricion-tienda.run(Restricion-tienda:22)
	at com.kms.katalon.core.main.ScriptEngine.run(ScriptEngine.java:194)
	at com.kms.katalon.core.main.ScriptEngine.runScriptAsRawText(ScriptEngine.java:119)
	at com.kms.katalon.core.main.TestCaseExecutor.runScript(TestCaseExecutor.java:448)
	at com.kms.katalon.core.main.TestCaseExecutor.doExecute(TestCaseExecutor.java:439)
	at com.kms.katalon.core.main.TestCaseExecutor.processExecutionPhase(TestCaseExecutor.java:418)
	at com.kms.katalon.core.main.TestCaseExecutor.accessMainPhase(TestCaseExecutor.java:410)
	at com.kms.katalon.core.main.TestCaseExecutor.execute(TestCaseExecutor.java:285)
	at com.kms.katalon.core.common.CommonExecutor.accessTestCaseMainPhase(CommonExecutor.java:65)
	at com.kms.katalon.core.main.TestSuiteExecutor.accessTestSuiteMainPhase(TestSuiteExecutor.java:150)
	at com.kms.katalon.core.main.TestSuiteExecutor.execute(TestSuiteExecutor.java:106)
	at com.kms.katalon.core.main.TestCaseMain.startTestSuite(TestCaseMain.java:180)
	at TempTestSuite1732729948317.run(TempTestSuite1732729948317.groovy:35)
	at java.base/jdk.internal.reflect.NativeMethodAccessorImpl.invoke0(Native Method)
	at java.base/jdk.internal.reflect.NativeMethodAccessorImpl.invoke(NativeMethodAccessorImpl.java:77)
	at java.base/jdk.internal.reflect.DelegatingMethodAccessorImpl.invoke(DelegatingMethodAccessorImpl.java:43)
Caused by: com.kms.katalon.core.exception.StepFailedException: Unable to click on object 'Object Repository/Principal/Page_Olva Courier  Home/button_CONTINUAR (2)'
	at com.kms.katalon.core.webui.keyword.internal.WebUIKeywordMain.stepFailed(WebUIKeywordMain.groovy:117)
	at com.kms.katalon.core.webui.keyword.internal.WebUIKeywordMain.runKeyword(WebUIKeywordMain.groovy:43)
	at com.kms.katalon.core.webui.keyword.builtin.ClickKeyword.click(ClickKeyword.groovy:74)
	at com.kms.katalon.core.webui.keyword.builtin.ClickKeyword.execute(ClickKeyword.groovy:40)
	at com.kms.katalon.core.keyword.internal.KeywordExecutor.executeKeywordForPlatform(KeywordExecutor.groovy:74)
	at com.kms.katalon.core.webui.keyword.WebUiBuiltInKeywords.click(WebUiBuiltInKeywords.groovy:659)
	at Selec_sobre.run(Selec_sobre:24)
	at com.kms.katalon.core.main.ScriptEngine.run(ScriptEngine.java:194)
	at com.kms.katalon.core.main.ScriptEngine.runScriptAsRawText(ScriptEngine.java:119)
	at com.kms.katalon.core.main.TestCaseExecutor.runScript(TestCaseExecutor.java:448)
	at com.kms.katalon.core.main.TestCaseExecutor.doExecute(TestCaseExecutor.java:439)
	at com.kms.katalon.core.main.TestCaseExecutor.processExecutionPhase(TestCaseExecutor.java:418)
	at com.kms.katalon.core.main.TestCaseExecutor.accessMainPhase(TestCaseExecutor.java:410)
	at com.kms.katalon.core.main.TestCaseExecutor.execute(TestCaseExecutor.java:285)
	at com.kms.katalon.core.main.TestCaseMain.runTestCase(TestCaseMain.java:137)
	at com.kms.katalon.core.keyword.builtin.CallTestCaseKeyword$_callTestCase_closure1.doCall(CallTestCaseKeyword.groovy:59)
	... 24 more
Caused by: org.openqa.selenium.ElementClickInterceptedException: Element <button id="btn_aceptar_tipo_envio" class="btn disabled" type="button"> is not clickable at point (675,588) because another element <div class="modal-footer"> obscures it
Build info: version: '3.141.59', revision: 'unknown', time: 'unknown'
System info: host: 'DESKTOP-RGFFP9A', ip: '10.136.10.6', os.name: 'Windows 11', os.arch: 'amd64', os.version: '10.0', java.version: '17.0.7'
Driver info: com.kms.katalon.core.webui.driver.firefox.CGeckoDriver
Capabilities {acceptInsecureCerts: true, browserName: firefox, browserVersion: 133.0, javascriptEnabled: true, moz:accessibilityChecks: false, moz:buildID: 20241121140525, moz:geckodriverVersion: 0.35.0, moz:headless: false, moz:platformVersion: 10.0, moz:processID: 40908, moz:profile: C:\Users\OLVATI\AppData\Loc..., moz:shutdownTimeout: 60000, moz:webdriverClick: true, moz:windowless: false, pageLoadStrategy: normal, platform: WINDOWS, platformName: WINDOWS, proxy: Proxy(direct), setWindowRect: true, strictFileInteractability: false, timeouts: {implicit: 0, pageLoad: 300000, script: 30000}, unhandledPromptBehavior: dismiss and notify, userAgent: Mozilla/5.0 (Windows NT 10....}
Session ID: 2a311201-defd-44a7-9aaa-2d70af5b786c
	at jdk.internal.reflect.GeneratedConstructorAccessor32.newInstance(Unknown Source)
	at java.base/jdk.internal.reflect.DelegatingConstructorAccessorImpl.newInstance(DelegatingConstructorAccessorImpl.java:45)
	at org.openqa.selenium.remote.http.W3CHttpResponseCodec.createException(W3CHttpResponseCodec.java:187)
	at org.openqa.selenium.remote.http.W3CHttpResponseCodec.decode(W3CHttpResponseCodec.java:122)
	at org.openqa.selenium.remote.http.W3CHttpResponseCodec.decode(W3CHttpResponseCodec.java:49)
	at org.openqa.selenium.remote.HttpCommandExecutor.execute(HttpCommandExecutor.java:158)
	at org.openqa.selenium.remote.service.DriverCommandExecutor.execute(DriverCommandExecutor.java:83)
	at org.openqa.selenium.remote.RemoteWebDriver.execute(RemoteWebDriver.java:552)
	at com.kms.katalon.selenium.driver.CFirefoxDriver.execute(CFirefoxDriver.java:28)
	at org.openqa.selenium.remote.RemoteWebElement.execute(RemoteWebElement.java:285)
	at org.openqa.selenium.remote.RemoteWebElement.click(RemoteWebElement.java:84)
	at jdk.internal.reflect.GeneratedMethodAccessor10.invoke(Unknown Source)
	at java.base/jdk.internal.reflect.DelegatingMethodAccessorImpl.invoke(DelegatingMethodAccessorImpl.java:43)
	at org.openqa.selenium.support.events.EventFiringWebDriver$EventFiringWebElement.lambda$new$0(EventFiringWebDriver.java:404)
	at jdk.proxy2/jdk.proxy2.$Proxy21.click(Unknown Source)
	at org.openqa.selenium.support.events.EventFiringWebDriver$EventFiringWebElement.click(EventFiringWebDriver.java:417)
	at org.openqa.selenium.WebElement$click.call(Unknown Source)
	at com.kms.katalon.core.webui.keyword.builtin.ClickKeyword.clickUntilSuccessWithTimeout(ClickKeyword.groovy:81)
	at com.kms.katalon.core.webui.keyword.builtin.ClickKeyword.clickUntilSuccessWithTimeout(ClickKeyword.groovy)
	at jdk.internal.reflect.GeneratedMethodAccessor8.invoke(Unknown Source)
	at java.base/jdk.internal.reflect.DelegatingMethodAccessorImpl.invoke(DelegatingMethodAccessorImpl.java:43)
	at com.kms.katalon.core.webui.keyword.builtin.ClickKeyword$_click_closure1.doCall(ClickKeyword.groovy:67)
	at com.kms.katalon.core.webui.keyword.builtin.ClickKeyword$_click_closure1.call(ClickKeyword.groovy)
	at com.kms.katalon.core.webui.keyword.internal.WebUIKeywordMain.runKeyword(WebUIKeywordMain.groovy:35)
	... 38 more]]></system-err>
      </testcase>
      <testcase name="Test Cases/2.Positivos/2.2Sobre/Origen-Provincia/2.Valorado/Entrega_Domicilio/Valorado 501" time="41.375" classname="Test Cases/2.Positivos/2.2Sobre/Origen-Provincia/2.Valorado/Entrega_Domicilio/Valorado 501" status="FAILED">
         <failure type="FAILED" message="Test Cases/2.Positivos/2.2Sobre/Origen-Provincia/2.Valorado/Entrega_Domicilio/Valorado 501 FAILED.&#xa;Reason:&#xa;com.kms.katalon.core.exception.StepFailedException: Call Test Case 'Test Cases/1.Inicio/1.1Principal/Selec_sobre' failed&#xa;	at com.kms.katalon.core.keyword.builtin.CallTestCaseKeyword$_callTestCase_closure1.doCall(CallTestCaseKeyword.groovy:63)&#xa;	at com.kms.katalon.core.keyword.builtin.CallTestCaseKeyword$_callTestCase_closure1.call(CallTestCaseKeyword.groovy)&#xa;	at com.kms.katalon.core.keyword.internal.KeywordMain.runKeyword(KeywordMain.groovy:75)&#xa;	at com.kms.katalon.core.keyword.builtin.CallTestCaseKeyword.callTestCase(CallTestCaseKeyword.groovy:81)&#xa;	at com.kms.katalon.core.keyword.builtin.CallTestCaseKeyword.execute(CallTestCaseKeyword.groovy:44)&#xa;	at com.kms.katalon.core.keyword.internal.KeywordExecutor.executeKeywordForPlatform(KeywordExecutor.groovy:74)&#xa;	at com.kms.katalon.core.keyword.BuiltinKeywords.callTestCase(BuiltinKeywords.groovy:310)&#xa;	at jdk.internal.reflect.GeneratedMethodAccessor25.invoke(Unknown Source)&#xa;	at java.base/jdk.internal.reflect.DelegatingMethodAccessorImpl.invoke(DelegatingMethodAccessorImpl.java:43)&#xa;	at Valorado 501.run(Valorado 501:22)&#xa;	at com.kms.katalon.core.main.ScriptEngine.run(ScriptEngine.java:194)&#xa;	at com.kms.katalon.core.main.ScriptEngine.runScriptAsRawText(ScriptEngine.java:119)&#xa;	at com.kms.katalon.core.main.TestCaseExecutor.runScript(TestCaseExecutor.java:448)&#xa;	at com.kms.katalon.core.main.TestCaseExecutor.doExecute(TestCaseExecutor.java:439)&#xa;	at com.kms.katalon.core.main.TestCaseExecutor.processExecutionPhase(TestCaseExecutor.java:418)&#xa;	at com.kms.katalon.core.main.TestCaseExecutor.accessMainPhase(TestCaseExecutor.java:410)&#xa;	at com.kms.katalon.core.main.TestCaseExecutor.execute(TestCaseExecutor.java:285)&#xa;	at com.kms.katalon.core.common.CommonExecutor.accessTestCaseMainPhase(CommonExecutor.java:65)&#xa;	at com.kms.katalon.core.main.TestSuiteExecutor.accessTestSuiteMainPhase(TestSuiteExecutor.java:150)&#xa;	at com.kms.katalon.core.main.TestSuiteExecutor.execute(TestSuiteExecutor.java:106)&#xa;	at com.kms.katalon.core.main.TestCaseMain.startTestSuite(TestCaseMain.java:180)&#xa;	at TempTestSuite1732729948317.run(TempTestSuite1732729948317.groovy:35)&#xa;	at java.base/jdk.internal.reflect.NativeMethodAccessorImpl.invoke0(Native Method)&#xa;	at java.base/jdk.internal.reflect.NativeMethodAccessorImpl.invoke(NativeMethodAccessorImpl.java:77)&#xa;	at java.base/jdk.internal.reflect.DelegatingMethodAccessorImpl.invoke(DelegatingMethodAccessorImpl.java:43)&#xa;Caused by: com.kms.katalon.core.exception.StepFailedException: Unable to click on object 'Object Repository/Principal/Page_Olva Courier  Home/button_CONTINUAR (2)'&#xa;	at com.kms.katalon.core.webui.keyword.internal.WebUIKeywordMain.stepFailed(WebUIKeywordMain.groovy:117)&#xa;	at com.kms.katalon.core.webui.keyword.internal.WebUIKeywordMain.runKeyword(WebUIKeywordMain.groovy:43)&#xa;	at com.kms.katalon.core.webui.keyword.builtin.ClickKeyword.click(ClickKeyword.groovy:74)&#xa;	at com.kms.katalon.core.webui.keyword.builtin.ClickKeyword.execute(ClickKeyword.groovy:40)&#xa;	at com.kms.katalon.core.keyword.internal.KeywordExecutor.executeKeywordForPlatform(KeywordExecutor.groovy:74)&#xa;	at com.kms.katalon.core.webui.keyword.WebUiBuiltInKeywords.click(WebUiBuiltInKeywords.groovy:659)&#xa;	at Selec_sobre.run(Selec_sobre:24)&#xa;	at com.kms.katalon.core.main.ScriptEngine.run(ScriptEngine.java:194)&#xa;	at com.kms.katalon.core.main.ScriptEngine.runScriptAsRawText(ScriptEngine.java:119)&#xa;	at com.kms.katalon.core.main.TestCaseExecutor.runScript(TestCaseExecutor.java:448)&#xa;	at com.kms.katalon.core.main.TestCaseExecutor.doExecute(TestCaseExecutor.java:439)&#xa;	at com.kms.katalon.core.main.TestCaseExecutor.processExecutionPhase(TestCaseExecutor.java:418)&#xa;	at com.kms.katalon.core.main.TestCaseExecutor.accessMainPhase(TestCaseExecutor.java:410)&#xa;	at com.kms.katalon.core.main.TestCaseExecutor.execute(TestCaseExecutor.java:285)&#xa;	at com.kms.katalon.core.main.TestCaseMain.runTestCase(TestCaseMain.java:137)&#xa;	at com.kms.katalon.core.keyword.builtin.CallTestCaseKeyword$_callTestCase_closure1.doCall(CallTestCaseKeyword.groovy:59)&#xa;	... 24 more&#xa;Caused by: org.openqa.selenium.ElementClickInterceptedException: Element &lt;button id=&quot;btn_aceptar_tipo_envio&quot; class=&quot;btn disabled&quot; type=&quot;button&quot;> is not clickable at point (675,588) because another element &lt;div class=&quot;modal-footer&quot;> obscures it&#xa;Build info: version: '3.141.59', revision: 'unknown', time: 'unknown'&#xa;System info: host: 'DESKTOP-RGFFP9A', ip: '10.136.10.6', os.name: 'Windows 11', os.arch: 'amd64', os.version: '10.0', java.version: '17.0.7'&#xa;Driver info: com.kms.katalon.core.webui.driver.firefox.CGeckoDriver&#xa;Capabilities {acceptInsecureCerts: true, browserName: firefox, browserVersion: 133.0, javascriptEnabled: true, moz:accessibilityChecks: false, moz:buildID: 20241121140525, moz:geckodriverVersion: 0.35.0, moz:headless: false, moz:platformVersion: 10.0, moz:processID: 39776, moz:profile: C:\Users\OLVATI\AppData\Loc..., moz:shutdownTimeout: 60000, moz:webdriverClick: true, moz:windowless: false, pageLoadStrategy: normal, platform: WINDOWS, platformName: WINDOWS, proxy: Proxy(direct), setWindowRect: true, strictFileInteractability: false, timeouts: {implicit: 0, pageLoad: 300000, script: 30000}, unhandledPromptBehavior: dismiss and notify, userAgent: Mozilla/5.0 (Windows NT 10....}&#xa;Session ID: c265e6de-7220-4dbd-8b56-e8c952c4e6e8&#xa;	at jdk.internal.reflect.GeneratedConstructorAccessor32.newInstance(Unknown Source)&#xa;	at java.base/jdk.internal.reflect.DelegatingConstructorAccessorImpl.newInstance(DelegatingConstructorAccessorImpl.java:45)&#xa;	at org.openqa.selenium.remote.http.W3CHttpResponseCodec.createException(W3CHttpResponseCodec.java:187)&#xa;	at org.openqa.selenium.remote.http.W3CHttpResponseCodec.decode(W3CHttpResponseCodec.java:122)&#xa;	at org.openqa.selenium.remote.http.W3CHttpResponseCodec.decode(W3CHttpResponseCodec.java:49)&#xa;	at org.openqa.selenium.remote.HttpCommandExecutor.execute(HttpCommandExecutor.java:158)&#xa;	at org.openqa.selenium.remote.service.DriverCommandExecutor.execute(DriverCommandExecutor.java:83)&#xa;	at org.openqa.selenium.remote.RemoteWebDriver.execute(RemoteWebDriver.java:552)&#xa;	at com.kms.katalon.selenium.driver.CFirefoxDriver.execute(CFirefoxDriver.java:28)&#xa;	at org.openqa.selenium.remote.RemoteWebElement.execute(RemoteWebElement.java:285)&#xa;	at org.openqa.selenium.remote.RemoteWebElement.click(RemoteWebElement.java:84)&#xa;	at jdk.internal.reflect.GeneratedMethodAccessor10.invoke(Unknown Source)&#xa;	at java.base/jdk.internal.reflect.DelegatingMethodAccessorImpl.invoke(DelegatingMethodAccessorImpl.java:43)&#xa;	at org.openqa.selenium.support.events.EventFiringWebDriver$EventFiringWebElement.lambda$new$0(EventFiringWebDriver.java:404)&#xa;	at jdk.proxy2/jdk.proxy2.$Proxy21.click(Unknown Source)&#xa;	at org.openqa.selenium.support.events.EventFiringWebDriver$EventFiringWebElement.click(EventFiringWebDriver.java:417)&#xa;	at org.openqa.selenium.WebElement$click.call(Unknown Source)&#xa;	at com.kms.katalon.core.webui.keyword.builtin.ClickKeyword.clickUntilSuccessWithTimeout(ClickKeyword.groovy:81)&#xa;	at com.kms.katalon.core.webui.keyword.builtin.ClickKeyword.clickUntilSuccessWithTimeout(ClickKeyword.groovy)&#xa;	at jdk.internal.reflect.GeneratedMethodAccessor8.invoke(Unknown Source)&#xa;	at java.base/jdk.internal.reflect.DelegatingMethodAccessorImpl.invoke(DelegatingMethodAccessorImpl.java:43)&#xa;	at com.kms.katalon.core.webui.keyword.builtin.ClickKeyword$_click_closure1.doCall(ClickKeyword.groovy:67)&#xa;	at com.kms.katalon.core.webui.keyword.builtin.ClickKeyword$_click_closure1.call(ClickKeyword.groovy)&#xa;	at com.kms.katalon.core.webui.keyword.internal.WebUIKeywordMain.runKeyword(WebUIKeywordMain.groovy:35)&#xa;	... 38 more&#xa;"/>
         <system-out><![CDATA[27-11-2024T13:29:11 - [TEST_CASE][FAILED] - Test Cases/2.Positivos/2.2Sobre/Origen-Provincia/2.Valorado/Entrega_Domicilio/Valorado 501: Test Cases/2.Positivos/2.2Sobre/Origen-Provincia/2.Valorado/Entrega_Domicilio/Valorado 501 FAILED.
Reason:
com.kms.katalon.core.exception.StepFailedException: Call Test Case 'Test Cases/1.Inicio/1.1Principal/Selec_sobre' failed
	at com.kms.katalon.core.keyword.builtin.CallTestCaseKeyword$_callTestCase_closure1.doCall(CallTestCaseKeyword.groovy:63)
	at com.kms.katalon.core.keyword.builtin.CallTestCaseKeyword$_callTestCase_closure1.call(CallTestCaseKeyword.groovy)
	at com.kms.katalon.core.keyword.internal.KeywordMain.runKeyword(KeywordMain.groovy:75)
	at com.kms.katalon.core.keyword.builtin.CallTestCaseKeyword.callTestCase(CallTestCaseKeyword.groovy:81)
	at com.kms.katalon.core.keyword.builtin.CallTestCaseKeyword.execute(CallTestCaseKeyword.groovy:44)
	at com.kms.katalon.core.keyword.internal.KeywordExecutor.executeKeywordForPlatform(KeywordExecutor.groovy:74)
	at com.kms.katalon.core.keyword.BuiltinKeywords.callTestCase(BuiltinKeywords.groovy:310)
	at jdk.internal.reflect.GeneratedMethodAccessor25.invoke(Unknown Source)
	at java.base/jdk.internal.reflect.DelegatingMethodAccessorImpl.invoke(DelegatingMethodAccessorImpl.java:43)
	at Valorado 501.run(Valorado 501:22)
	at com.kms.katalon.core.main.ScriptEngine.run(ScriptEngine.java:194)
	at com.kms.katalon.core.main.ScriptEngine.runScriptAsRawText(ScriptEngine.java:119)
	at com.kms.katalon.core.main.TestCaseExecutor.runScript(TestCaseExecutor.java:448)
	at com.kms.katalon.core.main.TestCaseExecutor.doExecute(TestCaseExecutor.java:439)
	at com.kms.katalon.core.main.TestCaseExecutor.processExecutionPhase(TestCaseExecutor.java:418)
	at com.kms.katalon.core.main.TestCaseExecutor.accessMainPhase(TestCaseExecutor.java:410)
	at com.kms.katalon.core.main.TestCaseExecutor.execute(TestCaseExecutor.java:285)
	at com.kms.katalon.core.common.CommonExecutor.accessTestCaseMainPhase(CommonExecutor.java:65)
	at com.kms.katalon.core.main.TestSuiteExecutor.accessTestSuiteMainPhase(TestSuiteExecutor.java:150)
	at com.kms.katalon.core.main.TestSuiteExecutor.execute(TestSuiteExecutor.java:106)
	at com.kms.katalon.core.main.TestCaseMain.startTestSuite(TestCaseMain.java:180)
	at TempTestSuite1732729948317.run(TempTestSuite1732729948317.groovy:35)
	at java.base/jdk.internal.reflect.NativeMethodAccessorImpl.invoke0(Native Method)
	at java.base/jdk.internal.reflect.NativeMethodAccessorImpl.invoke(NativeMethodAccessorImpl.java:77)
	at java.base/jdk.internal.reflect.DelegatingMethodAccessorImpl.invoke(DelegatingMethodAccessorImpl.java:43)
Caused by: com.kms.katalon.core.exception.StepFailedException: Unable to click on object 'Object Repository/Principal/Page_Olva Courier  Home/button_CONTINUAR (2)'
	at com.kms.katalon.core.webui.keyword.internal.WebUIKeywordMain.stepFailed(WebUIKeywordMain.groovy:117)
	at com.kms.katalon.core.webui.keyword.internal.WebUIKeywordMain.runKeyword(WebUIKeywordMain.groovy:43)
	at com.kms.katalon.core.webui.keyword.builtin.ClickKeyword.click(ClickKeyword.groovy:74)
	at com.kms.katalon.core.webui.keyword.builtin.ClickKeyword.execute(ClickKeyword.groovy:40)
	at com.kms.katalon.core.keyword.internal.KeywordExecutor.executeKeywordForPlatform(KeywordExecutor.groovy:74)
	at com.kms.katalon.core.webui.keyword.WebUiBuiltInKeywords.click(WebUiBuiltInKeywords.groovy:659)
	at Selec_sobre.run(Selec_sobre:24)
	at com.kms.katalon.core.main.ScriptEngine.run(ScriptEngine.java:194)
	at com.kms.katalon.core.main.ScriptEngine.runScriptAsRawText(ScriptEngine.java:119)
	at com.kms.katalon.core.main.TestCaseExecutor.runScript(TestCaseExecutor.java:448)
	at com.kms.katalon.core.main.TestCaseExecutor.doExecute(TestCaseExecutor.java:439)
	at com.kms.katalon.core.main.TestCaseExecutor.processExecutionPhase(TestCaseExecutor.java:418)
	at com.kms.katalon.core.main.TestCaseExecutor.accessMainPhase(TestCaseExecutor.java:410)
	at com.kms.katalon.core.main.TestCaseExecutor.execute(TestCaseExecutor.java:285)
	at com.kms.katalon.core.main.TestCaseMain.runTestCase(TestCaseMain.java:137)
	at com.kms.katalon.core.keyword.builtin.CallTestCaseKeyword$_callTestCase_closure1.doCall(CallTestCaseKeyword.groovy:59)
	... 24 more
Caused by: org.openqa.selenium.ElementClickInterceptedException: Element <button id="btn_aceptar_tipo_envio" class="btn disabled" type="button"> is not clickable at point (675,588) because another element <div class="modal-footer"> obscures it
Build info: version: '3.141.59', revision: 'unknown', time: 'unknown'
System info: host: 'DESKTOP-RGFFP9A', ip: '10.136.10.6', os.name: 'Windows 11', os.arch: 'amd64', os.version: '10.0', java.version: '17.0.7'
Driver info: com.kms.katalon.core.webui.driver.firefox.CGeckoDriver
Capabilities {acceptInsecureCerts: true, browserName: firefox, browserVersion: 133.0, javascriptEnabled: true, moz:accessibilityChecks: false, moz:buildID: 20241121140525, moz:geckodriverVersion: 0.35.0, moz:headless: false, moz:platformVersion: 10.0, moz:processID: 39776, moz:profile: C:\Users\OLVATI\AppData\Loc..., moz:shutdownTimeout: 60000, moz:webdriverClick: true, moz:windowless: false, pageLoadStrategy: normal, platform: WINDOWS, platformName: WINDOWS, proxy: Proxy(direct), setWindowRect: true, strictFileInteractability: false, timeouts: {implicit: 0, pageLoad: 300000, script: 30000}, unhandledPromptBehavior: dismiss and notify, userAgent: Mozilla/5.0 (Windows NT 10....}
Session ID: c265e6de-7220-4dbd-8b56-e8c952c4e6e8
	at jdk.internal.reflect.GeneratedConstructorAccessor32.newInstance(Unknown Source)
	at java.base/jdk.internal.reflect.DelegatingConstructorAccessorImpl.newInstance(DelegatingConstructorAccessorImpl.java:45)
	at org.openqa.selenium.remote.http.W3CHttpResponseCodec.createException(W3CHttpResponseCodec.java:187)
	at org.openqa.selenium.remote.http.W3CHttpResponseCodec.decode(W3CHttpResponseCodec.java:122)
	at org.openqa.selenium.remote.http.W3CHttpResponseCodec.decode(W3CHttpResponseCodec.java:49)
	at org.openqa.selenium.remote.HttpCommandExecutor.execute(HttpCommandExecutor.java:158)
	at org.openqa.selenium.remote.service.DriverCommandExecutor.execute(DriverCommandExecutor.java:83)
	at org.openqa.selenium.remote.RemoteWebDriver.execute(RemoteWebDriver.java:552)
	at com.kms.katalon.selenium.driver.CFirefoxDriver.execute(CFirefoxDriver.java:28)
	at org.openqa.selenium.remote.RemoteWebElement.execute(RemoteWebElement.java:285)
	at org.openqa.selenium.remote.RemoteWebElement.click(RemoteWebElement.java:84)
	at jdk.internal.reflect.GeneratedMethodAccessor10.invoke(Unknown Source)
	at java.base/jdk.internal.reflect.DelegatingMethodAccessorImpl.invoke(DelegatingMethodAccessorImpl.java:43)
	at org.openqa.selenium.support.events.EventFiringWebDriver$EventFiringWebElement.lambda$new$0(EventFiringWebDriver.java:404)
	at jdk.proxy2/jdk.proxy2.$Proxy21.click(Unknown Source)
	at org.openqa.selenium.support.events.EventFiringWebDriver$EventFiringWebElement.click(EventFiringWebDriver.java:417)
	at org.openqa.selenium.WebElement$click.call(Unknown Source)
	at com.kms.katalon.core.webui.keyword.builtin.ClickKeyword.clickUntilSuccessWithTimeout(ClickKeyword.groovy:81)
	at com.kms.katalon.core.webui.keyword.builtin.ClickKeyword.clickUntilSuccessWithTimeout(ClickKeyword.groovy)
	at jdk.internal.reflect.GeneratedMethodAccessor8.invoke(Unknown Source)
	at java.base/jdk.internal.reflect.DelegatingMethodAccessorImpl.invoke(DelegatingMethodAccessorImpl.java:43)
	at com.kms.katalon.core.webui.keyword.builtin.ClickKeyword$_click_closure1.doCall(ClickKeyword.groovy:67)
	at com.kms.katalon.core.webui.keyword.builtin.ClickKeyword$_click_closure1.call(ClickKeyword.groovy)
	at com.kms.katalon.core.webui.keyword.internal.WebUIKeywordMain.runKeyword(WebUIKeywordMain.groovy:35)
	... 38 more


27-11-2024T13:29:11 - [TEST_STEP][PASSED] - callTestCase(findTestCase("1.Inicio/1.1Principal/Principal-home"), [:], STOP_ON_FAILURE): Call Test Case 'Test Cases/1.Inicio/1.1Principal/Principal-home' successfully

27-11-2024T13:29:11 - [TEST_CASE][PASSED] - Test Cases/1.Inicio/1.1Principal/Principal-home: Test Cases/1.Inicio/1.1Principal/Principal-home

27-11-2024T13:29:11 - [TEST_STEP][PASSED] - openBrowser(""): Browser is opened with url: ''

27-11-2024T13:29:11 - [MESSAGE][WARNING] - A browser is already opened. Closing browser and opening a new one

27-11-2024T13:29:13 - [MESSAGE][INFO] - Starting 'Firefox' driver

27-11-2024T13:29:13 - [MESSAGE][INFO] - Action delay is set to 0 milliseconds

27-11-2024T13:29:19 - [MESSAGE][PASSED] - Browser is opened with url: ''

27-11-2024T13:29:19 - [TEST_STEP][PASSED] - navigateToUrl("https://dev01-registrodeenvios.olvacourier.com/principal"): Navigate to 'https://dev01-registrodeenvios.olvacourier.com/principal' successfully

27-11-2024T13:29:20 - [MESSAGE][PASSED] - Navigate to 'https://dev01-registrodeenvios.olvacourier.com/principal' successfully

27-11-2024T13:29:20 - [TEST_STEP][PASSED] - maximizeWindow(): Current window maximized

27-11-2024T13:29:20 - [MESSAGE][PASSED] - Current window maximized

27-11-2024T13:29:20 - [MESSAGE][PASSED] - Call Test Case 'Test Cases/1.Inicio/1.1Principal/Principal-home' successfully

27-11-2024T13:29:20 - [TEST_STEP][FAILED] - callTestCase(findTestCase("1.Inicio/1.1Principal/Selec_sobre"), [:], STOP_ON_FAILURE): Unable to call Test Case 'Test Cases/1.Inicio/1.1Principal/Selec_sobre' (Root cause: com.kms.katalon.core.exception.StepFailedException: Call Test Case 'Test Cases/1.Inicio/1.1Principal/Selec_sobre' failed
	at com.kms.katalon.core.keyword.builtin.CallTestCaseKeyword$_callTestCase_closure1.doCall(CallTestCaseKeyword.groovy:63)
	at com.kms.katalon.core.keyword.builtin.CallTestCaseKeyword$_callTestCase_closure1.call(CallTestCaseKeyword.groovy)
	at com.kms.katalon.core.keyword.internal.KeywordMain.runKeyword(KeywordMain.groovy:75)
	at com.kms.katalon.core.keyword.builtin.CallTestCaseKeyword.callTestCase(CallTestCaseKeyword.groovy:81)
	at com.kms.katalon.core.keyword.builtin.CallTestCaseKeyword.execute(CallTestCaseKeyword.groovy:44)
	at com.kms.katalon.core.keyword.internal.KeywordExecutor.executeKeywordForPlatform(KeywordExecutor.groovy:74)
	at com.kms.katalon.core.keyword.BuiltinKeywords.callTestCase(BuiltinKeywords.groovy:310)
	at jdk.internal.reflect.GeneratedMethodAccessor25.invoke(Unknown Source)
	at java.base/jdk.internal.reflect.DelegatingMethodAccessorImpl.invoke(DelegatingMethodAccessorImpl.java:43)
	at Valorado 501.run(Valorado 501:22)
	at com.kms.katalon.core.main.ScriptEngine.run(ScriptEngine.java:194)
	at com.kms.katalon.core.main.ScriptEngine.runScriptAsRawText(ScriptEngine.java:119)
	at com.kms.katalon.core.main.TestCaseExecutor.runScript(TestCaseExecutor.java:448)
	at com.kms.katalon.core.main.TestCaseExecutor.doExecute(TestCaseExecutor.java:439)
	at com.kms.katalon.core.main.TestCaseExecutor.processExecutionPhase(TestCaseExecutor.java:418)
	at com.kms.katalon.core.main.TestCaseExecutor.accessMainPhase(TestCaseExecutor.java:410)
	at com.kms.katalon.core.main.TestCaseExecutor.execute(TestCaseExecutor.java:285)
	at com.kms.katalon.core.common.CommonExecutor.accessTestCaseMainPhase(CommonExecutor.java:65)
	at com.kms.katalon.core.main.TestSuiteExecutor.accessTestSuiteMainPhase(TestSuiteExecutor.java:150)
	at com.kms.katalon.core.main.TestSuiteExecutor.execute(TestSuiteExecutor.java:106)
	at com.kms.katalon.core.main.TestCaseMain.startTestSuite(TestCaseMain.java:180)
	at TempTestSuite1732729948317.run(TempTestSuite1732729948317.groovy:35)
	at java.base/jdk.internal.reflect.NativeMethodAccessorImpl.invoke0(Native Method)
	at java.base/jdk.internal.reflect.NativeMethodAccessorImpl.invoke(NativeMethodAccessorImpl.java:77)
	at java.base/jdk.internal.reflect.DelegatingMethodAccessorImpl.invoke(DelegatingMethodAccessorImpl.java:43)
Caused by: com.kms.katalon.core.exception.StepFailedException: Unable to click on object 'Object Repository/Principal/Page_Olva Courier  Home/button_CONTINUAR (2)'
	at com.kms.katalon.core.webui.keyword.internal.WebUIKeywordMain.stepFailed(WebUIKeywordMain.groovy:117)
	at com.kms.katalon.core.webui.keyword.internal.WebUIKeywordMain.runKeyword(WebUIKeywordMain.groovy:43)
	at com.kms.katalon.core.webui.keyword.builtin.ClickKeyword.click(ClickKeyword.groovy:74)
	at com.kms.katalon.core.webui.keyword.builtin.ClickKeyword.execute(ClickKeyword.groovy:40)
	at com.kms.katalon.core.keyword.internal.KeywordExecutor.executeKeywordForPlatform(KeywordExecutor.groovy:74)
	at com.kms.katalon.core.webui.keyword.WebUiBuiltInKeywords.click(WebUiBuiltInKeywords.groovy:659)
	at Selec_sobre.run(Selec_sobre:24)
	at com.kms.katalon.core.main.ScriptEngine.run(ScriptEngine.java:194)
	at com.kms.katalon.core.main.ScriptEngine.runScriptAsRawText(ScriptEngine.java:119)
	at com.kms.katalon.core.main.TestCaseExecutor.runScript(TestCaseExecutor.java:448)
	at com.kms.katalon.core.main.TestCaseExecutor.doExecute(TestCaseExecutor.java:439)
	at com.kms.katalon.core.main.TestCaseExecutor.processExecutionPhase(TestCaseExecutor.java:418)
	at com.kms.katalon.core.main.TestCaseExecutor.accessMainPhase(TestCaseExecutor.java:410)
	at com.kms.katalon.core.main.TestCaseExecutor.execute(TestCaseExecutor.java:285)
	at com.kms.katalon.core.main.TestCaseMain.runTestCase(TestCaseMain.java:137)
	at com.kms.katalon.core.keyword.builtin.CallTestCaseKeyword$_callTestCase_closure1.doCall(CallTestCaseKeyword.groovy:59)
	... 24 more
Caused by: org.openqa.selenium.ElementClickInterceptedException: Element <button id="btn_aceptar_tipo_envio" class="btn disabled" type="button"> is not clickable at point (675,588) because another element <div class="modal-footer"> obscures it
Build info: version: '3.141.59', revision: 'unknown', time: 'unknown'
System info: host: 'DESKTOP-RGFFP9A', ip: '10.136.10.6', os.name: 'Windows 11', os.arch: 'amd64', os.version: '10.0', java.version: '17.0.7'
Driver info: com.kms.katalon.core.webui.driver.firefox.CGeckoDriver
Capabilities {acceptInsecureCerts: true, browserName: firefox, browserVersion: 133.0, javascriptEnabled: true, moz:accessibilityChecks: false, moz:buildID: 20241121140525, moz:geckodriverVersion: 0.35.0, moz:headless: false, moz:platformVersion: 10.0, moz:processID: 39776, moz:profile: C:\Users\OLVATI\AppData\Loc..., moz:shutdownTimeout: 60000, moz:webdriverClick: true, moz:windowless: false, pageLoadStrategy: normal, platform: WINDOWS, platformName: WINDOWS, proxy: Proxy(direct), setWindowRect: true, strictFileInteractability: false, timeouts: {implicit: 0, pageLoad: 300000, script: 30000}, unhandledPromptBehavior: dismiss and notify, userAgent: Mozilla/5.0 (Windows NT 10....}
Session ID: c265e6de-7220-4dbd-8b56-e8c952c4e6e8
	at jdk.internal.reflect.GeneratedConstructorAccessor32.newInstance(Unknown Source)
	at java.base/jdk.internal.reflect.DelegatingConstructorAccessorImpl.newInstance(DelegatingConstructorAccessorImpl.java:45)
	at org.openqa.selenium.remote.http.W3CHttpResponseCodec.createException(W3CHttpResponseCodec.java:187)
	at org.openqa.selenium.remote.http.W3CHttpResponseCodec.decode(W3CHttpResponseCodec.java:122)
	at org.openqa.selenium.remote.http.W3CHttpResponseCodec.decode(W3CHttpResponseCodec.java:49)
	at org.openqa.selenium.remote.HttpCommandExecutor.execute(HttpCommandExecutor.java:158)
	at org.openqa.selenium.remote.service.DriverCommandExecutor.execute(DriverCommandExecutor.java:83)
	at org.openqa.selenium.remote.RemoteWebDriver.execute(RemoteWebDriver.java:552)
	at com.kms.katalon.selenium.driver.CFirefoxDriver.execute(CFirefoxDriver.java:28)
	at org.openqa.selenium.remote.RemoteWebElement.execute(RemoteWebElement.java:285)
	at org.openqa.selenium.remote.RemoteWebElement.click(RemoteWebElement.java:84)
	at jdk.internal.reflect.GeneratedMethodAccessor10.invoke(Unknown Source)
	at java.base/jdk.internal.reflect.DelegatingMethodAccessorImpl.invoke(DelegatingMethodAccessorImpl.java:43)
	at org.openqa.selenium.support.events.EventFiringWebDriver$EventFiringWebElement.lambda$new$0(EventFiringWebDriver.java:404)
	at jdk.proxy2/jdk.proxy2.$Proxy21.click(Unknown Source)
	at org.openqa.selenium.support.events.EventFiringWebDriver$EventFiringWebElement.click(EventFiringWebDriver.java:417)
	at org.openqa.selenium.WebElement$click.call(Unknown Source)
	at com.kms.katalon.core.webui.keyword.builtin.ClickKeyword.clickUntilSuccessWithTimeout(ClickKeyword.groovy:81)
	at com.kms.katalon.core.webui.keyword.builtin.ClickKeyword.clickUntilSuccessWithTimeout(ClickKeyword.groovy)
	at jdk.internal.reflect.GeneratedMethodAccessor8.invoke(Unknown Source)
	at java.base/jdk.internal.reflect.DelegatingMethodAccessorImpl.invoke(DelegatingMethodAccessorImpl.java:43)
	at com.kms.katalon.core.webui.keyword.builtin.ClickKeyword$_click_closure1.doCall(ClickKeyword.groovy:67)
	at com.kms.katalon.core.webui.keyword.builtin.ClickKeyword$_click_closure1.call(ClickKeyword.groovy)
	at com.kms.katalon.core.webui.keyword.internal.WebUIKeywordMain.runKeyword(WebUIKeywordMain.groovy:35)
	... 38 more
)

27-11-2024T13:29:20 - [TEST_CASE][FAILED] - Test Cases/1.Inicio/1.1Principal/Selec_sobre: Test Cases/1.Inicio/1.1Principal/Selec_sobre FAILED.
Reason:
com.kms.katalon.core.exception.StepFailedException: Unable to click on object 'Object Repository/Principal/Page_Olva Courier  Home/button_CONTINUAR (2)'
	at com.kms.katalon.core.webui.keyword.internal.WebUIKeywordMain.stepFailed(WebUIKeywordMain.groovy:117)
	at com.kms.katalon.core.webui.keyword.internal.WebUIKeywordMain.runKeyword(WebUIKeywordMain.groovy:43)
	at com.kms.katalon.core.webui.keyword.builtin.ClickKeyword.click(ClickKeyword.groovy:74)
	at com.kms.katalon.core.webui.keyword.builtin.ClickKeyword.execute(ClickKeyword.groovy:40)
	at com.kms.katalon.core.keyword.internal.KeywordExecutor.executeKeywordForPlatform(KeywordExecutor.groovy:74)
	at com.kms.katalon.core.webui.keyword.WebUiBuiltInKeywords.click(WebUiBuiltInKeywords.groovy:659)
	at Selec_sobre.run(Selec_sobre:24)
	at com.kms.katalon.core.main.ScriptEngine.run(ScriptEngine.java:194)
	at com.kms.katalon.core.main.ScriptEngine.runScriptAsRawText(ScriptEngine.java:119)
	at com.kms.katalon.core.main.TestCaseExecutor.runScript(TestCaseExecutor.java:448)
	at com.kms.katalon.core.main.TestCaseExecutor.doExecute(TestCaseExecutor.java:439)
	at com.kms.katalon.core.main.TestCaseExecutor.processExecutionPhase(TestCaseExecutor.java:418)
	at com.kms.katalon.core.main.TestCaseExecutor.accessMainPhase(TestCaseExecutor.java:410)
	at com.kms.katalon.core.main.TestCaseExecutor.execute(TestCaseExecutor.java:285)
	at com.kms.katalon.core.main.TestCaseMain.runTestCase(TestCaseMain.java:137)
	at com.kms.katalon.core.keyword.builtin.CallTestCaseKeyword$_callTestCase_closure1.doCall(CallTestCaseKeyword.groovy:59)
	at com.kms.katalon.core.keyword.builtin.CallTestCaseKeyword$_callTestCase_closure1.call(CallTestCaseKeyword.groovy)
	at com.kms.katalon.core.keyword.internal.KeywordMain.runKeyword(KeywordMain.groovy:75)
	at com.kms.katalon.core.keyword.builtin.CallTestCaseKeyword.callTestCase(CallTestCaseKeyword.groovy:81)
	at com.kms.katalon.core.keyword.builtin.CallTestCaseKeyword.execute(CallTestCaseKeyword.groovy:44)
	at com.kms.katalon.core.keyword.internal.KeywordExecutor.executeKeywordForPlatform(KeywordExecutor.groovy:74)
	at com.kms.katalon.core.keyword.BuiltinKeywords.callTestCase(BuiltinKeywords.groovy:310)
	at jdk.internal.reflect.GeneratedMethodAccessor25.invoke(Unknown Source)
	at java.base/jdk.internal.reflect.DelegatingMethodAccessorImpl.invoke(DelegatingMethodAccessorImpl.java:43)
	at Valorado 501.run(Valorado 501:22)
	at com.kms.katalon.core.main.ScriptEngine.run(ScriptEngine.java:194)
	at com.kms.katalon.core.main.ScriptEngine.runScriptAsRawText(ScriptEngine.java:119)
	at com.kms.katalon.core.main.TestCaseExecutor.runScript(TestCaseExecutor.java:448)
	at com.kms.katalon.core.main.TestCaseExecutor.doExecute(TestCaseExecutor.java:439)
	at com.kms.katalon.core.main.TestCaseExecutor.processExecutionPhase(TestCaseExecutor.java:418)
	at com.kms.katalon.core.main.TestCaseExecutor.accessMainPhase(TestCaseExecutor.java:410)
	at com.kms.katalon.core.main.TestCaseExecutor.execute(TestCaseExecutor.java:285)
	at com.kms.katalon.core.common.CommonExecutor.accessTestCaseMainPhase(CommonExecutor.java:65)
	at com.kms.katalon.core.main.TestSuiteExecutor.accessTestSuiteMainPhase(TestSuiteExecutor.java:150)
	at com.kms.katalon.core.main.TestSuiteExecutor.execute(TestSuiteExecutor.java:106)
	at com.kms.katalon.core.main.TestCaseMain.startTestSuite(TestCaseMain.java:180)
	at TempTestSuite1732729948317.run(TempTestSuite1732729948317.groovy:35)
	at java.base/jdk.internal.reflect.NativeMethodAccessorImpl.invoke0(Native Method)
	at java.base/jdk.internal.reflect.NativeMethodAccessorImpl.invoke(NativeMethodAccessorImpl.java:77)
	at java.base/jdk.internal.reflect.DelegatingMethodAccessorImpl.invoke(DelegatingMethodAccessorImpl.java:43)
Caused by: org.openqa.selenium.ElementClickInterceptedException: Element <button id="btn_aceptar_tipo_envio" class="btn disabled" type="button"> is not clickable at point (675,588) because another element <div class="modal-footer"> obscures it
Build info: version: '3.141.59', revision: 'unknown', time: 'unknown'
System info: host: 'DESKTOP-RGFFP9A', ip: '10.136.10.6', os.name: 'Windows 11', os.arch: 'amd64', os.version: '10.0', java.version: '17.0.7'
Driver info: com.kms.katalon.core.webui.driver.firefox.CGeckoDriver
Capabilities {acceptInsecureCerts: true, browserName: firefox, browserVersion: 133.0, javascriptEnabled: true, moz:accessibilityChecks: false, moz:buildID: 20241121140525, moz:geckodriverVersion: 0.35.0, moz:headless: false, moz:platformVersion: 10.0, moz:processID: 39776, moz:profile: C:\Users\OLVATI\AppData\Loc..., moz:shutdownTimeout: 60000, moz:webdriverClick: true, moz:windowless: false, pageLoadStrategy: normal, platform: WINDOWS, platformName: WINDOWS, proxy: Proxy(direct), setWindowRect: true, strictFileInteractability: false, timeouts: {implicit: 0, pageLoad: 300000, script: 30000}, unhandledPromptBehavior: dismiss and notify, userAgent: Mozilla/5.0 (Windows NT 10....}
Session ID: c265e6de-7220-4dbd-8b56-e8c952c4e6e8
	at jdk.internal.reflect.GeneratedConstructorAccessor32.newInstance(Unknown Source)
	at java.base/jdk.internal.reflect.DelegatingConstructorAccessorImpl.newInstance(DelegatingConstructorAccessorImpl.java:45)
	at org.openqa.selenium.remote.http.W3CHttpResponseCodec.createException(W3CHttpResponseCodec.java:187)
	at org.openqa.selenium.remote.http.W3CHttpResponseCodec.decode(W3CHttpResponseCodec.java:122)
	at org.openqa.selenium.remote.http.W3CHttpResponseCodec.decode(W3CHttpResponseCodec.java:49)
	at org.openqa.selenium.remote.HttpCommandExecutor.execute(HttpCommandExecutor.java:158)
	at org.openqa.selenium.remote.service.DriverCommandExecutor.execute(DriverCommandExecutor.java:83)
	at org.openqa.selenium.remote.RemoteWebDriver.execute(RemoteWebDriver.java:552)
	at com.kms.katalon.selenium.driver.CFirefoxDriver.execute(CFirefoxDriver.java:28)
	at org.openqa.selenium.remote.RemoteWebElement.execute(RemoteWebElement.java:285)
	at org.openqa.selenium.remote.RemoteWebElement.click(RemoteWebElement.java:84)
	at jdk.internal.reflect.GeneratedMethodAccessor10.invoke(Unknown Source)
	at java.base/jdk.internal.reflect.DelegatingMethodAccessorImpl.invoke(DelegatingMethodAccessorImpl.java:43)
	at org.openqa.selenium.support.events.EventFiringWebDriver$EventFiringWebElement.lambda$new$0(EventFiringWebDriver.java:404)
	at jdk.proxy2/jdk.proxy2.$Proxy21.click(Unknown Source)
	at org.openqa.selenium.support.events.EventFiringWebDriver$EventFiringWebElement.click(EventFiringWebDriver.java:417)
	at org.openqa.selenium.WebElement$click.call(Unknown Source)
	at com.kms.katalon.core.webui.keyword.builtin.ClickKeyword.clickUntilSuccessWithTimeout(ClickKeyword.groovy:81)
	at com.kms.katalon.core.webui.keyword.builtin.ClickKeyword.clickUntilSuccessWithTimeout(ClickKeyword.groovy)
	at jdk.internal.reflect.GeneratedMethodAccessor8.invoke(Unknown Source)
	at java.base/jdk.internal.reflect.DelegatingMethodAccessorImpl.invoke(DelegatingMethodAccessorImpl.java:43)
	at com.kms.katalon.core.webui.keyword.builtin.ClickKeyword$_click_closure1.doCall(ClickKeyword.groovy:67)
	at com.kms.katalon.core.webui.keyword.builtin.ClickKeyword$_click_closure1.call(ClickKeyword.groovy)
	at com.kms.katalon.core.webui.keyword.internal.WebUIKeywordMain.runKeyword(WebUIKeywordMain.groovy:35)
	... 38 more


27-11-2024T13:29:20 - [TEST_STEP][PASSED] - click(findTestObject("Object Repository/Principal/Page_Olva Courier  Home/img_Envo de cajas o paquetescon un peso mxi_37770f")): Object: 'Object Repository/Principal/Page_Olva Courier  Home/img_Envo de cajas o paquetescon un peso mxi_37770f' is clicked on

27-11-2024T13:29:21 - [MESSAGE][PASSED] - Object: 'Object Repository/Principal/Page_Olva Courier  Home/img_Envo de cajas o paquetescon un peso mxi_37770f' is clicked on

27-11-2024T13:29:21 - [TEST_STEP][PASSED] - click(findTestObject("Object Repository/Principal/Page_Olva Courier  Home/label_He ledo y acepto los trminos de uso y_adab65")): Object: 'Object Repository/Principal/Page_Olva Courier  Home/label_He ledo y acepto los trminos de uso y_adab65' is clicked on

27-11-2024T13:29:22 - [MESSAGE][PASSED] - Object: 'Object Repository/Principal/Page_Olva Courier  Home/label_He ledo y acepto los trminos de uso y_adab65' is clicked on

27-11-2024T13:29:22 - [TEST_STEP][FAILED] - click(findTestObject("Object Repository/Principal/Page_Olva Courier  Home/button_CONTINUAR (2)")): Unable to click on object 'Object Repository/Principal/Page_Olva Courier  Home/button_CONTINUAR (2)' (Root cause: com.kms.katalon.core.exception.StepFailedException: Unable to click on object 'Object Repository/Principal/Page_Olva Courier  Home/button_CONTINUAR (2)'
	at com.kms.katalon.core.webui.keyword.internal.WebUIKeywordMain.stepFailed(WebUIKeywordMain.groovy:117)
	at com.kms.katalon.core.webui.keyword.internal.WebUIKeywordMain.runKeyword(WebUIKeywordMain.groovy:43)
	at com.kms.katalon.core.webui.keyword.builtin.ClickKeyword.click(ClickKeyword.groovy:74)
	at com.kms.katalon.core.webui.keyword.builtin.ClickKeyword.execute(ClickKeyword.groovy:40)
	at com.kms.katalon.core.keyword.internal.KeywordExecutor.executeKeywordForPlatform(KeywordExecutor.groovy:74)
	at com.kms.katalon.core.webui.keyword.WebUiBuiltInKeywords.click(WebUiBuiltInKeywords.groovy:659)
	at Selec_sobre.run(Selec_sobre:24)
	at com.kms.katalon.core.main.ScriptEngine.run(ScriptEngine.java:194)
	at com.kms.katalon.core.main.ScriptEngine.runScriptAsRawText(ScriptEngine.java:119)
	at com.kms.katalon.core.main.TestCaseExecutor.runScript(TestCaseExecutor.java:448)
	at com.kms.katalon.core.main.TestCaseExecutor.doExecute(TestCaseExecutor.java:439)
	at com.kms.katalon.core.main.TestCaseExecutor.processExecutionPhase(TestCaseExecutor.java:418)
	at com.kms.katalon.core.main.TestCaseExecutor.accessMainPhase(TestCaseExecutor.java:410)
	at com.kms.katalon.core.main.TestCaseExecutor.execute(TestCaseExecutor.java:285)
	at com.kms.katalon.core.main.TestCaseMain.runTestCase(TestCaseMain.java:137)
	at com.kms.katalon.core.keyword.builtin.CallTestCaseKeyword$_callTestCase_closure1.doCall(CallTestCaseKeyword.groovy:59)
	at com.kms.katalon.core.keyword.builtin.CallTestCaseKeyword$_callTestCase_closure1.call(CallTestCaseKeyword.groovy)
	at com.kms.katalon.core.keyword.internal.KeywordMain.runKeyword(KeywordMain.groovy:75)
	at com.kms.katalon.core.keyword.builtin.CallTestCaseKeyword.callTestCase(CallTestCaseKeyword.groovy:81)
	at com.kms.katalon.core.keyword.builtin.CallTestCaseKeyword.execute(CallTestCaseKeyword.groovy:44)
	at com.kms.katalon.core.keyword.internal.KeywordExecutor.executeKeywordForPlatform(KeywordExecutor.groovy:74)
	at com.kms.katalon.core.keyword.BuiltinKeywords.callTestCase(BuiltinKeywords.groovy:310)
	at jdk.internal.reflect.GeneratedMethodAccessor25.invoke(Unknown Source)
	at java.base/jdk.internal.reflect.DelegatingMethodAccessorImpl.invoke(DelegatingMethodAccessorImpl.java:43)
	at Valorado 501.run(Valorado 501:22)
	at com.kms.katalon.core.main.ScriptEngine.run(ScriptEngine.java:194)
	at com.kms.katalon.core.main.ScriptEngine.runScriptAsRawText(ScriptEngine.java:119)
	at com.kms.katalon.core.main.TestCaseExecutor.runScript(TestCaseExecutor.java:448)
	at com.kms.katalon.core.main.TestCaseExecutor.doExecute(TestCaseExecutor.java:439)
	at com.kms.katalon.core.main.TestCaseExecutor.processExecutionPhase(TestCaseExecutor.java:418)
	at com.kms.katalon.core.main.TestCaseExecutor.accessMainPhase(TestCaseExecutor.java:410)
	at com.kms.katalon.core.main.TestCaseExecutor.execute(TestCaseExecutor.java:285)
	at com.kms.katalon.core.common.CommonExecutor.accessTestCaseMainPhase(CommonExecutor.java:65)
	at com.kms.katalon.core.main.TestSuiteExecutor.accessTestSuiteMainPhase(TestSuiteExecutor.java:150)
	at com.kms.katalon.core.main.TestSuiteExecutor.execute(TestSuiteExecutor.java:106)
	at com.kms.katalon.core.main.TestCaseMain.startTestSuite(TestCaseMain.java:180)
	at TempTestSuite1732729948317.run(TempTestSuite1732729948317.groovy:35)
	at java.base/jdk.internal.reflect.NativeMethodAccessorImpl.invoke0(Native Method)
	at java.base/jdk.internal.reflect.NativeMethodAccessorImpl.invoke(NativeMethodAccessorImpl.java:77)
	at java.base/jdk.internal.reflect.DelegatingMethodAccessorImpl.invoke(DelegatingMethodAccessorImpl.java:43)
Caused by: org.openqa.selenium.ElementClickInterceptedException: Element <button id="btn_aceptar_tipo_envio" class="btn disabled" type="button"> is not clickable at point (675,588) because another element <div class="modal-footer"> obscures it
Build info: version: '3.141.59', revision: 'unknown', time: 'unknown'
System info: host: 'DESKTOP-RGFFP9A', ip: '10.136.10.6', os.name: 'Windows 11', os.arch: 'amd64', os.version: '10.0', java.version: '17.0.7'
Driver info: com.kms.katalon.core.webui.driver.firefox.CGeckoDriver
Capabilities {acceptInsecureCerts: true, browserName: firefox, browserVersion: 133.0, javascriptEnabled: true, moz:accessibilityChecks: false, moz:buildID: 20241121140525, moz:geckodriverVersion: 0.35.0, moz:headless: false, moz:platformVersion: 10.0, moz:processID: 39776, moz:profile: C:\Users\OLVATI\AppData\Loc..., moz:shutdownTimeout: 60000, moz:webdriverClick: true, moz:windowless: false, pageLoadStrategy: normal, platform: WINDOWS, platformName: WINDOWS, proxy: Proxy(direct), setWindowRect: true, strictFileInteractability: false, timeouts: {implicit: 0, pageLoad: 300000, script: 30000}, unhandledPromptBehavior: dismiss and notify, userAgent: Mozilla/5.0 (Windows NT 10....}
Session ID: c265e6de-7220-4dbd-8b56-e8c952c4e6e8
	at jdk.internal.reflect.GeneratedConstructorAccessor32.newInstance(Unknown Source)
	at java.base/jdk.internal.reflect.DelegatingConstructorAccessorImpl.newInstance(DelegatingConstructorAccessorImpl.java:45)
	at org.openqa.selenium.remote.http.W3CHttpResponseCodec.createException(W3CHttpResponseCodec.java:187)
	at org.openqa.selenium.remote.http.W3CHttpResponseCodec.decode(W3CHttpResponseCodec.java:122)
	at org.openqa.selenium.remote.http.W3CHttpResponseCodec.decode(W3CHttpResponseCodec.java:49)
	at org.openqa.selenium.remote.HttpCommandExecutor.execute(HttpCommandExecutor.java:158)
	at org.openqa.selenium.remote.service.DriverCommandExecutor.execute(DriverCommandExecutor.java:83)
	at org.openqa.selenium.remote.RemoteWebDriver.execute(RemoteWebDriver.java:552)
	at com.kms.katalon.selenium.driver.CFirefoxDriver.execute(CFirefoxDriver.java:28)
	at org.openqa.selenium.remote.RemoteWebElement.execute(RemoteWebElement.java:285)
	at org.openqa.selenium.remote.RemoteWebElement.click(RemoteWebElement.java:84)
	at jdk.internal.reflect.GeneratedMethodAccessor10.invoke(Unknown Source)
	at java.base/jdk.internal.reflect.DelegatingMethodAccessorImpl.invoke(DelegatingMethodAccessorImpl.java:43)
	at org.openqa.selenium.support.events.EventFiringWebDriver$EventFiringWebElement.lambda$new$0(EventFiringWebDriver.java:404)
	at jdk.proxy2/jdk.proxy2.$Proxy21.click(Unknown Source)
	at org.openqa.selenium.support.events.EventFiringWebDriver$EventFiringWebElement.click(EventFiringWebDriver.java:417)
	at org.openqa.selenium.WebElement$click.call(Unknown Source)
	at com.kms.katalon.core.webui.keyword.builtin.ClickKeyword.clickUntilSuccessWithTimeout(ClickKeyword.groovy:81)
	at com.kms.katalon.core.webui.keyword.builtin.ClickKeyword.clickUntilSuccessWithTimeout(ClickKeyword.groovy)
	at jdk.internal.reflect.GeneratedMethodAccessor8.invoke(Unknown Source)
	at java.base/jdk.internal.reflect.DelegatingMethodAccessorImpl.invoke(DelegatingMethodAccessorImpl.java:43)
	at com.kms.katalon.core.webui.keyword.builtin.ClickKeyword$_click_closure1.doCall(ClickKeyword.groovy:67)
	at com.kms.katalon.core.webui.keyword.builtin.ClickKeyword$_click_closure1.call(ClickKeyword.groovy)
	at com.kms.katalon.core.webui.keyword.internal.WebUIKeywordMain.runKeyword(WebUIKeywordMain.groovy:35)
	at com.kms.katalon.core.webui.keyword.builtin.ClickKeyword.click(ClickKeyword.groovy:74)
	at com.kms.katalon.core.webui.keyword.builtin.ClickKeyword.execute(ClickKeyword.groovy:40)
	at com.kms.katalon.core.keyword.internal.KeywordExecutor.executeKeywordForPlatform(KeywordExecutor.groovy:74)
	at com.kms.katalon.core.webui.keyword.WebUiBuiltInKeywords.click(WebUiBuiltInKeywords.groovy:659)
	at Script1732083570761.run(Script1732083570761.groovy:24)
	at com.kms.katalon.core.main.ScriptEngine.run(ScriptEngine.java:194)
	at com.kms.katalon.core.main.ScriptEngine.runScriptAsRawText(ScriptEngine.java:119)
	at com.kms.katalon.core.main.TestCaseExecutor.runScript(TestCaseExecutor.java:448)
	at com.kms.katalon.core.main.TestCaseExecutor.doExecute(TestCaseExecutor.java:439)
	at com.kms.katalon.core.main.TestCaseExecutor.processExecutionPhase(TestCaseExecutor.java:418)
	at com.kms.katalon.core.main.TestCaseExecutor.accessMainPhase(TestCaseExecutor.java:410)
	at com.kms.katalon.core.main.TestCaseExecutor.execute(TestCaseExecutor.java:285)
	at com.kms.katalon.core.main.TestCaseMain.runTestCase(TestCaseMain.java:137)
	at com.kms.katalon.core.keyword.builtin.CallTestCaseKeyword$_callTestCase_closure1.doCall(CallTestCaseKeyword.groovy:59)
	at com.kms.katalon.core.keyword.builtin.CallTestCaseKeyword$_callTestCase_closure1.call(CallTestCaseKeyword.groovy)
	at com.kms.katalon.core.keyword.internal.KeywordMain.runKeyword(KeywordMain.groovy:75)
	at com.kms.katalon.core.keyword.builtin.CallTestCaseKeyword.callTestCase(CallTestCaseKeyword.groovy:81)
	at com.kms.katalon.core.keyword.builtin.CallTestCaseKeyword.execute(CallTestCaseKeyword.groovy:44)
	at com.kms.katalon.core.keyword.internal.KeywordExecutor.executeKeywordForPlatform(KeywordExecutor.groovy:74)
	at com.kms.katalon.core.keyword.BuiltinKeywords.callTestCase(BuiltinKeywords.groovy:310)
	at jdk.internal.reflect.GeneratedMethodAccessor25.invoke(Unknown Source)
	at java.base/jdk.internal.reflect.DelegatingMethodAccessorImpl.invoke(DelegatingMethodAccessorImpl.java:43)
	at Script1732341473570.run(Script1732341473570.groovy:22)
	... 15 more
)

27-11-2024T13:29:52 - [MESSAGE][FAILED] - Unable to click on object 'Object Repository/Principal/Page_Olva Courier  Home/button_CONTINUAR (2)' (Root cause: com.kms.katalon.core.exception.StepFailedException: Unable to click on object 'Object Repository/Principal/Page_Olva Courier  Home/button_CONTINUAR (2)'
	at com.kms.katalon.core.webui.keyword.internal.WebUIKeywordMain.stepFailed(WebUIKeywordMain.groovy:117)
	at com.kms.katalon.core.webui.keyword.internal.WebUIKeywordMain.runKeyword(WebUIKeywordMain.groovy:43)
	at com.kms.katalon.core.webui.keyword.builtin.ClickKeyword.click(ClickKeyword.groovy:74)
	at com.kms.katalon.core.webui.keyword.builtin.ClickKeyword.execute(ClickKeyword.groovy:40)
	at com.kms.katalon.core.keyword.internal.KeywordExecutor.executeKeywordForPlatform(KeywordExecutor.groovy:74)
	at com.kms.katalon.core.webui.keyword.WebUiBuiltInKeywords.click(WebUiBuiltInKeywords.groovy:659)
	at Selec_sobre.run(Selec_sobre:24)
	at com.kms.katalon.core.main.ScriptEngine.run(ScriptEngine.java:194)
	at com.kms.katalon.core.main.ScriptEngine.runScriptAsRawText(ScriptEngine.java:119)
	at com.kms.katalon.core.main.TestCaseExecutor.runScript(TestCaseExecutor.java:448)
	at com.kms.katalon.core.main.TestCaseExecutor.doExecute(TestCaseExecutor.java:439)
	at com.kms.katalon.core.main.TestCaseExecutor.processExecutionPhase(TestCaseExecutor.java:418)
	at com.kms.katalon.core.main.TestCaseExecutor.accessMainPhase(TestCaseExecutor.java:410)
	at com.kms.katalon.core.main.TestCaseExecutor.execute(TestCaseExecutor.java:285)
	at com.kms.katalon.core.main.TestCaseMain.runTestCase(TestCaseMain.java:137)
	at com.kms.katalon.core.keyword.builtin.CallTestCaseKeyword$_callTestCase_closure1.doCall(CallTestCaseKeyword.groovy:59)
	at com.kms.katalon.core.keyword.builtin.CallTestCaseKeyword$_callTestCase_closure1.call(CallTestCaseKeyword.groovy)
	at com.kms.katalon.core.keyword.internal.KeywordMain.runKeyword(KeywordMain.groovy:75)
	at com.kms.katalon.core.keyword.builtin.CallTestCaseKeyword.callTestCase(CallTestCaseKeyword.groovy:81)
	at com.kms.katalon.core.keyword.builtin.CallTestCaseKeyword.execute(CallTestCaseKeyword.groovy:44)
	at com.kms.katalon.core.keyword.internal.KeywordExecutor.executeKeywordForPlatform(KeywordExecutor.groovy:74)
	at com.kms.katalon.core.keyword.BuiltinKeywords.callTestCase(BuiltinKeywords.groovy:310)
	at jdk.internal.reflect.GeneratedMethodAccessor25.invoke(Unknown Source)
	at java.base/jdk.internal.reflect.DelegatingMethodAccessorImpl.invoke(DelegatingMethodAccessorImpl.java:43)
	at Valorado 501.run(Valorado 501:22)
	at com.kms.katalon.core.main.ScriptEngine.run(ScriptEngine.java:194)
	at com.kms.katalon.core.main.ScriptEngine.runScriptAsRawText(ScriptEngine.java:119)
	at com.kms.katalon.core.main.TestCaseExecutor.runScript(TestCaseExecutor.java:448)
	at com.kms.katalon.core.main.TestCaseExecutor.doExecute(TestCaseExecutor.java:439)
	at com.kms.katalon.core.main.TestCaseExecutor.processExecutionPhase(TestCaseExecutor.java:418)
	at com.kms.katalon.core.main.TestCaseExecutor.accessMainPhase(TestCaseExecutor.java:410)
	at com.kms.katalon.core.main.TestCaseExecutor.execute(TestCaseExecutor.java:285)
	at com.kms.katalon.core.common.CommonExecutor.accessTestCaseMainPhase(CommonExecutor.java:65)
	at com.kms.katalon.core.main.TestSuiteExecutor.accessTestSuiteMainPhase(TestSuiteExecutor.java:150)
	at com.kms.katalon.core.main.TestSuiteExecutor.execute(TestSuiteExecutor.java:106)
	at com.kms.katalon.core.main.TestCaseMain.startTestSuite(TestCaseMain.java:180)
	at TempTestSuite1732729948317.run(TempTestSuite1732729948317.groovy:35)
	at java.base/jdk.internal.reflect.NativeMethodAccessorImpl.invoke0(Native Method)
	at java.base/jdk.internal.reflect.NativeMethodAccessorImpl.invoke(NativeMethodAccessorImpl.java:77)
	at java.base/jdk.internal.reflect.DelegatingMethodAccessorImpl.invoke(DelegatingMethodAccessorImpl.java:43)
Caused by: org.openqa.selenium.ElementClickInterceptedException: Element <button id="btn_aceptar_tipo_envio" class="btn disabled" type="button"> is not clickable at point (675,588) because another element <div class="modal-footer"> obscures it
Build info: version: '3.141.59', revision: 'unknown', time: 'unknown'
System info: host: 'DESKTOP-RGFFP9A', ip: '10.136.10.6', os.name: 'Windows 11', os.arch: 'amd64', os.version: '10.0', java.version: '17.0.7'
Driver info: com.kms.katalon.core.webui.driver.firefox.CGeckoDriver
Capabilities {acceptInsecureCerts: true, browserName: firefox, browserVersion: 133.0, javascriptEnabled: true, moz:accessibilityChecks: false, moz:buildID: 20241121140525, moz:geckodriverVersion: 0.35.0, moz:headless: false, moz:platformVersion: 10.0, moz:processID: 39776, moz:profile: C:\Users\OLVATI\AppData\Loc..., moz:shutdownTimeout: 60000, moz:webdriverClick: true, moz:windowless: false, pageLoadStrategy: normal, platform: WINDOWS, platformName: WINDOWS, proxy: Proxy(direct), setWindowRect: true, strictFileInteractability: false, timeouts: {implicit: 0, pageLoad: 300000, script: 30000}, unhandledPromptBehavior: dismiss and notify, userAgent: Mozilla/5.0 (Windows NT 10....}
Session ID: c265e6de-7220-4dbd-8b56-e8c952c4e6e8
	at jdk.internal.reflect.GeneratedConstructorAccessor32.newInstance(Unknown Source)
	at java.base/jdk.internal.reflect.DelegatingConstructorAccessorImpl.newInstance(DelegatingConstructorAccessorImpl.java:45)
	at org.openqa.selenium.remote.http.W3CHttpResponseCodec.createException(W3CHttpResponseCodec.java:187)
	at org.openqa.selenium.remote.http.W3CHttpResponseCodec.decode(W3CHttpResponseCodec.java:122)
	at org.openqa.selenium.remote.http.W3CHttpResponseCodec.decode(W3CHttpResponseCodec.java:49)
	at org.openqa.selenium.remote.HttpCommandExecutor.execute(HttpCommandExecutor.java:158)
	at org.openqa.selenium.remote.service.DriverCommandExecutor.execute(DriverCommandExecutor.java:83)
	at org.openqa.selenium.remote.RemoteWebDriver.execute(RemoteWebDriver.java:552)
	at com.kms.katalon.selenium.driver.CFirefoxDriver.execute(CFirefoxDriver.java:28)
	at org.openqa.selenium.remote.RemoteWebElement.execute(RemoteWebElement.java:285)
	at org.openqa.selenium.remote.RemoteWebElement.click(RemoteWebElement.java:84)
	at jdk.internal.reflect.GeneratedMethodAccessor10.invoke(Unknown Source)
	at java.base/jdk.internal.reflect.DelegatingMethodAccessorImpl.invoke(DelegatingMethodAccessorImpl.java:43)
	at org.openqa.selenium.support.events.EventFiringWebDriver$EventFiringWebElement.lambda$new$0(EventFiringWebDriver.java:404)
	at jdk.proxy2/jdk.proxy2.$Proxy21.click(Unknown Source)
	at org.openqa.selenium.support.events.EventFiringWebDriver$EventFiringWebElement.click(EventFiringWebDriver.java:417)
	at org.openqa.selenium.WebElement$click.call(Unknown Source)
	at com.kms.katalon.core.webui.keyword.builtin.ClickKeyword.clickUntilSuccessWithTimeout(ClickKeyword.groovy:81)
	at com.kms.katalon.core.webui.keyword.builtin.ClickKeyword.clickUntilSuccessWithTimeout(ClickKeyword.groovy)
	at jdk.internal.reflect.GeneratedMethodAccessor8.invoke(Unknown Source)
	at java.base/jdk.internal.reflect.DelegatingMethodAccessorImpl.invoke(DelegatingMethodAccessorImpl.java:43)
	at com.kms.katalon.core.webui.keyword.builtin.ClickKeyword$_click_closure1.doCall(ClickKeyword.groovy:67)
	at com.kms.katalon.core.webui.keyword.builtin.ClickKeyword$_click_closure1.call(ClickKeyword.groovy)
	at com.kms.katalon.core.webui.keyword.internal.WebUIKeywordMain.runKeyword(WebUIKeywordMain.groovy:35)
	at com.kms.katalon.core.webui.keyword.builtin.ClickKeyword.click(ClickKeyword.groovy:74)
	at com.kms.katalon.core.webui.keyword.builtin.ClickKeyword.execute(ClickKeyword.groovy:40)
	at com.kms.katalon.core.keyword.internal.KeywordExecutor.executeKeywordForPlatform(KeywordExecutor.groovy:74)
	at com.kms.katalon.core.webui.keyword.WebUiBuiltInKeywords.click(WebUiBuiltInKeywords.groovy:659)
	at Script1732083570761.run(Script1732083570761.groovy:24)
	at com.kms.katalon.core.main.ScriptEngine.run(ScriptEngine.java:194)
	at com.kms.katalon.core.main.ScriptEngine.runScriptAsRawText(ScriptEngine.java:119)
	at com.kms.katalon.core.main.TestCaseExecutor.runScript(TestCaseExecutor.java:448)
	at com.kms.katalon.core.main.TestCaseExecutor.doExecute(TestCaseExecutor.java:439)
	at com.kms.katalon.core.main.TestCaseExecutor.processExecutionPhase(TestCaseExecutor.java:418)
	at com.kms.katalon.core.main.TestCaseExecutor.accessMainPhase(TestCaseExecutor.java:410)
	at com.kms.katalon.core.main.TestCaseExecutor.execute(TestCaseExecutor.java:285)
	at com.kms.katalon.core.main.TestCaseMain.runTestCase(TestCaseMain.java:137)
	at com.kms.katalon.core.keyword.builtin.CallTestCaseKeyword$_callTestCase_closure1.doCall(CallTestCaseKeyword.groovy:59)
	at com.kms.katalon.core.keyword.builtin.CallTestCaseKeyword$_callTestCase_closure1.call(CallTestCaseKeyword.groovy)
	at com.kms.katalon.core.keyword.internal.KeywordMain.runKeyword(KeywordMain.groovy:75)
	at com.kms.katalon.core.keyword.builtin.CallTestCaseKeyword.callTestCase(CallTestCaseKeyword.groovy:81)
	at com.kms.katalon.core.keyword.builtin.CallTestCaseKeyword.execute(CallTestCaseKeyword.groovy:44)
	at com.kms.katalon.core.keyword.internal.KeywordExecutor.executeKeywordForPlatform(KeywordExecutor.groovy:74)
	at com.kms.katalon.core.keyword.BuiltinKeywords.callTestCase(BuiltinKeywords.groovy:310)
	at jdk.internal.reflect.GeneratedMethodAccessor25.invoke(Unknown Source)
	at java.base/jdk.internal.reflect.DelegatingMethodAccessorImpl.invoke(DelegatingMethodAccessorImpl.java:43)
	at Script1732341473570.run(Script1732341473570.groovy:22)
	... 15 more
)

27-11-2024T13:29:52 - [MESSAGE][FAILED] - Unable to call Test Case 'Test Cases/1.Inicio/1.1Principal/Selec_sobre' (Root cause: com.kms.katalon.core.exception.StepFailedException: Call Test Case 'Test Cases/1.Inicio/1.1Principal/Selec_sobre' failed
	at com.kms.katalon.core.keyword.builtin.CallTestCaseKeyword$_callTestCase_closure1.doCall(CallTestCaseKeyword.groovy:63)
	at com.kms.katalon.core.keyword.builtin.CallTestCaseKeyword$_callTestCase_closure1.call(CallTestCaseKeyword.groovy)
	at com.kms.katalon.core.keyword.internal.KeywordMain.runKeyword(KeywordMain.groovy:75)
	at com.kms.katalon.core.keyword.builtin.CallTestCaseKeyword.callTestCase(CallTestCaseKeyword.groovy:81)
	at com.kms.katalon.core.keyword.builtin.CallTestCaseKeyword.execute(CallTestCaseKeyword.groovy:44)
	at com.kms.katalon.core.keyword.internal.KeywordExecutor.executeKeywordForPlatform(KeywordExecutor.groovy:74)
	at com.kms.katalon.core.keyword.BuiltinKeywords.callTestCase(BuiltinKeywords.groovy:310)
	at jdk.internal.reflect.GeneratedMethodAccessor25.invoke(Unknown Source)
	at java.base/jdk.internal.reflect.DelegatingMethodAccessorImpl.invoke(DelegatingMethodAccessorImpl.java:43)
	at Valorado 501.run(Valorado 501:22)
	at com.kms.katalon.core.main.ScriptEngine.run(ScriptEngine.java:194)
	at com.kms.katalon.core.main.ScriptEngine.runScriptAsRawText(ScriptEngine.java:119)
	at com.kms.katalon.core.main.TestCaseExecutor.runScript(TestCaseExecutor.java:448)
	at com.kms.katalon.core.main.TestCaseExecutor.doExecute(TestCaseExecutor.java:439)
	at com.kms.katalon.core.main.TestCaseExecutor.processExecutionPhase(TestCaseExecutor.java:418)
	at com.kms.katalon.core.main.TestCaseExecutor.accessMainPhase(TestCaseExecutor.java:410)
	at com.kms.katalon.core.main.TestCaseExecutor.execute(TestCaseExecutor.java:285)
	at com.kms.katalon.core.common.CommonExecutor.accessTestCaseMainPhase(CommonExecutor.java:65)
	at com.kms.katalon.core.main.TestSuiteExecutor.accessTestSuiteMainPhase(TestSuiteExecutor.java:150)
	at com.kms.katalon.core.main.TestSuiteExecutor.execute(TestSuiteExecutor.java:106)
	at com.kms.katalon.core.main.TestCaseMain.startTestSuite(TestCaseMain.java:180)
	at TempTestSuite1732729948317.run(TempTestSuite1732729948317.groovy:35)
	at java.base/jdk.internal.reflect.NativeMethodAccessorImpl.invoke0(Native Method)
	at java.base/jdk.internal.reflect.NativeMethodAccessorImpl.invoke(NativeMethodAccessorImpl.java:77)
	at java.base/jdk.internal.reflect.DelegatingMethodAccessorImpl.invoke(DelegatingMethodAccessorImpl.java:43)
Caused by: com.kms.katalon.core.exception.StepFailedException: Unable to click on object 'Object Repository/Principal/Page_Olva Courier  Home/button_CONTINUAR (2)'
	at com.kms.katalon.core.webui.keyword.internal.WebUIKeywordMain.stepFailed(WebUIKeywordMain.groovy:117)
	at com.kms.katalon.core.webui.keyword.internal.WebUIKeywordMain.runKeyword(WebUIKeywordMain.groovy:43)
	at com.kms.katalon.core.webui.keyword.builtin.ClickKeyword.click(ClickKeyword.groovy:74)
	at com.kms.katalon.core.webui.keyword.builtin.ClickKeyword.execute(ClickKeyword.groovy:40)
	at com.kms.katalon.core.keyword.internal.KeywordExecutor.executeKeywordForPlatform(KeywordExecutor.groovy:74)
	at com.kms.katalon.core.webui.keyword.WebUiBuiltInKeywords.click(WebUiBuiltInKeywords.groovy:659)
	at Selec_sobre.run(Selec_sobre:24)
	at com.kms.katalon.core.main.ScriptEngine.run(ScriptEngine.java:194)
	at com.kms.katalon.core.main.ScriptEngine.runScriptAsRawText(ScriptEngine.java:119)
	at com.kms.katalon.core.main.TestCaseExecutor.runScript(TestCaseExecutor.java:448)
	at com.kms.katalon.core.main.TestCaseExecutor.doExecute(TestCaseExecutor.java:439)
	at com.kms.katalon.core.main.TestCaseExecutor.processExecutionPhase(TestCaseExecutor.java:418)
	at com.kms.katalon.core.main.TestCaseExecutor.accessMainPhase(TestCaseExecutor.java:410)
	at com.kms.katalon.core.main.TestCaseExecutor.execute(TestCaseExecutor.java:285)
	at com.kms.katalon.core.main.TestCaseMain.runTestCase(TestCaseMain.java:137)
	at com.kms.katalon.core.keyword.builtin.CallTestCaseKeyword$_callTestCase_closure1.doCall(CallTestCaseKeyword.groovy:59)
	... 24 more
Caused by: org.openqa.selenium.ElementClickInterceptedException: Element <button id="btn_aceptar_tipo_envio" class="btn disabled" type="button"> is not clickable at point (675,588) because another element <div class="modal-footer"> obscures it
Build info: version: '3.141.59', revision: 'unknown', time: 'unknown'
System info: host: 'DESKTOP-RGFFP9A', ip: '10.136.10.6', os.name: 'Windows 11', os.arch: 'amd64', os.version: '10.0', java.version: '17.0.7'
Driver info: com.kms.katalon.core.webui.driver.firefox.CGeckoDriver
Capabilities {acceptInsecureCerts: true, browserName: firefox, browserVersion: 133.0, javascriptEnabled: true, moz:accessibilityChecks: false, moz:buildID: 20241121140525, moz:geckodriverVersion: 0.35.0, moz:headless: false, moz:platformVersion: 10.0, moz:processID: 39776, moz:profile: C:\Users\OLVATI\AppData\Loc..., moz:shutdownTimeout: 60000, moz:webdriverClick: true, moz:windowless: false, pageLoadStrategy: normal, platform: WINDOWS, platformName: WINDOWS, proxy: Proxy(direct), setWindowRect: true, strictFileInteractability: false, timeouts: {implicit: 0, pageLoad: 300000, script: 30000}, unhandledPromptBehavior: dismiss and notify, userAgent: Mozilla/5.0 (Windows NT 10....}
Session ID: c265e6de-7220-4dbd-8b56-e8c952c4e6e8
	at jdk.internal.reflect.GeneratedConstructorAccessor32.newInstance(Unknown Source)
	at java.base/jdk.internal.reflect.DelegatingConstructorAccessorImpl.newInstance(DelegatingConstructorAccessorImpl.java:45)
	at org.openqa.selenium.remote.http.W3CHttpResponseCodec.createException(W3CHttpResponseCodec.java:187)
	at org.openqa.selenium.remote.http.W3CHttpResponseCodec.decode(W3CHttpResponseCodec.java:122)
	at org.openqa.selenium.remote.http.W3CHttpResponseCodec.decode(W3CHttpResponseCodec.java:49)
	at org.openqa.selenium.remote.HttpCommandExecutor.execute(HttpCommandExecutor.java:158)
	at org.openqa.selenium.remote.service.DriverCommandExecutor.execute(DriverCommandExecutor.java:83)
	at org.openqa.selenium.remote.RemoteWebDriver.execute(RemoteWebDriver.java:552)
	at com.kms.katalon.selenium.driver.CFirefoxDriver.execute(CFirefoxDriver.java:28)
	at org.openqa.selenium.remote.RemoteWebElement.execute(RemoteWebElement.java:285)
	at org.openqa.selenium.remote.RemoteWebElement.click(RemoteWebElement.java:84)
	at jdk.internal.reflect.GeneratedMethodAccessor10.invoke(Unknown Source)
	at java.base/jdk.internal.reflect.DelegatingMethodAccessorImpl.invoke(DelegatingMethodAccessorImpl.java:43)
	at org.openqa.selenium.support.events.EventFiringWebDriver$EventFiringWebElement.lambda$new$0(EventFiringWebDriver.java:404)
	at jdk.proxy2/jdk.proxy2.$Proxy21.click(Unknown Source)
	at org.openqa.selenium.support.events.EventFiringWebDriver$EventFiringWebElement.click(EventFiringWebDriver.java:417)
	at org.openqa.selenium.WebElement$click.call(Unknown Source)
	at com.kms.katalon.core.webui.keyword.builtin.ClickKeyword.clickUntilSuccessWithTimeout(ClickKeyword.groovy:81)
	at com.kms.katalon.core.webui.keyword.builtin.ClickKeyword.clickUntilSuccessWithTimeout(ClickKeyword.groovy)
	at jdk.internal.reflect.GeneratedMethodAccessor8.invoke(Unknown Source)
	at java.base/jdk.internal.reflect.DelegatingMethodAccessorImpl.invoke(DelegatingMethodAccessorImpl.java:43)
	at com.kms.katalon.core.webui.keyword.builtin.ClickKeyword$_click_closure1.doCall(ClickKeyword.groovy:67)
	at com.kms.katalon.core.webui.keyword.builtin.ClickKeyword$_click_closure1.call(ClickKeyword.groovy)
	at com.kms.katalon.core.webui.keyword.internal.WebUIKeywordMain.runKeyword(WebUIKeywordMain.groovy:35)
	... 38 more
)]]></system-out>
         <system-err><![CDATA[27-11-2024T13:29:11 - [TEST_CASE][FAILED] - Test Cases/2.Positivos/2.2Sobre/Origen-Provincia/2.Valorado/Entrega_Domicilio/Valorado 501: Test Cases/2.Positivos/2.2Sobre/Origen-Provincia/2.Valorado/Entrega_Domicilio/Valorado 501 FAILED.
Reason:
com.kms.katalon.core.exception.StepFailedException: Call Test Case 'Test Cases/1.Inicio/1.1Principal/Selec_sobre' failed
	at com.kms.katalon.core.keyword.builtin.CallTestCaseKeyword$_callTestCase_closure1.doCall(CallTestCaseKeyword.groovy:63)
	at com.kms.katalon.core.keyword.builtin.CallTestCaseKeyword$_callTestCase_closure1.call(CallTestCaseKeyword.groovy)
	at com.kms.katalon.core.keyword.internal.KeywordMain.runKeyword(KeywordMain.groovy:75)
	at com.kms.katalon.core.keyword.builtin.CallTestCaseKeyword.callTestCase(CallTestCaseKeyword.groovy:81)
	at com.kms.katalon.core.keyword.builtin.CallTestCaseKeyword.execute(CallTestCaseKeyword.groovy:44)
	at com.kms.katalon.core.keyword.internal.KeywordExecutor.executeKeywordForPlatform(KeywordExecutor.groovy:74)
	at com.kms.katalon.core.keyword.BuiltinKeywords.callTestCase(BuiltinKeywords.groovy:310)
	at jdk.internal.reflect.GeneratedMethodAccessor25.invoke(Unknown Source)
	at java.base/jdk.internal.reflect.DelegatingMethodAccessorImpl.invoke(DelegatingMethodAccessorImpl.java:43)
	at Valorado 501.run(Valorado 501:22)
	at com.kms.katalon.core.main.ScriptEngine.run(ScriptEngine.java:194)
	at com.kms.katalon.core.main.ScriptEngine.runScriptAsRawText(ScriptEngine.java:119)
	at com.kms.katalon.core.main.TestCaseExecutor.runScript(TestCaseExecutor.java:448)
	at com.kms.katalon.core.main.TestCaseExecutor.doExecute(TestCaseExecutor.java:439)
	at com.kms.katalon.core.main.TestCaseExecutor.processExecutionPhase(TestCaseExecutor.java:418)
	at com.kms.katalon.core.main.TestCaseExecutor.accessMainPhase(TestCaseExecutor.java:410)
	at com.kms.katalon.core.main.TestCaseExecutor.execute(TestCaseExecutor.java:285)
	at com.kms.katalon.core.common.CommonExecutor.accessTestCaseMainPhase(CommonExecutor.java:65)
	at com.kms.katalon.core.main.TestSuiteExecutor.accessTestSuiteMainPhase(TestSuiteExecutor.java:150)
	at com.kms.katalon.core.main.TestSuiteExecutor.execute(TestSuiteExecutor.java:106)
	at com.kms.katalon.core.main.TestCaseMain.startTestSuite(TestCaseMain.java:180)
	at TempTestSuite1732729948317.run(TempTestSuite1732729948317.groovy:35)
	at java.base/jdk.internal.reflect.NativeMethodAccessorImpl.invoke0(Native Method)
	at java.base/jdk.internal.reflect.NativeMethodAccessorImpl.invoke(NativeMethodAccessorImpl.java:77)
	at java.base/jdk.internal.reflect.DelegatingMethodAccessorImpl.invoke(DelegatingMethodAccessorImpl.java:43)
Caused by: com.kms.katalon.core.exception.StepFailedException: Unable to click on object 'Object Repository/Principal/Page_Olva Courier  Home/button_CONTINUAR (2)'
	at com.kms.katalon.core.webui.keyword.internal.WebUIKeywordMain.stepFailed(WebUIKeywordMain.groovy:117)
	at com.kms.katalon.core.webui.keyword.internal.WebUIKeywordMain.runKeyword(WebUIKeywordMain.groovy:43)
	at com.kms.katalon.core.webui.keyword.builtin.ClickKeyword.click(ClickKeyword.groovy:74)
	at com.kms.katalon.core.webui.keyword.builtin.ClickKeyword.execute(ClickKeyword.groovy:40)
	at com.kms.katalon.core.keyword.internal.KeywordExecutor.executeKeywordForPlatform(KeywordExecutor.groovy:74)
	at com.kms.katalon.core.webui.keyword.WebUiBuiltInKeywords.click(WebUiBuiltInKeywords.groovy:659)
	at Selec_sobre.run(Selec_sobre:24)
	at com.kms.katalon.core.main.ScriptEngine.run(ScriptEngine.java:194)
	at com.kms.katalon.core.main.ScriptEngine.runScriptAsRawText(ScriptEngine.java:119)
	at com.kms.katalon.core.main.TestCaseExecutor.runScript(TestCaseExecutor.java:448)
	at com.kms.katalon.core.main.TestCaseExecutor.doExecute(TestCaseExecutor.java:439)
	at com.kms.katalon.core.main.TestCaseExecutor.processExecutionPhase(TestCaseExecutor.java:418)
	at com.kms.katalon.core.main.TestCaseExecutor.accessMainPhase(TestCaseExecutor.java:410)
	at com.kms.katalon.core.main.TestCaseExecutor.execute(TestCaseExecutor.java:285)
	at com.kms.katalon.core.main.TestCaseMain.runTestCase(TestCaseMain.java:137)
	at com.kms.katalon.core.keyword.builtin.CallTestCaseKeyword$_callTestCase_closure1.doCall(CallTestCaseKeyword.groovy:59)
	... 24 more
Caused by: org.openqa.selenium.ElementClickInterceptedException: Element <button id="btn_aceptar_tipo_envio" class="btn disabled" type="button"> is not clickable at point (675,588) because another element <div class="modal-footer"> obscures it
Build info: version: '3.141.59', revision: 'unknown', time: 'unknown'
System info: host: 'DESKTOP-RGFFP9A', ip: '10.136.10.6', os.name: 'Windows 11', os.arch: 'amd64', os.version: '10.0', java.version: '17.0.7'
Driver info: com.kms.katalon.core.webui.driver.firefox.CGeckoDriver
Capabilities {acceptInsecureCerts: true, browserName: firefox, browserVersion: 133.0, javascriptEnabled: true, moz:accessibilityChecks: false, moz:buildID: 20241121140525, moz:geckodriverVersion: 0.35.0, moz:headless: false, moz:platformVersion: 10.0, moz:processID: 39776, moz:profile: C:\Users\OLVATI\AppData\Loc..., moz:shutdownTimeout: 60000, moz:webdriverClick: true, moz:windowless: false, pageLoadStrategy: normal, platform: WINDOWS, platformName: WINDOWS, proxy: Proxy(direct), setWindowRect: true, strictFileInteractability: false, timeouts: {implicit: 0, pageLoad: 300000, script: 30000}, unhandledPromptBehavior: dismiss and notify, userAgent: Mozilla/5.0 (Windows NT 10....}
Session ID: c265e6de-7220-4dbd-8b56-e8c952c4e6e8
	at jdk.internal.reflect.GeneratedConstructorAccessor32.newInstance(Unknown Source)
	at java.base/jdk.internal.reflect.DelegatingConstructorAccessorImpl.newInstance(DelegatingConstructorAccessorImpl.java:45)
	at org.openqa.selenium.remote.http.W3CHttpResponseCodec.createException(W3CHttpResponseCodec.java:187)
	at org.openqa.selenium.remote.http.W3CHttpResponseCodec.decode(W3CHttpResponseCodec.java:122)
	at org.openqa.selenium.remote.http.W3CHttpResponseCodec.decode(W3CHttpResponseCodec.java:49)
	at org.openqa.selenium.remote.HttpCommandExecutor.execute(HttpCommandExecutor.java:158)
	at org.openqa.selenium.remote.service.DriverCommandExecutor.execute(DriverCommandExecutor.java:83)
	at org.openqa.selenium.remote.RemoteWebDriver.execute(RemoteWebDriver.java:552)
	at com.kms.katalon.selenium.driver.CFirefoxDriver.execute(CFirefoxDriver.java:28)
	at org.openqa.selenium.remote.RemoteWebElement.execute(RemoteWebElement.java:285)
	at org.openqa.selenium.remote.RemoteWebElement.click(RemoteWebElement.java:84)
	at jdk.internal.reflect.GeneratedMethodAccessor10.invoke(Unknown Source)
	at java.base/jdk.internal.reflect.DelegatingMethodAccessorImpl.invoke(DelegatingMethodAccessorImpl.java:43)
	at org.openqa.selenium.support.events.EventFiringWebDriver$EventFiringWebElement.lambda$new$0(EventFiringWebDriver.java:404)
	at jdk.proxy2/jdk.proxy2.$Proxy21.click(Unknown Source)
	at org.openqa.selenium.support.events.EventFiringWebDriver$EventFiringWebElement.click(EventFiringWebDriver.java:417)
	at org.openqa.selenium.WebElement$click.call(Unknown Source)
	at com.kms.katalon.core.webui.keyword.builtin.ClickKeyword.clickUntilSuccessWithTimeout(ClickKeyword.groovy:81)
	at com.kms.katalon.core.webui.keyword.builtin.ClickKeyword.clickUntilSuccessWithTimeout(ClickKeyword.groovy)
	at jdk.internal.reflect.GeneratedMethodAccessor8.invoke(Unknown Source)
	at java.base/jdk.internal.reflect.DelegatingMethodAccessorImpl.invoke(DelegatingMethodAccessorImpl.java:43)
	at com.kms.katalon.core.webui.keyword.builtin.ClickKeyword$_click_closure1.doCall(ClickKeyword.groovy:67)
	at com.kms.katalon.core.webui.keyword.builtin.ClickKeyword$_click_closure1.call(ClickKeyword.groovy)
	at com.kms.katalon.core.webui.keyword.internal.WebUIKeywordMain.runKeyword(WebUIKeywordMain.groovy:35)
	... 38 more]]></system-err>
      </testcase>
      <testcase name="Test Cases/2.Positivos/2.2Sobre/Origen-Provincia/2.Valorado/Entrega_Domicilio/EditarValorado" time="40.397" classname="Test Cases/2.Positivos/2.2Sobre/Origen-Provincia/2.Valorado/Entrega_Domicilio/EditarValorado" status="FAILED">
         <failure type="FAILED" message="Test Cases/2.Positivos/2.2Sobre/Origen-Provincia/2.Valorado/Entrega_Domicilio/EditarValorado FAILED.&#xa;Reason:&#xa;com.kms.katalon.core.exception.StepFailedException: Call Test Case 'Test Cases/1.Inicio/1.1Principal/Selec_sobre' failed&#xa;	at com.kms.katalon.core.keyword.builtin.CallTestCaseKeyword$_callTestCase_closure1.doCall(CallTestCaseKeyword.groovy:63)&#xa;	at com.kms.katalon.core.keyword.builtin.CallTestCaseKeyword$_callTestCase_closure1.call(CallTestCaseKeyword.groovy)&#xa;	at com.kms.katalon.core.keyword.internal.KeywordMain.runKeyword(KeywordMain.groovy:75)&#xa;	at com.kms.katalon.core.keyword.builtin.CallTestCaseKeyword.callTestCase(CallTestCaseKeyword.groovy:81)&#xa;	at com.kms.katalon.core.keyword.builtin.CallTestCaseKeyword.execute(CallTestCaseKeyword.groovy:44)&#xa;	at com.kms.katalon.core.keyword.internal.KeywordExecutor.executeKeywordForPlatform(KeywordExecutor.groovy:74)&#xa;	at com.kms.katalon.core.keyword.BuiltinKeywords.callTestCase(BuiltinKeywords.groovy:310)&#xa;	at jdk.internal.reflect.GeneratedMethodAccessor25.invoke(Unknown Source)&#xa;	at java.base/jdk.internal.reflect.DelegatingMethodAccessorImpl.invoke(DelegatingMethodAccessorImpl.java:43)&#xa;	at EditarValorado.run(EditarValorado:22)&#xa;	at com.kms.katalon.core.main.ScriptEngine.run(ScriptEngine.java:194)&#xa;	at com.kms.katalon.core.main.ScriptEngine.runScriptAsRawText(ScriptEngine.java:119)&#xa;	at com.kms.katalon.core.main.TestCaseExecutor.runScript(TestCaseExecutor.java:448)&#xa;	at com.kms.katalon.core.main.TestCaseExecutor.doExecute(TestCaseExecutor.java:439)&#xa;	at com.kms.katalon.core.main.TestCaseExecutor.processExecutionPhase(TestCaseExecutor.java:418)&#xa;	at com.kms.katalon.core.main.TestCaseExecutor.accessMainPhase(TestCaseExecutor.java:410)&#xa;	at com.kms.katalon.core.main.TestCaseExecutor.execute(TestCaseExecutor.java:285)&#xa;	at com.kms.katalon.core.common.CommonExecutor.accessTestCaseMainPhase(CommonExecutor.java:65)&#xa;	at com.kms.katalon.core.main.TestSuiteExecutor.accessTestSuiteMainPhase(TestSuiteExecutor.java:150)&#xa;	at com.kms.katalon.core.main.TestSuiteExecutor.execute(TestSuiteExecutor.java:106)&#xa;	at com.kms.katalon.core.main.TestCaseMain.startTestSuite(TestCaseMain.java:180)&#xa;	at TempTestSuite1732729948317.run(TempTestSuite1732729948317.groovy:35)&#xa;	at java.base/jdk.internal.reflect.NativeMethodAccessorImpl.invoke0(Native Method)&#xa;	at java.base/jdk.internal.reflect.NativeMethodAccessorImpl.invoke(NativeMethodAccessorImpl.java:77)&#xa;	at java.base/jdk.internal.reflect.DelegatingMethodAccessorImpl.invoke(DelegatingMethodAccessorImpl.java:43)&#xa;Caused by: com.kms.katalon.core.exception.StepFailedException: Unable to click on object 'Object Repository/Principal/Page_Olva Courier  Home/button_CONTINUAR (2)'&#xa;	at com.kms.katalon.core.webui.keyword.internal.WebUIKeywordMain.stepFailed(WebUIKeywordMain.groovy:117)&#xa;	at com.kms.katalon.core.webui.keyword.internal.WebUIKeywordMain.runKeyword(WebUIKeywordMain.groovy:43)&#xa;	at com.kms.katalon.core.webui.keyword.builtin.ClickKeyword.click(ClickKeyword.groovy:74)&#xa;	at com.kms.katalon.core.webui.keyword.builtin.ClickKeyword.execute(ClickKeyword.groovy:40)&#xa;	at com.kms.katalon.core.keyword.internal.KeywordExecutor.executeKeywordForPlatform(KeywordExecutor.groovy:74)&#xa;	at com.kms.katalon.core.webui.keyword.WebUiBuiltInKeywords.click(WebUiBuiltInKeywords.groovy:659)&#xa;	at Selec_sobre.run(Selec_sobre:24)&#xa;	at com.kms.katalon.core.main.ScriptEngine.run(ScriptEngine.java:194)&#xa;	at com.kms.katalon.core.main.ScriptEngine.runScriptAsRawText(ScriptEngine.java:119)&#xa;	at com.kms.katalon.core.main.TestCaseExecutor.runScript(TestCaseExecutor.java:448)&#xa;	at com.kms.katalon.core.main.TestCaseExecutor.doExecute(TestCaseExecutor.java:439)&#xa;	at com.kms.katalon.core.main.TestCaseExecutor.processExecutionPhase(TestCaseExecutor.java:418)&#xa;	at com.kms.katalon.core.main.TestCaseExecutor.accessMainPhase(TestCaseExecutor.java:410)&#xa;	at com.kms.katalon.core.main.TestCaseExecutor.execute(TestCaseExecutor.java:285)&#xa;	at com.kms.katalon.core.main.TestCaseMain.runTestCase(TestCaseMain.java:137)&#xa;	at com.kms.katalon.core.keyword.builtin.CallTestCaseKeyword$_callTestCase_closure1.doCall(CallTestCaseKeyword.groovy:59)&#xa;	... 24 more&#xa;Caused by: org.openqa.selenium.ElementClickInterceptedException: Element &lt;button id=&quot;btn_aceptar_tipo_envio&quot; class=&quot;btn disabled&quot; type=&quot;button&quot;> is not clickable at point (675,588) because another element &lt;div class=&quot;modal-footer&quot;> obscures it&#xa;Build info: version: '3.141.59', revision: 'unknown', time: 'unknown'&#xa;System info: host: 'DESKTOP-RGFFP9A', ip: '10.136.10.6', os.name: 'Windows 11', os.arch: 'amd64', os.version: '10.0', java.version: '17.0.7'&#xa;Driver info: com.kms.katalon.core.webui.driver.firefox.CGeckoDriver&#xa;Capabilities {acceptInsecureCerts: true, browserName: firefox, browserVersion: 133.0, javascriptEnabled: true, moz:accessibilityChecks: false, moz:buildID: 20241121140525, moz:geckodriverVersion: 0.35.0, moz:headless: false, moz:platformVersion: 10.0, moz:processID: 6644, moz:profile: C:\Users\OLVATI\AppData\Loc..., moz:shutdownTimeout: 60000, moz:webdriverClick: true, moz:windowless: false, pageLoadStrategy: normal, platform: WINDOWS, platformName: WINDOWS, proxy: Proxy(direct), setWindowRect: true, strictFileInteractability: false, timeouts: {implicit: 0, pageLoad: 300000, script: 30000}, unhandledPromptBehavior: dismiss and notify, userAgent: Mozilla/5.0 (Windows NT 10....}&#xa;Session ID: 2fa58e6b-4cb2-4ca5-b056-47bb46f3c3d2&#xa;	at jdk.internal.reflect.GeneratedConstructorAccessor32.newInstance(Unknown Source)&#xa;	at java.base/jdk.internal.reflect.DelegatingConstructorAccessorImpl.newInstance(DelegatingConstructorAccessorImpl.java:45)&#xa;	at org.openqa.selenium.remote.http.W3CHttpResponseCodec.createException(W3CHttpResponseCodec.java:187)&#xa;	at org.openqa.selenium.remote.http.W3CHttpResponseCodec.decode(W3CHttpResponseCodec.java:122)&#xa;	at org.openqa.selenium.remote.http.W3CHttpResponseCodec.decode(W3CHttpResponseCodec.java:49)&#xa;	at org.openqa.selenium.remote.HttpCommandExecutor.execute(HttpCommandExecutor.java:158)&#xa;	at org.openqa.selenium.remote.service.DriverCommandExecutor.execute(DriverCommandExecutor.java:83)&#xa;	at org.openqa.selenium.remote.RemoteWebDriver.execute(RemoteWebDriver.java:552)&#xa;	at com.kms.katalon.selenium.driver.CFirefoxDriver.execute(CFirefoxDriver.java:28)&#xa;	at org.openqa.selenium.remote.RemoteWebElement.execute(RemoteWebElement.java:285)&#xa;	at org.openqa.selenium.remote.RemoteWebElement.click(RemoteWebElement.java:84)&#xa;	at jdk.internal.reflect.GeneratedMethodAccessor10.invoke(Unknown Source)&#xa;	at java.base/jdk.internal.reflect.DelegatingMethodAccessorImpl.invoke(DelegatingMethodAccessorImpl.java:43)&#xa;	at org.openqa.selenium.support.events.EventFiringWebDriver$EventFiringWebElement.lambda$new$0(EventFiringWebDriver.java:404)&#xa;	at jdk.proxy2/jdk.proxy2.$Proxy21.click(Unknown Source)&#xa;	at org.openqa.selenium.support.events.EventFiringWebDriver$EventFiringWebElement.click(EventFiringWebDriver.java:417)&#xa;	at org.openqa.selenium.WebElement$click.call(Unknown Source)&#xa;	at com.kms.katalon.core.webui.keyword.builtin.ClickKeyword.clickUntilSuccessWithTimeout(ClickKeyword.groovy:81)&#xa;	at com.kms.katalon.core.webui.keyword.builtin.ClickKeyword.clickUntilSuccessWithTimeout(ClickKeyword.groovy)&#xa;	at jdk.internal.reflect.GeneratedMethodAccessor8.invoke(Unknown Source)&#xa;	at java.base/jdk.internal.reflect.DelegatingMethodAccessorImpl.invoke(DelegatingMethodAccessorImpl.java:43)&#xa;	at com.kms.katalon.core.webui.keyword.builtin.ClickKeyword$_click_closure1.doCall(ClickKeyword.groovy:67)&#xa;	at com.kms.katalon.core.webui.keyword.builtin.ClickKeyword$_click_closure1.call(ClickKeyword.groovy)&#xa;	at com.kms.katalon.core.webui.keyword.internal.WebUIKeywordMain.runKeyword(WebUIKeywordMain.groovy:35)&#xa;	... 38 more&#xa;"/>
         <system-out><![CDATA[27-11-2024T13:29:52 - [TEST_CASE][FAILED] - Test Cases/2.Positivos/2.2Sobre/Origen-Provincia/2.Valorado/Entrega_Domicilio/EditarValorado: Test Cases/2.Positivos/2.2Sobre/Origen-Provincia/2.Valorado/Entrega_Domicilio/EditarValorado FAILED.
Reason:
com.kms.katalon.core.exception.StepFailedException: Call Test Case 'Test Cases/1.Inicio/1.1Principal/Selec_sobre' failed
	at com.kms.katalon.core.keyword.builtin.CallTestCaseKeyword$_callTestCase_closure1.doCall(CallTestCaseKeyword.groovy:63)
	at com.kms.katalon.core.keyword.builtin.CallTestCaseKeyword$_callTestCase_closure1.call(CallTestCaseKeyword.groovy)
	at com.kms.katalon.core.keyword.internal.KeywordMain.runKeyword(KeywordMain.groovy:75)
	at com.kms.katalon.core.keyword.builtin.CallTestCaseKeyword.callTestCase(CallTestCaseKeyword.groovy:81)
	at com.kms.katalon.core.keyword.builtin.CallTestCaseKeyword.execute(CallTestCaseKeyword.groovy:44)
	at com.kms.katalon.core.keyword.internal.KeywordExecutor.executeKeywordForPlatform(KeywordExecutor.groovy:74)
	at com.kms.katalon.core.keyword.BuiltinKeywords.callTestCase(BuiltinKeywords.groovy:310)
	at jdk.internal.reflect.GeneratedMethodAccessor25.invoke(Unknown Source)
	at java.base/jdk.internal.reflect.DelegatingMethodAccessorImpl.invoke(DelegatingMethodAccessorImpl.java:43)
	at EditarValorado.run(EditarValorado:22)
	at com.kms.katalon.core.main.ScriptEngine.run(ScriptEngine.java:194)
	at com.kms.katalon.core.main.ScriptEngine.runScriptAsRawText(ScriptEngine.java:119)
	at com.kms.katalon.core.main.TestCaseExecutor.runScript(TestCaseExecutor.java:448)
	at com.kms.katalon.core.main.TestCaseExecutor.doExecute(TestCaseExecutor.java:439)
	at com.kms.katalon.core.main.TestCaseExecutor.processExecutionPhase(TestCaseExecutor.java:418)
	at com.kms.katalon.core.main.TestCaseExecutor.accessMainPhase(TestCaseExecutor.java:410)
	at com.kms.katalon.core.main.TestCaseExecutor.execute(TestCaseExecutor.java:285)
	at com.kms.katalon.core.common.CommonExecutor.accessTestCaseMainPhase(CommonExecutor.java:65)
	at com.kms.katalon.core.main.TestSuiteExecutor.accessTestSuiteMainPhase(TestSuiteExecutor.java:150)
	at com.kms.katalon.core.main.TestSuiteExecutor.execute(TestSuiteExecutor.java:106)
	at com.kms.katalon.core.main.TestCaseMain.startTestSuite(TestCaseMain.java:180)
	at TempTestSuite1732729948317.run(TempTestSuite1732729948317.groovy:35)
	at java.base/jdk.internal.reflect.NativeMethodAccessorImpl.invoke0(Native Method)
	at java.base/jdk.internal.reflect.NativeMethodAccessorImpl.invoke(NativeMethodAccessorImpl.java:77)
	at java.base/jdk.internal.reflect.DelegatingMethodAccessorImpl.invoke(DelegatingMethodAccessorImpl.java:43)
Caused by: com.kms.katalon.core.exception.StepFailedException: Unable to click on object 'Object Repository/Principal/Page_Olva Courier  Home/button_CONTINUAR (2)'
	at com.kms.katalon.core.webui.keyword.internal.WebUIKeywordMain.stepFailed(WebUIKeywordMain.groovy:117)
	at com.kms.katalon.core.webui.keyword.internal.WebUIKeywordMain.runKeyword(WebUIKeywordMain.groovy:43)
	at com.kms.katalon.core.webui.keyword.builtin.ClickKeyword.click(ClickKeyword.groovy:74)
	at com.kms.katalon.core.webui.keyword.builtin.ClickKeyword.execute(ClickKeyword.groovy:40)
	at com.kms.katalon.core.keyword.internal.KeywordExecutor.executeKeywordForPlatform(KeywordExecutor.groovy:74)
	at com.kms.katalon.core.webui.keyword.WebUiBuiltInKeywords.click(WebUiBuiltInKeywords.groovy:659)
	at Selec_sobre.run(Selec_sobre:24)
	at com.kms.katalon.core.main.ScriptEngine.run(ScriptEngine.java:194)
	at com.kms.katalon.core.main.ScriptEngine.runScriptAsRawText(ScriptEngine.java:119)
	at com.kms.katalon.core.main.TestCaseExecutor.runScript(TestCaseExecutor.java:448)
	at com.kms.katalon.core.main.TestCaseExecutor.doExecute(TestCaseExecutor.java:439)
	at com.kms.katalon.core.main.TestCaseExecutor.processExecutionPhase(TestCaseExecutor.java:418)
	at com.kms.katalon.core.main.TestCaseExecutor.accessMainPhase(TestCaseExecutor.java:410)
	at com.kms.katalon.core.main.TestCaseExecutor.execute(TestCaseExecutor.java:285)
	at com.kms.katalon.core.main.TestCaseMain.runTestCase(TestCaseMain.java:137)
	at com.kms.katalon.core.keyword.builtin.CallTestCaseKeyword$_callTestCase_closure1.doCall(CallTestCaseKeyword.groovy:59)
	... 24 more
Caused by: org.openqa.selenium.ElementClickInterceptedException: Element <button id="btn_aceptar_tipo_envio" class="btn disabled" type="button"> is not clickable at point (675,588) because another element <div class="modal-footer"> obscures it
Build info: version: '3.141.59', revision: 'unknown', time: 'unknown'
System info: host: 'DESKTOP-RGFFP9A', ip: '10.136.10.6', os.name: 'Windows 11', os.arch: 'amd64', os.version: '10.0', java.version: '17.0.7'
Driver info: com.kms.katalon.core.webui.driver.firefox.CGeckoDriver
Capabilities {acceptInsecureCerts: true, browserName: firefox, browserVersion: 133.0, javascriptEnabled: true, moz:accessibilityChecks: false, moz:buildID: 20241121140525, moz:geckodriverVersion: 0.35.0, moz:headless: false, moz:platformVersion: 10.0, moz:processID: 6644, moz:profile: C:\Users\OLVATI\AppData\Loc..., moz:shutdownTimeout: 60000, moz:webdriverClick: true, moz:windowless: false, pageLoadStrategy: normal, platform: WINDOWS, platformName: WINDOWS, proxy: Proxy(direct), setWindowRect: true, strictFileInteractability: false, timeouts: {implicit: 0, pageLoad: 300000, script: 30000}, unhandledPromptBehavior: dismiss and notify, userAgent: Mozilla/5.0 (Windows NT 10....}
Session ID: 2fa58e6b-4cb2-4ca5-b056-47bb46f3c3d2
	at jdk.internal.reflect.GeneratedConstructorAccessor32.newInstance(Unknown Source)
	at java.base/jdk.internal.reflect.DelegatingConstructorAccessorImpl.newInstance(DelegatingConstructorAccessorImpl.java:45)
	at org.openqa.selenium.remote.http.W3CHttpResponseCodec.createException(W3CHttpResponseCodec.java:187)
	at org.openqa.selenium.remote.http.W3CHttpResponseCodec.decode(W3CHttpResponseCodec.java:122)
	at org.openqa.selenium.remote.http.W3CHttpResponseCodec.decode(W3CHttpResponseCodec.java:49)
	at org.openqa.selenium.remote.HttpCommandExecutor.execute(HttpCommandExecutor.java:158)
	at org.openqa.selenium.remote.service.DriverCommandExecutor.execute(DriverCommandExecutor.java:83)
	at org.openqa.selenium.remote.RemoteWebDriver.execute(RemoteWebDriver.java:552)
	at com.kms.katalon.selenium.driver.CFirefoxDriver.execute(CFirefoxDriver.java:28)
	at org.openqa.selenium.remote.RemoteWebElement.execute(RemoteWebElement.java:285)
	at org.openqa.selenium.remote.RemoteWebElement.click(RemoteWebElement.java:84)
	at jdk.internal.reflect.GeneratedMethodAccessor10.invoke(Unknown Source)
	at java.base/jdk.internal.reflect.DelegatingMethodAccessorImpl.invoke(DelegatingMethodAccessorImpl.java:43)
	at org.openqa.selenium.support.events.EventFiringWebDriver$EventFiringWebElement.lambda$new$0(EventFiringWebDriver.java:404)
	at jdk.proxy2/jdk.proxy2.$Proxy21.click(Unknown Source)
	at org.openqa.selenium.support.events.EventFiringWebDriver$EventFiringWebElement.click(EventFiringWebDriver.java:417)
	at org.openqa.selenium.WebElement$click.call(Unknown Source)
	at com.kms.katalon.core.webui.keyword.builtin.ClickKeyword.clickUntilSuccessWithTimeout(ClickKeyword.groovy:81)
	at com.kms.katalon.core.webui.keyword.builtin.ClickKeyword.clickUntilSuccessWithTimeout(ClickKeyword.groovy)
	at jdk.internal.reflect.GeneratedMethodAccessor8.invoke(Unknown Source)
	at java.base/jdk.internal.reflect.DelegatingMethodAccessorImpl.invoke(DelegatingMethodAccessorImpl.java:43)
	at com.kms.katalon.core.webui.keyword.builtin.ClickKeyword$_click_closure1.doCall(ClickKeyword.groovy:67)
	at com.kms.katalon.core.webui.keyword.builtin.ClickKeyword$_click_closure1.call(ClickKeyword.groovy)
	at com.kms.katalon.core.webui.keyword.internal.WebUIKeywordMain.runKeyword(WebUIKeywordMain.groovy:35)
	... 38 more


27-11-2024T13:29:52 - [TEST_STEP][PASSED] - callTestCase(findTestCase("1.Inicio/1.1Principal/Principal-home"), [:], STOP_ON_FAILURE): Call Test Case 'Test Cases/1.Inicio/1.1Principal/Principal-home' successfully

27-11-2024T13:29:52 - [TEST_CASE][PASSED] - Test Cases/1.Inicio/1.1Principal/Principal-home: Test Cases/1.Inicio/1.1Principal/Principal-home

27-11-2024T13:29:52 - [TEST_STEP][PASSED] - openBrowser(""): Browser is opened with url: ''

27-11-2024T13:29:52 - [MESSAGE][WARNING] - A browser is already opened. Closing browser and opening a new one

27-11-2024T13:29:54 - [MESSAGE][INFO] - Starting 'Firefox' driver

27-11-2024T13:29:54 - [MESSAGE][INFO] - Action delay is set to 0 milliseconds

27-11-2024T13:30:00 - [MESSAGE][PASSED] - Browser is opened with url: ''

27-11-2024T13:30:00 - [TEST_STEP][PASSED] - navigateToUrl("https://dev01-registrodeenvios.olvacourier.com/principal"): Navigate to 'https://dev01-registrodeenvios.olvacourier.com/principal' successfully

27-11-2024T13:30:01 - [MESSAGE][PASSED] - Navigate to 'https://dev01-registrodeenvios.olvacourier.com/principal' successfully

27-11-2024T13:30:01 - [TEST_STEP][PASSED] - maximizeWindow(): Current window maximized

27-11-2024T13:30:01 - [MESSAGE][PASSED] - Current window maximized

27-11-2024T13:30:01 - [MESSAGE][PASSED] - Call Test Case 'Test Cases/1.Inicio/1.1Principal/Principal-home' successfully

27-11-2024T13:30:01 - [TEST_STEP][FAILED] - callTestCase(findTestCase("1.Inicio/1.1Principal/Selec_sobre"), [:], STOP_ON_FAILURE): Unable to call Test Case 'Test Cases/1.Inicio/1.1Principal/Selec_sobre' (Root cause: com.kms.katalon.core.exception.StepFailedException: Call Test Case 'Test Cases/1.Inicio/1.1Principal/Selec_sobre' failed
	at com.kms.katalon.core.keyword.builtin.CallTestCaseKeyword$_callTestCase_closure1.doCall(CallTestCaseKeyword.groovy:63)
	at com.kms.katalon.core.keyword.builtin.CallTestCaseKeyword$_callTestCase_closure1.call(CallTestCaseKeyword.groovy)
	at com.kms.katalon.core.keyword.internal.KeywordMain.runKeyword(KeywordMain.groovy:75)
	at com.kms.katalon.core.keyword.builtin.CallTestCaseKeyword.callTestCase(CallTestCaseKeyword.groovy:81)
	at com.kms.katalon.core.keyword.builtin.CallTestCaseKeyword.execute(CallTestCaseKeyword.groovy:44)
	at com.kms.katalon.core.keyword.internal.KeywordExecutor.executeKeywordForPlatform(KeywordExecutor.groovy:74)
	at com.kms.katalon.core.keyword.BuiltinKeywords.callTestCase(BuiltinKeywords.groovy:310)
	at jdk.internal.reflect.GeneratedMethodAccessor25.invoke(Unknown Source)
	at java.base/jdk.internal.reflect.DelegatingMethodAccessorImpl.invoke(DelegatingMethodAccessorImpl.java:43)
	at EditarValorado.run(EditarValorado:22)
	at com.kms.katalon.core.main.ScriptEngine.run(ScriptEngine.java:194)
	at com.kms.katalon.core.main.ScriptEngine.runScriptAsRawText(ScriptEngine.java:119)
	at com.kms.katalon.core.main.TestCaseExecutor.runScript(TestCaseExecutor.java:448)
	at com.kms.katalon.core.main.TestCaseExecutor.doExecute(TestCaseExecutor.java:439)
	at com.kms.katalon.core.main.TestCaseExecutor.processExecutionPhase(TestCaseExecutor.java:418)
	at com.kms.katalon.core.main.TestCaseExecutor.accessMainPhase(TestCaseExecutor.java:410)
	at com.kms.katalon.core.main.TestCaseExecutor.execute(TestCaseExecutor.java:285)
	at com.kms.katalon.core.common.CommonExecutor.accessTestCaseMainPhase(CommonExecutor.java:65)
	at com.kms.katalon.core.main.TestSuiteExecutor.accessTestSuiteMainPhase(TestSuiteExecutor.java:150)
	at com.kms.katalon.core.main.TestSuiteExecutor.execute(TestSuiteExecutor.java:106)
	at com.kms.katalon.core.main.TestCaseMain.startTestSuite(TestCaseMain.java:180)
	at TempTestSuite1732729948317.run(TempTestSuite1732729948317.groovy:35)
	at java.base/jdk.internal.reflect.NativeMethodAccessorImpl.invoke0(Native Method)
	at java.base/jdk.internal.reflect.NativeMethodAccessorImpl.invoke(NativeMethodAccessorImpl.java:77)
	at java.base/jdk.internal.reflect.DelegatingMethodAccessorImpl.invoke(DelegatingMethodAccessorImpl.java:43)
Caused by: com.kms.katalon.core.exception.StepFailedException: Unable to click on object 'Object Repository/Principal/Page_Olva Courier  Home/button_CONTINUAR (2)'
	at com.kms.katalon.core.webui.keyword.internal.WebUIKeywordMain.stepFailed(WebUIKeywordMain.groovy:117)
	at com.kms.katalon.core.webui.keyword.internal.WebUIKeywordMain.runKeyword(WebUIKeywordMain.groovy:43)
	at com.kms.katalon.core.webui.keyword.builtin.ClickKeyword.click(ClickKeyword.groovy:74)
	at com.kms.katalon.core.webui.keyword.builtin.ClickKeyword.execute(ClickKeyword.groovy:40)
	at com.kms.katalon.core.keyword.internal.KeywordExecutor.executeKeywordForPlatform(KeywordExecutor.groovy:74)
	at com.kms.katalon.core.webui.keyword.WebUiBuiltInKeywords.click(WebUiBuiltInKeywords.groovy:659)
	at Selec_sobre.run(Selec_sobre:24)
	at com.kms.katalon.core.main.ScriptEngine.run(ScriptEngine.java:194)
	at com.kms.katalon.core.main.ScriptEngine.runScriptAsRawText(ScriptEngine.java:119)
	at com.kms.katalon.core.main.TestCaseExecutor.runScript(TestCaseExecutor.java:448)
	at com.kms.katalon.core.main.TestCaseExecutor.doExecute(TestCaseExecutor.java:439)
	at com.kms.katalon.core.main.TestCaseExecutor.processExecutionPhase(TestCaseExecutor.java:418)
	at com.kms.katalon.core.main.TestCaseExecutor.accessMainPhase(TestCaseExecutor.java:410)
	at com.kms.katalon.core.main.TestCaseExecutor.execute(TestCaseExecutor.java:285)
	at com.kms.katalon.core.main.TestCaseMain.runTestCase(TestCaseMain.java:137)
	at com.kms.katalon.core.keyword.builtin.CallTestCaseKeyword$_callTestCase_closure1.doCall(CallTestCaseKeyword.groovy:59)
	... 24 more
Caused by: org.openqa.selenium.ElementClickInterceptedException: Element <button id="btn_aceptar_tipo_envio" class="btn disabled" type="button"> is not clickable at point (675,588) because another element <div class="modal-footer"> obscures it
Build info: version: '3.141.59', revision: 'unknown', time: 'unknown'
System info: host: 'DESKTOP-RGFFP9A', ip: '10.136.10.6', os.name: 'Windows 11', os.arch: 'amd64', os.version: '10.0', java.version: '17.0.7'
Driver info: com.kms.katalon.core.webui.driver.firefox.CGeckoDriver
Capabilities {acceptInsecureCerts: true, browserName: firefox, browserVersion: 133.0, javascriptEnabled: true, moz:accessibilityChecks: false, moz:buildID: 20241121140525, moz:geckodriverVersion: 0.35.0, moz:headless: false, moz:platformVersion: 10.0, moz:processID: 6644, moz:profile: C:\Users\OLVATI\AppData\Loc..., moz:shutdownTimeout: 60000, moz:webdriverClick: true, moz:windowless: false, pageLoadStrategy: normal, platform: WINDOWS, platformName: WINDOWS, proxy: Proxy(direct), setWindowRect: true, strictFileInteractability: false, timeouts: {implicit: 0, pageLoad: 300000, script: 30000}, unhandledPromptBehavior: dismiss and notify, userAgent: Mozilla/5.0 (Windows NT 10....}
Session ID: 2fa58e6b-4cb2-4ca5-b056-47bb46f3c3d2
	at jdk.internal.reflect.GeneratedConstructorAccessor32.newInstance(Unknown Source)
	at java.base/jdk.internal.reflect.DelegatingConstructorAccessorImpl.newInstance(DelegatingConstructorAccessorImpl.java:45)
	at org.openqa.selenium.remote.http.W3CHttpResponseCodec.createException(W3CHttpResponseCodec.java:187)
	at org.openqa.selenium.remote.http.W3CHttpResponseCodec.decode(W3CHttpResponseCodec.java:122)
	at org.openqa.selenium.remote.http.W3CHttpResponseCodec.decode(W3CHttpResponseCodec.java:49)
	at org.openqa.selenium.remote.HttpCommandExecutor.execute(HttpCommandExecutor.java:158)
	at org.openqa.selenium.remote.service.DriverCommandExecutor.execute(DriverCommandExecutor.java:83)
	at org.openqa.selenium.remote.RemoteWebDriver.execute(RemoteWebDriver.java:552)
	at com.kms.katalon.selenium.driver.CFirefoxDriver.execute(CFirefoxDriver.java:28)
	at org.openqa.selenium.remote.RemoteWebElement.execute(RemoteWebElement.java:285)
	at org.openqa.selenium.remote.RemoteWebElement.click(RemoteWebElement.java:84)
	at jdk.internal.reflect.GeneratedMethodAccessor10.invoke(Unknown Source)
	at java.base/jdk.internal.reflect.DelegatingMethodAccessorImpl.invoke(DelegatingMethodAccessorImpl.java:43)
	at org.openqa.selenium.support.events.EventFiringWebDriver$EventFiringWebElement.lambda$new$0(EventFiringWebDriver.java:404)
	at jdk.proxy2/jdk.proxy2.$Proxy21.click(Unknown Source)
	at org.openqa.selenium.support.events.EventFiringWebDriver$EventFiringWebElement.click(EventFiringWebDriver.java:417)
	at org.openqa.selenium.WebElement$click.call(Unknown Source)
	at com.kms.katalon.core.webui.keyword.builtin.ClickKeyword.clickUntilSuccessWithTimeout(ClickKeyword.groovy:81)
	at com.kms.katalon.core.webui.keyword.builtin.ClickKeyword.clickUntilSuccessWithTimeout(ClickKeyword.groovy)
	at jdk.internal.reflect.GeneratedMethodAccessor8.invoke(Unknown Source)
	at java.base/jdk.internal.reflect.DelegatingMethodAccessorImpl.invoke(DelegatingMethodAccessorImpl.java:43)
	at com.kms.katalon.core.webui.keyword.builtin.ClickKeyword$_click_closure1.doCall(ClickKeyword.groovy:67)
	at com.kms.katalon.core.webui.keyword.builtin.ClickKeyword$_click_closure1.call(ClickKeyword.groovy)
	at com.kms.katalon.core.webui.keyword.internal.WebUIKeywordMain.runKeyword(WebUIKeywordMain.groovy:35)
	... 38 more
)

27-11-2024T13:30:01 - [TEST_CASE][FAILED] - Test Cases/1.Inicio/1.1Principal/Selec_sobre: Test Cases/1.Inicio/1.1Principal/Selec_sobre FAILED.
Reason:
com.kms.katalon.core.exception.StepFailedException: Unable to click on object 'Object Repository/Principal/Page_Olva Courier  Home/button_CONTINUAR (2)'
	at com.kms.katalon.core.webui.keyword.internal.WebUIKeywordMain.stepFailed(WebUIKeywordMain.groovy:117)
	at com.kms.katalon.core.webui.keyword.internal.WebUIKeywordMain.runKeyword(WebUIKeywordMain.groovy:43)
	at com.kms.katalon.core.webui.keyword.builtin.ClickKeyword.click(ClickKeyword.groovy:74)
	at com.kms.katalon.core.webui.keyword.builtin.ClickKeyword.execute(ClickKeyword.groovy:40)
	at com.kms.katalon.core.keyword.internal.KeywordExecutor.executeKeywordForPlatform(KeywordExecutor.groovy:74)
	at com.kms.katalon.core.webui.keyword.WebUiBuiltInKeywords.click(WebUiBuiltInKeywords.groovy:659)
	at Selec_sobre.run(Selec_sobre:24)
	at com.kms.katalon.core.main.ScriptEngine.run(ScriptEngine.java:194)
	at com.kms.katalon.core.main.ScriptEngine.runScriptAsRawText(ScriptEngine.java:119)
	at com.kms.katalon.core.main.TestCaseExecutor.runScript(TestCaseExecutor.java:448)
	at com.kms.katalon.core.main.TestCaseExecutor.doExecute(TestCaseExecutor.java:439)
	at com.kms.katalon.core.main.TestCaseExecutor.processExecutionPhase(TestCaseExecutor.java:418)
	at com.kms.katalon.core.main.TestCaseExecutor.accessMainPhase(TestCaseExecutor.java:410)
	at com.kms.katalon.core.main.TestCaseExecutor.execute(TestCaseExecutor.java:285)
	at com.kms.katalon.core.main.TestCaseMain.runTestCase(TestCaseMain.java:137)
	at com.kms.katalon.core.keyword.builtin.CallTestCaseKeyword$_callTestCase_closure1.doCall(CallTestCaseKeyword.groovy:59)
	at com.kms.katalon.core.keyword.builtin.CallTestCaseKeyword$_callTestCase_closure1.call(CallTestCaseKeyword.groovy)
	at com.kms.katalon.core.keyword.internal.KeywordMain.runKeyword(KeywordMain.groovy:75)
	at com.kms.katalon.core.keyword.builtin.CallTestCaseKeyword.callTestCase(CallTestCaseKeyword.groovy:81)
	at com.kms.katalon.core.keyword.builtin.CallTestCaseKeyword.execute(CallTestCaseKeyword.groovy:44)
	at com.kms.katalon.core.keyword.internal.KeywordExecutor.executeKeywordForPlatform(KeywordExecutor.groovy:74)
	at com.kms.katalon.core.keyword.BuiltinKeywords.callTestCase(BuiltinKeywords.groovy:310)
	at jdk.internal.reflect.GeneratedMethodAccessor25.invoke(Unknown Source)
	at java.base/jdk.internal.reflect.DelegatingMethodAccessorImpl.invoke(DelegatingMethodAccessorImpl.java:43)
	at EditarValorado.run(EditarValorado:22)
	at com.kms.katalon.core.main.ScriptEngine.run(ScriptEngine.java:194)
	at com.kms.katalon.core.main.ScriptEngine.runScriptAsRawText(ScriptEngine.java:119)
	at com.kms.katalon.core.main.TestCaseExecutor.runScript(TestCaseExecutor.java:448)
	at com.kms.katalon.core.main.TestCaseExecutor.doExecute(TestCaseExecutor.java:439)
	at com.kms.katalon.core.main.TestCaseExecutor.processExecutionPhase(TestCaseExecutor.java:418)
	at com.kms.katalon.core.main.TestCaseExecutor.accessMainPhase(TestCaseExecutor.java:410)
	at com.kms.katalon.core.main.TestCaseExecutor.execute(TestCaseExecutor.java:285)
	at com.kms.katalon.core.common.CommonExecutor.accessTestCaseMainPhase(CommonExecutor.java:65)
	at com.kms.katalon.core.main.TestSuiteExecutor.accessTestSuiteMainPhase(TestSuiteExecutor.java:150)
	at com.kms.katalon.core.main.TestSuiteExecutor.execute(TestSuiteExecutor.java:106)
	at com.kms.katalon.core.main.TestCaseMain.startTestSuite(TestCaseMain.java:180)
	at TempTestSuite1732729948317.run(TempTestSuite1732729948317.groovy:35)
	at java.base/jdk.internal.reflect.NativeMethodAccessorImpl.invoke0(Native Method)
	at java.base/jdk.internal.reflect.NativeMethodAccessorImpl.invoke(NativeMethodAccessorImpl.java:77)
	at java.base/jdk.internal.reflect.DelegatingMethodAccessorImpl.invoke(DelegatingMethodAccessorImpl.java:43)
Caused by: org.openqa.selenium.ElementClickInterceptedException: Element <button id="btn_aceptar_tipo_envio" class="btn disabled" type="button"> is not clickable at point (675,588) because another element <div class="modal-footer"> obscures it
Build info: version: '3.141.59', revision: 'unknown', time: 'unknown'
System info: host: 'DESKTOP-RGFFP9A', ip: '10.136.10.6', os.name: 'Windows 11', os.arch: 'amd64', os.version: '10.0', java.version: '17.0.7'
Driver info: com.kms.katalon.core.webui.driver.firefox.CGeckoDriver
Capabilities {acceptInsecureCerts: true, browserName: firefox, browserVersion: 133.0, javascriptEnabled: true, moz:accessibilityChecks: false, moz:buildID: 20241121140525, moz:geckodriverVersion: 0.35.0, moz:headless: false, moz:platformVersion: 10.0, moz:processID: 6644, moz:profile: C:\Users\OLVATI\AppData\Loc..., moz:shutdownTimeout: 60000, moz:webdriverClick: true, moz:windowless: false, pageLoadStrategy: normal, platform: WINDOWS, platformName: WINDOWS, proxy: Proxy(direct), setWindowRect: true, strictFileInteractability: false, timeouts: {implicit: 0, pageLoad: 300000, script: 30000}, unhandledPromptBehavior: dismiss and notify, userAgent: Mozilla/5.0 (Windows NT 10....}
Session ID: 2fa58e6b-4cb2-4ca5-b056-47bb46f3c3d2
	at jdk.internal.reflect.GeneratedConstructorAccessor32.newInstance(Unknown Source)
	at java.base/jdk.internal.reflect.DelegatingConstructorAccessorImpl.newInstance(DelegatingConstructorAccessorImpl.java:45)
	at org.openqa.selenium.remote.http.W3CHttpResponseCodec.createException(W3CHttpResponseCodec.java:187)
	at org.openqa.selenium.remote.http.W3CHttpResponseCodec.decode(W3CHttpResponseCodec.java:122)
	at org.openqa.selenium.remote.http.W3CHttpResponseCodec.decode(W3CHttpResponseCodec.java:49)
	at org.openqa.selenium.remote.HttpCommandExecutor.execute(HttpCommandExecutor.java:158)
	at org.openqa.selenium.remote.service.DriverCommandExecutor.execute(DriverCommandExecutor.java:83)
	at org.openqa.selenium.remote.RemoteWebDriver.execute(RemoteWebDriver.java:552)
	at com.kms.katalon.selenium.driver.CFirefoxDriver.execute(CFirefoxDriver.java:28)
	at org.openqa.selenium.remote.RemoteWebElement.execute(RemoteWebElement.java:285)
	at org.openqa.selenium.remote.RemoteWebElement.click(RemoteWebElement.java:84)
	at jdk.internal.reflect.GeneratedMethodAccessor10.invoke(Unknown Source)
	at java.base/jdk.internal.reflect.DelegatingMethodAccessorImpl.invoke(DelegatingMethodAccessorImpl.java:43)
	at org.openqa.selenium.support.events.EventFiringWebDriver$EventFiringWebElement.lambda$new$0(EventFiringWebDriver.java:404)
	at jdk.proxy2/jdk.proxy2.$Proxy21.click(Unknown Source)
	at org.openqa.selenium.support.events.EventFiringWebDriver$EventFiringWebElement.click(EventFiringWebDriver.java:417)
	at org.openqa.selenium.WebElement$click.call(Unknown Source)
	at com.kms.katalon.core.webui.keyword.builtin.ClickKeyword.clickUntilSuccessWithTimeout(ClickKeyword.groovy:81)
	at com.kms.katalon.core.webui.keyword.builtin.ClickKeyword.clickUntilSuccessWithTimeout(ClickKeyword.groovy)
	at jdk.internal.reflect.GeneratedMethodAccessor8.invoke(Unknown Source)
	at java.base/jdk.internal.reflect.DelegatingMethodAccessorImpl.invoke(DelegatingMethodAccessorImpl.java:43)
	at com.kms.katalon.core.webui.keyword.builtin.ClickKeyword$_click_closure1.doCall(ClickKeyword.groovy:67)
	at com.kms.katalon.core.webui.keyword.builtin.ClickKeyword$_click_closure1.call(ClickKeyword.groovy)
	at com.kms.katalon.core.webui.keyword.internal.WebUIKeywordMain.runKeyword(WebUIKeywordMain.groovy:35)
	... 38 more


27-11-2024T13:30:01 - [TEST_STEP][PASSED] - click(findTestObject("Object Repository/Principal/Page_Olva Courier  Home/img_Envo de cajas o paquetescon un peso mxi_37770f")): Object: 'Object Repository/Principal/Page_Olva Courier  Home/img_Envo de cajas o paquetescon un peso mxi_37770f' is clicked on

27-11-2024T13:30:01 - [MESSAGE][PASSED] - Object: 'Object Repository/Principal/Page_Olva Courier  Home/img_Envo de cajas o paquetescon un peso mxi_37770f' is clicked on

27-11-2024T13:30:01 - [TEST_STEP][PASSED] - click(findTestObject("Object Repository/Principal/Page_Olva Courier  Home/label_He ledo y acepto los trminos de uso y_adab65")): Object: 'Object Repository/Principal/Page_Olva Courier  Home/label_He ledo y acepto los trminos de uso y_adab65' is clicked on

27-11-2024T13:30:02 - [MESSAGE][PASSED] - Object: 'Object Repository/Principal/Page_Olva Courier  Home/label_He ledo y acepto los trminos de uso y_adab65' is clicked on

27-11-2024T13:30:02 - [TEST_STEP][FAILED] - click(findTestObject("Object Repository/Principal/Page_Olva Courier  Home/button_CONTINUAR (2)")): Unable to click on object 'Object Repository/Principal/Page_Olva Courier  Home/button_CONTINUAR (2)' (Root cause: com.kms.katalon.core.exception.StepFailedException: Unable to click on object 'Object Repository/Principal/Page_Olva Courier  Home/button_CONTINUAR (2)'
	at com.kms.katalon.core.webui.keyword.internal.WebUIKeywordMain.stepFailed(WebUIKeywordMain.groovy:117)
	at com.kms.katalon.core.webui.keyword.internal.WebUIKeywordMain.runKeyword(WebUIKeywordMain.groovy:43)
	at com.kms.katalon.core.webui.keyword.builtin.ClickKeyword.click(ClickKeyword.groovy:74)
	at com.kms.katalon.core.webui.keyword.builtin.ClickKeyword.execute(ClickKeyword.groovy:40)
	at com.kms.katalon.core.keyword.internal.KeywordExecutor.executeKeywordForPlatform(KeywordExecutor.groovy:74)
	at com.kms.katalon.core.webui.keyword.WebUiBuiltInKeywords.click(WebUiBuiltInKeywords.groovy:659)
	at Selec_sobre.run(Selec_sobre:24)
	at com.kms.katalon.core.main.ScriptEngine.run(ScriptEngine.java:194)
	at com.kms.katalon.core.main.ScriptEngine.runScriptAsRawText(ScriptEngine.java:119)
	at com.kms.katalon.core.main.TestCaseExecutor.runScript(TestCaseExecutor.java:448)
	at com.kms.katalon.core.main.TestCaseExecutor.doExecute(TestCaseExecutor.java:439)
	at com.kms.katalon.core.main.TestCaseExecutor.processExecutionPhase(TestCaseExecutor.java:418)
	at com.kms.katalon.core.main.TestCaseExecutor.accessMainPhase(TestCaseExecutor.java:410)
	at com.kms.katalon.core.main.TestCaseExecutor.execute(TestCaseExecutor.java:285)
	at com.kms.katalon.core.main.TestCaseMain.runTestCase(TestCaseMain.java:137)
	at com.kms.katalon.core.keyword.builtin.CallTestCaseKeyword$_callTestCase_closure1.doCall(CallTestCaseKeyword.groovy:59)
	at com.kms.katalon.core.keyword.builtin.CallTestCaseKeyword$_callTestCase_closure1.call(CallTestCaseKeyword.groovy)
	at com.kms.katalon.core.keyword.internal.KeywordMain.runKeyword(KeywordMain.groovy:75)
	at com.kms.katalon.core.keyword.builtin.CallTestCaseKeyword.callTestCase(CallTestCaseKeyword.groovy:81)
	at com.kms.katalon.core.keyword.builtin.CallTestCaseKeyword.execute(CallTestCaseKeyword.groovy:44)
	at com.kms.katalon.core.keyword.internal.KeywordExecutor.executeKeywordForPlatform(KeywordExecutor.groovy:74)
	at com.kms.katalon.core.keyword.BuiltinKeywords.callTestCase(BuiltinKeywords.groovy:310)
	at jdk.internal.reflect.GeneratedMethodAccessor25.invoke(Unknown Source)
	at java.base/jdk.internal.reflect.DelegatingMethodAccessorImpl.invoke(DelegatingMethodAccessorImpl.java:43)
	at EditarValorado.run(EditarValorado:22)
	at com.kms.katalon.core.main.ScriptEngine.run(ScriptEngine.java:194)
	at com.kms.katalon.core.main.ScriptEngine.runScriptAsRawText(ScriptEngine.java:119)
	at com.kms.katalon.core.main.TestCaseExecutor.runScript(TestCaseExecutor.java:448)
	at com.kms.katalon.core.main.TestCaseExecutor.doExecute(TestCaseExecutor.java:439)
	at com.kms.katalon.core.main.TestCaseExecutor.processExecutionPhase(TestCaseExecutor.java:418)
	at com.kms.katalon.core.main.TestCaseExecutor.accessMainPhase(TestCaseExecutor.java:410)
	at com.kms.katalon.core.main.TestCaseExecutor.execute(TestCaseExecutor.java:285)
	at com.kms.katalon.core.common.CommonExecutor.accessTestCaseMainPhase(CommonExecutor.java:65)
	at com.kms.katalon.core.main.TestSuiteExecutor.accessTestSuiteMainPhase(TestSuiteExecutor.java:150)
	at com.kms.katalon.core.main.TestSuiteExecutor.execute(TestSuiteExecutor.java:106)
	at com.kms.katalon.core.main.TestCaseMain.startTestSuite(TestCaseMain.java:180)
	at TempTestSuite1732729948317.run(TempTestSuite1732729948317.groovy:35)
	at java.base/jdk.internal.reflect.NativeMethodAccessorImpl.invoke0(Native Method)
	at java.base/jdk.internal.reflect.NativeMethodAccessorImpl.invoke(NativeMethodAccessorImpl.java:77)
	at java.base/jdk.internal.reflect.DelegatingMethodAccessorImpl.invoke(DelegatingMethodAccessorImpl.java:43)
Caused by: org.openqa.selenium.ElementClickInterceptedException: Element <button id="btn_aceptar_tipo_envio" class="btn disabled" type="button"> is not clickable at point (675,588) because another element <div class="modal-footer"> obscures it
Build info: version: '3.141.59', revision: 'unknown', time: 'unknown'
System info: host: 'DESKTOP-RGFFP9A', ip: '10.136.10.6', os.name: 'Windows 11', os.arch: 'amd64', os.version: '10.0', java.version: '17.0.7'
Driver info: com.kms.katalon.core.webui.driver.firefox.CGeckoDriver
Capabilities {acceptInsecureCerts: true, browserName: firefox, browserVersion: 133.0, javascriptEnabled: true, moz:accessibilityChecks: false, moz:buildID: 20241121140525, moz:geckodriverVersion: 0.35.0, moz:headless: false, moz:platformVersion: 10.0, moz:processID: 6644, moz:profile: C:\Users\OLVATI\AppData\Loc..., moz:shutdownTimeout: 60000, moz:webdriverClick: true, moz:windowless: false, pageLoadStrategy: normal, platform: WINDOWS, platformName: WINDOWS, proxy: Proxy(direct), setWindowRect: true, strictFileInteractability: false, timeouts: {implicit: 0, pageLoad: 300000, script: 30000}, unhandledPromptBehavior: dismiss and notify, userAgent: Mozilla/5.0 (Windows NT 10....}
Session ID: 2fa58e6b-4cb2-4ca5-b056-47bb46f3c3d2
	at jdk.internal.reflect.GeneratedConstructorAccessor32.newInstance(Unknown Source)
	at java.base/jdk.internal.reflect.DelegatingConstructorAccessorImpl.newInstance(DelegatingConstructorAccessorImpl.java:45)
	at org.openqa.selenium.remote.http.W3CHttpResponseCodec.createException(W3CHttpResponseCodec.java:187)
	at org.openqa.selenium.remote.http.W3CHttpResponseCodec.decode(W3CHttpResponseCodec.java:122)
	at org.openqa.selenium.remote.http.W3CHttpResponseCodec.decode(W3CHttpResponseCodec.java:49)
	at org.openqa.selenium.remote.HttpCommandExecutor.execute(HttpCommandExecutor.java:158)
	at org.openqa.selenium.remote.service.DriverCommandExecutor.execute(DriverCommandExecutor.java:83)
	at org.openqa.selenium.remote.RemoteWebDriver.execute(RemoteWebDriver.java:552)
	at com.kms.katalon.selenium.driver.CFirefoxDriver.execute(CFirefoxDriver.java:28)
	at org.openqa.selenium.remote.RemoteWebElement.execute(RemoteWebElement.java:285)
	at org.openqa.selenium.remote.RemoteWebElement.click(RemoteWebElement.java:84)
	at jdk.internal.reflect.GeneratedMethodAccessor10.invoke(Unknown Source)
	at java.base/jdk.internal.reflect.DelegatingMethodAccessorImpl.invoke(DelegatingMethodAccessorImpl.java:43)
	at org.openqa.selenium.support.events.EventFiringWebDriver$EventFiringWebElement.lambda$new$0(EventFiringWebDriver.java:404)
	at jdk.proxy2/jdk.proxy2.$Proxy21.click(Unknown Source)
	at org.openqa.selenium.support.events.EventFiringWebDriver$EventFiringWebElement.click(EventFiringWebDriver.java:417)
	at org.openqa.selenium.WebElement$click.call(Unknown Source)
	at com.kms.katalon.core.webui.keyword.builtin.ClickKeyword.clickUntilSuccessWithTimeout(ClickKeyword.groovy:81)
	at com.kms.katalon.core.webui.keyword.builtin.ClickKeyword.clickUntilSuccessWithTimeout(ClickKeyword.groovy)
	at jdk.internal.reflect.GeneratedMethodAccessor8.invoke(Unknown Source)
	at java.base/jdk.internal.reflect.DelegatingMethodAccessorImpl.invoke(DelegatingMethodAccessorImpl.java:43)
	at com.kms.katalon.core.webui.keyword.builtin.ClickKeyword$_click_closure1.doCall(ClickKeyword.groovy:67)
	at com.kms.katalon.core.webui.keyword.builtin.ClickKeyword$_click_closure1.call(ClickKeyword.groovy)
	at com.kms.katalon.core.webui.keyword.internal.WebUIKeywordMain.runKeyword(WebUIKeywordMain.groovy:35)
	at com.kms.katalon.core.webui.keyword.builtin.ClickKeyword.click(ClickKeyword.groovy:74)
	at com.kms.katalon.core.webui.keyword.builtin.ClickKeyword.execute(ClickKeyword.groovy:40)
	at com.kms.katalon.core.keyword.internal.KeywordExecutor.executeKeywordForPlatform(KeywordExecutor.groovy:74)
	at com.kms.katalon.core.webui.keyword.WebUiBuiltInKeywords.click(WebUiBuiltInKeywords.groovy:659)
	at Script1732083570761.run(Script1732083570761.groovy:24)
	at com.kms.katalon.core.main.ScriptEngine.run(ScriptEngine.java:194)
	at com.kms.katalon.core.main.ScriptEngine.runScriptAsRawText(ScriptEngine.java:119)
	at com.kms.katalon.core.main.TestCaseExecutor.runScript(TestCaseExecutor.java:448)
	at com.kms.katalon.core.main.TestCaseExecutor.doExecute(TestCaseExecutor.java:439)
	at com.kms.katalon.core.main.TestCaseExecutor.processExecutionPhase(TestCaseExecutor.java:418)
	at com.kms.katalon.core.main.TestCaseExecutor.accessMainPhase(TestCaseExecutor.java:410)
	at com.kms.katalon.core.main.TestCaseExecutor.execute(TestCaseExecutor.java:285)
	at com.kms.katalon.core.main.TestCaseMain.runTestCase(TestCaseMain.java:137)
	at com.kms.katalon.core.keyword.builtin.CallTestCaseKeyword$_callTestCase_closure1.doCall(CallTestCaseKeyword.groovy:59)
	at com.kms.katalon.core.keyword.builtin.CallTestCaseKeyword$_callTestCase_closure1.call(CallTestCaseKeyword.groovy)
	at com.kms.katalon.core.keyword.internal.KeywordMain.runKeyword(KeywordMain.groovy:75)
	at com.kms.katalon.core.keyword.builtin.CallTestCaseKeyword.callTestCase(CallTestCaseKeyword.groovy:81)
	at com.kms.katalon.core.keyword.builtin.CallTestCaseKeyword.execute(CallTestCaseKeyword.groovy:44)
	at com.kms.katalon.core.keyword.internal.KeywordExecutor.executeKeywordForPlatform(KeywordExecutor.groovy:74)
	at com.kms.katalon.core.keyword.BuiltinKeywords.callTestCase(BuiltinKeywords.groovy:310)
	at jdk.internal.reflect.GeneratedMethodAccessor25.invoke(Unknown Source)
	at java.base/jdk.internal.reflect.DelegatingMethodAccessorImpl.invoke(DelegatingMethodAccessorImpl.java:43)
	at Script1732341473555.run(Script1732341473555.groovy:22)
	... 15 more
)

27-11-2024T13:30:33 - [MESSAGE][FAILED] - Unable to click on object 'Object Repository/Principal/Page_Olva Courier  Home/button_CONTINUAR (2)' (Root cause: com.kms.katalon.core.exception.StepFailedException: Unable to click on object 'Object Repository/Principal/Page_Olva Courier  Home/button_CONTINUAR (2)'
	at com.kms.katalon.core.webui.keyword.internal.WebUIKeywordMain.stepFailed(WebUIKeywordMain.groovy:117)
	at com.kms.katalon.core.webui.keyword.internal.WebUIKeywordMain.runKeyword(WebUIKeywordMain.groovy:43)
	at com.kms.katalon.core.webui.keyword.builtin.ClickKeyword.click(ClickKeyword.groovy:74)
	at com.kms.katalon.core.webui.keyword.builtin.ClickKeyword.execute(ClickKeyword.groovy:40)
	at com.kms.katalon.core.keyword.internal.KeywordExecutor.executeKeywordForPlatform(KeywordExecutor.groovy:74)
	at com.kms.katalon.core.webui.keyword.WebUiBuiltInKeywords.click(WebUiBuiltInKeywords.groovy:659)
	at Selec_sobre.run(Selec_sobre:24)
	at com.kms.katalon.core.main.ScriptEngine.run(ScriptEngine.java:194)
	at com.kms.katalon.core.main.ScriptEngine.runScriptAsRawText(ScriptEngine.java:119)
	at com.kms.katalon.core.main.TestCaseExecutor.runScript(TestCaseExecutor.java:448)
	at com.kms.katalon.core.main.TestCaseExecutor.doExecute(TestCaseExecutor.java:439)
	at com.kms.katalon.core.main.TestCaseExecutor.processExecutionPhase(TestCaseExecutor.java:418)
	at com.kms.katalon.core.main.TestCaseExecutor.accessMainPhase(TestCaseExecutor.java:410)
	at com.kms.katalon.core.main.TestCaseExecutor.execute(TestCaseExecutor.java:285)
	at com.kms.katalon.core.main.TestCaseMain.runTestCase(TestCaseMain.java:137)
	at com.kms.katalon.core.keyword.builtin.CallTestCaseKeyword$_callTestCase_closure1.doCall(CallTestCaseKeyword.groovy:59)
	at com.kms.katalon.core.keyword.builtin.CallTestCaseKeyword$_callTestCase_closure1.call(CallTestCaseKeyword.groovy)
	at com.kms.katalon.core.keyword.internal.KeywordMain.runKeyword(KeywordMain.groovy:75)
	at com.kms.katalon.core.keyword.builtin.CallTestCaseKeyword.callTestCase(CallTestCaseKeyword.groovy:81)
	at com.kms.katalon.core.keyword.builtin.CallTestCaseKeyword.execute(CallTestCaseKeyword.groovy:44)
	at com.kms.katalon.core.keyword.internal.KeywordExecutor.executeKeywordForPlatform(KeywordExecutor.groovy:74)
	at com.kms.katalon.core.keyword.BuiltinKeywords.callTestCase(BuiltinKeywords.groovy:310)
	at jdk.internal.reflect.GeneratedMethodAccessor25.invoke(Unknown Source)
	at java.base/jdk.internal.reflect.DelegatingMethodAccessorImpl.invoke(DelegatingMethodAccessorImpl.java:43)
	at EditarValorado.run(EditarValorado:22)
	at com.kms.katalon.core.main.ScriptEngine.run(ScriptEngine.java:194)
	at com.kms.katalon.core.main.ScriptEngine.runScriptAsRawText(ScriptEngine.java:119)
	at com.kms.katalon.core.main.TestCaseExecutor.runScript(TestCaseExecutor.java:448)
	at com.kms.katalon.core.main.TestCaseExecutor.doExecute(TestCaseExecutor.java:439)
	at com.kms.katalon.core.main.TestCaseExecutor.processExecutionPhase(TestCaseExecutor.java:418)
	at com.kms.katalon.core.main.TestCaseExecutor.accessMainPhase(TestCaseExecutor.java:410)
	at com.kms.katalon.core.main.TestCaseExecutor.execute(TestCaseExecutor.java:285)
	at com.kms.katalon.core.common.CommonExecutor.accessTestCaseMainPhase(CommonExecutor.java:65)
	at com.kms.katalon.core.main.TestSuiteExecutor.accessTestSuiteMainPhase(TestSuiteExecutor.java:150)
	at com.kms.katalon.core.main.TestSuiteExecutor.execute(TestSuiteExecutor.java:106)
	at com.kms.katalon.core.main.TestCaseMain.startTestSuite(TestCaseMain.java:180)
	at TempTestSuite1732729948317.run(TempTestSuite1732729948317.groovy:35)
	at java.base/jdk.internal.reflect.NativeMethodAccessorImpl.invoke0(Native Method)
	at java.base/jdk.internal.reflect.NativeMethodAccessorImpl.invoke(NativeMethodAccessorImpl.java:77)
	at java.base/jdk.internal.reflect.DelegatingMethodAccessorImpl.invoke(DelegatingMethodAccessorImpl.java:43)
Caused by: org.openqa.selenium.ElementClickInterceptedException: Element <button id="btn_aceptar_tipo_envio" class="btn disabled" type="button"> is not clickable at point (675,588) because another element <div class="modal-footer"> obscures it
Build info: version: '3.141.59', revision: 'unknown', time: 'unknown'
System info: host: 'DESKTOP-RGFFP9A', ip: '10.136.10.6', os.name: 'Windows 11', os.arch: 'amd64', os.version: '10.0', java.version: '17.0.7'
Driver info: com.kms.katalon.core.webui.driver.firefox.CGeckoDriver
Capabilities {acceptInsecureCerts: true, browserName: firefox, browserVersion: 133.0, javascriptEnabled: true, moz:accessibilityChecks: false, moz:buildID: 20241121140525, moz:geckodriverVersion: 0.35.0, moz:headless: false, moz:platformVersion: 10.0, moz:processID: 6644, moz:profile: C:\Users\OLVATI\AppData\Loc..., moz:shutdownTimeout: 60000, moz:webdriverClick: true, moz:windowless: false, pageLoadStrategy: normal, platform: WINDOWS, platformName: WINDOWS, proxy: Proxy(direct), setWindowRect: true, strictFileInteractability: false, timeouts: {implicit: 0, pageLoad: 300000, script: 30000}, unhandledPromptBehavior: dismiss and notify, userAgent: Mozilla/5.0 (Windows NT 10....}
Session ID: 2fa58e6b-4cb2-4ca5-b056-47bb46f3c3d2
	at jdk.internal.reflect.GeneratedConstructorAccessor32.newInstance(Unknown Source)
	at java.base/jdk.internal.reflect.DelegatingConstructorAccessorImpl.newInstance(DelegatingConstructorAccessorImpl.java:45)
	at org.openqa.selenium.remote.http.W3CHttpResponseCodec.createException(W3CHttpResponseCodec.java:187)
	at org.openqa.selenium.remote.http.W3CHttpResponseCodec.decode(W3CHttpResponseCodec.java:122)
	at org.openqa.selenium.remote.http.W3CHttpResponseCodec.decode(W3CHttpResponseCodec.java:49)
	at org.openqa.selenium.remote.HttpCommandExecutor.execute(HttpCommandExecutor.java:158)
	at org.openqa.selenium.remote.service.DriverCommandExecutor.execute(DriverCommandExecutor.java:83)
	at org.openqa.selenium.remote.RemoteWebDriver.execute(RemoteWebDriver.java:552)
	at com.kms.katalon.selenium.driver.CFirefoxDriver.execute(CFirefoxDriver.java:28)
	at org.openqa.selenium.remote.RemoteWebElement.execute(RemoteWebElement.java:285)
	at org.openqa.selenium.remote.RemoteWebElement.click(RemoteWebElement.java:84)
	at jdk.internal.reflect.GeneratedMethodAccessor10.invoke(Unknown Source)
	at java.base/jdk.internal.reflect.DelegatingMethodAccessorImpl.invoke(DelegatingMethodAccessorImpl.java:43)
	at org.openqa.selenium.support.events.EventFiringWebDriver$EventFiringWebElement.lambda$new$0(EventFiringWebDriver.java:404)
	at jdk.proxy2/jdk.proxy2.$Proxy21.click(Unknown Source)
	at org.openqa.selenium.support.events.EventFiringWebDriver$EventFiringWebElement.click(EventFiringWebDriver.java:417)
	at org.openqa.selenium.WebElement$click.call(Unknown Source)
	at com.kms.katalon.core.webui.keyword.builtin.ClickKeyword.clickUntilSuccessWithTimeout(ClickKeyword.groovy:81)
	at com.kms.katalon.core.webui.keyword.builtin.ClickKeyword.clickUntilSuccessWithTimeout(ClickKeyword.groovy)
	at jdk.internal.reflect.GeneratedMethodAccessor8.invoke(Unknown Source)
	at java.base/jdk.internal.reflect.DelegatingMethodAccessorImpl.invoke(DelegatingMethodAccessorImpl.java:43)
	at com.kms.katalon.core.webui.keyword.builtin.ClickKeyword$_click_closure1.doCall(ClickKeyword.groovy:67)
	at com.kms.katalon.core.webui.keyword.builtin.ClickKeyword$_click_closure1.call(ClickKeyword.groovy)
	at com.kms.katalon.core.webui.keyword.internal.WebUIKeywordMain.runKeyword(WebUIKeywordMain.groovy:35)
	at com.kms.katalon.core.webui.keyword.builtin.ClickKeyword.click(ClickKeyword.groovy:74)
	at com.kms.katalon.core.webui.keyword.builtin.ClickKeyword.execute(ClickKeyword.groovy:40)
	at com.kms.katalon.core.keyword.internal.KeywordExecutor.executeKeywordForPlatform(KeywordExecutor.groovy:74)
	at com.kms.katalon.core.webui.keyword.WebUiBuiltInKeywords.click(WebUiBuiltInKeywords.groovy:659)
	at Script1732083570761.run(Script1732083570761.groovy:24)
	at com.kms.katalon.core.main.ScriptEngine.run(ScriptEngine.java:194)
	at com.kms.katalon.core.main.ScriptEngine.runScriptAsRawText(ScriptEngine.java:119)
	at com.kms.katalon.core.main.TestCaseExecutor.runScript(TestCaseExecutor.java:448)
	at com.kms.katalon.core.main.TestCaseExecutor.doExecute(TestCaseExecutor.java:439)
	at com.kms.katalon.core.main.TestCaseExecutor.processExecutionPhase(TestCaseExecutor.java:418)
	at com.kms.katalon.core.main.TestCaseExecutor.accessMainPhase(TestCaseExecutor.java:410)
	at com.kms.katalon.core.main.TestCaseExecutor.execute(TestCaseExecutor.java:285)
	at com.kms.katalon.core.main.TestCaseMain.runTestCase(TestCaseMain.java:137)
	at com.kms.katalon.core.keyword.builtin.CallTestCaseKeyword$_callTestCase_closure1.doCall(CallTestCaseKeyword.groovy:59)
	at com.kms.katalon.core.keyword.builtin.CallTestCaseKeyword$_callTestCase_closure1.call(CallTestCaseKeyword.groovy)
	at com.kms.katalon.core.keyword.internal.KeywordMain.runKeyword(KeywordMain.groovy:75)
	at com.kms.katalon.core.keyword.builtin.CallTestCaseKeyword.callTestCase(CallTestCaseKeyword.groovy:81)
	at com.kms.katalon.core.keyword.builtin.CallTestCaseKeyword.execute(CallTestCaseKeyword.groovy:44)
	at com.kms.katalon.core.keyword.internal.KeywordExecutor.executeKeywordForPlatform(KeywordExecutor.groovy:74)
	at com.kms.katalon.core.keyword.BuiltinKeywords.callTestCase(BuiltinKeywords.groovy:310)
	at jdk.internal.reflect.GeneratedMethodAccessor25.invoke(Unknown Source)
	at java.base/jdk.internal.reflect.DelegatingMethodAccessorImpl.invoke(DelegatingMethodAccessorImpl.java:43)
	at Script1732341473555.run(Script1732341473555.groovy:22)
	... 15 more
)

27-11-2024T13:30:33 - [MESSAGE][FAILED] - Unable to call Test Case 'Test Cases/1.Inicio/1.1Principal/Selec_sobre' (Root cause: com.kms.katalon.core.exception.StepFailedException: Call Test Case 'Test Cases/1.Inicio/1.1Principal/Selec_sobre' failed
	at com.kms.katalon.core.keyword.builtin.CallTestCaseKeyword$_callTestCase_closure1.doCall(CallTestCaseKeyword.groovy:63)
	at com.kms.katalon.core.keyword.builtin.CallTestCaseKeyword$_callTestCase_closure1.call(CallTestCaseKeyword.groovy)
	at com.kms.katalon.core.keyword.internal.KeywordMain.runKeyword(KeywordMain.groovy:75)
	at com.kms.katalon.core.keyword.builtin.CallTestCaseKeyword.callTestCase(CallTestCaseKeyword.groovy:81)
	at com.kms.katalon.core.keyword.builtin.CallTestCaseKeyword.execute(CallTestCaseKeyword.groovy:44)
	at com.kms.katalon.core.keyword.internal.KeywordExecutor.executeKeywordForPlatform(KeywordExecutor.groovy:74)
	at com.kms.katalon.core.keyword.BuiltinKeywords.callTestCase(BuiltinKeywords.groovy:310)
	at jdk.internal.reflect.GeneratedMethodAccessor25.invoke(Unknown Source)
	at java.base/jdk.internal.reflect.DelegatingMethodAccessorImpl.invoke(DelegatingMethodAccessorImpl.java:43)
	at EditarValorado.run(EditarValorado:22)
	at com.kms.katalon.core.main.ScriptEngine.run(ScriptEngine.java:194)
	at com.kms.katalon.core.main.ScriptEngine.runScriptAsRawText(ScriptEngine.java:119)
	at com.kms.katalon.core.main.TestCaseExecutor.runScript(TestCaseExecutor.java:448)
	at com.kms.katalon.core.main.TestCaseExecutor.doExecute(TestCaseExecutor.java:439)
	at com.kms.katalon.core.main.TestCaseExecutor.processExecutionPhase(TestCaseExecutor.java:418)
	at com.kms.katalon.core.main.TestCaseExecutor.accessMainPhase(TestCaseExecutor.java:410)
	at com.kms.katalon.core.main.TestCaseExecutor.execute(TestCaseExecutor.java:285)
	at com.kms.katalon.core.common.CommonExecutor.accessTestCaseMainPhase(CommonExecutor.java:65)
	at com.kms.katalon.core.main.TestSuiteExecutor.accessTestSuiteMainPhase(TestSuiteExecutor.java:150)
	at com.kms.katalon.core.main.TestSuiteExecutor.execute(TestSuiteExecutor.java:106)
	at com.kms.katalon.core.main.TestCaseMain.startTestSuite(TestCaseMain.java:180)
	at TempTestSuite1732729948317.run(TempTestSuite1732729948317.groovy:35)
	at java.base/jdk.internal.reflect.NativeMethodAccessorImpl.invoke0(Native Method)
	at java.base/jdk.internal.reflect.NativeMethodAccessorImpl.invoke(NativeMethodAccessorImpl.java:77)
	at java.base/jdk.internal.reflect.DelegatingMethodAccessorImpl.invoke(DelegatingMethodAccessorImpl.java:43)
Caused by: com.kms.katalon.core.exception.StepFailedException: Unable to click on object 'Object Repository/Principal/Page_Olva Courier  Home/button_CONTINUAR (2)'
	at com.kms.katalon.core.webui.keyword.internal.WebUIKeywordMain.stepFailed(WebUIKeywordMain.groovy:117)
	at com.kms.katalon.core.webui.keyword.internal.WebUIKeywordMain.runKeyword(WebUIKeywordMain.groovy:43)
	at com.kms.katalon.core.webui.keyword.builtin.ClickKeyword.click(ClickKeyword.groovy:74)
	at com.kms.katalon.core.webui.keyword.builtin.ClickKeyword.execute(ClickKeyword.groovy:40)
	at com.kms.katalon.core.keyword.internal.KeywordExecutor.executeKeywordForPlatform(KeywordExecutor.groovy:74)
	at com.kms.katalon.core.webui.keyword.WebUiBuiltInKeywords.click(WebUiBuiltInKeywords.groovy:659)
	at Selec_sobre.run(Selec_sobre:24)
	at com.kms.katalon.core.main.ScriptEngine.run(ScriptEngine.java:194)
	at com.kms.katalon.core.main.ScriptEngine.runScriptAsRawText(ScriptEngine.java:119)
	at com.kms.katalon.core.main.TestCaseExecutor.runScript(TestCaseExecutor.java:448)
	at com.kms.katalon.core.main.TestCaseExecutor.doExecute(TestCaseExecutor.java:439)
	at com.kms.katalon.core.main.TestCaseExecutor.processExecutionPhase(TestCaseExecutor.java:418)
	at com.kms.katalon.core.main.TestCaseExecutor.accessMainPhase(TestCaseExecutor.java:410)
	at com.kms.katalon.core.main.TestCaseExecutor.execute(TestCaseExecutor.java:285)
	at com.kms.katalon.core.main.TestCaseMain.runTestCase(TestCaseMain.java:137)
	at com.kms.katalon.core.keyword.builtin.CallTestCaseKeyword$_callTestCase_closure1.doCall(CallTestCaseKeyword.groovy:59)
	... 24 more
Caused by: org.openqa.selenium.ElementClickInterceptedException: Element <button id="btn_aceptar_tipo_envio" class="btn disabled" type="button"> is not clickable at point (675,588) because another element <div class="modal-footer"> obscures it
Build info: version: '3.141.59', revision: 'unknown', time: 'unknown'
System info: host: 'DESKTOP-RGFFP9A', ip: '10.136.10.6', os.name: 'Windows 11', os.arch: 'amd64', os.version: '10.0', java.version: '17.0.7'
Driver info: com.kms.katalon.core.webui.driver.firefox.CGeckoDriver
Capabilities {acceptInsecureCerts: true, browserName: firefox, browserVersion: 133.0, javascriptEnabled: true, moz:accessibilityChecks: false, moz:buildID: 20241121140525, moz:geckodriverVersion: 0.35.0, moz:headless: false, moz:platformVersion: 10.0, moz:processID: 6644, moz:profile: C:\Users\OLVATI\AppData\Loc..., moz:shutdownTimeout: 60000, moz:webdriverClick: true, moz:windowless: false, pageLoadStrategy: normal, platform: WINDOWS, platformName: WINDOWS, proxy: Proxy(direct), setWindowRect: true, strictFileInteractability: false, timeouts: {implicit: 0, pageLoad: 300000, script: 30000}, unhandledPromptBehavior: dismiss and notify, userAgent: Mozilla/5.0 (Windows NT 10....}
Session ID: 2fa58e6b-4cb2-4ca5-b056-47bb46f3c3d2
	at jdk.internal.reflect.GeneratedConstructorAccessor32.newInstance(Unknown Source)
	at java.base/jdk.internal.reflect.DelegatingConstructorAccessorImpl.newInstance(DelegatingConstructorAccessorImpl.java:45)
	at org.openqa.selenium.remote.http.W3CHttpResponseCodec.createException(W3CHttpResponseCodec.java:187)
	at org.openqa.selenium.remote.http.W3CHttpResponseCodec.decode(W3CHttpResponseCodec.java:122)
	at org.openqa.selenium.remote.http.W3CHttpResponseCodec.decode(W3CHttpResponseCodec.java:49)
	at org.openqa.selenium.remote.HttpCommandExecutor.execute(HttpCommandExecutor.java:158)
	at org.openqa.selenium.remote.service.DriverCommandExecutor.execute(DriverCommandExecutor.java:83)
	at org.openqa.selenium.remote.RemoteWebDriver.execute(RemoteWebDriver.java:552)
	at com.kms.katalon.selenium.driver.CFirefoxDriver.execute(CFirefoxDriver.java:28)
	at org.openqa.selenium.remote.RemoteWebElement.execute(RemoteWebElement.java:285)
	at org.openqa.selenium.remote.RemoteWebElement.click(RemoteWebElement.java:84)
	at jdk.internal.reflect.GeneratedMethodAccessor10.invoke(Unknown Source)
	at java.base/jdk.internal.reflect.DelegatingMethodAccessorImpl.invoke(DelegatingMethodAccessorImpl.java:43)
	at org.openqa.selenium.support.events.EventFiringWebDriver$EventFiringWebElement.lambda$new$0(EventFiringWebDriver.java:404)
	at jdk.proxy2/jdk.proxy2.$Proxy21.click(Unknown Source)
	at org.openqa.selenium.support.events.EventFiringWebDriver$EventFiringWebElement.click(EventFiringWebDriver.java:417)
	at org.openqa.selenium.WebElement$click.call(Unknown Source)
	at com.kms.katalon.core.webui.keyword.builtin.ClickKeyword.clickUntilSuccessWithTimeout(ClickKeyword.groovy:81)
	at com.kms.katalon.core.webui.keyword.builtin.ClickKeyword.clickUntilSuccessWithTimeout(ClickKeyword.groovy)
	at jdk.internal.reflect.GeneratedMethodAccessor8.invoke(Unknown Source)
	at java.base/jdk.internal.reflect.DelegatingMethodAccessorImpl.invoke(DelegatingMethodAccessorImpl.java:43)
	at com.kms.katalon.core.webui.keyword.builtin.ClickKeyword$_click_closure1.doCall(ClickKeyword.groovy:67)
	at com.kms.katalon.core.webui.keyword.builtin.ClickKeyword$_click_closure1.call(ClickKeyword.groovy)
	at com.kms.katalon.core.webui.keyword.internal.WebUIKeywordMain.runKeyword(WebUIKeywordMain.groovy:35)
	... 38 more
)]]></system-out>
         <system-err><![CDATA[27-11-2024T13:29:52 - [TEST_CASE][FAILED] - Test Cases/2.Positivos/2.2Sobre/Origen-Provincia/2.Valorado/Entrega_Domicilio/EditarValorado: Test Cases/2.Positivos/2.2Sobre/Origen-Provincia/2.Valorado/Entrega_Domicilio/EditarValorado FAILED.
Reason:
com.kms.katalon.core.exception.StepFailedException: Call Test Case 'Test Cases/1.Inicio/1.1Principal/Selec_sobre' failed
	at com.kms.katalon.core.keyword.builtin.CallTestCaseKeyword$_callTestCase_closure1.doCall(CallTestCaseKeyword.groovy:63)
	at com.kms.katalon.core.keyword.builtin.CallTestCaseKeyword$_callTestCase_closure1.call(CallTestCaseKeyword.groovy)
	at com.kms.katalon.core.keyword.internal.KeywordMain.runKeyword(KeywordMain.groovy:75)
	at com.kms.katalon.core.keyword.builtin.CallTestCaseKeyword.callTestCase(CallTestCaseKeyword.groovy:81)
	at com.kms.katalon.core.keyword.builtin.CallTestCaseKeyword.execute(CallTestCaseKeyword.groovy:44)
	at com.kms.katalon.core.keyword.internal.KeywordExecutor.executeKeywordForPlatform(KeywordExecutor.groovy:74)
	at com.kms.katalon.core.keyword.BuiltinKeywords.callTestCase(BuiltinKeywords.groovy:310)
	at jdk.internal.reflect.GeneratedMethodAccessor25.invoke(Unknown Source)
	at java.base/jdk.internal.reflect.DelegatingMethodAccessorImpl.invoke(DelegatingMethodAccessorImpl.java:43)
	at EditarValorado.run(EditarValorado:22)
	at com.kms.katalon.core.main.ScriptEngine.run(ScriptEngine.java:194)
	at com.kms.katalon.core.main.ScriptEngine.runScriptAsRawText(ScriptEngine.java:119)
	at com.kms.katalon.core.main.TestCaseExecutor.runScript(TestCaseExecutor.java:448)
	at com.kms.katalon.core.main.TestCaseExecutor.doExecute(TestCaseExecutor.java:439)
	at com.kms.katalon.core.main.TestCaseExecutor.processExecutionPhase(TestCaseExecutor.java:418)
	at com.kms.katalon.core.main.TestCaseExecutor.accessMainPhase(TestCaseExecutor.java:410)
	at com.kms.katalon.core.main.TestCaseExecutor.execute(TestCaseExecutor.java:285)
	at com.kms.katalon.core.common.CommonExecutor.accessTestCaseMainPhase(CommonExecutor.java:65)
	at com.kms.katalon.core.main.TestSuiteExecutor.accessTestSuiteMainPhase(TestSuiteExecutor.java:150)
	at com.kms.katalon.core.main.TestSuiteExecutor.execute(TestSuiteExecutor.java:106)
	at com.kms.katalon.core.main.TestCaseMain.startTestSuite(TestCaseMain.java:180)
	at TempTestSuite1732729948317.run(TempTestSuite1732729948317.groovy:35)
	at java.base/jdk.internal.reflect.NativeMethodAccessorImpl.invoke0(Native Method)
	at java.base/jdk.internal.reflect.NativeMethodAccessorImpl.invoke(NativeMethodAccessorImpl.java:77)
	at java.base/jdk.internal.reflect.DelegatingMethodAccessorImpl.invoke(DelegatingMethodAccessorImpl.java:43)
Caused by: com.kms.katalon.core.exception.StepFailedException: Unable to click on object 'Object Repository/Principal/Page_Olva Courier  Home/button_CONTINUAR (2)'
	at com.kms.katalon.core.webui.keyword.internal.WebUIKeywordMain.stepFailed(WebUIKeywordMain.groovy:117)
	at com.kms.katalon.core.webui.keyword.internal.WebUIKeywordMain.runKeyword(WebUIKeywordMain.groovy:43)
	at com.kms.katalon.core.webui.keyword.builtin.ClickKeyword.click(ClickKeyword.groovy:74)
	at com.kms.katalon.core.webui.keyword.builtin.ClickKeyword.execute(ClickKeyword.groovy:40)
	at com.kms.katalon.core.keyword.internal.KeywordExecutor.executeKeywordForPlatform(KeywordExecutor.groovy:74)
	at com.kms.katalon.core.webui.keyword.WebUiBuiltInKeywords.click(WebUiBuiltInKeywords.groovy:659)
	at Selec_sobre.run(Selec_sobre:24)
	at com.kms.katalon.core.main.ScriptEngine.run(ScriptEngine.java:194)
	at com.kms.katalon.core.main.ScriptEngine.runScriptAsRawText(ScriptEngine.java:119)
	at com.kms.katalon.core.main.TestCaseExecutor.runScript(TestCaseExecutor.java:448)
	at com.kms.katalon.core.main.TestCaseExecutor.doExecute(TestCaseExecutor.java:439)
	at com.kms.katalon.core.main.TestCaseExecutor.processExecutionPhase(TestCaseExecutor.java:418)
	at com.kms.katalon.core.main.TestCaseExecutor.accessMainPhase(TestCaseExecutor.java:410)
	at com.kms.katalon.core.main.TestCaseExecutor.execute(TestCaseExecutor.java:285)
	at com.kms.katalon.core.main.TestCaseMain.runTestCase(TestCaseMain.java:137)
	at com.kms.katalon.core.keyword.builtin.CallTestCaseKeyword$_callTestCase_closure1.doCall(CallTestCaseKeyword.groovy:59)
	... 24 more
Caused by: org.openqa.selenium.ElementClickInterceptedException: Element <button id="btn_aceptar_tipo_envio" class="btn disabled" type="button"> is not clickable at point (675,588) because another element <div class="modal-footer"> obscures it
Build info: version: '3.141.59', revision: 'unknown', time: 'unknown'
System info: host: 'DESKTOP-RGFFP9A', ip: '10.136.10.6', os.name: 'Windows 11', os.arch: 'amd64', os.version: '10.0', java.version: '17.0.7'
Driver info: com.kms.katalon.core.webui.driver.firefox.CGeckoDriver
Capabilities {acceptInsecureCerts: true, browserName: firefox, browserVersion: 133.0, javascriptEnabled: true, moz:accessibilityChecks: false, moz:buildID: 20241121140525, moz:geckodriverVersion: 0.35.0, moz:headless: false, moz:platformVersion: 10.0, moz:processID: 6644, moz:profile: C:\Users\OLVATI\AppData\Loc..., moz:shutdownTimeout: 60000, moz:webdriverClick: true, moz:windowless: false, pageLoadStrategy: normal, platform: WINDOWS, platformName: WINDOWS, proxy: Proxy(direct), setWindowRect: true, strictFileInteractability: false, timeouts: {implicit: 0, pageLoad: 300000, script: 30000}, unhandledPromptBehavior: dismiss and notify, userAgent: Mozilla/5.0 (Windows NT 10....}
Session ID: 2fa58e6b-4cb2-4ca5-b056-47bb46f3c3d2
	at jdk.internal.reflect.GeneratedConstructorAccessor32.newInstance(Unknown Source)
	at java.base/jdk.internal.reflect.DelegatingConstructorAccessorImpl.newInstance(DelegatingConstructorAccessorImpl.java:45)
	at org.openqa.selenium.remote.http.W3CHttpResponseCodec.createException(W3CHttpResponseCodec.java:187)
	at org.openqa.selenium.remote.http.W3CHttpResponseCodec.decode(W3CHttpResponseCodec.java:122)
	at org.openqa.selenium.remote.http.W3CHttpResponseCodec.decode(W3CHttpResponseCodec.java:49)
	at org.openqa.selenium.remote.HttpCommandExecutor.execute(HttpCommandExecutor.java:158)
	at org.openqa.selenium.remote.service.DriverCommandExecutor.execute(DriverCommandExecutor.java:83)
	at org.openqa.selenium.remote.RemoteWebDriver.execute(RemoteWebDriver.java:552)
	at com.kms.katalon.selenium.driver.CFirefoxDriver.execute(CFirefoxDriver.java:28)
	at org.openqa.selenium.remote.RemoteWebElement.execute(RemoteWebElement.java:285)
	at org.openqa.selenium.remote.RemoteWebElement.click(RemoteWebElement.java:84)
	at jdk.internal.reflect.GeneratedMethodAccessor10.invoke(Unknown Source)
	at java.base/jdk.internal.reflect.DelegatingMethodAccessorImpl.invoke(DelegatingMethodAccessorImpl.java:43)
	at org.openqa.selenium.support.events.EventFiringWebDriver$EventFiringWebElement.lambda$new$0(EventFiringWebDriver.java:404)
	at jdk.proxy2/jdk.proxy2.$Proxy21.click(Unknown Source)
	at org.openqa.selenium.support.events.EventFiringWebDriver$EventFiringWebElement.click(EventFiringWebDriver.java:417)
	at org.openqa.selenium.WebElement$click.call(Unknown Source)
	at com.kms.katalon.core.webui.keyword.builtin.ClickKeyword.clickUntilSuccessWithTimeout(ClickKeyword.groovy:81)
	at com.kms.katalon.core.webui.keyword.builtin.ClickKeyword.clickUntilSuccessWithTimeout(ClickKeyword.groovy)
	at jdk.internal.reflect.GeneratedMethodAccessor8.invoke(Unknown Source)
	at java.base/jdk.internal.reflect.DelegatingMethodAccessorImpl.invoke(DelegatingMethodAccessorImpl.java:43)
	at com.kms.katalon.core.webui.keyword.builtin.ClickKeyword$_click_closure1.doCall(ClickKeyword.groovy:67)
	at com.kms.katalon.core.webui.keyword.builtin.ClickKeyword$_click_closure1.call(ClickKeyword.groovy)
	at com.kms.katalon.core.webui.keyword.internal.WebUIKeywordMain.runKeyword(WebUIKeywordMain.groovy:35)
	... 38 more]]></system-err>
      </testcase>
      <testcase name="Test Cases/2.Positivos/2.2Sobre/Origen-Provincia/2.Valorado/Entrega_Domicilio/DecJura-Paquete" time="42.861" classname="Test Cases/2.Positivos/2.2Sobre/Origen-Provincia/2.Valorado/Entrega_Domicilio/DecJura-Paquete" status="FAILED">
         <failure type="FAILED" message="Test Cases/2.Positivos/2.2Sobre/Origen-Provincia/2.Valorado/Entrega_Domicilio/DecJura-Paquete FAILED.&#xa;Reason:&#xa;com.kms.katalon.core.exception.StepFailedException: Call Test Case 'Test Cases/1.Inicio/1.1Principal/Selec_sobre' failed&#xa;	at com.kms.katalon.core.keyword.builtin.CallTestCaseKeyword$_callTestCase_closure1.doCall(CallTestCaseKeyword.groovy:63)&#xa;	at com.kms.katalon.core.keyword.builtin.CallTestCaseKeyword$_callTestCase_closure1.call(CallTestCaseKeyword.groovy)&#xa;	at com.kms.katalon.core.keyword.internal.KeywordMain.runKeyword(KeywordMain.groovy:75)&#xa;	at com.kms.katalon.core.keyword.builtin.CallTestCaseKeyword.callTestCase(CallTestCaseKeyword.groovy:81)&#xa;	at com.kms.katalon.core.keyword.builtin.CallTestCaseKeyword.execute(CallTestCaseKeyword.groovy:44)&#xa;	at com.kms.katalon.core.keyword.internal.KeywordExecutor.executeKeywordForPlatform(KeywordExecutor.groovy:74)&#xa;	at com.kms.katalon.core.keyword.BuiltinKeywords.callTestCase(BuiltinKeywords.groovy:310)&#xa;	at jdk.internal.reflect.GeneratedMethodAccessor25.invoke(Unknown Source)&#xa;	at java.base/jdk.internal.reflect.DelegatingMethodAccessorImpl.invoke(DelegatingMethodAccessorImpl.java:43)&#xa;	at DecJura-Paquete.run(DecJura-Paquete:22)&#xa;	at com.kms.katalon.core.main.ScriptEngine.run(ScriptEngine.java:194)&#xa;	at com.kms.katalon.core.main.ScriptEngine.runScriptAsRawText(ScriptEngine.java:119)&#xa;	at com.kms.katalon.core.main.TestCaseExecutor.runScript(TestCaseExecutor.java:448)&#xa;	at com.kms.katalon.core.main.TestCaseExecutor.doExecute(TestCaseExecutor.java:439)&#xa;	at com.kms.katalon.core.main.TestCaseExecutor.processExecutionPhase(TestCaseExecutor.java:418)&#xa;	at com.kms.katalon.core.main.TestCaseExecutor.accessMainPhase(TestCaseExecutor.java:410)&#xa;	at com.kms.katalon.core.main.TestCaseExecutor.execute(TestCaseExecutor.java:285)&#xa;	at com.kms.katalon.core.common.CommonExecutor.accessTestCaseMainPhase(CommonExecutor.java:65)&#xa;	at com.kms.katalon.core.main.TestSuiteExecutor.accessTestSuiteMainPhase(TestSuiteExecutor.java:150)&#xa;	at com.kms.katalon.core.main.TestSuiteExecutor.execute(TestSuiteExecutor.java:106)&#xa;	at com.kms.katalon.core.main.TestCaseMain.startTestSuite(TestCaseMain.java:180)&#xa;	at TempTestSuite1732729948317.run(TempTestSuite1732729948317.groovy:35)&#xa;	at java.base/jdk.internal.reflect.NativeMethodAccessorImpl.invoke0(Native Method)&#xa;	at java.base/jdk.internal.reflect.NativeMethodAccessorImpl.invoke(NativeMethodAccessorImpl.java:77)&#xa;	at java.base/jdk.internal.reflect.DelegatingMethodAccessorImpl.invoke(DelegatingMethodAccessorImpl.java:43)&#xa;Caused by: com.kms.katalon.core.exception.StepFailedException: Unable to click on object 'Object Repository/Principal/Page_Olva Courier  Home/button_CONTINUAR (2)'&#xa;	at com.kms.katalon.core.webui.keyword.internal.WebUIKeywordMain.stepFailed(WebUIKeywordMain.groovy:117)&#xa;	at com.kms.katalon.core.webui.keyword.internal.WebUIKeywordMain.runKeyword(WebUIKeywordMain.groovy:43)&#xa;	at com.kms.katalon.core.webui.keyword.builtin.ClickKeyword.click(ClickKeyword.groovy:74)&#xa;	at com.kms.katalon.core.webui.keyword.builtin.ClickKeyword.execute(ClickKeyword.groovy:40)&#xa;	at com.kms.katalon.core.keyword.internal.KeywordExecutor.executeKeywordForPlatform(KeywordExecutor.groovy:74)&#xa;	at com.kms.katalon.core.webui.keyword.WebUiBuiltInKeywords.click(WebUiBuiltInKeywords.groovy:659)&#xa;	at Selec_sobre.run(Selec_sobre:24)&#xa;	at com.kms.katalon.core.main.ScriptEngine.run(ScriptEngine.java:194)&#xa;	at com.kms.katalon.core.main.ScriptEngine.runScriptAsRawText(ScriptEngine.java:119)&#xa;	at com.kms.katalon.core.main.TestCaseExecutor.runScript(TestCaseExecutor.java:448)&#xa;	at com.kms.katalon.core.main.TestCaseExecutor.doExecute(TestCaseExecutor.java:439)&#xa;	at com.kms.katalon.core.main.TestCaseExecutor.processExecutionPhase(TestCaseExecutor.java:418)&#xa;	at com.kms.katalon.core.main.TestCaseExecutor.accessMainPhase(TestCaseExecutor.java:410)&#xa;	at com.kms.katalon.core.main.TestCaseExecutor.execute(TestCaseExecutor.java:285)&#xa;	at com.kms.katalon.core.main.TestCaseMain.runTestCase(TestCaseMain.java:137)&#xa;	at com.kms.katalon.core.keyword.builtin.CallTestCaseKeyword$_callTestCase_closure1.doCall(CallTestCaseKeyword.groovy:59)&#xa;	... 24 more&#xa;Caused by: org.openqa.selenium.ElementClickInterceptedException: Element &lt;button id=&quot;btn_aceptar_tipo_envio&quot; class=&quot;btn disabled&quot; type=&quot;button&quot;> is not clickable at point (675,588) because another element &lt;div class=&quot;modal-footer&quot;> obscures it&#xa;Build info: version: '3.141.59', revision: 'unknown', time: 'unknown'&#xa;System info: host: 'DESKTOP-RGFFP9A', ip: '10.136.10.6', os.name: 'Windows 11', os.arch: 'amd64', os.version: '10.0', java.version: '17.0.7'&#xa;Driver info: com.kms.katalon.core.webui.driver.firefox.CGeckoDriver&#xa;Capabilities {acceptInsecureCerts: true, browserName: firefox, browserVersion: 133.0, javascriptEnabled: true, moz:accessibilityChecks: false, moz:buildID: 20241121140525, moz:geckodriverVersion: 0.35.0, moz:headless: false, moz:platformVersion: 10.0, moz:processID: 39384, moz:profile: C:\Users\OLVATI\AppData\Loc..., moz:shutdownTimeout: 60000, moz:webdriverClick: true, moz:windowless: false, pageLoadStrategy: normal, platform: WINDOWS, platformName: WINDOWS, proxy: Proxy(direct), setWindowRect: true, strictFileInteractability: false, timeouts: {implicit: 0, pageLoad: 300000, script: 30000}, unhandledPromptBehavior: dismiss and notify, userAgent: Mozilla/5.0 (Windows NT 10....}&#xa;Session ID: b5b459c7-011a-4a81-96d8-24b644fa531a&#xa;	at jdk.internal.reflect.GeneratedConstructorAccessor32.newInstance(Unknown Source)&#xa;	at java.base/jdk.internal.reflect.DelegatingConstructorAccessorImpl.newInstance(DelegatingConstructorAccessorImpl.java:45)&#xa;	at org.openqa.selenium.remote.http.W3CHttpResponseCodec.createException(W3CHttpResponseCodec.java:187)&#xa;	at org.openqa.selenium.remote.http.W3CHttpResponseCodec.decode(W3CHttpResponseCodec.java:122)&#xa;	at org.openqa.selenium.remote.http.W3CHttpResponseCodec.decode(W3CHttpResponseCodec.java:49)&#xa;	at org.openqa.selenium.remote.HttpCommandExecutor.execute(HttpCommandExecutor.java:158)&#xa;	at org.openqa.selenium.remote.service.DriverCommandExecutor.execute(DriverCommandExecutor.java:83)&#xa;	at org.openqa.selenium.remote.RemoteWebDriver.execute(RemoteWebDriver.java:552)&#xa;	at com.kms.katalon.selenium.driver.CFirefoxDriver.execute(CFirefoxDriver.java:28)&#xa;	at org.openqa.selenium.remote.RemoteWebElement.execute(RemoteWebElement.java:285)&#xa;	at org.openqa.selenium.remote.RemoteWebElement.click(RemoteWebElement.java:84)&#xa;	at jdk.internal.reflect.GeneratedMethodAccessor10.invoke(Unknown Source)&#xa;	at java.base/jdk.internal.reflect.DelegatingMethodAccessorImpl.invoke(DelegatingMethodAccessorImpl.java:43)&#xa;	at org.openqa.selenium.support.events.EventFiringWebDriver$EventFiringWebElement.lambda$new$0(EventFiringWebDriver.java:404)&#xa;	at jdk.proxy2/jdk.proxy2.$Proxy21.click(Unknown Source)&#xa;	at org.openqa.selenium.support.events.EventFiringWebDriver$EventFiringWebElement.click(EventFiringWebDriver.java:417)&#xa;	at org.openqa.selenium.WebElement$click.call(Unknown Source)&#xa;	at com.kms.katalon.core.webui.keyword.builtin.ClickKeyword.clickUntilSuccessWithTimeout(ClickKeyword.groovy:81)&#xa;	at com.kms.katalon.core.webui.keyword.builtin.ClickKeyword.clickUntilSuccessWithTimeout(ClickKeyword.groovy)&#xa;	at jdk.internal.reflect.GeneratedMethodAccessor8.invoke(Unknown Source)&#xa;	at java.base/jdk.internal.reflect.DelegatingMethodAccessorImpl.invoke(DelegatingMethodAccessorImpl.java:43)&#xa;	at com.kms.katalon.core.webui.keyword.builtin.ClickKeyword$_click_closure1.doCall(ClickKeyword.groovy:67)&#xa;	at com.kms.katalon.core.webui.keyword.builtin.ClickKeyword$_click_closure1.call(ClickKeyword.groovy)&#xa;	at com.kms.katalon.core.webui.keyword.internal.WebUIKeywordMain.runKeyword(WebUIKeywordMain.groovy:35)&#xa;	... 38 more&#xa;"/>
         <system-out><![CDATA[27-11-2024T13:30:33 - [TEST_CASE][FAILED] - Test Cases/2.Positivos/2.2Sobre/Origen-Provincia/2.Valorado/Entrega_Domicilio/DecJura-Paquete: Test Cases/2.Positivos/2.2Sobre/Origen-Provincia/2.Valorado/Entrega_Domicilio/DecJura-Paquete FAILED.
Reason:
com.kms.katalon.core.exception.StepFailedException: Call Test Case 'Test Cases/1.Inicio/1.1Principal/Selec_sobre' failed
	at com.kms.katalon.core.keyword.builtin.CallTestCaseKeyword$_callTestCase_closure1.doCall(CallTestCaseKeyword.groovy:63)
	at com.kms.katalon.core.keyword.builtin.CallTestCaseKeyword$_callTestCase_closure1.call(CallTestCaseKeyword.groovy)
	at com.kms.katalon.core.keyword.internal.KeywordMain.runKeyword(KeywordMain.groovy:75)
	at com.kms.katalon.core.keyword.builtin.CallTestCaseKeyword.callTestCase(CallTestCaseKeyword.groovy:81)
	at com.kms.katalon.core.keyword.builtin.CallTestCaseKeyword.execute(CallTestCaseKeyword.groovy:44)
	at com.kms.katalon.core.keyword.internal.KeywordExecutor.executeKeywordForPlatform(KeywordExecutor.groovy:74)
	at com.kms.katalon.core.keyword.BuiltinKeywords.callTestCase(BuiltinKeywords.groovy:310)
	at jdk.internal.reflect.GeneratedMethodAccessor25.invoke(Unknown Source)
	at java.base/jdk.internal.reflect.DelegatingMethodAccessorImpl.invoke(DelegatingMethodAccessorImpl.java:43)
	at DecJura-Paquete.run(DecJura-Paquete:22)
	at com.kms.katalon.core.main.ScriptEngine.run(ScriptEngine.java:194)
	at com.kms.katalon.core.main.ScriptEngine.runScriptAsRawText(ScriptEngine.java:119)
	at com.kms.katalon.core.main.TestCaseExecutor.runScript(TestCaseExecutor.java:448)
	at com.kms.katalon.core.main.TestCaseExecutor.doExecute(TestCaseExecutor.java:439)
	at com.kms.katalon.core.main.TestCaseExecutor.processExecutionPhase(TestCaseExecutor.java:418)
	at com.kms.katalon.core.main.TestCaseExecutor.accessMainPhase(TestCaseExecutor.java:410)
	at com.kms.katalon.core.main.TestCaseExecutor.execute(TestCaseExecutor.java:285)
	at com.kms.katalon.core.common.CommonExecutor.accessTestCaseMainPhase(CommonExecutor.java:65)
	at com.kms.katalon.core.main.TestSuiteExecutor.accessTestSuiteMainPhase(TestSuiteExecutor.java:150)
	at com.kms.katalon.core.main.TestSuiteExecutor.execute(TestSuiteExecutor.java:106)
	at com.kms.katalon.core.main.TestCaseMain.startTestSuite(TestCaseMain.java:180)
	at TempTestSuite1732729948317.run(TempTestSuite1732729948317.groovy:35)
	at java.base/jdk.internal.reflect.NativeMethodAccessorImpl.invoke0(Native Method)
	at java.base/jdk.internal.reflect.NativeMethodAccessorImpl.invoke(NativeMethodAccessorImpl.java:77)
	at java.base/jdk.internal.reflect.DelegatingMethodAccessorImpl.invoke(DelegatingMethodAccessorImpl.java:43)
Caused by: com.kms.katalon.core.exception.StepFailedException: Unable to click on object 'Object Repository/Principal/Page_Olva Courier  Home/button_CONTINUAR (2)'
	at com.kms.katalon.core.webui.keyword.internal.WebUIKeywordMain.stepFailed(WebUIKeywordMain.groovy:117)
	at com.kms.katalon.core.webui.keyword.internal.WebUIKeywordMain.runKeyword(WebUIKeywordMain.groovy:43)
	at com.kms.katalon.core.webui.keyword.builtin.ClickKeyword.click(ClickKeyword.groovy:74)
	at com.kms.katalon.core.webui.keyword.builtin.ClickKeyword.execute(ClickKeyword.groovy:40)
	at com.kms.katalon.core.keyword.internal.KeywordExecutor.executeKeywordForPlatform(KeywordExecutor.groovy:74)
	at com.kms.katalon.core.webui.keyword.WebUiBuiltInKeywords.click(WebUiBuiltInKeywords.groovy:659)
	at Selec_sobre.run(Selec_sobre:24)
	at com.kms.katalon.core.main.ScriptEngine.run(ScriptEngine.java:194)
	at com.kms.katalon.core.main.ScriptEngine.runScriptAsRawText(ScriptEngine.java:119)
	at com.kms.katalon.core.main.TestCaseExecutor.runScript(TestCaseExecutor.java:448)
	at com.kms.katalon.core.main.TestCaseExecutor.doExecute(TestCaseExecutor.java:439)
	at com.kms.katalon.core.main.TestCaseExecutor.processExecutionPhase(TestCaseExecutor.java:418)
	at com.kms.katalon.core.main.TestCaseExecutor.accessMainPhase(TestCaseExecutor.java:410)
	at com.kms.katalon.core.main.TestCaseExecutor.execute(TestCaseExecutor.java:285)
	at com.kms.katalon.core.main.TestCaseMain.runTestCase(TestCaseMain.java:137)
	at com.kms.katalon.core.keyword.builtin.CallTestCaseKeyword$_callTestCase_closure1.doCall(CallTestCaseKeyword.groovy:59)
	... 24 more
Caused by: org.openqa.selenium.ElementClickInterceptedException: Element <button id="btn_aceptar_tipo_envio" class="btn disabled" type="button"> is not clickable at point (675,588) because another element <div class="modal-footer"> obscures it
Build info: version: '3.141.59', revision: 'unknown', time: 'unknown'
System info: host: 'DESKTOP-RGFFP9A', ip: '10.136.10.6', os.name: 'Windows 11', os.arch: 'amd64', os.version: '10.0', java.version: '17.0.7'
Driver info: com.kms.katalon.core.webui.driver.firefox.CGeckoDriver
Capabilities {acceptInsecureCerts: true, browserName: firefox, browserVersion: 133.0, javascriptEnabled: true, moz:accessibilityChecks: false, moz:buildID: 20241121140525, moz:geckodriverVersion: 0.35.0, moz:headless: false, moz:platformVersion: 10.0, moz:processID: 39384, moz:profile: C:\Users\OLVATI\AppData\Loc..., moz:shutdownTimeout: 60000, moz:webdriverClick: true, moz:windowless: false, pageLoadStrategy: normal, platform: WINDOWS, platformName: WINDOWS, proxy: Proxy(direct), setWindowRect: true, strictFileInteractability: false, timeouts: {implicit: 0, pageLoad: 300000, script: 30000}, unhandledPromptBehavior: dismiss and notify, userAgent: Mozilla/5.0 (Windows NT 10....}
Session ID: b5b459c7-011a-4a81-96d8-24b644fa531a
	at jdk.internal.reflect.GeneratedConstructorAccessor32.newInstance(Unknown Source)
	at java.base/jdk.internal.reflect.DelegatingConstructorAccessorImpl.newInstance(DelegatingConstructorAccessorImpl.java:45)
	at org.openqa.selenium.remote.http.W3CHttpResponseCodec.createException(W3CHttpResponseCodec.java:187)
	at org.openqa.selenium.remote.http.W3CHttpResponseCodec.decode(W3CHttpResponseCodec.java:122)
	at org.openqa.selenium.remote.http.W3CHttpResponseCodec.decode(W3CHttpResponseCodec.java:49)
	at org.openqa.selenium.remote.HttpCommandExecutor.execute(HttpCommandExecutor.java:158)
	at org.openqa.selenium.remote.service.DriverCommandExecutor.execute(DriverCommandExecutor.java:83)
	at org.openqa.selenium.remote.RemoteWebDriver.execute(RemoteWebDriver.java:552)
	at com.kms.katalon.selenium.driver.CFirefoxDriver.execute(CFirefoxDriver.java:28)
	at org.openqa.selenium.remote.RemoteWebElement.execute(RemoteWebElement.java:285)
	at org.openqa.selenium.remote.RemoteWebElement.click(RemoteWebElement.java:84)
	at jdk.internal.reflect.GeneratedMethodAccessor10.invoke(Unknown Source)
	at java.base/jdk.internal.reflect.DelegatingMethodAccessorImpl.invoke(DelegatingMethodAccessorImpl.java:43)
	at org.openqa.selenium.support.events.EventFiringWebDriver$EventFiringWebElement.lambda$new$0(EventFiringWebDriver.java:404)
	at jdk.proxy2/jdk.proxy2.$Proxy21.click(Unknown Source)
	at org.openqa.selenium.support.events.EventFiringWebDriver$EventFiringWebElement.click(EventFiringWebDriver.java:417)
	at org.openqa.selenium.WebElement$click.call(Unknown Source)
	at com.kms.katalon.core.webui.keyword.builtin.ClickKeyword.clickUntilSuccessWithTimeout(ClickKeyword.groovy:81)
	at com.kms.katalon.core.webui.keyword.builtin.ClickKeyword.clickUntilSuccessWithTimeout(ClickKeyword.groovy)
	at jdk.internal.reflect.GeneratedMethodAccessor8.invoke(Unknown Source)
	at java.base/jdk.internal.reflect.DelegatingMethodAccessorImpl.invoke(DelegatingMethodAccessorImpl.java:43)
	at com.kms.katalon.core.webui.keyword.builtin.ClickKeyword$_click_closure1.doCall(ClickKeyword.groovy:67)
	at com.kms.katalon.core.webui.keyword.builtin.ClickKeyword$_click_closure1.call(ClickKeyword.groovy)
	at com.kms.katalon.core.webui.keyword.internal.WebUIKeywordMain.runKeyword(WebUIKeywordMain.groovy:35)
	... 38 more


27-11-2024T13:30:33 - [TEST_STEP][PASSED] - callTestCase(findTestCase("1.Inicio/1.1Principal/Principal-home"), [:], STOP_ON_FAILURE): Call Test Case 'Test Cases/1.Inicio/1.1Principal/Principal-home' successfully

27-11-2024T13:30:33 - [TEST_CASE][PASSED] - Test Cases/1.Inicio/1.1Principal/Principal-home: Test Cases/1.Inicio/1.1Principal/Principal-home

27-11-2024T13:30:33 - [TEST_STEP][PASSED] - openBrowser(""): Browser is opened with url: ''

27-11-2024T13:30:33 - [MESSAGE][WARNING] - A browser is already opened. Closing browser and opening a new one

27-11-2024T13:30:34 - [MESSAGE][INFO] - Starting 'Firefox' driver

27-11-2024T13:30:34 - [MESSAGE][INFO] - Action delay is set to 0 milliseconds

27-11-2024T13:30:42 - [MESSAGE][PASSED] - Browser is opened with url: ''

27-11-2024T13:30:42 - [TEST_STEP][PASSED] - navigateToUrl("https://dev01-registrodeenvios.olvacourier.com/principal"): Navigate to 'https://dev01-registrodeenvios.olvacourier.com/principal' successfully

27-11-2024T13:30:44 - [MESSAGE][PASSED] - Navigate to 'https://dev01-registrodeenvios.olvacourier.com/principal' successfully

27-11-2024T13:30:44 - [TEST_STEP][PASSED] - maximizeWindow(): Current window maximized

27-11-2024T13:30:44 - [MESSAGE][PASSED] - Current window maximized

27-11-2024T13:30:44 - [MESSAGE][PASSED] - Call Test Case 'Test Cases/1.Inicio/1.1Principal/Principal-home' successfully

27-11-2024T13:30:44 - [TEST_STEP][FAILED] - callTestCase(findTestCase("1.Inicio/1.1Principal/Selec_sobre"), [:], STOP_ON_FAILURE): Unable to call Test Case 'Test Cases/1.Inicio/1.1Principal/Selec_sobre' (Root cause: com.kms.katalon.core.exception.StepFailedException: Call Test Case 'Test Cases/1.Inicio/1.1Principal/Selec_sobre' failed
	at com.kms.katalon.core.keyword.builtin.CallTestCaseKeyword$_callTestCase_closure1.doCall(CallTestCaseKeyword.groovy:63)
	at com.kms.katalon.core.keyword.builtin.CallTestCaseKeyword$_callTestCase_closure1.call(CallTestCaseKeyword.groovy)
	at com.kms.katalon.core.keyword.internal.KeywordMain.runKeyword(KeywordMain.groovy:75)
	at com.kms.katalon.core.keyword.builtin.CallTestCaseKeyword.callTestCase(CallTestCaseKeyword.groovy:81)
	at com.kms.katalon.core.keyword.builtin.CallTestCaseKeyword.execute(CallTestCaseKeyword.groovy:44)
	at com.kms.katalon.core.keyword.internal.KeywordExecutor.executeKeywordForPlatform(KeywordExecutor.groovy:74)
	at com.kms.katalon.core.keyword.BuiltinKeywords.callTestCase(BuiltinKeywords.groovy:310)
	at jdk.internal.reflect.GeneratedMethodAccessor25.invoke(Unknown Source)
	at java.base/jdk.internal.reflect.DelegatingMethodAccessorImpl.invoke(DelegatingMethodAccessorImpl.java:43)
	at DecJura-Paquete.run(DecJura-Paquete:22)
	at com.kms.katalon.core.main.ScriptEngine.run(ScriptEngine.java:194)
	at com.kms.katalon.core.main.ScriptEngine.runScriptAsRawText(ScriptEngine.java:119)
	at com.kms.katalon.core.main.TestCaseExecutor.runScript(TestCaseExecutor.java:448)
	at com.kms.katalon.core.main.TestCaseExecutor.doExecute(TestCaseExecutor.java:439)
	at com.kms.katalon.core.main.TestCaseExecutor.processExecutionPhase(TestCaseExecutor.java:418)
	at com.kms.katalon.core.main.TestCaseExecutor.accessMainPhase(TestCaseExecutor.java:410)
	at com.kms.katalon.core.main.TestCaseExecutor.execute(TestCaseExecutor.java:285)
	at com.kms.katalon.core.common.CommonExecutor.accessTestCaseMainPhase(CommonExecutor.java:65)
	at com.kms.katalon.core.main.TestSuiteExecutor.accessTestSuiteMainPhase(TestSuiteExecutor.java:150)
	at com.kms.katalon.core.main.TestSuiteExecutor.execute(TestSuiteExecutor.java:106)
	at com.kms.katalon.core.main.TestCaseMain.startTestSuite(TestCaseMain.java:180)
	at TempTestSuite1732729948317.run(TempTestSuite1732729948317.groovy:35)
	at java.base/jdk.internal.reflect.NativeMethodAccessorImpl.invoke0(Native Method)
	at java.base/jdk.internal.reflect.NativeMethodAccessorImpl.invoke(NativeMethodAccessorImpl.java:77)
	at java.base/jdk.internal.reflect.DelegatingMethodAccessorImpl.invoke(DelegatingMethodAccessorImpl.java:43)
Caused by: com.kms.katalon.core.exception.StepFailedException: Unable to click on object 'Object Repository/Principal/Page_Olva Courier  Home/button_CONTINUAR (2)'
	at com.kms.katalon.core.webui.keyword.internal.WebUIKeywordMain.stepFailed(WebUIKeywordMain.groovy:117)
	at com.kms.katalon.core.webui.keyword.internal.WebUIKeywordMain.runKeyword(WebUIKeywordMain.groovy:43)
	at com.kms.katalon.core.webui.keyword.builtin.ClickKeyword.click(ClickKeyword.groovy:74)
	at com.kms.katalon.core.webui.keyword.builtin.ClickKeyword.execute(ClickKeyword.groovy:40)
	at com.kms.katalon.core.keyword.internal.KeywordExecutor.executeKeywordForPlatform(KeywordExecutor.groovy:74)
	at com.kms.katalon.core.webui.keyword.WebUiBuiltInKeywords.click(WebUiBuiltInKeywords.groovy:659)
	at Selec_sobre.run(Selec_sobre:24)
	at com.kms.katalon.core.main.ScriptEngine.run(ScriptEngine.java:194)
	at com.kms.katalon.core.main.ScriptEngine.runScriptAsRawText(ScriptEngine.java:119)
	at com.kms.katalon.core.main.TestCaseExecutor.runScript(TestCaseExecutor.java:448)
	at com.kms.katalon.core.main.TestCaseExecutor.doExecute(TestCaseExecutor.java:439)
	at com.kms.katalon.core.main.TestCaseExecutor.processExecutionPhase(TestCaseExecutor.java:418)
	at com.kms.katalon.core.main.TestCaseExecutor.accessMainPhase(TestCaseExecutor.java:410)
	at com.kms.katalon.core.main.TestCaseExecutor.execute(TestCaseExecutor.java:285)
	at com.kms.katalon.core.main.TestCaseMain.runTestCase(TestCaseMain.java:137)
	at com.kms.katalon.core.keyword.builtin.CallTestCaseKeyword$_callTestCase_closure1.doCall(CallTestCaseKeyword.groovy:59)
	... 24 more
Caused by: org.openqa.selenium.ElementClickInterceptedException: Element <button id="btn_aceptar_tipo_envio" class="btn disabled" type="button"> is not clickable at point (675,588) because another element <div class="modal-footer"> obscures it
Build info: version: '3.141.59', revision: 'unknown', time: 'unknown'
System info: host: 'DESKTOP-RGFFP9A', ip: '10.136.10.6', os.name: 'Windows 11', os.arch: 'amd64', os.version: '10.0', java.version: '17.0.7'
Driver info: com.kms.katalon.core.webui.driver.firefox.CGeckoDriver
Capabilities {acceptInsecureCerts: true, browserName: firefox, browserVersion: 133.0, javascriptEnabled: true, moz:accessibilityChecks: false, moz:buildID: 20241121140525, moz:geckodriverVersion: 0.35.0, moz:headless: false, moz:platformVersion: 10.0, moz:processID: 39384, moz:profile: C:\Users\OLVATI\AppData\Loc..., moz:shutdownTimeout: 60000, moz:webdriverClick: true, moz:windowless: false, pageLoadStrategy: normal, platform: WINDOWS, platformName: WINDOWS, proxy: Proxy(direct), setWindowRect: true, strictFileInteractability: false, timeouts: {implicit: 0, pageLoad: 300000, script: 30000}, unhandledPromptBehavior: dismiss and notify, userAgent: Mozilla/5.0 (Windows NT 10....}
Session ID: b5b459c7-011a-4a81-96d8-24b644fa531a
	at jdk.internal.reflect.GeneratedConstructorAccessor32.newInstance(Unknown Source)
	at java.base/jdk.internal.reflect.DelegatingConstructorAccessorImpl.newInstance(DelegatingConstructorAccessorImpl.java:45)
	at org.openqa.selenium.remote.http.W3CHttpResponseCodec.createException(W3CHttpResponseCodec.java:187)
	at org.openqa.selenium.remote.http.W3CHttpResponseCodec.decode(W3CHttpResponseCodec.java:122)
	at org.openqa.selenium.remote.http.W3CHttpResponseCodec.decode(W3CHttpResponseCodec.java:49)
	at org.openqa.selenium.remote.HttpCommandExecutor.execute(HttpCommandExecutor.java:158)
	at org.openqa.selenium.remote.service.DriverCommandExecutor.execute(DriverCommandExecutor.java:83)
	at org.openqa.selenium.remote.RemoteWebDriver.execute(RemoteWebDriver.java:552)
	at com.kms.katalon.selenium.driver.CFirefoxDriver.execute(CFirefoxDriver.java:28)
	at org.openqa.selenium.remote.RemoteWebElement.execute(RemoteWebElement.java:285)
	at org.openqa.selenium.remote.RemoteWebElement.click(RemoteWebElement.java:84)
	at jdk.internal.reflect.GeneratedMethodAccessor10.invoke(Unknown Source)
	at java.base/jdk.internal.reflect.DelegatingMethodAccessorImpl.invoke(DelegatingMethodAccessorImpl.java:43)
	at org.openqa.selenium.support.events.EventFiringWebDriver$EventFiringWebElement.lambda$new$0(EventFiringWebDriver.java:404)
	at jdk.proxy2/jdk.proxy2.$Proxy21.click(Unknown Source)
	at org.openqa.selenium.support.events.EventFiringWebDriver$EventFiringWebElement.click(EventFiringWebDriver.java:417)
	at org.openqa.selenium.WebElement$click.call(Unknown Source)
	at com.kms.katalon.core.webui.keyword.builtin.ClickKeyword.clickUntilSuccessWithTimeout(ClickKeyword.groovy:81)
	at com.kms.katalon.core.webui.keyword.builtin.ClickKeyword.clickUntilSuccessWithTimeout(ClickKeyword.groovy)
	at jdk.internal.reflect.GeneratedMethodAccessor8.invoke(Unknown Source)
	at java.base/jdk.internal.reflect.DelegatingMethodAccessorImpl.invoke(DelegatingMethodAccessorImpl.java:43)
	at com.kms.katalon.core.webui.keyword.builtin.ClickKeyword$_click_closure1.doCall(ClickKeyword.groovy:67)
	at com.kms.katalon.core.webui.keyword.builtin.ClickKeyword$_click_closure1.call(ClickKeyword.groovy)
	at com.kms.katalon.core.webui.keyword.internal.WebUIKeywordMain.runKeyword(WebUIKeywordMain.groovy:35)
	... 38 more
)

27-11-2024T13:30:44 - [TEST_CASE][FAILED] - Test Cases/1.Inicio/1.1Principal/Selec_sobre: Test Cases/1.Inicio/1.1Principal/Selec_sobre FAILED.
Reason:
com.kms.katalon.core.exception.StepFailedException: Unable to click on object 'Object Repository/Principal/Page_Olva Courier  Home/button_CONTINUAR (2)'
	at com.kms.katalon.core.webui.keyword.internal.WebUIKeywordMain.stepFailed(WebUIKeywordMain.groovy:117)
	at com.kms.katalon.core.webui.keyword.internal.WebUIKeywordMain.runKeyword(WebUIKeywordMain.groovy:43)
	at com.kms.katalon.core.webui.keyword.builtin.ClickKeyword.click(ClickKeyword.groovy:74)
	at com.kms.katalon.core.webui.keyword.builtin.ClickKeyword.execute(ClickKeyword.groovy:40)
	at com.kms.katalon.core.keyword.internal.KeywordExecutor.executeKeywordForPlatform(KeywordExecutor.groovy:74)
	at com.kms.katalon.core.webui.keyword.WebUiBuiltInKeywords.click(WebUiBuiltInKeywords.groovy:659)
	at Selec_sobre.run(Selec_sobre:24)
	at com.kms.katalon.core.main.ScriptEngine.run(ScriptEngine.java:194)
	at com.kms.katalon.core.main.ScriptEngine.runScriptAsRawText(ScriptEngine.java:119)
	at com.kms.katalon.core.main.TestCaseExecutor.runScript(TestCaseExecutor.java:448)
	at com.kms.katalon.core.main.TestCaseExecutor.doExecute(TestCaseExecutor.java:439)
	at com.kms.katalon.core.main.TestCaseExecutor.processExecutionPhase(TestCaseExecutor.java:418)
	at com.kms.katalon.core.main.TestCaseExecutor.accessMainPhase(TestCaseExecutor.java:410)
	at com.kms.katalon.core.main.TestCaseExecutor.execute(TestCaseExecutor.java:285)
	at com.kms.katalon.core.main.TestCaseMain.runTestCase(TestCaseMain.java:137)
	at com.kms.katalon.core.keyword.builtin.CallTestCaseKeyword$_callTestCase_closure1.doCall(CallTestCaseKeyword.groovy:59)
	at com.kms.katalon.core.keyword.builtin.CallTestCaseKeyword$_callTestCase_closure1.call(CallTestCaseKeyword.groovy)
	at com.kms.katalon.core.keyword.internal.KeywordMain.runKeyword(KeywordMain.groovy:75)
	at com.kms.katalon.core.keyword.builtin.CallTestCaseKeyword.callTestCase(CallTestCaseKeyword.groovy:81)
	at com.kms.katalon.core.keyword.builtin.CallTestCaseKeyword.execute(CallTestCaseKeyword.groovy:44)
	at com.kms.katalon.core.keyword.internal.KeywordExecutor.executeKeywordForPlatform(KeywordExecutor.groovy:74)
	at com.kms.katalon.core.keyword.BuiltinKeywords.callTestCase(BuiltinKeywords.groovy:310)
	at jdk.internal.reflect.GeneratedMethodAccessor25.invoke(Unknown Source)
	at java.base/jdk.internal.reflect.DelegatingMethodAccessorImpl.invoke(DelegatingMethodAccessorImpl.java:43)
	at DecJura-Paquete.run(DecJura-Paquete:22)
	at com.kms.katalon.core.main.ScriptEngine.run(ScriptEngine.java:194)
	at com.kms.katalon.core.main.ScriptEngine.runScriptAsRawText(ScriptEngine.java:119)
	at com.kms.katalon.core.main.TestCaseExecutor.runScript(TestCaseExecutor.java:448)
	at com.kms.katalon.core.main.TestCaseExecutor.doExecute(TestCaseExecutor.java:439)
	at com.kms.katalon.core.main.TestCaseExecutor.processExecutionPhase(TestCaseExecutor.java:418)
	at com.kms.katalon.core.main.TestCaseExecutor.accessMainPhase(TestCaseExecutor.java:410)
	at com.kms.katalon.core.main.TestCaseExecutor.execute(TestCaseExecutor.java:285)
	at com.kms.katalon.core.common.CommonExecutor.accessTestCaseMainPhase(CommonExecutor.java:65)
	at com.kms.katalon.core.main.TestSuiteExecutor.accessTestSuiteMainPhase(TestSuiteExecutor.java:150)
	at com.kms.katalon.core.main.TestSuiteExecutor.execute(TestSuiteExecutor.java:106)
	at com.kms.katalon.core.main.TestCaseMain.startTestSuite(TestCaseMain.java:180)
	at TempTestSuite1732729948317.run(TempTestSuite1732729948317.groovy:35)
	at java.base/jdk.internal.reflect.NativeMethodAccessorImpl.invoke0(Native Method)
	at java.base/jdk.internal.reflect.NativeMethodAccessorImpl.invoke(NativeMethodAccessorImpl.java:77)
	at java.base/jdk.internal.reflect.DelegatingMethodAccessorImpl.invoke(DelegatingMethodAccessorImpl.java:43)
Caused by: org.openqa.selenium.ElementClickInterceptedException: Element <button id="btn_aceptar_tipo_envio" class="btn disabled" type="button"> is not clickable at point (675,588) because another element <div class="modal-footer"> obscures it
Build info: version: '3.141.59', revision: 'unknown', time: 'unknown'
System info: host: 'DESKTOP-RGFFP9A', ip: '10.136.10.6', os.name: 'Windows 11', os.arch: 'amd64', os.version: '10.0', java.version: '17.0.7'
Driver info: com.kms.katalon.core.webui.driver.firefox.CGeckoDriver
Capabilities {acceptInsecureCerts: true, browserName: firefox, browserVersion: 133.0, javascriptEnabled: true, moz:accessibilityChecks: false, moz:buildID: 20241121140525, moz:geckodriverVersion: 0.35.0, moz:headless: false, moz:platformVersion: 10.0, moz:processID: 39384, moz:profile: C:\Users\OLVATI\AppData\Loc..., moz:shutdownTimeout: 60000, moz:webdriverClick: true, moz:windowless: false, pageLoadStrategy: normal, platform: WINDOWS, platformName: WINDOWS, proxy: Proxy(direct), setWindowRect: true, strictFileInteractability: false, timeouts: {implicit: 0, pageLoad: 300000, script: 30000}, unhandledPromptBehavior: dismiss and notify, userAgent: Mozilla/5.0 (Windows NT 10....}
Session ID: b5b459c7-011a-4a81-96d8-24b644fa531a
	at jdk.internal.reflect.GeneratedConstructorAccessor32.newInstance(Unknown Source)
	at java.base/jdk.internal.reflect.DelegatingConstructorAccessorImpl.newInstance(DelegatingConstructorAccessorImpl.java:45)
	at org.openqa.selenium.remote.http.W3CHttpResponseCodec.createException(W3CHttpResponseCodec.java:187)
	at org.openqa.selenium.remote.http.W3CHttpResponseCodec.decode(W3CHttpResponseCodec.java:122)
	at org.openqa.selenium.remote.http.W3CHttpResponseCodec.decode(W3CHttpResponseCodec.java:49)
	at org.openqa.selenium.remote.HttpCommandExecutor.execute(HttpCommandExecutor.java:158)
	at org.openqa.selenium.remote.service.DriverCommandExecutor.execute(DriverCommandExecutor.java:83)
	at org.openqa.selenium.remote.RemoteWebDriver.execute(RemoteWebDriver.java:552)
	at com.kms.katalon.selenium.driver.CFirefoxDriver.execute(CFirefoxDriver.java:28)
	at org.openqa.selenium.remote.RemoteWebElement.execute(RemoteWebElement.java:285)
	at org.openqa.selenium.remote.RemoteWebElement.click(RemoteWebElement.java:84)
	at jdk.internal.reflect.GeneratedMethodAccessor10.invoke(Unknown Source)
	at java.base/jdk.internal.reflect.DelegatingMethodAccessorImpl.invoke(DelegatingMethodAccessorImpl.java:43)
	at org.openqa.selenium.support.events.EventFiringWebDriver$EventFiringWebElement.lambda$new$0(EventFiringWebDriver.java:404)
	at jdk.proxy2/jdk.proxy2.$Proxy21.click(Unknown Source)
	at org.openqa.selenium.support.events.EventFiringWebDriver$EventFiringWebElement.click(EventFiringWebDriver.java:417)
	at org.openqa.selenium.WebElement$click.call(Unknown Source)
	at com.kms.katalon.core.webui.keyword.builtin.ClickKeyword.clickUntilSuccessWithTimeout(ClickKeyword.groovy:81)
	at com.kms.katalon.core.webui.keyword.builtin.ClickKeyword.clickUntilSuccessWithTimeout(ClickKeyword.groovy)
	at jdk.internal.reflect.GeneratedMethodAccessor8.invoke(Unknown Source)
	at java.base/jdk.internal.reflect.DelegatingMethodAccessorImpl.invoke(DelegatingMethodAccessorImpl.java:43)
	at com.kms.katalon.core.webui.keyword.builtin.ClickKeyword$_click_closure1.doCall(ClickKeyword.groovy:67)
	at com.kms.katalon.core.webui.keyword.builtin.ClickKeyword$_click_closure1.call(ClickKeyword.groovy)
	at com.kms.katalon.core.webui.keyword.internal.WebUIKeywordMain.runKeyword(WebUIKeywordMain.groovy:35)
	... 38 more


27-11-2024T13:30:44 - [TEST_STEP][PASSED] - click(findTestObject("Object Repository/Principal/Page_Olva Courier  Home/img_Envo de cajas o paquetescon un peso mxi_37770f")): Object: 'Object Repository/Principal/Page_Olva Courier  Home/img_Envo de cajas o paquetescon un peso mxi_37770f' is clicked on

27-11-2024T13:30:44 - [MESSAGE][PASSED] - Object: 'Object Repository/Principal/Page_Olva Courier  Home/img_Envo de cajas o paquetescon un peso mxi_37770f' is clicked on

27-11-2024T13:30:44 - [TEST_STEP][PASSED] - click(findTestObject("Object Repository/Principal/Page_Olva Courier  Home/label_He ledo y acepto los trminos de uso y_adab65")): Object: 'Object Repository/Principal/Page_Olva Courier  Home/label_He ledo y acepto los trminos de uso y_adab65' is clicked on

27-11-2024T13:30:45 - [MESSAGE][PASSED] - Object: 'Object Repository/Principal/Page_Olva Courier  Home/label_He ledo y acepto los trminos de uso y_adab65' is clicked on

27-11-2024T13:30:45 - [TEST_STEP][FAILED] - click(findTestObject("Object Repository/Principal/Page_Olva Courier  Home/button_CONTINUAR (2)")): Unable to click on object 'Object Repository/Principal/Page_Olva Courier  Home/button_CONTINUAR (2)' (Root cause: com.kms.katalon.core.exception.StepFailedException: Unable to click on object 'Object Repository/Principal/Page_Olva Courier  Home/button_CONTINUAR (2)'
	at com.kms.katalon.core.webui.keyword.internal.WebUIKeywordMain.stepFailed(WebUIKeywordMain.groovy:117)
	at com.kms.katalon.core.webui.keyword.internal.WebUIKeywordMain.runKeyword(WebUIKeywordMain.groovy:43)
	at com.kms.katalon.core.webui.keyword.builtin.ClickKeyword.click(ClickKeyword.groovy:74)
	at com.kms.katalon.core.webui.keyword.builtin.ClickKeyword.execute(ClickKeyword.groovy:40)
	at com.kms.katalon.core.keyword.internal.KeywordExecutor.executeKeywordForPlatform(KeywordExecutor.groovy:74)
	at com.kms.katalon.core.webui.keyword.WebUiBuiltInKeywords.click(WebUiBuiltInKeywords.groovy:659)
	at Selec_sobre.run(Selec_sobre:24)
	at com.kms.katalon.core.main.ScriptEngine.run(ScriptEngine.java:194)
	at com.kms.katalon.core.main.ScriptEngine.runScriptAsRawText(ScriptEngine.java:119)
	at com.kms.katalon.core.main.TestCaseExecutor.runScript(TestCaseExecutor.java:448)
	at com.kms.katalon.core.main.TestCaseExecutor.doExecute(TestCaseExecutor.java:439)
	at com.kms.katalon.core.main.TestCaseExecutor.processExecutionPhase(TestCaseExecutor.java:418)
	at com.kms.katalon.core.main.TestCaseExecutor.accessMainPhase(TestCaseExecutor.java:410)
	at com.kms.katalon.core.main.TestCaseExecutor.execute(TestCaseExecutor.java:285)
	at com.kms.katalon.core.main.TestCaseMain.runTestCase(TestCaseMain.java:137)
	at com.kms.katalon.core.keyword.builtin.CallTestCaseKeyword$_callTestCase_closure1.doCall(CallTestCaseKeyword.groovy:59)
	at com.kms.katalon.core.keyword.builtin.CallTestCaseKeyword$_callTestCase_closure1.call(CallTestCaseKeyword.groovy)
	at com.kms.katalon.core.keyword.internal.KeywordMain.runKeyword(KeywordMain.groovy:75)
	at com.kms.katalon.core.keyword.builtin.CallTestCaseKeyword.callTestCase(CallTestCaseKeyword.groovy:81)
	at com.kms.katalon.core.keyword.builtin.CallTestCaseKeyword.execute(CallTestCaseKeyword.groovy:44)
	at com.kms.katalon.core.keyword.internal.KeywordExecutor.executeKeywordForPlatform(KeywordExecutor.groovy:74)
	at com.kms.katalon.core.keyword.BuiltinKeywords.callTestCase(BuiltinKeywords.groovy:310)
	at jdk.internal.reflect.GeneratedMethodAccessor25.invoke(Unknown Source)
	at java.base/jdk.internal.reflect.DelegatingMethodAccessorImpl.invoke(DelegatingMethodAccessorImpl.java:43)
	at DecJura-Paquete.run(DecJura-Paquete:22)
	at com.kms.katalon.core.main.ScriptEngine.run(ScriptEngine.java:194)
	at com.kms.katalon.core.main.ScriptEngine.runScriptAsRawText(ScriptEngine.java:119)
	at com.kms.katalon.core.main.TestCaseExecutor.runScript(TestCaseExecutor.java:448)
	at com.kms.katalon.core.main.TestCaseExecutor.doExecute(TestCaseExecutor.java:439)
	at com.kms.katalon.core.main.TestCaseExecutor.processExecutionPhase(TestCaseExecutor.java:418)
	at com.kms.katalon.core.main.TestCaseExecutor.accessMainPhase(TestCaseExecutor.java:410)
	at com.kms.katalon.core.main.TestCaseExecutor.execute(TestCaseExecutor.java:285)
	at com.kms.katalon.core.common.CommonExecutor.accessTestCaseMainPhase(CommonExecutor.java:65)
	at com.kms.katalon.core.main.TestSuiteExecutor.accessTestSuiteMainPhase(TestSuiteExecutor.java:150)
	at com.kms.katalon.core.main.TestSuiteExecutor.execute(TestSuiteExecutor.java:106)
	at com.kms.katalon.core.main.TestCaseMain.startTestSuite(TestCaseMain.java:180)
	at TempTestSuite1732729948317.run(TempTestSuite1732729948317.groovy:35)
	at java.base/jdk.internal.reflect.NativeMethodAccessorImpl.invoke0(Native Method)
	at java.base/jdk.internal.reflect.NativeMethodAccessorImpl.invoke(NativeMethodAccessorImpl.java:77)
	at java.base/jdk.internal.reflect.DelegatingMethodAccessorImpl.invoke(DelegatingMethodAccessorImpl.java:43)
Caused by: org.openqa.selenium.ElementClickInterceptedException: Element <button id="btn_aceptar_tipo_envio" class="btn disabled" type="button"> is not clickable at point (675,588) because another element <div class="modal-footer"> obscures it
Build info: version: '3.141.59', revision: 'unknown', time: 'unknown'
System info: host: 'DESKTOP-RGFFP9A', ip: '10.136.10.6', os.name: 'Windows 11', os.arch: 'amd64', os.version: '10.0', java.version: '17.0.7'
Driver info: com.kms.katalon.core.webui.driver.firefox.CGeckoDriver
Capabilities {acceptInsecureCerts: true, browserName: firefox, browserVersion: 133.0, javascriptEnabled: true, moz:accessibilityChecks: false, moz:buildID: 20241121140525, moz:geckodriverVersion: 0.35.0, moz:headless: false, moz:platformVersion: 10.0, moz:processID: 39384, moz:profile: C:\Users\OLVATI\AppData\Loc..., moz:shutdownTimeout: 60000, moz:webdriverClick: true, moz:windowless: false, pageLoadStrategy: normal, platform: WINDOWS, platformName: WINDOWS, proxy: Proxy(direct), setWindowRect: true, strictFileInteractability: false, timeouts: {implicit: 0, pageLoad: 300000, script: 30000}, unhandledPromptBehavior: dismiss and notify, userAgent: Mozilla/5.0 (Windows NT 10....}
Session ID: b5b459c7-011a-4a81-96d8-24b644fa531a
	at jdk.internal.reflect.GeneratedConstructorAccessor32.newInstance(Unknown Source)
	at java.base/jdk.internal.reflect.DelegatingConstructorAccessorImpl.newInstance(DelegatingConstructorAccessorImpl.java:45)
	at org.openqa.selenium.remote.http.W3CHttpResponseCodec.createException(W3CHttpResponseCodec.java:187)
	at org.openqa.selenium.remote.http.W3CHttpResponseCodec.decode(W3CHttpResponseCodec.java:122)
	at org.openqa.selenium.remote.http.W3CHttpResponseCodec.decode(W3CHttpResponseCodec.java:49)
	at org.openqa.selenium.remote.HttpCommandExecutor.execute(HttpCommandExecutor.java:158)
	at org.openqa.selenium.remote.service.DriverCommandExecutor.execute(DriverCommandExecutor.java:83)
	at org.openqa.selenium.remote.RemoteWebDriver.execute(RemoteWebDriver.java:552)
	at com.kms.katalon.selenium.driver.CFirefoxDriver.execute(CFirefoxDriver.java:28)
	at org.openqa.selenium.remote.RemoteWebElement.execute(RemoteWebElement.java:285)
	at org.openqa.selenium.remote.RemoteWebElement.click(RemoteWebElement.java:84)
	at jdk.internal.reflect.GeneratedMethodAccessor10.invoke(Unknown Source)
	at java.base/jdk.internal.reflect.DelegatingMethodAccessorImpl.invoke(DelegatingMethodAccessorImpl.java:43)
	at org.openqa.selenium.support.events.EventFiringWebDriver$EventFiringWebElement.lambda$new$0(EventFiringWebDriver.java:404)
	at jdk.proxy2/jdk.proxy2.$Proxy21.click(Unknown Source)
	at org.openqa.selenium.support.events.EventFiringWebDriver$EventFiringWebElement.click(EventFiringWebDriver.java:417)
	at org.openqa.selenium.WebElement$click.call(Unknown Source)
	at com.kms.katalon.core.webui.keyword.builtin.ClickKeyword.clickUntilSuccessWithTimeout(ClickKeyword.groovy:81)
	at com.kms.katalon.core.webui.keyword.builtin.ClickKeyword.clickUntilSuccessWithTimeout(ClickKeyword.groovy)
	at jdk.internal.reflect.GeneratedMethodAccessor8.invoke(Unknown Source)
	at java.base/jdk.internal.reflect.DelegatingMethodAccessorImpl.invoke(DelegatingMethodAccessorImpl.java:43)
	at com.kms.katalon.core.webui.keyword.builtin.ClickKeyword$_click_closure1.doCall(ClickKeyword.groovy:67)
	at com.kms.katalon.core.webui.keyword.builtin.ClickKeyword$_click_closure1.call(ClickKeyword.groovy)
	at com.kms.katalon.core.webui.keyword.internal.WebUIKeywordMain.runKeyword(WebUIKeywordMain.groovy:35)
	at com.kms.katalon.core.webui.keyword.builtin.ClickKeyword.click(ClickKeyword.groovy:74)
	at com.kms.katalon.core.webui.keyword.builtin.ClickKeyword.execute(ClickKeyword.groovy:40)
	at com.kms.katalon.core.keyword.internal.KeywordExecutor.executeKeywordForPlatform(KeywordExecutor.groovy:74)
	at com.kms.katalon.core.webui.keyword.WebUiBuiltInKeywords.click(WebUiBuiltInKeywords.groovy:659)
	at Script1732083570761.run(Script1732083570761.groovy:24)
	at com.kms.katalon.core.main.ScriptEngine.run(ScriptEngine.java:194)
	at com.kms.katalon.core.main.ScriptEngine.runScriptAsRawText(ScriptEngine.java:119)
	at com.kms.katalon.core.main.TestCaseExecutor.runScript(TestCaseExecutor.java:448)
	at com.kms.katalon.core.main.TestCaseExecutor.doExecute(TestCaseExecutor.java:439)
	at com.kms.katalon.core.main.TestCaseExecutor.processExecutionPhase(TestCaseExecutor.java:418)
	at com.kms.katalon.core.main.TestCaseExecutor.accessMainPhase(TestCaseExecutor.java:410)
	at com.kms.katalon.core.main.TestCaseExecutor.execute(TestCaseExecutor.java:285)
	at com.kms.katalon.core.main.TestCaseMain.runTestCase(TestCaseMain.java:137)
	at com.kms.katalon.core.keyword.builtin.CallTestCaseKeyword$_callTestCase_closure1.doCall(CallTestCaseKeyword.groovy:59)
	at com.kms.katalon.core.keyword.builtin.CallTestCaseKeyword$_callTestCase_closure1.call(CallTestCaseKeyword.groovy)
	at com.kms.katalon.core.keyword.internal.KeywordMain.runKeyword(KeywordMain.groovy:75)
	at com.kms.katalon.core.keyword.builtin.CallTestCaseKeyword.callTestCase(CallTestCaseKeyword.groovy:81)
	at com.kms.katalon.core.keyword.builtin.CallTestCaseKeyword.execute(CallTestCaseKeyword.groovy:44)
	at com.kms.katalon.core.keyword.internal.KeywordExecutor.executeKeywordForPlatform(KeywordExecutor.groovy:74)
	at com.kms.katalon.core.keyword.BuiltinKeywords.callTestCase(BuiltinKeywords.groovy:310)
	at jdk.internal.reflect.GeneratedMethodAccessor25.invoke(Unknown Source)
	at java.base/jdk.internal.reflect.DelegatingMethodAccessorImpl.invoke(DelegatingMethodAccessorImpl.java:43)
	at Script1732341473542.run(Script1732341473542.groovy:22)
	... 15 more
)

27-11-2024T13:31:16 - [MESSAGE][FAILED] - Unable to click on object 'Object Repository/Principal/Page_Olva Courier  Home/button_CONTINUAR (2)' (Root cause: com.kms.katalon.core.exception.StepFailedException: Unable to click on object 'Object Repository/Principal/Page_Olva Courier  Home/button_CONTINUAR (2)'
	at com.kms.katalon.core.webui.keyword.internal.WebUIKeywordMain.stepFailed(WebUIKeywordMain.groovy:117)
	at com.kms.katalon.core.webui.keyword.internal.WebUIKeywordMain.runKeyword(WebUIKeywordMain.groovy:43)
	at com.kms.katalon.core.webui.keyword.builtin.ClickKeyword.click(ClickKeyword.groovy:74)
	at com.kms.katalon.core.webui.keyword.builtin.ClickKeyword.execute(ClickKeyword.groovy:40)
	at com.kms.katalon.core.keyword.internal.KeywordExecutor.executeKeywordForPlatform(KeywordExecutor.groovy:74)
	at com.kms.katalon.core.webui.keyword.WebUiBuiltInKeywords.click(WebUiBuiltInKeywords.groovy:659)
	at Selec_sobre.run(Selec_sobre:24)
	at com.kms.katalon.core.main.ScriptEngine.run(ScriptEngine.java:194)
	at com.kms.katalon.core.main.ScriptEngine.runScriptAsRawText(ScriptEngine.java:119)
	at com.kms.katalon.core.main.TestCaseExecutor.runScript(TestCaseExecutor.java:448)
	at com.kms.katalon.core.main.TestCaseExecutor.doExecute(TestCaseExecutor.java:439)
	at com.kms.katalon.core.main.TestCaseExecutor.processExecutionPhase(TestCaseExecutor.java:418)
	at com.kms.katalon.core.main.TestCaseExecutor.accessMainPhase(TestCaseExecutor.java:410)
	at com.kms.katalon.core.main.TestCaseExecutor.execute(TestCaseExecutor.java:285)
	at com.kms.katalon.core.main.TestCaseMain.runTestCase(TestCaseMain.java:137)
	at com.kms.katalon.core.keyword.builtin.CallTestCaseKeyword$_callTestCase_closure1.doCall(CallTestCaseKeyword.groovy:59)
	at com.kms.katalon.core.keyword.builtin.CallTestCaseKeyword$_callTestCase_closure1.call(CallTestCaseKeyword.groovy)
	at com.kms.katalon.core.keyword.internal.KeywordMain.runKeyword(KeywordMain.groovy:75)
	at com.kms.katalon.core.keyword.builtin.CallTestCaseKeyword.callTestCase(CallTestCaseKeyword.groovy:81)
	at com.kms.katalon.core.keyword.builtin.CallTestCaseKeyword.execute(CallTestCaseKeyword.groovy:44)
	at com.kms.katalon.core.keyword.internal.KeywordExecutor.executeKeywordForPlatform(KeywordExecutor.groovy:74)
	at com.kms.katalon.core.keyword.BuiltinKeywords.callTestCase(BuiltinKeywords.groovy:310)
	at jdk.internal.reflect.GeneratedMethodAccessor25.invoke(Unknown Source)
	at java.base/jdk.internal.reflect.DelegatingMethodAccessorImpl.invoke(DelegatingMethodAccessorImpl.java:43)
	at DecJura-Paquete.run(DecJura-Paquete:22)
	at com.kms.katalon.core.main.ScriptEngine.run(ScriptEngine.java:194)
	at com.kms.katalon.core.main.ScriptEngine.runScriptAsRawText(ScriptEngine.java:119)
	at com.kms.katalon.core.main.TestCaseExecutor.runScript(TestCaseExecutor.java:448)
	at com.kms.katalon.core.main.TestCaseExecutor.doExecute(TestCaseExecutor.java:439)
	at com.kms.katalon.core.main.TestCaseExecutor.processExecutionPhase(TestCaseExecutor.java:418)
	at com.kms.katalon.core.main.TestCaseExecutor.accessMainPhase(TestCaseExecutor.java:410)
	at com.kms.katalon.core.main.TestCaseExecutor.execute(TestCaseExecutor.java:285)
	at com.kms.katalon.core.common.CommonExecutor.accessTestCaseMainPhase(CommonExecutor.java:65)
	at com.kms.katalon.core.main.TestSuiteExecutor.accessTestSuiteMainPhase(TestSuiteExecutor.java:150)
	at com.kms.katalon.core.main.TestSuiteExecutor.execute(TestSuiteExecutor.java:106)
	at com.kms.katalon.core.main.TestCaseMain.startTestSuite(TestCaseMain.java:180)
	at TempTestSuite1732729948317.run(TempTestSuite1732729948317.groovy:35)
	at java.base/jdk.internal.reflect.NativeMethodAccessorImpl.invoke0(Native Method)
	at java.base/jdk.internal.reflect.NativeMethodAccessorImpl.invoke(NativeMethodAccessorImpl.java:77)
	at java.base/jdk.internal.reflect.DelegatingMethodAccessorImpl.invoke(DelegatingMethodAccessorImpl.java:43)
Caused by: org.openqa.selenium.ElementClickInterceptedException: Element <button id="btn_aceptar_tipo_envio" class="btn disabled" type="button"> is not clickable at point (675,588) because another element <div class="modal-footer"> obscures it
Build info: version: '3.141.59', revision: 'unknown', time: 'unknown'
System info: host: 'DESKTOP-RGFFP9A', ip: '10.136.10.6', os.name: 'Windows 11', os.arch: 'amd64', os.version: '10.0', java.version: '17.0.7'
Driver info: com.kms.katalon.core.webui.driver.firefox.CGeckoDriver
Capabilities {acceptInsecureCerts: true, browserName: firefox, browserVersion: 133.0, javascriptEnabled: true, moz:accessibilityChecks: false, moz:buildID: 20241121140525, moz:geckodriverVersion: 0.35.0, moz:headless: false, moz:platformVersion: 10.0, moz:processID: 39384, moz:profile: C:\Users\OLVATI\AppData\Loc..., moz:shutdownTimeout: 60000, moz:webdriverClick: true, moz:windowless: false, pageLoadStrategy: normal, platform: WINDOWS, platformName: WINDOWS, proxy: Proxy(direct), setWindowRect: true, strictFileInteractability: false, timeouts: {implicit: 0, pageLoad: 300000, script: 30000}, unhandledPromptBehavior: dismiss and notify, userAgent: Mozilla/5.0 (Windows NT 10....}
Session ID: b5b459c7-011a-4a81-96d8-24b644fa531a
	at jdk.internal.reflect.GeneratedConstructorAccessor32.newInstance(Unknown Source)
	at java.base/jdk.internal.reflect.DelegatingConstructorAccessorImpl.newInstance(DelegatingConstructorAccessorImpl.java:45)
	at org.openqa.selenium.remote.http.W3CHttpResponseCodec.createException(W3CHttpResponseCodec.java:187)
	at org.openqa.selenium.remote.http.W3CHttpResponseCodec.decode(W3CHttpResponseCodec.java:122)
	at org.openqa.selenium.remote.http.W3CHttpResponseCodec.decode(W3CHttpResponseCodec.java:49)
	at org.openqa.selenium.remote.HttpCommandExecutor.execute(HttpCommandExecutor.java:158)
	at org.openqa.selenium.remote.service.DriverCommandExecutor.execute(DriverCommandExecutor.java:83)
	at org.openqa.selenium.remote.RemoteWebDriver.execute(RemoteWebDriver.java:552)
	at com.kms.katalon.selenium.driver.CFirefoxDriver.execute(CFirefoxDriver.java:28)
	at org.openqa.selenium.remote.RemoteWebElement.execute(RemoteWebElement.java:285)
	at org.openqa.selenium.remote.RemoteWebElement.click(RemoteWebElement.java:84)
	at jdk.internal.reflect.GeneratedMethodAccessor10.invoke(Unknown Source)
	at java.base/jdk.internal.reflect.DelegatingMethodAccessorImpl.invoke(DelegatingMethodAccessorImpl.java:43)
	at org.openqa.selenium.support.events.EventFiringWebDriver$EventFiringWebElement.lambda$new$0(EventFiringWebDriver.java:404)
	at jdk.proxy2/jdk.proxy2.$Proxy21.click(Unknown Source)
	at org.openqa.selenium.support.events.EventFiringWebDriver$EventFiringWebElement.click(EventFiringWebDriver.java:417)
	at org.openqa.selenium.WebElement$click.call(Unknown Source)
	at com.kms.katalon.core.webui.keyword.builtin.ClickKeyword.clickUntilSuccessWithTimeout(ClickKeyword.groovy:81)
	at com.kms.katalon.core.webui.keyword.builtin.ClickKeyword.clickUntilSuccessWithTimeout(ClickKeyword.groovy)
	at jdk.internal.reflect.GeneratedMethodAccessor8.invoke(Unknown Source)
	at java.base/jdk.internal.reflect.DelegatingMethodAccessorImpl.invoke(DelegatingMethodAccessorImpl.java:43)
	at com.kms.katalon.core.webui.keyword.builtin.ClickKeyword$_click_closure1.doCall(ClickKeyword.groovy:67)
	at com.kms.katalon.core.webui.keyword.builtin.ClickKeyword$_click_closure1.call(ClickKeyword.groovy)
	at com.kms.katalon.core.webui.keyword.internal.WebUIKeywordMain.runKeyword(WebUIKeywordMain.groovy:35)
	at com.kms.katalon.core.webui.keyword.builtin.ClickKeyword.click(ClickKeyword.groovy:74)
	at com.kms.katalon.core.webui.keyword.builtin.ClickKeyword.execute(ClickKeyword.groovy:40)
	at com.kms.katalon.core.keyword.internal.KeywordExecutor.executeKeywordForPlatform(KeywordExecutor.groovy:74)
	at com.kms.katalon.core.webui.keyword.WebUiBuiltInKeywords.click(WebUiBuiltInKeywords.groovy:659)
	at Script1732083570761.run(Script1732083570761.groovy:24)
	at com.kms.katalon.core.main.ScriptEngine.run(ScriptEngine.java:194)
	at com.kms.katalon.core.main.ScriptEngine.runScriptAsRawText(ScriptEngine.java:119)
	at com.kms.katalon.core.main.TestCaseExecutor.runScript(TestCaseExecutor.java:448)
	at com.kms.katalon.core.main.TestCaseExecutor.doExecute(TestCaseExecutor.java:439)
	at com.kms.katalon.core.main.TestCaseExecutor.processExecutionPhase(TestCaseExecutor.java:418)
	at com.kms.katalon.core.main.TestCaseExecutor.accessMainPhase(TestCaseExecutor.java:410)
	at com.kms.katalon.core.main.TestCaseExecutor.execute(TestCaseExecutor.java:285)
	at com.kms.katalon.core.main.TestCaseMain.runTestCase(TestCaseMain.java:137)
	at com.kms.katalon.core.keyword.builtin.CallTestCaseKeyword$_callTestCase_closure1.doCall(CallTestCaseKeyword.groovy:59)
	at com.kms.katalon.core.keyword.builtin.CallTestCaseKeyword$_callTestCase_closure1.call(CallTestCaseKeyword.groovy)
	at com.kms.katalon.core.keyword.internal.KeywordMain.runKeyword(KeywordMain.groovy:75)
	at com.kms.katalon.core.keyword.builtin.CallTestCaseKeyword.callTestCase(CallTestCaseKeyword.groovy:81)
	at com.kms.katalon.core.keyword.builtin.CallTestCaseKeyword.execute(CallTestCaseKeyword.groovy:44)
	at com.kms.katalon.core.keyword.internal.KeywordExecutor.executeKeywordForPlatform(KeywordExecutor.groovy:74)
	at com.kms.katalon.core.keyword.BuiltinKeywords.callTestCase(BuiltinKeywords.groovy:310)
	at jdk.internal.reflect.GeneratedMethodAccessor25.invoke(Unknown Source)
	at java.base/jdk.internal.reflect.DelegatingMethodAccessorImpl.invoke(DelegatingMethodAccessorImpl.java:43)
	at Script1732341473542.run(Script1732341473542.groovy:22)
	... 15 more
)

27-11-2024T13:31:16 - [MESSAGE][FAILED] - Unable to call Test Case 'Test Cases/1.Inicio/1.1Principal/Selec_sobre' (Root cause: com.kms.katalon.core.exception.StepFailedException: Call Test Case 'Test Cases/1.Inicio/1.1Principal/Selec_sobre' failed
	at com.kms.katalon.core.keyword.builtin.CallTestCaseKeyword$_callTestCase_closure1.doCall(CallTestCaseKeyword.groovy:63)
	at com.kms.katalon.core.keyword.builtin.CallTestCaseKeyword$_callTestCase_closure1.call(CallTestCaseKeyword.groovy)
	at com.kms.katalon.core.keyword.internal.KeywordMain.runKeyword(KeywordMain.groovy:75)
	at com.kms.katalon.core.keyword.builtin.CallTestCaseKeyword.callTestCase(CallTestCaseKeyword.groovy:81)
	at com.kms.katalon.core.keyword.builtin.CallTestCaseKeyword.execute(CallTestCaseKeyword.groovy:44)
	at com.kms.katalon.core.keyword.internal.KeywordExecutor.executeKeywordForPlatform(KeywordExecutor.groovy:74)
	at com.kms.katalon.core.keyword.BuiltinKeywords.callTestCase(BuiltinKeywords.groovy:310)
	at jdk.internal.reflect.GeneratedMethodAccessor25.invoke(Unknown Source)
	at java.base/jdk.internal.reflect.DelegatingMethodAccessorImpl.invoke(DelegatingMethodAccessorImpl.java:43)
	at DecJura-Paquete.run(DecJura-Paquete:22)
	at com.kms.katalon.core.main.ScriptEngine.run(ScriptEngine.java:194)
	at com.kms.katalon.core.main.ScriptEngine.runScriptAsRawText(ScriptEngine.java:119)
	at com.kms.katalon.core.main.TestCaseExecutor.runScript(TestCaseExecutor.java:448)
	at com.kms.katalon.core.main.TestCaseExecutor.doExecute(TestCaseExecutor.java:439)
	at com.kms.katalon.core.main.TestCaseExecutor.processExecutionPhase(TestCaseExecutor.java:418)
	at com.kms.katalon.core.main.TestCaseExecutor.accessMainPhase(TestCaseExecutor.java:410)
	at com.kms.katalon.core.main.TestCaseExecutor.execute(TestCaseExecutor.java:285)
	at com.kms.katalon.core.common.CommonExecutor.accessTestCaseMainPhase(CommonExecutor.java:65)
	at com.kms.katalon.core.main.TestSuiteExecutor.accessTestSuiteMainPhase(TestSuiteExecutor.java:150)
	at com.kms.katalon.core.main.TestSuiteExecutor.execute(TestSuiteExecutor.java:106)
	at com.kms.katalon.core.main.TestCaseMain.startTestSuite(TestCaseMain.java:180)
	at TempTestSuite1732729948317.run(TempTestSuite1732729948317.groovy:35)
	at java.base/jdk.internal.reflect.NativeMethodAccessorImpl.invoke0(Native Method)
	at java.base/jdk.internal.reflect.NativeMethodAccessorImpl.invoke(NativeMethodAccessorImpl.java:77)
	at java.base/jdk.internal.reflect.DelegatingMethodAccessorImpl.invoke(DelegatingMethodAccessorImpl.java:43)
Caused by: com.kms.katalon.core.exception.StepFailedException: Unable to click on object 'Object Repository/Principal/Page_Olva Courier  Home/button_CONTINUAR (2)'
	at com.kms.katalon.core.webui.keyword.internal.WebUIKeywordMain.stepFailed(WebUIKeywordMain.groovy:117)
	at com.kms.katalon.core.webui.keyword.internal.WebUIKeywordMain.runKeyword(WebUIKeywordMain.groovy:43)
	at com.kms.katalon.core.webui.keyword.builtin.ClickKeyword.click(ClickKeyword.groovy:74)
	at com.kms.katalon.core.webui.keyword.builtin.ClickKeyword.execute(ClickKeyword.groovy:40)
	at com.kms.katalon.core.keyword.internal.KeywordExecutor.executeKeywordForPlatform(KeywordExecutor.groovy:74)
	at com.kms.katalon.core.webui.keyword.WebUiBuiltInKeywords.click(WebUiBuiltInKeywords.groovy:659)
	at Selec_sobre.run(Selec_sobre:24)
	at com.kms.katalon.core.main.ScriptEngine.run(ScriptEngine.java:194)
	at com.kms.katalon.core.main.ScriptEngine.runScriptAsRawText(ScriptEngine.java:119)
	at com.kms.katalon.core.main.TestCaseExecutor.runScript(TestCaseExecutor.java:448)
	at com.kms.katalon.core.main.TestCaseExecutor.doExecute(TestCaseExecutor.java:439)
	at com.kms.katalon.core.main.TestCaseExecutor.processExecutionPhase(TestCaseExecutor.java:418)
	at com.kms.katalon.core.main.TestCaseExecutor.accessMainPhase(TestCaseExecutor.java:410)
	at com.kms.katalon.core.main.TestCaseExecutor.execute(TestCaseExecutor.java:285)
	at com.kms.katalon.core.main.TestCaseMain.runTestCase(TestCaseMain.java:137)
	at com.kms.katalon.core.keyword.builtin.CallTestCaseKeyword$_callTestCase_closure1.doCall(CallTestCaseKeyword.groovy:59)
	... 24 more
Caused by: org.openqa.selenium.ElementClickInterceptedException: Element <button id="btn_aceptar_tipo_envio" class="btn disabled" type="button"> is not clickable at point (675,588) because another element <div class="modal-footer"> obscures it
Build info: version: '3.141.59', revision: 'unknown', time: 'unknown'
System info: host: 'DESKTOP-RGFFP9A', ip: '10.136.10.6', os.name: 'Windows 11', os.arch: 'amd64', os.version: '10.0', java.version: '17.0.7'
Driver info: com.kms.katalon.core.webui.driver.firefox.CGeckoDriver
Capabilities {acceptInsecureCerts: true, browserName: firefox, browserVersion: 133.0, javascriptEnabled: true, moz:accessibilityChecks: false, moz:buildID: 20241121140525, moz:geckodriverVersion: 0.35.0, moz:headless: false, moz:platformVersion: 10.0, moz:processID: 39384, moz:profile: C:\Users\OLVATI\AppData\Loc..., moz:shutdownTimeout: 60000, moz:webdriverClick: true, moz:windowless: false, pageLoadStrategy: normal, platform: WINDOWS, platformName: WINDOWS, proxy: Proxy(direct), setWindowRect: true, strictFileInteractability: false, timeouts: {implicit: 0, pageLoad: 300000, script: 30000}, unhandledPromptBehavior: dismiss and notify, userAgent: Mozilla/5.0 (Windows NT 10....}
Session ID: b5b459c7-011a-4a81-96d8-24b644fa531a
	at jdk.internal.reflect.GeneratedConstructorAccessor32.newInstance(Unknown Source)
	at java.base/jdk.internal.reflect.DelegatingConstructorAccessorImpl.newInstance(DelegatingConstructorAccessorImpl.java:45)
	at org.openqa.selenium.remote.http.W3CHttpResponseCodec.createException(W3CHttpResponseCodec.java:187)
	at org.openqa.selenium.remote.http.W3CHttpResponseCodec.decode(W3CHttpResponseCodec.java:122)
	at org.openqa.selenium.remote.http.W3CHttpResponseCodec.decode(W3CHttpResponseCodec.java:49)
	at org.openqa.selenium.remote.HttpCommandExecutor.execute(HttpCommandExecutor.java:158)
	at org.openqa.selenium.remote.service.DriverCommandExecutor.execute(DriverCommandExecutor.java:83)
	at org.openqa.selenium.remote.RemoteWebDriver.execute(RemoteWebDriver.java:552)
	at com.kms.katalon.selenium.driver.CFirefoxDriver.execute(CFirefoxDriver.java:28)
	at org.openqa.selenium.remote.RemoteWebElement.execute(RemoteWebElement.java:285)
	at org.openqa.selenium.remote.RemoteWebElement.click(RemoteWebElement.java:84)
	at jdk.internal.reflect.GeneratedMethodAccessor10.invoke(Unknown Source)
	at java.base/jdk.internal.reflect.DelegatingMethodAccessorImpl.invoke(DelegatingMethodAccessorImpl.java:43)
	at org.openqa.selenium.support.events.EventFiringWebDriver$EventFiringWebElement.lambda$new$0(EventFiringWebDriver.java:404)
	at jdk.proxy2/jdk.proxy2.$Proxy21.click(Unknown Source)
	at org.openqa.selenium.support.events.EventFiringWebDriver$EventFiringWebElement.click(EventFiringWebDriver.java:417)
	at org.openqa.selenium.WebElement$click.call(Unknown Source)
	at com.kms.katalon.core.webui.keyword.builtin.ClickKeyword.clickUntilSuccessWithTimeout(ClickKeyword.groovy:81)
	at com.kms.katalon.core.webui.keyword.builtin.ClickKeyword.clickUntilSuccessWithTimeout(ClickKeyword.groovy)
	at jdk.internal.reflect.GeneratedMethodAccessor8.invoke(Unknown Source)
	at java.base/jdk.internal.reflect.DelegatingMethodAccessorImpl.invoke(DelegatingMethodAccessorImpl.java:43)
	at com.kms.katalon.core.webui.keyword.builtin.ClickKeyword$_click_closure1.doCall(ClickKeyword.groovy:67)
	at com.kms.katalon.core.webui.keyword.builtin.ClickKeyword$_click_closure1.call(ClickKeyword.groovy)
	at com.kms.katalon.core.webui.keyword.internal.WebUIKeywordMain.runKeyword(WebUIKeywordMain.groovy:35)
	... 38 more
)]]></system-out>
         <system-err><![CDATA[27-11-2024T13:30:33 - [TEST_CASE][FAILED] - Test Cases/2.Positivos/2.2Sobre/Origen-Provincia/2.Valorado/Entrega_Domicilio/DecJura-Paquete: Test Cases/2.Positivos/2.2Sobre/Origen-Provincia/2.Valorado/Entrega_Domicilio/DecJura-Paquete FAILED.
Reason:
com.kms.katalon.core.exception.StepFailedException: Call Test Case 'Test Cases/1.Inicio/1.1Principal/Selec_sobre' failed
	at com.kms.katalon.core.keyword.builtin.CallTestCaseKeyword$_callTestCase_closure1.doCall(CallTestCaseKeyword.groovy:63)
	at com.kms.katalon.core.keyword.builtin.CallTestCaseKeyword$_callTestCase_closure1.call(CallTestCaseKeyword.groovy)
	at com.kms.katalon.core.keyword.internal.KeywordMain.runKeyword(KeywordMain.groovy:75)
	at com.kms.katalon.core.keyword.builtin.CallTestCaseKeyword.callTestCase(CallTestCaseKeyword.groovy:81)
	at com.kms.katalon.core.keyword.builtin.CallTestCaseKeyword.execute(CallTestCaseKeyword.groovy:44)
	at com.kms.katalon.core.keyword.internal.KeywordExecutor.executeKeywordForPlatform(KeywordExecutor.groovy:74)
	at com.kms.katalon.core.keyword.BuiltinKeywords.callTestCase(BuiltinKeywords.groovy:310)
	at jdk.internal.reflect.GeneratedMethodAccessor25.invoke(Unknown Source)
	at java.base/jdk.internal.reflect.DelegatingMethodAccessorImpl.invoke(DelegatingMethodAccessorImpl.java:43)
	at DecJura-Paquete.run(DecJura-Paquete:22)
	at com.kms.katalon.core.main.ScriptEngine.run(ScriptEngine.java:194)
	at com.kms.katalon.core.main.ScriptEngine.runScriptAsRawText(ScriptEngine.java:119)
	at com.kms.katalon.core.main.TestCaseExecutor.runScript(TestCaseExecutor.java:448)
	at com.kms.katalon.core.main.TestCaseExecutor.doExecute(TestCaseExecutor.java:439)
	at com.kms.katalon.core.main.TestCaseExecutor.processExecutionPhase(TestCaseExecutor.java:418)
	at com.kms.katalon.core.main.TestCaseExecutor.accessMainPhase(TestCaseExecutor.java:410)
	at com.kms.katalon.core.main.TestCaseExecutor.execute(TestCaseExecutor.java:285)
	at com.kms.katalon.core.common.CommonExecutor.accessTestCaseMainPhase(CommonExecutor.java:65)
	at com.kms.katalon.core.main.TestSuiteExecutor.accessTestSuiteMainPhase(TestSuiteExecutor.java:150)
	at com.kms.katalon.core.main.TestSuiteExecutor.execute(TestSuiteExecutor.java:106)
	at com.kms.katalon.core.main.TestCaseMain.startTestSuite(TestCaseMain.java:180)
	at TempTestSuite1732729948317.run(TempTestSuite1732729948317.groovy:35)
	at java.base/jdk.internal.reflect.NativeMethodAccessorImpl.invoke0(Native Method)
	at java.base/jdk.internal.reflect.NativeMethodAccessorImpl.invoke(NativeMethodAccessorImpl.java:77)
	at java.base/jdk.internal.reflect.DelegatingMethodAccessorImpl.invoke(DelegatingMethodAccessorImpl.java:43)
Caused by: com.kms.katalon.core.exception.StepFailedException: Unable to click on object 'Object Repository/Principal/Page_Olva Courier  Home/button_CONTINUAR (2)'
	at com.kms.katalon.core.webui.keyword.internal.WebUIKeywordMain.stepFailed(WebUIKeywordMain.groovy:117)
	at com.kms.katalon.core.webui.keyword.internal.WebUIKeywordMain.runKeyword(WebUIKeywordMain.groovy:43)
	at com.kms.katalon.core.webui.keyword.builtin.ClickKeyword.click(ClickKeyword.groovy:74)
	at com.kms.katalon.core.webui.keyword.builtin.ClickKeyword.execute(ClickKeyword.groovy:40)
	at com.kms.katalon.core.keyword.internal.KeywordExecutor.executeKeywordForPlatform(KeywordExecutor.groovy:74)
	at com.kms.katalon.core.webui.keyword.WebUiBuiltInKeywords.click(WebUiBuiltInKeywords.groovy:659)
	at Selec_sobre.run(Selec_sobre:24)
	at com.kms.katalon.core.main.ScriptEngine.run(ScriptEngine.java:194)
	at com.kms.katalon.core.main.ScriptEngine.runScriptAsRawText(ScriptEngine.java:119)
	at com.kms.katalon.core.main.TestCaseExecutor.runScript(TestCaseExecutor.java:448)
	at com.kms.katalon.core.main.TestCaseExecutor.doExecute(TestCaseExecutor.java:439)
	at com.kms.katalon.core.main.TestCaseExecutor.processExecutionPhase(TestCaseExecutor.java:418)
	at com.kms.katalon.core.main.TestCaseExecutor.accessMainPhase(TestCaseExecutor.java:410)
	at com.kms.katalon.core.main.TestCaseExecutor.execute(TestCaseExecutor.java:285)
	at com.kms.katalon.core.main.TestCaseMain.runTestCase(TestCaseMain.java:137)
	at com.kms.katalon.core.keyword.builtin.CallTestCaseKeyword$_callTestCase_closure1.doCall(CallTestCaseKeyword.groovy:59)
	... 24 more
Caused by: org.openqa.selenium.ElementClickInterceptedException: Element <button id="btn_aceptar_tipo_envio" class="btn disabled" type="button"> is not clickable at point (675,588) because another element <div class="modal-footer"> obscures it
Build info: version: '3.141.59', revision: 'unknown', time: 'unknown'
System info: host: 'DESKTOP-RGFFP9A', ip: '10.136.10.6', os.name: 'Windows 11', os.arch: 'amd64', os.version: '10.0', java.version: '17.0.7'
Driver info: com.kms.katalon.core.webui.driver.firefox.CGeckoDriver
Capabilities {acceptInsecureCerts: true, browserName: firefox, browserVersion: 133.0, javascriptEnabled: true, moz:accessibilityChecks: false, moz:buildID: 20241121140525, moz:geckodriverVersion: 0.35.0, moz:headless: false, moz:platformVersion: 10.0, moz:processID: 39384, moz:profile: C:\Users\OLVATI\AppData\Loc..., moz:shutdownTimeout: 60000, moz:webdriverClick: true, moz:windowless: false, pageLoadStrategy: normal, platform: WINDOWS, platformName: WINDOWS, proxy: Proxy(direct), setWindowRect: true, strictFileInteractability: false, timeouts: {implicit: 0, pageLoad: 300000, script: 30000}, unhandledPromptBehavior: dismiss and notify, userAgent: Mozilla/5.0 (Windows NT 10....}
Session ID: b5b459c7-011a-4a81-96d8-24b644fa531a
	at jdk.internal.reflect.GeneratedConstructorAccessor32.newInstance(Unknown Source)
	at java.base/jdk.internal.reflect.DelegatingConstructorAccessorImpl.newInstance(DelegatingConstructorAccessorImpl.java:45)
	at org.openqa.selenium.remote.http.W3CHttpResponseCodec.createException(W3CHttpResponseCodec.java:187)
	at org.openqa.selenium.remote.http.W3CHttpResponseCodec.decode(W3CHttpResponseCodec.java:122)
	at org.openqa.selenium.remote.http.W3CHttpResponseCodec.decode(W3CHttpResponseCodec.java:49)
	at org.openqa.selenium.remote.HttpCommandExecutor.execute(HttpCommandExecutor.java:158)
	at org.openqa.selenium.remote.service.DriverCommandExecutor.execute(DriverCommandExecutor.java:83)
	at org.openqa.selenium.remote.RemoteWebDriver.execute(RemoteWebDriver.java:552)
	at com.kms.katalon.selenium.driver.CFirefoxDriver.execute(CFirefoxDriver.java:28)
	at org.openqa.selenium.remote.RemoteWebElement.execute(RemoteWebElement.java:285)
	at org.openqa.selenium.remote.RemoteWebElement.click(RemoteWebElement.java:84)
	at jdk.internal.reflect.GeneratedMethodAccessor10.invoke(Unknown Source)
	at java.base/jdk.internal.reflect.DelegatingMethodAccessorImpl.invoke(DelegatingMethodAccessorImpl.java:43)
	at org.openqa.selenium.support.events.EventFiringWebDriver$EventFiringWebElement.lambda$new$0(EventFiringWebDriver.java:404)
	at jdk.proxy2/jdk.proxy2.$Proxy21.click(Unknown Source)
	at org.openqa.selenium.support.events.EventFiringWebDriver$EventFiringWebElement.click(EventFiringWebDriver.java:417)
	at org.openqa.selenium.WebElement$click.call(Unknown Source)
	at com.kms.katalon.core.webui.keyword.builtin.ClickKeyword.clickUntilSuccessWithTimeout(ClickKeyword.groovy:81)
	at com.kms.katalon.core.webui.keyword.builtin.ClickKeyword.clickUntilSuccessWithTimeout(ClickKeyword.groovy)
	at jdk.internal.reflect.GeneratedMethodAccessor8.invoke(Unknown Source)
	at java.base/jdk.internal.reflect.DelegatingMethodAccessorImpl.invoke(DelegatingMethodAccessorImpl.java:43)
	at com.kms.katalon.core.webui.keyword.builtin.ClickKeyword$_click_closure1.doCall(ClickKeyword.groovy:67)
	at com.kms.katalon.core.webui.keyword.builtin.ClickKeyword$_click_closure1.call(ClickKeyword.groovy)
	at com.kms.katalon.core.webui.keyword.internal.WebUIKeywordMain.runKeyword(WebUIKeywordMain.groovy:35)
	... 38 more]]></system-err>
      </testcase>
      <testcase name="Test Cases/2.Positivos/2.2Sobre/Origen-Provincia/1.Nuevo-Cliente/RUC" time="0.009" classname="Test Cases/2.Positivos/2.2Sobre/Origen-Provincia/1.Nuevo-Cliente/RUC" status="PASSED">
         <system-out><![CDATA[27-11-2024T13:31:16 - [TEST_CASE][PASSED] - Test Cases/2.Positivos/2.2Sobre/Origen-Provincia/1.Nuevo-Cliente/RUC: Test Cases/2.Positivos/2.2Sobre/Origen-Provincia/1.Nuevo-Cliente/RUC

27-11-2024T13:31:16 - [TEST_STEP][PASSED] - return null: null]]></system-out>
         <system-err><![CDATA[]]></system-err>
      </testcase>
      <testcase name="Test Cases/2.Positivos/2.2Sobre/Origen-Provincia/1.Nuevo-Cliente/DNI" time="0.007" classname="Test Cases/2.Positivos/2.2Sobre/Origen-Provincia/1.Nuevo-Cliente/DNI" status="PASSED">
         <system-out><![CDATA[27-11-2024T13:31:16 - [TEST_CASE][PASSED] - Test Cases/2.Positivos/2.2Sobre/Origen-Provincia/1.Nuevo-Cliente/DNI: Test Cases/2.Positivos/2.2Sobre/Origen-Provincia/1.Nuevo-Cliente/DNI

27-11-2024T13:31:16 - [TEST_STEP][PASSED] - return null: null]]></system-out>
         <system-err><![CDATA[]]></system-err>
      </testcase>
      <testcase name="Test Cases/2.Positivos/2.2Sobre/Origen-Provincia/1.Nuevo-Cliente/CE" time="0.011" classname="Test Cases/2.Positivos/2.2Sobre/Origen-Provincia/1.Nuevo-Cliente/CE" status="PASSED">
         <system-out><![CDATA[27-11-2024T13:31:16 - [TEST_CASE][PASSED] - Test Cases/2.Positivos/2.2Sobre/Origen-Provincia/1.Nuevo-Cliente/CE: Test Cases/2.Positivos/2.2Sobre/Origen-Provincia/1.Nuevo-Cliente/CE

27-11-2024T13:31:16 - [TEST_STEP][PASSED] - return null: null]]></system-out>
         <system-err><![CDATA[]]></system-err>
      </testcase>
      <testcase name="Test Cases/2.Positivos/2.2Sobre/Origen-Lima/Validar resumen ---" time="44.269" classname="Test Cases/2.Positivos/2.2Sobre/Origen-Lima/Validar resumen ---" status="FAILED">
         <failure type="FAILED" message="Test Cases/2.Positivos/2.2Sobre/Origen-Lima/Validar resumen --- FAILED.&#xa;Reason:&#xa;com.kms.katalon.core.exception.StepFailedException: Call Test Case 'Test Cases/1.Inicio/1.1Principal/Selec_sobre' failed&#xa;	at com.kms.katalon.core.keyword.builtin.CallTestCaseKeyword$_callTestCase_closure1.doCall(CallTestCaseKeyword.groovy:63)&#xa;	at com.kms.katalon.core.keyword.builtin.CallTestCaseKeyword$_callTestCase_closure1.call(CallTestCaseKeyword.groovy)&#xa;	at com.kms.katalon.core.keyword.internal.KeywordMain.runKeyword(KeywordMain.groovy:75)&#xa;	at com.kms.katalon.core.keyword.builtin.CallTestCaseKeyword.callTestCase(CallTestCaseKeyword.groovy:81)&#xa;	at com.kms.katalon.core.keyword.builtin.CallTestCaseKeyword.execute(CallTestCaseKeyword.groovy:44)&#xa;	at com.kms.katalon.core.keyword.internal.KeywordExecutor.executeKeywordForPlatform(KeywordExecutor.groovy:74)&#xa;	at com.kms.katalon.core.keyword.BuiltinKeywords.callTestCase(BuiltinKeywords.groovy:310)&#xa;	at jdk.internal.reflect.GeneratedMethodAccessor25.invoke(Unknown Source)&#xa;	at java.base/jdk.internal.reflect.DelegatingMethodAccessorImpl.invoke(DelegatingMethodAccessorImpl.java:43)&#xa;	at Validar resumen ---.run(Validar resumen ---:22)&#xa;	at com.kms.katalon.core.main.ScriptEngine.run(ScriptEngine.java:194)&#xa;	at com.kms.katalon.core.main.ScriptEngine.runScriptAsRawText(ScriptEngine.java:119)&#xa;	at com.kms.katalon.core.main.TestCaseExecutor.runScript(TestCaseExecutor.java:448)&#xa;	at com.kms.katalon.core.main.TestCaseExecutor.doExecute(TestCaseExecutor.java:439)&#xa;	at com.kms.katalon.core.main.TestCaseExecutor.processExecutionPhase(TestCaseExecutor.java:418)&#xa;	at com.kms.katalon.core.main.TestCaseExecutor.accessMainPhase(TestCaseExecutor.java:410)&#xa;	at com.kms.katalon.core.main.TestCaseExecutor.execute(TestCaseExecutor.java:285)&#xa;	at com.kms.katalon.core.common.CommonExecutor.accessTestCaseMainPhase(CommonExecutor.java:65)&#xa;	at com.kms.katalon.core.main.TestSuiteExecutor.accessTestSuiteMainPhase(TestSuiteExecutor.java:150)&#xa;	at com.kms.katalon.core.main.TestSuiteExecutor.execute(TestSuiteExecutor.java:106)&#xa;	at com.kms.katalon.core.main.TestCaseMain.startTestSuite(TestCaseMain.java:180)&#xa;	at TempTestSuite1732729948317.run(TempTestSuite1732729948317.groovy:35)&#xa;	at java.base/jdk.internal.reflect.NativeMethodAccessorImpl.invoke0(Native Method)&#xa;	at java.base/jdk.internal.reflect.NativeMethodAccessorImpl.invoke(NativeMethodAccessorImpl.java:77)&#xa;	at java.base/jdk.internal.reflect.DelegatingMethodAccessorImpl.invoke(DelegatingMethodAccessorImpl.java:43)&#xa;Caused by: com.kms.katalon.core.exception.StepFailedException: Unable to click on object 'Object Repository/Principal/Page_Olva Courier  Home/button_CONTINUAR (2)'&#xa;	at com.kms.katalon.core.webui.keyword.internal.WebUIKeywordMain.stepFailed(WebUIKeywordMain.groovy:117)&#xa;	at com.kms.katalon.core.webui.keyword.internal.WebUIKeywordMain.runKeyword(WebUIKeywordMain.groovy:43)&#xa;	at com.kms.katalon.core.webui.keyword.builtin.ClickKeyword.click(ClickKeyword.groovy:74)&#xa;	at com.kms.katalon.core.webui.keyword.builtin.ClickKeyword.execute(ClickKeyword.groovy:40)&#xa;	at com.kms.katalon.core.keyword.internal.KeywordExecutor.executeKeywordForPlatform(KeywordExecutor.groovy:74)&#xa;	at com.kms.katalon.core.webui.keyword.WebUiBuiltInKeywords.click(WebUiBuiltInKeywords.groovy:659)&#xa;	at Selec_sobre.run(Selec_sobre:24)&#xa;	at com.kms.katalon.core.main.ScriptEngine.run(ScriptEngine.java:194)&#xa;	at com.kms.katalon.core.main.ScriptEngine.runScriptAsRawText(ScriptEngine.java:119)&#xa;	at com.kms.katalon.core.main.TestCaseExecutor.runScript(TestCaseExecutor.java:448)&#xa;	at com.kms.katalon.core.main.TestCaseExecutor.doExecute(TestCaseExecutor.java:439)&#xa;	at com.kms.katalon.core.main.TestCaseExecutor.processExecutionPhase(TestCaseExecutor.java:418)&#xa;	at com.kms.katalon.core.main.TestCaseExecutor.accessMainPhase(TestCaseExecutor.java:410)&#xa;	at com.kms.katalon.core.main.TestCaseExecutor.execute(TestCaseExecutor.java:285)&#xa;	at com.kms.katalon.core.main.TestCaseMain.runTestCase(TestCaseMain.java:137)&#xa;	at com.kms.katalon.core.keyword.builtin.CallTestCaseKeyword$_callTestCase_closure1.doCall(CallTestCaseKeyword.groovy:59)&#xa;	... 24 more&#xa;Caused by: org.openqa.selenium.ElementClickInterceptedException: Element &lt;button id=&quot;btn_aceptar_tipo_envio&quot; class=&quot;btn disabled&quot; type=&quot;button&quot;> is not clickable at point (675,588) because another element &lt;div class=&quot;modal-footer&quot;> obscures it&#xa;Build info: version: '3.141.59', revision: 'unknown', time: 'unknown'&#xa;System info: host: 'DESKTOP-RGFFP9A', ip: '10.136.10.6', os.name: 'Windows 11', os.arch: 'amd64', os.version: '10.0', java.version: '17.0.7'&#xa;Driver info: com.kms.katalon.core.webui.driver.firefox.CGeckoDriver&#xa;Capabilities {acceptInsecureCerts: true, browserName: firefox, browserVersion: 133.0, javascriptEnabled: true, moz:accessibilityChecks: false, moz:buildID: 20241121140525, moz:geckodriverVersion: 0.35.0, moz:headless: false, moz:platformVersion: 10.0, moz:processID: 9860, moz:profile: C:\Users\OLVATI\AppData\Loc..., moz:shutdownTimeout: 60000, moz:webdriverClick: true, moz:windowless: false, pageLoadStrategy: normal, platform: WINDOWS, platformName: WINDOWS, proxy: Proxy(direct), setWindowRect: true, strictFileInteractability: false, timeouts: {implicit: 0, pageLoad: 300000, script: 30000}, unhandledPromptBehavior: dismiss and notify, userAgent: Mozilla/5.0 (Windows NT 10....}&#xa;Session ID: c1eea72e-0007-4601-81e8-0f1e3ce06739&#xa;	at jdk.internal.reflect.GeneratedConstructorAccessor32.newInstance(Unknown Source)&#xa;	at java.base/jdk.internal.reflect.DelegatingConstructorAccessorImpl.newInstance(DelegatingConstructorAccessorImpl.java:45)&#xa;	at org.openqa.selenium.remote.http.W3CHttpResponseCodec.createException(W3CHttpResponseCodec.java:187)&#xa;	at org.openqa.selenium.remote.http.W3CHttpResponseCodec.decode(W3CHttpResponseCodec.java:122)&#xa;	at org.openqa.selenium.remote.http.W3CHttpResponseCodec.decode(W3CHttpResponseCodec.java:49)&#xa;	at org.openqa.selenium.remote.HttpCommandExecutor.execute(HttpCommandExecutor.java:158)&#xa;	at org.openqa.selenium.remote.service.DriverCommandExecutor.execute(DriverCommandExecutor.java:83)&#xa;	at org.openqa.selenium.remote.RemoteWebDriver.execute(RemoteWebDriver.java:552)&#xa;	at com.kms.katalon.selenium.driver.CFirefoxDriver.execute(CFirefoxDriver.java:28)&#xa;	at org.openqa.selenium.remote.RemoteWebElement.execute(RemoteWebElement.java:285)&#xa;	at org.openqa.selenium.remote.RemoteWebElement.click(RemoteWebElement.java:84)&#xa;	at jdk.internal.reflect.GeneratedMethodAccessor10.invoke(Unknown Source)&#xa;	at java.base/jdk.internal.reflect.DelegatingMethodAccessorImpl.invoke(DelegatingMethodAccessorImpl.java:43)&#xa;	at org.openqa.selenium.support.events.EventFiringWebDriver$EventFiringWebElement.lambda$new$0(EventFiringWebDriver.java:404)&#xa;	at jdk.proxy2/jdk.proxy2.$Proxy21.click(Unknown Source)&#xa;	at org.openqa.selenium.support.events.EventFiringWebDriver$EventFiringWebElement.click(EventFiringWebDriver.java:417)&#xa;	at org.openqa.selenium.WebElement$click.call(Unknown Source)&#xa;	at com.kms.katalon.core.webui.keyword.builtin.ClickKeyword.clickUntilSuccessWithTimeout(ClickKeyword.groovy:81)&#xa;	at com.kms.katalon.core.webui.keyword.builtin.ClickKeyword.clickUntilSuccessWithTimeout(ClickKeyword.groovy)&#xa;	at jdk.internal.reflect.GeneratedMethodAccessor8.invoke(Unknown Source)&#xa;	at java.base/jdk.internal.reflect.DelegatingMethodAccessorImpl.invoke(DelegatingMethodAccessorImpl.java:43)&#xa;	at com.kms.katalon.core.webui.keyword.builtin.ClickKeyword$_click_closure1.doCall(ClickKeyword.groovy:67)&#xa;	at com.kms.katalon.core.webui.keyword.builtin.ClickKeyword$_click_closure1.call(ClickKeyword.groovy)&#xa;	at com.kms.katalon.core.webui.keyword.internal.WebUIKeywordMain.runKeyword(WebUIKeywordMain.groovy:35)&#xa;	... 38 more&#xa;"/>
         <system-out><![CDATA[27-11-2024T13:31:16 - [TEST_CASE][FAILED] - Test Cases/2.Positivos/2.2Sobre/Origen-Lima/Validar resumen ---: Test Cases/2.Positivos/2.2Sobre/Origen-Lima/Validar resumen --- FAILED.
Reason:
com.kms.katalon.core.exception.StepFailedException: Call Test Case 'Test Cases/1.Inicio/1.1Principal/Selec_sobre' failed
	at com.kms.katalon.core.keyword.builtin.CallTestCaseKeyword$_callTestCase_closure1.doCall(CallTestCaseKeyword.groovy:63)
	at com.kms.katalon.core.keyword.builtin.CallTestCaseKeyword$_callTestCase_closure1.call(CallTestCaseKeyword.groovy)
	at com.kms.katalon.core.keyword.internal.KeywordMain.runKeyword(KeywordMain.groovy:75)
	at com.kms.katalon.core.keyword.builtin.CallTestCaseKeyword.callTestCase(CallTestCaseKeyword.groovy:81)
	at com.kms.katalon.core.keyword.builtin.CallTestCaseKeyword.execute(CallTestCaseKeyword.groovy:44)
	at com.kms.katalon.core.keyword.internal.KeywordExecutor.executeKeywordForPlatform(KeywordExecutor.groovy:74)
	at com.kms.katalon.core.keyword.BuiltinKeywords.callTestCase(BuiltinKeywords.groovy:310)
	at jdk.internal.reflect.GeneratedMethodAccessor25.invoke(Unknown Source)
	at java.base/jdk.internal.reflect.DelegatingMethodAccessorImpl.invoke(DelegatingMethodAccessorImpl.java:43)
	at Validar resumen ---.run(Validar resumen ---:22)
	at com.kms.katalon.core.main.ScriptEngine.run(ScriptEngine.java:194)
	at com.kms.katalon.core.main.ScriptEngine.runScriptAsRawText(ScriptEngine.java:119)
	at com.kms.katalon.core.main.TestCaseExecutor.runScript(TestCaseExecutor.java:448)
	at com.kms.katalon.core.main.TestCaseExecutor.doExecute(TestCaseExecutor.java:439)
	at com.kms.katalon.core.main.TestCaseExecutor.processExecutionPhase(TestCaseExecutor.java:418)
	at com.kms.katalon.core.main.TestCaseExecutor.accessMainPhase(TestCaseExecutor.java:410)
	at com.kms.katalon.core.main.TestCaseExecutor.execute(TestCaseExecutor.java:285)
	at com.kms.katalon.core.common.CommonExecutor.accessTestCaseMainPhase(CommonExecutor.java:65)
	at com.kms.katalon.core.main.TestSuiteExecutor.accessTestSuiteMainPhase(TestSuiteExecutor.java:150)
	at com.kms.katalon.core.main.TestSuiteExecutor.execute(TestSuiteExecutor.java:106)
	at com.kms.katalon.core.main.TestCaseMain.startTestSuite(TestCaseMain.java:180)
	at TempTestSuite1732729948317.run(TempTestSuite1732729948317.groovy:35)
	at java.base/jdk.internal.reflect.NativeMethodAccessorImpl.invoke0(Native Method)
	at java.base/jdk.internal.reflect.NativeMethodAccessorImpl.invoke(NativeMethodAccessorImpl.java:77)
	at java.base/jdk.internal.reflect.DelegatingMethodAccessorImpl.invoke(DelegatingMethodAccessorImpl.java:43)
Caused by: com.kms.katalon.core.exception.StepFailedException: Unable to click on object 'Object Repository/Principal/Page_Olva Courier  Home/button_CONTINUAR (2)'
	at com.kms.katalon.core.webui.keyword.internal.WebUIKeywordMain.stepFailed(WebUIKeywordMain.groovy:117)
	at com.kms.katalon.core.webui.keyword.internal.WebUIKeywordMain.runKeyword(WebUIKeywordMain.groovy:43)
	at com.kms.katalon.core.webui.keyword.builtin.ClickKeyword.click(ClickKeyword.groovy:74)
	at com.kms.katalon.core.webui.keyword.builtin.ClickKeyword.execute(ClickKeyword.groovy:40)
	at com.kms.katalon.core.keyword.internal.KeywordExecutor.executeKeywordForPlatform(KeywordExecutor.groovy:74)
	at com.kms.katalon.core.webui.keyword.WebUiBuiltInKeywords.click(WebUiBuiltInKeywords.groovy:659)
	at Selec_sobre.run(Selec_sobre:24)
	at com.kms.katalon.core.main.ScriptEngine.run(ScriptEngine.java:194)
	at com.kms.katalon.core.main.ScriptEngine.runScriptAsRawText(ScriptEngine.java:119)
	at com.kms.katalon.core.main.TestCaseExecutor.runScript(TestCaseExecutor.java:448)
	at com.kms.katalon.core.main.TestCaseExecutor.doExecute(TestCaseExecutor.java:439)
	at com.kms.katalon.core.main.TestCaseExecutor.processExecutionPhase(TestCaseExecutor.java:418)
	at com.kms.katalon.core.main.TestCaseExecutor.accessMainPhase(TestCaseExecutor.java:410)
	at com.kms.katalon.core.main.TestCaseExecutor.execute(TestCaseExecutor.java:285)
	at com.kms.katalon.core.main.TestCaseMain.runTestCase(TestCaseMain.java:137)
	at com.kms.katalon.core.keyword.builtin.CallTestCaseKeyword$_callTestCase_closure1.doCall(CallTestCaseKeyword.groovy:59)
	... 24 more
Caused by: org.openqa.selenium.ElementClickInterceptedException: Element <button id="btn_aceptar_tipo_envio" class="btn disabled" type="button"> is not clickable at point (675,588) because another element <div class="modal-footer"> obscures it
Build info: version: '3.141.59', revision: 'unknown', time: 'unknown'
System info: host: 'DESKTOP-RGFFP9A', ip: '10.136.10.6', os.name: 'Windows 11', os.arch: 'amd64', os.version: '10.0', java.version: '17.0.7'
Driver info: com.kms.katalon.core.webui.driver.firefox.CGeckoDriver
Capabilities {acceptInsecureCerts: true, browserName: firefox, browserVersion: 133.0, javascriptEnabled: true, moz:accessibilityChecks: false, moz:buildID: 20241121140525, moz:geckodriverVersion: 0.35.0, moz:headless: false, moz:platformVersion: 10.0, moz:processID: 9860, moz:profile: C:\Users\OLVATI\AppData\Loc..., moz:shutdownTimeout: 60000, moz:webdriverClick: true, moz:windowless: false, pageLoadStrategy: normal, platform: WINDOWS, platformName: WINDOWS, proxy: Proxy(direct), setWindowRect: true, strictFileInteractability: false, timeouts: {implicit: 0, pageLoad: 300000, script: 30000}, unhandledPromptBehavior: dismiss and notify, userAgent: Mozilla/5.0 (Windows NT 10....}
Session ID: c1eea72e-0007-4601-81e8-0f1e3ce06739
	at jdk.internal.reflect.GeneratedConstructorAccessor32.newInstance(Unknown Source)
	at java.base/jdk.internal.reflect.DelegatingConstructorAccessorImpl.newInstance(DelegatingConstructorAccessorImpl.java:45)
	at org.openqa.selenium.remote.http.W3CHttpResponseCodec.createException(W3CHttpResponseCodec.java:187)
	at org.openqa.selenium.remote.http.W3CHttpResponseCodec.decode(W3CHttpResponseCodec.java:122)
	at org.openqa.selenium.remote.http.W3CHttpResponseCodec.decode(W3CHttpResponseCodec.java:49)
	at org.openqa.selenium.remote.HttpCommandExecutor.execute(HttpCommandExecutor.java:158)
	at org.openqa.selenium.remote.service.DriverCommandExecutor.execute(DriverCommandExecutor.java:83)
	at org.openqa.selenium.remote.RemoteWebDriver.execute(RemoteWebDriver.java:552)
	at com.kms.katalon.selenium.driver.CFirefoxDriver.execute(CFirefoxDriver.java:28)
	at org.openqa.selenium.remote.RemoteWebElement.execute(RemoteWebElement.java:285)
	at org.openqa.selenium.remote.RemoteWebElement.click(RemoteWebElement.java:84)
	at jdk.internal.reflect.GeneratedMethodAccessor10.invoke(Unknown Source)
	at java.base/jdk.internal.reflect.DelegatingMethodAccessorImpl.invoke(DelegatingMethodAccessorImpl.java:43)
	at org.openqa.selenium.support.events.EventFiringWebDriver$EventFiringWebElement.lambda$new$0(EventFiringWebDriver.java:404)
	at jdk.proxy2/jdk.proxy2.$Proxy21.click(Unknown Source)
	at org.openqa.selenium.support.events.EventFiringWebDriver$EventFiringWebElement.click(EventFiringWebDriver.java:417)
	at org.openqa.selenium.WebElement$click.call(Unknown Source)
	at com.kms.katalon.core.webui.keyword.builtin.ClickKeyword.clickUntilSuccessWithTimeout(ClickKeyword.groovy:81)
	at com.kms.katalon.core.webui.keyword.builtin.ClickKeyword.clickUntilSuccessWithTimeout(ClickKeyword.groovy)
	at jdk.internal.reflect.GeneratedMethodAccessor8.invoke(Unknown Source)
	at java.base/jdk.internal.reflect.DelegatingMethodAccessorImpl.invoke(DelegatingMethodAccessorImpl.java:43)
	at com.kms.katalon.core.webui.keyword.builtin.ClickKeyword$_click_closure1.doCall(ClickKeyword.groovy:67)
	at com.kms.katalon.core.webui.keyword.builtin.ClickKeyword$_click_closure1.call(ClickKeyword.groovy)
	at com.kms.katalon.core.webui.keyword.internal.WebUIKeywordMain.runKeyword(WebUIKeywordMain.groovy:35)
	... 38 more


27-11-2024T13:31:16 - [TEST_STEP][PASSED] - callTestCase(findTestCase("1.Inicio/1.1Principal/Principal-home"), [:], STOP_ON_FAILURE): Call Test Case 'Test Cases/1.Inicio/1.1Principal/Principal-home' successfully

27-11-2024T13:31:16 - [TEST_CASE][PASSED] - Test Cases/1.Inicio/1.1Principal/Principal-home: Test Cases/1.Inicio/1.1Principal/Principal-home

27-11-2024T13:31:16 - [TEST_STEP][PASSED] - openBrowser(""): Browser is opened with url: ''

27-11-2024T13:31:16 - [MESSAGE][WARNING] - A browser is already opened. Closing browser and opening a new one

27-11-2024T13:31:17 - [MESSAGE][INFO] - Starting 'Firefox' driver

27-11-2024T13:31:17 - [MESSAGE][INFO] - Action delay is set to 0 milliseconds

27-11-2024T13:31:25 - [MESSAGE][PASSED] - Browser is opened with url: ''

27-11-2024T13:31:25 - [TEST_STEP][PASSED] - navigateToUrl("https://dev01-registrodeenvios.olvacourier.com/principal"): Navigate to 'https://dev01-registrodeenvios.olvacourier.com/principal' successfully

27-11-2024T13:31:28 - [MESSAGE][PASSED] - Navigate to 'https://dev01-registrodeenvios.olvacourier.com/principal' successfully

27-11-2024T13:31:28 - [TEST_STEP][PASSED] - maximizeWindow(): Current window maximized

27-11-2024T13:31:28 - [MESSAGE][PASSED] - Current window maximized

27-11-2024T13:31:28 - [MESSAGE][PASSED] - Call Test Case 'Test Cases/1.Inicio/1.1Principal/Principal-home' successfully

27-11-2024T13:31:28 - [TEST_STEP][FAILED] - callTestCase(findTestCase("1.Inicio/1.1Principal/Selec_sobre"), [:], STOP_ON_FAILURE): Unable to call Test Case 'Test Cases/1.Inicio/1.1Principal/Selec_sobre' (Root cause: com.kms.katalon.core.exception.StepFailedException: Call Test Case 'Test Cases/1.Inicio/1.1Principal/Selec_sobre' failed
	at com.kms.katalon.core.keyword.builtin.CallTestCaseKeyword$_callTestCase_closure1.doCall(CallTestCaseKeyword.groovy:63)
	at com.kms.katalon.core.keyword.builtin.CallTestCaseKeyword$_callTestCase_closure1.call(CallTestCaseKeyword.groovy)
	at com.kms.katalon.core.keyword.internal.KeywordMain.runKeyword(KeywordMain.groovy:75)
	at com.kms.katalon.core.keyword.builtin.CallTestCaseKeyword.callTestCase(CallTestCaseKeyword.groovy:81)
	at com.kms.katalon.core.keyword.builtin.CallTestCaseKeyword.execute(CallTestCaseKeyword.groovy:44)
	at com.kms.katalon.core.keyword.internal.KeywordExecutor.executeKeywordForPlatform(KeywordExecutor.groovy:74)
	at com.kms.katalon.core.keyword.BuiltinKeywords.callTestCase(BuiltinKeywords.groovy:310)
	at jdk.internal.reflect.GeneratedMethodAccessor25.invoke(Unknown Source)
	at java.base/jdk.internal.reflect.DelegatingMethodAccessorImpl.invoke(DelegatingMethodAccessorImpl.java:43)
	at Validar resumen ---.run(Validar resumen ---:22)
	at com.kms.katalon.core.main.ScriptEngine.run(ScriptEngine.java:194)
	at com.kms.katalon.core.main.ScriptEngine.runScriptAsRawText(ScriptEngine.java:119)
	at com.kms.katalon.core.main.TestCaseExecutor.runScript(TestCaseExecutor.java:448)
	at com.kms.katalon.core.main.TestCaseExecutor.doExecute(TestCaseExecutor.java:439)
	at com.kms.katalon.core.main.TestCaseExecutor.processExecutionPhase(TestCaseExecutor.java:418)
	at com.kms.katalon.core.main.TestCaseExecutor.accessMainPhase(TestCaseExecutor.java:410)
	at com.kms.katalon.core.main.TestCaseExecutor.execute(TestCaseExecutor.java:285)
	at com.kms.katalon.core.common.CommonExecutor.accessTestCaseMainPhase(CommonExecutor.java:65)
	at com.kms.katalon.core.main.TestSuiteExecutor.accessTestSuiteMainPhase(TestSuiteExecutor.java:150)
	at com.kms.katalon.core.main.TestSuiteExecutor.execute(TestSuiteExecutor.java:106)
	at com.kms.katalon.core.main.TestCaseMain.startTestSuite(TestCaseMain.java:180)
	at TempTestSuite1732729948317.run(TempTestSuite1732729948317.groovy:35)
	at java.base/jdk.internal.reflect.NativeMethodAccessorImpl.invoke0(Native Method)
	at java.base/jdk.internal.reflect.NativeMethodAccessorImpl.invoke(NativeMethodAccessorImpl.java:77)
	at java.base/jdk.internal.reflect.DelegatingMethodAccessorImpl.invoke(DelegatingMethodAccessorImpl.java:43)
Caused by: com.kms.katalon.core.exception.StepFailedException: Unable to click on object 'Object Repository/Principal/Page_Olva Courier  Home/button_CONTINUAR (2)'
	at com.kms.katalon.core.webui.keyword.internal.WebUIKeywordMain.stepFailed(WebUIKeywordMain.groovy:117)
	at com.kms.katalon.core.webui.keyword.internal.WebUIKeywordMain.runKeyword(WebUIKeywordMain.groovy:43)
	at com.kms.katalon.core.webui.keyword.builtin.ClickKeyword.click(ClickKeyword.groovy:74)
	at com.kms.katalon.core.webui.keyword.builtin.ClickKeyword.execute(ClickKeyword.groovy:40)
	at com.kms.katalon.core.keyword.internal.KeywordExecutor.executeKeywordForPlatform(KeywordExecutor.groovy:74)
	at com.kms.katalon.core.webui.keyword.WebUiBuiltInKeywords.click(WebUiBuiltInKeywords.groovy:659)
	at Selec_sobre.run(Selec_sobre:24)
	at com.kms.katalon.core.main.ScriptEngine.run(ScriptEngine.java:194)
	at com.kms.katalon.core.main.ScriptEngine.runScriptAsRawText(ScriptEngine.java:119)
	at com.kms.katalon.core.main.TestCaseExecutor.runScript(TestCaseExecutor.java:448)
	at com.kms.katalon.core.main.TestCaseExecutor.doExecute(TestCaseExecutor.java:439)
	at com.kms.katalon.core.main.TestCaseExecutor.processExecutionPhase(TestCaseExecutor.java:418)
	at com.kms.katalon.core.main.TestCaseExecutor.accessMainPhase(TestCaseExecutor.java:410)
	at com.kms.katalon.core.main.TestCaseExecutor.execute(TestCaseExecutor.java:285)
	at com.kms.katalon.core.main.TestCaseMain.runTestCase(TestCaseMain.java:137)
	at com.kms.katalon.core.keyword.builtin.CallTestCaseKeyword$_callTestCase_closure1.doCall(CallTestCaseKeyword.groovy:59)
	... 24 more
Caused by: org.openqa.selenium.ElementClickInterceptedException: Element <button id="btn_aceptar_tipo_envio" class="btn disabled" type="button"> is not clickable at point (675,588) because another element <div class="modal-footer"> obscures it
Build info: version: '3.141.59', revision: 'unknown', time: 'unknown'
System info: host: 'DESKTOP-RGFFP9A', ip: '10.136.10.6', os.name: 'Windows 11', os.arch: 'amd64', os.version: '10.0', java.version: '17.0.7'
Driver info: com.kms.katalon.core.webui.driver.firefox.CGeckoDriver
Capabilities {acceptInsecureCerts: true, browserName: firefox, browserVersion: 133.0, javascriptEnabled: true, moz:accessibilityChecks: false, moz:buildID: 20241121140525, moz:geckodriverVersion: 0.35.0, moz:headless: false, moz:platformVersion: 10.0, moz:processID: 9860, moz:profile: C:\Users\OLVATI\AppData\Loc..., moz:shutdownTimeout: 60000, moz:webdriverClick: true, moz:windowless: false, pageLoadStrategy: normal, platform: WINDOWS, platformName: WINDOWS, proxy: Proxy(direct), setWindowRect: true, strictFileInteractability: false, timeouts: {implicit: 0, pageLoad: 300000, script: 30000}, unhandledPromptBehavior: dismiss and notify, userAgent: Mozilla/5.0 (Windows NT 10....}
Session ID: c1eea72e-0007-4601-81e8-0f1e3ce06739
	at jdk.internal.reflect.GeneratedConstructorAccessor32.newInstance(Unknown Source)
	at java.base/jdk.internal.reflect.DelegatingConstructorAccessorImpl.newInstance(DelegatingConstructorAccessorImpl.java:45)
	at org.openqa.selenium.remote.http.W3CHttpResponseCodec.createException(W3CHttpResponseCodec.java:187)
	at org.openqa.selenium.remote.http.W3CHttpResponseCodec.decode(W3CHttpResponseCodec.java:122)
	at org.openqa.selenium.remote.http.W3CHttpResponseCodec.decode(W3CHttpResponseCodec.java:49)
	at org.openqa.selenium.remote.HttpCommandExecutor.execute(HttpCommandExecutor.java:158)
	at org.openqa.selenium.remote.service.DriverCommandExecutor.execute(DriverCommandExecutor.java:83)
	at org.openqa.selenium.remote.RemoteWebDriver.execute(RemoteWebDriver.java:552)
	at com.kms.katalon.selenium.driver.CFirefoxDriver.execute(CFirefoxDriver.java:28)
	at org.openqa.selenium.remote.RemoteWebElement.execute(RemoteWebElement.java:285)
	at org.openqa.selenium.remote.RemoteWebElement.click(RemoteWebElement.java:84)
	at jdk.internal.reflect.GeneratedMethodAccessor10.invoke(Unknown Source)
	at java.base/jdk.internal.reflect.DelegatingMethodAccessorImpl.invoke(DelegatingMethodAccessorImpl.java:43)
	at org.openqa.selenium.support.events.EventFiringWebDriver$EventFiringWebElement.lambda$new$0(EventFiringWebDriver.java:404)
	at jdk.proxy2/jdk.proxy2.$Proxy21.click(Unknown Source)
	at org.openqa.selenium.support.events.EventFiringWebDriver$EventFiringWebElement.click(EventFiringWebDriver.java:417)
	at org.openqa.selenium.WebElement$click.call(Unknown Source)
	at com.kms.katalon.core.webui.keyword.builtin.ClickKeyword.clickUntilSuccessWithTimeout(ClickKeyword.groovy:81)
	at com.kms.katalon.core.webui.keyword.builtin.ClickKeyword.clickUntilSuccessWithTimeout(ClickKeyword.groovy)
	at jdk.internal.reflect.GeneratedMethodAccessor8.invoke(Unknown Source)
	at java.base/jdk.internal.reflect.DelegatingMethodAccessorImpl.invoke(DelegatingMethodAccessorImpl.java:43)
	at com.kms.katalon.core.webui.keyword.builtin.ClickKeyword$_click_closure1.doCall(ClickKeyword.groovy:67)
	at com.kms.katalon.core.webui.keyword.builtin.ClickKeyword$_click_closure1.call(ClickKeyword.groovy)
	at com.kms.katalon.core.webui.keyword.internal.WebUIKeywordMain.runKeyword(WebUIKeywordMain.groovy:35)
	... 38 more
)

27-11-2024T13:31:28 - [TEST_CASE][FAILED] - Test Cases/1.Inicio/1.1Principal/Selec_sobre: Test Cases/1.Inicio/1.1Principal/Selec_sobre FAILED.
Reason:
com.kms.katalon.core.exception.StepFailedException: Unable to click on object 'Object Repository/Principal/Page_Olva Courier  Home/button_CONTINUAR (2)'
	at com.kms.katalon.core.webui.keyword.internal.WebUIKeywordMain.stepFailed(WebUIKeywordMain.groovy:117)
	at com.kms.katalon.core.webui.keyword.internal.WebUIKeywordMain.runKeyword(WebUIKeywordMain.groovy:43)
	at com.kms.katalon.core.webui.keyword.builtin.ClickKeyword.click(ClickKeyword.groovy:74)
	at com.kms.katalon.core.webui.keyword.builtin.ClickKeyword.execute(ClickKeyword.groovy:40)
	at com.kms.katalon.core.keyword.internal.KeywordExecutor.executeKeywordForPlatform(KeywordExecutor.groovy:74)
	at com.kms.katalon.core.webui.keyword.WebUiBuiltInKeywords.click(WebUiBuiltInKeywords.groovy:659)
	at Selec_sobre.run(Selec_sobre:24)
	at com.kms.katalon.core.main.ScriptEngine.run(ScriptEngine.java:194)
	at com.kms.katalon.core.main.ScriptEngine.runScriptAsRawText(ScriptEngine.java:119)
	at com.kms.katalon.core.main.TestCaseExecutor.runScript(TestCaseExecutor.java:448)
	at com.kms.katalon.core.main.TestCaseExecutor.doExecute(TestCaseExecutor.java:439)
	at com.kms.katalon.core.main.TestCaseExecutor.processExecutionPhase(TestCaseExecutor.java:418)
	at com.kms.katalon.core.main.TestCaseExecutor.accessMainPhase(TestCaseExecutor.java:410)
	at com.kms.katalon.core.main.TestCaseExecutor.execute(TestCaseExecutor.java:285)
	at com.kms.katalon.core.main.TestCaseMain.runTestCase(TestCaseMain.java:137)
	at com.kms.katalon.core.keyword.builtin.CallTestCaseKeyword$_callTestCase_closure1.doCall(CallTestCaseKeyword.groovy:59)
	at com.kms.katalon.core.keyword.builtin.CallTestCaseKeyword$_callTestCase_closure1.call(CallTestCaseKeyword.groovy)
	at com.kms.katalon.core.keyword.internal.KeywordMain.runKeyword(KeywordMain.groovy:75)
	at com.kms.katalon.core.keyword.builtin.CallTestCaseKeyword.callTestCase(CallTestCaseKeyword.groovy:81)
	at com.kms.katalon.core.keyword.builtin.CallTestCaseKeyword.execute(CallTestCaseKeyword.groovy:44)
	at com.kms.katalon.core.keyword.internal.KeywordExecutor.executeKeywordForPlatform(KeywordExecutor.groovy:74)
	at com.kms.katalon.core.keyword.BuiltinKeywords.callTestCase(BuiltinKeywords.groovy:310)
	at jdk.internal.reflect.GeneratedMethodAccessor25.invoke(Unknown Source)
	at java.base/jdk.internal.reflect.DelegatingMethodAccessorImpl.invoke(DelegatingMethodAccessorImpl.java:43)
	at Validar resumen ---.run(Validar resumen ---:22)
	at com.kms.katalon.core.main.ScriptEngine.run(ScriptEngine.java:194)
	at com.kms.katalon.core.main.ScriptEngine.runScriptAsRawText(ScriptEngine.java:119)
	at com.kms.katalon.core.main.TestCaseExecutor.runScript(TestCaseExecutor.java:448)
	at com.kms.katalon.core.main.TestCaseExecutor.doExecute(TestCaseExecutor.java:439)
	at com.kms.katalon.core.main.TestCaseExecutor.processExecutionPhase(TestCaseExecutor.java:418)
	at com.kms.katalon.core.main.TestCaseExecutor.accessMainPhase(TestCaseExecutor.java:410)
	at com.kms.katalon.core.main.TestCaseExecutor.execute(TestCaseExecutor.java:285)
	at com.kms.katalon.core.common.CommonExecutor.accessTestCaseMainPhase(CommonExecutor.java:65)
	at com.kms.katalon.core.main.TestSuiteExecutor.accessTestSuiteMainPhase(TestSuiteExecutor.java:150)
	at com.kms.katalon.core.main.TestSuiteExecutor.execute(TestSuiteExecutor.java:106)
	at com.kms.katalon.core.main.TestCaseMain.startTestSuite(TestCaseMain.java:180)
	at TempTestSuite1732729948317.run(TempTestSuite1732729948317.groovy:35)
	at java.base/jdk.internal.reflect.NativeMethodAccessorImpl.invoke0(Native Method)
	at java.base/jdk.internal.reflect.NativeMethodAccessorImpl.invoke(NativeMethodAccessorImpl.java:77)
	at java.base/jdk.internal.reflect.DelegatingMethodAccessorImpl.invoke(DelegatingMethodAccessorImpl.java:43)
Caused by: org.openqa.selenium.ElementClickInterceptedException: Element <button id="btn_aceptar_tipo_envio" class="btn disabled" type="button"> is not clickable at point (675,588) because another element <div class="modal-footer"> obscures it
Build info: version: '3.141.59', revision: 'unknown', time: 'unknown'
System info: host: 'DESKTOP-RGFFP9A', ip: '10.136.10.6', os.name: 'Windows 11', os.arch: 'amd64', os.version: '10.0', java.version: '17.0.7'
Driver info: com.kms.katalon.core.webui.driver.firefox.CGeckoDriver
Capabilities {acceptInsecureCerts: true, browserName: firefox, browserVersion: 133.0, javascriptEnabled: true, moz:accessibilityChecks: false, moz:buildID: 20241121140525, moz:geckodriverVersion: 0.35.0, moz:headless: false, moz:platformVersion: 10.0, moz:processID: 9860, moz:profile: C:\Users\OLVATI\AppData\Loc..., moz:shutdownTimeout: 60000, moz:webdriverClick: true, moz:windowless: false, pageLoadStrategy: normal, platform: WINDOWS, platformName: WINDOWS, proxy: Proxy(direct), setWindowRect: true, strictFileInteractability: false, timeouts: {implicit: 0, pageLoad: 300000, script: 30000}, unhandledPromptBehavior: dismiss and notify, userAgent: Mozilla/5.0 (Windows NT 10....}
Session ID: c1eea72e-0007-4601-81e8-0f1e3ce06739
	at jdk.internal.reflect.GeneratedConstructorAccessor32.newInstance(Unknown Source)
	at java.base/jdk.internal.reflect.DelegatingConstructorAccessorImpl.newInstance(DelegatingConstructorAccessorImpl.java:45)
	at org.openqa.selenium.remote.http.W3CHttpResponseCodec.createException(W3CHttpResponseCodec.java:187)
	at org.openqa.selenium.remote.http.W3CHttpResponseCodec.decode(W3CHttpResponseCodec.java:122)
	at org.openqa.selenium.remote.http.W3CHttpResponseCodec.decode(W3CHttpResponseCodec.java:49)
	at org.openqa.selenium.remote.HttpCommandExecutor.execute(HttpCommandExecutor.java:158)
	at org.openqa.selenium.remote.service.DriverCommandExecutor.execute(DriverCommandExecutor.java:83)
	at org.openqa.selenium.remote.RemoteWebDriver.execute(RemoteWebDriver.java:552)
	at com.kms.katalon.selenium.driver.CFirefoxDriver.execute(CFirefoxDriver.java:28)
	at org.openqa.selenium.remote.RemoteWebElement.execute(RemoteWebElement.java:285)
	at org.openqa.selenium.remote.RemoteWebElement.click(RemoteWebElement.java:84)
	at jdk.internal.reflect.GeneratedMethodAccessor10.invoke(Unknown Source)
	at java.base/jdk.internal.reflect.DelegatingMethodAccessorImpl.invoke(DelegatingMethodAccessorImpl.java:43)
	at org.openqa.selenium.support.events.EventFiringWebDriver$EventFiringWebElement.lambda$new$0(EventFiringWebDriver.java:404)
	at jdk.proxy2/jdk.proxy2.$Proxy21.click(Unknown Source)
	at org.openqa.selenium.support.events.EventFiringWebDriver$EventFiringWebElement.click(EventFiringWebDriver.java:417)
	at org.openqa.selenium.WebElement$click.call(Unknown Source)
	at com.kms.katalon.core.webui.keyword.builtin.ClickKeyword.clickUntilSuccessWithTimeout(ClickKeyword.groovy:81)
	at com.kms.katalon.core.webui.keyword.builtin.ClickKeyword.clickUntilSuccessWithTimeout(ClickKeyword.groovy)
	at jdk.internal.reflect.GeneratedMethodAccessor8.invoke(Unknown Source)
	at java.base/jdk.internal.reflect.DelegatingMethodAccessorImpl.invoke(DelegatingMethodAccessorImpl.java:43)
	at com.kms.katalon.core.webui.keyword.builtin.ClickKeyword$_click_closure1.doCall(ClickKeyword.groovy:67)
	at com.kms.katalon.core.webui.keyword.builtin.ClickKeyword$_click_closure1.call(ClickKeyword.groovy)
	at com.kms.katalon.core.webui.keyword.internal.WebUIKeywordMain.runKeyword(WebUIKeywordMain.groovy:35)
	... 38 more


27-11-2024T13:31:28 - [TEST_STEP][PASSED] - click(findTestObject("Object Repository/Principal/Page_Olva Courier  Home/img_Envo de cajas o paquetescon un peso mxi_37770f")): Object: 'Object Repository/Principal/Page_Olva Courier  Home/img_Envo de cajas o paquetescon un peso mxi_37770f' is clicked on

27-11-2024T13:31:29 - [MESSAGE][PASSED] - Object: 'Object Repository/Principal/Page_Olva Courier  Home/img_Envo de cajas o paquetescon un peso mxi_37770f' is clicked on

27-11-2024T13:31:29 - [TEST_STEP][PASSED] - click(findTestObject("Object Repository/Principal/Page_Olva Courier  Home/label_He ledo y acepto los trminos de uso y_adab65")): Object: 'Object Repository/Principal/Page_Olva Courier  Home/label_He ledo y acepto los trminos de uso y_adab65' is clicked on

27-11-2024T13:31:29 - [MESSAGE][PASSED] - Object: 'Object Repository/Principal/Page_Olva Courier  Home/label_He ledo y acepto los trminos de uso y_adab65' is clicked on

27-11-2024T13:31:29 - [TEST_STEP][FAILED] - click(findTestObject("Object Repository/Principal/Page_Olva Courier  Home/button_CONTINUAR (2)")): Unable to click on object 'Object Repository/Principal/Page_Olva Courier  Home/button_CONTINUAR (2)' (Root cause: com.kms.katalon.core.exception.StepFailedException: Unable to click on object 'Object Repository/Principal/Page_Olva Courier  Home/button_CONTINUAR (2)'
	at com.kms.katalon.core.webui.keyword.internal.WebUIKeywordMain.stepFailed(WebUIKeywordMain.groovy:117)
	at com.kms.katalon.core.webui.keyword.internal.WebUIKeywordMain.runKeyword(WebUIKeywordMain.groovy:43)
	at com.kms.katalon.core.webui.keyword.builtin.ClickKeyword.click(ClickKeyword.groovy:74)
	at com.kms.katalon.core.webui.keyword.builtin.ClickKeyword.execute(ClickKeyword.groovy:40)
	at com.kms.katalon.core.keyword.internal.KeywordExecutor.executeKeywordForPlatform(KeywordExecutor.groovy:74)
	at com.kms.katalon.core.webui.keyword.WebUiBuiltInKeywords.click(WebUiBuiltInKeywords.groovy:659)
	at Selec_sobre.run(Selec_sobre:24)
	at com.kms.katalon.core.main.ScriptEngine.run(ScriptEngine.java:194)
	at com.kms.katalon.core.main.ScriptEngine.runScriptAsRawText(ScriptEngine.java:119)
	at com.kms.katalon.core.main.TestCaseExecutor.runScript(TestCaseExecutor.java:448)
	at com.kms.katalon.core.main.TestCaseExecutor.doExecute(TestCaseExecutor.java:439)
	at com.kms.katalon.core.main.TestCaseExecutor.processExecutionPhase(TestCaseExecutor.java:418)
	at com.kms.katalon.core.main.TestCaseExecutor.accessMainPhase(TestCaseExecutor.java:410)
	at com.kms.katalon.core.main.TestCaseExecutor.execute(TestCaseExecutor.java:285)
	at com.kms.katalon.core.main.TestCaseMain.runTestCase(TestCaseMain.java:137)
	at com.kms.katalon.core.keyword.builtin.CallTestCaseKeyword$_callTestCase_closure1.doCall(CallTestCaseKeyword.groovy:59)
	at com.kms.katalon.core.keyword.builtin.CallTestCaseKeyword$_callTestCase_closure1.call(CallTestCaseKeyword.groovy)
	at com.kms.katalon.core.keyword.internal.KeywordMain.runKeyword(KeywordMain.groovy:75)
	at com.kms.katalon.core.keyword.builtin.CallTestCaseKeyword.callTestCase(CallTestCaseKeyword.groovy:81)
	at com.kms.katalon.core.keyword.builtin.CallTestCaseKeyword.execute(CallTestCaseKeyword.groovy:44)
	at com.kms.katalon.core.keyword.internal.KeywordExecutor.executeKeywordForPlatform(KeywordExecutor.groovy:74)
	at com.kms.katalon.core.keyword.BuiltinKeywords.callTestCase(BuiltinKeywords.groovy:310)
	at jdk.internal.reflect.GeneratedMethodAccessor25.invoke(Unknown Source)
	at java.base/jdk.internal.reflect.DelegatingMethodAccessorImpl.invoke(DelegatingMethodAccessorImpl.java:43)
	at Validar resumen ---.run(Validar resumen ---:22)
	at com.kms.katalon.core.main.ScriptEngine.run(ScriptEngine.java:194)
	at com.kms.katalon.core.main.ScriptEngine.runScriptAsRawText(ScriptEngine.java:119)
	at com.kms.katalon.core.main.TestCaseExecutor.runScript(TestCaseExecutor.java:448)
	at com.kms.katalon.core.main.TestCaseExecutor.doExecute(TestCaseExecutor.java:439)
	at com.kms.katalon.core.main.TestCaseExecutor.processExecutionPhase(TestCaseExecutor.java:418)
	at com.kms.katalon.core.main.TestCaseExecutor.accessMainPhase(TestCaseExecutor.java:410)
	at com.kms.katalon.core.main.TestCaseExecutor.execute(TestCaseExecutor.java:285)
	at com.kms.katalon.core.common.CommonExecutor.accessTestCaseMainPhase(CommonExecutor.java:65)
	at com.kms.katalon.core.main.TestSuiteExecutor.accessTestSuiteMainPhase(TestSuiteExecutor.java:150)
	at com.kms.katalon.core.main.TestSuiteExecutor.execute(TestSuiteExecutor.java:106)
	at com.kms.katalon.core.main.TestCaseMain.startTestSuite(TestCaseMain.java:180)
	at TempTestSuite1732729948317.run(TempTestSuite1732729948317.groovy:35)
	at java.base/jdk.internal.reflect.NativeMethodAccessorImpl.invoke0(Native Method)
	at java.base/jdk.internal.reflect.NativeMethodAccessorImpl.invoke(NativeMethodAccessorImpl.java:77)
	at java.base/jdk.internal.reflect.DelegatingMethodAccessorImpl.invoke(DelegatingMethodAccessorImpl.java:43)
Caused by: org.openqa.selenium.ElementClickInterceptedException: Element <button id="btn_aceptar_tipo_envio" class="btn disabled" type="button"> is not clickable at point (675,588) because another element <div class="modal-footer"> obscures it
Build info: version: '3.141.59', revision: 'unknown', time: 'unknown'
System info: host: 'DESKTOP-RGFFP9A', ip: '10.136.10.6', os.name: 'Windows 11', os.arch: 'amd64', os.version: '10.0', java.version: '17.0.7'
Driver info: com.kms.katalon.core.webui.driver.firefox.CGeckoDriver
Capabilities {acceptInsecureCerts: true, browserName: firefox, browserVersion: 133.0, javascriptEnabled: true, moz:accessibilityChecks: false, moz:buildID: 20241121140525, moz:geckodriverVersion: 0.35.0, moz:headless: false, moz:platformVersion: 10.0, moz:processID: 9860, moz:profile: C:\Users\OLVATI\AppData\Loc..., moz:shutdownTimeout: 60000, moz:webdriverClick: true, moz:windowless: false, pageLoadStrategy: normal, platform: WINDOWS, platformName: WINDOWS, proxy: Proxy(direct), setWindowRect: true, strictFileInteractability: false, timeouts: {implicit: 0, pageLoad: 300000, script: 30000}, unhandledPromptBehavior: dismiss and notify, userAgent: Mozilla/5.0 (Windows NT 10....}
Session ID: c1eea72e-0007-4601-81e8-0f1e3ce06739
	at jdk.internal.reflect.GeneratedConstructorAccessor32.newInstance(Unknown Source)
	at java.base/jdk.internal.reflect.DelegatingConstructorAccessorImpl.newInstance(DelegatingConstructorAccessorImpl.java:45)
	at org.openqa.selenium.remote.http.W3CHttpResponseCodec.createException(W3CHttpResponseCodec.java:187)
	at org.openqa.selenium.remote.http.W3CHttpResponseCodec.decode(W3CHttpResponseCodec.java:122)
	at org.openqa.selenium.remote.http.W3CHttpResponseCodec.decode(W3CHttpResponseCodec.java:49)
	at org.openqa.selenium.remote.HttpCommandExecutor.execute(HttpCommandExecutor.java:158)
	at org.openqa.selenium.remote.service.DriverCommandExecutor.execute(DriverCommandExecutor.java:83)
	at org.openqa.selenium.remote.RemoteWebDriver.execute(RemoteWebDriver.java:552)
	at com.kms.katalon.selenium.driver.CFirefoxDriver.execute(CFirefoxDriver.java:28)
	at org.openqa.selenium.remote.RemoteWebElement.execute(RemoteWebElement.java:285)
	at org.openqa.selenium.remote.RemoteWebElement.click(RemoteWebElement.java:84)
	at jdk.internal.reflect.GeneratedMethodAccessor10.invoke(Unknown Source)
	at java.base/jdk.internal.reflect.DelegatingMethodAccessorImpl.invoke(DelegatingMethodAccessorImpl.java:43)
	at org.openqa.selenium.support.events.EventFiringWebDriver$EventFiringWebElement.lambda$new$0(EventFiringWebDriver.java:404)
	at jdk.proxy2/jdk.proxy2.$Proxy21.click(Unknown Source)
	at org.openqa.selenium.support.events.EventFiringWebDriver$EventFiringWebElement.click(EventFiringWebDriver.java:417)
	at org.openqa.selenium.WebElement$click.call(Unknown Source)
	at com.kms.katalon.core.webui.keyword.builtin.ClickKeyword.clickUntilSuccessWithTimeout(ClickKeyword.groovy:81)
	at com.kms.katalon.core.webui.keyword.builtin.ClickKeyword.clickUntilSuccessWithTimeout(ClickKeyword.groovy)
	at jdk.internal.reflect.GeneratedMethodAccessor8.invoke(Unknown Source)
	at java.base/jdk.internal.reflect.DelegatingMethodAccessorImpl.invoke(DelegatingMethodAccessorImpl.java:43)
	at com.kms.katalon.core.webui.keyword.builtin.ClickKeyword$_click_closure1.doCall(ClickKeyword.groovy:67)
	at com.kms.katalon.core.webui.keyword.builtin.ClickKeyword$_click_closure1.call(ClickKeyword.groovy)
	at com.kms.katalon.core.webui.keyword.internal.WebUIKeywordMain.runKeyword(WebUIKeywordMain.groovy:35)
	at com.kms.katalon.core.webui.keyword.builtin.ClickKeyword.click(ClickKeyword.groovy:74)
	at com.kms.katalon.core.webui.keyword.builtin.ClickKeyword.execute(ClickKeyword.groovy:40)
	at com.kms.katalon.core.keyword.internal.KeywordExecutor.executeKeywordForPlatform(KeywordExecutor.groovy:74)
	at com.kms.katalon.core.webui.keyword.WebUiBuiltInKeywords.click(WebUiBuiltInKeywords.groovy:659)
	at Script1732083570761.run(Script1732083570761.groovy:24)
	at com.kms.katalon.core.main.ScriptEngine.run(ScriptEngine.java:194)
	at com.kms.katalon.core.main.ScriptEngine.runScriptAsRawText(ScriptEngine.java:119)
	at com.kms.katalon.core.main.TestCaseExecutor.runScript(TestCaseExecutor.java:448)
	at com.kms.katalon.core.main.TestCaseExecutor.doExecute(TestCaseExecutor.java:439)
	at com.kms.katalon.core.main.TestCaseExecutor.processExecutionPhase(TestCaseExecutor.java:418)
	at com.kms.katalon.core.main.TestCaseExecutor.accessMainPhase(TestCaseExecutor.java:410)
	at com.kms.katalon.core.main.TestCaseExecutor.execute(TestCaseExecutor.java:285)
	at com.kms.katalon.core.main.TestCaseMain.runTestCase(TestCaseMain.java:137)
	at com.kms.katalon.core.keyword.builtin.CallTestCaseKeyword$_callTestCase_closure1.doCall(CallTestCaseKeyword.groovy:59)
	at com.kms.katalon.core.keyword.builtin.CallTestCaseKeyword$_callTestCase_closure1.call(CallTestCaseKeyword.groovy)
	at com.kms.katalon.core.keyword.internal.KeywordMain.runKeyword(KeywordMain.groovy:75)
	at com.kms.katalon.core.keyword.builtin.CallTestCaseKeyword.callTestCase(CallTestCaseKeyword.groovy:81)
	at com.kms.katalon.core.keyword.builtin.CallTestCaseKeyword.execute(CallTestCaseKeyword.groovy:44)
	at com.kms.katalon.core.keyword.internal.KeywordExecutor.executeKeywordForPlatform(KeywordExecutor.groovy:74)
	at com.kms.katalon.core.keyword.BuiltinKeywords.callTestCase(BuiltinKeywords.groovy:310)
	at jdk.internal.reflect.GeneratedMethodAccessor25.invoke(Unknown Source)
	at java.base/jdk.internal.reflect.DelegatingMethodAccessorImpl.invoke(DelegatingMethodAccessorImpl.java:43)
	at Script1732341471851.run(Script1732341471851.groovy:22)
	... 15 more
)

27-11-2024T13:32:00 - [MESSAGE][FAILED] - Unable to click on object 'Object Repository/Principal/Page_Olva Courier  Home/button_CONTINUAR (2)' (Root cause: com.kms.katalon.core.exception.StepFailedException: Unable to click on object 'Object Repository/Principal/Page_Olva Courier  Home/button_CONTINUAR (2)'
	at com.kms.katalon.core.webui.keyword.internal.WebUIKeywordMain.stepFailed(WebUIKeywordMain.groovy:117)
	at com.kms.katalon.core.webui.keyword.internal.WebUIKeywordMain.runKeyword(WebUIKeywordMain.groovy:43)
	at com.kms.katalon.core.webui.keyword.builtin.ClickKeyword.click(ClickKeyword.groovy:74)
	at com.kms.katalon.core.webui.keyword.builtin.ClickKeyword.execute(ClickKeyword.groovy:40)
	at com.kms.katalon.core.keyword.internal.KeywordExecutor.executeKeywordForPlatform(KeywordExecutor.groovy:74)
	at com.kms.katalon.core.webui.keyword.WebUiBuiltInKeywords.click(WebUiBuiltInKeywords.groovy:659)
	at Selec_sobre.run(Selec_sobre:24)
	at com.kms.katalon.core.main.ScriptEngine.run(ScriptEngine.java:194)
	at com.kms.katalon.core.main.ScriptEngine.runScriptAsRawText(ScriptEngine.java:119)
	at com.kms.katalon.core.main.TestCaseExecutor.runScript(TestCaseExecutor.java:448)
	at com.kms.katalon.core.main.TestCaseExecutor.doExecute(TestCaseExecutor.java:439)
	at com.kms.katalon.core.main.TestCaseExecutor.processExecutionPhase(TestCaseExecutor.java:418)
	at com.kms.katalon.core.main.TestCaseExecutor.accessMainPhase(TestCaseExecutor.java:410)
	at com.kms.katalon.core.main.TestCaseExecutor.execute(TestCaseExecutor.java:285)
	at com.kms.katalon.core.main.TestCaseMain.runTestCase(TestCaseMain.java:137)
	at com.kms.katalon.core.keyword.builtin.CallTestCaseKeyword$_callTestCase_closure1.doCall(CallTestCaseKeyword.groovy:59)
	at com.kms.katalon.core.keyword.builtin.CallTestCaseKeyword$_callTestCase_closure1.call(CallTestCaseKeyword.groovy)
	at com.kms.katalon.core.keyword.internal.KeywordMain.runKeyword(KeywordMain.groovy:75)
	at com.kms.katalon.core.keyword.builtin.CallTestCaseKeyword.callTestCase(CallTestCaseKeyword.groovy:81)
	at com.kms.katalon.core.keyword.builtin.CallTestCaseKeyword.execute(CallTestCaseKeyword.groovy:44)
	at com.kms.katalon.core.keyword.internal.KeywordExecutor.executeKeywordForPlatform(KeywordExecutor.groovy:74)
	at com.kms.katalon.core.keyword.BuiltinKeywords.callTestCase(BuiltinKeywords.groovy:310)
	at jdk.internal.reflect.GeneratedMethodAccessor25.invoke(Unknown Source)
	at java.base/jdk.internal.reflect.DelegatingMethodAccessorImpl.invoke(DelegatingMethodAccessorImpl.java:43)
	at Validar resumen ---.run(Validar resumen ---:22)
	at com.kms.katalon.core.main.ScriptEngine.run(ScriptEngine.java:194)
	at com.kms.katalon.core.main.ScriptEngine.runScriptAsRawText(ScriptEngine.java:119)
	at com.kms.katalon.core.main.TestCaseExecutor.runScript(TestCaseExecutor.java:448)
	at com.kms.katalon.core.main.TestCaseExecutor.doExecute(TestCaseExecutor.java:439)
	at com.kms.katalon.core.main.TestCaseExecutor.processExecutionPhase(TestCaseExecutor.java:418)
	at com.kms.katalon.core.main.TestCaseExecutor.accessMainPhase(TestCaseExecutor.java:410)
	at com.kms.katalon.core.main.TestCaseExecutor.execute(TestCaseExecutor.java:285)
	at com.kms.katalon.core.common.CommonExecutor.accessTestCaseMainPhase(CommonExecutor.java:65)
	at com.kms.katalon.core.main.TestSuiteExecutor.accessTestSuiteMainPhase(TestSuiteExecutor.java:150)
	at com.kms.katalon.core.main.TestSuiteExecutor.execute(TestSuiteExecutor.java:106)
	at com.kms.katalon.core.main.TestCaseMain.startTestSuite(TestCaseMain.java:180)
	at TempTestSuite1732729948317.run(TempTestSuite1732729948317.groovy:35)
	at java.base/jdk.internal.reflect.NativeMethodAccessorImpl.invoke0(Native Method)
	at java.base/jdk.internal.reflect.NativeMethodAccessorImpl.invoke(NativeMethodAccessorImpl.java:77)
	at java.base/jdk.internal.reflect.DelegatingMethodAccessorImpl.invoke(DelegatingMethodAccessorImpl.java:43)
Caused by: org.openqa.selenium.ElementClickInterceptedException: Element <button id="btn_aceptar_tipo_envio" class="btn disabled" type="button"> is not clickable at point (675,588) because another element <div class="modal-footer"> obscures it
Build info: version: '3.141.59', revision: 'unknown', time: 'unknown'
System info: host: 'DESKTOP-RGFFP9A', ip: '10.136.10.6', os.name: 'Windows 11', os.arch: 'amd64', os.version: '10.0', java.version: '17.0.7'
Driver info: com.kms.katalon.core.webui.driver.firefox.CGeckoDriver
Capabilities {acceptInsecureCerts: true, browserName: firefox, browserVersion: 133.0, javascriptEnabled: true, moz:accessibilityChecks: false, moz:buildID: 20241121140525, moz:geckodriverVersion: 0.35.0, moz:headless: false, moz:platformVersion: 10.0, moz:processID: 9860, moz:profile: C:\Users\OLVATI\AppData\Loc..., moz:shutdownTimeout: 60000, moz:webdriverClick: true, moz:windowless: false, pageLoadStrategy: normal, platform: WINDOWS, platformName: WINDOWS, proxy: Proxy(direct), setWindowRect: true, strictFileInteractability: false, timeouts: {implicit: 0, pageLoad: 300000, script: 30000}, unhandledPromptBehavior: dismiss and notify, userAgent: Mozilla/5.0 (Windows NT 10....}
Session ID: c1eea72e-0007-4601-81e8-0f1e3ce06739
	at jdk.internal.reflect.GeneratedConstructorAccessor32.newInstance(Unknown Source)
	at java.base/jdk.internal.reflect.DelegatingConstructorAccessorImpl.newInstance(DelegatingConstructorAccessorImpl.java:45)
	at org.openqa.selenium.remote.http.W3CHttpResponseCodec.createException(W3CHttpResponseCodec.java:187)
	at org.openqa.selenium.remote.http.W3CHttpResponseCodec.decode(W3CHttpResponseCodec.java:122)
	at org.openqa.selenium.remote.http.W3CHttpResponseCodec.decode(W3CHttpResponseCodec.java:49)
	at org.openqa.selenium.remote.HttpCommandExecutor.execute(HttpCommandExecutor.java:158)
	at org.openqa.selenium.remote.service.DriverCommandExecutor.execute(DriverCommandExecutor.java:83)
	at org.openqa.selenium.remote.RemoteWebDriver.execute(RemoteWebDriver.java:552)
	at com.kms.katalon.selenium.driver.CFirefoxDriver.execute(CFirefoxDriver.java:28)
	at org.openqa.selenium.remote.RemoteWebElement.execute(RemoteWebElement.java:285)
	at org.openqa.selenium.remote.RemoteWebElement.click(RemoteWebElement.java:84)
	at jdk.internal.reflect.GeneratedMethodAccessor10.invoke(Unknown Source)
	at java.base/jdk.internal.reflect.DelegatingMethodAccessorImpl.invoke(DelegatingMethodAccessorImpl.java:43)
	at org.openqa.selenium.support.events.EventFiringWebDriver$EventFiringWebElement.lambda$new$0(EventFiringWebDriver.java:404)
	at jdk.proxy2/jdk.proxy2.$Proxy21.click(Unknown Source)
	at org.openqa.selenium.support.events.EventFiringWebDriver$EventFiringWebElement.click(EventFiringWebDriver.java:417)
	at org.openqa.selenium.WebElement$click.call(Unknown Source)
	at com.kms.katalon.core.webui.keyword.builtin.ClickKeyword.clickUntilSuccessWithTimeout(ClickKeyword.groovy:81)
	at com.kms.katalon.core.webui.keyword.builtin.ClickKeyword.clickUntilSuccessWithTimeout(ClickKeyword.groovy)
	at jdk.internal.reflect.GeneratedMethodAccessor8.invoke(Unknown Source)
	at java.base/jdk.internal.reflect.DelegatingMethodAccessorImpl.invoke(DelegatingMethodAccessorImpl.java:43)
	at com.kms.katalon.core.webui.keyword.builtin.ClickKeyword$_click_closure1.doCall(ClickKeyword.groovy:67)
	at com.kms.katalon.core.webui.keyword.builtin.ClickKeyword$_click_closure1.call(ClickKeyword.groovy)
	at com.kms.katalon.core.webui.keyword.internal.WebUIKeywordMain.runKeyword(WebUIKeywordMain.groovy:35)
	at com.kms.katalon.core.webui.keyword.builtin.ClickKeyword.click(ClickKeyword.groovy:74)
	at com.kms.katalon.core.webui.keyword.builtin.ClickKeyword.execute(ClickKeyword.groovy:40)
	at com.kms.katalon.core.keyword.internal.KeywordExecutor.executeKeywordForPlatform(KeywordExecutor.groovy:74)
	at com.kms.katalon.core.webui.keyword.WebUiBuiltInKeywords.click(WebUiBuiltInKeywords.groovy:659)
	at Script1732083570761.run(Script1732083570761.groovy:24)
	at com.kms.katalon.core.main.ScriptEngine.run(ScriptEngine.java:194)
	at com.kms.katalon.core.main.ScriptEngine.runScriptAsRawText(ScriptEngine.java:119)
	at com.kms.katalon.core.main.TestCaseExecutor.runScript(TestCaseExecutor.java:448)
	at com.kms.katalon.core.main.TestCaseExecutor.doExecute(TestCaseExecutor.java:439)
	at com.kms.katalon.core.main.TestCaseExecutor.processExecutionPhase(TestCaseExecutor.java:418)
	at com.kms.katalon.core.main.TestCaseExecutor.accessMainPhase(TestCaseExecutor.java:410)
	at com.kms.katalon.core.main.TestCaseExecutor.execute(TestCaseExecutor.java:285)
	at com.kms.katalon.core.main.TestCaseMain.runTestCase(TestCaseMain.java:137)
	at com.kms.katalon.core.keyword.builtin.CallTestCaseKeyword$_callTestCase_closure1.doCall(CallTestCaseKeyword.groovy:59)
	at com.kms.katalon.core.keyword.builtin.CallTestCaseKeyword$_callTestCase_closure1.call(CallTestCaseKeyword.groovy)
	at com.kms.katalon.core.keyword.internal.KeywordMain.runKeyword(KeywordMain.groovy:75)
	at com.kms.katalon.core.keyword.builtin.CallTestCaseKeyword.callTestCase(CallTestCaseKeyword.groovy:81)
	at com.kms.katalon.core.keyword.builtin.CallTestCaseKeyword.execute(CallTestCaseKeyword.groovy:44)
	at com.kms.katalon.core.keyword.internal.KeywordExecutor.executeKeywordForPlatform(KeywordExecutor.groovy:74)
	at com.kms.katalon.core.keyword.BuiltinKeywords.callTestCase(BuiltinKeywords.groovy:310)
	at jdk.internal.reflect.GeneratedMethodAccessor25.invoke(Unknown Source)
	at java.base/jdk.internal.reflect.DelegatingMethodAccessorImpl.invoke(DelegatingMethodAccessorImpl.java:43)
	at Script1732341471851.run(Script1732341471851.groovy:22)
	... 15 more
)

27-11-2024T13:32:00 - [MESSAGE][FAILED] - Unable to call Test Case 'Test Cases/1.Inicio/1.1Principal/Selec_sobre' (Root cause: com.kms.katalon.core.exception.StepFailedException: Call Test Case 'Test Cases/1.Inicio/1.1Principal/Selec_sobre' failed
	at com.kms.katalon.core.keyword.builtin.CallTestCaseKeyword$_callTestCase_closure1.doCall(CallTestCaseKeyword.groovy:63)
	at com.kms.katalon.core.keyword.builtin.CallTestCaseKeyword$_callTestCase_closure1.call(CallTestCaseKeyword.groovy)
	at com.kms.katalon.core.keyword.internal.KeywordMain.runKeyword(KeywordMain.groovy:75)
	at com.kms.katalon.core.keyword.builtin.CallTestCaseKeyword.callTestCase(CallTestCaseKeyword.groovy:81)
	at com.kms.katalon.core.keyword.builtin.CallTestCaseKeyword.execute(CallTestCaseKeyword.groovy:44)
	at com.kms.katalon.core.keyword.internal.KeywordExecutor.executeKeywordForPlatform(KeywordExecutor.groovy:74)
	at com.kms.katalon.core.keyword.BuiltinKeywords.callTestCase(BuiltinKeywords.groovy:310)
	at jdk.internal.reflect.GeneratedMethodAccessor25.invoke(Unknown Source)
	at java.base/jdk.internal.reflect.DelegatingMethodAccessorImpl.invoke(DelegatingMethodAccessorImpl.java:43)
	at Validar resumen ---.run(Validar resumen ---:22)
	at com.kms.katalon.core.main.ScriptEngine.run(ScriptEngine.java:194)
	at com.kms.katalon.core.main.ScriptEngine.runScriptAsRawText(ScriptEngine.java:119)
	at com.kms.katalon.core.main.TestCaseExecutor.runScript(TestCaseExecutor.java:448)
	at com.kms.katalon.core.main.TestCaseExecutor.doExecute(TestCaseExecutor.java:439)
	at com.kms.katalon.core.main.TestCaseExecutor.processExecutionPhase(TestCaseExecutor.java:418)
	at com.kms.katalon.core.main.TestCaseExecutor.accessMainPhase(TestCaseExecutor.java:410)
	at com.kms.katalon.core.main.TestCaseExecutor.execute(TestCaseExecutor.java:285)
	at com.kms.katalon.core.common.CommonExecutor.accessTestCaseMainPhase(CommonExecutor.java:65)
	at com.kms.katalon.core.main.TestSuiteExecutor.accessTestSuiteMainPhase(TestSuiteExecutor.java:150)
	at com.kms.katalon.core.main.TestSuiteExecutor.execute(TestSuiteExecutor.java:106)
	at com.kms.katalon.core.main.TestCaseMain.startTestSuite(TestCaseMain.java:180)
	at TempTestSuite1732729948317.run(TempTestSuite1732729948317.groovy:35)
	at java.base/jdk.internal.reflect.NativeMethodAccessorImpl.invoke0(Native Method)
	at java.base/jdk.internal.reflect.NativeMethodAccessorImpl.invoke(NativeMethodAccessorImpl.java:77)
	at java.base/jdk.internal.reflect.DelegatingMethodAccessorImpl.invoke(DelegatingMethodAccessorImpl.java:43)
Caused by: com.kms.katalon.core.exception.StepFailedException: Unable to click on object 'Object Repository/Principal/Page_Olva Courier  Home/button_CONTINUAR (2)'
	at com.kms.katalon.core.webui.keyword.internal.WebUIKeywordMain.stepFailed(WebUIKeywordMain.groovy:117)
	at com.kms.katalon.core.webui.keyword.internal.WebUIKeywordMain.runKeyword(WebUIKeywordMain.groovy:43)
	at com.kms.katalon.core.webui.keyword.builtin.ClickKeyword.click(ClickKeyword.groovy:74)
	at com.kms.katalon.core.webui.keyword.builtin.ClickKeyword.execute(ClickKeyword.groovy:40)
	at com.kms.katalon.core.keyword.internal.KeywordExecutor.executeKeywordForPlatform(KeywordExecutor.groovy:74)
	at com.kms.katalon.core.webui.keyword.WebUiBuiltInKeywords.click(WebUiBuiltInKeywords.groovy:659)
	at Selec_sobre.run(Selec_sobre:24)
	at com.kms.katalon.core.main.ScriptEngine.run(ScriptEngine.java:194)
	at com.kms.katalon.core.main.ScriptEngine.runScriptAsRawText(ScriptEngine.java:119)
	at com.kms.katalon.core.main.TestCaseExecutor.runScript(TestCaseExecutor.java:448)
	at com.kms.katalon.core.main.TestCaseExecutor.doExecute(TestCaseExecutor.java:439)
	at com.kms.katalon.core.main.TestCaseExecutor.processExecutionPhase(TestCaseExecutor.java:418)
	at com.kms.katalon.core.main.TestCaseExecutor.accessMainPhase(TestCaseExecutor.java:410)
	at com.kms.katalon.core.main.TestCaseExecutor.execute(TestCaseExecutor.java:285)
	at com.kms.katalon.core.main.TestCaseMain.runTestCase(TestCaseMain.java:137)
	at com.kms.katalon.core.keyword.builtin.CallTestCaseKeyword$_callTestCase_closure1.doCall(CallTestCaseKeyword.groovy:59)
	... 24 more
Caused by: org.openqa.selenium.ElementClickInterceptedException: Element <button id="btn_aceptar_tipo_envio" class="btn disabled" type="button"> is not clickable at point (675,588) because another element <div class="modal-footer"> obscures it
Build info: version: '3.141.59', revision: 'unknown', time: 'unknown'
System info: host: 'DESKTOP-RGFFP9A', ip: '10.136.10.6', os.name: 'Windows 11', os.arch: 'amd64', os.version: '10.0', java.version: '17.0.7'
Driver info: com.kms.katalon.core.webui.driver.firefox.CGeckoDriver
Capabilities {acceptInsecureCerts: true, browserName: firefox, browserVersion: 133.0, javascriptEnabled: true, moz:accessibilityChecks: false, moz:buildID: 20241121140525, moz:geckodriverVersion: 0.35.0, moz:headless: false, moz:platformVersion: 10.0, moz:processID: 9860, moz:profile: C:\Users\OLVATI\AppData\Loc..., moz:shutdownTimeout: 60000, moz:webdriverClick: true, moz:windowless: false, pageLoadStrategy: normal, platform: WINDOWS, platformName: WINDOWS, proxy: Proxy(direct), setWindowRect: true, strictFileInteractability: false, timeouts: {implicit: 0, pageLoad: 300000, script: 30000}, unhandledPromptBehavior: dismiss and notify, userAgent: Mozilla/5.0 (Windows NT 10....}
Session ID: c1eea72e-0007-4601-81e8-0f1e3ce06739
	at jdk.internal.reflect.GeneratedConstructorAccessor32.newInstance(Unknown Source)
	at java.base/jdk.internal.reflect.DelegatingConstructorAccessorImpl.newInstance(DelegatingConstructorAccessorImpl.java:45)
	at org.openqa.selenium.remote.http.W3CHttpResponseCodec.createException(W3CHttpResponseCodec.java:187)
	at org.openqa.selenium.remote.http.W3CHttpResponseCodec.decode(W3CHttpResponseCodec.java:122)
	at org.openqa.selenium.remote.http.W3CHttpResponseCodec.decode(W3CHttpResponseCodec.java:49)
	at org.openqa.selenium.remote.HttpCommandExecutor.execute(HttpCommandExecutor.java:158)
	at org.openqa.selenium.remote.service.DriverCommandExecutor.execute(DriverCommandExecutor.java:83)
	at org.openqa.selenium.remote.RemoteWebDriver.execute(RemoteWebDriver.java:552)
	at com.kms.katalon.selenium.driver.CFirefoxDriver.execute(CFirefoxDriver.java:28)
	at org.openqa.selenium.remote.RemoteWebElement.execute(RemoteWebElement.java:285)
	at org.openqa.selenium.remote.RemoteWebElement.click(RemoteWebElement.java:84)
	at jdk.internal.reflect.GeneratedMethodAccessor10.invoke(Unknown Source)
	at java.base/jdk.internal.reflect.DelegatingMethodAccessorImpl.invoke(DelegatingMethodAccessorImpl.java:43)
	at org.openqa.selenium.support.events.EventFiringWebDriver$EventFiringWebElement.lambda$new$0(EventFiringWebDriver.java:404)
	at jdk.proxy2/jdk.proxy2.$Proxy21.click(Unknown Source)
	at org.openqa.selenium.support.events.EventFiringWebDriver$EventFiringWebElement.click(EventFiringWebDriver.java:417)
	at org.openqa.selenium.WebElement$click.call(Unknown Source)
	at com.kms.katalon.core.webui.keyword.builtin.ClickKeyword.clickUntilSuccessWithTimeout(ClickKeyword.groovy:81)
	at com.kms.katalon.core.webui.keyword.builtin.ClickKeyword.clickUntilSuccessWithTimeout(ClickKeyword.groovy)
	at jdk.internal.reflect.GeneratedMethodAccessor8.invoke(Unknown Source)
	at java.base/jdk.internal.reflect.DelegatingMethodAccessorImpl.invoke(DelegatingMethodAccessorImpl.java:43)
	at com.kms.katalon.core.webui.keyword.builtin.ClickKeyword$_click_closure1.doCall(ClickKeyword.groovy:67)
	at com.kms.katalon.core.webui.keyword.builtin.ClickKeyword$_click_closure1.call(ClickKeyword.groovy)
	at com.kms.katalon.core.webui.keyword.internal.WebUIKeywordMain.runKeyword(WebUIKeywordMain.groovy:35)
	... 38 more
)]]></system-out>
         <system-err><![CDATA[27-11-2024T13:31:16 - [TEST_CASE][FAILED] - Test Cases/2.Positivos/2.2Sobre/Origen-Lima/Validar resumen ---: Test Cases/2.Positivos/2.2Sobre/Origen-Lima/Validar resumen --- FAILED.
Reason:
com.kms.katalon.core.exception.StepFailedException: Call Test Case 'Test Cases/1.Inicio/1.1Principal/Selec_sobre' failed
	at com.kms.katalon.core.keyword.builtin.CallTestCaseKeyword$_callTestCase_closure1.doCall(CallTestCaseKeyword.groovy:63)
	at com.kms.katalon.core.keyword.builtin.CallTestCaseKeyword$_callTestCase_closure1.call(CallTestCaseKeyword.groovy)
	at com.kms.katalon.core.keyword.internal.KeywordMain.runKeyword(KeywordMain.groovy:75)
	at com.kms.katalon.core.keyword.builtin.CallTestCaseKeyword.callTestCase(CallTestCaseKeyword.groovy:81)
	at com.kms.katalon.core.keyword.builtin.CallTestCaseKeyword.execute(CallTestCaseKeyword.groovy:44)
	at com.kms.katalon.core.keyword.internal.KeywordExecutor.executeKeywordForPlatform(KeywordExecutor.groovy:74)
	at com.kms.katalon.core.keyword.BuiltinKeywords.callTestCase(BuiltinKeywords.groovy:310)
	at jdk.internal.reflect.GeneratedMethodAccessor25.invoke(Unknown Source)
	at java.base/jdk.internal.reflect.DelegatingMethodAccessorImpl.invoke(DelegatingMethodAccessorImpl.java:43)
	at Validar resumen ---.run(Validar resumen ---:22)
	at com.kms.katalon.core.main.ScriptEngine.run(ScriptEngine.java:194)
	at com.kms.katalon.core.main.ScriptEngine.runScriptAsRawText(ScriptEngine.java:119)
	at com.kms.katalon.core.main.TestCaseExecutor.runScript(TestCaseExecutor.java:448)
	at com.kms.katalon.core.main.TestCaseExecutor.doExecute(TestCaseExecutor.java:439)
	at com.kms.katalon.core.main.TestCaseExecutor.processExecutionPhase(TestCaseExecutor.java:418)
	at com.kms.katalon.core.main.TestCaseExecutor.accessMainPhase(TestCaseExecutor.java:410)
	at com.kms.katalon.core.main.TestCaseExecutor.execute(TestCaseExecutor.java:285)
	at com.kms.katalon.core.common.CommonExecutor.accessTestCaseMainPhase(CommonExecutor.java:65)
	at com.kms.katalon.core.main.TestSuiteExecutor.accessTestSuiteMainPhase(TestSuiteExecutor.java:150)
	at com.kms.katalon.core.main.TestSuiteExecutor.execute(TestSuiteExecutor.java:106)
	at com.kms.katalon.core.main.TestCaseMain.startTestSuite(TestCaseMain.java:180)
	at TempTestSuite1732729948317.run(TempTestSuite1732729948317.groovy:35)
	at java.base/jdk.internal.reflect.NativeMethodAccessorImpl.invoke0(Native Method)
	at java.base/jdk.internal.reflect.NativeMethodAccessorImpl.invoke(NativeMethodAccessorImpl.java:77)
	at java.base/jdk.internal.reflect.DelegatingMethodAccessorImpl.invoke(DelegatingMethodAccessorImpl.java:43)
Caused by: com.kms.katalon.core.exception.StepFailedException: Unable to click on object 'Object Repository/Principal/Page_Olva Courier  Home/button_CONTINUAR (2)'
	at com.kms.katalon.core.webui.keyword.internal.WebUIKeywordMain.stepFailed(WebUIKeywordMain.groovy:117)
	at com.kms.katalon.core.webui.keyword.internal.WebUIKeywordMain.runKeyword(WebUIKeywordMain.groovy:43)
	at com.kms.katalon.core.webui.keyword.builtin.ClickKeyword.click(ClickKeyword.groovy:74)
	at com.kms.katalon.core.webui.keyword.builtin.ClickKeyword.execute(ClickKeyword.groovy:40)
	at com.kms.katalon.core.keyword.internal.KeywordExecutor.executeKeywordForPlatform(KeywordExecutor.groovy:74)
	at com.kms.katalon.core.webui.keyword.WebUiBuiltInKeywords.click(WebUiBuiltInKeywords.groovy:659)
	at Selec_sobre.run(Selec_sobre:24)
	at com.kms.katalon.core.main.ScriptEngine.run(ScriptEngine.java:194)
	at com.kms.katalon.core.main.ScriptEngine.runScriptAsRawText(ScriptEngine.java:119)
	at com.kms.katalon.core.main.TestCaseExecutor.runScript(TestCaseExecutor.java:448)
	at com.kms.katalon.core.main.TestCaseExecutor.doExecute(TestCaseExecutor.java:439)
	at com.kms.katalon.core.main.TestCaseExecutor.processExecutionPhase(TestCaseExecutor.java:418)
	at com.kms.katalon.core.main.TestCaseExecutor.accessMainPhase(TestCaseExecutor.java:410)
	at com.kms.katalon.core.main.TestCaseExecutor.execute(TestCaseExecutor.java:285)
	at com.kms.katalon.core.main.TestCaseMain.runTestCase(TestCaseMain.java:137)
	at com.kms.katalon.core.keyword.builtin.CallTestCaseKeyword$_callTestCase_closure1.doCall(CallTestCaseKeyword.groovy:59)
	... 24 more
Caused by: org.openqa.selenium.ElementClickInterceptedException: Element <button id="btn_aceptar_tipo_envio" class="btn disabled" type="button"> is not clickable at point (675,588) because another element <div class="modal-footer"> obscures it
Build info: version: '3.141.59', revision: 'unknown', time: 'unknown'
System info: host: 'DESKTOP-RGFFP9A', ip: '10.136.10.6', os.name: 'Windows 11', os.arch: 'amd64', os.version: '10.0', java.version: '17.0.7'
Driver info: com.kms.katalon.core.webui.driver.firefox.CGeckoDriver
Capabilities {acceptInsecureCerts: true, browserName: firefox, browserVersion: 133.0, javascriptEnabled: true, moz:accessibilityChecks: false, moz:buildID: 20241121140525, moz:geckodriverVersion: 0.35.0, moz:headless: false, moz:platformVersion: 10.0, moz:processID: 9860, moz:profile: C:\Users\OLVATI\AppData\Loc..., moz:shutdownTimeout: 60000, moz:webdriverClick: true, moz:windowless: false, pageLoadStrategy: normal, platform: WINDOWS, platformName: WINDOWS, proxy: Proxy(direct), setWindowRect: true, strictFileInteractability: false, timeouts: {implicit: 0, pageLoad: 300000, script: 30000}, unhandledPromptBehavior: dismiss and notify, userAgent: Mozilla/5.0 (Windows NT 10....}
Session ID: c1eea72e-0007-4601-81e8-0f1e3ce06739
	at jdk.internal.reflect.GeneratedConstructorAccessor32.newInstance(Unknown Source)
	at java.base/jdk.internal.reflect.DelegatingConstructorAccessorImpl.newInstance(DelegatingConstructorAccessorImpl.java:45)
	at org.openqa.selenium.remote.http.W3CHttpResponseCodec.createException(W3CHttpResponseCodec.java:187)
	at org.openqa.selenium.remote.http.W3CHttpResponseCodec.decode(W3CHttpResponseCodec.java:122)
	at org.openqa.selenium.remote.http.W3CHttpResponseCodec.decode(W3CHttpResponseCodec.java:49)
	at org.openqa.selenium.remote.HttpCommandExecutor.execute(HttpCommandExecutor.java:158)
	at org.openqa.selenium.remote.service.DriverCommandExecutor.execute(DriverCommandExecutor.java:83)
	at org.openqa.selenium.remote.RemoteWebDriver.execute(RemoteWebDriver.java:552)
	at com.kms.katalon.selenium.driver.CFirefoxDriver.execute(CFirefoxDriver.java:28)
	at org.openqa.selenium.remote.RemoteWebElement.execute(RemoteWebElement.java:285)
	at org.openqa.selenium.remote.RemoteWebElement.click(RemoteWebElement.java:84)
	at jdk.internal.reflect.GeneratedMethodAccessor10.invoke(Unknown Source)
	at java.base/jdk.internal.reflect.DelegatingMethodAccessorImpl.invoke(DelegatingMethodAccessorImpl.java:43)
	at org.openqa.selenium.support.events.EventFiringWebDriver$EventFiringWebElement.lambda$new$0(EventFiringWebDriver.java:404)
	at jdk.proxy2/jdk.proxy2.$Proxy21.click(Unknown Source)
	at org.openqa.selenium.support.events.EventFiringWebDriver$EventFiringWebElement.click(EventFiringWebDriver.java:417)
	at org.openqa.selenium.WebElement$click.call(Unknown Source)
	at com.kms.katalon.core.webui.keyword.builtin.ClickKeyword.clickUntilSuccessWithTimeout(ClickKeyword.groovy:81)
	at com.kms.katalon.core.webui.keyword.builtin.ClickKeyword.clickUntilSuccessWithTimeout(ClickKeyword.groovy)
	at jdk.internal.reflect.GeneratedMethodAccessor8.invoke(Unknown Source)
	at java.base/jdk.internal.reflect.DelegatingMethodAccessorImpl.invoke(DelegatingMethodAccessorImpl.java:43)
	at com.kms.katalon.core.webui.keyword.builtin.ClickKeyword$_click_closure1.doCall(ClickKeyword.groovy:67)
	at com.kms.katalon.core.webui.keyword.builtin.ClickKeyword$_click_closure1.call(ClickKeyword.groovy)
	at com.kms.katalon.core.webui.keyword.internal.WebUIKeywordMain.runKeyword(WebUIKeywordMain.groovy:35)
	... 38 more]]></system-err>
      </testcase>
      <testcase name="Test Cases/2.Positivos/2.2Sobre/Origen-Lima/Editar_Eliminar-Envios" time="42.469" classname="Test Cases/2.Positivos/2.2Sobre/Origen-Lima/Editar_Eliminar-Envios" status="FAILED">
         <failure type="FAILED" message="Test Cases/2.Positivos/2.2Sobre/Origen-Lima/Editar_Eliminar-Envios FAILED.&#xa;Reason:&#xa;com.kms.katalon.core.exception.StepFailedException: Call Test Case 'Test Cases/1.Inicio/1.1Principal/Selec_sobre' failed&#xa;	at com.kms.katalon.core.keyword.builtin.CallTestCaseKeyword$_callTestCase_closure1.doCall(CallTestCaseKeyword.groovy:63)&#xa;	at com.kms.katalon.core.keyword.builtin.CallTestCaseKeyword$_callTestCase_closure1.call(CallTestCaseKeyword.groovy)&#xa;	at com.kms.katalon.core.keyword.internal.KeywordMain.runKeyword(KeywordMain.groovy:75)&#xa;	at com.kms.katalon.core.keyword.builtin.CallTestCaseKeyword.callTestCase(CallTestCaseKeyword.groovy:81)&#xa;	at com.kms.katalon.core.keyword.builtin.CallTestCaseKeyword.execute(CallTestCaseKeyword.groovy:44)&#xa;	at com.kms.katalon.core.keyword.internal.KeywordExecutor.executeKeywordForPlatform(KeywordExecutor.groovy:74)&#xa;	at com.kms.katalon.core.keyword.BuiltinKeywords.callTestCase(BuiltinKeywords.groovy:310)&#xa;	at jdk.internal.reflect.GeneratedMethodAccessor25.invoke(Unknown Source)&#xa;	at java.base/jdk.internal.reflect.DelegatingMethodAccessorImpl.invoke(DelegatingMethodAccessorImpl.java:43)&#xa;	at Editar_Eliminar-Envios.run(Editar_Eliminar-Envios:22)&#xa;	at com.kms.katalon.core.main.ScriptEngine.run(ScriptEngine.java:194)&#xa;	at com.kms.katalon.core.main.ScriptEngine.runScriptAsRawText(ScriptEngine.java:119)&#xa;	at com.kms.katalon.core.main.TestCaseExecutor.runScript(TestCaseExecutor.java:448)&#xa;	at com.kms.katalon.core.main.TestCaseExecutor.doExecute(TestCaseExecutor.java:439)&#xa;	at com.kms.katalon.core.main.TestCaseExecutor.processExecutionPhase(TestCaseExecutor.java:418)&#xa;	at com.kms.katalon.core.main.TestCaseExecutor.accessMainPhase(TestCaseExecutor.java:410)&#xa;	at com.kms.katalon.core.main.TestCaseExecutor.execute(TestCaseExecutor.java:285)&#xa;	at com.kms.katalon.core.common.CommonExecutor.accessTestCaseMainPhase(CommonExecutor.java:65)&#xa;	at com.kms.katalon.core.main.TestSuiteExecutor.accessTestSuiteMainPhase(TestSuiteExecutor.java:150)&#xa;	at com.kms.katalon.core.main.TestSuiteExecutor.execute(TestSuiteExecutor.java:106)&#xa;	at com.kms.katalon.core.main.TestCaseMain.startTestSuite(TestCaseMain.java:180)&#xa;	at TempTestSuite1732729948317.run(TempTestSuite1732729948317.groovy:35)&#xa;	at java.base/jdk.internal.reflect.NativeMethodAccessorImpl.invoke0(Native Method)&#xa;	at java.base/jdk.internal.reflect.NativeMethodAccessorImpl.invoke(NativeMethodAccessorImpl.java:77)&#xa;	at java.base/jdk.internal.reflect.DelegatingMethodAccessorImpl.invoke(DelegatingMethodAccessorImpl.java:43)&#xa;Caused by: com.kms.katalon.core.exception.StepFailedException: Unable to click on object 'Object Repository/Principal/Page_Olva Courier  Home/button_CONTINUAR (2)'&#xa;	at com.kms.katalon.core.webui.keyword.internal.WebUIKeywordMain.stepFailed(WebUIKeywordMain.groovy:117)&#xa;	at com.kms.katalon.core.webui.keyword.internal.WebUIKeywordMain.runKeyword(WebUIKeywordMain.groovy:43)&#xa;	at com.kms.katalon.core.webui.keyword.builtin.ClickKeyword.click(ClickKeyword.groovy:74)&#xa;	at com.kms.katalon.core.webui.keyword.builtin.ClickKeyword.execute(ClickKeyword.groovy:40)&#xa;	at com.kms.katalon.core.keyword.internal.KeywordExecutor.executeKeywordForPlatform(KeywordExecutor.groovy:74)&#xa;	at com.kms.katalon.core.webui.keyword.WebUiBuiltInKeywords.click(WebUiBuiltInKeywords.groovy:659)&#xa;	at Selec_sobre.run(Selec_sobre:24)&#xa;	at com.kms.katalon.core.main.ScriptEngine.run(ScriptEngine.java:194)&#xa;	at com.kms.katalon.core.main.ScriptEngine.runScriptAsRawText(ScriptEngine.java:119)&#xa;	at com.kms.katalon.core.main.TestCaseExecutor.runScript(TestCaseExecutor.java:448)&#xa;	at com.kms.katalon.core.main.TestCaseExecutor.doExecute(TestCaseExecutor.java:439)&#xa;	at com.kms.katalon.core.main.TestCaseExecutor.processExecutionPhase(TestCaseExecutor.java:418)&#xa;	at com.kms.katalon.core.main.TestCaseExecutor.accessMainPhase(TestCaseExecutor.java:410)&#xa;	at com.kms.katalon.core.main.TestCaseExecutor.execute(TestCaseExecutor.java:285)&#xa;	at com.kms.katalon.core.main.TestCaseMain.runTestCase(TestCaseMain.java:137)&#xa;	at com.kms.katalon.core.keyword.builtin.CallTestCaseKeyword$_callTestCase_closure1.doCall(CallTestCaseKeyword.groovy:59)&#xa;	... 24 more&#xa;Caused by: org.openqa.selenium.ElementClickInterceptedException: Element &lt;button id=&quot;btn_aceptar_tipo_envio&quot; class=&quot;btn disabled&quot; type=&quot;button&quot;> is not clickable at point (675,588) because another element &lt;div class=&quot;modal-footer&quot;> obscures it&#xa;Build info: version: '3.141.59', revision: 'unknown', time: 'unknown'&#xa;System info: host: 'DESKTOP-RGFFP9A', ip: '10.136.10.6', os.name: 'Windows 11', os.arch: 'amd64', os.version: '10.0', java.version: '17.0.7'&#xa;Driver info: com.kms.katalon.core.webui.driver.firefox.CGeckoDriver&#xa;Capabilities {acceptInsecureCerts: true, browserName: firefox, browserVersion: 133.0, javascriptEnabled: true, moz:accessibilityChecks: false, moz:buildID: 20241121140525, moz:geckodriverVersion: 0.35.0, moz:headless: false, moz:platformVersion: 10.0, moz:processID: 9172, moz:profile: C:\Users\OLVATI\AppData\Loc..., moz:shutdownTimeout: 60000, moz:webdriverClick: true, moz:windowless: false, pageLoadStrategy: normal, platform: WINDOWS, platformName: WINDOWS, proxy: Proxy(direct), setWindowRect: true, strictFileInteractability: false, timeouts: {implicit: 0, pageLoad: 300000, script: 30000}, unhandledPromptBehavior: dismiss and notify, userAgent: Mozilla/5.0 (Windows NT 10....}&#xa;Session ID: 2ac613c3-38f3-474e-9ce3-ecdcd84f85b7&#xa;	at jdk.internal.reflect.GeneratedConstructorAccessor32.newInstance(Unknown Source)&#xa;	at java.base/jdk.internal.reflect.DelegatingConstructorAccessorImpl.newInstance(DelegatingConstructorAccessorImpl.java:45)&#xa;	at org.openqa.selenium.remote.http.W3CHttpResponseCodec.createException(W3CHttpResponseCodec.java:187)&#xa;	at org.openqa.selenium.remote.http.W3CHttpResponseCodec.decode(W3CHttpResponseCodec.java:122)&#xa;	at org.openqa.selenium.remote.http.W3CHttpResponseCodec.decode(W3CHttpResponseCodec.java:49)&#xa;	at org.openqa.selenium.remote.HttpCommandExecutor.execute(HttpCommandExecutor.java:158)&#xa;	at org.openqa.selenium.remote.service.DriverCommandExecutor.execute(DriverCommandExecutor.java:83)&#xa;	at org.openqa.selenium.remote.RemoteWebDriver.execute(RemoteWebDriver.java:552)&#xa;	at com.kms.katalon.selenium.driver.CFirefoxDriver.execute(CFirefoxDriver.java:28)&#xa;	at org.openqa.selenium.remote.RemoteWebElement.execute(RemoteWebElement.java:285)&#xa;	at org.openqa.selenium.remote.RemoteWebElement.click(RemoteWebElement.java:84)&#xa;	at jdk.internal.reflect.GeneratedMethodAccessor10.invoke(Unknown Source)&#xa;	at java.base/jdk.internal.reflect.DelegatingMethodAccessorImpl.invoke(DelegatingMethodAccessorImpl.java:43)&#xa;	at org.openqa.selenium.support.events.EventFiringWebDriver$EventFiringWebElement.lambda$new$0(EventFiringWebDriver.java:404)&#xa;	at jdk.proxy2/jdk.proxy2.$Proxy21.click(Unknown Source)&#xa;	at org.openqa.selenium.support.events.EventFiringWebDriver$EventFiringWebElement.click(EventFiringWebDriver.java:417)&#xa;	at org.openqa.selenium.WebElement$click.call(Unknown Source)&#xa;	at com.kms.katalon.core.webui.keyword.builtin.ClickKeyword.clickUntilSuccessWithTimeout(ClickKeyword.groovy:81)&#xa;	at com.kms.katalon.core.webui.keyword.builtin.ClickKeyword.clickUntilSuccessWithTimeout(ClickKeyword.groovy)&#xa;	at jdk.internal.reflect.GeneratedMethodAccessor8.invoke(Unknown Source)&#xa;	at java.base/jdk.internal.reflect.DelegatingMethodAccessorImpl.invoke(DelegatingMethodAccessorImpl.java:43)&#xa;	at com.kms.katalon.core.webui.keyword.builtin.ClickKeyword$_click_closure1.doCall(ClickKeyword.groovy:67)&#xa;	at com.kms.katalon.core.webui.keyword.builtin.ClickKeyword$_click_closure1.call(ClickKeyword.groovy)&#xa;	at com.kms.katalon.core.webui.keyword.internal.WebUIKeywordMain.runKeyword(WebUIKeywordMain.groovy:35)&#xa;	... 38 more&#xa;"/>
         <system-out><![CDATA[27-11-2024T13:32:00 - [TEST_CASE][FAILED] - Test Cases/2.Positivos/2.2Sobre/Origen-Lima/Editar_Eliminar-Envios: Test Cases/2.Positivos/2.2Sobre/Origen-Lima/Editar_Eliminar-Envios FAILED.
Reason:
com.kms.katalon.core.exception.StepFailedException: Call Test Case 'Test Cases/1.Inicio/1.1Principal/Selec_sobre' failed
	at com.kms.katalon.core.keyword.builtin.CallTestCaseKeyword$_callTestCase_closure1.doCall(CallTestCaseKeyword.groovy:63)
	at com.kms.katalon.core.keyword.builtin.CallTestCaseKeyword$_callTestCase_closure1.call(CallTestCaseKeyword.groovy)
	at com.kms.katalon.core.keyword.internal.KeywordMain.runKeyword(KeywordMain.groovy:75)
	at com.kms.katalon.core.keyword.builtin.CallTestCaseKeyword.callTestCase(CallTestCaseKeyword.groovy:81)
	at com.kms.katalon.core.keyword.builtin.CallTestCaseKeyword.execute(CallTestCaseKeyword.groovy:44)
	at com.kms.katalon.core.keyword.internal.KeywordExecutor.executeKeywordForPlatform(KeywordExecutor.groovy:74)
	at com.kms.katalon.core.keyword.BuiltinKeywords.callTestCase(BuiltinKeywords.groovy:310)
	at jdk.internal.reflect.GeneratedMethodAccessor25.invoke(Unknown Source)
	at java.base/jdk.internal.reflect.DelegatingMethodAccessorImpl.invoke(DelegatingMethodAccessorImpl.java:43)
	at Editar_Eliminar-Envios.run(Editar_Eliminar-Envios:22)
	at com.kms.katalon.core.main.ScriptEngine.run(ScriptEngine.java:194)
	at com.kms.katalon.core.main.ScriptEngine.runScriptAsRawText(ScriptEngine.java:119)
	at com.kms.katalon.core.main.TestCaseExecutor.runScript(TestCaseExecutor.java:448)
	at com.kms.katalon.core.main.TestCaseExecutor.doExecute(TestCaseExecutor.java:439)
	at com.kms.katalon.core.main.TestCaseExecutor.processExecutionPhase(TestCaseExecutor.java:418)
	at com.kms.katalon.core.main.TestCaseExecutor.accessMainPhase(TestCaseExecutor.java:410)
	at com.kms.katalon.core.main.TestCaseExecutor.execute(TestCaseExecutor.java:285)
	at com.kms.katalon.core.common.CommonExecutor.accessTestCaseMainPhase(CommonExecutor.java:65)
	at com.kms.katalon.core.main.TestSuiteExecutor.accessTestSuiteMainPhase(TestSuiteExecutor.java:150)
	at com.kms.katalon.core.main.TestSuiteExecutor.execute(TestSuiteExecutor.java:106)
	at com.kms.katalon.core.main.TestCaseMain.startTestSuite(TestCaseMain.java:180)
	at TempTestSuite1732729948317.run(TempTestSuite1732729948317.groovy:35)
	at java.base/jdk.internal.reflect.NativeMethodAccessorImpl.invoke0(Native Method)
	at java.base/jdk.internal.reflect.NativeMethodAccessorImpl.invoke(NativeMethodAccessorImpl.java:77)
	at java.base/jdk.internal.reflect.DelegatingMethodAccessorImpl.invoke(DelegatingMethodAccessorImpl.java:43)
Caused by: com.kms.katalon.core.exception.StepFailedException: Unable to click on object 'Object Repository/Principal/Page_Olva Courier  Home/button_CONTINUAR (2)'
	at com.kms.katalon.core.webui.keyword.internal.WebUIKeywordMain.stepFailed(WebUIKeywordMain.groovy:117)
	at com.kms.katalon.core.webui.keyword.internal.WebUIKeywordMain.runKeyword(WebUIKeywordMain.groovy:43)
	at com.kms.katalon.core.webui.keyword.builtin.ClickKeyword.click(ClickKeyword.groovy:74)
	at com.kms.katalon.core.webui.keyword.builtin.ClickKeyword.execute(ClickKeyword.groovy:40)
	at com.kms.katalon.core.keyword.internal.KeywordExecutor.executeKeywordForPlatform(KeywordExecutor.groovy:74)
	at com.kms.katalon.core.webui.keyword.WebUiBuiltInKeywords.click(WebUiBuiltInKeywords.groovy:659)
	at Selec_sobre.run(Selec_sobre:24)
	at com.kms.katalon.core.main.ScriptEngine.run(ScriptEngine.java:194)
	at com.kms.katalon.core.main.ScriptEngine.runScriptAsRawText(ScriptEngine.java:119)
	at com.kms.katalon.core.main.TestCaseExecutor.runScript(TestCaseExecutor.java:448)
	at com.kms.katalon.core.main.TestCaseExecutor.doExecute(TestCaseExecutor.java:439)
	at com.kms.katalon.core.main.TestCaseExecutor.processExecutionPhase(TestCaseExecutor.java:418)
	at com.kms.katalon.core.main.TestCaseExecutor.accessMainPhase(TestCaseExecutor.java:410)
	at com.kms.katalon.core.main.TestCaseExecutor.execute(TestCaseExecutor.java:285)
	at com.kms.katalon.core.main.TestCaseMain.runTestCase(TestCaseMain.java:137)
	at com.kms.katalon.core.keyword.builtin.CallTestCaseKeyword$_callTestCase_closure1.doCall(CallTestCaseKeyword.groovy:59)
	... 24 more
Caused by: org.openqa.selenium.ElementClickInterceptedException: Element <button id="btn_aceptar_tipo_envio" class="btn disabled" type="button"> is not clickable at point (675,588) because another element <div class="modal-footer"> obscures it
Build info: version: '3.141.59', revision: 'unknown', time: 'unknown'
System info: host: 'DESKTOP-RGFFP9A', ip: '10.136.10.6', os.name: 'Windows 11', os.arch: 'amd64', os.version: '10.0', java.version: '17.0.7'
Driver info: com.kms.katalon.core.webui.driver.firefox.CGeckoDriver
Capabilities {acceptInsecureCerts: true, browserName: firefox, browserVersion: 133.0, javascriptEnabled: true, moz:accessibilityChecks: false, moz:buildID: 20241121140525, moz:geckodriverVersion: 0.35.0, moz:headless: false, moz:platformVersion: 10.0, moz:processID: 9172, moz:profile: C:\Users\OLVATI\AppData\Loc..., moz:shutdownTimeout: 60000, moz:webdriverClick: true, moz:windowless: false, pageLoadStrategy: normal, platform: WINDOWS, platformName: WINDOWS, proxy: Proxy(direct), setWindowRect: true, strictFileInteractability: false, timeouts: {implicit: 0, pageLoad: 300000, script: 30000}, unhandledPromptBehavior: dismiss and notify, userAgent: Mozilla/5.0 (Windows NT 10....}
Session ID: 2ac613c3-38f3-474e-9ce3-ecdcd84f85b7
	at jdk.internal.reflect.GeneratedConstructorAccessor32.newInstance(Unknown Source)
	at java.base/jdk.internal.reflect.DelegatingConstructorAccessorImpl.newInstance(DelegatingConstructorAccessorImpl.java:45)
	at org.openqa.selenium.remote.http.W3CHttpResponseCodec.createException(W3CHttpResponseCodec.java:187)
	at org.openqa.selenium.remote.http.W3CHttpResponseCodec.decode(W3CHttpResponseCodec.java:122)
	at org.openqa.selenium.remote.http.W3CHttpResponseCodec.decode(W3CHttpResponseCodec.java:49)
	at org.openqa.selenium.remote.HttpCommandExecutor.execute(HttpCommandExecutor.java:158)
	at org.openqa.selenium.remote.service.DriverCommandExecutor.execute(DriverCommandExecutor.java:83)
	at org.openqa.selenium.remote.RemoteWebDriver.execute(RemoteWebDriver.java:552)
	at com.kms.katalon.selenium.driver.CFirefoxDriver.execute(CFirefoxDriver.java:28)
	at org.openqa.selenium.remote.RemoteWebElement.execute(RemoteWebElement.java:285)
	at org.openqa.selenium.remote.RemoteWebElement.click(RemoteWebElement.java:84)
	at jdk.internal.reflect.GeneratedMethodAccessor10.invoke(Unknown Source)
	at java.base/jdk.internal.reflect.DelegatingMethodAccessorImpl.invoke(DelegatingMethodAccessorImpl.java:43)
	at org.openqa.selenium.support.events.EventFiringWebDriver$EventFiringWebElement.lambda$new$0(EventFiringWebDriver.java:404)
	at jdk.proxy2/jdk.proxy2.$Proxy21.click(Unknown Source)
	at org.openqa.selenium.support.events.EventFiringWebDriver$EventFiringWebElement.click(EventFiringWebDriver.java:417)
	at org.openqa.selenium.WebElement$click.call(Unknown Source)
	at com.kms.katalon.core.webui.keyword.builtin.ClickKeyword.clickUntilSuccessWithTimeout(ClickKeyword.groovy:81)
	at com.kms.katalon.core.webui.keyword.builtin.ClickKeyword.clickUntilSuccessWithTimeout(ClickKeyword.groovy)
	at jdk.internal.reflect.GeneratedMethodAccessor8.invoke(Unknown Source)
	at java.base/jdk.internal.reflect.DelegatingMethodAccessorImpl.invoke(DelegatingMethodAccessorImpl.java:43)
	at com.kms.katalon.core.webui.keyword.builtin.ClickKeyword$_click_closure1.doCall(ClickKeyword.groovy:67)
	at com.kms.katalon.core.webui.keyword.builtin.ClickKeyword$_click_closure1.call(ClickKeyword.groovy)
	at com.kms.katalon.core.webui.keyword.internal.WebUIKeywordMain.runKeyword(WebUIKeywordMain.groovy:35)
	... 38 more


27-11-2024T13:32:00 - [TEST_STEP][PASSED] - callTestCase(findTestCase("1.Inicio/1.1Principal/Principal-home"), [:], STOP_ON_FAILURE): Call Test Case 'Test Cases/1.Inicio/1.1Principal/Principal-home' successfully

27-11-2024T13:32:00 - [TEST_CASE][PASSED] - Test Cases/1.Inicio/1.1Principal/Principal-home: Test Cases/1.Inicio/1.1Principal/Principal-home

27-11-2024T13:32:00 - [TEST_STEP][PASSED] - openBrowser(""): Browser is opened with url: ''

27-11-2024T13:32:00 - [MESSAGE][WARNING] - A browser is already opened. Closing browser and opening a new one

27-11-2024T13:32:02 - [MESSAGE][INFO] - Starting 'Firefox' driver

27-11-2024T13:32:02 - [MESSAGE][INFO] - Action delay is set to 0 milliseconds

27-11-2024T13:32:09 - [MESSAGE][PASSED] - Browser is opened with url: ''

27-11-2024T13:32:09 - [TEST_STEP][PASSED] - navigateToUrl("https://dev01-registrodeenvios.olvacourier.com/principal"): Navigate to 'https://dev01-registrodeenvios.olvacourier.com/principal' successfully

27-11-2024T13:32:10 - [MESSAGE][PASSED] - Navigate to 'https://dev01-registrodeenvios.olvacourier.com/principal' successfully

27-11-2024T13:32:10 - [TEST_STEP][PASSED] - maximizeWindow(): Current window maximized

27-11-2024T13:32:10 - [MESSAGE][PASSED] - Current window maximized

27-11-2024T13:32:10 - [MESSAGE][PASSED] - Call Test Case 'Test Cases/1.Inicio/1.1Principal/Principal-home' successfully

27-11-2024T13:32:10 - [TEST_STEP][FAILED] - callTestCase(findTestCase("1.Inicio/1.1Principal/Selec_sobre"), [:], STOP_ON_FAILURE): Unable to call Test Case 'Test Cases/1.Inicio/1.1Principal/Selec_sobre' (Root cause: com.kms.katalon.core.exception.StepFailedException: Call Test Case 'Test Cases/1.Inicio/1.1Principal/Selec_sobre' failed
	at com.kms.katalon.core.keyword.builtin.CallTestCaseKeyword$_callTestCase_closure1.doCall(CallTestCaseKeyword.groovy:63)
	at com.kms.katalon.core.keyword.builtin.CallTestCaseKeyword$_callTestCase_closure1.call(CallTestCaseKeyword.groovy)
	at com.kms.katalon.core.keyword.internal.KeywordMain.runKeyword(KeywordMain.groovy:75)
	at com.kms.katalon.core.keyword.builtin.CallTestCaseKeyword.callTestCase(CallTestCaseKeyword.groovy:81)
	at com.kms.katalon.core.keyword.builtin.CallTestCaseKeyword.execute(CallTestCaseKeyword.groovy:44)
	at com.kms.katalon.core.keyword.internal.KeywordExecutor.executeKeywordForPlatform(KeywordExecutor.groovy:74)
	at com.kms.katalon.core.keyword.BuiltinKeywords.callTestCase(BuiltinKeywords.groovy:310)
	at jdk.internal.reflect.GeneratedMethodAccessor25.invoke(Unknown Source)
	at java.base/jdk.internal.reflect.DelegatingMethodAccessorImpl.invoke(DelegatingMethodAccessorImpl.java:43)
	at Editar_Eliminar-Envios.run(Editar_Eliminar-Envios:22)
	at com.kms.katalon.core.main.ScriptEngine.run(ScriptEngine.java:194)
	at com.kms.katalon.core.main.ScriptEngine.runScriptAsRawText(ScriptEngine.java:119)
	at com.kms.katalon.core.main.TestCaseExecutor.runScript(TestCaseExecutor.java:448)
	at com.kms.katalon.core.main.TestCaseExecutor.doExecute(TestCaseExecutor.java:439)
	at com.kms.katalon.core.main.TestCaseExecutor.processExecutionPhase(TestCaseExecutor.java:418)
	at com.kms.katalon.core.main.TestCaseExecutor.accessMainPhase(TestCaseExecutor.java:410)
	at com.kms.katalon.core.main.TestCaseExecutor.execute(TestCaseExecutor.java:285)
	at com.kms.katalon.core.common.CommonExecutor.accessTestCaseMainPhase(CommonExecutor.java:65)
	at com.kms.katalon.core.main.TestSuiteExecutor.accessTestSuiteMainPhase(TestSuiteExecutor.java:150)
	at com.kms.katalon.core.main.TestSuiteExecutor.execute(TestSuiteExecutor.java:106)
	at com.kms.katalon.core.main.TestCaseMain.startTestSuite(TestCaseMain.java:180)
	at TempTestSuite1732729948317.run(TempTestSuite1732729948317.groovy:35)
	at java.base/jdk.internal.reflect.NativeMethodAccessorImpl.invoke0(Native Method)
	at java.base/jdk.internal.reflect.NativeMethodAccessorImpl.invoke(NativeMethodAccessorImpl.java:77)
	at java.base/jdk.internal.reflect.DelegatingMethodAccessorImpl.invoke(DelegatingMethodAccessorImpl.java:43)
Caused by: com.kms.katalon.core.exception.StepFailedException: Unable to click on object 'Object Repository/Principal/Page_Olva Courier  Home/button_CONTINUAR (2)'
	at com.kms.katalon.core.webui.keyword.internal.WebUIKeywordMain.stepFailed(WebUIKeywordMain.groovy:117)
	at com.kms.katalon.core.webui.keyword.internal.WebUIKeywordMain.runKeyword(WebUIKeywordMain.groovy:43)
	at com.kms.katalon.core.webui.keyword.builtin.ClickKeyword.click(ClickKeyword.groovy:74)
	at com.kms.katalon.core.webui.keyword.builtin.ClickKeyword.execute(ClickKeyword.groovy:40)
	at com.kms.katalon.core.keyword.internal.KeywordExecutor.executeKeywordForPlatform(KeywordExecutor.groovy:74)
	at com.kms.katalon.core.webui.keyword.WebUiBuiltInKeywords.click(WebUiBuiltInKeywords.groovy:659)
	at Selec_sobre.run(Selec_sobre:24)
	at com.kms.katalon.core.main.ScriptEngine.run(ScriptEngine.java:194)
	at com.kms.katalon.core.main.ScriptEngine.runScriptAsRawText(ScriptEngine.java:119)
	at com.kms.katalon.core.main.TestCaseExecutor.runScript(TestCaseExecutor.java:448)
	at com.kms.katalon.core.main.TestCaseExecutor.doExecute(TestCaseExecutor.java:439)
	at com.kms.katalon.core.main.TestCaseExecutor.processExecutionPhase(TestCaseExecutor.java:418)
	at com.kms.katalon.core.main.TestCaseExecutor.accessMainPhase(TestCaseExecutor.java:410)
	at com.kms.katalon.core.main.TestCaseExecutor.execute(TestCaseExecutor.java:285)
	at com.kms.katalon.core.main.TestCaseMain.runTestCase(TestCaseMain.java:137)
	at com.kms.katalon.core.keyword.builtin.CallTestCaseKeyword$_callTestCase_closure1.doCall(CallTestCaseKeyword.groovy:59)
	... 24 more
Caused by: org.openqa.selenium.ElementClickInterceptedException: Element <button id="btn_aceptar_tipo_envio" class="btn disabled" type="button"> is not clickable at point (675,588) because another element <div class="modal-footer"> obscures it
Build info: version: '3.141.59', revision: 'unknown', time: 'unknown'
System info: host: 'DESKTOP-RGFFP9A', ip: '10.136.10.6', os.name: 'Windows 11', os.arch: 'amd64', os.version: '10.0', java.version: '17.0.7'
Driver info: com.kms.katalon.core.webui.driver.firefox.CGeckoDriver
Capabilities {acceptInsecureCerts: true, browserName: firefox, browserVersion: 133.0, javascriptEnabled: true, moz:accessibilityChecks: false, moz:buildID: 20241121140525, moz:geckodriverVersion: 0.35.0, moz:headless: false, moz:platformVersion: 10.0, moz:processID: 9172, moz:profile: C:\Users\OLVATI\AppData\Loc..., moz:shutdownTimeout: 60000, moz:webdriverClick: true, moz:windowless: false, pageLoadStrategy: normal, platform: WINDOWS, platformName: WINDOWS, proxy: Proxy(direct), setWindowRect: true, strictFileInteractability: false, timeouts: {implicit: 0, pageLoad: 300000, script: 30000}, unhandledPromptBehavior: dismiss and notify, userAgent: Mozilla/5.0 (Windows NT 10....}
Session ID: 2ac613c3-38f3-474e-9ce3-ecdcd84f85b7
	at jdk.internal.reflect.GeneratedConstructorAccessor32.newInstance(Unknown Source)
	at java.base/jdk.internal.reflect.DelegatingConstructorAccessorImpl.newInstance(DelegatingConstructorAccessorImpl.java:45)
	at org.openqa.selenium.remote.http.W3CHttpResponseCodec.createException(W3CHttpResponseCodec.java:187)
	at org.openqa.selenium.remote.http.W3CHttpResponseCodec.decode(W3CHttpResponseCodec.java:122)
	at org.openqa.selenium.remote.http.W3CHttpResponseCodec.decode(W3CHttpResponseCodec.java:49)
	at org.openqa.selenium.remote.HttpCommandExecutor.execute(HttpCommandExecutor.java:158)
	at org.openqa.selenium.remote.service.DriverCommandExecutor.execute(DriverCommandExecutor.java:83)
	at org.openqa.selenium.remote.RemoteWebDriver.execute(RemoteWebDriver.java:552)
	at com.kms.katalon.selenium.driver.CFirefoxDriver.execute(CFirefoxDriver.java:28)
	at org.openqa.selenium.remote.RemoteWebElement.execute(RemoteWebElement.java:285)
	at org.openqa.selenium.remote.RemoteWebElement.click(RemoteWebElement.java:84)
	at jdk.internal.reflect.GeneratedMethodAccessor10.invoke(Unknown Source)
	at java.base/jdk.internal.reflect.DelegatingMethodAccessorImpl.invoke(DelegatingMethodAccessorImpl.java:43)
	at org.openqa.selenium.support.events.EventFiringWebDriver$EventFiringWebElement.lambda$new$0(EventFiringWebDriver.java:404)
	at jdk.proxy2/jdk.proxy2.$Proxy21.click(Unknown Source)
	at org.openqa.selenium.support.events.EventFiringWebDriver$EventFiringWebElement.click(EventFiringWebDriver.java:417)
	at org.openqa.selenium.WebElement$click.call(Unknown Source)
	at com.kms.katalon.core.webui.keyword.builtin.ClickKeyword.clickUntilSuccessWithTimeout(ClickKeyword.groovy:81)
	at com.kms.katalon.core.webui.keyword.builtin.ClickKeyword.clickUntilSuccessWithTimeout(ClickKeyword.groovy)
	at jdk.internal.reflect.GeneratedMethodAccessor8.invoke(Unknown Source)
	at java.base/jdk.internal.reflect.DelegatingMethodAccessorImpl.invoke(DelegatingMethodAccessorImpl.java:43)
	at com.kms.katalon.core.webui.keyword.builtin.ClickKeyword$_click_closure1.doCall(ClickKeyword.groovy:67)
	at com.kms.katalon.core.webui.keyword.builtin.ClickKeyword$_click_closure1.call(ClickKeyword.groovy)
	at com.kms.katalon.core.webui.keyword.internal.WebUIKeywordMain.runKeyword(WebUIKeywordMain.groovy:35)
	... 38 more
)

27-11-2024T13:32:10 - [TEST_CASE][FAILED] - Test Cases/1.Inicio/1.1Principal/Selec_sobre: Test Cases/1.Inicio/1.1Principal/Selec_sobre FAILED.
Reason:
com.kms.katalon.core.exception.StepFailedException: Unable to click on object 'Object Repository/Principal/Page_Olva Courier  Home/button_CONTINUAR (2)'
	at com.kms.katalon.core.webui.keyword.internal.WebUIKeywordMain.stepFailed(WebUIKeywordMain.groovy:117)
	at com.kms.katalon.core.webui.keyword.internal.WebUIKeywordMain.runKeyword(WebUIKeywordMain.groovy:43)
	at com.kms.katalon.core.webui.keyword.builtin.ClickKeyword.click(ClickKeyword.groovy:74)
	at com.kms.katalon.core.webui.keyword.builtin.ClickKeyword.execute(ClickKeyword.groovy:40)
	at com.kms.katalon.core.keyword.internal.KeywordExecutor.executeKeywordForPlatform(KeywordExecutor.groovy:74)
	at com.kms.katalon.core.webui.keyword.WebUiBuiltInKeywords.click(WebUiBuiltInKeywords.groovy:659)
	at Selec_sobre.run(Selec_sobre:24)
	at com.kms.katalon.core.main.ScriptEngine.run(ScriptEngine.java:194)
	at com.kms.katalon.core.main.ScriptEngine.runScriptAsRawText(ScriptEngine.java:119)
	at com.kms.katalon.core.main.TestCaseExecutor.runScript(TestCaseExecutor.java:448)
	at com.kms.katalon.core.main.TestCaseExecutor.doExecute(TestCaseExecutor.java:439)
	at com.kms.katalon.core.main.TestCaseExecutor.processExecutionPhase(TestCaseExecutor.java:418)
	at com.kms.katalon.core.main.TestCaseExecutor.accessMainPhase(TestCaseExecutor.java:410)
	at com.kms.katalon.core.main.TestCaseExecutor.execute(TestCaseExecutor.java:285)
	at com.kms.katalon.core.main.TestCaseMain.runTestCase(TestCaseMain.java:137)
	at com.kms.katalon.core.keyword.builtin.CallTestCaseKeyword$_callTestCase_closure1.doCall(CallTestCaseKeyword.groovy:59)
	at com.kms.katalon.core.keyword.builtin.CallTestCaseKeyword$_callTestCase_closure1.call(CallTestCaseKeyword.groovy)
	at com.kms.katalon.core.keyword.internal.KeywordMain.runKeyword(KeywordMain.groovy:75)
	at com.kms.katalon.core.keyword.builtin.CallTestCaseKeyword.callTestCase(CallTestCaseKeyword.groovy:81)
	at com.kms.katalon.core.keyword.builtin.CallTestCaseKeyword.execute(CallTestCaseKeyword.groovy:44)
	at com.kms.katalon.core.keyword.internal.KeywordExecutor.executeKeywordForPlatform(KeywordExecutor.groovy:74)
	at com.kms.katalon.core.keyword.BuiltinKeywords.callTestCase(BuiltinKeywords.groovy:310)
	at jdk.internal.reflect.GeneratedMethodAccessor25.invoke(Unknown Source)
	at java.base/jdk.internal.reflect.DelegatingMethodAccessorImpl.invoke(DelegatingMethodAccessorImpl.java:43)
	at Editar_Eliminar-Envios.run(Editar_Eliminar-Envios:22)
	at com.kms.katalon.core.main.ScriptEngine.run(ScriptEngine.java:194)
	at com.kms.katalon.core.main.ScriptEngine.runScriptAsRawText(ScriptEngine.java:119)
	at com.kms.katalon.core.main.TestCaseExecutor.runScript(TestCaseExecutor.java:448)
	at com.kms.katalon.core.main.TestCaseExecutor.doExecute(TestCaseExecutor.java:439)
	at com.kms.katalon.core.main.TestCaseExecutor.processExecutionPhase(TestCaseExecutor.java:418)
	at com.kms.katalon.core.main.TestCaseExecutor.accessMainPhase(TestCaseExecutor.java:410)
	at com.kms.katalon.core.main.TestCaseExecutor.execute(TestCaseExecutor.java:285)
	at com.kms.katalon.core.common.CommonExecutor.accessTestCaseMainPhase(CommonExecutor.java:65)
	at com.kms.katalon.core.main.TestSuiteExecutor.accessTestSuiteMainPhase(TestSuiteExecutor.java:150)
	at com.kms.katalon.core.main.TestSuiteExecutor.execute(TestSuiteExecutor.java:106)
	at com.kms.katalon.core.main.TestCaseMain.startTestSuite(TestCaseMain.java:180)
	at TempTestSuite1732729948317.run(TempTestSuite1732729948317.groovy:35)
	at java.base/jdk.internal.reflect.NativeMethodAccessorImpl.invoke0(Native Method)
	at java.base/jdk.internal.reflect.NativeMethodAccessorImpl.invoke(NativeMethodAccessorImpl.java:77)
	at java.base/jdk.internal.reflect.DelegatingMethodAccessorImpl.invoke(DelegatingMethodAccessorImpl.java:43)
Caused by: org.openqa.selenium.ElementClickInterceptedException: Element <button id="btn_aceptar_tipo_envio" class="btn disabled" type="button"> is not clickable at point (675,588) because another element <div class="modal-footer"> obscures it
Build info: version: '3.141.59', revision: 'unknown', time: 'unknown'
System info: host: 'DESKTOP-RGFFP9A', ip: '10.136.10.6', os.name: 'Windows 11', os.arch: 'amd64', os.version: '10.0', java.version: '17.0.7'
Driver info: com.kms.katalon.core.webui.driver.firefox.CGeckoDriver
Capabilities {acceptInsecureCerts: true, browserName: firefox, browserVersion: 133.0, javascriptEnabled: true, moz:accessibilityChecks: false, moz:buildID: 20241121140525, moz:geckodriverVersion: 0.35.0, moz:headless: false, moz:platformVersion: 10.0, moz:processID: 9172, moz:profile: C:\Users\OLVATI\AppData\Loc..., moz:shutdownTimeout: 60000, moz:webdriverClick: true, moz:windowless: false, pageLoadStrategy: normal, platform: WINDOWS, platformName: WINDOWS, proxy: Proxy(direct), setWindowRect: true, strictFileInteractability: false, timeouts: {implicit: 0, pageLoad: 300000, script: 30000}, unhandledPromptBehavior: dismiss and notify, userAgent: Mozilla/5.0 (Windows NT 10....}
Session ID: 2ac613c3-38f3-474e-9ce3-ecdcd84f85b7
	at jdk.internal.reflect.GeneratedConstructorAccessor32.newInstance(Unknown Source)
	at java.base/jdk.internal.reflect.DelegatingConstructorAccessorImpl.newInstance(DelegatingConstructorAccessorImpl.java:45)
	at org.openqa.selenium.remote.http.W3CHttpResponseCodec.createException(W3CHttpResponseCodec.java:187)
	at org.openqa.selenium.remote.http.W3CHttpResponseCodec.decode(W3CHttpResponseCodec.java:122)
	at org.openqa.selenium.remote.http.W3CHttpResponseCodec.decode(W3CHttpResponseCodec.java:49)
	at org.openqa.selenium.remote.HttpCommandExecutor.execute(HttpCommandExecutor.java:158)
	at org.openqa.selenium.remote.service.DriverCommandExecutor.execute(DriverCommandExecutor.java:83)
	at org.openqa.selenium.remote.RemoteWebDriver.execute(RemoteWebDriver.java:552)
	at com.kms.katalon.selenium.driver.CFirefoxDriver.execute(CFirefoxDriver.java:28)
	at org.openqa.selenium.remote.RemoteWebElement.execute(RemoteWebElement.java:285)
	at org.openqa.selenium.remote.RemoteWebElement.click(RemoteWebElement.java:84)
	at jdk.internal.reflect.GeneratedMethodAccessor10.invoke(Unknown Source)
	at java.base/jdk.internal.reflect.DelegatingMethodAccessorImpl.invoke(DelegatingMethodAccessorImpl.java:43)
	at org.openqa.selenium.support.events.EventFiringWebDriver$EventFiringWebElement.lambda$new$0(EventFiringWebDriver.java:404)
	at jdk.proxy2/jdk.proxy2.$Proxy21.click(Unknown Source)
	at org.openqa.selenium.support.events.EventFiringWebDriver$EventFiringWebElement.click(EventFiringWebDriver.java:417)
	at org.openqa.selenium.WebElement$click.call(Unknown Source)
	at com.kms.katalon.core.webui.keyword.builtin.ClickKeyword.clickUntilSuccessWithTimeout(ClickKeyword.groovy:81)
	at com.kms.katalon.core.webui.keyword.builtin.ClickKeyword.clickUntilSuccessWithTimeout(ClickKeyword.groovy)
	at jdk.internal.reflect.GeneratedMethodAccessor8.invoke(Unknown Source)
	at java.base/jdk.internal.reflect.DelegatingMethodAccessorImpl.invoke(DelegatingMethodAccessorImpl.java:43)
	at com.kms.katalon.core.webui.keyword.builtin.ClickKeyword$_click_closure1.doCall(ClickKeyword.groovy:67)
	at com.kms.katalon.core.webui.keyword.builtin.ClickKeyword$_click_closure1.call(ClickKeyword.groovy)
	at com.kms.katalon.core.webui.keyword.internal.WebUIKeywordMain.runKeyword(WebUIKeywordMain.groovy:35)
	... 38 more


27-11-2024T13:32:10 - [TEST_STEP][PASSED] - click(findTestObject("Object Repository/Principal/Page_Olva Courier  Home/img_Envo de cajas o paquetescon un peso mxi_37770f")): Object: 'Object Repository/Principal/Page_Olva Courier  Home/img_Envo de cajas o paquetescon un peso mxi_37770f' is clicked on

27-11-2024T13:32:11 - [MESSAGE][PASSED] - Object: 'Object Repository/Principal/Page_Olva Courier  Home/img_Envo de cajas o paquetescon un peso mxi_37770f' is clicked on

27-11-2024T13:32:11 - [TEST_STEP][PASSED] - click(findTestObject("Object Repository/Principal/Page_Olva Courier  Home/label_He ledo y acepto los trminos de uso y_adab65")): Object: 'Object Repository/Principal/Page_Olva Courier  Home/label_He ledo y acepto los trminos de uso y_adab65' is clicked on

27-11-2024T13:32:12 - [MESSAGE][PASSED] - Object: 'Object Repository/Principal/Page_Olva Courier  Home/label_He ledo y acepto los trminos de uso y_adab65' is clicked on

27-11-2024T13:32:12 - [TEST_STEP][FAILED] - click(findTestObject("Object Repository/Principal/Page_Olva Courier  Home/button_CONTINUAR (2)")): Unable to click on object 'Object Repository/Principal/Page_Olva Courier  Home/button_CONTINUAR (2)' (Root cause: com.kms.katalon.core.exception.StepFailedException: Unable to click on object 'Object Repository/Principal/Page_Olva Courier  Home/button_CONTINUAR (2)'
	at com.kms.katalon.core.webui.keyword.internal.WebUIKeywordMain.stepFailed(WebUIKeywordMain.groovy:117)
	at com.kms.katalon.core.webui.keyword.internal.WebUIKeywordMain.runKeyword(WebUIKeywordMain.groovy:43)
	at com.kms.katalon.core.webui.keyword.builtin.ClickKeyword.click(ClickKeyword.groovy:74)
	at com.kms.katalon.core.webui.keyword.builtin.ClickKeyword.execute(ClickKeyword.groovy:40)
	at com.kms.katalon.core.keyword.internal.KeywordExecutor.executeKeywordForPlatform(KeywordExecutor.groovy:74)
	at com.kms.katalon.core.webui.keyword.WebUiBuiltInKeywords.click(WebUiBuiltInKeywords.groovy:659)
	at Selec_sobre.run(Selec_sobre:24)
	at com.kms.katalon.core.main.ScriptEngine.run(ScriptEngine.java:194)
	at com.kms.katalon.core.main.ScriptEngine.runScriptAsRawText(ScriptEngine.java:119)
	at com.kms.katalon.core.main.TestCaseExecutor.runScript(TestCaseExecutor.java:448)
	at com.kms.katalon.core.main.TestCaseExecutor.doExecute(TestCaseExecutor.java:439)
	at com.kms.katalon.core.main.TestCaseExecutor.processExecutionPhase(TestCaseExecutor.java:418)
	at com.kms.katalon.core.main.TestCaseExecutor.accessMainPhase(TestCaseExecutor.java:410)
	at com.kms.katalon.core.main.TestCaseExecutor.execute(TestCaseExecutor.java:285)
	at com.kms.katalon.core.main.TestCaseMain.runTestCase(TestCaseMain.java:137)
	at com.kms.katalon.core.keyword.builtin.CallTestCaseKeyword$_callTestCase_closure1.doCall(CallTestCaseKeyword.groovy:59)
	at com.kms.katalon.core.keyword.builtin.CallTestCaseKeyword$_callTestCase_closure1.call(CallTestCaseKeyword.groovy)
	at com.kms.katalon.core.keyword.internal.KeywordMain.runKeyword(KeywordMain.groovy:75)
	at com.kms.katalon.core.keyword.builtin.CallTestCaseKeyword.callTestCase(CallTestCaseKeyword.groovy:81)
	at com.kms.katalon.core.keyword.builtin.CallTestCaseKeyword.execute(CallTestCaseKeyword.groovy:44)
	at com.kms.katalon.core.keyword.internal.KeywordExecutor.executeKeywordForPlatform(KeywordExecutor.groovy:74)
	at com.kms.katalon.core.keyword.BuiltinKeywords.callTestCase(BuiltinKeywords.groovy:310)
	at jdk.internal.reflect.GeneratedMethodAccessor25.invoke(Unknown Source)
	at java.base/jdk.internal.reflect.DelegatingMethodAccessorImpl.invoke(DelegatingMethodAccessorImpl.java:43)
	at Editar_Eliminar-Envios.run(Editar_Eliminar-Envios:22)
	at com.kms.katalon.core.main.ScriptEngine.run(ScriptEngine.java:194)
	at com.kms.katalon.core.main.ScriptEngine.runScriptAsRawText(ScriptEngine.java:119)
	at com.kms.katalon.core.main.TestCaseExecutor.runScript(TestCaseExecutor.java:448)
	at com.kms.katalon.core.main.TestCaseExecutor.doExecute(TestCaseExecutor.java:439)
	at com.kms.katalon.core.main.TestCaseExecutor.processExecutionPhase(TestCaseExecutor.java:418)
	at com.kms.katalon.core.main.TestCaseExecutor.accessMainPhase(TestCaseExecutor.java:410)
	at com.kms.katalon.core.main.TestCaseExecutor.execute(TestCaseExecutor.java:285)
	at com.kms.katalon.core.common.CommonExecutor.accessTestCaseMainPhase(CommonExecutor.java:65)
	at com.kms.katalon.core.main.TestSuiteExecutor.accessTestSuiteMainPhase(TestSuiteExecutor.java:150)
	at com.kms.katalon.core.main.TestSuiteExecutor.execute(TestSuiteExecutor.java:106)
	at com.kms.katalon.core.main.TestCaseMain.startTestSuite(TestCaseMain.java:180)
	at TempTestSuite1732729948317.run(TempTestSuite1732729948317.groovy:35)
	at java.base/jdk.internal.reflect.NativeMethodAccessorImpl.invoke0(Native Method)
	at java.base/jdk.internal.reflect.NativeMethodAccessorImpl.invoke(NativeMethodAccessorImpl.java:77)
	at java.base/jdk.internal.reflect.DelegatingMethodAccessorImpl.invoke(DelegatingMethodAccessorImpl.java:43)
Caused by: org.openqa.selenium.ElementClickInterceptedException: Element <button id="btn_aceptar_tipo_envio" class="btn disabled" type="button"> is not clickable at point (675,588) because another element <div class="modal-footer"> obscures it
Build info: version: '3.141.59', revision: 'unknown', time: 'unknown'
System info: host: 'DESKTOP-RGFFP9A', ip: '10.136.10.6', os.name: 'Windows 11', os.arch: 'amd64', os.version: '10.0', java.version: '17.0.7'
Driver info: com.kms.katalon.core.webui.driver.firefox.CGeckoDriver
Capabilities {acceptInsecureCerts: true, browserName: firefox, browserVersion: 133.0, javascriptEnabled: true, moz:accessibilityChecks: false, moz:buildID: 20241121140525, moz:geckodriverVersion: 0.35.0, moz:headless: false, moz:platformVersion: 10.0, moz:processID: 9172, moz:profile: C:\Users\OLVATI\AppData\Loc..., moz:shutdownTimeout: 60000, moz:webdriverClick: true, moz:windowless: false, pageLoadStrategy: normal, platform: WINDOWS, platformName: WINDOWS, proxy: Proxy(direct), setWindowRect: true, strictFileInteractability: false, timeouts: {implicit: 0, pageLoad: 300000, script: 30000}, unhandledPromptBehavior: dismiss and notify, userAgent: Mozilla/5.0 (Windows NT 10....}
Session ID: 2ac613c3-38f3-474e-9ce3-ecdcd84f85b7
	at jdk.internal.reflect.GeneratedConstructorAccessor32.newInstance(Unknown Source)
	at java.base/jdk.internal.reflect.DelegatingConstructorAccessorImpl.newInstance(DelegatingConstructorAccessorImpl.java:45)
	at org.openqa.selenium.remote.http.W3CHttpResponseCodec.createException(W3CHttpResponseCodec.java:187)
	at org.openqa.selenium.remote.http.W3CHttpResponseCodec.decode(W3CHttpResponseCodec.java:122)
	at org.openqa.selenium.remote.http.W3CHttpResponseCodec.decode(W3CHttpResponseCodec.java:49)
	at org.openqa.selenium.remote.HttpCommandExecutor.execute(HttpCommandExecutor.java:158)
	at org.openqa.selenium.remote.service.DriverCommandExecutor.execute(DriverCommandExecutor.java:83)
	at org.openqa.selenium.remote.RemoteWebDriver.execute(RemoteWebDriver.java:552)
	at com.kms.katalon.selenium.driver.CFirefoxDriver.execute(CFirefoxDriver.java:28)
	at org.openqa.selenium.remote.RemoteWebElement.execute(RemoteWebElement.java:285)
	at org.openqa.selenium.remote.RemoteWebElement.click(RemoteWebElement.java:84)
	at jdk.internal.reflect.GeneratedMethodAccessor10.invoke(Unknown Source)
	at java.base/jdk.internal.reflect.DelegatingMethodAccessorImpl.invoke(DelegatingMethodAccessorImpl.java:43)
	at org.openqa.selenium.support.events.EventFiringWebDriver$EventFiringWebElement.lambda$new$0(EventFiringWebDriver.java:404)
	at jdk.proxy2/jdk.proxy2.$Proxy21.click(Unknown Source)
	at org.openqa.selenium.support.events.EventFiringWebDriver$EventFiringWebElement.click(EventFiringWebDriver.java:417)
	at org.openqa.selenium.WebElement$click.call(Unknown Source)
	at com.kms.katalon.core.webui.keyword.builtin.ClickKeyword.clickUntilSuccessWithTimeout(ClickKeyword.groovy:81)
	at com.kms.katalon.core.webui.keyword.builtin.ClickKeyword.clickUntilSuccessWithTimeout(ClickKeyword.groovy)
	at jdk.internal.reflect.GeneratedMethodAccessor8.invoke(Unknown Source)
	at java.base/jdk.internal.reflect.DelegatingMethodAccessorImpl.invoke(DelegatingMethodAccessorImpl.java:43)
	at com.kms.katalon.core.webui.keyword.builtin.ClickKeyword$_click_closure1.doCall(ClickKeyword.groovy:67)
	at com.kms.katalon.core.webui.keyword.builtin.ClickKeyword$_click_closure1.call(ClickKeyword.groovy)
	at com.kms.katalon.core.webui.keyword.internal.WebUIKeywordMain.runKeyword(WebUIKeywordMain.groovy:35)
	at com.kms.katalon.core.webui.keyword.builtin.ClickKeyword.click(ClickKeyword.groovy:74)
	at com.kms.katalon.core.webui.keyword.builtin.ClickKeyword.execute(ClickKeyword.groovy:40)
	at com.kms.katalon.core.keyword.internal.KeywordExecutor.executeKeywordForPlatform(KeywordExecutor.groovy:74)
	at com.kms.katalon.core.webui.keyword.WebUiBuiltInKeywords.click(WebUiBuiltInKeywords.groovy:659)
	at Script1732083570761.run(Script1732083570761.groovy:24)
	at com.kms.katalon.core.main.ScriptEngine.run(ScriptEngine.java:194)
	at com.kms.katalon.core.main.ScriptEngine.runScriptAsRawText(ScriptEngine.java:119)
	at com.kms.katalon.core.main.TestCaseExecutor.runScript(TestCaseExecutor.java:448)
	at com.kms.katalon.core.main.TestCaseExecutor.doExecute(TestCaseExecutor.java:439)
	at com.kms.katalon.core.main.TestCaseExecutor.processExecutionPhase(TestCaseExecutor.java:418)
	at com.kms.katalon.core.main.TestCaseExecutor.accessMainPhase(TestCaseExecutor.java:410)
	at com.kms.katalon.core.main.TestCaseExecutor.execute(TestCaseExecutor.java:285)
	at com.kms.katalon.core.main.TestCaseMain.runTestCase(TestCaseMain.java:137)
	at com.kms.katalon.core.keyword.builtin.CallTestCaseKeyword$_callTestCase_closure1.doCall(CallTestCaseKeyword.groovy:59)
	at com.kms.katalon.core.keyword.builtin.CallTestCaseKeyword$_callTestCase_closure1.call(CallTestCaseKeyword.groovy)
	at com.kms.katalon.core.keyword.internal.KeywordMain.runKeyword(KeywordMain.groovy:75)
	at com.kms.katalon.core.keyword.builtin.CallTestCaseKeyword.callTestCase(CallTestCaseKeyword.groovy:81)
	at com.kms.katalon.core.keyword.builtin.CallTestCaseKeyword.execute(CallTestCaseKeyword.groovy:44)
	at com.kms.katalon.core.keyword.internal.KeywordExecutor.executeKeywordForPlatform(KeywordExecutor.groovy:74)
	at com.kms.katalon.core.keyword.BuiltinKeywords.callTestCase(BuiltinKeywords.groovy:310)
	at jdk.internal.reflect.GeneratedMethodAccessor25.invoke(Unknown Source)
	at java.base/jdk.internal.reflect.DelegatingMethodAccessorImpl.invoke(DelegatingMethodAccessorImpl.java:43)
	at Script1732341471838.run(Script1732341471838.groovy:22)
	... 15 more
)

27-11-2024T13:32:42 - [MESSAGE][FAILED] - Unable to click on object 'Object Repository/Principal/Page_Olva Courier  Home/button_CONTINUAR (2)' (Root cause: com.kms.katalon.core.exception.StepFailedException: Unable to click on object 'Object Repository/Principal/Page_Olva Courier  Home/button_CONTINUAR (2)'
	at com.kms.katalon.core.webui.keyword.internal.WebUIKeywordMain.stepFailed(WebUIKeywordMain.groovy:117)
	at com.kms.katalon.core.webui.keyword.internal.WebUIKeywordMain.runKeyword(WebUIKeywordMain.groovy:43)
	at com.kms.katalon.core.webui.keyword.builtin.ClickKeyword.click(ClickKeyword.groovy:74)
	at com.kms.katalon.core.webui.keyword.builtin.ClickKeyword.execute(ClickKeyword.groovy:40)
	at com.kms.katalon.core.keyword.internal.KeywordExecutor.executeKeywordForPlatform(KeywordExecutor.groovy:74)
	at com.kms.katalon.core.webui.keyword.WebUiBuiltInKeywords.click(WebUiBuiltInKeywords.groovy:659)
	at Selec_sobre.run(Selec_sobre:24)
	at com.kms.katalon.core.main.ScriptEngine.run(ScriptEngine.java:194)
	at com.kms.katalon.core.main.ScriptEngine.runScriptAsRawText(ScriptEngine.java:119)
	at com.kms.katalon.core.main.TestCaseExecutor.runScript(TestCaseExecutor.java:448)
	at com.kms.katalon.core.main.TestCaseExecutor.doExecute(TestCaseExecutor.java:439)
	at com.kms.katalon.core.main.TestCaseExecutor.processExecutionPhase(TestCaseExecutor.java:418)
	at com.kms.katalon.core.main.TestCaseExecutor.accessMainPhase(TestCaseExecutor.java:410)
	at com.kms.katalon.core.main.TestCaseExecutor.execute(TestCaseExecutor.java:285)
	at com.kms.katalon.core.main.TestCaseMain.runTestCase(TestCaseMain.java:137)
	at com.kms.katalon.core.keyword.builtin.CallTestCaseKeyword$_callTestCase_closure1.doCall(CallTestCaseKeyword.groovy:59)
	at com.kms.katalon.core.keyword.builtin.CallTestCaseKeyword$_callTestCase_closure1.call(CallTestCaseKeyword.groovy)
	at com.kms.katalon.core.keyword.internal.KeywordMain.runKeyword(KeywordMain.groovy:75)
	at com.kms.katalon.core.keyword.builtin.CallTestCaseKeyword.callTestCase(CallTestCaseKeyword.groovy:81)
	at com.kms.katalon.core.keyword.builtin.CallTestCaseKeyword.execute(CallTestCaseKeyword.groovy:44)
	at com.kms.katalon.core.keyword.internal.KeywordExecutor.executeKeywordForPlatform(KeywordExecutor.groovy:74)
	at com.kms.katalon.core.keyword.BuiltinKeywords.callTestCase(BuiltinKeywords.groovy:310)
	at jdk.internal.reflect.GeneratedMethodAccessor25.invoke(Unknown Source)
	at java.base/jdk.internal.reflect.DelegatingMethodAccessorImpl.invoke(DelegatingMethodAccessorImpl.java:43)
	at Editar_Eliminar-Envios.run(Editar_Eliminar-Envios:22)
	at com.kms.katalon.core.main.ScriptEngine.run(ScriptEngine.java:194)
	at com.kms.katalon.core.main.ScriptEngine.runScriptAsRawText(ScriptEngine.java:119)
	at com.kms.katalon.core.main.TestCaseExecutor.runScript(TestCaseExecutor.java:448)
	at com.kms.katalon.core.main.TestCaseExecutor.doExecute(TestCaseExecutor.java:439)
	at com.kms.katalon.core.main.TestCaseExecutor.processExecutionPhase(TestCaseExecutor.java:418)
	at com.kms.katalon.core.main.TestCaseExecutor.accessMainPhase(TestCaseExecutor.java:410)
	at com.kms.katalon.core.main.TestCaseExecutor.execute(TestCaseExecutor.java:285)
	at com.kms.katalon.core.common.CommonExecutor.accessTestCaseMainPhase(CommonExecutor.java:65)
	at com.kms.katalon.core.main.TestSuiteExecutor.accessTestSuiteMainPhase(TestSuiteExecutor.java:150)
	at com.kms.katalon.core.main.TestSuiteExecutor.execute(TestSuiteExecutor.java:106)
	at com.kms.katalon.core.main.TestCaseMain.startTestSuite(TestCaseMain.java:180)
	at TempTestSuite1732729948317.run(TempTestSuite1732729948317.groovy:35)
	at java.base/jdk.internal.reflect.NativeMethodAccessorImpl.invoke0(Native Method)
	at java.base/jdk.internal.reflect.NativeMethodAccessorImpl.invoke(NativeMethodAccessorImpl.java:77)
	at java.base/jdk.internal.reflect.DelegatingMethodAccessorImpl.invoke(DelegatingMethodAccessorImpl.java:43)
Caused by: org.openqa.selenium.ElementClickInterceptedException: Element <button id="btn_aceptar_tipo_envio" class="btn disabled" type="button"> is not clickable at point (675,588) because another element <div class="modal-footer"> obscures it
Build info: version: '3.141.59', revision: 'unknown', time: 'unknown'
System info: host: 'DESKTOP-RGFFP9A', ip: '10.136.10.6', os.name: 'Windows 11', os.arch: 'amd64', os.version: '10.0', java.version: '17.0.7'
Driver info: com.kms.katalon.core.webui.driver.firefox.CGeckoDriver
Capabilities {acceptInsecureCerts: true, browserName: firefox, browserVersion: 133.0, javascriptEnabled: true, moz:accessibilityChecks: false, moz:buildID: 20241121140525, moz:geckodriverVersion: 0.35.0, moz:headless: false, moz:platformVersion: 10.0, moz:processID: 9172, moz:profile: C:\Users\OLVATI\AppData\Loc..., moz:shutdownTimeout: 60000, moz:webdriverClick: true, moz:windowless: false, pageLoadStrategy: normal, platform: WINDOWS, platformName: WINDOWS, proxy: Proxy(direct), setWindowRect: true, strictFileInteractability: false, timeouts: {implicit: 0, pageLoad: 300000, script: 30000}, unhandledPromptBehavior: dismiss and notify, userAgent: Mozilla/5.0 (Windows NT 10....}
Session ID: 2ac613c3-38f3-474e-9ce3-ecdcd84f85b7
	at jdk.internal.reflect.GeneratedConstructorAccessor32.newInstance(Unknown Source)
	at java.base/jdk.internal.reflect.DelegatingConstructorAccessorImpl.newInstance(DelegatingConstructorAccessorImpl.java:45)
	at org.openqa.selenium.remote.http.W3CHttpResponseCodec.createException(W3CHttpResponseCodec.java:187)
	at org.openqa.selenium.remote.http.W3CHttpResponseCodec.decode(W3CHttpResponseCodec.java:122)
	at org.openqa.selenium.remote.http.W3CHttpResponseCodec.decode(W3CHttpResponseCodec.java:49)
	at org.openqa.selenium.remote.HttpCommandExecutor.execute(HttpCommandExecutor.java:158)
	at org.openqa.selenium.remote.service.DriverCommandExecutor.execute(DriverCommandExecutor.java:83)
	at org.openqa.selenium.remote.RemoteWebDriver.execute(RemoteWebDriver.java:552)
	at com.kms.katalon.selenium.driver.CFirefoxDriver.execute(CFirefoxDriver.java:28)
	at org.openqa.selenium.remote.RemoteWebElement.execute(RemoteWebElement.java:285)
	at org.openqa.selenium.remote.RemoteWebElement.click(RemoteWebElement.java:84)
	at jdk.internal.reflect.GeneratedMethodAccessor10.invoke(Unknown Source)
	at java.base/jdk.internal.reflect.DelegatingMethodAccessorImpl.invoke(DelegatingMethodAccessorImpl.java:43)
	at org.openqa.selenium.support.events.EventFiringWebDriver$EventFiringWebElement.lambda$new$0(EventFiringWebDriver.java:404)
	at jdk.proxy2/jdk.proxy2.$Proxy21.click(Unknown Source)
	at org.openqa.selenium.support.events.EventFiringWebDriver$EventFiringWebElement.click(EventFiringWebDriver.java:417)
	at org.openqa.selenium.WebElement$click.call(Unknown Source)
	at com.kms.katalon.core.webui.keyword.builtin.ClickKeyword.clickUntilSuccessWithTimeout(ClickKeyword.groovy:81)
	at com.kms.katalon.core.webui.keyword.builtin.ClickKeyword.clickUntilSuccessWithTimeout(ClickKeyword.groovy)
	at jdk.internal.reflect.GeneratedMethodAccessor8.invoke(Unknown Source)
	at java.base/jdk.internal.reflect.DelegatingMethodAccessorImpl.invoke(DelegatingMethodAccessorImpl.java:43)
	at com.kms.katalon.core.webui.keyword.builtin.ClickKeyword$_click_closure1.doCall(ClickKeyword.groovy:67)
	at com.kms.katalon.core.webui.keyword.builtin.ClickKeyword$_click_closure1.call(ClickKeyword.groovy)
	at com.kms.katalon.core.webui.keyword.internal.WebUIKeywordMain.runKeyword(WebUIKeywordMain.groovy:35)
	at com.kms.katalon.core.webui.keyword.builtin.ClickKeyword.click(ClickKeyword.groovy:74)
	at com.kms.katalon.core.webui.keyword.builtin.ClickKeyword.execute(ClickKeyword.groovy:40)
	at com.kms.katalon.core.keyword.internal.KeywordExecutor.executeKeywordForPlatform(KeywordExecutor.groovy:74)
	at com.kms.katalon.core.webui.keyword.WebUiBuiltInKeywords.click(WebUiBuiltInKeywords.groovy:659)
	at Script1732083570761.run(Script1732083570761.groovy:24)
	at com.kms.katalon.core.main.ScriptEngine.run(ScriptEngine.java:194)
	at com.kms.katalon.core.main.ScriptEngine.runScriptAsRawText(ScriptEngine.java:119)
	at com.kms.katalon.core.main.TestCaseExecutor.runScript(TestCaseExecutor.java:448)
	at com.kms.katalon.core.main.TestCaseExecutor.doExecute(TestCaseExecutor.java:439)
	at com.kms.katalon.core.main.TestCaseExecutor.processExecutionPhase(TestCaseExecutor.java:418)
	at com.kms.katalon.core.main.TestCaseExecutor.accessMainPhase(TestCaseExecutor.java:410)
	at com.kms.katalon.core.main.TestCaseExecutor.execute(TestCaseExecutor.java:285)
	at com.kms.katalon.core.main.TestCaseMain.runTestCase(TestCaseMain.java:137)
	at com.kms.katalon.core.keyword.builtin.CallTestCaseKeyword$_callTestCase_closure1.doCall(CallTestCaseKeyword.groovy:59)
	at com.kms.katalon.core.keyword.builtin.CallTestCaseKeyword$_callTestCase_closure1.call(CallTestCaseKeyword.groovy)
	at com.kms.katalon.core.keyword.internal.KeywordMain.runKeyword(KeywordMain.groovy:75)
	at com.kms.katalon.core.keyword.builtin.CallTestCaseKeyword.callTestCase(CallTestCaseKeyword.groovy:81)
	at com.kms.katalon.core.keyword.builtin.CallTestCaseKeyword.execute(CallTestCaseKeyword.groovy:44)
	at com.kms.katalon.core.keyword.internal.KeywordExecutor.executeKeywordForPlatform(KeywordExecutor.groovy:74)
	at com.kms.katalon.core.keyword.BuiltinKeywords.callTestCase(BuiltinKeywords.groovy:310)
	at jdk.internal.reflect.GeneratedMethodAccessor25.invoke(Unknown Source)
	at java.base/jdk.internal.reflect.DelegatingMethodAccessorImpl.invoke(DelegatingMethodAccessorImpl.java:43)
	at Script1732341471838.run(Script1732341471838.groovy:22)
	... 15 more
)

27-11-2024T13:32:42 - [MESSAGE][FAILED] - Unable to call Test Case 'Test Cases/1.Inicio/1.1Principal/Selec_sobre' (Root cause: com.kms.katalon.core.exception.StepFailedException: Call Test Case 'Test Cases/1.Inicio/1.1Principal/Selec_sobre' failed
	at com.kms.katalon.core.keyword.builtin.CallTestCaseKeyword$_callTestCase_closure1.doCall(CallTestCaseKeyword.groovy:63)
	at com.kms.katalon.core.keyword.builtin.CallTestCaseKeyword$_callTestCase_closure1.call(CallTestCaseKeyword.groovy)
	at com.kms.katalon.core.keyword.internal.KeywordMain.runKeyword(KeywordMain.groovy:75)
	at com.kms.katalon.core.keyword.builtin.CallTestCaseKeyword.callTestCase(CallTestCaseKeyword.groovy:81)
	at com.kms.katalon.core.keyword.builtin.CallTestCaseKeyword.execute(CallTestCaseKeyword.groovy:44)
	at com.kms.katalon.core.keyword.internal.KeywordExecutor.executeKeywordForPlatform(KeywordExecutor.groovy:74)
	at com.kms.katalon.core.keyword.BuiltinKeywords.callTestCase(BuiltinKeywords.groovy:310)
	at jdk.internal.reflect.GeneratedMethodAccessor25.invoke(Unknown Source)
	at java.base/jdk.internal.reflect.DelegatingMethodAccessorImpl.invoke(DelegatingMethodAccessorImpl.java:43)
	at Editar_Eliminar-Envios.run(Editar_Eliminar-Envios:22)
	at com.kms.katalon.core.main.ScriptEngine.run(ScriptEngine.java:194)
	at com.kms.katalon.core.main.ScriptEngine.runScriptAsRawText(ScriptEngine.java:119)
	at com.kms.katalon.core.main.TestCaseExecutor.runScript(TestCaseExecutor.java:448)
	at com.kms.katalon.core.main.TestCaseExecutor.doExecute(TestCaseExecutor.java:439)
	at com.kms.katalon.core.main.TestCaseExecutor.processExecutionPhase(TestCaseExecutor.java:418)
	at com.kms.katalon.core.main.TestCaseExecutor.accessMainPhase(TestCaseExecutor.java:410)
	at com.kms.katalon.core.main.TestCaseExecutor.execute(TestCaseExecutor.java:285)
	at com.kms.katalon.core.common.CommonExecutor.accessTestCaseMainPhase(CommonExecutor.java:65)
	at com.kms.katalon.core.main.TestSuiteExecutor.accessTestSuiteMainPhase(TestSuiteExecutor.java:150)
	at com.kms.katalon.core.main.TestSuiteExecutor.execute(TestSuiteExecutor.java:106)
	at com.kms.katalon.core.main.TestCaseMain.startTestSuite(TestCaseMain.java:180)
	at TempTestSuite1732729948317.run(TempTestSuite1732729948317.groovy:35)
	at java.base/jdk.internal.reflect.NativeMethodAccessorImpl.invoke0(Native Method)
	at java.base/jdk.internal.reflect.NativeMethodAccessorImpl.invoke(NativeMethodAccessorImpl.java:77)
	at java.base/jdk.internal.reflect.DelegatingMethodAccessorImpl.invoke(DelegatingMethodAccessorImpl.java:43)
Caused by: com.kms.katalon.core.exception.StepFailedException: Unable to click on object 'Object Repository/Principal/Page_Olva Courier  Home/button_CONTINUAR (2)'
	at com.kms.katalon.core.webui.keyword.internal.WebUIKeywordMain.stepFailed(WebUIKeywordMain.groovy:117)
	at com.kms.katalon.core.webui.keyword.internal.WebUIKeywordMain.runKeyword(WebUIKeywordMain.groovy:43)
	at com.kms.katalon.core.webui.keyword.builtin.ClickKeyword.click(ClickKeyword.groovy:74)
	at com.kms.katalon.core.webui.keyword.builtin.ClickKeyword.execute(ClickKeyword.groovy:40)
	at com.kms.katalon.core.keyword.internal.KeywordExecutor.executeKeywordForPlatform(KeywordExecutor.groovy:74)
	at com.kms.katalon.core.webui.keyword.WebUiBuiltInKeywords.click(WebUiBuiltInKeywords.groovy:659)
	at Selec_sobre.run(Selec_sobre:24)
	at com.kms.katalon.core.main.ScriptEngine.run(ScriptEngine.java:194)
	at com.kms.katalon.core.main.ScriptEngine.runScriptAsRawText(ScriptEngine.java:119)
	at com.kms.katalon.core.main.TestCaseExecutor.runScript(TestCaseExecutor.java:448)
	at com.kms.katalon.core.main.TestCaseExecutor.doExecute(TestCaseExecutor.java:439)
	at com.kms.katalon.core.main.TestCaseExecutor.processExecutionPhase(TestCaseExecutor.java:418)
	at com.kms.katalon.core.main.TestCaseExecutor.accessMainPhase(TestCaseExecutor.java:410)
	at com.kms.katalon.core.main.TestCaseExecutor.execute(TestCaseExecutor.java:285)
	at com.kms.katalon.core.main.TestCaseMain.runTestCase(TestCaseMain.java:137)
	at com.kms.katalon.core.keyword.builtin.CallTestCaseKeyword$_callTestCase_closure1.doCall(CallTestCaseKeyword.groovy:59)
	... 24 more
Caused by: org.openqa.selenium.ElementClickInterceptedException: Element <button id="btn_aceptar_tipo_envio" class="btn disabled" type="button"> is not clickable at point (675,588) because another element <div class="modal-footer"> obscures it
Build info: version: '3.141.59', revision: 'unknown', time: 'unknown'
System info: host: 'DESKTOP-RGFFP9A', ip: '10.136.10.6', os.name: 'Windows 11', os.arch: 'amd64', os.version: '10.0', java.version: '17.0.7'
Driver info: com.kms.katalon.core.webui.driver.firefox.CGeckoDriver
Capabilities {acceptInsecureCerts: true, browserName: firefox, browserVersion: 133.0, javascriptEnabled: true, moz:accessibilityChecks: false, moz:buildID: 20241121140525, moz:geckodriverVersion: 0.35.0, moz:headless: false, moz:platformVersion: 10.0, moz:processID: 9172, moz:profile: C:\Users\OLVATI\AppData\Loc..., moz:shutdownTimeout: 60000, moz:webdriverClick: true, moz:windowless: false, pageLoadStrategy: normal, platform: WINDOWS, platformName: WINDOWS, proxy: Proxy(direct), setWindowRect: true, strictFileInteractability: false, timeouts: {implicit: 0, pageLoad: 300000, script: 30000}, unhandledPromptBehavior: dismiss and notify, userAgent: Mozilla/5.0 (Windows NT 10....}
Session ID: 2ac613c3-38f3-474e-9ce3-ecdcd84f85b7
	at jdk.internal.reflect.GeneratedConstructorAccessor32.newInstance(Unknown Source)
	at java.base/jdk.internal.reflect.DelegatingConstructorAccessorImpl.newInstance(DelegatingConstructorAccessorImpl.java:45)
	at org.openqa.selenium.remote.http.W3CHttpResponseCodec.createException(W3CHttpResponseCodec.java:187)
	at org.openqa.selenium.remote.http.W3CHttpResponseCodec.decode(W3CHttpResponseCodec.java:122)
	at org.openqa.selenium.remote.http.W3CHttpResponseCodec.decode(W3CHttpResponseCodec.java:49)
	at org.openqa.selenium.remote.HttpCommandExecutor.execute(HttpCommandExecutor.java:158)
	at org.openqa.selenium.remote.service.DriverCommandExecutor.execute(DriverCommandExecutor.java:83)
	at org.openqa.selenium.remote.RemoteWebDriver.execute(RemoteWebDriver.java:552)
	at com.kms.katalon.selenium.driver.CFirefoxDriver.execute(CFirefoxDriver.java:28)
	at org.openqa.selenium.remote.RemoteWebElement.execute(RemoteWebElement.java:285)
	at org.openqa.selenium.remote.RemoteWebElement.click(RemoteWebElement.java:84)
	at jdk.internal.reflect.GeneratedMethodAccessor10.invoke(Unknown Source)
	at java.base/jdk.internal.reflect.DelegatingMethodAccessorImpl.invoke(DelegatingMethodAccessorImpl.java:43)
	at org.openqa.selenium.support.events.EventFiringWebDriver$EventFiringWebElement.lambda$new$0(EventFiringWebDriver.java:404)
	at jdk.proxy2/jdk.proxy2.$Proxy21.click(Unknown Source)
	at org.openqa.selenium.support.events.EventFiringWebDriver$EventFiringWebElement.click(EventFiringWebDriver.java:417)
	at org.openqa.selenium.WebElement$click.call(Unknown Source)
	at com.kms.katalon.core.webui.keyword.builtin.ClickKeyword.clickUntilSuccessWithTimeout(ClickKeyword.groovy:81)
	at com.kms.katalon.core.webui.keyword.builtin.ClickKeyword.clickUntilSuccessWithTimeout(ClickKeyword.groovy)
	at jdk.internal.reflect.GeneratedMethodAccessor8.invoke(Unknown Source)
	at java.base/jdk.internal.reflect.DelegatingMethodAccessorImpl.invoke(DelegatingMethodAccessorImpl.java:43)
	at com.kms.katalon.core.webui.keyword.builtin.ClickKeyword$_click_closure1.doCall(ClickKeyword.groovy:67)
	at com.kms.katalon.core.webui.keyword.builtin.ClickKeyword$_click_closure1.call(ClickKeyword.groovy)
	at com.kms.katalon.core.webui.keyword.internal.WebUIKeywordMain.runKeyword(WebUIKeywordMain.groovy:35)
	... 38 more
)]]></system-out>
         <system-err><![CDATA[27-11-2024T13:32:00 - [TEST_CASE][FAILED] - Test Cases/2.Positivos/2.2Sobre/Origen-Lima/Editar_Eliminar-Envios: Test Cases/2.Positivos/2.2Sobre/Origen-Lima/Editar_Eliminar-Envios FAILED.
Reason:
com.kms.katalon.core.exception.StepFailedException: Call Test Case 'Test Cases/1.Inicio/1.1Principal/Selec_sobre' failed
	at com.kms.katalon.core.keyword.builtin.CallTestCaseKeyword$_callTestCase_closure1.doCall(CallTestCaseKeyword.groovy:63)
	at com.kms.katalon.core.keyword.builtin.CallTestCaseKeyword$_callTestCase_closure1.call(CallTestCaseKeyword.groovy)
	at com.kms.katalon.core.keyword.internal.KeywordMain.runKeyword(KeywordMain.groovy:75)
	at com.kms.katalon.core.keyword.builtin.CallTestCaseKeyword.callTestCase(CallTestCaseKeyword.groovy:81)
	at com.kms.katalon.core.keyword.builtin.CallTestCaseKeyword.execute(CallTestCaseKeyword.groovy:44)
	at com.kms.katalon.core.keyword.internal.KeywordExecutor.executeKeywordForPlatform(KeywordExecutor.groovy:74)
	at com.kms.katalon.core.keyword.BuiltinKeywords.callTestCase(BuiltinKeywords.groovy:310)
	at jdk.internal.reflect.GeneratedMethodAccessor25.invoke(Unknown Source)
	at java.base/jdk.internal.reflect.DelegatingMethodAccessorImpl.invoke(DelegatingMethodAccessorImpl.java:43)
	at Editar_Eliminar-Envios.run(Editar_Eliminar-Envios:22)
	at com.kms.katalon.core.main.ScriptEngine.run(ScriptEngine.java:194)
	at com.kms.katalon.core.main.ScriptEngine.runScriptAsRawText(ScriptEngine.java:119)
	at com.kms.katalon.core.main.TestCaseExecutor.runScript(TestCaseExecutor.java:448)
	at com.kms.katalon.core.main.TestCaseExecutor.doExecute(TestCaseExecutor.java:439)
	at com.kms.katalon.core.main.TestCaseExecutor.processExecutionPhase(TestCaseExecutor.java:418)
	at com.kms.katalon.core.main.TestCaseExecutor.accessMainPhase(TestCaseExecutor.java:410)
	at com.kms.katalon.core.main.TestCaseExecutor.execute(TestCaseExecutor.java:285)
	at com.kms.katalon.core.common.CommonExecutor.accessTestCaseMainPhase(CommonExecutor.java:65)
	at com.kms.katalon.core.main.TestSuiteExecutor.accessTestSuiteMainPhase(TestSuiteExecutor.java:150)
	at com.kms.katalon.core.main.TestSuiteExecutor.execute(TestSuiteExecutor.java:106)
	at com.kms.katalon.core.main.TestCaseMain.startTestSuite(TestCaseMain.java:180)
	at TempTestSuite1732729948317.run(TempTestSuite1732729948317.groovy:35)
	at java.base/jdk.internal.reflect.NativeMethodAccessorImpl.invoke0(Native Method)
	at java.base/jdk.internal.reflect.NativeMethodAccessorImpl.invoke(NativeMethodAccessorImpl.java:77)
	at java.base/jdk.internal.reflect.DelegatingMethodAccessorImpl.invoke(DelegatingMethodAccessorImpl.java:43)
Caused by: com.kms.katalon.core.exception.StepFailedException: Unable to click on object 'Object Repository/Principal/Page_Olva Courier  Home/button_CONTINUAR (2)'
	at com.kms.katalon.core.webui.keyword.internal.WebUIKeywordMain.stepFailed(WebUIKeywordMain.groovy:117)
	at com.kms.katalon.core.webui.keyword.internal.WebUIKeywordMain.runKeyword(WebUIKeywordMain.groovy:43)
	at com.kms.katalon.core.webui.keyword.builtin.ClickKeyword.click(ClickKeyword.groovy:74)
	at com.kms.katalon.core.webui.keyword.builtin.ClickKeyword.execute(ClickKeyword.groovy:40)
	at com.kms.katalon.core.keyword.internal.KeywordExecutor.executeKeywordForPlatform(KeywordExecutor.groovy:74)
	at com.kms.katalon.core.webui.keyword.WebUiBuiltInKeywords.click(WebUiBuiltInKeywords.groovy:659)
	at Selec_sobre.run(Selec_sobre:24)
	at com.kms.katalon.core.main.ScriptEngine.run(ScriptEngine.java:194)
	at com.kms.katalon.core.main.ScriptEngine.runScriptAsRawText(ScriptEngine.java:119)
	at com.kms.katalon.core.main.TestCaseExecutor.runScript(TestCaseExecutor.java:448)
	at com.kms.katalon.core.main.TestCaseExecutor.doExecute(TestCaseExecutor.java:439)
	at com.kms.katalon.core.main.TestCaseExecutor.processExecutionPhase(TestCaseExecutor.java:418)
	at com.kms.katalon.core.main.TestCaseExecutor.accessMainPhase(TestCaseExecutor.java:410)
	at com.kms.katalon.core.main.TestCaseExecutor.execute(TestCaseExecutor.java:285)
	at com.kms.katalon.core.main.TestCaseMain.runTestCase(TestCaseMain.java:137)
	at com.kms.katalon.core.keyword.builtin.CallTestCaseKeyword$_callTestCase_closure1.doCall(CallTestCaseKeyword.groovy:59)
	... 24 more
Caused by: org.openqa.selenium.ElementClickInterceptedException: Element <button id="btn_aceptar_tipo_envio" class="btn disabled" type="button"> is not clickable at point (675,588) because another element <div class="modal-footer"> obscures it
Build info: version: '3.141.59', revision: 'unknown', time: 'unknown'
System info: host: 'DESKTOP-RGFFP9A', ip: '10.136.10.6', os.name: 'Windows 11', os.arch: 'amd64', os.version: '10.0', java.version: '17.0.7'
Driver info: com.kms.katalon.core.webui.driver.firefox.CGeckoDriver
Capabilities {acceptInsecureCerts: true, browserName: firefox, browserVersion: 133.0, javascriptEnabled: true, moz:accessibilityChecks: false, moz:buildID: 20241121140525, moz:geckodriverVersion: 0.35.0, moz:headless: false, moz:platformVersion: 10.0, moz:processID: 9172, moz:profile: C:\Users\OLVATI\AppData\Loc..., moz:shutdownTimeout: 60000, moz:webdriverClick: true, moz:windowless: false, pageLoadStrategy: normal, platform: WINDOWS, platformName: WINDOWS, proxy: Proxy(direct), setWindowRect: true, strictFileInteractability: false, timeouts: {implicit: 0, pageLoad: 300000, script: 30000}, unhandledPromptBehavior: dismiss and notify, userAgent: Mozilla/5.0 (Windows NT 10....}
Session ID: 2ac613c3-38f3-474e-9ce3-ecdcd84f85b7
	at jdk.internal.reflect.GeneratedConstructorAccessor32.newInstance(Unknown Source)
	at java.base/jdk.internal.reflect.DelegatingConstructorAccessorImpl.newInstance(DelegatingConstructorAccessorImpl.java:45)
	at org.openqa.selenium.remote.http.W3CHttpResponseCodec.createException(W3CHttpResponseCodec.java:187)
	at org.openqa.selenium.remote.http.W3CHttpResponseCodec.decode(W3CHttpResponseCodec.java:122)
	at org.openqa.selenium.remote.http.W3CHttpResponseCodec.decode(W3CHttpResponseCodec.java:49)
	at org.openqa.selenium.remote.HttpCommandExecutor.execute(HttpCommandExecutor.java:158)
	at org.openqa.selenium.remote.service.DriverCommandExecutor.execute(DriverCommandExecutor.java:83)
	at org.openqa.selenium.remote.RemoteWebDriver.execute(RemoteWebDriver.java:552)
	at com.kms.katalon.selenium.driver.CFirefoxDriver.execute(CFirefoxDriver.java:28)
	at org.openqa.selenium.remote.RemoteWebElement.execute(RemoteWebElement.java:285)
	at org.openqa.selenium.remote.RemoteWebElement.click(RemoteWebElement.java:84)
	at jdk.internal.reflect.GeneratedMethodAccessor10.invoke(Unknown Source)
	at java.base/jdk.internal.reflect.DelegatingMethodAccessorImpl.invoke(DelegatingMethodAccessorImpl.java:43)
	at org.openqa.selenium.support.events.EventFiringWebDriver$EventFiringWebElement.lambda$new$0(EventFiringWebDriver.java:404)
	at jdk.proxy2/jdk.proxy2.$Proxy21.click(Unknown Source)
	at org.openqa.selenium.support.events.EventFiringWebDriver$EventFiringWebElement.click(EventFiringWebDriver.java:417)
	at org.openqa.selenium.WebElement$click.call(Unknown Source)
	at com.kms.katalon.core.webui.keyword.builtin.ClickKeyword.clickUntilSuccessWithTimeout(ClickKeyword.groovy:81)
	at com.kms.katalon.core.webui.keyword.builtin.ClickKeyword.clickUntilSuccessWithTimeout(ClickKeyword.groovy)
	at jdk.internal.reflect.GeneratedMethodAccessor8.invoke(Unknown Source)
	at java.base/jdk.internal.reflect.DelegatingMethodAccessorImpl.invoke(DelegatingMethodAccessorImpl.java:43)
	at com.kms.katalon.core.webui.keyword.builtin.ClickKeyword$_click_closure1.doCall(ClickKeyword.groovy:67)
	at com.kms.katalon.core.webui.keyword.builtin.ClickKeyword$_click_closure1.call(ClickKeyword.groovy)
	at com.kms.katalon.core.webui.keyword.internal.WebUIKeywordMain.runKeyword(WebUIKeywordMain.groovy:35)
	... 38 more]]></system-err>
      </testcase>
      <testcase name="Test Cases/2.Positivos/2.2Sobre/Origen-Lima/Difuninado-Consignado" time="40.962" classname="Test Cases/2.Positivos/2.2Sobre/Origen-Lima/Difuninado-Consignado" status="FAILED">
         <failure type="FAILED" message="Test Cases/2.Positivos/2.2Sobre/Origen-Lima/Difuninado-Consignado FAILED.&#xa;Reason:&#xa;com.kms.katalon.core.exception.StepFailedException: Call Test Case 'Test Cases/1.Inicio/1.1Principal/Selec_sobre' failed&#xa;	at com.kms.katalon.core.keyword.builtin.CallTestCaseKeyword$_callTestCase_closure1.doCall(CallTestCaseKeyword.groovy:63)&#xa;	at com.kms.katalon.core.keyword.builtin.CallTestCaseKeyword$_callTestCase_closure1.call(CallTestCaseKeyword.groovy)&#xa;	at com.kms.katalon.core.keyword.internal.KeywordMain.runKeyword(KeywordMain.groovy:75)&#xa;	at com.kms.katalon.core.keyword.builtin.CallTestCaseKeyword.callTestCase(CallTestCaseKeyword.groovy:81)&#xa;	at com.kms.katalon.core.keyword.builtin.CallTestCaseKeyword.execute(CallTestCaseKeyword.groovy:44)&#xa;	at com.kms.katalon.core.keyword.internal.KeywordExecutor.executeKeywordForPlatform(KeywordExecutor.groovy:74)&#xa;	at com.kms.katalon.core.keyword.BuiltinKeywords.callTestCase(BuiltinKeywords.groovy:310)&#xa;	at jdk.internal.reflect.GeneratedMethodAccessor25.invoke(Unknown Source)&#xa;	at java.base/jdk.internal.reflect.DelegatingMethodAccessorImpl.invoke(DelegatingMethodAccessorImpl.java:43)&#xa;	at Difuninado-Consignado.run(Difuninado-Consignado:22)&#xa;	at com.kms.katalon.core.main.ScriptEngine.run(ScriptEngine.java:194)&#xa;	at com.kms.katalon.core.main.ScriptEngine.runScriptAsRawText(ScriptEngine.java:119)&#xa;	at com.kms.katalon.core.main.TestCaseExecutor.runScript(TestCaseExecutor.java:448)&#xa;	at com.kms.katalon.core.main.TestCaseExecutor.doExecute(TestCaseExecutor.java:439)&#xa;	at com.kms.katalon.core.main.TestCaseExecutor.processExecutionPhase(TestCaseExecutor.java:418)&#xa;	at com.kms.katalon.core.main.TestCaseExecutor.accessMainPhase(TestCaseExecutor.java:410)&#xa;	at com.kms.katalon.core.main.TestCaseExecutor.execute(TestCaseExecutor.java:285)&#xa;	at com.kms.katalon.core.common.CommonExecutor.accessTestCaseMainPhase(CommonExecutor.java:65)&#xa;	at com.kms.katalon.core.main.TestSuiteExecutor.accessTestSuiteMainPhase(TestSuiteExecutor.java:150)&#xa;	at com.kms.katalon.core.main.TestSuiteExecutor.execute(TestSuiteExecutor.java:106)&#xa;	at com.kms.katalon.core.main.TestCaseMain.startTestSuite(TestCaseMain.java:180)&#xa;	at TempTestSuite1732729948317.run(TempTestSuite1732729948317.groovy:35)&#xa;	at java.base/jdk.internal.reflect.NativeMethodAccessorImpl.invoke0(Native Method)&#xa;	at java.base/jdk.internal.reflect.NativeMethodAccessorImpl.invoke(NativeMethodAccessorImpl.java:77)&#xa;	at java.base/jdk.internal.reflect.DelegatingMethodAccessorImpl.invoke(DelegatingMethodAccessorImpl.java:43)&#xa;Caused by: com.kms.katalon.core.exception.StepFailedException: Unable to click on object 'Object Repository/Principal/Page_Olva Courier  Home/button_CONTINUAR (2)'&#xa;	at com.kms.katalon.core.webui.keyword.internal.WebUIKeywordMain.stepFailed(WebUIKeywordMain.groovy:117)&#xa;	at com.kms.katalon.core.webui.keyword.internal.WebUIKeywordMain.runKeyword(WebUIKeywordMain.groovy:43)&#xa;	at com.kms.katalon.core.webui.keyword.builtin.ClickKeyword.click(ClickKeyword.groovy:74)&#xa;	at com.kms.katalon.core.webui.keyword.builtin.ClickKeyword.execute(ClickKeyword.groovy:40)&#xa;	at com.kms.katalon.core.keyword.internal.KeywordExecutor.executeKeywordForPlatform(KeywordExecutor.groovy:74)&#xa;	at com.kms.katalon.core.webui.keyword.WebUiBuiltInKeywords.click(WebUiBuiltInKeywords.groovy:659)&#xa;	at Selec_sobre.run(Selec_sobre:24)&#xa;	at com.kms.katalon.core.main.ScriptEngine.run(ScriptEngine.java:194)&#xa;	at com.kms.katalon.core.main.ScriptEngine.runScriptAsRawText(ScriptEngine.java:119)&#xa;	at com.kms.katalon.core.main.TestCaseExecutor.runScript(TestCaseExecutor.java:448)&#xa;	at com.kms.katalon.core.main.TestCaseExecutor.doExecute(TestCaseExecutor.java:439)&#xa;	at com.kms.katalon.core.main.TestCaseExecutor.processExecutionPhase(TestCaseExecutor.java:418)&#xa;	at com.kms.katalon.core.main.TestCaseExecutor.accessMainPhase(TestCaseExecutor.java:410)&#xa;	at com.kms.katalon.core.main.TestCaseExecutor.execute(TestCaseExecutor.java:285)&#xa;	at com.kms.katalon.core.main.TestCaseMain.runTestCase(TestCaseMain.java:137)&#xa;	at com.kms.katalon.core.keyword.builtin.CallTestCaseKeyword$_callTestCase_closure1.doCall(CallTestCaseKeyword.groovy:59)&#xa;	... 24 more&#xa;Caused by: org.openqa.selenium.ElementClickInterceptedException: Element &lt;button id=&quot;btn_aceptar_tipo_envio&quot; class=&quot;btn disabled&quot; type=&quot;button&quot;> is not clickable at point (675,588) because another element &lt;div class=&quot;modal-footer&quot;> obscures it&#xa;Build info: version: '3.141.59', revision: 'unknown', time: 'unknown'&#xa;System info: host: 'DESKTOP-RGFFP9A', ip: '10.136.10.6', os.name: 'Windows 11', os.arch: 'amd64', os.version: '10.0', java.version: '17.0.7'&#xa;Driver info: com.kms.katalon.core.webui.driver.firefox.CGeckoDriver&#xa;Capabilities {acceptInsecureCerts: true, browserName: firefox, browserVersion: 133.0, javascriptEnabled: true, moz:accessibilityChecks: false, moz:buildID: 20241121140525, moz:geckodriverVersion: 0.35.0, moz:headless: false, moz:platformVersion: 10.0, moz:processID: 8024, moz:profile: C:\Users\OLVATI\AppData\Loc..., moz:shutdownTimeout: 60000, moz:webdriverClick: true, moz:windowless: false, pageLoadStrategy: normal, platform: WINDOWS, platformName: WINDOWS, proxy: Proxy(direct), setWindowRect: true, strictFileInteractability: false, timeouts: {implicit: 0, pageLoad: 300000, script: 30000}, unhandledPromptBehavior: dismiss and notify, userAgent: Mozilla/5.0 (Windows NT 10....}&#xa;Session ID: f73b7057-5f2f-4ede-bb0d-49706aa7335b&#xa;	at jdk.internal.reflect.GeneratedConstructorAccessor32.newInstance(Unknown Source)&#xa;	at java.base/jdk.internal.reflect.DelegatingConstructorAccessorImpl.newInstance(DelegatingConstructorAccessorImpl.java:45)&#xa;	at org.openqa.selenium.remote.http.W3CHttpResponseCodec.createException(W3CHttpResponseCodec.java:187)&#xa;	at org.openqa.selenium.remote.http.W3CHttpResponseCodec.decode(W3CHttpResponseCodec.java:122)&#xa;	at org.openqa.selenium.remote.http.W3CHttpResponseCodec.decode(W3CHttpResponseCodec.java:49)&#xa;	at org.openqa.selenium.remote.HttpCommandExecutor.execute(HttpCommandExecutor.java:158)&#xa;	at org.openqa.selenium.remote.service.DriverCommandExecutor.execute(DriverCommandExecutor.java:83)&#xa;	at org.openqa.selenium.remote.RemoteWebDriver.execute(RemoteWebDriver.java:552)&#xa;	at com.kms.katalon.selenium.driver.CFirefoxDriver.execute(CFirefoxDriver.java:28)&#xa;	at org.openqa.selenium.remote.RemoteWebElement.execute(RemoteWebElement.java:285)&#xa;	at org.openqa.selenium.remote.RemoteWebElement.click(RemoteWebElement.java:84)&#xa;	at jdk.internal.reflect.GeneratedMethodAccessor10.invoke(Unknown Source)&#xa;	at java.base/jdk.internal.reflect.DelegatingMethodAccessorImpl.invoke(DelegatingMethodAccessorImpl.java:43)&#xa;	at org.openqa.selenium.support.events.EventFiringWebDriver$EventFiringWebElement.lambda$new$0(EventFiringWebDriver.java:404)&#xa;	at jdk.proxy2/jdk.proxy2.$Proxy21.click(Unknown Source)&#xa;	at org.openqa.selenium.support.events.EventFiringWebDriver$EventFiringWebElement.click(EventFiringWebDriver.java:417)&#xa;	at org.openqa.selenium.WebElement$click.call(Unknown Source)&#xa;	at com.kms.katalon.core.webui.keyword.builtin.ClickKeyword.clickUntilSuccessWithTimeout(ClickKeyword.groovy:81)&#xa;	at com.kms.katalon.core.webui.keyword.builtin.ClickKeyword.clickUntilSuccessWithTimeout(ClickKeyword.groovy)&#xa;	at jdk.internal.reflect.GeneratedMethodAccessor8.invoke(Unknown Source)&#xa;	at java.base/jdk.internal.reflect.DelegatingMethodAccessorImpl.invoke(DelegatingMethodAccessorImpl.java:43)&#xa;	at com.kms.katalon.core.webui.keyword.builtin.ClickKeyword$_click_closure1.doCall(ClickKeyword.groovy:67)&#xa;	at com.kms.katalon.core.webui.keyword.builtin.ClickKeyword$_click_closure1.call(ClickKeyword.groovy)&#xa;	at com.kms.katalon.core.webui.keyword.internal.WebUIKeywordMain.runKeyword(WebUIKeywordMain.groovy:35)&#xa;	... 38 more&#xa;"/>
         <system-out><![CDATA[27-11-2024T13:32:42 - [TEST_CASE][FAILED] - Test Cases/2.Positivos/2.2Sobre/Origen-Lima/Difuninado-Consignado: Test Cases/2.Positivos/2.2Sobre/Origen-Lima/Difuninado-Consignado FAILED.
Reason:
com.kms.katalon.core.exception.StepFailedException: Call Test Case 'Test Cases/1.Inicio/1.1Principal/Selec_sobre' failed
	at com.kms.katalon.core.keyword.builtin.CallTestCaseKeyword$_callTestCase_closure1.doCall(CallTestCaseKeyword.groovy:63)
	at com.kms.katalon.core.keyword.builtin.CallTestCaseKeyword$_callTestCase_closure1.call(CallTestCaseKeyword.groovy)
	at com.kms.katalon.core.keyword.internal.KeywordMain.runKeyword(KeywordMain.groovy:75)
	at com.kms.katalon.core.keyword.builtin.CallTestCaseKeyword.callTestCase(CallTestCaseKeyword.groovy:81)
	at com.kms.katalon.core.keyword.builtin.CallTestCaseKeyword.execute(CallTestCaseKeyword.groovy:44)
	at com.kms.katalon.core.keyword.internal.KeywordExecutor.executeKeywordForPlatform(KeywordExecutor.groovy:74)
	at com.kms.katalon.core.keyword.BuiltinKeywords.callTestCase(BuiltinKeywords.groovy:310)
	at jdk.internal.reflect.GeneratedMethodAccessor25.invoke(Unknown Source)
	at java.base/jdk.internal.reflect.DelegatingMethodAccessorImpl.invoke(DelegatingMethodAccessorImpl.java:43)
	at Difuninado-Consignado.run(Difuninado-Consignado:22)
	at com.kms.katalon.core.main.ScriptEngine.run(ScriptEngine.java:194)
	at com.kms.katalon.core.main.ScriptEngine.runScriptAsRawText(ScriptEngine.java:119)
	at com.kms.katalon.core.main.TestCaseExecutor.runScript(TestCaseExecutor.java:448)
	at com.kms.katalon.core.main.TestCaseExecutor.doExecute(TestCaseExecutor.java:439)
	at com.kms.katalon.core.main.TestCaseExecutor.processExecutionPhase(TestCaseExecutor.java:418)
	at com.kms.katalon.core.main.TestCaseExecutor.accessMainPhase(TestCaseExecutor.java:410)
	at com.kms.katalon.core.main.TestCaseExecutor.execute(TestCaseExecutor.java:285)
	at com.kms.katalon.core.common.CommonExecutor.accessTestCaseMainPhase(CommonExecutor.java:65)
	at com.kms.katalon.core.main.TestSuiteExecutor.accessTestSuiteMainPhase(TestSuiteExecutor.java:150)
	at com.kms.katalon.core.main.TestSuiteExecutor.execute(TestSuiteExecutor.java:106)
	at com.kms.katalon.core.main.TestCaseMain.startTestSuite(TestCaseMain.java:180)
	at TempTestSuite1732729948317.run(TempTestSuite1732729948317.groovy:35)
	at java.base/jdk.internal.reflect.NativeMethodAccessorImpl.invoke0(Native Method)
	at java.base/jdk.internal.reflect.NativeMethodAccessorImpl.invoke(NativeMethodAccessorImpl.java:77)
	at java.base/jdk.internal.reflect.DelegatingMethodAccessorImpl.invoke(DelegatingMethodAccessorImpl.java:43)
Caused by: com.kms.katalon.core.exception.StepFailedException: Unable to click on object 'Object Repository/Principal/Page_Olva Courier  Home/button_CONTINUAR (2)'
	at com.kms.katalon.core.webui.keyword.internal.WebUIKeywordMain.stepFailed(WebUIKeywordMain.groovy:117)
	at com.kms.katalon.core.webui.keyword.internal.WebUIKeywordMain.runKeyword(WebUIKeywordMain.groovy:43)
	at com.kms.katalon.core.webui.keyword.builtin.ClickKeyword.click(ClickKeyword.groovy:74)
	at com.kms.katalon.core.webui.keyword.builtin.ClickKeyword.execute(ClickKeyword.groovy:40)
	at com.kms.katalon.core.keyword.internal.KeywordExecutor.executeKeywordForPlatform(KeywordExecutor.groovy:74)
	at com.kms.katalon.core.webui.keyword.WebUiBuiltInKeywords.click(WebUiBuiltInKeywords.groovy:659)
	at Selec_sobre.run(Selec_sobre:24)
	at com.kms.katalon.core.main.ScriptEngine.run(ScriptEngine.java:194)
	at com.kms.katalon.core.main.ScriptEngine.runScriptAsRawText(ScriptEngine.java:119)
	at com.kms.katalon.core.main.TestCaseExecutor.runScript(TestCaseExecutor.java:448)
	at com.kms.katalon.core.main.TestCaseExecutor.doExecute(TestCaseExecutor.java:439)
	at com.kms.katalon.core.main.TestCaseExecutor.processExecutionPhase(TestCaseExecutor.java:418)
	at com.kms.katalon.core.main.TestCaseExecutor.accessMainPhase(TestCaseExecutor.java:410)
	at com.kms.katalon.core.main.TestCaseExecutor.execute(TestCaseExecutor.java:285)
	at com.kms.katalon.core.main.TestCaseMain.runTestCase(TestCaseMain.java:137)
	at com.kms.katalon.core.keyword.builtin.CallTestCaseKeyword$_callTestCase_closure1.doCall(CallTestCaseKeyword.groovy:59)
	... 24 more
Caused by: org.openqa.selenium.ElementClickInterceptedException: Element <button id="btn_aceptar_tipo_envio" class="btn disabled" type="button"> is not clickable at point (675,588) because another element <div class="modal-footer"> obscures it
Build info: version: '3.141.59', revision: 'unknown', time: 'unknown'
System info: host: 'DESKTOP-RGFFP9A', ip: '10.136.10.6', os.name: 'Windows 11', os.arch: 'amd64', os.version: '10.0', java.version: '17.0.7'
Driver info: com.kms.katalon.core.webui.driver.firefox.CGeckoDriver
Capabilities {acceptInsecureCerts: true, browserName: firefox, browserVersion: 133.0, javascriptEnabled: true, moz:accessibilityChecks: false, moz:buildID: 20241121140525, moz:geckodriverVersion: 0.35.0, moz:headless: false, moz:platformVersion: 10.0, moz:processID: 8024, moz:profile: C:\Users\OLVATI\AppData\Loc..., moz:shutdownTimeout: 60000, moz:webdriverClick: true, moz:windowless: false, pageLoadStrategy: normal, platform: WINDOWS, platformName: WINDOWS, proxy: Proxy(direct), setWindowRect: true, strictFileInteractability: false, timeouts: {implicit: 0, pageLoad: 300000, script: 30000}, unhandledPromptBehavior: dismiss and notify, userAgent: Mozilla/5.0 (Windows NT 10....}
Session ID: f73b7057-5f2f-4ede-bb0d-49706aa7335b
	at jdk.internal.reflect.GeneratedConstructorAccessor32.newInstance(Unknown Source)
	at java.base/jdk.internal.reflect.DelegatingConstructorAccessorImpl.newInstance(DelegatingConstructorAccessorImpl.java:45)
	at org.openqa.selenium.remote.http.W3CHttpResponseCodec.createException(W3CHttpResponseCodec.java:187)
	at org.openqa.selenium.remote.http.W3CHttpResponseCodec.decode(W3CHttpResponseCodec.java:122)
	at org.openqa.selenium.remote.http.W3CHttpResponseCodec.decode(W3CHttpResponseCodec.java:49)
	at org.openqa.selenium.remote.HttpCommandExecutor.execute(HttpCommandExecutor.java:158)
	at org.openqa.selenium.remote.service.DriverCommandExecutor.execute(DriverCommandExecutor.java:83)
	at org.openqa.selenium.remote.RemoteWebDriver.execute(RemoteWebDriver.java:552)
	at com.kms.katalon.selenium.driver.CFirefoxDriver.execute(CFirefoxDriver.java:28)
	at org.openqa.selenium.remote.RemoteWebElement.execute(RemoteWebElement.java:285)
	at org.openqa.selenium.remote.RemoteWebElement.click(RemoteWebElement.java:84)
	at jdk.internal.reflect.GeneratedMethodAccessor10.invoke(Unknown Source)
	at java.base/jdk.internal.reflect.DelegatingMethodAccessorImpl.invoke(DelegatingMethodAccessorImpl.java:43)
	at org.openqa.selenium.support.events.EventFiringWebDriver$EventFiringWebElement.lambda$new$0(EventFiringWebDriver.java:404)
	at jdk.proxy2/jdk.proxy2.$Proxy21.click(Unknown Source)
	at org.openqa.selenium.support.events.EventFiringWebDriver$EventFiringWebElement.click(EventFiringWebDriver.java:417)
	at org.openqa.selenium.WebElement$click.call(Unknown Source)
	at com.kms.katalon.core.webui.keyword.builtin.ClickKeyword.clickUntilSuccessWithTimeout(ClickKeyword.groovy:81)
	at com.kms.katalon.core.webui.keyword.builtin.ClickKeyword.clickUntilSuccessWithTimeout(ClickKeyword.groovy)
	at jdk.internal.reflect.GeneratedMethodAccessor8.invoke(Unknown Source)
	at java.base/jdk.internal.reflect.DelegatingMethodAccessorImpl.invoke(DelegatingMethodAccessorImpl.java:43)
	at com.kms.katalon.core.webui.keyword.builtin.ClickKeyword$_click_closure1.doCall(ClickKeyword.groovy:67)
	at com.kms.katalon.core.webui.keyword.builtin.ClickKeyword$_click_closure1.call(ClickKeyword.groovy)
	at com.kms.katalon.core.webui.keyword.internal.WebUIKeywordMain.runKeyword(WebUIKeywordMain.groovy:35)
	... 38 more


27-11-2024T13:32:42 - [TEST_STEP][PASSED] - callTestCase(findTestCase("1.Inicio/1.1Principal/Principal-home"), [:], STOP_ON_FAILURE): Call Test Case 'Test Cases/1.Inicio/1.1Principal/Principal-home' successfully

27-11-2024T13:32:42 - [TEST_CASE][PASSED] - Test Cases/1.Inicio/1.1Principal/Principal-home: Test Cases/1.Inicio/1.1Principal/Principal-home

27-11-2024T13:32:43 - [TEST_STEP][PASSED] - openBrowser(""): Browser is opened with url: ''

27-11-2024T13:32:43 - [MESSAGE][WARNING] - A browser is already opened. Closing browser and opening a new one

27-11-2024T13:32:44 - [MESSAGE][INFO] - Starting 'Firefox' driver

27-11-2024T13:32:44 - [MESSAGE][INFO] - Action delay is set to 0 milliseconds

27-11-2024T13:32:50 - [MESSAGE][PASSED] - Browser is opened with url: ''

27-11-2024T13:32:50 - [TEST_STEP][PASSED] - navigateToUrl("https://dev01-registrodeenvios.olvacourier.com/principal"): Navigate to 'https://dev01-registrodeenvios.olvacourier.com/principal' successfully

27-11-2024T13:32:51 - [MESSAGE][PASSED] - Navigate to 'https://dev01-registrodeenvios.olvacourier.com/principal' successfully

27-11-2024T13:32:51 - [TEST_STEP][PASSED] - maximizeWindow(): Current window maximized

27-11-2024T13:32:51 - [MESSAGE][PASSED] - Current window maximized

27-11-2024T13:32:51 - [MESSAGE][PASSED] - Call Test Case 'Test Cases/1.Inicio/1.1Principal/Principal-home' successfully

27-11-2024T13:32:51 - [TEST_STEP][FAILED] - callTestCase(findTestCase("1.Inicio/1.1Principal/Selec_sobre"), [:], STOP_ON_FAILURE): Unable to call Test Case 'Test Cases/1.Inicio/1.1Principal/Selec_sobre' (Root cause: com.kms.katalon.core.exception.StepFailedException: Call Test Case 'Test Cases/1.Inicio/1.1Principal/Selec_sobre' failed
	at com.kms.katalon.core.keyword.builtin.CallTestCaseKeyword$_callTestCase_closure1.doCall(CallTestCaseKeyword.groovy:63)
	at com.kms.katalon.core.keyword.builtin.CallTestCaseKeyword$_callTestCase_closure1.call(CallTestCaseKeyword.groovy)
	at com.kms.katalon.core.keyword.internal.KeywordMain.runKeyword(KeywordMain.groovy:75)
	at com.kms.katalon.core.keyword.builtin.CallTestCaseKeyword.callTestCase(CallTestCaseKeyword.groovy:81)
	at com.kms.katalon.core.keyword.builtin.CallTestCaseKeyword.execute(CallTestCaseKeyword.groovy:44)
	at com.kms.katalon.core.keyword.internal.KeywordExecutor.executeKeywordForPlatform(KeywordExecutor.groovy:74)
	at com.kms.katalon.core.keyword.BuiltinKeywords.callTestCase(BuiltinKeywords.groovy:310)
	at jdk.internal.reflect.GeneratedMethodAccessor25.invoke(Unknown Source)
	at java.base/jdk.internal.reflect.DelegatingMethodAccessorImpl.invoke(DelegatingMethodAccessorImpl.java:43)
	at Difuninado-Consignado.run(Difuninado-Consignado:22)
	at com.kms.katalon.core.main.ScriptEngine.run(ScriptEngine.java:194)
	at com.kms.katalon.core.main.ScriptEngine.runScriptAsRawText(ScriptEngine.java:119)
	at com.kms.katalon.core.main.TestCaseExecutor.runScript(TestCaseExecutor.java:448)
	at com.kms.katalon.core.main.TestCaseExecutor.doExecute(TestCaseExecutor.java:439)
	at com.kms.katalon.core.main.TestCaseExecutor.processExecutionPhase(TestCaseExecutor.java:418)
	at com.kms.katalon.core.main.TestCaseExecutor.accessMainPhase(TestCaseExecutor.java:410)
	at com.kms.katalon.core.main.TestCaseExecutor.execute(TestCaseExecutor.java:285)
	at com.kms.katalon.core.common.CommonExecutor.accessTestCaseMainPhase(CommonExecutor.java:65)
	at com.kms.katalon.core.main.TestSuiteExecutor.accessTestSuiteMainPhase(TestSuiteExecutor.java:150)
	at com.kms.katalon.core.main.TestSuiteExecutor.execute(TestSuiteExecutor.java:106)
	at com.kms.katalon.core.main.TestCaseMain.startTestSuite(TestCaseMain.java:180)
	at TempTestSuite1732729948317.run(TempTestSuite1732729948317.groovy:35)
	at java.base/jdk.internal.reflect.NativeMethodAccessorImpl.invoke0(Native Method)
	at java.base/jdk.internal.reflect.NativeMethodAccessorImpl.invoke(NativeMethodAccessorImpl.java:77)
	at java.base/jdk.internal.reflect.DelegatingMethodAccessorImpl.invoke(DelegatingMethodAccessorImpl.java:43)
Caused by: com.kms.katalon.core.exception.StepFailedException: Unable to click on object 'Object Repository/Principal/Page_Olva Courier  Home/button_CONTINUAR (2)'
	at com.kms.katalon.core.webui.keyword.internal.WebUIKeywordMain.stepFailed(WebUIKeywordMain.groovy:117)
	at com.kms.katalon.core.webui.keyword.internal.WebUIKeywordMain.runKeyword(WebUIKeywordMain.groovy:43)
	at com.kms.katalon.core.webui.keyword.builtin.ClickKeyword.click(ClickKeyword.groovy:74)
	at com.kms.katalon.core.webui.keyword.builtin.ClickKeyword.execute(ClickKeyword.groovy:40)
	at com.kms.katalon.core.keyword.internal.KeywordExecutor.executeKeywordForPlatform(KeywordExecutor.groovy:74)
	at com.kms.katalon.core.webui.keyword.WebUiBuiltInKeywords.click(WebUiBuiltInKeywords.groovy:659)
	at Selec_sobre.run(Selec_sobre:24)
	at com.kms.katalon.core.main.ScriptEngine.run(ScriptEngine.java:194)
	at com.kms.katalon.core.main.ScriptEngine.runScriptAsRawText(ScriptEngine.java:119)
	at com.kms.katalon.core.main.TestCaseExecutor.runScript(TestCaseExecutor.java:448)
	at com.kms.katalon.core.main.TestCaseExecutor.doExecute(TestCaseExecutor.java:439)
	at com.kms.katalon.core.main.TestCaseExecutor.processExecutionPhase(TestCaseExecutor.java:418)
	at com.kms.katalon.core.main.TestCaseExecutor.accessMainPhase(TestCaseExecutor.java:410)
	at com.kms.katalon.core.main.TestCaseExecutor.execute(TestCaseExecutor.java:285)
	at com.kms.katalon.core.main.TestCaseMain.runTestCase(TestCaseMain.java:137)
	at com.kms.katalon.core.keyword.builtin.CallTestCaseKeyword$_callTestCase_closure1.doCall(CallTestCaseKeyword.groovy:59)
	... 24 more
Caused by: org.openqa.selenium.ElementClickInterceptedException: Element <button id="btn_aceptar_tipo_envio" class="btn disabled" type="button"> is not clickable at point (675,588) because another element <div class="modal-footer"> obscures it
Build info: version: '3.141.59', revision: 'unknown', time: 'unknown'
System info: host: 'DESKTOP-RGFFP9A', ip: '10.136.10.6', os.name: 'Windows 11', os.arch: 'amd64', os.version: '10.0', java.version: '17.0.7'
Driver info: com.kms.katalon.core.webui.driver.firefox.CGeckoDriver
Capabilities {acceptInsecureCerts: true, browserName: firefox, browserVersion: 133.0, javascriptEnabled: true, moz:accessibilityChecks: false, moz:buildID: 20241121140525, moz:geckodriverVersion: 0.35.0, moz:headless: false, moz:platformVersion: 10.0, moz:processID: 8024, moz:profile: C:\Users\OLVATI\AppData\Loc..., moz:shutdownTimeout: 60000, moz:webdriverClick: true, moz:windowless: false, pageLoadStrategy: normal, platform: WINDOWS, platformName: WINDOWS, proxy: Proxy(direct), setWindowRect: true, strictFileInteractability: false, timeouts: {implicit: 0, pageLoad: 300000, script: 30000}, unhandledPromptBehavior: dismiss and notify, userAgent: Mozilla/5.0 (Windows NT 10....}
Session ID: f73b7057-5f2f-4ede-bb0d-49706aa7335b
	at jdk.internal.reflect.GeneratedConstructorAccessor32.newInstance(Unknown Source)
	at java.base/jdk.internal.reflect.DelegatingConstructorAccessorImpl.newInstance(DelegatingConstructorAccessorImpl.java:45)
	at org.openqa.selenium.remote.http.W3CHttpResponseCodec.createException(W3CHttpResponseCodec.java:187)
	at org.openqa.selenium.remote.http.W3CHttpResponseCodec.decode(W3CHttpResponseCodec.java:122)
	at org.openqa.selenium.remote.http.W3CHttpResponseCodec.decode(W3CHttpResponseCodec.java:49)
	at org.openqa.selenium.remote.HttpCommandExecutor.execute(HttpCommandExecutor.java:158)
	at org.openqa.selenium.remote.service.DriverCommandExecutor.execute(DriverCommandExecutor.java:83)
	at org.openqa.selenium.remote.RemoteWebDriver.execute(RemoteWebDriver.java:552)
	at com.kms.katalon.selenium.driver.CFirefoxDriver.execute(CFirefoxDriver.java:28)
	at org.openqa.selenium.remote.RemoteWebElement.execute(RemoteWebElement.java:285)
	at org.openqa.selenium.remote.RemoteWebElement.click(RemoteWebElement.java:84)
	at jdk.internal.reflect.GeneratedMethodAccessor10.invoke(Unknown Source)
	at java.base/jdk.internal.reflect.DelegatingMethodAccessorImpl.invoke(DelegatingMethodAccessorImpl.java:43)
	at org.openqa.selenium.support.events.EventFiringWebDriver$EventFiringWebElement.lambda$new$0(EventFiringWebDriver.java:404)
	at jdk.proxy2/jdk.proxy2.$Proxy21.click(Unknown Source)
	at org.openqa.selenium.support.events.EventFiringWebDriver$EventFiringWebElement.click(EventFiringWebDriver.java:417)
	at org.openqa.selenium.WebElement$click.call(Unknown Source)
	at com.kms.katalon.core.webui.keyword.builtin.ClickKeyword.clickUntilSuccessWithTimeout(ClickKeyword.groovy:81)
	at com.kms.katalon.core.webui.keyword.builtin.ClickKeyword.clickUntilSuccessWithTimeout(ClickKeyword.groovy)
	at jdk.internal.reflect.GeneratedMethodAccessor8.invoke(Unknown Source)
	at java.base/jdk.internal.reflect.DelegatingMethodAccessorImpl.invoke(DelegatingMethodAccessorImpl.java:43)
	at com.kms.katalon.core.webui.keyword.builtin.ClickKeyword$_click_closure1.doCall(ClickKeyword.groovy:67)
	at com.kms.katalon.core.webui.keyword.builtin.ClickKeyword$_click_closure1.call(ClickKeyword.groovy)
	at com.kms.katalon.core.webui.keyword.internal.WebUIKeywordMain.runKeyword(WebUIKeywordMain.groovy:35)
	... 38 more
)

27-11-2024T13:32:52 - [TEST_CASE][FAILED] - Test Cases/1.Inicio/1.1Principal/Selec_sobre: Test Cases/1.Inicio/1.1Principal/Selec_sobre FAILED.
Reason:
com.kms.katalon.core.exception.StepFailedException: Unable to click on object 'Object Repository/Principal/Page_Olva Courier  Home/button_CONTINUAR (2)'
	at com.kms.katalon.core.webui.keyword.internal.WebUIKeywordMain.stepFailed(WebUIKeywordMain.groovy:117)
	at com.kms.katalon.core.webui.keyword.internal.WebUIKeywordMain.runKeyword(WebUIKeywordMain.groovy:43)
	at com.kms.katalon.core.webui.keyword.builtin.ClickKeyword.click(ClickKeyword.groovy:74)
	at com.kms.katalon.core.webui.keyword.builtin.ClickKeyword.execute(ClickKeyword.groovy:40)
	at com.kms.katalon.core.keyword.internal.KeywordExecutor.executeKeywordForPlatform(KeywordExecutor.groovy:74)
	at com.kms.katalon.core.webui.keyword.WebUiBuiltInKeywords.click(WebUiBuiltInKeywords.groovy:659)
	at Selec_sobre.run(Selec_sobre:24)
	at com.kms.katalon.core.main.ScriptEngine.run(ScriptEngine.java:194)
	at com.kms.katalon.core.main.ScriptEngine.runScriptAsRawText(ScriptEngine.java:119)
	at com.kms.katalon.core.main.TestCaseExecutor.runScript(TestCaseExecutor.java:448)
	at com.kms.katalon.core.main.TestCaseExecutor.doExecute(TestCaseExecutor.java:439)
	at com.kms.katalon.core.main.TestCaseExecutor.processExecutionPhase(TestCaseExecutor.java:418)
	at com.kms.katalon.core.main.TestCaseExecutor.accessMainPhase(TestCaseExecutor.java:410)
	at com.kms.katalon.core.main.TestCaseExecutor.execute(TestCaseExecutor.java:285)
	at com.kms.katalon.core.main.TestCaseMain.runTestCase(TestCaseMain.java:137)
	at com.kms.katalon.core.keyword.builtin.CallTestCaseKeyword$_callTestCase_closure1.doCall(CallTestCaseKeyword.groovy:59)
	at com.kms.katalon.core.keyword.builtin.CallTestCaseKeyword$_callTestCase_closure1.call(CallTestCaseKeyword.groovy)
	at com.kms.katalon.core.keyword.internal.KeywordMain.runKeyword(KeywordMain.groovy:75)
	at com.kms.katalon.core.keyword.builtin.CallTestCaseKeyword.callTestCase(CallTestCaseKeyword.groovy:81)
	at com.kms.katalon.core.keyword.builtin.CallTestCaseKeyword.execute(CallTestCaseKeyword.groovy:44)
	at com.kms.katalon.core.keyword.internal.KeywordExecutor.executeKeywordForPlatform(KeywordExecutor.groovy:74)
	at com.kms.katalon.core.keyword.BuiltinKeywords.callTestCase(BuiltinKeywords.groovy:310)
	at jdk.internal.reflect.GeneratedMethodAccessor25.invoke(Unknown Source)
	at java.base/jdk.internal.reflect.DelegatingMethodAccessorImpl.invoke(DelegatingMethodAccessorImpl.java:43)
	at Difuninado-Consignado.run(Difuninado-Consignado:22)
	at com.kms.katalon.core.main.ScriptEngine.run(ScriptEngine.java:194)
	at com.kms.katalon.core.main.ScriptEngine.runScriptAsRawText(ScriptEngine.java:119)
	at com.kms.katalon.core.main.TestCaseExecutor.runScript(TestCaseExecutor.java:448)
	at com.kms.katalon.core.main.TestCaseExecutor.doExecute(TestCaseExecutor.java:439)
	at com.kms.katalon.core.main.TestCaseExecutor.processExecutionPhase(TestCaseExecutor.java:418)
	at com.kms.katalon.core.main.TestCaseExecutor.accessMainPhase(TestCaseExecutor.java:410)
	at com.kms.katalon.core.main.TestCaseExecutor.execute(TestCaseExecutor.java:285)
	at com.kms.katalon.core.common.CommonExecutor.accessTestCaseMainPhase(CommonExecutor.java:65)
	at com.kms.katalon.core.main.TestSuiteExecutor.accessTestSuiteMainPhase(TestSuiteExecutor.java:150)
	at com.kms.katalon.core.main.TestSuiteExecutor.execute(TestSuiteExecutor.java:106)
	at com.kms.katalon.core.main.TestCaseMain.startTestSuite(TestCaseMain.java:180)
	at TempTestSuite1732729948317.run(TempTestSuite1732729948317.groovy:35)
	at java.base/jdk.internal.reflect.NativeMethodAccessorImpl.invoke0(Native Method)
	at java.base/jdk.internal.reflect.NativeMethodAccessorImpl.invoke(NativeMethodAccessorImpl.java:77)
	at java.base/jdk.internal.reflect.DelegatingMethodAccessorImpl.invoke(DelegatingMethodAccessorImpl.java:43)
Caused by: org.openqa.selenium.ElementClickInterceptedException: Element <button id="btn_aceptar_tipo_envio" class="btn disabled" type="button"> is not clickable at point (675,588) because another element <div class="modal-footer"> obscures it
Build info: version: '3.141.59', revision: 'unknown', time: 'unknown'
System info: host: 'DESKTOP-RGFFP9A', ip: '10.136.10.6', os.name: 'Windows 11', os.arch: 'amd64', os.version: '10.0', java.version: '17.0.7'
Driver info: com.kms.katalon.core.webui.driver.firefox.CGeckoDriver
Capabilities {acceptInsecureCerts: true, browserName: firefox, browserVersion: 133.0, javascriptEnabled: true, moz:accessibilityChecks: false, moz:buildID: 20241121140525, moz:geckodriverVersion: 0.35.0, moz:headless: false, moz:platformVersion: 10.0, moz:processID: 8024, moz:profile: C:\Users\OLVATI\AppData\Loc..., moz:shutdownTimeout: 60000, moz:webdriverClick: true, moz:windowless: false, pageLoadStrategy: normal, platform: WINDOWS, platformName: WINDOWS, proxy: Proxy(direct), setWindowRect: true, strictFileInteractability: false, timeouts: {implicit: 0, pageLoad: 300000, script: 30000}, unhandledPromptBehavior: dismiss and notify, userAgent: Mozilla/5.0 (Windows NT 10....}
Session ID: f73b7057-5f2f-4ede-bb0d-49706aa7335b
	at jdk.internal.reflect.GeneratedConstructorAccessor32.newInstance(Unknown Source)
	at java.base/jdk.internal.reflect.DelegatingConstructorAccessorImpl.newInstance(DelegatingConstructorAccessorImpl.java:45)
	at org.openqa.selenium.remote.http.W3CHttpResponseCodec.createException(W3CHttpResponseCodec.java:187)
	at org.openqa.selenium.remote.http.W3CHttpResponseCodec.decode(W3CHttpResponseCodec.java:122)
	at org.openqa.selenium.remote.http.W3CHttpResponseCodec.decode(W3CHttpResponseCodec.java:49)
	at org.openqa.selenium.remote.HttpCommandExecutor.execute(HttpCommandExecutor.java:158)
	at org.openqa.selenium.remote.service.DriverCommandExecutor.execute(DriverCommandExecutor.java:83)
	at org.openqa.selenium.remote.RemoteWebDriver.execute(RemoteWebDriver.java:552)
	at com.kms.katalon.selenium.driver.CFirefoxDriver.execute(CFirefoxDriver.java:28)
	at org.openqa.selenium.remote.RemoteWebElement.execute(RemoteWebElement.java:285)
	at org.openqa.selenium.remote.RemoteWebElement.click(RemoteWebElement.java:84)
	at jdk.internal.reflect.GeneratedMethodAccessor10.invoke(Unknown Source)
	at java.base/jdk.internal.reflect.DelegatingMethodAccessorImpl.invoke(DelegatingMethodAccessorImpl.java:43)
	at org.openqa.selenium.support.events.EventFiringWebDriver$EventFiringWebElement.lambda$new$0(EventFiringWebDriver.java:404)
	at jdk.proxy2/jdk.proxy2.$Proxy21.click(Unknown Source)
	at org.openqa.selenium.support.events.EventFiringWebDriver$EventFiringWebElement.click(EventFiringWebDriver.java:417)
	at org.openqa.selenium.WebElement$click.call(Unknown Source)
	at com.kms.katalon.core.webui.keyword.builtin.ClickKeyword.clickUntilSuccessWithTimeout(ClickKeyword.groovy:81)
	at com.kms.katalon.core.webui.keyword.builtin.ClickKeyword.clickUntilSuccessWithTimeout(ClickKeyword.groovy)
	at jdk.internal.reflect.GeneratedMethodAccessor8.invoke(Unknown Source)
	at java.base/jdk.internal.reflect.DelegatingMethodAccessorImpl.invoke(DelegatingMethodAccessorImpl.java:43)
	at com.kms.katalon.core.webui.keyword.builtin.ClickKeyword$_click_closure1.doCall(ClickKeyword.groovy:67)
	at com.kms.katalon.core.webui.keyword.builtin.ClickKeyword$_click_closure1.call(ClickKeyword.groovy)
	at com.kms.katalon.core.webui.keyword.internal.WebUIKeywordMain.runKeyword(WebUIKeywordMain.groovy:35)
	... 38 more


27-11-2024T13:32:52 - [TEST_STEP][PASSED] - click(findTestObject("Object Repository/Principal/Page_Olva Courier  Home/img_Envo de cajas o paquetescon un peso mxi_37770f")): Object: 'Object Repository/Principal/Page_Olva Courier  Home/img_Envo de cajas o paquetescon un peso mxi_37770f' is clicked on

27-11-2024T13:32:52 - [MESSAGE][PASSED] - Object: 'Object Repository/Principal/Page_Olva Courier  Home/img_Envo de cajas o paquetescon un peso mxi_37770f' is clicked on

27-11-2024T13:32:52 - [TEST_STEP][PASSED] - click(findTestObject("Object Repository/Principal/Page_Olva Courier  Home/label_He ledo y acepto los trminos de uso y_adab65")): Object: 'Object Repository/Principal/Page_Olva Courier  Home/label_He ledo y acepto los trminos de uso y_adab65' is clicked on

27-11-2024T13:32:53 - [MESSAGE][PASSED] - Object: 'Object Repository/Principal/Page_Olva Courier  Home/label_He ledo y acepto los trminos de uso y_adab65' is clicked on

27-11-2024T13:32:53 - [TEST_STEP][FAILED] - click(findTestObject("Object Repository/Principal/Page_Olva Courier  Home/button_CONTINUAR (2)")): Unable to click on object 'Object Repository/Principal/Page_Olva Courier  Home/button_CONTINUAR (2)' (Root cause: com.kms.katalon.core.exception.StepFailedException: Unable to click on object 'Object Repository/Principal/Page_Olva Courier  Home/button_CONTINUAR (2)'
	at com.kms.katalon.core.webui.keyword.internal.WebUIKeywordMain.stepFailed(WebUIKeywordMain.groovy:117)
	at com.kms.katalon.core.webui.keyword.internal.WebUIKeywordMain.runKeyword(WebUIKeywordMain.groovy:43)
	at com.kms.katalon.core.webui.keyword.builtin.ClickKeyword.click(ClickKeyword.groovy:74)
	at com.kms.katalon.core.webui.keyword.builtin.ClickKeyword.execute(ClickKeyword.groovy:40)
	at com.kms.katalon.core.keyword.internal.KeywordExecutor.executeKeywordForPlatform(KeywordExecutor.groovy:74)
	at com.kms.katalon.core.webui.keyword.WebUiBuiltInKeywords.click(WebUiBuiltInKeywords.groovy:659)
	at Selec_sobre.run(Selec_sobre:24)
	at com.kms.katalon.core.main.ScriptEngine.run(ScriptEngine.java:194)
	at com.kms.katalon.core.main.ScriptEngine.runScriptAsRawText(ScriptEngine.java:119)
	at com.kms.katalon.core.main.TestCaseExecutor.runScript(TestCaseExecutor.java:448)
	at com.kms.katalon.core.main.TestCaseExecutor.doExecute(TestCaseExecutor.java:439)
	at com.kms.katalon.core.main.TestCaseExecutor.processExecutionPhase(TestCaseExecutor.java:418)
	at com.kms.katalon.core.main.TestCaseExecutor.accessMainPhase(TestCaseExecutor.java:410)
	at com.kms.katalon.core.main.TestCaseExecutor.execute(TestCaseExecutor.java:285)
	at com.kms.katalon.core.main.TestCaseMain.runTestCase(TestCaseMain.java:137)
	at com.kms.katalon.core.keyword.builtin.CallTestCaseKeyword$_callTestCase_closure1.doCall(CallTestCaseKeyword.groovy:59)
	at com.kms.katalon.core.keyword.builtin.CallTestCaseKeyword$_callTestCase_closure1.call(CallTestCaseKeyword.groovy)
	at com.kms.katalon.core.keyword.internal.KeywordMain.runKeyword(KeywordMain.groovy:75)
	at com.kms.katalon.core.keyword.builtin.CallTestCaseKeyword.callTestCase(CallTestCaseKeyword.groovy:81)
	at com.kms.katalon.core.keyword.builtin.CallTestCaseKeyword.execute(CallTestCaseKeyword.groovy:44)
	at com.kms.katalon.core.keyword.internal.KeywordExecutor.executeKeywordForPlatform(KeywordExecutor.groovy:74)
	at com.kms.katalon.core.keyword.BuiltinKeywords.callTestCase(BuiltinKeywords.groovy:310)
	at jdk.internal.reflect.GeneratedMethodAccessor25.invoke(Unknown Source)
	at java.base/jdk.internal.reflect.DelegatingMethodAccessorImpl.invoke(DelegatingMethodAccessorImpl.java:43)
	at Difuninado-Consignado.run(Difuninado-Consignado:22)
	at com.kms.katalon.core.main.ScriptEngine.run(ScriptEngine.java:194)
	at com.kms.katalon.core.main.ScriptEngine.runScriptAsRawText(ScriptEngine.java:119)
	at com.kms.katalon.core.main.TestCaseExecutor.runScript(TestCaseExecutor.java:448)
	at com.kms.katalon.core.main.TestCaseExecutor.doExecute(TestCaseExecutor.java:439)
	at com.kms.katalon.core.main.TestCaseExecutor.processExecutionPhase(TestCaseExecutor.java:418)
	at com.kms.katalon.core.main.TestCaseExecutor.accessMainPhase(TestCaseExecutor.java:410)
	at com.kms.katalon.core.main.TestCaseExecutor.execute(TestCaseExecutor.java:285)
	at com.kms.katalon.core.common.CommonExecutor.accessTestCaseMainPhase(CommonExecutor.java:65)
	at com.kms.katalon.core.main.TestSuiteExecutor.accessTestSuiteMainPhase(TestSuiteExecutor.java:150)
	at com.kms.katalon.core.main.TestSuiteExecutor.execute(TestSuiteExecutor.java:106)
	at com.kms.katalon.core.main.TestCaseMain.startTestSuite(TestCaseMain.java:180)
	at TempTestSuite1732729948317.run(TempTestSuite1732729948317.groovy:35)
	at java.base/jdk.internal.reflect.NativeMethodAccessorImpl.invoke0(Native Method)
	at java.base/jdk.internal.reflect.NativeMethodAccessorImpl.invoke(NativeMethodAccessorImpl.java:77)
	at java.base/jdk.internal.reflect.DelegatingMethodAccessorImpl.invoke(DelegatingMethodAccessorImpl.java:43)
Caused by: org.openqa.selenium.ElementClickInterceptedException: Element <button id="btn_aceptar_tipo_envio" class="btn disabled" type="button"> is not clickable at point (675,588) because another element <div class="modal-footer"> obscures it
Build info: version: '3.141.59', revision: 'unknown', time: 'unknown'
System info: host: 'DESKTOP-RGFFP9A', ip: '10.136.10.6', os.name: 'Windows 11', os.arch: 'amd64', os.version: '10.0', java.version: '17.0.7'
Driver info: com.kms.katalon.core.webui.driver.firefox.CGeckoDriver
Capabilities {acceptInsecureCerts: true, browserName: firefox, browserVersion: 133.0, javascriptEnabled: true, moz:accessibilityChecks: false, moz:buildID: 20241121140525, moz:geckodriverVersion: 0.35.0, moz:headless: false, moz:platformVersion: 10.0, moz:processID: 8024, moz:profile: C:\Users\OLVATI\AppData\Loc..., moz:shutdownTimeout: 60000, moz:webdriverClick: true, moz:windowless: false, pageLoadStrategy: normal, platform: WINDOWS, platformName: WINDOWS, proxy: Proxy(direct), setWindowRect: true, strictFileInteractability: false, timeouts: {implicit: 0, pageLoad: 300000, script: 30000}, unhandledPromptBehavior: dismiss and notify, userAgent: Mozilla/5.0 (Windows NT 10....}
Session ID: f73b7057-5f2f-4ede-bb0d-49706aa7335b
	at jdk.internal.reflect.GeneratedConstructorAccessor32.newInstance(Unknown Source)
	at java.base/jdk.internal.reflect.DelegatingConstructorAccessorImpl.newInstance(DelegatingConstructorAccessorImpl.java:45)
	at org.openqa.selenium.remote.http.W3CHttpResponseCodec.createException(W3CHttpResponseCodec.java:187)
	at org.openqa.selenium.remote.http.W3CHttpResponseCodec.decode(W3CHttpResponseCodec.java:122)
	at org.openqa.selenium.remote.http.W3CHttpResponseCodec.decode(W3CHttpResponseCodec.java:49)
	at org.openqa.selenium.remote.HttpCommandExecutor.execute(HttpCommandExecutor.java:158)
	at org.openqa.selenium.remote.service.DriverCommandExecutor.execute(DriverCommandExecutor.java:83)
	at org.openqa.selenium.remote.RemoteWebDriver.execute(RemoteWebDriver.java:552)
	at com.kms.katalon.selenium.driver.CFirefoxDriver.execute(CFirefoxDriver.java:28)
	at org.openqa.selenium.remote.RemoteWebElement.execute(RemoteWebElement.java:285)
	at org.openqa.selenium.remote.RemoteWebElement.click(RemoteWebElement.java:84)
	at jdk.internal.reflect.GeneratedMethodAccessor10.invoke(Unknown Source)
	at java.base/jdk.internal.reflect.DelegatingMethodAccessorImpl.invoke(DelegatingMethodAccessorImpl.java:43)
	at org.openqa.selenium.support.events.EventFiringWebDriver$EventFiringWebElement.lambda$new$0(EventFiringWebDriver.java:404)
	at jdk.proxy2/jdk.proxy2.$Proxy21.click(Unknown Source)
	at org.openqa.selenium.support.events.EventFiringWebDriver$EventFiringWebElement.click(EventFiringWebDriver.java:417)
	at org.openqa.selenium.WebElement$click.call(Unknown Source)
	at com.kms.katalon.core.webui.keyword.builtin.ClickKeyword.clickUntilSuccessWithTimeout(ClickKeyword.groovy:81)
	at com.kms.katalon.core.webui.keyword.builtin.ClickKeyword.clickUntilSuccessWithTimeout(ClickKeyword.groovy)
	at jdk.internal.reflect.GeneratedMethodAccessor8.invoke(Unknown Source)
	at java.base/jdk.internal.reflect.DelegatingMethodAccessorImpl.invoke(DelegatingMethodAccessorImpl.java:43)
	at com.kms.katalon.core.webui.keyword.builtin.ClickKeyword$_click_closure1.doCall(ClickKeyword.groovy:67)
	at com.kms.katalon.core.webui.keyword.builtin.ClickKeyword$_click_closure1.call(ClickKeyword.groovy)
	at com.kms.katalon.core.webui.keyword.internal.WebUIKeywordMain.runKeyword(WebUIKeywordMain.groovy:35)
	at com.kms.katalon.core.webui.keyword.builtin.ClickKeyword.click(ClickKeyword.groovy:74)
	at com.kms.katalon.core.webui.keyword.builtin.ClickKeyword.execute(ClickKeyword.groovy:40)
	at com.kms.katalon.core.keyword.internal.KeywordExecutor.executeKeywordForPlatform(KeywordExecutor.groovy:74)
	at com.kms.katalon.core.webui.keyword.WebUiBuiltInKeywords.click(WebUiBuiltInKeywords.groovy:659)
	at Script1732083570761.run(Script1732083570761.groovy:24)
	at com.kms.katalon.core.main.ScriptEngine.run(ScriptEngine.java:194)
	at com.kms.katalon.core.main.ScriptEngine.runScriptAsRawText(ScriptEngine.java:119)
	at com.kms.katalon.core.main.TestCaseExecutor.runScript(TestCaseExecutor.java:448)
	at com.kms.katalon.core.main.TestCaseExecutor.doExecute(TestCaseExecutor.java:439)
	at com.kms.katalon.core.main.TestCaseExecutor.processExecutionPhase(TestCaseExecutor.java:418)
	at com.kms.katalon.core.main.TestCaseExecutor.accessMainPhase(TestCaseExecutor.java:410)
	at com.kms.katalon.core.main.TestCaseExecutor.execute(TestCaseExecutor.java:285)
	at com.kms.katalon.core.main.TestCaseMain.runTestCase(TestCaseMain.java:137)
	at com.kms.katalon.core.keyword.builtin.CallTestCaseKeyword$_callTestCase_closure1.doCall(CallTestCaseKeyword.groovy:59)
	at com.kms.katalon.core.keyword.builtin.CallTestCaseKeyword$_callTestCase_closure1.call(CallTestCaseKeyword.groovy)
	at com.kms.katalon.core.keyword.internal.KeywordMain.runKeyword(KeywordMain.groovy:75)
	at com.kms.katalon.core.keyword.builtin.CallTestCaseKeyword.callTestCase(CallTestCaseKeyword.groovy:81)
	at com.kms.katalon.core.keyword.builtin.CallTestCaseKeyword.execute(CallTestCaseKeyword.groovy:44)
	at com.kms.katalon.core.keyword.internal.KeywordExecutor.executeKeywordForPlatform(KeywordExecutor.groovy:74)
	at com.kms.katalon.core.keyword.BuiltinKeywords.callTestCase(BuiltinKeywords.groovy:310)
	at jdk.internal.reflect.GeneratedMethodAccessor25.invoke(Unknown Source)
	at java.base/jdk.internal.reflect.DelegatingMethodAccessorImpl.invoke(DelegatingMethodAccessorImpl.java:43)
	at Script1732341471829.run(Script1732341471829.groovy:22)
	... 15 more
)

27-11-2024T13:33:23 - [MESSAGE][FAILED] - Unable to click on object 'Object Repository/Principal/Page_Olva Courier  Home/button_CONTINUAR (2)' (Root cause: com.kms.katalon.core.exception.StepFailedException: Unable to click on object 'Object Repository/Principal/Page_Olva Courier  Home/button_CONTINUAR (2)'
	at com.kms.katalon.core.webui.keyword.internal.WebUIKeywordMain.stepFailed(WebUIKeywordMain.groovy:117)
	at com.kms.katalon.core.webui.keyword.internal.WebUIKeywordMain.runKeyword(WebUIKeywordMain.groovy:43)
	at com.kms.katalon.core.webui.keyword.builtin.ClickKeyword.click(ClickKeyword.groovy:74)
	at com.kms.katalon.core.webui.keyword.builtin.ClickKeyword.execute(ClickKeyword.groovy:40)
	at com.kms.katalon.core.keyword.internal.KeywordExecutor.executeKeywordForPlatform(KeywordExecutor.groovy:74)
	at com.kms.katalon.core.webui.keyword.WebUiBuiltInKeywords.click(WebUiBuiltInKeywords.groovy:659)
	at Selec_sobre.run(Selec_sobre:24)
	at com.kms.katalon.core.main.ScriptEngine.run(ScriptEngine.java:194)
	at com.kms.katalon.core.main.ScriptEngine.runScriptAsRawText(ScriptEngine.java:119)
	at com.kms.katalon.core.main.TestCaseExecutor.runScript(TestCaseExecutor.java:448)
	at com.kms.katalon.core.main.TestCaseExecutor.doExecute(TestCaseExecutor.java:439)
	at com.kms.katalon.core.main.TestCaseExecutor.processExecutionPhase(TestCaseExecutor.java:418)
	at com.kms.katalon.core.main.TestCaseExecutor.accessMainPhase(TestCaseExecutor.java:410)
	at com.kms.katalon.core.main.TestCaseExecutor.execute(TestCaseExecutor.java:285)
	at com.kms.katalon.core.main.TestCaseMain.runTestCase(TestCaseMain.java:137)
	at com.kms.katalon.core.keyword.builtin.CallTestCaseKeyword$_callTestCase_closure1.doCall(CallTestCaseKeyword.groovy:59)
	at com.kms.katalon.core.keyword.builtin.CallTestCaseKeyword$_callTestCase_closure1.call(CallTestCaseKeyword.groovy)
	at com.kms.katalon.core.keyword.internal.KeywordMain.runKeyword(KeywordMain.groovy:75)
	at com.kms.katalon.core.keyword.builtin.CallTestCaseKeyword.callTestCase(CallTestCaseKeyword.groovy:81)
	at com.kms.katalon.core.keyword.builtin.CallTestCaseKeyword.execute(CallTestCaseKeyword.groovy:44)
	at com.kms.katalon.core.keyword.internal.KeywordExecutor.executeKeywordForPlatform(KeywordExecutor.groovy:74)
	at com.kms.katalon.core.keyword.BuiltinKeywords.callTestCase(BuiltinKeywords.groovy:310)
	at jdk.internal.reflect.GeneratedMethodAccessor25.invoke(Unknown Source)
	at java.base/jdk.internal.reflect.DelegatingMethodAccessorImpl.invoke(DelegatingMethodAccessorImpl.java:43)
	at Difuninado-Consignado.run(Difuninado-Consignado:22)
	at com.kms.katalon.core.main.ScriptEngine.run(ScriptEngine.java:194)
	at com.kms.katalon.core.main.ScriptEngine.runScriptAsRawText(ScriptEngine.java:119)
	at com.kms.katalon.core.main.TestCaseExecutor.runScript(TestCaseExecutor.java:448)
	at com.kms.katalon.core.main.TestCaseExecutor.doExecute(TestCaseExecutor.java:439)
	at com.kms.katalon.core.main.TestCaseExecutor.processExecutionPhase(TestCaseExecutor.java:418)
	at com.kms.katalon.core.main.TestCaseExecutor.accessMainPhase(TestCaseExecutor.java:410)
	at com.kms.katalon.core.main.TestCaseExecutor.execute(TestCaseExecutor.java:285)
	at com.kms.katalon.core.common.CommonExecutor.accessTestCaseMainPhase(CommonExecutor.java:65)
	at com.kms.katalon.core.main.TestSuiteExecutor.accessTestSuiteMainPhase(TestSuiteExecutor.java:150)
	at com.kms.katalon.core.main.TestSuiteExecutor.execute(TestSuiteExecutor.java:106)
	at com.kms.katalon.core.main.TestCaseMain.startTestSuite(TestCaseMain.java:180)
	at TempTestSuite1732729948317.run(TempTestSuite1732729948317.groovy:35)
	at java.base/jdk.internal.reflect.NativeMethodAccessorImpl.invoke0(Native Method)
	at java.base/jdk.internal.reflect.NativeMethodAccessorImpl.invoke(NativeMethodAccessorImpl.java:77)
	at java.base/jdk.internal.reflect.DelegatingMethodAccessorImpl.invoke(DelegatingMethodAccessorImpl.java:43)
Caused by: org.openqa.selenium.ElementClickInterceptedException: Element <button id="btn_aceptar_tipo_envio" class="btn disabled" type="button"> is not clickable at point (675,588) because another element <div class="modal-footer"> obscures it
Build info: version: '3.141.59', revision: 'unknown', time: 'unknown'
System info: host: 'DESKTOP-RGFFP9A', ip: '10.136.10.6', os.name: 'Windows 11', os.arch: 'amd64', os.version: '10.0', java.version: '17.0.7'
Driver info: com.kms.katalon.core.webui.driver.firefox.CGeckoDriver
Capabilities {acceptInsecureCerts: true, browserName: firefox, browserVersion: 133.0, javascriptEnabled: true, moz:accessibilityChecks: false, moz:buildID: 20241121140525, moz:geckodriverVersion: 0.35.0, moz:headless: false, moz:platformVersion: 10.0, moz:processID: 8024, moz:profile: C:\Users\OLVATI\AppData\Loc..., moz:shutdownTimeout: 60000, moz:webdriverClick: true, moz:windowless: false, pageLoadStrategy: normal, platform: WINDOWS, platformName: WINDOWS, proxy: Proxy(direct), setWindowRect: true, strictFileInteractability: false, timeouts: {implicit: 0, pageLoad: 300000, script: 30000}, unhandledPromptBehavior: dismiss and notify, userAgent: Mozilla/5.0 (Windows NT 10....}
Session ID: f73b7057-5f2f-4ede-bb0d-49706aa7335b
	at jdk.internal.reflect.GeneratedConstructorAccessor32.newInstance(Unknown Source)
	at java.base/jdk.internal.reflect.DelegatingConstructorAccessorImpl.newInstance(DelegatingConstructorAccessorImpl.java:45)
	at org.openqa.selenium.remote.http.W3CHttpResponseCodec.createException(W3CHttpResponseCodec.java:187)
	at org.openqa.selenium.remote.http.W3CHttpResponseCodec.decode(W3CHttpResponseCodec.java:122)
	at org.openqa.selenium.remote.http.W3CHttpResponseCodec.decode(W3CHttpResponseCodec.java:49)
	at org.openqa.selenium.remote.HttpCommandExecutor.execute(HttpCommandExecutor.java:158)
	at org.openqa.selenium.remote.service.DriverCommandExecutor.execute(DriverCommandExecutor.java:83)
	at org.openqa.selenium.remote.RemoteWebDriver.execute(RemoteWebDriver.java:552)
	at com.kms.katalon.selenium.driver.CFirefoxDriver.execute(CFirefoxDriver.java:28)
	at org.openqa.selenium.remote.RemoteWebElement.execute(RemoteWebElement.java:285)
	at org.openqa.selenium.remote.RemoteWebElement.click(RemoteWebElement.java:84)
	at jdk.internal.reflect.GeneratedMethodAccessor10.invoke(Unknown Source)
	at java.base/jdk.internal.reflect.DelegatingMethodAccessorImpl.invoke(DelegatingMethodAccessorImpl.java:43)
	at org.openqa.selenium.support.events.EventFiringWebDriver$EventFiringWebElement.lambda$new$0(EventFiringWebDriver.java:404)
	at jdk.proxy2/jdk.proxy2.$Proxy21.click(Unknown Source)
	at org.openqa.selenium.support.events.EventFiringWebDriver$EventFiringWebElement.click(EventFiringWebDriver.java:417)
	at org.openqa.selenium.WebElement$click.call(Unknown Source)
	at com.kms.katalon.core.webui.keyword.builtin.ClickKeyword.clickUntilSuccessWithTimeout(ClickKeyword.groovy:81)
	at com.kms.katalon.core.webui.keyword.builtin.ClickKeyword.clickUntilSuccessWithTimeout(ClickKeyword.groovy)
	at jdk.internal.reflect.GeneratedMethodAccessor8.invoke(Unknown Source)
	at java.base/jdk.internal.reflect.DelegatingMethodAccessorImpl.invoke(DelegatingMethodAccessorImpl.java:43)
	at com.kms.katalon.core.webui.keyword.builtin.ClickKeyword$_click_closure1.doCall(ClickKeyword.groovy:67)
	at com.kms.katalon.core.webui.keyword.builtin.ClickKeyword$_click_closure1.call(ClickKeyword.groovy)
	at com.kms.katalon.core.webui.keyword.internal.WebUIKeywordMain.runKeyword(WebUIKeywordMain.groovy:35)
	at com.kms.katalon.core.webui.keyword.builtin.ClickKeyword.click(ClickKeyword.groovy:74)
	at com.kms.katalon.core.webui.keyword.builtin.ClickKeyword.execute(ClickKeyword.groovy:40)
	at com.kms.katalon.core.keyword.internal.KeywordExecutor.executeKeywordForPlatform(KeywordExecutor.groovy:74)
	at com.kms.katalon.core.webui.keyword.WebUiBuiltInKeywords.click(WebUiBuiltInKeywords.groovy:659)
	at Script1732083570761.run(Script1732083570761.groovy:24)
	at com.kms.katalon.core.main.ScriptEngine.run(ScriptEngine.java:194)
	at com.kms.katalon.core.main.ScriptEngine.runScriptAsRawText(ScriptEngine.java:119)
	at com.kms.katalon.core.main.TestCaseExecutor.runScript(TestCaseExecutor.java:448)
	at com.kms.katalon.core.main.TestCaseExecutor.doExecute(TestCaseExecutor.java:439)
	at com.kms.katalon.core.main.TestCaseExecutor.processExecutionPhase(TestCaseExecutor.java:418)
	at com.kms.katalon.core.main.TestCaseExecutor.accessMainPhase(TestCaseExecutor.java:410)
	at com.kms.katalon.core.main.TestCaseExecutor.execute(TestCaseExecutor.java:285)
	at com.kms.katalon.core.main.TestCaseMain.runTestCase(TestCaseMain.java:137)
	at com.kms.katalon.core.keyword.builtin.CallTestCaseKeyword$_callTestCase_closure1.doCall(CallTestCaseKeyword.groovy:59)
	at com.kms.katalon.core.keyword.builtin.CallTestCaseKeyword$_callTestCase_closure1.call(CallTestCaseKeyword.groovy)
	at com.kms.katalon.core.keyword.internal.KeywordMain.runKeyword(KeywordMain.groovy:75)
	at com.kms.katalon.core.keyword.builtin.CallTestCaseKeyword.callTestCase(CallTestCaseKeyword.groovy:81)
	at com.kms.katalon.core.keyword.builtin.CallTestCaseKeyword.execute(CallTestCaseKeyword.groovy:44)
	at com.kms.katalon.core.keyword.internal.KeywordExecutor.executeKeywordForPlatform(KeywordExecutor.groovy:74)
	at com.kms.katalon.core.keyword.BuiltinKeywords.callTestCase(BuiltinKeywords.groovy:310)
	at jdk.internal.reflect.GeneratedMethodAccessor25.invoke(Unknown Source)
	at java.base/jdk.internal.reflect.DelegatingMethodAccessorImpl.invoke(DelegatingMethodAccessorImpl.java:43)
	at Script1732341471829.run(Script1732341471829.groovy:22)
	... 15 more
)

27-11-2024T13:33:23 - [MESSAGE][FAILED] - Unable to call Test Case 'Test Cases/1.Inicio/1.1Principal/Selec_sobre' (Root cause: com.kms.katalon.core.exception.StepFailedException: Call Test Case 'Test Cases/1.Inicio/1.1Principal/Selec_sobre' failed
	at com.kms.katalon.core.keyword.builtin.CallTestCaseKeyword$_callTestCase_closure1.doCall(CallTestCaseKeyword.groovy:63)
	at com.kms.katalon.core.keyword.builtin.CallTestCaseKeyword$_callTestCase_closure1.call(CallTestCaseKeyword.groovy)
	at com.kms.katalon.core.keyword.internal.KeywordMain.runKeyword(KeywordMain.groovy:75)
	at com.kms.katalon.core.keyword.builtin.CallTestCaseKeyword.callTestCase(CallTestCaseKeyword.groovy:81)
	at com.kms.katalon.core.keyword.builtin.CallTestCaseKeyword.execute(CallTestCaseKeyword.groovy:44)
	at com.kms.katalon.core.keyword.internal.KeywordExecutor.executeKeywordForPlatform(KeywordExecutor.groovy:74)
	at com.kms.katalon.core.keyword.BuiltinKeywords.callTestCase(BuiltinKeywords.groovy:310)
	at jdk.internal.reflect.GeneratedMethodAccessor25.invoke(Unknown Source)
	at java.base/jdk.internal.reflect.DelegatingMethodAccessorImpl.invoke(DelegatingMethodAccessorImpl.java:43)
	at Difuninado-Consignado.run(Difuninado-Consignado:22)
	at com.kms.katalon.core.main.ScriptEngine.run(ScriptEngine.java:194)
	at com.kms.katalon.core.main.ScriptEngine.runScriptAsRawText(ScriptEngine.java:119)
	at com.kms.katalon.core.main.TestCaseExecutor.runScript(TestCaseExecutor.java:448)
	at com.kms.katalon.core.main.TestCaseExecutor.doExecute(TestCaseExecutor.java:439)
	at com.kms.katalon.core.main.TestCaseExecutor.processExecutionPhase(TestCaseExecutor.java:418)
	at com.kms.katalon.core.main.TestCaseExecutor.accessMainPhase(TestCaseExecutor.java:410)
	at com.kms.katalon.core.main.TestCaseExecutor.execute(TestCaseExecutor.java:285)
	at com.kms.katalon.core.common.CommonExecutor.accessTestCaseMainPhase(CommonExecutor.java:65)
	at com.kms.katalon.core.main.TestSuiteExecutor.accessTestSuiteMainPhase(TestSuiteExecutor.java:150)
	at com.kms.katalon.core.main.TestSuiteExecutor.execute(TestSuiteExecutor.java:106)
	at com.kms.katalon.core.main.TestCaseMain.startTestSuite(TestCaseMain.java:180)
	at TempTestSuite1732729948317.run(TempTestSuite1732729948317.groovy:35)
	at java.base/jdk.internal.reflect.NativeMethodAccessorImpl.invoke0(Native Method)
	at java.base/jdk.internal.reflect.NativeMethodAccessorImpl.invoke(NativeMethodAccessorImpl.java:77)
	at java.base/jdk.internal.reflect.DelegatingMethodAccessorImpl.invoke(DelegatingMethodAccessorImpl.java:43)
Caused by: com.kms.katalon.core.exception.StepFailedException: Unable to click on object 'Object Repository/Principal/Page_Olva Courier  Home/button_CONTINUAR (2)'
	at com.kms.katalon.core.webui.keyword.internal.WebUIKeywordMain.stepFailed(WebUIKeywordMain.groovy:117)
	at com.kms.katalon.core.webui.keyword.internal.WebUIKeywordMain.runKeyword(WebUIKeywordMain.groovy:43)
	at com.kms.katalon.core.webui.keyword.builtin.ClickKeyword.click(ClickKeyword.groovy:74)
	at com.kms.katalon.core.webui.keyword.builtin.ClickKeyword.execute(ClickKeyword.groovy:40)
	at com.kms.katalon.core.keyword.internal.KeywordExecutor.executeKeywordForPlatform(KeywordExecutor.groovy:74)
	at com.kms.katalon.core.webui.keyword.WebUiBuiltInKeywords.click(WebUiBuiltInKeywords.groovy:659)
	at Selec_sobre.run(Selec_sobre:24)
	at com.kms.katalon.core.main.ScriptEngine.run(ScriptEngine.java:194)
	at com.kms.katalon.core.main.ScriptEngine.runScriptAsRawText(ScriptEngine.java:119)
	at com.kms.katalon.core.main.TestCaseExecutor.runScript(TestCaseExecutor.java:448)
	at com.kms.katalon.core.main.TestCaseExecutor.doExecute(TestCaseExecutor.java:439)
	at com.kms.katalon.core.main.TestCaseExecutor.processExecutionPhase(TestCaseExecutor.java:418)
	at com.kms.katalon.core.main.TestCaseExecutor.accessMainPhase(TestCaseExecutor.java:410)
	at com.kms.katalon.core.main.TestCaseExecutor.execute(TestCaseExecutor.java:285)
	at com.kms.katalon.core.main.TestCaseMain.runTestCase(TestCaseMain.java:137)
	at com.kms.katalon.core.keyword.builtin.CallTestCaseKeyword$_callTestCase_closure1.doCall(CallTestCaseKeyword.groovy:59)
	... 24 more
Caused by: org.openqa.selenium.ElementClickInterceptedException: Element <button id="btn_aceptar_tipo_envio" class="btn disabled" type="button"> is not clickable at point (675,588) because another element <div class="modal-footer"> obscures it
Build info: version: '3.141.59', revision: 'unknown', time: 'unknown'
System info: host: 'DESKTOP-RGFFP9A', ip: '10.136.10.6', os.name: 'Windows 11', os.arch: 'amd64', os.version: '10.0', java.version: '17.0.7'
Driver info: com.kms.katalon.core.webui.driver.firefox.CGeckoDriver
Capabilities {acceptInsecureCerts: true, browserName: firefox, browserVersion: 133.0, javascriptEnabled: true, moz:accessibilityChecks: false, moz:buildID: 20241121140525, moz:geckodriverVersion: 0.35.0, moz:headless: false, moz:platformVersion: 10.0, moz:processID: 8024, moz:profile: C:\Users\OLVATI\AppData\Loc..., moz:shutdownTimeout: 60000, moz:webdriverClick: true, moz:windowless: false, pageLoadStrategy: normal, platform: WINDOWS, platformName: WINDOWS, proxy: Proxy(direct), setWindowRect: true, strictFileInteractability: false, timeouts: {implicit: 0, pageLoad: 300000, script: 30000}, unhandledPromptBehavior: dismiss and notify, userAgent: Mozilla/5.0 (Windows NT 10....}
Session ID: f73b7057-5f2f-4ede-bb0d-49706aa7335b
	at jdk.internal.reflect.GeneratedConstructorAccessor32.newInstance(Unknown Source)
	at java.base/jdk.internal.reflect.DelegatingConstructorAccessorImpl.newInstance(DelegatingConstructorAccessorImpl.java:45)
	at org.openqa.selenium.remote.http.W3CHttpResponseCodec.createException(W3CHttpResponseCodec.java:187)
	at org.openqa.selenium.remote.http.W3CHttpResponseCodec.decode(W3CHttpResponseCodec.java:122)
	at org.openqa.selenium.remote.http.W3CHttpResponseCodec.decode(W3CHttpResponseCodec.java:49)
	at org.openqa.selenium.remote.HttpCommandExecutor.execute(HttpCommandExecutor.java:158)
	at org.openqa.selenium.remote.service.DriverCommandExecutor.execute(DriverCommandExecutor.java:83)
	at org.openqa.selenium.remote.RemoteWebDriver.execute(RemoteWebDriver.java:552)
	at com.kms.katalon.selenium.driver.CFirefoxDriver.execute(CFirefoxDriver.java:28)
	at org.openqa.selenium.remote.RemoteWebElement.execute(RemoteWebElement.java:285)
	at org.openqa.selenium.remote.RemoteWebElement.click(RemoteWebElement.java:84)
	at jdk.internal.reflect.GeneratedMethodAccessor10.invoke(Unknown Source)
	at java.base/jdk.internal.reflect.DelegatingMethodAccessorImpl.invoke(DelegatingMethodAccessorImpl.java:43)
	at org.openqa.selenium.support.events.EventFiringWebDriver$EventFiringWebElement.lambda$new$0(EventFiringWebDriver.java:404)
	at jdk.proxy2/jdk.proxy2.$Proxy21.click(Unknown Source)
	at org.openqa.selenium.support.events.EventFiringWebDriver$EventFiringWebElement.click(EventFiringWebDriver.java:417)
	at org.openqa.selenium.WebElement$click.call(Unknown Source)
	at com.kms.katalon.core.webui.keyword.builtin.ClickKeyword.clickUntilSuccessWithTimeout(ClickKeyword.groovy:81)
	at com.kms.katalon.core.webui.keyword.builtin.ClickKeyword.clickUntilSuccessWithTimeout(ClickKeyword.groovy)
	at jdk.internal.reflect.GeneratedMethodAccessor8.invoke(Unknown Source)
	at java.base/jdk.internal.reflect.DelegatingMethodAccessorImpl.invoke(DelegatingMethodAccessorImpl.java:43)
	at com.kms.katalon.core.webui.keyword.builtin.ClickKeyword$_click_closure1.doCall(ClickKeyword.groovy:67)
	at com.kms.katalon.core.webui.keyword.builtin.ClickKeyword$_click_closure1.call(ClickKeyword.groovy)
	at com.kms.katalon.core.webui.keyword.internal.WebUIKeywordMain.runKeyword(WebUIKeywordMain.groovy:35)
	... 38 more
)]]></system-out>
         <system-err><![CDATA[27-11-2024T13:32:42 - [TEST_CASE][FAILED] - Test Cases/2.Positivos/2.2Sobre/Origen-Lima/Difuninado-Consignado: Test Cases/2.Positivos/2.2Sobre/Origen-Lima/Difuninado-Consignado FAILED.
Reason:
com.kms.katalon.core.exception.StepFailedException: Call Test Case 'Test Cases/1.Inicio/1.1Principal/Selec_sobre' failed
	at com.kms.katalon.core.keyword.builtin.CallTestCaseKeyword$_callTestCase_closure1.doCall(CallTestCaseKeyword.groovy:63)
	at com.kms.katalon.core.keyword.builtin.CallTestCaseKeyword$_callTestCase_closure1.call(CallTestCaseKeyword.groovy)
	at com.kms.katalon.core.keyword.internal.KeywordMain.runKeyword(KeywordMain.groovy:75)
	at com.kms.katalon.core.keyword.builtin.CallTestCaseKeyword.callTestCase(CallTestCaseKeyword.groovy:81)
	at com.kms.katalon.core.keyword.builtin.CallTestCaseKeyword.execute(CallTestCaseKeyword.groovy:44)
	at com.kms.katalon.core.keyword.internal.KeywordExecutor.executeKeywordForPlatform(KeywordExecutor.groovy:74)
	at com.kms.katalon.core.keyword.BuiltinKeywords.callTestCase(BuiltinKeywords.groovy:310)
	at jdk.internal.reflect.GeneratedMethodAccessor25.invoke(Unknown Source)
	at java.base/jdk.internal.reflect.DelegatingMethodAccessorImpl.invoke(DelegatingMethodAccessorImpl.java:43)
	at Difuninado-Consignado.run(Difuninado-Consignado:22)
	at com.kms.katalon.core.main.ScriptEngine.run(ScriptEngine.java:194)
	at com.kms.katalon.core.main.ScriptEngine.runScriptAsRawText(ScriptEngine.java:119)
	at com.kms.katalon.core.main.TestCaseExecutor.runScript(TestCaseExecutor.java:448)
	at com.kms.katalon.core.main.TestCaseExecutor.doExecute(TestCaseExecutor.java:439)
	at com.kms.katalon.core.main.TestCaseExecutor.processExecutionPhase(TestCaseExecutor.java:418)
	at com.kms.katalon.core.main.TestCaseExecutor.accessMainPhase(TestCaseExecutor.java:410)
	at com.kms.katalon.core.main.TestCaseExecutor.execute(TestCaseExecutor.java:285)
	at com.kms.katalon.core.common.CommonExecutor.accessTestCaseMainPhase(CommonExecutor.java:65)
	at com.kms.katalon.core.main.TestSuiteExecutor.accessTestSuiteMainPhase(TestSuiteExecutor.java:150)
	at com.kms.katalon.core.main.TestSuiteExecutor.execute(TestSuiteExecutor.java:106)
	at com.kms.katalon.core.main.TestCaseMain.startTestSuite(TestCaseMain.java:180)
	at TempTestSuite1732729948317.run(TempTestSuite1732729948317.groovy:35)
	at java.base/jdk.internal.reflect.NativeMethodAccessorImpl.invoke0(Native Method)
	at java.base/jdk.internal.reflect.NativeMethodAccessorImpl.invoke(NativeMethodAccessorImpl.java:77)
	at java.base/jdk.internal.reflect.DelegatingMethodAccessorImpl.invoke(DelegatingMethodAccessorImpl.java:43)
Caused by: com.kms.katalon.core.exception.StepFailedException: Unable to click on object 'Object Repository/Principal/Page_Olva Courier  Home/button_CONTINUAR (2)'
	at com.kms.katalon.core.webui.keyword.internal.WebUIKeywordMain.stepFailed(WebUIKeywordMain.groovy:117)
	at com.kms.katalon.core.webui.keyword.internal.WebUIKeywordMain.runKeyword(WebUIKeywordMain.groovy:43)
	at com.kms.katalon.core.webui.keyword.builtin.ClickKeyword.click(ClickKeyword.groovy:74)
	at com.kms.katalon.core.webui.keyword.builtin.ClickKeyword.execute(ClickKeyword.groovy:40)
	at com.kms.katalon.core.keyword.internal.KeywordExecutor.executeKeywordForPlatform(KeywordExecutor.groovy:74)
	at com.kms.katalon.core.webui.keyword.WebUiBuiltInKeywords.click(WebUiBuiltInKeywords.groovy:659)
	at Selec_sobre.run(Selec_sobre:24)
	at com.kms.katalon.core.main.ScriptEngine.run(ScriptEngine.java:194)
	at com.kms.katalon.core.main.ScriptEngine.runScriptAsRawText(ScriptEngine.java:119)
	at com.kms.katalon.core.main.TestCaseExecutor.runScript(TestCaseExecutor.java:448)
	at com.kms.katalon.core.main.TestCaseExecutor.doExecute(TestCaseExecutor.java:439)
	at com.kms.katalon.core.main.TestCaseExecutor.processExecutionPhase(TestCaseExecutor.java:418)
	at com.kms.katalon.core.main.TestCaseExecutor.accessMainPhase(TestCaseExecutor.java:410)
	at com.kms.katalon.core.main.TestCaseExecutor.execute(TestCaseExecutor.java:285)
	at com.kms.katalon.core.main.TestCaseMain.runTestCase(TestCaseMain.java:137)
	at com.kms.katalon.core.keyword.builtin.CallTestCaseKeyword$_callTestCase_closure1.doCall(CallTestCaseKeyword.groovy:59)
	... 24 more
Caused by: org.openqa.selenium.ElementClickInterceptedException: Element <button id="btn_aceptar_tipo_envio" class="btn disabled" type="button"> is not clickable at point (675,588) because another element <div class="modal-footer"> obscures it
Build info: version: '3.141.59', revision: 'unknown', time: 'unknown'
System info: host: 'DESKTOP-RGFFP9A', ip: '10.136.10.6', os.name: 'Windows 11', os.arch: 'amd64', os.version: '10.0', java.version: '17.0.7'
Driver info: com.kms.katalon.core.webui.driver.firefox.CGeckoDriver
Capabilities {acceptInsecureCerts: true, browserName: firefox, browserVersion: 133.0, javascriptEnabled: true, moz:accessibilityChecks: false, moz:buildID: 20241121140525, moz:geckodriverVersion: 0.35.0, moz:headless: false, moz:platformVersion: 10.0, moz:processID: 8024, moz:profile: C:\Users\OLVATI\AppData\Loc..., moz:shutdownTimeout: 60000, moz:webdriverClick: true, moz:windowless: false, pageLoadStrategy: normal, platform: WINDOWS, platformName: WINDOWS, proxy: Proxy(direct), setWindowRect: true, strictFileInteractability: false, timeouts: {implicit: 0, pageLoad: 300000, script: 30000}, unhandledPromptBehavior: dismiss and notify, userAgent: Mozilla/5.0 (Windows NT 10....}
Session ID: f73b7057-5f2f-4ede-bb0d-49706aa7335b
	at jdk.internal.reflect.GeneratedConstructorAccessor32.newInstance(Unknown Source)
	at java.base/jdk.internal.reflect.DelegatingConstructorAccessorImpl.newInstance(DelegatingConstructorAccessorImpl.java:45)
	at org.openqa.selenium.remote.http.W3CHttpResponseCodec.createException(W3CHttpResponseCodec.java:187)
	at org.openqa.selenium.remote.http.W3CHttpResponseCodec.decode(W3CHttpResponseCodec.java:122)
	at org.openqa.selenium.remote.http.W3CHttpResponseCodec.decode(W3CHttpResponseCodec.java:49)
	at org.openqa.selenium.remote.HttpCommandExecutor.execute(HttpCommandExecutor.java:158)
	at org.openqa.selenium.remote.service.DriverCommandExecutor.execute(DriverCommandExecutor.java:83)
	at org.openqa.selenium.remote.RemoteWebDriver.execute(RemoteWebDriver.java:552)
	at com.kms.katalon.selenium.driver.CFirefoxDriver.execute(CFirefoxDriver.java:28)
	at org.openqa.selenium.remote.RemoteWebElement.execute(RemoteWebElement.java:285)
	at org.openqa.selenium.remote.RemoteWebElement.click(RemoteWebElement.java:84)
	at jdk.internal.reflect.GeneratedMethodAccessor10.invoke(Unknown Source)
	at java.base/jdk.internal.reflect.DelegatingMethodAccessorImpl.invoke(DelegatingMethodAccessorImpl.java:43)
	at org.openqa.selenium.support.events.EventFiringWebDriver$EventFiringWebElement.lambda$new$0(EventFiringWebDriver.java:404)
	at jdk.proxy2/jdk.proxy2.$Proxy21.click(Unknown Source)
	at org.openqa.selenium.support.events.EventFiringWebDriver$EventFiringWebElement.click(EventFiringWebDriver.java:417)
	at org.openqa.selenium.WebElement$click.call(Unknown Source)
	at com.kms.katalon.core.webui.keyword.builtin.ClickKeyword.clickUntilSuccessWithTimeout(ClickKeyword.groovy:81)
	at com.kms.katalon.core.webui.keyword.builtin.ClickKeyword.clickUntilSuccessWithTimeout(ClickKeyword.groovy)
	at jdk.internal.reflect.GeneratedMethodAccessor8.invoke(Unknown Source)
	at java.base/jdk.internal.reflect.DelegatingMethodAccessorImpl.invoke(DelegatingMethodAccessorImpl.java:43)
	at com.kms.katalon.core.webui.keyword.builtin.ClickKeyword$_click_closure1.doCall(ClickKeyword.groovy:67)
	at com.kms.katalon.core.webui.keyword.builtin.ClickKeyword$_click_closure1.call(ClickKeyword.groovy)
	at com.kms.katalon.core.webui.keyword.internal.WebUIKeywordMain.runKeyword(WebUIKeywordMain.groovy:35)
	... 38 more]]></system-err>
      </testcase>
      <testcase name="Test Cases/2.Positivos/2.2Sobre/Origen-Lima/Agregar-Envios" time="41.702" classname="Test Cases/2.Positivos/2.2Sobre/Origen-Lima/Agregar-Envios" status="FAILED">
         <failure type="FAILED" message="Test Cases/2.Positivos/2.2Sobre/Origen-Lima/Agregar-Envios FAILED.&#xa;Reason:&#xa;com.kms.katalon.core.exception.StepFailedException: Call Test Case 'Test Cases/1.Inicio/1.1Principal/Selec_sobre' failed&#xa;	at com.kms.katalon.core.keyword.builtin.CallTestCaseKeyword$_callTestCase_closure1.doCall(CallTestCaseKeyword.groovy:63)&#xa;	at com.kms.katalon.core.keyword.builtin.CallTestCaseKeyword$_callTestCase_closure1.call(CallTestCaseKeyword.groovy)&#xa;	at com.kms.katalon.core.keyword.internal.KeywordMain.runKeyword(KeywordMain.groovy:75)&#xa;	at com.kms.katalon.core.keyword.builtin.CallTestCaseKeyword.callTestCase(CallTestCaseKeyword.groovy:81)&#xa;	at com.kms.katalon.core.keyword.builtin.CallTestCaseKeyword.execute(CallTestCaseKeyword.groovy:44)&#xa;	at com.kms.katalon.core.keyword.internal.KeywordExecutor.executeKeywordForPlatform(KeywordExecutor.groovy:74)&#xa;	at com.kms.katalon.core.keyword.BuiltinKeywords.callTestCase(BuiltinKeywords.groovy:310)&#xa;	at jdk.internal.reflect.GeneratedMethodAccessor25.invoke(Unknown Source)&#xa;	at java.base/jdk.internal.reflect.DelegatingMethodAccessorImpl.invoke(DelegatingMethodAccessorImpl.java:43)&#xa;	at Agregar-Envios.run(Agregar-Envios:22)&#xa;	at com.kms.katalon.core.main.ScriptEngine.run(ScriptEngine.java:194)&#xa;	at com.kms.katalon.core.main.ScriptEngine.runScriptAsRawText(ScriptEngine.java:119)&#xa;	at com.kms.katalon.core.main.TestCaseExecutor.runScript(TestCaseExecutor.java:448)&#xa;	at com.kms.katalon.core.main.TestCaseExecutor.doExecute(TestCaseExecutor.java:439)&#xa;	at com.kms.katalon.core.main.TestCaseExecutor.processExecutionPhase(TestCaseExecutor.java:418)&#xa;	at com.kms.katalon.core.main.TestCaseExecutor.accessMainPhase(TestCaseExecutor.java:410)&#xa;	at com.kms.katalon.core.main.TestCaseExecutor.execute(TestCaseExecutor.java:285)&#xa;	at com.kms.katalon.core.common.CommonExecutor.accessTestCaseMainPhase(CommonExecutor.java:65)&#xa;	at com.kms.katalon.core.main.TestSuiteExecutor.accessTestSuiteMainPhase(TestSuiteExecutor.java:150)&#xa;	at com.kms.katalon.core.main.TestSuiteExecutor.execute(TestSuiteExecutor.java:106)&#xa;	at com.kms.katalon.core.main.TestCaseMain.startTestSuite(TestCaseMain.java:180)&#xa;	at TempTestSuite1732729948317.run(TempTestSuite1732729948317.groovy:35)&#xa;	at java.base/jdk.internal.reflect.NativeMethodAccessorImpl.invoke0(Native Method)&#xa;	at java.base/jdk.internal.reflect.NativeMethodAccessorImpl.invoke(NativeMethodAccessorImpl.java:77)&#xa;	at java.base/jdk.internal.reflect.DelegatingMethodAccessorImpl.invoke(DelegatingMethodAccessorImpl.java:43)&#xa;Caused by: com.kms.katalon.core.exception.StepFailedException: Unable to click on object 'Object Repository/Principal/Page_Olva Courier  Home/button_CONTINUAR (2)'&#xa;	at com.kms.katalon.core.webui.keyword.internal.WebUIKeywordMain.stepFailed(WebUIKeywordMain.groovy:117)&#xa;	at com.kms.katalon.core.webui.keyword.internal.WebUIKeywordMain.runKeyword(WebUIKeywordMain.groovy:43)&#xa;	at com.kms.katalon.core.webui.keyword.builtin.ClickKeyword.click(ClickKeyword.groovy:74)&#xa;	at com.kms.katalon.core.webui.keyword.builtin.ClickKeyword.execute(ClickKeyword.groovy:40)&#xa;	at com.kms.katalon.core.keyword.internal.KeywordExecutor.executeKeywordForPlatform(KeywordExecutor.groovy:74)&#xa;	at com.kms.katalon.core.webui.keyword.WebUiBuiltInKeywords.click(WebUiBuiltInKeywords.groovy:659)&#xa;	at Selec_sobre.run(Selec_sobre:24)&#xa;	at com.kms.katalon.core.main.ScriptEngine.run(ScriptEngine.java:194)&#xa;	at com.kms.katalon.core.main.ScriptEngine.runScriptAsRawText(ScriptEngine.java:119)&#xa;	at com.kms.katalon.core.main.TestCaseExecutor.runScript(TestCaseExecutor.java:448)&#xa;	at com.kms.katalon.core.main.TestCaseExecutor.doExecute(TestCaseExecutor.java:439)&#xa;	at com.kms.katalon.core.main.TestCaseExecutor.processExecutionPhase(TestCaseExecutor.java:418)&#xa;	at com.kms.katalon.core.main.TestCaseExecutor.accessMainPhase(TestCaseExecutor.java:410)&#xa;	at com.kms.katalon.core.main.TestCaseExecutor.execute(TestCaseExecutor.java:285)&#xa;	at com.kms.katalon.core.main.TestCaseMain.runTestCase(TestCaseMain.java:137)&#xa;	at com.kms.katalon.core.keyword.builtin.CallTestCaseKeyword$_callTestCase_closure1.doCall(CallTestCaseKeyword.groovy:59)&#xa;	... 24 more&#xa;Caused by: org.openqa.selenium.ElementClickInterceptedException: Element &lt;button id=&quot;btn_aceptar_tipo_envio&quot; class=&quot;btn disabled&quot; type=&quot;button&quot;> is not clickable at point (675,588) because another element &lt;div class=&quot;modal-footer&quot;> obscures it&#xa;Build info: version: '3.141.59', revision: 'unknown', time: 'unknown'&#xa;System info: host: 'DESKTOP-RGFFP9A', ip: '10.136.10.6', os.name: 'Windows 11', os.arch: 'amd64', os.version: '10.0', java.version: '17.0.7'&#xa;Driver info: com.kms.katalon.core.webui.driver.firefox.CGeckoDriver&#xa;Capabilities {acceptInsecureCerts: true, browserName: firefox, browserVersion: 133.0, javascriptEnabled: true, moz:accessibilityChecks: false, moz:buildID: 20241121140525, moz:geckodriverVersion: 0.35.0, moz:headless: false, moz:platformVersion: 10.0, moz:processID: 37852, moz:profile: C:\Users\OLVATI\AppData\Loc..., moz:shutdownTimeout: 60000, moz:webdriverClick: true, moz:windowless: false, pageLoadStrategy: normal, platform: WINDOWS, platformName: WINDOWS, proxy: Proxy(direct), setWindowRect: true, strictFileInteractability: false, timeouts: {implicit: 0, pageLoad: 300000, script: 30000}, unhandledPromptBehavior: dismiss and notify, userAgent: Mozilla/5.0 (Windows NT 10....}&#xa;Session ID: 363e0f9b-7697-445e-9711-80e7c4b8af11&#xa;	at jdk.internal.reflect.GeneratedConstructorAccessor32.newInstance(Unknown Source)&#xa;	at java.base/jdk.internal.reflect.DelegatingConstructorAccessorImpl.newInstance(DelegatingConstructorAccessorImpl.java:45)&#xa;	at org.openqa.selenium.remote.http.W3CHttpResponseCodec.createException(W3CHttpResponseCodec.java:187)&#xa;	at org.openqa.selenium.remote.http.W3CHttpResponseCodec.decode(W3CHttpResponseCodec.java:122)&#xa;	at org.openqa.selenium.remote.http.W3CHttpResponseCodec.decode(W3CHttpResponseCodec.java:49)&#xa;	at org.openqa.selenium.remote.HttpCommandExecutor.execute(HttpCommandExecutor.java:158)&#xa;	at org.openqa.selenium.remote.service.DriverCommandExecutor.execute(DriverCommandExecutor.java:83)&#xa;	at org.openqa.selenium.remote.RemoteWebDriver.execute(RemoteWebDriver.java:552)&#xa;	at com.kms.katalon.selenium.driver.CFirefoxDriver.execute(CFirefoxDriver.java:28)&#xa;	at org.openqa.selenium.remote.RemoteWebElement.execute(RemoteWebElement.java:285)&#xa;	at org.openqa.selenium.remote.RemoteWebElement.click(RemoteWebElement.java:84)&#xa;	at jdk.internal.reflect.GeneratedMethodAccessor10.invoke(Unknown Source)&#xa;	at java.base/jdk.internal.reflect.DelegatingMethodAccessorImpl.invoke(DelegatingMethodAccessorImpl.java:43)&#xa;	at org.openqa.selenium.support.events.EventFiringWebDriver$EventFiringWebElement.lambda$new$0(EventFiringWebDriver.java:404)&#xa;	at jdk.proxy2/jdk.proxy2.$Proxy21.click(Unknown Source)&#xa;	at org.openqa.selenium.support.events.EventFiringWebDriver$EventFiringWebElement.click(EventFiringWebDriver.java:417)&#xa;	at org.openqa.selenium.WebElement$click.call(Unknown Source)&#xa;	at com.kms.katalon.core.webui.keyword.builtin.ClickKeyword.clickUntilSuccessWithTimeout(ClickKeyword.groovy:81)&#xa;	at com.kms.katalon.core.webui.keyword.builtin.ClickKeyword.clickUntilSuccessWithTimeout(ClickKeyword.groovy)&#xa;	at jdk.internal.reflect.GeneratedMethodAccessor8.invoke(Unknown Source)&#xa;	at java.base/jdk.internal.reflect.DelegatingMethodAccessorImpl.invoke(DelegatingMethodAccessorImpl.java:43)&#xa;	at com.kms.katalon.core.webui.keyword.builtin.ClickKeyword$_click_closure1.doCall(ClickKeyword.groovy:67)&#xa;	at com.kms.katalon.core.webui.keyword.builtin.ClickKeyword$_click_closure1.call(ClickKeyword.groovy)&#xa;	at com.kms.katalon.core.webui.keyword.internal.WebUIKeywordMain.runKeyword(WebUIKeywordMain.groovy:35)&#xa;	... 38 more&#xa;"/>
         <system-out><![CDATA[27-11-2024T13:33:23 - [TEST_CASE][FAILED] - Test Cases/2.Positivos/2.2Sobre/Origen-Lima/Agregar-Envios: Test Cases/2.Positivos/2.2Sobre/Origen-Lima/Agregar-Envios FAILED.
Reason:
com.kms.katalon.core.exception.StepFailedException: Call Test Case 'Test Cases/1.Inicio/1.1Principal/Selec_sobre' failed
	at com.kms.katalon.core.keyword.builtin.CallTestCaseKeyword$_callTestCase_closure1.doCall(CallTestCaseKeyword.groovy:63)
	at com.kms.katalon.core.keyword.builtin.CallTestCaseKeyword$_callTestCase_closure1.call(CallTestCaseKeyword.groovy)
	at com.kms.katalon.core.keyword.internal.KeywordMain.runKeyword(KeywordMain.groovy:75)
	at com.kms.katalon.core.keyword.builtin.CallTestCaseKeyword.callTestCase(CallTestCaseKeyword.groovy:81)
	at com.kms.katalon.core.keyword.builtin.CallTestCaseKeyword.execute(CallTestCaseKeyword.groovy:44)
	at com.kms.katalon.core.keyword.internal.KeywordExecutor.executeKeywordForPlatform(KeywordExecutor.groovy:74)
	at com.kms.katalon.core.keyword.BuiltinKeywords.callTestCase(BuiltinKeywords.groovy:310)
	at jdk.internal.reflect.GeneratedMethodAccessor25.invoke(Unknown Source)
	at java.base/jdk.internal.reflect.DelegatingMethodAccessorImpl.invoke(DelegatingMethodAccessorImpl.java:43)
	at Agregar-Envios.run(Agregar-Envios:22)
	at com.kms.katalon.core.main.ScriptEngine.run(ScriptEngine.java:194)
	at com.kms.katalon.core.main.ScriptEngine.runScriptAsRawText(ScriptEngine.java:119)
	at com.kms.katalon.core.main.TestCaseExecutor.runScript(TestCaseExecutor.java:448)
	at com.kms.katalon.core.main.TestCaseExecutor.doExecute(TestCaseExecutor.java:439)
	at com.kms.katalon.core.main.TestCaseExecutor.processExecutionPhase(TestCaseExecutor.java:418)
	at com.kms.katalon.core.main.TestCaseExecutor.accessMainPhase(TestCaseExecutor.java:410)
	at com.kms.katalon.core.main.TestCaseExecutor.execute(TestCaseExecutor.java:285)
	at com.kms.katalon.core.common.CommonExecutor.accessTestCaseMainPhase(CommonExecutor.java:65)
	at com.kms.katalon.core.main.TestSuiteExecutor.accessTestSuiteMainPhase(TestSuiteExecutor.java:150)
	at com.kms.katalon.core.main.TestSuiteExecutor.execute(TestSuiteExecutor.java:106)
	at com.kms.katalon.core.main.TestCaseMain.startTestSuite(TestCaseMain.java:180)
	at TempTestSuite1732729948317.run(TempTestSuite1732729948317.groovy:35)
	at java.base/jdk.internal.reflect.NativeMethodAccessorImpl.invoke0(Native Method)
	at java.base/jdk.internal.reflect.NativeMethodAccessorImpl.invoke(NativeMethodAccessorImpl.java:77)
	at java.base/jdk.internal.reflect.DelegatingMethodAccessorImpl.invoke(DelegatingMethodAccessorImpl.java:43)
Caused by: com.kms.katalon.core.exception.StepFailedException: Unable to click on object 'Object Repository/Principal/Page_Olva Courier  Home/button_CONTINUAR (2)'
	at com.kms.katalon.core.webui.keyword.internal.WebUIKeywordMain.stepFailed(WebUIKeywordMain.groovy:117)
	at com.kms.katalon.core.webui.keyword.internal.WebUIKeywordMain.runKeyword(WebUIKeywordMain.groovy:43)
	at com.kms.katalon.core.webui.keyword.builtin.ClickKeyword.click(ClickKeyword.groovy:74)
	at com.kms.katalon.core.webui.keyword.builtin.ClickKeyword.execute(ClickKeyword.groovy:40)
	at com.kms.katalon.core.keyword.internal.KeywordExecutor.executeKeywordForPlatform(KeywordExecutor.groovy:74)
	at com.kms.katalon.core.webui.keyword.WebUiBuiltInKeywords.click(WebUiBuiltInKeywords.groovy:659)
	at Selec_sobre.run(Selec_sobre:24)
	at com.kms.katalon.core.main.ScriptEngine.run(ScriptEngine.java:194)
	at com.kms.katalon.core.main.ScriptEngine.runScriptAsRawText(ScriptEngine.java:119)
	at com.kms.katalon.core.main.TestCaseExecutor.runScript(TestCaseExecutor.java:448)
	at com.kms.katalon.core.main.TestCaseExecutor.doExecute(TestCaseExecutor.java:439)
	at com.kms.katalon.core.main.TestCaseExecutor.processExecutionPhase(TestCaseExecutor.java:418)
	at com.kms.katalon.core.main.TestCaseExecutor.accessMainPhase(TestCaseExecutor.java:410)
	at com.kms.katalon.core.main.TestCaseExecutor.execute(TestCaseExecutor.java:285)
	at com.kms.katalon.core.main.TestCaseMain.runTestCase(TestCaseMain.java:137)
	at com.kms.katalon.core.keyword.builtin.CallTestCaseKeyword$_callTestCase_closure1.doCall(CallTestCaseKeyword.groovy:59)
	... 24 more
Caused by: org.openqa.selenium.ElementClickInterceptedException: Element <button id="btn_aceptar_tipo_envio" class="btn disabled" type="button"> is not clickable at point (675,588) because another element <div class="modal-footer"> obscures it
Build info: version: '3.141.59', revision: 'unknown', time: 'unknown'
System info: host: 'DESKTOP-RGFFP9A', ip: '10.136.10.6', os.name: 'Windows 11', os.arch: 'amd64', os.version: '10.0', java.version: '17.0.7'
Driver info: com.kms.katalon.core.webui.driver.firefox.CGeckoDriver
Capabilities {acceptInsecureCerts: true, browserName: firefox, browserVersion: 133.0, javascriptEnabled: true, moz:accessibilityChecks: false, moz:buildID: 20241121140525, moz:geckodriverVersion: 0.35.0, moz:headless: false, moz:platformVersion: 10.0, moz:processID: 37852, moz:profile: C:\Users\OLVATI\AppData\Loc..., moz:shutdownTimeout: 60000, moz:webdriverClick: true, moz:windowless: false, pageLoadStrategy: normal, platform: WINDOWS, platformName: WINDOWS, proxy: Proxy(direct), setWindowRect: true, strictFileInteractability: false, timeouts: {implicit: 0, pageLoad: 300000, script: 30000}, unhandledPromptBehavior: dismiss and notify, userAgent: Mozilla/5.0 (Windows NT 10....}
Session ID: 363e0f9b-7697-445e-9711-80e7c4b8af11
	at jdk.internal.reflect.GeneratedConstructorAccessor32.newInstance(Unknown Source)
	at java.base/jdk.internal.reflect.DelegatingConstructorAccessorImpl.newInstance(DelegatingConstructorAccessorImpl.java:45)
	at org.openqa.selenium.remote.http.W3CHttpResponseCodec.createException(W3CHttpResponseCodec.java:187)
	at org.openqa.selenium.remote.http.W3CHttpResponseCodec.decode(W3CHttpResponseCodec.java:122)
	at org.openqa.selenium.remote.http.W3CHttpResponseCodec.decode(W3CHttpResponseCodec.java:49)
	at org.openqa.selenium.remote.HttpCommandExecutor.execute(HttpCommandExecutor.java:158)
	at org.openqa.selenium.remote.service.DriverCommandExecutor.execute(DriverCommandExecutor.java:83)
	at org.openqa.selenium.remote.RemoteWebDriver.execute(RemoteWebDriver.java:552)
	at com.kms.katalon.selenium.driver.CFirefoxDriver.execute(CFirefoxDriver.java:28)
	at org.openqa.selenium.remote.RemoteWebElement.execute(RemoteWebElement.java:285)
	at org.openqa.selenium.remote.RemoteWebElement.click(RemoteWebElement.java:84)
	at jdk.internal.reflect.GeneratedMethodAccessor10.invoke(Unknown Source)
	at java.base/jdk.internal.reflect.DelegatingMethodAccessorImpl.invoke(DelegatingMethodAccessorImpl.java:43)
	at org.openqa.selenium.support.events.EventFiringWebDriver$EventFiringWebElement.lambda$new$0(EventFiringWebDriver.java:404)
	at jdk.proxy2/jdk.proxy2.$Proxy21.click(Unknown Source)
	at org.openqa.selenium.support.events.EventFiringWebDriver$EventFiringWebElement.click(EventFiringWebDriver.java:417)
	at org.openqa.selenium.WebElement$click.call(Unknown Source)
	at com.kms.katalon.core.webui.keyword.builtin.ClickKeyword.clickUntilSuccessWithTimeout(ClickKeyword.groovy:81)
	at com.kms.katalon.core.webui.keyword.builtin.ClickKeyword.clickUntilSuccessWithTimeout(ClickKeyword.groovy)
	at jdk.internal.reflect.GeneratedMethodAccessor8.invoke(Unknown Source)
	at java.base/jdk.internal.reflect.DelegatingMethodAccessorImpl.invoke(DelegatingMethodAccessorImpl.java:43)
	at com.kms.katalon.core.webui.keyword.builtin.ClickKeyword$_click_closure1.doCall(ClickKeyword.groovy:67)
	at com.kms.katalon.core.webui.keyword.builtin.ClickKeyword$_click_closure1.call(ClickKeyword.groovy)
	at com.kms.katalon.core.webui.keyword.internal.WebUIKeywordMain.runKeyword(WebUIKeywordMain.groovy:35)
	... 38 more


27-11-2024T13:33:23 - [TEST_STEP][PASSED] - callTestCase(findTestCase("1.Inicio/1.1Principal/Principal-home"), [:], STOP_ON_FAILURE): Call Test Case 'Test Cases/1.Inicio/1.1Principal/Principal-home' successfully

27-11-2024T13:33:23 - [TEST_CASE][PASSED] - Test Cases/1.Inicio/1.1Principal/Principal-home: Test Cases/1.Inicio/1.1Principal/Principal-home

27-11-2024T13:33:24 - [TEST_STEP][PASSED] - openBrowser(""): Browser is opened with url: ''

27-11-2024T13:33:24 - [MESSAGE][WARNING] - A browser is already opened. Closing browser and opening a new one

27-11-2024T13:33:25 - [MESSAGE][INFO] - Starting 'Firefox' driver

27-11-2024T13:33:25 - [MESSAGE][INFO] - Action delay is set to 0 milliseconds

27-11-2024T13:33:32 - [MESSAGE][PASSED] - Browser is opened with url: ''

27-11-2024T13:33:32 - [TEST_STEP][PASSED] - navigateToUrl("https://dev01-registrodeenvios.olvacourier.com/principal"): Navigate to 'https://dev01-registrodeenvios.olvacourier.com/principal' successfully

27-11-2024T13:33:33 - [MESSAGE][PASSED] - Navigate to 'https://dev01-registrodeenvios.olvacourier.com/principal' successfully

27-11-2024T13:33:33 - [TEST_STEP][PASSED] - maximizeWindow(): Current window maximized

27-11-2024T13:33:33 - [MESSAGE][PASSED] - Current window maximized

27-11-2024T13:33:33 - [MESSAGE][PASSED] - Call Test Case 'Test Cases/1.Inicio/1.1Principal/Principal-home' successfully

27-11-2024T13:33:33 - [TEST_STEP][FAILED] - callTestCase(findTestCase("1.Inicio/1.1Principal/Selec_sobre"), [:], STOP_ON_FAILURE): Unable to call Test Case 'Test Cases/1.Inicio/1.1Principal/Selec_sobre' (Root cause: com.kms.katalon.core.exception.StepFailedException: Call Test Case 'Test Cases/1.Inicio/1.1Principal/Selec_sobre' failed
	at com.kms.katalon.core.keyword.builtin.CallTestCaseKeyword$_callTestCase_closure1.doCall(CallTestCaseKeyword.groovy:63)
	at com.kms.katalon.core.keyword.builtin.CallTestCaseKeyword$_callTestCase_closure1.call(CallTestCaseKeyword.groovy)
	at com.kms.katalon.core.keyword.internal.KeywordMain.runKeyword(KeywordMain.groovy:75)
	at com.kms.katalon.core.keyword.builtin.CallTestCaseKeyword.callTestCase(CallTestCaseKeyword.groovy:81)
	at com.kms.katalon.core.keyword.builtin.CallTestCaseKeyword.execute(CallTestCaseKeyword.groovy:44)
	at com.kms.katalon.core.keyword.internal.KeywordExecutor.executeKeywordForPlatform(KeywordExecutor.groovy:74)
	at com.kms.katalon.core.keyword.BuiltinKeywords.callTestCase(BuiltinKeywords.groovy:310)
	at jdk.internal.reflect.GeneratedMethodAccessor25.invoke(Unknown Source)
	at java.base/jdk.internal.reflect.DelegatingMethodAccessorImpl.invoke(DelegatingMethodAccessorImpl.java:43)
	at Agregar-Envios.run(Agregar-Envios:22)
	at com.kms.katalon.core.main.ScriptEngine.run(ScriptEngine.java:194)
	at com.kms.katalon.core.main.ScriptEngine.runScriptAsRawText(ScriptEngine.java:119)
	at com.kms.katalon.core.main.TestCaseExecutor.runScript(TestCaseExecutor.java:448)
	at com.kms.katalon.core.main.TestCaseExecutor.doExecute(TestCaseExecutor.java:439)
	at com.kms.katalon.core.main.TestCaseExecutor.processExecutionPhase(TestCaseExecutor.java:418)
	at com.kms.katalon.core.main.TestCaseExecutor.accessMainPhase(TestCaseExecutor.java:410)
	at com.kms.katalon.core.main.TestCaseExecutor.execute(TestCaseExecutor.java:285)
	at com.kms.katalon.core.common.CommonExecutor.accessTestCaseMainPhase(CommonExecutor.java:65)
	at com.kms.katalon.core.main.TestSuiteExecutor.accessTestSuiteMainPhase(TestSuiteExecutor.java:150)
	at com.kms.katalon.core.main.TestSuiteExecutor.execute(TestSuiteExecutor.java:106)
	at com.kms.katalon.core.main.TestCaseMain.startTestSuite(TestCaseMain.java:180)
	at TempTestSuite1732729948317.run(TempTestSuite1732729948317.groovy:35)
	at java.base/jdk.internal.reflect.NativeMethodAccessorImpl.invoke0(Native Method)
	at java.base/jdk.internal.reflect.NativeMethodAccessorImpl.invoke(NativeMethodAccessorImpl.java:77)
	at java.base/jdk.internal.reflect.DelegatingMethodAccessorImpl.invoke(DelegatingMethodAccessorImpl.java:43)
Caused by: com.kms.katalon.core.exception.StepFailedException: Unable to click on object 'Object Repository/Principal/Page_Olva Courier  Home/button_CONTINUAR (2)'
	at com.kms.katalon.core.webui.keyword.internal.WebUIKeywordMain.stepFailed(WebUIKeywordMain.groovy:117)
	at com.kms.katalon.core.webui.keyword.internal.WebUIKeywordMain.runKeyword(WebUIKeywordMain.groovy:43)
	at com.kms.katalon.core.webui.keyword.builtin.ClickKeyword.click(ClickKeyword.groovy:74)
	at com.kms.katalon.core.webui.keyword.builtin.ClickKeyword.execute(ClickKeyword.groovy:40)
	at com.kms.katalon.core.keyword.internal.KeywordExecutor.executeKeywordForPlatform(KeywordExecutor.groovy:74)
	at com.kms.katalon.core.webui.keyword.WebUiBuiltInKeywords.click(WebUiBuiltInKeywords.groovy:659)
	at Selec_sobre.run(Selec_sobre:24)
	at com.kms.katalon.core.main.ScriptEngine.run(ScriptEngine.java:194)
	at com.kms.katalon.core.main.ScriptEngine.runScriptAsRawText(ScriptEngine.java:119)
	at com.kms.katalon.core.main.TestCaseExecutor.runScript(TestCaseExecutor.java:448)
	at com.kms.katalon.core.main.TestCaseExecutor.doExecute(TestCaseExecutor.java:439)
	at com.kms.katalon.core.main.TestCaseExecutor.processExecutionPhase(TestCaseExecutor.java:418)
	at com.kms.katalon.core.main.TestCaseExecutor.accessMainPhase(TestCaseExecutor.java:410)
	at com.kms.katalon.core.main.TestCaseExecutor.execute(TestCaseExecutor.java:285)
	at com.kms.katalon.core.main.TestCaseMain.runTestCase(TestCaseMain.java:137)
	at com.kms.katalon.core.keyword.builtin.CallTestCaseKeyword$_callTestCase_closure1.doCall(CallTestCaseKeyword.groovy:59)
	... 24 more
Caused by: org.openqa.selenium.ElementClickInterceptedException: Element <button id="btn_aceptar_tipo_envio" class="btn disabled" type="button"> is not clickable at point (675,588) because another element <div class="modal-footer"> obscures it
Build info: version: '3.141.59', revision: 'unknown', time: 'unknown'
System info: host: 'DESKTOP-RGFFP9A', ip: '10.136.10.6', os.name: 'Windows 11', os.arch: 'amd64', os.version: '10.0', java.version: '17.0.7'
Driver info: com.kms.katalon.core.webui.driver.firefox.CGeckoDriver
Capabilities {acceptInsecureCerts: true, browserName: firefox, browserVersion: 133.0, javascriptEnabled: true, moz:accessibilityChecks: false, moz:buildID: 20241121140525, moz:geckodriverVersion: 0.35.0, moz:headless: false, moz:platformVersion: 10.0, moz:processID: 37852, moz:profile: C:\Users\OLVATI\AppData\Loc..., moz:shutdownTimeout: 60000, moz:webdriverClick: true, moz:windowless: false, pageLoadStrategy: normal, platform: WINDOWS, platformName: WINDOWS, proxy: Proxy(direct), setWindowRect: true, strictFileInteractability: false, timeouts: {implicit: 0, pageLoad: 300000, script: 30000}, unhandledPromptBehavior: dismiss and notify, userAgent: Mozilla/5.0 (Windows NT 10....}
Session ID: 363e0f9b-7697-445e-9711-80e7c4b8af11
	at jdk.internal.reflect.GeneratedConstructorAccessor32.newInstance(Unknown Source)
	at java.base/jdk.internal.reflect.DelegatingConstructorAccessorImpl.newInstance(DelegatingConstructorAccessorImpl.java:45)
	at org.openqa.selenium.remote.http.W3CHttpResponseCodec.createException(W3CHttpResponseCodec.java:187)
	at org.openqa.selenium.remote.http.W3CHttpResponseCodec.decode(W3CHttpResponseCodec.java:122)
	at org.openqa.selenium.remote.http.W3CHttpResponseCodec.decode(W3CHttpResponseCodec.java:49)
	at org.openqa.selenium.remote.HttpCommandExecutor.execute(HttpCommandExecutor.java:158)
	at org.openqa.selenium.remote.service.DriverCommandExecutor.execute(DriverCommandExecutor.java:83)
	at org.openqa.selenium.remote.RemoteWebDriver.execute(RemoteWebDriver.java:552)
	at com.kms.katalon.selenium.driver.CFirefoxDriver.execute(CFirefoxDriver.java:28)
	at org.openqa.selenium.remote.RemoteWebElement.execute(RemoteWebElement.java:285)
	at org.openqa.selenium.remote.RemoteWebElement.click(RemoteWebElement.java:84)
	at jdk.internal.reflect.GeneratedMethodAccessor10.invoke(Unknown Source)
	at java.base/jdk.internal.reflect.DelegatingMethodAccessorImpl.invoke(DelegatingMethodAccessorImpl.java:43)
	at org.openqa.selenium.support.events.EventFiringWebDriver$EventFiringWebElement.lambda$new$0(EventFiringWebDriver.java:404)
	at jdk.proxy2/jdk.proxy2.$Proxy21.click(Unknown Source)
	at org.openqa.selenium.support.events.EventFiringWebDriver$EventFiringWebElement.click(EventFiringWebDriver.java:417)
	at org.openqa.selenium.WebElement$click.call(Unknown Source)
	at com.kms.katalon.core.webui.keyword.builtin.ClickKeyword.clickUntilSuccessWithTimeout(ClickKeyword.groovy:81)
	at com.kms.katalon.core.webui.keyword.builtin.ClickKeyword.clickUntilSuccessWithTimeout(ClickKeyword.groovy)
	at jdk.internal.reflect.GeneratedMethodAccessor8.invoke(Unknown Source)
	at java.base/jdk.internal.reflect.DelegatingMethodAccessorImpl.invoke(DelegatingMethodAccessorImpl.java:43)
	at com.kms.katalon.core.webui.keyword.builtin.ClickKeyword$_click_closure1.doCall(ClickKeyword.groovy:67)
	at com.kms.katalon.core.webui.keyword.builtin.ClickKeyword$_click_closure1.call(ClickKeyword.groovy)
	at com.kms.katalon.core.webui.keyword.internal.WebUIKeywordMain.runKeyword(WebUIKeywordMain.groovy:35)
	... 38 more
)

27-11-2024T13:33:33 - [TEST_CASE][FAILED] - Test Cases/1.Inicio/1.1Principal/Selec_sobre: Test Cases/1.Inicio/1.1Principal/Selec_sobre FAILED.
Reason:
com.kms.katalon.core.exception.StepFailedException: Unable to click on object 'Object Repository/Principal/Page_Olva Courier  Home/button_CONTINUAR (2)'
	at com.kms.katalon.core.webui.keyword.internal.WebUIKeywordMain.stepFailed(WebUIKeywordMain.groovy:117)
	at com.kms.katalon.core.webui.keyword.internal.WebUIKeywordMain.runKeyword(WebUIKeywordMain.groovy:43)
	at com.kms.katalon.core.webui.keyword.builtin.ClickKeyword.click(ClickKeyword.groovy:74)
	at com.kms.katalon.core.webui.keyword.builtin.ClickKeyword.execute(ClickKeyword.groovy:40)
	at com.kms.katalon.core.keyword.internal.KeywordExecutor.executeKeywordForPlatform(KeywordExecutor.groovy:74)
	at com.kms.katalon.core.webui.keyword.WebUiBuiltInKeywords.click(WebUiBuiltInKeywords.groovy:659)
	at Selec_sobre.run(Selec_sobre:24)
	at com.kms.katalon.core.main.ScriptEngine.run(ScriptEngine.java:194)
	at com.kms.katalon.core.main.ScriptEngine.runScriptAsRawText(ScriptEngine.java:119)
	at com.kms.katalon.core.main.TestCaseExecutor.runScript(TestCaseExecutor.java:448)
	at com.kms.katalon.core.main.TestCaseExecutor.doExecute(TestCaseExecutor.java:439)
	at com.kms.katalon.core.main.TestCaseExecutor.processExecutionPhase(TestCaseExecutor.java:418)
	at com.kms.katalon.core.main.TestCaseExecutor.accessMainPhase(TestCaseExecutor.java:410)
	at com.kms.katalon.core.main.TestCaseExecutor.execute(TestCaseExecutor.java:285)
	at com.kms.katalon.core.main.TestCaseMain.runTestCase(TestCaseMain.java:137)
	at com.kms.katalon.core.keyword.builtin.CallTestCaseKeyword$_callTestCase_closure1.doCall(CallTestCaseKeyword.groovy:59)
	at com.kms.katalon.core.keyword.builtin.CallTestCaseKeyword$_callTestCase_closure1.call(CallTestCaseKeyword.groovy)
	at com.kms.katalon.core.keyword.internal.KeywordMain.runKeyword(KeywordMain.groovy:75)
	at com.kms.katalon.core.keyword.builtin.CallTestCaseKeyword.callTestCase(CallTestCaseKeyword.groovy:81)
	at com.kms.katalon.core.keyword.builtin.CallTestCaseKeyword.execute(CallTestCaseKeyword.groovy:44)
	at com.kms.katalon.core.keyword.internal.KeywordExecutor.executeKeywordForPlatform(KeywordExecutor.groovy:74)
	at com.kms.katalon.core.keyword.BuiltinKeywords.callTestCase(BuiltinKeywords.groovy:310)
	at jdk.internal.reflect.GeneratedMethodAccessor25.invoke(Unknown Source)
	at java.base/jdk.internal.reflect.DelegatingMethodAccessorImpl.invoke(DelegatingMethodAccessorImpl.java:43)
	at Agregar-Envios.run(Agregar-Envios:22)
	at com.kms.katalon.core.main.ScriptEngine.run(ScriptEngine.java:194)
	at com.kms.katalon.core.main.ScriptEngine.runScriptAsRawText(ScriptEngine.java:119)
	at com.kms.katalon.core.main.TestCaseExecutor.runScript(TestCaseExecutor.java:448)
	at com.kms.katalon.core.main.TestCaseExecutor.doExecute(TestCaseExecutor.java:439)
	at com.kms.katalon.core.main.TestCaseExecutor.processExecutionPhase(TestCaseExecutor.java:418)
	at com.kms.katalon.core.main.TestCaseExecutor.accessMainPhase(TestCaseExecutor.java:410)
	at com.kms.katalon.core.main.TestCaseExecutor.execute(TestCaseExecutor.java:285)
	at com.kms.katalon.core.common.CommonExecutor.accessTestCaseMainPhase(CommonExecutor.java:65)
	at com.kms.katalon.core.main.TestSuiteExecutor.accessTestSuiteMainPhase(TestSuiteExecutor.java:150)
	at com.kms.katalon.core.main.TestSuiteExecutor.execute(TestSuiteExecutor.java:106)
	at com.kms.katalon.core.main.TestCaseMain.startTestSuite(TestCaseMain.java:180)
	at TempTestSuite1732729948317.run(TempTestSuite1732729948317.groovy:35)
	at java.base/jdk.internal.reflect.NativeMethodAccessorImpl.invoke0(Native Method)
	at java.base/jdk.internal.reflect.NativeMethodAccessorImpl.invoke(NativeMethodAccessorImpl.java:77)
	at java.base/jdk.internal.reflect.DelegatingMethodAccessorImpl.invoke(DelegatingMethodAccessorImpl.java:43)
Caused by: org.openqa.selenium.ElementClickInterceptedException: Element <button id="btn_aceptar_tipo_envio" class="btn disabled" type="button"> is not clickable at point (675,588) because another element <div class="modal-footer"> obscures it
Build info: version: '3.141.59', revision: 'unknown', time: 'unknown'
System info: host: 'DESKTOP-RGFFP9A', ip: '10.136.10.6', os.name: 'Windows 11', os.arch: 'amd64', os.version: '10.0', java.version: '17.0.7'
Driver info: com.kms.katalon.core.webui.driver.firefox.CGeckoDriver
Capabilities {acceptInsecureCerts: true, browserName: firefox, browserVersion: 133.0, javascriptEnabled: true, moz:accessibilityChecks: false, moz:buildID: 20241121140525, moz:geckodriverVersion: 0.35.0, moz:headless: false, moz:platformVersion: 10.0, moz:processID: 37852, moz:profile: C:\Users\OLVATI\AppData\Loc..., moz:shutdownTimeout: 60000, moz:webdriverClick: true, moz:windowless: false, pageLoadStrategy: normal, platform: WINDOWS, platformName: WINDOWS, proxy: Proxy(direct), setWindowRect: true, strictFileInteractability: false, timeouts: {implicit: 0, pageLoad: 300000, script: 30000}, unhandledPromptBehavior: dismiss and notify, userAgent: Mozilla/5.0 (Windows NT 10....}
Session ID: 363e0f9b-7697-445e-9711-80e7c4b8af11
	at jdk.internal.reflect.GeneratedConstructorAccessor32.newInstance(Unknown Source)
	at java.base/jdk.internal.reflect.DelegatingConstructorAccessorImpl.newInstance(DelegatingConstructorAccessorImpl.java:45)
	at org.openqa.selenium.remote.http.W3CHttpResponseCodec.createException(W3CHttpResponseCodec.java:187)
	at org.openqa.selenium.remote.http.W3CHttpResponseCodec.decode(W3CHttpResponseCodec.java:122)
	at org.openqa.selenium.remote.http.W3CHttpResponseCodec.decode(W3CHttpResponseCodec.java:49)
	at org.openqa.selenium.remote.HttpCommandExecutor.execute(HttpCommandExecutor.java:158)
	at org.openqa.selenium.remote.service.DriverCommandExecutor.execute(DriverCommandExecutor.java:83)
	at org.openqa.selenium.remote.RemoteWebDriver.execute(RemoteWebDriver.java:552)
	at com.kms.katalon.selenium.driver.CFirefoxDriver.execute(CFirefoxDriver.java:28)
	at org.openqa.selenium.remote.RemoteWebElement.execute(RemoteWebElement.java:285)
	at org.openqa.selenium.remote.RemoteWebElement.click(RemoteWebElement.java:84)
	at jdk.internal.reflect.GeneratedMethodAccessor10.invoke(Unknown Source)
	at java.base/jdk.internal.reflect.DelegatingMethodAccessorImpl.invoke(DelegatingMethodAccessorImpl.java:43)
	at org.openqa.selenium.support.events.EventFiringWebDriver$EventFiringWebElement.lambda$new$0(EventFiringWebDriver.java:404)
	at jdk.proxy2/jdk.proxy2.$Proxy21.click(Unknown Source)
	at org.openqa.selenium.support.events.EventFiringWebDriver$EventFiringWebElement.click(EventFiringWebDriver.java:417)
	at org.openqa.selenium.WebElement$click.call(Unknown Source)
	at com.kms.katalon.core.webui.keyword.builtin.ClickKeyword.clickUntilSuccessWithTimeout(ClickKeyword.groovy:81)
	at com.kms.katalon.core.webui.keyword.builtin.ClickKeyword.clickUntilSuccessWithTimeout(ClickKeyword.groovy)
	at jdk.internal.reflect.GeneratedMethodAccessor8.invoke(Unknown Source)
	at java.base/jdk.internal.reflect.DelegatingMethodAccessorImpl.invoke(DelegatingMethodAccessorImpl.java:43)
	at com.kms.katalon.core.webui.keyword.builtin.ClickKeyword$_click_closure1.doCall(ClickKeyword.groovy:67)
	at com.kms.katalon.core.webui.keyword.builtin.ClickKeyword$_click_closure1.call(ClickKeyword.groovy)
	at com.kms.katalon.core.webui.keyword.internal.WebUIKeywordMain.runKeyword(WebUIKeywordMain.groovy:35)
	... 38 more


27-11-2024T13:33:33 - [TEST_STEP][PASSED] - click(findTestObject("Object Repository/Principal/Page_Olva Courier  Home/img_Envo de cajas o paquetescon un peso mxi_37770f")): Object: 'Object Repository/Principal/Page_Olva Courier  Home/img_Envo de cajas o paquetescon un peso mxi_37770f' is clicked on

27-11-2024T13:33:34 - [MESSAGE][PASSED] - Object: 'Object Repository/Principal/Page_Olva Courier  Home/img_Envo de cajas o paquetescon un peso mxi_37770f' is clicked on

27-11-2024T13:33:34 - [TEST_STEP][PASSED] - click(findTestObject("Object Repository/Principal/Page_Olva Courier  Home/label_He ledo y acepto los trminos de uso y_adab65")): Object: 'Object Repository/Principal/Page_Olva Courier  Home/label_He ledo y acepto los trminos de uso y_adab65' is clicked on

27-11-2024T13:33:34 - [MESSAGE][PASSED] - Object: 'Object Repository/Principal/Page_Olva Courier  Home/label_He ledo y acepto los trminos de uso y_adab65' is clicked on

27-11-2024T13:33:34 - [TEST_STEP][FAILED] - click(findTestObject("Object Repository/Principal/Page_Olva Courier  Home/button_CONTINUAR (2)")): Unable to click on object 'Object Repository/Principal/Page_Olva Courier  Home/button_CONTINUAR (2)' (Root cause: com.kms.katalon.core.exception.StepFailedException: Unable to click on object 'Object Repository/Principal/Page_Olva Courier  Home/button_CONTINUAR (2)'
	at com.kms.katalon.core.webui.keyword.internal.WebUIKeywordMain.stepFailed(WebUIKeywordMain.groovy:117)
	at com.kms.katalon.core.webui.keyword.internal.WebUIKeywordMain.runKeyword(WebUIKeywordMain.groovy:43)
	at com.kms.katalon.core.webui.keyword.builtin.ClickKeyword.click(ClickKeyword.groovy:74)
	at com.kms.katalon.core.webui.keyword.builtin.ClickKeyword.execute(ClickKeyword.groovy:40)
	at com.kms.katalon.core.keyword.internal.KeywordExecutor.executeKeywordForPlatform(KeywordExecutor.groovy:74)
	at com.kms.katalon.core.webui.keyword.WebUiBuiltInKeywords.click(WebUiBuiltInKeywords.groovy:659)
	at Selec_sobre.run(Selec_sobre:24)
	at com.kms.katalon.core.main.ScriptEngine.run(ScriptEngine.java:194)
	at com.kms.katalon.core.main.ScriptEngine.runScriptAsRawText(ScriptEngine.java:119)
	at com.kms.katalon.core.main.TestCaseExecutor.runScript(TestCaseExecutor.java:448)
	at com.kms.katalon.core.main.TestCaseExecutor.doExecute(TestCaseExecutor.java:439)
	at com.kms.katalon.core.main.TestCaseExecutor.processExecutionPhase(TestCaseExecutor.java:418)
	at com.kms.katalon.core.main.TestCaseExecutor.accessMainPhase(TestCaseExecutor.java:410)
	at com.kms.katalon.core.main.TestCaseExecutor.execute(TestCaseExecutor.java:285)
	at com.kms.katalon.core.main.TestCaseMain.runTestCase(TestCaseMain.java:137)
	at com.kms.katalon.core.keyword.builtin.CallTestCaseKeyword$_callTestCase_closure1.doCall(CallTestCaseKeyword.groovy:59)
	at com.kms.katalon.core.keyword.builtin.CallTestCaseKeyword$_callTestCase_closure1.call(CallTestCaseKeyword.groovy)
	at com.kms.katalon.core.keyword.internal.KeywordMain.runKeyword(KeywordMain.groovy:75)
	at com.kms.katalon.core.keyword.builtin.CallTestCaseKeyword.callTestCase(CallTestCaseKeyword.groovy:81)
	at com.kms.katalon.core.keyword.builtin.CallTestCaseKeyword.execute(CallTestCaseKeyword.groovy:44)
	at com.kms.katalon.core.keyword.internal.KeywordExecutor.executeKeywordForPlatform(KeywordExecutor.groovy:74)
	at com.kms.katalon.core.keyword.BuiltinKeywords.callTestCase(BuiltinKeywords.groovy:310)
	at jdk.internal.reflect.GeneratedMethodAccessor25.invoke(Unknown Source)
	at java.base/jdk.internal.reflect.DelegatingMethodAccessorImpl.invoke(DelegatingMethodAccessorImpl.java:43)
	at Agregar-Envios.run(Agregar-Envios:22)
	at com.kms.katalon.core.main.ScriptEngine.run(ScriptEngine.java:194)
	at com.kms.katalon.core.main.ScriptEngine.runScriptAsRawText(ScriptEngine.java:119)
	at com.kms.katalon.core.main.TestCaseExecutor.runScript(TestCaseExecutor.java:448)
	at com.kms.katalon.core.main.TestCaseExecutor.doExecute(TestCaseExecutor.java:439)
	at com.kms.katalon.core.main.TestCaseExecutor.processExecutionPhase(TestCaseExecutor.java:418)
	at com.kms.katalon.core.main.TestCaseExecutor.accessMainPhase(TestCaseExecutor.java:410)
	at com.kms.katalon.core.main.TestCaseExecutor.execute(TestCaseExecutor.java:285)
	at com.kms.katalon.core.common.CommonExecutor.accessTestCaseMainPhase(CommonExecutor.java:65)
	at com.kms.katalon.core.main.TestSuiteExecutor.accessTestSuiteMainPhase(TestSuiteExecutor.java:150)
	at com.kms.katalon.core.main.TestSuiteExecutor.execute(TestSuiteExecutor.java:106)
	at com.kms.katalon.core.main.TestCaseMain.startTestSuite(TestCaseMain.java:180)
	at TempTestSuite1732729948317.run(TempTestSuite1732729948317.groovy:35)
	at java.base/jdk.internal.reflect.NativeMethodAccessorImpl.invoke0(Native Method)
	at java.base/jdk.internal.reflect.NativeMethodAccessorImpl.invoke(NativeMethodAccessorImpl.java:77)
	at java.base/jdk.internal.reflect.DelegatingMethodAccessorImpl.invoke(DelegatingMethodAccessorImpl.java:43)
Caused by: org.openqa.selenium.ElementClickInterceptedException: Element <button id="btn_aceptar_tipo_envio" class="btn disabled" type="button"> is not clickable at point (675,588) because another element <div class="modal-footer"> obscures it
Build info: version: '3.141.59', revision: 'unknown', time: 'unknown'
System info: host: 'DESKTOP-RGFFP9A', ip: '10.136.10.6', os.name: 'Windows 11', os.arch: 'amd64', os.version: '10.0', java.version: '17.0.7'
Driver info: com.kms.katalon.core.webui.driver.firefox.CGeckoDriver
Capabilities {acceptInsecureCerts: true, browserName: firefox, browserVersion: 133.0, javascriptEnabled: true, moz:accessibilityChecks: false, moz:buildID: 20241121140525, moz:geckodriverVersion: 0.35.0, moz:headless: false, moz:platformVersion: 10.0, moz:processID: 37852, moz:profile: C:\Users\OLVATI\AppData\Loc..., moz:shutdownTimeout: 60000, moz:webdriverClick: true, moz:windowless: false, pageLoadStrategy: normal, platform: WINDOWS, platformName: WINDOWS, proxy: Proxy(direct), setWindowRect: true, strictFileInteractability: false, timeouts: {implicit: 0, pageLoad: 300000, script: 30000}, unhandledPromptBehavior: dismiss and notify, userAgent: Mozilla/5.0 (Windows NT 10....}
Session ID: 363e0f9b-7697-445e-9711-80e7c4b8af11
	at jdk.internal.reflect.GeneratedConstructorAccessor32.newInstance(Unknown Source)
	at java.base/jdk.internal.reflect.DelegatingConstructorAccessorImpl.newInstance(DelegatingConstructorAccessorImpl.java:45)
	at org.openqa.selenium.remote.http.W3CHttpResponseCodec.createException(W3CHttpResponseCodec.java:187)
	at org.openqa.selenium.remote.http.W3CHttpResponseCodec.decode(W3CHttpResponseCodec.java:122)
	at org.openqa.selenium.remote.http.W3CHttpResponseCodec.decode(W3CHttpResponseCodec.java:49)
	at org.openqa.selenium.remote.HttpCommandExecutor.execute(HttpCommandExecutor.java:158)
	at org.openqa.selenium.remote.service.DriverCommandExecutor.execute(DriverCommandExecutor.java:83)
	at org.openqa.selenium.remote.RemoteWebDriver.execute(RemoteWebDriver.java:552)
	at com.kms.katalon.selenium.driver.CFirefoxDriver.execute(CFirefoxDriver.java:28)
	at org.openqa.selenium.remote.RemoteWebElement.execute(RemoteWebElement.java:285)
	at org.openqa.selenium.remote.RemoteWebElement.click(RemoteWebElement.java:84)
	at jdk.internal.reflect.GeneratedMethodAccessor10.invoke(Unknown Source)
	at java.base/jdk.internal.reflect.DelegatingMethodAccessorImpl.invoke(DelegatingMethodAccessorImpl.java:43)
	at org.openqa.selenium.support.events.EventFiringWebDriver$EventFiringWebElement.lambda$new$0(EventFiringWebDriver.java:404)
	at jdk.proxy2/jdk.proxy2.$Proxy21.click(Unknown Source)
	at org.openqa.selenium.support.events.EventFiringWebDriver$EventFiringWebElement.click(EventFiringWebDriver.java:417)
	at org.openqa.selenium.WebElement$click.call(Unknown Source)
	at com.kms.katalon.core.webui.keyword.builtin.ClickKeyword.clickUntilSuccessWithTimeout(ClickKeyword.groovy:81)
	at com.kms.katalon.core.webui.keyword.builtin.ClickKeyword.clickUntilSuccessWithTimeout(ClickKeyword.groovy)
	at jdk.internal.reflect.GeneratedMethodAccessor8.invoke(Unknown Source)
	at java.base/jdk.internal.reflect.DelegatingMethodAccessorImpl.invoke(DelegatingMethodAccessorImpl.java:43)
	at com.kms.katalon.core.webui.keyword.builtin.ClickKeyword$_click_closure1.doCall(ClickKeyword.groovy:67)
	at com.kms.katalon.core.webui.keyword.builtin.ClickKeyword$_click_closure1.call(ClickKeyword.groovy)
	at com.kms.katalon.core.webui.keyword.internal.WebUIKeywordMain.runKeyword(WebUIKeywordMain.groovy:35)
	at com.kms.katalon.core.webui.keyword.builtin.ClickKeyword.click(ClickKeyword.groovy:74)
	at com.kms.katalon.core.webui.keyword.builtin.ClickKeyword.execute(ClickKeyword.groovy:40)
	at com.kms.katalon.core.keyword.internal.KeywordExecutor.executeKeywordForPlatform(KeywordExecutor.groovy:74)
	at com.kms.katalon.core.webui.keyword.WebUiBuiltInKeywords.click(WebUiBuiltInKeywords.groovy:659)
	at Script1732083570761.run(Script1732083570761.groovy:24)
	at com.kms.katalon.core.main.ScriptEngine.run(ScriptEngine.java:194)
	at com.kms.katalon.core.main.ScriptEngine.runScriptAsRawText(ScriptEngine.java:119)
	at com.kms.katalon.core.main.TestCaseExecutor.runScript(TestCaseExecutor.java:448)
	at com.kms.katalon.core.main.TestCaseExecutor.doExecute(TestCaseExecutor.java:439)
	at com.kms.katalon.core.main.TestCaseExecutor.processExecutionPhase(TestCaseExecutor.java:418)
	at com.kms.katalon.core.main.TestCaseExecutor.accessMainPhase(TestCaseExecutor.java:410)
	at com.kms.katalon.core.main.TestCaseExecutor.execute(TestCaseExecutor.java:285)
	at com.kms.katalon.core.main.TestCaseMain.runTestCase(TestCaseMain.java:137)
	at com.kms.katalon.core.keyword.builtin.CallTestCaseKeyword$_callTestCase_closure1.doCall(CallTestCaseKeyword.groovy:59)
	at com.kms.katalon.core.keyword.builtin.CallTestCaseKeyword$_callTestCase_closure1.call(CallTestCaseKeyword.groovy)
	at com.kms.katalon.core.keyword.internal.KeywordMain.runKeyword(KeywordMain.groovy:75)
	at com.kms.katalon.core.keyword.builtin.CallTestCaseKeyword.callTestCase(CallTestCaseKeyword.groovy:81)
	at com.kms.katalon.core.keyword.builtin.CallTestCaseKeyword.execute(CallTestCaseKeyword.groovy:44)
	at com.kms.katalon.core.keyword.internal.KeywordExecutor.executeKeywordForPlatform(KeywordExecutor.groovy:74)
	at com.kms.katalon.core.keyword.BuiltinKeywords.callTestCase(BuiltinKeywords.groovy:310)
	at jdk.internal.reflect.GeneratedMethodAccessor25.invoke(Unknown Source)
	at java.base/jdk.internal.reflect.DelegatingMethodAccessorImpl.invoke(DelegatingMethodAccessorImpl.java:43)
	at Script1732341471822.run(Script1732341471822.groovy:22)
	... 15 more
)

27-11-2024T13:34:05 - [MESSAGE][FAILED] - Unable to click on object 'Object Repository/Principal/Page_Olva Courier  Home/button_CONTINUAR (2)' (Root cause: com.kms.katalon.core.exception.StepFailedException: Unable to click on object 'Object Repository/Principal/Page_Olva Courier  Home/button_CONTINUAR (2)'
	at com.kms.katalon.core.webui.keyword.internal.WebUIKeywordMain.stepFailed(WebUIKeywordMain.groovy:117)
	at com.kms.katalon.core.webui.keyword.internal.WebUIKeywordMain.runKeyword(WebUIKeywordMain.groovy:43)
	at com.kms.katalon.core.webui.keyword.builtin.ClickKeyword.click(ClickKeyword.groovy:74)
	at com.kms.katalon.core.webui.keyword.builtin.ClickKeyword.execute(ClickKeyword.groovy:40)
	at com.kms.katalon.core.keyword.internal.KeywordExecutor.executeKeywordForPlatform(KeywordExecutor.groovy:74)
	at com.kms.katalon.core.webui.keyword.WebUiBuiltInKeywords.click(WebUiBuiltInKeywords.groovy:659)
	at Selec_sobre.run(Selec_sobre:24)
	at com.kms.katalon.core.main.ScriptEngine.run(ScriptEngine.java:194)
	at com.kms.katalon.core.main.ScriptEngine.runScriptAsRawText(ScriptEngine.java:119)
	at com.kms.katalon.core.main.TestCaseExecutor.runScript(TestCaseExecutor.java:448)
	at com.kms.katalon.core.main.TestCaseExecutor.doExecute(TestCaseExecutor.java:439)
	at com.kms.katalon.core.main.TestCaseExecutor.processExecutionPhase(TestCaseExecutor.java:418)
	at com.kms.katalon.core.main.TestCaseExecutor.accessMainPhase(TestCaseExecutor.java:410)
	at com.kms.katalon.core.main.TestCaseExecutor.execute(TestCaseExecutor.java:285)
	at com.kms.katalon.core.main.TestCaseMain.runTestCase(TestCaseMain.java:137)
	at com.kms.katalon.core.keyword.builtin.CallTestCaseKeyword$_callTestCase_closure1.doCall(CallTestCaseKeyword.groovy:59)
	at com.kms.katalon.core.keyword.builtin.CallTestCaseKeyword$_callTestCase_closure1.call(CallTestCaseKeyword.groovy)
	at com.kms.katalon.core.keyword.internal.KeywordMain.runKeyword(KeywordMain.groovy:75)
	at com.kms.katalon.core.keyword.builtin.CallTestCaseKeyword.callTestCase(CallTestCaseKeyword.groovy:81)
	at com.kms.katalon.core.keyword.builtin.CallTestCaseKeyword.execute(CallTestCaseKeyword.groovy:44)
	at com.kms.katalon.core.keyword.internal.KeywordExecutor.executeKeywordForPlatform(KeywordExecutor.groovy:74)
	at com.kms.katalon.core.keyword.BuiltinKeywords.callTestCase(BuiltinKeywords.groovy:310)
	at jdk.internal.reflect.GeneratedMethodAccessor25.invoke(Unknown Source)
	at java.base/jdk.internal.reflect.DelegatingMethodAccessorImpl.invoke(DelegatingMethodAccessorImpl.java:43)
	at Agregar-Envios.run(Agregar-Envios:22)
	at com.kms.katalon.core.main.ScriptEngine.run(ScriptEngine.java:194)
	at com.kms.katalon.core.main.ScriptEngine.runScriptAsRawText(ScriptEngine.java:119)
	at com.kms.katalon.core.main.TestCaseExecutor.runScript(TestCaseExecutor.java:448)
	at com.kms.katalon.core.main.TestCaseExecutor.doExecute(TestCaseExecutor.java:439)
	at com.kms.katalon.core.main.TestCaseExecutor.processExecutionPhase(TestCaseExecutor.java:418)
	at com.kms.katalon.core.main.TestCaseExecutor.accessMainPhase(TestCaseExecutor.java:410)
	at com.kms.katalon.core.main.TestCaseExecutor.execute(TestCaseExecutor.java:285)
	at com.kms.katalon.core.common.CommonExecutor.accessTestCaseMainPhase(CommonExecutor.java:65)
	at com.kms.katalon.core.main.TestSuiteExecutor.accessTestSuiteMainPhase(TestSuiteExecutor.java:150)
	at com.kms.katalon.core.main.TestSuiteExecutor.execute(TestSuiteExecutor.java:106)
	at com.kms.katalon.core.main.TestCaseMain.startTestSuite(TestCaseMain.java:180)
	at TempTestSuite1732729948317.run(TempTestSuite1732729948317.groovy:35)
	at java.base/jdk.internal.reflect.NativeMethodAccessorImpl.invoke0(Native Method)
	at java.base/jdk.internal.reflect.NativeMethodAccessorImpl.invoke(NativeMethodAccessorImpl.java:77)
	at java.base/jdk.internal.reflect.DelegatingMethodAccessorImpl.invoke(DelegatingMethodAccessorImpl.java:43)
Caused by: org.openqa.selenium.ElementClickInterceptedException: Element <button id="btn_aceptar_tipo_envio" class="btn disabled" type="button"> is not clickable at point (675,588) because another element <div class="modal-footer"> obscures it
Build info: version: '3.141.59', revision: 'unknown', time: 'unknown'
System info: host: 'DESKTOP-RGFFP9A', ip: '10.136.10.6', os.name: 'Windows 11', os.arch: 'amd64', os.version: '10.0', java.version: '17.0.7'
Driver info: com.kms.katalon.core.webui.driver.firefox.CGeckoDriver
Capabilities {acceptInsecureCerts: true, browserName: firefox, browserVersion: 133.0, javascriptEnabled: true, moz:accessibilityChecks: false, moz:buildID: 20241121140525, moz:geckodriverVersion: 0.35.0, moz:headless: false, moz:platformVersion: 10.0, moz:processID: 37852, moz:profile: C:\Users\OLVATI\AppData\Loc..., moz:shutdownTimeout: 60000, moz:webdriverClick: true, moz:windowless: false, pageLoadStrategy: normal, platform: WINDOWS, platformName: WINDOWS, proxy: Proxy(direct), setWindowRect: true, strictFileInteractability: false, timeouts: {implicit: 0, pageLoad: 300000, script: 30000}, unhandledPromptBehavior: dismiss and notify, userAgent: Mozilla/5.0 (Windows NT 10....}
Session ID: 363e0f9b-7697-445e-9711-80e7c4b8af11
	at jdk.internal.reflect.GeneratedConstructorAccessor32.newInstance(Unknown Source)
	at java.base/jdk.internal.reflect.DelegatingConstructorAccessorImpl.newInstance(DelegatingConstructorAccessorImpl.java:45)
	at org.openqa.selenium.remote.http.W3CHttpResponseCodec.createException(W3CHttpResponseCodec.java:187)
	at org.openqa.selenium.remote.http.W3CHttpResponseCodec.decode(W3CHttpResponseCodec.java:122)
	at org.openqa.selenium.remote.http.W3CHttpResponseCodec.decode(W3CHttpResponseCodec.java:49)
	at org.openqa.selenium.remote.HttpCommandExecutor.execute(HttpCommandExecutor.java:158)
	at org.openqa.selenium.remote.service.DriverCommandExecutor.execute(DriverCommandExecutor.java:83)
	at org.openqa.selenium.remote.RemoteWebDriver.execute(RemoteWebDriver.java:552)
	at com.kms.katalon.selenium.driver.CFirefoxDriver.execute(CFirefoxDriver.java:28)
	at org.openqa.selenium.remote.RemoteWebElement.execute(RemoteWebElement.java:285)
	at org.openqa.selenium.remote.RemoteWebElement.click(RemoteWebElement.java:84)
	at jdk.internal.reflect.GeneratedMethodAccessor10.invoke(Unknown Source)
	at java.base/jdk.internal.reflect.DelegatingMethodAccessorImpl.invoke(DelegatingMethodAccessorImpl.java:43)
	at org.openqa.selenium.support.events.EventFiringWebDriver$EventFiringWebElement.lambda$new$0(EventFiringWebDriver.java:404)
	at jdk.proxy2/jdk.proxy2.$Proxy21.click(Unknown Source)
	at org.openqa.selenium.support.events.EventFiringWebDriver$EventFiringWebElement.click(EventFiringWebDriver.java:417)
	at org.openqa.selenium.WebElement$click.call(Unknown Source)
	at com.kms.katalon.core.webui.keyword.builtin.ClickKeyword.clickUntilSuccessWithTimeout(ClickKeyword.groovy:81)
	at com.kms.katalon.core.webui.keyword.builtin.ClickKeyword.clickUntilSuccessWithTimeout(ClickKeyword.groovy)
	at jdk.internal.reflect.GeneratedMethodAccessor8.invoke(Unknown Source)
	at java.base/jdk.internal.reflect.DelegatingMethodAccessorImpl.invoke(DelegatingMethodAccessorImpl.java:43)
	at com.kms.katalon.core.webui.keyword.builtin.ClickKeyword$_click_closure1.doCall(ClickKeyword.groovy:67)
	at com.kms.katalon.core.webui.keyword.builtin.ClickKeyword$_click_closure1.call(ClickKeyword.groovy)
	at com.kms.katalon.core.webui.keyword.internal.WebUIKeywordMain.runKeyword(WebUIKeywordMain.groovy:35)
	at com.kms.katalon.core.webui.keyword.builtin.ClickKeyword.click(ClickKeyword.groovy:74)
	at com.kms.katalon.core.webui.keyword.builtin.ClickKeyword.execute(ClickKeyword.groovy:40)
	at com.kms.katalon.core.keyword.internal.KeywordExecutor.executeKeywordForPlatform(KeywordExecutor.groovy:74)
	at com.kms.katalon.core.webui.keyword.WebUiBuiltInKeywords.click(WebUiBuiltInKeywords.groovy:659)
	at Script1732083570761.run(Script1732083570761.groovy:24)
	at com.kms.katalon.core.main.ScriptEngine.run(ScriptEngine.java:194)
	at com.kms.katalon.core.main.ScriptEngine.runScriptAsRawText(ScriptEngine.java:119)
	at com.kms.katalon.core.main.TestCaseExecutor.runScript(TestCaseExecutor.java:448)
	at com.kms.katalon.core.main.TestCaseExecutor.doExecute(TestCaseExecutor.java:439)
	at com.kms.katalon.core.main.TestCaseExecutor.processExecutionPhase(TestCaseExecutor.java:418)
	at com.kms.katalon.core.main.TestCaseExecutor.accessMainPhase(TestCaseExecutor.java:410)
	at com.kms.katalon.core.main.TestCaseExecutor.execute(TestCaseExecutor.java:285)
	at com.kms.katalon.core.main.TestCaseMain.runTestCase(TestCaseMain.java:137)
	at com.kms.katalon.core.keyword.builtin.CallTestCaseKeyword$_callTestCase_closure1.doCall(CallTestCaseKeyword.groovy:59)
	at com.kms.katalon.core.keyword.builtin.CallTestCaseKeyword$_callTestCase_closure1.call(CallTestCaseKeyword.groovy)
	at com.kms.katalon.core.keyword.internal.KeywordMain.runKeyword(KeywordMain.groovy:75)
	at com.kms.katalon.core.keyword.builtin.CallTestCaseKeyword.callTestCase(CallTestCaseKeyword.groovy:81)
	at com.kms.katalon.core.keyword.builtin.CallTestCaseKeyword.execute(CallTestCaseKeyword.groovy:44)
	at com.kms.katalon.core.keyword.internal.KeywordExecutor.executeKeywordForPlatform(KeywordExecutor.groovy:74)
	at com.kms.katalon.core.keyword.BuiltinKeywords.callTestCase(BuiltinKeywords.groovy:310)
	at jdk.internal.reflect.GeneratedMethodAccessor25.invoke(Unknown Source)
	at java.base/jdk.internal.reflect.DelegatingMethodAccessorImpl.invoke(DelegatingMethodAccessorImpl.java:43)
	at Script1732341471822.run(Script1732341471822.groovy:22)
	... 15 more
)

27-11-2024T13:34:05 - [MESSAGE][FAILED] - Unable to call Test Case 'Test Cases/1.Inicio/1.1Principal/Selec_sobre' (Root cause: com.kms.katalon.core.exception.StepFailedException: Call Test Case 'Test Cases/1.Inicio/1.1Principal/Selec_sobre' failed
	at com.kms.katalon.core.keyword.builtin.CallTestCaseKeyword$_callTestCase_closure1.doCall(CallTestCaseKeyword.groovy:63)
	at com.kms.katalon.core.keyword.builtin.CallTestCaseKeyword$_callTestCase_closure1.call(CallTestCaseKeyword.groovy)
	at com.kms.katalon.core.keyword.internal.KeywordMain.runKeyword(KeywordMain.groovy:75)
	at com.kms.katalon.core.keyword.builtin.CallTestCaseKeyword.callTestCase(CallTestCaseKeyword.groovy:81)
	at com.kms.katalon.core.keyword.builtin.CallTestCaseKeyword.execute(CallTestCaseKeyword.groovy:44)
	at com.kms.katalon.core.keyword.internal.KeywordExecutor.executeKeywordForPlatform(KeywordExecutor.groovy:74)
	at com.kms.katalon.core.keyword.BuiltinKeywords.callTestCase(BuiltinKeywords.groovy:310)
	at jdk.internal.reflect.GeneratedMethodAccessor25.invoke(Unknown Source)
	at java.base/jdk.internal.reflect.DelegatingMethodAccessorImpl.invoke(DelegatingMethodAccessorImpl.java:43)
	at Agregar-Envios.run(Agregar-Envios:22)
	at com.kms.katalon.core.main.ScriptEngine.run(ScriptEngine.java:194)
	at com.kms.katalon.core.main.ScriptEngine.runScriptAsRawText(ScriptEngine.java:119)
	at com.kms.katalon.core.main.TestCaseExecutor.runScript(TestCaseExecutor.java:448)
	at com.kms.katalon.core.main.TestCaseExecutor.doExecute(TestCaseExecutor.java:439)
	at com.kms.katalon.core.main.TestCaseExecutor.processExecutionPhase(TestCaseExecutor.java:418)
	at com.kms.katalon.core.main.TestCaseExecutor.accessMainPhase(TestCaseExecutor.java:410)
	at com.kms.katalon.core.main.TestCaseExecutor.execute(TestCaseExecutor.java:285)
	at com.kms.katalon.core.common.CommonExecutor.accessTestCaseMainPhase(CommonExecutor.java:65)
	at com.kms.katalon.core.main.TestSuiteExecutor.accessTestSuiteMainPhase(TestSuiteExecutor.java:150)
	at com.kms.katalon.core.main.TestSuiteExecutor.execute(TestSuiteExecutor.java:106)
	at com.kms.katalon.core.main.TestCaseMain.startTestSuite(TestCaseMain.java:180)
	at TempTestSuite1732729948317.run(TempTestSuite1732729948317.groovy:35)
	at java.base/jdk.internal.reflect.NativeMethodAccessorImpl.invoke0(Native Method)
	at java.base/jdk.internal.reflect.NativeMethodAccessorImpl.invoke(NativeMethodAccessorImpl.java:77)
	at java.base/jdk.internal.reflect.DelegatingMethodAccessorImpl.invoke(DelegatingMethodAccessorImpl.java:43)
Caused by: com.kms.katalon.core.exception.StepFailedException: Unable to click on object 'Object Repository/Principal/Page_Olva Courier  Home/button_CONTINUAR (2)'
	at com.kms.katalon.core.webui.keyword.internal.WebUIKeywordMain.stepFailed(WebUIKeywordMain.groovy:117)
	at com.kms.katalon.core.webui.keyword.internal.WebUIKeywordMain.runKeyword(WebUIKeywordMain.groovy:43)
	at com.kms.katalon.core.webui.keyword.builtin.ClickKeyword.click(ClickKeyword.groovy:74)
	at com.kms.katalon.core.webui.keyword.builtin.ClickKeyword.execute(ClickKeyword.groovy:40)
	at com.kms.katalon.core.keyword.internal.KeywordExecutor.executeKeywordForPlatform(KeywordExecutor.groovy:74)
	at com.kms.katalon.core.webui.keyword.WebUiBuiltInKeywords.click(WebUiBuiltInKeywords.groovy:659)
	at Selec_sobre.run(Selec_sobre:24)
	at com.kms.katalon.core.main.ScriptEngine.run(ScriptEngine.java:194)
	at com.kms.katalon.core.main.ScriptEngine.runScriptAsRawText(ScriptEngine.java:119)
	at com.kms.katalon.core.main.TestCaseExecutor.runScript(TestCaseExecutor.java:448)
	at com.kms.katalon.core.main.TestCaseExecutor.doExecute(TestCaseExecutor.java:439)
	at com.kms.katalon.core.main.TestCaseExecutor.processExecutionPhase(TestCaseExecutor.java:418)
	at com.kms.katalon.core.main.TestCaseExecutor.accessMainPhase(TestCaseExecutor.java:410)
	at com.kms.katalon.core.main.TestCaseExecutor.execute(TestCaseExecutor.java:285)
	at com.kms.katalon.core.main.TestCaseMain.runTestCase(TestCaseMain.java:137)
	at com.kms.katalon.core.keyword.builtin.CallTestCaseKeyword$_callTestCase_closure1.doCall(CallTestCaseKeyword.groovy:59)
	... 24 more
Caused by: org.openqa.selenium.ElementClickInterceptedException: Element <button id="btn_aceptar_tipo_envio" class="btn disabled" type="button"> is not clickable at point (675,588) because another element <div class="modal-footer"> obscures it
Build info: version: '3.141.59', revision: 'unknown', time: 'unknown'
System info: host: 'DESKTOP-RGFFP9A', ip: '10.136.10.6', os.name: 'Windows 11', os.arch: 'amd64', os.version: '10.0', java.version: '17.0.7'
Driver info: com.kms.katalon.core.webui.driver.firefox.CGeckoDriver
Capabilities {acceptInsecureCerts: true, browserName: firefox, browserVersion: 133.0, javascriptEnabled: true, moz:accessibilityChecks: false, moz:buildID: 20241121140525, moz:geckodriverVersion: 0.35.0, moz:headless: false, moz:platformVersion: 10.0, moz:processID: 37852, moz:profile: C:\Users\OLVATI\AppData\Loc..., moz:shutdownTimeout: 60000, moz:webdriverClick: true, moz:windowless: false, pageLoadStrategy: normal, platform: WINDOWS, platformName: WINDOWS, proxy: Proxy(direct), setWindowRect: true, strictFileInteractability: false, timeouts: {implicit: 0, pageLoad: 300000, script: 30000}, unhandledPromptBehavior: dismiss and notify, userAgent: Mozilla/5.0 (Windows NT 10....}
Session ID: 363e0f9b-7697-445e-9711-80e7c4b8af11
	at jdk.internal.reflect.GeneratedConstructorAccessor32.newInstance(Unknown Source)
	at java.base/jdk.internal.reflect.DelegatingConstructorAccessorImpl.newInstance(DelegatingConstructorAccessorImpl.java:45)
	at org.openqa.selenium.remote.http.W3CHttpResponseCodec.createException(W3CHttpResponseCodec.java:187)
	at org.openqa.selenium.remote.http.W3CHttpResponseCodec.decode(W3CHttpResponseCodec.java:122)
	at org.openqa.selenium.remote.http.W3CHttpResponseCodec.decode(W3CHttpResponseCodec.java:49)
	at org.openqa.selenium.remote.HttpCommandExecutor.execute(HttpCommandExecutor.java:158)
	at org.openqa.selenium.remote.service.DriverCommandExecutor.execute(DriverCommandExecutor.java:83)
	at org.openqa.selenium.remote.RemoteWebDriver.execute(RemoteWebDriver.java:552)
	at com.kms.katalon.selenium.driver.CFirefoxDriver.execute(CFirefoxDriver.java:28)
	at org.openqa.selenium.remote.RemoteWebElement.execute(RemoteWebElement.java:285)
	at org.openqa.selenium.remote.RemoteWebElement.click(RemoteWebElement.java:84)
	at jdk.internal.reflect.GeneratedMethodAccessor10.invoke(Unknown Source)
	at java.base/jdk.internal.reflect.DelegatingMethodAccessorImpl.invoke(DelegatingMethodAccessorImpl.java:43)
	at org.openqa.selenium.support.events.EventFiringWebDriver$EventFiringWebElement.lambda$new$0(EventFiringWebDriver.java:404)
	at jdk.proxy2/jdk.proxy2.$Proxy21.click(Unknown Source)
	at org.openqa.selenium.support.events.EventFiringWebDriver$EventFiringWebElement.click(EventFiringWebDriver.java:417)
	at org.openqa.selenium.WebElement$click.call(Unknown Source)
	at com.kms.katalon.core.webui.keyword.builtin.ClickKeyword.clickUntilSuccessWithTimeout(ClickKeyword.groovy:81)
	at com.kms.katalon.core.webui.keyword.builtin.ClickKeyword.clickUntilSuccessWithTimeout(ClickKeyword.groovy)
	at jdk.internal.reflect.GeneratedMethodAccessor8.invoke(Unknown Source)
	at java.base/jdk.internal.reflect.DelegatingMethodAccessorImpl.invoke(DelegatingMethodAccessorImpl.java:43)
	at com.kms.katalon.core.webui.keyword.builtin.ClickKeyword$_click_closure1.doCall(ClickKeyword.groovy:67)
	at com.kms.katalon.core.webui.keyword.builtin.ClickKeyword$_click_closure1.call(ClickKeyword.groovy)
	at com.kms.katalon.core.webui.keyword.internal.WebUIKeywordMain.runKeyword(WebUIKeywordMain.groovy:35)
	... 38 more
)]]></system-out>
         <system-err><![CDATA[27-11-2024T13:33:23 - [TEST_CASE][FAILED] - Test Cases/2.Positivos/2.2Sobre/Origen-Lima/Agregar-Envios: Test Cases/2.Positivos/2.2Sobre/Origen-Lima/Agregar-Envios FAILED.
Reason:
com.kms.katalon.core.exception.StepFailedException: Call Test Case 'Test Cases/1.Inicio/1.1Principal/Selec_sobre' failed
	at com.kms.katalon.core.keyword.builtin.CallTestCaseKeyword$_callTestCase_closure1.doCall(CallTestCaseKeyword.groovy:63)
	at com.kms.katalon.core.keyword.builtin.CallTestCaseKeyword$_callTestCase_closure1.call(CallTestCaseKeyword.groovy)
	at com.kms.katalon.core.keyword.internal.KeywordMain.runKeyword(KeywordMain.groovy:75)
	at com.kms.katalon.core.keyword.builtin.CallTestCaseKeyword.callTestCase(CallTestCaseKeyword.groovy:81)
	at com.kms.katalon.core.keyword.builtin.CallTestCaseKeyword.execute(CallTestCaseKeyword.groovy:44)
	at com.kms.katalon.core.keyword.internal.KeywordExecutor.executeKeywordForPlatform(KeywordExecutor.groovy:74)
	at com.kms.katalon.core.keyword.BuiltinKeywords.callTestCase(BuiltinKeywords.groovy:310)
	at jdk.internal.reflect.GeneratedMethodAccessor25.invoke(Unknown Source)
	at java.base/jdk.internal.reflect.DelegatingMethodAccessorImpl.invoke(DelegatingMethodAccessorImpl.java:43)
	at Agregar-Envios.run(Agregar-Envios:22)
	at com.kms.katalon.core.main.ScriptEngine.run(ScriptEngine.java:194)
	at com.kms.katalon.core.main.ScriptEngine.runScriptAsRawText(ScriptEngine.java:119)
	at com.kms.katalon.core.main.TestCaseExecutor.runScript(TestCaseExecutor.java:448)
	at com.kms.katalon.core.main.TestCaseExecutor.doExecute(TestCaseExecutor.java:439)
	at com.kms.katalon.core.main.TestCaseExecutor.processExecutionPhase(TestCaseExecutor.java:418)
	at com.kms.katalon.core.main.TestCaseExecutor.accessMainPhase(TestCaseExecutor.java:410)
	at com.kms.katalon.core.main.TestCaseExecutor.execute(TestCaseExecutor.java:285)
	at com.kms.katalon.core.common.CommonExecutor.accessTestCaseMainPhase(CommonExecutor.java:65)
	at com.kms.katalon.core.main.TestSuiteExecutor.accessTestSuiteMainPhase(TestSuiteExecutor.java:150)
	at com.kms.katalon.core.main.TestSuiteExecutor.execute(TestSuiteExecutor.java:106)
	at com.kms.katalon.core.main.TestCaseMain.startTestSuite(TestCaseMain.java:180)
	at TempTestSuite1732729948317.run(TempTestSuite1732729948317.groovy:35)
	at java.base/jdk.internal.reflect.NativeMethodAccessorImpl.invoke0(Native Method)
	at java.base/jdk.internal.reflect.NativeMethodAccessorImpl.invoke(NativeMethodAccessorImpl.java:77)
	at java.base/jdk.internal.reflect.DelegatingMethodAccessorImpl.invoke(DelegatingMethodAccessorImpl.java:43)
Caused by: com.kms.katalon.core.exception.StepFailedException: Unable to click on object 'Object Repository/Principal/Page_Olva Courier  Home/button_CONTINUAR (2)'
	at com.kms.katalon.core.webui.keyword.internal.WebUIKeywordMain.stepFailed(WebUIKeywordMain.groovy:117)
	at com.kms.katalon.core.webui.keyword.internal.WebUIKeywordMain.runKeyword(WebUIKeywordMain.groovy:43)
	at com.kms.katalon.core.webui.keyword.builtin.ClickKeyword.click(ClickKeyword.groovy:74)
	at com.kms.katalon.core.webui.keyword.builtin.ClickKeyword.execute(ClickKeyword.groovy:40)
	at com.kms.katalon.core.keyword.internal.KeywordExecutor.executeKeywordForPlatform(KeywordExecutor.groovy:74)
	at com.kms.katalon.core.webui.keyword.WebUiBuiltInKeywords.click(WebUiBuiltInKeywords.groovy:659)
	at Selec_sobre.run(Selec_sobre:24)
	at com.kms.katalon.core.main.ScriptEngine.run(ScriptEngine.java:194)
	at com.kms.katalon.core.main.ScriptEngine.runScriptAsRawText(ScriptEngine.java:119)
	at com.kms.katalon.core.main.TestCaseExecutor.runScript(TestCaseExecutor.java:448)
	at com.kms.katalon.core.main.TestCaseExecutor.doExecute(TestCaseExecutor.java:439)
	at com.kms.katalon.core.main.TestCaseExecutor.processExecutionPhase(TestCaseExecutor.java:418)
	at com.kms.katalon.core.main.TestCaseExecutor.accessMainPhase(TestCaseExecutor.java:410)
	at com.kms.katalon.core.main.TestCaseExecutor.execute(TestCaseExecutor.java:285)
	at com.kms.katalon.core.main.TestCaseMain.runTestCase(TestCaseMain.java:137)
	at com.kms.katalon.core.keyword.builtin.CallTestCaseKeyword$_callTestCase_closure1.doCall(CallTestCaseKeyword.groovy:59)
	... 24 more
Caused by: org.openqa.selenium.ElementClickInterceptedException: Element <button id="btn_aceptar_tipo_envio" class="btn disabled" type="button"> is not clickable at point (675,588) because another element <div class="modal-footer"> obscures it
Build info: version: '3.141.59', revision: 'unknown', time: 'unknown'
System info: host: 'DESKTOP-RGFFP9A', ip: '10.136.10.6', os.name: 'Windows 11', os.arch: 'amd64', os.version: '10.0', java.version: '17.0.7'
Driver info: com.kms.katalon.core.webui.driver.firefox.CGeckoDriver
Capabilities {acceptInsecureCerts: true, browserName: firefox, browserVersion: 133.0, javascriptEnabled: true, moz:accessibilityChecks: false, moz:buildID: 20241121140525, moz:geckodriverVersion: 0.35.0, moz:headless: false, moz:platformVersion: 10.0, moz:processID: 37852, moz:profile: C:\Users\OLVATI\AppData\Loc..., moz:shutdownTimeout: 60000, moz:webdriverClick: true, moz:windowless: false, pageLoadStrategy: normal, platform: WINDOWS, platformName: WINDOWS, proxy: Proxy(direct), setWindowRect: true, strictFileInteractability: false, timeouts: {implicit: 0, pageLoad: 300000, script: 30000}, unhandledPromptBehavior: dismiss and notify, userAgent: Mozilla/5.0 (Windows NT 10....}
Session ID: 363e0f9b-7697-445e-9711-80e7c4b8af11
	at jdk.internal.reflect.GeneratedConstructorAccessor32.newInstance(Unknown Source)
	at java.base/jdk.internal.reflect.DelegatingConstructorAccessorImpl.newInstance(DelegatingConstructorAccessorImpl.java:45)
	at org.openqa.selenium.remote.http.W3CHttpResponseCodec.createException(W3CHttpResponseCodec.java:187)
	at org.openqa.selenium.remote.http.W3CHttpResponseCodec.decode(W3CHttpResponseCodec.java:122)
	at org.openqa.selenium.remote.http.W3CHttpResponseCodec.decode(W3CHttpResponseCodec.java:49)
	at org.openqa.selenium.remote.HttpCommandExecutor.execute(HttpCommandExecutor.java:158)
	at org.openqa.selenium.remote.service.DriverCommandExecutor.execute(DriverCommandExecutor.java:83)
	at org.openqa.selenium.remote.RemoteWebDriver.execute(RemoteWebDriver.java:552)
	at com.kms.katalon.selenium.driver.CFirefoxDriver.execute(CFirefoxDriver.java:28)
	at org.openqa.selenium.remote.RemoteWebElement.execute(RemoteWebElement.java:285)
	at org.openqa.selenium.remote.RemoteWebElement.click(RemoteWebElement.java:84)
	at jdk.internal.reflect.GeneratedMethodAccessor10.invoke(Unknown Source)
	at java.base/jdk.internal.reflect.DelegatingMethodAccessorImpl.invoke(DelegatingMethodAccessorImpl.java:43)
	at org.openqa.selenium.support.events.EventFiringWebDriver$EventFiringWebElement.lambda$new$0(EventFiringWebDriver.java:404)
	at jdk.proxy2/jdk.proxy2.$Proxy21.click(Unknown Source)
	at org.openqa.selenium.support.events.EventFiringWebDriver$EventFiringWebElement.click(EventFiringWebDriver.java:417)
	at org.openqa.selenium.WebElement$click.call(Unknown Source)
	at com.kms.katalon.core.webui.keyword.builtin.ClickKeyword.clickUntilSuccessWithTimeout(ClickKeyword.groovy:81)
	at com.kms.katalon.core.webui.keyword.builtin.ClickKeyword.clickUntilSuccessWithTimeout(ClickKeyword.groovy)
	at jdk.internal.reflect.GeneratedMethodAccessor8.invoke(Unknown Source)
	at java.base/jdk.internal.reflect.DelegatingMethodAccessorImpl.invoke(DelegatingMethodAccessorImpl.java:43)
	at com.kms.katalon.core.webui.keyword.builtin.ClickKeyword$_click_closure1.doCall(ClickKeyword.groovy:67)
	at com.kms.katalon.core.webui.keyword.builtin.ClickKeyword$_click_closure1.call(ClickKeyword.groovy)
	at com.kms.katalon.core.webui.keyword.internal.WebUIKeywordMain.runKeyword(WebUIKeywordMain.groovy:35)
	... 38 more]]></system-err>
      </testcase>
      <testcase name="Test Cases/2.Positivos/2.2Sobre/Origen-Lima/3.Destino-D,DO,O/Restricción-O" time="40.895" classname="Test Cases/2.Positivos/2.2Sobre/Origen-Lima/3.Destino-D,DO,O/Restricción-O" status="FAILED">
         <failure type="FAILED" message="Test Cases/2.Positivos/2.2Sobre/Origen-Lima/3.Destino-D,DO,O/Restricción-O FAILED.&#xa;Reason:&#xa;com.kms.katalon.core.exception.StepFailedException: Call Test Case 'Test Cases/1.Inicio/1.1Principal/Selec_sobre' failed&#xa;	at com.kms.katalon.core.keyword.builtin.CallTestCaseKeyword$_callTestCase_closure1.doCall(CallTestCaseKeyword.groovy:63)&#xa;	at com.kms.katalon.core.keyword.builtin.CallTestCaseKeyword$_callTestCase_closure1.call(CallTestCaseKeyword.groovy)&#xa;	at com.kms.katalon.core.keyword.internal.KeywordMain.runKeyword(KeywordMain.groovy:75)&#xa;	at com.kms.katalon.core.keyword.builtin.CallTestCaseKeyword.callTestCase(CallTestCaseKeyword.groovy:81)&#xa;	at com.kms.katalon.core.keyword.builtin.CallTestCaseKeyword.execute(CallTestCaseKeyword.groovy:44)&#xa;	at com.kms.katalon.core.keyword.internal.KeywordExecutor.executeKeywordForPlatform(KeywordExecutor.groovy:74)&#xa;	at com.kms.katalon.core.keyword.BuiltinKeywords.callTestCase(BuiltinKeywords.groovy:310)&#xa;	at jdk.internal.reflect.GeneratedMethodAccessor25.invoke(Unknown Source)&#xa;	at java.base/jdk.internal.reflect.DelegatingMethodAccessorImpl.invoke(DelegatingMethodAccessorImpl.java:43)&#xa;	at Restricción-O.run(Restricción-O:22)&#xa;	at com.kms.katalon.core.main.ScriptEngine.run(ScriptEngine.java:194)&#xa;	at com.kms.katalon.core.main.ScriptEngine.runScriptAsRawText(ScriptEngine.java:119)&#xa;	at com.kms.katalon.core.main.TestCaseExecutor.runScript(TestCaseExecutor.java:448)&#xa;	at com.kms.katalon.core.main.TestCaseExecutor.doExecute(TestCaseExecutor.java:439)&#xa;	at com.kms.katalon.core.main.TestCaseExecutor.processExecutionPhase(TestCaseExecutor.java:418)&#xa;	at com.kms.katalon.core.main.TestCaseExecutor.accessMainPhase(TestCaseExecutor.java:410)&#xa;	at com.kms.katalon.core.main.TestCaseExecutor.execute(TestCaseExecutor.java:285)&#xa;	at com.kms.katalon.core.common.CommonExecutor.accessTestCaseMainPhase(CommonExecutor.java:65)&#xa;	at com.kms.katalon.core.main.TestSuiteExecutor.accessTestSuiteMainPhase(TestSuiteExecutor.java:150)&#xa;	at com.kms.katalon.core.main.TestSuiteExecutor.execute(TestSuiteExecutor.java:106)&#xa;	at com.kms.katalon.core.main.TestCaseMain.startTestSuite(TestCaseMain.java:180)&#xa;	at TempTestSuite1732729948317.run(TempTestSuite1732729948317.groovy:35)&#xa;	at java.base/jdk.internal.reflect.NativeMethodAccessorImpl.invoke0(Native Method)&#xa;	at java.base/jdk.internal.reflect.NativeMethodAccessorImpl.invoke(NativeMethodAccessorImpl.java:77)&#xa;	at java.base/jdk.internal.reflect.DelegatingMethodAccessorImpl.invoke(DelegatingMethodAccessorImpl.java:43)&#xa;Caused by: com.kms.katalon.core.exception.StepFailedException: Unable to click on object 'Object Repository/Principal/Page_Olva Courier  Home/button_CONTINUAR (2)'&#xa;	at com.kms.katalon.core.webui.keyword.internal.WebUIKeywordMain.stepFailed(WebUIKeywordMain.groovy:117)&#xa;	at com.kms.katalon.core.webui.keyword.internal.WebUIKeywordMain.runKeyword(WebUIKeywordMain.groovy:43)&#xa;	at com.kms.katalon.core.webui.keyword.builtin.ClickKeyword.click(ClickKeyword.groovy:74)&#xa;	at com.kms.katalon.core.webui.keyword.builtin.ClickKeyword.execute(ClickKeyword.groovy:40)&#xa;	at com.kms.katalon.core.keyword.internal.KeywordExecutor.executeKeywordForPlatform(KeywordExecutor.groovy:74)&#xa;	at com.kms.katalon.core.webui.keyword.WebUiBuiltInKeywords.click(WebUiBuiltInKeywords.groovy:659)&#xa;	at Selec_sobre.run(Selec_sobre:24)&#xa;	at com.kms.katalon.core.main.ScriptEngine.run(ScriptEngine.java:194)&#xa;	at com.kms.katalon.core.main.ScriptEngine.runScriptAsRawText(ScriptEngine.java:119)&#xa;	at com.kms.katalon.core.main.TestCaseExecutor.runScript(TestCaseExecutor.java:448)&#xa;	at com.kms.katalon.core.main.TestCaseExecutor.doExecute(TestCaseExecutor.java:439)&#xa;	at com.kms.katalon.core.main.TestCaseExecutor.processExecutionPhase(TestCaseExecutor.java:418)&#xa;	at com.kms.katalon.core.main.TestCaseExecutor.accessMainPhase(TestCaseExecutor.java:410)&#xa;	at com.kms.katalon.core.main.TestCaseExecutor.execute(TestCaseExecutor.java:285)&#xa;	at com.kms.katalon.core.main.TestCaseMain.runTestCase(TestCaseMain.java:137)&#xa;	at com.kms.katalon.core.keyword.builtin.CallTestCaseKeyword$_callTestCase_closure1.doCall(CallTestCaseKeyword.groovy:59)&#xa;	... 24 more&#xa;Caused by: org.openqa.selenium.ElementClickInterceptedException: Element &lt;button id=&quot;btn_aceptar_tipo_envio&quot; class=&quot;btn disabled&quot; type=&quot;button&quot;> is not clickable at point (675,588) because another element &lt;div class=&quot;modal-footer&quot;> obscures it&#xa;Build info: version: '3.141.59', revision: 'unknown', time: 'unknown'&#xa;System info: host: 'DESKTOP-RGFFP9A', ip: '10.136.10.6', os.name: 'Windows 11', os.arch: 'amd64', os.version: '10.0', java.version: '17.0.7'&#xa;Driver info: com.kms.katalon.core.webui.driver.firefox.CGeckoDriver&#xa;Capabilities {acceptInsecureCerts: true, browserName: firefox, browserVersion: 133.0, javascriptEnabled: true, moz:accessibilityChecks: false, moz:buildID: 20241121140525, moz:geckodriverVersion: 0.35.0, moz:headless: false, moz:platformVersion: 10.0, moz:processID: 30624, moz:profile: C:\Users\OLVATI\AppData\Loc..., moz:shutdownTimeout: 60000, moz:webdriverClick: true, moz:windowless: false, pageLoadStrategy: normal, platform: WINDOWS, platformName: WINDOWS, proxy: Proxy(direct), setWindowRect: true, strictFileInteractability: false, timeouts: {implicit: 0, pageLoad: 300000, script: 30000}, unhandledPromptBehavior: dismiss and notify, userAgent: Mozilla/5.0 (Windows NT 10....}&#xa;Session ID: 8a75ed65-b2dd-4c66-b579-adf8ea3ab06f&#xa;	at jdk.internal.reflect.GeneratedConstructorAccessor32.newInstance(Unknown Source)&#xa;	at java.base/jdk.internal.reflect.DelegatingConstructorAccessorImpl.newInstance(DelegatingConstructorAccessorImpl.java:45)&#xa;	at org.openqa.selenium.remote.http.W3CHttpResponseCodec.createException(W3CHttpResponseCodec.java:187)&#xa;	at org.openqa.selenium.remote.http.W3CHttpResponseCodec.decode(W3CHttpResponseCodec.java:122)&#xa;	at org.openqa.selenium.remote.http.W3CHttpResponseCodec.decode(W3CHttpResponseCodec.java:49)&#xa;	at org.openqa.selenium.remote.HttpCommandExecutor.execute(HttpCommandExecutor.java:158)&#xa;	at org.openqa.selenium.remote.service.DriverCommandExecutor.execute(DriverCommandExecutor.java:83)&#xa;	at org.openqa.selenium.remote.RemoteWebDriver.execute(RemoteWebDriver.java:552)&#xa;	at com.kms.katalon.selenium.driver.CFirefoxDriver.execute(CFirefoxDriver.java:28)&#xa;	at org.openqa.selenium.remote.RemoteWebElement.execute(RemoteWebElement.java:285)&#xa;	at org.openqa.selenium.remote.RemoteWebElement.click(RemoteWebElement.java:84)&#xa;	at jdk.internal.reflect.GeneratedMethodAccessor10.invoke(Unknown Source)&#xa;	at java.base/jdk.internal.reflect.DelegatingMethodAccessorImpl.invoke(DelegatingMethodAccessorImpl.java:43)&#xa;	at org.openqa.selenium.support.events.EventFiringWebDriver$EventFiringWebElement.lambda$new$0(EventFiringWebDriver.java:404)&#xa;	at jdk.proxy2/jdk.proxy2.$Proxy21.click(Unknown Source)&#xa;	at org.openqa.selenium.support.events.EventFiringWebDriver$EventFiringWebElement.click(EventFiringWebDriver.java:417)&#xa;	at org.openqa.selenium.WebElement$click.call(Unknown Source)&#xa;	at com.kms.katalon.core.webui.keyword.builtin.ClickKeyword.clickUntilSuccessWithTimeout(ClickKeyword.groovy:81)&#xa;	at com.kms.katalon.core.webui.keyword.builtin.ClickKeyword.clickUntilSuccessWithTimeout(ClickKeyword.groovy)&#xa;	at jdk.internal.reflect.GeneratedMethodAccessor8.invoke(Unknown Source)&#xa;	at java.base/jdk.internal.reflect.DelegatingMethodAccessorImpl.invoke(DelegatingMethodAccessorImpl.java:43)&#xa;	at com.kms.katalon.core.webui.keyword.builtin.ClickKeyword$_click_closure1.doCall(ClickKeyword.groovy:67)&#xa;	at com.kms.katalon.core.webui.keyword.builtin.ClickKeyword$_click_closure1.call(ClickKeyword.groovy)&#xa;	at com.kms.katalon.core.webui.keyword.internal.WebUIKeywordMain.runKeyword(WebUIKeywordMain.groovy:35)&#xa;	... 38 more&#xa;"/>
         <system-out><![CDATA[27-11-2024T13:34:05 - [TEST_CASE][FAILED] - Test Cases/2.Positivos/2.2Sobre/Origen-Lima/3.Destino-D,DO,O/Restricción-O: Test Cases/2.Positivos/2.2Sobre/Origen-Lima/3.Destino-D,DO,O/Restricción-O FAILED.
Reason:
com.kms.katalon.core.exception.StepFailedException: Call Test Case 'Test Cases/1.Inicio/1.1Principal/Selec_sobre' failed
	at com.kms.katalon.core.keyword.builtin.CallTestCaseKeyword$_callTestCase_closure1.doCall(CallTestCaseKeyword.groovy:63)
	at com.kms.katalon.core.keyword.builtin.CallTestCaseKeyword$_callTestCase_closure1.call(CallTestCaseKeyword.groovy)
	at com.kms.katalon.core.keyword.internal.KeywordMain.runKeyword(KeywordMain.groovy:75)
	at com.kms.katalon.core.keyword.builtin.CallTestCaseKeyword.callTestCase(CallTestCaseKeyword.groovy:81)
	at com.kms.katalon.core.keyword.builtin.CallTestCaseKeyword.execute(CallTestCaseKeyword.groovy:44)
	at com.kms.katalon.core.keyword.internal.KeywordExecutor.executeKeywordForPlatform(KeywordExecutor.groovy:74)
	at com.kms.katalon.core.keyword.BuiltinKeywords.callTestCase(BuiltinKeywords.groovy:310)
	at jdk.internal.reflect.GeneratedMethodAccessor25.invoke(Unknown Source)
	at java.base/jdk.internal.reflect.DelegatingMethodAccessorImpl.invoke(DelegatingMethodAccessorImpl.java:43)
	at Restricción-O.run(Restricción-O:22)
	at com.kms.katalon.core.main.ScriptEngine.run(ScriptEngine.java:194)
	at com.kms.katalon.core.main.ScriptEngine.runScriptAsRawText(ScriptEngine.java:119)
	at com.kms.katalon.core.main.TestCaseExecutor.runScript(TestCaseExecutor.java:448)
	at com.kms.katalon.core.main.TestCaseExecutor.doExecute(TestCaseExecutor.java:439)
	at com.kms.katalon.core.main.TestCaseExecutor.processExecutionPhase(TestCaseExecutor.java:418)
	at com.kms.katalon.core.main.TestCaseExecutor.accessMainPhase(TestCaseExecutor.java:410)
	at com.kms.katalon.core.main.TestCaseExecutor.execute(TestCaseExecutor.java:285)
	at com.kms.katalon.core.common.CommonExecutor.accessTestCaseMainPhase(CommonExecutor.java:65)
	at com.kms.katalon.core.main.TestSuiteExecutor.accessTestSuiteMainPhase(TestSuiteExecutor.java:150)
	at com.kms.katalon.core.main.TestSuiteExecutor.execute(TestSuiteExecutor.java:106)
	at com.kms.katalon.core.main.TestCaseMain.startTestSuite(TestCaseMain.java:180)
	at TempTestSuite1732729948317.run(TempTestSuite1732729948317.groovy:35)
	at java.base/jdk.internal.reflect.NativeMethodAccessorImpl.invoke0(Native Method)
	at java.base/jdk.internal.reflect.NativeMethodAccessorImpl.invoke(NativeMethodAccessorImpl.java:77)
	at java.base/jdk.internal.reflect.DelegatingMethodAccessorImpl.invoke(DelegatingMethodAccessorImpl.java:43)
Caused by: com.kms.katalon.core.exception.StepFailedException: Unable to click on object 'Object Repository/Principal/Page_Olva Courier  Home/button_CONTINUAR (2)'
	at com.kms.katalon.core.webui.keyword.internal.WebUIKeywordMain.stepFailed(WebUIKeywordMain.groovy:117)
	at com.kms.katalon.core.webui.keyword.internal.WebUIKeywordMain.runKeyword(WebUIKeywordMain.groovy:43)
	at com.kms.katalon.core.webui.keyword.builtin.ClickKeyword.click(ClickKeyword.groovy:74)
	at com.kms.katalon.core.webui.keyword.builtin.ClickKeyword.execute(ClickKeyword.groovy:40)
	at com.kms.katalon.core.keyword.internal.KeywordExecutor.executeKeywordForPlatform(KeywordExecutor.groovy:74)
	at com.kms.katalon.core.webui.keyword.WebUiBuiltInKeywords.click(WebUiBuiltInKeywords.groovy:659)
	at Selec_sobre.run(Selec_sobre:24)
	at com.kms.katalon.core.main.ScriptEngine.run(ScriptEngine.java:194)
	at com.kms.katalon.core.main.ScriptEngine.runScriptAsRawText(ScriptEngine.java:119)
	at com.kms.katalon.core.main.TestCaseExecutor.runScript(TestCaseExecutor.java:448)
	at com.kms.katalon.core.main.TestCaseExecutor.doExecute(TestCaseExecutor.java:439)
	at com.kms.katalon.core.main.TestCaseExecutor.processExecutionPhase(TestCaseExecutor.java:418)
	at com.kms.katalon.core.main.TestCaseExecutor.accessMainPhase(TestCaseExecutor.java:410)
	at com.kms.katalon.core.main.TestCaseExecutor.execute(TestCaseExecutor.java:285)
	at com.kms.katalon.core.main.TestCaseMain.runTestCase(TestCaseMain.java:137)
	at com.kms.katalon.core.keyword.builtin.CallTestCaseKeyword$_callTestCase_closure1.doCall(CallTestCaseKeyword.groovy:59)
	... 24 more
Caused by: org.openqa.selenium.ElementClickInterceptedException: Element <button id="btn_aceptar_tipo_envio" class="btn disabled" type="button"> is not clickable at point (675,588) because another element <div class="modal-footer"> obscures it
Build info: version: '3.141.59', revision: 'unknown', time: 'unknown'
System info: host: 'DESKTOP-RGFFP9A', ip: '10.136.10.6', os.name: 'Windows 11', os.arch: 'amd64', os.version: '10.0', java.version: '17.0.7'
Driver info: com.kms.katalon.core.webui.driver.firefox.CGeckoDriver
Capabilities {acceptInsecureCerts: true, browserName: firefox, browserVersion: 133.0, javascriptEnabled: true, moz:accessibilityChecks: false, moz:buildID: 20241121140525, moz:geckodriverVersion: 0.35.0, moz:headless: false, moz:platformVersion: 10.0, moz:processID: 30624, moz:profile: C:\Users\OLVATI\AppData\Loc..., moz:shutdownTimeout: 60000, moz:webdriverClick: true, moz:windowless: false, pageLoadStrategy: normal, platform: WINDOWS, platformName: WINDOWS, proxy: Proxy(direct), setWindowRect: true, strictFileInteractability: false, timeouts: {implicit: 0, pageLoad: 300000, script: 30000}, unhandledPromptBehavior: dismiss and notify, userAgent: Mozilla/5.0 (Windows NT 10....}
Session ID: 8a75ed65-b2dd-4c66-b579-adf8ea3ab06f
	at jdk.internal.reflect.GeneratedConstructorAccessor32.newInstance(Unknown Source)
	at java.base/jdk.internal.reflect.DelegatingConstructorAccessorImpl.newInstance(DelegatingConstructorAccessorImpl.java:45)
	at org.openqa.selenium.remote.http.W3CHttpResponseCodec.createException(W3CHttpResponseCodec.java:187)
	at org.openqa.selenium.remote.http.W3CHttpResponseCodec.decode(W3CHttpResponseCodec.java:122)
	at org.openqa.selenium.remote.http.W3CHttpResponseCodec.decode(W3CHttpResponseCodec.java:49)
	at org.openqa.selenium.remote.HttpCommandExecutor.execute(HttpCommandExecutor.java:158)
	at org.openqa.selenium.remote.service.DriverCommandExecutor.execute(DriverCommandExecutor.java:83)
	at org.openqa.selenium.remote.RemoteWebDriver.execute(RemoteWebDriver.java:552)
	at com.kms.katalon.selenium.driver.CFirefoxDriver.execute(CFirefoxDriver.java:28)
	at org.openqa.selenium.remote.RemoteWebElement.execute(RemoteWebElement.java:285)
	at org.openqa.selenium.remote.RemoteWebElement.click(RemoteWebElement.java:84)
	at jdk.internal.reflect.GeneratedMethodAccessor10.invoke(Unknown Source)
	at java.base/jdk.internal.reflect.DelegatingMethodAccessorImpl.invoke(DelegatingMethodAccessorImpl.java:43)
	at org.openqa.selenium.support.events.EventFiringWebDriver$EventFiringWebElement.lambda$new$0(EventFiringWebDriver.java:404)
	at jdk.proxy2/jdk.proxy2.$Proxy21.click(Unknown Source)
	at org.openqa.selenium.support.events.EventFiringWebDriver$EventFiringWebElement.click(EventFiringWebDriver.java:417)
	at org.openqa.selenium.WebElement$click.call(Unknown Source)
	at com.kms.katalon.core.webui.keyword.builtin.ClickKeyword.clickUntilSuccessWithTimeout(ClickKeyword.groovy:81)
	at com.kms.katalon.core.webui.keyword.builtin.ClickKeyword.clickUntilSuccessWithTimeout(ClickKeyword.groovy)
	at jdk.internal.reflect.GeneratedMethodAccessor8.invoke(Unknown Source)
	at java.base/jdk.internal.reflect.DelegatingMethodAccessorImpl.invoke(DelegatingMethodAccessorImpl.java:43)
	at com.kms.katalon.core.webui.keyword.builtin.ClickKeyword$_click_closure1.doCall(ClickKeyword.groovy:67)
	at com.kms.katalon.core.webui.keyword.builtin.ClickKeyword$_click_closure1.call(ClickKeyword.groovy)
	at com.kms.katalon.core.webui.keyword.internal.WebUIKeywordMain.runKeyword(WebUIKeywordMain.groovy:35)
	... 38 more


27-11-2024T13:34:05 - [TEST_STEP][PASSED] - callTestCase(findTestCase("1.Inicio/1.1Principal/Principal-home"), [:], STOP_ON_FAILURE): Call Test Case 'Test Cases/1.Inicio/1.1Principal/Principal-home' successfully

27-11-2024T13:34:05 - [TEST_CASE][PASSED] - Test Cases/1.Inicio/1.1Principal/Principal-home: Test Cases/1.Inicio/1.1Principal/Principal-home

27-11-2024T13:34:05 - [TEST_STEP][PASSED] - openBrowser(""): Browser is opened with url: ''

27-11-2024T13:34:05 - [MESSAGE][WARNING] - A browser is already opened. Closing browser and opening a new one

27-11-2024T13:34:07 - [MESSAGE][INFO] - Starting 'Firefox' driver

27-11-2024T13:34:07 - [MESSAGE][INFO] - Action delay is set to 0 milliseconds

27-11-2024T13:34:13 - [MESSAGE][PASSED] - Browser is opened with url: ''

27-11-2024T13:34:13 - [TEST_STEP][PASSED] - navigateToUrl("https://dev01-registrodeenvios.olvacourier.com/principal"): Navigate to 'https://dev01-registrodeenvios.olvacourier.com/principal' successfully

27-11-2024T13:34:14 - [MESSAGE][PASSED] - Navigate to 'https://dev01-registrodeenvios.olvacourier.com/principal' successfully

27-11-2024T13:34:14 - [TEST_STEP][PASSED] - maximizeWindow(): Current window maximized

27-11-2024T13:34:14 - [MESSAGE][PASSED] - Current window maximized

27-11-2024T13:34:14 - [MESSAGE][PASSED] - Call Test Case 'Test Cases/1.Inicio/1.1Principal/Principal-home' successfully

27-11-2024T13:34:14 - [TEST_STEP][FAILED] - callTestCase(findTestCase("1.Inicio/1.1Principal/Selec_sobre"), [:], STOP_ON_FAILURE): Unable to call Test Case 'Test Cases/1.Inicio/1.1Principal/Selec_sobre' (Root cause: com.kms.katalon.core.exception.StepFailedException: Call Test Case 'Test Cases/1.Inicio/1.1Principal/Selec_sobre' failed
	at com.kms.katalon.core.keyword.builtin.CallTestCaseKeyword$_callTestCase_closure1.doCall(CallTestCaseKeyword.groovy:63)
	at com.kms.katalon.core.keyword.builtin.CallTestCaseKeyword$_callTestCase_closure1.call(CallTestCaseKeyword.groovy)
	at com.kms.katalon.core.keyword.internal.KeywordMain.runKeyword(KeywordMain.groovy:75)
	at com.kms.katalon.core.keyword.builtin.CallTestCaseKeyword.callTestCase(CallTestCaseKeyword.groovy:81)
	at com.kms.katalon.core.keyword.builtin.CallTestCaseKeyword.execute(CallTestCaseKeyword.groovy:44)
	at com.kms.katalon.core.keyword.internal.KeywordExecutor.executeKeywordForPlatform(KeywordExecutor.groovy:74)
	at com.kms.katalon.core.keyword.BuiltinKeywords.callTestCase(BuiltinKeywords.groovy:310)
	at jdk.internal.reflect.GeneratedMethodAccessor25.invoke(Unknown Source)
	at java.base/jdk.internal.reflect.DelegatingMethodAccessorImpl.invoke(DelegatingMethodAccessorImpl.java:43)
	at Restricción-O.run(Restricción-O:22)
	at com.kms.katalon.core.main.ScriptEngine.run(ScriptEngine.java:194)
	at com.kms.katalon.core.main.ScriptEngine.runScriptAsRawText(ScriptEngine.java:119)
	at com.kms.katalon.core.main.TestCaseExecutor.runScript(TestCaseExecutor.java:448)
	at com.kms.katalon.core.main.TestCaseExecutor.doExecute(TestCaseExecutor.java:439)
	at com.kms.katalon.core.main.TestCaseExecutor.processExecutionPhase(TestCaseExecutor.java:418)
	at com.kms.katalon.core.main.TestCaseExecutor.accessMainPhase(TestCaseExecutor.java:410)
	at com.kms.katalon.core.main.TestCaseExecutor.execute(TestCaseExecutor.java:285)
	at com.kms.katalon.core.common.CommonExecutor.accessTestCaseMainPhase(CommonExecutor.java:65)
	at com.kms.katalon.core.main.TestSuiteExecutor.accessTestSuiteMainPhase(TestSuiteExecutor.java:150)
	at com.kms.katalon.core.main.TestSuiteExecutor.execute(TestSuiteExecutor.java:106)
	at com.kms.katalon.core.main.TestCaseMain.startTestSuite(TestCaseMain.java:180)
	at TempTestSuite1732729948317.run(TempTestSuite1732729948317.groovy:35)
	at java.base/jdk.internal.reflect.NativeMethodAccessorImpl.invoke0(Native Method)
	at java.base/jdk.internal.reflect.NativeMethodAccessorImpl.invoke(NativeMethodAccessorImpl.java:77)
	at java.base/jdk.internal.reflect.DelegatingMethodAccessorImpl.invoke(DelegatingMethodAccessorImpl.java:43)
Caused by: com.kms.katalon.core.exception.StepFailedException: Unable to click on object 'Object Repository/Principal/Page_Olva Courier  Home/button_CONTINUAR (2)'
	at com.kms.katalon.core.webui.keyword.internal.WebUIKeywordMain.stepFailed(WebUIKeywordMain.groovy:117)
	at com.kms.katalon.core.webui.keyword.internal.WebUIKeywordMain.runKeyword(WebUIKeywordMain.groovy:43)
	at com.kms.katalon.core.webui.keyword.builtin.ClickKeyword.click(ClickKeyword.groovy:74)
	at com.kms.katalon.core.webui.keyword.builtin.ClickKeyword.execute(ClickKeyword.groovy:40)
	at com.kms.katalon.core.keyword.internal.KeywordExecutor.executeKeywordForPlatform(KeywordExecutor.groovy:74)
	at com.kms.katalon.core.webui.keyword.WebUiBuiltInKeywords.click(WebUiBuiltInKeywords.groovy:659)
	at Selec_sobre.run(Selec_sobre:24)
	at com.kms.katalon.core.main.ScriptEngine.run(ScriptEngine.java:194)
	at com.kms.katalon.core.main.ScriptEngine.runScriptAsRawText(ScriptEngine.java:119)
	at com.kms.katalon.core.main.TestCaseExecutor.runScript(TestCaseExecutor.java:448)
	at com.kms.katalon.core.main.TestCaseExecutor.doExecute(TestCaseExecutor.java:439)
	at com.kms.katalon.core.main.TestCaseExecutor.processExecutionPhase(TestCaseExecutor.java:418)
	at com.kms.katalon.core.main.TestCaseExecutor.accessMainPhase(TestCaseExecutor.java:410)
	at com.kms.katalon.core.main.TestCaseExecutor.execute(TestCaseExecutor.java:285)
	at com.kms.katalon.core.main.TestCaseMain.runTestCase(TestCaseMain.java:137)
	at com.kms.katalon.core.keyword.builtin.CallTestCaseKeyword$_callTestCase_closure1.doCall(CallTestCaseKeyword.groovy:59)
	... 24 more
Caused by: org.openqa.selenium.ElementClickInterceptedException: Element <button id="btn_aceptar_tipo_envio" class="btn disabled" type="button"> is not clickable at point (675,588) because another element <div class="modal-footer"> obscures it
Build info: version: '3.141.59', revision: 'unknown', time: 'unknown'
System info: host: 'DESKTOP-RGFFP9A', ip: '10.136.10.6', os.name: 'Windows 11', os.arch: 'amd64', os.version: '10.0', java.version: '17.0.7'
Driver info: com.kms.katalon.core.webui.driver.firefox.CGeckoDriver
Capabilities {acceptInsecureCerts: true, browserName: firefox, browserVersion: 133.0, javascriptEnabled: true, moz:accessibilityChecks: false, moz:buildID: 20241121140525, moz:geckodriverVersion: 0.35.0, moz:headless: false, moz:platformVersion: 10.0, moz:processID: 30624, moz:profile: C:\Users\OLVATI\AppData\Loc..., moz:shutdownTimeout: 60000, moz:webdriverClick: true, moz:windowless: false, pageLoadStrategy: normal, platform: WINDOWS, platformName: WINDOWS, proxy: Proxy(direct), setWindowRect: true, strictFileInteractability: false, timeouts: {implicit: 0, pageLoad: 300000, script: 30000}, unhandledPromptBehavior: dismiss and notify, userAgent: Mozilla/5.0 (Windows NT 10....}
Session ID: 8a75ed65-b2dd-4c66-b579-adf8ea3ab06f
	at jdk.internal.reflect.GeneratedConstructorAccessor32.newInstance(Unknown Source)
	at java.base/jdk.internal.reflect.DelegatingConstructorAccessorImpl.newInstance(DelegatingConstructorAccessorImpl.java:45)
	at org.openqa.selenium.remote.http.W3CHttpResponseCodec.createException(W3CHttpResponseCodec.java:187)
	at org.openqa.selenium.remote.http.W3CHttpResponseCodec.decode(W3CHttpResponseCodec.java:122)
	at org.openqa.selenium.remote.http.W3CHttpResponseCodec.decode(W3CHttpResponseCodec.java:49)
	at org.openqa.selenium.remote.HttpCommandExecutor.execute(HttpCommandExecutor.java:158)
	at org.openqa.selenium.remote.service.DriverCommandExecutor.execute(DriverCommandExecutor.java:83)
	at org.openqa.selenium.remote.RemoteWebDriver.execute(RemoteWebDriver.java:552)
	at com.kms.katalon.selenium.driver.CFirefoxDriver.execute(CFirefoxDriver.java:28)
	at org.openqa.selenium.remote.RemoteWebElement.execute(RemoteWebElement.java:285)
	at org.openqa.selenium.remote.RemoteWebElement.click(RemoteWebElement.java:84)
	at jdk.internal.reflect.GeneratedMethodAccessor10.invoke(Unknown Source)
	at java.base/jdk.internal.reflect.DelegatingMethodAccessorImpl.invoke(DelegatingMethodAccessorImpl.java:43)
	at org.openqa.selenium.support.events.EventFiringWebDriver$EventFiringWebElement.lambda$new$0(EventFiringWebDriver.java:404)
	at jdk.proxy2/jdk.proxy2.$Proxy21.click(Unknown Source)
	at org.openqa.selenium.support.events.EventFiringWebDriver$EventFiringWebElement.click(EventFiringWebDriver.java:417)
	at org.openqa.selenium.WebElement$click.call(Unknown Source)
	at com.kms.katalon.core.webui.keyword.builtin.ClickKeyword.clickUntilSuccessWithTimeout(ClickKeyword.groovy:81)
	at com.kms.katalon.core.webui.keyword.builtin.ClickKeyword.clickUntilSuccessWithTimeout(ClickKeyword.groovy)
	at jdk.internal.reflect.GeneratedMethodAccessor8.invoke(Unknown Source)
	at java.base/jdk.internal.reflect.DelegatingMethodAccessorImpl.invoke(DelegatingMethodAccessorImpl.java:43)
	at com.kms.katalon.core.webui.keyword.builtin.ClickKeyword$_click_closure1.doCall(ClickKeyword.groovy:67)
	at com.kms.katalon.core.webui.keyword.builtin.ClickKeyword$_click_closure1.call(ClickKeyword.groovy)
	at com.kms.katalon.core.webui.keyword.internal.WebUIKeywordMain.runKeyword(WebUIKeywordMain.groovy:35)
	... 38 more
)

27-11-2024T13:34:14 - [TEST_CASE][FAILED] - Test Cases/1.Inicio/1.1Principal/Selec_sobre: Test Cases/1.Inicio/1.1Principal/Selec_sobre FAILED.
Reason:
com.kms.katalon.core.exception.StepFailedException: Unable to click on object 'Object Repository/Principal/Page_Olva Courier  Home/button_CONTINUAR (2)'
	at com.kms.katalon.core.webui.keyword.internal.WebUIKeywordMain.stepFailed(WebUIKeywordMain.groovy:117)
	at com.kms.katalon.core.webui.keyword.internal.WebUIKeywordMain.runKeyword(WebUIKeywordMain.groovy:43)
	at com.kms.katalon.core.webui.keyword.builtin.ClickKeyword.click(ClickKeyword.groovy:74)
	at com.kms.katalon.core.webui.keyword.builtin.ClickKeyword.execute(ClickKeyword.groovy:40)
	at com.kms.katalon.core.keyword.internal.KeywordExecutor.executeKeywordForPlatform(KeywordExecutor.groovy:74)
	at com.kms.katalon.core.webui.keyword.WebUiBuiltInKeywords.click(WebUiBuiltInKeywords.groovy:659)
	at Selec_sobre.run(Selec_sobre:24)
	at com.kms.katalon.core.main.ScriptEngine.run(ScriptEngine.java:194)
	at com.kms.katalon.core.main.ScriptEngine.runScriptAsRawText(ScriptEngine.java:119)
	at com.kms.katalon.core.main.TestCaseExecutor.runScript(TestCaseExecutor.java:448)
	at com.kms.katalon.core.main.TestCaseExecutor.doExecute(TestCaseExecutor.java:439)
	at com.kms.katalon.core.main.TestCaseExecutor.processExecutionPhase(TestCaseExecutor.java:418)
	at com.kms.katalon.core.main.TestCaseExecutor.accessMainPhase(TestCaseExecutor.java:410)
	at com.kms.katalon.core.main.TestCaseExecutor.execute(TestCaseExecutor.java:285)
	at com.kms.katalon.core.main.TestCaseMain.runTestCase(TestCaseMain.java:137)
	at com.kms.katalon.core.keyword.builtin.CallTestCaseKeyword$_callTestCase_closure1.doCall(CallTestCaseKeyword.groovy:59)
	at com.kms.katalon.core.keyword.builtin.CallTestCaseKeyword$_callTestCase_closure1.call(CallTestCaseKeyword.groovy)
	at com.kms.katalon.core.keyword.internal.KeywordMain.runKeyword(KeywordMain.groovy:75)
	at com.kms.katalon.core.keyword.builtin.CallTestCaseKeyword.callTestCase(CallTestCaseKeyword.groovy:81)
	at com.kms.katalon.core.keyword.builtin.CallTestCaseKeyword.execute(CallTestCaseKeyword.groovy:44)
	at com.kms.katalon.core.keyword.internal.KeywordExecutor.executeKeywordForPlatform(KeywordExecutor.groovy:74)
	at com.kms.katalon.core.keyword.BuiltinKeywords.callTestCase(BuiltinKeywords.groovy:310)
	at jdk.internal.reflect.GeneratedMethodAccessor25.invoke(Unknown Source)
	at java.base/jdk.internal.reflect.DelegatingMethodAccessorImpl.invoke(DelegatingMethodAccessorImpl.java:43)
	at Restricción-O.run(Restricción-O:22)
	at com.kms.katalon.core.main.ScriptEngine.run(ScriptEngine.java:194)
	at com.kms.katalon.core.main.ScriptEngine.runScriptAsRawText(ScriptEngine.java:119)
	at com.kms.katalon.core.main.TestCaseExecutor.runScript(TestCaseExecutor.java:448)
	at com.kms.katalon.core.main.TestCaseExecutor.doExecute(TestCaseExecutor.java:439)
	at com.kms.katalon.core.main.TestCaseExecutor.processExecutionPhase(TestCaseExecutor.java:418)
	at com.kms.katalon.core.main.TestCaseExecutor.accessMainPhase(TestCaseExecutor.java:410)
	at com.kms.katalon.core.main.TestCaseExecutor.execute(TestCaseExecutor.java:285)
	at com.kms.katalon.core.common.CommonExecutor.accessTestCaseMainPhase(CommonExecutor.java:65)
	at com.kms.katalon.core.main.TestSuiteExecutor.accessTestSuiteMainPhase(TestSuiteExecutor.java:150)
	at com.kms.katalon.core.main.TestSuiteExecutor.execute(TestSuiteExecutor.java:106)
	at com.kms.katalon.core.main.TestCaseMain.startTestSuite(TestCaseMain.java:180)
	at TempTestSuite1732729948317.run(TempTestSuite1732729948317.groovy:35)
	at java.base/jdk.internal.reflect.NativeMethodAccessorImpl.invoke0(Native Method)
	at java.base/jdk.internal.reflect.NativeMethodAccessorImpl.invoke(NativeMethodAccessorImpl.java:77)
	at java.base/jdk.internal.reflect.DelegatingMethodAccessorImpl.invoke(DelegatingMethodAccessorImpl.java:43)
Caused by: org.openqa.selenium.ElementClickInterceptedException: Element <button id="btn_aceptar_tipo_envio" class="btn disabled" type="button"> is not clickable at point (675,588) because another element <div class="modal-footer"> obscures it
Build info: version: '3.141.59', revision: 'unknown', time: 'unknown'
System info: host: 'DESKTOP-RGFFP9A', ip: '10.136.10.6', os.name: 'Windows 11', os.arch: 'amd64', os.version: '10.0', java.version: '17.0.7'
Driver info: com.kms.katalon.core.webui.driver.firefox.CGeckoDriver
Capabilities {acceptInsecureCerts: true, browserName: firefox, browserVersion: 133.0, javascriptEnabled: true, moz:accessibilityChecks: false, moz:buildID: 20241121140525, moz:geckodriverVersion: 0.35.0, moz:headless: false, moz:platformVersion: 10.0, moz:processID: 30624, moz:profile: C:\Users\OLVATI\AppData\Loc..., moz:shutdownTimeout: 60000, moz:webdriverClick: true, moz:windowless: false, pageLoadStrategy: normal, platform: WINDOWS, platformName: WINDOWS, proxy: Proxy(direct), setWindowRect: true, strictFileInteractability: false, timeouts: {implicit: 0, pageLoad: 300000, script: 30000}, unhandledPromptBehavior: dismiss and notify, userAgent: Mozilla/5.0 (Windows NT 10....}
Session ID: 8a75ed65-b2dd-4c66-b579-adf8ea3ab06f
	at jdk.internal.reflect.GeneratedConstructorAccessor32.newInstance(Unknown Source)
	at java.base/jdk.internal.reflect.DelegatingConstructorAccessorImpl.newInstance(DelegatingConstructorAccessorImpl.java:45)
	at org.openqa.selenium.remote.http.W3CHttpResponseCodec.createException(W3CHttpResponseCodec.java:187)
	at org.openqa.selenium.remote.http.W3CHttpResponseCodec.decode(W3CHttpResponseCodec.java:122)
	at org.openqa.selenium.remote.http.W3CHttpResponseCodec.decode(W3CHttpResponseCodec.java:49)
	at org.openqa.selenium.remote.HttpCommandExecutor.execute(HttpCommandExecutor.java:158)
	at org.openqa.selenium.remote.service.DriverCommandExecutor.execute(DriverCommandExecutor.java:83)
	at org.openqa.selenium.remote.RemoteWebDriver.execute(RemoteWebDriver.java:552)
	at com.kms.katalon.selenium.driver.CFirefoxDriver.execute(CFirefoxDriver.java:28)
	at org.openqa.selenium.remote.RemoteWebElement.execute(RemoteWebElement.java:285)
	at org.openqa.selenium.remote.RemoteWebElement.click(RemoteWebElement.java:84)
	at jdk.internal.reflect.GeneratedMethodAccessor10.invoke(Unknown Source)
	at java.base/jdk.internal.reflect.DelegatingMethodAccessorImpl.invoke(DelegatingMethodAccessorImpl.java:43)
	at org.openqa.selenium.support.events.EventFiringWebDriver$EventFiringWebElement.lambda$new$0(EventFiringWebDriver.java:404)
	at jdk.proxy2/jdk.proxy2.$Proxy21.click(Unknown Source)
	at org.openqa.selenium.support.events.EventFiringWebDriver$EventFiringWebElement.click(EventFiringWebDriver.java:417)
	at org.openqa.selenium.WebElement$click.call(Unknown Source)
	at com.kms.katalon.core.webui.keyword.builtin.ClickKeyword.clickUntilSuccessWithTimeout(ClickKeyword.groovy:81)
	at com.kms.katalon.core.webui.keyword.builtin.ClickKeyword.clickUntilSuccessWithTimeout(ClickKeyword.groovy)
	at jdk.internal.reflect.GeneratedMethodAccessor8.invoke(Unknown Source)
	at java.base/jdk.internal.reflect.DelegatingMethodAccessorImpl.invoke(DelegatingMethodAccessorImpl.java:43)
	at com.kms.katalon.core.webui.keyword.builtin.ClickKeyword$_click_closure1.doCall(ClickKeyword.groovy:67)
	at com.kms.katalon.core.webui.keyword.builtin.ClickKeyword$_click_closure1.call(ClickKeyword.groovy)
	at com.kms.katalon.core.webui.keyword.internal.WebUIKeywordMain.runKeyword(WebUIKeywordMain.groovy:35)
	... 38 more


27-11-2024T13:34:14 - [TEST_STEP][PASSED] - click(findTestObject("Object Repository/Principal/Page_Olva Courier  Home/img_Envo de cajas o paquetescon un peso mxi_37770f")): Object: 'Object Repository/Principal/Page_Olva Courier  Home/img_Envo de cajas o paquetescon un peso mxi_37770f' is clicked on

27-11-2024T13:34:15 - [MESSAGE][PASSED] - Object: 'Object Repository/Principal/Page_Olva Courier  Home/img_Envo de cajas o paquetescon un peso mxi_37770f' is clicked on

27-11-2024T13:34:15 - [TEST_STEP][PASSED] - click(findTestObject("Object Repository/Principal/Page_Olva Courier  Home/label_He ledo y acepto los trminos de uso y_adab65")): Object: 'Object Repository/Principal/Page_Olva Courier  Home/label_He ledo y acepto los trminos de uso y_adab65' is clicked on

27-11-2024T13:34:15 - [MESSAGE][PASSED] - Object: 'Object Repository/Principal/Page_Olva Courier  Home/label_He ledo y acepto los trminos de uso y_adab65' is clicked on

27-11-2024T13:34:15 - [TEST_STEP][FAILED] - click(findTestObject("Object Repository/Principal/Page_Olva Courier  Home/button_CONTINUAR (2)")): Unable to click on object 'Object Repository/Principal/Page_Olva Courier  Home/button_CONTINUAR (2)' (Root cause: com.kms.katalon.core.exception.StepFailedException: Unable to click on object 'Object Repository/Principal/Page_Olva Courier  Home/button_CONTINUAR (2)'
	at com.kms.katalon.core.webui.keyword.internal.WebUIKeywordMain.stepFailed(WebUIKeywordMain.groovy:117)
	at com.kms.katalon.core.webui.keyword.internal.WebUIKeywordMain.runKeyword(WebUIKeywordMain.groovy:43)
	at com.kms.katalon.core.webui.keyword.builtin.ClickKeyword.click(ClickKeyword.groovy:74)
	at com.kms.katalon.core.webui.keyword.builtin.ClickKeyword.execute(ClickKeyword.groovy:40)
	at com.kms.katalon.core.keyword.internal.KeywordExecutor.executeKeywordForPlatform(KeywordExecutor.groovy:74)
	at com.kms.katalon.core.webui.keyword.WebUiBuiltInKeywords.click(WebUiBuiltInKeywords.groovy:659)
	at Selec_sobre.run(Selec_sobre:24)
	at com.kms.katalon.core.main.ScriptEngine.run(ScriptEngine.java:194)
	at com.kms.katalon.core.main.ScriptEngine.runScriptAsRawText(ScriptEngine.java:119)
	at com.kms.katalon.core.main.TestCaseExecutor.runScript(TestCaseExecutor.java:448)
	at com.kms.katalon.core.main.TestCaseExecutor.doExecute(TestCaseExecutor.java:439)
	at com.kms.katalon.core.main.TestCaseExecutor.processExecutionPhase(TestCaseExecutor.java:418)
	at com.kms.katalon.core.main.TestCaseExecutor.accessMainPhase(TestCaseExecutor.java:410)
	at com.kms.katalon.core.main.TestCaseExecutor.execute(TestCaseExecutor.java:285)
	at com.kms.katalon.core.main.TestCaseMain.runTestCase(TestCaseMain.java:137)
	at com.kms.katalon.core.keyword.builtin.CallTestCaseKeyword$_callTestCase_closure1.doCall(CallTestCaseKeyword.groovy:59)
	at com.kms.katalon.core.keyword.builtin.CallTestCaseKeyword$_callTestCase_closure1.call(CallTestCaseKeyword.groovy)
	at com.kms.katalon.core.keyword.internal.KeywordMain.runKeyword(KeywordMain.groovy:75)
	at com.kms.katalon.core.keyword.builtin.CallTestCaseKeyword.callTestCase(CallTestCaseKeyword.groovy:81)
	at com.kms.katalon.core.keyword.builtin.CallTestCaseKeyword.execute(CallTestCaseKeyword.groovy:44)
	at com.kms.katalon.core.keyword.internal.KeywordExecutor.executeKeywordForPlatform(KeywordExecutor.groovy:74)
	at com.kms.katalon.core.keyword.BuiltinKeywords.callTestCase(BuiltinKeywords.groovy:310)
	at jdk.internal.reflect.GeneratedMethodAccessor25.invoke(Unknown Source)
	at java.base/jdk.internal.reflect.DelegatingMethodAccessorImpl.invoke(DelegatingMethodAccessorImpl.java:43)
	at Restricción-O.run(Restricción-O:22)
	at com.kms.katalon.core.main.ScriptEngine.run(ScriptEngine.java:194)
	at com.kms.katalon.core.main.ScriptEngine.runScriptAsRawText(ScriptEngine.java:119)
	at com.kms.katalon.core.main.TestCaseExecutor.runScript(TestCaseExecutor.java:448)
	at com.kms.katalon.core.main.TestCaseExecutor.doExecute(TestCaseExecutor.java:439)
	at com.kms.katalon.core.main.TestCaseExecutor.processExecutionPhase(TestCaseExecutor.java:418)
	at com.kms.katalon.core.main.TestCaseExecutor.accessMainPhase(TestCaseExecutor.java:410)
	at com.kms.katalon.core.main.TestCaseExecutor.execute(TestCaseExecutor.java:285)
	at com.kms.katalon.core.common.CommonExecutor.accessTestCaseMainPhase(CommonExecutor.java:65)
	at com.kms.katalon.core.main.TestSuiteExecutor.accessTestSuiteMainPhase(TestSuiteExecutor.java:150)
	at com.kms.katalon.core.main.TestSuiteExecutor.execute(TestSuiteExecutor.java:106)
	at com.kms.katalon.core.main.TestCaseMain.startTestSuite(TestCaseMain.java:180)
	at TempTestSuite1732729948317.run(TempTestSuite1732729948317.groovy:35)
	at java.base/jdk.internal.reflect.NativeMethodAccessorImpl.invoke0(Native Method)
	at java.base/jdk.internal.reflect.NativeMethodAccessorImpl.invoke(NativeMethodAccessorImpl.java:77)
	at java.base/jdk.internal.reflect.DelegatingMethodAccessorImpl.invoke(DelegatingMethodAccessorImpl.java:43)
Caused by: org.openqa.selenium.ElementClickInterceptedException: Element <button id="btn_aceptar_tipo_envio" class="btn disabled" type="button"> is not clickable at point (675,588) because another element <div class="modal-footer"> obscures it
Build info: version: '3.141.59', revision: 'unknown', time: 'unknown'
System info: host: 'DESKTOP-RGFFP9A', ip: '10.136.10.6', os.name: 'Windows 11', os.arch: 'amd64', os.version: '10.0', java.version: '17.0.7'
Driver info: com.kms.katalon.core.webui.driver.firefox.CGeckoDriver
Capabilities {acceptInsecureCerts: true, browserName: firefox, browserVersion: 133.0, javascriptEnabled: true, moz:accessibilityChecks: false, moz:buildID: 20241121140525, moz:geckodriverVersion: 0.35.0, moz:headless: false, moz:platformVersion: 10.0, moz:processID: 30624, moz:profile: C:\Users\OLVATI\AppData\Loc..., moz:shutdownTimeout: 60000, moz:webdriverClick: true, moz:windowless: false, pageLoadStrategy: normal, platform: WINDOWS, platformName: WINDOWS, proxy: Proxy(direct), setWindowRect: true, strictFileInteractability: false, timeouts: {implicit: 0, pageLoad: 300000, script: 30000}, unhandledPromptBehavior: dismiss and notify, userAgent: Mozilla/5.0 (Windows NT 10....}
Session ID: 8a75ed65-b2dd-4c66-b579-adf8ea3ab06f
	at jdk.internal.reflect.GeneratedConstructorAccessor32.newInstance(Unknown Source)
	at java.base/jdk.internal.reflect.DelegatingConstructorAccessorImpl.newInstance(DelegatingConstructorAccessorImpl.java:45)
	at org.openqa.selenium.remote.http.W3CHttpResponseCodec.createException(W3CHttpResponseCodec.java:187)
	at org.openqa.selenium.remote.http.W3CHttpResponseCodec.decode(W3CHttpResponseCodec.java:122)
	at org.openqa.selenium.remote.http.W3CHttpResponseCodec.decode(W3CHttpResponseCodec.java:49)
	at org.openqa.selenium.remote.HttpCommandExecutor.execute(HttpCommandExecutor.java:158)
	at org.openqa.selenium.remote.service.DriverCommandExecutor.execute(DriverCommandExecutor.java:83)
	at org.openqa.selenium.remote.RemoteWebDriver.execute(RemoteWebDriver.java:552)
	at com.kms.katalon.selenium.driver.CFirefoxDriver.execute(CFirefoxDriver.java:28)
	at org.openqa.selenium.remote.RemoteWebElement.execute(RemoteWebElement.java:285)
	at org.openqa.selenium.remote.RemoteWebElement.click(RemoteWebElement.java:84)
	at jdk.internal.reflect.GeneratedMethodAccessor10.invoke(Unknown Source)
	at java.base/jdk.internal.reflect.DelegatingMethodAccessorImpl.invoke(DelegatingMethodAccessorImpl.java:43)
	at org.openqa.selenium.support.events.EventFiringWebDriver$EventFiringWebElement.lambda$new$0(EventFiringWebDriver.java:404)
	at jdk.proxy2/jdk.proxy2.$Proxy21.click(Unknown Source)
	at org.openqa.selenium.support.events.EventFiringWebDriver$EventFiringWebElement.click(EventFiringWebDriver.java:417)
	at org.openqa.selenium.WebElement$click.call(Unknown Source)
	at com.kms.katalon.core.webui.keyword.builtin.ClickKeyword.clickUntilSuccessWithTimeout(ClickKeyword.groovy:81)
	at com.kms.katalon.core.webui.keyword.builtin.ClickKeyword.clickUntilSuccessWithTimeout(ClickKeyword.groovy)
	at jdk.internal.reflect.GeneratedMethodAccessor8.invoke(Unknown Source)
	at java.base/jdk.internal.reflect.DelegatingMethodAccessorImpl.invoke(DelegatingMethodAccessorImpl.java:43)
	at com.kms.katalon.core.webui.keyword.builtin.ClickKeyword$_click_closure1.doCall(ClickKeyword.groovy:67)
	at com.kms.katalon.core.webui.keyword.builtin.ClickKeyword$_click_closure1.call(ClickKeyword.groovy)
	at com.kms.katalon.core.webui.keyword.internal.WebUIKeywordMain.runKeyword(WebUIKeywordMain.groovy:35)
	at com.kms.katalon.core.webui.keyword.builtin.ClickKeyword.click(ClickKeyword.groovy:74)
	at com.kms.katalon.core.webui.keyword.builtin.ClickKeyword.execute(ClickKeyword.groovy:40)
	at com.kms.katalon.core.keyword.internal.KeywordExecutor.executeKeywordForPlatform(KeywordExecutor.groovy:74)
	at com.kms.katalon.core.webui.keyword.WebUiBuiltInKeywords.click(WebUiBuiltInKeywords.groovy:659)
	at Script1732083570761.run(Script1732083570761.groovy:24)
	at com.kms.katalon.core.main.ScriptEngine.run(ScriptEngine.java:194)
	at com.kms.katalon.core.main.ScriptEngine.runScriptAsRawText(ScriptEngine.java:119)
	at com.kms.katalon.core.main.TestCaseExecutor.runScript(TestCaseExecutor.java:448)
	at com.kms.katalon.core.main.TestCaseExecutor.doExecute(TestCaseExecutor.java:439)
	at com.kms.katalon.core.main.TestCaseExecutor.processExecutionPhase(TestCaseExecutor.java:418)
	at com.kms.katalon.core.main.TestCaseExecutor.accessMainPhase(TestCaseExecutor.java:410)
	at com.kms.katalon.core.main.TestCaseExecutor.execute(TestCaseExecutor.java:285)
	at com.kms.katalon.core.main.TestCaseMain.runTestCase(TestCaseMain.java:137)
	at com.kms.katalon.core.keyword.builtin.CallTestCaseKeyword$_callTestCase_closure1.doCall(CallTestCaseKeyword.groovy:59)
	at com.kms.katalon.core.keyword.builtin.CallTestCaseKeyword$_callTestCase_closure1.call(CallTestCaseKeyword.groovy)
	at com.kms.katalon.core.keyword.internal.KeywordMain.runKeyword(KeywordMain.groovy:75)
	at com.kms.katalon.core.keyword.builtin.CallTestCaseKeyword.callTestCase(CallTestCaseKeyword.groovy:81)
	at com.kms.katalon.core.keyword.builtin.CallTestCaseKeyword.execute(CallTestCaseKeyword.groovy:44)
	at com.kms.katalon.core.keyword.internal.KeywordExecutor.executeKeywordForPlatform(KeywordExecutor.groovy:74)
	at com.kms.katalon.core.keyword.BuiltinKeywords.callTestCase(BuiltinKeywords.groovy:310)
	at jdk.internal.reflect.GeneratedMethodAccessor25.invoke(Unknown Source)
	at java.base/jdk.internal.reflect.DelegatingMethodAccessorImpl.invoke(DelegatingMethodAccessorImpl.java:43)
	at Script1732341471778.run(Script1732341471778.groovy:22)
	... 15 more
)

27-11-2024T13:34:46 - [MESSAGE][FAILED] - Unable to click on object 'Object Repository/Principal/Page_Olva Courier  Home/button_CONTINUAR (2)' (Root cause: com.kms.katalon.core.exception.StepFailedException: Unable to click on object 'Object Repository/Principal/Page_Olva Courier  Home/button_CONTINUAR (2)'
	at com.kms.katalon.core.webui.keyword.internal.WebUIKeywordMain.stepFailed(WebUIKeywordMain.groovy:117)
	at com.kms.katalon.core.webui.keyword.internal.WebUIKeywordMain.runKeyword(WebUIKeywordMain.groovy:43)
	at com.kms.katalon.core.webui.keyword.builtin.ClickKeyword.click(ClickKeyword.groovy:74)
	at com.kms.katalon.core.webui.keyword.builtin.ClickKeyword.execute(ClickKeyword.groovy:40)
	at com.kms.katalon.core.keyword.internal.KeywordExecutor.executeKeywordForPlatform(KeywordExecutor.groovy:74)
	at com.kms.katalon.core.webui.keyword.WebUiBuiltInKeywords.click(WebUiBuiltInKeywords.groovy:659)
	at Selec_sobre.run(Selec_sobre:24)
	at com.kms.katalon.core.main.ScriptEngine.run(ScriptEngine.java:194)
	at com.kms.katalon.core.main.ScriptEngine.runScriptAsRawText(ScriptEngine.java:119)
	at com.kms.katalon.core.main.TestCaseExecutor.runScript(TestCaseExecutor.java:448)
	at com.kms.katalon.core.main.TestCaseExecutor.doExecute(TestCaseExecutor.java:439)
	at com.kms.katalon.core.main.TestCaseExecutor.processExecutionPhase(TestCaseExecutor.java:418)
	at com.kms.katalon.core.main.TestCaseExecutor.accessMainPhase(TestCaseExecutor.java:410)
	at com.kms.katalon.core.main.TestCaseExecutor.execute(TestCaseExecutor.java:285)
	at com.kms.katalon.core.main.TestCaseMain.runTestCase(TestCaseMain.java:137)
	at com.kms.katalon.core.keyword.builtin.CallTestCaseKeyword$_callTestCase_closure1.doCall(CallTestCaseKeyword.groovy:59)
	at com.kms.katalon.core.keyword.builtin.CallTestCaseKeyword$_callTestCase_closure1.call(CallTestCaseKeyword.groovy)
	at com.kms.katalon.core.keyword.internal.KeywordMain.runKeyword(KeywordMain.groovy:75)
	at com.kms.katalon.core.keyword.builtin.CallTestCaseKeyword.callTestCase(CallTestCaseKeyword.groovy:81)
	at com.kms.katalon.core.keyword.builtin.CallTestCaseKeyword.execute(CallTestCaseKeyword.groovy:44)
	at com.kms.katalon.core.keyword.internal.KeywordExecutor.executeKeywordForPlatform(KeywordExecutor.groovy:74)
	at com.kms.katalon.core.keyword.BuiltinKeywords.callTestCase(BuiltinKeywords.groovy:310)
	at jdk.internal.reflect.GeneratedMethodAccessor25.invoke(Unknown Source)
	at java.base/jdk.internal.reflect.DelegatingMethodAccessorImpl.invoke(DelegatingMethodAccessorImpl.java:43)
	at Restricción-O.run(Restricción-O:22)
	at com.kms.katalon.core.main.ScriptEngine.run(ScriptEngine.java:194)
	at com.kms.katalon.core.main.ScriptEngine.runScriptAsRawText(ScriptEngine.java:119)
	at com.kms.katalon.core.main.TestCaseExecutor.runScript(TestCaseExecutor.java:448)
	at com.kms.katalon.core.main.TestCaseExecutor.doExecute(TestCaseExecutor.java:439)
	at com.kms.katalon.core.main.TestCaseExecutor.processExecutionPhase(TestCaseExecutor.java:418)
	at com.kms.katalon.core.main.TestCaseExecutor.accessMainPhase(TestCaseExecutor.java:410)
	at com.kms.katalon.core.main.TestCaseExecutor.execute(TestCaseExecutor.java:285)
	at com.kms.katalon.core.common.CommonExecutor.accessTestCaseMainPhase(CommonExecutor.java:65)
	at com.kms.katalon.core.main.TestSuiteExecutor.accessTestSuiteMainPhase(TestSuiteExecutor.java:150)
	at com.kms.katalon.core.main.TestSuiteExecutor.execute(TestSuiteExecutor.java:106)
	at com.kms.katalon.core.main.TestCaseMain.startTestSuite(TestCaseMain.java:180)
	at TempTestSuite1732729948317.run(TempTestSuite1732729948317.groovy:35)
	at java.base/jdk.internal.reflect.NativeMethodAccessorImpl.invoke0(Native Method)
	at java.base/jdk.internal.reflect.NativeMethodAccessorImpl.invoke(NativeMethodAccessorImpl.java:77)
	at java.base/jdk.internal.reflect.DelegatingMethodAccessorImpl.invoke(DelegatingMethodAccessorImpl.java:43)
Caused by: org.openqa.selenium.ElementClickInterceptedException: Element <button id="btn_aceptar_tipo_envio" class="btn disabled" type="button"> is not clickable at point (675,588) because another element <div class="modal-footer"> obscures it
Build info: version: '3.141.59', revision: 'unknown', time: 'unknown'
System info: host: 'DESKTOP-RGFFP9A', ip: '10.136.10.6', os.name: 'Windows 11', os.arch: 'amd64', os.version: '10.0', java.version: '17.0.7'
Driver info: com.kms.katalon.core.webui.driver.firefox.CGeckoDriver
Capabilities {acceptInsecureCerts: true, browserName: firefox, browserVersion: 133.0, javascriptEnabled: true, moz:accessibilityChecks: false, moz:buildID: 20241121140525, moz:geckodriverVersion: 0.35.0, moz:headless: false, moz:platformVersion: 10.0, moz:processID: 30624, moz:profile: C:\Users\OLVATI\AppData\Loc..., moz:shutdownTimeout: 60000, moz:webdriverClick: true, moz:windowless: false, pageLoadStrategy: normal, platform: WINDOWS, platformName: WINDOWS, proxy: Proxy(direct), setWindowRect: true, strictFileInteractability: false, timeouts: {implicit: 0, pageLoad: 300000, script: 30000}, unhandledPromptBehavior: dismiss and notify, userAgent: Mozilla/5.0 (Windows NT 10....}
Session ID: 8a75ed65-b2dd-4c66-b579-adf8ea3ab06f
	at jdk.internal.reflect.GeneratedConstructorAccessor32.newInstance(Unknown Source)
	at java.base/jdk.internal.reflect.DelegatingConstructorAccessorImpl.newInstance(DelegatingConstructorAccessorImpl.java:45)
	at org.openqa.selenium.remote.http.W3CHttpResponseCodec.createException(W3CHttpResponseCodec.java:187)
	at org.openqa.selenium.remote.http.W3CHttpResponseCodec.decode(W3CHttpResponseCodec.java:122)
	at org.openqa.selenium.remote.http.W3CHttpResponseCodec.decode(W3CHttpResponseCodec.java:49)
	at org.openqa.selenium.remote.HttpCommandExecutor.execute(HttpCommandExecutor.java:158)
	at org.openqa.selenium.remote.service.DriverCommandExecutor.execute(DriverCommandExecutor.java:83)
	at org.openqa.selenium.remote.RemoteWebDriver.execute(RemoteWebDriver.java:552)
	at com.kms.katalon.selenium.driver.CFirefoxDriver.execute(CFirefoxDriver.java:28)
	at org.openqa.selenium.remote.RemoteWebElement.execute(RemoteWebElement.java:285)
	at org.openqa.selenium.remote.RemoteWebElement.click(RemoteWebElement.java:84)
	at jdk.internal.reflect.GeneratedMethodAccessor10.invoke(Unknown Source)
	at java.base/jdk.internal.reflect.DelegatingMethodAccessorImpl.invoke(DelegatingMethodAccessorImpl.java:43)
	at org.openqa.selenium.support.events.EventFiringWebDriver$EventFiringWebElement.lambda$new$0(EventFiringWebDriver.java:404)
	at jdk.proxy2/jdk.proxy2.$Proxy21.click(Unknown Source)
	at org.openqa.selenium.support.events.EventFiringWebDriver$EventFiringWebElement.click(EventFiringWebDriver.java:417)
	at org.openqa.selenium.WebElement$click.call(Unknown Source)
	at com.kms.katalon.core.webui.keyword.builtin.ClickKeyword.clickUntilSuccessWithTimeout(ClickKeyword.groovy:81)
	at com.kms.katalon.core.webui.keyword.builtin.ClickKeyword.clickUntilSuccessWithTimeout(ClickKeyword.groovy)
	at jdk.internal.reflect.GeneratedMethodAccessor8.invoke(Unknown Source)
	at java.base/jdk.internal.reflect.DelegatingMethodAccessorImpl.invoke(DelegatingMethodAccessorImpl.java:43)
	at com.kms.katalon.core.webui.keyword.builtin.ClickKeyword$_click_closure1.doCall(ClickKeyword.groovy:67)
	at com.kms.katalon.core.webui.keyword.builtin.ClickKeyword$_click_closure1.call(ClickKeyword.groovy)
	at com.kms.katalon.core.webui.keyword.internal.WebUIKeywordMain.runKeyword(WebUIKeywordMain.groovy:35)
	at com.kms.katalon.core.webui.keyword.builtin.ClickKeyword.click(ClickKeyword.groovy:74)
	at com.kms.katalon.core.webui.keyword.builtin.ClickKeyword.execute(ClickKeyword.groovy:40)
	at com.kms.katalon.core.keyword.internal.KeywordExecutor.executeKeywordForPlatform(KeywordExecutor.groovy:74)
	at com.kms.katalon.core.webui.keyword.WebUiBuiltInKeywords.click(WebUiBuiltInKeywords.groovy:659)
	at Script1732083570761.run(Script1732083570761.groovy:24)
	at com.kms.katalon.core.main.ScriptEngine.run(ScriptEngine.java:194)
	at com.kms.katalon.core.main.ScriptEngine.runScriptAsRawText(ScriptEngine.java:119)
	at com.kms.katalon.core.main.TestCaseExecutor.runScript(TestCaseExecutor.java:448)
	at com.kms.katalon.core.main.TestCaseExecutor.doExecute(TestCaseExecutor.java:439)
	at com.kms.katalon.core.main.TestCaseExecutor.processExecutionPhase(TestCaseExecutor.java:418)
	at com.kms.katalon.core.main.TestCaseExecutor.accessMainPhase(TestCaseExecutor.java:410)
	at com.kms.katalon.core.main.TestCaseExecutor.execute(TestCaseExecutor.java:285)
	at com.kms.katalon.core.main.TestCaseMain.runTestCase(TestCaseMain.java:137)
	at com.kms.katalon.core.keyword.builtin.CallTestCaseKeyword$_callTestCase_closure1.doCall(CallTestCaseKeyword.groovy:59)
	at com.kms.katalon.core.keyword.builtin.CallTestCaseKeyword$_callTestCase_closure1.call(CallTestCaseKeyword.groovy)
	at com.kms.katalon.core.keyword.internal.KeywordMain.runKeyword(KeywordMain.groovy:75)
	at com.kms.katalon.core.keyword.builtin.CallTestCaseKeyword.callTestCase(CallTestCaseKeyword.groovy:81)
	at com.kms.katalon.core.keyword.builtin.CallTestCaseKeyword.execute(CallTestCaseKeyword.groovy:44)
	at com.kms.katalon.core.keyword.internal.KeywordExecutor.executeKeywordForPlatform(KeywordExecutor.groovy:74)
	at com.kms.katalon.core.keyword.BuiltinKeywords.callTestCase(BuiltinKeywords.groovy:310)
	at jdk.internal.reflect.GeneratedMethodAccessor25.invoke(Unknown Source)
	at java.base/jdk.internal.reflect.DelegatingMethodAccessorImpl.invoke(DelegatingMethodAccessorImpl.java:43)
	at Script1732341471778.run(Script1732341471778.groovy:22)
	... 15 more
)

27-11-2024T13:34:46 - [MESSAGE][FAILED] - Unable to call Test Case 'Test Cases/1.Inicio/1.1Principal/Selec_sobre' (Root cause: com.kms.katalon.core.exception.StepFailedException: Call Test Case 'Test Cases/1.Inicio/1.1Principal/Selec_sobre' failed
	at com.kms.katalon.core.keyword.builtin.CallTestCaseKeyword$_callTestCase_closure1.doCall(CallTestCaseKeyword.groovy:63)
	at com.kms.katalon.core.keyword.builtin.CallTestCaseKeyword$_callTestCase_closure1.call(CallTestCaseKeyword.groovy)
	at com.kms.katalon.core.keyword.internal.KeywordMain.runKeyword(KeywordMain.groovy:75)
	at com.kms.katalon.core.keyword.builtin.CallTestCaseKeyword.callTestCase(CallTestCaseKeyword.groovy:81)
	at com.kms.katalon.core.keyword.builtin.CallTestCaseKeyword.execute(CallTestCaseKeyword.groovy:44)
	at com.kms.katalon.core.keyword.internal.KeywordExecutor.executeKeywordForPlatform(KeywordExecutor.groovy:74)
	at com.kms.katalon.core.keyword.BuiltinKeywords.callTestCase(BuiltinKeywords.groovy:310)
	at jdk.internal.reflect.GeneratedMethodAccessor25.invoke(Unknown Source)
	at java.base/jdk.internal.reflect.DelegatingMethodAccessorImpl.invoke(DelegatingMethodAccessorImpl.java:43)
	at Restricción-O.run(Restricción-O:22)
	at com.kms.katalon.core.main.ScriptEngine.run(ScriptEngine.java:194)
	at com.kms.katalon.core.main.ScriptEngine.runScriptAsRawText(ScriptEngine.java:119)
	at com.kms.katalon.core.main.TestCaseExecutor.runScript(TestCaseExecutor.java:448)
	at com.kms.katalon.core.main.TestCaseExecutor.doExecute(TestCaseExecutor.java:439)
	at com.kms.katalon.core.main.TestCaseExecutor.processExecutionPhase(TestCaseExecutor.java:418)
	at com.kms.katalon.core.main.TestCaseExecutor.accessMainPhase(TestCaseExecutor.java:410)
	at com.kms.katalon.core.main.TestCaseExecutor.execute(TestCaseExecutor.java:285)
	at com.kms.katalon.core.common.CommonExecutor.accessTestCaseMainPhase(CommonExecutor.java:65)
	at com.kms.katalon.core.main.TestSuiteExecutor.accessTestSuiteMainPhase(TestSuiteExecutor.java:150)
	at com.kms.katalon.core.main.TestSuiteExecutor.execute(TestSuiteExecutor.java:106)
	at com.kms.katalon.core.main.TestCaseMain.startTestSuite(TestCaseMain.java:180)
	at TempTestSuite1732729948317.run(TempTestSuite1732729948317.groovy:35)
	at java.base/jdk.internal.reflect.NativeMethodAccessorImpl.invoke0(Native Method)
	at java.base/jdk.internal.reflect.NativeMethodAccessorImpl.invoke(NativeMethodAccessorImpl.java:77)
	at java.base/jdk.internal.reflect.DelegatingMethodAccessorImpl.invoke(DelegatingMethodAccessorImpl.java:43)
Caused by: com.kms.katalon.core.exception.StepFailedException: Unable to click on object 'Object Repository/Principal/Page_Olva Courier  Home/button_CONTINUAR (2)'
	at com.kms.katalon.core.webui.keyword.internal.WebUIKeywordMain.stepFailed(WebUIKeywordMain.groovy:117)
	at com.kms.katalon.core.webui.keyword.internal.WebUIKeywordMain.runKeyword(WebUIKeywordMain.groovy:43)
	at com.kms.katalon.core.webui.keyword.builtin.ClickKeyword.click(ClickKeyword.groovy:74)
	at com.kms.katalon.core.webui.keyword.builtin.ClickKeyword.execute(ClickKeyword.groovy:40)
	at com.kms.katalon.core.keyword.internal.KeywordExecutor.executeKeywordForPlatform(KeywordExecutor.groovy:74)
	at com.kms.katalon.core.webui.keyword.WebUiBuiltInKeywords.click(WebUiBuiltInKeywords.groovy:659)
	at Selec_sobre.run(Selec_sobre:24)
	at com.kms.katalon.core.main.ScriptEngine.run(ScriptEngine.java:194)
	at com.kms.katalon.core.main.ScriptEngine.runScriptAsRawText(ScriptEngine.java:119)
	at com.kms.katalon.core.main.TestCaseExecutor.runScript(TestCaseExecutor.java:448)
	at com.kms.katalon.core.main.TestCaseExecutor.doExecute(TestCaseExecutor.java:439)
	at com.kms.katalon.core.main.TestCaseExecutor.processExecutionPhase(TestCaseExecutor.java:418)
	at com.kms.katalon.core.main.TestCaseExecutor.accessMainPhase(TestCaseExecutor.java:410)
	at com.kms.katalon.core.main.TestCaseExecutor.execute(TestCaseExecutor.java:285)
	at com.kms.katalon.core.main.TestCaseMain.runTestCase(TestCaseMain.java:137)
	at com.kms.katalon.core.keyword.builtin.CallTestCaseKeyword$_callTestCase_closure1.doCall(CallTestCaseKeyword.groovy:59)
	... 24 more
Caused by: org.openqa.selenium.ElementClickInterceptedException: Element <button id="btn_aceptar_tipo_envio" class="btn disabled" type="button"> is not clickable at point (675,588) because another element <div class="modal-footer"> obscures it
Build info: version: '3.141.59', revision: 'unknown', time: 'unknown'
System info: host: 'DESKTOP-RGFFP9A', ip: '10.136.10.6', os.name: 'Windows 11', os.arch: 'amd64', os.version: '10.0', java.version: '17.0.7'
Driver info: com.kms.katalon.core.webui.driver.firefox.CGeckoDriver
Capabilities {acceptInsecureCerts: true, browserName: firefox, browserVersion: 133.0, javascriptEnabled: true, moz:accessibilityChecks: false, moz:buildID: 20241121140525, moz:geckodriverVersion: 0.35.0, moz:headless: false, moz:platformVersion: 10.0, moz:processID: 30624, moz:profile: C:\Users\OLVATI\AppData\Loc..., moz:shutdownTimeout: 60000, moz:webdriverClick: true, moz:windowless: false, pageLoadStrategy: normal, platform: WINDOWS, platformName: WINDOWS, proxy: Proxy(direct), setWindowRect: true, strictFileInteractability: false, timeouts: {implicit: 0, pageLoad: 300000, script: 30000}, unhandledPromptBehavior: dismiss and notify, userAgent: Mozilla/5.0 (Windows NT 10....}
Session ID: 8a75ed65-b2dd-4c66-b579-adf8ea3ab06f
	at jdk.internal.reflect.GeneratedConstructorAccessor32.newInstance(Unknown Source)
	at java.base/jdk.internal.reflect.DelegatingConstructorAccessorImpl.newInstance(DelegatingConstructorAccessorImpl.java:45)
	at org.openqa.selenium.remote.http.W3CHttpResponseCodec.createException(W3CHttpResponseCodec.java:187)
	at org.openqa.selenium.remote.http.W3CHttpResponseCodec.decode(W3CHttpResponseCodec.java:122)
	at org.openqa.selenium.remote.http.W3CHttpResponseCodec.decode(W3CHttpResponseCodec.java:49)
	at org.openqa.selenium.remote.HttpCommandExecutor.execute(HttpCommandExecutor.java:158)
	at org.openqa.selenium.remote.service.DriverCommandExecutor.execute(DriverCommandExecutor.java:83)
	at org.openqa.selenium.remote.RemoteWebDriver.execute(RemoteWebDriver.java:552)
	at com.kms.katalon.selenium.driver.CFirefoxDriver.execute(CFirefoxDriver.java:28)
	at org.openqa.selenium.remote.RemoteWebElement.execute(RemoteWebElement.java:285)
	at org.openqa.selenium.remote.RemoteWebElement.click(RemoteWebElement.java:84)
	at jdk.internal.reflect.GeneratedMethodAccessor10.invoke(Unknown Source)
	at java.base/jdk.internal.reflect.DelegatingMethodAccessorImpl.invoke(DelegatingMethodAccessorImpl.java:43)
	at org.openqa.selenium.support.events.EventFiringWebDriver$EventFiringWebElement.lambda$new$0(EventFiringWebDriver.java:404)
	at jdk.proxy2/jdk.proxy2.$Proxy21.click(Unknown Source)
	at org.openqa.selenium.support.events.EventFiringWebDriver$EventFiringWebElement.click(EventFiringWebDriver.java:417)
	at org.openqa.selenium.WebElement$click.call(Unknown Source)
	at com.kms.katalon.core.webui.keyword.builtin.ClickKeyword.clickUntilSuccessWithTimeout(ClickKeyword.groovy:81)
	at com.kms.katalon.core.webui.keyword.builtin.ClickKeyword.clickUntilSuccessWithTimeout(ClickKeyword.groovy)
	at jdk.internal.reflect.GeneratedMethodAccessor8.invoke(Unknown Source)
	at java.base/jdk.internal.reflect.DelegatingMethodAccessorImpl.invoke(DelegatingMethodAccessorImpl.java:43)
	at com.kms.katalon.core.webui.keyword.builtin.ClickKeyword$_click_closure1.doCall(ClickKeyword.groovy:67)
	at com.kms.katalon.core.webui.keyword.builtin.ClickKeyword$_click_closure1.call(ClickKeyword.groovy)
	at com.kms.katalon.core.webui.keyword.internal.WebUIKeywordMain.runKeyword(WebUIKeywordMain.groovy:35)
	... 38 more
)]]></system-out>
         <system-err><![CDATA[27-11-2024T13:34:05 - [TEST_CASE][FAILED] - Test Cases/2.Positivos/2.2Sobre/Origen-Lima/3.Destino-D,DO,O/Restricción-O: Test Cases/2.Positivos/2.2Sobre/Origen-Lima/3.Destino-D,DO,O/Restricción-O FAILED.
Reason:
com.kms.katalon.core.exception.StepFailedException: Call Test Case 'Test Cases/1.Inicio/1.1Principal/Selec_sobre' failed
	at com.kms.katalon.core.keyword.builtin.CallTestCaseKeyword$_callTestCase_closure1.doCall(CallTestCaseKeyword.groovy:63)
	at com.kms.katalon.core.keyword.builtin.CallTestCaseKeyword$_callTestCase_closure1.call(CallTestCaseKeyword.groovy)
	at com.kms.katalon.core.keyword.internal.KeywordMain.runKeyword(KeywordMain.groovy:75)
	at com.kms.katalon.core.keyword.builtin.CallTestCaseKeyword.callTestCase(CallTestCaseKeyword.groovy:81)
	at com.kms.katalon.core.keyword.builtin.CallTestCaseKeyword.execute(CallTestCaseKeyword.groovy:44)
	at com.kms.katalon.core.keyword.internal.KeywordExecutor.executeKeywordForPlatform(KeywordExecutor.groovy:74)
	at com.kms.katalon.core.keyword.BuiltinKeywords.callTestCase(BuiltinKeywords.groovy:310)
	at jdk.internal.reflect.GeneratedMethodAccessor25.invoke(Unknown Source)
	at java.base/jdk.internal.reflect.DelegatingMethodAccessorImpl.invoke(DelegatingMethodAccessorImpl.java:43)
	at Restricción-O.run(Restricción-O:22)
	at com.kms.katalon.core.main.ScriptEngine.run(ScriptEngine.java:194)
	at com.kms.katalon.core.main.ScriptEngine.runScriptAsRawText(ScriptEngine.java:119)
	at com.kms.katalon.core.main.TestCaseExecutor.runScript(TestCaseExecutor.java:448)
	at com.kms.katalon.core.main.TestCaseExecutor.doExecute(TestCaseExecutor.java:439)
	at com.kms.katalon.core.main.TestCaseExecutor.processExecutionPhase(TestCaseExecutor.java:418)
	at com.kms.katalon.core.main.TestCaseExecutor.accessMainPhase(TestCaseExecutor.java:410)
	at com.kms.katalon.core.main.TestCaseExecutor.execute(TestCaseExecutor.java:285)
	at com.kms.katalon.core.common.CommonExecutor.accessTestCaseMainPhase(CommonExecutor.java:65)
	at com.kms.katalon.core.main.TestSuiteExecutor.accessTestSuiteMainPhase(TestSuiteExecutor.java:150)
	at com.kms.katalon.core.main.TestSuiteExecutor.execute(TestSuiteExecutor.java:106)
	at com.kms.katalon.core.main.TestCaseMain.startTestSuite(TestCaseMain.java:180)
	at TempTestSuite1732729948317.run(TempTestSuite1732729948317.groovy:35)
	at java.base/jdk.internal.reflect.NativeMethodAccessorImpl.invoke0(Native Method)
	at java.base/jdk.internal.reflect.NativeMethodAccessorImpl.invoke(NativeMethodAccessorImpl.java:77)
	at java.base/jdk.internal.reflect.DelegatingMethodAccessorImpl.invoke(DelegatingMethodAccessorImpl.java:43)
Caused by: com.kms.katalon.core.exception.StepFailedException: Unable to click on object 'Object Repository/Principal/Page_Olva Courier  Home/button_CONTINUAR (2)'
	at com.kms.katalon.core.webui.keyword.internal.WebUIKeywordMain.stepFailed(WebUIKeywordMain.groovy:117)
	at com.kms.katalon.core.webui.keyword.internal.WebUIKeywordMain.runKeyword(WebUIKeywordMain.groovy:43)
	at com.kms.katalon.core.webui.keyword.builtin.ClickKeyword.click(ClickKeyword.groovy:74)
	at com.kms.katalon.core.webui.keyword.builtin.ClickKeyword.execute(ClickKeyword.groovy:40)
	at com.kms.katalon.core.keyword.internal.KeywordExecutor.executeKeywordForPlatform(KeywordExecutor.groovy:74)
	at com.kms.katalon.core.webui.keyword.WebUiBuiltInKeywords.click(WebUiBuiltInKeywords.groovy:659)
	at Selec_sobre.run(Selec_sobre:24)
	at com.kms.katalon.core.main.ScriptEngine.run(ScriptEngine.java:194)
	at com.kms.katalon.core.main.ScriptEngine.runScriptAsRawText(ScriptEngine.java:119)
	at com.kms.katalon.core.main.TestCaseExecutor.runScript(TestCaseExecutor.java:448)
	at com.kms.katalon.core.main.TestCaseExecutor.doExecute(TestCaseExecutor.java:439)
	at com.kms.katalon.core.main.TestCaseExecutor.processExecutionPhase(TestCaseExecutor.java:418)
	at com.kms.katalon.core.main.TestCaseExecutor.accessMainPhase(TestCaseExecutor.java:410)
	at com.kms.katalon.core.main.TestCaseExecutor.execute(TestCaseExecutor.java:285)
	at com.kms.katalon.core.main.TestCaseMain.runTestCase(TestCaseMain.java:137)
	at com.kms.katalon.core.keyword.builtin.CallTestCaseKeyword$_callTestCase_closure1.doCall(CallTestCaseKeyword.groovy:59)
	... 24 more
Caused by: org.openqa.selenium.ElementClickInterceptedException: Element <button id="btn_aceptar_tipo_envio" class="btn disabled" type="button"> is not clickable at point (675,588) because another element <div class="modal-footer"> obscures it
Build info: version: '3.141.59', revision: 'unknown', time: 'unknown'
System info: host: 'DESKTOP-RGFFP9A', ip: '10.136.10.6', os.name: 'Windows 11', os.arch: 'amd64', os.version: '10.0', java.version: '17.0.7'
Driver info: com.kms.katalon.core.webui.driver.firefox.CGeckoDriver
Capabilities {acceptInsecureCerts: true, browserName: firefox, browserVersion: 133.0, javascriptEnabled: true, moz:accessibilityChecks: false, moz:buildID: 20241121140525, moz:geckodriverVersion: 0.35.0, moz:headless: false, moz:platformVersion: 10.0, moz:processID: 30624, moz:profile: C:\Users\OLVATI\AppData\Loc..., moz:shutdownTimeout: 60000, moz:webdriverClick: true, moz:windowless: false, pageLoadStrategy: normal, platform: WINDOWS, platformName: WINDOWS, proxy: Proxy(direct), setWindowRect: true, strictFileInteractability: false, timeouts: {implicit: 0, pageLoad: 300000, script: 30000}, unhandledPromptBehavior: dismiss and notify, userAgent: Mozilla/5.0 (Windows NT 10....}
Session ID: 8a75ed65-b2dd-4c66-b579-adf8ea3ab06f
	at jdk.internal.reflect.GeneratedConstructorAccessor32.newInstance(Unknown Source)
	at java.base/jdk.internal.reflect.DelegatingConstructorAccessorImpl.newInstance(DelegatingConstructorAccessorImpl.java:45)
	at org.openqa.selenium.remote.http.W3CHttpResponseCodec.createException(W3CHttpResponseCodec.java:187)
	at org.openqa.selenium.remote.http.W3CHttpResponseCodec.decode(W3CHttpResponseCodec.java:122)
	at org.openqa.selenium.remote.http.W3CHttpResponseCodec.decode(W3CHttpResponseCodec.java:49)
	at org.openqa.selenium.remote.HttpCommandExecutor.execute(HttpCommandExecutor.java:158)
	at org.openqa.selenium.remote.service.DriverCommandExecutor.execute(DriverCommandExecutor.java:83)
	at org.openqa.selenium.remote.RemoteWebDriver.execute(RemoteWebDriver.java:552)
	at com.kms.katalon.selenium.driver.CFirefoxDriver.execute(CFirefoxDriver.java:28)
	at org.openqa.selenium.remote.RemoteWebElement.execute(RemoteWebElement.java:285)
	at org.openqa.selenium.remote.RemoteWebElement.click(RemoteWebElement.java:84)
	at jdk.internal.reflect.GeneratedMethodAccessor10.invoke(Unknown Source)
	at java.base/jdk.internal.reflect.DelegatingMethodAccessorImpl.invoke(DelegatingMethodAccessorImpl.java:43)
	at org.openqa.selenium.support.events.EventFiringWebDriver$EventFiringWebElement.lambda$new$0(EventFiringWebDriver.java:404)
	at jdk.proxy2/jdk.proxy2.$Proxy21.click(Unknown Source)
	at org.openqa.selenium.support.events.EventFiringWebDriver$EventFiringWebElement.click(EventFiringWebDriver.java:417)
	at org.openqa.selenium.WebElement$click.call(Unknown Source)
	at com.kms.katalon.core.webui.keyword.builtin.ClickKeyword.clickUntilSuccessWithTimeout(ClickKeyword.groovy:81)
	at com.kms.katalon.core.webui.keyword.builtin.ClickKeyword.clickUntilSuccessWithTimeout(ClickKeyword.groovy)
	at jdk.internal.reflect.GeneratedMethodAccessor8.invoke(Unknown Source)
	at java.base/jdk.internal.reflect.DelegatingMethodAccessorImpl.invoke(DelegatingMethodAccessorImpl.java:43)
	at com.kms.katalon.core.webui.keyword.builtin.ClickKeyword$_click_closure1.doCall(ClickKeyword.groovy:67)
	at com.kms.katalon.core.webui.keyword.builtin.ClickKeyword$_click_closure1.call(ClickKeyword.groovy)
	at com.kms.katalon.core.webui.keyword.internal.WebUIKeywordMain.runKeyword(WebUIKeywordMain.groovy:35)
	... 38 more]]></system-err>
      </testcase>
      <testcase name="Test Cases/2.Positivos/2.2Sobre/Origen-Lima/3.Destino-D,DO,O/Destino-O" time="42.141" classname="Test Cases/2.Positivos/2.2Sobre/Origen-Lima/3.Destino-D,DO,O/Destino-O" status="FAILED">
         <failure type="FAILED" message="Test Cases/2.Positivos/2.2Sobre/Origen-Lima/3.Destino-D,DO,O/Destino-O FAILED.&#xa;Reason:&#xa;com.kms.katalon.core.exception.StepFailedException: Call Test Case 'Test Cases/1.Inicio/1.1Principal/Selec_sobre' failed&#xa;	at com.kms.katalon.core.keyword.builtin.CallTestCaseKeyword$_callTestCase_closure1.doCall(CallTestCaseKeyword.groovy:63)&#xa;	at com.kms.katalon.core.keyword.builtin.CallTestCaseKeyword$_callTestCase_closure1.call(CallTestCaseKeyword.groovy)&#xa;	at com.kms.katalon.core.keyword.internal.KeywordMain.runKeyword(KeywordMain.groovy:75)&#xa;	at com.kms.katalon.core.keyword.builtin.CallTestCaseKeyword.callTestCase(CallTestCaseKeyword.groovy:81)&#xa;	at com.kms.katalon.core.keyword.builtin.CallTestCaseKeyword.execute(CallTestCaseKeyword.groovy:44)&#xa;	at com.kms.katalon.core.keyword.internal.KeywordExecutor.executeKeywordForPlatform(KeywordExecutor.groovy:74)&#xa;	at com.kms.katalon.core.keyword.BuiltinKeywords.callTestCase(BuiltinKeywords.groovy:310)&#xa;	at jdk.internal.reflect.GeneratedMethodAccessor25.invoke(Unknown Source)&#xa;	at java.base/jdk.internal.reflect.DelegatingMethodAccessorImpl.invoke(DelegatingMethodAccessorImpl.java:43)&#xa;	at Destino-O.run(Destino-O:22)&#xa;	at com.kms.katalon.core.main.ScriptEngine.run(ScriptEngine.java:194)&#xa;	at com.kms.katalon.core.main.ScriptEngine.runScriptAsRawText(ScriptEngine.java:119)&#xa;	at com.kms.katalon.core.main.TestCaseExecutor.runScript(TestCaseExecutor.java:448)&#xa;	at com.kms.katalon.core.main.TestCaseExecutor.doExecute(TestCaseExecutor.java:439)&#xa;	at com.kms.katalon.core.main.TestCaseExecutor.processExecutionPhase(TestCaseExecutor.java:418)&#xa;	at com.kms.katalon.core.main.TestCaseExecutor.accessMainPhase(TestCaseExecutor.java:410)&#xa;	at com.kms.katalon.core.main.TestCaseExecutor.execute(TestCaseExecutor.java:285)&#xa;	at com.kms.katalon.core.common.CommonExecutor.accessTestCaseMainPhase(CommonExecutor.java:65)&#xa;	at com.kms.katalon.core.main.TestSuiteExecutor.accessTestSuiteMainPhase(TestSuiteExecutor.java:150)&#xa;	at com.kms.katalon.core.main.TestSuiteExecutor.execute(TestSuiteExecutor.java:106)&#xa;	at com.kms.katalon.core.main.TestCaseMain.startTestSuite(TestCaseMain.java:180)&#xa;	at TempTestSuite1732729948317.run(TempTestSuite1732729948317.groovy:35)&#xa;	at java.base/jdk.internal.reflect.NativeMethodAccessorImpl.invoke0(Native Method)&#xa;	at java.base/jdk.internal.reflect.NativeMethodAccessorImpl.invoke(NativeMethodAccessorImpl.java:77)&#xa;	at java.base/jdk.internal.reflect.DelegatingMethodAccessorImpl.invoke(DelegatingMethodAccessorImpl.java:43)&#xa;Caused by: com.kms.katalon.core.exception.StepFailedException: Unable to click on object 'Object Repository/Principal/Page_Olva Courier  Home/button_CONTINUAR (2)'&#xa;	at com.kms.katalon.core.webui.keyword.internal.WebUIKeywordMain.stepFailed(WebUIKeywordMain.groovy:117)&#xa;	at com.kms.katalon.core.webui.keyword.internal.WebUIKeywordMain.runKeyword(WebUIKeywordMain.groovy:43)&#xa;	at com.kms.katalon.core.webui.keyword.builtin.ClickKeyword.click(ClickKeyword.groovy:74)&#xa;	at com.kms.katalon.core.webui.keyword.builtin.ClickKeyword.execute(ClickKeyword.groovy:40)&#xa;	at com.kms.katalon.core.keyword.internal.KeywordExecutor.executeKeywordForPlatform(KeywordExecutor.groovy:74)&#xa;	at com.kms.katalon.core.webui.keyword.WebUiBuiltInKeywords.click(WebUiBuiltInKeywords.groovy:659)&#xa;	at Selec_sobre.run(Selec_sobre:24)&#xa;	at com.kms.katalon.core.main.ScriptEngine.run(ScriptEngine.java:194)&#xa;	at com.kms.katalon.core.main.ScriptEngine.runScriptAsRawText(ScriptEngine.java:119)&#xa;	at com.kms.katalon.core.main.TestCaseExecutor.runScript(TestCaseExecutor.java:448)&#xa;	at com.kms.katalon.core.main.TestCaseExecutor.doExecute(TestCaseExecutor.java:439)&#xa;	at com.kms.katalon.core.main.TestCaseExecutor.processExecutionPhase(TestCaseExecutor.java:418)&#xa;	at com.kms.katalon.core.main.TestCaseExecutor.accessMainPhase(TestCaseExecutor.java:410)&#xa;	at com.kms.katalon.core.main.TestCaseExecutor.execute(TestCaseExecutor.java:285)&#xa;	at com.kms.katalon.core.main.TestCaseMain.runTestCase(TestCaseMain.java:137)&#xa;	at com.kms.katalon.core.keyword.builtin.CallTestCaseKeyword$_callTestCase_closure1.doCall(CallTestCaseKeyword.groovy:59)&#xa;	... 24 more&#xa;Caused by: org.openqa.selenium.ElementClickInterceptedException: Element &lt;button id=&quot;btn_aceptar_tipo_envio&quot; class=&quot;btn disabled&quot; type=&quot;button&quot;> is not clickable at point (675,588) because another element &lt;div class=&quot;modal-footer&quot;> obscures it&#xa;Build info: version: '3.141.59', revision: 'unknown', time: 'unknown'&#xa;System info: host: 'DESKTOP-RGFFP9A', ip: '10.136.10.6', os.name: 'Windows 11', os.arch: 'amd64', os.version: '10.0', java.version: '17.0.7'&#xa;Driver info: com.kms.katalon.core.webui.driver.firefox.CGeckoDriver&#xa;Capabilities {acceptInsecureCerts: true, browserName: firefox, browserVersion: 133.0, javascriptEnabled: true, moz:accessibilityChecks: false, moz:buildID: 20241121140525, moz:geckodriverVersion: 0.35.0, moz:headless: false, moz:platformVersion: 10.0, moz:processID: 25704, moz:profile: C:\Users\OLVATI\AppData\Loc..., moz:shutdownTimeout: 60000, moz:webdriverClick: true, moz:windowless: false, pageLoadStrategy: normal, platform: WINDOWS, platformName: WINDOWS, proxy: Proxy(direct), setWindowRect: true, strictFileInteractability: false, timeouts: {implicit: 0, pageLoad: 300000, script: 30000}, unhandledPromptBehavior: dismiss and notify, userAgent: Mozilla/5.0 (Windows NT 10....}&#xa;Session ID: 6bdff479-ac75-4ecd-91a8-bdd513c3b758&#xa;	at jdk.internal.reflect.GeneratedConstructorAccessor32.newInstance(Unknown Source)&#xa;	at java.base/jdk.internal.reflect.DelegatingConstructorAccessorImpl.newInstance(DelegatingConstructorAccessorImpl.java:45)&#xa;	at org.openqa.selenium.remote.http.W3CHttpResponseCodec.createException(W3CHttpResponseCodec.java:187)&#xa;	at org.openqa.selenium.remote.http.W3CHttpResponseCodec.decode(W3CHttpResponseCodec.java:122)&#xa;	at org.openqa.selenium.remote.http.W3CHttpResponseCodec.decode(W3CHttpResponseCodec.java:49)&#xa;	at org.openqa.selenium.remote.HttpCommandExecutor.execute(HttpCommandExecutor.java:158)&#xa;	at org.openqa.selenium.remote.service.DriverCommandExecutor.execute(DriverCommandExecutor.java:83)&#xa;	at org.openqa.selenium.remote.RemoteWebDriver.execute(RemoteWebDriver.java:552)&#xa;	at com.kms.katalon.selenium.driver.CFirefoxDriver.execute(CFirefoxDriver.java:28)&#xa;	at org.openqa.selenium.remote.RemoteWebElement.execute(RemoteWebElement.java:285)&#xa;	at org.openqa.selenium.remote.RemoteWebElement.click(RemoteWebElement.java:84)&#xa;	at jdk.internal.reflect.GeneratedMethodAccessor10.invoke(Unknown Source)&#xa;	at java.base/jdk.internal.reflect.DelegatingMethodAccessorImpl.invoke(DelegatingMethodAccessorImpl.java:43)&#xa;	at org.openqa.selenium.support.events.EventFiringWebDriver$EventFiringWebElement.lambda$new$0(EventFiringWebDriver.java:404)&#xa;	at jdk.proxy2/jdk.proxy2.$Proxy21.click(Unknown Source)&#xa;	at org.openqa.selenium.support.events.EventFiringWebDriver$EventFiringWebElement.click(EventFiringWebDriver.java:417)&#xa;	at org.openqa.selenium.WebElement$click.call(Unknown Source)&#xa;	at com.kms.katalon.core.webui.keyword.builtin.ClickKeyword.clickUntilSuccessWithTimeout(ClickKeyword.groovy:81)&#xa;	at com.kms.katalon.core.webui.keyword.builtin.ClickKeyword.clickUntilSuccessWithTimeout(ClickKeyword.groovy)&#xa;	at jdk.internal.reflect.GeneratedMethodAccessor8.invoke(Unknown Source)&#xa;	at java.base/jdk.internal.reflect.DelegatingMethodAccessorImpl.invoke(DelegatingMethodAccessorImpl.java:43)&#xa;	at com.kms.katalon.core.webui.keyword.builtin.ClickKeyword$_click_closure1.doCall(ClickKeyword.groovy:67)&#xa;	at com.kms.katalon.core.webui.keyword.builtin.ClickKeyword$_click_closure1.call(ClickKeyword.groovy)&#xa;	at com.kms.katalon.core.webui.keyword.internal.WebUIKeywordMain.runKeyword(WebUIKeywordMain.groovy:35)&#xa;	... 38 more&#xa;"/>
         <system-out><![CDATA[27-11-2024T13:34:46 - [TEST_CASE][FAILED] - Test Cases/2.Positivos/2.2Sobre/Origen-Lima/3.Destino-D,DO,O/Destino-O: Test Cases/2.Positivos/2.2Sobre/Origen-Lima/3.Destino-D,DO,O/Destino-O FAILED.
Reason:
com.kms.katalon.core.exception.StepFailedException: Call Test Case 'Test Cases/1.Inicio/1.1Principal/Selec_sobre' failed
	at com.kms.katalon.core.keyword.builtin.CallTestCaseKeyword$_callTestCase_closure1.doCall(CallTestCaseKeyword.groovy:63)
	at com.kms.katalon.core.keyword.builtin.CallTestCaseKeyword$_callTestCase_closure1.call(CallTestCaseKeyword.groovy)
	at com.kms.katalon.core.keyword.internal.KeywordMain.runKeyword(KeywordMain.groovy:75)
	at com.kms.katalon.core.keyword.builtin.CallTestCaseKeyword.callTestCase(CallTestCaseKeyword.groovy:81)
	at com.kms.katalon.core.keyword.builtin.CallTestCaseKeyword.execute(CallTestCaseKeyword.groovy:44)
	at com.kms.katalon.core.keyword.internal.KeywordExecutor.executeKeywordForPlatform(KeywordExecutor.groovy:74)
	at com.kms.katalon.core.keyword.BuiltinKeywords.callTestCase(BuiltinKeywords.groovy:310)
	at jdk.internal.reflect.GeneratedMethodAccessor25.invoke(Unknown Source)
	at java.base/jdk.internal.reflect.DelegatingMethodAccessorImpl.invoke(DelegatingMethodAccessorImpl.java:43)
	at Destino-O.run(Destino-O:22)
	at com.kms.katalon.core.main.ScriptEngine.run(ScriptEngine.java:194)
	at com.kms.katalon.core.main.ScriptEngine.runScriptAsRawText(ScriptEngine.java:119)
	at com.kms.katalon.core.main.TestCaseExecutor.runScript(TestCaseExecutor.java:448)
	at com.kms.katalon.core.main.TestCaseExecutor.doExecute(TestCaseExecutor.java:439)
	at com.kms.katalon.core.main.TestCaseExecutor.processExecutionPhase(TestCaseExecutor.java:418)
	at com.kms.katalon.core.main.TestCaseExecutor.accessMainPhase(TestCaseExecutor.java:410)
	at com.kms.katalon.core.main.TestCaseExecutor.execute(TestCaseExecutor.java:285)
	at com.kms.katalon.core.common.CommonExecutor.accessTestCaseMainPhase(CommonExecutor.java:65)
	at com.kms.katalon.core.main.TestSuiteExecutor.accessTestSuiteMainPhase(TestSuiteExecutor.java:150)
	at com.kms.katalon.core.main.TestSuiteExecutor.execute(TestSuiteExecutor.java:106)
	at com.kms.katalon.core.main.TestCaseMain.startTestSuite(TestCaseMain.java:180)
	at TempTestSuite1732729948317.run(TempTestSuite1732729948317.groovy:35)
	at java.base/jdk.internal.reflect.NativeMethodAccessorImpl.invoke0(Native Method)
	at java.base/jdk.internal.reflect.NativeMethodAccessorImpl.invoke(NativeMethodAccessorImpl.java:77)
	at java.base/jdk.internal.reflect.DelegatingMethodAccessorImpl.invoke(DelegatingMethodAccessorImpl.java:43)
Caused by: com.kms.katalon.core.exception.StepFailedException: Unable to click on object 'Object Repository/Principal/Page_Olva Courier  Home/button_CONTINUAR (2)'
	at com.kms.katalon.core.webui.keyword.internal.WebUIKeywordMain.stepFailed(WebUIKeywordMain.groovy:117)
	at com.kms.katalon.core.webui.keyword.internal.WebUIKeywordMain.runKeyword(WebUIKeywordMain.groovy:43)
	at com.kms.katalon.core.webui.keyword.builtin.ClickKeyword.click(ClickKeyword.groovy:74)
	at com.kms.katalon.core.webui.keyword.builtin.ClickKeyword.execute(ClickKeyword.groovy:40)
	at com.kms.katalon.core.keyword.internal.KeywordExecutor.executeKeywordForPlatform(KeywordExecutor.groovy:74)
	at com.kms.katalon.core.webui.keyword.WebUiBuiltInKeywords.click(WebUiBuiltInKeywords.groovy:659)
	at Selec_sobre.run(Selec_sobre:24)
	at com.kms.katalon.core.main.ScriptEngine.run(ScriptEngine.java:194)
	at com.kms.katalon.core.main.ScriptEngine.runScriptAsRawText(ScriptEngine.java:119)
	at com.kms.katalon.core.main.TestCaseExecutor.runScript(TestCaseExecutor.java:448)
	at com.kms.katalon.core.main.TestCaseExecutor.doExecute(TestCaseExecutor.java:439)
	at com.kms.katalon.core.main.TestCaseExecutor.processExecutionPhase(TestCaseExecutor.java:418)
	at com.kms.katalon.core.main.TestCaseExecutor.accessMainPhase(TestCaseExecutor.java:410)
	at com.kms.katalon.core.main.TestCaseExecutor.execute(TestCaseExecutor.java:285)
	at com.kms.katalon.core.main.TestCaseMain.runTestCase(TestCaseMain.java:137)
	at com.kms.katalon.core.keyword.builtin.CallTestCaseKeyword$_callTestCase_closure1.doCall(CallTestCaseKeyword.groovy:59)
	... 24 more
Caused by: org.openqa.selenium.ElementClickInterceptedException: Element <button id="btn_aceptar_tipo_envio" class="btn disabled" type="button"> is not clickable at point (675,588) because another element <div class="modal-footer"> obscures it
Build info: version: '3.141.59', revision: 'unknown', time: 'unknown'
System info: host: 'DESKTOP-RGFFP9A', ip: '10.136.10.6', os.name: 'Windows 11', os.arch: 'amd64', os.version: '10.0', java.version: '17.0.7'
Driver info: com.kms.katalon.core.webui.driver.firefox.CGeckoDriver
Capabilities {acceptInsecureCerts: true, browserName: firefox, browserVersion: 133.0, javascriptEnabled: true, moz:accessibilityChecks: false, moz:buildID: 20241121140525, moz:geckodriverVersion: 0.35.0, moz:headless: false, moz:platformVersion: 10.0, moz:processID: 25704, moz:profile: C:\Users\OLVATI\AppData\Loc..., moz:shutdownTimeout: 60000, moz:webdriverClick: true, moz:windowless: false, pageLoadStrategy: normal, platform: WINDOWS, platformName: WINDOWS, proxy: Proxy(direct), setWindowRect: true, strictFileInteractability: false, timeouts: {implicit: 0, pageLoad: 300000, script: 30000}, unhandledPromptBehavior: dismiss and notify, userAgent: Mozilla/5.0 (Windows NT 10....}
Session ID: 6bdff479-ac75-4ecd-91a8-bdd513c3b758
	at jdk.internal.reflect.GeneratedConstructorAccessor32.newInstance(Unknown Source)
	at java.base/jdk.internal.reflect.DelegatingConstructorAccessorImpl.newInstance(DelegatingConstructorAccessorImpl.java:45)
	at org.openqa.selenium.remote.http.W3CHttpResponseCodec.createException(W3CHttpResponseCodec.java:187)
	at org.openqa.selenium.remote.http.W3CHttpResponseCodec.decode(W3CHttpResponseCodec.java:122)
	at org.openqa.selenium.remote.http.W3CHttpResponseCodec.decode(W3CHttpResponseCodec.java:49)
	at org.openqa.selenium.remote.HttpCommandExecutor.execute(HttpCommandExecutor.java:158)
	at org.openqa.selenium.remote.service.DriverCommandExecutor.execute(DriverCommandExecutor.java:83)
	at org.openqa.selenium.remote.RemoteWebDriver.execute(RemoteWebDriver.java:552)
	at com.kms.katalon.selenium.driver.CFirefoxDriver.execute(CFirefoxDriver.java:28)
	at org.openqa.selenium.remote.RemoteWebElement.execute(RemoteWebElement.java:285)
	at org.openqa.selenium.remote.RemoteWebElement.click(RemoteWebElement.java:84)
	at jdk.internal.reflect.GeneratedMethodAccessor10.invoke(Unknown Source)
	at java.base/jdk.internal.reflect.DelegatingMethodAccessorImpl.invoke(DelegatingMethodAccessorImpl.java:43)
	at org.openqa.selenium.support.events.EventFiringWebDriver$EventFiringWebElement.lambda$new$0(EventFiringWebDriver.java:404)
	at jdk.proxy2/jdk.proxy2.$Proxy21.click(Unknown Source)
	at org.openqa.selenium.support.events.EventFiringWebDriver$EventFiringWebElement.click(EventFiringWebDriver.java:417)
	at org.openqa.selenium.WebElement$click.call(Unknown Source)
	at com.kms.katalon.core.webui.keyword.builtin.ClickKeyword.clickUntilSuccessWithTimeout(ClickKeyword.groovy:81)
	at com.kms.katalon.core.webui.keyword.builtin.ClickKeyword.clickUntilSuccessWithTimeout(ClickKeyword.groovy)
	at jdk.internal.reflect.GeneratedMethodAccessor8.invoke(Unknown Source)
	at java.base/jdk.internal.reflect.DelegatingMethodAccessorImpl.invoke(DelegatingMethodAccessorImpl.java:43)
	at com.kms.katalon.core.webui.keyword.builtin.ClickKeyword$_click_closure1.doCall(ClickKeyword.groovy:67)
	at com.kms.katalon.core.webui.keyword.builtin.ClickKeyword$_click_closure1.call(ClickKeyword.groovy)
	at com.kms.katalon.core.webui.keyword.internal.WebUIKeywordMain.runKeyword(WebUIKeywordMain.groovy:35)
	... 38 more


27-11-2024T13:34:46 - [TEST_STEP][PASSED] - callTestCase(findTestCase("1.Inicio/1.1Principal/Principal-home"), [:], STOP_ON_FAILURE): Call Test Case 'Test Cases/1.Inicio/1.1Principal/Principal-home' successfully

27-11-2024T13:34:46 - [TEST_CASE][PASSED] - Test Cases/1.Inicio/1.1Principal/Principal-home: Test Cases/1.Inicio/1.1Principal/Principal-home

27-11-2024T13:34:46 - [TEST_STEP][PASSED] - openBrowser(""): Browser is opened with url: ''

27-11-2024T13:34:46 - [MESSAGE][WARNING] - A browser is already opened. Closing browser and opening a new one

27-11-2024T13:34:48 - [MESSAGE][INFO] - Starting 'Firefox' driver

27-11-2024T13:34:48 - [MESSAGE][INFO] - Action delay is set to 0 milliseconds

27-11-2024T13:34:54 - [MESSAGE][PASSED] - Browser is opened with url: ''

27-11-2024T13:34:54 - [TEST_STEP][PASSED] - navigateToUrl("https://dev01-registrodeenvios.olvacourier.com/principal"): Navigate to 'https://dev01-registrodeenvios.olvacourier.com/principal' successfully

27-11-2024T13:34:56 - [MESSAGE][PASSED] - Navigate to 'https://dev01-registrodeenvios.olvacourier.com/principal' successfully

27-11-2024T13:34:56 - [TEST_STEP][PASSED] - maximizeWindow(): Current window maximized

27-11-2024T13:34:56 - [MESSAGE][PASSED] - Current window maximized

27-11-2024T13:34:56 - [MESSAGE][PASSED] - Call Test Case 'Test Cases/1.Inicio/1.1Principal/Principal-home' successfully

27-11-2024T13:34:56 - [TEST_STEP][FAILED] - callTestCase(findTestCase("1.Inicio/1.1Principal/Selec_sobre"), [:], STOP_ON_FAILURE): Unable to call Test Case 'Test Cases/1.Inicio/1.1Principal/Selec_sobre' (Root cause: com.kms.katalon.core.exception.StepFailedException: Call Test Case 'Test Cases/1.Inicio/1.1Principal/Selec_sobre' failed
	at com.kms.katalon.core.keyword.builtin.CallTestCaseKeyword$_callTestCase_closure1.doCall(CallTestCaseKeyword.groovy:63)
	at com.kms.katalon.core.keyword.builtin.CallTestCaseKeyword$_callTestCase_closure1.call(CallTestCaseKeyword.groovy)
	at com.kms.katalon.core.keyword.internal.KeywordMain.runKeyword(KeywordMain.groovy:75)
	at com.kms.katalon.core.keyword.builtin.CallTestCaseKeyword.callTestCase(CallTestCaseKeyword.groovy:81)
	at com.kms.katalon.core.keyword.builtin.CallTestCaseKeyword.execute(CallTestCaseKeyword.groovy:44)
	at com.kms.katalon.core.keyword.internal.KeywordExecutor.executeKeywordForPlatform(KeywordExecutor.groovy:74)
	at com.kms.katalon.core.keyword.BuiltinKeywords.callTestCase(BuiltinKeywords.groovy:310)
	at jdk.internal.reflect.GeneratedMethodAccessor25.invoke(Unknown Source)
	at java.base/jdk.internal.reflect.DelegatingMethodAccessorImpl.invoke(DelegatingMethodAccessorImpl.java:43)
	at Destino-O.run(Destino-O:22)
	at com.kms.katalon.core.main.ScriptEngine.run(ScriptEngine.java:194)
	at com.kms.katalon.core.main.ScriptEngine.runScriptAsRawText(ScriptEngine.java:119)
	at com.kms.katalon.core.main.TestCaseExecutor.runScript(TestCaseExecutor.java:448)
	at com.kms.katalon.core.main.TestCaseExecutor.doExecute(TestCaseExecutor.java:439)
	at com.kms.katalon.core.main.TestCaseExecutor.processExecutionPhase(TestCaseExecutor.java:418)
	at com.kms.katalon.core.main.TestCaseExecutor.accessMainPhase(TestCaseExecutor.java:410)
	at com.kms.katalon.core.main.TestCaseExecutor.execute(TestCaseExecutor.java:285)
	at com.kms.katalon.core.common.CommonExecutor.accessTestCaseMainPhase(CommonExecutor.java:65)
	at com.kms.katalon.core.main.TestSuiteExecutor.accessTestSuiteMainPhase(TestSuiteExecutor.java:150)
	at com.kms.katalon.core.main.TestSuiteExecutor.execute(TestSuiteExecutor.java:106)
	at com.kms.katalon.core.main.TestCaseMain.startTestSuite(TestCaseMain.java:180)
	at TempTestSuite1732729948317.run(TempTestSuite1732729948317.groovy:35)
	at java.base/jdk.internal.reflect.NativeMethodAccessorImpl.invoke0(Native Method)
	at java.base/jdk.internal.reflect.NativeMethodAccessorImpl.invoke(NativeMethodAccessorImpl.java:77)
	at java.base/jdk.internal.reflect.DelegatingMethodAccessorImpl.invoke(DelegatingMethodAccessorImpl.java:43)
Caused by: com.kms.katalon.core.exception.StepFailedException: Unable to click on object 'Object Repository/Principal/Page_Olva Courier  Home/button_CONTINUAR (2)'
	at com.kms.katalon.core.webui.keyword.internal.WebUIKeywordMain.stepFailed(WebUIKeywordMain.groovy:117)
	at com.kms.katalon.core.webui.keyword.internal.WebUIKeywordMain.runKeyword(WebUIKeywordMain.groovy:43)
	at com.kms.katalon.core.webui.keyword.builtin.ClickKeyword.click(ClickKeyword.groovy:74)
	at com.kms.katalon.core.webui.keyword.builtin.ClickKeyword.execute(ClickKeyword.groovy:40)
	at com.kms.katalon.core.keyword.internal.KeywordExecutor.executeKeywordForPlatform(KeywordExecutor.groovy:74)
	at com.kms.katalon.core.webui.keyword.WebUiBuiltInKeywords.click(WebUiBuiltInKeywords.groovy:659)
	at Selec_sobre.run(Selec_sobre:24)
	at com.kms.katalon.core.main.ScriptEngine.run(ScriptEngine.java:194)
	at com.kms.katalon.core.main.ScriptEngine.runScriptAsRawText(ScriptEngine.java:119)
	at com.kms.katalon.core.main.TestCaseExecutor.runScript(TestCaseExecutor.java:448)
	at com.kms.katalon.core.main.TestCaseExecutor.doExecute(TestCaseExecutor.java:439)
	at com.kms.katalon.core.main.TestCaseExecutor.processExecutionPhase(TestCaseExecutor.java:418)
	at com.kms.katalon.core.main.TestCaseExecutor.accessMainPhase(TestCaseExecutor.java:410)
	at com.kms.katalon.core.main.TestCaseExecutor.execute(TestCaseExecutor.java:285)
	at com.kms.katalon.core.main.TestCaseMain.runTestCase(TestCaseMain.java:137)
	at com.kms.katalon.core.keyword.builtin.CallTestCaseKeyword$_callTestCase_closure1.doCall(CallTestCaseKeyword.groovy:59)
	... 24 more
Caused by: org.openqa.selenium.ElementClickInterceptedException: Element <button id="btn_aceptar_tipo_envio" class="btn disabled" type="button"> is not clickable at point (675,588) because another element <div class="modal-footer"> obscures it
Build info: version: '3.141.59', revision: 'unknown', time: 'unknown'
System info: host: 'DESKTOP-RGFFP9A', ip: '10.136.10.6', os.name: 'Windows 11', os.arch: 'amd64', os.version: '10.0', java.version: '17.0.7'
Driver info: com.kms.katalon.core.webui.driver.firefox.CGeckoDriver
Capabilities {acceptInsecureCerts: true, browserName: firefox, browserVersion: 133.0, javascriptEnabled: true, moz:accessibilityChecks: false, moz:buildID: 20241121140525, moz:geckodriverVersion: 0.35.0, moz:headless: false, moz:platformVersion: 10.0, moz:processID: 25704, moz:profile: C:\Users\OLVATI\AppData\Loc..., moz:shutdownTimeout: 60000, moz:webdriverClick: true, moz:windowless: false, pageLoadStrategy: normal, platform: WINDOWS, platformName: WINDOWS, proxy: Proxy(direct), setWindowRect: true, strictFileInteractability: false, timeouts: {implicit: 0, pageLoad: 300000, script: 30000}, unhandledPromptBehavior: dismiss and notify, userAgent: Mozilla/5.0 (Windows NT 10....}
Session ID: 6bdff479-ac75-4ecd-91a8-bdd513c3b758
	at jdk.internal.reflect.GeneratedConstructorAccessor32.newInstance(Unknown Source)
	at java.base/jdk.internal.reflect.DelegatingConstructorAccessorImpl.newInstance(DelegatingConstructorAccessorImpl.java:45)
	at org.openqa.selenium.remote.http.W3CHttpResponseCodec.createException(W3CHttpResponseCodec.java:187)
	at org.openqa.selenium.remote.http.W3CHttpResponseCodec.decode(W3CHttpResponseCodec.java:122)
	at org.openqa.selenium.remote.http.W3CHttpResponseCodec.decode(W3CHttpResponseCodec.java:49)
	at org.openqa.selenium.remote.HttpCommandExecutor.execute(HttpCommandExecutor.java:158)
	at org.openqa.selenium.remote.service.DriverCommandExecutor.execute(DriverCommandExecutor.java:83)
	at org.openqa.selenium.remote.RemoteWebDriver.execute(RemoteWebDriver.java:552)
	at com.kms.katalon.selenium.driver.CFirefoxDriver.execute(CFirefoxDriver.java:28)
	at org.openqa.selenium.remote.RemoteWebElement.execute(RemoteWebElement.java:285)
	at org.openqa.selenium.remote.RemoteWebElement.click(RemoteWebElement.java:84)
	at jdk.internal.reflect.GeneratedMethodAccessor10.invoke(Unknown Source)
	at java.base/jdk.internal.reflect.DelegatingMethodAccessorImpl.invoke(DelegatingMethodAccessorImpl.java:43)
	at org.openqa.selenium.support.events.EventFiringWebDriver$EventFiringWebElement.lambda$new$0(EventFiringWebDriver.java:404)
	at jdk.proxy2/jdk.proxy2.$Proxy21.click(Unknown Source)
	at org.openqa.selenium.support.events.EventFiringWebDriver$EventFiringWebElement.click(EventFiringWebDriver.java:417)
	at org.openqa.selenium.WebElement$click.call(Unknown Source)
	at com.kms.katalon.core.webui.keyword.builtin.ClickKeyword.clickUntilSuccessWithTimeout(ClickKeyword.groovy:81)
	at com.kms.katalon.core.webui.keyword.builtin.ClickKeyword.clickUntilSuccessWithTimeout(ClickKeyword.groovy)
	at jdk.internal.reflect.GeneratedMethodAccessor8.invoke(Unknown Source)
	at java.base/jdk.internal.reflect.DelegatingMethodAccessorImpl.invoke(DelegatingMethodAccessorImpl.java:43)
	at com.kms.katalon.core.webui.keyword.builtin.ClickKeyword$_click_closure1.doCall(ClickKeyword.groovy:67)
	at com.kms.katalon.core.webui.keyword.builtin.ClickKeyword$_click_closure1.call(ClickKeyword.groovy)
	at com.kms.katalon.core.webui.keyword.internal.WebUIKeywordMain.runKeyword(WebUIKeywordMain.groovy:35)
	... 38 more
)

27-11-2024T13:34:56 - [TEST_CASE][FAILED] - Test Cases/1.Inicio/1.1Principal/Selec_sobre: Test Cases/1.Inicio/1.1Principal/Selec_sobre FAILED.
Reason:
com.kms.katalon.core.exception.StepFailedException: Unable to click on object 'Object Repository/Principal/Page_Olva Courier  Home/button_CONTINUAR (2)'
	at com.kms.katalon.core.webui.keyword.internal.WebUIKeywordMain.stepFailed(WebUIKeywordMain.groovy:117)
	at com.kms.katalon.core.webui.keyword.internal.WebUIKeywordMain.runKeyword(WebUIKeywordMain.groovy:43)
	at com.kms.katalon.core.webui.keyword.builtin.ClickKeyword.click(ClickKeyword.groovy:74)
	at com.kms.katalon.core.webui.keyword.builtin.ClickKeyword.execute(ClickKeyword.groovy:40)
	at com.kms.katalon.core.keyword.internal.KeywordExecutor.executeKeywordForPlatform(KeywordExecutor.groovy:74)
	at com.kms.katalon.core.webui.keyword.WebUiBuiltInKeywords.click(WebUiBuiltInKeywords.groovy:659)
	at Selec_sobre.run(Selec_sobre:24)
	at com.kms.katalon.core.main.ScriptEngine.run(ScriptEngine.java:194)
	at com.kms.katalon.core.main.ScriptEngine.runScriptAsRawText(ScriptEngine.java:119)
	at com.kms.katalon.core.main.TestCaseExecutor.runScript(TestCaseExecutor.java:448)
	at com.kms.katalon.core.main.TestCaseExecutor.doExecute(TestCaseExecutor.java:439)
	at com.kms.katalon.core.main.TestCaseExecutor.processExecutionPhase(TestCaseExecutor.java:418)
	at com.kms.katalon.core.main.TestCaseExecutor.accessMainPhase(TestCaseExecutor.java:410)
	at com.kms.katalon.core.main.TestCaseExecutor.execute(TestCaseExecutor.java:285)
	at com.kms.katalon.core.main.TestCaseMain.runTestCase(TestCaseMain.java:137)
	at com.kms.katalon.core.keyword.builtin.CallTestCaseKeyword$_callTestCase_closure1.doCall(CallTestCaseKeyword.groovy:59)
	at com.kms.katalon.core.keyword.builtin.CallTestCaseKeyword$_callTestCase_closure1.call(CallTestCaseKeyword.groovy)
	at com.kms.katalon.core.keyword.internal.KeywordMain.runKeyword(KeywordMain.groovy:75)
	at com.kms.katalon.core.keyword.builtin.CallTestCaseKeyword.callTestCase(CallTestCaseKeyword.groovy:81)
	at com.kms.katalon.core.keyword.builtin.CallTestCaseKeyword.execute(CallTestCaseKeyword.groovy:44)
	at com.kms.katalon.core.keyword.internal.KeywordExecutor.executeKeywordForPlatform(KeywordExecutor.groovy:74)
	at com.kms.katalon.core.keyword.BuiltinKeywords.callTestCase(BuiltinKeywords.groovy:310)
	at jdk.internal.reflect.GeneratedMethodAccessor25.invoke(Unknown Source)
	at java.base/jdk.internal.reflect.DelegatingMethodAccessorImpl.invoke(DelegatingMethodAccessorImpl.java:43)
	at Destino-O.run(Destino-O:22)
	at com.kms.katalon.core.main.ScriptEngine.run(ScriptEngine.java:194)
	at com.kms.katalon.core.main.ScriptEngine.runScriptAsRawText(ScriptEngine.java:119)
	at com.kms.katalon.core.main.TestCaseExecutor.runScript(TestCaseExecutor.java:448)
	at com.kms.katalon.core.main.TestCaseExecutor.doExecute(TestCaseExecutor.java:439)
	at com.kms.katalon.core.main.TestCaseExecutor.processExecutionPhase(TestCaseExecutor.java:418)
	at com.kms.katalon.core.main.TestCaseExecutor.accessMainPhase(TestCaseExecutor.java:410)
	at com.kms.katalon.core.main.TestCaseExecutor.execute(TestCaseExecutor.java:285)
	at com.kms.katalon.core.common.CommonExecutor.accessTestCaseMainPhase(CommonExecutor.java:65)
	at com.kms.katalon.core.main.TestSuiteExecutor.accessTestSuiteMainPhase(TestSuiteExecutor.java:150)
	at com.kms.katalon.core.main.TestSuiteExecutor.execute(TestSuiteExecutor.java:106)
	at com.kms.katalon.core.main.TestCaseMain.startTestSuite(TestCaseMain.java:180)
	at TempTestSuite1732729948317.run(TempTestSuite1732729948317.groovy:35)
	at java.base/jdk.internal.reflect.NativeMethodAccessorImpl.invoke0(Native Method)
	at java.base/jdk.internal.reflect.NativeMethodAccessorImpl.invoke(NativeMethodAccessorImpl.java:77)
	at java.base/jdk.internal.reflect.DelegatingMethodAccessorImpl.invoke(DelegatingMethodAccessorImpl.java:43)
Caused by: org.openqa.selenium.ElementClickInterceptedException: Element <button id="btn_aceptar_tipo_envio" class="btn disabled" type="button"> is not clickable at point (675,588) because another element <div class="modal-footer"> obscures it
Build info: version: '3.141.59', revision: 'unknown', time: 'unknown'
System info: host: 'DESKTOP-RGFFP9A', ip: '10.136.10.6', os.name: 'Windows 11', os.arch: 'amd64', os.version: '10.0', java.version: '17.0.7'
Driver info: com.kms.katalon.core.webui.driver.firefox.CGeckoDriver
Capabilities {acceptInsecureCerts: true, browserName: firefox, browserVersion: 133.0, javascriptEnabled: true, moz:accessibilityChecks: false, moz:buildID: 20241121140525, moz:geckodriverVersion: 0.35.0, moz:headless: false, moz:platformVersion: 10.0, moz:processID: 25704, moz:profile: C:\Users\OLVATI\AppData\Loc..., moz:shutdownTimeout: 60000, moz:webdriverClick: true, moz:windowless: false, pageLoadStrategy: normal, platform: WINDOWS, platformName: WINDOWS, proxy: Proxy(direct), setWindowRect: true, strictFileInteractability: false, timeouts: {implicit: 0, pageLoad: 300000, script: 30000}, unhandledPromptBehavior: dismiss and notify, userAgent: Mozilla/5.0 (Windows NT 10....}
Session ID: 6bdff479-ac75-4ecd-91a8-bdd513c3b758
	at jdk.internal.reflect.GeneratedConstructorAccessor32.newInstance(Unknown Source)
	at java.base/jdk.internal.reflect.DelegatingConstructorAccessorImpl.newInstance(DelegatingConstructorAccessorImpl.java:45)
	at org.openqa.selenium.remote.http.W3CHttpResponseCodec.createException(W3CHttpResponseCodec.java:187)
	at org.openqa.selenium.remote.http.W3CHttpResponseCodec.decode(W3CHttpResponseCodec.java:122)
	at org.openqa.selenium.remote.http.W3CHttpResponseCodec.decode(W3CHttpResponseCodec.java:49)
	at org.openqa.selenium.remote.HttpCommandExecutor.execute(HttpCommandExecutor.java:158)
	at org.openqa.selenium.remote.service.DriverCommandExecutor.execute(DriverCommandExecutor.java:83)
	at org.openqa.selenium.remote.RemoteWebDriver.execute(RemoteWebDriver.java:552)
	at com.kms.katalon.selenium.driver.CFirefoxDriver.execute(CFirefoxDriver.java:28)
	at org.openqa.selenium.remote.RemoteWebElement.execute(RemoteWebElement.java:285)
	at org.openqa.selenium.remote.RemoteWebElement.click(RemoteWebElement.java:84)
	at jdk.internal.reflect.GeneratedMethodAccessor10.invoke(Unknown Source)
	at java.base/jdk.internal.reflect.DelegatingMethodAccessorImpl.invoke(DelegatingMethodAccessorImpl.java:43)
	at org.openqa.selenium.support.events.EventFiringWebDriver$EventFiringWebElement.lambda$new$0(EventFiringWebDriver.java:404)
	at jdk.proxy2/jdk.proxy2.$Proxy21.click(Unknown Source)
	at org.openqa.selenium.support.events.EventFiringWebDriver$EventFiringWebElement.click(EventFiringWebDriver.java:417)
	at org.openqa.selenium.WebElement$click.call(Unknown Source)
	at com.kms.katalon.core.webui.keyword.builtin.ClickKeyword.clickUntilSuccessWithTimeout(ClickKeyword.groovy:81)
	at com.kms.katalon.core.webui.keyword.builtin.ClickKeyword.clickUntilSuccessWithTimeout(ClickKeyword.groovy)
	at jdk.internal.reflect.GeneratedMethodAccessor8.invoke(Unknown Source)
	at java.base/jdk.internal.reflect.DelegatingMethodAccessorImpl.invoke(DelegatingMethodAccessorImpl.java:43)
	at com.kms.katalon.core.webui.keyword.builtin.ClickKeyword$_click_closure1.doCall(ClickKeyword.groovy:67)
	at com.kms.katalon.core.webui.keyword.builtin.ClickKeyword$_click_closure1.call(ClickKeyword.groovy)
	at com.kms.katalon.core.webui.keyword.internal.WebUIKeywordMain.runKeyword(WebUIKeywordMain.groovy:35)
	... 38 more


27-11-2024T13:34:56 - [TEST_STEP][PASSED] - click(findTestObject("Object Repository/Principal/Page_Olva Courier  Home/img_Envo de cajas o paquetescon un peso mxi_37770f")): Object: 'Object Repository/Principal/Page_Olva Courier  Home/img_Envo de cajas o paquetescon un peso mxi_37770f' is clicked on

27-11-2024T13:34:57 - [MESSAGE][PASSED] - Object: 'Object Repository/Principal/Page_Olva Courier  Home/img_Envo de cajas o paquetescon un peso mxi_37770f' is clicked on

27-11-2024T13:34:57 - [TEST_STEP][PASSED] - click(findTestObject("Object Repository/Principal/Page_Olva Courier  Home/label_He ledo y acepto los trminos de uso y_adab65")): Object: 'Object Repository/Principal/Page_Olva Courier  Home/label_He ledo y acepto los trminos de uso y_adab65' is clicked on

27-11-2024T13:34:57 - [MESSAGE][PASSED] - Object: 'Object Repository/Principal/Page_Olva Courier  Home/label_He ledo y acepto los trminos de uso y_adab65' is clicked on

27-11-2024T13:34:57 - [TEST_STEP][FAILED] - click(findTestObject("Object Repository/Principal/Page_Olva Courier  Home/button_CONTINUAR (2)")): Unable to click on object 'Object Repository/Principal/Page_Olva Courier  Home/button_CONTINUAR (2)' (Root cause: com.kms.katalon.core.exception.StepFailedException: Unable to click on object 'Object Repository/Principal/Page_Olva Courier  Home/button_CONTINUAR (2)'
	at com.kms.katalon.core.webui.keyword.internal.WebUIKeywordMain.stepFailed(WebUIKeywordMain.groovy:117)
	at com.kms.katalon.core.webui.keyword.internal.WebUIKeywordMain.runKeyword(WebUIKeywordMain.groovy:43)
	at com.kms.katalon.core.webui.keyword.builtin.ClickKeyword.click(ClickKeyword.groovy:74)
	at com.kms.katalon.core.webui.keyword.builtin.ClickKeyword.execute(ClickKeyword.groovy:40)
	at com.kms.katalon.core.keyword.internal.KeywordExecutor.executeKeywordForPlatform(KeywordExecutor.groovy:74)
	at com.kms.katalon.core.webui.keyword.WebUiBuiltInKeywords.click(WebUiBuiltInKeywords.groovy:659)
	at Selec_sobre.run(Selec_sobre:24)
	at com.kms.katalon.core.main.ScriptEngine.run(ScriptEngine.java:194)
	at com.kms.katalon.core.main.ScriptEngine.runScriptAsRawText(ScriptEngine.java:119)
	at com.kms.katalon.core.main.TestCaseExecutor.runScript(TestCaseExecutor.java:448)
	at com.kms.katalon.core.main.TestCaseExecutor.doExecute(TestCaseExecutor.java:439)
	at com.kms.katalon.core.main.TestCaseExecutor.processExecutionPhase(TestCaseExecutor.java:418)
	at com.kms.katalon.core.main.TestCaseExecutor.accessMainPhase(TestCaseExecutor.java:410)
	at com.kms.katalon.core.main.TestCaseExecutor.execute(TestCaseExecutor.java:285)
	at com.kms.katalon.core.main.TestCaseMain.runTestCase(TestCaseMain.java:137)
	at com.kms.katalon.core.keyword.builtin.CallTestCaseKeyword$_callTestCase_closure1.doCall(CallTestCaseKeyword.groovy:59)
	at com.kms.katalon.core.keyword.builtin.CallTestCaseKeyword$_callTestCase_closure1.call(CallTestCaseKeyword.groovy)
	at com.kms.katalon.core.keyword.internal.KeywordMain.runKeyword(KeywordMain.groovy:75)
	at com.kms.katalon.core.keyword.builtin.CallTestCaseKeyword.callTestCase(CallTestCaseKeyword.groovy:81)
	at com.kms.katalon.core.keyword.builtin.CallTestCaseKeyword.execute(CallTestCaseKeyword.groovy:44)
	at com.kms.katalon.core.keyword.internal.KeywordExecutor.executeKeywordForPlatform(KeywordExecutor.groovy:74)
	at com.kms.katalon.core.keyword.BuiltinKeywords.callTestCase(BuiltinKeywords.groovy:310)
	at jdk.internal.reflect.GeneratedMethodAccessor25.invoke(Unknown Source)
	at java.base/jdk.internal.reflect.DelegatingMethodAccessorImpl.invoke(DelegatingMethodAccessorImpl.java:43)
	at Destino-O.run(Destino-O:22)
	at com.kms.katalon.core.main.ScriptEngine.run(ScriptEngine.java:194)
	at com.kms.katalon.core.main.ScriptEngine.runScriptAsRawText(ScriptEngine.java:119)
	at com.kms.katalon.core.main.TestCaseExecutor.runScript(TestCaseExecutor.java:448)
	at com.kms.katalon.core.main.TestCaseExecutor.doExecute(TestCaseExecutor.java:439)
	at com.kms.katalon.core.main.TestCaseExecutor.processExecutionPhase(TestCaseExecutor.java:418)
	at com.kms.katalon.core.main.TestCaseExecutor.accessMainPhase(TestCaseExecutor.java:410)
	at com.kms.katalon.core.main.TestCaseExecutor.execute(TestCaseExecutor.java:285)
	at com.kms.katalon.core.common.CommonExecutor.accessTestCaseMainPhase(CommonExecutor.java:65)
	at com.kms.katalon.core.main.TestSuiteExecutor.accessTestSuiteMainPhase(TestSuiteExecutor.java:150)
	at com.kms.katalon.core.main.TestSuiteExecutor.execute(TestSuiteExecutor.java:106)
	at com.kms.katalon.core.main.TestCaseMain.startTestSuite(TestCaseMain.java:180)
	at TempTestSuite1732729948317.run(TempTestSuite1732729948317.groovy:35)
	at java.base/jdk.internal.reflect.NativeMethodAccessorImpl.invoke0(Native Method)
	at java.base/jdk.internal.reflect.NativeMethodAccessorImpl.invoke(NativeMethodAccessorImpl.java:77)
	at java.base/jdk.internal.reflect.DelegatingMethodAccessorImpl.invoke(DelegatingMethodAccessorImpl.java:43)
Caused by: org.openqa.selenium.ElementClickInterceptedException: Element <button id="btn_aceptar_tipo_envio" class="btn disabled" type="button"> is not clickable at point (675,588) because another element <div class="modal-footer"> obscures it
Build info: version: '3.141.59', revision: 'unknown', time: 'unknown'
System info: host: 'DESKTOP-RGFFP9A', ip: '10.136.10.6', os.name: 'Windows 11', os.arch: 'amd64', os.version: '10.0', java.version: '17.0.7'
Driver info: com.kms.katalon.core.webui.driver.firefox.CGeckoDriver
Capabilities {acceptInsecureCerts: true, browserName: firefox, browserVersion: 133.0, javascriptEnabled: true, moz:accessibilityChecks: false, moz:buildID: 20241121140525, moz:geckodriverVersion: 0.35.0, moz:headless: false, moz:platformVersion: 10.0, moz:processID: 25704, moz:profile: C:\Users\OLVATI\AppData\Loc..., moz:shutdownTimeout: 60000, moz:webdriverClick: true, moz:windowless: false, pageLoadStrategy: normal, platform: WINDOWS, platformName: WINDOWS, proxy: Proxy(direct), setWindowRect: true, strictFileInteractability: false, timeouts: {implicit: 0, pageLoad: 300000, script: 30000}, unhandledPromptBehavior: dismiss and notify, userAgent: Mozilla/5.0 (Windows NT 10....}
Session ID: 6bdff479-ac75-4ecd-91a8-bdd513c3b758
	at jdk.internal.reflect.GeneratedConstructorAccessor32.newInstance(Unknown Source)
	at java.base/jdk.internal.reflect.DelegatingConstructorAccessorImpl.newInstance(DelegatingConstructorAccessorImpl.java:45)
	at org.openqa.selenium.remote.http.W3CHttpResponseCodec.createException(W3CHttpResponseCodec.java:187)
	at org.openqa.selenium.remote.http.W3CHttpResponseCodec.decode(W3CHttpResponseCodec.java:122)
	at org.openqa.selenium.remote.http.W3CHttpResponseCodec.decode(W3CHttpResponseCodec.java:49)
	at org.openqa.selenium.remote.HttpCommandExecutor.execute(HttpCommandExecutor.java:158)
	at org.openqa.selenium.remote.service.DriverCommandExecutor.execute(DriverCommandExecutor.java:83)
	at org.openqa.selenium.remote.RemoteWebDriver.execute(RemoteWebDriver.java:552)
	at com.kms.katalon.selenium.driver.CFirefoxDriver.execute(CFirefoxDriver.java:28)
	at org.openqa.selenium.remote.RemoteWebElement.execute(RemoteWebElement.java:285)
	at org.openqa.selenium.remote.RemoteWebElement.click(RemoteWebElement.java:84)
	at jdk.internal.reflect.GeneratedMethodAccessor10.invoke(Unknown Source)
	at java.base/jdk.internal.reflect.DelegatingMethodAccessorImpl.invoke(DelegatingMethodAccessorImpl.java:43)
	at org.openqa.selenium.support.events.EventFiringWebDriver$EventFiringWebElement.lambda$new$0(EventFiringWebDriver.java:404)
	at jdk.proxy2/jdk.proxy2.$Proxy21.click(Unknown Source)
	at org.openqa.selenium.support.events.EventFiringWebDriver$EventFiringWebElement.click(EventFiringWebDriver.java:417)
	at org.openqa.selenium.WebElement$click.call(Unknown Source)
	at com.kms.katalon.core.webui.keyword.builtin.ClickKeyword.clickUntilSuccessWithTimeout(ClickKeyword.groovy:81)
	at com.kms.katalon.core.webui.keyword.builtin.ClickKeyword.clickUntilSuccessWithTimeout(ClickKeyword.groovy)
	at jdk.internal.reflect.GeneratedMethodAccessor8.invoke(Unknown Source)
	at java.base/jdk.internal.reflect.DelegatingMethodAccessorImpl.invoke(DelegatingMethodAccessorImpl.java:43)
	at com.kms.katalon.core.webui.keyword.builtin.ClickKeyword$_click_closure1.doCall(ClickKeyword.groovy:67)
	at com.kms.katalon.core.webui.keyword.builtin.ClickKeyword$_click_closure1.call(ClickKeyword.groovy)
	at com.kms.katalon.core.webui.keyword.internal.WebUIKeywordMain.runKeyword(WebUIKeywordMain.groovy:35)
	at com.kms.katalon.core.webui.keyword.builtin.ClickKeyword.click(ClickKeyword.groovy:74)
	at com.kms.katalon.core.webui.keyword.builtin.ClickKeyword.execute(ClickKeyword.groovy:40)
	at com.kms.katalon.core.keyword.internal.KeywordExecutor.executeKeywordForPlatform(KeywordExecutor.groovy:74)
	at com.kms.katalon.core.webui.keyword.WebUiBuiltInKeywords.click(WebUiBuiltInKeywords.groovy:659)
	at Script1732083570761.run(Script1732083570761.groovy:24)
	at com.kms.katalon.core.main.ScriptEngine.run(ScriptEngine.java:194)
	at com.kms.katalon.core.main.ScriptEngine.runScriptAsRawText(ScriptEngine.java:119)
	at com.kms.katalon.core.main.TestCaseExecutor.runScript(TestCaseExecutor.java:448)
	at com.kms.katalon.core.main.TestCaseExecutor.doExecute(TestCaseExecutor.java:439)
	at com.kms.katalon.core.main.TestCaseExecutor.processExecutionPhase(TestCaseExecutor.java:418)
	at com.kms.katalon.core.main.TestCaseExecutor.accessMainPhase(TestCaseExecutor.java:410)
	at com.kms.katalon.core.main.TestCaseExecutor.execute(TestCaseExecutor.java:285)
	at com.kms.katalon.core.main.TestCaseMain.runTestCase(TestCaseMain.java:137)
	at com.kms.katalon.core.keyword.builtin.CallTestCaseKeyword$_callTestCase_closure1.doCall(CallTestCaseKeyword.groovy:59)
	at com.kms.katalon.core.keyword.builtin.CallTestCaseKeyword$_callTestCase_closure1.call(CallTestCaseKeyword.groovy)
	at com.kms.katalon.core.keyword.internal.KeywordMain.runKeyword(KeywordMain.groovy:75)
	at com.kms.katalon.core.keyword.builtin.CallTestCaseKeyword.callTestCase(CallTestCaseKeyword.groovy:81)
	at com.kms.katalon.core.keyword.builtin.CallTestCaseKeyword.execute(CallTestCaseKeyword.groovy:44)
	at com.kms.katalon.core.keyword.internal.KeywordExecutor.executeKeywordForPlatform(KeywordExecutor.groovy:74)
	at com.kms.katalon.core.keyword.BuiltinKeywords.callTestCase(BuiltinKeywords.groovy:310)
	at jdk.internal.reflect.GeneratedMethodAccessor25.invoke(Unknown Source)
	at java.base/jdk.internal.reflect.DelegatingMethodAccessorImpl.invoke(DelegatingMethodAccessorImpl.java:43)
	at Script1732341471767.run(Script1732341471767.groovy:22)
	... 15 more
)

27-11-2024T13:35:28 - [MESSAGE][FAILED] - Unable to click on object 'Object Repository/Principal/Page_Olva Courier  Home/button_CONTINUAR (2)' (Root cause: com.kms.katalon.core.exception.StepFailedException: Unable to click on object 'Object Repository/Principal/Page_Olva Courier  Home/button_CONTINUAR (2)'
	at com.kms.katalon.core.webui.keyword.internal.WebUIKeywordMain.stepFailed(WebUIKeywordMain.groovy:117)
	at com.kms.katalon.core.webui.keyword.internal.WebUIKeywordMain.runKeyword(WebUIKeywordMain.groovy:43)
	at com.kms.katalon.core.webui.keyword.builtin.ClickKeyword.click(ClickKeyword.groovy:74)
	at com.kms.katalon.core.webui.keyword.builtin.ClickKeyword.execute(ClickKeyword.groovy:40)
	at com.kms.katalon.core.keyword.internal.KeywordExecutor.executeKeywordForPlatform(KeywordExecutor.groovy:74)
	at com.kms.katalon.core.webui.keyword.WebUiBuiltInKeywords.click(WebUiBuiltInKeywords.groovy:659)
	at Selec_sobre.run(Selec_sobre:24)
	at com.kms.katalon.core.main.ScriptEngine.run(ScriptEngine.java:194)
	at com.kms.katalon.core.main.ScriptEngine.runScriptAsRawText(ScriptEngine.java:119)
	at com.kms.katalon.core.main.TestCaseExecutor.runScript(TestCaseExecutor.java:448)
	at com.kms.katalon.core.main.TestCaseExecutor.doExecute(TestCaseExecutor.java:439)
	at com.kms.katalon.core.main.TestCaseExecutor.processExecutionPhase(TestCaseExecutor.java:418)
	at com.kms.katalon.core.main.TestCaseExecutor.accessMainPhase(TestCaseExecutor.java:410)
	at com.kms.katalon.core.main.TestCaseExecutor.execute(TestCaseExecutor.java:285)
	at com.kms.katalon.core.main.TestCaseMain.runTestCase(TestCaseMain.java:137)
	at com.kms.katalon.core.keyword.builtin.CallTestCaseKeyword$_callTestCase_closure1.doCall(CallTestCaseKeyword.groovy:59)
	at com.kms.katalon.core.keyword.builtin.CallTestCaseKeyword$_callTestCase_closure1.call(CallTestCaseKeyword.groovy)
	at com.kms.katalon.core.keyword.internal.KeywordMain.runKeyword(KeywordMain.groovy:75)
	at com.kms.katalon.core.keyword.builtin.CallTestCaseKeyword.callTestCase(CallTestCaseKeyword.groovy:81)
	at com.kms.katalon.core.keyword.builtin.CallTestCaseKeyword.execute(CallTestCaseKeyword.groovy:44)
	at com.kms.katalon.core.keyword.internal.KeywordExecutor.executeKeywordForPlatform(KeywordExecutor.groovy:74)
	at com.kms.katalon.core.keyword.BuiltinKeywords.callTestCase(BuiltinKeywords.groovy:310)
	at jdk.internal.reflect.GeneratedMethodAccessor25.invoke(Unknown Source)
	at java.base/jdk.internal.reflect.DelegatingMethodAccessorImpl.invoke(DelegatingMethodAccessorImpl.java:43)
	at Destino-O.run(Destino-O:22)
	at com.kms.katalon.core.main.ScriptEngine.run(ScriptEngine.java:194)
	at com.kms.katalon.core.main.ScriptEngine.runScriptAsRawText(ScriptEngine.java:119)
	at com.kms.katalon.core.main.TestCaseExecutor.runScript(TestCaseExecutor.java:448)
	at com.kms.katalon.core.main.TestCaseExecutor.doExecute(TestCaseExecutor.java:439)
	at com.kms.katalon.core.main.TestCaseExecutor.processExecutionPhase(TestCaseExecutor.java:418)
	at com.kms.katalon.core.main.TestCaseExecutor.accessMainPhase(TestCaseExecutor.java:410)
	at com.kms.katalon.core.main.TestCaseExecutor.execute(TestCaseExecutor.java:285)
	at com.kms.katalon.core.common.CommonExecutor.accessTestCaseMainPhase(CommonExecutor.java:65)
	at com.kms.katalon.core.main.TestSuiteExecutor.accessTestSuiteMainPhase(TestSuiteExecutor.java:150)
	at com.kms.katalon.core.main.TestSuiteExecutor.execute(TestSuiteExecutor.java:106)
	at com.kms.katalon.core.main.TestCaseMain.startTestSuite(TestCaseMain.java:180)
	at TempTestSuite1732729948317.run(TempTestSuite1732729948317.groovy:35)
	at java.base/jdk.internal.reflect.NativeMethodAccessorImpl.invoke0(Native Method)
	at java.base/jdk.internal.reflect.NativeMethodAccessorImpl.invoke(NativeMethodAccessorImpl.java:77)
	at java.base/jdk.internal.reflect.DelegatingMethodAccessorImpl.invoke(DelegatingMethodAccessorImpl.java:43)
Caused by: org.openqa.selenium.ElementClickInterceptedException: Element <button id="btn_aceptar_tipo_envio" class="btn disabled" type="button"> is not clickable at point (675,588) because another element <div class="modal-footer"> obscures it
Build info: version: '3.141.59', revision: 'unknown', time: 'unknown'
System info: host: 'DESKTOP-RGFFP9A', ip: '10.136.10.6', os.name: 'Windows 11', os.arch: 'amd64', os.version: '10.0', java.version: '17.0.7'
Driver info: com.kms.katalon.core.webui.driver.firefox.CGeckoDriver
Capabilities {acceptInsecureCerts: true, browserName: firefox, browserVersion: 133.0, javascriptEnabled: true, moz:accessibilityChecks: false, moz:buildID: 20241121140525, moz:geckodriverVersion: 0.35.0, moz:headless: false, moz:platformVersion: 10.0, moz:processID: 25704, moz:profile: C:\Users\OLVATI\AppData\Loc..., moz:shutdownTimeout: 60000, moz:webdriverClick: true, moz:windowless: false, pageLoadStrategy: normal, platform: WINDOWS, platformName: WINDOWS, proxy: Proxy(direct), setWindowRect: true, strictFileInteractability: false, timeouts: {implicit: 0, pageLoad: 300000, script: 30000}, unhandledPromptBehavior: dismiss and notify, userAgent: Mozilla/5.0 (Windows NT 10....}
Session ID: 6bdff479-ac75-4ecd-91a8-bdd513c3b758
	at jdk.internal.reflect.GeneratedConstructorAccessor32.newInstance(Unknown Source)
	at java.base/jdk.internal.reflect.DelegatingConstructorAccessorImpl.newInstance(DelegatingConstructorAccessorImpl.java:45)
	at org.openqa.selenium.remote.http.W3CHttpResponseCodec.createException(W3CHttpResponseCodec.java:187)
	at org.openqa.selenium.remote.http.W3CHttpResponseCodec.decode(W3CHttpResponseCodec.java:122)
	at org.openqa.selenium.remote.http.W3CHttpResponseCodec.decode(W3CHttpResponseCodec.java:49)
	at org.openqa.selenium.remote.HttpCommandExecutor.execute(HttpCommandExecutor.java:158)
	at org.openqa.selenium.remote.service.DriverCommandExecutor.execute(DriverCommandExecutor.java:83)
	at org.openqa.selenium.remote.RemoteWebDriver.execute(RemoteWebDriver.java:552)
	at com.kms.katalon.selenium.driver.CFirefoxDriver.execute(CFirefoxDriver.java:28)
	at org.openqa.selenium.remote.RemoteWebElement.execute(RemoteWebElement.java:285)
	at org.openqa.selenium.remote.RemoteWebElement.click(RemoteWebElement.java:84)
	at jdk.internal.reflect.GeneratedMethodAccessor10.invoke(Unknown Source)
	at java.base/jdk.internal.reflect.DelegatingMethodAccessorImpl.invoke(DelegatingMethodAccessorImpl.java:43)
	at org.openqa.selenium.support.events.EventFiringWebDriver$EventFiringWebElement.lambda$new$0(EventFiringWebDriver.java:404)
	at jdk.proxy2/jdk.proxy2.$Proxy21.click(Unknown Source)
	at org.openqa.selenium.support.events.EventFiringWebDriver$EventFiringWebElement.click(EventFiringWebDriver.java:417)
	at org.openqa.selenium.WebElement$click.call(Unknown Source)
	at com.kms.katalon.core.webui.keyword.builtin.ClickKeyword.clickUntilSuccessWithTimeout(ClickKeyword.groovy:81)
	at com.kms.katalon.core.webui.keyword.builtin.ClickKeyword.clickUntilSuccessWithTimeout(ClickKeyword.groovy)
	at jdk.internal.reflect.GeneratedMethodAccessor8.invoke(Unknown Source)
	at java.base/jdk.internal.reflect.DelegatingMethodAccessorImpl.invoke(DelegatingMethodAccessorImpl.java:43)
	at com.kms.katalon.core.webui.keyword.builtin.ClickKeyword$_click_closure1.doCall(ClickKeyword.groovy:67)
	at com.kms.katalon.core.webui.keyword.builtin.ClickKeyword$_click_closure1.call(ClickKeyword.groovy)
	at com.kms.katalon.core.webui.keyword.internal.WebUIKeywordMain.runKeyword(WebUIKeywordMain.groovy:35)
	at com.kms.katalon.core.webui.keyword.builtin.ClickKeyword.click(ClickKeyword.groovy:74)
	at com.kms.katalon.core.webui.keyword.builtin.ClickKeyword.execute(ClickKeyword.groovy:40)
	at com.kms.katalon.core.keyword.internal.KeywordExecutor.executeKeywordForPlatform(KeywordExecutor.groovy:74)
	at com.kms.katalon.core.webui.keyword.WebUiBuiltInKeywords.click(WebUiBuiltInKeywords.groovy:659)
	at Script1732083570761.run(Script1732083570761.groovy:24)
	at com.kms.katalon.core.main.ScriptEngine.run(ScriptEngine.java:194)
	at com.kms.katalon.core.main.ScriptEngine.runScriptAsRawText(ScriptEngine.java:119)
	at com.kms.katalon.core.main.TestCaseExecutor.runScript(TestCaseExecutor.java:448)
	at com.kms.katalon.core.main.TestCaseExecutor.doExecute(TestCaseExecutor.java:439)
	at com.kms.katalon.core.main.TestCaseExecutor.processExecutionPhase(TestCaseExecutor.java:418)
	at com.kms.katalon.core.main.TestCaseExecutor.accessMainPhase(TestCaseExecutor.java:410)
	at com.kms.katalon.core.main.TestCaseExecutor.execute(TestCaseExecutor.java:285)
	at com.kms.katalon.core.main.TestCaseMain.runTestCase(TestCaseMain.java:137)
	at com.kms.katalon.core.keyword.builtin.CallTestCaseKeyword$_callTestCase_closure1.doCall(CallTestCaseKeyword.groovy:59)
	at com.kms.katalon.core.keyword.builtin.CallTestCaseKeyword$_callTestCase_closure1.call(CallTestCaseKeyword.groovy)
	at com.kms.katalon.core.keyword.internal.KeywordMain.runKeyword(KeywordMain.groovy:75)
	at com.kms.katalon.core.keyword.builtin.CallTestCaseKeyword.callTestCase(CallTestCaseKeyword.groovy:81)
	at com.kms.katalon.core.keyword.builtin.CallTestCaseKeyword.execute(CallTestCaseKeyword.groovy:44)
	at com.kms.katalon.core.keyword.internal.KeywordExecutor.executeKeywordForPlatform(KeywordExecutor.groovy:74)
	at com.kms.katalon.core.keyword.BuiltinKeywords.callTestCase(BuiltinKeywords.groovy:310)
	at jdk.internal.reflect.GeneratedMethodAccessor25.invoke(Unknown Source)
	at java.base/jdk.internal.reflect.DelegatingMethodAccessorImpl.invoke(DelegatingMethodAccessorImpl.java:43)
	at Script1732341471767.run(Script1732341471767.groovy:22)
	... 15 more
)

27-11-2024T13:35:28 - [MESSAGE][FAILED] - Unable to call Test Case 'Test Cases/1.Inicio/1.1Principal/Selec_sobre' (Root cause: com.kms.katalon.core.exception.StepFailedException: Call Test Case 'Test Cases/1.Inicio/1.1Principal/Selec_sobre' failed
	at com.kms.katalon.core.keyword.builtin.CallTestCaseKeyword$_callTestCase_closure1.doCall(CallTestCaseKeyword.groovy:63)
	at com.kms.katalon.core.keyword.builtin.CallTestCaseKeyword$_callTestCase_closure1.call(CallTestCaseKeyword.groovy)
	at com.kms.katalon.core.keyword.internal.KeywordMain.runKeyword(KeywordMain.groovy:75)
	at com.kms.katalon.core.keyword.builtin.CallTestCaseKeyword.callTestCase(CallTestCaseKeyword.groovy:81)
	at com.kms.katalon.core.keyword.builtin.CallTestCaseKeyword.execute(CallTestCaseKeyword.groovy:44)
	at com.kms.katalon.core.keyword.internal.KeywordExecutor.executeKeywordForPlatform(KeywordExecutor.groovy:74)
	at com.kms.katalon.core.keyword.BuiltinKeywords.callTestCase(BuiltinKeywords.groovy:310)
	at jdk.internal.reflect.GeneratedMethodAccessor25.invoke(Unknown Source)
	at java.base/jdk.internal.reflect.DelegatingMethodAccessorImpl.invoke(DelegatingMethodAccessorImpl.java:43)
	at Destino-O.run(Destino-O:22)
	at com.kms.katalon.core.main.ScriptEngine.run(ScriptEngine.java:194)
	at com.kms.katalon.core.main.ScriptEngine.runScriptAsRawText(ScriptEngine.java:119)
	at com.kms.katalon.core.main.TestCaseExecutor.runScript(TestCaseExecutor.java:448)
	at com.kms.katalon.core.main.TestCaseExecutor.doExecute(TestCaseExecutor.java:439)
	at com.kms.katalon.core.main.TestCaseExecutor.processExecutionPhase(TestCaseExecutor.java:418)
	at com.kms.katalon.core.main.TestCaseExecutor.accessMainPhase(TestCaseExecutor.java:410)
	at com.kms.katalon.core.main.TestCaseExecutor.execute(TestCaseExecutor.java:285)
	at com.kms.katalon.core.common.CommonExecutor.accessTestCaseMainPhase(CommonExecutor.java:65)
	at com.kms.katalon.core.main.TestSuiteExecutor.accessTestSuiteMainPhase(TestSuiteExecutor.java:150)
	at com.kms.katalon.core.main.TestSuiteExecutor.execute(TestSuiteExecutor.java:106)
	at com.kms.katalon.core.main.TestCaseMain.startTestSuite(TestCaseMain.java:180)
	at TempTestSuite1732729948317.run(TempTestSuite1732729948317.groovy:35)
	at java.base/jdk.internal.reflect.NativeMethodAccessorImpl.invoke0(Native Method)
	at java.base/jdk.internal.reflect.NativeMethodAccessorImpl.invoke(NativeMethodAccessorImpl.java:77)
	at java.base/jdk.internal.reflect.DelegatingMethodAccessorImpl.invoke(DelegatingMethodAccessorImpl.java:43)
Caused by: com.kms.katalon.core.exception.StepFailedException: Unable to click on object 'Object Repository/Principal/Page_Olva Courier  Home/button_CONTINUAR (2)'
	at com.kms.katalon.core.webui.keyword.internal.WebUIKeywordMain.stepFailed(WebUIKeywordMain.groovy:117)
	at com.kms.katalon.core.webui.keyword.internal.WebUIKeywordMain.runKeyword(WebUIKeywordMain.groovy:43)
	at com.kms.katalon.core.webui.keyword.builtin.ClickKeyword.click(ClickKeyword.groovy:74)
	at com.kms.katalon.core.webui.keyword.builtin.ClickKeyword.execute(ClickKeyword.groovy:40)
	at com.kms.katalon.core.keyword.internal.KeywordExecutor.executeKeywordForPlatform(KeywordExecutor.groovy:74)
	at com.kms.katalon.core.webui.keyword.WebUiBuiltInKeywords.click(WebUiBuiltInKeywords.groovy:659)
	at Selec_sobre.run(Selec_sobre:24)
	at com.kms.katalon.core.main.ScriptEngine.run(ScriptEngine.java:194)
	at com.kms.katalon.core.main.ScriptEngine.runScriptAsRawText(ScriptEngine.java:119)
	at com.kms.katalon.core.main.TestCaseExecutor.runScript(TestCaseExecutor.java:448)
	at com.kms.katalon.core.main.TestCaseExecutor.doExecute(TestCaseExecutor.java:439)
	at com.kms.katalon.core.main.TestCaseExecutor.processExecutionPhase(TestCaseExecutor.java:418)
	at com.kms.katalon.core.main.TestCaseExecutor.accessMainPhase(TestCaseExecutor.java:410)
	at com.kms.katalon.core.main.TestCaseExecutor.execute(TestCaseExecutor.java:285)
	at com.kms.katalon.core.main.TestCaseMain.runTestCase(TestCaseMain.java:137)
	at com.kms.katalon.core.keyword.builtin.CallTestCaseKeyword$_callTestCase_closure1.doCall(CallTestCaseKeyword.groovy:59)
	... 24 more
Caused by: org.openqa.selenium.ElementClickInterceptedException: Element <button id="btn_aceptar_tipo_envio" class="btn disabled" type="button"> is not clickable at point (675,588) because another element <div class="modal-footer"> obscures it
Build info: version: '3.141.59', revision: 'unknown', time: 'unknown'
System info: host: 'DESKTOP-RGFFP9A', ip: '10.136.10.6', os.name: 'Windows 11', os.arch: 'amd64', os.version: '10.0', java.version: '17.0.7'
Driver info: com.kms.katalon.core.webui.driver.firefox.CGeckoDriver
Capabilities {acceptInsecureCerts: true, browserName: firefox, browserVersion: 133.0, javascriptEnabled: true, moz:accessibilityChecks: false, moz:buildID: 20241121140525, moz:geckodriverVersion: 0.35.0, moz:headless: false, moz:platformVersion: 10.0, moz:processID: 25704, moz:profile: C:\Users\OLVATI\AppData\Loc..., moz:shutdownTimeout: 60000, moz:webdriverClick: true, moz:windowless: false, pageLoadStrategy: normal, platform: WINDOWS, platformName: WINDOWS, proxy: Proxy(direct), setWindowRect: true, strictFileInteractability: false, timeouts: {implicit: 0, pageLoad: 300000, script: 30000}, unhandledPromptBehavior: dismiss and notify, userAgent: Mozilla/5.0 (Windows NT 10....}
Session ID: 6bdff479-ac75-4ecd-91a8-bdd513c3b758
	at jdk.internal.reflect.GeneratedConstructorAccessor32.newInstance(Unknown Source)
	at java.base/jdk.internal.reflect.DelegatingConstructorAccessorImpl.newInstance(DelegatingConstructorAccessorImpl.java:45)
	at org.openqa.selenium.remote.http.W3CHttpResponseCodec.createException(W3CHttpResponseCodec.java:187)
	at org.openqa.selenium.remote.http.W3CHttpResponseCodec.decode(W3CHttpResponseCodec.java:122)
	at org.openqa.selenium.remote.http.W3CHttpResponseCodec.decode(W3CHttpResponseCodec.java:49)
	at org.openqa.selenium.remote.HttpCommandExecutor.execute(HttpCommandExecutor.java:158)
	at org.openqa.selenium.remote.service.DriverCommandExecutor.execute(DriverCommandExecutor.java:83)
	at org.openqa.selenium.remote.RemoteWebDriver.execute(RemoteWebDriver.java:552)
	at com.kms.katalon.selenium.driver.CFirefoxDriver.execute(CFirefoxDriver.java:28)
	at org.openqa.selenium.remote.RemoteWebElement.execute(RemoteWebElement.java:285)
	at org.openqa.selenium.remote.RemoteWebElement.click(RemoteWebElement.java:84)
	at jdk.internal.reflect.GeneratedMethodAccessor10.invoke(Unknown Source)
	at java.base/jdk.internal.reflect.DelegatingMethodAccessorImpl.invoke(DelegatingMethodAccessorImpl.java:43)
	at org.openqa.selenium.support.events.EventFiringWebDriver$EventFiringWebElement.lambda$new$0(EventFiringWebDriver.java:404)
	at jdk.proxy2/jdk.proxy2.$Proxy21.click(Unknown Source)
	at org.openqa.selenium.support.events.EventFiringWebDriver$EventFiringWebElement.click(EventFiringWebDriver.java:417)
	at org.openqa.selenium.WebElement$click.call(Unknown Source)
	at com.kms.katalon.core.webui.keyword.builtin.ClickKeyword.clickUntilSuccessWithTimeout(ClickKeyword.groovy:81)
	at com.kms.katalon.core.webui.keyword.builtin.ClickKeyword.clickUntilSuccessWithTimeout(ClickKeyword.groovy)
	at jdk.internal.reflect.GeneratedMethodAccessor8.invoke(Unknown Source)
	at java.base/jdk.internal.reflect.DelegatingMethodAccessorImpl.invoke(DelegatingMethodAccessorImpl.java:43)
	at com.kms.katalon.core.webui.keyword.builtin.ClickKeyword$_click_closure1.doCall(ClickKeyword.groovy:67)
	at com.kms.katalon.core.webui.keyword.builtin.ClickKeyword$_click_closure1.call(ClickKeyword.groovy)
	at com.kms.katalon.core.webui.keyword.internal.WebUIKeywordMain.runKeyword(WebUIKeywordMain.groovy:35)
	... 38 more
)]]></system-out>
         <system-err><![CDATA[27-11-2024T13:34:46 - [TEST_CASE][FAILED] - Test Cases/2.Positivos/2.2Sobre/Origen-Lima/3.Destino-D,DO,O/Destino-O: Test Cases/2.Positivos/2.2Sobre/Origen-Lima/3.Destino-D,DO,O/Destino-O FAILED.
Reason:
com.kms.katalon.core.exception.StepFailedException: Call Test Case 'Test Cases/1.Inicio/1.1Principal/Selec_sobre' failed
	at com.kms.katalon.core.keyword.builtin.CallTestCaseKeyword$_callTestCase_closure1.doCall(CallTestCaseKeyword.groovy:63)
	at com.kms.katalon.core.keyword.builtin.CallTestCaseKeyword$_callTestCase_closure1.call(CallTestCaseKeyword.groovy)
	at com.kms.katalon.core.keyword.internal.KeywordMain.runKeyword(KeywordMain.groovy:75)
	at com.kms.katalon.core.keyword.builtin.CallTestCaseKeyword.callTestCase(CallTestCaseKeyword.groovy:81)
	at com.kms.katalon.core.keyword.builtin.CallTestCaseKeyword.execute(CallTestCaseKeyword.groovy:44)
	at com.kms.katalon.core.keyword.internal.KeywordExecutor.executeKeywordForPlatform(KeywordExecutor.groovy:74)
	at com.kms.katalon.core.keyword.BuiltinKeywords.callTestCase(BuiltinKeywords.groovy:310)
	at jdk.internal.reflect.GeneratedMethodAccessor25.invoke(Unknown Source)
	at java.base/jdk.internal.reflect.DelegatingMethodAccessorImpl.invoke(DelegatingMethodAccessorImpl.java:43)
	at Destino-O.run(Destino-O:22)
	at com.kms.katalon.core.main.ScriptEngine.run(ScriptEngine.java:194)
	at com.kms.katalon.core.main.ScriptEngine.runScriptAsRawText(ScriptEngine.java:119)
	at com.kms.katalon.core.main.TestCaseExecutor.runScript(TestCaseExecutor.java:448)
	at com.kms.katalon.core.main.TestCaseExecutor.doExecute(TestCaseExecutor.java:439)
	at com.kms.katalon.core.main.TestCaseExecutor.processExecutionPhase(TestCaseExecutor.java:418)
	at com.kms.katalon.core.main.TestCaseExecutor.accessMainPhase(TestCaseExecutor.java:410)
	at com.kms.katalon.core.main.TestCaseExecutor.execute(TestCaseExecutor.java:285)
	at com.kms.katalon.core.common.CommonExecutor.accessTestCaseMainPhase(CommonExecutor.java:65)
	at com.kms.katalon.core.main.TestSuiteExecutor.accessTestSuiteMainPhase(TestSuiteExecutor.java:150)
	at com.kms.katalon.core.main.TestSuiteExecutor.execute(TestSuiteExecutor.java:106)
	at com.kms.katalon.core.main.TestCaseMain.startTestSuite(TestCaseMain.java:180)
	at TempTestSuite1732729948317.run(TempTestSuite1732729948317.groovy:35)
	at java.base/jdk.internal.reflect.NativeMethodAccessorImpl.invoke0(Native Method)
	at java.base/jdk.internal.reflect.NativeMethodAccessorImpl.invoke(NativeMethodAccessorImpl.java:77)
	at java.base/jdk.internal.reflect.DelegatingMethodAccessorImpl.invoke(DelegatingMethodAccessorImpl.java:43)
Caused by: com.kms.katalon.core.exception.StepFailedException: Unable to click on object 'Object Repository/Principal/Page_Olva Courier  Home/button_CONTINUAR (2)'
	at com.kms.katalon.core.webui.keyword.internal.WebUIKeywordMain.stepFailed(WebUIKeywordMain.groovy:117)
	at com.kms.katalon.core.webui.keyword.internal.WebUIKeywordMain.runKeyword(WebUIKeywordMain.groovy:43)
	at com.kms.katalon.core.webui.keyword.builtin.ClickKeyword.click(ClickKeyword.groovy:74)
	at com.kms.katalon.core.webui.keyword.builtin.ClickKeyword.execute(ClickKeyword.groovy:40)
	at com.kms.katalon.core.keyword.internal.KeywordExecutor.executeKeywordForPlatform(KeywordExecutor.groovy:74)
	at com.kms.katalon.core.webui.keyword.WebUiBuiltInKeywords.click(WebUiBuiltInKeywords.groovy:659)
	at Selec_sobre.run(Selec_sobre:24)
	at com.kms.katalon.core.main.ScriptEngine.run(ScriptEngine.java:194)
	at com.kms.katalon.core.main.ScriptEngine.runScriptAsRawText(ScriptEngine.java:119)
	at com.kms.katalon.core.main.TestCaseExecutor.runScript(TestCaseExecutor.java:448)
	at com.kms.katalon.core.main.TestCaseExecutor.doExecute(TestCaseExecutor.java:439)
	at com.kms.katalon.core.main.TestCaseExecutor.processExecutionPhase(TestCaseExecutor.java:418)
	at com.kms.katalon.core.main.TestCaseExecutor.accessMainPhase(TestCaseExecutor.java:410)
	at com.kms.katalon.core.main.TestCaseExecutor.execute(TestCaseExecutor.java:285)
	at com.kms.katalon.core.main.TestCaseMain.runTestCase(TestCaseMain.java:137)
	at com.kms.katalon.core.keyword.builtin.CallTestCaseKeyword$_callTestCase_closure1.doCall(CallTestCaseKeyword.groovy:59)
	... 24 more
Caused by: org.openqa.selenium.ElementClickInterceptedException: Element <button id="btn_aceptar_tipo_envio" class="btn disabled" type="button"> is not clickable at point (675,588) because another element <div class="modal-footer"> obscures it
Build info: version: '3.141.59', revision: 'unknown', time: 'unknown'
System info: host: 'DESKTOP-RGFFP9A', ip: '10.136.10.6', os.name: 'Windows 11', os.arch: 'amd64', os.version: '10.0', java.version: '17.0.7'
Driver info: com.kms.katalon.core.webui.driver.firefox.CGeckoDriver
Capabilities {acceptInsecureCerts: true, browserName: firefox, browserVersion: 133.0, javascriptEnabled: true, moz:accessibilityChecks: false, moz:buildID: 20241121140525, moz:geckodriverVersion: 0.35.0, moz:headless: false, moz:platformVersion: 10.0, moz:processID: 25704, moz:profile: C:\Users\OLVATI\AppData\Loc..., moz:shutdownTimeout: 60000, moz:webdriverClick: true, moz:windowless: false, pageLoadStrategy: normal, platform: WINDOWS, platformName: WINDOWS, proxy: Proxy(direct), setWindowRect: true, strictFileInteractability: false, timeouts: {implicit: 0, pageLoad: 300000, script: 30000}, unhandledPromptBehavior: dismiss and notify, userAgent: Mozilla/5.0 (Windows NT 10....}
Session ID: 6bdff479-ac75-4ecd-91a8-bdd513c3b758
	at jdk.internal.reflect.GeneratedConstructorAccessor32.newInstance(Unknown Source)
	at java.base/jdk.internal.reflect.DelegatingConstructorAccessorImpl.newInstance(DelegatingConstructorAccessorImpl.java:45)
	at org.openqa.selenium.remote.http.W3CHttpResponseCodec.createException(W3CHttpResponseCodec.java:187)
	at org.openqa.selenium.remote.http.W3CHttpResponseCodec.decode(W3CHttpResponseCodec.java:122)
	at org.openqa.selenium.remote.http.W3CHttpResponseCodec.decode(W3CHttpResponseCodec.java:49)
	at org.openqa.selenium.remote.HttpCommandExecutor.execute(HttpCommandExecutor.java:158)
	at org.openqa.selenium.remote.service.DriverCommandExecutor.execute(DriverCommandExecutor.java:83)
	at org.openqa.selenium.remote.RemoteWebDriver.execute(RemoteWebDriver.java:552)
	at com.kms.katalon.selenium.driver.CFirefoxDriver.execute(CFirefoxDriver.java:28)
	at org.openqa.selenium.remote.RemoteWebElement.execute(RemoteWebElement.java:285)
	at org.openqa.selenium.remote.RemoteWebElement.click(RemoteWebElement.java:84)
	at jdk.internal.reflect.GeneratedMethodAccessor10.invoke(Unknown Source)
	at java.base/jdk.internal.reflect.DelegatingMethodAccessorImpl.invoke(DelegatingMethodAccessorImpl.java:43)
	at org.openqa.selenium.support.events.EventFiringWebDriver$EventFiringWebElement.lambda$new$0(EventFiringWebDriver.java:404)
	at jdk.proxy2/jdk.proxy2.$Proxy21.click(Unknown Source)
	at org.openqa.selenium.support.events.EventFiringWebDriver$EventFiringWebElement.click(EventFiringWebDriver.java:417)
	at org.openqa.selenium.WebElement$click.call(Unknown Source)
	at com.kms.katalon.core.webui.keyword.builtin.ClickKeyword.clickUntilSuccessWithTimeout(ClickKeyword.groovy:81)
	at com.kms.katalon.core.webui.keyword.builtin.ClickKeyword.clickUntilSuccessWithTimeout(ClickKeyword.groovy)
	at jdk.internal.reflect.GeneratedMethodAccessor8.invoke(Unknown Source)
	at java.base/jdk.internal.reflect.DelegatingMethodAccessorImpl.invoke(DelegatingMethodAccessorImpl.java:43)
	at com.kms.katalon.core.webui.keyword.builtin.ClickKeyword$_click_closure1.doCall(ClickKeyword.groovy:67)
	at com.kms.katalon.core.webui.keyword.builtin.ClickKeyword$_click_closure1.call(ClickKeyword.groovy)
	at com.kms.katalon.core.webui.keyword.internal.WebUIKeywordMain.runKeyword(WebUIKeywordMain.groovy:35)
	... 38 more]]></system-err>
      </testcase>
      <testcase name="Test Cases/2.Positivos/2.2Sobre/Origen-Lima/3.Destino-D,DO,O/Destino-DO" time="41.442" classname="Test Cases/2.Positivos/2.2Sobre/Origen-Lima/3.Destino-D,DO,O/Destino-DO" status="FAILED">
         <failure type="FAILED" message="Test Cases/2.Positivos/2.2Sobre/Origen-Lima/3.Destino-D,DO,O/Destino-DO FAILED.&#xa;Reason:&#xa;com.kms.katalon.core.exception.StepFailedException: Call Test Case 'Test Cases/1.Inicio/1.1Principal/Selec_sobre' failed&#xa;	at com.kms.katalon.core.keyword.builtin.CallTestCaseKeyword$_callTestCase_closure1.doCall(CallTestCaseKeyword.groovy:63)&#xa;	at com.kms.katalon.core.keyword.builtin.CallTestCaseKeyword$_callTestCase_closure1.call(CallTestCaseKeyword.groovy)&#xa;	at com.kms.katalon.core.keyword.internal.KeywordMain.runKeyword(KeywordMain.groovy:75)&#xa;	at com.kms.katalon.core.keyword.builtin.CallTestCaseKeyword.callTestCase(CallTestCaseKeyword.groovy:81)&#xa;	at com.kms.katalon.core.keyword.builtin.CallTestCaseKeyword.execute(CallTestCaseKeyword.groovy:44)&#xa;	at com.kms.katalon.core.keyword.internal.KeywordExecutor.executeKeywordForPlatform(KeywordExecutor.groovy:74)&#xa;	at com.kms.katalon.core.keyword.BuiltinKeywords.callTestCase(BuiltinKeywords.groovy:310)&#xa;	at jdk.internal.reflect.GeneratedMethodAccessor25.invoke(Unknown Source)&#xa;	at java.base/jdk.internal.reflect.DelegatingMethodAccessorImpl.invoke(DelegatingMethodAccessorImpl.java:43)&#xa;	at Destino-DO.run(Destino-DO:22)&#xa;	at com.kms.katalon.core.main.ScriptEngine.run(ScriptEngine.java:194)&#xa;	at com.kms.katalon.core.main.ScriptEngine.runScriptAsRawText(ScriptEngine.java:119)&#xa;	at com.kms.katalon.core.main.TestCaseExecutor.runScript(TestCaseExecutor.java:448)&#xa;	at com.kms.katalon.core.main.TestCaseExecutor.doExecute(TestCaseExecutor.java:439)&#xa;	at com.kms.katalon.core.main.TestCaseExecutor.processExecutionPhase(TestCaseExecutor.java:418)&#xa;	at com.kms.katalon.core.main.TestCaseExecutor.accessMainPhase(TestCaseExecutor.java:410)&#xa;	at com.kms.katalon.core.main.TestCaseExecutor.execute(TestCaseExecutor.java:285)&#xa;	at com.kms.katalon.core.common.CommonExecutor.accessTestCaseMainPhase(CommonExecutor.java:65)&#xa;	at com.kms.katalon.core.main.TestSuiteExecutor.accessTestSuiteMainPhase(TestSuiteExecutor.java:150)&#xa;	at com.kms.katalon.core.main.TestSuiteExecutor.execute(TestSuiteExecutor.java:106)&#xa;	at com.kms.katalon.core.main.TestCaseMain.startTestSuite(TestCaseMain.java:180)&#xa;	at TempTestSuite1732729948317.run(TempTestSuite1732729948317.groovy:35)&#xa;	at java.base/jdk.internal.reflect.NativeMethodAccessorImpl.invoke0(Native Method)&#xa;	at java.base/jdk.internal.reflect.NativeMethodAccessorImpl.invoke(NativeMethodAccessorImpl.java:77)&#xa;	at java.base/jdk.internal.reflect.DelegatingMethodAccessorImpl.invoke(DelegatingMethodAccessorImpl.java:43)&#xa;Caused by: com.kms.katalon.core.exception.StepFailedException: Unable to click on object 'Object Repository/Principal/Page_Olva Courier  Home/button_CONTINUAR (2)'&#xa;	at com.kms.katalon.core.webui.keyword.internal.WebUIKeywordMain.stepFailed(WebUIKeywordMain.groovy:117)&#xa;	at com.kms.katalon.core.webui.keyword.internal.WebUIKeywordMain.runKeyword(WebUIKeywordMain.groovy:43)&#xa;	at com.kms.katalon.core.webui.keyword.builtin.ClickKeyword.click(ClickKeyword.groovy:74)&#xa;	at com.kms.katalon.core.webui.keyword.builtin.ClickKeyword.execute(ClickKeyword.groovy:40)&#xa;	at com.kms.katalon.core.keyword.internal.KeywordExecutor.executeKeywordForPlatform(KeywordExecutor.groovy:74)&#xa;	at com.kms.katalon.core.webui.keyword.WebUiBuiltInKeywords.click(WebUiBuiltInKeywords.groovy:659)&#xa;	at Selec_sobre.run(Selec_sobre:24)&#xa;	at com.kms.katalon.core.main.ScriptEngine.run(ScriptEngine.java:194)&#xa;	at com.kms.katalon.core.main.ScriptEngine.runScriptAsRawText(ScriptEngine.java:119)&#xa;	at com.kms.katalon.core.main.TestCaseExecutor.runScript(TestCaseExecutor.java:448)&#xa;	at com.kms.katalon.core.main.TestCaseExecutor.doExecute(TestCaseExecutor.java:439)&#xa;	at com.kms.katalon.core.main.TestCaseExecutor.processExecutionPhase(TestCaseExecutor.java:418)&#xa;	at com.kms.katalon.core.main.TestCaseExecutor.accessMainPhase(TestCaseExecutor.java:410)&#xa;	at com.kms.katalon.core.main.TestCaseExecutor.execute(TestCaseExecutor.java:285)&#xa;	at com.kms.katalon.core.main.TestCaseMain.runTestCase(TestCaseMain.java:137)&#xa;	at com.kms.katalon.core.keyword.builtin.CallTestCaseKeyword$_callTestCase_closure1.doCall(CallTestCaseKeyword.groovy:59)&#xa;	... 24 more&#xa;Caused by: org.openqa.selenium.ElementClickInterceptedException: Element &lt;button id=&quot;btn_aceptar_tipo_envio&quot; class=&quot;btn disabled&quot; type=&quot;button&quot;> is not clickable at point (675,588) because another element &lt;div class=&quot;modal-footer&quot;> obscures it&#xa;Build info: version: '3.141.59', revision: 'unknown', time: 'unknown'&#xa;System info: host: 'DESKTOP-RGFFP9A', ip: '10.136.10.6', os.name: 'Windows 11', os.arch: 'amd64', os.version: '10.0', java.version: '17.0.7'&#xa;Driver info: com.kms.katalon.core.webui.driver.firefox.CGeckoDriver&#xa;Capabilities {acceptInsecureCerts: true, browserName: firefox, browserVersion: 133.0, javascriptEnabled: true, moz:accessibilityChecks: false, moz:buildID: 20241121140525, moz:geckodriverVersion: 0.35.0, moz:headless: false, moz:platformVersion: 10.0, moz:processID: 9172, moz:profile: C:\Users\OLVATI\AppData\Loc..., moz:shutdownTimeout: 60000, moz:webdriverClick: true, moz:windowless: false, pageLoadStrategy: normal, platform: WINDOWS, platformName: WINDOWS, proxy: Proxy(direct), setWindowRect: true, strictFileInteractability: false, timeouts: {implicit: 0, pageLoad: 300000, script: 30000}, unhandledPromptBehavior: dismiss and notify, userAgent: Mozilla/5.0 (Windows NT 10....}&#xa;Session ID: bc319dfb-8f63-42c7-a282-185e54edf815&#xa;	at jdk.internal.reflect.GeneratedConstructorAccessor32.newInstance(Unknown Source)&#xa;	at java.base/jdk.internal.reflect.DelegatingConstructorAccessorImpl.newInstance(DelegatingConstructorAccessorImpl.java:45)&#xa;	at org.openqa.selenium.remote.http.W3CHttpResponseCodec.createException(W3CHttpResponseCodec.java:187)&#xa;	at org.openqa.selenium.remote.http.W3CHttpResponseCodec.decode(W3CHttpResponseCodec.java:122)&#xa;	at org.openqa.selenium.remote.http.W3CHttpResponseCodec.decode(W3CHttpResponseCodec.java:49)&#xa;	at org.openqa.selenium.remote.HttpCommandExecutor.execute(HttpCommandExecutor.java:158)&#xa;	at org.openqa.selenium.remote.service.DriverCommandExecutor.execute(DriverCommandExecutor.java:83)&#xa;	at org.openqa.selenium.remote.RemoteWebDriver.execute(RemoteWebDriver.java:552)&#xa;	at com.kms.katalon.selenium.driver.CFirefoxDriver.execute(CFirefoxDriver.java:28)&#xa;	at org.openqa.selenium.remote.RemoteWebElement.execute(RemoteWebElement.java:285)&#xa;	at org.openqa.selenium.remote.RemoteWebElement.click(RemoteWebElement.java:84)&#xa;	at jdk.internal.reflect.GeneratedMethodAccessor10.invoke(Unknown Source)&#xa;	at java.base/jdk.internal.reflect.DelegatingMethodAccessorImpl.invoke(DelegatingMethodAccessorImpl.java:43)&#xa;	at org.openqa.selenium.support.events.EventFiringWebDriver$EventFiringWebElement.lambda$new$0(EventFiringWebDriver.java:404)&#xa;	at jdk.proxy2/jdk.proxy2.$Proxy21.click(Unknown Source)&#xa;	at org.openqa.selenium.support.events.EventFiringWebDriver$EventFiringWebElement.click(EventFiringWebDriver.java:417)&#xa;	at org.openqa.selenium.WebElement$click.call(Unknown Source)&#xa;	at com.kms.katalon.core.webui.keyword.builtin.ClickKeyword.clickUntilSuccessWithTimeout(ClickKeyword.groovy:81)&#xa;	at com.kms.katalon.core.webui.keyword.builtin.ClickKeyword.clickUntilSuccessWithTimeout(ClickKeyword.groovy)&#xa;	at jdk.internal.reflect.GeneratedMethodAccessor8.invoke(Unknown Source)&#xa;	at java.base/jdk.internal.reflect.DelegatingMethodAccessorImpl.invoke(DelegatingMethodAccessorImpl.java:43)&#xa;	at com.kms.katalon.core.webui.keyword.builtin.ClickKeyword$_click_closure1.doCall(ClickKeyword.groovy:67)&#xa;	at com.kms.katalon.core.webui.keyword.builtin.ClickKeyword$_click_closure1.call(ClickKeyword.groovy)&#xa;	at com.kms.katalon.core.webui.keyword.internal.WebUIKeywordMain.runKeyword(WebUIKeywordMain.groovy:35)&#xa;	... 38 more&#xa;"/>
         <system-out><![CDATA[27-11-2024T13:35:28 - [TEST_CASE][FAILED] - Test Cases/2.Positivos/2.2Sobre/Origen-Lima/3.Destino-D,DO,O/Destino-DO: Test Cases/2.Positivos/2.2Sobre/Origen-Lima/3.Destino-D,DO,O/Destino-DO FAILED.
Reason:
com.kms.katalon.core.exception.StepFailedException: Call Test Case 'Test Cases/1.Inicio/1.1Principal/Selec_sobre' failed
	at com.kms.katalon.core.keyword.builtin.CallTestCaseKeyword$_callTestCase_closure1.doCall(CallTestCaseKeyword.groovy:63)
	at com.kms.katalon.core.keyword.builtin.CallTestCaseKeyword$_callTestCase_closure1.call(CallTestCaseKeyword.groovy)
	at com.kms.katalon.core.keyword.internal.KeywordMain.runKeyword(KeywordMain.groovy:75)
	at com.kms.katalon.core.keyword.builtin.CallTestCaseKeyword.callTestCase(CallTestCaseKeyword.groovy:81)
	at com.kms.katalon.core.keyword.builtin.CallTestCaseKeyword.execute(CallTestCaseKeyword.groovy:44)
	at com.kms.katalon.core.keyword.internal.KeywordExecutor.executeKeywordForPlatform(KeywordExecutor.groovy:74)
	at com.kms.katalon.core.keyword.BuiltinKeywords.callTestCase(BuiltinKeywords.groovy:310)
	at jdk.internal.reflect.GeneratedMethodAccessor25.invoke(Unknown Source)
	at java.base/jdk.internal.reflect.DelegatingMethodAccessorImpl.invoke(DelegatingMethodAccessorImpl.java:43)
	at Destino-DO.run(Destino-DO:22)
	at com.kms.katalon.core.main.ScriptEngine.run(ScriptEngine.java:194)
	at com.kms.katalon.core.main.ScriptEngine.runScriptAsRawText(ScriptEngine.java:119)
	at com.kms.katalon.core.main.TestCaseExecutor.runScript(TestCaseExecutor.java:448)
	at com.kms.katalon.core.main.TestCaseExecutor.doExecute(TestCaseExecutor.java:439)
	at com.kms.katalon.core.main.TestCaseExecutor.processExecutionPhase(TestCaseExecutor.java:418)
	at com.kms.katalon.core.main.TestCaseExecutor.accessMainPhase(TestCaseExecutor.java:410)
	at com.kms.katalon.core.main.TestCaseExecutor.execute(TestCaseExecutor.java:285)
	at com.kms.katalon.core.common.CommonExecutor.accessTestCaseMainPhase(CommonExecutor.java:65)
	at com.kms.katalon.core.main.TestSuiteExecutor.accessTestSuiteMainPhase(TestSuiteExecutor.java:150)
	at com.kms.katalon.core.main.TestSuiteExecutor.execute(TestSuiteExecutor.java:106)
	at com.kms.katalon.core.main.TestCaseMain.startTestSuite(TestCaseMain.java:180)
	at TempTestSuite1732729948317.run(TempTestSuite1732729948317.groovy:35)
	at java.base/jdk.internal.reflect.NativeMethodAccessorImpl.invoke0(Native Method)
	at java.base/jdk.internal.reflect.NativeMethodAccessorImpl.invoke(NativeMethodAccessorImpl.java:77)
	at java.base/jdk.internal.reflect.DelegatingMethodAccessorImpl.invoke(DelegatingMethodAccessorImpl.java:43)
Caused by: com.kms.katalon.core.exception.StepFailedException: Unable to click on object 'Object Repository/Principal/Page_Olva Courier  Home/button_CONTINUAR (2)'
	at com.kms.katalon.core.webui.keyword.internal.WebUIKeywordMain.stepFailed(WebUIKeywordMain.groovy:117)
	at com.kms.katalon.core.webui.keyword.internal.WebUIKeywordMain.runKeyword(WebUIKeywordMain.groovy:43)
	at com.kms.katalon.core.webui.keyword.builtin.ClickKeyword.click(ClickKeyword.groovy:74)
	at com.kms.katalon.core.webui.keyword.builtin.ClickKeyword.execute(ClickKeyword.groovy:40)
	at com.kms.katalon.core.keyword.internal.KeywordExecutor.executeKeywordForPlatform(KeywordExecutor.groovy:74)
	at com.kms.katalon.core.webui.keyword.WebUiBuiltInKeywords.click(WebUiBuiltInKeywords.groovy:659)
	at Selec_sobre.run(Selec_sobre:24)
	at com.kms.katalon.core.main.ScriptEngine.run(ScriptEngine.java:194)
	at com.kms.katalon.core.main.ScriptEngine.runScriptAsRawText(ScriptEngine.java:119)
	at com.kms.katalon.core.main.TestCaseExecutor.runScript(TestCaseExecutor.java:448)
	at com.kms.katalon.core.main.TestCaseExecutor.doExecute(TestCaseExecutor.java:439)
	at com.kms.katalon.core.main.TestCaseExecutor.processExecutionPhase(TestCaseExecutor.java:418)
	at com.kms.katalon.core.main.TestCaseExecutor.accessMainPhase(TestCaseExecutor.java:410)
	at com.kms.katalon.core.main.TestCaseExecutor.execute(TestCaseExecutor.java:285)
	at com.kms.katalon.core.main.TestCaseMain.runTestCase(TestCaseMain.java:137)
	at com.kms.katalon.core.keyword.builtin.CallTestCaseKeyword$_callTestCase_closure1.doCall(CallTestCaseKeyword.groovy:59)
	... 24 more
Caused by: org.openqa.selenium.ElementClickInterceptedException: Element <button id="btn_aceptar_tipo_envio" class="btn disabled" type="button"> is not clickable at point (675,588) because another element <div class="modal-footer"> obscures it
Build info: version: '3.141.59', revision: 'unknown', time: 'unknown'
System info: host: 'DESKTOP-RGFFP9A', ip: '10.136.10.6', os.name: 'Windows 11', os.arch: 'amd64', os.version: '10.0', java.version: '17.0.7'
Driver info: com.kms.katalon.core.webui.driver.firefox.CGeckoDriver
Capabilities {acceptInsecureCerts: true, browserName: firefox, browserVersion: 133.0, javascriptEnabled: true, moz:accessibilityChecks: false, moz:buildID: 20241121140525, moz:geckodriverVersion: 0.35.0, moz:headless: false, moz:platformVersion: 10.0, moz:processID: 9172, moz:profile: C:\Users\OLVATI\AppData\Loc..., moz:shutdownTimeout: 60000, moz:webdriverClick: true, moz:windowless: false, pageLoadStrategy: normal, platform: WINDOWS, platformName: WINDOWS, proxy: Proxy(direct), setWindowRect: true, strictFileInteractability: false, timeouts: {implicit: 0, pageLoad: 300000, script: 30000}, unhandledPromptBehavior: dismiss and notify, userAgent: Mozilla/5.0 (Windows NT 10....}
Session ID: bc319dfb-8f63-42c7-a282-185e54edf815
	at jdk.internal.reflect.GeneratedConstructorAccessor32.newInstance(Unknown Source)
	at java.base/jdk.internal.reflect.DelegatingConstructorAccessorImpl.newInstance(DelegatingConstructorAccessorImpl.java:45)
	at org.openqa.selenium.remote.http.W3CHttpResponseCodec.createException(W3CHttpResponseCodec.java:187)
	at org.openqa.selenium.remote.http.W3CHttpResponseCodec.decode(W3CHttpResponseCodec.java:122)
	at org.openqa.selenium.remote.http.W3CHttpResponseCodec.decode(W3CHttpResponseCodec.java:49)
	at org.openqa.selenium.remote.HttpCommandExecutor.execute(HttpCommandExecutor.java:158)
	at org.openqa.selenium.remote.service.DriverCommandExecutor.execute(DriverCommandExecutor.java:83)
	at org.openqa.selenium.remote.RemoteWebDriver.execute(RemoteWebDriver.java:552)
	at com.kms.katalon.selenium.driver.CFirefoxDriver.execute(CFirefoxDriver.java:28)
	at org.openqa.selenium.remote.RemoteWebElement.execute(RemoteWebElement.java:285)
	at org.openqa.selenium.remote.RemoteWebElement.click(RemoteWebElement.java:84)
	at jdk.internal.reflect.GeneratedMethodAccessor10.invoke(Unknown Source)
	at java.base/jdk.internal.reflect.DelegatingMethodAccessorImpl.invoke(DelegatingMethodAccessorImpl.java:43)
	at org.openqa.selenium.support.events.EventFiringWebDriver$EventFiringWebElement.lambda$new$0(EventFiringWebDriver.java:404)
	at jdk.proxy2/jdk.proxy2.$Proxy21.click(Unknown Source)
	at org.openqa.selenium.support.events.EventFiringWebDriver$EventFiringWebElement.click(EventFiringWebDriver.java:417)
	at org.openqa.selenium.WebElement$click.call(Unknown Source)
	at com.kms.katalon.core.webui.keyword.builtin.ClickKeyword.clickUntilSuccessWithTimeout(ClickKeyword.groovy:81)
	at com.kms.katalon.core.webui.keyword.builtin.ClickKeyword.clickUntilSuccessWithTimeout(ClickKeyword.groovy)
	at jdk.internal.reflect.GeneratedMethodAccessor8.invoke(Unknown Source)
	at java.base/jdk.internal.reflect.DelegatingMethodAccessorImpl.invoke(DelegatingMethodAccessorImpl.java:43)
	at com.kms.katalon.core.webui.keyword.builtin.ClickKeyword$_click_closure1.doCall(ClickKeyword.groovy:67)
	at com.kms.katalon.core.webui.keyword.builtin.ClickKeyword$_click_closure1.call(ClickKeyword.groovy)
	at com.kms.katalon.core.webui.keyword.internal.WebUIKeywordMain.runKeyword(WebUIKeywordMain.groovy:35)
	... 38 more


27-11-2024T13:35:28 - [TEST_STEP][PASSED] - callTestCase(findTestCase("1.Inicio/1.1Principal/Principal-home"), [:], STOP_ON_FAILURE): Call Test Case 'Test Cases/1.Inicio/1.1Principal/Principal-home' successfully

27-11-2024T13:35:28 - [TEST_CASE][PASSED] - Test Cases/1.Inicio/1.1Principal/Principal-home: Test Cases/1.Inicio/1.1Principal/Principal-home

27-11-2024T13:35:28 - [TEST_STEP][PASSED] - openBrowser(""): Browser is opened with url: ''

27-11-2024T13:35:28 - [MESSAGE][WARNING] - A browser is already opened. Closing browser and opening a new one

27-11-2024T13:35:30 - [MESSAGE][INFO] - Starting 'Firefox' driver

27-11-2024T13:35:30 - [MESSAGE][INFO] - Action delay is set to 0 milliseconds

27-11-2024T13:35:36 - [MESSAGE][PASSED] - Browser is opened with url: ''

27-11-2024T13:35:36 - [TEST_STEP][PASSED] - navigateToUrl("https://dev01-registrodeenvios.olvacourier.com/principal"): Navigate to 'https://dev01-registrodeenvios.olvacourier.com/principal' successfully

27-11-2024T13:35:38 - [MESSAGE][PASSED] - Navigate to 'https://dev01-registrodeenvios.olvacourier.com/principal' successfully

27-11-2024T13:35:38 - [TEST_STEP][PASSED] - maximizeWindow(): Current window maximized

27-11-2024T13:35:38 - [MESSAGE][PASSED] - Current window maximized

27-11-2024T13:35:38 - [MESSAGE][PASSED] - Call Test Case 'Test Cases/1.Inicio/1.1Principal/Principal-home' successfully

27-11-2024T13:35:38 - [TEST_STEP][FAILED] - callTestCase(findTestCase("1.Inicio/1.1Principal/Selec_sobre"), [:], STOP_ON_FAILURE): Unable to call Test Case 'Test Cases/1.Inicio/1.1Principal/Selec_sobre' (Root cause: com.kms.katalon.core.exception.StepFailedException: Call Test Case 'Test Cases/1.Inicio/1.1Principal/Selec_sobre' failed
	at com.kms.katalon.core.keyword.builtin.CallTestCaseKeyword$_callTestCase_closure1.doCall(CallTestCaseKeyword.groovy:63)
	at com.kms.katalon.core.keyword.builtin.CallTestCaseKeyword$_callTestCase_closure1.call(CallTestCaseKeyword.groovy)
	at com.kms.katalon.core.keyword.internal.KeywordMain.runKeyword(KeywordMain.groovy:75)
	at com.kms.katalon.core.keyword.builtin.CallTestCaseKeyword.callTestCase(CallTestCaseKeyword.groovy:81)
	at com.kms.katalon.core.keyword.builtin.CallTestCaseKeyword.execute(CallTestCaseKeyword.groovy:44)
	at com.kms.katalon.core.keyword.internal.KeywordExecutor.executeKeywordForPlatform(KeywordExecutor.groovy:74)
	at com.kms.katalon.core.keyword.BuiltinKeywords.callTestCase(BuiltinKeywords.groovy:310)
	at jdk.internal.reflect.GeneratedMethodAccessor25.invoke(Unknown Source)
	at java.base/jdk.internal.reflect.DelegatingMethodAccessorImpl.invoke(DelegatingMethodAccessorImpl.java:43)
	at Destino-DO.run(Destino-DO:22)
	at com.kms.katalon.core.main.ScriptEngine.run(ScriptEngine.java:194)
	at com.kms.katalon.core.main.ScriptEngine.runScriptAsRawText(ScriptEngine.java:119)
	at com.kms.katalon.core.main.TestCaseExecutor.runScript(TestCaseExecutor.java:448)
	at com.kms.katalon.core.main.TestCaseExecutor.doExecute(TestCaseExecutor.java:439)
	at com.kms.katalon.core.main.TestCaseExecutor.processExecutionPhase(TestCaseExecutor.java:418)
	at com.kms.katalon.core.main.TestCaseExecutor.accessMainPhase(TestCaseExecutor.java:410)
	at com.kms.katalon.core.main.TestCaseExecutor.execute(TestCaseExecutor.java:285)
	at com.kms.katalon.core.common.CommonExecutor.accessTestCaseMainPhase(CommonExecutor.java:65)
	at com.kms.katalon.core.main.TestSuiteExecutor.accessTestSuiteMainPhase(TestSuiteExecutor.java:150)
	at com.kms.katalon.core.main.TestSuiteExecutor.execute(TestSuiteExecutor.java:106)
	at com.kms.katalon.core.main.TestCaseMain.startTestSuite(TestCaseMain.java:180)
	at TempTestSuite1732729948317.run(TempTestSuite1732729948317.groovy:35)
	at java.base/jdk.internal.reflect.NativeMethodAccessorImpl.invoke0(Native Method)
	at java.base/jdk.internal.reflect.NativeMethodAccessorImpl.invoke(NativeMethodAccessorImpl.java:77)
	at java.base/jdk.internal.reflect.DelegatingMethodAccessorImpl.invoke(DelegatingMethodAccessorImpl.java:43)
Caused by: com.kms.katalon.core.exception.StepFailedException: Unable to click on object 'Object Repository/Principal/Page_Olva Courier  Home/button_CONTINUAR (2)'
	at com.kms.katalon.core.webui.keyword.internal.WebUIKeywordMain.stepFailed(WebUIKeywordMain.groovy:117)
	at com.kms.katalon.core.webui.keyword.internal.WebUIKeywordMain.runKeyword(WebUIKeywordMain.groovy:43)
	at com.kms.katalon.core.webui.keyword.builtin.ClickKeyword.click(ClickKeyword.groovy:74)
	at com.kms.katalon.core.webui.keyword.builtin.ClickKeyword.execute(ClickKeyword.groovy:40)
	at com.kms.katalon.core.keyword.internal.KeywordExecutor.executeKeywordForPlatform(KeywordExecutor.groovy:74)
	at com.kms.katalon.core.webui.keyword.WebUiBuiltInKeywords.click(WebUiBuiltInKeywords.groovy:659)
	at Selec_sobre.run(Selec_sobre:24)
	at com.kms.katalon.core.main.ScriptEngine.run(ScriptEngine.java:194)
	at com.kms.katalon.core.main.ScriptEngine.runScriptAsRawText(ScriptEngine.java:119)
	at com.kms.katalon.core.main.TestCaseExecutor.runScript(TestCaseExecutor.java:448)
	at com.kms.katalon.core.main.TestCaseExecutor.doExecute(TestCaseExecutor.java:439)
	at com.kms.katalon.core.main.TestCaseExecutor.processExecutionPhase(TestCaseExecutor.java:418)
	at com.kms.katalon.core.main.TestCaseExecutor.accessMainPhase(TestCaseExecutor.java:410)
	at com.kms.katalon.core.main.TestCaseExecutor.execute(TestCaseExecutor.java:285)
	at com.kms.katalon.core.main.TestCaseMain.runTestCase(TestCaseMain.java:137)
	at com.kms.katalon.core.keyword.builtin.CallTestCaseKeyword$_callTestCase_closure1.doCall(CallTestCaseKeyword.groovy:59)
	... 24 more
Caused by: org.openqa.selenium.ElementClickInterceptedException: Element <button id="btn_aceptar_tipo_envio" class="btn disabled" type="button"> is not clickable at point (675,588) because another element <div class="modal-footer"> obscures it
Build info: version: '3.141.59', revision: 'unknown', time: 'unknown'
System info: host: 'DESKTOP-RGFFP9A', ip: '10.136.10.6', os.name: 'Windows 11', os.arch: 'amd64', os.version: '10.0', java.version: '17.0.7'
Driver info: com.kms.katalon.core.webui.driver.firefox.CGeckoDriver
Capabilities {acceptInsecureCerts: true, browserName: firefox, browserVersion: 133.0, javascriptEnabled: true, moz:accessibilityChecks: false, moz:buildID: 20241121140525, moz:geckodriverVersion: 0.35.0, moz:headless: false, moz:platformVersion: 10.0, moz:processID: 9172, moz:profile: C:\Users\OLVATI\AppData\Loc..., moz:shutdownTimeout: 60000, moz:webdriverClick: true, moz:windowless: false, pageLoadStrategy: normal, platform: WINDOWS, platformName: WINDOWS, proxy: Proxy(direct), setWindowRect: true, strictFileInteractability: false, timeouts: {implicit: 0, pageLoad: 300000, script: 30000}, unhandledPromptBehavior: dismiss and notify, userAgent: Mozilla/5.0 (Windows NT 10....}
Session ID: bc319dfb-8f63-42c7-a282-185e54edf815
	at jdk.internal.reflect.GeneratedConstructorAccessor32.newInstance(Unknown Source)
	at java.base/jdk.internal.reflect.DelegatingConstructorAccessorImpl.newInstance(DelegatingConstructorAccessorImpl.java:45)
	at org.openqa.selenium.remote.http.W3CHttpResponseCodec.createException(W3CHttpResponseCodec.java:187)
	at org.openqa.selenium.remote.http.W3CHttpResponseCodec.decode(W3CHttpResponseCodec.java:122)
	at org.openqa.selenium.remote.http.W3CHttpResponseCodec.decode(W3CHttpResponseCodec.java:49)
	at org.openqa.selenium.remote.HttpCommandExecutor.execute(HttpCommandExecutor.java:158)
	at org.openqa.selenium.remote.service.DriverCommandExecutor.execute(DriverCommandExecutor.java:83)
	at org.openqa.selenium.remote.RemoteWebDriver.execute(RemoteWebDriver.java:552)
	at com.kms.katalon.selenium.driver.CFirefoxDriver.execute(CFirefoxDriver.java:28)
	at org.openqa.selenium.remote.RemoteWebElement.execute(RemoteWebElement.java:285)
	at org.openqa.selenium.remote.RemoteWebElement.click(RemoteWebElement.java:84)
	at jdk.internal.reflect.GeneratedMethodAccessor10.invoke(Unknown Source)
	at java.base/jdk.internal.reflect.DelegatingMethodAccessorImpl.invoke(DelegatingMethodAccessorImpl.java:43)
	at org.openqa.selenium.support.events.EventFiringWebDriver$EventFiringWebElement.lambda$new$0(EventFiringWebDriver.java:404)
	at jdk.proxy2/jdk.proxy2.$Proxy21.click(Unknown Source)
	at org.openqa.selenium.support.events.EventFiringWebDriver$EventFiringWebElement.click(EventFiringWebDriver.java:417)
	at org.openqa.selenium.WebElement$click.call(Unknown Source)
	at com.kms.katalon.core.webui.keyword.builtin.ClickKeyword.clickUntilSuccessWithTimeout(ClickKeyword.groovy:81)
	at com.kms.katalon.core.webui.keyword.builtin.ClickKeyword.clickUntilSuccessWithTimeout(ClickKeyword.groovy)
	at jdk.internal.reflect.GeneratedMethodAccessor8.invoke(Unknown Source)
	at java.base/jdk.internal.reflect.DelegatingMethodAccessorImpl.invoke(DelegatingMethodAccessorImpl.java:43)
	at com.kms.katalon.core.webui.keyword.builtin.ClickKeyword$_click_closure1.doCall(ClickKeyword.groovy:67)
	at com.kms.katalon.core.webui.keyword.builtin.ClickKeyword$_click_closure1.call(ClickKeyword.groovy)
	at com.kms.katalon.core.webui.keyword.internal.WebUIKeywordMain.runKeyword(WebUIKeywordMain.groovy:35)
	... 38 more
)

27-11-2024T13:35:38 - [TEST_CASE][FAILED] - Test Cases/1.Inicio/1.1Principal/Selec_sobre: Test Cases/1.Inicio/1.1Principal/Selec_sobre FAILED.
Reason:
com.kms.katalon.core.exception.StepFailedException: Unable to click on object 'Object Repository/Principal/Page_Olva Courier  Home/button_CONTINUAR (2)'
	at com.kms.katalon.core.webui.keyword.internal.WebUIKeywordMain.stepFailed(WebUIKeywordMain.groovy:117)
	at com.kms.katalon.core.webui.keyword.internal.WebUIKeywordMain.runKeyword(WebUIKeywordMain.groovy:43)
	at com.kms.katalon.core.webui.keyword.builtin.ClickKeyword.click(ClickKeyword.groovy:74)
	at com.kms.katalon.core.webui.keyword.builtin.ClickKeyword.execute(ClickKeyword.groovy:40)
	at com.kms.katalon.core.keyword.internal.KeywordExecutor.executeKeywordForPlatform(KeywordExecutor.groovy:74)
	at com.kms.katalon.core.webui.keyword.WebUiBuiltInKeywords.click(WebUiBuiltInKeywords.groovy:659)
	at Selec_sobre.run(Selec_sobre:24)
	at com.kms.katalon.core.main.ScriptEngine.run(ScriptEngine.java:194)
	at com.kms.katalon.core.main.ScriptEngine.runScriptAsRawText(ScriptEngine.java:119)
	at com.kms.katalon.core.main.TestCaseExecutor.runScript(TestCaseExecutor.java:448)
	at com.kms.katalon.core.main.TestCaseExecutor.doExecute(TestCaseExecutor.java:439)
	at com.kms.katalon.core.main.TestCaseExecutor.processExecutionPhase(TestCaseExecutor.java:418)
	at com.kms.katalon.core.main.TestCaseExecutor.accessMainPhase(TestCaseExecutor.java:410)
	at com.kms.katalon.core.main.TestCaseExecutor.execute(TestCaseExecutor.java:285)
	at com.kms.katalon.core.main.TestCaseMain.runTestCase(TestCaseMain.java:137)
	at com.kms.katalon.core.keyword.builtin.CallTestCaseKeyword$_callTestCase_closure1.doCall(CallTestCaseKeyword.groovy:59)
	at com.kms.katalon.core.keyword.builtin.CallTestCaseKeyword$_callTestCase_closure1.call(CallTestCaseKeyword.groovy)
	at com.kms.katalon.core.keyword.internal.KeywordMain.runKeyword(KeywordMain.groovy:75)
	at com.kms.katalon.core.keyword.builtin.CallTestCaseKeyword.callTestCase(CallTestCaseKeyword.groovy:81)
	at com.kms.katalon.core.keyword.builtin.CallTestCaseKeyword.execute(CallTestCaseKeyword.groovy:44)
	at com.kms.katalon.core.keyword.internal.KeywordExecutor.executeKeywordForPlatform(KeywordExecutor.groovy:74)
	at com.kms.katalon.core.keyword.BuiltinKeywords.callTestCase(BuiltinKeywords.groovy:310)
	at jdk.internal.reflect.GeneratedMethodAccessor25.invoke(Unknown Source)
	at java.base/jdk.internal.reflect.DelegatingMethodAccessorImpl.invoke(DelegatingMethodAccessorImpl.java:43)
	at Destino-DO.run(Destino-DO:22)
	at com.kms.katalon.core.main.ScriptEngine.run(ScriptEngine.java:194)
	at com.kms.katalon.core.main.ScriptEngine.runScriptAsRawText(ScriptEngine.java:119)
	at com.kms.katalon.core.main.TestCaseExecutor.runScript(TestCaseExecutor.java:448)
	at com.kms.katalon.core.main.TestCaseExecutor.doExecute(TestCaseExecutor.java:439)
	at com.kms.katalon.core.main.TestCaseExecutor.processExecutionPhase(TestCaseExecutor.java:418)
	at com.kms.katalon.core.main.TestCaseExecutor.accessMainPhase(TestCaseExecutor.java:410)
	at com.kms.katalon.core.main.TestCaseExecutor.execute(TestCaseExecutor.java:285)
	at com.kms.katalon.core.common.CommonExecutor.accessTestCaseMainPhase(CommonExecutor.java:65)
	at com.kms.katalon.core.main.TestSuiteExecutor.accessTestSuiteMainPhase(TestSuiteExecutor.java:150)
	at com.kms.katalon.core.main.TestSuiteExecutor.execute(TestSuiteExecutor.java:106)
	at com.kms.katalon.core.main.TestCaseMain.startTestSuite(TestCaseMain.java:180)
	at TempTestSuite1732729948317.run(TempTestSuite1732729948317.groovy:35)
	at java.base/jdk.internal.reflect.NativeMethodAccessorImpl.invoke0(Native Method)
	at java.base/jdk.internal.reflect.NativeMethodAccessorImpl.invoke(NativeMethodAccessorImpl.java:77)
	at java.base/jdk.internal.reflect.DelegatingMethodAccessorImpl.invoke(DelegatingMethodAccessorImpl.java:43)
Caused by: org.openqa.selenium.ElementClickInterceptedException: Element <button id="btn_aceptar_tipo_envio" class="btn disabled" type="button"> is not clickable at point (675,588) because another element <div class="modal-footer"> obscures it
Build info: version: '3.141.59', revision: 'unknown', time: 'unknown'
System info: host: 'DESKTOP-RGFFP9A', ip: '10.136.10.6', os.name: 'Windows 11', os.arch: 'amd64', os.version: '10.0', java.version: '17.0.7'
Driver info: com.kms.katalon.core.webui.driver.firefox.CGeckoDriver
Capabilities {acceptInsecureCerts: true, browserName: firefox, browserVersion: 133.0, javascriptEnabled: true, moz:accessibilityChecks: false, moz:buildID: 20241121140525, moz:geckodriverVersion: 0.35.0, moz:headless: false, moz:platformVersion: 10.0, moz:processID: 9172, moz:profile: C:\Users\OLVATI\AppData\Loc..., moz:shutdownTimeout: 60000, moz:webdriverClick: true, moz:windowless: false, pageLoadStrategy: normal, platform: WINDOWS, platformName: WINDOWS, proxy: Proxy(direct), setWindowRect: true, strictFileInteractability: false, timeouts: {implicit: 0, pageLoad: 300000, script: 30000}, unhandledPromptBehavior: dismiss and notify, userAgent: Mozilla/5.0 (Windows NT 10....}
Session ID: bc319dfb-8f63-42c7-a282-185e54edf815
	at jdk.internal.reflect.GeneratedConstructorAccessor32.newInstance(Unknown Source)
	at java.base/jdk.internal.reflect.DelegatingConstructorAccessorImpl.newInstance(DelegatingConstructorAccessorImpl.java:45)
	at org.openqa.selenium.remote.http.W3CHttpResponseCodec.createException(W3CHttpResponseCodec.java:187)
	at org.openqa.selenium.remote.http.W3CHttpResponseCodec.decode(W3CHttpResponseCodec.java:122)
	at org.openqa.selenium.remote.http.W3CHttpResponseCodec.decode(W3CHttpResponseCodec.java:49)
	at org.openqa.selenium.remote.HttpCommandExecutor.execute(HttpCommandExecutor.java:158)
	at org.openqa.selenium.remote.service.DriverCommandExecutor.execute(DriverCommandExecutor.java:83)
	at org.openqa.selenium.remote.RemoteWebDriver.execute(RemoteWebDriver.java:552)
	at com.kms.katalon.selenium.driver.CFirefoxDriver.execute(CFirefoxDriver.java:28)
	at org.openqa.selenium.remote.RemoteWebElement.execute(RemoteWebElement.java:285)
	at org.openqa.selenium.remote.RemoteWebElement.click(RemoteWebElement.java:84)
	at jdk.internal.reflect.GeneratedMethodAccessor10.invoke(Unknown Source)
	at java.base/jdk.internal.reflect.DelegatingMethodAccessorImpl.invoke(DelegatingMethodAccessorImpl.java:43)
	at org.openqa.selenium.support.events.EventFiringWebDriver$EventFiringWebElement.lambda$new$0(EventFiringWebDriver.java:404)
	at jdk.proxy2/jdk.proxy2.$Proxy21.click(Unknown Source)
	at org.openqa.selenium.support.events.EventFiringWebDriver$EventFiringWebElement.click(EventFiringWebDriver.java:417)
	at org.openqa.selenium.WebElement$click.call(Unknown Source)
	at com.kms.katalon.core.webui.keyword.builtin.ClickKeyword.clickUntilSuccessWithTimeout(ClickKeyword.groovy:81)
	at com.kms.katalon.core.webui.keyword.builtin.ClickKeyword.clickUntilSuccessWithTimeout(ClickKeyword.groovy)
	at jdk.internal.reflect.GeneratedMethodAccessor8.invoke(Unknown Source)
	at java.base/jdk.internal.reflect.DelegatingMethodAccessorImpl.invoke(DelegatingMethodAccessorImpl.java:43)
	at com.kms.katalon.core.webui.keyword.builtin.ClickKeyword$_click_closure1.doCall(ClickKeyword.groovy:67)
	at com.kms.katalon.core.webui.keyword.builtin.ClickKeyword$_click_closure1.call(ClickKeyword.groovy)
	at com.kms.katalon.core.webui.keyword.internal.WebUIKeywordMain.runKeyword(WebUIKeywordMain.groovy:35)
	... 38 more


27-11-2024T13:35:38 - [TEST_STEP][PASSED] - click(findTestObject("Object Repository/Principal/Page_Olva Courier  Home/img_Envo de cajas o paquetescon un peso mxi_37770f")): Object: 'Object Repository/Principal/Page_Olva Courier  Home/img_Envo de cajas o paquetescon un peso mxi_37770f' is clicked on

27-11-2024T13:35:38 - [MESSAGE][PASSED] - Object: 'Object Repository/Principal/Page_Olva Courier  Home/img_Envo de cajas o paquetescon un peso mxi_37770f' is clicked on

27-11-2024T13:35:38 - [TEST_STEP][PASSED] - click(findTestObject("Object Repository/Principal/Page_Olva Courier  Home/label_He ledo y acepto los trminos de uso y_adab65")): Object: 'Object Repository/Principal/Page_Olva Courier  Home/label_He ledo y acepto los trminos de uso y_adab65' is clicked on

27-11-2024T13:35:39 - [MESSAGE][PASSED] - Object: 'Object Repository/Principal/Page_Olva Courier  Home/label_He ledo y acepto los trminos de uso y_adab65' is clicked on

27-11-2024T13:35:39 - [TEST_STEP][FAILED] - click(findTestObject("Object Repository/Principal/Page_Olva Courier  Home/button_CONTINUAR (2)")): Unable to click on object 'Object Repository/Principal/Page_Olva Courier  Home/button_CONTINUAR (2)' (Root cause: com.kms.katalon.core.exception.StepFailedException: Unable to click on object 'Object Repository/Principal/Page_Olva Courier  Home/button_CONTINUAR (2)'
	at com.kms.katalon.core.webui.keyword.internal.WebUIKeywordMain.stepFailed(WebUIKeywordMain.groovy:117)
	at com.kms.katalon.core.webui.keyword.internal.WebUIKeywordMain.runKeyword(WebUIKeywordMain.groovy:43)
	at com.kms.katalon.core.webui.keyword.builtin.ClickKeyword.click(ClickKeyword.groovy:74)
	at com.kms.katalon.core.webui.keyword.builtin.ClickKeyword.execute(ClickKeyword.groovy:40)
	at com.kms.katalon.core.keyword.internal.KeywordExecutor.executeKeywordForPlatform(KeywordExecutor.groovy:74)
	at com.kms.katalon.core.webui.keyword.WebUiBuiltInKeywords.click(WebUiBuiltInKeywords.groovy:659)
	at Selec_sobre.run(Selec_sobre:24)
	at com.kms.katalon.core.main.ScriptEngine.run(ScriptEngine.java:194)
	at com.kms.katalon.core.main.ScriptEngine.runScriptAsRawText(ScriptEngine.java:119)
	at com.kms.katalon.core.main.TestCaseExecutor.runScript(TestCaseExecutor.java:448)
	at com.kms.katalon.core.main.TestCaseExecutor.doExecute(TestCaseExecutor.java:439)
	at com.kms.katalon.core.main.TestCaseExecutor.processExecutionPhase(TestCaseExecutor.java:418)
	at com.kms.katalon.core.main.TestCaseExecutor.accessMainPhase(TestCaseExecutor.java:410)
	at com.kms.katalon.core.main.TestCaseExecutor.execute(TestCaseExecutor.java:285)
	at com.kms.katalon.core.main.TestCaseMain.runTestCase(TestCaseMain.java:137)
	at com.kms.katalon.core.keyword.builtin.CallTestCaseKeyword$_callTestCase_closure1.doCall(CallTestCaseKeyword.groovy:59)
	at com.kms.katalon.core.keyword.builtin.CallTestCaseKeyword$_callTestCase_closure1.call(CallTestCaseKeyword.groovy)
	at com.kms.katalon.core.keyword.internal.KeywordMain.runKeyword(KeywordMain.groovy:75)
	at com.kms.katalon.core.keyword.builtin.CallTestCaseKeyword.callTestCase(CallTestCaseKeyword.groovy:81)
	at com.kms.katalon.core.keyword.builtin.CallTestCaseKeyword.execute(CallTestCaseKeyword.groovy:44)
	at com.kms.katalon.core.keyword.internal.KeywordExecutor.executeKeywordForPlatform(KeywordExecutor.groovy:74)
	at com.kms.katalon.core.keyword.BuiltinKeywords.callTestCase(BuiltinKeywords.groovy:310)
	at jdk.internal.reflect.GeneratedMethodAccessor25.invoke(Unknown Source)
	at java.base/jdk.internal.reflect.DelegatingMethodAccessorImpl.invoke(DelegatingMethodAccessorImpl.java:43)
	at Destino-DO.run(Destino-DO:22)
	at com.kms.katalon.core.main.ScriptEngine.run(ScriptEngine.java:194)
	at com.kms.katalon.core.main.ScriptEngine.runScriptAsRawText(ScriptEngine.java:119)
	at com.kms.katalon.core.main.TestCaseExecutor.runScript(TestCaseExecutor.java:448)
	at com.kms.katalon.core.main.TestCaseExecutor.doExecute(TestCaseExecutor.java:439)
	at com.kms.katalon.core.main.TestCaseExecutor.processExecutionPhase(TestCaseExecutor.java:418)
	at com.kms.katalon.core.main.TestCaseExecutor.accessMainPhase(TestCaseExecutor.java:410)
	at com.kms.katalon.core.main.TestCaseExecutor.execute(TestCaseExecutor.java:285)
	at com.kms.katalon.core.common.CommonExecutor.accessTestCaseMainPhase(CommonExecutor.java:65)
	at com.kms.katalon.core.main.TestSuiteExecutor.accessTestSuiteMainPhase(TestSuiteExecutor.java:150)
	at com.kms.katalon.core.main.TestSuiteExecutor.execute(TestSuiteExecutor.java:106)
	at com.kms.katalon.core.main.TestCaseMain.startTestSuite(TestCaseMain.java:180)
	at TempTestSuite1732729948317.run(TempTestSuite1732729948317.groovy:35)
	at java.base/jdk.internal.reflect.NativeMethodAccessorImpl.invoke0(Native Method)
	at java.base/jdk.internal.reflect.NativeMethodAccessorImpl.invoke(NativeMethodAccessorImpl.java:77)
	at java.base/jdk.internal.reflect.DelegatingMethodAccessorImpl.invoke(DelegatingMethodAccessorImpl.java:43)
Caused by: org.openqa.selenium.ElementClickInterceptedException: Element <button id="btn_aceptar_tipo_envio" class="btn disabled" type="button"> is not clickable at point (675,588) because another element <div class="modal-footer"> obscures it
Build info: version: '3.141.59', revision: 'unknown', time: 'unknown'
System info: host: 'DESKTOP-RGFFP9A', ip: '10.136.10.6', os.name: 'Windows 11', os.arch: 'amd64', os.version: '10.0', java.version: '17.0.7'
Driver info: com.kms.katalon.core.webui.driver.firefox.CGeckoDriver
Capabilities {acceptInsecureCerts: true, browserName: firefox, browserVersion: 133.0, javascriptEnabled: true, moz:accessibilityChecks: false, moz:buildID: 20241121140525, moz:geckodriverVersion: 0.35.0, moz:headless: false, moz:platformVersion: 10.0, moz:processID: 9172, moz:profile: C:\Users\OLVATI\AppData\Loc..., moz:shutdownTimeout: 60000, moz:webdriverClick: true, moz:windowless: false, pageLoadStrategy: normal, platform: WINDOWS, platformName: WINDOWS, proxy: Proxy(direct), setWindowRect: true, strictFileInteractability: false, timeouts: {implicit: 0, pageLoad: 300000, script: 30000}, unhandledPromptBehavior: dismiss and notify, userAgent: Mozilla/5.0 (Windows NT 10....}
Session ID: bc319dfb-8f63-42c7-a282-185e54edf815
	at jdk.internal.reflect.GeneratedConstructorAccessor32.newInstance(Unknown Source)
	at java.base/jdk.internal.reflect.DelegatingConstructorAccessorImpl.newInstance(DelegatingConstructorAccessorImpl.java:45)
	at org.openqa.selenium.remote.http.W3CHttpResponseCodec.createException(W3CHttpResponseCodec.java:187)
	at org.openqa.selenium.remote.http.W3CHttpResponseCodec.decode(W3CHttpResponseCodec.java:122)
	at org.openqa.selenium.remote.http.W3CHttpResponseCodec.decode(W3CHttpResponseCodec.java:49)
	at org.openqa.selenium.remote.HttpCommandExecutor.execute(HttpCommandExecutor.java:158)
	at org.openqa.selenium.remote.service.DriverCommandExecutor.execute(DriverCommandExecutor.java:83)
	at org.openqa.selenium.remote.RemoteWebDriver.execute(RemoteWebDriver.java:552)
	at com.kms.katalon.selenium.driver.CFirefoxDriver.execute(CFirefoxDriver.java:28)
	at org.openqa.selenium.remote.RemoteWebElement.execute(RemoteWebElement.java:285)
	at org.openqa.selenium.remote.RemoteWebElement.click(RemoteWebElement.java:84)
	at jdk.internal.reflect.GeneratedMethodAccessor10.invoke(Unknown Source)
	at java.base/jdk.internal.reflect.DelegatingMethodAccessorImpl.invoke(DelegatingMethodAccessorImpl.java:43)
	at org.openqa.selenium.support.events.EventFiringWebDriver$EventFiringWebElement.lambda$new$0(EventFiringWebDriver.java:404)
	at jdk.proxy2/jdk.proxy2.$Proxy21.click(Unknown Source)
	at org.openqa.selenium.support.events.EventFiringWebDriver$EventFiringWebElement.click(EventFiringWebDriver.java:417)
	at org.openqa.selenium.WebElement$click.call(Unknown Source)
	at com.kms.katalon.core.webui.keyword.builtin.ClickKeyword.clickUntilSuccessWithTimeout(ClickKeyword.groovy:81)
	at com.kms.katalon.core.webui.keyword.builtin.ClickKeyword.clickUntilSuccessWithTimeout(ClickKeyword.groovy)
	at jdk.internal.reflect.GeneratedMethodAccessor8.invoke(Unknown Source)
	at java.base/jdk.internal.reflect.DelegatingMethodAccessorImpl.invoke(DelegatingMethodAccessorImpl.java:43)
	at com.kms.katalon.core.webui.keyword.builtin.ClickKeyword$_click_closure1.doCall(ClickKeyword.groovy:67)
	at com.kms.katalon.core.webui.keyword.builtin.ClickKeyword$_click_closure1.call(ClickKeyword.groovy)
	at com.kms.katalon.core.webui.keyword.internal.WebUIKeywordMain.runKeyword(WebUIKeywordMain.groovy:35)
	at com.kms.katalon.core.webui.keyword.builtin.ClickKeyword.click(ClickKeyword.groovy:74)
	at com.kms.katalon.core.webui.keyword.builtin.ClickKeyword.execute(ClickKeyword.groovy:40)
	at com.kms.katalon.core.keyword.internal.KeywordExecutor.executeKeywordForPlatform(KeywordExecutor.groovy:74)
	at com.kms.katalon.core.webui.keyword.WebUiBuiltInKeywords.click(WebUiBuiltInKeywords.groovy:659)
	at Script1732083570761.run(Script1732083570761.groovy:24)
	at com.kms.katalon.core.main.ScriptEngine.run(ScriptEngine.java:194)
	at com.kms.katalon.core.main.ScriptEngine.runScriptAsRawText(ScriptEngine.java:119)
	at com.kms.katalon.core.main.TestCaseExecutor.runScript(TestCaseExecutor.java:448)
	at com.kms.katalon.core.main.TestCaseExecutor.doExecute(TestCaseExecutor.java:439)
	at com.kms.katalon.core.main.TestCaseExecutor.processExecutionPhase(TestCaseExecutor.java:418)
	at com.kms.katalon.core.main.TestCaseExecutor.accessMainPhase(TestCaseExecutor.java:410)
	at com.kms.katalon.core.main.TestCaseExecutor.execute(TestCaseExecutor.java:285)
	at com.kms.katalon.core.main.TestCaseMain.runTestCase(TestCaseMain.java:137)
	at com.kms.katalon.core.keyword.builtin.CallTestCaseKeyword$_callTestCase_closure1.doCall(CallTestCaseKeyword.groovy:59)
	at com.kms.katalon.core.keyword.builtin.CallTestCaseKeyword$_callTestCase_closure1.call(CallTestCaseKeyword.groovy)
	at com.kms.katalon.core.keyword.internal.KeywordMain.runKeyword(KeywordMain.groovy:75)
	at com.kms.katalon.core.keyword.builtin.CallTestCaseKeyword.callTestCase(CallTestCaseKeyword.groovy:81)
	at com.kms.katalon.core.keyword.builtin.CallTestCaseKeyword.execute(CallTestCaseKeyword.groovy:44)
	at com.kms.katalon.core.keyword.internal.KeywordExecutor.executeKeywordForPlatform(KeywordExecutor.groovy:74)
	at com.kms.katalon.core.keyword.BuiltinKeywords.callTestCase(BuiltinKeywords.groovy:310)
	at jdk.internal.reflect.GeneratedMethodAccessor25.invoke(Unknown Source)
	at java.base/jdk.internal.reflect.DelegatingMethodAccessorImpl.invoke(DelegatingMethodAccessorImpl.java:43)
	at Script1732341471757.run(Script1732341471757.groovy:22)
	... 15 more
)

27-11-2024T13:36:09 - [MESSAGE][FAILED] - Unable to click on object 'Object Repository/Principal/Page_Olva Courier  Home/button_CONTINUAR (2)' (Root cause: com.kms.katalon.core.exception.StepFailedException: Unable to click on object 'Object Repository/Principal/Page_Olva Courier  Home/button_CONTINUAR (2)'
	at com.kms.katalon.core.webui.keyword.internal.WebUIKeywordMain.stepFailed(WebUIKeywordMain.groovy:117)
	at com.kms.katalon.core.webui.keyword.internal.WebUIKeywordMain.runKeyword(WebUIKeywordMain.groovy:43)
	at com.kms.katalon.core.webui.keyword.builtin.ClickKeyword.click(ClickKeyword.groovy:74)
	at com.kms.katalon.core.webui.keyword.builtin.ClickKeyword.execute(ClickKeyword.groovy:40)
	at com.kms.katalon.core.keyword.internal.KeywordExecutor.executeKeywordForPlatform(KeywordExecutor.groovy:74)
	at com.kms.katalon.core.webui.keyword.WebUiBuiltInKeywords.click(WebUiBuiltInKeywords.groovy:659)
	at Selec_sobre.run(Selec_sobre:24)
	at com.kms.katalon.core.main.ScriptEngine.run(ScriptEngine.java:194)
	at com.kms.katalon.core.main.ScriptEngine.runScriptAsRawText(ScriptEngine.java:119)
	at com.kms.katalon.core.main.TestCaseExecutor.runScript(TestCaseExecutor.java:448)
	at com.kms.katalon.core.main.TestCaseExecutor.doExecute(TestCaseExecutor.java:439)
	at com.kms.katalon.core.main.TestCaseExecutor.processExecutionPhase(TestCaseExecutor.java:418)
	at com.kms.katalon.core.main.TestCaseExecutor.accessMainPhase(TestCaseExecutor.java:410)
	at com.kms.katalon.core.main.TestCaseExecutor.execute(TestCaseExecutor.java:285)
	at com.kms.katalon.core.main.TestCaseMain.runTestCase(TestCaseMain.java:137)
	at com.kms.katalon.core.keyword.builtin.CallTestCaseKeyword$_callTestCase_closure1.doCall(CallTestCaseKeyword.groovy:59)
	at com.kms.katalon.core.keyword.builtin.CallTestCaseKeyword$_callTestCase_closure1.call(CallTestCaseKeyword.groovy)
	at com.kms.katalon.core.keyword.internal.KeywordMain.runKeyword(KeywordMain.groovy:75)
	at com.kms.katalon.core.keyword.builtin.CallTestCaseKeyword.callTestCase(CallTestCaseKeyword.groovy:81)
	at com.kms.katalon.core.keyword.builtin.CallTestCaseKeyword.execute(CallTestCaseKeyword.groovy:44)
	at com.kms.katalon.core.keyword.internal.KeywordExecutor.executeKeywordForPlatform(KeywordExecutor.groovy:74)
	at com.kms.katalon.core.keyword.BuiltinKeywords.callTestCase(BuiltinKeywords.groovy:310)
	at jdk.internal.reflect.GeneratedMethodAccessor25.invoke(Unknown Source)
	at java.base/jdk.internal.reflect.DelegatingMethodAccessorImpl.invoke(DelegatingMethodAccessorImpl.java:43)
	at Destino-DO.run(Destino-DO:22)
	at com.kms.katalon.core.main.ScriptEngine.run(ScriptEngine.java:194)
	at com.kms.katalon.core.main.ScriptEngine.runScriptAsRawText(ScriptEngine.java:119)
	at com.kms.katalon.core.main.TestCaseExecutor.runScript(TestCaseExecutor.java:448)
	at com.kms.katalon.core.main.TestCaseExecutor.doExecute(TestCaseExecutor.java:439)
	at com.kms.katalon.core.main.TestCaseExecutor.processExecutionPhase(TestCaseExecutor.java:418)
	at com.kms.katalon.core.main.TestCaseExecutor.accessMainPhase(TestCaseExecutor.java:410)
	at com.kms.katalon.core.main.TestCaseExecutor.execute(TestCaseExecutor.java:285)
	at com.kms.katalon.core.common.CommonExecutor.accessTestCaseMainPhase(CommonExecutor.java:65)
	at com.kms.katalon.core.main.TestSuiteExecutor.accessTestSuiteMainPhase(TestSuiteExecutor.java:150)
	at com.kms.katalon.core.main.TestSuiteExecutor.execute(TestSuiteExecutor.java:106)
	at com.kms.katalon.core.main.TestCaseMain.startTestSuite(TestCaseMain.java:180)
	at TempTestSuite1732729948317.run(TempTestSuite1732729948317.groovy:35)
	at java.base/jdk.internal.reflect.NativeMethodAccessorImpl.invoke0(Native Method)
	at java.base/jdk.internal.reflect.NativeMethodAccessorImpl.invoke(NativeMethodAccessorImpl.java:77)
	at java.base/jdk.internal.reflect.DelegatingMethodAccessorImpl.invoke(DelegatingMethodAccessorImpl.java:43)
Caused by: org.openqa.selenium.ElementClickInterceptedException: Element <button id="btn_aceptar_tipo_envio" class="btn disabled" type="button"> is not clickable at point (675,588) because another element <div class="modal-footer"> obscures it
Build info: version: '3.141.59', revision: 'unknown', time: 'unknown'
System info: host: 'DESKTOP-RGFFP9A', ip: '10.136.10.6', os.name: 'Windows 11', os.arch: 'amd64', os.version: '10.0', java.version: '17.0.7'
Driver info: com.kms.katalon.core.webui.driver.firefox.CGeckoDriver
Capabilities {acceptInsecureCerts: true, browserName: firefox, browserVersion: 133.0, javascriptEnabled: true, moz:accessibilityChecks: false, moz:buildID: 20241121140525, moz:geckodriverVersion: 0.35.0, moz:headless: false, moz:platformVersion: 10.0, moz:processID: 9172, moz:profile: C:\Users\OLVATI\AppData\Loc..., moz:shutdownTimeout: 60000, moz:webdriverClick: true, moz:windowless: false, pageLoadStrategy: normal, platform: WINDOWS, platformName: WINDOWS, proxy: Proxy(direct), setWindowRect: true, strictFileInteractability: false, timeouts: {implicit: 0, pageLoad: 300000, script: 30000}, unhandledPromptBehavior: dismiss and notify, userAgent: Mozilla/5.0 (Windows NT 10....}
Session ID: bc319dfb-8f63-42c7-a282-185e54edf815
	at jdk.internal.reflect.GeneratedConstructorAccessor32.newInstance(Unknown Source)
	at java.base/jdk.internal.reflect.DelegatingConstructorAccessorImpl.newInstance(DelegatingConstructorAccessorImpl.java:45)
	at org.openqa.selenium.remote.http.W3CHttpResponseCodec.createException(W3CHttpResponseCodec.java:187)
	at org.openqa.selenium.remote.http.W3CHttpResponseCodec.decode(W3CHttpResponseCodec.java:122)
	at org.openqa.selenium.remote.http.W3CHttpResponseCodec.decode(W3CHttpResponseCodec.java:49)
	at org.openqa.selenium.remote.HttpCommandExecutor.execute(HttpCommandExecutor.java:158)
	at org.openqa.selenium.remote.service.DriverCommandExecutor.execute(DriverCommandExecutor.java:83)
	at org.openqa.selenium.remote.RemoteWebDriver.execute(RemoteWebDriver.java:552)
	at com.kms.katalon.selenium.driver.CFirefoxDriver.execute(CFirefoxDriver.java:28)
	at org.openqa.selenium.remote.RemoteWebElement.execute(RemoteWebElement.java:285)
	at org.openqa.selenium.remote.RemoteWebElement.click(RemoteWebElement.java:84)
	at jdk.internal.reflect.GeneratedMethodAccessor10.invoke(Unknown Source)
	at java.base/jdk.internal.reflect.DelegatingMethodAccessorImpl.invoke(DelegatingMethodAccessorImpl.java:43)
	at org.openqa.selenium.support.events.EventFiringWebDriver$EventFiringWebElement.lambda$new$0(EventFiringWebDriver.java:404)
	at jdk.proxy2/jdk.proxy2.$Proxy21.click(Unknown Source)
	at org.openqa.selenium.support.events.EventFiringWebDriver$EventFiringWebElement.click(EventFiringWebDriver.java:417)
	at org.openqa.selenium.WebElement$click.call(Unknown Source)
	at com.kms.katalon.core.webui.keyword.builtin.ClickKeyword.clickUntilSuccessWithTimeout(ClickKeyword.groovy:81)
	at com.kms.katalon.core.webui.keyword.builtin.ClickKeyword.clickUntilSuccessWithTimeout(ClickKeyword.groovy)
	at jdk.internal.reflect.GeneratedMethodAccessor8.invoke(Unknown Source)
	at java.base/jdk.internal.reflect.DelegatingMethodAccessorImpl.invoke(DelegatingMethodAccessorImpl.java:43)
	at com.kms.katalon.core.webui.keyword.builtin.ClickKeyword$_click_closure1.doCall(ClickKeyword.groovy:67)
	at com.kms.katalon.core.webui.keyword.builtin.ClickKeyword$_click_closure1.call(ClickKeyword.groovy)
	at com.kms.katalon.core.webui.keyword.internal.WebUIKeywordMain.runKeyword(WebUIKeywordMain.groovy:35)
	at com.kms.katalon.core.webui.keyword.builtin.ClickKeyword.click(ClickKeyword.groovy:74)
	at com.kms.katalon.core.webui.keyword.builtin.ClickKeyword.execute(ClickKeyword.groovy:40)
	at com.kms.katalon.core.keyword.internal.KeywordExecutor.executeKeywordForPlatform(KeywordExecutor.groovy:74)
	at com.kms.katalon.core.webui.keyword.WebUiBuiltInKeywords.click(WebUiBuiltInKeywords.groovy:659)
	at Script1732083570761.run(Script1732083570761.groovy:24)
	at com.kms.katalon.core.main.ScriptEngine.run(ScriptEngine.java:194)
	at com.kms.katalon.core.main.ScriptEngine.runScriptAsRawText(ScriptEngine.java:119)
	at com.kms.katalon.core.main.TestCaseExecutor.runScript(TestCaseExecutor.java:448)
	at com.kms.katalon.core.main.TestCaseExecutor.doExecute(TestCaseExecutor.java:439)
	at com.kms.katalon.core.main.TestCaseExecutor.processExecutionPhase(TestCaseExecutor.java:418)
	at com.kms.katalon.core.main.TestCaseExecutor.accessMainPhase(TestCaseExecutor.java:410)
	at com.kms.katalon.core.main.TestCaseExecutor.execute(TestCaseExecutor.java:285)
	at com.kms.katalon.core.main.TestCaseMain.runTestCase(TestCaseMain.java:137)
	at com.kms.katalon.core.keyword.builtin.CallTestCaseKeyword$_callTestCase_closure1.doCall(CallTestCaseKeyword.groovy:59)
	at com.kms.katalon.core.keyword.builtin.CallTestCaseKeyword$_callTestCase_closure1.call(CallTestCaseKeyword.groovy)
	at com.kms.katalon.core.keyword.internal.KeywordMain.runKeyword(KeywordMain.groovy:75)
	at com.kms.katalon.core.keyword.builtin.CallTestCaseKeyword.callTestCase(CallTestCaseKeyword.groovy:81)
	at com.kms.katalon.core.keyword.builtin.CallTestCaseKeyword.execute(CallTestCaseKeyword.groovy:44)
	at com.kms.katalon.core.keyword.internal.KeywordExecutor.executeKeywordForPlatform(KeywordExecutor.groovy:74)
	at com.kms.katalon.core.keyword.BuiltinKeywords.callTestCase(BuiltinKeywords.groovy:310)
	at jdk.internal.reflect.GeneratedMethodAccessor25.invoke(Unknown Source)
	at java.base/jdk.internal.reflect.DelegatingMethodAccessorImpl.invoke(DelegatingMethodAccessorImpl.java:43)
	at Script1732341471757.run(Script1732341471757.groovy:22)
	... 15 more
)

27-11-2024T13:36:09 - [MESSAGE][FAILED] - Unable to call Test Case 'Test Cases/1.Inicio/1.1Principal/Selec_sobre' (Root cause: com.kms.katalon.core.exception.StepFailedException: Call Test Case 'Test Cases/1.Inicio/1.1Principal/Selec_sobre' failed
	at com.kms.katalon.core.keyword.builtin.CallTestCaseKeyword$_callTestCase_closure1.doCall(CallTestCaseKeyword.groovy:63)
	at com.kms.katalon.core.keyword.builtin.CallTestCaseKeyword$_callTestCase_closure1.call(CallTestCaseKeyword.groovy)
	at com.kms.katalon.core.keyword.internal.KeywordMain.runKeyword(KeywordMain.groovy:75)
	at com.kms.katalon.core.keyword.builtin.CallTestCaseKeyword.callTestCase(CallTestCaseKeyword.groovy:81)
	at com.kms.katalon.core.keyword.builtin.CallTestCaseKeyword.execute(CallTestCaseKeyword.groovy:44)
	at com.kms.katalon.core.keyword.internal.KeywordExecutor.executeKeywordForPlatform(KeywordExecutor.groovy:74)
	at com.kms.katalon.core.keyword.BuiltinKeywords.callTestCase(BuiltinKeywords.groovy:310)
	at jdk.internal.reflect.GeneratedMethodAccessor25.invoke(Unknown Source)
	at java.base/jdk.internal.reflect.DelegatingMethodAccessorImpl.invoke(DelegatingMethodAccessorImpl.java:43)
	at Destino-DO.run(Destino-DO:22)
	at com.kms.katalon.core.main.ScriptEngine.run(ScriptEngine.java:194)
	at com.kms.katalon.core.main.ScriptEngine.runScriptAsRawText(ScriptEngine.java:119)
	at com.kms.katalon.core.main.TestCaseExecutor.runScript(TestCaseExecutor.java:448)
	at com.kms.katalon.core.main.TestCaseExecutor.doExecute(TestCaseExecutor.java:439)
	at com.kms.katalon.core.main.TestCaseExecutor.processExecutionPhase(TestCaseExecutor.java:418)
	at com.kms.katalon.core.main.TestCaseExecutor.accessMainPhase(TestCaseExecutor.java:410)
	at com.kms.katalon.core.main.TestCaseExecutor.execute(TestCaseExecutor.java:285)
	at com.kms.katalon.core.common.CommonExecutor.accessTestCaseMainPhase(CommonExecutor.java:65)
	at com.kms.katalon.core.main.TestSuiteExecutor.accessTestSuiteMainPhase(TestSuiteExecutor.java:150)
	at com.kms.katalon.core.main.TestSuiteExecutor.execute(TestSuiteExecutor.java:106)
	at com.kms.katalon.core.main.TestCaseMain.startTestSuite(TestCaseMain.java:180)
	at TempTestSuite1732729948317.run(TempTestSuite1732729948317.groovy:35)
	at java.base/jdk.internal.reflect.NativeMethodAccessorImpl.invoke0(Native Method)
	at java.base/jdk.internal.reflect.NativeMethodAccessorImpl.invoke(NativeMethodAccessorImpl.java:77)
	at java.base/jdk.internal.reflect.DelegatingMethodAccessorImpl.invoke(DelegatingMethodAccessorImpl.java:43)
Caused by: com.kms.katalon.core.exception.StepFailedException: Unable to click on object 'Object Repository/Principal/Page_Olva Courier  Home/button_CONTINUAR (2)'
	at com.kms.katalon.core.webui.keyword.internal.WebUIKeywordMain.stepFailed(WebUIKeywordMain.groovy:117)
	at com.kms.katalon.core.webui.keyword.internal.WebUIKeywordMain.runKeyword(WebUIKeywordMain.groovy:43)
	at com.kms.katalon.core.webui.keyword.builtin.ClickKeyword.click(ClickKeyword.groovy:74)
	at com.kms.katalon.core.webui.keyword.builtin.ClickKeyword.execute(ClickKeyword.groovy:40)
	at com.kms.katalon.core.keyword.internal.KeywordExecutor.executeKeywordForPlatform(KeywordExecutor.groovy:74)
	at com.kms.katalon.core.webui.keyword.WebUiBuiltInKeywords.click(WebUiBuiltInKeywords.groovy:659)
	at Selec_sobre.run(Selec_sobre:24)
	at com.kms.katalon.core.main.ScriptEngine.run(ScriptEngine.java:194)
	at com.kms.katalon.core.main.ScriptEngine.runScriptAsRawText(ScriptEngine.java:119)
	at com.kms.katalon.core.main.TestCaseExecutor.runScript(TestCaseExecutor.java:448)
	at com.kms.katalon.core.main.TestCaseExecutor.doExecute(TestCaseExecutor.java:439)
	at com.kms.katalon.core.main.TestCaseExecutor.processExecutionPhase(TestCaseExecutor.java:418)
	at com.kms.katalon.core.main.TestCaseExecutor.accessMainPhase(TestCaseExecutor.java:410)
	at com.kms.katalon.core.main.TestCaseExecutor.execute(TestCaseExecutor.java:285)
	at com.kms.katalon.core.main.TestCaseMain.runTestCase(TestCaseMain.java:137)
	at com.kms.katalon.core.keyword.builtin.CallTestCaseKeyword$_callTestCase_closure1.doCall(CallTestCaseKeyword.groovy:59)
	... 24 more
Caused by: org.openqa.selenium.ElementClickInterceptedException: Element <button id="btn_aceptar_tipo_envio" class="btn disabled" type="button"> is not clickable at point (675,588) because another element <div class="modal-footer"> obscures it
Build info: version: '3.141.59', revision: 'unknown', time: 'unknown'
System info: host: 'DESKTOP-RGFFP9A', ip: '10.136.10.6', os.name: 'Windows 11', os.arch: 'amd64', os.version: '10.0', java.version: '17.0.7'
Driver info: com.kms.katalon.core.webui.driver.firefox.CGeckoDriver
Capabilities {acceptInsecureCerts: true, browserName: firefox, browserVersion: 133.0, javascriptEnabled: true, moz:accessibilityChecks: false, moz:buildID: 20241121140525, moz:geckodriverVersion: 0.35.0, moz:headless: false, moz:platformVersion: 10.0, moz:processID: 9172, moz:profile: C:\Users\OLVATI\AppData\Loc..., moz:shutdownTimeout: 60000, moz:webdriverClick: true, moz:windowless: false, pageLoadStrategy: normal, platform: WINDOWS, platformName: WINDOWS, proxy: Proxy(direct), setWindowRect: true, strictFileInteractability: false, timeouts: {implicit: 0, pageLoad: 300000, script: 30000}, unhandledPromptBehavior: dismiss and notify, userAgent: Mozilla/5.0 (Windows NT 10....}
Session ID: bc319dfb-8f63-42c7-a282-185e54edf815
	at jdk.internal.reflect.GeneratedConstructorAccessor32.newInstance(Unknown Source)
	at java.base/jdk.internal.reflect.DelegatingConstructorAccessorImpl.newInstance(DelegatingConstructorAccessorImpl.java:45)
	at org.openqa.selenium.remote.http.W3CHttpResponseCodec.createException(W3CHttpResponseCodec.java:187)
	at org.openqa.selenium.remote.http.W3CHttpResponseCodec.decode(W3CHttpResponseCodec.java:122)
	at org.openqa.selenium.remote.http.W3CHttpResponseCodec.decode(W3CHttpResponseCodec.java:49)
	at org.openqa.selenium.remote.HttpCommandExecutor.execute(HttpCommandExecutor.java:158)
	at org.openqa.selenium.remote.service.DriverCommandExecutor.execute(DriverCommandExecutor.java:83)
	at org.openqa.selenium.remote.RemoteWebDriver.execute(RemoteWebDriver.java:552)
	at com.kms.katalon.selenium.driver.CFirefoxDriver.execute(CFirefoxDriver.java:28)
	at org.openqa.selenium.remote.RemoteWebElement.execute(RemoteWebElement.java:285)
	at org.openqa.selenium.remote.RemoteWebElement.click(RemoteWebElement.java:84)
	at jdk.internal.reflect.GeneratedMethodAccessor10.invoke(Unknown Source)
	at java.base/jdk.internal.reflect.DelegatingMethodAccessorImpl.invoke(DelegatingMethodAccessorImpl.java:43)
	at org.openqa.selenium.support.events.EventFiringWebDriver$EventFiringWebElement.lambda$new$0(EventFiringWebDriver.java:404)
	at jdk.proxy2/jdk.proxy2.$Proxy21.click(Unknown Source)
	at org.openqa.selenium.support.events.EventFiringWebDriver$EventFiringWebElement.click(EventFiringWebDriver.java:417)
	at org.openqa.selenium.WebElement$click.call(Unknown Source)
	at com.kms.katalon.core.webui.keyword.builtin.ClickKeyword.clickUntilSuccessWithTimeout(ClickKeyword.groovy:81)
	at com.kms.katalon.core.webui.keyword.builtin.ClickKeyword.clickUntilSuccessWithTimeout(ClickKeyword.groovy)
	at jdk.internal.reflect.GeneratedMethodAccessor8.invoke(Unknown Source)
	at java.base/jdk.internal.reflect.DelegatingMethodAccessorImpl.invoke(DelegatingMethodAccessorImpl.java:43)
	at com.kms.katalon.core.webui.keyword.builtin.ClickKeyword$_click_closure1.doCall(ClickKeyword.groovy:67)
	at com.kms.katalon.core.webui.keyword.builtin.ClickKeyword$_click_closure1.call(ClickKeyword.groovy)
	at com.kms.katalon.core.webui.keyword.internal.WebUIKeywordMain.runKeyword(WebUIKeywordMain.groovy:35)
	... 38 more
)]]></system-out>
         <system-err><![CDATA[27-11-2024T13:35:28 - [TEST_CASE][FAILED] - Test Cases/2.Positivos/2.2Sobre/Origen-Lima/3.Destino-D,DO,O/Destino-DO: Test Cases/2.Positivos/2.2Sobre/Origen-Lima/3.Destino-D,DO,O/Destino-DO FAILED.
Reason:
com.kms.katalon.core.exception.StepFailedException: Call Test Case 'Test Cases/1.Inicio/1.1Principal/Selec_sobre' failed
	at com.kms.katalon.core.keyword.builtin.CallTestCaseKeyword$_callTestCase_closure1.doCall(CallTestCaseKeyword.groovy:63)
	at com.kms.katalon.core.keyword.builtin.CallTestCaseKeyword$_callTestCase_closure1.call(CallTestCaseKeyword.groovy)
	at com.kms.katalon.core.keyword.internal.KeywordMain.runKeyword(KeywordMain.groovy:75)
	at com.kms.katalon.core.keyword.builtin.CallTestCaseKeyword.callTestCase(CallTestCaseKeyword.groovy:81)
	at com.kms.katalon.core.keyword.builtin.CallTestCaseKeyword.execute(CallTestCaseKeyword.groovy:44)
	at com.kms.katalon.core.keyword.internal.KeywordExecutor.executeKeywordForPlatform(KeywordExecutor.groovy:74)
	at com.kms.katalon.core.keyword.BuiltinKeywords.callTestCase(BuiltinKeywords.groovy:310)
	at jdk.internal.reflect.GeneratedMethodAccessor25.invoke(Unknown Source)
	at java.base/jdk.internal.reflect.DelegatingMethodAccessorImpl.invoke(DelegatingMethodAccessorImpl.java:43)
	at Destino-DO.run(Destino-DO:22)
	at com.kms.katalon.core.main.ScriptEngine.run(ScriptEngine.java:194)
	at com.kms.katalon.core.main.ScriptEngine.runScriptAsRawText(ScriptEngine.java:119)
	at com.kms.katalon.core.main.TestCaseExecutor.runScript(TestCaseExecutor.java:448)
	at com.kms.katalon.core.main.TestCaseExecutor.doExecute(TestCaseExecutor.java:439)
	at com.kms.katalon.core.main.TestCaseExecutor.processExecutionPhase(TestCaseExecutor.java:418)
	at com.kms.katalon.core.main.TestCaseExecutor.accessMainPhase(TestCaseExecutor.java:410)
	at com.kms.katalon.core.main.TestCaseExecutor.execute(TestCaseExecutor.java:285)
	at com.kms.katalon.core.common.CommonExecutor.accessTestCaseMainPhase(CommonExecutor.java:65)
	at com.kms.katalon.core.main.TestSuiteExecutor.accessTestSuiteMainPhase(TestSuiteExecutor.java:150)
	at com.kms.katalon.core.main.TestSuiteExecutor.execute(TestSuiteExecutor.java:106)
	at com.kms.katalon.core.main.TestCaseMain.startTestSuite(TestCaseMain.java:180)
	at TempTestSuite1732729948317.run(TempTestSuite1732729948317.groovy:35)
	at java.base/jdk.internal.reflect.NativeMethodAccessorImpl.invoke0(Native Method)
	at java.base/jdk.internal.reflect.NativeMethodAccessorImpl.invoke(NativeMethodAccessorImpl.java:77)
	at java.base/jdk.internal.reflect.DelegatingMethodAccessorImpl.invoke(DelegatingMethodAccessorImpl.java:43)
Caused by: com.kms.katalon.core.exception.StepFailedException: Unable to click on object 'Object Repository/Principal/Page_Olva Courier  Home/button_CONTINUAR (2)'
	at com.kms.katalon.core.webui.keyword.internal.WebUIKeywordMain.stepFailed(WebUIKeywordMain.groovy:117)
	at com.kms.katalon.core.webui.keyword.internal.WebUIKeywordMain.runKeyword(WebUIKeywordMain.groovy:43)
	at com.kms.katalon.core.webui.keyword.builtin.ClickKeyword.click(ClickKeyword.groovy:74)
	at com.kms.katalon.core.webui.keyword.builtin.ClickKeyword.execute(ClickKeyword.groovy:40)
	at com.kms.katalon.core.keyword.internal.KeywordExecutor.executeKeywordForPlatform(KeywordExecutor.groovy:74)
	at com.kms.katalon.core.webui.keyword.WebUiBuiltInKeywords.click(WebUiBuiltInKeywords.groovy:659)
	at Selec_sobre.run(Selec_sobre:24)
	at com.kms.katalon.core.main.ScriptEngine.run(ScriptEngine.java:194)
	at com.kms.katalon.core.main.ScriptEngine.runScriptAsRawText(ScriptEngine.java:119)
	at com.kms.katalon.core.main.TestCaseExecutor.runScript(TestCaseExecutor.java:448)
	at com.kms.katalon.core.main.TestCaseExecutor.doExecute(TestCaseExecutor.java:439)
	at com.kms.katalon.core.main.TestCaseExecutor.processExecutionPhase(TestCaseExecutor.java:418)
	at com.kms.katalon.core.main.TestCaseExecutor.accessMainPhase(TestCaseExecutor.java:410)
	at com.kms.katalon.core.main.TestCaseExecutor.execute(TestCaseExecutor.java:285)
	at com.kms.katalon.core.main.TestCaseMain.runTestCase(TestCaseMain.java:137)
	at com.kms.katalon.core.keyword.builtin.CallTestCaseKeyword$_callTestCase_closure1.doCall(CallTestCaseKeyword.groovy:59)
	... 24 more
Caused by: org.openqa.selenium.ElementClickInterceptedException: Element <button id="btn_aceptar_tipo_envio" class="btn disabled" type="button"> is not clickable at point (675,588) because another element <div class="modal-footer"> obscures it
Build info: version: '3.141.59', revision: 'unknown', time: 'unknown'
System info: host: 'DESKTOP-RGFFP9A', ip: '10.136.10.6', os.name: 'Windows 11', os.arch: 'amd64', os.version: '10.0', java.version: '17.0.7'
Driver info: com.kms.katalon.core.webui.driver.firefox.CGeckoDriver
Capabilities {acceptInsecureCerts: true, browserName: firefox, browserVersion: 133.0, javascriptEnabled: true, moz:accessibilityChecks: false, moz:buildID: 20241121140525, moz:geckodriverVersion: 0.35.0, moz:headless: false, moz:platformVersion: 10.0, moz:processID: 9172, moz:profile: C:\Users\OLVATI\AppData\Loc..., moz:shutdownTimeout: 60000, moz:webdriverClick: true, moz:windowless: false, pageLoadStrategy: normal, platform: WINDOWS, platformName: WINDOWS, proxy: Proxy(direct), setWindowRect: true, strictFileInteractability: false, timeouts: {implicit: 0, pageLoad: 300000, script: 30000}, unhandledPromptBehavior: dismiss and notify, userAgent: Mozilla/5.0 (Windows NT 10....}
Session ID: bc319dfb-8f63-42c7-a282-185e54edf815
	at jdk.internal.reflect.GeneratedConstructorAccessor32.newInstance(Unknown Source)
	at java.base/jdk.internal.reflect.DelegatingConstructorAccessorImpl.newInstance(DelegatingConstructorAccessorImpl.java:45)
	at org.openqa.selenium.remote.http.W3CHttpResponseCodec.createException(W3CHttpResponseCodec.java:187)
	at org.openqa.selenium.remote.http.W3CHttpResponseCodec.decode(W3CHttpResponseCodec.java:122)
	at org.openqa.selenium.remote.http.W3CHttpResponseCodec.decode(W3CHttpResponseCodec.java:49)
	at org.openqa.selenium.remote.HttpCommandExecutor.execute(HttpCommandExecutor.java:158)
	at org.openqa.selenium.remote.service.DriverCommandExecutor.execute(DriverCommandExecutor.java:83)
	at org.openqa.selenium.remote.RemoteWebDriver.execute(RemoteWebDriver.java:552)
	at com.kms.katalon.selenium.driver.CFirefoxDriver.execute(CFirefoxDriver.java:28)
	at org.openqa.selenium.remote.RemoteWebElement.execute(RemoteWebElement.java:285)
	at org.openqa.selenium.remote.RemoteWebElement.click(RemoteWebElement.java:84)
	at jdk.internal.reflect.GeneratedMethodAccessor10.invoke(Unknown Source)
	at java.base/jdk.internal.reflect.DelegatingMethodAccessorImpl.invoke(DelegatingMethodAccessorImpl.java:43)
	at org.openqa.selenium.support.events.EventFiringWebDriver$EventFiringWebElement.lambda$new$0(EventFiringWebDriver.java:404)
	at jdk.proxy2/jdk.proxy2.$Proxy21.click(Unknown Source)
	at org.openqa.selenium.support.events.EventFiringWebDriver$EventFiringWebElement.click(EventFiringWebDriver.java:417)
	at org.openqa.selenium.WebElement$click.call(Unknown Source)
	at com.kms.katalon.core.webui.keyword.builtin.ClickKeyword.clickUntilSuccessWithTimeout(ClickKeyword.groovy:81)
	at com.kms.katalon.core.webui.keyword.builtin.ClickKeyword.clickUntilSuccessWithTimeout(ClickKeyword.groovy)
	at jdk.internal.reflect.GeneratedMethodAccessor8.invoke(Unknown Source)
	at java.base/jdk.internal.reflect.DelegatingMethodAccessorImpl.invoke(DelegatingMethodAccessorImpl.java:43)
	at com.kms.katalon.core.webui.keyword.builtin.ClickKeyword$_click_closure1.doCall(ClickKeyword.groovy:67)
	at com.kms.katalon.core.webui.keyword.builtin.ClickKeyword$_click_closure1.call(ClickKeyword.groovy)
	at com.kms.katalon.core.webui.keyword.internal.WebUIKeywordMain.runKeyword(WebUIKeywordMain.groovy:35)
	... 38 more]]></system-err>
      </testcase>
      <testcase name="Test Cases/2.Positivos/2.2Sobre/Origen-Lima/3.Destino-D,DO,O/Destino-D" time="42.103" classname="Test Cases/2.Positivos/2.2Sobre/Origen-Lima/3.Destino-D,DO,O/Destino-D" status="FAILED">
         <failure type="FAILED" message="Test Cases/2.Positivos/2.2Sobre/Origen-Lima/3.Destino-D,DO,O/Destino-D FAILED.&#xa;Reason:&#xa;com.kms.katalon.core.exception.StepFailedException: Call Test Case 'Test Cases/1.Inicio/1.1Principal/Selec_sobre' failed&#xa;	at com.kms.katalon.core.keyword.builtin.CallTestCaseKeyword$_callTestCase_closure1.doCall(CallTestCaseKeyword.groovy:63)&#xa;	at com.kms.katalon.core.keyword.builtin.CallTestCaseKeyword$_callTestCase_closure1.call(CallTestCaseKeyword.groovy)&#xa;	at com.kms.katalon.core.keyword.internal.KeywordMain.runKeyword(KeywordMain.groovy:75)&#xa;	at com.kms.katalon.core.keyword.builtin.CallTestCaseKeyword.callTestCase(CallTestCaseKeyword.groovy:81)&#xa;	at com.kms.katalon.core.keyword.builtin.CallTestCaseKeyword.execute(CallTestCaseKeyword.groovy:44)&#xa;	at com.kms.katalon.core.keyword.internal.KeywordExecutor.executeKeywordForPlatform(KeywordExecutor.groovy:74)&#xa;	at com.kms.katalon.core.keyword.BuiltinKeywords.callTestCase(BuiltinKeywords.groovy:310)&#xa;	at jdk.internal.reflect.GeneratedMethodAccessor25.invoke(Unknown Source)&#xa;	at java.base/jdk.internal.reflect.DelegatingMethodAccessorImpl.invoke(DelegatingMethodAccessorImpl.java:43)&#xa;	at Destino-D.run(Destino-D:22)&#xa;	at com.kms.katalon.core.main.ScriptEngine.run(ScriptEngine.java:194)&#xa;	at com.kms.katalon.core.main.ScriptEngine.runScriptAsRawText(ScriptEngine.java:119)&#xa;	at com.kms.katalon.core.main.TestCaseExecutor.runScript(TestCaseExecutor.java:448)&#xa;	at com.kms.katalon.core.main.TestCaseExecutor.doExecute(TestCaseExecutor.java:439)&#xa;	at com.kms.katalon.core.main.TestCaseExecutor.processExecutionPhase(TestCaseExecutor.java:418)&#xa;	at com.kms.katalon.core.main.TestCaseExecutor.accessMainPhase(TestCaseExecutor.java:410)&#xa;	at com.kms.katalon.core.main.TestCaseExecutor.execute(TestCaseExecutor.java:285)&#xa;	at com.kms.katalon.core.common.CommonExecutor.accessTestCaseMainPhase(CommonExecutor.java:65)&#xa;	at com.kms.katalon.core.main.TestSuiteExecutor.accessTestSuiteMainPhase(TestSuiteExecutor.java:150)&#xa;	at com.kms.katalon.core.main.TestSuiteExecutor.execute(TestSuiteExecutor.java:106)&#xa;	at com.kms.katalon.core.main.TestCaseMain.startTestSuite(TestCaseMain.java:180)&#xa;	at TempTestSuite1732729948317.run(TempTestSuite1732729948317.groovy:35)&#xa;	at java.base/jdk.internal.reflect.NativeMethodAccessorImpl.invoke0(Native Method)&#xa;	at java.base/jdk.internal.reflect.NativeMethodAccessorImpl.invoke(NativeMethodAccessorImpl.java:77)&#xa;	at java.base/jdk.internal.reflect.DelegatingMethodAccessorImpl.invoke(DelegatingMethodAccessorImpl.java:43)&#xa;Caused by: com.kms.katalon.core.exception.StepFailedException: Unable to click on object 'Object Repository/Principal/Page_Olva Courier  Home/button_CONTINUAR (2)'&#xa;	at com.kms.katalon.core.webui.keyword.internal.WebUIKeywordMain.stepFailed(WebUIKeywordMain.groovy:117)&#xa;	at com.kms.katalon.core.webui.keyword.internal.WebUIKeywordMain.runKeyword(WebUIKeywordMain.groovy:43)&#xa;	at com.kms.katalon.core.webui.keyword.builtin.ClickKeyword.click(ClickKeyword.groovy:74)&#xa;	at com.kms.katalon.core.webui.keyword.builtin.ClickKeyword.execute(ClickKeyword.groovy:40)&#xa;	at com.kms.katalon.core.keyword.internal.KeywordExecutor.executeKeywordForPlatform(KeywordExecutor.groovy:74)&#xa;	at com.kms.katalon.core.webui.keyword.WebUiBuiltInKeywords.click(WebUiBuiltInKeywords.groovy:659)&#xa;	at Selec_sobre.run(Selec_sobre:24)&#xa;	at com.kms.katalon.core.main.ScriptEngine.run(ScriptEngine.java:194)&#xa;	at com.kms.katalon.core.main.ScriptEngine.runScriptAsRawText(ScriptEngine.java:119)&#xa;	at com.kms.katalon.core.main.TestCaseExecutor.runScript(TestCaseExecutor.java:448)&#xa;	at com.kms.katalon.core.main.TestCaseExecutor.doExecute(TestCaseExecutor.java:439)&#xa;	at com.kms.katalon.core.main.TestCaseExecutor.processExecutionPhase(TestCaseExecutor.java:418)&#xa;	at com.kms.katalon.core.main.TestCaseExecutor.accessMainPhase(TestCaseExecutor.java:410)&#xa;	at com.kms.katalon.core.main.TestCaseExecutor.execute(TestCaseExecutor.java:285)&#xa;	at com.kms.katalon.core.main.TestCaseMain.runTestCase(TestCaseMain.java:137)&#xa;	at com.kms.katalon.core.keyword.builtin.CallTestCaseKeyword$_callTestCase_closure1.doCall(CallTestCaseKeyword.groovy:59)&#xa;	... 24 more&#xa;Caused by: org.openqa.selenium.ElementClickInterceptedException: Element &lt;button id=&quot;btn_aceptar_tipo_envio&quot; class=&quot;btn disabled&quot; type=&quot;button&quot;> is not clickable at point (675,588) because another element &lt;div class=&quot;modal-footer&quot;> obscures it&#xa;Build info: version: '3.141.59', revision: 'unknown', time: 'unknown'&#xa;System info: host: 'DESKTOP-RGFFP9A', ip: '10.136.10.6', os.name: 'Windows 11', os.arch: 'amd64', os.version: '10.0', java.version: '17.0.7'&#xa;Driver info: com.kms.katalon.core.webui.driver.firefox.CGeckoDriver&#xa;Capabilities {acceptInsecureCerts: true, browserName: firefox, browserVersion: 133.0, javascriptEnabled: true, moz:accessibilityChecks: false, moz:buildID: 20241121140525, moz:geckodriverVersion: 0.35.0, moz:headless: false, moz:platformVersion: 10.0, moz:processID: 13620, moz:profile: C:\Users\OLVATI\AppData\Loc..., moz:shutdownTimeout: 60000, moz:webdriverClick: true, moz:windowless: false, pageLoadStrategy: normal, platform: WINDOWS, platformName: WINDOWS, proxy: Proxy(direct), setWindowRect: true, strictFileInteractability: false, timeouts: {implicit: 0, pageLoad: 300000, script: 30000}, unhandledPromptBehavior: dismiss and notify, userAgent: Mozilla/5.0 (Windows NT 10....}&#xa;Session ID: 7a6fba69-53e0-45f0-8713-d70b3d451275&#xa;	at jdk.internal.reflect.GeneratedConstructorAccessor32.newInstance(Unknown Source)&#xa;	at java.base/jdk.internal.reflect.DelegatingConstructorAccessorImpl.newInstance(DelegatingConstructorAccessorImpl.java:45)&#xa;	at org.openqa.selenium.remote.http.W3CHttpResponseCodec.createException(W3CHttpResponseCodec.java:187)&#xa;	at org.openqa.selenium.remote.http.W3CHttpResponseCodec.decode(W3CHttpResponseCodec.java:122)&#xa;	at org.openqa.selenium.remote.http.W3CHttpResponseCodec.decode(W3CHttpResponseCodec.java:49)&#xa;	at org.openqa.selenium.remote.HttpCommandExecutor.execute(HttpCommandExecutor.java:158)&#xa;	at org.openqa.selenium.remote.service.DriverCommandExecutor.execute(DriverCommandExecutor.java:83)&#xa;	at org.openqa.selenium.remote.RemoteWebDriver.execute(RemoteWebDriver.java:552)&#xa;	at com.kms.katalon.selenium.driver.CFirefoxDriver.execute(CFirefoxDriver.java:28)&#xa;	at org.openqa.selenium.remote.RemoteWebElement.execute(RemoteWebElement.java:285)&#xa;	at org.openqa.selenium.remote.RemoteWebElement.click(RemoteWebElement.java:84)&#xa;	at jdk.internal.reflect.GeneratedMethodAccessor10.invoke(Unknown Source)&#xa;	at java.base/jdk.internal.reflect.DelegatingMethodAccessorImpl.invoke(DelegatingMethodAccessorImpl.java:43)&#xa;	at org.openqa.selenium.support.events.EventFiringWebDriver$EventFiringWebElement.lambda$new$0(EventFiringWebDriver.java:404)&#xa;	at jdk.proxy2/jdk.proxy2.$Proxy21.click(Unknown Source)&#xa;	at org.openqa.selenium.support.events.EventFiringWebDriver$EventFiringWebElement.click(EventFiringWebDriver.java:417)&#xa;	at org.openqa.selenium.WebElement$click.call(Unknown Source)&#xa;	at com.kms.katalon.core.webui.keyword.builtin.ClickKeyword.clickUntilSuccessWithTimeout(ClickKeyword.groovy:81)&#xa;	at com.kms.katalon.core.webui.keyword.builtin.ClickKeyword.clickUntilSuccessWithTimeout(ClickKeyword.groovy)&#xa;	at jdk.internal.reflect.GeneratedMethodAccessor8.invoke(Unknown Source)&#xa;	at java.base/jdk.internal.reflect.DelegatingMethodAccessorImpl.invoke(DelegatingMethodAccessorImpl.java:43)&#xa;	at com.kms.katalon.core.webui.keyword.builtin.ClickKeyword$_click_closure1.doCall(ClickKeyword.groovy:67)&#xa;	at com.kms.katalon.core.webui.keyword.builtin.ClickKeyword$_click_closure1.call(ClickKeyword.groovy)&#xa;	at com.kms.katalon.core.webui.keyword.internal.WebUIKeywordMain.runKeyword(WebUIKeywordMain.groovy:35)&#xa;	... 38 more&#xa;"/>
         <system-out><![CDATA[27-11-2024T13:36:09 - [TEST_CASE][FAILED] - Test Cases/2.Positivos/2.2Sobre/Origen-Lima/3.Destino-D,DO,O/Destino-D: Test Cases/2.Positivos/2.2Sobre/Origen-Lima/3.Destino-D,DO,O/Destino-D FAILED.
Reason:
com.kms.katalon.core.exception.StepFailedException: Call Test Case 'Test Cases/1.Inicio/1.1Principal/Selec_sobre' failed
	at com.kms.katalon.core.keyword.builtin.CallTestCaseKeyword$_callTestCase_closure1.doCall(CallTestCaseKeyword.groovy:63)
	at com.kms.katalon.core.keyword.builtin.CallTestCaseKeyword$_callTestCase_closure1.call(CallTestCaseKeyword.groovy)
	at com.kms.katalon.core.keyword.internal.KeywordMain.runKeyword(KeywordMain.groovy:75)
	at com.kms.katalon.core.keyword.builtin.CallTestCaseKeyword.callTestCase(CallTestCaseKeyword.groovy:81)
	at com.kms.katalon.core.keyword.builtin.CallTestCaseKeyword.execute(CallTestCaseKeyword.groovy:44)
	at com.kms.katalon.core.keyword.internal.KeywordExecutor.executeKeywordForPlatform(KeywordExecutor.groovy:74)
	at com.kms.katalon.core.keyword.BuiltinKeywords.callTestCase(BuiltinKeywords.groovy:310)
	at jdk.internal.reflect.GeneratedMethodAccessor25.invoke(Unknown Source)
	at java.base/jdk.internal.reflect.DelegatingMethodAccessorImpl.invoke(DelegatingMethodAccessorImpl.java:43)
	at Destino-D.run(Destino-D:22)
	at com.kms.katalon.core.main.ScriptEngine.run(ScriptEngine.java:194)
	at com.kms.katalon.core.main.ScriptEngine.runScriptAsRawText(ScriptEngine.java:119)
	at com.kms.katalon.core.main.TestCaseExecutor.runScript(TestCaseExecutor.java:448)
	at com.kms.katalon.core.main.TestCaseExecutor.doExecute(TestCaseExecutor.java:439)
	at com.kms.katalon.core.main.TestCaseExecutor.processExecutionPhase(TestCaseExecutor.java:418)
	at com.kms.katalon.core.main.TestCaseExecutor.accessMainPhase(TestCaseExecutor.java:410)
	at com.kms.katalon.core.main.TestCaseExecutor.execute(TestCaseExecutor.java:285)
	at com.kms.katalon.core.common.CommonExecutor.accessTestCaseMainPhase(CommonExecutor.java:65)
	at com.kms.katalon.core.main.TestSuiteExecutor.accessTestSuiteMainPhase(TestSuiteExecutor.java:150)
	at com.kms.katalon.core.main.TestSuiteExecutor.execute(TestSuiteExecutor.java:106)
	at com.kms.katalon.core.main.TestCaseMain.startTestSuite(TestCaseMain.java:180)
	at TempTestSuite1732729948317.run(TempTestSuite1732729948317.groovy:35)
	at java.base/jdk.internal.reflect.NativeMethodAccessorImpl.invoke0(Native Method)
	at java.base/jdk.internal.reflect.NativeMethodAccessorImpl.invoke(NativeMethodAccessorImpl.java:77)
	at java.base/jdk.internal.reflect.DelegatingMethodAccessorImpl.invoke(DelegatingMethodAccessorImpl.java:43)
Caused by: com.kms.katalon.core.exception.StepFailedException: Unable to click on object 'Object Repository/Principal/Page_Olva Courier  Home/button_CONTINUAR (2)'
	at com.kms.katalon.core.webui.keyword.internal.WebUIKeywordMain.stepFailed(WebUIKeywordMain.groovy:117)
	at com.kms.katalon.core.webui.keyword.internal.WebUIKeywordMain.runKeyword(WebUIKeywordMain.groovy:43)
	at com.kms.katalon.core.webui.keyword.builtin.ClickKeyword.click(ClickKeyword.groovy:74)
	at com.kms.katalon.core.webui.keyword.builtin.ClickKeyword.execute(ClickKeyword.groovy:40)
	at com.kms.katalon.core.keyword.internal.KeywordExecutor.executeKeywordForPlatform(KeywordExecutor.groovy:74)
	at com.kms.katalon.core.webui.keyword.WebUiBuiltInKeywords.click(WebUiBuiltInKeywords.groovy:659)
	at Selec_sobre.run(Selec_sobre:24)
	at com.kms.katalon.core.main.ScriptEngine.run(ScriptEngine.java:194)
	at com.kms.katalon.core.main.ScriptEngine.runScriptAsRawText(ScriptEngine.java:119)
	at com.kms.katalon.core.main.TestCaseExecutor.runScript(TestCaseExecutor.java:448)
	at com.kms.katalon.core.main.TestCaseExecutor.doExecute(TestCaseExecutor.java:439)
	at com.kms.katalon.core.main.TestCaseExecutor.processExecutionPhase(TestCaseExecutor.java:418)
	at com.kms.katalon.core.main.TestCaseExecutor.accessMainPhase(TestCaseExecutor.java:410)
	at com.kms.katalon.core.main.TestCaseExecutor.execute(TestCaseExecutor.java:285)
	at com.kms.katalon.core.main.TestCaseMain.runTestCase(TestCaseMain.java:137)
	at com.kms.katalon.core.keyword.builtin.CallTestCaseKeyword$_callTestCase_closure1.doCall(CallTestCaseKeyword.groovy:59)
	... 24 more
Caused by: org.openqa.selenium.ElementClickInterceptedException: Element <button id="btn_aceptar_tipo_envio" class="btn disabled" type="button"> is not clickable at point (675,588) because another element <div class="modal-footer"> obscures it
Build info: version: '3.141.59', revision: 'unknown', time: 'unknown'
System info: host: 'DESKTOP-RGFFP9A', ip: '10.136.10.6', os.name: 'Windows 11', os.arch: 'amd64', os.version: '10.0', java.version: '17.0.7'
Driver info: com.kms.katalon.core.webui.driver.firefox.CGeckoDriver
Capabilities {acceptInsecureCerts: true, browserName: firefox, browserVersion: 133.0, javascriptEnabled: true, moz:accessibilityChecks: false, moz:buildID: 20241121140525, moz:geckodriverVersion: 0.35.0, moz:headless: false, moz:platformVersion: 10.0, moz:processID: 13620, moz:profile: C:\Users\OLVATI\AppData\Loc..., moz:shutdownTimeout: 60000, moz:webdriverClick: true, moz:windowless: false, pageLoadStrategy: normal, platform: WINDOWS, platformName: WINDOWS, proxy: Proxy(direct), setWindowRect: true, strictFileInteractability: false, timeouts: {implicit: 0, pageLoad: 300000, script: 30000}, unhandledPromptBehavior: dismiss and notify, userAgent: Mozilla/5.0 (Windows NT 10....}
Session ID: 7a6fba69-53e0-45f0-8713-d70b3d451275
	at jdk.internal.reflect.GeneratedConstructorAccessor32.newInstance(Unknown Source)
	at java.base/jdk.internal.reflect.DelegatingConstructorAccessorImpl.newInstance(DelegatingConstructorAccessorImpl.java:45)
	at org.openqa.selenium.remote.http.W3CHttpResponseCodec.createException(W3CHttpResponseCodec.java:187)
	at org.openqa.selenium.remote.http.W3CHttpResponseCodec.decode(W3CHttpResponseCodec.java:122)
	at org.openqa.selenium.remote.http.W3CHttpResponseCodec.decode(W3CHttpResponseCodec.java:49)
	at org.openqa.selenium.remote.HttpCommandExecutor.execute(HttpCommandExecutor.java:158)
	at org.openqa.selenium.remote.service.DriverCommandExecutor.execute(DriverCommandExecutor.java:83)
	at org.openqa.selenium.remote.RemoteWebDriver.execute(RemoteWebDriver.java:552)
	at com.kms.katalon.selenium.driver.CFirefoxDriver.execute(CFirefoxDriver.java:28)
	at org.openqa.selenium.remote.RemoteWebElement.execute(RemoteWebElement.java:285)
	at org.openqa.selenium.remote.RemoteWebElement.click(RemoteWebElement.java:84)
	at jdk.internal.reflect.GeneratedMethodAccessor10.invoke(Unknown Source)
	at java.base/jdk.internal.reflect.DelegatingMethodAccessorImpl.invoke(DelegatingMethodAccessorImpl.java:43)
	at org.openqa.selenium.support.events.EventFiringWebDriver$EventFiringWebElement.lambda$new$0(EventFiringWebDriver.java:404)
	at jdk.proxy2/jdk.proxy2.$Proxy21.click(Unknown Source)
	at org.openqa.selenium.support.events.EventFiringWebDriver$EventFiringWebElement.click(EventFiringWebDriver.java:417)
	at org.openqa.selenium.WebElement$click.call(Unknown Source)
	at com.kms.katalon.core.webui.keyword.builtin.ClickKeyword.clickUntilSuccessWithTimeout(ClickKeyword.groovy:81)
	at com.kms.katalon.core.webui.keyword.builtin.ClickKeyword.clickUntilSuccessWithTimeout(ClickKeyword.groovy)
	at jdk.internal.reflect.GeneratedMethodAccessor8.invoke(Unknown Source)
	at java.base/jdk.internal.reflect.DelegatingMethodAccessorImpl.invoke(DelegatingMethodAccessorImpl.java:43)
	at com.kms.katalon.core.webui.keyword.builtin.ClickKeyword$_click_closure1.doCall(ClickKeyword.groovy:67)
	at com.kms.katalon.core.webui.keyword.builtin.ClickKeyword$_click_closure1.call(ClickKeyword.groovy)
	at com.kms.katalon.core.webui.keyword.internal.WebUIKeywordMain.runKeyword(WebUIKeywordMain.groovy:35)
	... 38 more


27-11-2024T13:36:10 - [TEST_STEP][PASSED] - callTestCase(findTestCase("1.Inicio/1.1Principal/Principal-home"), [:], STOP_ON_FAILURE): Call Test Case 'Test Cases/1.Inicio/1.1Principal/Principal-home' successfully

27-11-2024T13:36:10 - [TEST_CASE][PASSED] - Test Cases/1.Inicio/1.1Principal/Principal-home: Test Cases/1.Inicio/1.1Principal/Principal-home

27-11-2024T13:36:10 - [TEST_STEP][PASSED] - openBrowser(""): Browser is opened with url: ''

27-11-2024T13:36:10 - [MESSAGE][WARNING] - A browser is already opened. Closing browser and opening a new one

27-11-2024T13:36:11 - [MESSAGE][INFO] - Starting 'Firefox' driver

27-11-2024T13:36:11 - [MESSAGE][INFO] - Action delay is set to 0 milliseconds

27-11-2024T13:36:18 - [MESSAGE][PASSED] - Browser is opened with url: ''

27-11-2024T13:36:18 - [TEST_STEP][PASSED] - navigateToUrl("https://dev01-registrodeenvios.olvacourier.com/principal"): Navigate to 'https://dev01-registrodeenvios.olvacourier.com/principal' successfully

27-11-2024T13:36:20 - [MESSAGE][PASSED] - Navigate to 'https://dev01-registrodeenvios.olvacourier.com/principal' successfully

27-11-2024T13:36:20 - [TEST_STEP][PASSED] - maximizeWindow(): Current window maximized

27-11-2024T13:36:20 - [MESSAGE][PASSED] - Current window maximized

27-11-2024T13:36:20 - [MESSAGE][PASSED] - Call Test Case 'Test Cases/1.Inicio/1.1Principal/Principal-home' successfully

27-11-2024T13:36:20 - [TEST_STEP][FAILED] - callTestCase(findTestCase("1.Inicio/1.1Principal/Selec_sobre"), [:], STOP_ON_FAILURE): Unable to call Test Case 'Test Cases/1.Inicio/1.1Principal/Selec_sobre' (Root cause: com.kms.katalon.core.exception.StepFailedException: Call Test Case 'Test Cases/1.Inicio/1.1Principal/Selec_sobre' failed
	at com.kms.katalon.core.keyword.builtin.CallTestCaseKeyword$_callTestCase_closure1.doCall(CallTestCaseKeyword.groovy:63)
	at com.kms.katalon.core.keyword.builtin.CallTestCaseKeyword$_callTestCase_closure1.call(CallTestCaseKeyword.groovy)
	at com.kms.katalon.core.keyword.internal.KeywordMain.runKeyword(KeywordMain.groovy:75)
	at com.kms.katalon.core.keyword.builtin.CallTestCaseKeyword.callTestCase(CallTestCaseKeyword.groovy:81)
	at com.kms.katalon.core.keyword.builtin.CallTestCaseKeyword.execute(CallTestCaseKeyword.groovy:44)
	at com.kms.katalon.core.keyword.internal.KeywordExecutor.executeKeywordForPlatform(KeywordExecutor.groovy:74)
	at com.kms.katalon.core.keyword.BuiltinKeywords.callTestCase(BuiltinKeywords.groovy:310)
	at jdk.internal.reflect.GeneratedMethodAccessor25.invoke(Unknown Source)
	at java.base/jdk.internal.reflect.DelegatingMethodAccessorImpl.invoke(DelegatingMethodAccessorImpl.java:43)
	at Destino-D.run(Destino-D:22)
	at com.kms.katalon.core.main.ScriptEngine.run(ScriptEngine.java:194)
	at com.kms.katalon.core.main.ScriptEngine.runScriptAsRawText(ScriptEngine.java:119)
	at com.kms.katalon.core.main.TestCaseExecutor.runScript(TestCaseExecutor.java:448)
	at com.kms.katalon.core.main.TestCaseExecutor.doExecute(TestCaseExecutor.java:439)
	at com.kms.katalon.core.main.TestCaseExecutor.processExecutionPhase(TestCaseExecutor.java:418)
	at com.kms.katalon.core.main.TestCaseExecutor.accessMainPhase(TestCaseExecutor.java:410)
	at com.kms.katalon.core.main.TestCaseExecutor.execute(TestCaseExecutor.java:285)
	at com.kms.katalon.core.common.CommonExecutor.accessTestCaseMainPhase(CommonExecutor.java:65)
	at com.kms.katalon.core.main.TestSuiteExecutor.accessTestSuiteMainPhase(TestSuiteExecutor.java:150)
	at com.kms.katalon.core.main.TestSuiteExecutor.execute(TestSuiteExecutor.java:106)
	at com.kms.katalon.core.main.TestCaseMain.startTestSuite(TestCaseMain.java:180)
	at TempTestSuite1732729948317.run(TempTestSuite1732729948317.groovy:35)
	at java.base/jdk.internal.reflect.NativeMethodAccessorImpl.invoke0(Native Method)
	at java.base/jdk.internal.reflect.NativeMethodAccessorImpl.invoke(NativeMethodAccessorImpl.java:77)
	at java.base/jdk.internal.reflect.DelegatingMethodAccessorImpl.invoke(DelegatingMethodAccessorImpl.java:43)
Caused by: com.kms.katalon.core.exception.StepFailedException: Unable to click on object 'Object Repository/Principal/Page_Olva Courier  Home/button_CONTINUAR (2)'
	at com.kms.katalon.core.webui.keyword.internal.WebUIKeywordMain.stepFailed(WebUIKeywordMain.groovy:117)
	at com.kms.katalon.core.webui.keyword.internal.WebUIKeywordMain.runKeyword(WebUIKeywordMain.groovy:43)
	at com.kms.katalon.core.webui.keyword.builtin.ClickKeyword.click(ClickKeyword.groovy:74)
	at com.kms.katalon.core.webui.keyword.builtin.ClickKeyword.execute(ClickKeyword.groovy:40)
	at com.kms.katalon.core.keyword.internal.KeywordExecutor.executeKeywordForPlatform(KeywordExecutor.groovy:74)
	at com.kms.katalon.core.webui.keyword.WebUiBuiltInKeywords.click(WebUiBuiltInKeywords.groovy:659)
	at Selec_sobre.run(Selec_sobre:24)
	at com.kms.katalon.core.main.ScriptEngine.run(ScriptEngine.java:194)
	at com.kms.katalon.core.main.ScriptEngine.runScriptAsRawText(ScriptEngine.java:119)
	at com.kms.katalon.core.main.TestCaseExecutor.runScript(TestCaseExecutor.java:448)
	at com.kms.katalon.core.main.TestCaseExecutor.doExecute(TestCaseExecutor.java:439)
	at com.kms.katalon.core.main.TestCaseExecutor.processExecutionPhase(TestCaseExecutor.java:418)
	at com.kms.katalon.core.main.TestCaseExecutor.accessMainPhase(TestCaseExecutor.java:410)
	at com.kms.katalon.core.main.TestCaseExecutor.execute(TestCaseExecutor.java:285)
	at com.kms.katalon.core.main.TestCaseMain.runTestCase(TestCaseMain.java:137)
	at com.kms.katalon.core.keyword.builtin.CallTestCaseKeyword$_callTestCase_closure1.doCall(CallTestCaseKeyword.groovy:59)
	... 24 more
Caused by: org.openqa.selenium.ElementClickInterceptedException: Element <button id="btn_aceptar_tipo_envio" class="btn disabled" type="button"> is not clickable at point (675,588) because another element <div class="modal-footer"> obscures it
Build info: version: '3.141.59', revision: 'unknown', time: 'unknown'
System info: host: 'DESKTOP-RGFFP9A', ip: '10.136.10.6', os.name: 'Windows 11', os.arch: 'amd64', os.version: '10.0', java.version: '17.0.7'
Driver info: com.kms.katalon.core.webui.driver.firefox.CGeckoDriver
Capabilities {acceptInsecureCerts: true, browserName: firefox, browserVersion: 133.0, javascriptEnabled: true, moz:accessibilityChecks: false, moz:buildID: 20241121140525, moz:geckodriverVersion: 0.35.0, moz:headless: false, moz:platformVersion: 10.0, moz:processID: 13620, moz:profile: C:\Users\OLVATI\AppData\Loc..., moz:shutdownTimeout: 60000, moz:webdriverClick: true, moz:windowless: false, pageLoadStrategy: normal, platform: WINDOWS, platformName: WINDOWS, proxy: Proxy(direct), setWindowRect: true, strictFileInteractability: false, timeouts: {implicit: 0, pageLoad: 300000, script: 30000}, unhandledPromptBehavior: dismiss and notify, userAgent: Mozilla/5.0 (Windows NT 10....}
Session ID: 7a6fba69-53e0-45f0-8713-d70b3d451275
	at jdk.internal.reflect.GeneratedConstructorAccessor32.newInstance(Unknown Source)
	at java.base/jdk.internal.reflect.DelegatingConstructorAccessorImpl.newInstance(DelegatingConstructorAccessorImpl.java:45)
	at org.openqa.selenium.remote.http.W3CHttpResponseCodec.createException(W3CHttpResponseCodec.java:187)
	at org.openqa.selenium.remote.http.W3CHttpResponseCodec.decode(W3CHttpResponseCodec.java:122)
	at org.openqa.selenium.remote.http.W3CHttpResponseCodec.decode(W3CHttpResponseCodec.java:49)
	at org.openqa.selenium.remote.HttpCommandExecutor.execute(HttpCommandExecutor.java:158)
	at org.openqa.selenium.remote.service.DriverCommandExecutor.execute(DriverCommandExecutor.java:83)
	at org.openqa.selenium.remote.RemoteWebDriver.execute(RemoteWebDriver.java:552)
	at com.kms.katalon.selenium.driver.CFirefoxDriver.execute(CFirefoxDriver.java:28)
	at org.openqa.selenium.remote.RemoteWebElement.execute(RemoteWebElement.java:285)
	at org.openqa.selenium.remote.RemoteWebElement.click(RemoteWebElement.java:84)
	at jdk.internal.reflect.GeneratedMethodAccessor10.invoke(Unknown Source)
	at java.base/jdk.internal.reflect.DelegatingMethodAccessorImpl.invoke(DelegatingMethodAccessorImpl.java:43)
	at org.openqa.selenium.support.events.EventFiringWebDriver$EventFiringWebElement.lambda$new$0(EventFiringWebDriver.java:404)
	at jdk.proxy2/jdk.proxy2.$Proxy21.click(Unknown Source)
	at org.openqa.selenium.support.events.EventFiringWebDriver$EventFiringWebElement.click(EventFiringWebDriver.java:417)
	at org.openqa.selenium.WebElement$click.call(Unknown Source)
	at com.kms.katalon.core.webui.keyword.builtin.ClickKeyword.clickUntilSuccessWithTimeout(ClickKeyword.groovy:81)
	at com.kms.katalon.core.webui.keyword.builtin.ClickKeyword.clickUntilSuccessWithTimeout(ClickKeyword.groovy)
	at jdk.internal.reflect.GeneratedMethodAccessor8.invoke(Unknown Source)
	at java.base/jdk.internal.reflect.DelegatingMethodAccessorImpl.invoke(DelegatingMethodAccessorImpl.java:43)
	at com.kms.katalon.core.webui.keyword.builtin.ClickKeyword$_click_closure1.doCall(ClickKeyword.groovy:67)
	at com.kms.katalon.core.webui.keyword.builtin.ClickKeyword$_click_closure1.call(ClickKeyword.groovy)
	at com.kms.katalon.core.webui.keyword.internal.WebUIKeywordMain.runKeyword(WebUIKeywordMain.groovy:35)
	... 38 more
)

27-11-2024T13:36:20 - [TEST_CASE][FAILED] - Test Cases/1.Inicio/1.1Principal/Selec_sobre: Test Cases/1.Inicio/1.1Principal/Selec_sobre FAILED.
Reason:
com.kms.katalon.core.exception.StepFailedException: Unable to click on object 'Object Repository/Principal/Page_Olva Courier  Home/button_CONTINUAR (2)'
	at com.kms.katalon.core.webui.keyword.internal.WebUIKeywordMain.stepFailed(WebUIKeywordMain.groovy:117)
	at com.kms.katalon.core.webui.keyword.internal.WebUIKeywordMain.runKeyword(WebUIKeywordMain.groovy:43)
	at com.kms.katalon.core.webui.keyword.builtin.ClickKeyword.click(ClickKeyword.groovy:74)
	at com.kms.katalon.core.webui.keyword.builtin.ClickKeyword.execute(ClickKeyword.groovy:40)
	at com.kms.katalon.core.keyword.internal.KeywordExecutor.executeKeywordForPlatform(KeywordExecutor.groovy:74)
	at com.kms.katalon.core.webui.keyword.WebUiBuiltInKeywords.click(WebUiBuiltInKeywords.groovy:659)
	at Selec_sobre.run(Selec_sobre:24)
	at com.kms.katalon.core.main.ScriptEngine.run(ScriptEngine.java:194)
	at com.kms.katalon.core.main.ScriptEngine.runScriptAsRawText(ScriptEngine.java:119)
	at com.kms.katalon.core.main.TestCaseExecutor.runScript(TestCaseExecutor.java:448)
	at com.kms.katalon.core.main.TestCaseExecutor.doExecute(TestCaseExecutor.java:439)
	at com.kms.katalon.core.main.TestCaseExecutor.processExecutionPhase(TestCaseExecutor.java:418)
	at com.kms.katalon.core.main.TestCaseExecutor.accessMainPhase(TestCaseExecutor.java:410)
	at com.kms.katalon.core.main.TestCaseExecutor.execute(TestCaseExecutor.java:285)
	at com.kms.katalon.core.main.TestCaseMain.runTestCase(TestCaseMain.java:137)
	at com.kms.katalon.core.keyword.builtin.CallTestCaseKeyword$_callTestCase_closure1.doCall(CallTestCaseKeyword.groovy:59)
	at com.kms.katalon.core.keyword.builtin.CallTestCaseKeyword$_callTestCase_closure1.call(CallTestCaseKeyword.groovy)
	at com.kms.katalon.core.keyword.internal.KeywordMain.runKeyword(KeywordMain.groovy:75)
	at com.kms.katalon.core.keyword.builtin.CallTestCaseKeyword.callTestCase(CallTestCaseKeyword.groovy:81)
	at com.kms.katalon.core.keyword.builtin.CallTestCaseKeyword.execute(CallTestCaseKeyword.groovy:44)
	at com.kms.katalon.core.keyword.internal.KeywordExecutor.executeKeywordForPlatform(KeywordExecutor.groovy:74)
	at com.kms.katalon.core.keyword.BuiltinKeywords.callTestCase(BuiltinKeywords.groovy:310)
	at jdk.internal.reflect.GeneratedMethodAccessor25.invoke(Unknown Source)
	at java.base/jdk.internal.reflect.DelegatingMethodAccessorImpl.invoke(DelegatingMethodAccessorImpl.java:43)
	at Destino-D.run(Destino-D:22)
	at com.kms.katalon.core.main.ScriptEngine.run(ScriptEngine.java:194)
	at com.kms.katalon.core.main.ScriptEngine.runScriptAsRawText(ScriptEngine.java:119)
	at com.kms.katalon.core.main.TestCaseExecutor.runScript(TestCaseExecutor.java:448)
	at com.kms.katalon.core.main.TestCaseExecutor.doExecute(TestCaseExecutor.java:439)
	at com.kms.katalon.core.main.TestCaseExecutor.processExecutionPhase(TestCaseExecutor.java:418)
	at com.kms.katalon.core.main.TestCaseExecutor.accessMainPhase(TestCaseExecutor.java:410)
	at com.kms.katalon.core.main.TestCaseExecutor.execute(TestCaseExecutor.java:285)
	at com.kms.katalon.core.common.CommonExecutor.accessTestCaseMainPhase(CommonExecutor.java:65)
	at com.kms.katalon.core.main.TestSuiteExecutor.accessTestSuiteMainPhase(TestSuiteExecutor.java:150)
	at com.kms.katalon.core.main.TestSuiteExecutor.execute(TestSuiteExecutor.java:106)
	at com.kms.katalon.core.main.TestCaseMain.startTestSuite(TestCaseMain.java:180)
	at TempTestSuite1732729948317.run(TempTestSuite1732729948317.groovy:35)
	at java.base/jdk.internal.reflect.NativeMethodAccessorImpl.invoke0(Native Method)
	at java.base/jdk.internal.reflect.NativeMethodAccessorImpl.invoke(NativeMethodAccessorImpl.java:77)
	at java.base/jdk.internal.reflect.DelegatingMethodAccessorImpl.invoke(DelegatingMethodAccessorImpl.java:43)
Caused by: org.openqa.selenium.ElementClickInterceptedException: Element <button id="btn_aceptar_tipo_envio" class="btn disabled" type="button"> is not clickable at point (675,588) because another element <div class="modal-footer"> obscures it
Build info: version: '3.141.59', revision: 'unknown', time: 'unknown'
System info: host: 'DESKTOP-RGFFP9A', ip: '10.136.10.6', os.name: 'Windows 11', os.arch: 'amd64', os.version: '10.0', java.version: '17.0.7'
Driver info: com.kms.katalon.core.webui.driver.firefox.CGeckoDriver
Capabilities {acceptInsecureCerts: true, browserName: firefox, browserVersion: 133.0, javascriptEnabled: true, moz:accessibilityChecks: false, moz:buildID: 20241121140525, moz:geckodriverVersion: 0.35.0, moz:headless: false, moz:platformVersion: 10.0, moz:processID: 13620, moz:profile: C:\Users\OLVATI\AppData\Loc..., moz:shutdownTimeout: 60000, moz:webdriverClick: true, moz:windowless: false, pageLoadStrategy: normal, platform: WINDOWS, platformName: WINDOWS, proxy: Proxy(direct), setWindowRect: true, strictFileInteractability: false, timeouts: {implicit: 0, pageLoad: 300000, script: 30000}, unhandledPromptBehavior: dismiss and notify, userAgent: Mozilla/5.0 (Windows NT 10....}
Session ID: 7a6fba69-53e0-45f0-8713-d70b3d451275
	at jdk.internal.reflect.GeneratedConstructorAccessor32.newInstance(Unknown Source)
	at java.base/jdk.internal.reflect.DelegatingConstructorAccessorImpl.newInstance(DelegatingConstructorAccessorImpl.java:45)
	at org.openqa.selenium.remote.http.W3CHttpResponseCodec.createException(W3CHttpResponseCodec.java:187)
	at org.openqa.selenium.remote.http.W3CHttpResponseCodec.decode(W3CHttpResponseCodec.java:122)
	at org.openqa.selenium.remote.http.W3CHttpResponseCodec.decode(W3CHttpResponseCodec.java:49)
	at org.openqa.selenium.remote.HttpCommandExecutor.execute(HttpCommandExecutor.java:158)
	at org.openqa.selenium.remote.service.DriverCommandExecutor.execute(DriverCommandExecutor.java:83)
	at org.openqa.selenium.remote.RemoteWebDriver.execute(RemoteWebDriver.java:552)
	at com.kms.katalon.selenium.driver.CFirefoxDriver.execute(CFirefoxDriver.java:28)
	at org.openqa.selenium.remote.RemoteWebElement.execute(RemoteWebElement.java:285)
	at org.openqa.selenium.remote.RemoteWebElement.click(RemoteWebElement.java:84)
	at jdk.internal.reflect.GeneratedMethodAccessor10.invoke(Unknown Source)
	at java.base/jdk.internal.reflect.DelegatingMethodAccessorImpl.invoke(DelegatingMethodAccessorImpl.java:43)
	at org.openqa.selenium.support.events.EventFiringWebDriver$EventFiringWebElement.lambda$new$0(EventFiringWebDriver.java:404)
	at jdk.proxy2/jdk.proxy2.$Proxy21.click(Unknown Source)
	at org.openqa.selenium.support.events.EventFiringWebDriver$EventFiringWebElement.click(EventFiringWebDriver.java:417)
	at org.openqa.selenium.WebElement$click.call(Unknown Source)
	at com.kms.katalon.core.webui.keyword.builtin.ClickKeyword.clickUntilSuccessWithTimeout(ClickKeyword.groovy:81)
	at com.kms.katalon.core.webui.keyword.builtin.ClickKeyword.clickUntilSuccessWithTimeout(ClickKeyword.groovy)
	at jdk.internal.reflect.GeneratedMethodAccessor8.invoke(Unknown Source)
	at java.base/jdk.internal.reflect.DelegatingMethodAccessorImpl.invoke(DelegatingMethodAccessorImpl.java:43)
	at com.kms.katalon.core.webui.keyword.builtin.ClickKeyword$_click_closure1.doCall(ClickKeyword.groovy:67)
	at com.kms.katalon.core.webui.keyword.builtin.ClickKeyword$_click_closure1.call(ClickKeyword.groovy)
	at com.kms.katalon.core.webui.keyword.internal.WebUIKeywordMain.runKeyword(WebUIKeywordMain.groovy:35)
	... 38 more


27-11-2024T13:36:20 - [TEST_STEP][PASSED] - click(findTestObject("Object Repository/Principal/Page_Olva Courier  Home/img_Envo de cajas o paquetescon un peso mxi_37770f")): Object: 'Object Repository/Principal/Page_Olva Courier  Home/img_Envo de cajas o paquetescon un peso mxi_37770f' is clicked on

27-11-2024T13:36:20 - [MESSAGE][PASSED] - Object: 'Object Repository/Principal/Page_Olva Courier  Home/img_Envo de cajas o paquetescon un peso mxi_37770f' is clicked on

27-11-2024T13:36:20 - [TEST_STEP][PASSED] - click(findTestObject("Object Repository/Principal/Page_Olva Courier  Home/label_He ledo y acepto los trminos de uso y_adab65")): Object: 'Object Repository/Principal/Page_Olva Courier  Home/label_He ledo y acepto los trminos de uso y_adab65' is clicked on

27-11-2024T13:36:21 - [MESSAGE][PASSED] - Object: 'Object Repository/Principal/Page_Olva Courier  Home/label_He ledo y acepto los trminos de uso y_adab65' is clicked on

27-11-2024T13:36:21 - [TEST_STEP][FAILED] - click(findTestObject("Object Repository/Principal/Page_Olva Courier  Home/button_CONTINUAR (2)")): Unable to click on object 'Object Repository/Principal/Page_Olva Courier  Home/button_CONTINUAR (2)' (Root cause: com.kms.katalon.core.exception.StepFailedException: Unable to click on object 'Object Repository/Principal/Page_Olva Courier  Home/button_CONTINUAR (2)'
	at com.kms.katalon.core.webui.keyword.internal.WebUIKeywordMain.stepFailed(WebUIKeywordMain.groovy:117)
	at com.kms.katalon.core.webui.keyword.internal.WebUIKeywordMain.runKeyword(WebUIKeywordMain.groovy:43)
	at com.kms.katalon.core.webui.keyword.builtin.ClickKeyword.click(ClickKeyword.groovy:74)
	at com.kms.katalon.core.webui.keyword.builtin.ClickKeyword.execute(ClickKeyword.groovy:40)
	at com.kms.katalon.core.keyword.internal.KeywordExecutor.executeKeywordForPlatform(KeywordExecutor.groovy:74)
	at com.kms.katalon.core.webui.keyword.WebUiBuiltInKeywords.click(WebUiBuiltInKeywords.groovy:659)
	at Selec_sobre.run(Selec_sobre:24)
	at com.kms.katalon.core.main.ScriptEngine.run(ScriptEngine.java:194)
	at com.kms.katalon.core.main.ScriptEngine.runScriptAsRawText(ScriptEngine.java:119)
	at com.kms.katalon.core.main.TestCaseExecutor.runScript(TestCaseExecutor.java:448)
	at com.kms.katalon.core.main.TestCaseExecutor.doExecute(TestCaseExecutor.java:439)
	at com.kms.katalon.core.main.TestCaseExecutor.processExecutionPhase(TestCaseExecutor.java:418)
	at com.kms.katalon.core.main.TestCaseExecutor.accessMainPhase(TestCaseExecutor.java:410)
	at com.kms.katalon.core.main.TestCaseExecutor.execute(TestCaseExecutor.java:285)
	at com.kms.katalon.core.main.TestCaseMain.runTestCase(TestCaseMain.java:137)
	at com.kms.katalon.core.keyword.builtin.CallTestCaseKeyword$_callTestCase_closure1.doCall(CallTestCaseKeyword.groovy:59)
	at com.kms.katalon.core.keyword.builtin.CallTestCaseKeyword$_callTestCase_closure1.call(CallTestCaseKeyword.groovy)
	at com.kms.katalon.core.keyword.internal.KeywordMain.runKeyword(KeywordMain.groovy:75)
	at com.kms.katalon.core.keyword.builtin.CallTestCaseKeyword.callTestCase(CallTestCaseKeyword.groovy:81)
	at com.kms.katalon.core.keyword.builtin.CallTestCaseKeyword.execute(CallTestCaseKeyword.groovy:44)
	at com.kms.katalon.core.keyword.internal.KeywordExecutor.executeKeywordForPlatform(KeywordExecutor.groovy:74)
	at com.kms.katalon.core.keyword.BuiltinKeywords.callTestCase(BuiltinKeywords.groovy:310)
	at jdk.internal.reflect.GeneratedMethodAccessor25.invoke(Unknown Source)
	at java.base/jdk.internal.reflect.DelegatingMethodAccessorImpl.invoke(DelegatingMethodAccessorImpl.java:43)
	at Destino-D.run(Destino-D:22)
	at com.kms.katalon.core.main.ScriptEngine.run(ScriptEngine.java:194)
	at com.kms.katalon.core.main.ScriptEngine.runScriptAsRawText(ScriptEngine.java:119)
	at com.kms.katalon.core.main.TestCaseExecutor.runScript(TestCaseExecutor.java:448)
	at com.kms.katalon.core.main.TestCaseExecutor.doExecute(TestCaseExecutor.java:439)
	at com.kms.katalon.core.main.TestCaseExecutor.processExecutionPhase(TestCaseExecutor.java:418)
	at com.kms.katalon.core.main.TestCaseExecutor.accessMainPhase(TestCaseExecutor.java:410)
	at com.kms.katalon.core.main.TestCaseExecutor.execute(TestCaseExecutor.java:285)
	at com.kms.katalon.core.common.CommonExecutor.accessTestCaseMainPhase(CommonExecutor.java:65)
	at com.kms.katalon.core.main.TestSuiteExecutor.accessTestSuiteMainPhase(TestSuiteExecutor.java:150)
	at com.kms.katalon.core.main.TestSuiteExecutor.execute(TestSuiteExecutor.java:106)
	at com.kms.katalon.core.main.TestCaseMain.startTestSuite(TestCaseMain.java:180)
	at TempTestSuite1732729948317.run(TempTestSuite1732729948317.groovy:35)
	at java.base/jdk.internal.reflect.NativeMethodAccessorImpl.invoke0(Native Method)
	at java.base/jdk.internal.reflect.NativeMethodAccessorImpl.invoke(NativeMethodAccessorImpl.java:77)
	at java.base/jdk.internal.reflect.DelegatingMethodAccessorImpl.invoke(DelegatingMethodAccessorImpl.java:43)
Caused by: org.openqa.selenium.ElementClickInterceptedException: Element <button id="btn_aceptar_tipo_envio" class="btn disabled" type="button"> is not clickable at point (675,588) because another element <div class="modal-footer"> obscures it
Build info: version: '3.141.59', revision: 'unknown', time: 'unknown'
System info: host: 'DESKTOP-RGFFP9A', ip: '10.136.10.6', os.name: 'Windows 11', os.arch: 'amd64', os.version: '10.0', java.version: '17.0.7'
Driver info: com.kms.katalon.core.webui.driver.firefox.CGeckoDriver
Capabilities {acceptInsecureCerts: true, browserName: firefox, browserVersion: 133.0, javascriptEnabled: true, moz:accessibilityChecks: false, moz:buildID: 20241121140525, moz:geckodriverVersion: 0.35.0, moz:headless: false, moz:platformVersion: 10.0, moz:processID: 13620, moz:profile: C:\Users\OLVATI\AppData\Loc..., moz:shutdownTimeout: 60000, moz:webdriverClick: true, moz:windowless: false, pageLoadStrategy: normal, platform: WINDOWS, platformName: WINDOWS, proxy: Proxy(direct), setWindowRect: true, strictFileInteractability: false, timeouts: {implicit: 0, pageLoad: 300000, script: 30000}, unhandledPromptBehavior: dismiss and notify, userAgent: Mozilla/5.0 (Windows NT 10....}
Session ID: 7a6fba69-53e0-45f0-8713-d70b3d451275
	at jdk.internal.reflect.GeneratedConstructorAccessor32.newInstance(Unknown Source)
	at java.base/jdk.internal.reflect.DelegatingConstructorAccessorImpl.newInstance(DelegatingConstructorAccessorImpl.java:45)
	at org.openqa.selenium.remote.http.W3CHttpResponseCodec.createException(W3CHttpResponseCodec.java:187)
	at org.openqa.selenium.remote.http.W3CHttpResponseCodec.decode(W3CHttpResponseCodec.java:122)
	at org.openqa.selenium.remote.http.W3CHttpResponseCodec.decode(W3CHttpResponseCodec.java:49)
	at org.openqa.selenium.remote.HttpCommandExecutor.execute(HttpCommandExecutor.java:158)
	at org.openqa.selenium.remote.service.DriverCommandExecutor.execute(DriverCommandExecutor.java:83)
	at org.openqa.selenium.remote.RemoteWebDriver.execute(RemoteWebDriver.java:552)
	at com.kms.katalon.selenium.driver.CFirefoxDriver.execute(CFirefoxDriver.java:28)
	at org.openqa.selenium.remote.RemoteWebElement.execute(RemoteWebElement.java:285)
	at org.openqa.selenium.remote.RemoteWebElement.click(RemoteWebElement.java:84)
	at jdk.internal.reflect.GeneratedMethodAccessor10.invoke(Unknown Source)
	at java.base/jdk.internal.reflect.DelegatingMethodAccessorImpl.invoke(DelegatingMethodAccessorImpl.java:43)
	at org.openqa.selenium.support.events.EventFiringWebDriver$EventFiringWebElement.lambda$new$0(EventFiringWebDriver.java:404)
	at jdk.proxy2/jdk.proxy2.$Proxy21.click(Unknown Source)
	at org.openqa.selenium.support.events.EventFiringWebDriver$EventFiringWebElement.click(EventFiringWebDriver.java:417)
	at org.openqa.selenium.WebElement$click.call(Unknown Source)
	at com.kms.katalon.core.webui.keyword.builtin.ClickKeyword.clickUntilSuccessWithTimeout(ClickKeyword.groovy:81)
	at com.kms.katalon.core.webui.keyword.builtin.ClickKeyword.clickUntilSuccessWithTimeout(ClickKeyword.groovy)
	at jdk.internal.reflect.GeneratedMethodAccessor8.invoke(Unknown Source)
	at java.base/jdk.internal.reflect.DelegatingMethodAccessorImpl.invoke(DelegatingMethodAccessorImpl.java:43)
	at com.kms.katalon.core.webui.keyword.builtin.ClickKeyword$_click_closure1.doCall(ClickKeyword.groovy:67)
	at com.kms.katalon.core.webui.keyword.builtin.ClickKeyword$_click_closure1.call(ClickKeyword.groovy)
	at com.kms.katalon.core.webui.keyword.internal.WebUIKeywordMain.runKeyword(WebUIKeywordMain.groovy:35)
	at com.kms.katalon.core.webui.keyword.builtin.ClickKeyword.click(ClickKeyword.groovy:74)
	at com.kms.katalon.core.webui.keyword.builtin.ClickKeyword.execute(ClickKeyword.groovy:40)
	at com.kms.katalon.core.keyword.internal.KeywordExecutor.executeKeywordForPlatform(KeywordExecutor.groovy:74)
	at com.kms.katalon.core.webui.keyword.WebUiBuiltInKeywords.click(WebUiBuiltInKeywords.groovy:659)
	at Script1732083570761.run(Script1732083570761.groovy:24)
	at com.kms.katalon.core.main.ScriptEngine.run(ScriptEngine.java:194)
	at com.kms.katalon.core.main.ScriptEngine.runScriptAsRawText(ScriptEngine.java:119)
	at com.kms.katalon.core.main.TestCaseExecutor.runScript(TestCaseExecutor.java:448)
	at com.kms.katalon.core.main.TestCaseExecutor.doExecute(TestCaseExecutor.java:439)
	at com.kms.katalon.core.main.TestCaseExecutor.processExecutionPhase(TestCaseExecutor.java:418)
	at com.kms.katalon.core.main.TestCaseExecutor.accessMainPhase(TestCaseExecutor.java:410)
	at com.kms.katalon.core.main.TestCaseExecutor.execute(TestCaseExecutor.java:285)
	at com.kms.katalon.core.main.TestCaseMain.runTestCase(TestCaseMain.java:137)
	at com.kms.katalon.core.keyword.builtin.CallTestCaseKeyword$_callTestCase_closure1.doCall(CallTestCaseKeyword.groovy:59)
	at com.kms.katalon.core.keyword.builtin.CallTestCaseKeyword$_callTestCase_closure1.call(CallTestCaseKeyword.groovy)
	at com.kms.katalon.core.keyword.internal.KeywordMain.runKeyword(KeywordMain.groovy:75)
	at com.kms.katalon.core.keyword.builtin.CallTestCaseKeyword.callTestCase(CallTestCaseKeyword.groovy:81)
	at com.kms.katalon.core.keyword.builtin.CallTestCaseKeyword.execute(CallTestCaseKeyword.groovy:44)
	at com.kms.katalon.core.keyword.internal.KeywordExecutor.executeKeywordForPlatform(KeywordExecutor.groovy:74)
	at com.kms.katalon.core.keyword.BuiltinKeywords.callTestCase(BuiltinKeywords.groovy:310)
	at jdk.internal.reflect.GeneratedMethodAccessor25.invoke(Unknown Source)
	at java.base/jdk.internal.reflect.DelegatingMethodAccessorImpl.invoke(DelegatingMethodAccessorImpl.java:43)
	at Script1732341471741.run(Script1732341471741.groovy:22)
	... 15 more
)

27-11-2024T13:36:52 - [MESSAGE][FAILED] - Unable to click on object 'Object Repository/Principal/Page_Olva Courier  Home/button_CONTINUAR (2)' (Root cause: com.kms.katalon.core.exception.StepFailedException: Unable to click on object 'Object Repository/Principal/Page_Olva Courier  Home/button_CONTINUAR (2)'
	at com.kms.katalon.core.webui.keyword.internal.WebUIKeywordMain.stepFailed(WebUIKeywordMain.groovy:117)
	at com.kms.katalon.core.webui.keyword.internal.WebUIKeywordMain.runKeyword(WebUIKeywordMain.groovy:43)
	at com.kms.katalon.core.webui.keyword.builtin.ClickKeyword.click(ClickKeyword.groovy:74)
	at com.kms.katalon.core.webui.keyword.builtin.ClickKeyword.execute(ClickKeyword.groovy:40)
	at com.kms.katalon.core.keyword.internal.KeywordExecutor.executeKeywordForPlatform(KeywordExecutor.groovy:74)
	at com.kms.katalon.core.webui.keyword.WebUiBuiltInKeywords.click(WebUiBuiltInKeywords.groovy:659)
	at Selec_sobre.run(Selec_sobre:24)
	at com.kms.katalon.core.main.ScriptEngine.run(ScriptEngine.java:194)
	at com.kms.katalon.core.main.ScriptEngine.runScriptAsRawText(ScriptEngine.java:119)
	at com.kms.katalon.core.main.TestCaseExecutor.runScript(TestCaseExecutor.java:448)
	at com.kms.katalon.core.main.TestCaseExecutor.doExecute(TestCaseExecutor.java:439)
	at com.kms.katalon.core.main.TestCaseExecutor.processExecutionPhase(TestCaseExecutor.java:418)
	at com.kms.katalon.core.main.TestCaseExecutor.accessMainPhase(TestCaseExecutor.java:410)
	at com.kms.katalon.core.main.TestCaseExecutor.execute(TestCaseExecutor.java:285)
	at com.kms.katalon.core.main.TestCaseMain.runTestCase(TestCaseMain.java:137)
	at com.kms.katalon.core.keyword.builtin.CallTestCaseKeyword$_callTestCase_closure1.doCall(CallTestCaseKeyword.groovy:59)
	at com.kms.katalon.core.keyword.builtin.CallTestCaseKeyword$_callTestCase_closure1.call(CallTestCaseKeyword.groovy)
	at com.kms.katalon.core.keyword.internal.KeywordMain.runKeyword(KeywordMain.groovy:75)
	at com.kms.katalon.core.keyword.builtin.CallTestCaseKeyword.callTestCase(CallTestCaseKeyword.groovy:81)
	at com.kms.katalon.core.keyword.builtin.CallTestCaseKeyword.execute(CallTestCaseKeyword.groovy:44)
	at com.kms.katalon.core.keyword.internal.KeywordExecutor.executeKeywordForPlatform(KeywordExecutor.groovy:74)
	at com.kms.katalon.core.keyword.BuiltinKeywords.callTestCase(BuiltinKeywords.groovy:310)
	at jdk.internal.reflect.GeneratedMethodAccessor25.invoke(Unknown Source)
	at java.base/jdk.internal.reflect.DelegatingMethodAccessorImpl.invoke(DelegatingMethodAccessorImpl.java:43)
	at Destino-D.run(Destino-D:22)
	at com.kms.katalon.core.main.ScriptEngine.run(ScriptEngine.java:194)
	at com.kms.katalon.core.main.ScriptEngine.runScriptAsRawText(ScriptEngine.java:119)
	at com.kms.katalon.core.main.TestCaseExecutor.runScript(TestCaseExecutor.java:448)
	at com.kms.katalon.core.main.TestCaseExecutor.doExecute(TestCaseExecutor.java:439)
	at com.kms.katalon.core.main.TestCaseExecutor.processExecutionPhase(TestCaseExecutor.java:418)
	at com.kms.katalon.core.main.TestCaseExecutor.accessMainPhase(TestCaseExecutor.java:410)
	at com.kms.katalon.core.main.TestCaseExecutor.execute(TestCaseExecutor.java:285)
	at com.kms.katalon.core.common.CommonExecutor.accessTestCaseMainPhase(CommonExecutor.java:65)
	at com.kms.katalon.core.main.TestSuiteExecutor.accessTestSuiteMainPhase(TestSuiteExecutor.java:150)
	at com.kms.katalon.core.main.TestSuiteExecutor.execute(TestSuiteExecutor.java:106)
	at com.kms.katalon.core.main.TestCaseMain.startTestSuite(TestCaseMain.java:180)
	at TempTestSuite1732729948317.run(TempTestSuite1732729948317.groovy:35)
	at java.base/jdk.internal.reflect.NativeMethodAccessorImpl.invoke0(Native Method)
	at java.base/jdk.internal.reflect.NativeMethodAccessorImpl.invoke(NativeMethodAccessorImpl.java:77)
	at java.base/jdk.internal.reflect.DelegatingMethodAccessorImpl.invoke(DelegatingMethodAccessorImpl.java:43)
Caused by: org.openqa.selenium.ElementClickInterceptedException: Element <button id="btn_aceptar_tipo_envio" class="btn disabled" type="button"> is not clickable at point (675,588) because another element <div class="modal-footer"> obscures it
Build info: version: '3.141.59', revision: 'unknown', time: 'unknown'
System info: host: 'DESKTOP-RGFFP9A', ip: '10.136.10.6', os.name: 'Windows 11', os.arch: 'amd64', os.version: '10.0', java.version: '17.0.7'
Driver info: com.kms.katalon.core.webui.driver.firefox.CGeckoDriver
Capabilities {acceptInsecureCerts: true, browserName: firefox, browserVersion: 133.0, javascriptEnabled: true, moz:accessibilityChecks: false, moz:buildID: 20241121140525, moz:geckodriverVersion: 0.35.0, moz:headless: false, moz:platformVersion: 10.0, moz:processID: 13620, moz:profile: C:\Users\OLVATI\AppData\Loc..., moz:shutdownTimeout: 60000, moz:webdriverClick: true, moz:windowless: false, pageLoadStrategy: normal, platform: WINDOWS, platformName: WINDOWS, proxy: Proxy(direct), setWindowRect: true, strictFileInteractability: false, timeouts: {implicit: 0, pageLoad: 300000, script: 30000}, unhandledPromptBehavior: dismiss and notify, userAgent: Mozilla/5.0 (Windows NT 10....}
Session ID: 7a6fba69-53e0-45f0-8713-d70b3d451275
	at jdk.internal.reflect.GeneratedConstructorAccessor32.newInstance(Unknown Source)
	at java.base/jdk.internal.reflect.DelegatingConstructorAccessorImpl.newInstance(DelegatingConstructorAccessorImpl.java:45)
	at org.openqa.selenium.remote.http.W3CHttpResponseCodec.createException(W3CHttpResponseCodec.java:187)
	at org.openqa.selenium.remote.http.W3CHttpResponseCodec.decode(W3CHttpResponseCodec.java:122)
	at org.openqa.selenium.remote.http.W3CHttpResponseCodec.decode(W3CHttpResponseCodec.java:49)
	at org.openqa.selenium.remote.HttpCommandExecutor.execute(HttpCommandExecutor.java:158)
	at org.openqa.selenium.remote.service.DriverCommandExecutor.execute(DriverCommandExecutor.java:83)
	at org.openqa.selenium.remote.RemoteWebDriver.execute(RemoteWebDriver.java:552)
	at com.kms.katalon.selenium.driver.CFirefoxDriver.execute(CFirefoxDriver.java:28)
	at org.openqa.selenium.remote.RemoteWebElement.execute(RemoteWebElement.java:285)
	at org.openqa.selenium.remote.RemoteWebElement.click(RemoteWebElement.java:84)
	at jdk.internal.reflect.GeneratedMethodAccessor10.invoke(Unknown Source)
	at java.base/jdk.internal.reflect.DelegatingMethodAccessorImpl.invoke(DelegatingMethodAccessorImpl.java:43)
	at org.openqa.selenium.support.events.EventFiringWebDriver$EventFiringWebElement.lambda$new$0(EventFiringWebDriver.java:404)
	at jdk.proxy2/jdk.proxy2.$Proxy21.click(Unknown Source)
	at org.openqa.selenium.support.events.EventFiringWebDriver$EventFiringWebElement.click(EventFiringWebDriver.java:417)
	at org.openqa.selenium.WebElement$click.call(Unknown Source)
	at com.kms.katalon.core.webui.keyword.builtin.ClickKeyword.clickUntilSuccessWithTimeout(ClickKeyword.groovy:81)
	at com.kms.katalon.core.webui.keyword.builtin.ClickKeyword.clickUntilSuccessWithTimeout(ClickKeyword.groovy)
	at jdk.internal.reflect.GeneratedMethodAccessor8.invoke(Unknown Source)
	at java.base/jdk.internal.reflect.DelegatingMethodAccessorImpl.invoke(DelegatingMethodAccessorImpl.java:43)
	at com.kms.katalon.core.webui.keyword.builtin.ClickKeyword$_click_closure1.doCall(ClickKeyword.groovy:67)
	at com.kms.katalon.core.webui.keyword.builtin.ClickKeyword$_click_closure1.call(ClickKeyword.groovy)
	at com.kms.katalon.core.webui.keyword.internal.WebUIKeywordMain.runKeyword(WebUIKeywordMain.groovy:35)
	at com.kms.katalon.core.webui.keyword.builtin.ClickKeyword.click(ClickKeyword.groovy:74)
	at com.kms.katalon.core.webui.keyword.builtin.ClickKeyword.execute(ClickKeyword.groovy:40)
	at com.kms.katalon.core.keyword.internal.KeywordExecutor.executeKeywordForPlatform(KeywordExecutor.groovy:74)
	at com.kms.katalon.core.webui.keyword.WebUiBuiltInKeywords.click(WebUiBuiltInKeywords.groovy:659)
	at Script1732083570761.run(Script1732083570761.groovy:24)
	at com.kms.katalon.core.main.ScriptEngine.run(ScriptEngine.java:194)
	at com.kms.katalon.core.main.ScriptEngine.runScriptAsRawText(ScriptEngine.java:119)
	at com.kms.katalon.core.main.TestCaseExecutor.runScript(TestCaseExecutor.java:448)
	at com.kms.katalon.core.main.TestCaseExecutor.doExecute(TestCaseExecutor.java:439)
	at com.kms.katalon.core.main.TestCaseExecutor.processExecutionPhase(TestCaseExecutor.java:418)
	at com.kms.katalon.core.main.TestCaseExecutor.accessMainPhase(TestCaseExecutor.java:410)
	at com.kms.katalon.core.main.TestCaseExecutor.execute(TestCaseExecutor.java:285)
	at com.kms.katalon.core.main.TestCaseMain.runTestCase(TestCaseMain.java:137)
	at com.kms.katalon.core.keyword.builtin.CallTestCaseKeyword$_callTestCase_closure1.doCall(CallTestCaseKeyword.groovy:59)
	at com.kms.katalon.core.keyword.builtin.CallTestCaseKeyword$_callTestCase_closure1.call(CallTestCaseKeyword.groovy)
	at com.kms.katalon.core.keyword.internal.KeywordMain.runKeyword(KeywordMain.groovy:75)
	at com.kms.katalon.core.keyword.builtin.CallTestCaseKeyword.callTestCase(CallTestCaseKeyword.groovy:81)
	at com.kms.katalon.core.keyword.builtin.CallTestCaseKeyword.execute(CallTestCaseKeyword.groovy:44)
	at com.kms.katalon.core.keyword.internal.KeywordExecutor.executeKeywordForPlatform(KeywordExecutor.groovy:74)
	at com.kms.katalon.core.keyword.BuiltinKeywords.callTestCase(BuiltinKeywords.groovy:310)
	at jdk.internal.reflect.GeneratedMethodAccessor25.invoke(Unknown Source)
	at java.base/jdk.internal.reflect.DelegatingMethodAccessorImpl.invoke(DelegatingMethodAccessorImpl.java:43)
	at Script1732341471741.run(Script1732341471741.groovy:22)
	... 15 more
)

27-11-2024T13:36:52 - [MESSAGE][FAILED] - Unable to call Test Case 'Test Cases/1.Inicio/1.1Principal/Selec_sobre' (Root cause: com.kms.katalon.core.exception.StepFailedException: Call Test Case 'Test Cases/1.Inicio/1.1Principal/Selec_sobre' failed
	at com.kms.katalon.core.keyword.builtin.CallTestCaseKeyword$_callTestCase_closure1.doCall(CallTestCaseKeyword.groovy:63)
	at com.kms.katalon.core.keyword.builtin.CallTestCaseKeyword$_callTestCase_closure1.call(CallTestCaseKeyword.groovy)
	at com.kms.katalon.core.keyword.internal.KeywordMain.runKeyword(KeywordMain.groovy:75)
	at com.kms.katalon.core.keyword.builtin.CallTestCaseKeyword.callTestCase(CallTestCaseKeyword.groovy:81)
	at com.kms.katalon.core.keyword.builtin.CallTestCaseKeyword.execute(CallTestCaseKeyword.groovy:44)
	at com.kms.katalon.core.keyword.internal.KeywordExecutor.executeKeywordForPlatform(KeywordExecutor.groovy:74)
	at com.kms.katalon.core.keyword.BuiltinKeywords.callTestCase(BuiltinKeywords.groovy:310)
	at jdk.internal.reflect.GeneratedMethodAccessor25.invoke(Unknown Source)
	at java.base/jdk.internal.reflect.DelegatingMethodAccessorImpl.invoke(DelegatingMethodAccessorImpl.java:43)
	at Destino-D.run(Destino-D:22)
	at com.kms.katalon.core.main.ScriptEngine.run(ScriptEngine.java:194)
	at com.kms.katalon.core.main.ScriptEngine.runScriptAsRawText(ScriptEngine.java:119)
	at com.kms.katalon.core.main.TestCaseExecutor.runScript(TestCaseExecutor.java:448)
	at com.kms.katalon.core.main.TestCaseExecutor.doExecute(TestCaseExecutor.java:439)
	at com.kms.katalon.core.main.TestCaseExecutor.processExecutionPhase(TestCaseExecutor.java:418)
	at com.kms.katalon.core.main.TestCaseExecutor.accessMainPhase(TestCaseExecutor.java:410)
	at com.kms.katalon.core.main.TestCaseExecutor.execute(TestCaseExecutor.java:285)
	at com.kms.katalon.core.common.CommonExecutor.accessTestCaseMainPhase(CommonExecutor.java:65)
	at com.kms.katalon.core.main.TestSuiteExecutor.accessTestSuiteMainPhase(TestSuiteExecutor.java:150)
	at com.kms.katalon.core.main.TestSuiteExecutor.execute(TestSuiteExecutor.java:106)
	at com.kms.katalon.core.main.TestCaseMain.startTestSuite(TestCaseMain.java:180)
	at TempTestSuite1732729948317.run(TempTestSuite1732729948317.groovy:35)
	at java.base/jdk.internal.reflect.NativeMethodAccessorImpl.invoke0(Native Method)
	at java.base/jdk.internal.reflect.NativeMethodAccessorImpl.invoke(NativeMethodAccessorImpl.java:77)
	at java.base/jdk.internal.reflect.DelegatingMethodAccessorImpl.invoke(DelegatingMethodAccessorImpl.java:43)
Caused by: com.kms.katalon.core.exception.StepFailedException: Unable to click on object 'Object Repository/Principal/Page_Olva Courier  Home/button_CONTINUAR (2)'
	at com.kms.katalon.core.webui.keyword.internal.WebUIKeywordMain.stepFailed(WebUIKeywordMain.groovy:117)
	at com.kms.katalon.core.webui.keyword.internal.WebUIKeywordMain.runKeyword(WebUIKeywordMain.groovy:43)
	at com.kms.katalon.core.webui.keyword.builtin.ClickKeyword.click(ClickKeyword.groovy:74)
	at com.kms.katalon.core.webui.keyword.builtin.ClickKeyword.execute(ClickKeyword.groovy:40)
	at com.kms.katalon.core.keyword.internal.KeywordExecutor.executeKeywordForPlatform(KeywordExecutor.groovy:74)
	at com.kms.katalon.core.webui.keyword.WebUiBuiltInKeywords.click(WebUiBuiltInKeywords.groovy:659)
	at Selec_sobre.run(Selec_sobre:24)
	at com.kms.katalon.core.main.ScriptEngine.run(ScriptEngine.java:194)
	at com.kms.katalon.core.main.ScriptEngine.runScriptAsRawText(ScriptEngine.java:119)
	at com.kms.katalon.core.main.TestCaseExecutor.runScript(TestCaseExecutor.java:448)
	at com.kms.katalon.core.main.TestCaseExecutor.doExecute(TestCaseExecutor.java:439)
	at com.kms.katalon.core.main.TestCaseExecutor.processExecutionPhase(TestCaseExecutor.java:418)
	at com.kms.katalon.core.main.TestCaseExecutor.accessMainPhase(TestCaseExecutor.java:410)
	at com.kms.katalon.core.main.TestCaseExecutor.execute(TestCaseExecutor.java:285)
	at com.kms.katalon.core.main.TestCaseMain.runTestCase(TestCaseMain.java:137)
	at com.kms.katalon.core.keyword.builtin.CallTestCaseKeyword$_callTestCase_closure1.doCall(CallTestCaseKeyword.groovy:59)
	... 24 more
Caused by: org.openqa.selenium.ElementClickInterceptedException: Element <button id="btn_aceptar_tipo_envio" class="btn disabled" type="button"> is not clickable at point (675,588) because another element <div class="modal-footer"> obscures it
Build info: version: '3.141.59', revision: 'unknown', time: 'unknown'
System info: host: 'DESKTOP-RGFFP9A', ip: '10.136.10.6', os.name: 'Windows 11', os.arch: 'amd64', os.version: '10.0', java.version: '17.0.7'
Driver info: com.kms.katalon.core.webui.driver.firefox.CGeckoDriver
Capabilities {acceptInsecureCerts: true, browserName: firefox, browserVersion: 133.0, javascriptEnabled: true, moz:accessibilityChecks: false, moz:buildID: 20241121140525, moz:geckodriverVersion: 0.35.0, moz:headless: false, moz:platformVersion: 10.0, moz:processID: 13620, moz:profile: C:\Users\OLVATI\AppData\Loc..., moz:shutdownTimeout: 60000, moz:webdriverClick: true, moz:windowless: false, pageLoadStrategy: normal, platform: WINDOWS, platformName: WINDOWS, proxy: Proxy(direct), setWindowRect: true, strictFileInteractability: false, timeouts: {implicit: 0, pageLoad: 300000, script: 30000}, unhandledPromptBehavior: dismiss and notify, userAgent: Mozilla/5.0 (Windows NT 10....}
Session ID: 7a6fba69-53e0-45f0-8713-d70b3d451275
	at jdk.internal.reflect.GeneratedConstructorAccessor32.newInstance(Unknown Source)
	at java.base/jdk.internal.reflect.DelegatingConstructorAccessorImpl.newInstance(DelegatingConstructorAccessorImpl.java:45)
	at org.openqa.selenium.remote.http.W3CHttpResponseCodec.createException(W3CHttpResponseCodec.java:187)
	at org.openqa.selenium.remote.http.W3CHttpResponseCodec.decode(W3CHttpResponseCodec.java:122)
	at org.openqa.selenium.remote.http.W3CHttpResponseCodec.decode(W3CHttpResponseCodec.java:49)
	at org.openqa.selenium.remote.HttpCommandExecutor.execute(HttpCommandExecutor.java:158)
	at org.openqa.selenium.remote.service.DriverCommandExecutor.execute(DriverCommandExecutor.java:83)
	at org.openqa.selenium.remote.RemoteWebDriver.execute(RemoteWebDriver.java:552)
	at com.kms.katalon.selenium.driver.CFirefoxDriver.execute(CFirefoxDriver.java:28)
	at org.openqa.selenium.remote.RemoteWebElement.execute(RemoteWebElement.java:285)
	at org.openqa.selenium.remote.RemoteWebElement.click(RemoteWebElement.java:84)
	at jdk.internal.reflect.GeneratedMethodAccessor10.invoke(Unknown Source)
	at java.base/jdk.internal.reflect.DelegatingMethodAccessorImpl.invoke(DelegatingMethodAccessorImpl.java:43)
	at org.openqa.selenium.support.events.EventFiringWebDriver$EventFiringWebElement.lambda$new$0(EventFiringWebDriver.java:404)
	at jdk.proxy2/jdk.proxy2.$Proxy21.click(Unknown Source)
	at org.openqa.selenium.support.events.EventFiringWebDriver$EventFiringWebElement.click(EventFiringWebDriver.java:417)
	at org.openqa.selenium.WebElement$click.call(Unknown Source)
	at com.kms.katalon.core.webui.keyword.builtin.ClickKeyword.clickUntilSuccessWithTimeout(ClickKeyword.groovy:81)
	at com.kms.katalon.core.webui.keyword.builtin.ClickKeyword.clickUntilSuccessWithTimeout(ClickKeyword.groovy)
	at jdk.internal.reflect.GeneratedMethodAccessor8.invoke(Unknown Source)
	at java.base/jdk.internal.reflect.DelegatingMethodAccessorImpl.invoke(DelegatingMethodAccessorImpl.java:43)
	at com.kms.katalon.core.webui.keyword.builtin.ClickKeyword$_click_closure1.doCall(ClickKeyword.groovy:67)
	at com.kms.katalon.core.webui.keyword.builtin.ClickKeyword$_click_closure1.call(ClickKeyword.groovy)
	at com.kms.katalon.core.webui.keyword.internal.WebUIKeywordMain.runKeyword(WebUIKeywordMain.groovy:35)
	... 38 more
)]]></system-out>
         <system-err><![CDATA[27-11-2024T13:36:09 - [TEST_CASE][FAILED] - Test Cases/2.Positivos/2.2Sobre/Origen-Lima/3.Destino-D,DO,O/Destino-D: Test Cases/2.Positivos/2.2Sobre/Origen-Lima/3.Destino-D,DO,O/Destino-D FAILED.
Reason:
com.kms.katalon.core.exception.StepFailedException: Call Test Case 'Test Cases/1.Inicio/1.1Principal/Selec_sobre' failed
	at com.kms.katalon.core.keyword.builtin.CallTestCaseKeyword$_callTestCase_closure1.doCall(CallTestCaseKeyword.groovy:63)
	at com.kms.katalon.core.keyword.builtin.CallTestCaseKeyword$_callTestCase_closure1.call(CallTestCaseKeyword.groovy)
	at com.kms.katalon.core.keyword.internal.KeywordMain.runKeyword(KeywordMain.groovy:75)
	at com.kms.katalon.core.keyword.builtin.CallTestCaseKeyword.callTestCase(CallTestCaseKeyword.groovy:81)
	at com.kms.katalon.core.keyword.builtin.CallTestCaseKeyword.execute(CallTestCaseKeyword.groovy:44)
	at com.kms.katalon.core.keyword.internal.KeywordExecutor.executeKeywordForPlatform(KeywordExecutor.groovy:74)
	at com.kms.katalon.core.keyword.BuiltinKeywords.callTestCase(BuiltinKeywords.groovy:310)
	at jdk.internal.reflect.GeneratedMethodAccessor25.invoke(Unknown Source)
	at java.base/jdk.internal.reflect.DelegatingMethodAccessorImpl.invoke(DelegatingMethodAccessorImpl.java:43)
	at Destino-D.run(Destino-D:22)
	at com.kms.katalon.core.main.ScriptEngine.run(ScriptEngine.java:194)
	at com.kms.katalon.core.main.ScriptEngine.runScriptAsRawText(ScriptEngine.java:119)
	at com.kms.katalon.core.main.TestCaseExecutor.runScript(TestCaseExecutor.java:448)
	at com.kms.katalon.core.main.TestCaseExecutor.doExecute(TestCaseExecutor.java:439)
	at com.kms.katalon.core.main.TestCaseExecutor.processExecutionPhase(TestCaseExecutor.java:418)
	at com.kms.katalon.core.main.TestCaseExecutor.accessMainPhase(TestCaseExecutor.java:410)
	at com.kms.katalon.core.main.TestCaseExecutor.execute(TestCaseExecutor.java:285)
	at com.kms.katalon.core.common.CommonExecutor.accessTestCaseMainPhase(CommonExecutor.java:65)
	at com.kms.katalon.core.main.TestSuiteExecutor.accessTestSuiteMainPhase(TestSuiteExecutor.java:150)
	at com.kms.katalon.core.main.TestSuiteExecutor.execute(TestSuiteExecutor.java:106)
	at com.kms.katalon.core.main.TestCaseMain.startTestSuite(TestCaseMain.java:180)
	at TempTestSuite1732729948317.run(TempTestSuite1732729948317.groovy:35)
	at java.base/jdk.internal.reflect.NativeMethodAccessorImpl.invoke0(Native Method)
	at java.base/jdk.internal.reflect.NativeMethodAccessorImpl.invoke(NativeMethodAccessorImpl.java:77)
	at java.base/jdk.internal.reflect.DelegatingMethodAccessorImpl.invoke(DelegatingMethodAccessorImpl.java:43)
Caused by: com.kms.katalon.core.exception.StepFailedException: Unable to click on object 'Object Repository/Principal/Page_Olva Courier  Home/button_CONTINUAR (2)'
	at com.kms.katalon.core.webui.keyword.internal.WebUIKeywordMain.stepFailed(WebUIKeywordMain.groovy:117)
	at com.kms.katalon.core.webui.keyword.internal.WebUIKeywordMain.runKeyword(WebUIKeywordMain.groovy:43)
	at com.kms.katalon.core.webui.keyword.builtin.ClickKeyword.click(ClickKeyword.groovy:74)
	at com.kms.katalon.core.webui.keyword.builtin.ClickKeyword.execute(ClickKeyword.groovy:40)
	at com.kms.katalon.core.keyword.internal.KeywordExecutor.executeKeywordForPlatform(KeywordExecutor.groovy:74)
	at com.kms.katalon.core.webui.keyword.WebUiBuiltInKeywords.click(WebUiBuiltInKeywords.groovy:659)
	at Selec_sobre.run(Selec_sobre:24)
	at com.kms.katalon.core.main.ScriptEngine.run(ScriptEngine.java:194)
	at com.kms.katalon.core.main.ScriptEngine.runScriptAsRawText(ScriptEngine.java:119)
	at com.kms.katalon.core.main.TestCaseExecutor.runScript(TestCaseExecutor.java:448)
	at com.kms.katalon.core.main.TestCaseExecutor.doExecute(TestCaseExecutor.java:439)
	at com.kms.katalon.core.main.TestCaseExecutor.processExecutionPhase(TestCaseExecutor.java:418)
	at com.kms.katalon.core.main.TestCaseExecutor.accessMainPhase(TestCaseExecutor.java:410)
	at com.kms.katalon.core.main.TestCaseExecutor.execute(TestCaseExecutor.java:285)
	at com.kms.katalon.core.main.TestCaseMain.runTestCase(TestCaseMain.java:137)
	at com.kms.katalon.core.keyword.builtin.CallTestCaseKeyword$_callTestCase_closure1.doCall(CallTestCaseKeyword.groovy:59)
	... 24 more
Caused by: org.openqa.selenium.ElementClickInterceptedException: Element <button id="btn_aceptar_tipo_envio" class="btn disabled" type="button"> is not clickable at point (675,588) because another element <div class="modal-footer"> obscures it
Build info: version: '3.141.59', revision: 'unknown', time: 'unknown'
System info: host: 'DESKTOP-RGFFP9A', ip: '10.136.10.6', os.name: 'Windows 11', os.arch: 'amd64', os.version: '10.0', java.version: '17.0.7'
Driver info: com.kms.katalon.core.webui.driver.firefox.CGeckoDriver
Capabilities {acceptInsecureCerts: true, browserName: firefox, browserVersion: 133.0, javascriptEnabled: true, moz:accessibilityChecks: false, moz:buildID: 20241121140525, moz:geckodriverVersion: 0.35.0, moz:headless: false, moz:platformVersion: 10.0, moz:processID: 13620, moz:profile: C:\Users\OLVATI\AppData\Loc..., moz:shutdownTimeout: 60000, moz:webdriverClick: true, moz:windowless: false, pageLoadStrategy: normal, platform: WINDOWS, platformName: WINDOWS, proxy: Proxy(direct), setWindowRect: true, strictFileInteractability: false, timeouts: {implicit: 0, pageLoad: 300000, script: 30000}, unhandledPromptBehavior: dismiss and notify, userAgent: Mozilla/5.0 (Windows NT 10....}
Session ID: 7a6fba69-53e0-45f0-8713-d70b3d451275
	at jdk.internal.reflect.GeneratedConstructorAccessor32.newInstance(Unknown Source)
	at java.base/jdk.internal.reflect.DelegatingConstructorAccessorImpl.newInstance(DelegatingConstructorAccessorImpl.java:45)
	at org.openqa.selenium.remote.http.W3CHttpResponseCodec.createException(W3CHttpResponseCodec.java:187)
	at org.openqa.selenium.remote.http.W3CHttpResponseCodec.decode(W3CHttpResponseCodec.java:122)
	at org.openqa.selenium.remote.http.W3CHttpResponseCodec.decode(W3CHttpResponseCodec.java:49)
	at org.openqa.selenium.remote.HttpCommandExecutor.execute(HttpCommandExecutor.java:158)
	at org.openqa.selenium.remote.service.DriverCommandExecutor.execute(DriverCommandExecutor.java:83)
	at org.openqa.selenium.remote.RemoteWebDriver.execute(RemoteWebDriver.java:552)
	at com.kms.katalon.selenium.driver.CFirefoxDriver.execute(CFirefoxDriver.java:28)
	at org.openqa.selenium.remote.RemoteWebElement.execute(RemoteWebElement.java:285)
	at org.openqa.selenium.remote.RemoteWebElement.click(RemoteWebElement.java:84)
	at jdk.internal.reflect.GeneratedMethodAccessor10.invoke(Unknown Source)
	at java.base/jdk.internal.reflect.DelegatingMethodAccessorImpl.invoke(DelegatingMethodAccessorImpl.java:43)
	at org.openqa.selenium.support.events.EventFiringWebDriver$EventFiringWebElement.lambda$new$0(EventFiringWebDriver.java:404)
	at jdk.proxy2/jdk.proxy2.$Proxy21.click(Unknown Source)
	at org.openqa.selenium.support.events.EventFiringWebDriver$EventFiringWebElement.click(EventFiringWebDriver.java:417)
	at org.openqa.selenium.WebElement$click.call(Unknown Source)
	at com.kms.katalon.core.webui.keyword.builtin.ClickKeyword.clickUntilSuccessWithTimeout(ClickKeyword.groovy:81)
	at com.kms.katalon.core.webui.keyword.builtin.ClickKeyword.clickUntilSuccessWithTimeout(ClickKeyword.groovy)
	at jdk.internal.reflect.GeneratedMethodAccessor8.invoke(Unknown Source)
	at java.base/jdk.internal.reflect.DelegatingMethodAccessorImpl.invoke(DelegatingMethodAccessorImpl.java:43)
	at com.kms.katalon.core.webui.keyword.builtin.ClickKeyword$_click_closure1.doCall(ClickKeyword.groovy:67)
	at com.kms.katalon.core.webui.keyword.builtin.ClickKeyword$_click_closure1.call(ClickKeyword.groovy)
	at com.kms.katalon.core.webui.keyword.internal.WebUIKeywordMain.runKeyword(WebUIKeywordMain.groovy:35)
	... 38 more]]></system-err>
      </testcase>
      <testcase name="Test Cases/2.Positivos/2.2Sobre/Origen-Lima/2.Valorado/Entrega_Tienda/Restricion-tienda" time="41.09" classname="Test Cases/2.Positivos/2.2Sobre/Origen-Lima/2.Valorado/Entrega_Tienda/Restricion-tienda" status="FAILED">
         <failure type="FAILED" message="Test Cases/2.Positivos/2.2Sobre/Origen-Lima/2.Valorado/Entrega_Tienda/Restricion-tienda FAILED.&#xa;Reason:&#xa;com.kms.katalon.core.exception.StepFailedException: Call Test Case 'Test Cases/1.Inicio/1.1Principal/Selec_sobre' failed&#xa;	at com.kms.katalon.core.keyword.builtin.CallTestCaseKeyword$_callTestCase_closure1.doCall(CallTestCaseKeyword.groovy:63)&#xa;	at com.kms.katalon.core.keyword.builtin.CallTestCaseKeyword$_callTestCase_closure1.call(CallTestCaseKeyword.groovy)&#xa;	at com.kms.katalon.core.keyword.internal.KeywordMain.runKeyword(KeywordMain.groovy:75)&#xa;	at com.kms.katalon.core.keyword.builtin.CallTestCaseKeyword.callTestCase(CallTestCaseKeyword.groovy:81)&#xa;	at com.kms.katalon.core.keyword.builtin.CallTestCaseKeyword.execute(CallTestCaseKeyword.groovy:44)&#xa;	at com.kms.katalon.core.keyword.internal.KeywordExecutor.executeKeywordForPlatform(KeywordExecutor.groovy:74)&#xa;	at com.kms.katalon.core.keyword.BuiltinKeywords.callTestCase(BuiltinKeywords.groovy:310)&#xa;	at jdk.internal.reflect.GeneratedMethodAccessor25.invoke(Unknown Source)&#xa;	at java.base/jdk.internal.reflect.DelegatingMethodAccessorImpl.invoke(DelegatingMethodAccessorImpl.java:43)&#xa;	at Restricion-tienda.run(Restricion-tienda:22)&#xa;	at com.kms.katalon.core.main.ScriptEngine.run(ScriptEngine.java:194)&#xa;	at com.kms.katalon.core.main.ScriptEngine.runScriptAsRawText(ScriptEngine.java:119)&#xa;	at com.kms.katalon.core.main.TestCaseExecutor.runScript(TestCaseExecutor.java:448)&#xa;	at com.kms.katalon.core.main.TestCaseExecutor.doExecute(TestCaseExecutor.java:439)&#xa;	at com.kms.katalon.core.main.TestCaseExecutor.processExecutionPhase(TestCaseExecutor.java:418)&#xa;	at com.kms.katalon.core.main.TestCaseExecutor.accessMainPhase(TestCaseExecutor.java:410)&#xa;	at com.kms.katalon.core.main.TestCaseExecutor.execute(TestCaseExecutor.java:285)&#xa;	at com.kms.katalon.core.common.CommonExecutor.accessTestCaseMainPhase(CommonExecutor.java:65)&#xa;	at com.kms.katalon.core.main.TestSuiteExecutor.accessTestSuiteMainPhase(TestSuiteExecutor.java:150)&#xa;	at com.kms.katalon.core.main.TestSuiteExecutor.execute(TestSuiteExecutor.java:106)&#xa;	at com.kms.katalon.core.main.TestCaseMain.startTestSuite(TestCaseMain.java:180)&#xa;	at TempTestSuite1732729948317.run(TempTestSuite1732729948317.groovy:35)&#xa;	at java.base/jdk.internal.reflect.NativeMethodAccessorImpl.invoke0(Native Method)&#xa;	at java.base/jdk.internal.reflect.NativeMethodAccessorImpl.invoke(NativeMethodAccessorImpl.java:77)&#xa;	at java.base/jdk.internal.reflect.DelegatingMethodAccessorImpl.invoke(DelegatingMethodAccessorImpl.java:43)&#xa;Caused by: com.kms.katalon.core.exception.StepFailedException: Unable to click on object 'Object Repository/Principal/Page_Olva Courier  Home/button_CONTINUAR (2)'&#xa;	at com.kms.katalon.core.webui.keyword.internal.WebUIKeywordMain.stepFailed(WebUIKeywordMain.groovy:117)&#xa;	at com.kms.katalon.core.webui.keyword.internal.WebUIKeywordMain.runKeyword(WebUIKeywordMain.groovy:43)&#xa;	at com.kms.katalon.core.webui.keyword.builtin.ClickKeyword.click(ClickKeyword.groovy:74)&#xa;	at com.kms.katalon.core.webui.keyword.builtin.ClickKeyword.execute(ClickKeyword.groovy:40)&#xa;	at com.kms.katalon.core.keyword.internal.KeywordExecutor.executeKeywordForPlatform(KeywordExecutor.groovy:74)&#xa;	at com.kms.katalon.core.webui.keyword.WebUiBuiltInKeywords.click(WebUiBuiltInKeywords.groovy:659)&#xa;	at Selec_sobre.run(Selec_sobre:24)&#xa;	at com.kms.katalon.core.main.ScriptEngine.run(ScriptEngine.java:194)&#xa;	at com.kms.katalon.core.main.ScriptEngine.runScriptAsRawText(ScriptEngine.java:119)&#xa;	at com.kms.katalon.core.main.TestCaseExecutor.runScript(TestCaseExecutor.java:448)&#xa;	at com.kms.katalon.core.main.TestCaseExecutor.doExecute(TestCaseExecutor.java:439)&#xa;	at com.kms.katalon.core.main.TestCaseExecutor.processExecutionPhase(TestCaseExecutor.java:418)&#xa;	at com.kms.katalon.core.main.TestCaseExecutor.accessMainPhase(TestCaseExecutor.java:410)&#xa;	at com.kms.katalon.core.main.TestCaseExecutor.execute(TestCaseExecutor.java:285)&#xa;	at com.kms.katalon.core.main.TestCaseMain.runTestCase(TestCaseMain.java:137)&#xa;	at com.kms.katalon.core.keyword.builtin.CallTestCaseKeyword$_callTestCase_closure1.doCall(CallTestCaseKeyword.groovy:59)&#xa;	... 24 more&#xa;Caused by: org.openqa.selenium.ElementClickInterceptedException: Element &lt;button id=&quot;btn_aceptar_tipo_envio&quot; class=&quot;btn disabled&quot; type=&quot;button&quot;> is not clickable at point (675,588) because another element &lt;div class=&quot;modal-footer&quot;> obscures it&#xa;Build info: version: '3.141.59', revision: 'unknown', time: 'unknown'&#xa;System info: host: 'DESKTOP-RGFFP9A', ip: '10.136.10.6', os.name: 'Windows 11', os.arch: 'amd64', os.version: '10.0', java.version: '17.0.7'&#xa;Driver info: com.kms.katalon.core.webui.driver.firefox.CGeckoDriver&#xa;Capabilities {acceptInsecureCerts: true, browserName: firefox, browserVersion: 133.0, javascriptEnabled: true, moz:accessibilityChecks: false, moz:buildID: 20241121140525, moz:geckodriverVersion: 0.35.0, moz:headless: false, moz:platformVersion: 10.0, moz:processID: 18516, moz:profile: C:\Users\OLVATI\AppData\Loc..., moz:shutdownTimeout: 60000, moz:webdriverClick: true, moz:windowless: false, pageLoadStrategy: normal, platform: WINDOWS, platformName: WINDOWS, proxy: Proxy(direct), setWindowRect: true, strictFileInteractability: false, timeouts: {implicit: 0, pageLoad: 300000, script: 30000}, unhandledPromptBehavior: dismiss and notify, userAgent: Mozilla/5.0 (Windows NT 10....}&#xa;Session ID: 4dde62b9-2683-4028-b5b4-fac044dcd81e&#xa;	at jdk.internal.reflect.GeneratedConstructorAccessor32.newInstance(Unknown Source)&#xa;	at java.base/jdk.internal.reflect.DelegatingConstructorAccessorImpl.newInstance(DelegatingConstructorAccessorImpl.java:45)&#xa;	at org.openqa.selenium.remote.http.W3CHttpResponseCodec.createException(W3CHttpResponseCodec.java:187)&#xa;	at org.openqa.selenium.remote.http.W3CHttpResponseCodec.decode(W3CHttpResponseCodec.java:122)&#xa;	at org.openqa.selenium.remote.http.W3CHttpResponseCodec.decode(W3CHttpResponseCodec.java:49)&#xa;	at org.openqa.selenium.remote.HttpCommandExecutor.execute(HttpCommandExecutor.java:158)&#xa;	at org.openqa.selenium.remote.service.DriverCommandExecutor.execute(DriverCommandExecutor.java:83)&#xa;	at org.openqa.selenium.remote.RemoteWebDriver.execute(RemoteWebDriver.java:552)&#xa;	at com.kms.katalon.selenium.driver.CFirefoxDriver.execute(CFirefoxDriver.java:28)&#xa;	at org.openqa.selenium.remote.RemoteWebElement.execute(RemoteWebElement.java:285)&#xa;	at org.openqa.selenium.remote.RemoteWebElement.click(RemoteWebElement.java:84)&#xa;	at jdk.internal.reflect.GeneratedMethodAccessor10.invoke(Unknown Source)&#xa;	at java.base/jdk.internal.reflect.DelegatingMethodAccessorImpl.invoke(DelegatingMethodAccessorImpl.java:43)&#xa;	at org.openqa.selenium.support.events.EventFiringWebDriver$EventFiringWebElement.lambda$new$0(EventFiringWebDriver.java:404)&#xa;	at jdk.proxy2/jdk.proxy2.$Proxy21.click(Unknown Source)&#xa;	at org.openqa.selenium.support.events.EventFiringWebDriver$EventFiringWebElement.click(EventFiringWebDriver.java:417)&#xa;	at org.openqa.selenium.WebElement$click.call(Unknown Source)&#xa;	at com.kms.katalon.core.webui.keyword.builtin.ClickKeyword.clickUntilSuccessWithTimeout(ClickKeyword.groovy:81)&#xa;	at com.kms.katalon.core.webui.keyword.builtin.ClickKeyword.clickUntilSuccessWithTimeout(ClickKeyword.groovy)&#xa;	at jdk.internal.reflect.GeneratedMethodAccessor8.invoke(Unknown Source)&#xa;	at java.base/jdk.internal.reflect.DelegatingMethodAccessorImpl.invoke(DelegatingMethodAccessorImpl.java:43)&#xa;	at com.kms.katalon.core.webui.keyword.builtin.ClickKeyword$_click_closure1.doCall(ClickKeyword.groovy:67)&#xa;	at com.kms.katalon.core.webui.keyword.builtin.ClickKeyword$_click_closure1.call(ClickKeyword.groovy)&#xa;	at com.kms.katalon.core.webui.keyword.internal.WebUIKeywordMain.runKeyword(WebUIKeywordMain.groovy:35)&#xa;	... 38 more&#xa;"/>
         <system-out><![CDATA[27-11-2024T13:36:52 - [TEST_CASE][FAILED] - Test Cases/2.Positivos/2.2Sobre/Origen-Lima/2.Valorado/Entrega_Tienda/Restricion-tienda: Test Cases/2.Positivos/2.2Sobre/Origen-Lima/2.Valorado/Entrega_Tienda/Restricion-tienda FAILED.
Reason:
com.kms.katalon.core.exception.StepFailedException: Call Test Case 'Test Cases/1.Inicio/1.1Principal/Selec_sobre' failed
	at com.kms.katalon.core.keyword.builtin.CallTestCaseKeyword$_callTestCase_closure1.doCall(CallTestCaseKeyword.groovy:63)
	at com.kms.katalon.core.keyword.builtin.CallTestCaseKeyword$_callTestCase_closure1.call(CallTestCaseKeyword.groovy)
	at com.kms.katalon.core.keyword.internal.KeywordMain.runKeyword(KeywordMain.groovy:75)
	at com.kms.katalon.core.keyword.builtin.CallTestCaseKeyword.callTestCase(CallTestCaseKeyword.groovy:81)
	at com.kms.katalon.core.keyword.builtin.CallTestCaseKeyword.execute(CallTestCaseKeyword.groovy:44)
	at com.kms.katalon.core.keyword.internal.KeywordExecutor.executeKeywordForPlatform(KeywordExecutor.groovy:74)
	at com.kms.katalon.core.keyword.BuiltinKeywords.callTestCase(BuiltinKeywords.groovy:310)
	at jdk.internal.reflect.GeneratedMethodAccessor25.invoke(Unknown Source)
	at java.base/jdk.internal.reflect.DelegatingMethodAccessorImpl.invoke(DelegatingMethodAccessorImpl.java:43)
	at Restricion-tienda.run(Restricion-tienda:22)
	at com.kms.katalon.core.main.ScriptEngine.run(ScriptEngine.java:194)
	at com.kms.katalon.core.main.ScriptEngine.runScriptAsRawText(ScriptEngine.java:119)
	at com.kms.katalon.core.main.TestCaseExecutor.runScript(TestCaseExecutor.java:448)
	at com.kms.katalon.core.main.TestCaseExecutor.doExecute(TestCaseExecutor.java:439)
	at com.kms.katalon.core.main.TestCaseExecutor.processExecutionPhase(TestCaseExecutor.java:418)
	at com.kms.katalon.core.main.TestCaseExecutor.accessMainPhase(TestCaseExecutor.java:410)
	at com.kms.katalon.core.main.TestCaseExecutor.execute(TestCaseExecutor.java:285)
	at com.kms.katalon.core.common.CommonExecutor.accessTestCaseMainPhase(CommonExecutor.java:65)
	at com.kms.katalon.core.main.TestSuiteExecutor.accessTestSuiteMainPhase(TestSuiteExecutor.java:150)
	at com.kms.katalon.core.main.TestSuiteExecutor.execute(TestSuiteExecutor.java:106)
	at com.kms.katalon.core.main.TestCaseMain.startTestSuite(TestCaseMain.java:180)
	at TempTestSuite1732729948317.run(TempTestSuite1732729948317.groovy:35)
	at java.base/jdk.internal.reflect.NativeMethodAccessorImpl.invoke0(Native Method)
	at java.base/jdk.internal.reflect.NativeMethodAccessorImpl.invoke(NativeMethodAccessorImpl.java:77)
	at java.base/jdk.internal.reflect.DelegatingMethodAccessorImpl.invoke(DelegatingMethodAccessorImpl.java:43)
Caused by: com.kms.katalon.core.exception.StepFailedException: Unable to click on object 'Object Repository/Principal/Page_Olva Courier  Home/button_CONTINUAR (2)'
	at com.kms.katalon.core.webui.keyword.internal.WebUIKeywordMain.stepFailed(WebUIKeywordMain.groovy:117)
	at com.kms.katalon.core.webui.keyword.internal.WebUIKeywordMain.runKeyword(WebUIKeywordMain.groovy:43)
	at com.kms.katalon.core.webui.keyword.builtin.ClickKeyword.click(ClickKeyword.groovy:74)
	at com.kms.katalon.core.webui.keyword.builtin.ClickKeyword.execute(ClickKeyword.groovy:40)
	at com.kms.katalon.core.keyword.internal.KeywordExecutor.executeKeywordForPlatform(KeywordExecutor.groovy:74)
	at com.kms.katalon.core.webui.keyword.WebUiBuiltInKeywords.click(WebUiBuiltInKeywords.groovy:659)
	at Selec_sobre.run(Selec_sobre:24)
	at com.kms.katalon.core.main.ScriptEngine.run(ScriptEngine.java:194)
	at com.kms.katalon.core.main.ScriptEngine.runScriptAsRawText(ScriptEngine.java:119)
	at com.kms.katalon.core.main.TestCaseExecutor.runScript(TestCaseExecutor.java:448)
	at com.kms.katalon.core.main.TestCaseExecutor.doExecute(TestCaseExecutor.java:439)
	at com.kms.katalon.core.main.TestCaseExecutor.processExecutionPhase(TestCaseExecutor.java:418)
	at com.kms.katalon.core.main.TestCaseExecutor.accessMainPhase(TestCaseExecutor.java:410)
	at com.kms.katalon.core.main.TestCaseExecutor.execute(TestCaseExecutor.java:285)
	at com.kms.katalon.core.main.TestCaseMain.runTestCase(TestCaseMain.java:137)
	at com.kms.katalon.core.keyword.builtin.CallTestCaseKeyword$_callTestCase_closure1.doCall(CallTestCaseKeyword.groovy:59)
	... 24 more
Caused by: org.openqa.selenium.ElementClickInterceptedException: Element <button id="btn_aceptar_tipo_envio" class="btn disabled" type="button"> is not clickable at point (675,588) because another element <div class="modal-footer"> obscures it
Build info: version: '3.141.59', revision: 'unknown', time: 'unknown'
System info: host: 'DESKTOP-RGFFP9A', ip: '10.136.10.6', os.name: 'Windows 11', os.arch: 'amd64', os.version: '10.0', java.version: '17.0.7'
Driver info: com.kms.katalon.core.webui.driver.firefox.CGeckoDriver
Capabilities {acceptInsecureCerts: true, browserName: firefox, browserVersion: 133.0, javascriptEnabled: true, moz:accessibilityChecks: false, moz:buildID: 20241121140525, moz:geckodriverVersion: 0.35.0, moz:headless: false, moz:platformVersion: 10.0, moz:processID: 18516, moz:profile: C:\Users\OLVATI\AppData\Loc..., moz:shutdownTimeout: 60000, moz:webdriverClick: true, moz:windowless: false, pageLoadStrategy: normal, platform: WINDOWS, platformName: WINDOWS, proxy: Proxy(direct), setWindowRect: true, strictFileInteractability: false, timeouts: {implicit: 0, pageLoad: 300000, script: 30000}, unhandledPromptBehavior: dismiss and notify, userAgent: Mozilla/5.0 (Windows NT 10....}
Session ID: 4dde62b9-2683-4028-b5b4-fac044dcd81e
	at jdk.internal.reflect.GeneratedConstructorAccessor32.newInstance(Unknown Source)
	at java.base/jdk.internal.reflect.DelegatingConstructorAccessorImpl.newInstance(DelegatingConstructorAccessorImpl.java:45)
	at org.openqa.selenium.remote.http.W3CHttpResponseCodec.createException(W3CHttpResponseCodec.java:187)
	at org.openqa.selenium.remote.http.W3CHttpResponseCodec.decode(W3CHttpResponseCodec.java:122)
	at org.openqa.selenium.remote.http.W3CHttpResponseCodec.decode(W3CHttpResponseCodec.java:49)
	at org.openqa.selenium.remote.HttpCommandExecutor.execute(HttpCommandExecutor.java:158)
	at org.openqa.selenium.remote.service.DriverCommandExecutor.execute(DriverCommandExecutor.java:83)
	at org.openqa.selenium.remote.RemoteWebDriver.execute(RemoteWebDriver.java:552)
	at com.kms.katalon.selenium.driver.CFirefoxDriver.execute(CFirefoxDriver.java:28)
	at org.openqa.selenium.remote.RemoteWebElement.execute(RemoteWebElement.java:285)
	at org.openqa.selenium.remote.RemoteWebElement.click(RemoteWebElement.java:84)
	at jdk.internal.reflect.GeneratedMethodAccessor10.invoke(Unknown Source)
	at java.base/jdk.internal.reflect.DelegatingMethodAccessorImpl.invoke(DelegatingMethodAccessorImpl.java:43)
	at org.openqa.selenium.support.events.EventFiringWebDriver$EventFiringWebElement.lambda$new$0(EventFiringWebDriver.java:404)
	at jdk.proxy2/jdk.proxy2.$Proxy21.click(Unknown Source)
	at org.openqa.selenium.support.events.EventFiringWebDriver$EventFiringWebElement.click(EventFiringWebDriver.java:417)
	at org.openqa.selenium.WebElement$click.call(Unknown Source)
	at com.kms.katalon.core.webui.keyword.builtin.ClickKeyword.clickUntilSuccessWithTimeout(ClickKeyword.groovy:81)
	at com.kms.katalon.core.webui.keyword.builtin.ClickKeyword.clickUntilSuccessWithTimeout(ClickKeyword.groovy)
	at jdk.internal.reflect.GeneratedMethodAccessor8.invoke(Unknown Source)
	at java.base/jdk.internal.reflect.DelegatingMethodAccessorImpl.invoke(DelegatingMethodAccessorImpl.java:43)
	at com.kms.katalon.core.webui.keyword.builtin.ClickKeyword$_click_closure1.doCall(ClickKeyword.groovy:67)
	at com.kms.katalon.core.webui.keyword.builtin.ClickKeyword$_click_closure1.call(ClickKeyword.groovy)
	at com.kms.katalon.core.webui.keyword.internal.WebUIKeywordMain.runKeyword(WebUIKeywordMain.groovy:35)
	... 38 more


27-11-2024T13:36:52 - [TEST_STEP][PASSED] - callTestCase(findTestCase("1.Inicio/1.1Principal/Principal-home"), [:], STOP_ON_FAILURE): Call Test Case 'Test Cases/1.Inicio/1.1Principal/Principal-home' successfully

27-11-2024T13:36:52 - [TEST_CASE][PASSED] - Test Cases/1.Inicio/1.1Principal/Principal-home: Test Cases/1.Inicio/1.1Principal/Principal-home

27-11-2024T13:36:52 - [TEST_STEP][PASSED] - openBrowser(""): Browser is opened with url: ''

27-11-2024T13:36:52 - [MESSAGE][WARNING] - A browser is already opened. Closing browser and opening a new one

27-11-2024T13:36:53 - [MESSAGE][INFO] - Starting 'Firefox' driver

27-11-2024T13:36:53 - [MESSAGE][INFO] - Action delay is set to 0 milliseconds

27-11-2024T13:37:00 - [MESSAGE][PASSED] - Browser is opened with url: ''

27-11-2024T13:37:00 - [TEST_STEP][PASSED] - navigateToUrl("https://dev01-registrodeenvios.olvacourier.com/principal"): Navigate to 'https://dev01-registrodeenvios.olvacourier.com/principal' successfully

27-11-2024T13:37:01 - [MESSAGE][PASSED] - Navigate to 'https://dev01-registrodeenvios.olvacourier.com/principal' successfully

27-11-2024T13:37:01 - [TEST_STEP][PASSED] - maximizeWindow(): Current window maximized

27-11-2024T13:37:01 - [MESSAGE][PASSED] - Current window maximized

27-11-2024T13:37:01 - [MESSAGE][PASSED] - Call Test Case 'Test Cases/1.Inicio/1.1Principal/Principal-home' successfully

27-11-2024T13:37:01 - [TEST_STEP][FAILED] - callTestCase(findTestCase("1.Inicio/1.1Principal/Selec_sobre"), [:], STOP_ON_FAILURE): Unable to call Test Case 'Test Cases/1.Inicio/1.1Principal/Selec_sobre' (Root cause: com.kms.katalon.core.exception.StepFailedException: Call Test Case 'Test Cases/1.Inicio/1.1Principal/Selec_sobre' failed
	at com.kms.katalon.core.keyword.builtin.CallTestCaseKeyword$_callTestCase_closure1.doCall(CallTestCaseKeyword.groovy:63)
	at com.kms.katalon.core.keyword.builtin.CallTestCaseKeyword$_callTestCase_closure1.call(CallTestCaseKeyword.groovy)
	at com.kms.katalon.core.keyword.internal.KeywordMain.runKeyword(KeywordMain.groovy:75)
	at com.kms.katalon.core.keyword.builtin.CallTestCaseKeyword.callTestCase(CallTestCaseKeyword.groovy:81)
	at com.kms.katalon.core.keyword.builtin.CallTestCaseKeyword.execute(CallTestCaseKeyword.groovy:44)
	at com.kms.katalon.core.keyword.internal.KeywordExecutor.executeKeywordForPlatform(KeywordExecutor.groovy:74)
	at com.kms.katalon.core.keyword.BuiltinKeywords.callTestCase(BuiltinKeywords.groovy:310)
	at jdk.internal.reflect.GeneratedMethodAccessor25.invoke(Unknown Source)
	at java.base/jdk.internal.reflect.DelegatingMethodAccessorImpl.invoke(DelegatingMethodAccessorImpl.java:43)
	at Restricion-tienda.run(Restricion-tienda:22)
	at com.kms.katalon.core.main.ScriptEngine.run(ScriptEngine.java:194)
	at com.kms.katalon.core.main.ScriptEngine.runScriptAsRawText(ScriptEngine.java:119)
	at com.kms.katalon.core.main.TestCaseExecutor.runScript(TestCaseExecutor.java:448)
	at com.kms.katalon.core.main.TestCaseExecutor.doExecute(TestCaseExecutor.java:439)
	at com.kms.katalon.core.main.TestCaseExecutor.processExecutionPhase(TestCaseExecutor.java:418)
	at com.kms.katalon.core.main.TestCaseExecutor.accessMainPhase(TestCaseExecutor.java:410)
	at com.kms.katalon.core.main.TestCaseExecutor.execute(TestCaseExecutor.java:285)
	at com.kms.katalon.core.common.CommonExecutor.accessTestCaseMainPhase(CommonExecutor.java:65)
	at com.kms.katalon.core.main.TestSuiteExecutor.accessTestSuiteMainPhase(TestSuiteExecutor.java:150)
	at com.kms.katalon.core.main.TestSuiteExecutor.execute(TestSuiteExecutor.java:106)
	at com.kms.katalon.core.main.TestCaseMain.startTestSuite(TestCaseMain.java:180)
	at TempTestSuite1732729948317.run(TempTestSuite1732729948317.groovy:35)
	at java.base/jdk.internal.reflect.NativeMethodAccessorImpl.invoke0(Native Method)
	at java.base/jdk.internal.reflect.NativeMethodAccessorImpl.invoke(NativeMethodAccessorImpl.java:77)
	at java.base/jdk.internal.reflect.DelegatingMethodAccessorImpl.invoke(DelegatingMethodAccessorImpl.java:43)
Caused by: com.kms.katalon.core.exception.StepFailedException: Unable to click on object 'Object Repository/Principal/Page_Olva Courier  Home/button_CONTINUAR (2)'
	at com.kms.katalon.core.webui.keyword.internal.WebUIKeywordMain.stepFailed(WebUIKeywordMain.groovy:117)
	at com.kms.katalon.core.webui.keyword.internal.WebUIKeywordMain.runKeyword(WebUIKeywordMain.groovy:43)
	at com.kms.katalon.core.webui.keyword.builtin.ClickKeyword.click(ClickKeyword.groovy:74)
	at com.kms.katalon.core.webui.keyword.builtin.ClickKeyword.execute(ClickKeyword.groovy:40)
	at com.kms.katalon.core.keyword.internal.KeywordExecutor.executeKeywordForPlatform(KeywordExecutor.groovy:74)
	at com.kms.katalon.core.webui.keyword.WebUiBuiltInKeywords.click(WebUiBuiltInKeywords.groovy:659)
	at Selec_sobre.run(Selec_sobre:24)
	at com.kms.katalon.core.main.ScriptEngine.run(ScriptEngine.java:194)
	at com.kms.katalon.core.main.ScriptEngine.runScriptAsRawText(ScriptEngine.java:119)
	at com.kms.katalon.core.main.TestCaseExecutor.runScript(TestCaseExecutor.java:448)
	at com.kms.katalon.core.main.TestCaseExecutor.doExecute(TestCaseExecutor.java:439)
	at com.kms.katalon.core.main.TestCaseExecutor.processExecutionPhase(TestCaseExecutor.java:418)
	at com.kms.katalon.core.main.TestCaseExecutor.accessMainPhase(TestCaseExecutor.java:410)
	at com.kms.katalon.core.main.TestCaseExecutor.execute(TestCaseExecutor.java:285)
	at com.kms.katalon.core.main.TestCaseMain.runTestCase(TestCaseMain.java:137)
	at com.kms.katalon.core.keyword.builtin.CallTestCaseKeyword$_callTestCase_closure1.doCall(CallTestCaseKeyword.groovy:59)
	... 24 more
Caused by: org.openqa.selenium.ElementClickInterceptedException: Element <button id="btn_aceptar_tipo_envio" class="btn disabled" type="button"> is not clickable at point (675,588) because another element <div class="modal-footer"> obscures it
Build info: version: '3.141.59', revision: 'unknown', time: 'unknown'
System info: host: 'DESKTOP-RGFFP9A', ip: '10.136.10.6', os.name: 'Windows 11', os.arch: 'amd64', os.version: '10.0', java.version: '17.0.7'
Driver info: com.kms.katalon.core.webui.driver.firefox.CGeckoDriver
Capabilities {acceptInsecureCerts: true, browserName: firefox, browserVersion: 133.0, javascriptEnabled: true, moz:accessibilityChecks: false, moz:buildID: 20241121140525, moz:geckodriverVersion: 0.35.0, moz:headless: false, moz:platformVersion: 10.0, moz:processID: 18516, moz:profile: C:\Users\OLVATI\AppData\Loc..., moz:shutdownTimeout: 60000, moz:webdriverClick: true, moz:windowless: false, pageLoadStrategy: normal, platform: WINDOWS, platformName: WINDOWS, proxy: Proxy(direct), setWindowRect: true, strictFileInteractability: false, timeouts: {implicit: 0, pageLoad: 300000, script: 30000}, unhandledPromptBehavior: dismiss and notify, userAgent: Mozilla/5.0 (Windows NT 10....}
Session ID: 4dde62b9-2683-4028-b5b4-fac044dcd81e
	at jdk.internal.reflect.GeneratedConstructorAccessor32.newInstance(Unknown Source)
	at java.base/jdk.internal.reflect.DelegatingConstructorAccessorImpl.newInstance(DelegatingConstructorAccessorImpl.java:45)
	at org.openqa.selenium.remote.http.W3CHttpResponseCodec.createException(W3CHttpResponseCodec.java:187)
	at org.openqa.selenium.remote.http.W3CHttpResponseCodec.decode(W3CHttpResponseCodec.java:122)
	at org.openqa.selenium.remote.http.W3CHttpResponseCodec.decode(W3CHttpResponseCodec.java:49)
	at org.openqa.selenium.remote.HttpCommandExecutor.execute(HttpCommandExecutor.java:158)
	at org.openqa.selenium.remote.service.DriverCommandExecutor.execute(DriverCommandExecutor.java:83)
	at org.openqa.selenium.remote.RemoteWebDriver.execute(RemoteWebDriver.java:552)
	at com.kms.katalon.selenium.driver.CFirefoxDriver.execute(CFirefoxDriver.java:28)
	at org.openqa.selenium.remote.RemoteWebElement.execute(RemoteWebElement.java:285)
	at org.openqa.selenium.remote.RemoteWebElement.click(RemoteWebElement.java:84)
	at jdk.internal.reflect.GeneratedMethodAccessor10.invoke(Unknown Source)
	at java.base/jdk.internal.reflect.DelegatingMethodAccessorImpl.invoke(DelegatingMethodAccessorImpl.java:43)
	at org.openqa.selenium.support.events.EventFiringWebDriver$EventFiringWebElement.lambda$new$0(EventFiringWebDriver.java:404)
	at jdk.proxy2/jdk.proxy2.$Proxy21.click(Unknown Source)
	at org.openqa.selenium.support.events.EventFiringWebDriver$EventFiringWebElement.click(EventFiringWebDriver.java:417)
	at org.openqa.selenium.WebElement$click.call(Unknown Source)
	at com.kms.katalon.core.webui.keyword.builtin.ClickKeyword.clickUntilSuccessWithTimeout(ClickKeyword.groovy:81)
	at com.kms.katalon.core.webui.keyword.builtin.ClickKeyword.clickUntilSuccessWithTimeout(ClickKeyword.groovy)
	at jdk.internal.reflect.GeneratedMethodAccessor8.invoke(Unknown Source)
	at java.base/jdk.internal.reflect.DelegatingMethodAccessorImpl.invoke(DelegatingMethodAccessorImpl.java:43)
	at com.kms.katalon.core.webui.keyword.builtin.ClickKeyword$_click_closure1.doCall(ClickKeyword.groovy:67)
	at com.kms.katalon.core.webui.keyword.builtin.ClickKeyword$_click_closure1.call(ClickKeyword.groovy)
	at com.kms.katalon.core.webui.keyword.internal.WebUIKeywordMain.runKeyword(WebUIKeywordMain.groovy:35)
	... 38 more
)

27-11-2024T13:37:01 - [TEST_CASE][FAILED] - Test Cases/1.Inicio/1.1Principal/Selec_sobre: Test Cases/1.Inicio/1.1Principal/Selec_sobre FAILED.
Reason:
com.kms.katalon.core.exception.StepFailedException: Unable to click on object 'Object Repository/Principal/Page_Olva Courier  Home/button_CONTINUAR (2)'
	at com.kms.katalon.core.webui.keyword.internal.WebUIKeywordMain.stepFailed(WebUIKeywordMain.groovy:117)
	at com.kms.katalon.core.webui.keyword.internal.WebUIKeywordMain.runKeyword(WebUIKeywordMain.groovy:43)
	at com.kms.katalon.core.webui.keyword.builtin.ClickKeyword.click(ClickKeyword.groovy:74)
	at com.kms.katalon.core.webui.keyword.builtin.ClickKeyword.execute(ClickKeyword.groovy:40)
	at com.kms.katalon.core.keyword.internal.KeywordExecutor.executeKeywordForPlatform(KeywordExecutor.groovy:74)
	at com.kms.katalon.core.webui.keyword.WebUiBuiltInKeywords.click(WebUiBuiltInKeywords.groovy:659)
	at Selec_sobre.run(Selec_sobre:24)
	at com.kms.katalon.core.main.ScriptEngine.run(ScriptEngine.java:194)
	at com.kms.katalon.core.main.ScriptEngine.runScriptAsRawText(ScriptEngine.java:119)
	at com.kms.katalon.core.main.TestCaseExecutor.runScript(TestCaseExecutor.java:448)
	at com.kms.katalon.core.main.TestCaseExecutor.doExecute(TestCaseExecutor.java:439)
	at com.kms.katalon.core.main.TestCaseExecutor.processExecutionPhase(TestCaseExecutor.java:418)
	at com.kms.katalon.core.main.TestCaseExecutor.accessMainPhase(TestCaseExecutor.java:410)
	at com.kms.katalon.core.main.TestCaseExecutor.execute(TestCaseExecutor.java:285)
	at com.kms.katalon.core.main.TestCaseMain.runTestCase(TestCaseMain.java:137)
	at com.kms.katalon.core.keyword.builtin.CallTestCaseKeyword$_callTestCase_closure1.doCall(CallTestCaseKeyword.groovy:59)
	at com.kms.katalon.core.keyword.builtin.CallTestCaseKeyword$_callTestCase_closure1.call(CallTestCaseKeyword.groovy)
	at com.kms.katalon.core.keyword.internal.KeywordMain.runKeyword(KeywordMain.groovy:75)
	at com.kms.katalon.core.keyword.builtin.CallTestCaseKeyword.callTestCase(CallTestCaseKeyword.groovy:81)
	at com.kms.katalon.core.keyword.builtin.CallTestCaseKeyword.execute(CallTestCaseKeyword.groovy:44)
	at com.kms.katalon.core.keyword.internal.KeywordExecutor.executeKeywordForPlatform(KeywordExecutor.groovy:74)
	at com.kms.katalon.core.keyword.BuiltinKeywords.callTestCase(BuiltinKeywords.groovy:310)
	at jdk.internal.reflect.GeneratedMethodAccessor25.invoke(Unknown Source)
	at java.base/jdk.internal.reflect.DelegatingMethodAccessorImpl.invoke(DelegatingMethodAccessorImpl.java:43)
	at Restricion-tienda.run(Restricion-tienda:22)
	at com.kms.katalon.core.main.ScriptEngine.run(ScriptEngine.java:194)
	at com.kms.katalon.core.main.ScriptEngine.runScriptAsRawText(ScriptEngine.java:119)
	at com.kms.katalon.core.main.TestCaseExecutor.runScript(TestCaseExecutor.java:448)
	at com.kms.katalon.core.main.TestCaseExecutor.doExecute(TestCaseExecutor.java:439)
	at com.kms.katalon.core.main.TestCaseExecutor.processExecutionPhase(TestCaseExecutor.java:418)
	at com.kms.katalon.core.main.TestCaseExecutor.accessMainPhase(TestCaseExecutor.java:410)
	at com.kms.katalon.core.main.TestCaseExecutor.execute(TestCaseExecutor.java:285)
	at com.kms.katalon.core.common.CommonExecutor.accessTestCaseMainPhase(CommonExecutor.java:65)
	at com.kms.katalon.core.main.TestSuiteExecutor.accessTestSuiteMainPhase(TestSuiteExecutor.java:150)
	at com.kms.katalon.core.main.TestSuiteExecutor.execute(TestSuiteExecutor.java:106)
	at com.kms.katalon.core.main.TestCaseMain.startTestSuite(TestCaseMain.java:180)
	at TempTestSuite1732729948317.run(TempTestSuite1732729948317.groovy:35)
	at java.base/jdk.internal.reflect.NativeMethodAccessorImpl.invoke0(Native Method)
	at java.base/jdk.internal.reflect.NativeMethodAccessorImpl.invoke(NativeMethodAccessorImpl.java:77)
	at java.base/jdk.internal.reflect.DelegatingMethodAccessorImpl.invoke(DelegatingMethodAccessorImpl.java:43)
Caused by: org.openqa.selenium.ElementClickInterceptedException: Element <button id="btn_aceptar_tipo_envio" class="btn disabled" type="button"> is not clickable at point (675,588) because another element <div class="modal-footer"> obscures it
Build info: version: '3.141.59', revision: 'unknown', time: 'unknown'
System info: host: 'DESKTOP-RGFFP9A', ip: '10.136.10.6', os.name: 'Windows 11', os.arch: 'amd64', os.version: '10.0', java.version: '17.0.7'
Driver info: com.kms.katalon.core.webui.driver.firefox.CGeckoDriver
Capabilities {acceptInsecureCerts: true, browserName: firefox, browserVersion: 133.0, javascriptEnabled: true, moz:accessibilityChecks: false, moz:buildID: 20241121140525, moz:geckodriverVersion: 0.35.0, moz:headless: false, moz:platformVersion: 10.0, moz:processID: 18516, moz:profile: C:\Users\OLVATI\AppData\Loc..., moz:shutdownTimeout: 60000, moz:webdriverClick: true, moz:windowless: false, pageLoadStrategy: normal, platform: WINDOWS, platformName: WINDOWS, proxy: Proxy(direct), setWindowRect: true, strictFileInteractability: false, timeouts: {implicit: 0, pageLoad: 300000, script: 30000}, unhandledPromptBehavior: dismiss and notify, userAgent: Mozilla/5.0 (Windows NT 10....}
Session ID: 4dde62b9-2683-4028-b5b4-fac044dcd81e
	at jdk.internal.reflect.GeneratedConstructorAccessor32.newInstance(Unknown Source)
	at java.base/jdk.internal.reflect.DelegatingConstructorAccessorImpl.newInstance(DelegatingConstructorAccessorImpl.java:45)
	at org.openqa.selenium.remote.http.W3CHttpResponseCodec.createException(W3CHttpResponseCodec.java:187)
	at org.openqa.selenium.remote.http.W3CHttpResponseCodec.decode(W3CHttpResponseCodec.java:122)
	at org.openqa.selenium.remote.http.W3CHttpResponseCodec.decode(W3CHttpResponseCodec.java:49)
	at org.openqa.selenium.remote.HttpCommandExecutor.execute(HttpCommandExecutor.java:158)
	at org.openqa.selenium.remote.service.DriverCommandExecutor.execute(DriverCommandExecutor.java:83)
	at org.openqa.selenium.remote.RemoteWebDriver.execute(RemoteWebDriver.java:552)
	at com.kms.katalon.selenium.driver.CFirefoxDriver.execute(CFirefoxDriver.java:28)
	at org.openqa.selenium.remote.RemoteWebElement.execute(RemoteWebElement.java:285)
	at org.openqa.selenium.remote.RemoteWebElement.click(RemoteWebElement.java:84)
	at jdk.internal.reflect.GeneratedMethodAccessor10.invoke(Unknown Source)
	at java.base/jdk.internal.reflect.DelegatingMethodAccessorImpl.invoke(DelegatingMethodAccessorImpl.java:43)
	at org.openqa.selenium.support.events.EventFiringWebDriver$EventFiringWebElement.lambda$new$0(EventFiringWebDriver.java:404)
	at jdk.proxy2/jdk.proxy2.$Proxy21.click(Unknown Source)
	at org.openqa.selenium.support.events.EventFiringWebDriver$EventFiringWebElement.click(EventFiringWebDriver.java:417)
	at org.openqa.selenium.WebElement$click.call(Unknown Source)
	at com.kms.katalon.core.webui.keyword.builtin.ClickKeyword.clickUntilSuccessWithTimeout(ClickKeyword.groovy:81)
	at com.kms.katalon.core.webui.keyword.builtin.ClickKeyword.clickUntilSuccessWithTimeout(ClickKeyword.groovy)
	at jdk.internal.reflect.GeneratedMethodAccessor8.invoke(Unknown Source)
	at java.base/jdk.internal.reflect.DelegatingMethodAccessorImpl.invoke(DelegatingMethodAccessorImpl.java:43)
	at com.kms.katalon.core.webui.keyword.builtin.ClickKeyword$_click_closure1.doCall(ClickKeyword.groovy:67)
	at com.kms.katalon.core.webui.keyword.builtin.ClickKeyword$_click_closure1.call(ClickKeyword.groovy)
	at com.kms.katalon.core.webui.keyword.internal.WebUIKeywordMain.runKeyword(WebUIKeywordMain.groovy:35)
	... 38 more


27-11-2024T13:37:01 - [TEST_STEP][PASSED] - click(findTestObject("Object Repository/Principal/Page_Olva Courier  Home/img_Envo de cajas o paquetescon un peso mxi_37770f")): Object: 'Object Repository/Principal/Page_Olva Courier  Home/img_Envo de cajas o paquetescon un peso mxi_37770f' is clicked on

27-11-2024T13:37:02 - [MESSAGE][PASSED] - Object: 'Object Repository/Principal/Page_Olva Courier  Home/img_Envo de cajas o paquetescon un peso mxi_37770f' is clicked on

27-11-2024T13:37:02 - [TEST_STEP][PASSED] - click(findTestObject("Object Repository/Principal/Page_Olva Courier  Home/label_He ledo y acepto los trminos de uso y_adab65")): Object: 'Object Repository/Principal/Page_Olva Courier  Home/label_He ledo y acepto los trminos de uso y_adab65' is clicked on

27-11-2024T13:37:02 - [MESSAGE][PASSED] - Object: 'Object Repository/Principal/Page_Olva Courier  Home/label_He ledo y acepto los trminos de uso y_adab65' is clicked on

27-11-2024T13:37:02 - [TEST_STEP][FAILED] - click(findTestObject("Object Repository/Principal/Page_Olva Courier  Home/button_CONTINUAR (2)")): Unable to click on object 'Object Repository/Principal/Page_Olva Courier  Home/button_CONTINUAR (2)' (Root cause: com.kms.katalon.core.exception.StepFailedException: Unable to click on object 'Object Repository/Principal/Page_Olva Courier  Home/button_CONTINUAR (2)'
	at com.kms.katalon.core.webui.keyword.internal.WebUIKeywordMain.stepFailed(WebUIKeywordMain.groovy:117)
	at com.kms.katalon.core.webui.keyword.internal.WebUIKeywordMain.runKeyword(WebUIKeywordMain.groovy:43)
	at com.kms.katalon.core.webui.keyword.builtin.ClickKeyword.click(ClickKeyword.groovy:74)
	at com.kms.katalon.core.webui.keyword.builtin.ClickKeyword.execute(ClickKeyword.groovy:40)
	at com.kms.katalon.core.keyword.internal.KeywordExecutor.executeKeywordForPlatform(KeywordExecutor.groovy:74)
	at com.kms.katalon.core.webui.keyword.WebUiBuiltInKeywords.click(WebUiBuiltInKeywords.groovy:659)
	at Selec_sobre.run(Selec_sobre:24)
	at com.kms.katalon.core.main.ScriptEngine.run(ScriptEngine.java:194)
	at com.kms.katalon.core.main.ScriptEngine.runScriptAsRawText(ScriptEngine.java:119)
	at com.kms.katalon.core.main.TestCaseExecutor.runScript(TestCaseExecutor.java:448)
	at com.kms.katalon.core.main.TestCaseExecutor.doExecute(TestCaseExecutor.java:439)
	at com.kms.katalon.core.main.TestCaseExecutor.processExecutionPhase(TestCaseExecutor.java:418)
	at com.kms.katalon.core.main.TestCaseExecutor.accessMainPhase(TestCaseExecutor.java:410)
	at com.kms.katalon.core.main.TestCaseExecutor.execute(TestCaseExecutor.java:285)
	at com.kms.katalon.core.main.TestCaseMain.runTestCase(TestCaseMain.java:137)
	at com.kms.katalon.core.keyword.builtin.CallTestCaseKeyword$_callTestCase_closure1.doCall(CallTestCaseKeyword.groovy:59)
	at com.kms.katalon.core.keyword.builtin.CallTestCaseKeyword$_callTestCase_closure1.call(CallTestCaseKeyword.groovy)
	at com.kms.katalon.core.keyword.internal.KeywordMain.runKeyword(KeywordMain.groovy:75)
	at com.kms.katalon.core.keyword.builtin.CallTestCaseKeyword.callTestCase(CallTestCaseKeyword.groovy:81)
	at com.kms.katalon.core.keyword.builtin.CallTestCaseKeyword.execute(CallTestCaseKeyword.groovy:44)
	at com.kms.katalon.core.keyword.internal.KeywordExecutor.executeKeywordForPlatform(KeywordExecutor.groovy:74)
	at com.kms.katalon.core.keyword.BuiltinKeywords.callTestCase(BuiltinKeywords.groovy:310)
	at jdk.internal.reflect.GeneratedMethodAccessor25.invoke(Unknown Source)
	at java.base/jdk.internal.reflect.DelegatingMethodAccessorImpl.invoke(DelegatingMethodAccessorImpl.java:43)
	at Restricion-tienda.run(Restricion-tienda:22)
	at com.kms.katalon.core.main.ScriptEngine.run(ScriptEngine.java:194)
	at com.kms.katalon.core.main.ScriptEngine.runScriptAsRawText(ScriptEngine.java:119)
	at com.kms.katalon.core.main.TestCaseExecutor.runScript(TestCaseExecutor.java:448)
	at com.kms.katalon.core.main.TestCaseExecutor.doExecute(TestCaseExecutor.java:439)
	at com.kms.katalon.core.main.TestCaseExecutor.processExecutionPhase(TestCaseExecutor.java:418)
	at com.kms.katalon.core.main.TestCaseExecutor.accessMainPhase(TestCaseExecutor.java:410)
	at com.kms.katalon.core.main.TestCaseExecutor.execute(TestCaseExecutor.java:285)
	at com.kms.katalon.core.common.CommonExecutor.accessTestCaseMainPhase(CommonExecutor.java:65)
	at com.kms.katalon.core.main.TestSuiteExecutor.accessTestSuiteMainPhase(TestSuiteExecutor.java:150)
	at com.kms.katalon.core.main.TestSuiteExecutor.execute(TestSuiteExecutor.java:106)
	at com.kms.katalon.core.main.TestCaseMain.startTestSuite(TestCaseMain.java:180)
	at TempTestSuite1732729948317.run(TempTestSuite1732729948317.groovy:35)
	at java.base/jdk.internal.reflect.NativeMethodAccessorImpl.invoke0(Native Method)
	at java.base/jdk.internal.reflect.NativeMethodAccessorImpl.invoke(NativeMethodAccessorImpl.java:77)
	at java.base/jdk.internal.reflect.DelegatingMethodAccessorImpl.invoke(DelegatingMethodAccessorImpl.java:43)
Caused by: org.openqa.selenium.ElementClickInterceptedException: Element <button id="btn_aceptar_tipo_envio" class="btn disabled" type="button"> is not clickable at point (675,588) because another element <div class="modal-footer"> obscures it
Build info: version: '3.141.59', revision: 'unknown', time: 'unknown'
System info: host: 'DESKTOP-RGFFP9A', ip: '10.136.10.6', os.name: 'Windows 11', os.arch: 'amd64', os.version: '10.0', java.version: '17.0.7'
Driver info: com.kms.katalon.core.webui.driver.firefox.CGeckoDriver
Capabilities {acceptInsecureCerts: true, browserName: firefox, browserVersion: 133.0, javascriptEnabled: true, moz:accessibilityChecks: false, moz:buildID: 20241121140525, moz:geckodriverVersion: 0.35.0, moz:headless: false, moz:platformVersion: 10.0, moz:processID: 18516, moz:profile: C:\Users\OLVATI\AppData\Loc..., moz:shutdownTimeout: 60000, moz:webdriverClick: true, moz:windowless: false, pageLoadStrategy: normal, platform: WINDOWS, platformName: WINDOWS, proxy: Proxy(direct), setWindowRect: true, strictFileInteractability: false, timeouts: {implicit: 0, pageLoad: 300000, script: 30000}, unhandledPromptBehavior: dismiss and notify, userAgent: Mozilla/5.0 (Windows NT 10....}
Session ID: 4dde62b9-2683-4028-b5b4-fac044dcd81e
	at jdk.internal.reflect.GeneratedConstructorAccessor32.newInstance(Unknown Source)
	at java.base/jdk.internal.reflect.DelegatingConstructorAccessorImpl.newInstance(DelegatingConstructorAccessorImpl.java:45)
	at org.openqa.selenium.remote.http.W3CHttpResponseCodec.createException(W3CHttpResponseCodec.java:187)
	at org.openqa.selenium.remote.http.W3CHttpResponseCodec.decode(W3CHttpResponseCodec.java:122)
	at org.openqa.selenium.remote.http.W3CHttpResponseCodec.decode(W3CHttpResponseCodec.java:49)
	at org.openqa.selenium.remote.HttpCommandExecutor.execute(HttpCommandExecutor.java:158)
	at org.openqa.selenium.remote.service.DriverCommandExecutor.execute(DriverCommandExecutor.java:83)
	at org.openqa.selenium.remote.RemoteWebDriver.execute(RemoteWebDriver.java:552)
	at com.kms.katalon.selenium.driver.CFirefoxDriver.execute(CFirefoxDriver.java:28)
	at org.openqa.selenium.remote.RemoteWebElement.execute(RemoteWebElement.java:285)
	at org.openqa.selenium.remote.RemoteWebElement.click(RemoteWebElement.java:84)
	at jdk.internal.reflect.GeneratedMethodAccessor10.invoke(Unknown Source)
	at java.base/jdk.internal.reflect.DelegatingMethodAccessorImpl.invoke(DelegatingMethodAccessorImpl.java:43)
	at org.openqa.selenium.support.events.EventFiringWebDriver$EventFiringWebElement.lambda$new$0(EventFiringWebDriver.java:404)
	at jdk.proxy2/jdk.proxy2.$Proxy21.click(Unknown Source)
	at org.openqa.selenium.support.events.EventFiringWebDriver$EventFiringWebElement.click(EventFiringWebDriver.java:417)
	at org.openqa.selenium.WebElement$click.call(Unknown Source)
	at com.kms.katalon.core.webui.keyword.builtin.ClickKeyword.clickUntilSuccessWithTimeout(ClickKeyword.groovy:81)
	at com.kms.katalon.core.webui.keyword.builtin.ClickKeyword.clickUntilSuccessWithTimeout(ClickKeyword.groovy)
	at jdk.internal.reflect.GeneratedMethodAccessor8.invoke(Unknown Source)
	at java.base/jdk.internal.reflect.DelegatingMethodAccessorImpl.invoke(DelegatingMethodAccessorImpl.java:43)
	at com.kms.katalon.core.webui.keyword.builtin.ClickKeyword$_click_closure1.doCall(ClickKeyword.groovy:67)
	at com.kms.katalon.core.webui.keyword.builtin.ClickKeyword$_click_closure1.call(ClickKeyword.groovy)
	at com.kms.katalon.core.webui.keyword.internal.WebUIKeywordMain.runKeyword(WebUIKeywordMain.groovy:35)
	at com.kms.katalon.core.webui.keyword.builtin.ClickKeyword.click(ClickKeyword.groovy:74)
	at com.kms.katalon.core.webui.keyword.builtin.ClickKeyword.execute(ClickKeyword.groovy:40)
	at com.kms.katalon.core.keyword.internal.KeywordExecutor.executeKeywordForPlatform(KeywordExecutor.groovy:74)
	at com.kms.katalon.core.webui.keyword.WebUiBuiltInKeywords.click(WebUiBuiltInKeywords.groovy:659)
	at Script1732083570761.run(Script1732083570761.groovy:24)
	at com.kms.katalon.core.main.ScriptEngine.run(ScriptEngine.java:194)
	at com.kms.katalon.core.main.ScriptEngine.runScriptAsRawText(ScriptEngine.java:119)
	at com.kms.katalon.core.main.TestCaseExecutor.runScript(TestCaseExecutor.java:448)
	at com.kms.katalon.core.main.TestCaseExecutor.doExecute(TestCaseExecutor.java:439)
	at com.kms.katalon.core.main.TestCaseExecutor.processExecutionPhase(TestCaseExecutor.java:418)
	at com.kms.katalon.core.main.TestCaseExecutor.accessMainPhase(TestCaseExecutor.java:410)
	at com.kms.katalon.core.main.TestCaseExecutor.execute(TestCaseExecutor.java:285)
	at com.kms.katalon.core.main.TestCaseMain.runTestCase(TestCaseMain.java:137)
	at com.kms.katalon.core.keyword.builtin.CallTestCaseKeyword$_callTestCase_closure1.doCall(CallTestCaseKeyword.groovy:59)
	at com.kms.katalon.core.keyword.builtin.CallTestCaseKeyword$_callTestCase_closure1.call(CallTestCaseKeyword.groovy)
	at com.kms.katalon.core.keyword.internal.KeywordMain.runKeyword(KeywordMain.groovy:75)
	at com.kms.katalon.core.keyword.builtin.CallTestCaseKeyword.callTestCase(CallTestCaseKeyword.groovy:81)
	at com.kms.katalon.core.keyword.builtin.CallTestCaseKeyword.execute(CallTestCaseKeyword.groovy:44)
	at com.kms.katalon.core.keyword.internal.KeywordExecutor.executeKeywordForPlatform(KeywordExecutor.groovy:74)
	at com.kms.katalon.core.keyword.BuiltinKeywords.callTestCase(BuiltinKeywords.groovy:310)
	at jdk.internal.reflect.GeneratedMethodAccessor25.invoke(Unknown Source)
	at java.base/jdk.internal.reflect.DelegatingMethodAccessorImpl.invoke(DelegatingMethodAccessorImpl.java:43)
	at Script1732341471717.run(Script1732341471717.groovy:22)
	... 15 more
)

27-11-2024T13:37:33 - [MESSAGE][FAILED] - Unable to click on object 'Object Repository/Principal/Page_Olva Courier  Home/button_CONTINUAR (2)' (Root cause: com.kms.katalon.core.exception.StepFailedException: Unable to click on object 'Object Repository/Principal/Page_Olva Courier  Home/button_CONTINUAR (2)'
	at com.kms.katalon.core.webui.keyword.internal.WebUIKeywordMain.stepFailed(WebUIKeywordMain.groovy:117)
	at com.kms.katalon.core.webui.keyword.internal.WebUIKeywordMain.runKeyword(WebUIKeywordMain.groovy:43)
	at com.kms.katalon.core.webui.keyword.builtin.ClickKeyword.click(ClickKeyword.groovy:74)
	at com.kms.katalon.core.webui.keyword.builtin.ClickKeyword.execute(ClickKeyword.groovy:40)
	at com.kms.katalon.core.keyword.internal.KeywordExecutor.executeKeywordForPlatform(KeywordExecutor.groovy:74)
	at com.kms.katalon.core.webui.keyword.WebUiBuiltInKeywords.click(WebUiBuiltInKeywords.groovy:659)
	at Selec_sobre.run(Selec_sobre:24)
	at com.kms.katalon.core.main.ScriptEngine.run(ScriptEngine.java:194)
	at com.kms.katalon.core.main.ScriptEngine.runScriptAsRawText(ScriptEngine.java:119)
	at com.kms.katalon.core.main.TestCaseExecutor.runScript(TestCaseExecutor.java:448)
	at com.kms.katalon.core.main.TestCaseExecutor.doExecute(TestCaseExecutor.java:439)
	at com.kms.katalon.core.main.TestCaseExecutor.processExecutionPhase(TestCaseExecutor.java:418)
	at com.kms.katalon.core.main.TestCaseExecutor.accessMainPhase(TestCaseExecutor.java:410)
	at com.kms.katalon.core.main.TestCaseExecutor.execute(TestCaseExecutor.java:285)
	at com.kms.katalon.core.main.TestCaseMain.runTestCase(TestCaseMain.java:137)
	at com.kms.katalon.core.keyword.builtin.CallTestCaseKeyword$_callTestCase_closure1.doCall(CallTestCaseKeyword.groovy:59)
	at com.kms.katalon.core.keyword.builtin.CallTestCaseKeyword$_callTestCase_closure1.call(CallTestCaseKeyword.groovy)
	at com.kms.katalon.core.keyword.internal.KeywordMain.runKeyword(KeywordMain.groovy:75)
	at com.kms.katalon.core.keyword.builtin.CallTestCaseKeyword.callTestCase(CallTestCaseKeyword.groovy:81)
	at com.kms.katalon.core.keyword.builtin.CallTestCaseKeyword.execute(CallTestCaseKeyword.groovy:44)
	at com.kms.katalon.core.keyword.internal.KeywordExecutor.executeKeywordForPlatform(KeywordExecutor.groovy:74)
	at com.kms.katalon.core.keyword.BuiltinKeywords.callTestCase(BuiltinKeywords.groovy:310)
	at jdk.internal.reflect.GeneratedMethodAccessor25.invoke(Unknown Source)
	at java.base/jdk.internal.reflect.DelegatingMethodAccessorImpl.invoke(DelegatingMethodAccessorImpl.java:43)
	at Restricion-tienda.run(Restricion-tienda:22)
	at com.kms.katalon.core.main.ScriptEngine.run(ScriptEngine.java:194)
	at com.kms.katalon.core.main.ScriptEngine.runScriptAsRawText(ScriptEngine.java:119)
	at com.kms.katalon.core.main.TestCaseExecutor.runScript(TestCaseExecutor.java:448)
	at com.kms.katalon.core.main.TestCaseExecutor.doExecute(TestCaseExecutor.java:439)
	at com.kms.katalon.core.main.TestCaseExecutor.processExecutionPhase(TestCaseExecutor.java:418)
	at com.kms.katalon.core.main.TestCaseExecutor.accessMainPhase(TestCaseExecutor.java:410)
	at com.kms.katalon.core.main.TestCaseExecutor.execute(TestCaseExecutor.java:285)
	at com.kms.katalon.core.common.CommonExecutor.accessTestCaseMainPhase(CommonExecutor.java:65)
	at com.kms.katalon.core.main.TestSuiteExecutor.accessTestSuiteMainPhase(TestSuiteExecutor.java:150)
	at com.kms.katalon.core.main.TestSuiteExecutor.execute(TestSuiteExecutor.java:106)
	at com.kms.katalon.core.main.TestCaseMain.startTestSuite(TestCaseMain.java:180)
	at TempTestSuite1732729948317.run(TempTestSuite1732729948317.groovy:35)
	at java.base/jdk.internal.reflect.NativeMethodAccessorImpl.invoke0(Native Method)
	at java.base/jdk.internal.reflect.NativeMethodAccessorImpl.invoke(NativeMethodAccessorImpl.java:77)
	at java.base/jdk.internal.reflect.DelegatingMethodAccessorImpl.invoke(DelegatingMethodAccessorImpl.java:43)
Caused by: org.openqa.selenium.ElementClickInterceptedException: Element <button id="btn_aceptar_tipo_envio" class="btn disabled" type="button"> is not clickable at point (675,588) because another element <div class="modal-footer"> obscures it
Build info: version: '3.141.59', revision: 'unknown', time: 'unknown'
System info: host: 'DESKTOP-RGFFP9A', ip: '10.136.10.6', os.name: 'Windows 11', os.arch: 'amd64', os.version: '10.0', java.version: '17.0.7'
Driver info: com.kms.katalon.core.webui.driver.firefox.CGeckoDriver
Capabilities {acceptInsecureCerts: true, browserName: firefox, browserVersion: 133.0, javascriptEnabled: true, moz:accessibilityChecks: false, moz:buildID: 20241121140525, moz:geckodriverVersion: 0.35.0, moz:headless: false, moz:platformVersion: 10.0, moz:processID: 18516, moz:profile: C:\Users\OLVATI\AppData\Loc..., moz:shutdownTimeout: 60000, moz:webdriverClick: true, moz:windowless: false, pageLoadStrategy: normal, platform: WINDOWS, platformName: WINDOWS, proxy: Proxy(direct), setWindowRect: true, strictFileInteractability: false, timeouts: {implicit: 0, pageLoad: 300000, script: 30000}, unhandledPromptBehavior: dismiss and notify, userAgent: Mozilla/5.0 (Windows NT 10....}
Session ID: 4dde62b9-2683-4028-b5b4-fac044dcd81e
	at jdk.internal.reflect.GeneratedConstructorAccessor32.newInstance(Unknown Source)
	at java.base/jdk.internal.reflect.DelegatingConstructorAccessorImpl.newInstance(DelegatingConstructorAccessorImpl.java:45)
	at org.openqa.selenium.remote.http.W3CHttpResponseCodec.createException(W3CHttpResponseCodec.java:187)
	at org.openqa.selenium.remote.http.W3CHttpResponseCodec.decode(W3CHttpResponseCodec.java:122)
	at org.openqa.selenium.remote.http.W3CHttpResponseCodec.decode(W3CHttpResponseCodec.java:49)
	at org.openqa.selenium.remote.HttpCommandExecutor.execute(HttpCommandExecutor.java:158)
	at org.openqa.selenium.remote.service.DriverCommandExecutor.execute(DriverCommandExecutor.java:83)
	at org.openqa.selenium.remote.RemoteWebDriver.execute(RemoteWebDriver.java:552)
	at com.kms.katalon.selenium.driver.CFirefoxDriver.execute(CFirefoxDriver.java:28)
	at org.openqa.selenium.remote.RemoteWebElement.execute(RemoteWebElement.java:285)
	at org.openqa.selenium.remote.RemoteWebElement.click(RemoteWebElement.java:84)
	at jdk.internal.reflect.GeneratedMethodAccessor10.invoke(Unknown Source)
	at java.base/jdk.internal.reflect.DelegatingMethodAccessorImpl.invoke(DelegatingMethodAccessorImpl.java:43)
	at org.openqa.selenium.support.events.EventFiringWebDriver$EventFiringWebElement.lambda$new$0(EventFiringWebDriver.java:404)
	at jdk.proxy2/jdk.proxy2.$Proxy21.click(Unknown Source)
	at org.openqa.selenium.support.events.EventFiringWebDriver$EventFiringWebElement.click(EventFiringWebDriver.java:417)
	at org.openqa.selenium.WebElement$click.call(Unknown Source)
	at com.kms.katalon.core.webui.keyword.builtin.ClickKeyword.clickUntilSuccessWithTimeout(ClickKeyword.groovy:81)
	at com.kms.katalon.core.webui.keyword.builtin.ClickKeyword.clickUntilSuccessWithTimeout(ClickKeyword.groovy)
	at jdk.internal.reflect.GeneratedMethodAccessor8.invoke(Unknown Source)
	at java.base/jdk.internal.reflect.DelegatingMethodAccessorImpl.invoke(DelegatingMethodAccessorImpl.java:43)
	at com.kms.katalon.core.webui.keyword.builtin.ClickKeyword$_click_closure1.doCall(ClickKeyword.groovy:67)
	at com.kms.katalon.core.webui.keyword.builtin.ClickKeyword$_click_closure1.call(ClickKeyword.groovy)
	at com.kms.katalon.core.webui.keyword.internal.WebUIKeywordMain.runKeyword(WebUIKeywordMain.groovy:35)
	at com.kms.katalon.core.webui.keyword.builtin.ClickKeyword.click(ClickKeyword.groovy:74)
	at com.kms.katalon.core.webui.keyword.builtin.ClickKeyword.execute(ClickKeyword.groovy:40)
	at com.kms.katalon.core.keyword.internal.KeywordExecutor.executeKeywordForPlatform(KeywordExecutor.groovy:74)
	at com.kms.katalon.core.webui.keyword.WebUiBuiltInKeywords.click(WebUiBuiltInKeywords.groovy:659)
	at Script1732083570761.run(Script1732083570761.groovy:24)
	at com.kms.katalon.core.main.ScriptEngine.run(ScriptEngine.java:194)
	at com.kms.katalon.core.main.ScriptEngine.runScriptAsRawText(ScriptEngine.java:119)
	at com.kms.katalon.core.main.TestCaseExecutor.runScript(TestCaseExecutor.java:448)
	at com.kms.katalon.core.main.TestCaseExecutor.doExecute(TestCaseExecutor.java:439)
	at com.kms.katalon.core.main.TestCaseExecutor.processExecutionPhase(TestCaseExecutor.java:418)
	at com.kms.katalon.core.main.TestCaseExecutor.accessMainPhase(TestCaseExecutor.java:410)
	at com.kms.katalon.core.main.TestCaseExecutor.execute(TestCaseExecutor.java:285)
	at com.kms.katalon.core.main.TestCaseMain.runTestCase(TestCaseMain.java:137)
	at com.kms.katalon.core.keyword.builtin.CallTestCaseKeyword$_callTestCase_closure1.doCall(CallTestCaseKeyword.groovy:59)
	at com.kms.katalon.core.keyword.builtin.CallTestCaseKeyword$_callTestCase_closure1.call(CallTestCaseKeyword.groovy)
	at com.kms.katalon.core.keyword.internal.KeywordMain.runKeyword(KeywordMain.groovy:75)
	at com.kms.katalon.core.keyword.builtin.CallTestCaseKeyword.callTestCase(CallTestCaseKeyword.groovy:81)
	at com.kms.katalon.core.keyword.builtin.CallTestCaseKeyword.execute(CallTestCaseKeyword.groovy:44)
	at com.kms.katalon.core.keyword.internal.KeywordExecutor.executeKeywordForPlatform(KeywordExecutor.groovy:74)
	at com.kms.katalon.core.keyword.BuiltinKeywords.callTestCase(BuiltinKeywords.groovy:310)
	at jdk.internal.reflect.GeneratedMethodAccessor25.invoke(Unknown Source)
	at java.base/jdk.internal.reflect.DelegatingMethodAccessorImpl.invoke(DelegatingMethodAccessorImpl.java:43)
	at Script1732341471717.run(Script1732341471717.groovy:22)
	... 15 more
)

27-11-2024T13:37:33 - [MESSAGE][FAILED] - Unable to call Test Case 'Test Cases/1.Inicio/1.1Principal/Selec_sobre' (Root cause: com.kms.katalon.core.exception.StepFailedException: Call Test Case 'Test Cases/1.Inicio/1.1Principal/Selec_sobre' failed
	at com.kms.katalon.core.keyword.builtin.CallTestCaseKeyword$_callTestCase_closure1.doCall(CallTestCaseKeyword.groovy:63)
	at com.kms.katalon.core.keyword.builtin.CallTestCaseKeyword$_callTestCase_closure1.call(CallTestCaseKeyword.groovy)
	at com.kms.katalon.core.keyword.internal.KeywordMain.runKeyword(KeywordMain.groovy:75)
	at com.kms.katalon.core.keyword.builtin.CallTestCaseKeyword.callTestCase(CallTestCaseKeyword.groovy:81)
	at com.kms.katalon.core.keyword.builtin.CallTestCaseKeyword.execute(CallTestCaseKeyword.groovy:44)
	at com.kms.katalon.core.keyword.internal.KeywordExecutor.executeKeywordForPlatform(KeywordExecutor.groovy:74)
	at com.kms.katalon.core.keyword.BuiltinKeywords.callTestCase(BuiltinKeywords.groovy:310)
	at jdk.internal.reflect.GeneratedMethodAccessor25.invoke(Unknown Source)
	at java.base/jdk.internal.reflect.DelegatingMethodAccessorImpl.invoke(DelegatingMethodAccessorImpl.java:43)
	at Restricion-tienda.run(Restricion-tienda:22)
	at com.kms.katalon.core.main.ScriptEngine.run(ScriptEngine.java:194)
	at com.kms.katalon.core.main.ScriptEngine.runScriptAsRawText(ScriptEngine.java:119)
	at com.kms.katalon.core.main.TestCaseExecutor.runScript(TestCaseExecutor.java:448)
	at com.kms.katalon.core.main.TestCaseExecutor.doExecute(TestCaseExecutor.java:439)
	at com.kms.katalon.core.main.TestCaseExecutor.processExecutionPhase(TestCaseExecutor.java:418)
	at com.kms.katalon.core.main.TestCaseExecutor.accessMainPhase(TestCaseExecutor.java:410)
	at com.kms.katalon.core.main.TestCaseExecutor.execute(TestCaseExecutor.java:285)
	at com.kms.katalon.core.common.CommonExecutor.accessTestCaseMainPhase(CommonExecutor.java:65)
	at com.kms.katalon.core.main.TestSuiteExecutor.accessTestSuiteMainPhase(TestSuiteExecutor.java:150)
	at com.kms.katalon.core.main.TestSuiteExecutor.execute(TestSuiteExecutor.java:106)
	at com.kms.katalon.core.main.TestCaseMain.startTestSuite(TestCaseMain.java:180)
	at TempTestSuite1732729948317.run(TempTestSuite1732729948317.groovy:35)
	at java.base/jdk.internal.reflect.NativeMethodAccessorImpl.invoke0(Native Method)
	at java.base/jdk.internal.reflect.NativeMethodAccessorImpl.invoke(NativeMethodAccessorImpl.java:77)
	at java.base/jdk.internal.reflect.DelegatingMethodAccessorImpl.invoke(DelegatingMethodAccessorImpl.java:43)
Caused by: com.kms.katalon.core.exception.StepFailedException: Unable to click on object 'Object Repository/Principal/Page_Olva Courier  Home/button_CONTINUAR (2)'
	at com.kms.katalon.core.webui.keyword.internal.WebUIKeywordMain.stepFailed(WebUIKeywordMain.groovy:117)
	at com.kms.katalon.core.webui.keyword.internal.WebUIKeywordMain.runKeyword(WebUIKeywordMain.groovy:43)
	at com.kms.katalon.core.webui.keyword.builtin.ClickKeyword.click(ClickKeyword.groovy:74)
	at com.kms.katalon.core.webui.keyword.builtin.ClickKeyword.execute(ClickKeyword.groovy:40)
	at com.kms.katalon.core.keyword.internal.KeywordExecutor.executeKeywordForPlatform(KeywordExecutor.groovy:74)
	at com.kms.katalon.core.webui.keyword.WebUiBuiltInKeywords.click(WebUiBuiltInKeywords.groovy:659)
	at Selec_sobre.run(Selec_sobre:24)
	at com.kms.katalon.core.main.ScriptEngine.run(ScriptEngine.java:194)
	at com.kms.katalon.core.main.ScriptEngine.runScriptAsRawText(ScriptEngine.java:119)
	at com.kms.katalon.core.main.TestCaseExecutor.runScript(TestCaseExecutor.java:448)
	at com.kms.katalon.core.main.TestCaseExecutor.doExecute(TestCaseExecutor.java:439)
	at com.kms.katalon.core.main.TestCaseExecutor.processExecutionPhase(TestCaseExecutor.java:418)
	at com.kms.katalon.core.main.TestCaseExecutor.accessMainPhase(TestCaseExecutor.java:410)
	at com.kms.katalon.core.main.TestCaseExecutor.execute(TestCaseExecutor.java:285)
	at com.kms.katalon.core.main.TestCaseMain.runTestCase(TestCaseMain.java:137)
	at com.kms.katalon.core.keyword.builtin.CallTestCaseKeyword$_callTestCase_closure1.doCall(CallTestCaseKeyword.groovy:59)
	... 24 more
Caused by: org.openqa.selenium.ElementClickInterceptedException: Element <button id="btn_aceptar_tipo_envio" class="btn disabled" type="button"> is not clickable at point (675,588) because another element <div class="modal-footer"> obscures it
Build info: version: '3.141.59', revision: 'unknown', time: 'unknown'
System info: host: 'DESKTOP-RGFFP9A', ip: '10.136.10.6', os.name: 'Windows 11', os.arch: 'amd64', os.version: '10.0', java.version: '17.0.7'
Driver info: com.kms.katalon.core.webui.driver.firefox.CGeckoDriver
Capabilities {acceptInsecureCerts: true, browserName: firefox, browserVersion: 133.0, javascriptEnabled: true, moz:accessibilityChecks: false, moz:buildID: 20241121140525, moz:geckodriverVersion: 0.35.0, moz:headless: false, moz:platformVersion: 10.0, moz:processID: 18516, moz:profile: C:\Users\OLVATI\AppData\Loc..., moz:shutdownTimeout: 60000, moz:webdriverClick: true, moz:windowless: false, pageLoadStrategy: normal, platform: WINDOWS, platformName: WINDOWS, proxy: Proxy(direct), setWindowRect: true, strictFileInteractability: false, timeouts: {implicit: 0, pageLoad: 300000, script: 30000}, unhandledPromptBehavior: dismiss and notify, userAgent: Mozilla/5.0 (Windows NT 10....}
Session ID: 4dde62b9-2683-4028-b5b4-fac044dcd81e
	at jdk.internal.reflect.GeneratedConstructorAccessor32.newInstance(Unknown Source)
	at java.base/jdk.internal.reflect.DelegatingConstructorAccessorImpl.newInstance(DelegatingConstructorAccessorImpl.java:45)
	at org.openqa.selenium.remote.http.W3CHttpResponseCodec.createException(W3CHttpResponseCodec.java:187)
	at org.openqa.selenium.remote.http.W3CHttpResponseCodec.decode(W3CHttpResponseCodec.java:122)
	at org.openqa.selenium.remote.http.W3CHttpResponseCodec.decode(W3CHttpResponseCodec.java:49)
	at org.openqa.selenium.remote.HttpCommandExecutor.execute(HttpCommandExecutor.java:158)
	at org.openqa.selenium.remote.service.DriverCommandExecutor.execute(DriverCommandExecutor.java:83)
	at org.openqa.selenium.remote.RemoteWebDriver.execute(RemoteWebDriver.java:552)
	at com.kms.katalon.selenium.driver.CFirefoxDriver.execute(CFirefoxDriver.java:28)
	at org.openqa.selenium.remote.RemoteWebElement.execute(RemoteWebElement.java:285)
	at org.openqa.selenium.remote.RemoteWebElement.click(RemoteWebElement.java:84)
	at jdk.internal.reflect.GeneratedMethodAccessor10.invoke(Unknown Source)
	at java.base/jdk.internal.reflect.DelegatingMethodAccessorImpl.invoke(DelegatingMethodAccessorImpl.java:43)
	at org.openqa.selenium.support.events.EventFiringWebDriver$EventFiringWebElement.lambda$new$0(EventFiringWebDriver.java:404)
	at jdk.proxy2/jdk.proxy2.$Proxy21.click(Unknown Source)
	at org.openqa.selenium.support.events.EventFiringWebDriver$EventFiringWebElement.click(EventFiringWebDriver.java:417)
	at org.openqa.selenium.WebElement$click.call(Unknown Source)
	at com.kms.katalon.core.webui.keyword.builtin.ClickKeyword.clickUntilSuccessWithTimeout(ClickKeyword.groovy:81)
	at com.kms.katalon.core.webui.keyword.builtin.ClickKeyword.clickUntilSuccessWithTimeout(ClickKeyword.groovy)
	at jdk.internal.reflect.GeneratedMethodAccessor8.invoke(Unknown Source)
	at java.base/jdk.internal.reflect.DelegatingMethodAccessorImpl.invoke(DelegatingMethodAccessorImpl.java:43)
	at com.kms.katalon.core.webui.keyword.builtin.ClickKeyword$_click_closure1.doCall(ClickKeyword.groovy:67)
	at com.kms.katalon.core.webui.keyword.builtin.ClickKeyword$_click_closure1.call(ClickKeyword.groovy)
	at com.kms.katalon.core.webui.keyword.internal.WebUIKeywordMain.runKeyword(WebUIKeywordMain.groovy:35)
	... 38 more
)]]></system-out>
         <system-err><![CDATA[27-11-2024T13:36:52 - [TEST_CASE][FAILED] - Test Cases/2.Positivos/2.2Sobre/Origen-Lima/2.Valorado/Entrega_Tienda/Restricion-tienda: Test Cases/2.Positivos/2.2Sobre/Origen-Lima/2.Valorado/Entrega_Tienda/Restricion-tienda FAILED.
Reason:
com.kms.katalon.core.exception.StepFailedException: Call Test Case 'Test Cases/1.Inicio/1.1Principal/Selec_sobre' failed
	at com.kms.katalon.core.keyword.builtin.CallTestCaseKeyword$_callTestCase_closure1.doCall(CallTestCaseKeyword.groovy:63)
	at com.kms.katalon.core.keyword.builtin.CallTestCaseKeyword$_callTestCase_closure1.call(CallTestCaseKeyword.groovy)
	at com.kms.katalon.core.keyword.internal.KeywordMain.runKeyword(KeywordMain.groovy:75)
	at com.kms.katalon.core.keyword.builtin.CallTestCaseKeyword.callTestCase(CallTestCaseKeyword.groovy:81)
	at com.kms.katalon.core.keyword.builtin.CallTestCaseKeyword.execute(CallTestCaseKeyword.groovy:44)
	at com.kms.katalon.core.keyword.internal.KeywordExecutor.executeKeywordForPlatform(KeywordExecutor.groovy:74)
	at com.kms.katalon.core.keyword.BuiltinKeywords.callTestCase(BuiltinKeywords.groovy:310)
	at jdk.internal.reflect.GeneratedMethodAccessor25.invoke(Unknown Source)
	at java.base/jdk.internal.reflect.DelegatingMethodAccessorImpl.invoke(DelegatingMethodAccessorImpl.java:43)
	at Restricion-tienda.run(Restricion-tienda:22)
	at com.kms.katalon.core.main.ScriptEngine.run(ScriptEngine.java:194)
	at com.kms.katalon.core.main.ScriptEngine.runScriptAsRawText(ScriptEngine.java:119)
	at com.kms.katalon.core.main.TestCaseExecutor.runScript(TestCaseExecutor.java:448)
	at com.kms.katalon.core.main.TestCaseExecutor.doExecute(TestCaseExecutor.java:439)
	at com.kms.katalon.core.main.TestCaseExecutor.processExecutionPhase(TestCaseExecutor.java:418)
	at com.kms.katalon.core.main.TestCaseExecutor.accessMainPhase(TestCaseExecutor.java:410)
	at com.kms.katalon.core.main.TestCaseExecutor.execute(TestCaseExecutor.java:285)
	at com.kms.katalon.core.common.CommonExecutor.accessTestCaseMainPhase(CommonExecutor.java:65)
	at com.kms.katalon.core.main.TestSuiteExecutor.accessTestSuiteMainPhase(TestSuiteExecutor.java:150)
	at com.kms.katalon.core.main.TestSuiteExecutor.execute(TestSuiteExecutor.java:106)
	at com.kms.katalon.core.main.TestCaseMain.startTestSuite(TestCaseMain.java:180)
	at TempTestSuite1732729948317.run(TempTestSuite1732729948317.groovy:35)
	at java.base/jdk.internal.reflect.NativeMethodAccessorImpl.invoke0(Native Method)
	at java.base/jdk.internal.reflect.NativeMethodAccessorImpl.invoke(NativeMethodAccessorImpl.java:77)
	at java.base/jdk.internal.reflect.DelegatingMethodAccessorImpl.invoke(DelegatingMethodAccessorImpl.java:43)
Caused by: com.kms.katalon.core.exception.StepFailedException: Unable to click on object 'Object Repository/Principal/Page_Olva Courier  Home/button_CONTINUAR (2)'
	at com.kms.katalon.core.webui.keyword.internal.WebUIKeywordMain.stepFailed(WebUIKeywordMain.groovy:117)
	at com.kms.katalon.core.webui.keyword.internal.WebUIKeywordMain.runKeyword(WebUIKeywordMain.groovy:43)
	at com.kms.katalon.core.webui.keyword.builtin.ClickKeyword.click(ClickKeyword.groovy:74)
	at com.kms.katalon.core.webui.keyword.builtin.ClickKeyword.execute(ClickKeyword.groovy:40)
	at com.kms.katalon.core.keyword.internal.KeywordExecutor.executeKeywordForPlatform(KeywordExecutor.groovy:74)
	at com.kms.katalon.core.webui.keyword.WebUiBuiltInKeywords.click(WebUiBuiltInKeywords.groovy:659)
	at Selec_sobre.run(Selec_sobre:24)
	at com.kms.katalon.core.main.ScriptEngine.run(ScriptEngine.java:194)
	at com.kms.katalon.core.main.ScriptEngine.runScriptAsRawText(ScriptEngine.java:119)
	at com.kms.katalon.core.main.TestCaseExecutor.runScript(TestCaseExecutor.java:448)
	at com.kms.katalon.core.main.TestCaseExecutor.doExecute(TestCaseExecutor.java:439)
	at com.kms.katalon.core.main.TestCaseExecutor.processExecutionPhase(TestCaseExecutor.java:418)
	at com.kms.katalon.core.main.TestCaseExecutor.accessMainPhase(TestCaseExecutor.java:410)
	at com.kms.katalon.core.main.TestCaseExecutor.execute(TestCaseExecutor.java:285)
	at com.kms.katalon.core.main.TestCaseMain.runTestCase(TestCaseMain.java:137)
	at com.kms.katalon.core.keyword.builtin.CallTestCaseKeyword$_callTestCase_closure1.doCall(CallTestCaseKeyword.groovy:59)
	... 24 more
Caused by: org.openqa.selenium.ElementClickInterceptedException: Element <button id="btn_aceptar_tipo_envio" class="btn disabled" type="button"> is not clickable at point (675,588) because another element <div class="modal-footer"> obscures it
Build info: version: '3.141.59', revision: 'unknown', time: 'unknown'
System info: host: 'DESKTOP-RGFFP9A', ip: '10.136.10.6', os.name: 'Windows 11', os.arch: 'amd64', os.version: '10.0', java.version: '17.0.7'
Driver info: com.kms.katalon.core.webui.driver.firefox.CGeckoDriver
Capabilities {acceptInsecureCerts: true, browserName: firefox, browserVersion: 133.0, javascriptEnabled: true, moz:accessibilityChecks: false, moz:buildID: 20241121140525, moz:geckodriverVersion: 0.35.0, moz:headless: false, moz:platformVersion: 10.0, moz:processID: 18516, moz:profile: C:\Users\OLVATI\AppData\Loc..., moz:shutdownTimeout: 60000, moz:webdriverClick: true, moz:windowless: false, pageLoadStrategy: normal, platform: WINDOWS, platformName: WINDOWS, proxy: Proxy(direct), setWindowRect: true, strictFileInteractability: false, timeouts: {implicit: 0, pageLoad: 300000, script: 30000}, unhandledPromptBehavior: dismiss and notify, userAgent: Mozilla/5.0 (Windows NT 10....}
Session ID: 4dde62b9-2683-4028-b5b4-fac044dcd81e
	at jdk.internal.reflect.GeneratedConstructorAccessor32.newInstance(Unknown Source)
	at java.base/jdk.internal.reflect.DelegatingConstructorAccessorImpl.newInstance(DelegatingConstructorAccessorImpl.java:45)
	at org.openqa.selenium.remote.http.W3CHttpResponseCodec.createException(W3CHttpResponseCodec.java:187)
	at org.openqa.selenium.remote.http.W3CHttpResponseCodec.decode(W3CHttpResponseCodec.java:122)
	at org.openqa.selenium.remote.http.W3CHttpResponseCodec.decode(W3CHttpResponseCodec.java:49)
	at org.openqa.selenium.remote.HttpCommandExecutor.execute(HttpCommandExecutor.java:158)
	at org.openqa.selenium.remote.service.DriverCommandExecutor.execute(DriverCommandExecutor.java:83)
	at org.openqa.selenium.remote.RemoteWebDriver.execute(RemoteWebDriver.java:552)
	at com.kms.katalon.selenium.driver.CFirefoxDriver.execute(CFirefoxDriver.java:28)
	at org.openqa.selenium.remote.RemoteWebElement.execute(RemoteWebElement.java:285)
	at org.openqa.selenium.remote.RemoteWebElement.click(RemoteWebElement.java:84)
	at jdk.internal.reflect.GeneratedMethodAccessor10.invoke(Unknown Source)
	at java.base/jdk.internal.reflect.DelegatingMethodAccessorImpl.invoke(DelegatingMethodAccessorImpl.java:43)
	at org.openqa.selenium.support.events.EventFiringWebDriver$EventFiringWebElement.lambda$new$0(EventFiringWebDriver.java:404)
	at jdk.proxy2/jdk.proxy2.$Proxy21.click(Unknown Source)
	at org.openqa.selenium.support.events.EventFiringWebDriver$EventFiringWebElement.click(EventFiringWebDriver.java:417)
	at org.openqa.selenium.WebElement$click.call(Unknown Source)
	at com.kms.katalon.core.webui.keyword.builtin.ClickKeyword.clickUntilSuccessWithTimeout(ClickKeyword.groovy:81)
	at com.kms.katalon.core.webui.keyword.builtin.ClickKeyword.clickUntilSuccessWithTimeout(ClickKeyword.groovy)
	at jdk.internal.reflect.GeneratedMethodAccessor8.invoke(Unknown Source)
	at java.base/jdk.internal.reflect.DelegatingMethodAccessorImpl.invoke(DelegatingMethodAccessorImpl.java:43)
	at com.kms.katalon.core.webui.keyword.builtin.ClickKeyword$_click_closure1.doCall(ClickKeyword.groovy:67)
	at com.kms.katalon.core.webui.keyword.builtin.ClickKeyword$_click_closure1.call(ClickKeyword.groovy)
	at com.kms.katalon.core.webui.keyword.internal.WebUIKeywordMain.runKeyword(WebUIKeywordMain.groovy:35)
	... 38 more]]></system-err>
      </testcase>
      <testcase name="Test Cases/2.Positivos/2.2Sobre/Origen-Lima/2.Valorado/Entrega_Domicilio/Valorado 501" time="40.227" classname="Test Cases/2.Positivos/2.2Sobre/Origen-Lima/2.Valorado/Entrega_Domicilio/Valorado 501" status="FAILED">
         <failure type="FAILED" message="Test Cases/2.Positivos/2.2Sobre/Origen-Lima/2.Valorado/Entrega_Domicilio/Valorado 501 FAILED.&#xa;Reason:&#xa;com.kms.katalon.core.exception.StepFailedException: Call Test Case 'Test Cases/1.Inicio/1.1Principal/Selec_sobre' failed&#xa;	at com.kms.katalon.core.keyword.builtin.CallTestCaseKeyword$_callTestCase_closure1.doCall(CallTestCaseKeyword.groovy:63)&#xa;	at com.kms.katalon.core.keyword.builtin.CallTestCaseKeyword$_callTestCase_closure1.call(CallTestCaseKeyword.groovy)&#xa;	at com.kms.katalon.core.keyword.internal.KeywordMain.runKeyword(KeywordMain.groovy:75)&#xa;	at com.kms.katalon.core.keyword.builtin.CallTestCaseKeyword.callTestCase(CallTestCaseKeyword.groovy:81)&#xa;	at com.kms.katalon.core.keyword.builtin.CallTestCaseKeyword.execute(CallTestCaseKeyword.groovy:44)&#xa;	at com.kms.katalon.core.keyword.internal.KeywordExecutor.executeKeywordForPlatform(KeywordExecutor.groovy:74)&#xa;	at com.kms.katalon.core.keyword.BuiltinKeywords.callTestCase(BuiltinKeywords.groovy:310)&#xa;	at jdk.internal.reflect.GeneratedMethodAccessor25.invoke(Unknown Source)&#xa;	at java.base/jdk.internal.reflect.DelegatingMethodAccessorImpl.invoke(DelegatingMethodAccessorImpl.java:43)&#xa;	at Valorado 501.run(Valorado 501:22)&#xa;	at com.kms.katalon.core.main.ScriptEngine.run(ScriptEngine.java:194)&#xa;	at com.kms.katalon.core.main.ScriptEngine.runScriptAsRawText(ScriptEngine.java:119)&#xa;	at com.kms.katalon.core.main.TestCaseExecutor.runScript(TestCaseExecutor.java:448)&#xa;	at com.kms.katalon.core.main.TestCaseExecutor.doExecute(TestCaseExecutor.java:439)&#xa;	at com.kms.katalon.core.main.TestCaseExecutor.processExecutionPhase(TestCaseExecutor.java:418)&#xa;	at com.kms.katalon.core.main.TestCaseExecutor.accessMainPhase(TestCaseExecutor.java:410)&#xa;	at com.kms.katalon.core.main.TestCaseExecutor.execute(TestCaseExecutor.java:285)&#xa;	at com.kms.katalon.core.common.CommonExecutor.accessTestCaseMainPhase(CommonExecutor.java:65)&#xa;	at com.kms.katalon.core.main.TestSuiteExecutor.accessTestSuiteMainPhase(TestSuiteExecutor.java:150)&#xa;	at com.kms.katalon.core.main.TestSuiteExecutor.execute(TestSuiteExecutor.java:106)&#xa;	at com.kms.katalon.core.main.TestCaseMain.startTestSuite(TestCaseMain.java:180)&#xa;	at TempTestSuite1732729948317.run(TempTestSuite1732729948317.groovy:35)&#xa;	at java.base/jdk.internal.reflect.NativeMethodAccessorImpl.invoke0(Native Method)&#xa;	at java.base/jdk.internal.reflect.NativeMethodAccessorImpl.invoke(NativeMethodAccessorImpl.java:77)&#xa;	at java.base/jdk.internal.reflect.DelegatingMethodAccessorImpl.invoke(DelegatingMethodAccessorImpl.java:43)&#xa;Caused by: com.kms.katalon.core.exception.StepFailedException: Unable to click on object 'Object Repository/Principal/Page_Olva Courier  Home/button_CONTINUAR (2)'&#xa;	at com.kms.katalon.core.webui.keyword.internal.WebUIKeywordMain.stepFailed(WebUIKeywordMain.groovy:117)&#xa;	at com.kms.katalon.core.webui.keyword.internal.WebUIKeywordMain.runKeyword(WebUIKeywordMain.groovy:43)&#xa;	at com.kms.katalon.core.webui.keyword.builtin.ClickKeyword.click(ClickKeyword.groovy:74)&#xa;	at com.kms.katalon.core.webui.keyword.builtin.ClickKeyword.execute(ClickKeyword.groovy:40)&#xa;	at com.kms.katalon.core.keyword.internal.KeywordExecutor.executeKeywordForPlatform(KeywordExecutor.groovy:74)&#xa;	at com.kms.katalon.core.webui.keyword.WebUiBuiltInKeywords.click(WebUiBuiltInKeywords.groovy:659)&#xa;	at Selec_sobre.run(Selec_sobre:24)&#xa;	at com.kms.katalon.core.main.ScriptEngine.run(ScriptEngine.java:194)&#xa;	at com.kms.katalon.core.main.ScriptEngine.runScriptAsRawText(ScriptEngine.java:119)&#xa;	at com.kms.katalon.core.main.TestCaseExecutor.runScript(TestCaseExecutor.java:448)&#xa;	at com.kms.katalon.core.main.TestCaseExecutor.doExecute(TestCaseExecutor.java:439)&#xa;	at com.kms.katalon.core.main.TestCaseExecutor.processExecutionPhase(TestCaseExecutor.java:418)&#xa;	at com.kms.katalon.core.main.TestCaseExecutor.accessMainPhase(TestCaseExecutor.java:410)&#xa;	at com.kms.katalon.core.main.TestCaseExecutor.execute(TestCaseExecutor.java:285)&#xa;	at com.kms.katalon.core.main.TestCaseMain.runTestCase(TestCaseMain.java:137)&#xa;	at com.kms.katalon.core.keyword.builtin.CallTestCaseKeyword$_callTestCase_closure1.doCall(CallTestCaseKeyword.groovy:59)&#xa;	... 24 more&#xa;Caused by: org.openqa.selenium.ElementClickInterceptedException: Element &lt;button id=&quot;btn_aceptar_tipo_envio&quot; class=&quot;btn disabled&quot; type=&quot;button&quot;> is not clickable at point (675,588) because another element &lt;div class=&quot;modal-footer&quot;> obscures it&#xa;Build info: version: '3.141.59', revision: 'unknown', time: 'unknown'&#xa;System info: host: 'DESKTOP-RGFFP9A', ip: '10.136.10.6', os.name: 'Windows 11', os.arch: 'amd64', os.version: '10.0', java.version: '17.0.7'&#xa;Driver info: com.kms.katalon.core.webui.driver.firefox.CGeckoDriver&#xa;Capabilities {acceptInsecureCerts: true, browserName: firefox, browserVersion: 133.0, javascriptEnabled: true, moz:accessibilityChecks: false, moz:buildID: 20241121140525, moz:geckodriverVersion: 0.35.0, moz:headless: false, moz:platformVersion: 10.0, moz:processID: 29328, moz:profile: C:\Users\OLVATI\AppData\Loc..., moz:shutdownTimeout: 60000, moz:webdriverClick: true, moz:windowless: false, pageLoadStrategy: normal, platform: WINDOWS, platformName: WINDOWS, proxy: Proxy(direct), setWindowRect: true, strictFileInteractability: false, timeouts: {implicit: 0, pageLoad: 300000, script: 30000}, unhandledPromptBehavior: dismiss and notify, userAgent: Mozilla/5.0 (Windows NT 10....}&#xa;Session ID: 9a67ba23-471c-479c-9407-bda2b004b0c3&#xa;	at jdk.internal.reflect.GeneratedConstructorAccessor32.newInstance(Unknown Source)&#xa;	at java.base/jdk.internal.reflect.DelegatingConstructorAccessorImpl.newInstance(DelegatingConstructorAccessorImpl.java:45)&#xa;	at org.openqa.selenium.remote.http.W3CHttpResponseCodec.createException(W3CHttpResponseCodec.java:187)&#xa;	at org.openqa.selenium.remote.http.W3CHttpResponseCodec.decode(W3CHttpResponseCodec.java:122)&#xa;	at org.openqa.selenium.remote.http.W3CHttpResponseCodec.decode(W3CHttpResponseCodec.java:49)&#xa;	at org.openqa.selenium.remote.HttpCommandExecutor.execute(HttpCommandExecutor.java:158)&#xa;	at org.openqa.selenium.remote.service.DriverCommandExecutor.execute(DriverCommandExecutor.java:83)&#xa;	at org.openqa.selenium.remote.RemoteWebDriver.execute(RemoteWebDriver.java:552)&#xa;	at com.kms.katalon.selenium.driver.CFirefoxDriver.execute(CFirefoxDriver.java:28)&#xa;	at org.openqa.selenium.remote.RemoteWebElement.execute(RemoteWebElement.java:285)&#xa;	at org.openqa.selenium.remote.RemoteWebElement.click(RemoteWebElement.java:84)&#xa;	at jdk.internal.reflect.GeneratedMethodAccessor10.invoke(Unknown Source)&#xa;	at java.base/jdk.internal.reflect.DelegatingMethodAccessorImpl.invoke(DelegatingMethodAccessorImpl.java:43)&#xa;	at org.openqa.selenium.support.events.EventFiringWebDriver$EventFiringWebElement.lambda$new$0(EventFiringWebDriver.java:404)&#xa;	at jdk.proxy2/jdk.proxy2.$Proxy21.click(Unknown Source)&#xa;	at org.openqa.selenium.support.events.EventFiringWebDriver$EventFiringWebElement.click(EventFiringWebDriver.java:417)&#xa;	at org.openqa.selenium.WebElement$click.call(Unknown Source)&#xa;	at com.kms.katalon.core.webui.keyword.builtin.ClickKeyword.clickUntilSuccessWithTimeout(ClickKeyword.groovy:81)&#xa;	at com.kms.katalon.core.webui.keyword.builtin.ClickKeyword.clickUntilSuccessWithTimeout(ClickKeyword.groovy)&#xa;	at jdk.internal.reflect.GeneratedMethodAccessor8.invoke(Unknown Source)&#xa;	at java.base/jdk.internal.reflect.DelegatingMethodAccessorImpl.invoke(DelegatingMethodAccessorImpl.java:43)&#xa;	at com.kms.katalon.core.webui.keyword.builtin.ClickKeyword$_click_closure1.doCall(ClickKeyword.groovy:67)&#xa;	at com.kms.katalon.core.webui.keyword.builtin.ClickKeyword$_click_closure1.call(ClickKeyword.groovy)&#xa;	at com.kms.katalon.core.webui.keyword.internal.WebUIKeywordMain.runKeyword(WebUIKeywordMain.groovy:35)&#xa;	... 38 more&#xa;"/>
         <system-out><![CDATA[27-11-2024T13:37:33 - [TEST_CASE][FAILED] - Test Cases/2.Positivos/2.2Sobre/Origen-Lima/2.Valorado/Entrega_Domicilio/Valorado 501: Test Cases/2.Positivos/2.2Sobre/Origen-Lima/2.Valorado/Entrega_Domicilio/Valorado 501 FAILED.
Reason:
com.kms.katalon.core.exception.StepFailedException: Call Test Case 'Test Cases/1.Inicio/1.1Principal/Selec_sobre' failed
	at com.kms.katalon.core.keyword.builtin.CallTestCaseKeyword$_callTestCase_closure1.doCall(CallTestCaseKeyword.groovy:63)
	at com.kms.katalon.core.keyword.builtin.CallTestCaseKeyword$_callTestCase_closure1.call(CallTestCaseKeyword.groovy)
	at com.kms.katalon.core.keyword.internal.KeywordMain.runKeyword(KeywordMain.groovy:75)
	at com.kms.katalon.core.keyword.builtin.CallTestCaseKeyword.callTestCase(CallTestCaseKeyword.groovy:81)
	at com.kms.katalon.core.keyword.builtin.CallTestCaseKeyword.execute(CallTestCaseKeyword.groovy:44)
	at com.kms.katalon.core.keyword.internal.KeywordExecutor.executeKeywordForPlatform(KeywordExecutor.groovy:74)
	at com.kms.katalon.core.keyword.BuiltinKeywords.callTestCase(BuiltinKeywords.groovy:310)
	at jdk.internal.reflect.GeneratedMethodAccessor25.invoke(Unknown Source)
	at java.base/jdk.internal.reflect.DelegatingMethodAccessorImpl.invoke(DelegatingMethodAccessorImpl.java:43)
	at Valorado 501.run(Valorado 501:22)
	at com.kms.katalon.core.main.ScriptEngine.run(ScriptEngine.java:194)
	at com.kms.katalon.core.main.ScriptEngine.runScriptAsRawText(ScriptEngine.java:119)
	at com.kms.katalon.core.main.TestCaseExecutor.runScript(TestCaseExecutor.java:448)
	at com.kms.katalon.core.main.TestCaseExecutor.doExecute(TestCaseExecutor.java:439)
	at com.kms.katalon.core.main.TestCaseExecutor.processExecutionPhase(TestCaseExecutor.java:418)
	at com.kms.katalon.core.main.TestCaseExecutor.accessMainPhase(TestCaseExecutor.java:410)
	at com.kms.katalon.core.main.TestCaseExecutor.execute(TestCaseExecutor.java:285)
	at com.kms.katalon.core.common.CommonExecutor.accessTestCaseMainPhase(CommonExecutor.java:65)
	at com.kms.katalon.core.main.TestSuiteExecutor.accessTestSuiteMainPhase(TestSuiteExecutor.java:150)
	at com.kms.katalon.core.main.TestSuiteExecutor.execute(TestSuiteExecutor.java:106)
	at com.kms.katalon.core.main.TestCaseMain.startTestSuite(TestCaseMain.java:180)
	at TempTestSuite1732729948317.run(TempTestSuite1732729948317.groovy:35)
	at java.base/jdk.internal.reflect.NativeMethodAccessorImpl.invoke0(Native Method)
	at java.base/jdk.internal.reflect.NativeMethodAccessorImpl.invoke(NativeMethodAccessorImpl.java:77)
	at java.base/jdk.internal.reflect.DelegatingMethodAccessorImpl.invoke(DelegatingMethodAccessorImpl.java:43)
Caused by: com.kms.katalon.core.exception.StepFailedException: Unable to click on object 'Object Repository/Principal/Page_Olva Courier  Home/button_CONTINUAR (2)'
	at com.kms.katalon.core.webui.keyword.internal.WebUIKeywordMain.stepFailed(WebUIKeywordMain.groovy:117)
	at com.kms.katalon.core.webui.keyword.internal.WebUIKeywordMain.runKeyword(WebUIKeywordMain.groovy:43)
	at com.kms.katalon.core.webui.keyword.builtin.ClickKeyword.click(ClickKeyword.groovy:74)
	at com.kms.katalon.core.webui.keyword.builtin.ClickKeyword.execute(ClickKeyword.groovy:40)
	at com.kms.katalon.core.keyword.internal.KeywordExecutor.executeKeywordForPlatform(KeywordExecutor.groovy:74)
	at com.kms.katalon.core.webui.keyword.WebUiBuiltInKeywords.click(WebUiBuiltInKeywords.groovy:659)
	at Selec_sobre.run(Selec_sobre:24)
	at com.kms.katalon.core.main.ScriptEngine.run(ScriptEngine.java:194)
	at com.kms.katalon.core.main.ScriptEngine.runScriptAsRawText(ScriptEngine.java:119)
	at com.kms.katalon.core.main.TestCaseExecutor.runScript(TestCaseExecutor.java:448)
	at com.kms.katalon.core.main.TestCaseExecutor.doExecute(TestCaseExecutor.java:439)
	at com.kms.katalon.core.main.TestCaseExecutor.processExecutionPhase(TestCaseExecutor.java:418)
	at com.kms.katalon.core.main.TestCaseExecutor.accessMainPhase(TestCaseExecutor.java:410)
	at com.kms.katalon.core.main.TestCaseExecutor.execute(TestCaseExecutor.java:285)
	at com.kms.katalon.core.main.TestCaseMain.runTestCase(TestCaseMain.java:137)
	at com.kms.katalon.core.keyword.builtin.CallTestCaseKeyword$_callTestCase_closure1.doCall(CallTestCaseKeyword.groovy:59)
	... 24 more
Caused by: org.openqa.selenium.ElementClickInterceptedException: Element <button id="btn_aceptar_tipo_envio" class="btn disabled" type="button"> is not clickable at point (675,588) because another element <div class="modal-footer"> obscures it
Build info: version: '3.141.59', revision: 'unknown', time: 'unknown'
System info: host: 'DESKTOP-RGFFP9A', ip: '10.136.10.6', os.name: 'Windows 11', os.arch: 'amd64', os.version: '10.0', java.version: '17.0.7'
Driver info: com.kms.katalon.core.webui.driver.firefox.CGeckoDriver
Capabilities {acceptInsecureCerts: true, browserName: firefox, browserVersion: 133.0, javascriptEnabled: true, moz:accessibilityChecks: false, moz:buildID: 20241121140525, moz:geckodriverVersion: 0.35.0, moz:headless: false, moz:platformVersion: 10.0, moz:processID: 29328, moz:profile: C:\Users\OLVATI\AppData\Loc..., moz:shutdownTimeout: 60000, moz:webdriverClick: true, moz:windowless: false, pageLoadStrategy: normal, platform: WINDOWS, platformName: WINDOWS, proxy: Proxy(direct), setWindowRect: true, strictFileInteractability: false, timeouts: {implicit: 0, pageLoad: 300000, script: 30000}, unhandledPromptBehavior: dismiss and notify, userAgent: Mozilla/5.0 (Windows NT 10....}
Session ID: 9a67ba23-471c-479c-9407-bda2b004b0c3
	at jdk.internal.reflect.GeneratedConstructorAccessor32.newInstance(Unknown Source)
	at java.base/jdk.internal.reflect.DelegatingConstructorAccessorImpl.newInstance(DelegatingConstructorAccessorImpl.java:45)
	at org.openqa.selenium.remote.http.W3CHttpResponseCodec.createException(W3CHttpResponseCodec.java:187)
	at org.openqa.selenium.remote.http.W3CHttpResponseCodec.decode(W3CHttpResponseCodec.java:122)
	at org.openqa.selenium.remote.http.W3CHttpResponseCodec.decode(W3CHttpResponseCodec.java:49)
	at org.openqa.selenium.remote.HttpCommandExecutor.execute(HttpCommandExecutor.java:158)
	at org.openqa.selenium.remote.service.DriverCommandExecutor.execute(DriverCommandExecutor.java:83)
	at org.openqa.selenium.remote.RemoteWebDriver.execute(RemoteWebDriver.java:552)
	at com.kms.katalon.selenium.driver.CFirefoxDriver.execute(CFirefoxDriver.java:28)
	at org.openqa.selenium.remote.RemoteWebElement.execute(RemoteWebElement.java:285)
	at org.openqa.selenium.remote.RemoteWebElement.click(RemoteWebElement.java:84)
	at jdk.internal.reflect.GeneratedMethodAccessor10.invoke(Unknown Source)
	at java.base/jdk.internal.reflect.DelegatingMethodAccessorImpl.invoke(DelegatingMethodAccessorImpl.java:43)
	at org.openqa.selenium.support.events.EventFiringWebDriver$EventFiringWebElement.lambda$new$0(EventFiringWebDriver.java:404)
	at jdk.proxy2/jdk.proxy2.$Proxy21.click(Unknown Source)
	at org.openqa.selenium.support.events.EventFiringWebDriver$EventFiringWebElement.click(EventFiringWebDriver.java:417)
	at org.openqa.selenium.WebElement$click.call(Unknown Source)
	at com.kms.katalon.core.webui.keyword.builtin.ClickKeyword.clickUntilSuccessWithTimeout(ClickKeyword.groovy:81)
	at com.kms.katalon.core.webui.keyword.builtin.ClickKeyword.clickUntilSuccessWithTimeout(ClickKeyword.groovy)
	at jdk.internal.reflect.GeneratedMethodAccessor8.invoke(Unknown Source)
	at java.base/jdk.internal.reflect.DelegatingMethodAccessorImpl.invoke(DelegatingMethodAccessorImpl.java:43)
	at com.kms.katalon.core.webui.keyword.builtin.ClickKeyword$_click_closure1.doCall(ClickKeyword.groovy:67)
	at com.kms.katalon.core.webui.keyword.builtin.ClickKeyword$_click_closure1.call(ClickKeyword.groovy)
	at com.kms.katalon.core.webui.keyword.internal.WebUIKeywordMain.runKeyword(WebUIKeywordMain.groovy:35)
	... 38 more


27-11-2024T13:37:33 - [TEST_STEP][PASSED] - callTestCase(findTestCase("1.Inicio/1.1Principal/Principal-home"), [:], STOP_ON_FAILURE): Call Test Case 'Test Cases/1.Inicio/1.1Principal/Principal-home' successfully

27-11-2024T13:37:33 - [TEST_CASE][PASSED] - Test Cases/1.Inicio/1.1Principal/Principal-home: Test Cases/1.Inicio/1.1Principal/Principal-home

27-11-2024T13:37:33 - [TEST_STEP][PASSED] - openBrowser(""): Browser is opened with url: ''

27-11-2024T13:37:33 - [MESSAGE][WARNING] - A browser is already opened. Closing browser and opening a new one

27-11-2024T13:37:34 - [MESSAGE][INFO] - Starting 'Firefox' driver

27-11-2024T13:37:34 - [MESSAGE][INFO] - Action delay is set to 0 milliseconds

27-11-2024T13:37:40 - [MESSAGE][PASSED] - Browser is opened with url: ''

27-11-2024T13:37:40 - [TEST_STEP][PASSED] - navigateToUrl("https://dev01-registrodeenvios.olvacourier.com/principal"): Navigate to 'https://dev01-registrodeenvios.olvacourier.com/principal' successfully

27-11-2024T13:37:41 - [MESSAGE][PASSED] - Navigate to 'https://dev01-registrodeenvios.olvacourier.com/principal' successfully

27-11-2024T13:37:41 - [TEST_STEP][PASSED] - maximizeWindow(): Current window maximized

27-11-2024T13:37:41 - [MESSAGE][PASSED] - Current window maximized

27-11-2024T13:37:41 - [MESSAGE][PASSED] - Call Test Case 'Test Cases/1.Inicio/1.1Principal/Principal-home' successfully

27-11-2024T13:37:41 - [TEST_STEP][FAILED] - callTestCase(findTestCase("1.Inicio/1.1Principal/Selec_sobre"), [:], STOP_ON_FAILURE): Unable to call Test Case 'Test Cases/1.Inicio/1.1Principal/Selec_sobre' (Root cause: com.kms.katalon.core.exception.StepFailedException: Call Test Case 'Test Cases/1.Inicio/1.1Principal/Selec_sobre' failed
	at com.kms.katalon.core.keyword.builtin.CallTestCaseKeyword$_callTestCase_closure1.doCall(CallTestCaseKeyword.groovy:63)
	at com.kms.katalon.core.keyword.builtin.CallTestCaseKeyword$_callTestCase_closure1.call(CallTestCaseKeyword.groovy)
	at com.kms.katalon.core.keyword.internal.KeywordMain.runKeyword(KeywordMain.groovy:75)
	at com.kms.katalon.core.keyword.builtin.CallTestCaseKeyword.callTestCase(CallTestCaseKeyword.groovy:81)
	at com.kms.katalon.core.keyword.builtin.CallTestCaseKeyword.execute(CallTestCaseKeyword.groovy:44)
	at com.kms.katalon.core.keyword.internal.KeywordExecutor.executeKeywordForPlatform(KeywordExecutor.groovy:74)
	at com.kms.katalon.core.keyword.BuiltinKeywords.callTestCase(BuiltinKeywords.groovy:310)
	at jdk.internal.reflect.GeneratedMethodAccessor25.invoke(Unknown Source)
	at java.base/jdk.internal.reflect.DelegatingMethodAccessorImpl.invoke(DelegatingMethodAccessorImpl.java:43)
	at Valorado 501.run(Valorado 501:22)
	at com.kms.katalon.core.main.ScriptEngine.run(ScriptEngine.java:194)
	at com.kms.katalon.core.main.ScriptEngine.runScriptAsRawText(ScriptEngine.java:119)
	at com.kms.katalon.core.main.TestCaseExecutor.runScript(TestCaseExecutor.java:448)
	at com.kms.katalon.core.main.TestCaseExecutor.doExecute(TestCaseExecutor.java:439)
	at com.kms.katalon.core.main.TestCaseExecutor.processExecutionPhase(TestCaseExecutor.java:418)
	at com.kms.katalon.core.main.TestCaseExecutor.accessMainPhase(TestCaseExecutor.java:410)
	at com.kms.katalon.core.main.TestCaseExecutor.execute(TestCaseExecutor.java:285)
	at com.kms.katalon.core.common.CommonExecutor.accessTestCaseMainPhase(CommonExecutor.java:65)
	at com.kms.katalon.core.main.TestSuiteExecutor.accessTestSuiteMainPhase(TestSuiteExecutor.java:150)
	at com.kms.katalon.core.main.TestSuiteExecutor.execute(TestSuiteExecutor.java:106)
	at com.kms.katalon.core.main.TestCaseMain.startTestSuite(TestCaseMain.java:180)
	at TempTestSuite1732729948317.run(TempTestSuite1732729948317.groovy:35)
	at java.base/jdk.internal.reflect.NativeMethodAccessorImpl.invoke0(Native Method)
	at java.base/jdk.internal.reflect.NativeMethodAccessorImpl.invoke(NativeMethodAccessorImpl.java:77)
	at java.base/jdk.internal.reflect.DelegatingMethodAccessorImpl.invoke(DelegatingMethodAccessorImpl.java:43)
Caused by: com.kms.katalon.core.exception.StepFailedException: Unable to click on object 'Object Repository/Principal/Page_Olva Courier  Home/button_CONTINUAR (2)'
	at com.kms.katalon.core.webui.keyword.internal.WebUIKeywordMain.stepFailed(WebUIKeywordMain.groovy:117)
	at com.kms.katalon.core.webui.keyword.internal.WebUIKeywordMain.runKeyword(WebUIKeywordMain.groovy:43)
	at com.kms.katalon.core.webui.keyword.builtin.ClickKeyword.click(ClickKeyword.groovy:74)
	at com.kms.katalon.core.webui.keyword.builtin.ClickKeyword.execute(ClickKeyword.groovy:40)
	at com.kms.katalon.core.keyword.internal.KeywordExecutor.executeKeywordForPlatform(KeywordExecutor.groovy:74)
	at com.kms.katalon.core.webui.keyword.WebUiBuiltInKeywords.click(WebUiBuiltInKeywords.groovy:659)
	at Selec_sobre.run(Selec_sobre:24)
	at com.kms.katalon.core.main.ScriptEngine.run(ScriptEngine.java:194)
	at com.kms.katalon.core.main.ScriptEngine.runScriptAsRawText(ScriptEngine.java:119)
	at com.kms.katalon.core.main.TestCaseExecutor.runScript(TestCaseExecutor.java:448)
	at com.kms.katalon.core.main.TestCaseExecutor.doExecute(TestCaseExecutor.java:439)
	at com.kms.katalon.core.main.TestCaseExecutor.processExecutionPhase(TestCaseExecutor.java:418)
	at com.kms.katalon.core.main.TestCaseExecutor.accessMainPhase(TestCaseExecutor.java:410)
	at com.kms.katalon.core.main.TestCaseExecutor.execute(TestCaseExecutor.java:285)
	at com.kms.katalon.core.main.TestCaseMain.runTestCase(TestCaseMain.java:137)
	at com.kms.katalon.core.keyword.builtin.CallTestCaseKeyword$_callTestCase_closure1.doCall(CallTestCaseKeyword.groovy:59)
	... 24 more
Caused by: org.openqa.selenium.ElementClickInterceptedException: Element <button id="btn_aceptar_tipo_envio" class="btn disabled" type="button"> is not clickable at point (675,588) because another element <div class="modal-footer"> obscures it
Build info: version: '3.141.59', revision: 'unknown', time: 'unknown'
System info: host: 'DESKTOP-RGFFP9A', ip: '10.136.10.6', os.name: 'Windows 11', os.arch: 'amd64', os.version: '10.0', java.version: '17.0.7'
Driver info: com.kms.katalon.core.webui.driver.firefox.CGeckoDriver
Capabilities {acceptInsecureCerts: true, browserName: firefox, browserVersion: 133.0, javascriptEnabled: true, moz:accessibilityChecks: false, moz:buildID: 20241121140525, moz:geckodriverVersion: 0.35.0, moz:headless: false, moz:platformVersion: 10.0, moz:processID: 29328, moz:profile: C:\Users\OLVATI\AppData\Loc..., moz:shutdownTimeout: 60000, moz:webdriverClick: true, moz:windowless: false, pageLoadStrategy: normal, platform: WINDOWS, platformName: WINDOWS, proxy: Proxy(direct), setWindowRect: true, strictFileInteractability: false, timeouts: {implicit: 0, pageLoad: 300000, script: 30000}, unhandledPromptBehavior: dismiss and notify, userAgent: Mozilla/5.0 (Windows NT 10....}
Session ID: 9a67ba23-471c-479c-9407-bda2b004b0c3
	at jdk.internal.reflect.GeneratedConstructorAccessor32.newInstance(Unknown Source)
	at java.base/jdk.internal.reflect.DelegatingConstructorAccessorImpl.newInstance(DelegatingConstructorAccessorImpl.java:45)
	at org.openqa.selenium.remote.http.W3CHttpResponseCodec.createException(W3CHttpResponseCodec.java:187)
	at org.openqa.selenium.remote.http.W3CHttpResponseCodec.decode(W3CHttpResponseCodec.java:122)
	at org.openqa.selenium.remote.http.W3CHttpResponseCodec.decode(W3CHttpResponseCodec.java:49)
	at org.openqa.selenium.remote.HttpCommandExecutor.execute(HttpCommandExecutor.java:158)
	at org.openqa.selenium.remote.service.DriverCommandExecutor.execute(DriverCommandExecutor.java:83)
	at org.openqa.selenium.remote.RemoteWebDriver.execute(RemoteWebDriver.java:552)
	at com.kms.katalon.selenium.driver.CFirefoxDriver.execute(CFirefoxDriver.java:28)
	at org.openqa.selenium.remote.RemoteWebElement.execute(RemoteWebElement.java:285)
	at org.openqa.selenium.remote.RemoteWebElement.click(RemoteWebElement.java:84)
	at jdk.internal.reflect.GeneratedMethodAccessor10.invoke(Unknown Source)
	at java.base/jdk.internal.reflect.DelegatingMethodAccessorImpl.invoke(DelegatingMethodAccessorImpl.java:43)
	at org.openqa.selenium.support.events.EventFiringWebDriver$EventFiringWebElement.lambda$new$0(EventFiringWebDriver.java:404)
	at jdk.proxy2/jdk.proxy2.$Proxy21.click(Unknown Source)
	at org.openqa.selenium.support.events.EventFiringWebDriver$EventFiringWebElement.click(EventFiringWebDriver.java:417)
	at org.openqa.selenium.WebElement$click.call(Unknown Source)
	at com.kms.katalon.core.webui.keyword.builtin.ClickKeyword.clickUntilSuccessWithTimeout(ClickKeyword.groovy:81)
	at com.kms.katalon.core.webui.keyword.builtin.ClickKeyword.clickUntilSuccessWithTimeout(ClickKeyword.groovy)
	at jdk.internal.reflect.GeneratedMethodAccessor8.invoke(Unknown Source)
	at java.base/jdk.internal.reflect.DelegatingMethodAccessorImpl.invoke(DelegatingMethodAccessorImpl.java:43)
	at com.kms.katalon.core.webui.keyword.builtin.ClickKeyword$_click_closure1.doCall(ClickKeyword.groovy:67)
	at com.kms.katalon.core.webui.keyword.builtin.ClickKeyword$_click_closure1.call(ClickKeyword.groovy)
	at com.kms.katalon.core.webui.keyword.internal.WebUIKeywordMain.runKeyword(WebUIKeywordMain.groovy:35)
	... 38 more
)

27-11-2024T13:37:41 - [TEST_CASE][FAILED] - Test Cases/1.Inicio/1.1Principal/Selec_sobre: Test Cases/1.Inicio/1.1Principal/Selec_sobre FAILED.
Reason:
com.kms.katalon.core.exception.StepFailedException: Unable to click on object 'Object Repository/Principal/Page_Olva Courier  Home/button_CONTINUAR (2)'
	at com.kms.katalon.core.webui.keyword.internal.WebUIKeywordMain.stepFailed(WebUIKeywordMain.groovy:117)
	at com.kms.katalon.core.webui.keyword.internal.WebUIKeywordMain.runKeyword(WebUIKeywordMain.groovy:43)
	at com.kms.katalon.core.webui.keyword.builtin.ClickKeyword.click(ClickKeyword.groovy:74)
	at com.kms.katalon.core.webui.keyword.builtin.ClickKeyword.execute(ClickKeyword.groovy:40)
	at com.kms.katalon.core.keyword.internal.KeywordExecutor.executeKeywordForPlatform(KeywordExecutor.groovy:74)
	at com.kms.katalon.core.webui.keyword.WebUiBuiltInKeywords.click(WebUiBuiltInKeywords.groovy:659)
	at Selec_sobre.run(Selec_sobre:24)
	at com.kms.katalon.core.main.ScriptEngine.run(ScriptEngine.java:194)
	at com.kms.katalon.core.main.ScriptEngine.runScriptAsRawText(ScriptEngine.java:119)
	at com.kms.katalon.core.main.TestCaseExecutor.runScript(TestCaseExecutor.java:448)
	at com.kms.katalon.core.main.TestCaseExecutor.doExecute(TestCaseExecutor.java:439)
	at com.kms.katalon.core.main.TestCaseExecutor.processExecutionPhase(TestCaseExecutor.java:418)
	at com.kms.katalon.core.main.TestCaseExecutor.accessMainPhase(TestCaseExecutor.java:410)
	at com.kms.katalon.core.main.TestCaseExecutor.execute(TestCaseExecutor.java:285)
	at com.kms.katalon.core.main.TestCaseMain.runTestCase(TestCaseMain.java:137)
	at com.kms.katalon.core.keyword.builtin.CallTestCaseKeyword$_callTestCase_closure1.doCall(CallTestCaseKeyword.groovy:59)
	at com.kms.katalon.core.keyword.builtin.CallTestCaseKeyword$_callTestCase_closure1.call(CallTestCaseKeyword.groovy)
	at com.kms.katalon.core.keyword.internal.KeywordMain.runKeyword(KeywordMain.groovy:75)
	at com.kms.katalon.core.keyword.builtin.CallTestCaseKeyword.callTestCase(CallTestCaseKeyword.groovy:81)
	at com.kms.katalon.core.keyword.builtin.CallTestCaseKeyword.execute(CallTestCaseKeyword.groovy:44)
	at com.kms.katalon.core.keyword.internal.KeywordExecutor.executeKeywordForPlatform(KeywordExecutor.groovy:74)
	at com.kms.katalon.core.keyword.BuiltinKeywords.callTestCase(BuiltinKeywords.groovy:310)
	at jdk.internal.reflect.GeneratedMethodAccessor25.invoke(Unknown Source)
	at java.base/jdk.internal.reflect.DelegatingMethodAccessorImpl.invoke(DelegatingMethodAccessorImpl.java:43)
	at Valorado 501.run(Valorado 501:22)
	at com.kms.katalon.core.main.ScriptEngine.run(ScriptEngine.java:194)
	at com.kms.katalon.core.main.ScriptEngine.runScriptAsRawText(ScriptEngine.java:119)
	at com.kms.katalon.core.main.TestCaseExecutor.runScript(TestCaseExecutor.java:448)
	at com.kms.katalon.core.main.TestCaseExecutor.doExecute(TestCaseExecutor.java:439)
	at com.kms.katalon.core.main.TestCaseExecutor.processExecutionPhase(TestCaseExecutor.java:418)
	at com.kms.katalon.core.main.TestCaseExecutor.accessMainPhase(TestCaseExecutor.java:410)
	at com.kms.katalon.core.main.TestCaseExecutor.execute(TestCaseExecutor.java:285)
	at com.kms.katalon.core.common.CommonExecutor.accessTestCaseMainPhase(CommonExecutor.java:65)
	at com.kms.katalon.core.main.TestSuiteExecutor.accessTestSuiteMainPhase(TestSuiteExecutor.java:150)
	at com.kms.katalon.core.main.TestSuiteExecutor.execute(TestSuiteExecutor.java:106)
	at com.kms.katalon.core.main.TestCaseMain.startTestSuite(TestCaseMain.java:180)
	at TempTestSuite1732729948317.run(TempTestSuite1732729948317.groovy:35)
	at java.base/jdk.internal.reflect.NativeMethodAccessorImpl.invoke0(Native Method)
	at java.base/jdk.internal.reflect.NativeMethodAccessorImpl.invoke(NativeMethodAccessorImpl.java:77)
	at java.base/jdk.internal.reflect.DelegatingMethodAccessorImpl.invoke(DelegatingMethodAccessorImpl.java:43)
Caused by: org.openqa.selenium.ElementClickInterceptedException: Element <button id="btn_aceptar_tipo_envio" class="btn disabled" type="button"> is not clickable at point (675,588) because another element <div class="modal-footer"> obscures it
Build info: version: '3.141.59', revision: 'unknown', time: 'unknown'
System info: host: 'DESKTOP-RGFFP9A', ip: '10.136.10.6', os.name: 'Windows 11', os.arch: 'amd64', os.version: '10.0', java.version: '17.0.7'
Driver info: com.kms.katalon.core.webui.driver.firefox.CGeckoDriver
Capabilities {acceptInsecureCerts: true, browserName: firefox, browserVersion: 133.0, javascriptEnabled: true, moz:accessibilityChecks: false, moz:buildID: 20241121140525, moz:geckodriverVersion: 0.35.0, moz:headless: false, moz:platformVersion: 10.0, moz:processID: 29328, moz:profile: C:\Users\OLVATI\AppData\Loc..., moz:shutdownTimeout: 60000, moz:webdriverClick: true, moz:windowless: false, pageLoadStrategy: normal, platform: WINDOWS, platformName: WINDOWS, proxy: Proxy(direct), setWindowRect: true, strictFileInteractability: false, timeouts: {implicit: 0, pageLoad: 300000, script: 30000}, unhandledPromptBehavior: dismiss and notify, userAgent: Mozilla/5.0 (Windows NT 10....}
Session ID: 9a67ba23-471c-479c-9407-bda2b004b0c3
	at jdk.internal.reflect.GeneratedConstructorAccessor32.newInstance(Unknown Source)
	at java.base/jdk.internal.reflect.DelegatingConstructorAccessorImpl.newInstance(DelegatingConstructorAccessorImpl.java:45)
	at org.openqa.selenium.remote.http.W3CHttpResponseCodec.createException(W3CHttpResponseCodec.java:187)
	at org.openqa.selenium.remote.http.W3CHttpResponseCodec.decode(W3CHttpResponseCodec.java:122)
	at org.openqa.selenium.remote.http.W3CHttpResponseCodec.decode(W3CHttpResponseCodec.java:49)
	at org.openqa.selenium.remote.HttpCommandExecutor.execute(HttpCommandExecutor.java:158)
	at org.openqa.selenium.remote.service.DriverCommandExecutor.execute(DriverCommandExecutor.java:83)
	at org.openqa.selenium.remote.RemoteWebDriver.execute(RemoteWebDriver.java:552)
	at com.kms.katalon.selenium.driver.CFirefoxDriver.execute(CFirefoxDriver.java:28)
	at org.openqa.selenium.remote.RemoteWebElement.execute(RemoteWebElement.java:285)
	at org.openqa.selenium.remote.RemoteWebElement.click(RemoteWebElement.java:84)
	at jdk.internal.reflect.GeneratedMethodAccessor10.invoke(Unknown Source)
	at java.base/jdk.internal.reflect.DelegatingMethodAccessorImpl.invoke(DelegatingMethodAccessorImpl.java:43)
	at org.openqa.selenium.support.events.EventFiringWebDriver$EventFiringWebElement.lambda$new$0(EventFiringWebDriver.java:404)
	at jdk.proxy2/jdk.proxy2.$Proxy21.click(Unknown Source)
	at org.openqa.selenium.support.events.EventFiringWebDriver$EventFiringWebElement.click(EventFiringWebDriver.java:417)
	at org.openqa.selenium.WebElement$click.call(Unknown Source)
	at com.kms.katalon.core.webui.keyword.builtin.ClickKeyword.clickUntilSuccessWithTimeout(ClickKeyword.groovy:81)
	at com.kms.katalon.core.webui.keyword.builtin.ClickKeyword.clickUntilSuccessWithTimeout(ClickKeyword.groovy)
	at jdk.internal.reflect.GeneratedMethodAccessor8.invoke(Unknown Source)
	at java.base/jdk.internal.reflect.DelegatingMethodAccessorImpl.invoke(DelegatingMethodAccessorImpl.java:43)
	at com.kms.katalon.core.webui.keyword.builtin.ClickKeyword$_click_closure1.doCall(ClickKeyword.groovy:67)
	at com.kms.katalon.core.webui.keyword.builtin.ClickKeyword$_click_closure1.call(ClickKeyword.groovy)
	at com.kms.katalon.core.webui.keyword.internal.WebUIKeywordMain.runKeyword(WebUIKeywordMain.groovy:35)
	... 38 more


27-11-2024T13:37:41 - [TEST_STEP][PASSED] - click(findTestObject("Object Repository/Principal/Page_Olva Courier  Home/img_Envo de cajas o paquetescon un peso mxi_37770f")): Object: 'Object Repository/Principal/Page_Olva Courier  Home/img_Envo de cajas o paquetescon un peso mxi_37770f' is clicked on

27-11-2024T13:37:42 - [MESSAGE][PASSED] - Object: 'Object Repository/Principal/Page_Olva Courier  Home/img_Envo de cajas o paquetescon un peso mxi_37770f' is clicked on

27-11-2024T13:37:42 - [TEST_STEP][PASSED] - click(findTestObject("Object Repository/Principal/Page_Olva Courier  Home/label_He ledo y acepto los trminos de uso y_adab65")): Object: 'Object Repository/Principal/Page_Olva Courier  Home/label_He ledo y acepto los trminos de uso y_adab65' is clicked on

27-11-2024T13:37:42 - [MESSAGE][PASSED] - Object: 'Object Repository/Principal/Page_Olva Courier  Home/label_He ledo y acepto los trminos de uso y_adab65' is clicked on

27-11-2024T13:37:42 - [TEST_STEP][FAILED] - click(findTestObject("Object Repository/Principal/Page_Olva Courier  Home/button_CONTINUAR (2)")): Unable to click on object 'Object Repository/Principal/Page_Olva Courier  Home/button_CONTINUAR (2)' (Root cause: com.kms.katalon.core.exception.StepFailedException: Unable to click on object 'Object Repository/Principal/Page_Olva Courier  Home/button_CONTINUAR (2)'
	at com.kms.katalon.core.webui.keyword.internal.WebUIKeywordMain.stepFailed(WebUIKeywordMain.groovy:117)
	at com.kms.katalon.core.webui.keyword.internal.WebUIKeywordMain.runKeyword(WebUIKeywordMain.groovy:43)
	at com.kms.katalon.core.webui.keyword.builtin.ClickKeyword.click(ClickKeyword.groovy:74)
	at com.kms.katalon.core.webui.keyword.builtin.ClickKeyword.execute(ClickKeyword.groovy:40)
	at com.kms.katalon.core.keyword.internal.KeywordExecutor.executeKeywordForPlatform(KeywordExecutor.groovy:74)
	at com.kms.katalon.core.webui.keyword.WebUiBuiltInKeywords.click(WebUiBuiltInKeywords.groovy:659)
	at Selec_sobre.run(Selec_sobre:24)
	at com.kms.katalon.core.main.ScriptEngine.run(ScriptEngine.java:194)
	at com.kms.katalon.core.main.ScriptEngine.runScriptAsRawText(ScriptEngine.java:119)
	at com.kms.katalon.core.main.TestCaseExecutor.runScript(TestCaseExecutor.java:448)
	at com.kms.katalon.core.main.TestCaseExecutor.doExecute(TestCaseExecutor.java:439)
	at com.kms.katalon.core.main.TestCaseExecutor.processExecutionPhase(TestCaseExecutor.java:418)
	at com.kms.katalon.core.main.TestCaseExecutor.accessMainPhase(TestCaseExecutor.java:410)
	at com.kms.katalon.core.main.TestCaseExecutor.execute(TestCaseExecutor.java:285)
	at com.kms.katalon.core.main.TestCaseMain.runTestCase(TestCaseMain.java:137)
	at com.kms.katalon.core.keyword.builtin.CallTestCaseKeyword$_callTestCase_closure1.doCall(CallTestCaseKeyword.groovy:59)
	at com.kms.katalon.core.keyword.builtin.CallTestCaseKeyword$_callTestCase_closure1.call(CallTestCaseKeyword.groovy)
	at com.kms.katalon.core.keyword.internal.KeywordMain.runKeyword(KeywordMain.groovy:75)
	at com.kms.katalon.core.keyword.builtin.CallTestCaseKeyword.callTestCase(CallTestCaseKeyword.groovy:81)
	at com.kms.katalon.core.keyword.builtin.CallTestCaseKeyword.execute(CallTestCaseKeyword.groovy:44)
	at com.kms.katalon.core.keyword.internal.KeywordExecutor.executeKeywordForPlatform(KeywordExecutor.groovy:74)
	at com.kms.katalon.core.keyword.BuiltinKeywords.callTestCase(BuiltinKeywords.groovy:310)
	at jdk.internal.reflect.GeneratedMethodAccessor25.invoke(Unknown Source)
	at java.base/jdk.internal.reflect.DelegatingMethodAccessorImpl.invoke(DelegatingMethodAccessorImpl.java:43)
	at Valorado 501.run(Valorado 501:22)
	at com.kms.katalon.core.main.ScriptEngine.run(ScriptEngine.java:194)
	at com.kms.katalon.core.main.ScriptEngine.runScriptAsRawText(ScriptEngine.java:119)
	at com.kms.katalon.core.main.TestCaseExecutor.runScript(TestCaseExecutor.java:448)
	at com.kms.katalon.core.main.TestCaseExecutor.doExecute(TestCaseExecutor.java:439)
	at com.kms.katalon.core.main.TestCaseExecutor.processExecutionPhase(TestCaseExecutor.java:418)
	at com.kms.katalon.core.main.TestCaseExecutor.accessMainPhase(TestCaseExecutor.java:410)
	at com.kms.katalon.core.main.TestCaseExecutor.execute(TestCaseExecutor.java:285)
	at com.kms.katalon.core.common.CommonExecutor.accessTestCaseMainPhase(CommonExecutor.java:65)
	at com.kms.katalon.core.main.TestSuiteExecutor.accessTestSuiteMainPhase(TestSuiteExecutor.java:150)
	at com.kms.katalon.core.main.TestSuiteExecutor.execute(TestSuiteExecutor.java:106)
	at com.kms.katalon.core.main.TestCaseMain.startTestSuite(TestCaseMain.java:180)
	at TempTestSuite1732729948317.run(TempTestSuite1732729948317.groovy:35)
	at java.base/jdk.internal.reflect.NativeMethodAccessorImpl.invoke0(Native Method)
	at java.base/jdk.internal.reflect.NativeMethodAccessorImpl.invoke(NativeMethodAccessorImpl.java:77)
	at java.base/jdk.internal.reflect.DelegatingMethodAccessorImpl.invoke(DelegatingMethodAccessorImpl.java:43)
Caused by: org.openqa.selenium.ElementClickInterceptedException: Element <button id="btn_aceptar_tipo_envio" class="btn disabled" type="button"> is not clickable at point (675,588) because another element <div class="modal-footer"> obscures it
Build info: version: '3.141.59', revision: 'unknown', time: 'unknown'
System info: host: 'DESKTOP-RGFFP9A', ip: '10.136.10.6', os.name: 'Windows 11', os.arch: 'amd64', os.version: '10.0', java.version: '17.0.7'
Driver info: com.kms.katalon.core.webui.driver.firefox.CGeckoDriver
Capabilities {acceptInsecureCerts: true, browserName: firefox, browserVersion: 133.0, javascriptEnabled: true, moz:accessibilityChecks: false, moz:buildID: 20241121140525, moz:geckodriverVersion: 0.35.0, moz:headless: false, moz:platformVersion: 10.0, moz:processID: 29328, moz:profile: C:\Users\OLVATI\AppData\Loc..., moz:shutdownTimeout: 60000, moz:webdriverClick: true, moz:windowless: false, pageLoadStrategy: normal, platform: WINDOWS, platformName: WINDOWS, proxy: Proxy(direct), setWindowRect: true, strictFileInteractability: false, timeouts: {implicit: 0, pageLoad: 300000, script: 30000}, unhandledPromptBehavior: dismiss and notify, userAgent: Mozilla/5.0 (Windows NT 10....}
Session ID: 9a67ba23-471c-479c-9407-bda2b004b0c3
	at jdk.internal.reflect.GeneratedConstructorAccessor32.newInstance(Unknown Source)
	at java.base/jdk.internal.reflect.DelegatingConstructorAccessorImpl.newInstance(DelegatingConstructorAccessorImpl.java:45)
	at org.openqa.selenium.remote.http.W3CHttpResponseCodec.createException(W3CHttpResponseCodec.java:187)
	at org.openqa.selenium.remote.http.W3CHttpResponseCodec.decode(W3CHttpResponseCodec.java:122)
	at org.openqa.selenium.remote.http.W3CHttpResponseCodec.decode(W3CHttpResponseCodec.java:49)
	at org.openqa.selenium.remote.HttpCommandExecutor.execute(HttpCommandExecutor.java:158)
	at org.openqa.selenium.remote.service.DriverCommandExecutor.execute(DriverCommandExecutor.java:83)
	at org.openqa.selenium.remote.RemoteWebDriver.execute(RemoteWebDriver.java:552)
	at com.kms.katalon.selenium.driver.CFirefoxDriver.execute(CFirefoxDriver.java:28)
	at org.openqa.selenium.remote.RemoteWebElement.execute(RemoteWebElement.java:285)
	at org.openqa.selenium.remote.RemoteWebElement.click(RemoteWebElement.java:84)
	at jdk.internal.reflect.GeneratedMethodAccessor10.invoke(Unknown Source)
	at java.base/jdk.internal.reflect.DelegatingMethodAccessorImpl.invoke(DelegatingMethodAccessorImpl.java:43)
	at org.openqa.selenium.support.events.EventFiringWebDriver$EventFiringWebElement.lambda$new$0(EventFiringWebDriver.java:404)
	at jdk.proxy2/jdk.proxy2.$Proxy21.click(Unknown Source)
	at org.openqa.selenium.support.events.EventFiringWebDriver$EventFiringWebElement.click(EventFiringWebDriver.java:417)
	at org.openqa.selenium.WebElement$click.call(Unknown Source)
	at com.kms.katalon.core.webui.keyword.builtin.ClickKeyword.clickUntilSuccessWithTimeout(ClickKeyword.groovy:81)
	at com.kms.katalon.core.webui.keyword.builtin.ClickKeyword.clickUntilSuccessWithTimeout(ClickKeyword.groovy)
	at jdk.internal.reflect.GeneratedMethodAccessor8.invoke(Unknown Source)
	at java.base/jdk.internal.reflect.DelegatingMethodAccessorImpl.invoke(DelegatingMethodAccessorImpl.java:43)
	at com.kms.katalon.core.webui.keyword.builtin.ClickKeyword$_click_closure1.doCall(ClickKeyword.groovy:67)
	at com.kms.katalon.core.webui.keyword.builtin.ClickKeyword$_click_closure1.call(ClickKeyword.groovy)
	at com.kms.katalon.core.webui.keyword.internal.WebUIKeywordMain.runKeyword(WebUIKeywordMain.groovy:35)
	at com.kms.katalon.core.webui.keyword.builtin.ClickKeyword.click(ClickKeyword.groovy:74)
	at com.kms.katalon.core.webui.keyword.builtin.ClickKeyword.execute(ClickKeyword.groovy:40)
	at com.kms.katalon.core.keyword.internal.KeywordExecutor.executeKeywordForPlatform(KeywordExecutor.groovy:74)
	at com.kms.katalon.core.webui.keyword.WebUiBuiltInKeywords.click(WebUiBuiltInKeywords.groovy:659)
	at Script1732083570761.run(Script1732083570761.groovy:24)
	at com.kms.katalon.core.main.ScriptEngine.run(ScriptEngine.java:194)
	at com.kms.katalon.core.main.ScriptEngine.runScriptAsRawText(ScriptEngine.java:119)
	at com.kms.katalon.core.main.TestCaseExecutor.runScript(TestCaseExecutor.java:448)
	at com.kms.katalon.core.main.TestCaseExecutor.doExecute(TestCaseExecutor.java:439)
	at com.kms.katalon.core.main.TestCaseExecutor.processExecutionPhase(TestCaseExecutor.java:418)
	at com.kms.katalon.core.main.TestCaseExecutor.accessMainPhase(TestCaseExecutor.java:410)
	at com.kms.katalon.core.main.TestCaseExecutor.execute(TestCaseExecutor.java:285)
	at com.kms.katalon.core.main.TestCaseMain.runTestCase(TestCaseMain.java:137)
	at com.kms.katalon.core.keyword.builtin.CallTestCaseKeyword$_callTestCase_closure1.doCall(CallTestCaseKeyword.groovy:59)
	at com.kms.katalon.core.keyword.builtin.CallTestCaseKeyword$_callTestCase_closure1.call(CallTestCaseKeyword.groovy)
	at com.kms.katalon.core.keyword.internal.KeywordMain.runKeyword(KeywordMain.groovy:75)
	at com.kms.katalon.core.keyword.builtin.CallTestCaseKeyword.callTestCase(CallTestCaseKeyword.groovy:81)
	at com.kms.katalon.core.keyword.builtin.CallTestCaseKeyword.execute(CallTestCaseKeyword.groovy:44)
	at com.kms.katalon.core.keyword.internal.KeywordExecutor.executeKeywordForPlatform(KeywordExecutor.groovy:74)
	at com.kms.katalon.core.keyword.BuiltinKeywords.callTestCase(BuiltinKeywords.groovy:310)
	at jdk.internal.reflect.GeneratedMethodAccessor25.invoke(Unknown Source)
	at java.base/jdk.internal.reflect.DelegatingMethodAccessorImpl.invoke(DelegatingMethodAccessorImpl.java:43)
	at Script1732341471704.run(Script1732341471704.groovy:22)
	... 15 more
)

27-11-2024T13:38:13 - [MESSAGE][FAILED] - Unable to click on object 'Object Repository/Principal/Page_Olva Courier  Home/button_CONTINUAR (2)' (Root cause: com.kms.katalon.core.exception.StepFailedException: Unable to click on object 'Object Repository/Principal/Page_Olva Courier  Home/button_CONTINUAR (2)'
	at com.kms.katalon.core.webui.keyword.internal.WebUIKeywordMain.stepFailed(WebUIKeywordMain.groovy:117)
	at com.kms.katalon.core.webui.keyword.internal.WebUIKeywordMain.runKeyword(WebUIKeywordMain.groovy:43)
	at com.kms.katalon.core.webui.keyword.builtin.ClickKeyword.click(ClickKeyword.groovy:74)
	at com.kms.katalon.core.webui.keyword.builtin.ClickKeyword.execute(ClickKeyword.groovy:40)
	at com.kms.katalon.core.keyword.internal.KeywordExecutor.executeKeywordForPlatform(KeywordExecutor.groovy:74)
	at com.kms.katalon.core.webui.keyword.WebUiBuiltInKeywords.click(WebUiBuiltInKeywords.groovy:659)
	at Selec_sobre.run(Selec_sobre:24)
	at com.kms.katalon.core.main.ScriptEngine.run(ScriptEngine.java:194)
	at com.kms.katalon.core.main.ScriptEngine.runScriptAsRawText(ScriptEngine.java:119)
	at com.kms.katalon.core.main.TestCaseExecutor.runScript(TestCaseExecutor.java:448)
	at com.kms.katalon.core.main.TestCaseExecutor.doExecute(TestCaseExecutor.java:439)
	at com.kms.katalon.core.main.TestCaseExecutor.processExecutionPhase(TestCaseExecutor.java:418)
	at com.kms.katalon.core.main.TestCaseExecutor.accessMainPhase(TestCaseExecutor.java:410)
	at com.kms.katalon.core.main.TestCaseExecutor.execute(TestCaseExecutor.java:285)
	at com.kms.katalon.core.main.TestCaseMain.runTestCase(TestCaseMain.java:137)
	at com.kms.katalon.core.keyword.builtin.CallTestCaseKeyword$_callTestCase_closure1.doCall(CallTestCaseKeyword.groovy:59)
	at com.kms.katalon.core.keyword.builtin.CallTestCaseKeyword$_callTestCase_closure1.call(CallTestCaseKeyword.groovy)
	at com.kms.katalon.core.keyword.internal.KeywordMain.runKeyword(KeywordMain.groovy:75)
	at com.kms.katalon.core.keyword.builtin.CallTestCaseKeyword.callTestCase(CallTestCaseKeyword.groovy:81)
	at com.kms.katalon.core.keyword.builtin.CallTestCaseKeyword.execute(CallTestCaseKeyword.groovy:44)
	at com.kms.katalon.core.keyword.internal.KeywordExecutor.executeKeywordForPlatform(KeywordExecutor.groovy:74)
	at com.kms.katalon.core.keyword.BuiltinKeywords.callTestCase(BuiltinKeywords.groovy:310)
	at jdk.internal.reflect.GeneratedMethodAccessor25.invoke(Unknown Source)
	at java.base/jdk.internal.reflect.DelegatingMethodAccessorImpl.invoke(DelegatingMethodAccessorImpl.java:43)
	at Valorado 501.run(Valorado 501:22)
	at com.kms.katalon.core.main.ScriptEngine.run(ScriptEngine.java:194)
	at com.kms.katalon.core.main.ScriptEngine.runScriptAsRawText(ScriptEngine.java:119)
	at com.kms.katalon.core.main.TestCaseExecutor.runScript(TestCaseExecutor.java:448)
	at com.kms.katalon.core.main.TestCaseExecutor.doExecute(TestCaseExecutor.java:439)
	at com.kms.katalon.core.main.TestCaseExecutor.processExecutionPhase(TestCaseExecutor.java:418)
	at com.kms.katalon.core.main.TestCaseExecutor.accessMainPhase(TestCaseExecutor.java:410)
	at com.kms.katalon.core.main.TestCaseExecutor.execute(TestCaseExecutor.java:285)
	at com.kms.katalon.core.common.CommonExecutor.accessTestCaseMainPhase(CommonExecutor.java:65)
	at com.kms.katalon.core.main.TestSuiteExecutor.accessTestSuiteMainPhase(TestSuiteExecutor.java:150)
	at com.kms.katalon.core.main.TestSuiteExecutor.execute(TestSuiteExecutor.java:106)
	at com.kms.katalon.core.main.TestCaseMain.startTestSuite(TestCaseMain.java:180)
	at TempTestSuite1732729948317.run(TempTestSuite1732729948317.groovy:35)
	at java.base/jdk.internal.reflect.NativeMethodAccessorImpl.invoke0(Native Method)
	at java.base/jdk.internal.reflect.NativeMethodAccessorImpl.invoke(NativeMethodAccessorImpl.java:77)
	at java.base/jdk.internal.reflect.DelegatingMethodAccessorImpl.invoke(DelegatingMethodAccessorImpl.java:43)
Caused by: org.openqa.selenium.ElementClickInterceptedException: Element <button id="btn_aceptar_tipo_envio" class="btn disabled" type="button"> is not clickable at point (675,588) because another element <div class="modal-footer"> obscures it
Build info: version: '3.141.59', revision: 'unknown', time: 'unknown'
System info: host: 'DESKTOP-RGFFP9A', ip: '10.136.10.6', os.name: 'Windows 11', os.arch: 'amd64', os.version: '10.0', java.version: '17.0.7'
Driver info: com.kms.katalon.core.webui.driver.firefox.CGeckoDriver
Capabilities {acceptInsecureCerts: true, browserName: firefox, browserVersion: 133.0, javascriptEnabled: true, moz:accessibilityChecks: false, moz:buildID: 20241121140525, moz:geckodriverVersion: 0.35.0, moz:headless: false, moz:platformVersion: 10.0, moz:processID: 29328, moz:profile: C:\Users\OLVATI\AppData\Loc..., moz:shutdownTimeout: 60000, moz:webdriverClick: true, moz:windowless: false, pageLoadStrategy: normal, platform: WINDOWS, platformName: WINDOWS, proxy: Proxy(direct), setWindowRect: true, strictFileInteractability: false, timeouts: {implicit: 0, pageLoad: 300000, script: 30000}, unhandledPromptBehavior: dismiss and notify, userAgent: Mozilla/5.0 (Windows NT 10....}
Session ID: 9a67ba23-471c-479c-9407-bda2b004b0c3
	at jdk.internal.reflect.GeneratedConstructorAccessor32.newInstance(Unknown Source)
	at java.base/jdk.internal.reflect.DelegatingConstructorAccessorImpl.newInstance(DelegatingConstructorAccessorImpl.java:45)
	at org.openqa.selenium.remote.http.W3CHttpResponseCodec.createException(W3CHttpResponseCodec.java:187)
	at org.openqa.selenium.remote.http.W3CHttpResponseCodec.decode(W3CHttpResponseCodec.java:122)
	at org.openqa.selenium.remote.http.W3CHttpResponseCodec.decode(W3CHttpResponseCodec.java:49)
	at org.openqa.selenium.remote.HttpCommandExecutor.execute(HttpCommandExecutor.java:158)
	at org.openqa.selenium.remote.service.DriverCommandExecutor.execute(DriverCommandExecutor.java:83)
	at org.openqa.selenium.remote.RemoteWebDriver.execute(RemoteWebDriver.java:552)
	at com.kms.katalon.selenium.driver.CFirefoxDriver.execute(CFirefoxDriver.java:28)
	at org.openqa.selenium.remote.RemoteWebElement.execute(RemoteWebElement.java:285)
	at org.openqa.selenium.remote.RemoteWebElement.click(RemoteWebElement.java:84)
	at jdk.internal.reflect.GeneratedMethodAccessor10.invoke(Unknown Source)
	at java.base/jdk.internal.reflect.DelegatingMethodAccessorImpl.invoke(DelegatingMethodAccessorImpl.java:43)
	at org.openqa.selenium.support.events.EventFiringWebDriver$EventFiringWebElement.lambda$new$0(EventFiringWebDriver.java:404)
	at jdk.proxy2/jdk.proxy2.$Proxy21.click(Unknown Source)
	at org.openqa.selenium.support.events.EventFiringWebDriver$EventFiringWebElement.click(EventFiringWebDriver.java:417)
	at org.openqa.selenium.WebElement$click.call(Unknown Source)
	at com.kms.katalon.core.webui.keyword.builtin.ClickKeyword.clickUntilSuccessWithTimeout(ClickKeyword.groovy:81)
	at com.kms.katalon.core.webui.keyword.builtin.ClickKeyword.clickUntilSuccessWithTimeout(ClickKeyword.groovy)
	at jdk.internal.reflect.GeneratedMethodAccessor8.invoke(Unknown Source)
	at java.base/jdk.internal.reflect.DelegatingMethodAccessorImpl.invoke(DelegatingMethodAccessorImpl.java:43)
	at com.kms.katalon.core.webui.keyword.builtin.ClickKeyword$_click_closure1.doCall(ClickKeyword.groovy:67)
	at com.kms.katalon.core.webui.keyword.builtin.ClickKeyword$_click_closure1.call(ClickKeyword.groovy)
	at com.kms.katalon.core.webui.keyword.internal.WebUIKeywordMain.runKeyword(WebUIKeywordMain.groovy:35)
	at com.kms.katalon.core.webui.keyword.builtin.ClickKeyword.click(ClickKeyword.groovy:74)
	at com.kms.katalon.core.webui.keyword.builtin.ClickKeyword.execute(ClickKeyword.groovy:40)
	at com.kms.katalon.core.keyword.internal.KeywordExecutor.executeKeywordForPlatform(KeywordExecutor.groovy:74)
	at com.kms.katalon.core.webui.keyword.WebUiBuiltInKeywords.click(WebUiBuiltInKeywords.groovy:659)
	at Script1732083570761.run(Script1732083570761.groovy:24)
	at com.kms.katalon.core.main.ScriptEngine.run(ScriptEngine.java:194)
	at com.kms.katalon.core.main.ScriptEngine.runScriptAsRawText(ScriptEngine.java:119)
	at com.kms.katalon.core.main.TestCaseExecutor.runScript(TestCaseExecutor.java:448)
	at com.kms.katalon.core.main.TestCaseExecutor.doExecute(TestCaseExecutor.java:439)
	at com.kms.katalon.core.main.TestCaseExecutor.processExecutionPhase(TestCaseExecutor.java:418)
	at com.kms.katalon.core.main.TestCaseExecutor.accessMainPhase(TestCaseExecutor.java:410)
	at com.kms.katalon.core.main.TestCaseExecutor.execute(TestCaseExecutor.java:285)
	at com.kms.katalon.core.main.TestCaseMain.runTestCase(TestCaseMain.java:137)
	at com.kms.katalon.core.keyword.builtin.CallTestCaseKeyword$_callTestCase_closure1.doCall(CallTestCaseKeyword.groovy:59)
	at com.kms.katalon.core.keyword.builtin.CallTestCaseKeyword$_callTestCase_closure1.call(CallTestCaseKeyword.groovy)
	at com.kms.katalon.core.keyword.internal.KeywordMain.runKeyword(KeywordMain.groovy:75)
	at com.kms.katalon.core.keyword.builtin.CallTestCaseKeyword.callTestCase(CallTestCaseKeyword.groovy:81)
	at com.kms.katalon.core.keyword.builtin.CallTestCaseKeyword.execute(CallTestCaseKeyword.groovy:44)
	at com.kms.katalon.core.keyword.internal.KeywordExecutor.executeKeywordForPlatform(KeywordExecutor.groovy:74)
	at com.kms.katalon.core.keyword.BuiltinKeywords.callTestCase(BuiltinKeywords.groovy:310)
	at jdk.internal.reflect.GeneratedMethodAccessor25.invoke(Unknown Source)
	at java.base/jdk.internal.reflect.DelegatingMethodAccessorImpl.invoke(DelegatingMethodAccessorImpl.java:43)
	at Script1732341471704.run(Script1732341471704.groovy:22)
	... 15 more
)

27-11-2024T13:38:13 - [MESSAGE][FAILED] - Unable to call Test Case 'Test Cases/1.Inicio/1.1Principal/Selec_sobre' (Root cause: com.kms.katalon.core.exception.StepFailedException: Call Test Case 'Test Cases/1.Inicio/1.1Principal/Selec_sobre' failed
	at com.kms.katalon.core.keyword.builtin.CallTestCaseKeyword$_callTestCase_closure1.doCall(CallTestCaseKeyword.groovy:63)
	at com.kms.katalon.core.keyword.builtin.CallTestCaseKeyword$_callTestCase_closure1.call(CallTestCaseKeyword.groovy)
	at com.kms.katalon.core.keyword.internal.KeywordMain.runKeyword(KeywordMain.groovy:75)
	at com.kms.katalon.core.keyword.builtin.CallTestCaseKeyword.callTestCase(CallTestCaseKeyword.groovy:81)
	at com.kms.katalon.core.keyword.builtin.CallTestCaseKeyword.execute(CallTestCaseKeyword.groovy:44)
	at com.kms.katalon.core.keyword.internal.KeywordExecutor.executeKeywordForPlatform(KeywordExecutor.groovy:74)
	at com.kms.katalon.core.keyword.BuiltinKeywords.callTestCase(BuiltinKeywords.groovy:310)
	at jdk.internal.reflect.GeneratedMethodAccessor25.invoke(Unknown Source)
	at java.base/jdk.internal.reflect.DelegatingMethodAccessorImpl.invoke(DelegatingMethodAccessorImpl.java:43)
	at Valorado 501.run(Valorado 501:22)
	at com.kms.katalon.core.main.ScriptEngine.run(ScriptEngine.java:194)
	at com.kms.katalon.core.main.ScriptEngine.runScriptAsRawText(ScriptEngine.java:119)
	at com.kms.katalon.core.main.TestCaseExecutor.runScript(TestCaseExecutor.java:448)
	at com.kms.katalon.core.main.TestCaseExecutor.doExecute(TestCaseExecutor.java:439)
	at com.kms.katalon.core.main.TestCaseExecutor.processExecutionPhase(TestCaseExecutor.java:418)
	at com.kms.katalon.core.main.TestCaseExecutor.accessMainPhase(TestCaseExecutor.java:410)
	at com.kms.katalon.core.main.TestCaseExecutor.execute(TestCaseExecutor.java:285)
	at com.kms.katalon.core.common.CommonExecutor.accessTestCaseMainPhase(CommonExecutor.java:65)
	at com.kms.katalon.core.main.TestSuiteExecutor.accessTestSuiteMainPhase(TestSuiteExecutor.java:150)
	at com.kms.katalon.core.main.TestSuiteExecutor.execute(TestSuiteExecutor.java:106)
	at com.kms.katalon.core.main.TestCaseMain.startTestSuite(TestCaseMain.java:180)
	at TempTestSuite1732729948317.run(TempTestSuite1732729948317.groovy:35)
	at java.base/jdk.internal.reflect.NativeMethodAccessorImpl.invoke0(Native Method)
	at java.base/jdk.internal.reflect.NativeMethodAccessorImpl.invoke(NativeMethodAccessorImpl.java:77)
	at java.base/jdk.internal.reflect.DelegatingMethodAccessorImpl.invoke(DelegatingMethodAccessorImpl.java:43)
Caused by: com.kms.katalon.core.exception.StepFailedException: Unable to click on object 'Object Repository/Principal/Page_Olva Courier  Home/button_CONTINUAR (2)'
	at com.kms.katalon.core.webui.keyword.internal.WebUIKeywordMain.stepFailed(WebUIKeywordMain.groovy:117)
	at com.kms.katalon.core.webui.keyword.internal.WebUIKeywordMain.runKeyword(WebUIKeywordMain.groovy:43)
	at com.kms.katalon.core.webui.keyword.builtin.ClickKeyword.click(ClickKeyword.groovy:74)
	at com.kms.katalon.core.webui.keyword.builtin.ClickKeyword.execute(ClickKeyword.groovy:40)
	at com.kms.katalon.core.keyword.internal.KeywordExecutor.executeKeywordForPlatform(KeywordExecutor.groovy:74)
	at com.kms.katalon.core.webui.keyword.WebUiBuiltInKeywords.click(WebUiBuiltInKeywords.groovy:659)
	at Selec_sobre.run(Selec_sobre:24)
	at com.kms.katalon.core.main.ScriptEngine.run(ScriptEngine.java:194)
	at com.kms.katalon.core.main.ScriptEngine.runScriptAsRawText(ScriptEngine.java:119)
	at com.kms.katalon.core.main.TestCaseExecutor.runScript(TestCaseExecutor.java:448)
	at com.kms.katalon.core.main.TestCaseExecutor.doExecute(TestCaseExecutor.java:439)
	at com.kms.katalon.core.main.TestCaseExecutor.processExecutionPhase(TestCaseExecutor.java:418)
	at com.kms.katalon.core.main.TestCaseExecutor.accessMainPhase(TestCaseExecutor.java:410)
	at com.kms.katalon.core.main.TestCaseExecutor.execute(TestCaseExecutor.java:285)
	at com.kms.katalon.core.main.TestCaseMain.runTestCase(TestCaseMain.java:137)
	at com.kms.katalon.core.keyword.builtin.CallTestCaseKeyword$_callTestCase_closure1.doCall(CallTestCaseKeyword.groovy:59)
	... 24 more
Caused by: org.openqa.selenium.ElementClickInterceptedException: Element <button id="btn_aceptar_tipo_envio" class="btn disabled" type="button"> is not clickable at point (675,588) because another element <div class="modal-footer"> obscures it
Build info: version: '3.141.59', revision: 'unknown', time: 'unknown'
System info: host: 'DESKTOP-RGFFP9A', ip: '10.136.10.6', os.name: 'Windows 11', os.arch: 'amd64', os.version: '10.0', java.version: '17.0.7'
Driver info: com.kms.katalon.core.webui.driver.firefox.CGeckoDriver
Capabilities {acceptInsecureCerts: true, browserName: firefox, browserVersion: 133.0, javascriptEnabled: true, moz:accessibilityChecks: false, moz:buildID: 20241121140525, moz:geckodriverVersion: 0.35.0, moz:headless: false, moz:platformVersion: 10.0, moz:processID: 29328, moz:profile: C:\Users\OLVATI\AppData\Loc..., moz:shutdownTimeout: 60000, moz:webdriverClick: true, moz:windowless: false, pageLoadStrategy: normal, platform: WINDOWS, platformName: WINDOWS, proxy: Proxy(direct), setWindowRect: true, strictFileInteractability: false, timeouts: {implicit: 0, pageLoad: 300000, script: 30000}, unhandledPromptBehavior: dismiss and notify, userAgent: Mozilla/5.0 (Windows NT 10....}
Session ID: 9a67ba23-471c-479c-9407-bda2b004b0c3
	at jdk.internal.reflect.GeneratedConstructorAccessor32.newInstance(Unknown Source)
	at java.base/jdk.internal.reflect.DelegatingConstructorAccessorImpl.newInstance(DelegatingConstructorAccessorImpl.java:45)
	at org.openqa.selenium.remote.http.W3CHttpResponseCodec.createException(W3CHttpResponseCodec.java:187)
	at org.openqa.selenium.remote.http.W3CHttpResponseCodec.decode(W3CHttpResponseCodec.java:122)
	at org.openqa.selenium.remote.http.W3CHttpResponseCodec.decode(W3CHttpResponseCodec.java:49)
	at org.openqa.selenium.remote.HttpCommandExecutor.execute(HttpCommandExecutor.java:158)
	at org.openqa.selenium.remote.service.DriverCommandExecutor.execute(DriverCommandExecutor.java:83)
	at org.openqa.selenium.remote.RemoteWebDriver.execute(RemoteWebDriver.java:552)
	at com.kms.katalon.selenium.driver.CFirefoxDriver.execute(CFirefoxDriver.java:28)
	at org.openqa.selenium.remote.RemoteWebElement.execute(RemoteWebElement.java:285)
	at org.openqa.selenium.remote.RemoteWebElement.click(RemoteWebElement.java:84)
	at jdk.internal.reflect.GeneratedMethodAccessor10.invoke(Unknown Source)
	at java.base/jdk.internal.reflect.DelegatingMethodAccessorImpl.invoke(DelegatingMethodAccessorImpl.java:43)
	at org.openqa.selenium.support.events.EventFiringWebDriver$EventFiringWebElement.lambda$new$0(EventFiringWebDriver.java:404)
	at jdk.proxy2/jdk.proxy2.$Proxy21.click(Unknown Source)
	at org.openqa.selenium.support.events.EventFiringWebDriver$EventFiringWebElement.click(EventFiringWebDriver.java:417)
	at org.openqa.selenium.WebElement$click.call(Unknown Source)
	at com.kms.katalon.core.webui.keyword.builtin.ClickKeyword.clickUntilSuccessWithTimeout(ClickKeyword.groovy:81)
	at com.kms.katalon.core.webui.keyword.builtin.ClickKeyword.clickUntilSuccessWithTimeout(ClickKeyword.groovy)
	at jdk.internal.reflect.GeneratedMethodAccessor8.invoke(Unknown Source)
	at java.base/jdk.internal.reflect.DelegatingMethodAccessorImpl.invoke(DelegatingMethodAccessorImpl.java:43)
	at com.kms.katalon.core.webui.keyword.builtin.ClickKeyword$_click_closure1.doCall(ClickKeyword.groovy:67)
	at com.kms.katalon.core.webui.keyword.builtin.ClickKeyword$_click_closure1.call(ClickKeyword.groovy)
	at com.kms.katalon.core.webui.keyword.internal.WebUIKeywordMain.runKeyword(WebUIKeywordMain.groovy:35)
	... 38 more
)]]></system-out>
         <system-err><![CDATA[27-11-2024T13:37:33 - [TEST_CASE][FAILED] - Test Cases/2.Positivos/2.2Sobre/Origen-Lima/2.Valorado/Entrega_Domicilio/Valorado 501: Test Cases/2.Positivos/2.2Sobre/Origen-Lima/2.Valorado/Entrega_Domicilio/Valorado 501 FAILED.
Reason:
com.kms.katalon.core.exception.StepFailedException: Call Test Case 'Test Cases/1.Inicio/1.1Principal/Selec_sobre' failed
	at com.kms.katalon.core.keyword.builtin.CallTestCaseKeyword$_callTestCase_closure1.doCall(CallTestCaseKeyword.groovy:63)
	at com.kms.katalon.core.keyword.builtin.CallTestCaseKeyword$_callTestCase_closure1.call(CallTestCaseKeyword.groovy)
	at com.kms.katalon.core.keyword.internal.KeywordMain.runKeyword(KeywordMain.groovy:75)
	at com.kms.katalon.core.keyword.builtin.CallTestCaseKeyword.callTestCase(CallTestCaseKeyword.groovy:81)
	at com.kms.katalon.core.keyword.builtin.CallTestCaseKeyword.execute(CallTestCaseKeyword.groovy:44)
	at com.kms.katalon.core.keyword.internal.KeywordExecutor.executeKeywordForPlatform(KeywordExecutor.groovy:74)
	at com.kms.katalon.core.keyword.BuiltinKeywords.callTestCase(BuiltinKeywords.groovy:310)
	at jdk.internal.reflect.GeneratedMethodAccessor25.invoke(Unknown Source)
	at java.base/jdk.internal.reflect.DelegatingMethodAccessorImpl.invoke(DelegatingMethodAccessorImpl.java:43)
	at Valorado 501.run(Valorado 501:22)
	at com.kms.katalon.core.main.ScriptEngine.run(ScriptEngine.java:194)
	at com.kms.katalon.core.main.ScriptEngine.runScriptAsRawText(ScriptEngine.java:119)
	at com.kms.katalon.core.main.TestCaseExecutor.runScript(TestCaseExecutor.java:448)
	at com.kms.katalon.core.main.TestCaseExecutor.doExecute(TestCaseExecutor.java:439)
	at com.kms.katalon.core.main.TestCaseExecutor.processExecutionPhase(TestCaseExecutor.java:418)
	at com.kms.katalon.core.main.TestCaseExecutor.accessMainPhase(TestCaseExecutor.java:410)
	at com.kms.katalon.core.main.TestCaseExecutor.execute(TestCaseExecutor.java:285)
	at com.kms.katalon.core.common.CommonExecutor.accessTestCaseMainPhase(CommonExecutor.java:65)
	at com.kms.katalon.core.main.TestSuiteExecutor.accessTestSuiteMainPhase(TestSuiteExecutor.java:150)
	at com.kms.katalon.core.main.TestSuiteExecutor.execute(TestSuiteExecutor.java:106)
	at com.kms.katalon.core.main.TestCaseMain.startTestSuite(TestCaseMain.java:180)
	at TempTestSuite1732729948317.run(TempTestSuite1732729948317.groovy:35)
	at java.base/jdk.internal.reflect.NativeMethodAccessorImpl.invoke0(Native Method)
	at java.base/jdk.internal.reflect.NativeMethodAccessorImpl.invoke(NativeMethodAccessorImpl.java:77)
	at java.base/jdk.internal.reflect.DelegatingMethodAccessorImpl.invoke(DelegatingMethodAccessorImpl.java:43)
Caused by: com.kms.katalon.core.exception.StepFailedException: Unable to click on object 'Object Repository/Principal/Page_Olva Courier  Home/button_CONTINUAR (2)'
	at com.kms.katalon.core.webui.keyword.internal.WebUIKeywordMain.stepFailed(WebUIKeywordMain.groovy:117)
	at com.kms.katalon.core.webui.keyword.internal.WebUIKeywordMain.runKeyword(WebUIKeywordMain.groovy:43)
	at com.kms.katalon.core.webui.keyword.builtin.ClickKeyword.click(ClickKeyword.groovy:74)
	at com.kms.katalon.core.webui.keyword.builtin.ClickKeyword.execute(ClickKeyword.groovy:40)
	at com.kms.katalon.core.keyword.internal.KeywordExecutor.executeKeywordForPlatform(KeywordExecutor.groovy:74)
	at com.kms.katalon.core.webui.keyword.WebUiBuiltInKeywords.click(WebUiBuiltInKeywords.groovy:659)
	at Selec_sobre.run(Selec_sobre:24)
	at com.kms.katalon.core.main.ScriptEngine.run(ScriptEngine.java:194)
	at com.kms.katalon.core.main.ScriptEngine.runScriptAsRawText(ScriptEngine.java:119)
	at com.kms.katalon.core.main.TestCaseExecutor.runScript(TestCaseExecutor.java:448)
	at com.kms.katalon.core.main.TestCaseExecutor.doExecute(TestCaseExecutor.java:439)
	at com.kms.katalon.core.main.TestCaseExecutor.processExecutionPhase(TestCaseExecutor.java:418)
	at com.kms.katalon.core.main.TestCaseExecutor.accessMainPhase(TestCaseExecutor.java:410)
	at com.kms.katalon.core.main.TestCaseExecutor.execute(TestCaseExecutor.java:285)
	at com.kms.katalon.core.main.TestCaseMain.runTestCase(TestCaseMain.java:137)
	at com.kms.katalon.core.keyword.builtin.CallTestCaseKeyword$_callTestCase_closure1.doCall(CallTestCaseKeyword.groovy:59)
	... 24 more
Caused by: org.openqa.selenium.ElementClickInterceptedException: Element <button id="btn_aceptar_tipo_envio" class="btn disabled" type="button"> is not clickable at point (675,588) because another element <div class="modal-footer"> obscures it
Build info: version: '3.141.59', revision: 'unknown', time: 'unknown'
System info: host: 'DESKTOP-RGFFP9A', ip: '10.136.10.6', os.name: 'Windows 11', os.arch: 'amd64', os.version: '10.0', java.version: '17.0.7'
Driver info: com.kms.katalon.core.webui.driver.firefox.CGeckoDriver
Capabilities {acceptInsecureCerts: true, browserName: firefox, browserVersion: 133.0, javascriptEnabled: true, moz:accessibilityChecks: false, moz:buildID: 20241121140525, moz:geckodriverVersion: 0.35.0, moz:headless: false, moz:platformVersion: 10.0, moz:processID: 29328, moz:profile: C:\Users\OLVATI\AppData\Loc..., moz:shutdownTimeout: 60000, moz:webdriverClick: true, moz:windowless: false, pageLoadStrategy: normal, platform: WINDOWS, platformName: WINDOWS, proxy: Proxy(direct), setWindowRect: true, strictFileInteractability: false, timeouts: {implicit: 0, pageLoad: 300000, script: 30000}, unhandledPromptBehavior: dismiss and notify, userAgent: Mozilla/5.0 (Windows NT 10....}
Session ID: 9a67ba23-471c-479c-9407-bda2b004b0c3
	at jdk.internal.reflect.GeneratedConstructorAccessor32.newInstance(Unknown Source)
	at java.base/jdk.internal.reflect.DelegatingConstructorAccessorImpl.newInstance(DelegatingConstructorAccessorImpl.java:45)
	at org.openqa.selenium.remote.http.W3CHttpResponseCodec.createException(W3CHttpResponseCodec.java:187)
	at org.openqa.selenium.remote.http.W3CHttpResponseCodec.decode(W3CHttpResponseCodec.java:122)
	at org.openqa.selenium.remote.http.W3CHttpResponseCodec.decode(W3CHttpResponseCodec.java:49)
	at org.openqa.selenium.remote.HttpCommandExecutor.execute(HttpCommandExecutor.java:158)
	at org.openqa.selenium.remote.service.DriverCommandExecutor.execute(DriverCommandExecutor.java:83)
	at org.openqa.selenium.remote.RemoteWebDriver.execute(RemoteWebDriver.java:552)
	at com.kms.katalon.selenium.driver.CFirefoxDriver.execute(CFirefoxDriver.java:28)
	at org.openqa.selenium.remote.RemoteWebElement.execute(RemoteWebElement.java:285)
	at org.openqa.selenium.remote.RemoteWebElement.click(RemoteWebElement.java:84)
	at jdk.internal.reflect.GeneratedMethodAccessor10.invoke(Unknown Source)
	at java.base/jdk.internal.reflect.DelegatingMethodAccessorImpl.invoke(DelegatingMethodAccessorImpl.java:43)
	at org.openqa.selenium.support.events.EventFiringWebDriver$EventFiringWebElement.lambda$new$0(EventFiringWebDriver.java:404)
	at jdk.proxy2/jdk.proxy2.$Proxy21.click(Unknown Source)
	at org.openqa.selenium.support.events.EventFiringWebDriver$EventFiringWebElement.click(EventFiringWebDriver.java:417)
	at org.openqa.selenium.WebElement$click.call(Unknown Source)
	at com.kms.katalon.core.webui.keyword.builtin.ClickKeyword.clickUntilSuccessWithTimeout(ClickKeyword.groovy:81)
	at com.kms.katalon.core.webui.keyword.builtin.ClickKeyword.clickUntilSuccessWithTimeout(ClickKeyword.groovy)
	at jdk.internal.reflect.GeneratedMethodAccessor8.invoke(Unknown Source)
	at java.base/jdk.internal.reflect.DelegatingMethodAccessorImpl.invoke(DelegatingMethodAccessorImpl.java:43)
	at com.kms.katalon.core.webui.keyword.builtin.ClickKeyword$_click_closure1.doCall(ClickKeyword.groovy:67)
	at com.kms.katalon.core.webui.keyword.builtin.ClickKeyword$_click_closure1.call(ClickKeyword.groovy)
	at com.kms.katalon.core.webui.keyword.internal.WebUIKeywordMain.runKeyword(WebUIKeywordMain.groovy:35)
	... 38 more]]></system-err>
      </testcase>
      <testcase name="Test Cases/2.Positivos/2.2Sobre/Origen-Lima/2.Valorado/Entrega_Domicilio/EditarValorado" time="40.956" classname="Test Cases/2.Positivos/2.2Sobre/Origen-Lima/2.Valorado/Entrega_Domicilio/EditarValorado" status="FAILED">
         <failure type="FAILED" message="Test Cases/2.Positivos/2.2Sobre/Origen-Lima/2.Valorado/Entrega_Domicilio/EditarValorado FAILED.&#xa;Reason:&#xa;com.kms.katalon.core.exception.StepFailedException: Call Test Case 'Test Cases/1.Inicio/1.1Principal/Selec_sobre' failed&#xa;	at com.kms.katalon.core.keyword.builtin.CallTestCaseKeyword$_callTestCase_closure1.doCall(CallTestCaseKeyword.groovy:63)&#xa;	at com.kms.katalon.core.keyword.builtin.CallTestCaseKeyword$_callTestCase_closure1.call(CallTestCaseKeyword.groovy)&#xa;	at com.kms.katalon.core.keyword.internal.KeywordMain.runKeyword(KeywordMain.groovy:75)&#xa;	at com.kms.katalon.core.keyword.builtin.CallTestCaseKeyword.callTestCase(CallTestCaseKeyword.groovy:81)&#xa;	at com.kms.katalon.core.keyword.builtin.CallTestCaseKeyword.execute(CallTestCaseKeyword.groovy:44)&#xa;	at com.kms.katalon.core.keyword.internal.KeywordExecutor.executeKeywordForPlatform(KeywordExecutor.groovy:74)&#xa;	at com.kms.katalon.core.keyword.BuiltinKeywords.callTestCase(BuiltinKeywords.groovy:310)&#xa;	at jdk.internal.reflect.GeneratedMethodAccessor25.invoke(Unknown Source)&#xa;	at java.base/jdk.internal.reflect.DelegatingMethodAccessorImpl.invoke(DelegatingMethodAccessorImpl.java:43)&#xa;	at EditarValorado.run(EditarValorado:22)&#xa;	at com.kms.katalon.core.main.ScriptEngine.run(ScriptEngine.java:194)&#xa;	at com.kms.katalon.core.main.ScriptEngine.runScriptAsRawText(ScriptEngine.java:119)&#xa;	at com.kms.katalon.core.main.TestCaseExecutor.runScript(TestCaseExecutor.java:448)&#xa;	at com.kms.katalon.core.main.TestCaseExecutor.doExecute(TestCaseExecutor.java:439)&#xa;	at com.kms.katalon.core.main.TestCaseExecutor.processExecutionPhase(TestCaseExecutor.java:418)&#xa;	at com.kms.katalon.core.main.TestCaseExecutor.accessMainPhase(TestCaseExecutor.java:410)&#xa;	at com.kms.katalon.core.main.TestCaseExecutor.execute(TestCaseExecutor.java:285)&#xa;	at com.kms.katalon.core.common.CommonExecutor.accessTestCaseMainPhase(CommonExecutor.java:65)&#xa;	at com.kms.katalon.core.main.TestSuiteExecutor.accessTestSuiteMainPhase(TestSuiteExecutor.java:150)&#xa;	at com.kms.katalon.core.main.TestSuiteExecutor.execute(TestSuiteExecutor.java:106)&#xa;	at com.kms.katalon.core.main.TestCaseMain.startTestSuite(TestCaseMain.java:180)&#xa;	at TempTestSuite1732729948317.run(TempTestSuite1732729948317.groovy:35)&#xa;	at java.base/jdk.internal.reflect.NativeMethodAccessorImpl.invoke0(Native Method)&#xa;	at java.base/jdk.internal.reflect.NativeMethodAccessorImpl.invoke(NativeMethodAccessorImpl.java:77)&#xa;	at java.base/jdk.internal.reflect.DelegatingMethodAccessorImpl.invoke(DelegatingMethodAccessorImpl.java:43)&#xa;Caused by: com.kms.katalon.core.exception.StepFailedException: Unable to click on object 'Object Repository/Principal/Page_Olva Courier  Home/button_CONTINUAR (2)'&#xa;	at com.kms.katalon.core.webui.keyword.internal.WebUIKeywordMain.stepFailed(WebUIKeywordMain.groovy:117)&#xa;	at com.kms.katalon.core.webui.keyword.internal.WebUIKeywordMain.runKeyword(WebUIKeywordMain.groovy:43)&#xa;	at com.kms.katalon.core.webui.keyword.builtin.ClickKeyword.click(ClickKeyword.groovy:74)&#xa;	at com.kms.katalon.core.webui.keyword.builtin.ClickKeyword.execute(ClickKeyword.groovy:40)&#xa;	at com.kms.katalon.core.keyword.internal.KeywordExecutor.executeKeywordForPlatform(KeywordExecutor.groovy:74)&#xa;	at com.kms.katalon.core.webui.keyword.WebUiBuiltInKeywords.click(WebUiBuiltInKeywords.groovy:659)&#xa;	at Selec_sobre.run(Selec_sobre:24)&#xa;	at com.kms.katalon.core.main.ScriptEngine.run(ScriptEngine.java:194)&#xa;	at com.kms.katalon.core.main.ScriptEngine.runScriptAsRawText(ScriptEngine.java:119)&#xa;	at com.kms.katalon.core.main.TestCaseExecutor.runScript(TestCaseExecutor.java:448)&#xa;	at com.kms.katalon.core.main.TestCaseExecutor.doExecute(TestCaseExecutor.java:439)&#xa;	at com.kms.katalon.core.main.TestCaseExecutor.processExecutionPhase(TestCaseExecutor.java:418)&#xa;	at com.kms.katalon.core.main.TestCaseExecutor.accessMainPhase(TestCaseExecutor.java:410)&#xa;	at com.kms.katalon.core.main.TestCaseExecutor.execute(TestCaseExecutor.java:285)&#xa;	at com.kms.katalon.core.main.TestCaseMain.runTestCase(TestCaseMain.java:137)&#xa;	at com.kms.katalon.core.keyword.builtin.CallTestCaseKeyword$_callTestCase_closure1.doCall(CallTestCaseKeyword.groovy:59)&#xa;	... 24 more&#xa;Caused by: org.openqa.selenium.ElementClickInterceptedException: Element &lt;button id=&quot;btn_aceptar_tipo_envio&quot; class=&quot;btn disabled&quot; type=&quot;button&quot;> is not clickable at point (675,588) because another element &lt;div class=&quot;modal-footer&quot;> obscures it&#xa;Build info: version: '3.141.59', revision: 'unknown', time: 'unknown'&#xa;System info: host: 'DESKTOP-RGFFP9A', ip: '10.136.10.6', os.name: 'Windows 11', os.arch: 'amd64', os.version: '10.0', java.version: '17.0.7'&#xa;Driver info: com.kms.katalon.core.webui.driver.firefox.CGeckoDriver&#xa;Capabilities {acceptInsecureCerts: true, browserName: firefox, browserVersion: 133.0, javascriptEnabled: true, moz:accessibilityChecks: false, moz:buildID: 20241121140525, moz:geckodriverVersion: 0.35.0, moz:headless: false, moz:platformVersion: 10.0, moz:processID: 35264, moz:profile: C:\Users\OLVATI\AppData\Loc..., moz:shutdownTimeout: 60000, moz:webdriverClick: true, moz:windowless: false, pageLoadStrategy: normal, platform: WINDOWS, platformName: WINDOWS, proxy: Proxy(direct), setWindowRect: true, strictFileInteractability: false, timeouts: {implicit: 0, pageLoad: 300000, script: 30000}, unhandledPromptBehavior: dismiss and notify, userAgent: Mozilla/5.0 (Windows NT 10....}&#xa;Session ID: 169c3814-56ec-49fa-a67b-db4801593e43&#xa;	at jdk.internal.reflect.GeneratedConstructorAccessor32.newInstance(Unknown Source)&#xa;	at java.base/jdk.internal.reflect.DelegatingConstructorAccessorImpl.newInstance(DelegatingConstructorAccessorImpl.java:45)&#xa;	at org.openqa.selenium.remote.http.W3CHttpResponseCodec.createException(W3CHttpResponseCodec.java:187)&#xa;	at org.openqa.selenium.remote.http.W3CHttpResponseCodec.decode(W3CHttpResponseCodec.java:122)&#xa;	at org.openqa.selenium.remote.http.W3CHttpResponseCodec.decode(W3CHttpResponseCodec.java:49)&#xa;	at org.openqa.selenium.remote.HttpCommandExecutor.execute(HttpCommandExecutor.java:158)&#xa;	at org.openqa.selenium.remote.service.DriverCommandExecutor.execute(DriverCommandExecutor.java:83)&#xa;	at org.openqa.selenium.remote.RemoteWebDriver.execute(RemoteWebDriver.java:552)&#xa;	at com.kms.katalon.selenium.driver.CFirefoxDriver.execute(CFirefoxDriver.java:28)&#xa;	at org.openqa.selenium.remote.RemoteWebElement.execute(RemoteWebElement.java:285)&#xa;	at org.openqa.selenium.remote.RemoteWebElement.click(RemoteWebElement.java:84)&#xa;	at jdk.internal.reflect.GeneratedMethodAccessor10.invoke(Unknown Source)&#xa;	at java.base/jdk.internal.reflect.DelegatingMethodAccessorImpl.invoke(DelegatingMethodAccessorImpl.java:43)&#xa;	at org.openqa.selenium.support.events.EventFiringWebDriver$EventFiringWebElement.lambda$new$0(EventFiringWebDriver.java:404)&#xa;	at jdk.proxy2/jdk.proxy2.$Proxy21.click(Unknown Source)&#xa;	at org.openqa.selenium.support.events.EventFiringWebDriver$EventFiringWebElement.click(EventFiringWebDriver.java:417)&#xa;	at org.openqa.selenium.WebElement$click.call(Unknown Source)&#xa;	at com.kms.katalon.core.webui.keyword.builtin.ClickKeyword.clickUntilSuccessWithTimeout(ClickKeyword.groovy:81)&#xa;	at com.kms.katalon.core.webui.keyword.builtin.ClickKeyword.clickUntilSuccessWithTimeout(ClickKeyword.groovy)&#xa;	at jdk.internal.reflect.GeneratedMethodAccessor8.invoke(Unknown Source)&#xa;	at java.base/jdk.internal.reflect.DelegatingMethodAccessorImpl.invoke(DelegatingMethodAccessorImpl.java:43)&#xa;	at com.kms.katalon.core.webui.keyword.builtin.ClickKeyword$_click_closure1.doCall(ClickKeyword.groovy:67)&#xa;	at com.kms.katalon.core.webui.keyword.builtin.ClickKeyword$_click_closure1.call(ClickKeyword.groovy)&#xa;	at com.kms.katalon.core.webui.keyword.internal.WebUIKeywordMain.runKeyword(WebUIKeywordMain.groovy:35)&#xa;	... 38 more&#xa;"/>
         <system-out><![CDATA[27-11-2024T13:38:13 - [TEST_CASE][FAILED] - Test Cases/2.Positivos/2.2Sobre/Origen-Lima/2.Valorado/Entrega_Domicilio/EditarValorado: Test Cases/2.Positivos/2.2Sobre/Origen-Lima/2.Valorado/Entrega_Domicilio/EditarValorado FAILED.
Reason:
com.kms.katalon.core.exception.StepFailedException: Call Test Case 'Test Cases/1.Inicio/1.1Principal/Selec_sobre' failed
	at com.kms.katalon.core.keyword.builtin.CallTestCaseKeyword$_callTestCase_closure1.doCall(CallTestCaseKeyword.groovy:63)
	at com.kms.katalon.core.keyword.builtin.CallTestCaseKeyword$_callTestCase_closure1.call(CallTestCaseKeyword.groovy)
	at com.kms.katalon.core.keyword.internal.KeywordMain.runKeyword(KeywordMain.groovy:75)
	at com.kms.katalon.core.keyword.builtin.CallTestCaseKeyword.callTestCase(CallTestCaseKeyword.groovy:81)
	at com.kms.katalon.core.keyword.builtin.CallTestCaseKeyword.execute(CallTestCaseKeyword.groovy:44)
	at com.kms.katalon.core.keyword.internal.KeywordExecutor.executeKeywordForPlatform(KeywordExecutor.groovy:74)
	at com.kms.katalon.core.keyword.BuiltinKeywords.callTestCase(BuiltinKeywords.groovy:310)
	at jdk.internal.reflect.GeneratedMethodAccessor25.invoke(Unknown Source)
	at java.base/jdk.internal.reflect.DelegatingMethodAccessorImpl.invoke(DelegatingMethodAccessorImpl.java:43)
	at EditarValorado.run(EditarValorado:22)
	at com.kms.katalon.core.main.ScriptEngine.run(ScriptEngine.java:194)
	at com.kms.katalon.core.main.ScriptEngine.runScriptAsRawText(ScriptEngine.java:119)
	at com.kms.katalon.core.main.TestCaseExecutor.runScript(TestCaseExecutor.java:448)
	at com.kms.katalon.core.main.TestCaseExecutor.doExecute(TestCaseExecutor.java:439)
	at com.kms.katalon.core.main.TestCaseExecutor.processExecutionPhase(TestCaseExecutor.java:418)
	at com.kms.katalon.core.main.TestCaseExecutor.accessMainPhase(TestCaseExecutor.java:410)
	at com.kms.katalon.core.main.TestCaseExecutor.execute(TestCaseExecutor.java:285)
	at com.kms.katalon.core.common.CommonExecutor.accessTestCaseMainPhase(CommonExecutor.java:65)
	at com.kms.katalon.core.main.TestSuiteExecutor.accessTestSuiteMainPhase(TestSuiteExecutor.java:150)
	at com.kms.katalon.core.main.TestSuiteExecutor.execute(TestSuiteExecutor.java:106)
	at com.kms.katalon.core.main.TestCaseMain.startTestSuite(TestCaseMain.java:180)
	at TempTestSuite1732729948317.run(TempTestSuite1732729948317.groovy:35)
	at java.base/jdk.internal.reflect.NativeMethodAccessorImpl.invoke0(Native Method)
	at java.base/jdk.internal.reflect.NativeMethodAccessorImpl.invoke(NativeMethodAccessorImpl.java:77)
	at java.base/jdk.internal.reflect.DelegatingMethodAccessorImpl.invoke(DelegatingMethodAccessorImpl.java:43)
Caused by: com.kms.katalon.core.exception.StepFailedException: Unable to click on object 'Object Repository/Principal/Page_Olva Courier  Home/button_CONTINUAR (2)'
	at com.kms.katalon.core.webui.keyword.internal.WebUIKeywordMain.stepFailed(WebUIKeywordMain.groovy:117)
	at com.kms.katalon.core.webui.keyword.internal.WebUIKeywordMain.runKeyword(WebUIKeywordMain.groovy:43)
	at com.kms.katalon.core.webui.keyword.builtin.ClickKeyword.click(ClickKeyword.groovy:74)
	at com.kms.katalon.core.webui.keyword.builtin.ClickKeyword.execute(ClickKeyword.groovy:40)
	at com.kms.katalon.core.keyword.internal.KeywordExecutor.executeKeywordForPlatform(KeywordExecutor.groovy:74)
	at com.kms.katalon.core.webui.keyword.WebUiBuiltInKeywords.click(WebUiBuiltInKeywords.groovy:659)
	at Selec_sobre.run(Selec_sobre:24)
	at com.kms.katalon.core.main.ScriptEngine.run(ScriptEngine.java:194)
	at com.kms.katalon.core.main.ScriptEngine.runScriptAsRawText(ScriptEngine.java:119)
	at com.kms.katalon.core.main.TestCaseExecutor.runScript(TestCaseExecutor.java:448)
	at com.kms.katalon.core.main.TestCaseExecutor.doExecute(TestCaseExecutor.java:439)
	at com.kms.katalon.core.main.TestCaseExecutor.processExecutionPhase(TestCaseExecutor.java:418)
	at com.kms.katalon.core.main.TestCaseExecutor.accessMainPhase(TestCaseExecutor.java:410)
	at com.kms.katalon.core.main.TestCaseExecutor.execute(TestCaseExecutor.java:285)
	at com.kms.katalon.core.main.TestCaseMain.runTestCase(TestCaseMain.java:137)
	at com.kms.katalon.core.keyword.builtin.CallTestCaseKeyword$_callTestCase_closure1.doCall(CallTestCaseKeyword.groovy:59)
	... 24 more
Caused by: org.openqa.selenium.ElementClickInterceptedException: Element <button id="btn_aceptar_tipo_envio" class="btn disabled" type="button"> is not clickable at point (675,588) because another element <div class="modal-footer"> obscures it
Build info: version: '3.141.59', revision: 'unknown', time: 'unknown'
System info: host: 'DESKTOP-RGFFP9A', ip: '10.136.10.6', os.name: 'Windows 11', os.arch: 'amd64', os.version: '10.0', java.version: '17.0.7'
Driver info: com.kms.katalon.core.webui.driver.firefox.CGeckoDriver
Capabilities {acceptInsecureCerts: true, browserName: firefox, browserVersion: 133.0, javascriptEnabled: true, moz:accessibilityChecks: false, moz:buildID: 20241121140525, moz:geckodriverVersion: 0.35.0, moz:headless: false, moz:platformVersion: 10.0, moz:processID: 35264, moz:profile: C:\Users\OLVATI\AppData\Loc..., moz:shutdownTimeout: 60000, moz:webdriverClick: true, moz:windowless: false, pageLoadStrategy: normal, platform: WINDOWS, platformName: WINDOWS, proxy: Proxy(direct), setWindowRect: true, strictFileInteractability: false, timeouts: {implicit: 0, pageLoad: 300000, script: 30000}, unhandledPromptBehavior: dismiss and notify, userAgent: Mozilla/5.0 (Windows NT 10....}
Session ID: 169c3814-56ec-49fa-a67b-db4801593e43
	at jdk.internal.reflect.GeneratedConstructorAccessor32.newInstance(Unknown Source)
	at java.base/jdk.internal.reflect.DelegatingConstructorAccessorImpl.newInstance(DelegatingConstructorAccessorImpl.java:45)
	at org.openqa.selenium.remote.http.W3CHttpResponseCodec.createException(W3CHttpResponseCodec.java:187)
	at org.openqa.selenium.remote.http.W3CHttpResponseCodec.decode(W3CHttpResponseCodec.java:122)
	at org.openqa.selenium.remote.http.W3CHttpResponseCodec.decode(W3CHttpResponseCodec.java:49)
	at org.openqa.selenium.remote.HttpCommandExecutor.execute(HttpCommandExecutor.java:158)
	at org.openqa.selenium.remote.service.DriverCommandExecutor.execute(DriverCommandExecutor.java:83)
	at org.openqa.selenium.remote.RemoteWebDriver.execute(RemoteWebDriver.java:552)
	at com.kms.katalon.selenium.driver.CFirefoxDriver.execute(CFirefoxDriver.java:28)
	at org.openqa.selenium.remote.RemoteWebElement.execute(RemoteWebElement.java:285)
	at org.openqa.selenium.remote.RemoteWebElement.click(RemoteWebElement.java:84)
	at jdk.internal.reflect.GeneratedMethodAccessor10.invoke(Unknown Source)
	at java.base/jdk.internal.reflect.DelegatingMethodAccessorImpl.invoke(DelegatingMethodAccessorImpl.java:43)
	at org.openqa.selenium.support.events.EventFiringWebDriver$EventFiringWebElement.lambda$new$0(EventFiringWebDriver.java:404)
	at jdk.proxy2/jdk.proxy2.$Proxy21.click(Unknown Source)
	at org.openqa.selenium.support.events.EventFiringWebDriver$EventFiringWebElement.click(EventFiringWebDriver.java:417)
	at org.openqa.selenium.WebElement$click.call(Unknown Source)
	at com.kms.katalon.core.webui.keyword.builtin.ClickKeyword.clickUntilSuccessWithTimeout(ClickKeyword.groovy:81)
	at com.kms.katalon.core.webui.keyword.builtin.ClickKeyword.clickUntilSuccessWithTimeout(ClickKeyword.groovy)
	at jdk.internal.reflect.GeneratedMethodAccessor8.invoke(Unknown Source)
	at java.base/jdk.internal.reflect.DelegatingMethodAccessorImpl.invoke(DelegatingMethodAccessorImpl.java:43)
	at com.kms.katalon.core.webui.keyword.builtin.ClickKeyword$_click_closure1.doCall(ClickKeyword.groovy:67)
	at com.kms.katalon.core.webui.keyword.builtin.ClickKeyword$_click_closure1.call(ClickKeyword.groovy)
	at com.kms.katalon.core.webui.keyword.internal.WebUIKeywordMain.runKeyword(WebUIKeywordMain.groovy:35)
	... 38 more


27-11-2024T13:38:13 - [TEST_STEP][PASSED] - callTestCase(findTestCase("1.Inicio/1.1Principal/Principal-home"), [:], STOP_ON_FAILURE): Call Test Case 'Test Cases/1.Inicio/1.1Principal/Principal-home' successfully

27-11-2024T13:38:13 - [TEST_CASE][PASSED] - Test Cases/1.Inicio/1.1Principal/Principal-home: Test Cases/1.Inicio/1.1Principal/Principal-home

27-11-2024T13:38:13 - [TEST_STEP][PASSED] - openBrowser(""): Browser is opened with url: ''

27-11-2024T13:38:13 - [MESSAGE][WARNING] - A browser is already opened. Closing browser and opening a new one

27-11-2024T13:38:15 - [MESSAGE][INFO] - Starting 'Firefox' driver

27-11-2024T13:38:15 - [MESSAGE][INFO] - Action delay is set to 0 milliseconds

27-11-2024T13:38:21 - [MESSAGE][PASSED] - Browser is opened with url: ''

27-11-2024T13:38:21 - [TEST_STEP][PASSED] - navigateToUrl("https://dev01-registrodeenvios.olvacourier.com/principal"): Navigate to 'https://dev01-registrodeenvios.olvacourier.com/principal' successfully

27-11-2024T13:38:22 - [MESSAGE][PASSED] - Navigate to 'https://dev01-registrodeenvios.olvacourier.com/principal' successfully

27-11-2024T13:38:22 - [TEST_STEP][PASSED] - maximizeWindow(): Current window maximized

27-11-2024T13:38:22 - [MESSAGE][PASSED] - Current window maximized

27-11-2024T13:38:22 - [MESSAGE][PASSED] - Call Test Case 'Test Cases/1.Inicio/1.1Principal/Principal-home' successfully

27-11-2024T13:38:22 - [TEST_STEP][FAILED] - callTestCase(findTestCase("1.Inicio/1.1Principal/Selec_sobre"), [:], STOP_ON_FAILURE): Unable to call Test Case 'Test Cases/1.Inicio/1.1Principal/Selec_sobre' (Root cause: com.kms.katalon.core.exception.StepFailedException: Call Test Case 'Test Cases/1.Inicio/1.1Principal/Selec_sobre' failed
	at com.kms.katalon.core.keyword.builtin.CallTestCaseKeyword$_callTestCase_closure1.doCall(CallTestCaseKeyword.groovy:63)
	at com.kms.katalon.core.keyword.builtin.CallTestCaseKeyword$_callTestCase_closure1.call(CallTestCaseKeyword.groovy)
	at com.kms.katalon.core.keyword.internal.KeywordMain.runKeyword(KeywordMain.groovy:75)
	at com.kms.katalon.core.keyword.builtin.CallTestCaseKeyword.callTestCase(CallTestCaseKeyword.groovy:81)
	at com.kms.katalon.core.keyword.builtin.CallTestCaseKeyword.execute(CallTestCaseKeyword.groovy:44)
	at com.kms.katalon.core.keyword.internal.KeywordExecutor.executeKeywordForPlatform(KeywordExecutor.groovy:74)
	at com.kms.katalon.core.keyword.BuiltinKeywords.callTestCase(BuiltinKeywords.groovy:310)
	at jdk.internal.reflect.GeneratedMethodAccessor25.invoke(Unknown Source)
	at java.base/jdk.internal.reflect.DelegatingMethodAccessorImpl.invoke(DelegatingMethodAccessorImpl.java:43)
	at EditarValorado.run(EditarValorado:22)
	at com.kms.katalon.core.main.ScriptEngine.run(ScriptEngine.java:194)
	at com.kms.katalon.core.main.ScriptEngine.runScriptAsRawText(ScriptEngine.java:119)
	at com.kms.katalon.core.main.TestCaseExecutor.runScript(TestCaseExecutor.java:448)
	at com.kms.katalon.core.main.TestCaseExecutor.doExecute(TestCaseExecutor.java:439)
	at com.kms.katalon.core.main.TestCaseExecutor.processExecutionPhase(TestCaseExecutor.java:418)
	at com.kms.katalon.core.main.TestCaseExecutor.accessMainPhase(TestCaseExecutor.java:410)
	at com.kms.katalon.core.main.TestCaseExecutor.execute(TestCaseExecutor.java:285)
	at com.kms.katalon.core.common.CommonExecutor.accessTestCaseMainPhase(CommonExecutor.java:65)
	at com.kms.katalon.core.main.TestSuiteExecutor.accessTestSuiteMainPhase(TestSuiteExecutor.java:150)
	at com.kms.katalon.core.main.TestSuiteExecutor.execute(TestSuiteExecutor.java:106)
	at com.kms.katalon.core.main.TestCaseMain.startTestSuite(TestCaseMain.java:180)
	at TempTestSuite1732729948317.run(TempTestSuite1732729948317.groovy:35)
	at java.base/jdk.internal.reflect.NativeMethodAccessorImpl.invoke0(Native Method)
	at java.base/jdk.internal.reflect.NativeMethodAccessorImpl.invoke(NativeMethodAccessorImpl.java:77)
	at java.base/jdk.internal.reflect.DelegatingMethodAccessorImpl.invoke(DelegatingMethodAccessorImpl.java:43)
Caused by: com.kms.katalon.core.exception.StepFailedException: Unable to click on object 'Object Repository/Principal/Page_Olva Courier  Home/button_CONTINUAR (2)'
	at com.kms.katalon.core.webui.keyword.internal.WebUIKeywordMain.stepFailed(WebUIKeywordMain.groovy:117)
	at com.kms.katalon.core.webui.keyword.internal.WebUIKeywordMain.runKeyword(WebUIKeywordMain.groovy:43)
	at com.kms.katalon.core.webui.keyword.builtin.ClickKeyword.click(ClickKeyword.groovy:74)
	at com.kms.katalon.core.webui.keyword.builtin.ClickKeyword.execute(ClickKeyword.groovy:40)
	at com.kms.katalon.core.keyword.internal.KeywordExecutor.executeKeywordForPlatform(KeywordExecutor.groovy:74)
	at com.kms.katalon.core.webui.keyword.WebUiBuiltInKeywords.click(WebUiBuiltInKeywords.groovy:659)
	at Selec_sobre.run(Selec_sobre:24)
	at com.kms.katalon.core.main.ScriptEngine.run(ScriptEngine.java:194)
	at com.kms.katalon.core.main.ScriptEngine.runScriptAsRawText(ScriptEngine.java:119)
	at com.kms.katalon.core.main.TestCaseExecutor.runScript(TestCaseExecutor.java:448)
	at com.kms.katalon.core.main.TestCaseExecutor.doExecute(TestCaseExecutor.java:439)
	at com.kms.katalon.core.main.TestCaseExecutor.processExecutionPhase(TestCaseExecutor.java:418)
	at com.kms.katalon.core.main.TestCaseExecutor.accessMainPhase(TestCaseExecutor.java:410)
	at com.kms.katalon.core.main.TestCaseExecutor.execute(TestCaseExecutor.java:285)
	at com.kms.katalon.core.main.TestCaseMain.runTestCase(TestCaseMain.java:137)
	at com.kms.katalon.core.keyword.builtin.CallTestCaseKeyword$_callTestCase_closure1.doCall(CallTestCaseKeyword.groovy:59)
	... 24 more
Caused by: org.openqa.selenium.ElementClickInterceptedException: Element <button id="btn_aceptar_tipo_envio" class="btn disabled" type="button"> is not clickable at point (675,588) because another element <div class="modal-footer"> obscures it
Build info: version: '3.141.59', revision: 'unknown', time: 'unknown'
System info: host: 'DESKTOP-RGFFP9A', ip: '10.136.10.6', os.name: 'Windows 11', os.arch: 'amd64', os.version: '10.0', java.version: '17.0.7'
Driver info: com.kms.katalon.core.webui.driver.firefox.CGeckoDriver
Capabilities {acceptInsecureCerts: true, browserName: firefox, browserVersion: 133.0, javascriptEnabled: true, moz:accessibilityChecks: false, moz:buildID: 20241121140525, moz:geckodriverVersion: 0.35.0, moz:headless: false, moz:platformVersion: 10.0, moz:processID: 35264, moz:profile: C:\Users\OLVATI\AppData\Loc..., moz:shutdownTimeout: 60000, moz:webdriverClick: true, moz:windowless: false, pageLoadStrategy: normal, platform: WINDOWS, platformName: WINDOWS, proxy: Proxy(direct), setWindowRect: true, strictFileInteractability: false, timeouts: {implicit: 0, pageLoad: 300000, script: 30000}, unhandledPromptBehavior: dismiss and notify, userAgent: Mozilla/5.0 (Windows NT 10....}
Session ID: 169c3814-56ec-49fa-a67b-db4801593e43
	at jdk.internal.reflect.GeneratedConstructorAccessor32.newInstance(Unknown Source)
	at java.base/jdk.internal.reflect.DelegatingConstructorAccessorImpl.newInstance(DelegatingConstructorAccessorImpl.java:45)
	at org.openqa.selenium.remote.http.W3CHttpResponseCodec.createException(W3CHttpResponseCodec.java:187)
	at org.openqa.selenium.remote.http.W3CHttpResponseCodec.decode(W3CHttpResponseCodec.java:122)
	at org.openqa.selenium.remote.http.W3CHttpResponseCodec.decode(W3CHttpResponseCodec.java:49)
	at org.openqa.selenium.remote.HttpCommandExecutor.execute(HttpCommandExecutor.java:158)
	at org.openqa.selenium.remote.service.DriverCommandExecutor.execute(DriverCommandExecutor.java:83)
	at org.openqa.selenium.remote.RemoteWebDriver.execute(RemoteWebDriver.java:552)
	at com.kms.katalon.selenium.driver.CFirefoxDriver.execute(CFirefoxDriver.java:28)
	at org.openqa.selenium.remote.RemoteWebElement.execute(RemoteWebElement.java:285)
	at org.openqa.selenium.remote.RemoteWebElement.click(RemoteWebElement.java:84)
	at jdk.internal.reflect.GeneratedMethodAccessor10.invoke(Unknown Source)
	at java.base/jdk.internal.reflect.DelegatingMethodAccessorImpl.invoke(DelegatingMethodAccessorImpl.java:43)
	at org.openqa.selenium.support.events.EventFiringWebDriver$EventFiringWebElement.lambda$new$0(EventFiringWebDriver.java:404)
	at jdk.proxy2/jdk.proxy2.$Proxy21.click(Unknown Source)
	at org.openqa.selenium.support.events.EventFiringWebDriver$EventFiringWebElement.click(EventFiringWebDriver.java:417)
	at org.openqa.selenium.WebElement$click.call(Unknown Source)
	at com.kms.katalon.core.webui.keyword.builtin.ClickKeyword.clickUntilSuccessWithTimeout(ClickKeyword.groovy:81)
	at com.kms.katalon.core.webui.keyword.builtin.ClickKeyword.clickUntilSuccessWithTimeout(ClickKeyword.groovy)
	at jdk.internal.reflect.GeneratedMethodAccessor8.invoke(Unknown Source)
	at java.base/jdk.internal.reflect.DelegatingMethodAccessorImpl.invoke(DelegatingMethodAccessorImpl.java:43)
	at com.kms.katalon.core.webui.keyword.builtin.ClickKeyword$_click_closure1.doCall(ClickKeyword.groovy:67)
	at com.kms.katalon.core.webui.keyword.builtin.ClickKeyword$_click_closure1.call(ClickKeyword.groovy)
	at com.kms.katalon.core.webui.keyword.internal.WebUIKeywordMain.runKeyword(WebUIKeywordMain.groovy:35)
	... 38 more
)

27-11-2024T13:38:22 - [TEST_CASE][FAILED] - Test Cases/1.Inicio/1.1Principal/Selec_sobre: Test Cases/1.Inicio/1.1Principal/Selec_sobre FAILED.
Reason:
com.kms.katalon.core.exception.StepFailedException: Unable to click on object 'Object Repository/Principal/Page_Olva Courier  Home/button_CONTINUAR (2)'
	at com.kms.katalon.core.webui.keyword.internal.WebUIKeywordMain.stepFailed(WebUIKeywordMain.groovy:117)
	at com.kms.katalon.core.webui.keyword.internal.WebUIKeywordMain.runKeyword(WebUIKeywordMain.groovy:43)
	at com.kms.katalon.core.webui.keyword.builtin.ClickKeyword.click(ClickKeyword.groovy:74)
	at com.kms.katalon.core.webui.keyword.builtin.ClickKeyword.execute(ClickKeyword.groovy:40)
	at com.kms.katalon.core.keyword.internal.KeywordExecutor.executeKeywordForPlatform(KeywordExecutor.groovy:74)
	at com.kms.katalon.core.webui.keyword.WebUiBuiltInKeywords.click(WebUiBuiltInKeywords.groovy:659)
	at Selec_sobre.run(Selec_sobre:24)
	at com.kms.katalon.core.main.ScriptEngine.run(ScriptEngine.java:194)
	at com.kms.katalon.core.main.ScriptEngine.runScriptAsRawText(ScriptEngine.java:119)
	at com.kms.katalon.core.main.TestCaseExecutor.runScript(TestCaseExecutor.java:448)
	at com.kms.katalon.core.main.TestCaseExecutor.doExecute(TestCaseExecutor.java:439)
	at com.kms.katalon.core.main.TestCaseExecutor.processExecutionPhase(TestCaseExecutor.java:418)
	at com.kms.katalon.core.main.TestCaseExecutor.accessMainPhase(TestCaseExecutor.java:410)
	at com.kms.katalon.core.main.TestCaseExecutor.execute(TestCaseExecutor.java:285)
	at com.kms.katalon.core.main.TestCaseMain.runTestCase(TestCaseMain.java:137)
	at com.kms.katalon.core.keyword.builtin.CallTestCaseKeyword$_callTestCase_closure1.doCall(CallTestCaseKeyword.groovy:59)
	at com.kms.katalon.core.keyword.builtin.CallTestCaseKeyword$_callTestCase_closure1.call(CallTestCaseKeyword.groovy)
	at com.kms.katalon.core.keyword.internal.KeywordMain.runKeyword(KeywordMain.groovy:75)
	at com.kms.katalon.core.keyword.builtin.CallTestCaseKeyword.callTestCase(CallTestCaseKeyword.groovy:81)
	at com.kms.katalon.core.keyword.builtin.CallTestCaseKeyword.execute(CallTestCaseKeyword.groovy:44)
	at com.kms.katalon.core.keyword.internal.KeywordExecutor.executeKeywordForPlatform(KeywordExecutor.groovy:74)
	at com.kms.katalon.core.keyword.BuiltinKeywords.callTestCase(BuiltinKeywords.groovy:310)
	at jdk.internal.reflect.GeneratedMethodAccessor25.invoke(Unknown Source)
	at java.base/jdk.internal.reflect.DelegatingMethodAccessorImpl.invoke(DelegatingMethodAccessorImpl.java:43)
	at EditarValorado.run(EditarValorado:22)
	at com.kms.katalon.core.main.ScriptEngine.run(ScriptEngine.java:194)
	at com.kms.katalon.core.main.ScriptEngine.runScriptAsRawText(ScriptEngine.java:119)
	at com.kms.katalon.core.main.TestCaseExecutor.runScript(TestCaseExecutor.java:448)
	at com.kms.katalon.core.main.TestCaseExecutor.doExecute(TestCaseExecutor.java:439)
	at com.kms.katalon.core.main.TestCaseExecutor.processExecutionPhase(TestCaseExecutor.java:418)
	at com.kms.katalon.core.main.TestCaseExecutor.accessMainPhase(TestCaseExecutor.java:410)
	at com.kms.katalon.core.main.TestCaseExecutor.execute(TestCaseExecutor.java:285)
	at com.kms.katalon.core.common.CommonExecutor.accessTestCaseMainPhase(CommonExecutor.java:65)
	at com.kms.katalon.core.main.TestSuiteExecutor.accessTestSuiteMainPhase(TestSuiteExecutor.java:150)
	at com.kms.katalon.core.main.TestSuiteExecutor.execute(TestSuiteExecutor.java:106)
	at com.kms.katalon.core.main.TestCaseMain.startTestSuite(TestCaseMain.java:180)
	at TempTestSuite1732729948317.run(TempTestSuite1732729948317.groovy:35)
	at java.base/jdk.internal.reflect.NativeMethodAccessorImpl.invoke0(Native Method)
	at java.base/jdk.internal.reflect.NativeMethodAccessorImpl.invoke(NativeMethodAccessorImpl.java:77)
	at java.base/jdk.internal.reflect.DelegatingMethodAccessorImpl.invoke(DelegatingMethodAccessorImpl.java:43)
Caused by: org.openqa.selenium.ElementClickInterceptedException: Element <button id="btn_aceptar_tipo_envio" class="btn disabled" type="button"> is not clickable at point (675,588) because another element <div class="modal-footer"> obscures it
Build info: version: '3.141.59', revision: 'unknown', time: 'unknown'
System info: host: 'DESKTOP-RGFFP9A', ip: '10.136.10.6', os.name: 'Windows 11', os.arch: 'amd64', os.version: '10.0', java.version: '17.0.7'
Driver info: com.kms.katalon.core.webui.driver.firefox.CGeckoDriver
Capabilities {acceptInsecureCerts: true, browserName: firefox, browserVersion: 133.0, javascriptEnabled: true, moz:accessibilityChecks: false, moz:buildID: 20241121140525, moz:geckodriverVersion: 0.35.0, moz:headless: false, moz:platformVersion: 10.0, moz:processID: 35264, moz:profile: C:\Users\OLVATI\AppData\Loc..., moz:shutdownTimeout: 60000, moz:webdriverClick: true, moz:windowless: false, pageLoadStrategy: normal, platform: WINDOWS, platformName: WINDOWS, proxy: Proxy(direct), setWindowRect: true, strictFileInteractability: false, timeouts: {implicit: 0, pageLoad: 300000, script: 30000}, unhandledPromptBehavior: dismiss and notify, userAgent: Mozilla/5.0 (Windows NT 10....}
Session ID: 169c3814-56ec-49fa-a67b-db4801593e43
	at jdk.internal.reflect.GeneratedConstructorAccessor32.newInstance(Unknown Source)
	at java.base/jdk.internal.reflect.DelegatingConstructorAccessorImpl.newInstance(DelegatingConstructorAccessorImpl.java:45)
	at org.openqa.selenium.remote.http.W3CHttpResponseCodec.createException(W3CHttpResponseCodec.java:187)
	at org.openqa.selenium.remote.http.W3CHttpResponseCodec.decode(W3CHttpResponseCodec.java:122)
	at org.openqa.selenium.remote.http.W3CHttpResponseCodec.decode(W3CHttpResponseCodec.java:49)
	at org.openqa.selenium.remote.HttpCommandExecutor.execute(HttpCommandExecutor.java:158)
	at org.openqa.selenium.remote.service.DriverCommandExecutor.execute(DriverCommandExecutor.java:83)
	at org.openqa.selenium.remote.RemoteWebDriver.execute(RemoteWebDriver.java:552)
	at com.kms.katalon.selenium.driver.CFirefoxDriver.execute(CFirefoxDriver.java:28)
	at org.openqa.selenium.remote.RemoteWebElement.execute(RemoteWebElement.java:285)
	at org.openqa.selenium.remote.RemoteWebElement.click(RemoteWebElement.java:84)
	at jdk.internal.reflect.GeneratedMethodAccessor10.invoke(Unknown Source)
	at java.base/jdk.internal.reflect.DelegatingMethodAccessorImpl.invoke(DelegatingMethodAccessorImpl.java:43)
	at org.openqa.selenium.support.events.EventFiringWebDriver$EventFiringWebElement.lambda$new$0(EventFiringWebDriver.java:404)
	at jdk.proxy2/jdk.proxy2.$Proxy21.click(Unknown Source)
	at org.openqa.selenium.support.events.EventFiringWebDriver$EventFiringWebElement.click(EventFiringWebDriver.java:417)
	at org.openqa.selenium.WebElement$click.call(Unknown Source)
	at com.kms.katalon.core.webui.keyword.builtin.ClickKeyword.clickUntilSuccessWithTimeout(ClickKeyword.groovy:81)
	at com.kms.katalon.core.webui.keyword.builtin.ClickKeyword.clickUntilSuccessWithTimeout(ClickKeyword.groovy)
	at jdk.internal.reflect.GeneratedMethodAccessor8.invoke(Unknown Source)
	at java.base/jdk.internal.reflect.DelegatingMethodAccessorImpl.invoke(DelegatingMethodAccessorImpl.java:43)
	at com.kms.katalon.core.webui.keyword.builtin.ClickKeyword$_click_closure1.doCall(ClickKeyword.groovy:67)
	at com.kms.katalon.core.webui.keyword.builtin.ClickKeyword$_click_closure1.call(ClickKeyword.groovy)
	at com.kms.katalon.core.webui.keyword.internal.WebUIKeywordMain.runKeyword(WebUIKeywordMain.groovy:35)
	... 38 more


27-11-2024T13:38:22 - [TEST_STEP][PASSED] - click(findTestObject("Object Repository/Principal/Page_Olva Courier  Home/img_Envo de cajas o paquetescon un peso mxi_37770f")): Object: 'Object Repository/Principal/Page_Olva Courier  Home/img_Envo de cajas o paquetescon un peso mxi_37770f' is clicked on

27-11-2024T13:38:23 - [MESSAGE][PASSED] - Object: 'Object Repository/Principal/Page_Olva Courier  Home/img_Envo de cajas o paquetescon un peso mxi_37770f' is clicked on

27-11-2024T13:38:23 - [TEST_STEP][PASSED] - click(findTestObject("Object Repository/Principal/Page_Olva Courier  Home/label_He ledo y acepto los trminos de uso y_adab65")): Object: 'Object Repository/Principal/Page_Olva Courier  Home/label_He ledo y acepto los trminos de uso y_adab65' is clicked on

27-11-2024T13:38:23 - [MESSAGE][PASSED] - Object: 'Object Repository/Principal/Page_Olva Courier  Home/label_He ledo y acepto los trminos de uso y_adab65' is clicked on

27-11-2024T13:38:23 - [TEST_STEP][FAILED] - click(findTestObject("Object Repository/Principal/Page_Olva Courier  Home/button_CONTINUAR (2)")): Unable to click on object 'Object Repository/Principal/Page_Olva Courier  Home/button_CONTINUAR (2)' (Root cause: com.kms.katalon.core.exception.StepFailedException: Unable to click on object 'Object Repository/Principal/Page_Olva Courier  Home/button_CONTINUAR (2)'
	at com.kms.katalon.core.webui.keyword.internal.WebUIKeywordMain.stepFailed(WebUIKeywordMain.groovy:117)
	at com.kms.katalon.core.webui.keyword.internal.WebUIKeywordMain.runKeyword(WebUIKeywordMain.groovy:43)
	at com.kms.katalon.core.webui.keyword.builtin.ClickKeyword.click(ClickKeyword.groovy:74)
	at com.kms.katalon.core.webui.keyword.builtin.ClickKeyword.execute(ClickKeyword.groovy:40)
	at com.kms.katalon.core.keyword.internal.KeywordExecutor.executeKeywordForPlatform(KeywordExecutor.groovy:74)
	at com.kms.katalon.core.webui.keyword.WebUiBuiltInKeywords.click(WebUiBuiltInKeywords.groovy:659)
	at Selec_sobre.run(Selec_sobre:24)
	at com.kms.katalon.core.main.ScriptEngine.run(ScriptEngine.java:194)
	at com.kms.katalon.core.main.ScriptEngine.runScriptAsRawText(ScriptEngine.java:119)
	at com.kms.katalon.core.main.TestCaseExecutor.runScript(TestCaseExecutor.java:448)
	at com.kms.katalon.core.main.TestCaseExecutor.doExecute(TestCaseExecutor.java:439)
	at com.kms.katalon.core.main.TestCaseExecutor.processExecutionPhase(TestCaseExecutor.java:418)
	at com.kms.katalon.core.main.TestCaseExecutor.accessMainPhase(TestCaseExecutor.java:410)
	at com.kms.katalon.core.main.TestCaseExecutor.execute(TestCaseExecutor.java:285)
	at com.kms.katalon.core.main.TestCaseMain.runTestCase(TestCaseMain.java:137)
	at com.kms.katalon.core.keyword.builtin.CallTestCaseKeyword$_callTestCase_closure1.doCall(CallTestCaseKeyword.groovy:59)
	at com.kms.katalon.core.keyword.builtin.CallTestCaseKeyword$_callTestCase_closure1.call(CallTestCaseKeyword.groovy)
	at com.kms.katalon.core.keyword.internal.KeywordMain.runKeyword(KeywordMain.groovy:75)
	at com.kms.katalon.core.keyword.builtin.CallTestCaseKeyword.callTestCase(CallTestCaseKeyword.groovy:81)
	at com.kms.katalon.core.keyword.builtin.CallTestCaseKeyword.execute(CallTestCaseKeyword.groovy:44)
	at com.kms.katalon.core.keyword.internal.KeywordExecutor.executeKeywordForPlatform(KeywordExecutor.groovy:74)
	at com.kms.katalon.core.keyword.BuiltinKeywords.callTestCase(BuiltinKeywords.groovy:310)
	at jdk.internal.reflect.GeneratedMethodAccessor25.invoke(Unknown Source)
	at java.base/jdk.internal.reflect.DelegatingMethodAccessorImpl.invoke(DelegatingMethodAccessorImpl.java:43)
	at EditarValorado.run(EditarValorado:22)
	at com.kms.katalon.core.main.ScriptEngine.run(ScriptEngine.java:194)
	at com.kms.katalon.core.main.ScriptEngine.runScriptAsRawText(ScriptEngine.java:119)
	at com.kms.katalon.core.main.TestCaseExecutor.runScript(TestCaseExecutor.java:448)
	at com.kms.katalon.core.main.TestCaseExecutor.doExecute(TestCaseExecutor.java:439)
	at com.kms.katalon.core.main.TestCaseExecutor.processExecutionPhase(TestCaseExecutor.java:418)
	at com.kms.katalon.core.main.TestCaseExecutor.accessMainPhase(TestCaseExecutor.java:410)
	at com.kms.katalon.core.main.TestCaseExecutor.execute(TestCaseExecutor.java:285)
	at com.kms.katalon.core.common.CommonExecutor.accessTestCaseMainPhase(CommonExecutor.java:65)
	at com.kms.katalon.core.main.TestSuiteExecutor.accessTestSuiteMainPhase(TestSuiteExecutor.java:150)
	at com.kms.katalon.core.main.TestSuiteExecutor.execute(TestSuiteExecutor.java:106)
	at com.kms.katalon.core.main.TestCaseMain.startTestSuite(TestCaseMain.java:180)
	at TempTestSuite1732729948317.run(TempTestSuite1732729948317.groovy:35)
	at java.base/jdk.internal.reflect.NativeMethodAccessorImpl.invoke0(Native Method)
	at java.base/jdk.internal.reflect.NativeMethodAccessorImpl.invoke(NativeMethodAccessorImpl.java:77)
	at java.base/jdk.internal.reflect.DelegatingMethodAccessorImpl.invoke(DelegatingMethodAccessorImpl.java:43)
Caused by: org.openqa.selenium.ElementClickInterceptedException: Element <button id="btn_aceptar_tipo_envio" class="btn disabled" type="button"> is not clickable at point (675,588) because another element <div class="modal-footer"> obscures it
Build info: version: '3.141.59', revision: 'unknown', time: 'unknown'
System info: host: 'DESKTOP-RGFFP9A', ip: '10.136.10.6', os.name: 'Windows 11', os.arch: 'amd64', os.version: '10.0', java.version: '17.0.7'
Driver info: com.kms.katalon.core.webui.driver.firefox.CGeckoDriver
Capabilities {acceptInsecureCerts: true, browserName: firefox, browserVersion: 133.0, javascriptEnabled: true, moz:accessibilityChecks: false, moz:buildID: 20241121140525, moz:geckodriverVersion: 0.35.0, moz:headless: false, moz:platformVersion: 10.0, moz:processID: 35264, moz:profile: C:\Users\OLVATI\AppData\Loc..., moz:shutdownTimeout: 60000, moz:webdriverClick: true, moz:windowless: false, pageLoadStrategy: normal, platform: WINDOWS, platformName: WINDOWS, proxy: Proxy(direct), setWindowRect: true, strictFileInteractability: false, timeouts: {implicit: 0, pageLoad: 300000, script: 30000}, unhandledPromptBehavior: dismiss and notify, userAgent: Mozilla/5.0 (Windows NT 10....}
Session ID: 169c3814-56ec-49fa-a67b-db4801593e43
	at jdk.internal.reflect.GeneratedConstructorAccessor32.newInstance(Unknown Source)
	at java.base/jdk.internal.reflect.DelegatingConstructorAccessorImpl.newInstance(DelegatingConstructorAccessorImpl.java:45)
	at org.openqa.selenium.remote.http.W3CHttpResponseCodec.createException(W3CHttpResponseCodec.java:187)
	at org.openqa.selenium.remote.http.W3CHttpResponseCodec.decode(W3CHttpResponseCodec.java:122)
	at org.openqa.selenium.remote.http.W3CHttpResponseCodec.decode(W3CHttpResponseCodec.java:49)
	at org.openqa.selenium.remote.HttpCommandExecutor.execute(HttpCommandExecutor.java:158)
	at org.openqa.selenium.remote.service.DriverCommandExecutor.execute(DriverCommandExecutor.java:83)
	at org.openqa.selenium.remote.RemoteWebDriver.execute(RemoteWebDriver.java:552)
	at com.kms.katalon.selenium.driver.CFirefoxDriver.execute(CFirefoxDriver.java:28)
	at org.openqa.selenium.remote.RemoteWebElement.execute(RemoteWebElement.java:285)
	at org.openqa.selenium.remote.RemoteWebElement.click(RemoteWebElement.java:84)
	at jdk.internal.reflect.GeneratedMethodAccessor10.invoke(Unknown Source)
	at java.base/jdk.internal.reflect.DelegatingMethodAccessorImpl.invoke(DelegatingMethodAccessorImpl.java:43)
	at org.openqa.selenium.support.events.EventFiringWebDriver$EventFiringWebElement.lambda$new$0(EventFiringWebDriver.java:404)
	at jdk.proxy2/jdk.proxy2.$Proxy21.click(Unknown Source)
	at org.openqa.selenium.support.events.EventFiringWebDriver$EventFiringWebElement.click(EventFiringWebDriver.java:417)
	at org.openqa.selenium.WebElement$click.call(Unknown Source)
	at com.kms.katalon.core.webui.keyword.builtin.ClickKeyword.clickUntilSuccessWithTimeout(ClickKeyword.groovy:81)
	at com.kms.katalon.core.webui.keyword.builtin.ClickKeyword.clickUntilSuccessWithTimeout(ClickKeyword.groovy)
	at jdk.internal.reflect.GeneratedMethodAccessor8.invoke(Unknown Source)
	at java.base/jdk.internal.reflect.DelegatingMethodAccessorImpl.invoke(DelegatingMethodAccessorImpl.java:43)
	at com.kms.katalon.core.webui.keyword.builtin.ClickKeyword$_click_closure1.doCall(ClickKeyword.groovy:67)
	at com.kms.katalon.core.webui.keyword.builtin.ClickKeyword$_click_closure1.call(ClickKeyword.groovy)
	at com.kms.katalon.core.webui.keyword.internal.WebUIKeywordMain.runKeyword(WebUIKeywordMain.groovy:35)
	at com.kms.katalon.core.webui.keyword.builtin.ClickKeyword.click(ClickKeyword.groovy:74)
	at com.kms.katalon.core.webui.keyword.builtin.ClickKeyword.execute(ClickKeyword.groovy:40)
	at com.kms.katalon.core.keyword.internal.KeywordExecutor.executeKeywordForPlatform(KeywordExecutor.groovy:74)
	at com.kms.katalon.core.webui.keyword.WebUiBuiltInKeywords.click(WebUiBuiltInKeywords.groovy:659)
	at Script1732083570761.run(Script1732083570761.groovy:24)
	at com.kms.katalon.core.main.ScriptEngine.run(ScriptEngine.java:194)
	at com.kms.katalon.core.main.ScriptEngine.runScriptAsRawText(ScriptEngine.java:119)
	at com.kms.katalon.core.main.TestCaseExecutor.runScript(TestCaseExecutor.java:448)
	at com.kms.katalon.core.main.TestCaseExecutor.doExecute(TestCaseExecutor.java:439)
	at com.kms.katalon.core.main.TestCaseExecutor.processExecutionPhase(TestCaseExecutor.java:418)
	at com.kms.katalon.core.main.TestCaseExecutor.accessMainPhase(TestCaseExecutor.java:410)
	at com.kms.katalon.core.main.TestCaseExecutor.execute(TestCaseExecutor.java:285)
	at com.kms.katalon.core.main.TestCaseMain.runTestCase(TestCaseMain.java:137)
	at com.kms.katalon.core.keyword.builtin.CallTestCaseKeyword$_callTestCase_closure1.doCall(CallTestCaseKeyword.groovy:59)
	at com.kms.katalon.core.keyword.builtin.CallTestCaseKeyword$_callTestCase_closure1.call(CallTestCaseKeyword.groovy)
	at com.kms.katalon.core.keyword.internal.KeywordMain.runKeyword(KeywordMain.groovy:75)
	at com.kms.katalon.core.keyword.builtin.CallTestCaseKeyword.callTestCase(CallTestCaseKeyword.groovy:81)
	at com.kms.katalon.core.keyword.builtin.CallTestCaseKeyword.execute(CallTestCaseKeyword.groovy:44)
	at com.kms.katalon.core.keyword.internal.KeywordExecutor.executeKeywordForPlatform(KeywordExecutor.groovy:74)
	at com.kms.katalon.core.keyword.BuiltinKeywords.callTestCase(BuiltinKeywords.groovy:310)
	at jdk.internal.reflect.GeneratedMethodAccessor25.invoke(Unknown Source)
	at java.base/jdk.internal.reflect.DelegatingMethodAccessorImpl.invoke(DelegatingMethodAccessorImpl.java:43)
	at Script1732341471695.run(Script1732341471695.groovy:22)
	... 15 more
)

27-11-2024T13:38:54 - [MESSAGE][FAILED] - Unable to click on object 'Object Repository/Principal/Page_Olva Courier  Home/button_CONTINUAR (2)' (Root cause: com.kms.katalon.core.exception.StepFailedException: Unable to click on object 'Object Repository/Principal/Page_Olva Courier  Home/button_CONTINUAR (2)'
	at com.kms.katalon.core.webui.keyword.internal.WebUIKeywordMain.stepFailed(WebUIKeywordMain.groovy:117)
	at com.kms.katalon.core.webui.keyword.internal.WebUIKeywordMain.runKeyword(WebUIKeywordMain.groovy:43)
	at com.kms.katalon.core.webui.keyword.builtin.ClickKeyword.click(ClickKeyword.groovy:74)
	at com.kms.katalon.core.webui.keyword.builtin.ClickKeyword.execute(ClickKeyword.groovy:40)
	at com.kms.katalon.core.keyword.internal.KeywordExecutor.executeKeywordForPlatform(KeywordExecutor.groovy:74)
	at com.kms.katalon.core.webui.keyword.WebUiBuiltInKeywords.click(WebUiBuiltInKeywords.groovy:659)
	at Selec_sobre.run(Selec_sobre:24)
	at com.kms.katalon.core.main.ScriptEngine.run(ScriptEngine.java:194)
	at com.kms.katalon.core.main.ScriptEngine.runScriptAsRawText(ScriptEngine.java:119)
	at com.kms.katalon.core.main.TestCaseExecutor.runScript(TestCaseExecutor.java:448)
	at com.kms.katalon.core.main.TestCaseExecutor.doExecute(TestCaseExecutor.java:439)
	at com.kms.katalon.core.main.TestCaseExecutor.processExecutionPhase(TestCaseExecutor.java:418)
	at com.kms.katalon.core.main.TestCaseExecutor.accessMainPhase(TestCaseExecutor.java:410)
	at com.kms.katalon.core.main.TestCaseExecutor.execute(TestCaseExecutor.java:285)
	at com.kms.katalon.core.main.TestCaseMain.runTestCase(TestCaseMain.java:137)
	at com.kms.katalon.core.keyword.builtin.CallTestCaseKeyword$_callTestCase_closure1.doCall(CallTestCaseKeyword.groovy:59)
	at com.kms.katalon.core.keyword.builtin.CallTestCaseKeyword$_callTestCase_closure1.call(CallTestCaseKeyword.groovy)
	at com.kms.katalon.core.keyword.internal.KeywordMain.runKeyword(KeywordMain.groovy:75)
	at com.kms.katalon.core.keyword.builtin.CallTestCaseKeyword.callTestCase(CallTestCaseKeyword.groovy:81)
	at com.kms.katalon.core.keyword.builtin.CallTestCaseKeyword.execute(CallTestCaseKeyword.groovy:44)
	at com.kms.katalon.core.keyword.internal.KeywordExecutor.executeKeywordForPlatform(KeywordExecutor.groovy:74)
	at com.kms.katalon.core.keyword.BuiltinKeywords.callTestCase(BuiltinKeywords.groovy:310)
	at jdk.internal.reflect.GeneratedMethodAccessor25.invoke(Unknown Source)
	at java.base/jdk.internal.reflect.DelegatingMethodAccessorImpl.invoke(DelegatingMethodAccessorImpl.java:43)
	at EditarValorado.run(EditarValorado:22)
	at com.kms.katalon.core.main.ScriptEngine.run(ScriptEngine.java:194)
	at com.kms.katalon.core.main.ScriptEngine.runScriptAsRawText(ScriptEngine.java:119)
	at com.kms.katalon.core.main.TestCaseExecutor.runScript(TestCaseExecutor.java:448)
	at com.kms.katalon.core.main.TestCaseExecutor.doExecute(TestCaseExecutor.java:439)
	at com.kms.katalon.core.main.TestCaseExecutor.processExecutionPhase(TestCaseExecutor.java:418)
	at com.kms.katalon.core.main.TestCaseExecutor.accessMainPhase(TestCaseExecutor.java:410)
	at com.kms.katalon.core.main.TestCaseExecutor.execute(TestCaseExecutor.java:285)
	at com.kms.katalon.core.common.CommonExecutor.accessTestCaseMainPhase(CommonExecutor.java:65)
	at com.kms.katalon.core.main.TestSuiteExecutor.accessTestSuiteMainPhase(TestSuiteExecutor.java:150)
	at com.kms.katalon.core.main.TestSuiteExecutor.execute(TestSuiteExecutor.java:106)
	at com.kms.katalon.core.main.TestCaseMain.startTestSuite(TestCaseMain.java:180)
	at TempTestSuite1732729948317.run(TempTestSuite1732729948317.groovy:35)
	at java.base/jdk.internal.reflect.NativeMethodAccessorImpl.invoke0(Native Method)
	at java.base/jdk.internal.reflect.NativeMethodAccessorImpl.invoke(NativeMethodAccessorImpl.java:77)
	at java.base/jdk.internal.reflect.DelegatingMethodAccessorImpl.invoke(DelegatingMethodAccessorImpl.java:43)
Caused by: org.openqa.selenium.ElementClickInterceptedException: Element <button id="btn_aceptar_tipo_envio" class="btn disabled" type="button"> is not clickable at point (675,588) because another element <div class="modal-footer"> obscures it
Build info: version: '3.141.59', revision: 'unknown', time: 'unknown'
System info: host: 'DESKTOP-RGFFP9A', ip: '10.136.10.6', os.name: 'Windows 11', os.arch: 'amd64', os.version: '10.0', java.version: '17.0.7'
Driver info: com.kms.katalon.core.webui.driver.firefox.CGeckoDriver
Capabilities {acceptInsecureCerts: true, browserName: firefox, browserVersion: 133.0, javascriptEnabled: true, moz:accessibilityChecks: false, moz:buildID: 20241121140525, moz:geckodriverVersion: 0.35.0, moz:headless: false, moz:platformVersion: 10.0, moz:processID: 35264, moz:profile: C:\Users\OLVATI\AppData\Loc..., moz:shutdownTimeout: 60000, moz:webdriverClick: true, moz:windowless: false, pageLoadStrategy: normal, platform: WINDOWS, platformName: WINDOWS, proxy: Proxy(direct), setWindowRect: true, strictFileInteractability: false, timeouts: {implicit: 0, pageLoad: 300000, script: 30000}, unhandledPromptBehavior: dismiss and notify, userAgent: Mozilla/5.0 (Windows NT 10....}
Session ID: 169c3814-56ec-49fa-a67b-db4801593e43
	at jdk.internal.reflect.GeneratedConstructorAccessor32.newInstance(Unknown Source)
	at java.base/jdk.internal.reflect.DelegatingConstructorAccessorImpl.newInstance(DelegatingConstructorAccessorImpl.java:45)
	at org.openqa.selenium.remote.http.W3CHttpResponseCodec.createException(W3CHttpResponseCodec.java:187)
	at org.openqa.selenium.remote.http.W3CHttpResponseCodec.decode(W3CHttpResponseCodec.java:122)
	at org.openqa.selenium.remote.http.W3CHttpResponseCodec.decode(W3CHttpResponseCodec.java:49)
	at org.openqa.selenium.remote.HttpCommandExecutor.execute(HttpCommandExecutor.java:158)
	at org.openqa.selenium.remote.service.DriverCommandExecutor.execute(DriverCommandExecutor.java:83)
	at org.openqa.selenium.remote.RemoteWebDriver.execute(RemoteWebDriver.java:552)
	at com.kms.katalon.selenium.driver.CFirefoxDriver.execute(CFirefoxDriver.java:28)
	at org.openqa.selenium.remote.RemoteWebElement.execute(RemoteWebElement.java:285)
	at org.openqa.selenium.remote.RemoteWebElement.click(RemoteWebElement.java:84)
	at jdk.internal.reflect.GeneratedMethodAccessor10.invoke(Unknown Source)
	at java.base/jdk.internal.reflect.DelegatingMethodAccessorImpl.invoke(DelegatingMethodAccessorImpl.java:43)
	at org.openqa.selenium.support.events.EventFiringWebDriver$EventFiringWebElement.lambda$new$0(EventFiringWebDriver.java:404)
	at jdk.proxy2/jdk.proxy2.$Proxy21.click(Unknown Source)
	at org.openqa.selenium.support.events.EventFiringWebDriver$EventFiringWebElement.click(EventFiringWebDriver.java:417)
	at org.openqa.selenium.WebElement$click.call(Unknown Source)
	at com.kms.katalon.core.webui.keyword.builtin.ClickKeyword.clickUntilSuccessWithTimeout(ClickKeyword.groovy:81)
	at com.kms.katalon.core.webui.keyword.builtin.ClickKeyword.clickUntilSuccessWithTimeout(ClickKeyword.groovy)
	at jdk.internal.reflect.GeneratedMethodAccessor8.invoke(Unknown Source)
	at java.base/jdk.internal.reflect.DelegatingMethodAccessorImpl.invoke(DelegatingMethodAccessorImpl.java:43)
	at com.kms.katalon.core.webui.keyword.builtin.ClickKeyword$_click_closure1.doCall(ClickKeyword.groovy:67)
	at com.kms.katalon.core.webui.keyword.builtin.ClickKeyword$_click_closure1.call(ClickKeyword.groovy)
	at com.kms.katalon.core.webui.keyword.internal.WebUIKeywordMain.runKeyword(WebUIKeywordMain.groovy:35)
	at com.kms.katalon.core.webui.keyword.builtin.ClickKeyword.click(ClickKeyword.groovy:74)
	at com.kms.katalon.core.webui.keyword.builtin.ClickKeyword.execute(ClickKeyword.groovy:40)
	at com.kms.katalon.core.keyword.internal.KeywordExecutor.executeKeywordForPlatform(KeywordExecutor.groovy:74)
	at com.kms.katalon.core.webui.keyword.WebUiBuiltInKeywords.click(WebUiBuiltInKeywords.groovy:659)
	at Script1732083570761.run(Script1732083570761.groovy:24)
	at com.kms.katalon.core.main.ScriptEngine.run(ScriptEngine.java:194)
	at com.kms.katalon.core.main.ScriptEngine.runScriptAsRawText(ScriptEngine.java:119)
	at com.kms.katalon.core.main.TestCaseExecutor.runScript(TestCaseExecutor.java:448)
	at com.kms.katalon.core.main.TestCaseExecutor.doExecute(TestCaseExecutor.java:439)
	at com.kms.katalon.core.main.TestCaseExecutor.processExecutionPhase(TestCaseExecutor.java:418)
	at com.kms.katalon.core.main.TestCaseExecutor.accessMainPhase(TestCaseExecutor.java:410)
	at com.kms.katalon.core.main.TestCaseExecutor.execute(TestCaseExecutor.java:285)
	at com.kms.katalon.core.main.TestCaseMain.runTestCase(TestCaseMain.java:137)
	at com.kms.katalon.core.keyword.builtin.CallTestCaseKeyword$_callTestCase_closure1.doCall(CallTestCaseKeyword.groovy:59)
	at com.kms.katalon.core.keyword.builtin.CallTestCaseKeyword$_callTestCase_closure1.call(CallTestCaseKeyword.groovy)
	at com.kms.katalon.core.keyword.internal.KeywordMain.runKeyword(KeywordMain.groovy:75)
	at com.kms.katalon.core.keyword.builtin.CallTestCaseKeyword.callTestCase(CallTestCaseKeyword.groovy:81)
	at com.kms.katalon.core.keyword.builtin.CallTestCaseKeyword.execute(CallTestCaseKeyword.groovy:44)
	at com.kms.katalon.core.keyword.internal.KeywordExecutor.executeKeywordForPlatform(KeywordExecutor.groovy:74)
	at com.kms.katalon.core.keyword.BuiltinKeywords.callTestCase(BuiltinKeywords.groovy:310)
	at jdk.internal.reflect.GeneratedMethodAccessor25.invoke(Unknown Source)
	at java.base/jdk.internal.reflect.DelegatingMethodAccessorImpl.invoke(DelegatingMethodAccessorImpl.java:43)
	at Script1732341471695.run(Script1732341471695.groovy:22)
	... 15 more
)

27-11-2024T13:38:54 - [MESSAGE][FAILED] - Unable to call Test Case 'Test Cases/1.Inicio/1.1Principal/Selec_sobre' (Root cause: com.kms.katalon.core.exception.StepFailedException: Call Test Case 'Test Cases/1.Inicio/1.1Principal/Selec_sobre' failed
	at com.kms.katalon.core.keyword.builtin.CallTestCaseKeyword$_callTestCase_closure1.doCall(CallTestCaseKeyword.groovy:63)
	at com.kms.katalon.core.keyword.builtin.CallTestCaseKeyword$_callTestCase_closure1.call(CallTestCaseKeyword.groovy)
	at com.kms.katalon.core.keyword.internal.KeywordMain.runKeyword(KeywordMain.groovy:75)
	at com.kms.katalon.core.keyword.builtin.CallTestCaseKeyword.callTestCase(CallTestCaseKeyword.groovy:81)
	at com.kms.katalon.core.keyword.builtin.CallTestCaseKeyword.execute(CallTestCaseKeyword.groovy:44)
	at com.kms.katalon.core.keyword.internal.KeywordExecutor.executeKeywordForPlatform(KeywordExecutor.groovy:74)
	at com.kms.katalon.core.keyword.BuiltinKeywords.callTestCase(BuiltinKeywords.groovy:310)
	at jdk.internal.reflect.GeneratedMethodAccessor25.invoke(Unknown Source)
	at java.base/jdk.internal.reflect.DelegatingMethodAccessorImpl.invoke(DelegatingMethodAccessorImpl.java:43)
	at EditarValorado.run(EditarValorado:22)
	at com.kms.katalon.core.main.ScriptEngine.run(ScriptEngine.java:194)
	at com.kms.katalon.core.main.ScriptEngine.runScriptAsRawText(ScriptEngine.java:119)
	at com.kms.katalon.core.main.TestCaseExecutor.runScript(TestCaseExecutor.java:448)
	at com.kms.katalon.core.main.TestCaseExecutor.doExecute(TestCaseExecutor.java:439)
	at com.kms.katalon.core.main.TestCaseExecutor.processExecutionPhase(TestCaseExecutor.java:418)
	at com.kms.katalon.core.main.TestCaseExecutor.accessMainPhase(TestCaseExecutor.java:410)
	at com.kms.katalon.core.main.TestCaseExecutor.execute(TestCaseExecutor.java:285)
	at com.kms.katalon.core.common.CommonExecutor.accessTestCaseMainPhase(CommonExecutor.java:65)
	at com.kms.katalon.core.main.TestSuiteExecutor.accessTestSuiteMainPhase(TestSuiteExecutor.java:150)
	at com.kms.katalon.core.main.TestSuiteExecutor.execute(TestSuiteExecutor.java:106)
	at com.kms.katalon.core.main.TestCaseMain.startTestSuite(TestCaseMain.java:180)
	at TempTestSuite1732729948317.run(TempTestSuite1732729948317.groovy:35)
	at java.base/jdk.internal.reflect.NativeMethodAccessorImpl.invoke0(Native Method)
	at java.base/jdk.internal.reflect.NativeMethodAccessorImpl.invoke(NativeMethodAccessorImpl.java:77)
	at java.base/jdk.internal.reflect.DelegatingMethodAccessorImpl.invoke(DelegatingMethodAccessorImpl.java:43)
Caused by: com.kms.katalon.core.exception.StepFailedException: Unable to click on object 'Object Repository/Principal/Page_Olva Courier  Home/button_CONTINUAR (2)'
	at com.kms.katalon.core.webui.keyword.internal.WebUIKeywordMain.stepFailed(WebUIKeywordMain.groovy:117)
	at com.kms.katalon.core.webui.keyword.internal.WebUIKeywordMain.runKeyword(WebUIKeywordMain.groovy:43)
	at com.kms.katalon.core.webui.keyword.builtin.ClickKeyword.click(ClickKeyword.groovy:74)
	at com.kms.katalon.core.webui.keyword.builtin.ClickKeyword.execute(ClickKeyword.groovy:40)
	at com.kms.katalon.core.keyword.internal.KeywordExecutor.executeKeywordForPlatform(KeywordExecutor.groovy:74)
	at com.kms.katalon.core.webui.keyword.WebUiBuiltInKeywords.click(WebUiBuiltInKeywords.groovy:659)
	at Selec_sobre.run(Selec_sobre:24)
	at com.kms.katalon.core.main.ScriptEngine.run(ScriptEngine.java:194)
	at com.kms.katalon.core.main.ScriptEngine.runScriptAsRawText(ScriptEngine.java:119)
	at com.kms.katalon.core.main.TestCaseExecutor.runScript(TestCaseExecutor.java:448)
	at com.kms.katalon.core.main.TestCaseExecutor.doExecute(TestCaseExecutor.java:439)
	at com.kms.katalon.core.main.TestCaseExecutor.processExecutionPhase(TestCaseExecutor.java:418)
	at com.kms.katalon.core.main.TestCaseExecutor.accessMainPhase(TestCaseExecutor.java:410)
	at com.kms.katalon.core.main.TestCaseExecutor.execute(TestCaseExecutor.java:285)
	at com.kms.katalon.core.main.TestCaseMain.runTestCase(TestCaseMain.java:137)
	at com.kms.katalon.core.keyword.builtin.CallTestCaseKeyword$_callTestCase_closure1.doCall(CallTestCaseKeyword.groovy:59)
	... 24 more
Caused by: org.openqa.selenium.ElementClickInterceptedException: Element <button id="btn_aceptar_tipo_envio" class="btn disabled" type="button"> is not clickable at point (675,588) because another element <div class="modal-footer"> obscures it
Build info: version: '3.141.59', revision: 'unknown', time: 'unknown'
System info: host: 'DESKTOP-RGFFP9A', ip: '10.136.10.6', os.name: 'Windows 11', os.arch: 'amd64', os.version: '10.0', java.version: '17.0.7'
Driver info: com.kms.katalon.core.webui.driver.firefox.CGeckoDriver
Capabilities {acceptInsecureCerts: true, browserName: firefox, browserVersion: 133.0, javascriptEnabled: true, moz:accessibilityChecks: false, moz:buildID: 20241121140525, moz:geckodriverVersion: 0.35.0, moz:headless: false, moz:platformVersion: 10.0, moz:processID: 35264, moz:profile: C:\Users\OLVATI\AppData\Loc..., moz:shutdownTimeout: 60000, moz:webdriverClick: true, moz:windowless: false, pageLoadStrategy: normal, platform: WINDOWS, platformName: WINDOWS, proxy: Proxy(direct), setWindowRect: true, strictFileInteractability: false, timeouts: {implicit: 0, pageLoad: 300000, script: 30000}, unhandledPromptBehavior: dismiss and notify, userAgent: Mozilla/5.0 (Windows NT 10....}
Session ID: 169c3814-56ec-49fa-a67b-db4801593e43
	at jdk.internal.reflect.GeneratedConstructorAccessor32.newInstance(Unknown Source)
	at java.base/jdk.internal.reflect.DelegatingConstructorAccessorImpl.newInstance(DelegatingConstructorAccessorImpl.java:45)
	at org.openqa.selenium.remote.http.W3CHttpResponseCodec.createException(W3CHttpResponseCodec.java:187)
	at org.openqa.selenium.remote.http.W3CHttpResponseCodec.decode(W3CHttpResponseCodec.java:122)
	at org.openqa.selenium.remote.http.W3CHttpResponseCodec.decode(W3CHttpResponseCodec.java:49)
	at org.openqa.selenium.remote.HttpCommandExecutor.execute(HttpCommandExecutor.java:158)
	at org.openqa.selenium.remote.service.DriverCommandExecutor.execute(DriverCommandExecutor.java:83)
	at org.openqa.selenium.remote.RemoteWebDriver.execute(RemoteWebDriver.java:552)
	at com.kms.katalon.selenium.driver.CFirefoxDriver.execute(CFirefoxDriver.java:28)
	at org.openqa.selenium.remote.RemoteWebElement.execute(RemoteWebElement.java:285)
	at org.openqa.selenium.remote.RemoteWebElement.click(RemoteWebElement.java:84)
	at jdk.internal.reflect.GeneratedMethodAccessor10.invoke(Unknown Source)
	at java.base/jdk.internal.reflect.DelegatingMethodAccessorImpl.invoke(DelegatingMethodAccessorImpl.java:43)
	at org.openqa.selenium.support.events.EventFiringWebDriver$EventFiringWebElement.lambda$new$0(EventFiringWebDriver.java:404)
	at jdk.proxy2/jdk.proxy2.$Proxy21.click(Unknown Source)
	at org.openqa.selenium.support.events.EventFiringWebDriver$EventFiringWebElement.click(EventFiringWebDriver.java:417)
	at org.openqa.selenium.WebElement$click.call(Unknown Source)
	at com.kms.katalon.core.webui.keyword.builtin.ClickKeyword.clickUntilSuccessWithTimeout(ClickKeyword.groovy:81)
	at com.kms.katalon.core.webui.keyword.builtin.ClickKeyword.clickUntilSuccessWithTimeout(ClickKeyword.groovy)
	at jdk.internal.reflect.GeneratedMethodAccessor8.invoke(Unknown Source)
	at java.base/jdk.internal.reflect.DelegatingMethodAccessorImpl.invoke(DelegatingMethodAccessorImpl.java:43)
	at com.kms.katalon.core.webui.keyword.builtin.ClickKeyword$_click_closure1.doCall(ClickKeyword.groovy:67)
	at com.kms.katalon.core.webui.keyword.builtin.ClickKeyword$_click_closure1.call(ClickKeyword.groovy)
	at com.kms.katalon.core.webui.keyword.internal.WebUIKeywordMain.runKeyword(WebUIKeywordMain.groovy:35)
	... 38 more
)]]></system-out>
         <system-err><![CDATA[27-11-2024T13:38:13 - [TEST_CASE][FAILED] - Test Cases/2.Positivos/2.2Sobre/Origen-Lima/2.Valorado/Entrega_Domicilio/EditarValorado: Test Cases/2.Positivos/2.2Sobre/Origen-Lima/2.Valorado/Entrega_Domicilio/EditarValorado FAILED.
Reason:
com.kms.katalon.core.exception.StepFailedException: Call Test Case 'Test Cases/1.Inicio/1.1Principal/Selec_sobre' failed
	at com.kms.katalon.core.keyword.builtin.CallTestCaseKeyword$_callTestCase_closure1.doCall(CallTestCaseKeyword.groovy:63)
	at com.kms.katalon.core.keyword.builtin.CallTestCaseKeyword$_callTestCase_closure1.call(CallTestCaseKeyword.groovy)
	at com.kms.katalon.core.keyword.internal.KeywordMain.runKeyword(KeywordMain.groovy:75)
	at com.kms.katalon.core.keyword.builtin.CallTestCaseKeyword.callTestCase(CallTestCaseKeyword.groovy:81)
	at com.kms.katalon.core.keyword.builtin.CallTestCaseKeyword.execute(CallTestCaseKeyword.groovy:44)
	at com.kms.katalon.core.keyword.internal.KeywordExecutor.executeKeywordForPlatform(KeywordExecutor.groovy:74)
	at com.kms.katalon.core.keyword.BuiltinKeywords.callTestCase(BuiltinKeywords.groovy:310)
	at jdk.internal.reflect.GeneratedMethodAccessor25.invoke(Unknown Source)
	at java.base/jdk.internal.reflect.DelegatingMethodAccessorImpl.invoke(DelegatingMethodAccessorImpl.java:43)
	at EditarValorado.run(EditarValorado:22)
	at com.kms.katalon.core.main.ScriptEngine.run(ScriptEngine.java:194)
	at com.kms.katalon.core.main.ScriptEngine.runScriptAsRawText(ScriptEngine.java:119)
	at com.kms.katalon.core.main.TestCaseExecutor.runScript(TestCaseExecutor.java:448)
	at com.kms.katalon.core.main.TestCaseExecutor.doExecute(TestCaseExecutor.java:439)
	at com.kms.katalon.core.main.TestCaseExecutor.processExecutionPhase(TestCaseExecutor.java:418)
	at com.kms.katalon.core.main.TestCaseExecutor.accessMainPhase(TestCaseExecutor.java:410)
	at com.kms.katalon.core.main.TestCaseExecutor.execute(TestCaseExecutor.java:285)
	at com.kms.katalon.core.common.CommonExecutor.accessTestCaseMainPhase(CommonExecutor.java:65)
	at com.kms.katalon.core.main.TestSuiteExecutor.accessTestSuiteMainPhase(TestSuiteExecutor.java:150)
	at com.kms.katalon.core.main.TestSuiteExecutor.execute(TestSuiteExecutor.java:106)
	at com.kms.katalon.core.main.TestCaseMain.startTestSuite(TestCaseMain.java:180)
	at TempTestSuite1732729948317.run(TempTestSuite1732729948317.groovy:35)
	at java.base/jdk.internal.reflect.NativeMethodAccessorImpl.invoke0(Native Method)
	at java.base/jdk.internal.reflect.NativeMethodAccessorImpl.invoke(NativeMethodAccessorImpl.java:77)
	at java.base/jdk.internal.reflect.DelegatingMethodAccessorImpl.invoke(DelegatingMethodAccessorImpl.java:43)
Caused by: com.kms.katalon.core.exception.StepFailedException: Unable to click on object 'Object Repository/Principal/Page_Olva Courier  Home/button_CONTINUAR (2)'
	at com.kms.katalon.core.webui.keyword.internal.WebUIKeywordMain.stepFailed(WebUIKeywordMain.groovy:117)
	at com.kms.katalon.core.webui.keyword.internal.WebUIKeywordMain.runKeyword(WebUIKeywordMain.groovy:43)
	at com.kms.katalon.core.webui.keyword.builtin.ClickKeyword.click(ClickKeyword.groovy:74)
	at com.kms.katalon.core.webui.keyword.builtin.ClickKeyword.execute(ClickKeyword.groovy:40)
	at com.kms.katalon.core.keyword.internal.KeywordExecutor.executeKeywordForPlatform(KeywordExecutor.groovy:74)
	at com.kms.katalon.core.webui.keyword.WebUiBuiltInKeywords.click(WebUiBuiltInKeywords.groovy:659)
	at Selec_sobre.run(Selec_sobre:24)
	at com.kms.katalon.core.main.ScriptEngine.run(ScriptEngine.java:194)
	at com.kms.katalon.core.main.ScriptEngine.runScriptAsRawText(ScriptEngine.java:119)
	at com.kms.katalon.core.main.TestCaseExecutor.runScript(TestCaseExecutor.java:448)
	at com.kms.katalon.core.main.TestCaseExecutor.doExecute(TestCaseExecutor.java:439)
	at com.kms.katalon.core.main.TestCaseExecutor.processExecutionPhase(TestCaseExecutor.java:418)
	at com.kms.katalon.core.main.TestCaseExecutor.accessMainPhase(TestCaseExecutor.java:410)
	at com.kms.katalon.core.main.TestCaseExecutor.execute(TestCaseExecutor.java:285)
	at com.kms.katalon.core.main.TestCaseMain.runTestCase(TestCaseMain.java:137)
	at com.kms.katalon.core.keyword.builtin.CallTestCaseKeyword$_callTestCase_closure1.doCall(CallTestCaseKeyword.groovy:59)
	... 24 more
Caused by: org.openqa.selenium.ElementClickInterceptedException: Element <button id="btn_aceptar_tipo_envio" class="btn disabled" type="button"> is not clickable at point (675,588) because another element <div class="modal-footer"> obscures it
Build info: version: '3.141.59', revision: 'unknown', time: 'unknown'
System info: host: 'DESKTOP-RGFFP9A', ip: '10.136.10.6', os.name: 'Windows 11', os.arch: 'amd64', os.version: '10.0', java.version: '17.0.7'
Driver info: com.kms.katalon.core.webui.driver.firefox.CGeckoDriver
Capabilities {acceptInsecureCerts: true, browserName: firefox, browserVersion: 133.0, javascriptEnabled: true, moz:accessibilityChecks: false, moz:buildID: 20241121140525, moz:geckodriverVersion: 0.35.0, moz:headless: false, moz:platformVersion: 10.0, moz:processID: 35264, moz:profile: C:\Users\OLVATI\AppData\Loc..., moz:shutdownTimeout: 60000, moz:webdriverClick: true, moz:windowless: false, pageLoadStrategy: normal, platform: WINDOWS, platformName: WINDOWS, proxy: Proxy(direct), setWindowRect: true, strictFileInteractability: false, timeouts: {implicit: 0, pageLoad: 300000, script: 30000}, unhandledPromptBehavior: dismiss and notify, userAgent: Mozilla/5.0 (Windows NT 10....}
Session ID: 169c3814-56ec-49fa-a67b-db4801593e43
	at jdk.internal.reflect.GeneratedConstructorAccessor32.newInstance(Unknown Source)
	at java.base/jdk.internal.reflect.DelegatingConstructorAccessorImpl.newInstance(DelegatingConstructorAccessorImpl.java:45)
	at org.openqa.selenium.remote.http.W3CHttpResponseCodec.createException(W3CHttpResponseCodec.java:187)
	at org.openqa.selenium.remote.http.W3CHttpResponseCodec.decode(W3CHttpResponseCodec.java:122)
	at org.openqa.selenium.remote.http.W3CHttpResponseCodec.decode(W3CHttpResponseCodec.java:49)
	at org.openqa.selenium.remote.HttpCommandExecutor.execute(HttpCommandExecutor.java:158)
	at org.openqa.selenium.remote.service.DriverCommandExecutor.execute(DriverCommandExecutor.java:83)
	at org.openqa.selenium.remote.RemoteWebDriver.execute(RemoteWebDriver.java:552)
	at com.kms.katalon.selenium.driver.CFirefoxDriver.execute(CFirefoxDriver.java:28)
	at org.openqa.selenium.remote.RemoteWebElement.execute(RemoteWebElement.java:285)
	at org.openqa.selenium.remote.RemoteWebElement.click(RemoteWebElement.java:84)
	at jdk.internal.reflect.GeneratedMethodAccessor10.invoke(Unknown Source)
	at java.base/jdk.internal.reflect.DelegatingMethodAccessorImpl.invoke(DelegatingMethodAccessorImpl.java:43)
	at org.openqa.selenium.support.events.EventFiringWebDriver$EventFiringWebElement.lambda$new$0(EventFiringWebDriver.java:404)
	at jdk.proxy2/jdk.proxy2.$Proxy21.click(Unknown Source)
	at org.openqa.selenium.support.events.EventFiringWebDriver$EventFiringWebElement.click(EventFiringWebDriver.java:417)
	at org.openqa.selenium.WebElement$click.call(Unknown Source)
	at com.kms.katalon.core.webui.keyword.builtin.ClickKeyword.clickUntilSuccessWithTimeout(ClickKeyword.groovy:81)
	at com.kms.katalon.core.webui.keyword.builtin.ClickKeyword.clickUntilSuccessWithTimeout(ClickKeyword.groovy)
	at jdk.internal.reflect.GeneratedMethodAccessor8.invoke(Unknown Source)
	at java.base/jdk.internal.reflect.DelegatingMethodAccessorImpl.invoke(DelegatingMethodAccessorImpl.java:43)
	at com.kms.katalon.core.webui.keyword.builtin.ClickKeyword$_click_closure1.doCall(ClickKeyword.groovy:67)
	at com.kms.katalon.core.webui.keyword.builtin.ClickKeyword$_click_closure1.call(ClickKeyword.groovy)
	at com.kms.katalon.core.webui.keyword.internal.WebUIKeywordMain.runKeyword(WebUIKeywordMain.groovy:35)
	... 38 more]]></system-err>
      </testcase>
      <testcase name="Test Cases/2.Positivos/2.2Sobre/Origen-Lima/2.Valorado/Entrega_Domicilio/DecJura-Paquete" time="41.181" classname="Test Cases/2.Positivos/2.2Sobre/Origen-Lima/2.Valorado/Entrega_Domicilio/DecJura-Paquete" status="FAILED">
         <failure type="FAILED" message="Test Cases/2.Positivos/2.2Sobre/Origen-Lima/2.Valorado/Entrega_Domicilio/DecJura-Paquete FAILED.&#xa;Reason:&#xa;com.kms.katalon.core.exception.StepFailedException: Call Test Case 'Test Cases/1.Inicio/1.1Principal/Selec_sobre' failed&#xa;	at com.kms.katalon.core.keyword.builtin.CallTestCaseKeyword$_callTestCase_closure1.doCall(CallTestCaseKeyword.groovy:63)&#xa;	at com.kms.katalon.core.keyword.builtin.CallTestCaseKeyword$_callTestCase_closure1.call(CallTestCaseKeyword.groovy)&#xa;	at com.kms.katalon.core.keyword.internal.KeywordMain.runKeyword(KeywordMain.groovy:75)&#xa;	at com.kms.katalon.core.keyword.builtin.CallTestCaseKeyword.callTestCase(CallTestCaseKeyword.groovy:81)&#xa;	at com.kms.katalon.core.keyword.builtin.CallTestCaseKeyword.execute(CallTestCaseKeyword.groovy:44)&#xa;	at com.kms.katalon.core.keyword.internal.KeywordExecutor.executeKeywordForPlatform(KeywordExecutor.groovy:74)&#xa;	at com.kms.katalon.core.keyword.BuiltinKeywords.callTestCase(BuiltinKeywords.groovy:310)&#xa;	at jdk.internal.reflect.GeneratedMethodAccessor25.invoke(Unknown Source)&#xa;	at java.base/jdk.internal.reflect.DelegatingMethodAccessorImpl.invoke(DelegatingMethodAccessorImpl.java:43)&#xa;	at DecJura-Paquete.run(DecJura-Paquete:22)&#xa;	at com.kms.katalon.core.main.ScriptEngine.run(ScriptEngine.java:194)&#xa;	at com.kms.katalon.core.main.ScriptEngine.runScriptAsRawText(ScriptEngine.java:119)&#xa;	at com.kms.katalon.core.main.TestCaseExecutor.runScript(TestCaseExecutor.java:448)&#xa;	at com.kms.katalon.core.main.TestCaseExecutor.doExecute(TestCaseExecutor.java:439)&#xa;	at com.kms.katalon.core.main.TestCaseExecutor.processExecutionPhase(TestCaseExecutor.java:418)&#xa;	at com.kms.katalon.core.main.TestCaseExecutor.accessMainPhase(TestCaseExecutor.java:410)&#xa;	at com.kms.katalon.core.main.TestCaseExecutor.execute(TestCaseExecutor.java:285)&#xa;	at com.kms.katalon.core.common.CommonExecutor.accessTestCaseMainPhase(CommonExecutor.java:65)&#xa;	at com.kms.katalon.core.main.TestSuiteExecutor.accessTestSuiteMainPhase(TestSuiteExecutor.java:150)&#xa;	at com.kms.katalon.core.main.TestSuiteExecutor.execute(TestSuiteExecutor.java:106)&#xa;	at com.kms.katalon.core.main.TestCaseMain.startTestSuite(TestCaseMain.java:180)&#xa;	at TempTestSuite1732729948317.run(TempTestSuite1732729948317.groovy:35)&#xa;	at java.base/jdk.internal.reflect.NativeMethodAccessorImpl.invoke0(Native Method)&#xa;	at java.base/jdk.internal.reflect.NativeMethodAccessorImpl.invoke(NativeMethodAccessorImpl.java:77)&#xa;	at java.base/jdk.internal.reflect.DelegatingMethodAccessorImpl.invoke(DelegatingMethodAccessorImpl.java:43)&#xa;Caused by: com.kms.katalon.core.exception.StepFailedException: Unable to click on object 'Object Repository/Principal/Page_Olva Courier  Home/button_CONTINUAR (2)'&#xa;	at com.kms.katalon.core.webui.keyword.internal.WebUIKeywordMain.stepFailed(WebUIKeywordMain.groovy:117)&#xa;	at com.kms.katalon.core.webui.keyword.internal.WebUIKeywordMain.runKeyword(WebUIKeywordMain.groovy:43)&#xa;	at com.kms.katalon.core.webui.keyword.builtin.ClickKeyword.click(ClickKeyword.groovy:74)&#xa;	at com.kms.katalon.core.webui.keyword.builtin.ClickKeyword.execute(ClickKeyword.groovy:40)&#xa;	at com.kms.katalon.core.keyword.internal.KeywordExecutor.executeKeywordForPlatform(KeywordExecutor.groovy:74)&#xa;	at com.kms.katalon.core.webui.keyword.WebUiBuiltInKeywords.click(WebUiBuiltInKeywords.groovy:659)&#xa;	at Selec_sobre.run(Selec_sobre:24)&#xa;	at com.kms.katalon.core.main.ScriptEngine.run(ScriptEngine.java:194)&#xa;	at com.kms.katalon.core.main.ScriptEngine.runScriptAsRawText(ScriptEngine.java:119)&#xa;	at com.kms.katalon.core.main.TestCaseExecutor.runScript(TestCaseExecutor.java:448)&#xa;	at com.kms.katalon.core.main.TestCaseExecutor.doExecute(TestCaseExecutor.java:439)&#xa;	at com.kms.katalon.core.main.TestCaseExecutor.processExecutionPhase(TestCaseExecutor.java:418)&#xa;	at com.kms.katalon.core.main.TestCaseExecutor.accessMainPhase(TestCaseExecutor.java:410)&#xa;	at com.kms.katalon.core.main.TestCaseExecutor.execute(TestCaseExecutor.java:285)&#xa;	at com.kms.katalon.core.main.TestCaseMain.runTestCase(TestCaseMain.java:137)&#xa;	at com.kms.katalon.core.keyword.builtin.CallTestCaseKeyword$_callTestCase_closure1.doCall(CallTestCaseKeyword.groovy:59)&#xa;	... 24 more&#xa;Caused by: org.openqa.selenium.ElementClickInterceptedException: Element &lt;button id=&quot;btn_aceptar_tipo_envio&quot; class=&quot;btn disabled&quot; type=&quot;button&quot;> is not clickable at point (675,588) because another element &lt;div class=&quot;modal-footer&quot;> obscures it&#xa;Build info: version: '3.141.59', revision: 'unknown', time: 'unknown'&#xa;System info: host: 'DESKTOP-RGFFP9A', ip: '10.136.10.6', os.name: 'Windows 11', os.arch: 'amd64', os.version: '10.0', java.version: '17.0.7'&#xa;Driver info: com.kms.katalon.core.webui.driver.firefox.CGeckoDriver&#xa;Capabilities {acceptInsecureCerts: true, browserName: firefox, browserVersion: 133.0, javascriptEnabled: true, moz:accessibilityChecks: false, moz:buildID: 20241121140525, moz:geckodriverVersion: 0.35.0, moz:headless: false, moz:platformVersion: 10.0, moz:processID: 27816, moz:profile: C:\Users\OLVATI\AppData\Loc..., moz:shutdownTimeout: 60000, moz:webdriverClick: true, moz:windowless: false, pageLoadStrategy: normal, platform: WINDOWS, platformName: WINDOWS, proxy: Proxy(direct), setWindowRect: true, strictFileInteractability: false, timeouts: {implicit: 0, pageLoad: 300000, script: 30000}, unhandledPromptBehavior: dismiss and notify, userAgent: Mozilla/5.0 (Windows NT 10....}&#xa;Session ID: f2d17a0c-c57e-4a6c-b514-8d65bd920ecd&#xa;	at jdk.internal.reflect.GeneratedConstructorAccessor32.newInstance(Unknown Source)&#xa;	at java.base/jdk.internal.reflect.DelegatingConstructorAccessorImpl.newInstance(DelegatingConstructorAccessorImpl.java:45)&#xa;	at org.openqa.selenium.remote.http.W3CHttpResponseCodec.createException(W3CHttpResponseCodec.java:187)&#xa;	at org.openqa.selenium.remote.http.W3CHttpResponseCodec.decode(W3CHttpResponseCodec.java:122)&#xa;	at org.openqa.selenium.remote.http.W3CHttpResponseCodec.decode(W3CHttpResponseCodec.java:49)&#xa;	at org.openqa.selenium.remote.HttpCommandExecutor.execute(HttpCommandExecutor.java:158)&#xa;	at org.openqa.selenium.remote.service.DriverCommandExecutor.execute(DriverCommandExecutor.java:83)&#xa;	at org.openqa.selenium.remote.RemoteWebDriver.execute(RemoteWebDriver.java:552)&#xa;	at com.kms.katalon.selenium.driver.CFirefoxDriver.execute(CFirefoxDriver.java:28)&#xa;	at org.openqa.selenium.remote.RemoteWebElement.execute(RemoteWebElement.java:285)&#xa;	at org.openqa.selenium.remote.RemoteWebElement.click(RemoteWebElement.java:84)&#xa;	at jdk.internal.reflect.GeneratedMethodAccessor10.invoke(Unknown Source)&#xa;	at java.base/jdk.internal.reflect.DelegatingMethodAccessorImpl.invoke(DelegatingMethodAccessorImpl.java:43)&#xa;	at org.openqa.selenium.support.events.EventFiringWebDriver$EventFiringWebElement.lambda$new$0(EventFiringWebDriver.java:404)&#xa;	at jdk.proxy2/jdk.proxy2.$Proxy21.click(Unknown Source)&#xa;	at org.openqa.selenium.support.events.EventFiringWebDriver$EventFiringWebElement.click(EventFiringWebDriver.java:417)&#xa;	at org.openqa.selenium.WebElement$click.call(Unknown Source)&#xa;	at com.kms.katalon.core.webui.keyword.builtin.ClickKeyword.clickUntilSuccessWithTimeout(ClickKeyword.groovy:81)&#xa;	at com.kms.katalon.core.webui.keyword.builtin.ClickKeyword.clickUntilSuccessWithTimeout(ClickKeyword.groovy)&#xa;	at jdk.internal.reflect.GeneratedMethodAccessor8.invoke(Unknown Source)&#xa;	at java.base/jdk.internal.reflect.DelegatingMethodAccessorImpl.invoke(DelegatingMethodAccessorImpl.java:43)&#xa;	at com.kms.katalon.core.webui.keyword.builtin.ClickKeyword$_click_closure1.doCall(ClickKeyword.groovy:67)&#xa;	at com.kms.katalon.core.webui.keyword.builtin.ClickKeyword$_click_closure1.call(ClickKeyword.groovy)&#xa;	at com.kms.katalon.core.webui.keyword.internal.WebUIKeywordMain.runKeyword(WebUIKeywordMain.groovy:35)&#xa;	... 38 more&#xa;"/>
         <system-out><![CDATA[27-11-2024T13:38:54 - [TEST_CASE][FAILED] - Test Cases/2.Positivos/2.2Sobre/Origen-Lima/2.Valorado/Entrega_Domicilio/DecJura-Paquete: Test Cases/2.Positivos/2.2Sobre/Origen-Lima/2.Valorado/Entrega_Domicilio/DecJura-Paquete FAILED.
Reason:
com.kms.katalon.core.exception.StepFailedException: Call Test Case 'Test Cases/1.Inicio/1.1Principal/Selec_sobre' failed
	at com.kms.katalon.core.keyword.builtin.CallTestCaseKeyword$_callTestCase_closure1.doCall(CallTestCaseKeyword.groovy:63)
	at com.kms.katalon.core.keyword.builtin.CallTestCaseKeyword$_callTestCase_closure1.call(CallTestCaseKeyword.groovy)
	at com.kms.katalon.core.keyword.internal.KeywordMain.runKeyword(KeywordMain.groovy:75)
	at com.kms.katalon.core.keyword.builtin.CallTestCaseKeyword.callTestCase(CallTestCaseKeyword.groovy:81)
	at com.kms.katalon.core.keyword.builtin.CallTestCaseKeyword.execute(CallTestCaseKeyword.groovy:44)
	at com.kms.katalon.core.keyword.internal.KeywordExecutor.executeKeywordForPlatform(KeywordExecutor.groovy:74)
	at com.kms.katalon.core.keyword.BuiltinKeywords.callTestCase(BuiltinKeywords.groovy:310)
	at jdk.internal.reflect.GeneratedMethodAccessor25.invoke(Unknown Source)
	at java.base/jdk.internal.reflect.DelegatingMethodAccessorImpl.invoke(DelegatingMethodAccessorImpl.java:43)
	at DecJura-Paquete.run(DecJura-Paquete:22)
	at com.kms.katalon.core.main.ScriptEngine.run(ScriptEngine.java:194)
	at com.kms.katalon.core.main.ScriptEngine.runScriptAsRawText(ScriptEngine.java:119)
	at com.kms.katalon.core.main.TestCaseExecutor.runScript(TestCaseExecutor.java:448)
	at com.kms.katalon.core.main.TestCaseExecutor.doExecute(TestCaseExecutor.java:439)
	at com.kms.katalon.core.main.TestCaseExecutor.processExecutionPhase(TestCaseExecutor.java:418)
	at com.kms.katalon.core.main.TestCaseExecutor.accessMainPhase(TestCaseExecutor.java:410)
	at com.kms.katalon.core.main.TestCaseExecutor.execute(TestCaseExecutor.java:285)
	at com.kms.katalon.core.common.CommonExecutor.accessTestCaseMainPhase(CommonExecutor.java:65)
	at com.kms.katalon.core.main.TestSuiteExecutor.accessTestSuiteMainPhase(TestSuiteExecutor.java:150)
	at com.kms.katalon.core.main.TestSuiteExecutor.execute(TestSuiteExecutor.java:106)
	at com.kms.katalon.core.main.TestCaseMain.startTestSuite(TestCaseMain.java:180)
	at TempTestSuite1732729948317.run(TempTestSuite1732729948317.groovy:35)
	at java.base/jdk.internal.reflect.NativeMethodAccessorImpl.invoke0(Native Method)
	at java.base/jdk.internal.reflect.NativeMethodAccessorImpl.invoke(NativeMethodAccessorImpl.java:77)
	at java.base/jdk.internal.reflect.DelegatingMethodAccessorImpl.invoke(DelegatingMethodAccessorImpl.java:43)
Caused by: com.kms.katalon.core.exception.StepFailedException: Unable to click on object 'Object Repository/Principal/Page_Olva Courier  Home/button_CONTINUAR (2)'
	at com.kms.katalon.core.webui.keyword.internal.WebUIKeywordMain.stepFailed(WebUIKeywordMain.groovy:117)
	at com.kms.katalon.core.webui.keyword.internal.WebUIKeywordMain.runKeyword(WebUIKeywordMain.groovy:43)
	at com.kms.katalon.core.webui.keyword.builtin.ClickKeyword.click(ClickKeyword.groovy:74)
	at com.kms.katalon.core.webui.keyword.builtin.ClickKeyword.execute(ClickKeyword.groovy:40)
	at com.kms.katalon.core.keyword.internal.KeywordExecutor.executeKeywordForPlatform(KeywordExecutor.groovy:74)
	at com.kms.katalon.core.webui.keyword.WebUiBuiltInKeywords.click(WebUiBuiltInKeywords.groovy:659)
	at Selec_sobre.run(Selec_sobre:24)
	at com.kms.katalon.core.main.ScriptEngine.run(ScriptEngine.java:194)
	at com.kms.katalon.core.main.ScriptEngine.runScriptAsRawText(ScriptEngine.java:119)
	at com.kms.katalon.core.main.TestCaseExecutor.runScript(TestCaseExecutor.java:448)
	at com.kms.katalon.core.main.TestCaseExecutor.doExecute(TestCaseExecutor.java:439)
	at com.kms.katalon.core.main.TestCaseExecutor.processExecutionPhase(TestCaseExecutor.java:418)
	at com.kms.katalon.core.main.TestCaseExecutor.accessMainPhase(TestCaseExecutor.java:410)
	at com.kms.katalon.core.main.TestCaseExecutor.execute(TestCaseExecutor.java:285)
	at com.kms.katalon.core.main.TestCaseMain.runTestCase(TestCaseMain.java:137)
	at com.kms.katalon.core.keyword.builtin.CallTestCaseKeyword$_callTestCase_closure1.doCall(CallTestCaseKeyword.groovy:59)
	... 24 more
Caused by: org.openqa.selenium.ElementClickInterceptedException: Element <button id="btn_aceptar_tipo_envio" class="btn disabled" type="button"> is not clickable at point (675,588) because another element <div class="modal-footer"> obscures it
Build info: version: '3.141.59', revision: 'unknown', time: 'unknown'
System info: host: 'DESKTOP-RGFFP9A', ip: '10.136.10.6', os.name: 'Windows 11', os.arch: 'amd64', os.version: '10.0', java.version: '17.0.7'
Driver info: com.kms.katalon.core.webui.driver.firefox.CGeckoDriver
Capabilities {acceptInsecureCerts: true, browserName: firefox, browserVersion: 133.0, javascriptEnabled: true, moz:accessibilityChecks: false, moz:buildID: 20241121140525, moz:geckodriverVersion: 0.35.0, moz:headless: false, moz:platformVersion: 10.0, moz:processID: 27816, moz:profile: C:\Users\OLVATI\AppData\Loc..., moz:shutdownTimeout: 60000, moz:webdriverClick: true, moz:windowless: false, pageLoadStrategy: normal, platform: WINDOWS, platformName: WINDOWS, proxy: Proxy(direct), setWindowRect: true, strictFileInteractability: false, timeouts: {implicit: 0, pageLoad: 300000, script: 30000}, unhandledPromptBehavior: dismiss and notify, userAgent: Mozilla/5.0 (Windows NT 10....}
Session ID: f2d17a0c-c57e-4a6c-b514-8d65bd920ecd
	at jdk.internal.reflect.GeneratedConstructorAccessor32.newInstance(Unknown Source)
	at java.base/jdk.internal.reflect.DelegatingConstructorAccessorImpl.newInstance(DelegatingConstructorAccessorImpl.java:45)
	at org.openqa.selenium.remote.http.W3CHttpResponseCodec.createException(W3CHttpResponseCodec.java:187)
	at org.openqa.selenium.remote.http.W3CHttpResponseCodec.decode(W3CHttpResponseCodec.java:122)
	at org.openqa.selenium.remote.http.W3CHttpResponseCodec.decode(W3CHttpResponseCodec.java:49)
	at org.openqa.selenium.remote.HttpCommandExecutor.execute(HttpCommandExecutor.java:158)
	at org.openqa.selenium.remote.service.DriverCommandExecutor.execute(DriverCommandExecutor.java:83)
	at org.openqa.selenium.remote.RemoteWebDriver.execute(RemoteWebDriver.java:552)
	at com.kms.katalon.selenium.driver.CFirefoxDriver.execute(CFirefoxDriver.java:28)
	at org.openqa.selenium.remote.RemoteWebElement.execute(RemoteWebElement.java:285)
	at org.openqa.selenium.remote.RemoteWebElement.click(RemoteWebElement.java:84)
	at jdk.internal.reflect.GeneratedMethodAccessor10.invoke(Unknown Source)
	at java.base/jdk.internal.reflect.DelegatingMethodAccessorImpl.invoke(DelegatingMethodAccessorImpl.java:43)
	at org.openqa.selenium.support.events.EventFiringWebDriver$EventFiringWebElement.lambda$new$0(EventFiringWebDriver.java:404)
	at jdk.proxy2/jdk.proxy2.$Proxy21.click(Unknown Source)
	at org.openqa.selenium.support.events.EventFiringWebDriver$EventFiringWebElement.click(EventFiringWebDriver.java:417)
	at org.openqa.selenium.WebElement$click.call(Unknown Source)
	at com.kms.katalon.core.webui.keyword.builtin.ClickKeyword.clickUntilSuccessWithTimeout(ClickKeyword.groovy:81)
	at com.kms.katalon.core.webui.keyword.builtin.ClickKeyword.clickUntilSuccessWithTimeout(ClickKeyword.groovy)
	at jdk.internal.reflect.GeneratedMethodAccessor8.invoke(Unknown Source)
	at java.base/jdk.internal.reflect.DelegatingMethodAccessorImpl.invoke(DelegatingMethodAccessorImpl.java:43)
	at com.kms.katalon.core.webui.keyword.builtin.ClickKeyword$_click_closure1.doCall(ClickKeyword.groovy:67)
	at com.kms.katalon.core.webui.keyword.builtin.ClickKeyword$_click_closure1.call(ClickKeyword.groovy)
	at com.kms.katalon.core.webui.keyword.internal.WebUIKeywordMain.runKeyword(WebUIKeywordMain.groovy:35)
	... 38 more


27-11-2024T13:38:54 - [TEST_STEP][PASSED] - callTestCase(findTestCase("1.Inicio/1.1Principal/Principal-home"), [:], STOP_ON_FAILURE): Call Test Case 'Test Cases/1.Inicio/1.1Principal/Principal-home' successfully

27-11-2024T13:38:54 - [TEST_CASE][PASSED] - Test Cases/1.Inicio/1.1Principal/Principal-home: Test Cases/1.Inicio/1.1Principal/Principal-home

27-11-2024T13:38:54 - [TEST_STEP][PASSED] - openBrowser(""): Browser is opened with url: ''

27-11-2024T13:38:54 - [MESSAGE][WARNING] - A browser is already opened. Closing browser and opening a new one

27-11-2024T13:38:55 - [MESSAGE][INFO] - Starting 'Firefox' driver

27-11-2024T13:38:55 - [MESSAGE][INFO] - Action delay is set to 0 milliseconds

27-11-2024T13:39:02 - [MESSAGE][PASSED] - Browser is opened with url: ''

27-11-2024T13:39:02 - [TEST_STEP][PASSED] - navigateToUrl("https://dev01-registrodeenvios.olvacourier.com/principal"): Navigate to 'https://dev01-registrodeenvios.olvacourier.com/principal' successfully

27-11-2024T13:39:03 - [MESSAGE][PASSED] - Navigate to 'https://dev01-registrodeenvios.olvacourier.com/principal' successfully

27-11-2024T13:39:03 - [TEST_STEP][PASSED] - maximizeWindow(): Current window maximized

27-11-2024T13:39:03 - [MESSAGE][PASSED] - Current window maximized

27-11-2024T13:39:03 - [MESSAGE][PASSED] - Call Test Case 'Test Cases/1.Inicio/1.1Principal/Principal-home' successfully

27-11-2024T13:39:03 - [TEST_STEP][FAILED] - callTestCase(findTestCase("1.Inicio/1.1Principal/Selec_sobre"), [:], STOP_ON_FAILURE): Unable to call Test Case 'Test Cases/1.Inicio/1.1Principal/Selec_sobre' (Root cause: com.kms.katalon.core.exception.StepFailedException: Call Test Case 'Test Cases/1.Inicio/1.1Principal/Selec_sobre' failed
	at com.kms.katalon.core.keyword.builtin.CallTestCaseKeyword$_callTestCase_closure1.doCall(CallTestCaseKeyword.groovy:63)
	at com.kms.katalon.core.keyword.builtin.CallTestCaseKeyword$_callTestCase_closure1.call(CallTestCaseKeyword.groovy)
	at com.kms.katalon.core.keyword.internal.KeywordMain.runKeyword(KeywordMain.groovy:75)
	at com.kms.katalon.core.keyword.builtin.CallTestCaseKeyword.callTestCase(CallTestCaseKeyword.groovy:81)
	at com.kms.katalon.core.keyword.builtin.CallTestCaseKeyword.execute(CallTestCaseKeyword.groovy:44)
	at com.kms.katalon.core.keyword.internal.KeywordExecutor.executeKeywordForPlatform(KeywordExecutor.groovy:74)
	at com.kms.katalon.core.keyword.BuiltinKeywords.callTestCase(BuiltinKeywords.groovy:310)
	at jdk.internal.reflect.GeneratedMethodAccessor25.invoke(Unknown Source)
	at java.base/jdk.internal.reflect.DelegatingMethodAccessorImpl.invoke(DelegatingMethodAccessorImpl.java:43)
	at DecJura-Paquete.run(DecJura-Paquete:22)
	at com.kms.katalon.core.main.ScriptEngine.run(ScriptEngine.java:194)
	at com.kms.katalon.core.main.ScriptEngine.runScriptAsRawText(ScriptEngine.java:119)
	at com.kms.katalon.core.main.TestCaseExecutor.runScript(TestCaseExecutor.java:448)
	at com.kms.katalon.core.main.TestCaseExecutor.doExecute(TestCaseExecutor.java:439)
	at com.kms.katalon.core.main.TestCaseExecutor.processExecutionPhase(TestCaseExecutor.java:418)
	at com.kms.katalon.core.main.TestCaseExecutor.accessMainPhase(TestCaseExecutor.java:410)
	at com.kms.katalon.core.main.TestCaseExecutor.execute(TestCaseExecutor.java:285)
	at com.kms.katalon.core.common.CommonExecutor.accessTestCaseMainPhase(CommonExecutor.java:65)
	at com.kms.katalon.core.main.TestSuiteExecutor.accessTestSuiteMainPhase(TestSuiteExecutor.java:150)
	at com.kms.katalon.core.main.TestSuiteExecutor.execute(TestSuiteExecutor.java:106)
	at com.kms.katalon.core.main.TestCaseMain.startTestSuite(TestCaseMain.java:180)
	at TempTestSuite1732729948317.run(TempTestSuite1732729948317.groovy:35)
	at java.base/jdk.internal.reflect.NativeMethodAccessorImpl.invoke0(Native Method)
	at java.base/jdk.internal.reflect.NativeMethodAccessorImpl.invoke(NativeMethodAccessorImpl.java:77)
	at java.base/jdk.internal.reflect.DelegatingMethodAccessorImpl.invoke(DelegatingMethodAccessorImpl.java:43)
Caused by: com.kms.katalon.core.exception.StepFailedException: Unable to click on object 'Object Repository/Principal/Page_Olva Courier  Home/button_CONTINUAR (2)'
	at com.kms.katalon.core.webui.keyword.internal.WebUIKeywordMain.stepFailed(WebUIKeywordMain.groovy:117)
	at com.kms.katalon.core.webui.keyword.internal.WebUIKeywordMain.runKeyword(WebUIKeywordMain.groovy:43)
	at com.kms.katalon.core.webui.keyword.builtin.ClickKeyword.click(ClickKeyword.groovy:74)
	at com.kms.katalon.core.webui.keyword.builtin.ClickKeyword.execute(ClickKeyword.groovy:40)
	at com.kms.katalon.core.keyword.internal.KeywordExecutor.executeKeywordForPlatform(KeywordExecutor.groovy:74)
	at com.kms.katalon.core.webui.keyword.WebUiBuiltInKeywords.click(WebUiBuiltInKeywords.groovy:659)
	at Selec_sobre.run(Selec_sobre:24)
	at com.kms.katalon.core.main.ScriptEngine.run(ScriptEngine.java:194)
	at com.kms.katalon.core.main.ScriptEngine.runScriptAsRawText(ScriptEngine.java:119)
	at com.kms.katalon.core.main.TestCaseExecutor.runScript(TestCaseExecutor.java:448)
	at com.kms.katalon.core.main.TestCaseExecutor.doExecute(TestCaseExecutor.java:439)
	at com.kms.katalon.core.main.TestCaseExecutor.processExecutionPhase(TestCaseExecutor.java:418)
	at com.kms.katalon.core.main.TestCaseExecutor.accessMainPhase(TestCaseExecutor.java:410)
	at com.kms.katalon.core.main.TestCaseExecutor.execute(TestCaseExecutor.java:285)
	at com.kms.katalon.core.main.TestCaseMain.runTestCase(TestCaseMain.java:137)
	at com.kms.katalon.core.keyword.builtin.CallTestCaseKeyword$_callTestCase_closure1.doCall(CallTestCaseKeyword.groovy:59)
	... 24 more
Caused by: org.openqa.selenium.ElementClickInterceptedException: Element <button id="btn_aceptar_tipo_envio" class="btn disabled" type="button"> is not clickable at point (675,588) because another element <div class="modal-footer"> obscures it
Build info: version: '3.141.59', revision: 'unknown', time: 'unknown'
System info: host: 'DESKTOP-RGFFP9A', ip: '10.136.10.6', os.name: 'Windows 11', os.arch: 'amd64', os.version: '10.0', java.version: '17.0.7'
Driver info: com.kms.katalon.core.webui.driver.firefox.CGeckoDriver
Capabilities {acceptInsecureCerts: true, browserName: firefox, browserVersion: 133.0, javascriptEnabled: true, moz:accessibilityChecks: false, moz:buildID: 20241121140525, moz:geckodriverVersion: 0.35.0, moz:headless: false, moz:platformVersion: 10.0, moz:processID: 27816, moz:profile: C:\Users\OLVATI\AppData\Loc..., moz:shutdownTimeout: 60000, moz:webdriverClick: true, moz:windowless: false, pageLoadStrategy: normal, platform: WINDOWS, platformName: WINDOWS, proxy: Proxy(direct), setWindowRect: true, strictFileInteractability: false, timeouts: {implicit: 0, pageLoad: 300000, script: 30000}, unhandledPromptBehavior: dismiss and notify, userAgent: Mozilla/5.0 (Windows NT 10....}
Session ID: f2d17a0c-c57e-4a6c-b514-8d65bd920ecd
	at jdk.internal.reflect.GeneratedConstructorAccessor32.newInstance(Unknown Source)
	at java.base/jdk.internal.reflect.DelegatingConstructorAccessorImpl.newInstance(DelegatingConstructorAccessorImpl.java:45)
	at org.openqa.selenium.remote.http.W3CHttpResponseCodec.createException(W3CHttpResponseCodec.java:187)
	at org.openqa.selenium.remote.http.W3CHttpResponseCodec.decode(W3CHttpResponseCodec.java:122)
	at org.openqa.selenium.remote.http.W3CHttpResponseCodec.decode(W3CHttpResponseCodec.java:49)
	at org.openqa.selenium.remote.HttpCommandExecutor.execute(HttpCommandExecutor.java:158)
	at org.openqa.selenium.remote.service.DriverCommandExecutor.execute(DriverCommandExecutor.java:83)
	at org.openqa.selenium.remote.RemoteWebDriver.execute(RemoteWebDriver.java:552)
	at com.kms.katalon.selenium.driver.CFirefoxDriver.execute(CFirefoxDriver.java:28)
	at org.openqa.selenium.remote.RemoteWebElement.execute(RemoteWebElement.java:285)
	at org.openqa.selenium.remote.RemoteWebElement.click(RemoteWebElement.java:84)
	at jdk.internal.reflect.GeneratedMethodAccessor10.invoke(Unknown Source)
	at java.base/jdk.internal.reflect.DelegatingMethodAccessorImpl.invoke(DelegatingMethodAccessorImpl.java:43)
	at org.openqa.selenium.support.events.EventFiringWebDriver$EventFiringWebElement.lambda$new$0(EventFiringWebDriver.java:404)
	at jdk.proxy2/jdk.proxy2.$Proxy21.click(Unknown Source)
	at org.openqa.selenium.support.events.EventFiringWebDriver$EventFiringWebElement.click(EventFiringWebDriver.java:417)
	at org.openqa.selenium.WebElement$click.call(Unknown Source)
	at com.kms.katalon.core.webui.keyword.builtin.ClickKeyword.clickUntilSuccessWithTimeout(ClickKeyword.groovy:81)
	at com.kms.katalon.core.webui.keyword.builtin.ClickKeyword.clickUntilSuccessWithTimeout(ClickKeyword.groovy)
	at jdk.internal.reflect.GeneratedMethodAccessor8.invoke(Unknown Source)
	at java.base/jdk.internal.reflect.DelegatingMethodAccessorImpl.invoke(DelegatingMethodAccessorImpl.java:43)
	at com.kms.katalon.core.webui.keyword.builtin.ClickKeyword$_click_closure1.doCall(ClickKeyword.groovy:67)
	at com.kms.katalon.core.webui.keyword.builtin.ClickKeyword$_click_closure1.call(ClickKeyword.groovy)
	at com.kms.katalon.core.webui.keyword.internal.WebUIKeywordMain.runKeyword(WebUIKeywordMain.groovy:35)
	... 38 more
)

27-11-2024T13:39:03 - [TEST_CASE][FAILED] - Test Cases/1.Inicio/1.1Principal/Selec_sobre: Test Cases/1.Inicio/1.1Principal/Selec_sobre FAILED.
Reason:
com.kms.katalon.core.exception.StepFailedException: Unable to click on object 'Object Repository/Principal/Page_Olva Courier  Home/button_CONTINUAR (2)'
	at com.kms.katalon.core.webui.keyword.internal.WebUIKeywordMain.stepFailed(WebUIKeywordMain.groovy:117)
	at com.kms.katalon.core.webui.keyword.internal.WebUIKeywordMain.runKeyword(WebUIKeywordMain.groovy:43)
	at com.kms.katalon.core.webui.keyword.builtin.ClickKeyword.click(ClickKeyword.groovy:74)
	at com.kms.katalon.core.webui.keyword.builtin.ClickKeyword.execute(ClickKeyword.groovy:40)
	at com.kms.katalon.core.keyword.internal.KeywordExecutor.executeKeywordForPlatform(KeywordExecutor.groovy:74)
	at com.kms.katalon.core.webui.keyword.WebUiBuiltInKeywords.click(WebUiBuiltInKeywords.groovy:659)
	at Selec_sobre.run(Selec_sobre:24)
	at com.kms.katalon.core.main.ScriptEngine.run(ScriptEngine.java:194)
	at com.kms.katalon.core.main.ScriptEngine.runScriptAsRawText(ScriptEngine.java:119)
	at com.kms.katalon.core.main.TestCaseExecutor.runScript(TestCaseExecutor.java:448)
	at com.kms.katalon.core.main.TestCaseExecutor.doExecute(TestCaseExecutor.java:439)
	at com.kms.katalon.core.main.TestCaseExecutor.processExecutionPhase(TestCaseExecutor.java:418)
	at com.kms.katalon.core.main.TestCaseExecutor.accessMainPhase(TestCaseExecutor.java:410)
	at com.kms.katalon.core.main.TestCaseExecutor.execute(TestCaseExecutor.java:285)
	at com.kms.katalon.core.main.TestCaseMain.runTestCase(TestCaseMain.java:137)
	at com.kms.katalon.core.keyword.builtin.CallTestCaseKeyword$_callTestCase_closure1.doCall(CallTestCaseKeyword.groovy:59)
	at com.kms.katalon.core.keyword.builtin.CallTestCaseKeyword$_callTestCase_closure1.call(CallTestCaseKeyword.groovy)
	at com.kms.katalon.core.keyword.internal.KeywordMain.runKeyword(KeywordMain.groovy:75)
	at com.kms.katalon.core.keyword.builtin.CallTestCaseKeyword.callTestCase(CallTestCaseKeyword.groovy:81)
	at com.kms.katalon.core.keyword.builtin.CallTestCaseKeyword.execute(CallTestCaseKeyword.groovy:44)
	at com.kms.katalon.core.keyword.internal.KeywordExecutor.executeKeywordForPlatform(KeywordExecutor.groovy:74)
	at com.kms.katalon.core.keyword.BuiltinKeywords.callTestCase(BuiltinKeywords.groovy:310)
	at jdk.internal.reflect.GeneratedMethodAccessor25.invoke(Unknown Source)
	at java.base/jdk.internal.reflect.DelegatingMethodAccessorImpl.invoke(DelegatingMethodAccessorImpl.java:43)
	at DecJura-Paquete.run(DecJura-Paquete:22)
	at com.kms.katalon.core.main.ScriptEngine.run(ScriptEngine.java:194)
	at com.kms.katalon.core.main.ScriptEngine.runScriptAsRawText(ScriptEngine.java:119)
	at com.kms.katalon.core.main.TestCaseExecutor.runScript(TestCaseExecutor.java:448)
	at com.kms.katalon.core.main.TestCaseExecutor.doExecute(TestCaseExecutor.java:439)
	at com.kms.katalon.core.main.TestCaseExecutor.processExecutionPhase(TestCaseExecutor.java:418)
	at com.kms.katalon.core.main.TestCaseExecutor.accessMainPhase(TestCaseExecutor.java:410)
	at com.kms.katalon.core.main.TestCaseExecutor.execute(TestCaseExecutor.java:285)
	at com.kms.katalon.core.common.CommonExecutor.accessTestCaseMainPhase(CommonExecutor.java:65)
	at com.kms.katalon.core.main.TestSuiteExecutor.accessTestSuiteMainPhase(TestSuiteExecutor.java:150)
	at com.kms.katalon.core.main.TestSuiteExecutor.execute(TestSuiteExecutor.java:106)
	at com.kms.katalon.core.main.TestCaseMain.startTestSuite(TestCaseMain.java:180)
	at TempTestSuite1732729948317.run(TempTestSuite1732729948317.groovy:35)
	at java.base/jdk.internal.reflect.NativeMethodAccessorImpl.invoke0(Native Method)
	at java.base/jdk.internal.reflect.NativeMethodAccessorImpl.invoke(NativeMethodAccessorImpl.java:77)
	at java.base/jdk.internal.reflect.DelegatingMethodAccessorImpl.invoke(DelegatingMethodAccessorImpl.java:43)
Caused by: org.openqa.selenium.ElementClickInterceptedException: Element <button id="btn_aceptar_tipo_envio" class="btn disabled" type="button"> is not clickable at point (675,588) because another element <div class="modal-footer"> obscures it
Build info: version: '3.141.59', revision: 'unknown', time: 'unknown'
System info: host: 'DESKTOP-RGFFP9A', ip: '10.136.10.6', os.name: 'Windows 11', os.arch: 'amd64', os.version: '10.0', java.version: '17.0.7'
Driver info: com.kms.katalon.core.webui.driver.firefox.CGeckoDriver
Capabilities {acceptInsecureCerts: true, browserName: firefox, browserVersion: 133.0, javascriptEnabled: true, moz:accessibilityChecks: false, moz:buildID: 20241121140525, moz:geckodriverVersion: 0.35.0, moz:headless: false, moz:platformVersion: 10.0, moz:processID: 27816, moz:profile: C:\Users\OLVATI\AppData\Loc..., moz:shutdownTimeout: 60000, moz:webdriverClick: true, moz:windowless: false, pageLoadStrategy: normal, platform: WINDOWS, platformName: WINDOWS, proxy: Proxy(direct), setWindowRect: true, strictFileInteractability: false, timeouts: {implicit: 0, pageLoad: 300000, script: 30000}, unhandledPromptBehavior: dismiss and notify, userAgent: Mozilla/5.0 (Windows NT 10....}
Session ID: f2d17a0c-c57e-4a6c-b514-8d65bd920ecd
	at jdk.internal.reflect.GeneratedConstructorAccessor32.newInstance(Unknown Source)
	at java.base/jdk.internal.reflect.DelegatingConstructorAccessorImpl.newInstance(DelegatingConstructorAccessorImpl.java:45)
	at org.openqa.selenium.remote.http.W3CHttpResponseCodec.createException(W3CHttpResponseCodec.java:187)
	at org.openqa.selenium.remote.http.W3CHttpResponseCodec.decode(W3CHttpResponseCodec.java:122)
	at org.openqa.selenium.remote.http.W3CHttpResponseCodec.decode(W3CHttpResponseCodec.java:49)
	at org.openqa.selenium.remote.HttpCommandExecutor.execute(HttpCommandExecutor.java:158)
	at org.openqa.selenium.remote.service.DriverCommandExecutor.execute(DriverCommandExecutor.java:83)
	at org.openqa.selenium.remote.RemoteWebDriver.execute(RemoteWebDriver.java:552)
	at com.kms.katalon.selenium.driver.CFirefoxDriver.execute(CFirefoxDriver.java:28)
	at org.openqa.selenium.remote.RemoteWebElement.execute(RemoteWebElement.java:285)
	at org.openqa.selenium.remote.RemoteWebElement.click(RemoteWebElement.java:84)
	at jdk.internal.reflect.GeneratedMethodAccessor10.invoke(Unknown Source)
	at java.base/jdk.internal.reflect.DelegatingMethodAccessorImpl.invoke(DelegatingMethodAccessorImpl.java:43)
	at org.openqa.selenium.support.events.EventFiringWebDriver$EventFiringWebElement.lambda$new$0(EventFiringWebDriver.java:404)
	at jdk.proxy2/jdk.proxy2.$Proxy21.click(Unknown Source)
	at org.openqa.selenium.support.events.EventFiringWebDriver$EventFiringWebElement.click(EventFiringWebDriver.java:417)
	at org.openqa.selenium.WebElement$click.call(Unknown Source)
	at com.kms.katalon.core.webui.keyword.builtin.ClickKeyword.clickUntilSuccessWithTimeout(ClickKeyword.groovy:81)
	at com.kms.katalon.core.webui.keyword.builtin.ClickKeyword.clickUntilSuccessWithTimeout(ClickKeyword.groovy)
	at jdk.internal.reflect.GeneratedMethodAccessor8.invoke(Unknown Source)
	at java.base/jdk.internal.reflect.DelegatingMethodAccessorImpl.invoke(DelegatingMethodAccessorImpl.java:43)
	at com.kms.katalon.core.webui.keyword.builtin.ClickKeyword$_click_closure1.doCall(ClickKeyword.groovy:67)
	at com.kms.katalon.core.webui.keyword.builtin.ClickKeyword$_click_closure1.call(ClickKeyword.groovy)
	at com.kms.katalon.core.webui.keyword.internal.WebUIKeywordMain.runKeyword(WebUIKeywordMain.groovy:35)
	... 38 more


27-11-2024T13:39:03 - [TEST_STEP][PASSED] - click(findTestObject("Object Repository/Principal/Page_Olva Courier  Home/img_Envo de cajas o paquetescon un peso mxi_37770f")): Object: 'Object Repository/Principal/Page_Olva Courier  Home/img_Envo de cajas o paquetescon un peso mxi_37770f' is clicked on

27-11-2024T13:39:04 - [MESSAGE][PASSED] - Object: 'Object Repository/Principal/Page_Olva Courier  Home/img_Envo de cajas o paquetescon un peso mxi_37770f' is clicked on

27-11-2024T13:39:04 - [TEST_STEP][PASSED] - click(findTestObject("Object Repository/Principal/Page_Olva Courier  Home/label_He ledo y acepto los trminos de uso y_adab65")): Object: 'Object Repository/Principal/Page_Olva Courier  Home/label_He ledo y acepto los trminos de uso y_adab65' is clicked on

27-11-2024T13:39:04 - [MESSAGE][PASSED] - Object: 'Object Repository/Principal/Page_Olva Courier  Home/label_He ledo y acepto los trminos de uso y_adab65' is clicked on

27-11-2024T13:39:04 - [TEST_STEP][FAILED] - click(findTestObject("Object Repository/Principal/Page_Olva Courier  Home/button_CONTINUAR (2)")): Unable to click on object 'Object Repository/Principal/Page_Olva Courier  Home/button_CONTINUAR (2)' (Root cause: com.kms.katalon.core.exception.StepFailedException: Unable to click on object 'Object Repository/Principal/Page_Olva Courier  Home/button_CONTINUAR (2)'
	at com.kms.katalon.core.webui.keyword.internal.WebUIKeywordMain.stepFailed(WebUIKeywordMain.groovy:117)
	at com.kms.katalon.core.webui.keyword.internal.WebUIKeywordMain.runKeyword(WebUIKeywordMain.groovy:43)
	at com.kms.katalon.core.webui.keyword.builtin.ClickKeyword.click(ClickKeyword.groovy:74)
	at com.kms.katalon.core.webui.keyword.builtin.ClickKeyword.execute(ClickKeyword.groovy:40)
	at com.kms.katalon.core.keyword.internal.KeywordExecutor.executeKeywordForPlatform(KeywordExecutor.groovy:74)
	at com.kms.katalon.core.webui.keyword.WebUiBuiltInKeywords.click(WebUiBuiltInKeywords.groovy:659)
	at Selec_sobre.run(Selec_sobre:24)
	at com.kms.katalon.core.main.ScriptEngine.run(ScriptEngine.java:194)
	at com.kms.katalon.core.main.ScriptEngine.runScriptAsRawText(ScriptEngine.java:119)
	at com.kms.katalon.core.main.TestCaseExecutor.runScript(TestCaseExecutor.java:448)
	at com.kms.katalon.core.main.TestCaseExecutor.doExecute(TestCaseExecutor.java:439)
	at com.kms.katalon.core.main.TestCaseExecutor.processExecutionPhase(TestCaseExecutor.java:418)
	at com.kms.katalon.core.main.TestCaseExecutor.accessMainPhase(TestCaseExecutor.java:410)
	at com.kms.katalon.core.main.TestCaseExecutor.execute(TestCaseExecutor.java:285)
	at com.kms.katalon.core.main.TestCaseMain.runTestCase(TestCaseMain.java:137)
	at com.kms.katalon.core.keyword.builtin.CallTestCaseKeyword$_callTestCase_closure1.doCall(CallTestCaseKeyword.groovy:59)
	at com.kms.katalon.core.keyword.builtin.CallTestCaseKeyword$_callTestCase_closure1.call(CallTestCaseKeyword.groovy)
	at com.kms.katalon.core.keyword.internal.KeywordMain.runKeyword(KeywordMain.groovy:75)
	at com.kms.katalon.core.keyword.builtin.CallTestCaseKeyword.callTestCase(CallTestCaseKeyword.groovy:81)
	at com.kms.katalon.core.keyword.builtin.CallTestCaseKeyword.execute(CallTestCaseKeyword.groovy:44)
	at com.kms.katalon.core.keyword.internal.KeywordExecutor.executeKeywordForPlatform(KeywordExecutor.groovy:74)
	at com.kms.katalon.core.keyword.BuiltinKeywords.callTestCase(BuiltinKeywords.groovy:310)
	at jdk.internal.reflect.GeneratedMethodAccessor25.invoke(Unknown Source)
	at java.base/jdk.internal.reflect.DelegatingMethodAccessorImpl.invoke(DelegatingMethodAccessorImpl.java:43)
	at DecJura-Paquete.run(DecJura-Paquete:22)
	at com.kms.katalon.core.main.ScriptEngine.run(ScriptEngine.java:194)
	at com.kms.katalon.core.main.ScriptEngine.runScriptAsRawText(ScriptEngine.java:119)
	at com.kms.katalon.core.main.TestCaseExecutor.runScript(TestCaseExecutor.java:448)
	at com.kms.katalon.core.main.TestCaseExecutor.doExecute(TestCaseExecutor.java:439)
	at com.kms.katalon.core.main.TestCaseExecutor.processExecutionPhase(TestCaseExecutor.java:418)
	at com.kms.katalon.core.main.TestCaseExecutor.accessMainPhase(TestCaseExecutor.java:410)
	at com.kms.katalon.core.main.TestCaseExecutor.execute(TestCaseExecutor.java:285)
	at com.kms.katalon.core.common.CommonExecutor.accessTestCaseMainPhase(CommonExecutor.java:65)
	at com.kms.katalon.core.main.TestSuiteExecutor.accessTestSuiteMainPhase(TestSuiteExecutor.java:150)
	at com.kms.katalon.core.main.TestSuiteExecutor.execute(TestSuiteExecutor.java:106)
	at com.kms.katalon.core.main.TestCaseMain.startTestSuite(TestCaseMain.java:180)
	at TempTestSuite1732729948317.run(TempTestSuite1732729948317.groovy:35)
	at java.base/jdk.internal.reflect.NativeMethodAccessorImpl.invoke0(Native Method)
	at java.base/jdk.internal.reflect.NativeMethodAccessorImpl.invoke(NativeMethodAccessorImpl.java:77)
	at java.base/jdk.internal.reflect.DelegatingMethodAccessorImpl.invoke(DelegatingMethodAccessorImpl.java:43)
Caused by: org.openqa.selenium.ElementClickInterceptedException: Element <button id="btn_aceptar_tipo_envio" class="btn disabled" type="button"> is not clickable at point (675,588) because another element <div class="modal-footer"> obscures it
Build info: version: '3.141.59', revision: 'unknown', time: 'unknown'
System info: host: 'DESKTOP-RGFFP9A', ip: '10.136.10.6', os.name: 'Windows 11', os.arch: 'amd64', os.version: '10.0', java.version: '17.0.7'
Driver info: com.kms.katalon.core.webui.driver.firefox.CGeckoDriver
Capabilities {acceptInsecureCerts: true, browserName: firefox, browserVersion: 133.0, javascriptEnabled: true, moz:accessibilityChecks: false, moz:buildID: 20241121140525, moz:geckodriverVersion: 0.35.0, moz:headless: false, moz:platformVersion: 10.0, moz:processID: 27816, moz:profile: C:\Users\OLVATI\AppData\Loc..., moz:shutdownTimeout: 60000, moz:webdriverClick: true, moz:windowless: false, pageLoadStrategy: normal, platform: WINDOWS, platformName: WINDOWS, proxy: Proxy(direct), setWindowRect: true, strictFileInteractability: false, timeouts: {implicit: 0, pageLoad: 300000, script: 30000}, unhandledPromptBehavior: dismiss and notify, userAgent: Mozilla/5.0 (Windows NT 10....}
Session ID: f2d17a0c-c57e-4a6c-b514-8d65bd920ecd
	at jdk.internal.reflect.GeneratedConstructorAccessor32.newInstance(Unknown Source)
	at java.base/jdk.internal.reflect.DelegatingConstructorAccessorImpl.newInstance(DelegatingConstructorAccessorImpl.java:45)
	at org.openqa.selenium.remote.http.W3CHttpResponseCodec.createException(W3CHttpResponseCodec.java:187)
	at org.openqa.selenium.remote.http.W3CHttpResponseCodec.decode(W3CHttpResponseCodec.java:122)
	at org.openqa.selenium.remote.http.W3CHttpResponseCodec.decode(W3CHttpResponseCodec.java:49)
	at org.openqa.selenium.remote.HttpCommandExecutor.execute(HttpCommandExecutor.java:158)
	at org.openqa.selenium.remote.service.DriverCommandExecutor.execute(DriverCommandExecutor.java:83)
	at org.openqa.selenium.remote.RemoteWebDriver.execute(RemoteWebDriver.java:552)
	at com.kms.katalon.selenium.driver.CFirefoxDriver.execute(CFirefoxDriver.java:28)
	at org.openqa.selenium.remote.RemoteWebElement.execute(RemoteWebElement.java:285)
	at org.openqa.selenium.remote.RemoteWebElement.click(RemoteWebElement.java:84)
	at jdk.internal.reflect.GeneratedMethodAccessor10.invoke(Unknown Source)
	at java.base/jdk.internal.reflect.DelegatingMethodAccessorImpl.invoke(DelegatingMethodAccessorImpl.java:43)
	at org.openqa.selenium.support.events.EventFiringWebDriver$EventFiringWebElement.lambda$new$0(EventFiringWebDriver.java:404)
	at jdk.proxy2/jdk.proxy2.$Proxy21.click(Unknown Source)
	at org.openqa.selenium.support.events.EventFiringWebDriver$EventFiringWebElement.click(EventFiringWebDriver.java:417)
	at org.openqa.selenium.WebElement$click.call(Unknown Source)
	at com.kms.katalon.core.webui.keyword.builtin.ClickKeyword.clickUntilSuccessWithTimeout(ClickKeyword.groovy:81)
	at com.kms.katalon.core.webui.keyword.builtin.ClickKeyword.clickUntilSuccessWithTimeout(ClickKeyword.groovy)
	at jdk.internal.reflect.GeneratedMethodAccessor8.invoke(Unknown Source)
	at java.base/jdk.internal.reflect.DelegatingMethodAccessorImpl.invoke(DelegatingMethodAccessorImpl.java:43)
	at com.kms.katalon.core.webui.keyword.builtin.ClickKeyword$_click_closure1.doCall(ClickKeyword.groovy:67)
	at com.kms.katalon.core.webui.keyword.builtin.ClickKeyword$_click_closure1.call(ClickKeyword.groovy)
	at com.kms.katalon.core.webui.keyword.internal.WebUIKeywordMain.runKeyword(WebUIKeywordMain.groovy:35)
	at com.kms.katalon.core.webui.keyword.builtin.ClickKeyword.click(ClickKeyword.groovy:74)
	at com.kms.katalon.core.webui.keyword.builtin.ClickKeyword.execute(ClickKeyword.groovy:40)
	at com.kms.katalon.core.keyword.internal.KeywordExecutor.executeKeywordForPlatform(KeywordExecutor.groovy:74)
	at com.kms.katalon.core.webui.keyword.WebUiBuiltInKeywords.click(WebUiBuiltInKeywords.groovy:659)
	at Script1732083570761.run(Script1732083570761.groovy:24)
	at com.kms.katalon.core.main.ScriptEngine.run(ScriptEngine.java:194)
	at com.kms.katalon.core.main.ScriptEngine.runScriptAsRawText(ScriptEngine.java:119)
	at com.kms.katalon.core.main.TestCaseExecutor.runScript(TestCaseExecutor.java:448)
	at com.kms.katalon.core.main.TestCaseExecutor.doExecute(TestCaseExecutor.java:439)
	at com.kms.katalon.core.main.TestCaseExecutor.processExecutionPhase(TestCaseExecutor.java:418)
	at com.kms.katalon.core.main.TestCaseExecutor.accessMainPhase(TestCaseExecutor.java:410)
	at com.kms.katalon.core.main.TestCaseExecutor.execute(TestCaseExecutor.java:285)
	at com.kms.katalon.core.main.TestCaseMain.runTestCase(TestCaseMain.java:137)
	at com.kms.katalon.core.keyword.builtin.CallTestCaseKeyword$_callTestCase_closure1.doCall(CallTestCaseKeyword.groovy:59)
	at com.kms.katalon.core.keyword.builtin.CallTestCaseKeyword$_callTestCase_closure1.call(CallTestCaseKeyword.groovy)
	at com.kms.katalon.core.keyword.internal.KeywordMain.runKeyword(KeywordMain.groovy:75)
	at com.kms.katalon.core.keyword.builtin.CallTestCaseKeyword.callTestCase(CallTestCaseKeyword.groovy:81)
	at com.kms.katalon.core.keyword.builtin.CallTestCaseKeyword.execute(CallTestCaseKeyword.groovy:44)
	at com.kms.katalon.core.keyword.internal.KeywordExecutor.executeKeywordForPlatform(KeywordExecutor.groovy:74)
	at com.kms.katalon.core.keyword.BuiltinKeywords.callTestCase(BuiltinKeywords.groovy:310)
	at jdk.internal.reflect.GeneratedMethodAccessor25.invoke(Unknown Source)
	at java.base/jdk.internal.reflect.DelegatingMethodAccessorImpl.invoke(DelegatingMethodAccessorImpl.java:43)
	at Script1732341471682.run(Script1732341471682.groovy:22)
	... 15 more
)

27-11-2024T13:39:35 - [MESSAGE][FAILED] - Unable to click on object 'Object Repository/Principal/Page_Olva Courier  Home/button_CONTINUAR (2)' (Root cause: com.kms.katalon.core.exception.StepFailedException: Unable to click on object 'Object Repository/Principal/Page_Olva Courier  Home/button_CONTINUAR (2)'
	at com.kms.katalon.core.webui.keyword.internal.WebUIKeywordMain.stepFailed(WebUIKeywordMain.groovy:117)
	at com.kms.katalon.core.webui.keyword.internal.WebUIKeywordMain.runKeyword(WebUIKeywordMain.groovy:43)
	at com.kms.katalon.core.webui.keyword.builtin.ClickKeyword.click(ClickKeyword.groovy:74)
	at com.kms.katalon.core.webui.keyword.builtin.ClickKeyword.execute(ClickKeyword.groovy:40)
	at com.kms.katalon.core.keyword.internal.KeywordExecutor.executeKeywordForPlatform(KeywordExecutor.groovy:74)
	at com.kms.katalon.core.webui.keyword.WebUiBuiltInKeywords.click(WebUiBuiltInKeywords.groovy:659)
	at Selec_sobre.run(Selec_sobre:24)
	at com.kms.katalon.core.main.ScriptEngine.run(ScriptEngine.java:194)
	at com.kms.katalon.core.main.ScriptEngine.runScriptAsRawText(ScriptEngine.java:119)
	at com.kms.katalon.core.main.TestCaseExecutor.runScript(TestCaseExecutor.java:448)
	at com.kms.katalon.core.main.TestCaseExecutor.doExecute(TestCaseExecutor.java:439)
	at com.kms.katalon.core.main.TestCaseExecutor.processExecutionPhase(TestCaseExecutor.java:418)
	at com.kms.katalon.core.main.TestCaseExecutor.accessMainPhase(TestCaseExecutor.java:410)
	at com.kms.katalon.core.main.TestCaseExecutor.execute(TestCaseExecutor.java:285)
	at com.kms.katalon.core.main.TestCaseMain.runTestCase(TestCaseMain.java:137)
	at com.kms.katalon.core.keyword.builtin.CallTestCaseKeyword$_callTestCase_closure1.doCall(CallTestCaseKeyword.groovy:59)
	at com.kms.katalon.core.keyword.builtin.CallTestCaseKeyword$_callTestCase_closure1.call(CallTestCaseKeyword.groovy)
	at com.kms.katalon.core.keyword.internal.KeywordMain.runKeyword(KeywordMain.groovy:75)
	at com.kms.katalon.core.keyword.builtin.CallTestCaseKeyword.callTestCase(CallTestCaseKeyword.groovy:81)
	at com.kms.katalon.core.keyword.builtin.CallTestCaseKeyword.execute(CallTestCaseKeyword.groovy:44)
	at com.kms.katalon.core.keyword.internal.KeywordExecutor.executeKeywordForPlatform(KeywordExecutor.groovy:74)
	at com.kms.katalon.core.keyword.BuiltinKeywords.callTestCase(BuiltinKeywords.groovy:310)
	at jdk.internal.reflect.GeneratedMethodAccessor25.invoke(Unknown Source)
	at java.base/jdk.internal.reflect.DelegatingMethodAccessorImpl.invoke(DelegatingMethodAccessorImpl.java:43)
	at DecJura-Paquete.run(DecJura-Paquete:22)
	at com.kms.katalon.core.main.ScriptEngine.run(ScriptEngine.java:194)
	at com.kms.katalon.core.main.ScriptEngine.runScriptAsRawText(ScriptEngine.java:119)
	at com.kms.katalon.core.main.TestCaseExecutor.runScript(TestCaseExecutor.java:448)
	at com.kms.katalon.core.main.TestCaseExecutor.doExecute(TestCaseExecutor.java:439)
	at com.kms.katalon.core.main.TestCaseExecutor.processExecutionPhase(TestCaseExecutor.java:418)
	at com.kms.katalon.core.main.TestCaseExecutor.accessMainPhase(TestCaseExecutor.java:410)
	at com.kms.katalon.core.main.TestCaseExecutor.execute(TestCaseExecutor.java:285)
	at com.kms.katalon.core.common.CommonExecutor.accessTestCaseMainPhase(CommonExecutor.java:65)
	at com.kms.katalon.core.main.TestSuiteExecutor.accessTestSuiteMainPhase(TestSuiteExecutor.java:150)
	at com.kms.katalon.core.main.TestSuiteExecutor.execute(TestSuiteExecutor.java:106)
	at com.kms.katalon.core.main.TestCaseMain.startTestSuite(TestCaseMain.java:180)
	at TempTestSuite1732729948317.run(TempTestSuite1732729948317.groovy:35)
	at java.base/jdk.internal.reflect.NativeMethodAccessorImpl.invoke0(Native Method)
	at java.base/jdk.internal.reflect.NativeMethodAccessorImpl.invoke(NativeMethodAccessorImpl.java:77)
	at java.base/jdk.internal.reflect.DelegatingMethodAccessorImpl.invoke(DelegatingMethodAccessorImpl.java:43)
Caused by: org.openqa.selenium.ElementClickInterceptedException: Element <button id="btn_aceptar_tipo_envio" class="btn disabled" type="button"> is not clickable at point (675,588) because another element <div class="modal-footer"> obscures it
Build info: version: '3.141.59', revision: 'unknown', time: 'unknown'
System info: host: 'DESKTOP-RGFFP9A', ip: '10.136.10.6', os.name: 'Windows 11', os.arch: 'amd64', os.version: '10.0', java.version: '17.0.7'
Driver info: com.kms.katalon.core.webui.driver.firefox.CGeckoDriver
Capabilities {acceptInsecureCerts: true, browserName: firefox, browserVersion: 133.0, javascriptEnabled: true, moz:accessibilityChecks: false, moz:buildID: 20241121140525, moz:geckodriverVersion: 0.35.0, moz:headless: false, moz:platformVersion: 10.0, moz:processID: 27816, moz:profile: C:\Users\OLVATI\AppData\Loc..., moz:shutdownTimeout: 60000, moz:webdriverClick: true, moz:windowless: false, pageLoadStrategy: normal, platform: WINDOWS, platformName: WINDOWS, proxy: Proxy(direct), setWindowRect: true, strictFileInteractability: false, timeouts: {implicit: 0, pageLoad: 300000, script: 30000}, unhandledPromptBehavior: dismiss and notify, userAgent: Mozilla/5.0 (Windows NT 10....}
Session ID: f2d17a0c-c57e-4a6c-b514-8d65bd920ecd
	at jdk.internal.reflect.GeneratedConstructorAccessor32.newInstance(Unknown Source)
	at java.base/jdk.internal.reflect.DelegatingConstructorAccessorImpl.newInstance(DelegatingConstructorAccessorImpl.java:45)
	at org.openqa.selenium.remote.http.W3CHttpResponseCodec.createException(W3CHttpResponseCodec.java:187)
	at org.openqa.selenium.remote.http.W3CHttpResponseCodec.decode(W3CHttpResponseCodec.java:122)
	at org.openqa.selenium.remote.http.W3CHttpResponseCodec.decode(W3CHttpResponseCodec.java:49)
	at org.openqa.selenium.remote.HttpCommandExecutor.execute(HttpCommandExecutor.java:158)
	at org.openqa.selenium.remote.service.DriverCommandExecutor.execute(DriverCommandExecutor.java:83)
	at org.openqa.selenium.remote.RemoteWebDriver.execute(RemoteWebDriver.java:552)
	at com.kms.katalon.selenium.driver.CFirefoxDriver.execute(CFirefoxDriver.java:28)
	at org.openqa.selenium.remote.RemoteWebElement.execute(RemoteWebElement.java:285)
	at org.openqa.selenium.remote.RemoteWebElement.click(RemoteWebElement.java:84)
	at jdk.internal.reflect.GeneratedMethodAccessor10.invoke(Unknown Source)
	at java.base/jdk.internal.reflect.DelegatingMethodAccessorImpl.invoke(DelegatingMethodAccessorImpl.java:43)
	at org.openqa.selenium.support.events.EventFiringWebDriver$EventFiringWebElement.lambda$new$0(EventFiringWebDriver.java:404)
	at jdk.proxy2/jdk.proxy2.$Proxy21.click(Unknown Source)
	at org.openqa.selenium.support.events.EventFiringWebDriver$EventFiringWebElement.click(EventFiringWebDriver.java:417)
	at org.openqa.selenium.WebElement$click.call(Unknown Source)
	at com.kms.katalon.core.webui.keyword.builtin.ClickKeyword.clickUntilSuccessWithTimeout(ClickKeyword.groovy:81)
	at com.kms.katalon.core.webui.keyword.builtin.ClickKeyword.clickUntilSuccessWithTimeout(ClickKeyword.groovy)
	at jdk.internal.reflect.GeneratedMethodAccessor8.invoke(Unknown Source)
	at java.base/jdk.internal.reflect.DelegatingMethodAccessorImpl.invoke(DelegatingMethodAccessorImpl.java:43)
	at com.kms.katalon.core.webui.keyword.builtin.ClickKeyword$_click_closure1.doCall(ClickKeyword.groovy:67)
	at com.kms.katalon.core.webui.keyword.builtin.ClickKeyword$_click_closure1.call(ClickKeyword.groovy)
	at com.kms.katalon.core.webui.keyword.internal.WebUIKeywordMain.runKeyword(WebUIKeywordMain.groovy:35)
	at com.kms.katalon.core.webui.keyword.builtin.ClickKeyword.click(ClickKeyword.groovy:74)
	at com.kms.katalon.core.webui.keyword.builtin.ClickKeyword.execute(ClickKeyword.groovy:40)
	at com.kms.katalon.core.keyword.internal.KeywordExecutor.executeKeywordForPlatform(KeywordExecutor.groovy:74)
	at com.kms.katalon.core.webui.keyword.WebUiBuiltInKeywords.click(WebUiBuiltInKeywords.groovy:659)
	at Script1732083570761.run(Script1732083570761.groovy:24)
	at com.kms.katalon.core.main.ScriptEngine.run(ScriptEngine.java:194)
	at com.kms.katalon.core.main.ScriptEngine.runScriptAsRawText(ScriptEngine.java:119)
	at com.kms.katalon.core.main.TestCaseExecutor.runScript(TestCaseExecutor.java:448)
	at com.kms.katalon.core.main.TestCaseExecutor.doExecute(TestCaseExecutor.java:439)
	at com.kms.katalon.core.main.TestCaseExecutor.processExecutionPhase(TestCaseExecutor.java:418)
	at com.kms.katalon.core.main.TestCaseExecutor.accessMainPhase(TestCaseExecutor.java:410)
	at com.kms.katalon.core.main.TestCaseExecutor.execute(TestCaseExecutor.java:285)
	at com.kms.katalon.core.main.TestCaseMain.runTestCase(TestCaseMain.java:137)
	at com.kms.katalon.core.keyword.builtin.CallTestCaseKeyword$_callTestCase_closure1.doCall(CallTestCaseKeyword.groovy:59)
	at com.kms.katalon.core.keyword.builtin.CallTestCaseKeyword$_callTestCase_closure1.call(CallTestCaseKeyword.groovy)
	at com.kms.katalon.core.keyword.internal.KeywordMain.runKeyword(KeywordMain.groovy:75)
	at com.kms.katalon.core.keyword.builtin.CallTestCaseKeyword.callTestCase(CallTestCaseKeyword.groovy:81)
	at com.kms.katalon.core.keyword.builtin.CallTestCaseKeyword.execute(CallTestCaseKeyword.groovy:44)
	at com.kms.katalon.core.keyword.internal.KeywordExecutor.executeKeywordForPlatform(KeywordExecutor.groovy:74)
	at com.kms.katalon.core.keyword.BuiltinKeywords.callTestCase(BuiltinKeywords.groovy:310)
	at jdk.internal.reflect.GeneratedMethodAccessor25.invoke(Unknown Source)
	at java.base/jdk.internal.reflect.DelegatingMethodAccessorImpl.invoke(DelegatingMethodAccessorImpl.java:43)
	at Script1732341471682.run(Script1732341471682.groovy:22)
	... 15 more
)

27-11-2024T13:39:35 - [MESSAGE][FAILED] - Unable to call Test Case 'Test Cases/1.Inicio/1.1Principal/Selec_sobre' (Root cause: com.kms.katalon.core.exception.StepFailedException: Call Test Case 'Test Cases/1.Inicio/1.1Principal/Selec_sobre' failed
	at com.kms.katalon.core.keyword.builtin.CallTestCaseKeyword$_callTestCase_closure1.doCall(CallTestCaseKeyword.groovy:63)
	at com.kms.katalon.core.keyword.builtin.CallTestCaseKeyword$_callTestCase_closure1.call(CallTestCaseKeyword.groovy)
	at com.kms.katalon.core.keyword.internal.KeywordMain.runKeyword(KeywordMain.groovy:75)
	at com.kms.katalon.core.keyword.builtin.CallTestCaseKeyword.callTestCase(CallTestCaseKeyword.groovy:81)
	at com.kms.katalon.core.keyword.builtin.CallTestCaseKeyword.execute(CallTestCaseKeyword.groovy:44)
	at com.kms.katalon.core.keyword.internal.KeywordExecutor.executeKeywordForPlatform(KeywordExecutor.groovy:74)
	at com.kms.katalon.core.keyword.BuiltinKeywords.callTestCase(BuiltinKeywords.groovy:310)
	at jdk.internal.reflect.GeneratedMethodAccessor25.invoke(Unknown Source)
	at java.base/jdk.internal.reflect.DelegatingMethodAccessorImpl.invoke(DelegatingMethodAccessorImpl.java:43)
	at DecJura-Paquete.run(DecJura-Paquete:22)
	at com.kms.katalon.core.main.ScriptEngine.run(ScriptEngine.java:194)
	at com.kms.katalon.core.main.ScriptEngine.runScriptAsRawText(ScriptEngine.java:119)
	at com.kms.katalon.core.main.TestCaseExecutor.runScript(TestCaseExecutor.java:448)
	at com.kms.katalon.core.main.TestCaseExecutor.doExecute(TestCaseExecutor.java:439)
	at com.kms.katalon.core.main.TestCaseExecutor.processExecutionPhase(TestCaseExecutor.java:418)
	at com.kms.katalon.core.main.TestCaseExecutor.accessMainPhase(TestCaseExecutor.java:410)
	at com.kms.katalon.core.main.TestCaseExecutor.execute(TestCaseExecutor.java:285)
	at com.kms.katalon.core.common.CommonExecutor.accessTestCaseMainPhase(CommonExecutor.java:65)
	at com.kms.katalon.core.main.TestSuiteExecutor.accessTestSuiteMainPhase(TestSuiteExecutor.java:150)
	at com.kms.katalon.core.main.TestSuiteExecutor.execute(TestSuiteExecutor.java:106)
	at com.kms.katalon.core.main.TestCaseMain.startTestSuite(TestCaseMain.java:180)
	at TempTestSuite1732729948317.run(TempTestSuite1732729948317.groovy:35)
	at java.base/jdk.internal.reflect.NativeMethodAccessorImpl.invoke0(Native Method)
	at java.base/jdk.internal.reflect.NativeMethodAccessorImpl.invoke(NativeMethodAccessorImpl.java:77)
	at java.base/jdk.internal.reflect.DelegatingMethodAccessorImpl.invoke(DelegatingMethodAccessorImpl.java:43)
Caused by: com.kms.katalon.core.exception.StepFailedException: Unable to click on object 'Object Repository/Principal/Page_Olva Courier  Home/button_CONTINUAR (2)'
	at com.kms.katalon.core.webui.keyword.internal.WebUIKeywordMain.stepFailed(WebUIKeywordMain.groovy:117)
	at com.kms.katalon.core.webui.keyword.internal.WebUIKeywordMain.runKeyword(WebUIKeywordMain.groovy:43)
	at com.kms.katalon.core.webui.keyword.builtin.ClickKeyword.click(ClickKeyword.groovy:74)
	at com.kms.katalon.core.webui.keyword.builtin.ClickKeyword.execute(ClickKeyword.groovy:40)
	at com.kms.katalon.core.keyword.internal.KeywordExecutor.executeKeywordForPlatform(KeywordExecutor.groovy:74)
	at com.kms.katalon.core.webui.keyword.WebUiBuiltInKeywords.click(WebUiBuiltInKeywords.groovy:659)
	at Selec_sobre.run(Selec_sobre:24)
	at com.kms.katalon.core.main.ScriptEngine.run(ScriptEngine.java:194)
	at com.kms.katalon.core.main.ScriptEngine.runScriptAsRawText(ScriptEngine.java:119)
	at com.kms.katalon.core.main.TestCaseExecutor.runScript(TestCaseExecutor.java:448)
	at com.kms.katalon.core.main.TestCaseExecutor.doExecute(TestCaseExecutor.java:439)
	at com.kms.katalon.core.main.TestCaseExecutor.processExecutionPhase(TestCaseExecutor.java:418)
	at com.kms.katalon.core.main.TestCaseExecutor.accessMainPhase(TestCaseExecutor.java:410)
	at com.kms.katalon.core.main.TestCaseExecutor.execute(TestCaseExecutor.java:285)
	at com.kms.katalon.core.main.TestCaseMain.runTestCase(TestCaseMain.java:137)
	at com.kms.katalon.core.keyword.builtin.CallTestCaseKeyword$_callTestCase_closure1.doCall(CallTestCaseKeyword.groovy:59)
	... 24 more
Caused by: org.openqa.selenium.ElementClickInterceptedException: Element <button id="btn_aceptar_tipo_envio" class="btn disabled" type="button"> is not clickable at point (675,588) because another element <div class="modal-footer"> obscures it
Build info: version: '3.141.59', revision: 'unknown', time: 'unknown'
System info: host: 'DESKTOP-RGFFP9A', ip: '10.136.10.6', os.name: 'Windows 11', os.arch: 'amd64', os.version: '10.0', java.version: '17.0.7'
Driver info: com.kms.katalon.core.webui.driver.firefox.CGeckoDriver
Capabilities {acceptInsecureCerts: true, browserName: firefox, browserVersion: 133.0, javascriptEnabled: true, moz:accessibilityChecks: false, moz:buildID: 20241121140525, moz:geckodriverVersion: 0.35.0, moz:headless: false, moz:platformVersion: 10.0, moz:processID: 27816, moz:profile: C:\Users\OLVATI\AppData\Loc..., moz:shutdownTimeout: 60000, moz:webdriverClick: true, moz:windowless: false, pageLoadStrategy: normal, platform: WINDOWS, platformName: WINDOWS, proxy: Proxy(direct), setWindowRect: true, strictFileInteractability: false, timeouts: {implicit: 0, pageLoad: 300000, script: 30000}, unhandledPromptBehavior: dismiss and notify, userAgent: Mozilla/5.0 (Windows NT 10....}
Session ID: f2d17a0c-c57e-4a6c-b514-8d65bd920ecd
	at jdk.internal.reflect.GeneratedConstructorAccessor32.newInstance(Unknown Source)
	at java.base/jdk.internal.reflect.DelegatingConstructorAccessorImpl.newInstance(DelegatingConstructorAccessorImpl.java:45)
	at org.openqa.selenium.remote.http.W3CHttpResponseCodec.createException(W3CHttpResponseCodec.java:187)
	at org.openqa.selenium.remote.http.W3CHttpResponseCodec.decode(W3CHttpResponseCodec.java:122)
	at org.openqa.selenium.remote.http.W3CHttpResponseCodec.decode(W3CHttpResponseCodec.java:49)
	at org.openqa.selenium.remote.HttpCommandExecutor.execute(HttpCommandExecutor.java:158)
	at org.openqa.selenium.remote.service.DriverCommandExecutor.execute(DriverCommandExecutor.java:83)
	at org.openqa.selenium.remote.RemoteWebDriver.execute(RemoteWebDriver.java:552)
	at com.kms.katalon.selenium.driver.CFirefoxDriver.execute(CFirefoxDriver.java:28)
	at org.openqa.selenium.remote.RemoteWebElement.execute(RemoteWebElement.java:285)
	at org.openqa.selenium.remote.RemoteWebElement.click(RemoteWebElement.java:84)
	at jdk.internal.reflect.GeneratedMethodAccessor10.invoke(Unknown Source)
	at java.base/jdk.internal.reflect.DelegatingMethodAccessorImpl.invoke(DelegatingMethodAccessorImpl.java:43)
	at org.openqa.selenium.support.events.EventFiringWebDriver$EventFiringWebElement.lambda$new$0(EventFiringWebDriver.java:404)
	at jdk.proxy2/jdk.proxy2.$Proxy21.click(Unknown Source)
	at org.openqa.selenium.support.events.EventFiringWebDriver$EventFiringWebElement.click(EventFiringWebDriver.java:417)
	at org.openqa.selenium.WebElement$click.call(Unknown Source)
	at com.kms.katalon.core.webui.keyword.builtin.ClickKeyword.clickUntilSuccessWithTimeout(ClickKeyword.groovy:81)
	at com.kms.katalon.core.webui.keyword.builtin.ClickKeyword.clickUntilSuccessWithTimeout(ClickKeyword.groovy)
	at jdk.internal.reflect.GeneratedMethodAccessor8.invoke(Unknown Source)
	at java.base/jdk.internal.reflect.DelegatingMethodAccessorImpl.invoke(DelegatingMethodAccessorImpl.java:43)
	at com.kms.katalon.core.webui.keyword.builtin.ClickKeyword$_click_closure1.doCall(ClickKeyword.groovy:67)
	at com.kms.katalon.core.webui.keyword.builtin.ClickKeyword$_click_closure1.call(ClickKeyword.groovy)
	at com.kms.katalon.core.webui.keyword.internal.WebUIKeywordMain.runKeyword(WebUIKeywordMain.groovy:35)
	... 38 more
)]]></system-out>
         <system-err><![CDATA[27-11-2024T13:38:54 - [TEST_CASE][FAILED] - Test Cases/2.Positivos/2.2Sobre/Origen-Lima/2.Valorado/Entrega_Domicilio/DecJura-Paquete: Test Cases/2.Positivos/2.2Sobre/Origen-Lima/2.Valorado/Entrega_Domicilio/DecJura-Paquete FAILED.
Reason:
com.kms.katalon.core.exception.StepFailedException: Call Test Case 'Test Cases/1.Inicio/1.1Principal/Selec_sobre' failed
	at com.kms.katalon.core.keyword.builtin.CallTestCaseKeyword$_callTestCase_closure1.doCall(CallTestCaseKeyword.groovy:63)
	at com.kms.katalon.core.keyword.builtin.CallTestCaseKeyword$_callTestCase_closure1.call(CallTestCaseKeyword.groovy)
	at com.kms.katalon.core.keyword.internal.KeywordMain.runKeyword(KeywordMain.groovy:75)
	at com.kms.katalon.core.keyword.builtin.CallTestCaseKeyword.callTestCase(CallTestCaseKeyword.groovy:81)
	at com.kms.katalon.core.keyword.builtin.CallTestCaseKeyword.execute(CallTestCaseKeyword.groovy:44)
	at com.kms.katalon.core.keyword.internal.KeywordExecutor.executeKeywordForPlatform(KeywordExecutor.groovy:74)
	at com.kms.katalon.core.keyword.BuiltinKeywords.callTestCase(BuiltinKeywords.groovy:310)
	at jdk.internal.reflect.GeneratedMethodAccessor25.invoke(Unknown Source)
	at java.base/jdk.internal.reflect.DelegatingMethodAccessorImpl.invoke(DelegatingMethodAccessorImpl.java:43)
	at DecJura-Paquete.run(DecJura-Paquete:22)
	at com.kms.katalon.core.main.ScriptEngine.run(ScriptEngine.java:194)
	at com.kms.katalon.core.main.ScriptEngine.runScriptAsRawText(ScriptEngine.java:119)
	at com.kms.katalon.core.main.TestCaseExecutor.runScript(TestCaseExecutor.java:448)
	at com.kms.katalon.core.main.TestCaseExecutor.doExecute(TestCaseExecutor.java:439)
	at com.kms.katalon.core.main.TestCaseExecutor.processExecutionPhase(TestCaseExecutor.java:418)
	at com.kms.katalon.core.main.TestCaseExecutor.accessMainPhase(TestCaseExecutor.java:410)
	at com.kms.katalon.core.main.TestCaseExecutor.execute(TestCaseExecutor.java:285)
	at com.kms.katalon.core.common.CommonExecutor.accessTestCaseMainPhase(CommonExecutor.java:65)
	at com.kms.katalon.core.main.TestSuiteExecutor.accessTestSuiteMainPhase(TestSuiteExecutor.java:150)
	at com.kms.katalon.core.main.TestSuiteExecutor.execute(TestSuiteExecutor.java:106)
	at com.kms.katalon.core.main.TestCaseMain.startTestSuite(TestCaseMain.java:180)
	at TempTestSuite1732729948317.run(TempTestSuite1732729948317.groovy:35)
	at java.base/jdk.internal.reflect.NativeMethodAccessorImpl.invoke0(Native Method)
	at java.base/jdk.internal.reflect.NativeMethodAccessorImpl.invoke(NativeMethodAccessorImpl.java:77)
	at java.base/jdk.internal.reflect.DelegatingMethodAccessorImpl.invoke(DelegatingMethodAccessorImpl.java:43)
Caused by: com.kms.katalon.core.exception.StepFailedException: Unable to click on object 'Object Repository/Principal/Page_Olva Courier  Home/button_CONTINUAR (2)'
	at com.kms.katalon.core.webui.keyword.internal.WebUIKeywordMain.stepFailed(WebUIKeywordMain.groovy:117)
	at com.kms.katalon.core.webui.keyword.internal.WebUIKeywordMain.runKeyword(WebUIKeywordMain.groovy:43)
	at com.kms.katalon.core.webui.keyword.builtin.ClickKeyword.click(ClickKeyword.groovy:74)
	at com.kms.katalon.core.webui.keyword.builtin.ClickKeyword.execute(ClickKeyword.groovy:40)
	at com.kms.katalon.core.keyword.internal.KeywordExecutor.executeKeywordForPlatform(KeywordExecutor.groovy:74)
	at com.kms.katalon.core.webui.keyword.WebUiBuiltInKeywords.click(WebUiBuiltInKeywords.groovy:659)
	at Selec_sobre.run(Selec_sobre:24)
	at com.kms.katalon.core.main.ScriptEngine.run(ScriptEngine.java:194)
	at com.kms.katalon.core.main.ScriptEngine.runScriptAsRawText(ScriptEngine.java:119)
	at com.kms.katalon.core.main.TestCaseExecutor.runScript(TestCaseExecutor.java:448)
	at com.kms.katalon.core.main.TestCaseExecutor.doExecute(TestCaseExecutor.java:439)
	at com.kms.katalon.core.main.TestCaseExecutor.processExecutionPhase(TestCaseExecutor.java:418)
	at com.kms.katalon.core.main.TestCaseExecutor.accessMainPhase(TestCaseExecutor.java:410)
	at com.kms.katalon.core.main.TestCaseExecutor.execute(TestCaseExecutor.java:285)
	at com.kms.katalon.core.main.TestCaseMain.runTestCase(TestCaseMain.java:137)
	at com.kms.katalon.core.keyword.builtin.CallTestCaseKeyword$_callTestCase_closure1.doCall(CallTestCaseKeyword.groovy:59)
	... 24 more
Caused by: org.openqa.selenium.ElementClickInterceptedException: Element <button id="btn_aceptar_tipo_envio" class="btn disabled" type="button"> is not clickable at point (675,588) because another element <div class="modal-footer"> obscures it
Build info: version: '3.141.59', revision: 'unknown', time: 'unknown'
System info: host: 'DESKTOP-RGFFP9A', ip: '10.136.10.6', os.name: 'Windows 11', os.arch: 'amd64', os.version: '10.0', java.version: '17.0.7'
Driver info: com.kms.katalon.core.webui.driver.firefox.CGeckoDriver
Capabilities {acceptInsecureCerts: true, browserName: firefox, browserVersion: 133.0, javascriptEnabled: true, moz:accessibilityChecks: false, moz:buildID: 20241121140525, moz:geckodriverVersion: 0.35.0, moz:headless: false, moz:platformVersion: 10.0, moz:processID: 27816, moz:profile: C:\Users\OLVATI\AppData\Loc..., moz:shutdownTimeout: 60000, moz:webdriverClick: true, moz:windowless: false, pageLoadStrategy: normal, platform: WINDOWS, platformName: WINDOWS, proxy: Proxy(direct), setWindowRect: true, strictFileInteractability: false, timeouts: {implicit: 0, pageLoad: 300000, script: 30000}, unhandledPromptBehavior: dismiss and notify, userAgent: Mozilla/5.0 (Windows NT 10....}
Session ID: f2d17a0c-c57e-4a6c-b514-8d65bd920ecd
	at jdk.internal.reflect.GeneratedConstructorAccessor32.newInstance(Unknown Source)
	at java.base/jdk.internal.reflect.DelegatingConstructorAccessorImpl.newInstance(DelegatingConstructorAccessorImpl.java:45)
	at org.openqa.selenium.remote.http.W3CHttpResponseCodec.createException(W3CHttpResponseCodec.java:187)
	at org.openqa.selenium.remote.http.W3CHttpResponseCodec.decode(W3CHttpResponseCodec.java:122)
	at org.openqa.selenium.remote.http.W3CHttpResponseCodec.decode(W3CHttpResponseCodec.java:49)
	at org.openqa.selenium.remote.HttpCommandExecutor.execute(HttpCommandExecutor.java:158)
	at org.openqa.selenium.remote.service.DriverCommandExecutor.execute(DriverCommandExecutor.java:83)
	at org.openqa.selenium.remote.RemoteWebDriver.execute(RemoteWebDriver.java:552)
	at com.kms.katalon.selenium.driver.CFirefoxDriver.execute(CFirefoxDriver.java:28)
	at org.openqa.selenium.remote.RemoteWebElement.execute(RemoteWebElement.java:285)
	at org.openqa.selenium.remote.RemoteWebElement.click(RemoteWebElement.java:84)
	at jdk.internal.reflect.GeneratedMethodAccessor10.invoke(Unknown Source)
	at java.base/jdk.internal.reflect.DelegatingMethodAccessorImpl.invoke(DelegatingMethodAccessorImpl.java:43)
	at org.openqa.selenium.support.events.EventFiringWebDriver$EventFiringWebElement.lambda$new$0(EventFiringWebDriver.java:404)
	at jdk.proxy2/jdk.proxy2.$Proxy21.click(Unknown Source)
	at org.openqa.selenium.support.events.EventFiringWebDriver$EventFiringWebElement.click(EventFiringWebDriver.java:417)
	at org.openqa.selenium.WebElement$click.call(Unknown Source)
	at com.kms.katalon.core.webui.keyword.builtin.ClickKeyword.clickUntilSuccessWithTimeout(ClickKeyword.groovy:81)
	at com.kms.katalon.core.webui.keyword.builtin.ClickKeyword.clickUntilSuccessWithTimeout(ClickKeyword.groovy)
	at jdk.internal.reflect.GeneratedMethodAccessor8.invoke(Unknown Source)
	at java.base/jdk.internal.reflect.DelegatingMethodAccessorImpl.invoke(DelegatingMethodAccessorImpl.java:43)
	at com.kms.katalon.core.webui.keyword.builtin.ClickKeyword$_click_closure1.doCall(ClickKeyword.groovy:67)
	at com.kms.katalon.core.webui.keyword.builtin.ClickKeyword$_click_closure1.call(ClickKeyword.groovy)
	at com.kms.katalon.core.webui.keyword.internal.WebUIKeywordMain.runKeyword(WebUIKeywordMain.groovy:35)
	... 38 more]]></system-err>
      </testcase>
      <testcase name="Test Cases/2.Positivos/2.2Sobre/Origen-Lima/1.Nuevo-Cliente/RUC" time="0.01" classname="Test Cases/2.Positivos/2.2Sobre/Origen-Lima/1.Nuevo-Cliente/RUC" status="PASSED">
         <system-out><![CDATA[27-11-2024T13:39:35 - [TEST_CASE][PASSED] - Test Cases/2.Positivos/2.2Sobre/Origen-Lima/1.Nuevo-Cliente/RUC: Test Cases/2.Positivos/2.2Sobre/Origen-Lima/1.Nuevo-Cliente/RUC

27-11-2024T13:39:35 - [TEST_STEP][PASSED] - return null: null]]></system-out>
         <system-err><![CDATA[]]></system-err>
      </testcase>
      <testcase name="Test Cases/2.Positivos/2.2Sobre/Origen-Lima/1.Nuevo-Cliente/DNI" time="0.006" classname="Test Cases/2.Positivos/2.2Sobre/Origen-Lima/1.Nuevo-Cliente/DNI" status="PASSED">
         <system-out><![CDATA[27-11-2024T13:39:35 - [TEST_CASE][PASSED] - Test Cases/2.Positivos/2.2Sobre/Origen-Lima/1.Nuevo-Cliente/DNI: Test Cases/2.Positivos/2.2Sobre/Origen-Lima/1.Nuevo-Cliente/DNI

27-11-2024T13:39:35 - [TEST_STEP][PASSED] - return null: null]]></system-out>
         <system-err><![CDATA[]]></system-err>
      </testcase>
      <testcase name="Test Cases/2.Positivos/2.2Sobre/Origen-Lima/1.Nuevo-Cliente/CE" time="0.008" classname="Test Cases/2.Positivos/2.2Sobre/Origen-Lima/1.Nuevo-Cliente/CE" status="PASSED">
         <system-out><![CDATA[27-11-2024T13:39:35 - [TEST_CASE][PASSED] - Test Cases/2.Positivos/2.2Sobre/Origen-Lima/1.Nuevo-Cliente/CE: Test Cases/2.Positivos/2.2Sobre/Origen-Lima/1.Nuevo-Cliente/CE

27-11-2024T13:39:35 - [TEST_STEP][PASSED] - return null: null]]></system-out>
         <system-err><![CDATA[]]></system-err>
      </testcase>
      <testcase name="Test Cases/2.Positivos/2.1Paquete/Origen-Lima/1.Nuevo-Cliente/CE" time="0.009" classname="Test Cases/2.Positivos/2.1Paquete/Origen-Lima/1.Nuevo-Cliente/CE" status="PASSED">
         <system-out><![CDATA[27-11-2024T13:39:35 - [TEST_CASE][PASSED] - Test Cases/2.Positivos/2.1Paquete/Origen-Lima/1.Nuevo-Cliente/CE: Test Cases/2.Positivos/2.1Paquete/Origen-Lima/1.Nuevo-Cliente/CE

27-11-2024T13:39:35 - [TEST_STEP][PASSED] - return null: null]]></system-out>
         <system-err><![CDATA[]]></system-err>
      </testcase>
      <system-out><![CDATA[27-11-2024T12:52:44 - [TEST_SUITE][FAILED] - Positivos: Test Cases/2.Positivos/2.1Paquete/Origen-Provincia/Editar_Eliminar-Envios FAILED.
Reason:
com.kms.katalon.core.exception.StepFailedException: Verify element text of test object 'Object Repository/Positivos/Page_Olva Courier  Medios de pago/button_PAGAR' FAILED.
	at com.kms.katalon.core.webui.keyword.internal.WebUIKeywordMain.stepFailed(WebUIKeywordMain.groovy:117)
	at com.kms.katalon.core.webui.keyword.internal.WebUIKeywordMain.runKeyword(WebUIKeywordMain.groovy:43)
	at com.kms.katalon.core.webui.keyword.builtin.VerifyElementTextKeyword.verifyElementText(VerifyElementTextKeyword.groovy:72)
	at com.kms.katalon.core.webui.keyword.builtin.VerifyElementTextKeyword.execute(VerifyElementTextKeyword.groovy:40)
	at com.kms.katalon.core.keyword.internal.KeywordExecutor.executeKeywordForPlatform(KeywordExecutor.groovy:74)
	at com.kms.katalon.core.webui.keyword.WebUiBuiltInKeywords.verifyElementText(WebUiBuiltInKeywords.groovy:4835)
	at Editar_Eliminar-Envios.run(Editar_Eliminar-Envios:142)
	at com.kms.katalon.core.main.ScriptEngine.run(ScriptEngine.java:194)
	at com.kms.katalon.core.main.ScriptEngine.runScriptAsRawText(ScriptEngine.java:119)
	at com.kms.katalon.core.main.TestCaseExecutor.runScript(TestCaseExecutor.java:448)
	at com.kms.katalon.core.main.TestCaseExecutor.doExecute(TestCaseExecutor.java:439)
	at com.kms.katalon.core.main.TestCaseExecutor.processExecutionPhase(TestCaseExecutor.java:418)
	at com.kms.katalon.core.main.TestCaseExecutor.accessMainPhase(TestCaseExecutor.java:410)
	at com.kms.katalon.core.main.TestCaseExecutor.execute(TestCaseExecutor.java:285)
	at com.kms.katalon.core.common.CommonExecutor.accessTestCaseMainPhase(CommonExecutor.java:65)
	at com.kms.katalon.core.main.TestSuiteExecutor.accessTestSuiteMainPhase(TestSuiteExecutor.java:150)
	at com.kms.katalon.core.main.TestSuiteExecutor.execute(TestSuiteExecutor.java:106)
	at com.kms.katalon.core.main.TestCaseMain.startTestSuite(TestCaseMain.java:180)
	at TempTestSuite1732729948317.run(TempTestSuite1732729948317.groovy:35)
	at java.base/jdk.internal.reflect.NativeMethodAccessorImpl.invoke0(Native Method)
	at java.base/jdk.internal.reflect.NativeMethodAccessorImpl.invoke(NativeMethodAccessorImpl.java:77)
	at java.base/jdk.internal.reflect.DelegatingMethodAccessorImpl.invoke(DelegatingMethodAccessorImpl.java:43)
Caused by: com.kms.katalon.core.exception.StepFailedException: Actual text '' and expected text 'PAGAR' of test object 'Object Repository/Positivos/Page_Olva Courier  Medios de pago/button_PAGAR' are NOT matched.
	at com.kms.katalon.core.webui.keyword.internal.WebUIKeywordMain.stepFailed(WebUIKeywordMain.groovy:117)
	at com.kms.katalon.core.webui.keyword.builtin.VerifyElementTextKeyword$_verifyElementText_closure1.doCall(VerifyElementTextKeyword.groovy:57)
	at com.kms.katalon.core.webui.keyword.builtin.VerifyElementTextKeyword$_verifyElementText_closure1.call(VerifyElementTextKeyword.groovy)
	at com.kms.katalon.core.webui.keyword.internal.WebUIKeywordMain.runKeyword(WebUIKeywordMain.groovy:35)
	... 20 more]]></system-out>
      <system-err><![CDATA[27-11-2024T12:52:44 - [TEST_SUITE][FAILED] - Positivos: Test Cases/2.Positivos/2.1Paquete/Origen-Provincia/Editar_Eliminar-Envios FAILED.
Reason:
com.kms.katalon.core.exception.StepFailedException: Verify element text of test object 'Object Repository/Positivos/Page_Olva Courier  Medios de pago/button_PAGAR' FAILED.
	at com.kms.katalon.core.webui.keyword.internal.WebUIKeywordMain.stepFailed(WebUIKeywordMain.groovy:117)
	at com.kms.katalon.core.webui.keyword.internal.WebUIKeywordMain.runKeyword(WebUIKeywordMain.groovy:43)
	at com.kms.katalon.core.webui.keyword.builtin.VerifyElementTextKeyword.verifyElementText(VerifyElementTextKeyword.groovy:72)
	at com.kms.katalon.core.webui.keyword.builtin.VerifyElementTextKeyword.execute(VerifyElementTextKeyword.groovy:40)
	at com.kms.katalon.core.keyword.internal.KeywordExecutor.executeKeywordForPlatform(KeywordExecutor.groovy:74)
	at com.kms.katalon.core.webui.keyword.WebUiBuiltInKeywords.verifyElementText(WebUiBuiltInKeywords.groovy:4835)
	at Editar_Eliminar-Envios.run(Editar_Eliminar-Envios:142)
	at com.kms.katalon.core.main.ScriptEngine.run(ScriptEngine.java:194)
	at com.kms.katalon.core.main.ScriptEngine.runScriptAsRawText(ScriptEngine.java:119)
	at com.kms.katalon.core.main.TestCaseExecutor.runScript(TestCaseExecutor.java:448)
	at com.kms.katalon.core.main.TestCaseExecutor.doExecute(TestCaseExecutor.java:439)
	at com.kms.katalon.core.main.TestCaseExecutor.processExecutionPhase(TestCaseExecutor.java:418)
	at com.kms.katalon.core.main.TestCaseExecutor.accessMainPhase(TestCaseExecutor.java:410)
	at com.kms.katalon.core.main.TestCaseExecutor.execute(TestCaseExecutor.java:285)
	at com.kms.katalon.core.common.CommonExecutor.accessTestCaseMainPhase(CommonExecutor.java:65)
	at com.kms.katalon.core.main.TestSuiteExecutor.accessTestSuiteMainPhase(TestSuiteExecutor.java:150)
	at com.kms.katalon.core.main.TestSuiteExecutor.execute(TestSuiteExecutor.java:106)
	at com.kms.katalon.core.main.TestCaseMain.startTestSuite(TestCaseMain.java:180)
	at TempTestSuite1732729948317.run(TempTestSuite1732729948317.groovy:35)
	at java.base/jdk.internal.reflect.NativeMethodAccessorImpl.invoke0(Native Method)
	at java.base/jdk.internal.reflect.NativeMethodAccessorImpl.invoke(NativeMethodAccessorImpl.java:77)
	at java.base/jdk.internal.reflect.DelegatingMethodAccessorImpl.invoke(DelegatingMethodAccessorImpl.java:43)
Caused by: com.kms.katalon.core.exception.StepFailedException: Actual text '' and expected text 'PAGAR' of test object 'Object Repository/Positivos/Page_Olva Courier  Medios de pago/button_PAGAR' are NOT matched.
	at com.kms.katalon.core.webui.keyword.internal.WebUIKeywordMain.stepFailed(WebUIKeywordMain.groovy:117)
	at com.kms.katalon.core.webui.keyword.builtin.VerifyElementTextKeyword$_verifyElementText_closure1.doCall(VerifyElementTextKeyword.groovy:57)
	at com.kms.katalon.core.webui.keyword.builtin.VerifyElementTextKeyword$_verifyElementText_closure1.call(VerifyElementTextKeyword.groovy)
	at com.kms.katalon.core.webui.keyword.internal.WebUIKeywordMain.runKeyword(WebUIKeywordMain.groovy:35)
	... 20 more]]></system-err>
   </testsuite>
</testsuites>
